Iteration: 0	1899	1899	2364.5	2893
Iteration: 1	1877	1877	2267.01	2921
Iteration: 2	1797	1797	2280.24	2847
Iteration: 3	1797	1854	2293.28	2835
Iteration: 4	1751	1751	2259.1	2846
Iteration: 5	1751	1865	2296.71	2888
Iteration: 6	1751	1894	2265.84	2877
Iteration: 7	1674	1674	2264.06	3134
Iteration: 8	1674	1884	2309.87	3053
Iteration: 9	1674	1859	2285.25	2959
Iteration: 10	1674	1759	2289.29	3086
Iteration: 11	1674	1826	2262.91	2720
Iteration: 12	1674	1856	2287.68	3098
Iteration: 13	1674	1799	2258.57	3274
Iteration: 14	1674	1793	2264.42	3067
Iteration: 15	1674	1711	2274.83	2902
Iteration: 16	1674	1908	2271.34	3172
Iteration: 17	1674	1817	2275.7	2874
Iteration: 18	1674	1798	2258.13	2977
Iteration: 19	1674	1850	2253.83	3356
Iteration: 20	1674	1832	2280.02	3014
Iteration: 21	1674	1846	2246.13	2897
Iteration: 22	1674	1726	2235.49	2774
Iteration: 23	1674	1778	2275.49	2798
Iteration: 24	1674	1774	2232.3	2810
Iteration: 25	1674	1819	2313.11	3270
Iteration: 26	1674	1808	2269.84	3048
Iteration: 27	1674	1803	2299	3041
Iteration: 28	1674	1856	2266.61	3130
Iteration: 29	1674	1750	2274.86	2955
Iteration: 30	1674	1839	2293.94	2764
Iteration: 31	1674	1825	2302.83	3047
Iteration: 32	1674	1839	2238.65	2744
Iteration: 33	1674	1677	2243.69	2815
Iteration: 34	1674	1807	2231.09	2923
Iteration: 35	1674	1805	2236.22	2828
Iteration: 36	1674	1846	2280.8	2858
Iteration: 37	1674	1696	2274.65	2884
Iteration: 38	1674	1834	2265.25	2801
Iteration: 39	1674	1708	2246.77	2836
Iteration: 40	1674	1859	2297.41	2972
Iteration: 41	1674	1884	2270.5	2863
Iteration: 42	1674	1798	2270.83	3010
Iteration: 43	1674	1809	2249.82	2741
Iteration: 44	1674	1825	2232.1	2771
Iteration: 45	1674	1817	2295.43	3023
Iteration: 46	1674	1897	2276.96	3303
Iteration: 47	1674	1801	2260.05	2842
Iteration: 48	1674	1845	2274.36	2999
Iteration: 49	1674	1831	2279.6	3057
Iteration: 50	1674	1858	2260.18	2926
Iteration: 51	1674	1867	2284.75	2995
Iteration: 52	1674	1884	2261.58	2957
Iteration: 53	1674	1836	2281.86	2901
Iteration: 54	1674	1728	2281.12	2848
Iteration: 55	1674	1861	2269.27	2790
Iteration: 56	1674	1748	2286.02	2977
Iteration: 57	1674	1832	2258.85	2837
Iteration: 58	1674	1836	2295.66	2888
Iteration: 59	1674	1801	2272.58	3013
Iteration: 60	1674	1930	2265.69	3017
Iteration: 61	1674	1763	2255.18	2749
Iteration: 62	1674	1768	2255.11	2872
Iteration: 63	1674	1916	2252.32	3059
Iteration: 64	1674	1821	2243.1	3080
Iteration: 65	1674	1806	2248.5	2815
Iteration: 66	1674	1689	2285.93	2925
Iteration: 67	1674	1822	2277.86	2986
Iteration: 68	1674	1804	2244.04	2932
Iteration: 69	1674	1807	2275.91	2766
Iteration: 70	1674	1879	2270.56	2868
Iteration: 71	1674	1798	2277.68	2915
Iteration: 72	1674	1824	2228.1	2699
Iteration: 73	1674	1882	2273.88	2965
Iteration: 74	1674	1825	2284.41	2889
Iteration: 75	1674	1707	2271.71	3176
Iteration: 76	1674	1757	2317.41	2895
Iteration: 77	1674	1871	2314.8	2947
Iteration: 78	1674	1875	2283.5	2886
Iteration: 79	1674	1782	2285.46	3058
Iteration: 80	1674	1676	2264.03	2978
Iteration: 81	1674	1816	2244.72	3039
Iteration: 82	1674	1851	2248.15	3076
Iteration: 83	1674	1783	2297.55	3083
Iteration: 84	1674	1862	2270.64	3003
Iteration: 85	1674	1748	2272.15	2799
Iteration: 86	1625	1625	2279.12	2774
Iteration: 87	1625	1750	2270.09	2766
Iteration: 88	1625	1809	2266.63	2878
Iteration: 89	1625	1708	2281.42	2683
Iteration: 90	1625	1883	2249.19	2789
Iteration: 91	1625	1827	2311.33	3274
Iteration: 92	1625	1903	2283.46	2965
Iteration: 93	1625	1739	2250.58	2968
Iteration: 94	1625	1915	2227.39	2636
Iteration: 95	1625	1830	2283.11	2828
Iteration: 96	1625	1800	2266.13	2917
Iteration: 97	1625	1763	2252.71	2848
Iteration: 98	1625	1761	2264.74	2943
Iteration: 99	1625	1823	2266.64	2890
Iteration: 100	1625	1786	2268.61	2789
Iteration: 101	1625	1861	2231.19	2776
Iteration: 102	1625	1789	2202.97	2836
Iteration: 103	1625	1801	2235.23	2962
Iteration: 104	1625	1769	2260.92	3020
Iteration: 105	1625	1863	2274.09	2974
Iteration: 106	1625	1803	2288.77	2989
Iteration: 107	1625	1800	2282.5	2771
Iteration: 108	1625	1801	2282.06	3082
Iteration: 109	1625	1840	2256.26	2806
Iteration: 110	1625	1755	2296.01	2998
Iteration: 111	1625	1861	2316.63	3069
Iteration: 112	1625	1789	2224.67	2704
Iteration: 113	1625	1851	2236.73	2841
Iteration: 114	1625	1806	2257.53	3040
Iteration: 115	1625	1748	2295.97	3003
Iteration: 116	1625	1831	2313.17	3038
Iteration: 117	1625	1848	2276.45	2790
Iteration: 118	1625	1862	2283.29	3039
Iteration: 119	1625	1872	2232.7	2788
Iteration: 120	1617	1617	2226.65	3219
Iteration: 121	1617	1901	2294.02	2940
Iteration: 122	1617	1702	2275.62	3125
Iteration: 123	1617	1801	2270.48	2889
Iteration: 124	1617	1792	2221.7	2647
Iteration: 125	1617	1829	2288.17	2848
Iteration: 126	1617	1842	2285.66	2880
Iteration: 127	1617	1911	2274.49	2864
Iteration: 128	1617	1848	2286.78	3000
Iteration: 129	1617	1847	2258.84	2989
Iteration: 130	1617	1793	2257.23	2717
Iteration: 131	1617	1757	2253.36	2983
Iteration: 132	1617	1908	2284.09	2758
Iteration: 133	1617	1923	2281.87	2830
Iteration: 134	1617	1853	2290.32	3046
Iteration: 135	1617	1701	2285.99	2894
Iteration: 136	1617	1777	2292.66	2947
Iteration: 137	1617	1770	2288.39	3361
Iteration: 138	1579	1579	2288.83	3269
Iteration: 139	1579	1880	2274.56	2849
Iteration: 140	1579	1803	2276.65	3074
Iteration: 141	1579	1739	2268.44	3163
Iteration: 142	1579	1836	2215.51	3007
Iteration: 143	1579	1839	2287.71	2960
Iteration: 144	1579	1745	2278.35	3169
Iteration: 145	1579	1831	2255.37	2867
Iteration: 146	1579	1815	2270.08	2940
Iteration: 147	1579	1724	2247.63	2748
Iteration: 148	1579	1877	2288.53	2871
Iteration: 149	1579	1861	2252.51	2722
Iteration: 150	1579	1789	2265.11	2921
Iteration: 151	1579	1843	2267.29	2687
Iteration: 152	1579	1783	2270.62	3115
Iteration: 153	1579	1710	2281.13	2861
Iteration: 154	1579	1867	2232.82	2804
Iteration: 155	1579	1817	2242.05	2753
Iteration: 156	1579	1978	2271.92	2829
Iteration: 157	1579	1811	2283.41	3073
Iteration: 158	1579	1854	2291.15	2887
Iteration: 159	1579	1912	2282.87	2900
Iteration: 160	1579	1794	2269.3	3107
Iteration: 161	1579	1782	2251.51	2763
Iteration: 162	1579	1761	2274.83	2883
Iteration: 163	1579	1834	2298.24	2913
Iteration: 164	1579	1881	2251.61	2977
Iteration: 165	1579	1791	2268.12	2828
Iteration: 166	1579	1788	2253.66	2691
Iteration: 167	1579	1865	2291.76	3044
Iteration: 168	1579	1875	2276.93	2913
Iteration: 169	1579	1757	2298.86	3027
Iteration: 170	1579	1858	2315.31	2870
Iteration: 171	1579	1782	2262.07	3031
Iteration: 172	1579	1784	2243.77	2886
Iteration: 173	1579	1778	2231.19	2833
Iteration: 174	1579	1871	2309.34	2787
Iteration: 175	1579	1794	2217.59	2894
Iteration: 176	1579	1761	2282.17	3217
Iteration: 177	1579	1772	2255.27	2817
Iteration: 178	1579	1920	2312.39	2879
Iteration: 179	1579	1799	2252.56	2780
Iteration: 180	1579	1789	2248.86	2761
Iteration: 181	1579	1892	2322.59	2888
Iteration: 182	1579	1912	2279.97	3018
Iteration: 183	1579	1782	2263.65	2836
Iteration: 184	1579	1846	2275.15	2930
Iteration: 185	1579	1789	2288.37	3306
Iteration: 186	1579	1685	2265.81	2802
Iteration: 187	1579	1795	2237.97	2932
Iteration: 188	1579	1845	2255.03	2755
Iteration: 189	1579	1838	2284.22	3255
Iteration: 190	1579	1759	2234.71	2926
Iteration: 191	1579	1852	2287.39	2875
Iteration: 192	1579	1807	2265.67	3002
Iteration: 193	1579	1753	2270.52	2801
Iteration: 194	1579	1797	2271.62	2769
Iteration: 195	1579	1810	2283.59	2917
Iteration: 196	1579	1826	2286.13	2765
Iteration: 197	1579	1876	2294.91	2788
Iteration: 198	1579	1868	2247.68	2702
Iteration: 199	1579	1711	2290.8	2792
Iteration: 200	1579	1803	2271.95	2882
Iteration: 201	1579	1778	2281.61	2878
Iteration: 202	1579	1812	2261.31	2859
Iteration: 203	1579	1821	2286.75	3099
Iteration: 204	1579	1827	2271.09	2865
Iteration: 205	1579	1883	2277.44	3252
Iteration: 206	1579	1681	2253.72	2814
Iteration: 207	1579	1746	2272.67	2775
Iteration: 208	1579	1745	2253.25	2905
Iteration: 209	1579	1682	2244.37	3167
Iteration: 210	1579	1803	2327.79	3013
Iteration: 211	1579	1795	2268.76	3012
Iteration: 212	1579	1849	2259.37	2877
Iteration: 213	1579	1782	2230.92	3097
Iteration: 214	1579	1851	2281.63	2897
Iteration: 215	1579	1785	2237.46	2666
Iteration: 216	1579	1852	2268.68	2836
Iteration: 217	1579	1799	2236.87	3575
Iteration: 218	1579	1871	2264.61	2831
Iteration: 219	1579	1852	2259.14	3094
Iteration: 220	1579	1943	2298.98	2988
Iteration: 221	1579	1797	2255.23	2937
Iteration: 222	1579	1824	2249.35	3021
Iteration: 223	1579	1823	2284.52	3009
Iteration: 224	1579	1871	2255.64	2781
Iteration: 225	1579	1728	2287.73	2974
Iteration: 226	1579	1762	2287.72	2943
Iteration: 227	1579	1833	2286.42	2983
Iteration: 228	1579	1870	2292.74	2910
Iteration: 229	1579	1696	2236.92	2833
Iteration: 230	1579	1721	2253.03	2946
Iteration: 231	1579	1709	2258.87	2906
Iteration: 232	1579	1823	2285.37	2814
Iteration: 233	1579	1823	2251.98	2982
Iteration: 234	1579	1828	2271.85	2826
Iteration: 235	1579	1849	2294.07	2930
Iteration: 236	1579	1807	2291.72	2981
Iteration: 237	1579	1719	2286.77	2842
Iteration: 238	1579	1757	2246.02	3032
Iteration: 239	1579	1769	2322.8	3043
Iteration: 240	1579	1763	2263.95	2928
Iteration: 241	1579	1796	2278.76	3502
Iteration: 242	1579	1769	2259	2804
Iteration: 243	1579	1926	2263.81	2929
Iteration: 244	1579	1648	2275.07	3184
Iteration: 245	1579	1801	2274.35	2956
Iteration: 246	1579	1749	2284.12	2917
Iteration: 247	1579	1639	2277.48	2972
Iteration: 248	1579	1752	2253.59	2803
Iteration: 249	1579	1832	2302.35	2791
Iteration: 250	1579	1820	2248.73	2922
Iteration: 251	1579	1873	2253.61	2773
Iteration: 252	1579	1878	2277.07	2959
Iteration: 253	1579	1744	2272.87	3142
Iteration: 254	1579	1749	2252.19	2821
Iteration: 255	1579	1821	2287.24	2861
Iteration: 256	1579	1811	2253.87	2909
Iteration: 257	1579	1711	2285.59	2929
Iteration: 258	1579	1858	2270.95	2760
Iteration: 259	1579	1763	2284.14	2967
Iteration: 260	1579	1803	2289.5	2865
Iteration: 261	1579	1795	2263.47	2967
Iteration: 262	1579	1824	2282.11	3001
Iteration: 263	1579	1874	2288.3	3085
Iteration: 264	1579	1786	2251.3	2864
Iteration: 265	1579	1786	2308.08	2809
Iteration: 266	1579	1753	2256.07	2736
Iteration: 267	1579	1896	2300.18	2981
Iteration: 268	1579	1875	2272.48	2872
Iteration: 269	1579	1828	2273.88	2885
Iteration: 270	1579	1819	2242.19	2850
Iteration: 271	1579	1705	2291.38	2937
Iteration: 272	1579	1812	2258.29	3156
Iteration: 273	1579	1823	2263.5	3134
Iteration: 274	1579	1825	2266.47	3148
Iteration: 275	1579	1797	2312.7	2858
Iteration: 276	1579	1724	2249.7	2789
Iteration: 277	1579	1860	2252.18	2963
Iteration: 278	1579	1831	2285.09	2899
Iteration: 279	1579	1864	2241.54	2812
Iteration: 280	1579	1856	2268.04	2989
Iteration: 281	1579	1780	2229.47	2929
Iteration: 282	1579	1845	2275.82	2838
Iteration: 283	1579	1792	2269.08	3052
Iteration: 284	1579	1908	2286.78	3287
Iteration: 285	1579	1816	2282.17	2983
Iteration: 286	1579	1835	2245.16	2767
Iteration: 287	1579	1824	2286.46	2975
Iteration: 288	1579	1727	2257.04	2857
Iteration: 289	1579	1811	2238.41	2855
Iteration: 290	1579	1874	2269.48	3062
Iteration: 291	1579	1809	2292.56	2936
Iteration: 292	1579	1848	2243.92	2865
Iteration: 293	1579	1777	2240.24	2776
Iteration: 294	1579	1836	2255.74	3116
Iteration: 295	1579	1836	2269.78	2897
Iteration: 296	1579	1801	2223.29	3010
Iteration: 297	1579	1862	2273.98	2735
Iteration: 298	1579	1945	2255.19	2825
Iteration: 299	1579	1689	2305.6	2889
Iteration: 300	1579	1786	2244.13	2823
Iteration: 301	1579	1722	2277.28	2798
Iteration: 302	1579	1810	2284	2855
Iteration: 303	1579	1842	2287.69	2812
Iteration: 304	1579	1762	2308.63	2830
Iteration: 305	1579	1822	2242.91	2739
Iteration: 306	1579	1748	2274.67	2933
Iteration: 307	1579	1791	2253.05	2629
Iteration: 308	1579	1809	2310.16	2882
Iteration: 309	1579	1734	2243.81	3030
Iteration: 310	1579	1770	2234.2	3038
Iteration: 311	1579	1876	2286.89	2865
Iteration: 312	1579	1929	2251.26	2855
Iteration: 313	1579	1668	2255.48	2859
Iteration: 314	1579	1665	2285.5	2850
Iteration: 315	1579	1830	2226.41	2806
Iteration: 316	1579	1807	2283.25	3171
Iteration: 317	1579	1807	2292.87	3337
Iteration: 318	1579	1790	2276.19	2970
Iteration: 319	1579	1698	2271.54	2719
Iteration: 320	1579	1868	2254.52	2799
Iteration: 321	1579	1801	2310.35	3002
Iteration: 322	1579	1817	2248.16	2957
Iteration: 323	1579	1782	2246.96	3074
Iteration: 324	1579	1845	2294.82	2839
Iteration: 325	1579	1797	2268.1	3098
Iteration: 326	1579	1796	2281.98	2917
Iteration: 327	1579	1890	2280.75	2958
Iteration: 328	1579	1810	2292.89	2920
Iteration: 329	1579	1854	2291.65	2862
Iteration: 330	1579	1770	2294.22	2854
Iteration: 331	1579	1894	2264.84	2929
Iteration: 332	1579	1864	2285.57	2790
Iteration: 333	1579	1803	2236.8	2793
Iteration: 334	1579	1786	2289.64	3035
Iteration: 335	1579	1820	2291.67	2795
Iteration: 336	1579	1835	2258.73	2928
Iteration: 337	1579	1825	2280.46	2821
Iteration: 338	1579	1867	2254.19	2816
Iteration: 339	1579	1877	2332.49	2953
Iteration: 340	1579	1802	2283.56	2813
Iteration: 341	1579	1722	2247.6	2785
Iteration: 342	1579	1799	2283.07	3174
Iteration: 343	1579	1836	2254.52	2699
Iteration: 344	1579	1822	2246.58	2893
Iteration: 345	1579	1883	2272.18	2961
Iteration: 346	1579	1818	2285.13	2952
Iteration: 347	1579	1841	2311.9	2906
Iteration: 348	1579	1875	2286.78	3023
Iteration: 349	1579	1723	2223.31	2755
Iteration: 350	1579	1872	2241.19	2909
Iteration: 351	1579	1843	2289.79	2904
Iteration: 352	1579	1808	2260.77	2806
Iteration: 353	1579	1843	2295.86	3077
Iteration: 354	1579	1766	2278.64	3033
Iteration: 355	1579	1854	2244.27	2980
Iteration: 356	1579	1833	2239.59	2992
Iteration: 357	1579	1825	2251.9	2864
Iteration: 358	1579	1937	2296.71	2842
Iteration: 359	1579	1785	2264.8	3000
Iteration: 360	1579	1808	2266.26	2980
Iteration: 361	1579	1761	2269.19	2858
Iteration: 362	1579	1842	2261.92	3022
Iteration: 363	1579	1937	2254.22	2949
Iteration: 364	1579	1881	2295.53	3249
Iteration: 365	1579	1677	2241.08	2779
Iteration: 366	1579	1854	2307.37	2987
Iteration: 367	1579	1807	2274.05	2868
Iteration: 368	1579	1798	2262.82	3048
Iteration: 369	1579	1794	2228.21	2968
Iteration: 370	1579	1862	2247.82	2869
Iteration: 371	1579	1659	2267.18	2916
Iteration: 372	1579	1888	2265.96	2862
Iteration: 373	1579	1666	2281.64	2936
Iteration: 374	1579	1880	2298.37	3109
Iteration: 375	1579	1791	2284.83	2981
Iteration: 376	1579	1757	2262.07	2979
Iteration: 377	1579	1793	2288.34	3039
Iteration: 378	1579	1807	2252.88	2875
Iteration: 379	1579	1740	2303.15	2916
Iteration: 380	1579	1694	2250.42	3080
Iteration: 381	1579	1763	2252.42	2995
Iteration: 382	1579	1761	2326.94	2913
Iteration: 383	1579	1781	2245.43	2741
Iteration: 384	1579	1823	2280.21	2878
Iteration: 385	1579	1859	2282.29	3100
Iteration: 386	1579	1830	2281.37	2927
Iteration: 387	1579	1774	2257.33	2802
Iteration: 388	1579	1858	2297.48	2991
Iteration: 389	1579	1827	2250.63	2821
Iteration: 390	1579	1839	2312.89	3121
Iteration: 391	1579	1843	2238.45	2705
Iteration: 392	1579	1827	2253.14	2816
Iteration: 393	1579	1717	2235	2764
Iteration: 394	1579	1698	2236.51	2844
Iteration: 395	1579	1805	2272.26	3183
Iteration: 396	1579	1829	2267.8	3030
Iteration: 397	1579	1855	2293.8	2874
Iteration: 398	1579	1770	2273.67	2765
Iteration: 399	1579	1836	2269.61	3123
Iteration: 400	1579	1799	2263.17	2898
Iteration: 401	1579	1789	2288.57	2858
Iteration: 402	1579	1802	2259.4	2857
Iteration: 403	1579	1862	2248.12	2785
Iteration: 404	1579	1820	2282.68	2874
Iteration: 405	1579	1783	2277.29	2776
Iteration: 406	1579	1815	2265.14	3284
Iteration: 407	1579	1880	2256.21	2831
Iteration: 408	1579	1889	2288.67	3347
Iteration: 409	1579	1787	2271.82	2910
Iteration: 410	1579	1783	2233.51	2799
Iteration: 411	1579	1760	2309.84	3064
Iteration: 412	1579	1853	2261.13	2804
Iteration: 413	1579	1879	2231.52	2719
Iteration: 414	1579	1754	2246.75	2933
Iteration: 415	1579	1888	2285.49	2907
Iteration: 416	1579	1864	2267.58	2826
Iteration: 417	1579	1848	2269.93	2952
Iteration: 418	1579	1805	2307.81	3240
Iteration: 419	1579	1799	2251.9	2836
Iteration: 420	1579	1874	2273.01	2774
Iteration: 421	1579	1880	2288.21	3043
Iteration: 422	1579	1871	2260.23	2966
Iteration: 423	1579	1859	2302.37	3349
Iteration: 424	1579	1810	2277.47	2943
Iteration: 425	1579	1862	2283.73	2895
Iteration: 426	1579	1781	2255.6	2967
Iteration: 427	1579	1876	2319.6	2789
Iteration: 428	1579	1882	2274.9	3339
Iteration: 429	1579	1863	2336.07	3175
Iteration: 430	1579	1857	2261.03	2851
Iteration: 431	1579	1835	2253.88	2919
Iteration: 432	1579	1722	2262.01	2838
Iteration: 433	1579	1775	2234.46	2886
Iteration: 434	1579	1879	2271.94	2930
Iteration: 435	1579	1865	2276.82	2904
Iteration: 436	1579	1848	2220.48	2822
Iteration: 437	1579	1793	2271.61	2882
Iteration: 438	1579	1783	2271.81	2832
Iteration: 439	1579	1863	2288.81	2983
Iteration: 440	1579	1818	2260.8	2981
Iteration: 441	1579	1868	2274.06	3118
Iteration: 442	1579	1852	2260.83	2965
Iteration: 443	1579	1625	2261.86	2901
Iteration: 444	1579	1844	2281.16	2936
Iteration: 445	1579	1755	2251.02	2744
Iteration: 446	1579	1789	2288.15	3460
Iteration: 447	1579	1831	2268.81	3115
Iteration: 448	1579	1762	2260.28	2858
Iteration: 449	1579	1881	2266.98	2894
Iteration: 450	1579	1825	2297.02	2895
Iteration: 451	1579	1860	2312.96	2993
Iteration: 452	1579	1915	2243.65	2806
Iteration: 453	1579	1757	2268.94	2977
Iteration: 454	1579	1848	2263.3	2770
Iteration: 455	1579	1836	2284.83	2961
Iteration: 456	1579	1852	2274.41	3187
Iteration: 457	1579	1903	2294.86	3129
Iteration: 458	1579	1767	2303.93	3117
Iteration: 459	1579	1908	2261.88	2991
Iteration: 460	1579	1879	2291.97	2716
Iteration: 461	1579	1834	2292.19	2777
Iteration: 462	1579	1832	2250.61	2946
Iteration: 463	1579	1777	2253.97	3019
Iteration: 464	1579	1762	2286.51	2882
Iteration: 465	1579	1791	2304.19	2884
Iteration: 466	1579	1828	2278.42	2950
Iteration: 467	1579	1802	2274.31	2911
Iteration: 468	1579	1846	2264.26	2764
Iteration: 469	1579	1899	2287.47	3155
Iteration: 470	1579	1864	2262.05	2926
Iteration: 471	1579	1857	2237.97	2816
Iteration: 472	1579	1814	2293.06	2836
Iteration: 473	1579	1856	2304.81	2911
Iteration: 474	1579	1720	2303.43	3019
Iteration: 475	1579	1839	2265.09	2794
Iteration: 476	1579	1855	2250.28	3037
Iteration: 477	1579	1790	2254.3	2914
Iteration: 478	1579	1683	2278.86	3150
Iteration: 479	1579	1740	2248.07	3257
Iteration: 480	1579	1875	2244.5	2971
Iteration: 481	1579	1790	2275.37	2711
Iteration: 482	1579	1830	2304.09	3277
Iteration: 483	1579	1832	2265.35	2876
Iteration: 484	1579	1637	2308.98	2914
Iteration: 485	1579	1799	2300.86	2937
Iteration: 486	1579	1771	2314.13	3409
Iteration: 487	1579	1847	2247.42	2798
Iteration: 488	1579	1862	2282.63	3030
Iteration: 489	1579	1673	2252.4	3005
Iteration: 490	1579	1818	2264.82	2796
Iteration: 491	1579	1850	2290.47	2824
Iteration: 492	1579	1927	2303.88	3160
Iteration: 493	1579	1787	2230.49	2758
Iteration: 494	1579	1704	2295.96	3003
Iteration: 495	1579	1817	2293.71	3114
Iteration: 496	1579	1882	2341.72	3048
Iteration: 497	1579	1866	2281.41	2782
Iteration: 498	1579	1831	2282.82	2730
Iteration: 499	1579	1671	2228.76	3011
