Iteration: 0	1828	1828	2331.5	3188
Iteration: 1	1828	1864	2261.06	2683
Iteration: 2	1786	1786	2270.35	2842
Iteration: 3	1764	1764	2311.92	3146
Iteration: 4	1699	1699	2296.87	2781
Iteration: 5	1699	1809	2289.94	2851
Iteration: 6	1699	1887	2276.68	3048
Iteration: 7	1699	1837	2281.99	2972
Iteration: 8	1699	1872	2313.48	2977
Iteration: 9	1697	1697	2242.48	2704
Iteration: 10	1697	1801	2283.35	3004
Iteration: 11	1697	1724	2311.35	3037
Iteration: 12	1572	1572	2271.74	2715
Iteration: 13	1572	1837	2286.31	3031
Iteration: 14	1572	1695	2254.34	2912
Iteration: 15	1572	1598	2233.24	2895
Iteration: 16	1572	1869	2248.93	2907
Iteration: 17	1572	1890	2297.84	2861
Iteration: 18	1572	1839	2315.48	2879
Iteration: 19	1572	1931	2264.11	2844
Iteration: 20	1572	1763	2259.54	2878
Iteration: 21	1572	1727	2248.34	2924
Iteration: 22	1572	1773	2256.19	3156
Iteration: 23	1572	1756	2283.66	2913
Iteration: 24	1572	1767	2261.2	2802
Iteration: 25	1572	1729	2239.94	2770
Iteration: 26	1572	1755	2249.07	3003
Iteration: 27	1572	1699	2267.62	2867
Iteration: 28	1572	1891	2294.93	3175
Iteration: 29	1572	1862	2286.73	3094
Iteration: 30	1572	1850	2294.08	2956
Iteration: 31	1572	1743	2253.07	3016
Iteration: 32	1572	1725	2265.64	3221
Iteration: 33	1572	1906	2279.22	3102
Iteration: 34	1572	1745	2263.47	2832
Iteration: 35	1572	1804	2298.61	2900
Iteration: 36	1572	1864	2269.69	2958
Iteration: 37	1572	1856	2292.46	2981
Iteration: 38	1572	1841	2273.97	2903
Iteration: 39	1572	1786	2257.59	2853
Iteration: 40	1572	1833	2239.57	2727
Iteration: 41	1572	1858	2266.51	2750
Iteration: 42	1572	1816	2283.8	2886
Iteration: 43	1572	1859	2257.01	3114
Iteration: 44	1572	1888	2286.01	2914
Iteration: 45	1572	1755	2281.2	2967
Iteration: 46	1572	1851	2267.72	2866
Iteration: 47	1572	1843	2324.97	3004
Iteration: 48	1572	1783	2310.87	2945
Iteration: 49	1572	1751	2245.39	2855
Iteration: 50	1572	1733	2283.33	2729
Iteration: 51	1572	1878	2274.92	2869
Iteration: 52	1572	1797	2256.85	2885
Iteration: 53	1572	1785	2267.09	2831
Iteration: 54	1572	1825	2261.86	2817
Iteration: 55	1572	1573	2232.61	2745
Iteration: 56	1572	1822	2261.75	3115
Iteration: 57	1572	1819	2293.32	3329
Iteration: 58	1572	1804	2263.11	2931
Iteration: 59	1572	1861	2291.34	3027
Iteration: 60	1572	1882	2296.6	2990
Iteration: 61	1572	1778	2272.15	3000
Iteration: 62	1572	1719	2267.92	2872
Iteration: 63	1572	1846	2250.49	2768
Iteration: 64	1572	1895	2329.79	2950
Iteration: 65	1572	1807	2264.31	3001
Iteration: 66	1572	1767	2293.09	3104
Iteration: 67	1572	1759	2304.56	2880
Iteration: 68	1572	1759	2259.56	2757
Iteration: 69	1572	1870	2289.14	2929
Iteration: 70	1572	1798	2238.28	2990
Iteration: 71	1572	1727	2344.65	3165
Iteration: 72	1572	1898	2292.04	2891
Iteration: 73	1572	1694	2261.7	3054
Iteration: 74	1572	1792	2266.37	3125
Iteration: 75	1572	1826	2285.04	2866
Iteration: 76	1572	1820	2269.76	3028
Iteration: 77	1572	1891	2295.11	2858
Iteration: 78	1572	1890	2265.03	2786
Iteration: 79	1572	1753	2249.3	2905
Iteration: 80	1572	1847	2301	2981
Iteration: 81	1572	1769	2216.66	2750
Iteration: 82	1572	1857	2269.02	3171
Iteration: 83	1572	1776	2272.52	2887
Iteration: 84	1572	1827	2295.76	3081
Iteration: 85	1572	1877	2281.82	2949
Iteration: 86	1572	1808	2244.49	2738
Iteration: 87	1572	1812	2258.9	2809
Iteration: 88	1572	1848	2252.84	2817
Iteration: 89	1572	1886	2249.64	2769
Iteration: 90	1572	1790	2239.66	2880
Iteration: 91	1572	1794	2280.81	2998
Iteration: 92	1572	1689	2254.11	2961
Iteration: 93	1572	1789	2272.54	2903
Iteration: 94	1572	1826	2255.01	2824
Iteration: 95	1572	1803	2239.7	2929
Iteration: 96	1572	1926	2282.3	2885
Iteration: 97	1572	1783	2282.07	2781
Iteration: 98	1572	1886	2246.57	2750
Iteration: 99	1572	1656	2225.86	3079
Iteration: 100	1572	1836	2263.9	3627
Iteration: 101	1572	1787	2292.06	2908
Iteration: 102	1572	1842	2236.85	2797
Iteration: 103	1572	1885	2284.74	3023
Iteration: 104	1572	1821	2235.82	3040
Iteration: 105	1572	1827	2268.15	2738
Iteration: 106	1572	1747	2313.11	3015
Iteration: 107	1572	1895	2245.67	3121
Iteration: 108	1572	1830	2281.11	2851
Iteration: 109	1572	1782	2284.02	2852
Iteration: 110	1572	1817	2273.17	2926
Iteration: 111	1572	1714	2204.52	2978
Iteration: 112	1572	1779	2232.06	3073
Iteration: 113	1572	1827	2307.67	2930
Iteration: 114	1572	1819	2257.55	2788
Iteration: 115	1572	1803	2285.92	2971
Iteration: 116	1572	1765	2288.49	2892
Iteration: 117	1572	1793	2242.45	2806
Iteration: 118	1572	1825	2280.57	3164
Iteration: 119	1572	1833	2240.16	2963
Iteration: 120	1572	1790	2261.48	2916
Iteration: 121	1572	1885	2278.12	2841
Iteration: 122	1572	1850	2285.45	3316
Iteration: 123	1572	1764	2262.92	2950
Iteration: 124	1572	1855	2281.51	2942
Iteration: 125	1572	1836	2296.76	2906
Iteration: 126	1572	1790	2296.3	3294
Iteration: 127	1572	1789	2246.75	2777
Iteration: 128	1572	1846	2308.35	2893
Iteration: 129	1572	1873	2231.38	2818
Iteration: 130	1572	1743	2313.26	2767
Iteration: 131	1572	1794	2253.59	3096
Iteration: 132	1572	1799	2222.42	2816
Iteration: 133	1572	1855	2278.79	3066
Iteration: 134	1572	1858	2314.41	3495
Iteration: 135	1572	1789	2229.58	2817
Iteration: 136	1572	1799	2277.45	2780
Iteration: 137	1572	1704	2235.3	2899
Iteration: 138	1572	1803	2273.54	2909
Iteration: 139	1572	1801	2275.75	2749
Iteration: 140	1572	1815	2262.27	2865
Iteration: 141	1572	1750	2233.2	2830
Iteration: 142	1572	1782	2220.84	2944
Iteration: 143	1572	1775	2268.15	3112
Iteration: 144	1572	1795	2253.56	3312
Iteration: 145	1572	1912	2289.18	3100
Iteration: 146	1572	1720	2218.27	2808
Iteration: 147	1572	1887	2273.29	2929
Iteration: 148	1572	1822	2253.75	2806
Iteration: 149	1572	1770	2285.15	3160
Iteration: 150	1572	1908	2301.32	2833
Iteration: 151	1572	1858	2268.1	3018
Iteration: 152	1572	1861	2260.63	2990
Iteration: 153	1572	1759	2290	2873
Iteration: 154	1572	1875	2248.64	2957
Iteration: 155	1572	1822	2321.93	2825
Iteration: 156	1572	1857	2287.11	3160
Iteration: 157	1572	1844	2276.17	3164
Iteration: 158	1572	1849	2289.14	2892
Iteration: 159	1572	1829	2255.45	2701
Iteration: 160	1572	1713	2248.03	2764
Iteration: 161	1572	1815	2304.96	3234
Iteration: 162	1572	1809	2320.49	2850
Iteration: 163	1572	1786	2267.3	2831
Iteration: 164	1572	1820	2248.89	2869
Iteration: 165	1572	1726	2293.02	3173
Iteration: 166	1572	1754	2254.41	3079
Iteration: 167	1572	1735	2233.04	3120
Iteration: 168	1572	1866	2271.66	3051
Iteration: 169	1572	1840	2297.92	3186
Iteration: 170	1572	1845	2245.26	2855
Iteration: 171	1572	1879	2302.93	3207
Iteration: 172	1572	1845	2229.71	2788
Iteration: 173	1572	1881	2269.62	2980
Iteration: 174	1572	1759	2270.52	2885
Iteration: 175	1572	1832	2261.23	2914
Iteration: 176	1572	1710	2256	3009
Iteration: 177	1572	1735	2257.34	3107
Iteration: 178	1572	1835	2253.69	2803
Iteration: 179	1572	1861	2257.09	2961
Iteration: 180	1572	1728	2271.05	2853
Iteration: 181	1572	1823	2256.35	3190
Iteration: 182	1572	1759	2277.76	2863
Iteration: 183	1572	1763	2288.84	2880
Iteration: 184	1572	1765	2259.76	2885
Iteration: 185	1572	1777	2270.88	2977
Iteration: 186	1572	1756	2255.42	2712
Iteration: 187	1572	1844	2241.1	2909
Iteration: 188	1572	1817	2274.27	2856
Iteration: 189	1572	1826	2314.99	3136
Iteration: 190	1572	1890	2266.02	2846
Iteration: 191	1572	1739	2275.46	3063
Iteration: 192	1572	1915	2263.94	2883
Iteration: 193	1572	1856	2296.51	2967
Iteration: 194	1572	1876	2277.54	2862
Iteration: 195	1572	1799	2282.14	2962
Iteration: 196	1572	1656	2262.22	2864
Iteration: 197	1572	1875	2236.59	2743
Iteration: 198	1572	1850	2243.02	2992
Iteration: 199	1572	1859	2248.98	3045
Iteration: 200	1572	1895	2288.03	3440
Iteration: 201	1572	1702	2282	3232
Iteration: 202	1572	1822	2274.14	2918
Iteration: 203	1572	1843	2287.32	3110
Iteration: 204	1572	1861	2270.58	2895
Iteration: 205	1572	1825	2340.17	3287
Iteration: 206	1572	1806	2255.46	2888
Iteration: 207	1572	1746	2254.79	3057
Iteration: 208	1572	1854	2258.15	2807
Iteration: 209	1572	1868	2295.25	3021
Iteration: 210	1572	1797	2267.34	2886
Iteration: 211	1572	1889	2294.87	3161
Iteration: 212	1572	1895	2274.66	2843
Iteration: 213	1572	1794	2293.32	3079
Iteration: 214	1572	1747	2253.79	2849
Iteration: 215	1572	1689	2264.14	3023
Iteration: 216	1572	1741	2271.32	2815
Iteration: 217	1572	1787	2281.77	3123
Iteration: 218	1572	1854	2271.1	2953
Iteration: 219	1572	1810	2274.77	2842
Iteration: 220	1572	1857	2256.05	2665
Iteration: 221	1572	1891	2245.07	2885
Iteration: 222	1572	1880	2298.59	3047
Iteration: 223	1572	1800	2262.82	2973
Iteration: 224	1572	1867	2291.14	2782
Iteration: 225	1572	1793	2281.36	2973
Iteration: 226	1572	1788	2255.42	3042
Iteration: 227	1572	1869	2256.99	2753
Iteration: 228	1572	1776	2248.16	2923
Iteration: 229	1572	1816	2254.58	2838
Iteration: 230	1572	1854	2252.51	2872
Iteration: 231	1572	1700	2276.27	3059
Iteration: 232	1572	1880	2278.43	2913
Iteration: 233	1572	1845	2278.18	2913
Iteration: 234	1572	1849	2291.42	3020
Iteration: 235	1572	1800	2270.73	2925
Iteration: 236	1572	1782	2245.3	2972
Iteration: 237	1572	1759	2241.97	2795
Iteration: 238	1572	1838	2288.38	2896
Iteration: 239	1572	1727	2293.29	2993
Iteration: 240	1572	1798	2252.5	2887
Iteration: 241	1572	1838	2275.39	3316
Iteration: 242	1572	1706	2244.66	2810
Iteration: 243	1572	1822	2290.43	3012
Iteration: 244	1572	1783	2231.91	2927
Iteration: 245	1572	1764	2272.64	3008
Iteration: 246	1572	1728	2258.24	2882
Iteration: 247	1572	1823	2272.3	2892
Iteration: 248	1572	1761	2275.89	3154
Iteration: 249	1572	1769	2310.94	3005
Iteration: 250	1572	1953	2273.34	3094
Iteration: 251	1572	1841	2270.23	2829
Iteration: 252	1572	1811	2226.51	2904
Iteration: 253	1572	1778	2267.5	3024
Iteration: 254	1572	1790	2278.61	2912
Iteration: 255	1572	1750	2251.08	2762
Iteration: 256	1572	1898	2282.14	3032
Iteration: 257	1572	1837	2270.35	3027
Iteration: 258	1572	1870	2277.8	2978
Iteration: 259	1572	1818	2260.68	2901
Iteration: 260	1572	1777	2291.48	3239
Iteration: 261	1572	1698	2265.94	2745
Iteration: 262	1572	1744	2257.03	2942
Iteration: 263	1572	1838	2292.94	2743
Iteration: 264	1572	1893	2256.31	3042
Iteration: 265	1572	1912	2270.51	2898
Iteration: 266	1572	1812	2291.51	2877
Iteration: 267	1572	1763	2249.79	3074
Iteration: 268	1572	1859	2265.4	2882
Iteration: 269	1572	1849	2240.87	2825
Iteration: 270	1572	1876	2232.11	2910
Iteration: 271	1572	1838	2260.34	2928
Iteration: 272	1572	1887	2281.9	2898
Iteration: 273	1572	1837	2277.56	2976
Iteration: 274	1572	1756	2238.48	2956
Iteration: 275	1572	1812	2269.2	3063
Iteration: 276	1572	1886	2262.23	2879
Iteration: 277	1572	1938	2300.99	2959
Iteration: 278	1572	1794	2293.89	2842
Iteration: 279	1572	1786	2271.79	2843
Iteration: 280	1572	1697	2246.25	2840
Iteration: 281	1572	1647	2297.14	3061
Iteration: 282	1572	1775	2300.84	3028
Iteration: 283	1572	1821	2235.27	2772
Iteration: 284	1572	1814	2267.14	3015
Iteration: 285	1572	1785	2271.07	3014
Iteration: 286	1572	1864	2303.29	3210
Iteration: 287	1572	1792	2305.63	3052
Iteration: 288	1572	1701	2288.11	2895
Iteration: 289	1572	1780	2280.21	2789
Iteration: 290	1572	1754	2255.56	3173
Iteration: 291	1572	1797	2260.84	3041
Iteration: 292	1572	1785	2272.35	2905
Iteration: 293	1572	1896	2255.97	2699
Iteration: 294	1572	1734	2247.39	2873
Iteration: 295	1572	1830	2272.39	2914
Iteration: 296	1572	1688	2272.94	2963
Iteration: 297	1572	1819	2301.33	2866
Iteration: 298	1572	1891	2273.25	3334
Iteration: 299	1572	1797	2291.28	2968
Iteration: 300	1572	1702	2271.41	2902
Iteration: 301	1572	1778	2266.71	3012
Iteration: 302	1572	1823	2293.7	2852
Iteration: 303	1572	1912	2292.38	3211
Iteration: 304	1572	1818	2240.31	2717
Iteration: 305	1572	1783	2260.65	2826
Iteration: 306	1572	1821	2236.94	2806
Iteration: 307	1572	1910	2258.72	2990
Iteration: 308	1572	1812	2267.85	2777
Iteration: 309	1572	1801	2240.66	3237
Iteration: 310	1572	1790	2240.99	3206
Iteration: 311	1572	1888	2304.6	3084
Iteration: 312	1572	1823	2268.47	2811
Iteration: 313	1572	1818	2281.36	2852
Iteration: 314	1572	1802	2265.61	3139
Iteration: 315	1572	1899	2286.13	2893
Iteration: 316	1572	1852	2253.34	2907
Iteration: 317	1572	1820	2239.52	3389
Iteration: 318	1572	1816	2322.13	3217
Iteration: 319	1572	1757	2253.25	2769
Iteration: 320	1572	1886	2315.32	3055
Iteration: 321	1572	1872	2247.17	2813
Iteration: 322	1572	1801	2286.62	3535
Iteration: 323	1572	1803	2297.3	3259
Iteration: 324	1572	1771	2246.5	3315
Iteration: 325	1572	1842	2309.79	3021
Iteration: 326	1572	1823	2275.84	2880
Iteration: 327	1572	1806	2234.25	3171
Iteration: 328	1572	1830	2277.95	2864
Iteration: 329	1572	1811	2273.59	3136
Iteration: 330	1572	1775	2255.94	2873
Iteration: 331	1572	1908	2280.58	2877
Iteration: 332	1572	1872	2279.77	2818
Iteration: 333	1572	1885	2271.7	2917
Iteration: 334	1572	1859	2251.16	2889
Iteration: 335	1572	1768	2257.73	2967
Iteration: 336	1572	1705	2250.51	2975
Iteration: 337	1572	1822	2258.47	2865
Iteration: 338	1572	1852	2268.7	2704
Iteration: 339	1572	1953	2290.48	2829
Iteration: 340	1572	1700	2263.64	3297
Iteration: 341	1572	1802	2302.36	2977
Iteration: 342	1572	1822	2233.12	2838
Iteration: 343	1572	1790	2263.59	3193
Iteration: 344	1572	1776	2276.34	2984
Iteration: 345	1572	1853	2262.04	2985
Iteration: 346	1572	1907	2290.86	2958
Iteration: 347	1572	1813	2298.49	3096
Iteration: 348	1572	1878	2275.35	2906
Iteration: 349	1572	1895	2274.38	2923
Iteration: 350	1572	1791	2289.74	2847
Iteration: 351	1572	1895	2307.01	2987
Iteration: 352	1572	1744	2256.49	2966
Iteration: 353	1572	1785	2278.92	3003
Iteration: 354	1572	1873	2250.23	2748
Iteration: 355	1572	1853	2273.72	2692
Iteration: 356	1572	1891	2269.01	2917
Iteration: 357	1572	1863	2279.48	2908
Iteration: 358	1572	1701	2299.29	2893
Iteration: 359	1572	1757	2294.34	2991
Iteration: 360	1572	1721	2240.31	3210
Iteration: 361	1572	1781	2237.95	2933
Iteration: 362	1572	1802	2255.9	2769
Iteration: 363	1572	1785	2246.05	2774
Iteration: 364	1572	1778	2259.9	3009
Iteration: 365	1572	1698	2223.51	2902
Iteration: 366	1572	1894	2276.69	3190
Iteration: 367	1572	1787	2290.73	3021
Iteration: 368	1572	1778	2238.3	2764
Iteration: 369	1572	1719	2247.06	3100
Iteration: 370	1572	1728	2263.38	3128
Iteration: 371	1572	1914	2283.71	2898
Iteration: 372	1572	1850	2330.94	2796
Iteration: 373	1572	1833	2276.27	2847
Iteration: 374	1572	1812	2264.03	2899
Iteration: 375	1572	1848	2266.85	2921
Iteration: 376	1572	1827	2331.38	3103
Iteration: 377	1572	1964	2295.76	2867
Iteration: 378	1572	1661	2207.6	2855
Iteration: 379	1572	1841	2312.71	3020
Iteration: 380	1572	1802	2232.06	2698
Iteration: 381	1572	1748	2232.04	2806
Iteration: 382	1572	1789	2269.07	3191
Iteration: 383	1572	1803	2284.41	3001
Iteration: 384	1572	1759	2243.82	2853
Iteration: 385	1572	1876	2249.32	2877
Iteration: 386	1572	1715	2293.98	2938
Iteration: 387	1572	1847	2268.54	2780
Iteration: 388	1572	1900	2285.37	2929
Iteration: 389	1572	1820	2268.66	2981
Iteration: 390	1572	1904	2276.42	3118
Iteration: 391	1572	1800	2270.82	2912
Iteration: 392	1572	1857	2298.72	2921
Iteration: 393	1572	1833	2260.08	2914
Iteration: 394	1572	1829	2260.18	2843
Iteration: 395	1572	1857	2265.2	3270
Iteration: 396	1572	1755	2257.78	2969
Iteration: 397	1572	1733	2302.86	3112
Iteration: 398	1572	1808	2257.96	2968
Iteration: 399	1572	1872	2303.91	2945
Iteration: 400	1572	1752	2286.32	3183
Iteration: 401	1572	1741	2257.29	2938
Iteration: 402	1572	1860	2325.74	3041
Iteration: 403	1572	1819	2249.43	2759
Iteration: 404	1572	1878	2295.51	2845
Iteration: 405	1572	1809	2263.55	2799
Iteration: 406	1572	1770	2281.12	3246
Iteration: 407	1572	1827	2241.14	2933
Iteration: 408	1572	1757	2271.38	2884
Iteration: 409	1572	1826	2276.68	3042
Iteration: 410	1572	1845	2266.5	3110
Iteration: 411	1572	1823	2269.06	2957
Iteration: 412	1572	1761	2248.2	2849
Iteration: 413	1572	1785	2305.74	2937
Iteration: 414	1572	1842	2242.77	2875
Iteration: 415	1572	1789	2304.72	3068
Iteration: 416	1572	1879	2261.16	2884
Iteration: 417	1572	1801	2281.03	2908
Iteration: 418	1572	1854	2268.94	2722
Iteration: 419	1572	1730	2285.69	2801
Iteration: 420	1572	1756	2252.2	2936
Iteration: 421	1572	1738	2325.67	3227
Iteration: 422	1572	1895	2236.27	2748
Iteration: 423	1572	1837	2284.69	2988
Iteration: 424	1572	1826	2241.08	2940
Iteration: 425	1572	1802	2253.71	3175
Iteration: 426	1572	1782	2236.59	3039
Iteration: 427	1572	1850	2276.68	3229
Iteration: 428	1572	1789	2286.65	2918
Iteration: 429	1572	1826	2283.86	2926
Iteration: 430	1572	1760	2253.4	3022
Iteration: 431	1572	1829	2280.24	2734
Iteration: 432	1572	1843	2279.87	2848
Iteration: 433	1572	1689	2270.09	3054
Iteration: 434	1572	1909	2310.65	2922
Iteration: 435	1572	1821	2280.35	2956
Iteration: 436	1572	1736	2228.63	2966
Iteration: 437	1572	1691	2271.27	3031
Iteration: 438	1572	1797	2249.49	2843
Iteration: 439	1572	1805	2283.23	3059
Iteration: 440	1572	1905	2272.5	3074
Iteration: 441	1572	1873	2281.85	3059
Iteration: 442	1572	1910	2267.95	3067
Iteration: 443	1572	1776	2285.9	2900
Iteration: 444	1572	1759	2297.61	2854
Iteration: 445	1572	1805	2260.94	2897
Iteration: 446	1572	1732	2273.02	2913
Iteration: 447	1572	1799	2273.75	2777
Iteration: 448	1572	1700	2264.99	3008
Iteration: 449	1572	1852	2272.91	3000
Iteration: 450	1572	1886	2254.94	2682
Iteration: 451	1572	1907	2273.54	2776
Iteration: 452	1572	1869	2273.62	2780
Iteration: 453	1572	1865	2274.72	2981
Iteration: 454	1572	1763	2250.98	2892
Iteration: 455	1572	1865	2284.46	2841
Iteration: 456	1572	1815	2245.89	2781
Iteration: 457	1572	1922	2295.21	3046
Iteration: 458	1572	1801	2222.13	3078
Iteration: 459	1572	1828	2280.6	2992
Iteration: 460	1572	1914	2257.03	3147
Iteration: 461	1572	1709	2254.89	3105
Iteration: 462	1572	1772	2297.21	2808
Iteration: 463	1572	1731	2306.82	3203
Iteration: 464	1572	1853	2295.32	2955
Iteration: 465	1572	1838	2275.99	3000
Iteration: 466	1572	1838	2251	2974
Iteration: 467	1572	1874	2279.99	2802
Iteration: 468	1572	1871	2304.69	2880
Iteration: 469	1572	1764	2258.61	2913
Iteration: 470	1572	1893	2266.59	2819
Iteration: 471	1572	1856	2304.11	2971
Iteration: 472	1572	1784	2288.91	2893
Iteration: 473	1572	1805	2295.96	3282
Iteration: 474	1572	1798	2257.24	2875
Iteration: 475	1572	1798	2264.28	3074
Iteration: 476	1572	1911	2261.45	2754
Iteration: 477	1572	1791	2224.06	2849
Iteration: 478	1572	1946	2278.81	3161
Iteration: 479	1572	1840	2267.58	2879
Iteration: 480	1572	1890	2309.42	3200
Iteration: 481	1572	1857	2282.58	3163
Iteration: 482	1572	1879	2289.11	3057
Iteration: 483	1572	1811	2270.77	2844
Iteration: 484	1572	1725	2231.2	3015
Iteration: 485	1572	1812	2259.04	2900
Iteration: 486	1572	1852	2282.16	2919
Iteration: 487	1572	1777	2220.92	2728
Iteration: 488	1572	1825	2288.43	3349
Iteration: 489	1572	1819	2315.07	3139
Iteration: 490	1572	1808	2273.53	3087
Iteration: 491	1572	1744	2243.96	2864
Iteration: 492	1572	1767	2249.59	3094
Iteration: 493	1572	1888	2274.18	2776
Iteration: 494	1572	1793	2274.91	2803
Iteration: 495	1572	1857	2274.63	2997
Iteration: 496	1572	1720	2271.32	3103
Iteration: 497	1572	1875	2250.9	2937
Iteration: 498	1572	1793	2263.15	2844
Iteration: 499	1572	1794	2271.38	3295
