Iteration: 0	1548	1548	1999.08	2348
Iteration: 1	1548	1688	1989.64	2324
Iteration: 2	1548	1656	1976.04	2555
Iteration: 3	1548	1642	1970.3	2399
Iteration: 4	1548	1668	1977.41	2447
Iteration: 5	1548	1659	1955.49	2313
Iteration: 6	1548	1657	1979.35	2467
Iteration: 7	1548	1680	1968.22	2392
Iteration: 8	1548	1693	1969.95	2388
Iteration: 9	1548	1719	2007.94	2842
Iteration: 10	1548	1617	1965.85	2376
Iteration: 11	1548	1651	1971.65	2543
Iteration: 12	1548	1690	2011.18	2390
Iteration: 13	1548	1614	1977.9	2498
Iteration: 14	1548	1655	1994.37	2454
Iteration: 15	1548	1690	1986.47	2502
Iteration: 16	1548	1648	1972.33	2674
Iteration: 17	1548	1733	2001.43	2621
Iteration: 18	1548	1584	1978.87	2363
Iteration: 19	1548	1710	1986.81	2863
Iteration: 20	1548	1712	1970.12	2637
Iteration: 21	1548	1610	1949.65	2459
Iteration: 22	1548	1685	1984.81	2678
Iteration: 23	1548	1632	1935.31	2287
Iteration: 24	1548	1725	1975.31	2642
Iteration: 25	1548	1652	1967.51	2468
Iteration: 26	1548	1657	1965.5	2453
Iteration: 27	1548	1670	1977.35	2787
Iteration: 28	1548	1666	1979.97	2540
Iteration: 29	1548	1717	1968.88	2388
Iteration: 30	1548	1658	1990.73	2376
Iteration: 31	1548	1703	1983.14	2528
Iteration: 32	1548	1705	1984	2443
Iteration: 33	1548	1646	1982.75	2583
Iteration: 34	1548	1671	1955.57	2326
Iteration: 35	1548	1689	1966.81	2384
Iteration: 36	1548	1662	1976.05	2727
Iteration: 37	1548	1591	1936.05	2471
Iteration: 38	1548	1675	1967.2	2634
Iteration: 39	1548	1686	1986.11	2640
Iteration: 40	1548	1702	1978.55	2411
Iteration: 41	1548	1616	1995.04	2399
Iteration: 42	1548	1601	1961.4	2617
Iteration: 43	1548	1574	1986.41	2546
Iteration: 44	1548	1663	1993.97	2592
Iteration: 45	1548	1697	1964.62	2373
Iteration: 46	1548	1628	1995.12	2657
Iteration: 47	1548	1624	1976.68	2673
Iteration: 48	1548	1707	1961.73	2517
Iteration: 49	1548	1675	1988.83	2482
Iteration: 50	1548	1736	1973.82	2353
Iteration: 51	1548	1693	1950.58	2514
Iteration: 52	1548	1618	1974.22	2436
Iteration: 53	1548	1663	1963.64	2362
Iteration: 54	1548	1640	1966.43	2282
Iteration: 55	1548	1604	1998.28	2499
Iteration: 56	1548	1631	1982.13	2436
Iteration: 57	1548	1694	1959.46	2600
Iteration: 58	1548	1675	1961.27	2437
Iteration: 59	1548	1696	1972.68	2509
Iteration: 60	1548	1703	1983.72	2387
Iteration: 61	1548	1721	1976.68	2606
Iteration: 62	1548	1599	1991.15	2633
Iteration: 63	1548	1726	2006.73	2452
Iteration: 64	1548	1623	1983.1	2702
Iteration: 65	1548	1659	1961.36	2634
Iteration: 66	1548	1653	1995.79	2460
Iteration: 67	1548	1632	1964.48	2683
Iteration: 68	1548	1703	1973.45	2471
Iteration: 69	1548	1681	1961.9	2489
Iteration: 70	1548	1633	1957.18	2277
Iteration: 71	1548	1674	1982.89	2428
Iteration: 72	1548	1716	1957.77	2423
Iteration: 73	1548	1701	1977.71	2558
Iteration: 74	1548	1666	1998.43	2463
Iteration: 75	1548	1643	1979.25	2770
Iteration: 76	1548	1694	1979.8	2414
Iteration: 77	1548	1679	1962.18	2427
Iteration: 78	1548	1651	1976.81	2403
Iteration: 79	1548	1647	1970.75	2332
Iteration: 80	1548	1606	1987.27	2486
Iteration: 81	1548	1631	1966.71	2864
Iteration: 82	1548	1700	1984.07	2475
Iteration: 83	1548	1684	1975.49	2518
Iteration: 84	1548	1673	1979.13	2767
Iteration: 85	1548	1625	1971.83	2307
Iteration: 86	1548	1647	1967.11	2487
Iteration: 87	1548	1636	2003.56	2613
Iteration: 88	1548	1701	1973.62	2549
Iteration: 89	1548	1568	1984.88	2401
Iteration: 90	1548	1595	1965.08	2488
Iteration: 91	1548	1703	1942.88	2332
Iteration: 92	1548	1654	1988.8	2709
Iteration: 93	1548	1660	1968.17	2524
Iteration: 94	1548	1664	1969.92	2501
Iteration: 95	1548	1630	1953	2385
Iteration: 96	1548	1692	1979.79	2637
Iteration: 97	1548	1613	1968.61	2425
Iteration: 98	1548	1745	1981.18	2392
Iteration: 99	1548	1686	1983.22	2479
Iteration: 100	1548	1655	1967.94	2443
Iteration: 101	1548	1644	1997.62	2508
Iteration: 102	1548	1700	1985.67	2608
Iteration: 103	1548	1659	1959.47	2472
Iteration: 104	1548	1644	1953.23	2414
Iteration: 105	1548	1626	1964	2361
Iteration: 106	1548	1690	1987.74	2665
Iteration: 107	1548	1693	1967.09	2366
Iteration: 108	1548	1717	1982.04	2548
Iteration: 109	1548	1701	1991.04	2496
Iteration: 110	1548	1652	1966.37	2597
Iteration: 111	1548	1626	1956.1	2427
Iteration: 112	1548	1678	1980.9	2618
Iteration: 113	1548	1673	1978.72	2442
Iteration: 114	1548	1694	1988.23	2514
Iteration: 115	1548	1664	1974.44	2447
Iteration: 116	1548	1687	1977.27	2444
Iteration: 117	1548	1648	1933.28	2431
Iteration: 118	1548	1556	1964.65	2371
Iteration: 119	1548	1658	1965.72	2401
Iteration: 120	1548	1614	1963.89	2502
Iteration: 121	1548	1603	1979.99	2478
Iteration: 122	1548	1705	1980.61	2695
Iteration: 123	1548	1675	1994.99	2701
Iteration: 124	1548	1651	1980.64	2505
Iteration: 125	1548	1688	1965.65	2492
Iteration: 126	1548	1711	1970.4	2475
Iteration: 127	1548	1668	1982.84	2676
Iteration: 128	1548	1642	2001	2629
Iteration: 129	1548	1636	1978.31	2545
Iteration: 130	1548	1676	1972.83	2376
Iteration: 131	1548	1603	1961.72	2621
Iteration: 132	1548	1666	1959.66	2323
Iteration: 133	1548	1635	1973.62	2315
Iteration: 134	1548	1684	1963.91	2451
Iteration: 135	1548	1677	1986.15	2496
Iteration: 136	1548	1671	1964.54	2538
Iteration: 137	1548	1746	1993.74	2558
Iteration: 138	1548	1741	1986.03	2357
Iteration: 139	1548	1624	1983.21	2430
Iteration: 140	1548	1725	1980.05	2723
Iteration: 141	1548	1631	1964.09	2366
Iteration: 142	1548	1658	1991.97	2429
Iteration: 143	1548	1656	1968.88	2345
Iteration: 144	1548	1632	1957.9	2408
Iteration: 145	1548	1695	1991.04	2545
Iteration: 146	1548	1689	1974.62	2501
Iteration: 147	1548	1584	1968.46	2539
Iteration: 148	1548	1646	1957.24	2764
Iteration: 149	1548	1607	1998.08	2559
Iteration: 150	1548	1706	2004.59	2815
Iteration: 151	1548	1656	1967	2438
Iteration: 152	1548	1658	1997.44	2581
Iteration: 153	1548	1653	1953.59	2495
Iteration: 154	1548	1645	1960.26	2274
Iteration: 155	1548	1618	1965	2504
Iteration: 156	1548	1656	1985.48	2455
Iteration: 157	1548	1668	1994.59	2528
Iteration: 158	1548	1679	1972.5	2667
Iteration: 159	1548	1680	1977.09	2606
Iteration: 160	1548	1686	1986.47	2632
Iteration: 161	1548	1742	2004.15	2522
Iteration: 162	1548	1691	1978.59	2450
Iteration: 163	1548	1688	1995.82	2507
Iteration: 164	1548	1655	1963.15	2363
Iteration: 165	1548	1703	1997.55	2483
Iteration: 166	1548	1609	1982.09	2387
Iteration: 167	1548	1691	1981.69	2565
Iteration: 168	1548	1645	2004.12	2453
Iteration: 169	1548	1696	1974.23	2568
Iteration: 170	1548	1640	1972.47	2613
Iteration: 171	1548	1662	1980.01	2458
Iteration: 172	1548	1657	1998.23	2549
Iteration: 173	1548	1672	1950.12	2267
Iteration: 174	1548	1691	1991.08	2548
Iteration: 175	1548	1692	1989.18	2594
Iteration: 176	1548	1687	1980.16	2488
Iteration: 177	1548	1611	1971.06	2560
Iteration: 178	1548	1661	1933.7	2297
Iteration: 179	1548	1619	1975.01	2468
Iteration: 180	1548	1622	1971.74	2549
Iteration: 181	1548	1699	1970.4	2247
Iteration: 182	1548	1706	1991.48	2696
Iteration: 183	1548	1661	1978.92	2680
Iteration: 184	1548	1654	1993.14	2535
Iteration: 185	1548	1649	1970.32	2538
Iteration: 186	1548	1718	1988.77	2497
Iteration: 187	1548	1697	1972.44	2535
Iteration: 188	1548	1696	1972.98	2589
Iteration: 189	1548	1609	1967.77	2633
Iteration: 190	1548	1722	1950.44	2448
Iteration: 191	1548	1727	1979.46	2447
Iteration: 192	1548	1657	2018.28	2526
Iteration: 193	1548	1705	1974.81	2631
Iteration: 194	1548	1629	1972.55	2454
Iteration: 195	1548	1618	1975.19	2403
Iteration: 196	1548	1669	1968.73	2614
Iteration: 197	1548	1621	1979.26	2582
Iteration: 198	1548	1654	1982.85	2616
Iteration: 199	1548	1639	2003.51	2512
Iteration: 200	1548	1596	1953.77	2467
Iteration: 201	1548	1647	1980.82	2628
Iteration: 202	1548	1689	1991.31	2395
Iteration: 203	1548	1628	1988.8	2539
Iteration: 204	1548	1634	1984.81	2706
Iteration: 205	1548	1656	1994.58	2840
Iteration: 206	1548	1702	1966.38	2505
Iteration: 207	1548	1705	1965.15	2329
Iteration: 208	1548	1688	1970.57	2433
Iteration: 209	1548	1685	1985.71	2441
Iteration: 210	1548	1671	1995.51	2563
Iteration: 211	1548	1648	1979.86	2680
Iteration: 212	1548	1663	1985.37	2473
Iteration: 213	1548	1675	1933.69	2472
Iteration: 214	1548	1646	1972.78	2483
Iteration: 215	1548	1683	1981.64	2596
Iteration: 216	1548	1705	1977.81	2591
Iteration: 217	1548	1718	1974.31	2499
Iteration: 218	1548	1680	1983.6	2427
Iteration: 219	1548	1709	1954.08	2392
Iteration: 220	1548	1723	1987.31	2523
Iteration: 221	1548	1684	1948.1	2619
Iteration: 222	1548	1712	2000.22	2504
Iteration: 223	1548	1679	1982.94	2438
Iteration: 224	1548	1662	1971.36	2582
Iteration: 225	1548	1662	1974.59	2429
Iteration: 226	1548	1616	1998.11	2738
Iteration: 227	1548	1707	1988.93	2463
Iteration: 228	1548	1622	1967.77	2481
Iteration: 229	1548	1602	1990.8	2494
Iteration: 230	1548	1697	1979.04	2553
Iteration: 231	1548	1680	1984.17	2574
Iteration: 232	1548	1704	1998.45	2670
Iteration: 233	1548	1687	1981.39	2917
Iteration: 234	1548	1653	1968.5	2487
Iteration: 235	1548	1681	1972.64	2449
Iteration: 236	1519	1519	1967.2	2384
Iteration: 237	1519	1611	1990.52	2656
Iteration: 238	1519	1693	1925.35	2354
Iteration: 239	1519	1598	1970.14	2518
Iteration: 240	1519	1714	2003.87	2438
Iteration: 241	1519	1669	1957.52	2308
Iteration: 242	1519	1727	1985.01	2494
Iteration: 243	1519	1664	1975.75	2367
Iteration: 244	1519	1677	2000.59	2497
Iteration: 245	1519	1641	1941.44	2343
Iteration: 246	1519	1624	1965.46	2474
Iteration: 247	1519	1708	1982.49	2563
Iteration: 248	1519	1626	1994.95	2512
Iteration: 249	1519	1643	1968.79	2479
Iteration: 250	1519	1644	1969.39	2727
Iteration: 251	1519	1694	1991.49	2507
Iteration: 252	1519	1607	1948.09	2439
Iteration: 253	1519	1679	1958.3	2404
Iteration: 254	1519	1680	1992.44	2559
Iteration: 255	1519	1675	1931.13	2282
Iteration: 256	1519	1682	1970.14	2388
Iteration: 257	1519	1634	1994.01	2534
Iteration: 258	1519	1670	1955.06	2283
Iteration: 259	1519	1599	1976.42	2448
Iteration: 260	1519	1685	1975.56	2416
Iteration: 261	1519	1628	1972.42	2462
Iteration: 262	1519	1667	1984.42	2543
Iteration: 263	1519	1674	1971.67	2593
Iteration: 264	1519	1639	1972.85	2494
Iteration: 265	1519	1601	1960.85	2542
Iteration: 266	1519	1693	1965.21	2548
Iteration: 267	1519	1723	2007.13	2745
Iteration: 268	1519	1666	1968.65	2427
Iteration: 269	1519	1716	1963.39	2529
Iteration: 270	1519	1716	1983.21	2392
Iteration: 271	1519	1620	1983.15	2734
Iteration: 272	1519	1730	1987.06	2580
Iteration: 273	1519	1723	1982.67	2496
Iteration: 274	1519	1647	2020.33	2537
Iteration: 275	1519	1667	1976.02	2454
Iteration: 276	1519	1654	1959.41	2392
Iteration: 277	1519	1574	1983.99	2500
Iteration: 278	1519	1698	1946.82	2409
Iteration: 279	1519	1747	1978.84	2407
Iteration: 280	1519	1670	1945.1	2335
Iteration: 281	1519	1662	1978.3	2717
Iteration: 282	1519	1639	1967.19	2382
Iteration: 283	1519	1601	1971.85	2317
Iteration: 284	1519	1658	1984.59	2370
Iteration: 285	1519	1609	1968.97	2518
Iteration: 286	1519	1665	1970.23	2510
Iteration: 287	1519	1584	1942.15	2405
Iteration: 288	1519	1680	1970.15	2467
Iteration: 289	1519	1720	1957.51	2531
Iteration: 290	1519	1673	1976.3	2590
Iteration: 291	1519	1718	1998.91	2549
Iteration: 292	1519	1671	1982.47	2538
Iteration: 293	1519	1706	2006.26	2536
Iteration: 294	1519	1635	1983.05	2504
Iteration: 295	1519	1647	1981.33	2712
Iteration: 296	1519	1667	1968.28	2429
Iteration: 297	1519	1704	2003.4	2464
Iteration: 298	1519	1695	1967.32	2493
Iteration: 299	1519	1681	1965.67	2453
Iteration: 300	1519	1672	1961.92	2257
Iteration: 301	1519	1678	1990.93	2660
Iteration: 302	1519	1639	1964.31	2376
Iteration: 303	1519	1733	1962.96	2414
Iteration: 304	1519	1628	1980.36	2596
Iteration: 305	1519	1740	1981.01	2848
Iteration: 306	1519	1701	1975.75	2526
Iteration: 307	1519	1711	1955.61	2428
Iteration: 308	1519	1668	1956.17	2603
Iteration: 309	1519	1653	1994.03	2483
Iteration: 310	1519	1682	1988.12	2523
Iteration: 311	1519	1634	1981.77	2341
Iteration: 312	1519	1678	2001.42	2553
Iteration: 313	1519	1613	1989.44	2608
Iteration: 314	1519	1693	1978.73	2561
Iteration: 315	1519	1645	2004.05	2428
Iteration: 316	1519	1660	1955.13	2455
Iteration: 317	1519	1677	1992.17	2506
Iteration: 318	1519	1601	1959.11	2645
Iteration: 319	1519	1687	1982.98	2610
Iteration: 320	1519	1632	1976.22	2524
Iteration: 321	1519	1686	1951.84	2493
Iteration: 322	1519	1643	1990.89	2624
Iteration: 323	1519	1644	1980.29	2692
Iteration: 324	1519	1680	1970.16	2354
Iteration: 325	1519	1616	1962.67	2529
Iteration: 326	1519	1661	1985.85	2618
Iteration: 327	1519	1612	1986	2605
Iteration: 328	1519	1701	1997.81	2430
Iteration: 329	1519	1615	1989.68	2400
Iteration: 330	1519	1676	1990.35	2556
Iteration: 331	1519	1663	1983.13	2740
Iteration: 332	1519	1677	1986.46	2527
Iteration: 333	1519	1698	1993.1	2579
Iteration: 334	1519	1678	1960.53	2412
Iteration: 335	1519	1708	1977.95	2731
Iteration: 336	1519	1663	1946.56	2418
Iteration: 337	1519	1625	1968.71	2469
Iteration: 338	1519	1726	1984.73	2743
Iteration: 339	1519	1658	1947.59	2405
Iteration: 340	1519	1689	1972.2	2611
Iteration: 341	1519	1607	1993.42	2512
Iteration: 342	1519	1678	1959.96	2631
Iteration: 343	1519	1659	1987.86	2499
Iteration: 344	1519	1667	1957.07	2466
Iteration: 345	1519	1599	1988.65	2590
Iteration: 346	1519	1695	1987.17	2414
Iteration: 347	1519	1622	1971.1	2445
Iteration: 348	1519	1690	1975.61	2695
Iteration: 349	1519	1694	1964.75	2455
Iteration: 350	1519	1703	1990.43	2516
Iteration: 351	1519	1659	1976.12	2921
Iteration: 352	1519	1688	1975.42	2663
Iteration: 353	1519	1652	1963.75	2589
Iteration: 354	1519	1673	1996.29	2415
Iteration: 355	1519	1687	1949.02	2278
Iteration: 356	1519	1724	1997.39	2458
Iteration: 357	1519	1622	1979.31	2450
Iteration: 358	1519	1719	1993.72	2426
Iteration: 359	1519	1636	1989.1	2482
Iteration: 360	1519	1708	2001.2	2565
Iteration: 361	1519	1645	1984.45	2829
Iteration: 362	1519	1698	1986.53	2493
Iteration: 363	1519	1635	1970.3	2361
Iteration: 364	1519	1646	1975.97	2404
Iteration: 365	1519	1713	2006.61	2488
Iteration: 366	1519	1705	1943.9	2566
Iteration: 367	1519	1695	1970.97	2349
Iteration: 368	1519	1618	1960.65	2493
Iteration: 369	1519	1635	1952.42	2346
Iteration: 370	1519	1624	1982.07	2420
Iteration: 371	1519	1697	2015.18	2673
Iteration: 372	1519	1698	1996.87	2475
Iteration: 373	1519	1619	1945.66	2299
Iteration: 374	1519	1645	1982.42	2385
Iteration: 375	1519	1707	1990.41	2488
Iteration: 376	1519	1689	1964.6	2345
Iteration: 377	1519	1683	1988.29	2587
Iteration: 378	1519	1698	2001.68	3055
Iteration: 379	1519	1571	1978.49	2393
Iteration: 380	1519	1666	2001.69	2536
Iteration: 381	1519	1677	1983.62	2633
Iteration: 382	1519	1755	1995.68	2385
Iteration: 383	1519	1730	1989.38	2433
Iteration: 384	1519	1717	1978.94	2761
Iteration: 385	1519	1576	1981.83	2393
Iteration: 386	1519	1680	1969.59	2481
Iteration: 387	1519	1704	1977.33	2475
Iteration: 388	1519	1660	1978.7	2486
Iteration: 389	1519	1634	1948.28	2593
Iteration: 390	1519	1610	1962.98	2433
Iteration: 391	1519	1721	1994.92	2527
Iteration: 392	1519	1653	1967.53	2588
Iteration: 393	1519	1643	1995.95	2488
Iteration: 394	1519	1666	1981.94	2391
Iteration: 395	1519	1592	1986.24	2529
Iteration: 396	1519	1576	1941.02	2491
Iteration: 397	1519	1687	1987.47	2669
Iteration: 398	1519	1701	1981.56	2496
Iteration: 399	1519	1706	1961.94	2615
Iteration: 400	1519	1608	1996.22	2588
Iteration: 401	1519	1657	1984.57	2721
Iteration: 402	1519	1759	2003.99	2615
Iteration: 403	1519	1732	1996.85	2707
Iteration: 404	1519	1659	1989.52	2739
Iteration: 405	1519	1729	2000.81	2520
Iteration: 406	1519	1713	1998.28	2644
Iteration: 407	1519	1725	1962.16	2536
Iteration: 408	1519	1698	1997.94	2825
Iteration: 409	1519	1662	1949.77	2521
Iteration: 410	1519	1627	1958.38	2298
Iteration: 411	1519	1690	1971.48	2385
Iteration: 412	1519	1687	1955.91	2416
Iteration: 413	1519	1647	1980.25	2484
Iteration: 414	1519	1678	1967.26	2262
Iteration: 415	1519	1724	1987.44	2482
Iteration: 416	1519	1659	1949.34	2424
Iteration: 417	1519	1695	1983.76	2620
Iteration: 418	1519	1668	2006.58	2621
Iteration: 419	1519	1621	1986.41	2373
Iteration: 420	1519	1686	1972.17	2516
Iteration: 421	1519	1635	1990	2419
Iteration: 422	1519	1699	1970.49	2403
Iteration: 423	1519	1718	1984.26	2651
Iteration: 424	1519	1671	1998.47	2414
Iteration: 425	1519	1679	1982.71	2604
Iteration: 426	1519	1667	1985.11	2524
Iteration: 427	1519	1653	1983.27	2410
Iteration: 428	1519	1709	1994.49	2466
Iteration: 429	1519	1676	1959.19	2359
Iteration: 430	1519	1683	1992.25	2498
Iteration: 431	1519	1622	2007.66	2585
Iteration: 432	1519	1628	1991.74	2579
Iteration: 433	1519	1673	1969.4	3272
Iteration: 434	1519	1663	1960.71	2332
Iteration: 435	1519	1681	1986.04	2558
Iteration: 436	1519	1696	1971.82	2400
Iteration: 437	1519	1651	1988.08	2440
Iteration: 438	1519	1667	1993.8	2599
Iteration: 439	1519	1668	1994.58	2510
Iteration: 440	1519	1702	1960.76	2496
Iteration: 441	1519	1694	1996.67	2407
Iteration: 442	1519	1734	1992.76	2455
Iteration: 443	1519	1556	1986.73	2629
Iteration: 444	1519	1732	1994.08	2711
Iteration: 445	1519	1581	1972.41	2558
Iteration: 446	1519	1710	1973.71	2467
Iteration: 447	1519	1711	1979.16	2412
Iteration: 448	1519	1724	1988.08	2365
Iteration: 449	1519	1702	1954.62	2358
Iteration: 450	1519	1663	1965.16	2519
Iteration: 451	1519	1643	1981.23	2360
Iteration: 452	1519	1622	1994.18	2717
Iteration: 453	1519	1710	1981.1	2446
Iteration: 454	1519	1588	1958.51	2540
Iteration: 455	1519	1673	1986.97	2578
Iteration: 456	1519	1695	1983.47	2469
Iteration: 457	1519	1680	1980.35	2548
Iteration: 458	1519	1713	1977.81	2479
Iteration: 459	1519	1632	1956.03	2531
Iteration: 460	1519	1747	1998.56	2562
Iteration: 461	1519	1613	1969.07	2687
Iteration: 462	1519	1699	1998.87	3036
Iteration: 463	1519	1698	1979.43	2380
Iteration: 464	1519	1729	1972.94	2697
Iteration: 465	1519	1612	1974.05	2416
Iteration: 466	1519	1659	1992.37	2404
Iteration: 467	1519	1727	1992.09	2520
Iteration: 468	1519	1631	1973.53	2722
Iteration: 469	1519	1714	1975.58	2564
Iteration: 470	1519	1595	1956.11	2323
Iteration: 471	1519	1610	1947.5	2420
Iteration: 472	1519	1665	1946.71	2283
Iteration: 473	1519	1682	1975.61	2613
Iteration: 474	1519	1657	1994.06	2752
Iteration: 475	1519	1690	1975.97	2325
Iteration: 476	1519	1647	1942.59	2736
Iteration: 477	1519	1710	1964.82	2624
Iteration: 478	1519	1601	1971.85	2857
Iteration: 479	1519	1696	1980.83	2597
Iteration: 480	1519	1729	1963.58	2372
Iteration: 481	1519	1644	1966.18	2689
Iteration: 482	1519	1611	1968.48	2594
Iteration: 483	1519	1701	1998.52	3054
Iteration: 484	1519	1634	1982.47	2574
Iteration: 485	1519	1625	1994.47	2481
Iteration: 486	1519	1686	1994.98	2820
Iteration: 487	1519	1706	1981.26	2758
Iteration: 488	1519	1734	1968.43	2345
Iteration: 489	1519	1646	1953.02	2384
Iteration: 490	1519	1697	1999.8	2641
Iteration: 491	1519	1687	1984.12	2469
Iteration: 492	1519	1656	1996.77	2483
Iteration: 493	1519	1657	1995.21	2504
Iteration: 494	1519	1746	1988.62	2522
Iteration: 495	1519	1640	1962.61	2888
Iteration: 496	1519	1655	1995.19	2727
Iteration: 497	1519	1650	1984.4	2642
Iteration: 498	1519	1635	1945.09	2515
Iteration: 499	1519	1615	1989.92	2538
