Iteration: 0	1663	1663	2015.22	2565
Iteration: 1	1663	1704	2002.73	2408
Iteration: 2	1663	1700	1993.93	2464
Iteration: 3	1663	1678	1979.53	2531
Iteration: 4	1663	1682	1977.54	2529
Iteration: 5	1663	1669	1965.68	2627
Iteration: 6	1639	1639	1960.18	2325
Iteration: 7	1639	1688	1944.26	2472
Iteration: 8	1594	1594	1972.05	2603
Iteration: 9	1594	1609	1974.86	2451
Iteration: 10	1594	1702	2003.2	2590
Iteration: 11	1594	1653	2012.79	2625
Iteration: 12	1594	1657	1981.38	2520
Iteration: 13	1594	1641	1963.76	2719
Iteration: 14	1594	1732	1995.96	2809
Iteration: 15	1594	1694	2010.93	2707
Iteration: 16	1594	1645	1987.31	2402
Iteration: 17	1594	1695	1963.77	2366
Iteration: 18	1577	1577	1970.46	2334
Iteration: 19	1577	1681	1962.63	2374
Iteration: 20	1577	1664	1957.32	2482
Iteration: 21	1577	1650	1962.81	2487
Iteration: 22	1577	1711	1974.91	2604
Iteration: 23	1577	1670	1974.91	2414
Iteration: 24	1577	1665	1980.57	2635
Iteration: 25	1577	1652	1984.42	2343
Iteration: 26	1577	1610	1943.82	2306
Iteration: 27	1577	1654	1952.55	2346
Iteration: 28	1577	1640	1977.94	2441
Iteration: 29	1577	1675	1957.3	2433
Iteration: 30	1577	1727	1983.93	2506
Iteration: 31	1577	1706	2008.67	2488
Iteration: 32	1577	1656	1962.34	2420
Iteration: 33	1577	1758	2004.82	2729
Iteration: 34	1577	1676	1957.9	2383
Iteration: 35	1577	1624	1979.16	2437
Iteration: 36	1577	1726	1955.45	2535
Iteration: 37	1577	1693	1984.56	2532
Iteration: 38	1577	1601	1999.88	2467
Iteration: 39	1577	1655	1986.29	2602
Iteration: 40	1577	1665	1983.61	2644
Iteration: 41	1577	1672	1987.09	2444
Iteration: 42	1534	1534	1944.36	2378
Iteration: 43	1534	1712	1954.51	2370
Iteration: 44	1534	1711	1976.19	2380
Iteration: 45	1534	1725	1966.44	2448
Iteration: 46	1534	1693	1965.55	2428
Iteration: 47	1534	1606	1982.71	2356
Iteration: 48	1534	1692	1974.39	2413
Iteration: 49	1534	1651	1934.35	2453
Iteration: 50	1534	1684	1966.35	2550
Iteration: 51	1534	1649	1955.35	2475
Iteration: 52	1534	1656	1985.76	2539
Iteration: 53	1534	1651	1973.89	2299
Iteration: 54	1534	1668	1947.52	2319
Iteration: 55	1534	1606	1990.46	2600
Iteration: 56	1534	1708	1961.94	2421
Iteration: 57	1534	1706	2008.88	2491
Iteration: 58	1534	1708	1982.06	2378
Iteration: 59	1534	1717	1973.87	2494
Iteration: 60	1534	1684	1983.6	2531
Iteration: 61	1534	1626	1995.42	2544
Iteration: 62	1534	1726	1974.22	2768
Iteration: 63	1534	1674	1974.54	2290
Iteration: 64	1534	1642	1966.12	2518
Iteration: 65	1534	1655	1980.83	2592
Iteration: 66	1534	1637	1978.48	2423
Iteration: 67	1534	1616	1984.46	2445
Iteration: 68	1534	1650	1983.92	2874
Iteration: 69	1534	1700	1979.14	2664
Iteration: 70	1534	1711	1975.91	2392
Iteration: 71	1534	1639	1953.71	2575
Iteration: 72	1534	1671	1971.18	2695
Iteration: 73	1534	1654	1978.95	2437
Iteration: 74	1534	1637	1973.56	2575
Iteration: 75	1534	1669	2007.19	2619
Iteration: 76	1534	1649	1996.1	2718
Iteration: 77	1534	1641	1988.14	2724
Iteration: 78	1534	1706	1991.78	2513
Iteration: 79	1534	1643	1967.08	2475
Iteration: 80	1534	1663	1988.45	2751
Iteration: 81	1534	1624	1974.92	2507
Iteration: 82	1534	1673	1973.57	2484
Iteration: 83	1534	1688	1971.76	2375
Iteration: 84	1534	1666	1995.66	2515
Iteration: 85	1534	1668	1984.85	2487
Iteration: 86	1534	1687	1985.31	2352
Iteration: 87	1534	1636	1974.17	2845
Iteration: 88	1534	1657	1982.95	2398
Iteration: 89	1534	1701	1995.74	2541
Iteration: 90	1534	1644	1954.24	2598
Iteration: 91	1534	1709	1996.17	2475
Iteration: 92	1534	1609	1955.8	2366
Iteration: 93	1534	1706	1975.74	2360
Iteration: 94	1534	1635	2000.98	2690
Iteration: 95	1534	1639	1958.14	2383
Iteration: 96	1534	1671	1957.92	2382
Iteration: 97	1534	1703	1966.93	2474
Iteration: 98	1534	1671	1968.21	2384
Iteration: 99	1534	1648	1948.16	2330
Iteration: 100	1534	1680	1958.37	2509
Iteration: 101	1534	1660	1944.64	2381
Iteration: 102	1534	1662	2016.24	2545
Iteration: 103	1534	1687	1981.48	2542
Iteration: 104	1534	1703	1975.24	2392
Iteration: 105	1534	1674	2000.54	2513
Iteration: 106	1534	1687	1948.65	2656
Iteration: 107	1534	1576	1978.56	2812
Iteration: 108	1534	1726	1987.81	2478
Iteration: 109	1534	1713	1982	2480
Iteration: 110	1534	1617	1962.52	2611
Iteration: 111	1534	1704	1972.74	2614
Iteration: 112	1534	1630	1997.21	2444
Iteration: 113	1534	1696	1989.04	2499
Iteration: 114	1534	1638	2001.74	2468
Iteration: 115	1534	1702	1955.01	2555
Iteration: 116	1534	1664	1974.73	2577
Iteration: 117	1534	1758	2005.26	2452
Iteration: 118	1534	1605	1997.95	2479
Iteration: 119	1534	1607	1974.36	2741
Iteration: 120	1534	1687	1973.84	2384
Iteration: 121	1534	1684	1979.06	2374
Iteration: 122	1534	1661	1972.03	2677
Iteration: 123	1534	1618	1977.96	2660
Iteration: 124	1534	1645	1994.92	2460
Iteration: 125	1534	1563	1986.7	2452
Iteration: 126	1534	1689	1972.7	2382
Iteration: 127	1534	1652	1971.09	2586
Iteration: 128	1534	1627	1968.49	2900
Iteration: 129	1534	1666	1961.2	2588
Iteration: 130	1534	1690	1979.39	2376
Iteration: 131	1534	1636	1994.66	2627
Iteration: 132	1534	1656	1997.84	2869
Iteration: 133	1534	1629	2007.99	2712
Iteration: 134	1534	1619	1953.15	2407
Iteration: 135	1534	1648	1976.54	2346
Iteration: 136	1534	1601	1964.87	2594
Iteration: 137	1534	1737	1961.54	2525
Iteration: 138	1534	1652	1966.69	2439
Iteration: 139	1534	1710	2006.33	2556
Iteration: 140	1534	1688	1991.09	2595
Iteration: 141	1534	1649	1997.13	2408
Iteration: 142	1534	1697	1980.02	2384
Iteration: 143	1534	1649	1962.82	2680
Iteration: 144	1534	1634	2000.55	2492
Iteration: 145	1534	1671	1967.61	2557
Iteration: 146	1534	1678	1951	2752
Iteration: 147	1534	1600	1975.44	2388
Iteration: 148	1534	1662	1965.44	2478
Iteration: 149	1534	1732	1973.49	2447
Iteration: 150	1534	1680	1970.27	2455
Iteration: 151	1534	1651	1994.53	2783
Iteration: 152	1534	1688	1955.86	2383
Iteration: 153	1534	1676	1991.92	2747
Iteration: 154	1534	1636	1976.55	2487
Iteration: 155	1534	1596	1965.88	2292
Iteration: 156	1534	1664	1962.76	2384
Iteration: 157	1534	1677	1976.17	2597
Iteration: 158	1534	1616	1980.64	2385
Iteration: 159	1534	1678	1965.14	2642
Iteration: 160	1534	1696	1965.23	2566
Iteration: 161	1534	1643	1961.92	2394
Iteration: 162	1534	1585	1964.7	2466
Iteration: 163	1534	1650	1960.27	2405
Iteration: 164	1534	1664	1963.68	2595
Iteration: 165	1534	1658	2005.17	2820
Iteration: 166	1534	1713	1971.82	2411
Iteration: 167	1534	1685	1974.6	2419
Iteration: 168	1534	1646	1970.9	2315
Iteration: 169	1534	1738	1977.66	2298
Iteration: 170	1534	1712	1992.39	2512
Iteration: 171	1534	1654	1975.05	2436
Iteration: 172	1534	1599	1992.74	2524
Iteration: 173	1534	1650	1995.72	2614
Iteration: 174	1534	1628	1979.44	2676
Iteration: 175	1534	1693	1953.49	2445
Iteration: 176	1534	1649	1999	2812
Iteration: 177	1534	1615	1964.95	2634
Iteration: 178	1534	1641	1975.97	2561
Iteration: 179	1534	1631	1985.09	2555
Iteration: 180	1534	1564	1946.19	2309
Iteration: 181	1534	1700	1974.29	2442
Iteration: 182	1534	1738	2015.14	2600
Iteration: 183	1534	1681	1985.53	2675
Iteration: 184	1534	1701	1985.86	2757
Iteration: 185	1534	1616	1967.39	2504
Iteration: 186	1534	1716	1985.25	2371
Iteration: 187	1534	1651	1975.93	2895
Iteration: 188	1534	1657	1969.56	2684
Iteration: 189	1534	1612	1965.53	2518
Iteration: 190	1534	1537	1946.81	2525
Iteration: 191	1534	1664	1984.65	2592
Iteration: 192	1534	1716	1987.13	2565
Iteration: 193	1534	1641	1997.83	2635
Iteration: 194	1534	1667	1969.76	2248
Iteration: 195	1534	1671	1989.02	2554
Iteration: 196	1534	1648	1958.51	2438
Iteration: 197	1534	1663	1972.68	2544
Iteration: 198	1534	1593	1990.69	2429
Iteration: 199	1534	1649	1953.04	2486
Iteration: 200	1534	1686	1963.55	2644
Iteration: 201	1534	1626	1980.58	2502
Iteration: 202	1534	1682	1977.49	2510
Iteration: 203	1534	1606	1983.56	2665
Iteration: 204	1534	1644	1969.82	2505
Iteration: 205	1534	1571	1967.47	2430
Iteration: 206	1534	1689	1957.92	2458
Iteration: 207	1534	1697	1963.88	2369
Iteration: 208	1534	1668	1974.33	2612
Iteration: 209	1534	1708	1958.47	2406
Iteration: 210	1534	1655	1972.74	2457
Iteration: 211	1534	1671	1954.75	2626
Iteration: 212	1534	1740	1988.69	2703
Iteration: 213	1534	1613	1966.37	2357
Iteration: 214	1534	1709	1964.43	2391
Iteration: 215	1534	1705	1953.25	2457
Iteration: 216	1534	1725	1981.39	2508
Iteration: 217	1534	1667	1960.72	2398
Iteration: 218	1534	1691	1987.78	2626
Iteration: 219	1534	1643	1996.48	2550
Iteration: 220	1534	1654	1983.62	2712
Iteration: 221	1534	1652	1944.25	2401
Iteration: 222	1534	1559	1960.04	2515
Iteration: 223	1534	1657	1932.54	2250
Iteration: 224	1534	1672	1976.61	2686
Iteration: 225	1534	1739	1966.08	2373
Iteration: 226	1534	1656	1967.07	2549
Iteration: 227	1534	1671	2000.85	2497
Iteration: 228	1534	1662	1957.56	2533
Iteration: 229	1534	1660	1965.2	2406
Iteration: 230	1534	1663	1975.17	2492
Iteration: 231	1534	1655	1978.56	2526
Iteration: 232	1534	1649	1992.89	2420
Iteration: 233	1534	1733	1996.51	2625
Iteration: 234	1534	1701	1977.16	2386
Iteration: 235	1534	1659	1997.47	2560
Iteration: 236	1534	1686	1978.94	2644
Iteration: 237	1534	1611	1944.48	2428
Iteration: 238	1534	1705	1996.97	2556
Iteration: 239	1534	1681	1984.31	2712
Iteration: 240	1534	1678	1974.67	2469
Iteration: 241	1534	1665	1965.75	2461
Iteration: 242	1534	1654	2002.24	2684
Iteration: 243	1534	1669	1964.85	2306
Iteration: 244	1534	1636	1941.88	2273
Iteration: 245	1534	1715	1991.61	2445
Iteration: 246	1534	1714	1996.55	2505
Iteration: 247	1534	1700	1965.58	2404
Iteration: 248	1534	1607	1966.82	2633
Iteration: 249	1534	1733	1981.67	2678
Iteration: 250	1534	1674	2008.33	2587
Iteration: 251	1534	1695	1991.05	2461
Iteration: 252	1534	1739	2000.3	2704
Iteration: 253	1534	1650	1982.7	2637
Iteration: 254	1534	1684	1958.02	2409
Iteration: 255	1534	1565	1989.44	2594
Iteration: 256	1534	1607	1962.5	2528
Iteration: 257	1534	1608	1965.89	2405
Iteration: 258	1534	1689	1952.97	2323
Iteration: 259	1534	1690	1966.29	2610
Iteration: 260	1534	1626	1963.89	2380
Iteration: 261	1534	1676	1960.25	2596
Iteration: 262	1534	1695	1976.72	2568
Iteration: 263	1534	1664	1979.58	2335
Iteration: 264	1534	1606	1977.97	2468
Iteration: 265	1534	1623	1962.08	2425
Iteration: 266	1534	1677	1977.11	2490
Iteration: 267	1534	1583	1972.36	2468
Iteration: 268	1534	1628	1944.88	2439
Iteration: 269	1534	1695	1955.85	2602
Iteration: 270	1534	1659	1947.52	2304
Iteration: 271	1534	1698	1986.56	2610
Iteration: 272	1534	1698	1965.73	2369
Iteration: 273	1534	1655	1987.62	2499
Iteration: 274	1534	1603	1990.07	2678
Iteration: 275	1534	1691	1956.2	2361
Iteration: 276	1534	1692	1972.65	2351
Iteration: 277	1534	1714	1968.03	2343
Iteration: 278	1534	1676	2000.98	2666
Iteration: 279	1534	1652	1947.36	2458
Iteration: 280	1534	1619	1956.72	2503
Iteration: 281	1534	1692	1993.01	2702
Iteration: 282	1534	1656	1968.2	2463
Iteration: 283	1534	1654	1986.42	2476
Iteration: 284	1534	1649	1982.29	2538
Iteration: 285	1534	1683	1980.61	2515
Iteration: 286	1534	1654	1969.84	2421
Iteration: 287	1534	1673	1990.82	2841
Iteration: 288	1534	1704	1995.95	2622
Iteration: 289	1534	1629	1967.47	2386
Iteration: 290	1534	1693	1971.9	2336
Iteration: 291	1534	1686	1997.88	2482
Iteration: 292	1534	1685	1953.51	2455
Iteration: 293	1534	1705	1995.38	2959
Iteration: 294	1534	1705	1967.75	2499
Iteration: 295	1534	1618	1997.89	2729
Iteration: 296	1534	1646	1980.21	2522
Iteration: 297	1534	1634	1979.23	2503
Iteration: 298	1534	1663	1987.48	2522
Iteration: 299	1534	1702	1987.74	2643
Iteration: 300	1534	1639	1956.49	2351
Iteration: 301	1534	1650	1978.49	2408
Iteration: 302	1534	1603	1987.86	2381
Iteration: 303	1534	1615	1989.73	2647
Iteration: 304	1534	1663	1976.44	2832
Iteration: 305	1534	1654	1956.03	2365
Iteration: 306	1534	1687	1988.15	2606
Iteration: 307	1534	1662	2004.55	2462
Iteration: 308	1534	1639	1973.64	2364
Iteration: 309	1534	1707	1980.52	2461
Iteration: 310	1534	1720	1969.26	2335
Iteration: 311	1534	1719	1986.96	2517
Iteration: 312	1534	1699	2005.54	2542
Iteration: 313	1534	1647	1970.62	2415
Iteration: 314	1534	1685	1952.4	2395
Iteration: 315	1534	1626	2023.55	2495
Iteration: 316	1534	1597	1962.34	2316
Iteration: 317	1534	1712	1955.99	2602
Iteration: 318	1534	1699	1962.41	2369
Iteration: 319	1534	1619	2006.41	2600
Iteration: 320	1534	1565	1963.31	2501
Iteration: 321	1534	1700	1957.02	2266
Iteration: 322	1534	1597	1974.05	2544
Iteration: 323	1534	1661	1948.49	2354
Iteration: 324	1534	1676	1995.49	2576
Iteration: 325	1534	1651	1975.1	2357
Iteration: 326	1534	1695	1980.05	2586
Iteration: 327	1534	1677	1973.66	2390
Iteration: 328	1534	1667	2001.85	2453
Iteration: 329	1534	1619	2004.63	2799
Iteration: 330	1534	1643	1982.3	2551
Iteration: 331	1534	1701	1973.45	2558
Iteration: 332	1534	1605	1956.09	2442
Iteration: 333	1534	1683	1976.32	2478
Iteration: 334	1534	1607	1944.85	2356
Iteration: 335	1534	1654	1985.76	2423
Iteration: 336	1534	1681	1977.93	2350
Iteration: 337	1534	1702	1985.51	2634
Iteration: 338	1534	1691	1984.97	2328
Iteration: 339	1534	1606	1990.78	2529
Iteration: 340	1534	1672	1966.06	2592
Iteration: 341	1534	1701	2006	2596
Iteration: 342	1534	1696	1992.71	2561
Iteration: 343	1534	1657	1948.75	2413
Iteration: 344	1534	1651	2010.34	2502
Iteration: 345	1534	1636	1968.4	2544
Iteration: 346	1534	1667	1990.62	2570
Iteration: 347	1534	1647	2002.31	2535
Iteration: 348	1534	1667	1968.62	2323
Iteration: 349	1534	1659	1991.37	2748
Iteration: 350	1534	1694	1992.89	2553
Iteration: 351	1534	1662	1980.12	2552
Iteration: 352	1534	1655	1982.13	2615
Iteration: 353	1534	1682	1996.58	2629
Iteration: 354	1534	1611	2005.27	2562
Iteration: 355	1534	1710	1998.73	2324
Iteration: 356	1534	1693	1984.69	2500
Iteration: 357	1534	1732	1984.32	2561
Iteration: 358	1534	1664	1980.61	2397
Iteration: 359	1534	1615	1946.26	2358
Iteration: 360	1534	1643	1973.02	2452
Iteration: 361	1534	1715	1994.87	2609
Iteration: 362	1534	1664	1953.66	2519
Iteration: 363	1534	1588	1982.31	2785
Iteration: 364	1534	1615	1951.91	2323
Iteration: 365	1534	1646	1996.87	2509
Iteration: 366	1534	1610	1979.09	2701
Iteration: 367	1534	1648	1970.07	2461
Iteration: 368	1534	1696	1964.92	2635
Iteration: 369	1534	1681	1968.3	2362
Iteration: 370	1534	1655	1972.72	2569
Iteration: 371	1534	1690	2004.75	2580
Iteration: 372	1534	1586	1974.77	2524
Iteration: 373	1534	1647	1976.76	2912
Iteration: 374	1534	1641	1944.76	2303
Iteration: 375	1534	1693	1986.33	2399
Iteration: 376	1534	1713	1975.69	2601
Iteration: 377	1534	1603	1959.61	2457
Iteration: 378	1534	1722	1989.09	2570
Iteration: 379	1534	1734	2002.18	2506
Iteration: 380	1534	1607	1985.7	2577
Iteration: 381	1534	1699	2009.95	2500
Iteration: 382	1534	1653	1976.98	2540
Iteration: 383	1534	1689	1999.16	2735
Iteration: 384	1534	1685	1941.24	2402
Iteration: 385	1534	1656	1968.8	2336
Iteration: 386	1534	1733	1983.47	2791
Iteration: 387	1534	1686	1982.22	2532
Iteration: 388	1534	1652	1977.85	2503
Iteration: 389	1534	1603	1982.52	2426
Iteration: 390	1534	1652	1980.22	2524
Iteration: 391	1534	1753	1984.96	2487
Iteration: 392	1534	1644	1952.68	2441
Iteration: 393	1534	1673	1961.77	2540
Iteration: 394	1534	1615	1949.27	2448
Iteration: 395	1534	1676	2000.17	2467
Iteration: 396	1534	1670	1987.34	2574
Iteration: 397	1534	1680	1977.99	2443
Iteration: 398	1534	1691	1987.59	2573
Iteration: 399	1534	1719	1990.57	2620
Iteration: 400	1534	1682	1974.82	2970
Iteration: 401	1534	1629	1973.63	2327
Iteration: 402	1534	1619	1981.44	2397
Iteration: 403	1534	1691	1986.01	2763
Iteration: 404	1534	1675	1989.73	2433
Iteration: 405	1534	1620	1965.07	2457
Iteration: 406	1534	1621	1932.48	2572
Iteration: 407	1534	1722	1983.99	2525
Iteration: 408	1534	1707	1988.94	2695
Iteration: 409	1534	1632	1985.23	3002
Iteration: 410	1534	1614	1955.03	2376
Iteration: 411	1534	1672	1976.01	2470
Iteration: 412	1534	1687	1998.23	2690
Iteration: 413	1534	1659	1999.32	2729
Iteration: 414	1534	1664	1966	2661
Iteration: 415	1534	1668	1987.81	2540
Iteration: 416	1534	1742	1966.61	2611
Iteration: 417	1534	1684	1979.79	2423
Iteration: 418	1534	1708	1981.98	2469
Iteration: 419	1534	1677	1978.68	2557
Iteration: 420	1534	1699	1942.48	2566
Iteration: 421	1534	1624	1978.88	2536
Iteration: 422	1534	1657	1955.02	2359
Iteration: 423	1534	1700	1986.27	2482
Iteration: 424	1534	1671	1985.95	2442
Iteration: 425	1534	1671	1971.64	2459
Iteration: 426	1534	1697	1958.31	2376
Iteration: 427	1534	1691	1949.29	2472
Iteration: 428	1534	1662	1973.11	2549
Iteration: 429	1534	1623	2005.74	2524
Iteration: 430	1534	1657	1967.94	2548
Iteration: 431	1534	1677	1952.21	2757
Iteration: 432	1534	1634	1966.77	2593
Iteration: 433	1534	1611	1981.76	2499
Iteration: 434	1534	1710	1999.74	2464
Iteration: 435	1534	1663	1975.99	2715
Iteration: 436	1534	1665	1959.05	2342
Iteration: 437	1534	1666	1981.03	2431
Iteration: 438	1534	1624	1966.82	2452
Iteration: 439	1534	1642	1982.09	2731
Iteration: 440	1534	1698	1966.84	2471
Iteration: 441	1534	1675	1974.39	2483
Iteration: 442	1534	1677	1960.24	2460
Iteration: 443	1534	1672	1982.68	2695
Iteration: 444	1534	1641	1974.78	2419
Iteration: 445	1534	1682	1980.88	2418
Iteration: 446	1534	1664	2000.51	2692
Iteration: 447	1534	1662	1979.7	2417
Iteration: 448	1534	1676	1957.49	2429
Iteration: 449	1534	1616	1976.67	2346
Iteration: 450	1534	1636	1962.06	2453
Iteration: 451	1534	1744	1992.13	2410
Iteration: 452	1534	1611	1963.74	2429
Iteration: 453	1534	1731	1991.41	2478
Iteration: 454	1534	1640	1987.89	2554
Iteration: 455	1534	1667	1987.36	2572
Iteration: 456	1534	1588	1966.87	2603
Iteration: 457	1534	1702	1976.92	2764
Iteration: 458	1534	1661	1963.62	2588
Iteration: 459	1534	1592	1979.5	2633
Iteration: 460	1534	1669	1978.76	2568
Iteration: 461	1534	1684	1961.27	2450
Iteration: 462	1534	1691	1972.3	2497
Iteration: 463	1534	1540	1964.44	2526
Iteration: 464	1534	1636	1987.9	2871
Iteration: 465	1534	1632	1982.63	2542
Iteration: 466	1534	1683	1956.25	2351
Iteration: 467	1534	1678	1982.96	2406
Iteration: 468	1534	1688	1973.24	2703
Iteration: 469	1534	1664	1954.32	2480
Iteration: 470	1534	1671	1966.94	2694
Iteration: 471	1534	1665	1975.91	2372
Iteration: 472	1534	1695	1965.13	2471
Iteration: 473	1534	1653	1990.83	2505
Iteration: 474	1534	1743	1991.42	2523
Iteration: 475	1534	1664	1984.13	2485
Iteration: 476	1534	1711	1988.34	2396
Iteration: 477	1534	1643	1942.62	2599
Iteration: 478	1534	1638	1981.35	2710
Iteration: 479	1534	1633	1974.95	2434
Iteration: 480	1534	1630	1961.21	2436
Iteration: 481	1534	1707	1996.79	2442
Iteration: 482	1534	1727	1998.53	2354
Iteration: 483	1534	1645	1960.43	2386
Iteration: 484	1534	1681	1988.55	2562
Iteration: 485	1534	1708	1977.69	2488
Iteration: 486	1534	1743	1982.04	2480
Iteration: 487	1534	1639	1978.66	2531
Iteration: 488	1534	1731	2038.01	2585
Iteration: 489	1534	1669	1970.31	2469
Iteration: 490	1534	1673	1996.3	2513
Iteration: 491	1534	1566	1976.89	2658
Iteration: 492	1534	1654	1969.43	2488
Iteration: 493	1534	1717	1965.79	2694
Iteration: 494	1534	1619	1920.96	2397
Iteration: 495	1534	1666	1977.14	2601
Iteration: 496	1534	1733	1990.47	2493
Iteration: 497	1534	1662	1979.71	2472
Iteration: 498	1534	1658	2009	2593
Iteration: 499	1534	1659	1966.83	2814
