Iteration: 0	1635	1635	1994.87	2617
Iteration: 1	1635	1692	1977.97	2569
Iteration: 2	1635	1707	1979.76	2302
Iteration: 3	1635	1666	1977.42	2380
Iteration: 4	1635	1660	2004.17	2587
Iteration: 5	1635	1701	1982.43	2407
Iteration: 6	1635	1714	1968.68	2501
Iteration: 7	1635	1707	1981.01	2354
Iteration: 8	1635	1668	1947.36	2467
Iteration: 9	1635	1728	1988.16	2445
Iteration: 10	1635	1688	1986.91	2475
Iteration: 11	1627	1627	1960.95	2352
Iteration: 12	1627	1688	1973.93	2311
Iteration: 13	1627	1653	1990.37	2569
Iteration: 14	1627	1716	1981.22	2399
Iteration: 15	1627	1712	1966.12	2448
Iteration: 16	1627	1719	1999.94	2521
Iteration: 17	1627	1691	1979.83	2388
Iteration: 18	1627	1689	1972.91	2446
Iteration: 19	1627	1683	1972.04	2474
Iteration: 20	1627	1646	1974.93	2471
Iteration: 21	1627	1677	1953.14	2598
Iteration: 22	1627	1642	1963.02	2415
Iteration: 23	1627	1661	1976.33	2623
Iteration: 24	1594	1594	1978.32	2473
Iteration: 25	1594	1640	1935.16	2408
Iteration: 26	1594	1626	1979.09	2456
Iteration: 27	1594	1682	1972.26	2579
Iteration: 28	1594	1695	1981.5	2671
Iteration: 29	1594	1623	1996.97	2508
Iteration: 30	1594	1723	2001.38	2439
Iteration: 31	1594	1673	1973.32	2533
Iteration: 32	1594	1642	1975.45	2465
Iteration: 33	1594	1721	1985.92	2737
Iteration: 34	1594	1714	1959.9	2350
Iteration: 35	1594	1739	2001.36	2431
Iteration: 36	1594	1674	1971.85	2415
Iteration: 37	1594	1674	1997.5	2515
Iteration: 38	1594	1686	1970.77	2503
Iteration: 39	1594	1709	1980.51	2512
Iteration: 40	1594	1612	2004.05	2598
Iteration: 41	1594	1649	1970.29	2459
Iteration: 42	1594	1709	1983.65	2676
Iteration: 43	1594	1655	1968.23	2447
Iteration: 44	1594	1634	1975.84	2336
Iteration: 45	1594	1632	1981.87	2512
Iteration: 46	1594	1666	1985.29	2467
Iteration: 47	1594	1682	1991.24	2677
Iteration: 48	1594	1680	2020.6	2600
Iteration: 49	1594	1666	1983.57	2593
Iteration: 50	1594	1660	2004.61	3025
Iteration: 51	1594	1608	1968.25	2427
Iteration: 52	1594	1662	1955.18	2400
Iteration: 53	1594	1687	1963.43	2356
Iteration: 54	1594	1726	1978.4	2331
Iteration: 55	1594	1681	1949.1	2321
Iteration: 56	1594	1649	1995.9	2524
Iteration: 57	1594	1614	1951.75	2263
Iteration: 58	1594	1650	1955.17	2317
Iteration: 59	1594	1645	1992.64	2627
Iteration: 60	1594	1683	2013.04	2624
Iteration: 61	1594	1737	2001.56	2451
Iteration: 62	1594	1632	1967.35	2482
Iteration: 63	1594	1727	1987.99	2819
Iteration: 64	1594	1706	1939.15	2296
Iteration: 65	1594	1679	2003.04	2457
Iteration: 66	1594	1663	1996.43	2405
Iteration: 67	1594	1676	1954.1	2394
Iteration: 68	1594	1662	1997.41	2819
Iteration: 69	1594	1626	1996.44	2547
Iteration: 70	1594	1705	1999.89	2582
Iteration: 71	1594	1665	1954.71	2321
Iteration: 72	1594	1707	1979.64	2660
Iteration: 73	1594	1641	1972.43	2501
Iteration: 74	1594	1644	1981.66	2703
Iteration: 75	1594	1665	1999.86	2741
Iteration: 76	1594	1684	1982.94	2600
Iteration: 77	1594	1719	1964.73	2604
Iteration: 78	1594	1724	2000.28	2733
Iteration: 79	1594	1634	1993.17	2370
Iteration: 80	1594	1599	1979.16	2462
Iteration: 81	1594	1671	1985.53	2607
Iteration: 82	1594	1682	1985.3	2741
Iteration: 83	1594	1694	1988.53	2641
Iteration: 84	1594	1637	1977.11	2483
Iteration: 85	1594	1641	1952.81	2320
Iteration: 86	1594	1669	1989.06	2366
Iteration: 87	1594	1690	1961.05	2341
Iteration: 88	1594	1637	1995.33	2640
Iteration: 89	1594	1705	1987.06	2454
Iteration: 90	1594	1690	1964.1	2358
Iteration: 91	1594	1716	2000.49	2491
Iteration: 92	1594	1690	1998.47	2458
Iteration: 93	1594	1693	1995.79	2592
Iteration: 94	1594	1637	1955.71	2525
Iteration: 95	1594	1667	1968.69	2548
Iteration: 96	1594	1633	1970.55	2727
Iteration: 97	1594	1642	1951.63	2418
Iteration: 98	1594	1726	1986.33	2522
Iteration: 99	1594	1689	1961.29	2459
Iteration: 100	1594	1664	1999.1	2729
Iteration: 101	1594	1669	1966.6	2451
Iteration: 102	1594	1698	1942.63	2317
Iteration: 103	1594	1741	1979.72	2523
Iteration: 104	1594	1687	1952.41	2355
Iteration: 105	1594	1598	1957.08	2429
Iteration: 106	1594	1651	2002.65	2690
Iteration: 107	1531	1531	1963.21	2351
Iteration: 108	1531	1570	1967.95	2567
Iteration: 109	1531	1633	1954.44	2546
Iteration: 110	1531	1670	1991.34	2582
Iteration: 111	1531	1667	1989.33	2807
Iteration: 112	1531	1688	1968.8	2514
Iteration: 113	1531	1676	1977.1	2629
Iteration: 114	1531	1627	1982.98	2839
Iteration: 115	1531	1725	1990.86	2549
Iteration: 116	1531	1718	1962.03	2710
Iteration: 117	1531	1703	1992.78	2401
Iteration: 118	1531	1640	1966.88	2634
Iteration: 119	1531	1730	1983.18	2434
Iteration: 120	1531	1673	1997.02	2688
Iteration: 121	1531	1650	1981.95	2452
Iteration: 122	1531	1743	1960.94	2421
Iteration: 123	1531	1605	1961.05	2421
Iteration: 124	1531	1650	1953.23	2418
Iteration: 125	1531	1700	1981.15	2598
Iteration: 126	1531	1638	1970.41	2508
Iteration: 127	1531	1710	1982.25	2637
Iteration: 128	1531	1703	1959.68	2444
Iteration: 129	1531	1603	1994.2	2679
Iteration: 130	1531	1670	1975.46	2567
Iteration: 131	1531	1676	1974.95	2469
Iteration: 132	1531	1724	2007.77	2489
Iteration: 133	1531	1683	1997.29	2385
Iteration: 134	1531	1690	1970.11	2526
Iteration: 135	1531	1658	1992.46	2544
Iteration: 136	1531	1645	1989.11	2507
Iteration: 137	1531	1644	1995.08	2838
Iteration: 138	1531	1705	1959.52	2349
Iteration: 139	1531	1714	1993.84	2630
Iteration: 140	1531	1673	1988.73	2713
Iteration: 141	1531	1675	1971.84	2437
Iteration: 142	1531	1698	1972.31	2558
Iteration: 143	1531	1681	1972.75	2417
Iteration: 144	1531	1713	1959.24	2473
Iteration: 145	1531	1661	1951.51	2325
Iteration: 146	1531	1612	1991.1	2440
Iteration: 147	1531	1648	1976.18	2401
Iteration: 148	1531	1646	1991.65	2588
Iteration: 149	1531	1656	1995.64	2502
Iteration: 150	1531	1704	1980.44	2666
Iteration: 151	1531	1656	1970.96	2469
Iteration: 152	1531	1658	1986.55	2459
Iteration: 153	1531	1680	1982.68	2398
Iteration: 154	1531	1621	1963.69	2384
Iteration: 155	1531	1670	1988.12	2427
Iteration: 156	1531	1578	1975.07	2542
Iteration: 157	1531	1737	1966.8	2573
Iteration: 158	1531	1741	2001.05	2718
Iteration: 159	1531	1654	1955.87	2370
Iteration: 160	1531	1676	1998.66	2549
Iteration: 161	1531	1609	1963.38	2405
Iteration: 162	1531	1709	1992.44	2457
Iteration: 163	1531	1695	1971.79	2784
Iteration: 164	1531	1716	2003.85	2596
Iteration: 165	1531	1706	1992.47	2505
Iteration: 166	1531	1628	1956.34	2360
Iteration: 167	1531	1671	1940.08	2459
Iteration: 168	1531	1719	1977.7	2395
Iteration: 169	1531	1704	2003.16	2530
Iteration: 170	1531	1732	1986.61	2529
Iteration: 171	1531	1640	1987.75	2659
Iteration: 172	1531	1678	1964.48	2610
Iteration: 173	1531	1656	1967.38	2461
Iteration: 174	1531	1688	1964.69	2663
Iteration: 175	1531	1650	1966.45	2476
Iteration: 176	1531	1660	1955.31	2598
Iteration: 177	1531	1674	1997.58	2517
Iteration: 178	1531	1686	1990.16	2440
Iteration: 179	1531	1660	1975.12	2526
Iteration: 180	1531	1660	1964.81	2504
Iteration: 181	1531	1709	1983.02	2414
Iteration: 182	1531	1720	1990.22	2547
Iteration: 183	1531	1657	1980.71	2537
Iteration: 184	1531	1677	1972.82	2493
Iteration: 185	1531	1691	1977.13	2549
Iteration: 186	1531	1669	1975.88	2389
Iteration: 187	1531	1698	1972.96	2485
Iteration: 188	1531	1661	1941.32	2253
Iteration: 189	1531	1618	1992.54	2426
Iteration: 190	1531	1640	1985.17	2419
Iteration: 191	1531	1672	1981.96	2488
Iteration: 192	1531	1677	1993.1	2535
Iteration: 193	1531	1745	1978.18	2348
Iteration: 194	1531	1699	1990.86	2542
Iteration: 195	1531	1702	1962.03	2369
Iteration: 196	1531	1722	2005.73	2608
Iteration: 197	1531	1721	1957.21	2716
Iteration: 198	1531	1638	1996.14	2468
Iteration: 199	1531	1698	1975.51	2375
Iteration: 200	1531	1670	1984.02	2487
Iteration: 201	1531	1698	1987.09	2501
Iteration: 202	1531	1668	1946.15	2543
Iteration: 203	1531	1711	1948.49	2501
Iteration: 204	1531	1663	1956.87	2466
Iteration: 205	1531	1617	1985.74	2952
Iteration: 206	1531	1734	1978.76	2316
Iteration: 207	1531	1659	1986.34	2712
Iteration: 208	1531	1670	1971.83	2323
Iteration: 209	1531	1670	1968.55	2472
Iteration: 210	1531	1651	1975.66	2435
Iteration: 211	1531	1650	1965.63	2552
Iteration: 212	1531	1677	1965.64	2344
Iteration: 213	1531	1634	1993.38	2462
Iteration: 214	1531	1738	1992.66	2749
Iteration: 215	1531	1699	1979.43	2433
Iteration: 216	1531	1694	1956.44	2700
Iteration: 217	1531	1736	1999.74	2704
Iteration: 218	1531	1704	2025.97	2594
Iteration: 219	1531	1636	1957.02	2350
Iteration: 220	1531	1619	2007.35	2551
Iteration: 221	1531	1602	1982.5	2617
Iteration: 222	1531	1708	1975.44	2455
Iteration: 223	1531	1613	1961.33	2459
Iteration: 224	1531	1645	1978.95	2501
Iteration: 225	1531	1664	2003.5	2428
Iteration: 226	1531	1668	1960.63	2394
Iteration: 227	1531	1731	1954.91	2364
Iteration: 228	1531	1674	1984.05	2486
Iteration: 229	1531	1673	1969.48	2694
Iteration: 230	1531	1687	1995.02	2378
Iteration: 231	1531	1670	1970.66	2413
Iteration: 232	1531	1596	1982.53	2518
Iteration: 233	1531	1721	1983.28	2482
Iteration: 234	1531	1697	2017.53	2373
Iteration: 235	1531	1655	1986.11	2566
Iteration: 236	1531	1722	2004.31	2623
Iteration: 237	1531	1658	1985.59	2514
Iteration: 238	1531	1701	1962.92	2561
Iteration: 239	1531	1667	1942.65	2448
Iteration: 240	1531	1649	1957.31	2440
Iteration: 241	1531	1710	1986.69	2486
Iteration: 242	1531	1652	1977.38	2519
Iteration: 243	1531	1617	2000.59	2670
Iteration: 244	1531	1696	1971.42	2519
Iteration: 245	1531	1637	1990.8	2734
Iteration: 246	1531	1690	1937.31	2635
Iteration: 247	1531	1648	1953.05	2459
Iteration: 248	1531	1711	1981.3	2461
Iteration: 249	1531	1691	1960.59	2392
Iteration: 250	1531	1654	1951.61	2483
Iteration: 251	1531	1706	1949.46	2495
Iteration: 252	1531	1679	1967.21	2458
Iteration: 253	1531	1689	1993.32	2509
Iteration: 254	1531	1604	1994.99	2552
Iteration: 255	1531	1685	1997.42	2380
Iteration: 256	1531	1674	1960.98	2318
Iteration: 257	1531	1675	1996.97	2548
Iteration: 258	1531	1727	1982.48	2437
Iteration: 259	1531	1654	1960.03	2440
Iteration: 260	1531	1697	1999.82	2689
Iteration: 261	1531	1704	1955.54	2400
Iteration: 262	1531	1662	2018.77	2504
Iteration: 263	1531	1665	1952.43	2444
Iteration: 264	1531	1605	1954.52	2299
Iteration: 265	1531	1678	1985.88	2418
Iteration: 266	1531	1671	1976.96	2696
Iteration: 267	1531	1699	1972.92	2430
Iteration: 268	1531	1718	1994.48	2560
Iteration: 269	1531	1731	2024.38	2666
Iteration: 270	1531	1639	1992.01	2768
Iteration: 271	1531	1675	1983.59	2426
Iteration: 272	1531	1654	1987.05	2482
Iteration: 273	1531	1714	1982.71	2528
Iteration: 274	1531	1675	1958.34	2380
Iteration: 275	1531	1687	1962.79	2782
Iteration: 276	1531	1629	1989.49	2345
Iteration: 277	1531	1570	1967.8	2567
Iteration: 278	1531	1652	1980.04	2484
Iteration: 279	1531	1639	1974.57	2642
Iteration: 280	1531	1707	2004.17	2553
Iteration: 281	1531	1637	2003.11	2701
Iteration: 282	1531	1722	1981.17	2472
Iteration: 283	1531	1678	1971.21	2628
Iteration: 284	1531	1618	1966.21	2727
Iteration: 285	1531	1646	1966.71	2645
Iteration: 286	1531	1653	1985.69	2692
Iteration: 287	1531	1647	1981.25	2429
Iteration: 288	1531	1715	1984.3	2449
Iteration: 289	1531	1661	1966.87	2509
Iteration: 290	1531	1567	1991.65	2530
Iteration: 291	1531	1698	1997.94	2513
Iteration: 292	1531	1699	1996.8	2709
Iteration: 293	1531	1651	1956.28	2332
Iteration: 294	1531	1674	1995.54	2467
Iteration: 295	1531	1701	1979.2	2616
Iteration: 296	1531	1713	2009.38	2643
Iteration: 297	1531	1681	1981.22	2724
Iteration: 298	1531	1653	1967.18	2399
Iteration: 299	1531	1609	1985.83	2671
Iteration: 300	1531	1628	1950.63	2408
Iteration: 301	1531	1674	1961.89	2460
Iteration: 302	1531	1606	2001.29	2602
Iteration: 303	1531	1650	2020.41	2647
Iteration: 304	1531	1728	1969.3	2579
Iteration: 305	1531	1690	1982.91	2550
Iteration: 306	1531	1672	1979.85	2568
Iteration: 307	1531	1671	1970.69	2431
Iteration: 308	1531	1638	1968.55	2495
Iteration: 309	1531	1690	1965.38	2563
Iteration: 310	1531	1695	1983.83	2391
Iteration: 311	1531	1622	1962.87	2487
Iteration: 312	1531	1672	1969.44	2425
Iteration: 313	1531	1668	1976.95	2455
Iteration: 314	1531	1669	1975.19	2476
Iteration: 315	1531	1660	1962.88	2401
Iteration: 316	1531	1648	1961.99	2371
Iteration: 317	1531	1735	1971.17	2349
Iteration: 318	1531	1664	1997.65	2595
Iteration: 319	1531	1691	1942.47	2527
Iteration: 320	1531	1679	1995.17	2774
Iteration: 321	1531	1688	2001.67	2454
Iteration: 322	1531	1638	1966	2473
Iteration: 323	1531	1667	2007.17	2390
Iteration: 324	1531	1680	1937.29	2261
Iteration: 325	1531	1740	2012.5	2540
Iteration: 326	1531	1679	1964.9	2444
Iteration: 327	1531	1612	1967.14	2368
Iteration: 328	1531	1576	1986.46	2520
Iteration: 329	1520	1520	1986.46	2493
Iteration: 330	1520	1699	1964.2	2427
Iteration: 331	1520	1702	1992.9	2480
Iteration: 332	1520	1759	1994.65	2492
Iteration: 333	1520	1645	1970.69	2397
Iteration: 334	1520	1689	1958.8	2436
Iteration: 335	1520	1625	1992.76	2598
Iteration: 336	1520	1638	1975.12	2456
Iteration: 337	1520	1690	1962.61	2602
Iteration: 338	1520	1727	1964.77	2540
Iteration: 339	1520	1646	1955.16	2490
Iteration: 340	1520	1701	1983.61	2425
Iteration: 341	1520	1665	1971.77	2606
Iteration: 342	1520	1666	1968.87	2633
Iteration: 343	1520	1710	1980.49	2448
Iteration: 344	1520	1584	1967.24	2646
Iteration: 345	1520	1685	1997.96	2459
Iteration: 346	1520	1645	2002.34	2408
Iteration: 347	1520	1730	1991.22	2593
Iteration: 348	1520	1626	2006.95	2523
Iteration: 349	1520	1619	1966.43	2432
Iteration: 350	1520	1635	1960.7	2631
Iteration: 351	1520	1600	1977.73	2394
Iteration: 352	1520	1599	1972.68	2441
Iteration: 353	1520	1644	1961.33	2469
Iteration: 354	1520	1651	1966.18	2523
Iteration: 355	1520	1669	1966.1	2516
Iteration: 356	1520	1695	1967.87	2586
Iteration: 357	1520	1657	1985.93	2519
Iteration: 358	1520	1624	1980.07	2735
Iteration: 359	1520	1674	1987.45	2608
Iteration: 360	1520	1693	1994.62	2457
Iteration: 361	1520	1666	1998.28	2611
Iteration: 362	1520	1643	1970.61	2356
Iteration: 363	1520	1668	2004.59	2544
Iteration: 364	1520	1656	1996.51	2730
Iteration: 365	1520	1702	1983.71	2337
Iteration: 366	1520	1618	1983.93	2528
Iteration: 367	1520	1678	1995.12	2467
Iteration: 368	1520	1703	1992.48	2317
Iteration: 369	1520	1677	1960.21	2379
Iteration: 370	1520	1687	1973.15	2591
Iteration: 371	1520	1612	1940.66	2410
Iteration: 372	1520	1615	1993.31	2449
Iteration: 373	1520	1710	1958.94	2408
Iteration: 374	1520	1677	1978.29	2393
Iteration: 375	1520	1711	1970.03	2381
Iteration: 376	1520	1693	1979.46	2567
Iteration: 377	1520	1678	1992.02	2545
Iteration: 378	1520	1685	1984.05	2691
Iteration: 379	1520	1655	1984.32	2735
Iteration: 380	1520	1677	1963.55	2573
Iteration: 381	1520	1704	1973.4	2471
Iteration: 382	1520	1689	1975.11	2640
Iteration: 383	1520	1662	1985.73	2633
Iteration: 384	1520	1712	1970.35	2417
Iteration: 385	1520	1618	2004.78	2486
Iteration: 386	1520	1632	1981.17	2626
Iteration: 387	1520	1742	1962.43	2405
Iteration: 388	1520	1695	1970.28	2488
Iteration: 389	1520	1660	1978.17	2515
Iteration: 390	1520	1624	1972.11	2486
Iteration: 391	1520	1599	1965.9	2487
Iteration: 392	1520	1689	1981.61	2456
Iteration: 393	1520	1638	1933.9	2460
Iteration: 394	1520	1750	1980.93	2388
Iteration: 395	1520	1631	1966.09	2416
Iteration: 396	1520	1649	1989.2	2987
Iteration: 397	1520	1709	2013.34	2647
Iteration: 398	1520	1703	1989.91	2451
Iteration: 399	1520	1695	1971.21	2458
Iteration: 400	1520	1737	1989.39	2521
Iteration: 401	1520	1697	2015.01	2619
Iteration: 402	1520	1630	1987.08	2456
Iteration: 403	1520	1655	1961.03	2384
Iteration: 404	1520	1673	1994.78	2525
Iteration: 405	1520	1677	1972.61	2445
Iteration: 406	1520	1696	1972.7	2458
Iteration: 407	1520	1652	1972.42	2579
Iteration: 408	1520	1673	1966.74	2540
Iteration: 409	1520	1635	1983.8	2631
Iteration: 410	1520	1620	1976.87	2485
Iteration: 411	1520	1707	1984.34	2333
Iteration: 412	1520	1571	1972.23	2536
Iteration: 413	1520	1629	1971.27	2528
Iteration: 414	1520	1695	1997.63	2759
Iteration: 415	1520	1630	1979.28	2427
Iteration: 416	1520	1697	1986.85	2532
Iteration: 417	1520	1669	1977.96	2735
Iteration: 418	1520	1626	1939.87	2838
Iteration: 419	1520	1667	1976.57	2643
Iteration: 420	1520	1709	2004.54	2461
Iteration: 421	1520	1605	1980.49	2711
Iteration: 422	1520	1654	1994.56	2432
Iteration: 423	1520	1656	1969.69	2414
Iteration: 424	1520	1665	2004.74	2454
Iteration: 425	1520	1710	1987.84	2415
Iteration: 426	1520	1652	1971.85	2550
Iteration: 427	1520	1653	1982.68	2772
Iteration: 428	1520	1648	1956.41	2450
Iteration: 429	1520	1701	1984.09	2436
Iteration: 430	1520	1667	1966.65	2599
Iteration: 431	1520	1645	1949.02	2504
Iteration: 432	1520	1710	1953.69	2544
Iteration: 433	1520	1667	1987.79	2462
Iteration: 434	1520	1628	1985.16	2605
Iteration: 435	1520	1683	1995.92	2384
Iteration: 436	1520	1627	1981.85	2508
Iteration: 437	1520	1677	1948.36	2491
Iteration: 438	1520	1688	1961.2	2431
Iteration: 439	1520	1698	1973.14	2630
Iteration: 440	1520	1651	1982.16	2522
Iteration: 441	1520	1610	1984.91	3208
Iteration: 442	1520	1670	1991.03	2586
Iteration: 443	1520	1677	1977.85	2499
Iteration: 444	1520	1667	1994.42	2599
Iteration: 445	1520	1590	1973.36	2459
Iteration: 446	1520	1713	1970.81	2462
Iteration: 447	1520	1632	1977.19	2761
Iteration: 448	1520	1644	1979.42	2368
Iteration: 449	1520	1639	1975.81	2786
Iteration: 450	1520	1672	1963.38	2499
Iteration: 451	1520	1665	1964.17	2598
Iteration: 452	1520	1686	1958.74	2300
Iteration: 453	1520	1629	1968.3	2427
Iteration: 454	1520	1657	1981.12	2391
Iteration: 455	1520	1599	1976.79	2481
Iteration: 456	1520	1734	1966.57	2579
Iteration: 457	1520	1652	1958.12	2252
Iteration: 458	1520	1693	1967.77	2487
Iteration: 459	1520	1740	1980.29	2390
Iteration: 460	1520	1676	1994.1	2485
Iteration: 461	1520	1689	1979.27	2700
Iteration: 462	1520	1654	1950.29	2261
Iteration: 463	1520	1669	1979.84	2705
Iteration: 464	1520	1659	1977.19	2434
Iteration: 465	1520	1654	2021.91	2627
Iteration: 466	1520	1695	1996.59	2422
Iteration: 467	1520	1651	1978.15	2479
Iteration: 468	1520	1626	1973.63	2531
Iteration: 469	1520	1719	2007.41	2665
Iteration: 470	1520	1737	1981.53	2454
Iteration: 471	1520	1712	1989.78	2741
Iteration: 472	1520	1678	1967.56	2964
Iteration: 473	1520	1609	1992.09	2553
Iteration: 474	1520	1705	1965.74	2325
Iteration: 475	1520	1648	1949.72	2522
Iteration: 476	1520	1702	1999.3	2478
Iteration: 477	1520	1706	2016.2	2462
Iteration: 478	1520	1653	1958.41	2519
Iteration: 479	1520	1626	1964.31	2576
Iteration: 480	1520	1592	1949.7	2644
Iteration: 481	1520	1678	1948.72	2275
Iteration: 482	1520	1653	1980.21	2692
Iteration: 483	1520	1667	2008.75	2576
Iteration: 484	1520	1687	1976.53	2577
Iteration: 485	1520	1693	2006.5	2634
Iteration: 486	1520	1707	1991.13	2519
Iteration: 487	1520	1694	1961.86	2308
Iteration: 488	1520	1700	1992.07	2657
Iteration: 489	1520	1583	2020.38	2484
Iteration: 490	1520	1702	1984.38	2405
Iteration: 491	1520	1646	1962.84	2350
Iteration: 492	1520	1664	1969.09	2543
Iteration: 493	1520	1640	1963	2351
Iteration: 494	1520	1660	1964.66	2624
Iteration: 495	1520	1672	1952.78	2366
Iteration: 496	1520	1692	2006.21	2623
Iteration: 497	1520	1715	1971.7	2376
Iteration: 498	1520	1649	1995.77	2844
Iteration: 499	1520	1670	1958.87	2368
