Iteration: 0	1667	1667	2035.4	2745
Iteration: 1	1667	1724	1974.01	2698
Iteration: 2	1667	1688	2008.17	2548
Iteration: 3	1639	1639	1973.39	2343
Iteration: 4	1639	1700	1993.23	2537
Iteration: 5	1620	1620	1985.5	2582
Iteration: 6	1620	1714	1969.65	2391
Iteration: 7	1620	1658	1988.11	2679
Iteration: 8	1620	1716	1969.21	2413
Iteration: 9	1620	1698	1968.66	2440
Iteration: 10	1620	1642	2002.08	2662
Iteration: 11	1620	1702	1990.76	2391
Iteration: 12	1620	1658	1982.89	2457
Iteration: 13	1620	1675	1991.9	2424
Iteration: 14	1557	1557	1966.44	2522
Iteration: 15	1557	1682	1947.53	2423
Iteration: 16	1557	1676	1976.26	2716
Iteration: 17	1557	1655	1987.4	2497
Iteration: 18	1557	1648	1956.55	2369
Iteration: 19	1557	1714	1990.91	2691
Iteration: 20	1557	1626	1965.42	2534
Iteration: 21	1557	1704	1979.17	2423
Iteration: 22	1557	1641	1969.84	2349
Iteration: 23	1557	1671	1978.8	2355
Iteration: 24	1557	1606	1971.53	2488
Iteration: 25	1557	1646	1968.73	2640
Iteration: 26	1557	1621	1949.48	2483
Iteration: 27	1557	1689	1970.06	2505
Iteration: 28	1557	1692	1967.24	2404
Iteration: 29	1557	1651	1988.61	2516
Iteration: 30	1557	1645	1971.87	2880
Iteration: 31	1557	1716	1949.86	2332
Iteration: 32	1557	1643	2003.6	2554
Iteration: 33	1557	1625	1964.32	2378
Iteration: 34	1557	1706	1958.78	2593
Iteration: 35	1557	1693	1963.1	2441
Iteration: 36	1557	1709	1945.3	2356
Iteration: 37	1557	1730	1990.25	2581
Iteration: 38	1557	1676	2007.42	2396
Iteration: 39	1557	1650	1983.36	2635
Iteration: 40	1557	1641	1958.81	2371
Iteration: 41	1557	1649	1983.47	2573
Iteration: 42	1557	1696	1956.88	2501
Iteration: 43	1557	1656	1979.2	2423
Iteration: 44	1557	1641	1952.72	2468
Iteration: 45	1557	1705	1948.74	2376
Iteration: 46	1557	1628	1989.07	2454
Iteration: 47	1557	1628	1970.28	2321
Iteration: 48	1557	1678	1993.32	2310
Iteration: 49	1557	1601	1990.86	2419
Iteration: 50	1557	1728	2008.46	2515
Iteration: 51	1557	1742	1993.69	2335
Iteration: 52	1557	1661	1967.94	2583
Iteration: 53	1557	1587	1970.51	2416
Iteration: 54	1557	1657	1954.41	2621
Iteration: 55	1557	1611	1980.32	2411
Iteration: 56	1557	1712	1983.06	2602
Iteration: 57	1557	1679	1995.32	2749
Iteration: 58	1557	1692	1986.27	2436
Iteration: 59	1557	1700	1951.22	2340
Iteration: 60	1557	1634	1966.67	2399
Iteration: 61	1557	1681	1960.8	2519
Iteration: 62	1557	1690	1979.85	2518
Iteration: 63	1557	1675	1963.8	2674
Iteration: 64	1557	1648	1963.57	2292
Iteration: 65	1557	1689	1981.25	2585
Iteration: 66	1557	1721	1995.13	2540
Iteration: 67	1557	1606	1988.61	2490
Iteration: 68	1557	1707	1970.34	2422
Iteration: 69	1557	1619	1954.26	2696
Iteration: 70	1557	1669	2001.77	2715
Iteration: 71	1557	1722	1972.4	2447
Iteration: 72	1557	1698	1986.64	2397
Iteration: 73	1557	1710	1981.75	2522
Iteration: 74	1557	1666	1982	2490
Iteration: 75	1557	1701	1973.05	2396
Iteration: 76	1557	1728	1993.35	2436
Iteration: 77	1557	1622	1960.44	2394
Iteration: 78	1557	1674	1963.29	2538
Iteration: 79	1557	1651	1983.08	2463
Iteration: 80	1557	1600	1976.6	2437
Iteration: 81	1557	1667	1968.62	2606
Iteration: 82	1557	1725	1981.47	2770
Iteration: 83	1557	1632	1995.69	2667
Iteration: 84	1557	1625	1985.46	2773
Iteration: 85	1557	1674	1955.66	2389
Iteration: 86	1557	1667	1990	2535
Iteration: 87	1557	1694	1975.32	2445
Iteration: 88	1557	1692	1985.31	2622
Iteration: 89	1557	1740	2001.49	2549
Iteration: 90	1557	1694	1984.78	2414
Iteration: 91	1557	1663	1963.26	2524
Iteration: 92	1557	1696	1986.37	2350
Iteration: 93	1557	1633	1997.94	2482
Iteration: 94	1550	1550	1975.91	2670
Iteration: 95	1550	1716	1968.82	2431
Iteration: 96	1550	1660	1968.45	2753
Iteration: 97	1550	1654	1980.16	2661
Iteration: 98	1550	1730	1964.99	2428
Iteration: 99	1550	1675	1975.24	2775
Iteration: 100	1550	1707	1964.09	2560
Iteration: 101	1550	1673	1973.28	2422
Iteration: 102	1550	1642	1951.43	2430
Iteration: 103	1550	1621	1959.34	2473
Iteration: 104	1550	1743	2017.29	2632
Iteration: 105	1550	1698	1973.29	2527
Iteration: 106	1550	1628	1968.11	2532
Iteration: 107	1550	1680	1985.09	2592
Iteration: 108	1550	1664	1947.02	2293
Iteration: 109	1550	1684	1999.22	2550
Iteration: 110	1550	1709	1966.09	2259
Iteration: 111	1550	1644	1958.92	2458
Iteration: 112	1550	1710	1963.52	2533
Iteration: 113	1550	1633	1967.54	2474
Iteration: 114	1550	1626	1996.51	2437
Iteration: 115	1550	1700	1972.09	2330
Iteration: 116	1550	1716	1979.92	2490
Iteration: 117	1550	1688	1989.57	2515
Iteration: 118	1550	1670	1995.91	2580
Iteration: 119	1550	1706	1955.88	2489
Iteration: 120	1550	1707	1960.97	2361
Iteration: 121	1550	1737	1956.51	2483
Iteration: 122	1550	1751	2006.97	2538
Iteration: 123	1550	1684	1976.19	2666
Iteration: 124	1550	1698	1987.38	2759
Iteration: 125	1550	1627	1983.86	2740
Iteration: 126	1550	1603	1977.77	2527
Iteration: 127	1550	1705	1963.95	2503
Iteration: 128	1550	1663	1973.5	2599
Iteration: 129	1550	1671	1987.25	2385
Iteration: 130	1550	1702	1986.88	2473
Iteration: 131	1550	1653	1977.54	2578
Iteration: 132	1550	1653	1974.9	2481
Iteration: 133	1550	1664	2002.28	2863
Iteration: 134	1550	1682	1969.06	2469
Iteration: 135	1550	1675	1970.87	2579
Iteration: 136	1550	1707	1953.42	2536
Iteration: 137	1550	1726	1999.11	2437
Iteration: 138	1550	1679	1982.33	2437
Iteration: 139	1550	1659	1961.69	2624
Iteration: 140	1550	1643	1986.54	2690
Iteration: 141	1550	1652	1984.46	2529
Iteration: 142	1550	1713	1955.32	2552
Iteration: 143	1550	1766	2006.87	2470
Iteration: 144	1550	1692	1972.34	2774
Iteration: 145	1550	1666	1974.86	2376
Iteration: 146	1550	1626	1962.22	2589
Iteration: 147	1550	1626	1970.55	2415
Iteration: 148	1550	1641	1983.88	2537
Iteration: 149	1550	1693	1993.02	2399
Iteration: 150	1550	1617	1985.86	2501
Iteration: 151	1550	1694	1988.74	2401
Iteration: 152	1550	1625	1981.66	2514
Iteration: 153	1550	1667	1964.59	2389
Iteration: 154	1550	1711	1996.72	2492
Iteration: 155	1550	1597	1973.12	2635
Iteration: 156	1550	1678	1973.19	2610
Iteration: 157	1550	1687	1971.44	2390
Iteration: 158	1550	1707	1979.46	2565
Iteration: 159	1550	1589	1991.65	2530
Iteration: 160	1550	1596	1985.38	2558
Iteration: 161	1550	1673	1952.6	2552
Iteration: 162	1550	1645	1983.76	2613
Iteration: 163	1550	1626	1971.35	2624
Iteration: 164	1550	1688	1976.08	2386
Iteration: 165	1550	1671	1980.99	2667
Iteration: 166	1550	1709	1974.59	2393
Iteration: 167	1550	1661	1981.59	2577
Iteration: 168	1550	1631	1960.96	2536
Iteration: 169	1550	1658	1986.94	2455
Iteration: 170	1550	1700	2010.05	2628
Iteration: 171	1550	1686	1959.9	2387
Iteration: 172	1550	1717	1990.35	2362
Iteration: 173	1550	1679	1975.95	2644
Iteration: 174	1550	1630	1958.7	2527
Iteration: 175	1550	1635	1961.37	2560
Iteration: 176	1550	1588	1955.45	2577
Iteration: 177	1550	1673	1966.17	2631
Iteration: 178	1550	1681	1992.05	2609
Iteration: 179	1550	1645	1976.33	2593
Iteration: 180	1550	1645	1967.64	2506
Iteration: 181	1550	1643	1968.07	2513
Iteration: 182	1550	1673	1949.62	2710
Iteration: 183	1550	1670	1947.65	2473
Iteration: 184	1550	1663	1977.32	2578
Iteration: 185	1550	1704	1978.26	2480
Iteration: 186	1550	1577	1947.85	2591
Iteration: 187	1550	1689	2004.71	2487
Iteration: 188	1550	1584	1964.12	2713
Iteration: 189	1550	1624	1957.29	2365
Iteration: 190	1550	1679	2008.66	2449
Iteration: 191	1550	1665	1974.32	2488
Iteration: 192	1550	1710	1984.25	2363
Iteration: 193	1550	1635	1968.05	2552
Iteration: 194	1550	1719	1956.6	2405
Iteration: 195	1550	1643	1995.57	2560
Iteration: 196	1550	1677	1975.79	2773
Iteration: 197	1550	1712	1992.22	2611
Iteration: 198	1550	1645	1988.16	2627
Iteration: 199	1550	1667	1977.37	2370
Iteration: 200	1550	1623	1966.59	2635
Iteration: 201	1550	1679	1958.72	2368
Iteration: 202	1550	1665	1966.92	2397
Iteration: 203	1550	1581	1981.71	2599
Iteration: 204	1550	1699	1973.13	2478
Iteration: 205	1550	1686	1939.29	2411
Iteration: 206	1550	1704	1994.75	2510
Iteration: 207	1550	1696	1961.73	2542
Iteration: 208	1550	1710	2007.12	2695
Iteration: 209	1550	1608	1995.51	2492
Iteration: 210	1550	1722	1975.56	2467
Iteration: 211	1550	1678	1976.34	2586
Iteration: 212	1550	1723	2003.06	2670
Iteration: 213	1550	1649	1993.33	2545
Iteration: 214	1550	1631	2006.3	2480
Iteration: 215	1550	1707	1962.17	2708
Iteration: 216	1550	1683	1974.22	2507
Iteration: 217	1550	1714	1982.08	2640
Iteration: 218	1550	1663	1983.37	2590
Iteration: 219	1550	1671	1964.46	2421
Iteration: 220	1550	1638	1968.18	2578
Iteration: 221	1550	1720	1985.27	2804
Iteration: 222	1550	1670	1969.29	2709
Iteration: 223	1550	1660	1961.86	2404
Iteration: 224	1550	1646	1942.84	2635
Iteration: 225	1550	1709	1998.45	2508
Iteration: 226	1550	1700	1972.74	2333
Iteration: 227	1550	1701	1995.64	2685
Iteration: 228	1550	1654	1973.71	2495
Iteration: 229	1550	1721	2003.48	2559
Iteration: 230	1550	1665	1964.75	2382
Iteration: 231	1550	1636	1976.03	2450
Iteration: 232	1550	1613	1980.46	2621
Iteration: 233	1550	1568	1976.96	2473
Iteration: 234	1550	1710	1972.68	2645
Iteration: 235	1550	1652	1981.36	2663
Iteration: 236	1550	1632	1973.78	2444
Iteration: 237	1550	1673	1962.29	2434
Iteration: 238	1550	1665	1948.31	2445
Iteration: 239	1550	1660	2002.51	2790
Iteration: 240	1550	1718	1979.57	2771
Iteration: 241	1550	1674	1977.52	2331
Iteration: 242	1550	1672	1979.36	2412
Iteration: 243	1550	1675	1979.72	2452
Iteration: 244	1550	1674	1946.83	2530
Iteration: 245	1550	1673	1972.48	2631
Iteration: 246	1550	1604	1983.66	2420
Iteration: 247	1550	1667	1986.49	2483
Iteration: 248	1550	1573	1986.58	2454
Iteration: 249	1550	1673	1990.2	2541
Iteration: 250	1550	1632	1966.83	2545
Iteration: 251	1550	1701	1977.4	2420
Iteration: 252	1550	1580	1952.4	2311
Iteration: 253	1550	1620	1961.7	2296
Iteration: 254	1550	1623	1978.66	2771
Iteration: 255	1550	1763	1972.52	2337
Iteration: 256	1550	1696	2005.12	2485
Iteration: 257	1550	1714	1973.8	2368
Iteration: 258	1550	1667	1973.21	2494
Iteration: 259	1550	1597	1980.04	2422
Iteration: 260	1550	1684	2024.56	3129
Iteration: 261	1550	1690	2005.69	2483
Iteration: 262	1550	1607	1980.73	2326
Iteration: 263	1550	1634	1976.38	2538
Iteration: 264	1550	1633	1968.37	2378
Iteration: 265	1550	1590	1992.33	2560
Iteration: 266	1550	1707	1992.19	2401
Iteration: 267	1550	1647	1975.86	2764
Iteration: 268	1550	1669	1967.36	2456
Iteration: 269	1550	1708	1976.46	2598
Iteration: 270	1550	1680	1991.01	2637
Iteration: 271	1550	1679	1977.65	2392
Iteration: 272	1550	1664	1982.13	2633
Iteration: 273	1550	1657	1991.59	2662
Iteration: 274	1550	1647	1966.16	2337
Iteration: 275	1550	1690	1979.04	2600
Iteration: 276	1550	1644	1973.2	2381
Iteration: 277	1550	1596	1950.69	2457
Iteration: 278	1550	1713	1978.86	2459
Iteration: 279	1550	1649	1973.01	2518
Iteration: 280	1550	1638	1967.49	2473
Iteration: 281	1550	1712	1995.14	2760
Iteration: 282	1550	1684	1971.13	2341
Iteration: 283	1550	1670	1956	2362
Iteration: 284	1550	1695	1995.7	2517
Iteration: 285	1550	1736	2004.8	2565
Iteration: 286	1550	1668	1982.19	2494
Iteration: 287	1550	1607	1981.96	2264
Iteration: 288	1550	1700	1990.45	2528
Iteration: 289	1550	1677	1999.08	2328
Iteration: 290	1550	1646	1967.75	2748
Iteration: 291	1550	1668	2007.97	2645
Iteration: 292	1550	1652	1953.29	2478
Iteration: 293	1550	1695	1960.99	2318
Iteration: 294	1550	1632	1951.07	2452
Iteration: 295	1550	1650	1993.91	2432
Iteration: 296	1550	1650	1973.85	2592
Iteration: 297	1550	1712	1993.84	2391
Iteration: 298	1550	1682	1969.26	2398
Iteration: 299	1550	1678	1989.83	2475
Iteration: 300	1550	1661	1948.1	2468
Iteration: 301	1550	1671	1954.18	2291
