Iteration: 0	1627	1627	1963.09	2291
Iteration: 1	1627	1663	1954.7	2349
Iteration: 2	1627	1703	1943.94	2460
Iteration: 3	1627	1661	1945.45	2352
Iteration: 4	1627	1683	1934.49	2342
Iteration: 5	1619	1619	1954.93	2375
Iteration: 6	1619	1736	1983.05	2335
Iteration: 7	1596	1596	1947.88	2298
Iteration: 8	1596	1645	1945.87	2292
Iteration: 9	1596	1646	1958.92	2215
Iteration: 10	1596	1643	1930.57	2327
Iteration: 11	1596	1698	1930.01	2376
Iteration: 12	1596	1620	1952.54	2404
Iteration: 13	1596	1631	1928.89	2289
Iteration: 14	1596	1656	1964.35	2697
Iteration: 15	1596	1694	1947.95	2622
Iteration: 16	1596	1719	1966.18	2530
Iteration: 17	1596	1603	1937.85	2504
Iteration: 18	1596	1699	1975.85	2508
Iteration: 19	1596	1658	1946.05	2563
Iteration: 20	1596	1626	1947.36	2379
Iteration: 21	1596	1677	1944.66	2474
Iteration: 22	1596	1677	1948.13	2351
Iteration: 23	1537	1537	1927	2334
Iteration: 24	1537	1598	1930.54	2558
Iteration: 25	1537	1645	1950.16	2421
Iteration: 26	1537	1628	1942.35	2348
Iteration: 27	1537	1682	1969.76	2468
Iteration: 28	1537	1702	1967.97	2425
Iteration: 29	1537	1654	1925.6	2401
Iteration: 30	1537	1672	1935.32	2518
Iteration: 31	1537	1702	1942.2	2460
Iteration: 32	1537	1679	1938.61	2405
Iteration: 33	1537	1698	1955.48	2412
Iteration: 34	1537	1698	1950.81	2315
Iteration: 35	1537	1675	1943.96	2392
Iteration: 36	1537	1657	1935.74	2417
Iteration: 37	1537	1706	1949.72	2547
Iteration: 38	1537	1591	1954.09	2296
Iteration: 39	1537	1618	1921.45	2351
Iteration: 40	1537	1678	1929.58	2366
Iteration: 41	1537	1634	1922.15	2424
Iteration: 42	1537	1681	1941.31	2372
Iteration: 43	1537	1683	1949.23	2521
Iteration: 44	1537	1649	1938.14	2286
Iteration: 45	1537	1674	1941.94	2228
Iteration: 46	1537	1632	1923.87	2412
Iteration: 47	1537	1647	1931.38	2289
Iteration: 48	1537	1683	1955.76	2328
Iteration: 49	1537	1600	1948.88	2348
Iteration: 50	1537	1698	1958.36	2461
Iteration: 51	1537	1638	1961.97	2350
Iteration: 52	1537	1652	1951.72	2481
Iteration: 53	1537	1683	1934.75	2231
Iteration: 54	1537	1727	1942.94	2399
Iteration: 55	1537	1744	1953.81	2375
Iteration: 56	1537	1621	1930.16	2514
Iteration: 57	1537	1669	1942.28	2478
Iteration: 58	1537	1707	1950.55	2532
Iteration: 59	1537	1657	1962.42	2337
Iteration: 60	1537	1609	1937.77	2551
Iteration: 61	1537	1667	1958.86	2537
Iteration: 62	1537	1643	1940.78	2222
Iteration: 63	1537	1602	1936.39	2490
Iteration: 64	1537	1654	1944.23	2435
Iteration: 65	1537	1738	1968.12	2422
Iteration: 66	1537	1604	1922.88	2531
Iteration: 67	1537	1745	1979.7	2334
Iteration: 68	1537	1711	1948.59	2460
Iteration: 69	1537	1653	1933.21	2415
Iteration: 70	1537	1678	1953.42	2488
Iteration: 71	1537	1693	1918.14	2268
Iteration: 72	1537	1648	1946.42	2415
Iteration: 73	1537	1656	1954.73	2435
Iteration: 74	1537	1713	1980.63	2500
Iteration: 75	1537	1648	1928.79	2349
Iteration: 76	1537	1609	1928.69	2303
Iteration: 77	1536	1536	1942.03	2265
Iteration: 78	1536	1677	1947.46	2429
Iteration: 79	1536	1667	1965.79	2657
Iteration: 80	1536	1704	1955.28	2434
Iteration: 81	1536	1696	1946.62	2352
Iteration: 82	1536	1650	1945.09	2332
Iteration: 83	1536	1706	1945.94	2335
Iteration: 84	1536	1615	1935.3	2371
Iteration: 85	1536	1685	1953.59	2647
Iteration: 86	1536	1717	1953.8	2566
Iteration: 87	1536	1693	1938.61	2267
Iteration: 88	1536	1630	1929.49	2449
Iteration: 89	1536	1676	1936.08	2442
Iteration: 90	1536	1697	1939.3	2325
Iteration: 91	1536	1663	1944.63	2439
Iteration: 92	1536	1696	1971.68	2392
Iteration: 93	1536	1704	1933.17	2309
Iteration: 94	1536	1645	1936.73	2330
Iteration: 95	1536	1651	1934.41	2256
Iteration: 96	1536	1687	1957.9	2544
Iteration: 97	1536	1713	1957.44	2487
Iteration: 98	1536	1704	1948.38	2454
Iteration: 99	1536	1640	1954.31	2463
Iteration: 100	1536	1636	1938.99	2762
Iteration: 101	1536	1694	1950.1	2304
Iteration: 102	1536	1618	1952.97	2554
Iteration: 103	1536	1723	1940.84	2413
Iteration: 104	1536	1618	1936.75	2645
Iteration: 105	1536	1636	1939.94	2399
Iteration: 106	1536	1678	1935.95	2488
Iteration: 107	1536	1643	1925.34	2246
Iteration: 108	1536	1700	1962.29	2588
Iteration: 109	1536	1669	1913.54	2432
Iteration: 110	1536	1676	1964.38	2538
Iteration: 111	1536	1686	1932.6	2288
Iteration: 112	1536	1672	1924.07	2304
Iteration: 113	1536	1715	1939.47	2263
Iteration: 114	1536	1699	1941.81	2341
Iteration: 115	1536	1666	1947.39	2662
Iteration: 116	1536	1701	1973.86	2670
Iteration: 117	1536	1731	1965.47	2584
Iteration: 118	1536	1699	1930.12	2616
Iteration: 119	1536	1612	1948.22	2480
Iteration: 120	1536	1698	1945.22	2392
Iteration: 121	1536	1696	1940.11	2384
Iteration: 122	1536	1658	1920.22	2309
Iteration: 123	1536	1692	1935.8	2408
Iteration: 124	1536	1694	1935.28	2410
Iteration: 125	1536	1648	1949.17	2385
Iteration: 126	1536	1660	1949.69	2545
Iteration: 127	1536	1604	1940.36	2631
Iteration: 128	1536	1617	1940.59	2275
Iteration: 129	1536	1706	1954.79	2583
Iteration: 130	1536	1697	1955.18	2332
Iteration: 131	1536	1601	1942	2282
Iteration: 132	1536	1684	1921.02	2431
Iteration: 133	1536	1704	1967.7	2304
Iteration: 134	1536	1700	1943.17	2424
Iteration: 135	1536	1681	1983.9	2536
Iteration: 136	1536	1696	1940.76	2391
Iteration: 137	1536	1643	1929.95	2418
Iteration: 138	1536	1635	1977.73	2556
Iteration: 139	1536	1643	1937.64	2363
Iteration: 140	1536	1678	1940.78	2253
Iteration: 141	1536	1707	1967.91	2629
Iteration: 142	1536	1750	1953.29	2329
Iteration: 143	1536	1596	1938.21	2330
Iteration: 144	1536	1681	1947.22	2433
Iteration: 145	1536	1664	1946.03	2418
Iteration: 146	1536	1652	1938.98	2482
Iteration: 147	1536	1655	1982.74	2336
Iteration: 148	1536	1656	1985.92	2575
Iteration: 149	1536	1599	1934.68	2325
Iteration: 150	1536	1599	1926.46	2382
Iteration: 151	1536	1665	1953.8	2517
Iteration: 152	1536	1689	1932.72	2390
Iteration: 153	1536	1668	1953.15	2765
Iteration: 154	1536	1562	1950.51	2429
Iteration: 155	1536	1624	1951.1	2471
Iteration: 156	1536	1602	1954.58	2434
Iteration: 157	1536	1657	1948.03	2399
Iteration: 158	1536	1630	1953.64	2553
Iteration: 159	1536	1637	1971.25	2464
Iteration: 160	1536	1655	1955.06	2255
Iteration: 161	1536	1687	1960.58	2586
Iteration: 162	1536	1688	1933.4	2331
Iteration: 163	1536	1703	1937.36	2314
Iteration: 164	1536	1655	1932.64	2219
Iteration: 165	1536	1656	1943.61	2413
Iteration: 166	1536	1691	1959.88	2445
Iteration: 167	1536	1677	1941.41	2293
Iteration: 168	1536	1641	1963.09	2449
Iteration: 169	1536	1681	1944.43	2269
Iteration: 170	1536	1624	1956.91	2519
Iteration: 171	1536	1662	1939.22	2399
Iteration: 172	1536	1661	1936.8	2294
Iteration: 173	1536	1665	1942.5	2409
Iteration: 174	1536	1636	1961.36	2595
Iteration: 175	1536	1660	1939.68	2478
Iteration: 176	1536	1717	1948.55	2351
Iteration: 177	1536	1630	1933.74	2330
Iteration: 178	1536	1721	1952.67	2509
Iteration: 179	1536	1632	1937.22	2468
Iteration: 180	1536	1677	1957.5	2434
Iteration: 181	1536	1685	1936.05	2492
Iteration: 182	1536	1657	1959.05	2345
Iteration: 183	1536	1676	1941.11	2304
Iteration: 184	1536	1612	1927.47	2237
Iteration: 185	1536	1602	1947.88	2353
Iteration: 186	1536	1660	1945	2629
Iteration: 187	1536	1638	1970.98	2534
Iteration: 188	1536	1704	1941.54	2398
Iteration: 189	1536	1695	1947.84	2389
Iteration: 190	1536	1667	1953.15	2412
Iteration: 191	1536	1639	1955.93	2525
Iteration: 192	1536	1598	1968.7	2517
Iteration: 193	1536	1692	1959.82	2461
Iteration: 194	1536	1661	1968.81	2445
Iteration: 195	1536	1655	1951.67	2449
Iteration: 196	1536	1671	1965.89	2425
Iteration: 197	1536	1690	1959.05	2284
Iteration: 198	1536	1703	1953.86	2559
Iteration: 199	1536	1674	1928.28	2451
Iteration: 200	1536	1697	1953.56	2369
Iteration: 201	1536	1654	1933.25	2275
Iteration: 202	1536	1620	1955.6	2465
Iteration: 203	1536	1633	1929.48	2379
Iteration: 204	1536	1616	1943.08	2396
Iteration: 205	1536	1668	1920.9	2343
Iteration: 206	1536	1626	1965.15	2677
Iteration: 207	1536	1716	1963.65	2664
Iteration: 208	1536	1674	1944.47	2335
Iteration: 209	1536	1678	1968.2	2372
Iteration: 210	1536	1608	1946.71	2294
Iteration: 211	1536	1638	1960.3	2321
Iteration: 212	1536	1645	1956.9	2361
Iteration: 213	1536	1655	1934.1	2694
Iteration: 214	1536	1710	1969.53	2628
Iteration: 215	1536	1605	1949.02	2301
Iteration: 216	1536	1600	1918.76	2226
Iteration: 217	1536	1562	1910.79	2229
Iteration: 218	1536	1679	1927.42	2379
Iteration: 219	1536	1546	1941.83	2703
Iteration: 220	1536	1676	1942.42	2421
Iteration: 221	1536	1664	1946.7	2479
Iteration: 222	1536	1600	1933.97	2278
Iteration: 223	1536	1694	1962.78	2535
Iteration: 224	1536	1705	1920.63	2414
Iteration: 225	1536	1667	1970.36	2541
Iteration: 226	1536	1587	1931.36	2353
Iteration: 227	1536	1658	1934.94	2250
Iteration: 228	1536	1666	1951.91	2466
Iteration: 229	1536	1557	1965.62	2612
Iteration: 230	1536	1651	1926.65	2671
Iteration: 231	1536	1659	1931.01	2566
Iteration: 232	1536	1658	1965.69	2527
Iteration: 233	1536	1541	1976.43	2671
Iteration: 234	1536	1636	1929.31	2327
Iteration: 235	1536	1659	1961.13	2539
Iteration: 236	1536	1644	1933.78	2431
Iteration: 237	1536	1644	1947.25	2601
Iteration: 238	1536	1624	1938.05	2620
Iteration: 239	1536	1700	1950.66	2460
Iteration: 240	1536	1624	1959.51	2749
Iteration: 241	1536	1669	1938.37	2300
Iteration: 242	1536	1635	1943.43	2424
Iteration: 243	1536	1661	1949.08	2640
Iteration: 244	1536	1622	1955.8	2508
Iteration: 245	1536	1678	1919.08	2352
Iteration: 246	1536	1658	1946.72	2385
Iteration: 247	1536	1662	1933.35	2405
Iteration: 248	1536	1613	1928.79	2291
Iteration: 249	1536	1676	1941.85	2399
Iteration: 250	1536	1557	1939.99	2588
Iteration: 251	1536	1656	1941.01	2294
Iteration: 252	1536	1655	1941.79	2579
Iteration: 253	1536	1650	1937.34	2560
Iteration: 254	1536	1572	1959.25	2389
Iteration: 255	1536	1651	1960.11	2752
Iteration: 256	1536	1670	1948.99	2584
Iteration: 257	1536	1709	1946.81	2481
Iteration: 258	1536	1727	1947.92	2265
Iteration: 259	1536	1628	1924.99	2355
Iteration: 260	1536	1634	1949.56	2503
Iteration: 261	1536	1634	1955.04	2395
Iteration: 262	1536	1662	1943.09	2457
Iteration: 263	1536	1722	1970.68	2557
Iteration: 264	1536	1717	1949.87	2357
Iteration: 265	1536	1682	1934.91	2486
Iteration: 266	1536	1604	1957.26	2326
Iteration: 267	1536	1617	1930.74	2303
Iteration: 268	1536	1569	1938.73	2318
Iteration: 269	1536	1685	1928.54	2473
Iteration: 270	1536	1670	1948.84	2445
Iteration: 271	1536	1602	1930.03	2372
Iteration: 272	1536	1708	1937.57	2250
Iteration: 273	1536	1638	1924.41	2290
Iteration: 274	1536	1694	1931.08	2393
Iteration: 275	1536	1664	1945.94	2374
Iteration: 276	1536	1678	1949.06	2417
Iteration: 277	1536	1653	1936.13	2514
Iteration: 278	1536	1623	1959.78	2491
Iteration: 279	1536	1661	1953.75	2419
Iteration: 280	1536	1632	1930.57	2364
Iteration: 281	1536	1592	1927.83	2584
Iteration: 282	1536	1602	1952.04	2472
Iteration: 283	1536	1679	1942.21	2357
Iteration: 284	1536	1665	1939.16	2494
Iteration: 285	1536	1749	1942.48	2294
Iteration: 286	1536	1732	1946	2534
Iteration: 287	1536	1677	1992.01	2421
Iteration: 288	1536	1611	1944	2485
Iteration: 289	1536	1604	1934.65	2390
Iteration: 290	1536	1672	1937.5	2295
Iteration: 291	1536	1696	1942.91	2448
Iteration: 292	1536	1684	1980.48	2562
Iteration: 293	1536	1640	1990.73	2412
Iteration: 294	1536	1734	1958.11	2479
Iteration: 295	1536	1708	1949.78	2279
Iteration: 296	1536	1573	1923.58	2322
Iteration: 297	1536	1730	1957.48	2341
Iteration: 298	1536	1688	1914.23	2418
Iteration: 299	1536	1632	1923.39	2383
Iteration: 300	1536	1690	1954.77	2715
Iteration: 301	1536	1671	1931.7	2303
Iteration: 302	1536	1602	1962.1	2743
Iteration: 303	1536	1641	1934.22	2623
Iteration: 304	1536	1705	1958.81	2387
Iteration: 305	1536	1680	1951.73	2555
Iteration: 306	1536	1618	1940.49	2502
Iteration: 307	1536	1643	1966.95	2367
Iteration: 308	1536	1672	1929.93	2565
Iteration: 309	1536	1679	1961.64	2858
Iteration: 310	1536	1587	1931.65	2402
Iteration: 311	1536	1652	1962.32	2323
Iteration: 312	1536	1681	1925.74	2281
Iteration: 313	1536	1636	1975.47	2556
Iteration: 314	1536	1590	1960.55	2570
Iteration: 315	1536	1663	1950.53	2707
Iteration: 316	1536	1664	1941.68	2500
Iteration: 317	1536	1684	1962.37	2515
Iteration: 318	1536	1672	1950.05	2487
Iteration: 319	1536	1656	1960.77	2550
Iteration: 320	1536	1634	1927.84	2232
Iteration: 321	1536	1613	1954.04	2583
Iteration: 322	1536	1638	1949.82	2338
Iteration: 323	1536	1602	1938.23	2361
Iteration: 324	1536	1638	1943.87	2431
Iteration: 325	1536	1676	1956.34	2395
Iteration: 326	1536	1639	1954.46	2629
Iteration: 327	1520	1520	1920.62	2288
Iteration: 328	1520	1675	1958.29	2524
Iteration: 329	1520	1620	1939.16	2638
Iteration: 330	1520	1678	1935.66	2575
Iteration: 331	1520	1631	1928.67	2367
Iteration: 332	1520	1720	1969.44	2417
Iteration: 333	1520	1655	1944.48	2448
Iteration: 334	1520	1725	1950.98	2373
Iteration: 335	1520	1654	1935.2	2476
Iteration: 336	1520	1627	1946.63	2396
Iteration: 337	1520	1617	1926.03	2585
Iteration: 338	1520	1639	1947.25	2698
Iteration: 339	1520	1708	1955.47	2324
Iteration: 340	1520	1650	1953.99	2403
Iteration: 341	1520	1664	1921.25	2357
Iteration: 342	1520	1600	1918.91	2401
Iteration: 343	1520	1697	1968.24	2428
Iteration: 344	1520	1662	1943.65	2282
Iteration: 345	1520	1621	1925	2244
Iteration: 346	1520	1648	1913.45	2281
Iteration: 347	1520	1691	1972.8	2540
Iteration: 348	1520	1680	1924.16	2490
Iteration: 349	1520	1616	1930.54	2301
Iteration: 350	1520	1599	1930.96	2175
Iteration: 351	1520	1599	1933.96	2348
Iteration: 352	1520	1662	1964.2	2321
Iteration: 353	1520	1647	1938.36	2249
Iteration: 354	1520	1663	1937.45	2401
Iteration: 355	1520	1644	1950.12	2475
Iteration: 356	1520	1641	1945.56	2544
Iteration: 357	1520	1659	1963.08	2375
Iteration: 358	1520	1702	1919.69	2350
Iteration: 359	1520	1658	1947.62	2514
Iteration: 360	1520	1686	1934.26	2413
Iteration: 361	1520	1675	1936.52	2297
Iteration: 362	1520	1680	1945.76	2448
Iteration: 363	1520	1641	1953.6	2433
Iteration: 364	1520	1671	1963.72	2678
Iteration: 365	1520	1659	1915.18	2345
Iteration: 366	1520	1663	1955.68	2693
Iteration: 367	1520	1616	1944.92	2626
Iteration: 368	1520	1677	1967.06	2342
Iteration: 369	1520	1610	1930.01	2334
Iteration: 370	1520	1742	1942.6	2355
Iteration: 371	1520	1682	1925.16	2345
Iteration: 372	1520	1681	1954.25	2432
Iteration: 373	1520	1708	1949.7	2553
Iteration: 374	1520	1681	1937.99	2227
Iteration: 375	1520	1651	1931.09	2240
Iteration: 376	1520	1653	1960.88	2519
Iteration: 377	1520	1716	1938.8	2375
Iteration: 378	1520	1651	1943.16	2347
Iteration: 379	1520	1680	1966.78	2510
Iteration: 380	1520	1696	1961.04	2630
Iteration: 381	1520	1635	1973.45	2380
Iteration: 382	1520	1710	1967.27	2579
Iteration: 383	1520	1638	1938.03	2474
Iteration: 384	1520	1680	1939.94	2379
Iteration: 385	1520	1612	1932.61	2280
Iteration: 386	1520	1684	1981	2535
Iteration: 387	1520	1678	1958.93	2724
Iteration: 388	1520	1642	1977.04	2818
Iteration: 389	1520	1675	1960.15	2598
Iteration: 390	1520	1658	1937.8	2256
Iteration: 391	1520	1676	1938.86	2370
Iteration: 392	1520	1642	1944.91	2446
Iteration: 393	1520	1639	1933.08	2308
Iteration: 394	1520	1726	1969.72	2637
Iteration: 395	1520	1639	1952.6	2593
Iteration: 396	1520	1675	1948.79	2263
Iteration: 397	1520	1638	1922.82	2367
Iteration: 398	1520	1697	1943.84	2356
Iteration: 399	1520	1682	1948.55	2369
Iteration: 400	1520	1678	1954.66	2508
Iteration: 401	1520	1680	1933.69	2518
Iteration: 402	1520	1663	1955.85	2508
Iteration: 403	1520	1708	1926.3	2339
Iteration: 404	1520	1617	1940.38	2395
Iteration: 405	1520	1690	1961.28	2419
Iteration: 406	1520	1688	1936.88	2343
Iteration: 407	1520	1695	1951.73	2450
Iteration: 408	1520	1705	1944.18	2229
Iteration: 409	1520	1615	1965.86	2397
Iteration: 410	1520	1658	1945.49	2552
Iteration: 411	1520	1677	1976.57	2450
Iteration: 412	1520	1690	1969.61	2403
Iteration: 413	1520	1706	1964.5	2451
Iteration: 414	1520	1582	1916.65	2339
Iteration: 415	1520	1686	1937.8	2296
Iteration: 416	1520	1677	1957.54	2574
Iteration: 417	1520	1741	1963.61	2766
Iteration: 418	1520	1631	1963.39	2572
Iteration: 419	1520	1680	1951.42	2265
Iteration: 420	1520	1721	1989.2	2473
Iteration: 421	1520	1654	1946.33	2485
Iteration: 422	1520	1651	1939.81	2391
Iteration: 423	1520	1764	1959.37	2463
Iteration: 424	1520	1692	1960.68	2339
Iteration: 425	1520	1634	1927.17	2384
Iteration: 426	1520	1652	1946.59	2453
Iteration: 427	1520	1641	1930.74	2387
Iteration: 428	1520	1663	1925.05	2333
Iteration: 429	1520	1601	1936.77	2469
Iteration: 430	1520	1627	1928.95	2412
Iteration: 431	1520	1672	1938.01	2387
Iteration: 432	1520	1692	1946.25	2280
Iteration: 433	1520	1593	1949.25	2446
Iteration: 434	1520	1670	1923.47	2291
Iteration: 435	1520	1598	1945.74	2399
Iteration: 436	1520	1665	1927.93	2388
Iteration: 437	1520	1615	1972.07	2544
Iteration: 438	1520	1694	1960.82	2537
Iteration: 439	1520	1647	1921.37	2322
Iteration: 440	1520	1681	1958.79	2336
Iteration: 441	1520	1705	1988.01	2368
Iteration: 442	1520	1681	1948.1	2300
Iteration: 443	1520	1658	1923.13	2265
Iteration: 444	1520	1634	1954.15	2249
Iteration: 445	1520	1720	1945.75	2442
Iteration: 446	1520	1676	1975.18	2406
Iteration: 447	1520	1715	1934.49	2331
Iteration: 448	1520	1627	1950.99	2740
Iteration: 449	1520	1670	1926.79	2388
Iteration: 450	1520	1641	1945.67	2535
Iteration: 451	1520	1627	1948.25	2511
Iteration: 452	1520	1663	1943.02	2288
Iteration: 453	1520	1622	1944.61	2430
Iteration: 454	1520	1682	1951.31	2241
Iteration: 455	1520	1705	1960.37	2313
Iteration: 456	1520	1598	1952.86	2485
Iteration: 457	1520	1598	1937.72	2640
Iteration: 458	1520	1658	1907.47	2313
Iteration: 459	1520	1617	1945.9	2500
Iteration: 460	1520	1695	1941.26	2321
Iteration: 461	1520	1699	1953.57	2410
Iteration: 462	1520	1641	1967.62	2380
Iteration: 463	1520	1626	1930.94	2453
Iteration: 464	1520	1701	1947.85	2481
Iteration: 465	1520	1650	1958.47	2410
Iteration: 466	1520	1624	1974.9	2481
Iteration: 467	1520	1630	1966.7	2470
Iteration: 468	1520	1669	1933.73	2514
Iteration: 469	1520	1637	1927.94	2409
Iteration: 470	1520	1672	1954.46	2411
Iteration: 471	1520	1658	1925.57	2223
Iteration: 472	1520	1650	1935.75	2647
Iteration: 473	1520	1703	1931.25	2369
Iteration: 474	1520	1564	1941.25	2438
Iteration: 475	1520	1609	1949.96	2494
Iteration: 476	1520	1714	1964.06	2398
Iteration: 477	1520	1684	1941.19	2363
Iteration: 478	1520	1611	1946.59	2520
Iteration: 479	1520	1689	1923.21	2383
Iteration: 480	1520	1683	1937.09	2476
Iteration: 481	1520	1660	1925.36	2292
Iteration: 482	1520	1667	1961.7	2451
Iteration: 483	1520	1675	1936.83	2387
Iteration: 484	1520	1661	1953.18	2502
Iteration: 485	1520	1556	1927.64	2227
Iteration: 486	1520	1685	1944.15	2500
Iteration: 487	1520	1680	1951.49	2312
Iteration: 488	1520	1671	1952.63	2550
Iteration: 489	1520	1701	1921.75	2291
Iteration: 490	1520	1641	1939.05	2554
Iteration: 491	1520	1715	1946.87	2284
Iteration: 492	1520	1689	1944.49	2367
Iteration: 493	1520	1658	1956.48	2520
Iteration: 494	1520	1671	1929.67	2463
Iteration: 495	1520	1661	1956.44	2313
Iteration: 496	1520	1642	1945.08	2451
Iteration: 497	1520	1714	1959.2	2644
Iteration: 498	1520	1691	1928.62	2542
Iteration: 499	1520	1653	1943.41	2508
