Iteration: 0	1722	1722	1984.96	2393
Iteration: 1	1669	1669	1988.77	2415
Iteration: 2	1669	1710	2038.13	2536
Iteration: 3	1669	1694	2031.34	2623
Iteration: 4	1669	1742	2023.23	2551
Iteration: 5	1669	1736	2027.84	2615
Iteration: 6	1593	1593	2026.03	2735
Iteration: 7	1593	1732	2003.68	2392
Iteration: 8	1550	1550	2024.12	2571
Iteration: 9	1550	1664	2019.37	2563
Iteration: 10	1550	1650	1991.26	2527
Iteration: 11	1550	1616	1996.69	2531
Iteration: 12	1550	1644	2032.6	2464
Iteration: 13	1550	1678	2004.85	2653
Iteration: 14	1550	1697	1996.23	2486
Iteration: 15	1550	1671	2004.32	2558
Iteration: 16	1550	1713	1999.29	2473
Iteration: 17	1550	1641	1996.32	2452
Iteration: 18	1550	1679	1997.9	2534
Iteration: 19	1550	1730	1986.73	2446
Iteration: 20	1550	1652	1972.82	2716
Iteration: 21	1550	1645	1966.2	2389
Iteration: 22	1550	1654	1990.91	2280
Iteration: 23	1550	1570	1999.45	3150
Iteration: 24	1550	1627	2003.47	2426
Iteration: 25	1550	1624	1991.26	2476
Iteration: 26	1550	1659	1982.46	2341
Iteration: 27	1550	1623	2011.08	2559
Iteration: 28	1550	1699	1977.7	2710
Iteration: 29	1550	1683	2006.8	2721
Iteration: 30	1550	1652	2009.51	2571
Iteration: 31	1550	1661	1985.25	2389
Iteration: 32	1550	1663	2000.26	2723
Iteration: 33	1550	1553	2004.57	2608
Iteration: 34	1550	1656	2023.35	2812
Iteration: 35	1550	1596	1967.79	2862
Iteration: 36	1550	1640	1977.24	2545
Iteration: 37	1550	1738	1996.19	2788
Iteration: 38	1550	1663	1987.74	2615
Iteration: 39	1550	1714	2023.03	2432
Iteration: 40	1550	1698	1981.08	2515
Iteration: 41	1550	1723	1991.76	2339
Iteration: 42	1550	1635	2005.99	2647
Iteration: 43	1550	1714	1984.99	2351
Iteration: 44	1550	1597	1996.18	2658
Iteration: 45	1550	1670	1979.92	2445
Iteration: 46	1550	1669	1997.41	2539
Iteration: 47	1550	1680	1976.98	2528
Iteration: 48	1550	1675	2009.45	2729
Iteration: 49	1550	1697	1971.55	2417
Iteration: 50	1550	1665	1981.47	2567
Iteration: 51	1550	1591	2005.42	2509
Iteration: 52	1550	1658	2017	2675
Iteration: 53	1550	1664	2001.16	2772
Iteration: 54	1550	1628	1981.66	2431
Iteration: 55	1550	1700	1993.38	2469
Iteration: 56	1550	1669	1987.18	2456
Iteration: 57	1550	1689	1967.45	2395
Iteration: 58	1550	1694	2019.18	2613
Iteration: 59	1550	1726	1988.13	2623
Iteration: 60	1550	1677	2004.6	2586
Iteration: 61	1550	1677	1985.51	2426
Iteration: 62	1550	1616	1961.09	2502
Iteration: 63	1550	1719	2006.54	2464
Iteration: 64	1550	1647	2001.65	2588
Iteration: 65	1550	1688	1998.59	2455
Iteration: 66	1550	1665	1999.35	2406
Iteration: 67	1550	1642	2030.09	2711
Iteration: 68	1550	1654	2023.13	2427
Iteration: 69	1550	1583	1987.45	2572
Iteration: 70	1550	1695	2013.61	2584
Iteration: 71	1550	1728	1977.91	2380
Iteration: 72	1550	1686	1977.25	2322
Iteration: 73	1550	1679	1965.66	2483
Iteration: 74	1550	1653	2005.66	2655
Iteration: 75	1550	1688	1975.67	2378
Iteration: 76	1550	1629	2027.51	2533
Iteration: 77	1550	1672	1994.6	2541
Iteration: 78	1550	1702	2020.31	2621
Iteration: 79	1550	1709	2013.88	2514
Iteration: 80	1550	1656	1988.59	2571
Iteration: 81	1550	1658	1978.14	2495
Iteration: 82	1550	1684	2004.77	2657
Iteration: 83	1550	1752	2015.68	2398
Iteration: 84	1550	1654	1987	2432
Iteration: 85	1550	1668	1980.92	2645
Iteration: 86	1550	1634	2005.76	2628
Iteration: 87	1550	1670	1991.12	2631
Iteration: 88	1550	1661	2021.67	2576
Iteration: 89	1550	1629	1992.44	2374
Iteration: 90	1550	1638	2011.15	2391
Iteration: 91	1550	1682	1995.01	2467
Iteration: 92	1550	1670	1966.32	2371
Iteration: 93	1550	1670	2009.85	2618
Iteration: 94	1550	1763	2026.69	2552
Iteration: 95	1550	1630	1951.61	2673
Iteration: 96	1550	1671	2013.02	2635
Iteration: 97	1550	1655	1978.19	2553
Iteration: 98	1550	1640	2000.06	2570
Iteration: 99	1550	1684	2005.39	2468
Iteration: 100	1550	1588	2006.73	2543
Iteration: 101	1550	1649	1975.87	2533
Iteration: 102	1550	1698	2019.21	2700
Iteration: 103	1550	1619	1992.17	2622
Iteration: 104	1550	1612	1983.99	2920
Iteration: 105	1550	1644	1999.42	2793
Iteration: 106	1550	1648	1993.72	2731
Iteration: 107	1550	1675	1984.89	2393
Iteration: 108	1550	1660	2009.88	2568
Iteration: 109	1550	1650	2004.73	2536
Iteration: 110	1550	1734	1988.33	2424
Iteration: 111	1550	1670	1979.33	2454
Iteration: 112	1550	1649	1993.55	2377
Iteration: 113	1550	1606	1990.95	2619
Iteration: 114	1550	1733	1992.06	2561
Iteration: 115	1550	1668	1985.14	2852
Iteration: 116	1550	1650	2009.45	2469
Iteration: 117	1550	1695	1966.99	2629
Iteration: 118	1550	1730	2028.18	2829
Iteration: 119	1550	1675	2005.36	2677
Iteration: 120	1550	1685	1989.97	2412
Iteration: 121	1550	1723	2034.75	2535
Iteration: 122	1550	1622	1969.23	2470
Iteration: 123	1550	1694	2023.98	2860
Iteration: 124	1550	1649	1999.52	2501
Iteration: 125	1550	1620	1973.56	2614
Iteration: 126	1550	1694	2043.26	2700
Iteration: 127	1550	1701	1983.41	2494
Iteration: 128	1550	1696	1995.24	2669
Iteration: 129	1550	1686	2000.52	2451
Iteration: 130	1550	1635	1966.26	2481
Iteration: 131	1550	1642	2025.64	2773
Iteration: 132	1550	1610	2001.89	2752
Iteration: 133	1550	1699	2009	2534
Iteration: 134	1550	1594	1981.73	2417
Iteration: 135	1550	1710	1977.04	2382
Iteration: 136	1550	1687	2011.79	2698
Iteration: 137	1550	1611	1986.08	2446
Iteration: 138	1550	1691	2010.61	2848
Iteration: 139	1550	1639	1973.87	2331
Iteration: 140	1550	1620	1948.09	2248
Iteration: 141	1550	1659	1980.74	2621
Iteration: 142	1550	1688	1999.5	2450
Iteration: 143	1550	1653	1980.81	2454
Iteration: 144	1550	1639	1974.51	2588
Iteration: 145	1550	1629	2002.67	2631
Iteration: 146	1550	1682	1982.25	2334
Iteration: 147	1550	1641	1971.69	2364
Iteration: 148	1550	1639	1956.04	2596
Iteration: 149	1550	1703	1999.96	2633
Iteration: 150	1550	1648	2036.72	2724
Iteration: 151	1550	1702	2019.23	2572
Iteration: 152	1550	1678	1999.57	2684
Iteration: 153	1550	1662	2012.21	2516
Iteration: 154	1550	1678	2038.83	2683
Iteration: 155	1550	1641	1983.18	2472
Iteration: 156	1550	1699	2004.77	2600
Iteration: 157	1550	1624	2008.18	2553
Iteration: 158	1550	1698	2050.52	2669
Iteration: 159	1550	1626	1968.9	2508
Iteration: 160	1550	1591	1965.37	2470
Iteration: 161	1550	1623	2018.24	2738
Iteration: 162	1550	1601	1976.35	2562
Iteration: 163	1550	1702	1997.77	2721
Iteration: 164	1550	1588	1996.17	2531
Iteration: 165	1550	1726	1988.78	2470
Iteration: 166	1550	1721	1979.97	2730
Iteration: 167	1550	1697	1984.33	2512
Iteration: 168	1550	1690	2014.28	2527
Iteration: 169	1550	1616	1995.5	2442
Iteration: 170	1550	1703	2012.6	2781
Iteration: 171	1550	1704	2012.57	2605
Iteration: 172	1550	1690	1995.8	2622
Iteration: 173	1550	1651	2010.84	2761
Iteration: 174	1550	1636	1985.07	2715
Iteration: 175	1550	1650	2015.98	2964
Iteration: 176	1550	1578	2005.84	2536
Iteration: 177	1550	1689	1990.13	2452
Iteration: 178	1550	1703	2003.71	2602
Iteration: 179	1550	1732	2006.85	2489
Iteration: 180	1550	1608	1991.04	2728
Iteration: 181	1550	1699	1989.85	2480
Iteration: 182	1550	1684	2017.89	2507
Iteration: 183	1550	1661	1996.83	2635
Iteration: 184	1550	1654	1999.72	2737
Iteration: 185	1550	1692	1978.26	2519
Iteration: 186	1550	1700	1996.69	2675
Iteration: 187	1550	1646	1999.45	2673
Iteration: 188	1550	1709	2007.81	2517
Iteration: 189	1550	1607	1993.14	2537
Iteration: 190	1550	1689	2004.35	2493
Iteration: 191	1550	1706	2031.32	2745
Iteration: 192	1550	1662	2007.31	2687
Iteration: 193	1550	1680	2020.2	2403
Iteration: 194	1550	1644	2011.41	2538
Iteration: 195	1550	1712	1980.82	2433
Iteration: 196	1550	1620	2007.74	2435
Iteration: 197	1550	1672	2014.06	2771
Iteration: 198	1550	1753	2017.33	2507
Iteration: 199	1550	1652	2008.24	2606
Iteration: 200	1550	1620	2000.11	2754
Iteration: 201	1550	1718	1997.15	2499
Iteration: 202	1550	1643	1975.24	2584
Iteration: 203	1550	1703	1987.56	2688
Iteration: 204	1550	1621	1992.14	2389
Iteration: 205	1550	1603	1990.19	2615
Iteration: 206	1550	1685	1971.8	2469
Iteration: 207	1550	1695	2003.54	2480
Iteration: 208	1550	1660	1968.4	2370
Iteration: 209	1550	1657	1980.9	2377
Iteration: 210	1550	1698	2009.12	2547
Iteration: 211	1550	1667	1971.78	2395
Iteration: 212	1550	1621	2010.6	2507
Iteration: 213	1550	1750	2019.01	2470
Iteration: 214	1550	1658	1988.47	2506
Iteration: 215	1550	1683	1971.87	2477
Iteration: 216	1550	1631	1976.91	2615
Iteration: 217	1550	1593	2018.69	2569
Iteration: 218	1550	1598	2002.82	2617
Iteration: 219	1550	1616	1992.32	2400
Iteration: 220	1550	1702	2008.28	2668
Iteration: 221	1550	1690	1984.25	2641
Iteration: 222	1550	1700	2029.71	2423
Iteration: 223	1550	1672	2013.9	2515
Iteration: 224	1550	1655	2019.53	2794
Iteration: 225	1550	1692	2001.15	2549
Iteration: 226	1550	1681	2018.38	2959
Iteration: 227	1550	1703	1999.77	2821
Iteration: 228	1550	1595	1999.64	2623
Iteration: 229	1550	1583	2007.25	2760
Iteration: 230	1550	1664	2041.25	2585
Iteration: 231	1550	1685	1972.37	2450
Iteration: 232	1550	1648	1974.19	2643
Iteration: 233	1550	1664	2018.45	3080
Iteration: 234	1550	1716	1997.96	2505
Iteration: 235	1550	1657	1980.14	2452
Iteration: 236	1550	1755	1996.95	2448
Iteration: 237	1550	1713	1998.28	2592
Iteration: 238	1550	1654	1974.27	2495
Iteration: 239	1550	1697	2012.3	2501
Iteration: 240	1550	1664	2020.71	2577
Iteration: 241	1550	1685	1977.03	2639
Iteration: 242	1550	1712	1997.38	2868
Iteration: 243	1550	1710	1955.14	2489
Iteration: 244	1550	1695	2005.6	2481
Iteration: 245	1550	1676	1991.09	2639
Iteration: 246	1550	1717	2015.64	3118
Iteration: 247	1550	1726	2043.58	2601
Iteration: 248	1550	1695	2011.12	3057
Iteration: 249	1550	1663	2001.44	2617
Iteration: 250	1550	1733	2001.41	2558
Iteration: 251	1550	1642	1980.25	2638
Iteration: 252	1550	1647	1983.37	2655
Iteration: 253	1550	1655	1946.25	2607
Iteration: 254	1550	1671	1989.09	2440
Iteration: 255	1550	1668	1973.4	2461
Iteration: 256	1550	1682	1993.19	2630
Iteration: 257	1550	1688	2016.5	2580
Iteration: 258	1550	1680	1999.49	2460
Iteration: 259	1550	1650	1974.47	2633
Iteration: 260	1550	1668	2034.18	2888
Iteration: 261	1550	1691	2020.02	3075
Iteration: 262	1550	1670	2009.77	2520
Iteration: 263	1550	1647	1983.54	2740
Iteration: 264	1550	1718	1978.71	2785
Iteration: 265	1550	1695	1980.14	2431
Iteration: 266	1550	1701	2009.36	2822
Iteration: 267	1550	1644	1989.2	2547
Iteration: 268	1550	1603	1972.07	2649
Iteration: 269	1550	1719	2004.96	3120
Iteration: 270	1550	1656	2002.49	2667
Iteration: 271	1550	1735	1995.29	2495
Iteration: 272	1550	1684	2010.14	2718
Iteration: 273	1550	1703	2039.24	2694
Iteration: 274	1550	1563	1990.24	2487
Iteration: 275	1550	1679	1980.7	2478
Iteration: 276	1550	1663	1978.68	2568
Iteration: 277	1550	1689	2017.91	2661
Iteration: 278	1550	1687	1987.48	2614
Iteration: 279	1550	1629	2030.92	2674
Iteration: 280	1550	1677	1982.54	2505
Iteration: 281	1550	1603	1976.24	2709
Iteration: 282	1550	1670	2008.01	2576
Iteration: 283	1550	1628	1973.58	2581
Iteration: 284	1550	1730	1993.25	2557
Iteration: 285	1550	1688	2001.17	2412
Iteration: 286	1550	1640	2023.01	2789
Iteration: 287	1550	1714	2005.7	2982
Iteration: 288	1540	1540	2021.41	2733
Iteration: 289	1540	1629	2003.21	2640
Iteration: 290	1540	1677	2005.59	2713
Iteration: 291	1540	1634	1996.02	2504
Iteration: 292	1540	1734	2010.99	2492
Iteration: 293	1540	1730	2024.16	2581
Iteration: 294	1540	1683	2033.31	2620
Iteration: 295	1540	1743	1986.14	2927
Iteration: 296	1540	1676	1997.31	3030
Iteration: 297	1540	1642	1989.41	2501
Iteration: 298	1540	1698	1996.91	2593
Iteration: 299	1540	1606	2005.61	2489
Iteration: 300	1540	1595	2000.67	2527
Iteration: 301	1540	1568	2008.18	2813
Iteration: 302	1540	1704	2008.76	2609
Iteration: 303	1540	1688	2027.02	2781
Iteration: 304	1540	1603	2014.07	2606
Iteration: 305	1540	1695	1981.96	2604
Iteration: 306	1540	1698	1984.98	2596
Iteration: 307	1540	1588	1996.96	2441
Iteration: 308	1540	1652	2014.7	2611
Iteration: 309	1540	1687	2012.85	2498
Iteration: 310	1540	1644	2002.41	2586
Iteration: 311	1540	1607	1980.32	2412
Iteration: 312	1540	1661	1980.05	2690
Iteration: 313	1540	1702	1986.66	2614
Iteration: 314	1540	1683	2026.33	2675
Iteration: 315	1540	1646	2014.91	2758
Iteration: 316	1540	1593	1990.02	2388
Iteration: 317	1540	1633	1994.04	2495
Iteration: 318	1540	1655	2006.55	3063
Iteration: 319	1540	1686	1993.05	2408
Iteration: 320	1540	1622	1989.58	2392
Iteration: 321	1540	1655	1994.6	2689
Iteration: 322	1540	1712	2013.38	2842
Iteration: 323	1540	1678	1975.53	2377
Iteration: 324	1540	1720	2016.88	2885
Iteration: 325	1540	1629	2024.42	2675
Iteration: 326	1540	1635	1984.92	2715
Iteration: 327	1540	1699	1997.45	2685
Iteration: 328	1540	1678	2008.75	2506
Iteration: 329	1540	1685	1999.23	2629
Iteration: 330	1540	1657	1994.85	2414
Iteration: 331	1540	1662	1989.86	2543
Iteration: 332	1540	1600	1980.22	2840
Iteration: 333	1540	1685	1993.82	2666
Iteration: 334	1540	1699	2005.15	2422
Iteration: 335	1540	1675	1999.54	2499
Iteration: 336	1540	1718	1991.11	2552
Iteration: 337	1540	1604	1962.69	2442
Iteration: 338	1540	1647	1960.9	2730
Iteration: 339	1540	1633	1988.41	2512
Iteration: 340	1540	1691	1992.78	2513
Iteration: 341	1540	1643	1980.27	2508
Iteration: 342	1540	1647	1984.77	2851
Iteration: 343	1540	1569	1991.58	2570
Iteration: 344	1540	1646	1959.97	2667
Iteration: 345	1540	1677	2040.28	2728
Iteration: 346	1540	1642	2001.29	2724
Iteration: 347	1540	1597	2014.83	2569
Iteration: 348	1540	1705	1970.01	2517
Iteration: 349	1540	1667	1980.12	2510
Iteration: 350	1540	1689	1989.97	2784
Iteration: 351	1540	1653	1993.95	2519
Iteration: 352	1540	1673	1984.24	2712
Iteration: 353	1540	1578	1990.85	2975
Iteration: 354	1540	1672	2007.36	2500
Iteration: 355	1540	1608	1986.08	2666
Iteration: 356	1540	1653	2023.57	2572
Iteration: 357	1540	1618	1975.81	2530
Iteration: 358	1540	1684	1994.95	2690
Iteration: 359	1540	1656	1990.71	2469
Iteration: 360	1540	1672	1981.27	2360
Iteration: 361	1540	1700	2024.72	2579
Iteration: 362	1540	1687	1993.91	2660
Iteration: 363	1540	1726	2017.79	2570
Iteration: 364	1540	1727	1989.84	2556
Iteration: 365	1540	1686	1981.75	2413
Iteration: 366	1540	1691	2043.61	2936
Iteration: 367	1540	1701	1985.34	2703
Iteration: 368	1540	1706	1967.74	2480
Iteration: 369	1540	1647	2007.08	2580
Iteration: 370	1540	1709	2020.79	2727
Iteration: 371	1540	1689	2022.76	2906
Iteration: 372	1540	1631	1975.54	2549
Iteration: 373	1540	1709	2006.28	2428
Iteration: 374	1540	1629	2025.96	2582
Iteration: 375	1540	1702	2037.27	2676
Iteration: 376	1540	1692	1997.31	2680
Iteration: 377	1540	1667	1971.23	2406
Iteration: 378	1540	1655	1997.73	2468
Iteration: 379	1540	1704	2036.26	2758
Iteration: 380	1540	1648	1955.31	2381
Iteration: 381	1540	1706	1994.38	2740
Iteration: 382	1540	1629	2000.05	2621
Iteration: 383	1540	1657	2014.39	2454
Iteration: 384	1540	1673	2001.3	2690
Iteration: 385	1540	1649	2001.64	2530
Iteration: 386	1540	1672	1980.81	2458
Iteration: 387	1540	1704	1993.37	2528
Iteration: 388	1540	1653	1973.62	2990
Iteration: 389	1540	1613	1981.01	2803
Iteration: 390	1540	1721	2027.07	2535
Iteration: 391	1540	1633	1982.27	2443
Iteration: 392	1540	1640	1993.03	2447
Iteration: 393	1540	1728	2016.61	2794
Iteration: 394	1540	1656	2043.95	2718
Iteration: 395	1540	1677	2022.98	2522
Iteration: 396	1540	1648	2027.29	2819
Iteration: 397	1540	1645	1986.08	2447
Iteration: 398	1540	1636	1993.34	2604
Iteration: 399	1540	1666	2001.98	2543
Iteration: 400	1540	1628	2002.25	2990
Iteration: 401	1540	1680	2007.42	3088
Iteration: 402	1540	1615	1990.8	2491
Iteration: 403	1540	1590	2020.43	2558
Iteration: 404	1540	1573	1998.77	2517
Iteration: 405	1540	1731	1999.79	2499
Iteration: 406	1540	1634	2032.68	2597
Iteration: 407	1540	1683	1985.86	2436
Iteration: 408	1540	1582	2019.53	2802
Iteration: 409	1540	1639	2002.51	2551
Iteration: 410	1540	1644	2012.17	2510
Iteration: 411	1540	1575	2042.98	2621
Iteration: 412	1540	1723	2006.52	2685
Iteration: 413	1540	1662	2014.36	2987
Iteration: 414	1540	1655	1964.37	2510
Iteration: 415	1540	1644	1989.39	2531
Iteration: 416	1540	1724	2032.47	2690
Iteration: 417	1534	1534	2015.11	2589
Iteration: 418	1534	1668	1989.71	2675
Iteration: 419	1534	1694	1988.78	2605
Iteration: 420	1534	1667	1996.04	2597
Iteration: 421	1534	1670	1969.26	2523
Iteration: 422	1534	1644	1990.42	2933
Iteration: 423	1534	1697	1959.78	2391
Iteration: 424	1534	1672	1990.67	2941
Iteration: 425	1534	1697	1984.23	2563
Iteration: 426	1534	1618	1979.86	2980
Iteration: 427	1534	1725	2020.63	2615
Iteration: 428	1534	1719	2010.12	3117
Iteration: 429	1534	1668	2013.2	2413
Iteration: 430	1534	1637	2019.96	2675
Iteration: 431	1534	1683	1999.13	2587
Iteration: 432	1534	1644	2003.45	2525
Iteration: 433	1534	1721	2016.85	2638
Iteration: 434	1534	1667	1989.51	2902
Iteration: 435	1534	1592	1981.27	2401
Iteration: 436	1534	1603	1999.16	2869
Iteration: 437	1534	1702	1999.92	2525
Iteration: 438	1534	1660	2001.23	2572
Iteration: 439	1534	1612	1974.42	2527
Iteration: 440	1534	1641	1984.7	2506
Iteration: 441	1534	1663	1991.01	2396
Iteration: 442	1534	1623	2013.51	2681
Iteration: 443	1534	1671	1993.29	2656
Iteration: 444	1534	1646	2006.3	2656
Iteration: 445	1534	1721	2043.75	2718
Iteration: 446	1534	1672	1989.63	2399
Iteration: 447	1534	1668	2020.75	2907
Iteration: 448	1534	1685	1987.5	2502
Iteration: 449	1534	1651	1989.24	2622
Iteration: 450	1534	1717	2018.66	2629
Iteration: 451	1534	1668	1980.11	2484
Iteration: 452	1534	1752	2035.43	2472
Iteration: 453	1534	1591	2001.29	2428
Iteration: 454	1534	1674	2022.36	2590
Iteration: 455	1534	1709	2035.16	2721
Iteration: 456	1534	1647	1978.74	2480
Iteration: 457	1534	1673	2007.84	2594
Iteration: 458	1534	1645	1975.67	2415
Iteration: 459	1534	1675	2012.55	2443
Iteration: 460	1534	1687	1986.73	2678
Iteration: 461	1534	1616	1997.11	2589
Iteration: 462	1534	1629	1995.3	2815
Iteration: 463	1534	1697	1974.39	2541
Iteration: 464	1534	1548	2013.91	2494
Iteration: 465	1534	1648	1972.05	2724
Iteration: 466	1534	1682	2019.04	2722
Iteration: 467	1534	1684	1986.14	2479
Iteration: 468	1534	1707	2001.32	2554
Iteration: 469	1534	1699	1997.35	2708
Iteration: 470	1534	1658	1992.98	2552
Iteration: 471	1534	1713	1992.82	2594
Iteration: 472	1534	1695	1988.72	2518
Iteration: 473	1534	1582	1988.61	2652
Iteration: 474	1534	1681	1983.6	2445
Iteration: 475	1534	1674	1987.3	2510
Iteration: 476	1534	1644	2017.79	2549
Iteration: 477	1534	1727	1998.45	2522
Iteration: 478	1534	1651	1978.63	2419
Iteration: 479	1534	1705	1997.08	2377
Iteration: 480	1534	1649	2001.82	2475
Iteration: 481	1534	1714	2023.94	2585
Iteration: 482	1534	1695	2019.47	2807
Iteration: 483	1534	1713	1994.91	2444
Iteration: 484	1534	1689	1987.13	2596
Iteration: 485	1534	1667	2002.9	2676
Iteration: 486	1534	1747	2005.46	2869
Iteration: 487	1534	1738	2000.33	2760
Iteration: 488	1534	1695	1981.7	2538
Iteration: 489	1534	1557	2023.98	2714
Iteration: 490	1534	1591	1981.77	2441
Iteration: 491	1534	1742	2004.3	2684
Iteration: 492	1534	1697	2014.21	2757
Iteration: 493	1534	1659	1973.78	2777
Iteration: 494	1534	1607	1966.77	2508
Iteration: 495	1534	1614	2022.31	2675
Iteration: 496	1534	1652	2039.99	2672
Iteration: 497	1534	1674	1972	2740
Iteration: 498	1534	1703	1999.89	2462
Iteration: 499	1534	1674	1981.71	2724
