Iteration: 0	1695	1695	2161.96	3052
Iteration: 1	1695	1724	2165.02	2598
Iteration: 2	1695	1819	2253.77	2849
Iteration: 3	1695	1823	2424.47	3103
Iteration: 4	1695	1830	2361.5	3044
Iteration: 5	1695	1874	2350.84	3058
Iteration: 6	1695	1830	2298.02	3502
Iteration: 7	1695	1708	2315.64	3072
Iteration: 8	1695	1726	2222.79	2946
Iteration: 9	1695	1789	2220.25	2858
Iteration: 10	1695	1781	2268.23	3012
Iteration: 11	1695	1893	2237.06	2980
Iteration: 12	1695	1752	2236.13	2898
Iteration: 13	1695	1786	2239.15	3225
Iteration: 14	1695	1808	2227.31	2780
Iteration: 15	1689	1689	2249.11	3123
Iteration: 16	1689	1714	2244.99	3022
Iteration: 17	1689	1728	2210.47	2945
Iteration: 18	1689	1798	2268.36	2899
Iteration: 19	1689	1781	2226.47	3354
Iteration: 20	1689	1733	2234.07	2943
Iteration: 21	1689	1821	2198.54	3226
Iteration: 22	1689	1726	2255.06	3161
Iteration: 23	1689	1771	2247.39	2874
Iteration: 24	1689	1749	2215.35	3038
Iteration: 25	1689	1721	2208.56	2837
Iteration: 26	1689	1717	2233.41	2977
Iteration: 27	1679	1679	2234.31	2941
Iteration: 28	1679	1737	2270.01	3140
Iteration: 29	1679	1773	2208.15	3144
Iteration: 30	1679	1689	2270.26	2952
Iteration: 31	1679	1776	2242.94	3000
Iteration: 32	1679	1734	2221.74	2782
Iteration: 33	1679	1767	2193.65	2734
Iteration: 34	1679	1777	2217.28	2743
Iteration: 35	1669	1669	2223.22	3074
Iteration: 36	1669	1813	2230.96	3104
Iteration: 37	1669	1741	2186.46	2865
Iteration: 38	1669	1700	2253.01	3396
Iteration: 39	1669	1806	2188.9	2970
Iteration: 40	1669	1781	2212.3	2885
Iteration: 41	1669	1728	2200.7	2981
Iteration: 42	1669	1775	2227.36	3084
Iteration: 43	1669	1705	2209.11	2948
Iteration: 44	1669	1681	2213.81	2857
Iteration: 45	1669	1701	2180.06	2922
Iteration: 46	1669	1776	2211.88	2909
Iteration: 47	1669	1799	2255.59	3012
Iteration: 48	1620	1620	2289.01	3021
Iteration: 49	1620	1760	2202.33	2860
Iteration: 50	1620	1838	2290.35	3257
Iteration: 51	1620	1677	2191.78	2775
Iteration: 52	1620	1679	2194.12	3082
Iteration: 53	1620	1859	2284.2	3264
Iteration: 54	1620	1706	2193.85	2821
Iteration: 55	1620	1651	2220.35	2846
Iteration: 56	1620	1767	2196.12	2714
Iteration: 57	1620	1785	2179.03	2974
Iteration: 58	1620	1807	2251.05	3024
Iteration: 59	1620	1770	2250.07	3249
Iteration: 60	1620	1766	2218.2	2830
Iteration: 61	1620	1777	2209.53	2786
Iteration: 62	1620	1764	2205.9	2804
Iteration: 63	1620	1668	2186.53	2783
Iteration: 64	1620	1836	2193.26	2710
Iteration: 65	1620	1772	2240.42	2948
Iteration: 66	1620	1727	2212.13	2845
Iteration: 67	1620	1781	2207.24	3236
Iteration: 68	1620	1662	2218.8	2854
Iteration: 69	1620	1788	2253.81	2917
Iteration: 70	1620	1764	2233.17	3135
Iteration: 71	1620	1753	2217.85	2908
Iteration: 72	1620	1730	2236.94	2824
Iteration: 73	1620	1760	2186.68	2869
Iteration: 74	1620	1837	2196.19	2788
Iteration: 75	1620	1776	2282.26	2915
Iteration: 76	1620	1666	2221.53	2872
Iteration: 77	1620	1742	2207.12	2959
Iteration: 78	1620	1689	2245.17	3064
Iteration: 79	1620	1801	2241.88	3050
Iteration: 80	1620	1751	2198.1	2893
Iteration: 81	1620	1720	2222.99	3196
Iteration: 82	1620	1773	2214.58	2778
Iteration: 83	1620	1786	2182.72	2787
Iteration: 84	1620	1670	2213.07	2833
Iteration: 85	1620	1684	2176.18	2833
Iteration: 86	1620	1773	2231.91	3065
Iteration: 87	1620	1631	2208.91	2895
Iteration: 88	1620	1797	2229.46	2995
Iteration: 89	1620	1748	2204.64	2821
Iteration: 90	1620	1822	2235.43	3154
Iteration: 91	1620	1755	2203.32	2949
Iteration: 92	1620	1689	2238.46	2984
Iteration: 93	1620	1714	2191.84	2786
Iteration: 94	1620	1718	2235.85	2965
Iteration: 95	1620	1790	2232.1	2810
Iteration: 96	1620	1764	2224.11	2794
Iteration: 97	1620	1743	2226.63	2903
Iteration: 98	1620	1787	2244.3	2872
Iteration: 99	1620	1675	2236.18	2896
Iteration: 100	1620	1833	2258.74	2961
Iteration: 101	1620	1800	2235.87	3163
Iteration: 102	1620	1748	2232.86	2898
Iteration: 103	1620	1689	2211.93	3452
Iteration: 104	1620	1791	2189.87	2738
Iteration: 105	1620	1722	2240.26	2947
Iteration: 106	1620	1794	2257.46	3130
Iteration: 107	1620	1651	2187.01	3068
Iteration: 108	1620	1828	2242.85	3035
Iteration: 109	1620	1676	2222.63	3005
Iteration: 110	1620	1784	2211.98	3196
Iteration: 111	1620	1737	2213.46	2844
Iteration: 112	1620	1761	2227.78	2825
Iteration: 113	1620	1738	2250.75	2992
Iteration: 114	1620	1909	2262.19	2886
Iteration: 115	1620	1855	2244.76	2932
Iteration: 116	1620	1770	2175.45	2625
Iteration: 117	1620	1841	2216.54	3331
Iteration: 118	1620	1685	2195.47	2899
Iteration: 119	1620	1748	2227.33	3251
Iteration: 120	1620	1660	2183	3042
Iteration: 121	1620	1710	2239.81	3448
Iteration: 122	1620	1699	2193.12	2873
Iteration: 123	1620	1751	2218.54	2938
Iteration: 124	1620	1701	2218.79	2800
Iteration: 125	1620	1759	2243.71	2944
Iteration: 126	1620	1683	2246.2	2984
Iteration: 127	1620	1763	2217.3	3001
Iteration: 128	1620	1807	2281.04	3066
Iteration: 129	1620	1818	2221.57	2840
Iteration: 130	1614	1614	2241.3	2711
Iteration: 131	1608	1608	2236.22	2967
Iteration: 132	1608	1798	2221.89	3173
Iteration: 133	1608	1857	2241.4	2817
Iteration: 134	1608	1814	2216.77	3253
Iteration: 135	1608	1809	2223.75	2919
Iteration: 136	1608	1830	2215.86	2940
Iteration: 137	1608	1832	2210.29	3176
Iteration: 138	1608	1763	2227.35	3281
Iteration: 139	1608	1844	2270.07	2990
Iteration: 140	1608	1660	2212.26	2968
Iteration: 141	1608	1734	2213.15	2825
Iteration: 142	1608	1715	2187.17	2843
Iteration: 143	1608	1777	2210.71	3017
Iteration: 144	1608	1809	2253.56	3231
Iteration: 145	1608	1772	2200.39	3048
Iteration: 146	1608	1695	2202.42	2949
Iteration: 147	1608	1813	2244.64	3063
Iteration: 148	1608	1838	2259.34	2874
Iteration: 149	1608	1710	2215.12	2870
Iteration: 150	1608	1780	2234.85	2968
Iteration: 151	1608	1718	2255.01	2885
Iteration: 152	1608	1729	2240.32	3072
Iteration: 153	1608	1821	2202.26	2703
Iteration: 154	1608	1796	2228.05	2944
Iteration: 155	1608	1712	2204.29	2827
Iteration: 156	1608	1739	2215.31	2922
Iteration: 157	1608	1644	2204.03	2843
Iteration: 158	1608	1771	2191.94	2949
Iteration: 159	1608	1718	2201.19	2909
Iteration: 160	1608	1715	2225.67	2824
Iteration: 161	1608	1797	2208.75	2720
Iteration: 162	1608	1754	2217.8	2855
Iteration: 163	1608	1764	2223.87	3012
Iteration: 164	1566	1566	2219.87	3036
Iteration: 165	1566	1720	2199.95	2854
Iteration: 166	1566	1806	2220.88	2907
Iteration: 167	1566	1606	2203.4	2905
Iteration: 168	1566	1686	2242.66	3285
Iteration: 169	1566	1725	2202.44	3045
Iteration: 170	1566	1713	2222.93	2947
Iteration: 171	1566	1680	2229.3	2772
Iteration: 172	1566	1758	2225.83	2796
Iteration: 173	1566	1786	2251.75	2996
Iteration: 174	1566	1753	2216.61	2923
Iteration: 175	1566	1845	2234.43	2898
Iteration: 176	1566	1714	2196.39	2824
Iteration: 177	1566	1764	2223.99	3225
Iteration: 178	1566	1666	2201.45	2842
Iteration: 179	1566	1707	2225.92	3030
Iteration: 180	1566	1695	2217.02	2949
Iteration: 181	1566	1719	2234.08	2865
Iteration: 182	1566	1824	2257.44	2973
Iteration: 183	1566	1767	2242.2	3061
Iteration: 184	1566	1645	2211.81	3018
Iteration: 185	1566	1715	2204.86	2922
Iteration: 186	1566	1832	2174.9	2767
Iteration: 187	1566	1770	2223.63	2936
Iteration: 188	1566	1774	2251.1	2925
Iteration: 189	1566	1672	2218.17	2804
Iteration: 190	1566	1844	2215.13	3045
Iteration: 191	1566	1734	2219.16	3018
Iteration: 192	1566	1757	2237.24	3110
Iteration: 193	1566	1752	2214.03	3042
Iteration: 194	1566	1649	2238.82	3032
Iteration: 195	1566	1772	2202.44	3127
Iteration: 196	1566	1796	2260.87	3106
Iteration: 197	1566	1770	2240.21	2940
Iteration: 198	1566	1830	2275.61	3114
Iteration: 199	1566	1690	2203.25	2841
Iteration: 200	1566	1697	2225.26	2772
Iteration: 201	1566	1751	2217.73	2938
Iteration: 202	1566	1853	2257.68	2917
Iteration: 203	1566	1737	2192.09	3099
Iteration: 204	1566	1797	2200.48	2928
Iteration: 205	1566	1802	2267.61	2916
Iteration: 206	1566	1755	2166.45	2694
Iteration: 207	1566	1822	2246.86	3054
Iteration: 208	1566	1761	2199.3	2847
Iteration: 209	1566	1778	2202.5	2864
Iteration: 210	1566	1861	2247.07	2953
Iteration: 211	1566	1748	2254.84	2933
Iteration: 212	1566	1793	2243.83	2946
Iteration: 213	1566	1841	2204.41	2908
Iteration: 214	1566	1754	2230.66	2846
Iteration: 215	1566	1780	2214.37	2847
Iteration: 216	1566	1826	2211.76	2950
Iteration: 217	1566	1802	2223.97	2930
Iteration: 218	1566	1744	2194.3	2993
Iteration: 219	1566	1714	2219.74	3104
Iteration: 220	1566	1735	2248.14	3176
Iteration: 221	1566	1683	2221.05	2677
Iteration: 222	1566	1735	2234.94	3027
Iteration: 223	1566	1774	2222.26	3028
Iteration: 224	1566	1722	2230.84	3235
Iteration: 225	1566	1760	2259.56	3131
Iteration: 226	1566	1746	2186.29	2915
Iteration: 227	1566	1701	2215.94	3026
Iteration: 228	1566	1783	2263.22	3129
Iteration: 229	1566	1795	2237.55	2837
Iteration: 230	1566	1782	2242.27	2989
Iteration: 231	1566	1754	2223.66	3023
Iteration: 232	1566	1775	2203.52	3044
Iteration: 233	1566	1724	2249.25	2900
Iteration: 234	1566	1734	2250.98	3180
Iteration: 235	1566	1793	2236.79	2791
Iteration: 236	1566	1740	2191.86	2736
Iteration: 237	1566	1735	2222.22	2847
Iteration: 238	1566	1679	2208.23	2749
Iteration: 239	1566	1772	2198.2	2815
Iteration: 240	1566	1748	2206.23	2706
Iteration: 241	1566	1753	2248.1	3027
Iteration: 242	1566	1734	2209.55	3213
Iteration: 243	1566	1727	2234.06	2987
Iteration: 244	1566	1735	2233.46	2728
Iteration: 245	1566	1735	2267.21	2937
Iteration: 246	1566	1634	2215.32	2959
Iteration: 247	1566	1651	2228.18	3184
Iteration: 248	1566	1773	2239.99	2825
Iteration: 249	1566	1730	2243.67	3222
Iteration: 250	1566	1718	2207	2901
Iteration: 251	1566	1826	2253.97	2709
Iteration: 252	1566	1773	2256.13	3064
Iteration: 253	1566	1779	2228.71	2814
Iteration: 254	1566	1745	2193.11	2922
Iteration: 255	1566	1777	2272.16	2984
Iteration: 256	1566	1746	2204.2	2793
Iteration: 257	1566	1778	2209.08	2996
Iteration: 258	1566	1760	2216.69	3045
Iteration: 259	1566	1705	2231.42	2995
Iteration: 260	1566	1759	2209.08	2918
Iteration: 261	1566	1774	2198.72	2970
Iteration: 262	1566	1759	2182.11	2849
Iteration: 263	1566	1728	2197.7	3152
Iteration: 264	1566	1672	2196.02	3003
Iteration: 265	1566	1818	2204.04	2793
Iteration: 266	1566	1715	2202.07	2825
Iteration: 267	1566	1762	2204.96	3303
Iteration: 268	1566	1612	2232.52	2861
Iteration: 269	1566	1761	2198.25	2934
Iteration: 270	1566	1765	2233.9	3025
Iteration: 271	1566	1756	2220.96	3077
Iteration: 272	1566	1680	2227.47	2948
Iteration: 273	1566	1763	2235.56	2900
Iteration: 274	1566	1828	2188.17	2896
Iteration: 275	1566	1733	2217.08	2910
Iteration: 276	1566	1728	2197.51	3006
Iteration: 277	1566	1697	2230.82	3587
Iteration: 278	1566	1689	2215.14	3098
Iteration: 279	1566	1782	2207.12	3043
Iteration: 280	1566	1778	2239.9	2944
Iteration: 281	1566	1699	2213.57	3096
Iteration: 282	1566	1861	2215.7	2762
Iteration: 283	1566	1698	2247.82	2891
Iteration: 284	1566	1763	2174.36	2816
Iteration: 285	1566	1765	2207.86	3053
Iteration: 286	1566	1715	2224.42	3122
Iteration: 287	1566	1760	2201.31	3088
Iteration: 288	1566	1704	2189.11	3045
Iteration: 289	1566	1733	2197.13	3235
Iteration: 290	1566	1721	2264.51	2860
Iteration: 291	1566	1753	2174.98	2773
Iteration: 292	1566	1797	2181.73	2871
Iteration: 293	1566	1742	2211.62	3010
Iteration: 294	1566	1800	2200.78	2725
Iteration: 295	1566	1793	2190.62	3186
Iteration: 296	1566	1845	2247.89	2889
Iteration: 297	1566	1741	2247.12	2988
Iteration: 298	1566	1781	2260.75	2973
Iteration: 299	1566	1778	2204.99	2840
Iteration: 300	1566	1803	2205.46	2883
Iteration: 301	1566	1763	2250.27	3176
Iteration: 302	1566	1695	2224.91	3026
Iteration: 303	1566	1831	2279.44	3001
Iteration: 304	1566	1681	2223.14	2831
Iteration: 305	1566	1777	2231.88	2923
Iteration: 306	1566	1781	2216.08	3187
Iteration: 307	1566	1656	2220.32	3154
Iteration: 308	1566	1723	2193.97	2745
Iteration: 309	1566	1689	2202.63	2891
Iteration: 310	1566	1751	2249.81	2960
Iteration: 311	1566	1721	2197.34	2722
Iteration: 312	1566	1739	2227.78	3086
Iteration: 313	1566	1746	2237.97	3144
Iteration: 314	1566	1894	2210.16	2874
Iteration: 315	1566	1778	2221.99	2814
Iteration: 316	1566	1779	2199.74	2709
Iteration: 317	1566	1819	2238.7	2995
Iteration: 318	1566	1679	2195.08	2798
Iteration: 319	1566	1791	2250.23	3082
Iteration: 320	1566	1804	2255.29	3110
Iteration: 321	1566	1823	2256.04	2962
Iteration: 322	1566	1824	2232.51	3191
Iteration: 323	1566	1773	2224.54	2761
Iteration: 324	1566	1720	2234.82	2857
Iteration: 325	1566	1814	2261.41	2910
Iteration: 326	1566	1796	2248.58	3002
Iteration: 327	1566	1755	2192.67	2821
Iteration: 328	1566	1718	2245.91	2877
Iteration: 329	1566	1816	2236.17	2874
Iteration: 330	1566	1789	2263.71	3060
Iteration: 331	1566	1632	2216.43	3105
Iteration: 332	1566	1609	2224.56	3066
Iteration: 333	1566	1672	2234.16	2891
Iteration: 334	1566	1756	2232.81	2917
Iteration: 335	1566	1755	2222.85	2861
Iteration: 336	1566	1829	2205.68	3175
Iteration: 337	1566	1848	2273.14	3314
Iteration: 338	1566	1780	2197.31	2876
Iteration: 339	1566	1688	2241.54	3365
Iteration: 340	1566	1665	2213.96	2939
Iteration: 341	1566	1767	2202.39	3001
Iteration: 342	1566	1770	2197.57	3097
Iteration: 343	1566	1667	2216.5	3077
Iteration: 344	1566	1813	2194.8	2741
Iteration: 345	1566	1793	2273.79	2896
Iteration: 346	1566	1730	2224.79	3004
Iteration: 347	1566	1755	2206.89	3142
Iteration: 348	1566	1799	2235.03	2900
Iteration: 349	1566	1785	2218.36	2770
Iteration: 350	1566	1825	2238.71	2891
Iteration: 351	1566	1689	2225.52	2732
Iteration: 352	1566	1789	2252.57	3048
Iteration: 353	1566	1623	2229.26	2766
Iteration: 354	1566	1804	2220.09	2867
Iteration: 355	1566	1776	2213.32	2878
Iteration: 356	1551	1551	2173	2935
Iteration: 357	1551	1725	2175.32	3121
Iteration: 358	1551	1801	2230.08	2829
Iteration: 359	1551	1730	2246.41	2778
Iteration: 360	1551	1717	2169.77	2716
Iteration: 361	1551	1616	2193.08	2959
Iteration: 362	1551	1739	2198.51	2854
Iteration: 363	1551	1721	2222.21	3449
Iteration: 364	1551	1696	2205.54	3013
Iteration: 365	1551	1760	2216.98	3101
Iteration: 366	1551	1793	2230.34	2994
Iteration: 367	1551	1762	2188.91	2929
Iteration: 368	1551	1663	2208.88	3052
Iteration: 369	1551	1715	2237.36	2993
Iteration: 370	1551	1778	2232.3	2895
Iteration: 371	1551	1829	2236.14	3109
Iteration: 372	1551	1722	2194.22	2769
Iteration: 373	1551	1816	2199.99	2933
Iteration: 374	1551	1730	2230.84	3088
Iteration: 375	1551	1669	2233.47	2889
Iteration: 376	1551	1817	2210.25	2740
Iteration: 377	1551	1701	2243.18	2891
Iteration: 378	1551	1674	2220.29	3201
Iteration: 379	1551	1787	2274.18	3267
Iteration: 380	1551	1848	2233.71	2969
Iteration: 381	1551	1810	2212.45	2990
Iteration: 382	1551	1754	2186.78	3530
Iteration: 383	1551	1715	2207.84	2936
Iteration: 384	1551	1836	2229.81	2771
Iteration: 385	1551	1721	2234.56	2886
Iteration: 386	1551	1695	2259.38	3093
Iteration: 387	1493	1493	2181.45	2880
Iteration: 388	1493	1758	2220.52	2914
Iteration: 389	1493	1820	2179.6	2968
Iteration: 390	1493	1803	2210.07	3214
Iteration: 391	1493	1841	2250.02	2846
Iteration: 392	1493	1710	2251.53	3110
Iteration: 393	1493	1764	2210.46	2743
Iteration: 394	1493	1793	2224.82	2811
Iteration: 395	1493	1714	2219.63	2932
Iteration: 396	1493	1772	2250.44	3123
Iteration: 397	1493	1773	2226.92	3009
Iteration: 398	1493	1803	2217.36	2983
Iteration: 399	1493	1771	2211.97	3022
Iteration: 400	1493	1790	2264.31	3141
Iteration: 401	1493	1759	2201.08	2899
Iteration: 402	1493	1749	2195.31	3173
Iteration: 403	1493	1844	2245.01	2905
Iteration: 404	1493	1784	2250.01	2824
Iteration: 405	1493	1708	2264.3	2906
Iteration: 406	1493	1828	2260.43	3009
Iteration: 407	1493	1801	2231.29	3100
Iteration: 408	1493	1734	2205.74	2899
Iteration: 409	1493	1645	2242.79	2819
Iteration: 410	1493	1779	2172.63	2640
Iteration: 411	1493	1813	2243.28	2869
Iteration: 412	1493	1798	2182.42	2715
Iteration: 413	1493	1644	2234.14	2811
Iteration: 414	1493	1776	2229.35	3109
Iteration: 415	1493	1678	2219.96	2789
Iteration: 416	1493	1745	2227.37	2896
Iteration: 417	1493	1735	2180.87	2776
Iteration: 418	1493	1730	2193.06	2949
Iteration: 419	1493	1847	2225.76	3120
Iteration: 420	1493	1815	2208.15	3067
Iteration: 421	1493	1662	2196.71	2778
Iteration: 422	1493	1599	2211.07	2913
Iteration: 423	1493	1699	2223.65	2909
Iteration: 424	1493	1863	2234.78	2977
Iteration: 425	1493	1818	2176.73	3026
Iteration: 426	1493	1680	2246.55	2785
Iteration: 427	1493	1722	2270.2	2994
Iteration: 428	1493	1694	2218.48	2927
Iteration: 429	1493	1748	2194.78	2905
Iteration: 430	1493	1744	2225.34	3055
Iteration: 431	1493	1726	2190.54	2687
Iteration: 432	1493	1765	2179.59	2889
Iteration: 433	1493	1813	2215.52	2899
Iteration: 434	1493	1771	2225.82	2815
Iteration: 435	1493	1783	2224.63	3008
Iteration: 436	1493	1701	2221.84	2810
Iteration: 437	1493	1765	2258.51	3202
Iteration: 438	1493	1773	2237.17	2945
Iteration: 439	1493	1663	2200.48	3040
Iteration: 440	1493	1704	2238.5	3061
Iteration: 441	1493	1772	2254.8	3153
Iteration: 442	1493	1772	2229.68	3031
Iteration: 443	1493	1591	2246.17	2989
Iteration: 444	1493	1799	2253.98	3008
Iteration: 445	1493	1685	2225.75	3185
Iteration: 446	1493	1796	2242.45	3028
Iteration: 447	1493	1797	2240.18	3086
Iteration: 448	1493	1744	2209.03	2767
Iteration: 449	1493	1761	2204.5	2919
Iteration: 450	1493	1779	2218.64	3198
Iteration: 451	1493	1747	2212.63	3020
Iteration: 452	1493	1873	2205.89	2730
Iteration: 453	1493	1599	2228.31	3001
Iteration: 454	1493	1734	2235.34	3030
Iteration: 455	1493	1756	2226.26	2800
Iteration: 456	1493	1637	2279.31	3126
Iteration: 457	1493	1780	2258.38	2991
Iteration: 458	1493	1738	2202.85	2977
Iteration: 459	1493	1783	2202.79	3045
Iteration: 460	1493	1699	2203.52	2884
Iteration: 461	1493	1777	2237.2	2981
Iteration: 462	1493	1735	2244.15	2900
Iteration: 463	1493	1735	2220.63	2915
Iteration: 464	1493	1770	2183.75	2773
Iteration: 465	1493	1842	2251.47	3040
Iteration: 466	1493	1731	2222.62	3237
Iteration: 467	1493	1659	2228.19	2907
Iteration: 468	1493	1709	2189.68	2928
Iteration: 469	1493	1622	2201.11	2815
Iteration: 470	1493	1625	2180.51	2770
Iteration: 471	1493	1763	2270.83	3308
Iteration: 472	1493	1797	2194.07	2898
Iteration: 473	1493	1666	2183.04	3016
Iteration: 474	1493	1813	2218.01	3084
Iteration: 475	1493	1778	2238.45	2985
Iteration: 476	1493	1687	2214.66	2900
Iteration: 477	1493	1758	2192.4	2955
Iteration: 478	1493	1694	2207.59	2995
Iteration: 479	1493	1776	2213.57	3018
Iteration: 480	1493	1731	2213.54	3230
Iteration: 481	1493	1731	2269.68	3055
Iteration: 482	1493	1697	2222.42	2902
Iteration: 483	1493	1757	2237.63	2870
Iteration: 484	1493	1780	2219.71	2851
Iteration: 485	1493	1798	2244.69	3031
Iteration: 486	1493	1802	2209.76	3034
Iteration: 487	1493	1792	2211.75	2798
Iteration: 488	1493	1706	2225.61	2924
Iteration: 489	1493	1796	2184.77	3061
Iteration: 490	1493	1667	2205.1	2912
Iteration: 491	1493	1715	2247.8	3108
Iteration: 492	1493	1720	2186.01	2784
Iteration: 493	1493	1766	2238.69	2856
Iteration: 494	1493	1767	2221.91	2935
Iteration: 495	1493	1709	2220.6	3048
Iteration: 496	1493	1693	2230.49	2728
Iteration: 497	1493	1672	2198.69	2686
Iteration: 498	1493	1694	2184.45	2917
Iteration: 499	1493	1605	2215.45	3209
