Iteration: 0	1673	1673	2050.92	2380
Iteration: 1	1673	1752	2067.33	2517
Iteration: 2	1673	1820	2159.44	2879
Iteration: 3	1673	1842	2198.82	2982
Iteration: 4	1673	1757	2234.91	2668
Iteration: 5	1638	1638	2136.7	2590
Iteration: 6	1638	1796	2130.16	2851
Iteration: 7	1638	1688	2082.17	2923
Iteration: 8	1638	1680	2091.12	2632
Iteration: 9	1638	1726	2083.42	2652
Iteration: 10	1638	1706	2111.52	2991
Iteration: 11	1638	1656	2076.74	2645
Iteration: 12	1638	1681	2098.1	2856
Iteration: 13	1638	1716	2106.42	2761
Iteration: 14	1638	1728	2104.96	2965
Iteration: 15	1638	1725	2073.13	2585
Iteration: 16	1638	1704	2077.75	2680
Iteration: 17	1638	1708	2091.89	2768
Iteration: 18	1638	1723	2091.28	2715
Iteration: 19	1638	1661	2091.61	2669
Iteration: 20	1626	1626	2088.91	2667
Iteration: 21	1626	1651	2067.42	2754
Iteration: 22	1601	1601	2106.8	2838
Iteration: 23	1601	1738	2070.11	2745
Iteration: 24	1601	1691	2076.34	2866
Iteration: 25	1601	1721	2127.7	2677
Iteration: 26	1601	1645	2072.62	2660
Iteration: 27	1601	1683	2057.73	2792
Iteration: 28	1601	1684	2067.91	2543
Iteration: 29	1601	1694	2070.76	2549
Iteration: 30	1601	1690	2057.93	2844
Iteration: 31	1601	1651	2071.84	2846
Iteration: 32	1601	1674	2058.74	2685
Iteration: 33	1601	1646	2079.77	2646
Iteration: 34	1601	1732	2094.45	2822
Iteration: 35	1601	1688	2072.28	2621
Iteration: 36	1601	1674	2082.52	3049
Iteration: 37	1601	1716	2082.39	2806
Iteration: 38	1601	1626	2049.81	2850
Iteration: 39	1601	1757	2104.23	2748
Iteration: 40	1601	1739	2072.41	2705
Iteration: 41	1601	1634	2075.95	2824
Iteration: 42	1601	1727	2101.55	2701
Iteration: 43	1601	1734	2085.36	2711
Iteration: 44	1601	1608	2059.6	2785
Iteration: 45	1601	1649	2111.94	2723
Iteration: 46	1601	1667	2095.28	3006
Iteration: 47	1601	1606	2071.25	2725
Iteration: 48	1601	1665	2069.36	2911
Iteration: 49	1601	1704	2085.28	2696
Iteration: 50	1601	1717	2067.62	2665
Iteration: 51	1601	1733	2107.14	2917
Iteration: 52	1601	1731	2093.34	2881
Iteration: 53	1601	1664	2087.72	2702
Iteration: 54	1601	1723	2060.24	2702
Iteration: 55	1601	1606	2061.3	2533
Iteration: 56	1601	1692	2087.24	3116
Iteration: 57	1601	1704	2107.37	2765
Iteration: 58	1601	1673	2133.4	2957
Iteration: 59	1601	1721	2078.36	2599
Iteration: 60	1601	1708	2078.1	2695
Iteration: 61	1601	1759	2100.93	2635
Iteration: 62	1601	1764	2046.6	2627
Iteration: 63	1601	1695	2135.48	2922
Iteration: 64	1601	1703	2093.93	2904
Iteration: 65	1601	1676	2102.47	2901
Iteration: 66	1601	1624	2040.36	2945
Iteration: 67	1601	1667	2098.68	2732
Iteration: 68	1601	1709	2071.27	2620
Iteration: 69	1601	1626	2097.15	2703
Iteration: 70	1601	1673	2089.62	3088
Iteration: 71	1601	1696	2099.86	2876
Iteration: 72	1601	1691	2064.77	3373
Iteration: 73	1601	1675	2099.07	2863
Iteration: 74	1601	1685	2086.47	3168
Iteration: 75	1601	1684	2087.69	2860
Iteration: 76	1601	1713	2095.92	2883
Iteration: 77	1601	1711	2076.89	3297
Iteration: 78	1601	1750	2062.48	2683
Iteration: 79	1601	1738	2109.63	2967
Iteration: 80	1601	1651	2067.87	2723
Iteration: 81	1601	1678	2067.03	3343
Iteration: 82	1601	1660	2085.61	2639
Iteration: 83	1601	1717	2091.59	2755
Iteration: 84	1601	1720	2078.64	2622
Iteration: 85	1601	1733	2065.3	2745
Iteration: 86	1601	1714	2108.73	2709
Iteration: 87	1601	1760	2057.18	2511
Iteration: 88	1601	1713	2072.62	2779
Iteration: 89	1601	1743	2069.66	2843
Iteration: 90	1601	1602	2097.22	2809
Iteration: 91	1601	1755	2091.08	2706
Iteration: 92	1601	1664	2072.1	2996
Iteration: 93	1601	1736	2115.45	2847
Iteration: 94	1601	1672	2084.79	2860
Iteration: 95	1601	1754	2092.68	2581
Iteration: 96	1601	1695	2108	3043
Iteration: 97	1601	1727	2037.85	2665
Iteration: 98	1601	1729	2094.38	2788
Iteration: 99	1601	1656	2084.49	2764
Iteration: 100	1601	1714	2102.46	3409
Iteration: 101	1601	1685	2120.55	2697
Iteration: 102	1601	1693	2050.48	2674
Iteration: 103	1601	1638	2091.37	2905
Iteration: 104	1601	1675	2092.99	2506
Iteration: 105	1601	1667	2094.32	3068
Iteration: 106	1601	1692	2093.24	2883
Iteration: 107	1601	1719	2103.28	2794
Iteration: 108	1601	1721	2123.44	2803
Iteration: 109	1601	1654	2099.08	2920
Iteration: 110	1601	1731	2083.73	2820
Iteration: 111	1601	1704	2060.1	2645
Iteration: 112	1601	1705	2075.35	2896
Iteration: 113	1601	1684	2052.33	2549
Iteration: 114	1601	1634	2081.92	2987
Iteration: 115	1601	1672	2057.37	2521
Iteration: 116	1601	1738	2064.23	2643
Iteration: 117	1601	1700	2079.91	3073
Iteration: 118	1601	1683	2124.96	2897
Iteration: 119	1601	1662	2079.83	2833
Iteration: 120	1601	1676	2123.49	3019
Iteration: 121	1601	1637	2109.72	2779
Iteration: 122	1601	1721	2052.5	2697
Iteration: 123	1601	1622	2108.99	2898
Iteration: 124	1601	1670	2099.27	2716
Iteration: 125	1601	1629	2077.3	2613
Iteration: 126	1601	1702	2071.23	2509
Iteration: 127	1601	1653	2079.82	2622
Iteration: 128	1601	1662	2093.25	2680
Iteration: 129	1601	1651	2101.08	2864
Iteration: 130	1601	1655	2060.89	2685
Iteration: 131	1601	1638	2084.29	3087
Iteration: 132	1601	1662	2121.2	3206
Iteration: 133	1601	1730	2052.07	2600
Iteration: 134	1601	1762	2097.37	2949
Iteration: 135	1601	1710	2097.26	2675
Iteration: 136	1601	1675	2100.44	2869
Iteration: 137	1601	1735	2061.29	2527
Iteration: 138	1601	1745	2091.55	2677
Iteration: 139	1601	1707	2111.15	3023
Iteration: 140	1601	1776	2110.15	2766
Iteration: 141	1601	1733	2092.43	2800
Iteration: 142	1601	1663	2099.52	3011
Iteration: 143	1601	1648	2093.39	2536
Iteration: 144	1601	1738	2059.78	2937
Iteration: 145	1601	1669	2073.07	2621
Iteration: 146	1601	1685	2055.82	2599
Iteration: 147	1601	1667	2069.94	2810
Iteration: 148	1601	1717	2083.58	2547
Iteration: 149	1601	1717	2071.58	2800
Iteration: 150	1601	1628	2063.04	2696
Iteration: 151	1601	1678	2049.13	2836
Iteration: 152	1601	1667	2065.85	2902
Iteration: 153	1601	1719	2090.43	2850
Iteration: 154	1601	1725	2078.92	2978
Iteration: 155	1601	1631	2064.26	2676
Iteration: 156	1601	1644	2108.37	2670
Iteration: 157	1601	1676	2076.41	2630
Iteration: 158	1601	1687	2078.3	2889
Iteration: 159	1601	1736	2134.28	2703
Iteration: 160	1601	1700	2089.79	2938
Iteration: 161	1601	1680	2090.65	2932
Iteration: 162	1601	1635	2100.78	2694
Iteration: 163	1601	1668	2121.92	2735
Iteration: 164	1601	1644	2070.63	2946
Iteration: 165	1601	1659	2041.97	2699
Iteration: 166	1601	1678	2076.34	2828
Iteration: 167	1601	1721	2081.39	2741
Iteration: 168	1601	1763	2059.5	2864
Iteration: 169	1601	1743	2095.92	2754
Iteration: 170	1601	1732	2090.68	2857
Iteration: 171	1601	1687	2070.24	2915
Iteration: 172	1601	1687	2058.38	2761
Iteration: 173	1601	1695	2101.46	2792
Iteration: 174	1601	1729	2123.09	2864
Iteration: 175	1601	1663	2029.28	2708
Iteration: 176	1601	1659	2069.91	2594
Iteration: 177	1601	1757	2121.41	2801
Iteration: 178	1601	1702	2071.54	2596
Iteration: 179	1601	1686	2085.69	2717
Iteration: 180	1601	1674	2080.64	2701
Iteration: 181	1601	1714	2101.53	2882
Iteration: 182	1601	1658	2055.51	2550
Iteration: 183	1601	1706	2104.37	2814
Iteration: 184	1601	1663	2109.96	2850
Iteration: 185	1601	1644	2127.1	2643
Iteration: 186	1581	1581	2088.02	2789
Iteration: 187	1581	1750	2099.83	2702
Iteration: 188	1581	1692	2084.45	2709
Iteration: 189	1581	1678	2045.97	2548
Iteration: 190	1581	1700	2056.15	2858
Iteration: 191	1581	1678	2081.31	2849
Iteration: 192	1581	1698	2106.12	2714
Iteration: 193	1581	1667	2098.77	2947
Iteration: 194	1581	1679	2137.5	2794
Iteration: 195	1581	1671	2036.9	2649
Iteration: 196	1581	1686	2041.13	2892
Iteration: 197	1581	1703	2058.49	2911
Iteration: 198	1581	1748	2112.68	3180
Iteration: 199	1581	1676	2094.82	2637
Iteration: 200	1581	1711	2062.04	2906
Iteration: 201	1581	1703	2112.57	2632
Iteration: 202	1581	1710	2120.52	2793
Iteration: 203	1581	1748	2039.06	2503
Iteration: 204	1581	1621	2071.38	2666
Iteration: 205	1581	1686	2106.89	2734
Iteration: 206	1581	1760	2075.02	2872
Iteration: 207	1581	1725	2133.59	2759
Iteration: 208	1581	1724	2065.44	2500
Iteration: 209	1581	1584	2071.32	2547
Iteration: 210	1581	1737	2116.43	2958
Iteration: 211	1581	1710	2073.74	2801
Iteration: 212	1581	1711	2087.04	2629
Iteration: 213	1581	1694	2053.93	2722
Iteration: 214	1581	1721	2098.62	2932
Iteration: 215	1581	1681	2080.12	2743
Iteration: 216	1581	1662	2109.13	2868
Iteration: 217	1581	1675	2072.69	2710
Iteration: 218	1581	1723	2096.63	2723
Iteration: 219	1581	1689	2055.99	2841
Iteration: 220	1581	1750	2105.19	2740
Iteration: 221	1581	1692	2105.46	2636
Iteration: 222	1581	1679	2085.76	2644
Iteration: 223	1581	1709	2075.55	2667
Iteration: 224	1581	1681	2093.56	2670
Iteration: 225	1581	1680	2081.66	2775
Iteration: 226	1581	1686	2075.07	2629
Iteration: 227	1581	1736	2057.39	2803
Iteration: 228	1581	1702	2083.74	2740
Iteration: 229	1581	1762	2081.4	2766
Iteration: 230	1581	1701	2057.8	2982
Iteration: 231	1581	1713	2083.56	2873
Iteration: 232	1581	1587	2097.25	2782
Iteration: 233	1581	1650	2094.76	2869
Iteration: 234	1581	1749	2053.82	2520
Iteration: 235	1581	1694	2061.35	2700
Iteration: 236	1581	1666	2063.98	3010
Iteration: 237	1581	1725	2118.6	2676
Iteration: 238	1581	1733	2124.89	2866
Iteration: 239	1581	1683	2084.35	2565
Iteration: 240	1581	1620	2076.43	3039
Iteration: 241	1581	1635	2070.04	2992
Iteration: 242	1581	1772	2077.76	2664
Iteration: 243	1581	1649	2104.7	3009
Iteration: 244	1581	1752	2126.86	2961
Iteration: 245	1581	1633	2067.49	2760
Iteration: 246	1581	1734	2119.4	2606
Iteration: 247	1581	1627	2080.94	2685
Iteration: 248	1581	1736	2102.2	2910
Iteration: 249	1581	1665	2076.09	2801
Iteration: 250	1581	1733	2075.55	3126
Iteration: 251	1581	1639	2068.28	2865
Iteration: 252	1581	1666	2065.03	2760
Iteration: 253	1581	1655	2091.4	2903
Iteration: 254	1581	1710	2094.92	2897
Iteration: 255	1581	1707	2077.36	2998
Iteration: 256	1581	1670	2046.31	2652
Iteration: 257	1581	1720	2087.86	2638
Iteration: 258	1581	1712	2122.66	2938
Iteration: 259	1581	1753	2070.79	3078
Iteration: 260	1581	1681	2070.2	2767
Iteration: 261	1581	1631	2110.5	3007
Iteration: 262	1581	1675	2088.09	2726
Iteration: 263	1581	1753	2108.14	2737
Iteration: 264	1581	1748	2073.52	2540
Iteration: 265	1581	1733	2098.9	2822
Iteration: 266	1581	1720	2074.39	2742
Iteration: 267	1581	1724	2101.07	2679
Iteration: 268	1581	1675	2094.3	3075
Iteration: 269	1581	1688	2076.83	2680
Iteration: 270	1581	1644	2073.49	2959
Iteration: 271	1581	1684	2059.48	2931
Iteration: 272	1581	1651	2053.09	2888
Iteration: 273	1581	1670	2088.52	3119
Iteration: 274	1581	1690	2069.01	2845
Iteration: 275	1581	1746	2101.33	2673
Iteration: 276	1581	1734	2080.22	2789
Iteration: 277	1581	1587	2065.71	2749
Iteration: 278	1581	1695	2110.99	2764
Iteration: 279	1581	1714	2105.27	2801
Iteration: 280	1581	1737	2078.35	2689
Iteration: 281	1581	1746	2091.5	2663
Iteration: 282	1581	1626	2085.17	2996
Iteration: 283	1581	1699	2084.78	2749
Iteration: 284	1581	1743	2103.7	2720
Iteration: 285	1581	1728	2076.6	2859
Iteration: 286	1581	1659	2088.2	2686
Iteration: 287	1581	1713	2096.69	2671
Iteration: 288	1581	1808	2107.94	3050
Iteration: 289	1581	1682	2091.51	2946
Iteration: 290	1581	1679	2062.95	2673
Iteration: 291	1581	1582	2049.01	2731
Iteration: 292	1581	1647	2060.1	3112
Iteration: 293	1581	1698	2082.18	2809
Iteration: 294	1581	1702	2098.6	2711
Iteration: 295	1581	1671	2072.31	2706
Iteration: 296	1581	1719	2061.46	3043
Iteration: 297	1581	1673	2096.1	2710
Iteration: 298	1581	1653	2066.71	2652
Iteration: 299	1581	1673	2122.25	2900
Iteration: 300	1581	1686	2073.42	2733
Iteration: 301	1581	1665	2103.9	2642
Iteration: 302	1581	1646	2083.37	2742
Iteration: 303	1581	1720	2100.34	2761
Iteration: 304	1581	1736	2125.88	2819
Iteration: 305	1581	1693	2070.61	2597
Iteration: 306	1581	1662	2081.99	3343
Iteration: 307	1581	1642	2122.97	3095
Iteration: 308	1581	1630	2067.38	2879
Iteration: 309	1581	1694	2071.64	2848
Iteration: 310	1581	1614	2062.45	2769
Iteration: 311	1581	1703	2080.78	2839
Iteration: 312	1581	1638	2113.49	3215
Iteration: 313	1581	1714	2069.37	2713
Iteration: 314	1581	1702	2046.89	2640
Iteration: 315	1581	1725	2059.68	2554
Iteration: 316	1581	1728	2091.04	2726
Iteration: 317	1581	1675	2061.68	2582
Iteration: 318	1581	1618	2057.87	2751
Iteration: 319	1581	1722	2096.65	2720
Iteration: 320	1581	1738	2079.79	2740
Iteration: 321	1581	1678	2062.19	2484
Iteration: 322	1581	1616	2104.81	2685
Iteration: 323	1581	1710	2089.67	2728
Iteration: 324	1581	1598	2093.41	2839
Iteration: 325	1581	1671	2094.25	2919
Iteration: 326	1581	1707	2062.27	2775
Iteration: 327	1581	1733	2036.69	2859
Iteration: 328	1581	1701	2074.86	2867
Iteration: 329	1581	1742	2081.81	2881
Iteration: 330	1581	1659	2096.68	2932
Iteration: 331	1581	1791	2106.84	2641
Iteration: 332	1581	1630	2129.73	2851
Iteration: 333	1581	1725	2074.74	3022
Iteration: 334	1581	1677	2074.58	2676
Iteration: 335	1581	1698	2118.43	2899
Iteration: 336	1581	1718	2092.63	2767
Iteration: 337	1581	1644	2032.68	2506
Iteration: 338	1581	1661	2056.4	2660
Iteration: 339	1581	1688	2084.89	2927
Iteration: 340	1581	1617	2066.16	2901
Iteration: 341	1581	1708	2086.69	2828
Iteration: 342	1581	1635	2101.17	2699
Iteration: 343	1581	1736	2079.73	2647
Iteration: 344	1581	1585	2098.83	2781
Iteration: 345	1581	1676	2080	2976
Iteration: 346	1581	1703	2069.54	2714
Iteration: 347	1581	1702	2053.61	2716
Iteration: 348	1581	1741	2087.98	2734
Iteration: 349	1581	1690	2095	2614
Iteration: 350	1581	1715	2080.79	2762
Iteration: 351	1581	1692	2055.26	2785
Iteration: 352	1581	1668	2102.85	3128
Iteration: 353	1581	1677	2086.48	2742
Iteration: 354	1581	1683	2099.15	3098
Iteration: 355	1581	1764	2055.25	2684
Iteration: 356	1581	1672	2089.16	2788
Iteration: 357	1581	1736	2104.08	2620
Iteration: 358	1581	1665	2126.34	2925
Iteration: 359	1581	1660	2086.93	2978
Iteration: 360	1581	1751	2080.74	2827
Iteration: 361	1581	1627	2082.43	2861
Iteration: 362	1581	1737	2074.43	2661
Iteration: 363	1581	1721	2065.05	2563
Iteration: 364	1581	1744	2095.94	2730
Iteration: 365	1581	1748	2105.59	2728
Iteration: 366	1581	1640	2074.02	2712
Iteration: 367	1581	1691	2086.09	2928
Iteration: 368	1581	1779	2055.33	3198
Iteration: 369	1581	1610	2076.45	3257
Iteration: 370	1581	1654	2074.86	2800
Iteration: 371	1581	1662	2044.42	2754
Iteration: 372	1581	1710	2076.87	3051
Iteration: 373	1581	1712	2085.6	2539
Iteration: 374	1581	1687	2112.6	2844
Iteration: 375	1581	1618	2101.34	2878
Iteration: 376	1581	1617	2129.32	2794
Iteration: 377	1581	1673	2083.64	2900
Iteration: 378	1581	1724	2090.52	3176
Iteration: 379	1581	1715	2075.78	2702
Iteration: 380	1581	1649	2074.18	2713
Iteration: 381	1581	1667	2075.42	2725
Iteration: 382	1581	1700	2075.93	2426
Iteration: 383	1581	1670	2072.45	2615
Iteration: 384	1581	1672	2059.14	2783
Iteration: 385	1551	1551	2062.78	2638
Iteration: 386	1551	1657	2075.24	3009
Iteration: 387	1551	1668	2090.65	2789
Iteration: 388	1551	1632	2075.38	2619
Iteration: 389	1551	1720	2090.96	2844
Iteration: 390	1551	1729	2125.01	2759
Iteration: 391	1551	1751	2089.71	2784
Iteration: 392	1551	1709	2072.04	2866
Iteration: 393	1551	1605	2090.4	2614
Iteration: 394	1551	1711	2095.93	2983
Iteration: 395	1551	1693	2044.9	2400
Iteration: 396	1551	1728	2112.83	2918
Iteration: 397	1551	1699	2081.11	2708
Iteration: 398	1551	1665	2098.89	2742
Iteration: 399	1551	1732	2073.27	2785
Iteration: 400	1551	1752	2060.53	2552
Iteration: 401	1551	1728	2087.38	2655
Iteration: 402	1551	1747	2119.94	2805
Iteration: 403	1551	1663	2069.05	2526
Iteration: 404	1551	1690	2094.4	2814
Iteration: 405	1551	1722	2107.3	2748
Iteration: 406	1551	1703	2049.78	2837
Iteration: 407	1551	1686	2056.86	2697
Iteration: 408	1551	1696	2090.9	2925
Iteration: 409	1551	1707	2084.68	2741
Iteration: 410	1551	1614	2053.07	2656
Iteration: 411	1551	1676	2086.52	3073
Iteration: 412	1551	1789	2077.71	2690
Iteration: 413	1551	1645	2080.79	2606
Iteration: 414	1551	1612	2078.26	3027
Iteration: 415	1551	1650	2076.52	2756
Iteration: 416	1551	1691	2076.37	2989
Iteration: 417	1551	1719	2058.99	2872
Iteration: 418	1551	1640	2065.14	2617
Iteration: 419	1551	1679	2071.43	2670
Iteration: 420	1551	1648	2049	2764
Iteration: 421	1551	1694	2104.81	2893
Iteration: 422	1551	1730	2090.06	2759
Iteration: 423	1551	1660	2080.47	2991
Iteration: 424	1551	1733	2053.32	2507
Iteration: 425	1551	1650	2103.97	3181
Iteration: 426	1551	1645	2059.23	2698
Iteration: 427	1551	1657	2054.75	2766
Iteration: 428	1551	1699	2091.54	2964
Iteration: 429	1551	1681	2120.28	2723
Iteration: 430	1551	1709	2089.87	2754
Iteration: 431	1551	1750	2102.87	2731
Iteration: 432	1551	1714	2112.9	2669
Iteration: 433	1551	1668	2101.58	2530
Iteration: 434	1551	1699	2041.25	2849
Iteration: 435	1551	1698	2094.58	2812
Iteration: 436	1551	1660	2131.05	3160
Iteration: 437	1551	1667	2077.04	2681
Iteration: 438	1551	1638	2050.9	2885
Iteration: 439	1551	1711	2077.02	2831
Iteration: 440	1551	1717	2085.53	2757
Iteration: 441	1551	1732	2072.07	2753
Iteration: 442	1551	1672	2089.65	2679
Iteration: 443	1551	1700	2088.01	2625
Iteration: 444	1551	1791	2103.63	2724
Iteration: 445	1551	1719	2092.17	2957
Iteration: 446	1551	1727	2065.1	2709
Iteration: 447	1551	1698	2081.01	2681
Iteration: 448	1551	1709	2084.58	2926
Iteration: 449	1551	1729	2059.5	2495
Iteration: 450	1551	1692	2091.03	2751
Iteration: 451	1551	1661	2059.54	2641
Iteration: 452	1551	1723	2083.23	2991
Iteration: 453	1551	1727	2125.69	2929
Iteration: 454	1551	1669	2085.7	2778
Iteration: 455	1551	1660	2069.98	3313
Iteration: 456	1551	1635	2106.85	2706
Iteration: 457	1551	1699	2059.63	2617
Iteration: 458	1551	1772	2096.8	2570
Iteration: 459	1551	1709	2095.16	2902
Iteration: 460	1551	1732	2068.54	2651
Iteration: 461	1551	1791	2103.36	2718
Iteration: 462	1551	1679	2091.13	2843
Iteration: 463	1551	1590	2093.41	2783
Iteration: 464	1551	1717	2079.84	2790
Iteration: 465	1551	1739	2048.68	2765
Iteration: 466	1551	1666	2084.75	2660
Iteration: 467	1551	1734	2049.53	2654
Iteration: 468	1551	1709	2047.42	2981
Iteration: 469	1551	1585	2059.95	2618
Iteration: 470	1551	1589	2089.13	2742
Iteration: 471	1551	1677	2089.65	2745
Iteration: 472	1551	1738	2103.25	3319
Iteration: 473	1551	1721	2099.47	2819
Iteration: 474	1551	1731	2107.25	2771
Iteration: 475	1551	1700	2087.58	2731
Iteration: 476	1551	1723	2074.35	2511
Iteration: 477	1551	1679	2116.33	3116
Iteration: 478	1551	1723	2098.14	2685
Iteration: 479	1551	1705	2099.82	2794
Iteration: 480	1551	1649	2111.92	2799
Iteration: 481	1551	1655	2071.69	2989
Iteration: 482	1551	1701	2064.95	2601
Iteration: 483	1551	1696	2073.89	2734
Iteration: 484	1551	1619	2086.58	2624
Iteration: 485	1551	1708	2080.5	2570
Iteration: 486	1551	1591	2099.65	2880
Iteration: 487	1551	1688	2057.32	2761
Iteration: 488	1551	1672	2103.61	2855
Iteration: 489	1551	1742	2108.69	2825
Iteration: 490	1551	1772	2076.99	2810
Iteration: 491	1551	1735	2071.29	2860
Iteration: 492	1551	1609	2041.95	2799
Iteration: 493	1551	1672	2059.44	3137
Iteration: 494	1551	1756	2079.27	2631
Iteration: 495	1551	1695	2099.7	2687
Iteration: 496	1551	1686	2070.86	2627
Iteration: 497	1551	1715	2066.91	2647
Iteration: 498	1551	1689	2090.85	2833
Iteration: 499	1551	1657	2045.99	2872
