Iteration: 0	1699	1699	2062.67	2496
Iteration: 1	1699	1741	2088.65	2599
Iteration: 2	1699	1722	2118.7	2673
Iteration: 3	1699	1730	2187.55	2652
Iteration: 4	1699	1711	2257.41	3065
Iteration: 5	1699	1830	2143.65	2773
Iteration: 6	1611	1611	2076.81	2610
Iteration: 7	1611	1709	2036.86	2532
Iteration: 8	1611	1682	2107.69	2740
Iteration: 9	1611	1717	2115.58	2670
Iteration: 10	1611	1700	2080.27	2654
Iteration: 11	1611	1668	2077.16	2841
Iteration: 12	1611	1690	2062.99	2672
Iteration: 13	1611	1694	2097.43	3097
Iteration: 14	1611	1728	2111.44	2906
Iteration: 15	1611	1724	2095.5	2914
Iteration: 16	1611	1738	2123	3029
Iteration: 17	1611	1650	2103.84	2594
Iteration: 18	1611	1627	2062.51	2569
Iteration: 19	1611	1716	2080.46	2725
Iteration: 20	1584	1584	2067.92	3070
Iteration: 21	1584	1680	2084.11	2644
Iteration: 22	1584	1645	2090.96	2827
Iteration: 23	1584	1705	2091.28	2888
Iteration: 24	1584	1677	2065.33	2580
Iteration: 25	1584	1671	2033.79	2649
Iteration: 26	1584	1787	2102.31	2774
Iteration: 27	1584	1672	2058.01	2665
Iteration: 28	1584	1761	2076.63	2709
Iteration: 29	1584	1699	2073.6	2594
Iteration: 30	1584	1665	2079.44	3142
Iteration: 31	1584	1676	2109.95	2731
Iteration: 32	1584	1784	2092.06	2727
Iteration: 33	1584	1734	2119.61	2593
Iteration: 34	1584	1676	2063.1	2535
Iteration: 35	1584	1652	2092.8	2728
Iteration: 36	1584	1717	2071.28	2629
Iteration: 37	1584	1668	2095.91	2724
Iteration: 38	1584	1710	2087.29	2840
Iteration: 39	1584	1720	2092.27	2852
Iteration: 40	1584	1711	2085.74	2650
Iteration: 41	1584	1632	2049.34	2481
Iteration: 42	1584	1714	2090.03	2802
Iteration: 43	1584	1731	2078.45	2708
Iteration: 44	1584	1631	2073.04	2836
Iteration: 45	1584	1716	2057.4	2781
Iteration: 46	1584	1637	2116.92	2980
Iteration: 47	1584	1634	2079.05	2840
Iteration: 48	1584	1733	2087.94	3230
Iteration: 49	1584	1664	2093.21	2822
Iteration: 50	1584	1669	2053.83	2735
Iteration: 51	1584	1629	2097.58	2773
Iteration: 52	1584	1607	2090.26	3121
Iteration: 53	1584	1735	2106.22	2786
Iteration: 54	1584	1614	2072.34	2726
Iteration: 55	1584	1696	2093.55	2635
Iteration: 56	1584	1656	2044.98	2572
Iteration: 57	1584	1665	2074.61	2597
Iteration: 58	1584	1716	2123.31	2847
Iteration: 59	1584	1725	2073.68	2907
Iteration: 60	1584	1684	2086.95	2776
Iteration: 61	1556	1556	2036.87	2788
Iteration: 62	1556	1659	2084.3	2634
Iteration: 63	1556	1787	2057.53	2764
Iteration: 64	1556	1707	2070.72	2707
Iteration: 65	1556	1675	2031.67	2513
Iteration: 66	1556	1687	2064.2	2914
Iteration: 67	1556	1678	2147.6	3029
Iteration: 68	1556	1724	2087.91	2832
Iteration: 69	1556	1695	2097.79	3004
Iteration: 70	1556	1696	2074.58	2771
Iteration: 71	1556	1724	2122.25	2882
Iteration: 72	1556	1733	2086.25	2966
Iteration: 73	1556	1757	2102.47	2848
Iteration: 74	1556	1743	2105.06	2940
Iteration: 75	1556	1695	2033.46	2702
Iteration: 76	1556	1635	2066.65	2765
Iteration: 77	1556	1671	2101.04	3210
Iteration: 78	1556	1652	2144.55	3014
Iteration: 79	1556	1653	2093.11	2869
Iteration: 80	1556	1700	2090.82	2695
Iteration: 81	1556	1664	2062.87	2748
Iteration: 82	1556	1654	2068.13	2808
Iteration: 83	1556	1657	2087.33	2884
Iteration: 84	1556	1668	2130.31	2901
Iteration: 85	1556	1661	2084.46	2885
Iteration: 86	1556	1693	2086.34	2858
Iteration: 87	1556	1675	2099.31	2662
Iteration: 88	1556	1695	2069.36	2816
Iteration: 89	1556	1716	2092.38	2834
Iteration: 90	1556	1726	2086.96	2764
Iteration: 91	1556	1681	2059.02	2598
Iteration: 92	1556	1749	2111.91	2680
Iteration: 93	1556	1699	2064.01	2629
Iteration: 94	1556	1705	2082	2671
Iteration: 95	1556	1716	2095.58	2730
Iteration: 96	1556	1640	2103.92	2941
Iteration: 97	1556	1716	2129	3023
Iteration: 98	1556	1654	2062.39	2704
Iteration: 99	1556	1654	2070.26	2813
Iteration: 100	1556	1774	2081.09	2674
Iteration: 101	1556	1738	2068.74	2873
Iteration: 102	1556	1693	2072.28	2904
Iteration: 103	1556	1698	2084.64	2825
Iteration: 104	1556	1698	2061.79	2841
Iteration: 105	1556	1648	2071.98	2610
Iteration: 106	1556	1742	2085.38	2633
Iteration: 107	1556	1708	2088.63	2836
Iteration: 108	1556	1657	2050.37	2673
Iteration: 109	1556	1740	2095.9	2883
Iteration: 110	1556	1640	2071.62	2612
Iteration: 111	1556	1717	2077.98	2680
Iteration: 112	1556	1702	2076.86	2731
Iteration: 113	1556	1711	2060.8	2716
Iteration: 114	1556	1734	2070.69	2847
Iteration: 115	1556	1803	2078.45	2852
Iteration: 116	1556	1744	2075.38	2677
Iteration: 117	1556	1736	2100.7	2932
Iteration: 118	1556	1700	2087.55	2784
Iteration: 119	1556	1710	2076.74	2720
Iteration: 120	1556	1664	2079.22	2651
Iteration: 121	1556	1714	2061.82	2657
Iteration: 122	1556	1652	2077.79	2770
Iteration: 123	1556	1674	2091.21	2883
Iteration: 124	1556	1567	2068.48	2780
Iteration: 125	1556	1662	2091.49	2738
Iteration: 126	1556	1670	2101.53	2938
Iteration: 127	1556	1657	2066.53	2922
Iteration: 128	1556	1670	2046.16	2987
Iteration: 129	1556	1686	2106.81	3162
Iteration: 130	1556	1732	2090.69	2608
Iteration: 131	1556	1662	2056.35	3171
Iteration: 132	1556	1690	2088.82	2708
Iteration: 133	1556	1626	2074.09	2752
Iteration: 134	1556	1653	2141.83	2883
Iteration: 135	1556	1613	2130.94	2743
Iteration: 136	1556	1712	2117.52	2878
Iteration: 137	1556	1699	2090.53	2903
Iteration: 138	1556	1719	2078.01	3315
Iteration: 139	1556	1651	2085.41	2889
Iteration: 140	1556	1608	2084.18	2708
Iteration: 141	1556	1772	2073.2	2696
Iteration: 142	1556	1675	2103.02	2809
Iteration: 143	1556	1678	2087.25	2711
Iteration: 144	1556	1699	2092.73	2676
Iteration: 145	1556	1726	2049.08	2633
Iteration: 146	1556	1643	2122.03	3013
Iteration: 147	1556	1695	2086.53	2766
Iteration: 148	1556	1691	2093	3063
Iteration: 149	1552	1552	2074.92	2716
Iteration: 150	1552	1735	2095.36	2698
Iteration: 151	1552	1694	2068.19	2621
Iteration: 152	1552	1648	2052.25	2705
Iteration: 153	1552	1667	2102.46	2817
Iteration: 154	1552	1680	2098.38	2525
Iteration: 155	1552	1615	2036.55	2520
Iteration: 156	1552	1604	2113.54	2698
Iteration: 157	1552	1666	2075.79	2844
Iteration: 158	1552	1677	2090.09	3025
Iteration: 159	1552	1780	2092.65	2880
Iteration: 160	1552	1674	2039.54	3086
Iteration: 161	1552	1765	2100.79	2758
Iteration: 162	1552	1693	2049.47	2662
Iteration: 163	1552	1629	2115.61	3050
Iteration: 164	1552	1689	2082.39	2613
Iteration: 165	1552	1732	2086.36	2872
Iteration: 166	1552	1653	2069.45	2834
Iteration: 167	1552	1694	2086.41	3024
Iteration: 168	1552	1715	2094.83	2679
Iteration: 169	1552	1633	2113.7	2911
Iteration: 170	1552	1713	2072.62	2586
Iteration: 171	1552	1609	2115.98	2742
Iteration: 172	1552	1652	2050.79	2835
Iteration: 173	1552	1659	2052.86	2738
Iteration: 174	1552	1700	2143.16	3116
Iteration: 175	1552	1631	2074.19	3182
Iteration: 176	1552	1687	2124.36	2813
Iteration: 177	1552	1661	2100.93	2869
Iteration: 178	1552	1563	2095.17	2888
Iteration: 179	1552	1720	2092.31	2811
Iteration: 180	1552	1654	2098.46	2941
Iteration: 181	1552	1790	2124.14	2793
Iteration: 182	1552	1779	2077.9	2537
Iteration: 183	1552	1679	2064.17	2526
Iteration: 184	1552	1702	2079.99	2519
Iteration: 185	1552	1683	2074.43	2959
Iteration: 186	1552	1776	2112.96	2841
Iteration: 187	1552	1649	2103.54	2848
Iteration: 188	1552	1761	2070.08	2780
Iteration: 189	1552	1721	2083.36	2840
Iteration: 190	1552	1731	2110.65	3071
Iteration: 191	1552	1624	2098.41	2978
Iteration: 192	1552	1664	2071.96	2786
Iteration: 193	1552	1749	2041.82	2453
Iteration: 194	1552	1690	2077.21	2857
Iteration: 195	1552	1710	2094.95	3004
Iteration: 196	1552	1634	2083.38	2608
Iteration: 197	1552	1666	2085.97	2675
Iteration: 198	1552	1649	2091.41	2994
Iteration: 199	1552	1654	2034.86	2423
Iteration: 200	1552	1605	2069.23	2691
Iteration: 201	1552	1686	2093.69	2796
Iteration: 202	1552	1628	2065.96	2553
Iteration: 203	1552	1668	2084.94	2883
Iteration: 204	1552	1725	2084.46	2766
Iteration: 205	1552	1667	2083.44	2904
Iteration: 206	1552	1663	2076.41	2693
Iteration: 207	1552	1650	2108.8	2829
Iteration: 208	1552	1741	2078.22	2847
Iteration: 209	1552	1656	2090.04	2875
Iteration: 210	1552	1722	2087.25	3275
Iteration: 211	1552	1661	2125.77	3127
Iteration: 212	1552	1632	2065.72	2683
Iteration: 213	1552	1563	2045.16	2641
Iteration: 214	1552	1708	2115.11	2727
Iteration: 215	1552	1744	2108.47	2767
Iteration: 216	1552	1717	2067.71	2780
Iteration: 217	1552	1671	2062.88	2638
Iteration: 218	1552	1719	2079.6	3054
Iteration: 219	1552	1601	2097.06	2861
Iteration: 220	1552	1637	2104	3236
Iteration: 221	1552	1706	2068.35	2703
Iteration: 222	1552	1621	2079.94	2738
Iteration: 223	1552	1745	2075.82	2822
Iteration: 224	1552	1720	2081.89	2833
Iteration: 225	1552	1718	2095.15	2799
Iteration: 226	1552	1754	2101.77	2688
Iteration: 227	1552	1746	2073.63	2825
Iteration: 228	1552	1786	2116.69	3015
Iteration: 229	1552	1604	2067.9	2683
Iteration: 230	1552	1626	2084.79	2769
Iteration: 231	1552	1636	2073.16	2796
Iteration: 232	1552	1632	2092.44	2765
Iteration: 233	1552	1693	2063.53	2709
Iteration: 234	1552	1685	2126.94	2691
Iteration: 235	1552	1619	2106.74	2944
Iteration: 236	1552	1751	2094.5	2936
Iteration: 237	1552	1716	2067.1	2717
Iteration: 238	1552	1688	2129.66	3076
Iteration: 239	1552	1689	2099.86	2874
Iteration: 240	1552	1651	2058.26	2517
Iteration: 241	1552	1688	2095.82	2689
Iteration: 242	1552	1716	2066.3	2908
Iteration: 243	1552	1722	2129.54	3000
Iteration: 244	1552	1707	2084.28	3069
Iteration: 245	1552	1738	2092.22	2707
Iteration: 246	1552	1752	2088.81	2817
Iteration: 247	1552	1649	2093.43	2790
Iteration: 248	1552	1727	2093.91	2798
Iteration: 249	1552	1672	2055.95	2741
Iteration: 250	1552	1691	2067.83	2526
Iteration: 251	1552	1678	2076.2	2909
Iteration: 252	1552	1740	2085.69	2823
Iteration: 253	1552	1747	2088.26	2997
Iteration: 254	1552	1736	2063.77	2583
Iteration: 255	1552	1665	2067.77	2846
Iteration: 256	1552	1706	2078.1	2810
Iteration: 257	1552	1757	2074.85	2638
Iteration: 258	1552	1723	2099.93	2866
Iteration: 259	1552	1709	2066.26	2622
Iteration: 260	1552	1701	2073.54	2820
Iteration: 261	1552	1712	2099.95	3056
Iteration: 262	1552	1719	2087.08	2783
Iteration: 263	1552	1722	2110.59	2747
Iteration: 264	1552	1728	2107.53	2848
Iteration: 265	1552	1722	2071	2452
Iteration: 266	1552	1750	2106.43	2946
Iteration: 267	1552	1675	2066.95	2618
Iteration: 268	1552	1724	2093.72	2736
Iteration: 269	1552	1727	2063.87	2979
Iteration: 270	1552	1654	2080.73	2753
Iteration: 271	1552	1724	2092.3	2819
Iteration: 272	1552	1715	2073.08	2591
Iteration: 273	1552	1714	2101.68	2801
Iteration: 274	1552	1791	2103.28	2694
Iteration: 275	1552	1701	2055.5	2810
Iteration: 276	1552	1719	2059.41	2884
Iteration: 277	1552	1635	2057.09	2908
Iteration: 278	1552	1700	2069.88	2639
Iteration: 279	1552	1659	2106.66	2990
Iteration: 280	1552	1653	2049.3	2622
Iteration: 281	1552	1711	2098.38	2749
Iteration: 282	1552	1677	2078.2	2547
Iteration: 283	1552	1720	2104.72	2838
Iteration: 284	1552	1625	2052.48	2746
Iteration: 285	1552	1722	2085.72	2570
Iteration: 286	1552	1667	2107.2	2937
Iteration: 287	1552	1699	2088.12	2705
Iteration: 288	1552	1654	2063.2	2527
Iteration: 289	1552	1773	2113.55	2579
Iteration: 290	1552	1621	2113.95	2866
Iteration: 291	1552	1711	2075.03	2690
Iteration: 292	1552	1686	2044.46	2644
Iteration: 293	1552	1596	2086.22	2820
Iteration: 294	1552	1704	2082.98	2679
Iteration: 295	1552	1659	2052.58	2590
Iteration: 296	1552	1721	2077.48	2687
Iteration: 297	1552	1636	2126.59	3190
Iteration: 298	1552	1724	2068.26	2470
Iteration: 299	1552	1736	2109.97	3135
Iteration: 300	1552	1589	2012.31	2618
Iteration: 301	1552	1668	2048.61	2649
Iteration: 302	1552	1737	2094.27	2937
Iteration: 303	1552	1606	2071.77	2798
Iteration: 304	1552	1706	2089.22	2884
Iteration: 305	1552	1694	2074.38	2661
Iteration: 306	1552	1677	2104.21	2486
Iteration: 307	1552	1733	2079.38	2739
Iteration: 308	1552	1683	2066.56	2497
Iteration: 309	1552	1763	2109.28	2793
Iteration: 310	1552	1693	2091.12	2878
Iteration: 311	1552	1700	2085.97	2758
Iteration: 312	1552	1683	2089.29	2609
Iteration: 313	1552	1715	2090.39	2577
Iteration: 314	1552	1599	2082.76	2721
Iteration: 315	1552	1702	2056.06	2630
Iteration: 316	1552	1614	2109.18	2989
Iteration: 317	1552	1663	2075.22	3190
Iteration: 318	1552	1713	2113.13	2764
Iteration: 319	1552	1685	2102.32	2768
Iteration: 320	1552	1591	2070.28	2841
Iteration: 321	1552	1684	2052.15	2434
Iteration: 322	1552	1773	2134.02	2696
Iteration: 323	1552	1773	2076.19	2719
Iteration: 324	1552	1696	2095.2	2685
Iteration: 325	1552	1643	2061.19	3024
Iteration: 326	1552	1666	2070.77	2583
Iteration: 327	1552	1702	2068.54	2701
Iteration: 328	1552	1719	2090.73	2669
Iteration: 329	1552	1590	2091.41	2805
Iteration: 330	1552	1689	2064.2	2551
Iteration: 331	1552	1677	2084.47	2652
Iteration: 332	1552	1741	2091.53	2575
Iteration: 333	1552	1722	2102.59	3070
Iteration: 334	1552	1689	2075.71	2671
Iteration: 335	1552	1747	2077.21	2602
Iteration: 336	1552	1662	2098.99	2616
Iteration: 337	1552	1681	2100.49	2731
Iteration: 338	1552	1718	2111.88	2867
Iteration: 339	1552	1677	2078.74	3057
Iteration: 340	1552	1773	2087.18	2661
Iteration: 341	1552	1675	2092.85	2860
Iteration: 342	1552	1734	2084.34	2792
Iteration: 343	1552	1784	2111.6	2642
Iteration: 344	1552	1639	2061.58	2647
Iteration: 345	1552	1670	2067.73	2628
Iteration: 346	1552	1706	2074.79	2676
Iteration: 347	1552	1664	2097.44	2707
Iteration: 348	1552	1709	2131.92	3105
Iteration: 349	1552	1703	2102.05	3355
Iteration: 350	1552	1647	2087.66	2798
Iteration: 351	1552	1713	2087.42	2640
Iteration: 352	1552	1649	2098.71	2840
Iteration: 353	1552	1718	2124.52	2731
Iteration: 354	1552	1605	2068.81	2700
Iteration: 355	1552	1647	2121.03	2963
Iteration: 356	1552	1716	2079.43	2763
Iteration: 357	1552	1650	2060.76	2671
Iteration: 358	1552	1640	2054	2874
Iteration: 359	1552	1665	2112.76	2868
Iteration: 360	1552	1622	2059.47	3203
Iteration: 361	1552	1603	2104.08	2653
Iteration: 362	1552	1612	2094.4	2958
Iteration: 363	1552	1660	2061.11	2740
Iteration: 364	1552	1664	2050.87	2580
Iteration: 365	1552	1682	2094.31	2752
Iteration: 366	1552	1666	2073.57	2903
Iteration: 367	1552	1701	2063.28	2699
Iteration: 368	1552	1699	2108.29	2757
Iteration: 369	1552	1657	2091.46	2879
Iteration: 370	1552	1730	2067.41	2676
Iteration: 371	1552	1712	2123.18	2594
Iteration: 372	1552	1713	2078.37	2759
Iteration: 373	1552	1626	2121.06	2841
Iteration: 374	1552	1682	2077.36	2645
Iteration: 375	1552	1757	2106.53	2656
Iteration: 376	1552	1743	2139.08	2672
Iteration: 377	1552	1705	2091.55	2881
Iteration: 378	1552	1635	2098.5	2642
Iteration: 379	1552	1684	2114.15	2905
Iteration: 380	1552	1631	2068.5	2649
Iteration: 381	1552	1635	2096.43	2693
Iteration: 382	1552	1636	2111.04	2913
Iteration: 383	1552	1701	2079.59	2698
Iteration: 384	1552	1785	2109.34	2878
Iteration: 385	1552	1678	2079.22	2840
Iteration: 386	1552	1668	2040.22	2900
Iteration: 387	1552	1630	2087.73	2730
Iteration: 388	1552	1703	2117.85	2783
Iteration: 389	1552	1718	2059.48	2592
Iteration: 390	1552	1753	2087.61	3205
Iteration: 391	1552	1736	2080.54	3192
Iteration: 392	1552	1704	2102.23	2940
Iteration: 393	1552	1686	2067.23	2594
Iteration: 394	1552	1710	2098.98	2738
Iteration: 395	1552	1713	2139.02	2692
Iteration: 396	1552	1748	2057.05	2588
Iteration: 397	1552	1749	2088.06	2992
Iteration: 398	1552	1784	2108.85	2681
Iteration: 399	1552	1633	2052.86	2857
Iteration: 400	1552	1744	2075.55	2775
Iteration: 401	1552	1670	2060.99	2896
Iteration: 402	1552	1722	2090.58	2756
Iteration: 403	1552	1725	2089.16	3030
Iteration: 404	1552	1741	2090.76	2658
Iteration: 405	1552	1674	2120.27	2658
Iteration: 406	1552	1718	2051.86	2753
Iteration: 407	1552	1747	2106.96	2700
Iteration: 408	1552	1662	2094.13	2674
Iteration: 409	1552	1683	2093.29	2756
Iteration: 410	1552	1762	2091.65	2871
Iteration: 411	1552	1708	2105.11	2844
Iteration: 412	1552	1659	2084.1	2817
Iteration: 413	1552	1765	2105.05	3000
Iteration: 414	1552	1719	2117.95	2747
Iteration: 415	1552	1644	2099.03	2850
Iteration: 416	1552	1643	2040.09	2839
Iteration: 417	1552	1593	2080.31	2650
Iteration: 418	1552	1671	2068.21	2591
Iteration: 419	1552	1723	2080.22	2939
Iteration: 420	1552	1702	2055.31	2618
Iteration: 421	1552	1741	2071.69	2785
Iteration: 422	1552	1775	2069.06	2712
Iteration: 423	1522	1522	2086.48	2572
Iteration: 424	1522	1741	2097.68	3021
Iteration: 425	1522	1686	2086.5	2682
Iteration: 426	1522	1695	2052.62	2449
Iteration: 427	1522	1666	2038.56	2798
Iteration: 428	1522	1699	2092.06	2687
Iteration: 429	1522	1676	2062.92	3009
Iteration: 430	1522	1711	2086.06	3104
Iteration: 431	1522	1622	2128.27	2760
Iteration: 432	1522	1765	2079.8	2791
Iteration: 433	1522	1712	2082.37	2824
Iteration: 434	1522	1690	2076.77	2804
Iteration: 435	1522	1733	2084.14	2840
Iteration: 436	1522	1576	2046.33	2678
Iteration: 437	1522	1642	2067.84	2512
Iteration: 438	1522	1717	2075.46	2988
Iteration: 439	1522	1704	2108.45	2731
Iteration: 440	1522	1678	2098.51	2880
Iteration: 441	1522	1717	2079.35	2726
Iteration: 442	1522	1665	2109.97	2788
Iteration: 443	1522	1719	2106.2	2918
Iteration: 444	1522	1692	2078.42	2619
Iteration: 445	1522	1601	2070.91	2698
Iteration: 446	1522	1651	2057.58	2564
Iteration: 447	1522	1636	2067.17	2938
Iteration: 448	1522	1713	2112.28	2587
Iteration: 449	1522	1686	2080.72	2583
Iteration: 450	1522	1686	2057.33	2871
Iteration: 451	1522	1720	2078.72	2846
Iteration: 452	1522	1747	2088.25	2971
Iteration: 453	1522	1743	2120.86	2767
Iteration: 454	1522	1676	2040.36	2656
Iteration: 455	1522	1635	2079.3	2698
Iteration: 456	1522	1805	2113.65	3009
Iteration: 457	1522	1748	2112.01	2989
Iteration: 458	1522	1680	2093.19	2926
Iteration: 459	1522	1789	2086.71	2671
Iteration: 460	1522	1732	2100.07	2678
Iteration: 461	1522	1754	2098.9	2829
Iteration: 462	1522	1739	2090	2616
Iteration: 463	1522	1811	2094.55	2675
Iteration: 464	1522	1765	2081.32	3224
Iteration: 465	1522	1680	2075.95	2827
Iteration: 466	1522	1647	2088.06	3088
Iteration: 467	1522	1629	2092.55	2646
Iteration: 468	1522	1716	2078.39	2654
Iteration: 469	1522	1699	2110.38	2694
Iteration: 470	1522	1662	2132.61	3101
Iteration: 471	1522	1686	2079.01	2807
Iteration: 472	1522	1657	2085.02	2857
Iteration: 473	1522	1719	2043.17	2407
Iteration: 474	1522	1684	2116.49	2928
Iteration: 475	1522	1775	2123.65	2953
Iteration: 476	1522	1716	2073.55	2648
Iteration: 477	1522	1648	2099.24	2684
Iteration: 478	1522	1582	2067.41	2989
Iteration: 479	1522	1718	2058.83	2531
Iteration: 480	1522	1671	2155.91	2689
Iteration: 481	1522	1650	2054.31	2870
Iteration: 482	1522	1653	2072.73	2942
Iteration: 483	1522	1649	2107.01	2767
Iteration: 484	1522	1694	2130.76	2804
Iteration: 485	1522	1712	2081.83	2566
Iteration: 486	1522	1608	2024.06	2632
Iteration: 487	1522	1644	2076.55	2771
Iteration: 488	1522	1733	2096.81	2602
Iteration: 489	1522	1649	2073.26	2960
Iteration: 490	1522	1699	2087.14	2616
Iteration: 491	1522	1717	2112.91	3454
Iteration: 492	1522	1668	2078.06	3107
Iteration: 493	1522	1685	2070.08	2538
Iteration: 494	1522	1715	2100.94	2723
Iteration: 495	1522	1680	2080.78	2710
Iteration: 496	1522	1738	2099.05	2644
Iteration: 497	1522	1778	2088.61	2845
Iteration: 498	1522	1706	2080.49	2693
Iteration: 499	1522	1653	2059.05	2881
