Iteration: 0	1696	1696	2038.7	2539
Iteration: 1	1696	1700	2040.85	2592
Iteration: 2	1696	1725	2148.2	2847
Iteration: 3	1696	1764	2209.54	2732
Iteration: 4	1696	1756	2196.89	2922
Iteration: 5	1663	1663	2192.77	2919
Iteration: 6	1663	1711	2111.99	2607
Iteration: 7	1663	1729	2103.35	2703
Iteration: 8	1663	1684	2090.43	3135
Iteration: 9	1663	1687	2066.47	2700
Iteration: 10	1534	1534	2062.2	2671
Iteration: 11	1534	1674	2094.97	2666
Iteration: 12	1534	1697	2090.88	2776
Iteration: 13	1534	1610	2110.03	2736
Iteration: 14	1534	1745	2131.2	2932
Iteration: 15	1534	1679	2067.6	2805
Iteration: 16	1534	1625	2092.76	3219
Iteration: 17	1534	1754	2092.21	2743
Iteration: 18	1534	1681	2126.3	2661
Iteration: 19	1534	1775	2082.33	2844
Iteration: 20	1534	1699	2097.11	2724
Iteration: 21	1534	1679	2148.31	2877
Iteration: 22	1534	1656	2074.91	2821
Iteration: 23	1534	1644	2040.92	2475
Iteration: 24	1534	1756	2076.93	2640
Iteration: 25	1534	1634	2070.76	3020
Iteration: 26	1534	1750	2085.18	2752
Iteration: 27	1534	1680	2060.7	2839
Iteration: 28	1534	1664	2057.99	2518
Iteration: 29	1534	1591	2099.58	2738
Iteration: 30	1534	1721	2099.66	3071
Iteration: 31	1534	1690	2090.13	3061
Iteration: 32	1534	1666	2083.71	2643
Iteration: 33	1534	1724	2060	2480
Iteration: 34	1534	1712	2082.57	2618
Iteration: 35	1534	1621	2053.67	2703
Iteration: 36	1534	1693	2063.7	2785
Iteration: 37	1534	1674	2107.31	2860
Iteration: 38	1534	1656	2042.97	2577
Iteration: 39	1534	1642	2082.77	2580
Iteration: 40	1534	1656	2093.84	2939
Iteration: 41	1534	1743	2114.89	2783
Iteration: 42	1534	1771	2117.64	2662
Iteration: 43	1534	1695	2102.03	2782
Iteration: 44	1534	1641	2099.75	2878
Iteration: 45	1534	1766	2107.41	2840
Iteration: 46	1534	1695	2094.1	2671
Iteration: 47	1534	1689	2126.36	2710
Iteration: 48	1534	1724	2114.29	2973
Iteration: 49	1534	1688	2069.79	2659
Iteration: 50	1534	1627	2058.17	2647
Iteration: 51	1534	1752	2099.55	2688
Iteration: 52	1534	1679	2074.16	2772
Iteration: 53	1534	1778	2077.94	2776
Iteration: 54	1534	1631	2079.44	2643
Iteration: 55	1534	1683	2076.01	2811
Iteration: 56	1534	1734	2117.77	2666
Iteration: 57	1534	1703	2087.34	2800
Iteration: 58	1534	1727	2075.32	2649
Iteration: 59	1534	1657	2081.77	2881
Iteration: 60	1534	1671	2084.87	2912
Iteration: 61	1534	1678	2082.54	2765
Iteration: 62	1534	1733	2062.37	2601
Iteration: 63	1534	1685	2085	2765
Iteration: 64	1534	1698	2071.15	2757
Iteration: 65	1534	1686	2107.16	2720
Iteration: 66	1534	1723	2072.66	3246
Iteration: 67	1534	1727	2090.91	2827
Iteration: 68	1534	1677	2057.53	2443
Iteration: 69	1534	1743	2090.23	2666
Iteration: 70	1534	1758	2074.74	2671
Iteration: 71	1534	1689	2043.37	2591
Iteration: 72	1534	1621	2057.17	2624
Iteration: 73	1534	1691	2102.18	2826
Iteration: 74	1534	1779	2075.28	2607
Iteration: 75	1534	1680	2076.78	2861
Iteration: 76	1534	1641	2063.29	2784
Iteration: 77	1534	1612	2072.98	2624
Iteration: 78	1534	1604	2075.77	2791
Iteration: 79	1534	1728	2082.03	2906
Iteration: 80	1534	1766	2084.18	2772
Iteration: 81	1534	1614	2094.63	2956
Iteration: 82	1534	1648	2052.88	2638
Iteration: 83	1534	1737	2065.52	2585
Iteration: 84	1534	1714	2034.04	2914
Iteration: 85	1534	1675	2056.67	2972
Iteration: 86	1534	1733	2104.17	3119
Iteration: 87	1534	1678	2053.6	2801
Iteration: 88	1534	1726	2117.12	3399
Iteration: 89	1534	1666	2066.95	2700
Iteration: 90	1534	1684	2072.25	2854
Iteration: 91	1534	1697	2073.83	2859
Iteration: 92	1534	1687	2084.6	3084
Iteration: 93	1534	1719	2128.4	2928
Iteration: 94	1534	1671	2073.89	2694
Iteration: 95	1534	1668	2102.57	2884
Iteration: 96	1534	1714	2108.03	2713
Iteration: 97	1534	1664	2116.91	2981
Iteration: 98	1534	1729	2076.45	3064
Iteration: 99	1534	1686	2088.36	2649
Iteration: 100	1534	1637	2073.65	2783
Iteration: 101	1534	1714	2100.58	2670
Iteration: 102	1534	1708	2091.67	3317
Iteration: 103	1534	1720	2049.56	3152
Iteration: 104	1534	1627	2058.22	2660
Iteration: 105	1534	1703	2062.37	2771
Iteration: 106	1534	1773	2135.29	3038
Iteration: 107	1534	1724	2102.77	2800
Iteration: 108	1534	1681	2086.85	3021
Iteration: 109	1534	1678	2099.22	2659
Iteration: 110	1534	1677	2056.39	2625
Iteration: 111	1534	1681	2053.98	3019
Iteration: 112	1534	1660	2094.63	2787
Iteration: 113	1534	1638	2076.29	2729
Iteration: 114	1534	1742	2081.08	2641
Iteration: 115	1534	1707	2066.14	2760
Iteration: 116	1534	1706	2056.61	2785
Iteration: 117	1534	1727	2091.83	2772
Iteration: 118	1534	1719	2113.91	2883
Iteration: 119	1534	1723	2077.92	2780
Iteration: 120	1534	1676	2099.36	2508
Iteration: 121	1534	1690	2050.5	2458
Iteration: 122	1534	1735	2113.83	2824
Iteration: 123	1534	1739	2080.35	2787
Iteration: 124	1534	1680	2116.95	2996
Iteration: 125	1534	1770	2082.85	2701
Iteration: 126	1534	1770	2073.76	2869
Iteration: 127	1534	1645	2049.22	2608
Iteration: 128	1534	1700	2101.12	2922
Iteration: 129	1534	1683	2080.54	2725
Iteration: 130	1534	1666	2086.12	2891
Iteration: 131	1534	1638	2084.53	2754
Iteration: 132	1534	1718	2101.87	2553
Iteration: 133	1534	1704	2074.01	2880
Iteration: 134	1534	1658	2102.7	2803
Iteration: 135	1534	1735	2041.31	2629
Iteration: 136	1534	1575	2104.72	2659
Iteration: 137	1534	1703	2098.43	2858
Iteration: 138	1534	1649	2103.24	2860
Iteration: 139	1534	1682	2091.38	2713
Iteration: 140	1534	1700	2099.12	3216
Iteration: 141	1534	1606	2106.65	2835
Iteration: 142	1534	1727	2068.83	3210
Iteration: 143	1534	1609	2079.94	2966
Iteration: 144	1534	1580	2052.24	2594
Iteration: 145	1534	1680	2058	2713
Iteration: 146	1534	1724	2154.94	2761
Iteration: 147	1534	1696	2060.4	2658
Iteration: 148	1534	1740	2088.84	2647
Iteration: 149	1534	1726	2084.05	2659
Iteration: 150	1534	1739	2108.15	2596
Iteration: 151	1534	1703	2079.86	2856
Iteration: 152	1534	1710	2087.58	2587
Iteration: 153	1534	1667	2071.58	2584
Iteration: 154	1534	1743	2069.49	2865
Iteration: 155	1534	1710	2120.56	3131
Iteration: 156	1534	1666	2069.1	2557
Iteration: 157	1534	1714	2079.65	2675
Iteration: 158	1534	1777	2088.68	3033
Iteration: 159	1534	1743	2067.67	3229
Iteration: 160	1534	1734	2064.13	2709
Iteration: 161	1534	1737	2075.52	2627
Iteration: 162	1534	1690	2052.56	2985
Iteration: 163	1534	1619	2077.17	2888
Iteration: 164	1534	1692	2054.94	2815
Iteration: 165	1534	1745	2097.32	3357
Iteration: 166	1534	1748	2078.52	2593
Iteration: 167	1534	1613	2045.33	3066
Iteration: 168	1534	1698	2069.48	2727
Iteration: 169	1534	1602	2102.57	2952
Iteration: 170	1534	1751	2098.57	2771
Iteration: 171	1534	1662	2063.17	2390
Iteration: 172	1534	1741	2069.32	2614
Iteration: 173	1534	1716	2110.25	2738
Iteration: 174	1534	1607	2055.82	2793
Iteration: 175	1534	1747	2088.07	2738
Iteration: 176	1534	1720	2065.69	2938
Iteration: 177	1534	1655	2119.49	2797
Iteration: 178	1534	1654	2059.45	2554
Iteration: 179	1534	1752	2082.91	2814
Iteration: 180	1534	1607	2078.93	2698
Iteration: 181	1534	1709	2115.29	2707
Iteration: 182	1534	1612	2121.63	2791
Iteration: 183	1534	1614	2085.18	2795
Iteration: 184	1534	1689	2081.93	2724
Iteration: 185	1534	1696	2099.86	2875
Iteration: 186	1534	1639	2067.74	2588
Iteration: 187	1534	1632	2055.58	2827
Iteration: 188	1534	1601	2093.16	2978
Iteration: 189	1534	1608	2085.71	2936
Iteration: 190	1534	1678	2088.17	3098
Iteration: 191	1534	1673	2074.86	2485
Iteration: 192	1534	1727	2102.94	3002
Iteration: 193	1534	1724	2090.13	2710
Iteration: 194	1534	1711	2082.02	2587
Iteration: 195	1534	1569	2073.48	2615
Iteration: 196	1534	1754	2073.49	2617
Iteration: 197	1534	1710	2071.72	3072
Iteration: 198	1534	1676	2053.12	2623
Iteration: 199	1534	1666	2073.05	2960
Iteration: 200	1534	1721	2082.15	2871
Iteration: 201	1534	1735	2077.65	2657
Iteration: 202	1534	1706	2074.76	2614
Iteration: 203	1534	1655	2082.51	2808
Iteration: 204	1534	1709	2140.84	2800
Iteration: 205	1534	1718	2057.74	2669
Iteration: 206	1534	1659	2056.62	2710
Iteration: 207	1534	1697	2104.75	2837
Iteration: 208	1534	1647	2089.34	2790
Iteration: 209	1534	1681	2114.67	2728
Iteration: 210	1534	1549	2066.43	2935
Iteration: 211	1534	1711	2096.09	3030
Iteration: 212	1534	1694	2120.91	2845
Iteration: 213	1534	1721	2105.22	2791
Iteration: 214	1534	1709	2080.35	2965
Iteration: 215	1534	1595	2105.4	3008
Iteration: 216	1534	1576	2080.1	2837
Iteration: 217	1534	1652	2126.47	2860
Iteration: 218	1534	1694	2095.22	2824
Iteration: 219	1534	1726	2094.53	2867
Iteration: 220	1534	1726	2105.08	2904
Iteration: 221	1534	1631	2072.45	3099
Iteration: 222	1534	1649	2102.38	2868
Iteration: 223	1520	1520	2008.93	2639
Iteration: 224	1520	1678	2092.08	2777
Iteration: 225	1520	1623	2072.87	2974
Iteration: 226	1520	1699	2065.34	2570
Iteration: 227	1520	1676	2104.96	3052
Iteration: 228	1520	1593	2084.71	2737
Iteration: 229	1520	1675	2091.96	2766
Iteration: 230	1520	1661	2098.89	2865
Iteration: 231	1520	1662	2111.23	2686
Iteration: 232	1520	1674	2069.66	2764
Iteration: 233	1520	1632	2065.47	2835
Iteration: 234	1520	1737	2086.7	2835
Iteration: 235	1520	1649	2142.61	2836
Iteration: 236	1520	1709	2096.69	2580
Iteration: 237	1520	1626	2037.9	2747
Iteration: 238	1520	1719	2080.46	2832
Iteration: 239	1520	1665	2066.06	2557
Iteration: 240	1520	1690	2055.2	2667
Iteration: 241	1520	1686	2085.99	2672
Iteration: 242	1520	1691	2092.65	2852
Iteration: 243	1520	1728	2080.15	2653
Iteration: 244	1520	1696	2111.89	2620
Iteration: 245	1520	1731	2070.17	2749
Iteration: 246	1520	1692	2110.56	2836
Iteration: 247	1520	1759	2092.4	2911
Iteration: 248	1520	1644	2088.91	2744
Iteration: 249	1520	1704	2066.22	2583
Iteration: 250	1520	1693	2074.41	2910
Iteration: 251	1520	1674	2086.53	2571
Iteration: 252	1520	1670	2055.18	2523
Iteration: 253	1520	1661	2078.07	2738
Iteration: 254	1520	1710	2094.61	2832
Iteration: 255	1520	1731	2067.2	2926
Iteration: 256	1520	1731	2063.54	2519
Iteration: 257	1520	1738	2081.26	2617
Iteration: 258	1520	1715	2089.7	2856
Iteration: 259	1520	1743	2051.91	2564
Iteration: 260	1520	1651	2134.47	2825
Iteration: 261	1520	1685	2088.93	2643
Iteration: 262	1520	1796	2108.04	2860
Iteration: 263	1520	1710	2066.21	2633
Iteration: 264	1520	1656	2084.8	2867
Iteration: 265	1520	1683	2073.78	3037
Iteration: 266	1520	1742	2091.4	2594
Iteration: 267	1520	1715	2106.66	2633
Iteration: 268	1520	1725	2080.92	2634
Iteration: 269	1520	1670	2129.01	2803
Iteration: 270	1520	1643	2069.99	2747
Iteration: 271	1520	1638	2055.26	2676
Iteration: 272	1520	1686	2060.52	2675
Iteration: 273	1520	1682	2061.6	2702
Iteration: 274	1520	1666	2079.42	2660
Iteration: 275	1520	1684	2078.13	2681
Iteration: 276	1520	1641	2109.15	3124
Iteration: 277	1520	1747	2093.94	2713
Iteration: 278	1520	1636	2075.17	3028
Iteration: 279	1520	1705	2073.46	2646
Iteration: 280	1520	1632	2094.14	2955
Iteration: 281	1520	1701	2068.8	2742
Iteration: 282	1520	1577	2087.8	2672
Iteration: 283	1520	1733	2083.23	2619
Iteration: 284	1520	1691	2111.86	2755
Iteration: 285	1520	1681	2063.59	2761
Iteration: 286	1520	1748	2079.54	2866
Iteration: 287	1520	1710	2098.46	2764
Iteration: 288	1520	1656	2117.39	2737
Iteration: 289	1520	1725	2087.69	2670
Iteration: 290	1520	1766	2116.18	2892
Iteration: 291	1520	1674	2081.29	2781
Iteration: 292	1520	1754	2126.02	3108
Iteration: 293	1520	1733	2087.34	2723
Iteration: 294	1520	1763	2080.57	2651
Iteration: 295	1520	1740	2104.21	2881
Iteration: 296	1520	1734	2087.04	2821
Iteration: 297	1520	1755	2133.76	2893
Iteration: 298	1520	1661	2086.78	2737
Iteration: 299	1520	1712	2120.59	2792
Iteration: 300	1520	1732	2078.83	2861
Iteration: 301	1520	1683	2075.99	2666
Iteration: 302	1520	1728	2125.3	2866
Iteration: 303	1520	1689	2085.01	2824
Iteration: 304	1520	1637	2059.89	2616
Iteration: 305	1520	1651	2075.47	2824
Iteration: 306	1520	1727	2078.88	2805
Iteration: 307	1520	1679	2053.65	2635
Iteration: 308	1520	1685	2059.83	2950
Iteration: 309	1520	1727	2114.32	2982
Iteration: 310	1520	1764	2104.43	2690
Iteration: 311	1520	1759	2074.01	2565
Iteration: 312	1520	1667	2055.99	2897
Iteration: 313	1520	1729	2069.85	2541
Iteration: 314	1520	1730	2106.32	3149
Iteration: 315	1520	1670	2081.31	2737
Iteration: 316	1520	1670	2037.02	2478
Iteration: 317	1520	1726	2099.44	2813
Iteration: 318	1520	1684	2074.77	2879
Iteration: 319	1520	1674	2092.61	2710
Iteration: 320	1520	1710	2099.13	3284
Iteration: 321	1520	1729	2086.56	2861
Iteration: 322	1520	1662	2122.76	2934
Iteration: 323	1511	1511	2098.7	2613
Iteration: 324	1511	1685	2113.33	2869
Iteration: 325	1511	1741	2098.74	2821
Iteration: 326	1511	1668	2100.04	2807
Iteration: 327	1511	1708	2069.69	2604
Iteration: 328	1511	1735	2112.65	3360
Iteration: 329	1511	1674	2118.63	2730
Iteration: 330	1511	1682	2042.18	2533
Iteration: 331	1511	1652	2101.32	2811
Iteration: 332	1511	1614	2064.44	2520
Iteration: 333	1511	1760	2098.69	2793
Iteration: 334	1511	1760	2086.88	2725
Iteration: 335	1511	1643	2097.31	2951
Iteration: 336	1511	1699	2113.75	2835
Iteration: 337	1511	1628	2059.86	2824
Iteration: 338	1511	1743	2097.24	2624
Iteration: 339	1511	1671	2081.08	2833
Iteration: 340	1511	1728	2135.3	2715
Iteration: 341	1511	1691	2099.81	2882
Iteration: 342	1511	1726	2089.91	2655
Iteration: 343	1511	1746	2070.5	2629
Iteration: 344	1511	1689	2069.3	2697
Iteration: 345	1511	1757	2100.59	2771
Iteration: 346	1511	1703	2124.09	2940
Iteration: 347	1511	1674	2082.98	2700
Iteration: 348	1511	1693	2089.48	2769
Iteration: 349	1511	1599	2089.59	2852
Iteration: 350	1511	1648	2078.8	2761
Iteration: 351	1511	1745	2113.42	2884
Iteration: 352	1511	1752	2102.62	3017
Iteration: 353	1511	1704	2069.95	2666
Iteration: 354	1511	1667	2066.01	2443
Iteration: 355	1511	1720	2087.78	2691
Iteration: 356	1511	1675	2114.89	3024
Iteration: 357	1511	1694	2053.32	2804
Iteration: 358	1511	1745	2072.02	2870
Iteration: 359	1511	1650	2094.9	2821
Iteration: 360	1511	1742	2082.07	2857
Iteration: 361	1511	1671	2112	2670
Iteration: 362	1511	1753	2060.36	3131
Iteration: 363	1511	1695	2102.59	3018
Iteration: 364	1511	1677	2047.51	2780
Iteration: 365	1511	1581	2096.8	2774
Iteration: 366	1511	1702	2068.84	2560
Iteration: 367	1511	1668	2110.82	3078
Iteration: 368	1511	1718	2062.01	2618
Iteration: 369	1511	1616	2079.72	3014
Iteration: 370	1511	1701	2043.68	2725
Iteration: 371	1511	1716	2067.89	2783
Iteration: 372	1511	1658	2069.64	2835
Iteration: 373	1511	1716	2092.01	2785
Iteration: 374	1511	1667	2048.32	2728
Iteration: 375	1511	1749	2087.37	2775
Iteration: 376	1511	1695	2059.68	2563
Iteration: 377	1511	1676	2087.21	2945
Iteration: 378	1511	1674	2071.58	2801
Iteration: 379	1511	1657	2087.1	2645
Iteration: 380	1511	1726	2090.14	2691
Iteration: 381	1511	1683	2058.05	2533
Iteration: 382	1511	1731	2115.35	2862
Iteration: 383	1511	1627	2046.83	2721
Iteration: 384	1511	1699	2066.58	2573
Iteration: 385	1511	1744	2083.81	2495
Iteration: 386	1511	1727	2059.69	2533
Iteration: 387	1511	1683	2081.14	2723
Iteration: 388	1511	1676	2076.92	2736
Iteration: 389	1511	1699	2107.92	2657
Iteration: 390	1511	1673	2087.51	2611
Iteration: 391	1511	1736	2124.78	2807
Iteration: 392	1511	1634	2081.06	2895
Iteration: 393	1511	1690	2083.18	3258
Iteration: 394	1511	1697	2050.2	2974
Iteration: 395	1511	1750	2094.32	2577
Iteration: 396	1511	1765	2129.24	2972
Iteration: 397	1511	1671	2088.71	2650
Iteration: 398	1511	1612	2105.21	2804
Iteration: 399	1511	1726	2150.1	2902
Iteration: 400	1511	1694	2085.72	2537
Iteration: 401	1511	1654	2070.67	2664
Iteration: 402	1511	1768	2092.32	2694
Iteration: 403	1511	1710	2079.7	2953
Iteration: 404	1511	1598	2120.24	2800
Iteration: 405	1511	1699	2095.97	2762
Iteration: 406	1511	1733	2051.44	2701
Iteration: 407	1511	1617	2077.16	2796
Iteration: 408	1511	1726	2087.54	3020
Iteration: 409	1511	1679	2068.66	2706
Iteration: 410	1511	1814	2118.5	2628
Iteration: 411	1511	1744	2084.19	2511
Iteration: 412	1511	1683	2067.32	2601
Iteration: 413	1511	1678	2074.93	3016
Iteration: 414	1511	1682	2081	2659
Iteration: 415	1511	1783	2106.66	2727
Iteration: 416	1511	1564	2091.3	2861
Iteration: 417	1511	1675	2083.75	2638
Iteration: 418	1511	1679	2106.26	3191
Iteration: 419	1511	1662	2116.19	2962
Iteration: 420	1511	1704	2092.05	2674
Iteration: 421	1511	1680	2056.27	2674
Iteration: 422	1511	1691	2068.68	2900
Iteration: 423	1511	1704	2050.13	2824
Iteration: 424	1511	1692	2069.97	2954
Iteration: 425	1511	1727	2096.17	2582
Iteration: 426	1511	1678	2125.23	2833
Iteration: 427	1511	1701	2091.24	2901
Iteration: 428	1511	1646	2111.6	3106
Iteration: 429	1511	1685	2055.8	2781
Iteration: 430	1511	1685	2066.89	2615
Iteration: 431	1511	1699	2083.63	3049
Iteration: 432	1511	1719	2036.47	2721
Iteration: 433	1511	1690	2076.57	2783
Iteration: 434	1511	1667	2085.44	2576
Iteration: 435	1511	1619	2058.69	2560
Iteration: 436	1511	1642	2082.77	2537
Iteration: 437	1511	1614	2070.6	2810
Iteration: 438	1511	1709	2075.48	2581
Iteration: 439	1511	1670	2060.72	2648
Iteration: 440	1511	1708	2069.52	2604
Iteration: 441	1511	1696	2062.41	2942
Iteration: 442	1511	1717	2087.28	2774
Iteration: 443	1511	1688	2074.74	2766
Iteration: 444	1511	1756	2108.77	2803
Iteration: 445	1511	1638	2061.65	2641
Iteration: 446	1511	1615	2099.68	2806
Iteration: 447	1511	1642	2088.04	2822
Iteration: 448	1511	1688	2043.56	2560
Iteration: 449	1511	1681	2102.05	2935
Iteration: 450	1511	1646	2082.72	2635
Iteration: 451	1511	1769	2100.11	2999
Iteration: 452	1511	1697	2105.5	2687
Iteration: 453	1511	1670	2090.41	2779
Iteration: 454	1511	1692	2084.62	2788
Iteration: 455	1511	1733	2079.65	2810
Iteration: 456	1511	1623	2108.97	3064
Iteration: 457	1511	1699	2087.75	3214
Iteration: 458	1511	1646	2100.65	2896
Iteration: 459	1511	1703	2066.74	2565
Iteration: 460	1511	1695	2056.55	2545
Iteration: 461	1511	1652	2057.8	2815
Iteration: 462	1511	1811	2131.74	2944
Iteration: 463	1511	1711	2117.23	3120
Iteration: 464	1511	1726	2085.32	3085
Iteration: 465	1511	1745	2100.39	2771
Iteration: 466	1511	1694	2112.79	2660
Iteration: 467	1511	1706	2103.82	2904
Iteration: 468	1511	1646	2061.92	2964
Iteration: 469	1511	1621	2100.5	2613
Iteration: 470	1511	1701	2063.72	2586
Iteration: 471	1511	1602	2062.01	3020
Iteration: 472	1511	1711	2108.24	2869
Iteration: 473	1511	1631	2101.4	2640
Iteration: 474	1511	1803	2138.24	2881
Iteration: 475	1511	1675	2051.63	2534
Iteration: 476	1511	1663	2097.07	2612
Iteration: 477	1511	1551	2032.19	2723
Iteration: 478	1511	1683	2093.74	3095
Iteration: 479	1511	1650	2101.41	2670
Iteration: 480	1511	1708	2112.62	2860
Iteration: 481	1511	1746	2075.84	2716
Iteration: 482	1511	1737	2080.92	2926
Iteration: 483	1511	1712	2098.85	3050
Iteration: 484	1511	1718	2093.63	2696
Iteration: 485	1511	1751	2133.28	2748
Iteration: 486	1511	1721	2111.98	2922
Iteration: 487	1511	1765	2094.43	2709
Iteration: 488	1511	1625	2079.28	2945
Iteration: 489	1511	1767	2104.94	2710
Iteration: 490	1511	1651	2042.07	2520
Iteration: 491	1511	1763	2074.66	2615
Iteration: 492	1511	1726	2082.71	2725
Iteration: 493	1511	1712	2079.09	2704
Iteration: 494	1511	1745	2066.01	2732
Iteration: 495	1511	1751	2097.24	2692
Iteration: 496	1511	1770	2089.96	2742
Iteration: 497	1511	1677	2066.06	2618
Iteration: 498	1511	1751	2096.32	2891
Iteration: 499	1511	1644	2063.31	3315
