Iteration: 0	1698	1698	2010.11	2569
Iteration: 1	1662	1662	2006.81	2406
Iteration: 2	1662	1742	2097.28	2527
Iteration: 3	1662	1815	2151.14	2817
Iteration: 4	1662	1716	2068.35	2671
Iteration: 5	1662	1737	2133.26	2661
Iteration: 6	1662	1688	2045.2	2605
Iteration: 7	1634	1634	2031.08	2606
Iteration: 8	1610	1610	2026.51	2609
Iteration: 9	1610	1670	2023.75	2479
Iteration: 10	1610	1639	2040.84	2607
Iteration: 11	1610	1679	2046.33	2584
Iteration: 12	1557	1557	2016.69	2517
Iteration: 13	1557	1697	2029.69	2524
Iteration: 14	1557	1699	2000.81	2597
Iteration: 15	1557	1661	1990	2414
Iteration: 16	1557	1654	2032.53	2624
Iteration: 17	1557	1653	2023.33	2551
Iteration: 18	1557	1701	2019.14	2583
Iteration: 19	1557	1709	1995.14	2430
Iteration: 20	1557	1639	2016.42	2491
Iteration: 21	1557	1716	2019.9	2589
Iteration: 22	1557	1677	2034.89	2608
Iteration: 23	1557	1666	1976.01	2438
Iteration: 24	1557	1690	2005.34	2491
Iteration: 25	1557	1697	2055.88	2580
Iteration: 26	1557	1714	2047.24	2766
Iteration: 27	1557	1695	2007	2456
Iteration: 28	1557	1711	2052.06	2673
Iteration: 29	1557	1685	2037.7	2493
Iteration: 30	1557	1728	2058.48	2775
Iteration: 31	1557	1619	2047.69	2637
Iteration: 32	1557	1700	2017	2689
Iteration: 33	1557	1654	2045.07	2659
Iteration: 34	1557	1703	2026.36	2533
Iteration: 35	1557	1609	2032.32	2826
Iteration: 36	1557	1682	2004.27	2705
Iteration: 37	1557	1649	2041.58	2590
Iteration: 38	1557	1663	2006.72	2623
Iteration: 39	1557	1670	2012.79	2804
Iteration: 40	1557	1675	2037.93	2636
Iteration: 41	1557	1764	2017.32	2513
Iteration: 42	1557	1688	2041.8	2563
Iteration: 43	1557	1685	2019.84	2505
Iteration: 44	1557	1678	2053.62	2640
Iteration: 45	1557	1713	2027.43	2431
Iteration: 46	1557	1743	2008.5	2626
Iteration: 47	1557	1682	2017.79	2634
Iteration: 48	1557	1618	1987.02	2456
Iteration: 49	1557	1578	2008.48	2622
Iteration: 50	1557	1703	2012.21	2567
Iteration: 51	1557	1694	2030.3	2571
Iteration: 52	1557	1671	2079.11	2833
Iteration: 53	1557	1665	2017.23	2624
Iteration: 54	1557	1658	2012.4	2682
Iteration: 55	1557	1673	2024.59	2471
Iteration: 56	1557	1764	2025.71	2524
Iteration: 57	1557	1606	2023.91	2683
Iteration: 58	1557	1733	2016.29	2839
Iteration: 59	1557	1732	2047.62	2619
Iteration: 60	1557	1639	2021.48	2440
Iteration: 61	1557	1628	2021.89	2592
Iteration: 62	1557	1685	2029.6	2612
Iteration: 63	1557	1701	2005.22	2597
Iteration: 64	1557	1633	2021.21	2609
Iteration: 65	1557	1688	2029.15	2576
Iteration: 66	1557	1656	2005.82	2484
Iteration: 67	1557	1631	2007.98	2586
Iteration: 68	1557	1741	2021.5	2699
Iteration: 69	1557	1649	2016.09	2679
Iteration: 70	1557	1678	2011.11	2709
Iteration: 71	1557	1650	2026.55	2788
Iteration: 72	1557	1666	2035.37	2659
Iteration: 73	1557	1637	2053.95	2625
Iteration: 74	1557	1673	2035.7	2965
Iteration: 75	1557	1649	2033.92	2521
Iteration: 76	1557	1675	2068.49	2759
Iteration: 77	1557	1685	2010.34	2487
Iteration: 78	1557	1631	2002.39	2566
Iteration: 79	1557	1639	2012.84	2456
Iteration: 80	1557	1717	2033.3	2723
Iteration: 81	1557	1644	2025.62	2801
Iteration: 82	1557	1656	2043.2	2771
Iteration: 83	1557	1647	2006.97	2565
Iteration: 84	1557	1648	2019.97	2387
Iteration: 85	1557	1670	1988.5	2557
Iteration: 86	1557	1667	2007.04	2578
Iteration: 87	1557	1703	2056.72	2623
Iteration: 88	1557	1621	2014.69	2683
Iteration: 89	1557	1670	2001.98	2822
Iteration: 90	1557	1735	2002.5	2515
Iteration: 91	1557	1670	2022.2	2421
Iteration: 92	1557	1632	2027.11	2547
Iteration: 93	1557	1718	2057.95	2654
Iteration: 94	1557	1725	2042.54	2953
Iteration: 95	1557	1668	2033.71	2574
Iteration: 96	1557	1718	1997.94	2481
Iteration: 97	1557	1636	2038.28	2720
Iteration: 98	1557	1633	2029.07	2955
Iteration: 99	1557	1667	2011.93	2634
Iteration: 100	1557	1713	2045.45	2802
Iteration: 101	1557	1727	2049.28	2745
Iteration: 102	1557	1712	2042.01	2887
Iteration: 103	1557	1645	2033.28	2798
Iteration: 104	1557	1674	2013.44	2406
Iteration: 105	1557	1670	2009.02	2656
Iteration: 106	1557	1672	2036.11	2627
Iteration: 107	1557	1695	2070.18	2844
Iteration: 108	1557	1667	2063.11	2662
Iteration: 109	1557	1711	2042.35	2470
Iteration: 110	1557	1654	2005.98	2720
Iteration: 111	1557	1657	2004.74	2589
Iteration: 112	1557	1659	2010.27	2515
Iteration: 113	1557	1671	2011.29	2510
Iteration: 114	1557	1629	2006.39	2657
Iteration: 115	1557	1713	2044.69	3170
Iteration: 116	1557	1626	2025.78	2613
Iteration: 117	1557	1700	2048.75	2450
Iteration: 118	1557	1709	2051.54	2666
Iteration: 119	1557	1651	2025.2	2615
Iteration: 120	1557	1685	1993.27	2474
Iteration: 121	1557	1671	2004.2	2614
Iteration: 122	1557	1670	2027.26	2549
Iteration: 123	1557	1612	1961.03	2578
Iteration: 124	1557	1634	2027.09	2669
Iteration: 125	1557	1653	2018.55	2691
Iteration: 126	1557	1717	2034.97	2657
Iteration: 127	1557	1708	2017.4	2550
Iteration: 128	1557	1644	2046.8	3212
Iteration: 129	1557	1666	2008.62	2439
Iteration: 130	1557	1679	2031.17	2826
Iteration: 131	1557	1620	2040.83	2876
Iteration: 132	1557	1622	2053.98	2946
Iteration: 133	1557	1664	2052.42	2984
Iteration: 134	1557	1690	2015.93	2856
Iteration: 135	1557	1687	2045.59	2658
Iteration: 136	1557	1679	2043.51	2794
Iteration: 137	1557	1695	2008.77	2576
Iteration: 138	1557	1655	2010.01	2577
Iteration: 139	1557	1562	2002.69	2594
Iteration: 140	1557	1688	2052.27	3019
Iteration: 141	1557	1668	1996.03	2570
Iteration: 142	1557	1714	2040.09	2702
Iteration: 143	1557	1717	2047.05	2641
Iteration: 144	1557	1626	2033.06	2869
Iteration: 145	1557	1647	2049.42	2647
Iteration: 146	1557	1735	2031.78	2849
Iteration: 147	1557	1589	1999.68	2663
Iteration: 148	1557	1614	2025.24	2778
Iteration: 149	1557	1678	1987.61	2455
Iteration: 150	1557	1648	2043.2	2697
Iteration: 151	1557	1735	2035.49	2746
Iteration: 152	1557	1684	1993.07	2631
Iteration: 153	1557	1619	2032.77	2642
Iteration: 154	1557	1667	2013.91	2611
Iteration: 155	1557	1677	2057.16	2867
Iteration: 156	1557	1619	2002.84	2641
Iteration: 157	1557	1623	2000.9	2881
Iteration: 158	1557	1649	2017.6	2640
Iteration: 159	1557	1693	2060.92	2875
Iteration: 160	1557	1616	1996.22	2616
Iteration: 161	1557	1591	2011.58	2616
Iteration: 162	1557	1661	2043.34	2746
Iteration: 163	1555	1555	2046.63	2965
Iteration: 164	1555	1605	2018.23	2999
Iteration: 165	1555	1672	2051.57	2554
Iteration: 166	1555	1691	2031.06	2853
Iteration: 167	1555	1715	2045.42	2631
Iteration: 168	1555	1655	2003.56	2580
Iteration: 169	1555	1718	2028.24	2645
Iteration: 170	1555	1682	2051.08	2603
Iteration: 171	1555	1611	1983.64	2495
Iteration: 172	1555	1593	1960.02	2470
Iteration: 173	1555	1724	2013.47	2632
Iteration: 174	1555	1690	2040.62	2570
Iteration: 175	1555	1688	2019.96	2710
Iteration: 176	1555	1678	2024.04	2615
Iteration: 177	1555	1624	2016.28	2521
Iteration: 178	1555	1643	2023.87	2533
Iteration: 179	1555	1677	2037.66	2883
Iteration: 180	1555	1653	2020.92	2688
Iteration: 181	1555	1697	2049.96	3027
Iteration: 182	1555	1675	2013.17	2648
Iteration: 183	1555	1707	2029.21	2867
Iteration: 184	1555	1641	2027.9	2816
Iteration: 185	1555	1684	1996.7	2969
Iteration: 186	1555	1691	2021.97	2487
Iteration: 187	1555	1710	2044.18	2650
Iteration: 188	1533	1533	2042.73	2615
Iteration: 189	1533	1653	2021.03	2692
Iteration: 190	1533	1756	2035.68	2738
Iteration: 191	1533	1616	2014.45	2626
Iteration: 192	1533	1709	2018.25	2741
Iteration: 193	1533	1599	1993.04	2569
Iteration: 194	1533	1707	2023.17	2502
Iteration: 195	1533	1702	2055.24	2677
Iteration: 196	1533	1641	2050.1	2671
Iteration: 197	1533	1559	1991.71	2614
Iteration: 198	1533	1647	2020.43	2689
Iteration: 199	1533	1623	2030.76	2821
Iteration: 200	1533	1697	2046.56	2925
Iteration: 201	1533	1688	2021.77	2882
Iteration: 202	1533	1691	2033.44	2630
Iteration: 203	1533	1663	2014.96	2655
Iteration: 204	1533	1620	2016.29	2778
Iteration: 205	1533	1635	2016.6	2793
Iteration: 206	1533	1716	1997.76	2684
Iteration: 207	1533	1595	2007.48	2510
Iteration: 208	1533	1615	2015.26	2626
Iteration: 209	1533	1569	2023.69	3015
Iteration: 210	1533	1674	2020.53	2548
Iteration: 211	1533	1642	2009.57	2733
Iteration: 212	1533	1657	2083.63	2751
Iteration: 213	1533	1706	2030.93	2656
Iteration: 214	1533	1678	2026.7	2597
Iteration: 215	1533	1675	2046.63	2604
Iteration: 216	1533	1677	1998.07	2406
Iteration: 217	1533	1677	2027.09	2959
Iteration: 218	1533	1673	2026.96	2721
Iteration: 219	1533	1631	2034.64	2855
Iteration: 220	1533	1691	2006.97	2969
Iteration: 221	1533	1712	2020.25	2733
Iteration: 222	1533	1734	2030.67	2709
Iteration: 223	1533	1683	2007.11	2466
Iteration: 224	1533	1682	1987.02	2772
Iteration: 225	1533	1678	2018.95	2646
Iteration: 226	1533	1705	2025.28	2554
Iteration: 227	1533	1658	2019.74	2494
Iteration: 228	1533	1622	2033.21	2710
Iteration: 229	1533	1738	2036.36	2700
Iteration: 230	1533	1689	2038.72	2838
Iteration: 231	1533	1646	2000.85	2903
Iteration: 232	1533	1549	2001.26	2604
Iteration: 233	1533	1730	2028.08	2546
Iteration: 234	1533	1675	2061.33	2942
Iteration: 235	1533	1713	2034.44	2933
Iteration: 236	1533	1708	2022.11	2553
Iteration: 237	1533	1720	2018.08	2509
Iteration: 238	1533	1687	2030.95	2536
Iteration: 239	1533	1653	1993.82	2469
Iteration: 240	1533	1752	1995.86	2650
Iteration: 241	1533	1711	2043.98	2785
Iteration: 242	1533	1674	2031.36	2684
Iteration: 243	1533	1649	2012.94	2415
Iteration: 244	1533	1757	2045.78	3246
Iteration: 245	1533	1694	2021.96	2608
Iteration: 246	1533	1665	2032.27	2983
Iteration: 247	1533	1617	2038.72	2593
Iteration: 248	1533	1714	2056	3023
Iteration: 249	1533	1627	2009.66	2725
Iteration: 250	1533	1660	2031.41	2695
Iteration: 251	1533	1633	2039.92	2467
Iteration: 252	1533	1654	2007.95	2508
Iteration: 253	1533	1666	1991.38	2598
Iteration: 254	1533	1639	1996.94	2616
Iteration: 255	1533	1661	2040.48	2686
Iteration: 256	1533	1704	2027.67	2576
Iteration: 257	1533	1665	2047.97	2812
Iteration: 258	1533	1639	2050.71	2684
Iteration: 259	1533	1631	2005.76	2810
Iteration: 260	1533	1673	2030.75	2915
Iteration: 261	1533	1627	2024.98	2871
Iteration: 262	1533	1568	2017.9	2819
Iteration: 263	1533	1679	2009.97	2688
Iteration: 264	1533	1721	2032.72	2757
Iteration: 265	1533	1727	2037.63	2548
Iteration: 266	1533	1714	1989.77	2402
Iteration: 267	1533	1706	2064.23	2650
Iteration: 268	1533	1717	2049.66	2511
Iteration: 269	1533	1682	2025.27	2635
Iteration: 270	1533	1664	2005.49	2466
Iteration: 271	1533	1750	2047.88	2782
Iteration: 272	1533	1661	2034.5	2810
Iteration: 273	1533	1609	1984.79	2495
Iteration: 274	1533	1670	2067.62	3163
Iteration: 275	1533	1608	2067.85	2875
Iteration: 276	1533	1698	2022.74	2610
Iteration: 277	1533	1729	2043.2	2574
Iteration: 278	1533	1645	2057.08	2919
Iteration: 279	1533	1730	2000.38	2624
Iteration: 280	1533	1618	2039.23	2846
Iteration: 281	1533	1626	2034.51	2834
Iteration: 282	1533	1661	2032.19	2726
Iteration: 283	1533	1577	2028.17	2580
Iteration: 284	1533	1696	2060.67	2749
Iteration: 285	1533	1695	1999.59	2654
Iteration: 286	1533	1632	2062.64	2747
Iteration: 287	1533	1690	2039.09	2716
Iteration: 288	1533	1679	2019.08	2528
Iteration: 289	1533	1711	2010.8	2509
Iteration: 290	1533	1660	2048.22	2790
Iteration: 291	1533	1625	2001.73	2556
Iteration: 292	1533	1691	1998.78	2412
Iteration: 293	1533	1580	2006.32	2662
Iteration: 294	1533	1533	1978.06	2469
Iteration: 295	1533	1707	2038.54	2773
Iteration: 296	1533	1694	2050.79	2885
Iteration: 297	1533	1726	2031.6	2569
Iteration: 298	1533	1677	2028.65	2819
Iteration: 299	1533	1745	2064.94	2533
Iteration: 300	1533	1649	2023.16	2527
Iteration: 301	1533	1649	2044.18	2707
Iteration: 302	1533	1625	2012.15	2679
Iteration: 303	1533	1712	2027.87	2642
Iteration: 304	1533	1671	2049.76	2690
Iteration: 305	1533	1643	2006.78	2552
Iteration: 306	1533	1628	1994.02	2470
Iteration: 307	1533	1694	2019.06	2744
Iteration: 308	1533	1669	2014.98	2627
Iteration: 309	1533	1663	2042.32	2640
Iteration: 310	1533	1652	2018.67	3054
Iteration: 311	1533	1690	1996.68	2967
Iteration: 312	1533	1704	2075.31	2976
Iteration: 313	1533	1643	2025.94	2644
Iteration: 314	1533	1664	1998.3	2739
Iteration: 315	1533	1717	2028.86	3147
Iteration: 316	1533	1713	2020.1	2532
Iteration: 317	1533	1697	2022.14	2689
Iteration: 318	1533	1671	2030.51	2815
Iteration: 319	1533	1688	2040.44	2769
Iteration: 320	1533	1722	2012.75	2554
Iteration: 321	1533	1671	1973.87	2452
Iteration: 322	1533	1629	1988.68	2583
Iteration: 323	1533	1669	1989.92	2819
Iteration: 324	1533	1647	2030.88	2672
Iteration: 325	1533	1663	2013.65	2877
Iteration: 326	1533	1688	2065.9	3133
Iteration: 327	1533	1698	2007.2	2868
Iteration: 328	1533	1707	2034.82	2676
Iteration: 329	1533	1689	2035.49	3066
Iteration: 330	1533	1710	2046.26	2870
Iteration: 331	1533	1649	2049.67	2912
Iteration: 332	1533	1731	2057.34	2679
Iteration: 333	1533	1606	2028.31	2694
Iteration: 334	1533	1674	2039.14	2906
Iteration: 335	1533	1750	2033.64	2716
Iteration: 336	1533	1687	2004.66	2712
Iteration: 337	1533	1689	2031.1	2775
Iteration: 338	1533	1628	2027.88	2734
Iteration: 339	1533	1699	1991.93	2884
Iteration: 340	1533	1686	2042.91	2896
Iteration: 341	1533	1698	2036.24	2531
Iteration: 342	1533	1648	2025.52	2682
Iteration: 343	1533	1697	2053.56	2816
Iteration: 344	1533	1664	2035.58	2493
Iteration: 345	1533	1629	2002.95	2589
Iteration: 346	1533	1653	2004.46	2681
Iteration: 347	1533	1684	2040.81	2805
Iteration: 348	1533	1639	2005.55	2686
Iteration: 349	1533	1654	1997.66	2533
Iteration: 350	1533	1632	2051.11	2712
Iteration: 351	1533	1688	2033.4	2979
Iteration: 352	1533	1595	2016.7	2469
Iteration: 353	1533	1704	2007.19	2602
Iteration: 354	1533	1716	2028.4	2532
Iteration: 355	1533	1670	2000.17	2582
Iteration: 356	1533	1691	2023.28	2668
Iteration: 357	1533	1691	2031.71	2601
Iteration: 358	1533	1700	2033.32	2521
Iteration: 359	1533	1630	2037.33	2719
Iteration: 360	1533	1716	1998.05	2341
Iteration: 361	1533	1701	2021.86	2750
Iteration: 362	1533	1679	2003.3	2502
Iteration: 363	1533	1675	2031.26	2898
Iteration: 364	1533	1684	2051.44	2792
Iteration: 365	1533	1682	2032.6	3163
Iteration: 366	1533	1699	2019.86	2695
Iteration: 367	1533	1647	2007.47	2390
Iteration: 368	1533	1705	2032.35	2718
Iteration: 369	1533	1668	1992.43	2510
Iteration: 370	1533	1675	2023.1	2574
Iteration: 371	1533	1683	2047.9	2611
Iteration: 372	1533	1633	2012.33	2514
Iteration: 373	1533	1751	2046.65	2653
Iteration: 374	1533	1637	2059.72	2718
Iteration: 375	1533	1710	2024.54	2667
Iteration: 376	1533	1695	2018.41	2540
Iteration: 377	1533	1691	2036.62	2587
Iteration: 378	1533	1675	2016.89	2473
Iteration: 379	1533	1753	2045.09	2571
Iteration: 380	1533	1705	2025.61	2773
Iteration: 381	1533	1696	2063.62	2714
Iteration: 382	1533	1697	2046.1	2657
Iteration: 383	1533	1628	2030.23	2710
Iteration: 384	1533	1615	2031.15	2737
Iteration: 385	1533	1695	1997.25	2649
Iteration: 386	1533	1655	2039.76	2741
Iteration: 387	1533	1612	2031.81	2554
Iteration: 388	1533	1714	2013.83	2532
Iteration: 389	1533	1729	2031.56	2873
Iteration: 390	1533	1708	2053.92	2877
Iteration: 391	1533	1678	2019.77	2752
Iteration: 392	1533	1682	2043.98	2530
Iteration: 393	1533	1705	2063.44	3189
Iteration: 394	1533	1674	2030	2692
Iteration: 395	1533	1595	2024.98	2579
Iteration: 396	1533	1680	2023.87	2595
Iteration: 397	1533	1721	2052.67	2653
Iteration: 398	1533	1666	2017.04	2486
Iteration: 399	1533	1659	2004.73	2566
Iteration: 400	1533	1749	2032.89	2542
Iteration: 401	1533	1678	2034.18	2579
Iteration: 402	1533	1684	2024.4	2681
Iteration: 403	1533	1654	2049.9	2485
Iteration: 404	1533	1652	2014.18	2622
Iteration: 405	1533	1681	2009.25	2594
Iteration: 406	1533	1696	2030.26	2765
Iteration: 407	1533	1633	2063.99	2842
Iteration: 408	1533	1609	2024.4	2782
Iteration: 409	1533	1705	2043.42	2647
Iteration: 410	1533	1600	2004.4	2629
Iteration: 411	1533	1678	2008.28	2490
Iteration: 412	1533	1653	2005.47	2562
Iteration: 413	1533	1672	2049.46	2631
Iteration: 414	1533	1760	2047.33	3203
Iteration: 415	1533	1624	1967.89	2659
Iteration: 416	1533	1639	2018.37	2788
Iteration: 417	1533	1686	2017.05	2651
Iteration: 418	1533	1645	1996.74	2776
Iteration: 419	1533	1621	2030.37	2635
Iteration: 420	1533	1657	1986.92	2964
Iteration: 421	1533	1714	2032.74	2709
Iteration: 422	1533	1661	2028.57	2725
Iteration: 423	1533	1589	2056.41	2642
Iteration: 424	1533	1657	2022.27	2732
Iteration: 425	1533	1550	2012.95	2650
Iteration: 426	1533	1692	2054.69	3033
Iteration: 427	1533	1661	2076.46	2817
Iteration: 428	1533	1682	2009.85	3121
Iteration: 429	1533	1658	2061.59	3017
Iteration: 430	1533	1594	2043.81	2743
Iteration: 431	1533	1622	2029.17	2539
Iteration: 432	1533	1743	2040.12	2800
Iteration: 433	1533	1672	2026.16	2596
Iteration: 434	1533	1696	2059.39	3022
Iteration: 435	1533	1657	2025.82	2757
Iteration: 436	1533	1727	2047.36	2766
Iteration: 437	1533	1717	2032.02	2593
Iteration: 438	1533	1682	2016.96	2702
Iteration: 439	1533	1637	2029.26	2878
Iteration: 440	1533	1679	2025.32	2488
Iteration: 441	1533	1630	2010.67	2724
Iteration: 442	1533	1698	1998.88	2688
Iteration: 443	1533	1719	2015.93	2658
Iteration: 444	1533	1671	2041.38	2657
Iteration: 445	1533	1631	2039	2613
Iteration: 446	1533	1677	1997.95	2543
Iteration: 447	1533	1597	2046.3	2472
Iteration: 448	1533	1643	1991.95	2588
Iteration: 449	1533	1719	2030.19	2642
Iteration: 450	1533	1658	2049.36	2841
Iteration: 451	1533	1540	2037.37	2931
Iteration: 452	1533	1711	1979.53	2559
Iteration: 453	1533	1713	2051.4	2736
Iteration: 454	1533	1672	1994.41	2573
Iteration: 455	1533	1633	2028.9	2539
Iteration: 456	1533	1676	2038.19	3161
Iteration: 457	1533	1732	2036.27	2594
Iteration: 458	1533	1694	2026.11	2663
Iteration: 459	1533	1729	2056.3	2807
Iteration: 460	1533	1708	2005.12	2456
Iteration: 461	1533	1579	2041.81	2812
Iteration: 462	1533	1735	1993.67	2410
Iteration: 463	1533	1718	2058.07	2716
Iteration: 464	1533	1628	2016.28	2831
Iteration: 465	1533	1691	2022.39	3014
Iteration: 466	1533	1629	2031.3	2939
Iteration: 467	1533	1703	2055.91	2597
Iteration: 468	1533	1689	2021.98	2843
Iteration: 469	1533	1643	2007.13	2856
Iteration: 470	1533	1637	2078.97	2695
Iteration: 471	1533	1769	2044.27	2551
Iteration: 472	1533	1686	2056.88	3081
Iteration: 473	1533	1703	2033.74	2721
Iteration: 474	1533	1666	2078.65	2612
Iteration: 475	1533	1697	2025.88	2583
Iteration: 476	1533	1739	2054.49	2887
Iteration: 477	1533	1645	2026.25	2708
Iteration: 478	1533	1622	2016.34	2615
Iteration: 479	1533	1662	2002.34	2632
Iteration: 480	1533	1714	2041.58	2774
Iteration: 481	1533	1637	2035.63	2677
Iteration: 482	1533	1713	2013.15	2602
Iteration: 483	1533	1637	2028	2553
Iteration: 484	1533	1628	2024.04	2590
Iteration: 485	1533	1670	2031.56	2748
Iteration: 486	1533	1713	2058.46	2586
Iteration: 487	1533	1721	2038.12	2519
Iteration: 488	1533	1640	2040.77	2587
Iteration: 489	1533	1631	2043.91	2591
Iteration: 490	1533	1636	1994.99	2445
Iteration: 491	1533	1621	2040.87	2668
Iteration: 492	1533	1665	2019.81	2823
Iteration: 493	1533	1675	2025.69	2536
Iteration: 494	1533	1603	2014.54	2638
Iteration: 495	1533	1651	2008.14	2694
Iteration: 496	1533	1646	2023.42	2799
Iteration: 497	1533	1677	2014.35	2941
Iteration: 498	1533	1683	2021.23	2417
Iteration: 499	1533	1567	1997.56	2574
