Iteration: 0	1698	1698	1982.25	2504
Iteration: 1	1682	1682	1969.1	2442
Iteration: 2	1660	1660	2014.13	2417
Iteration: 3	1660	1663	2058.13	2486
Iteration: 4	1660	1689	2048.18	2470
Iteration: 5	1660	1748	2095.06	2566
Iteration: 6	1659	1659	1992.36	2658
Iteration: 7	1659	1663	2014.64	2606
Iteration: 8	1659	1737	2006.61	2492
Iteration: 9	1609	1609	1992.02	2540
Iteration: 10	1609	1677	1996.82	2601
Iteration: 11	1609	1659	1980.48	2564
Iteration: 12	1609	1644	2005.55	2544
Iteration: 13	1609	1695	2006.43	2685
Iteration: 14	1609	1620	1997.66	2669
Iteration: 15	1609	1652	1971.07	2803
Iteration: 16	1609	1703	2010.73	2646
Iteration: 17	1609	1672	2007.71	2395
Iteration: 18	1609	1678	1960.2	2440
Iteration: 19	1609	1653	1980.53	2623
Iteration: 20	1609	1720	1990.33	2581
Iteration: 21	1609	1706	1990.6	2462
Iteration: 22	1609	1638	1981.94	2694
Iteration: 23	1609	1649	1987.04	2595
Iteration: 24	1609	1689	1983.16	2515
Iteration: 25	1609	1636	1993.16	2773
Iteration: 26	1609	1633	1973.4	2722
Iteration: 27	1609	1681	1966.27	2467
Iteration: 28	1609	1660	1974.47	2761
Iteration: 29	1609	1753	2001.15	2556
Iteration: 30	1609	1675	1977.31	2463
Iteration: 31	1609	1687	2026.19	2666
Iteration: 32	1609	1650	1970.53	2545
Iteration: 33	1609	1669	2021.58	2745
Iteration: 34	1609	1669	2024.97	2729
Iteration: 35	1609	1698	2004.67	2545
Iteration: 36	1609	1680	1978.59	2602
Iteration: 37	1609	1656	1960.24	2540
Iteration: 38	1609	1648	1999.44	2414
Iteration: 39	1609	1668	2002.39	2716
Iteration: 40	1609	1692	1997.14	2805
Iteration: 41	1609	1715	1983.63	2617
Iteration: 42	1609	1647	1981.84	2574
Iteration: 43	1609	1647	1994.97	2461
Iteration: 44	1609	1694	2002.78	2445
Iteration: 45	1609	1744	2043.9	2749
Iteration: 46	1609	1685	2016.51	2487
Iteration: 47	1604	1604	2007.11	2689
Iteration: 48	1604	1641	1993.64	2434
Iteration: 49	1604	1664	1999.08	2566
Iteration: 50	1604	1695	2009.15	2655
Iteration: 51	1604	1691	1971.57	2768
Iteration: 52	1604	1680	1964.53	2674
Iteration: 53	1604	1703	1971.07	2528
Iteration: 54	1604	1652	1992.94	2490
Iteration: 55	1604	1637	1990.1	2457
Iteration: 56	1575	1575	1971.71	2391
Iteration: 57	1575	1663	1972.29	2528
Iteration: 58	1575	1694	1994.44	2469
Iteration: 59	1575	1691	2020.52	2591
Iteration: 60	1575	1715	2004.19	2503
Iteration: 61	1575	1672	2031.01	2618
Iteration: 62	1575	1664	1994.76	2391
Iteration: 63	1575	1670	1980.49	2672
Iteration: 64	1575	1604	1980.36	2521
Iteration: 65	1575	1656	1985.22	2789
Iteration: 66	1575	1594	1971.18	2646
Iteration: 67	1575	1645	1983.76	2471
Iteration: 68	1575	1685	1989.22	2582
Iteration: 69	1575	1650	1999.04	2495
Iteration: 70	1575	1666	2002.1	2489
Iteration: 71	1575	1644	1984.47	2565
Iteration: 72	1575	1633	1991.29	2947
Iteration: 73	1575	1623	1988.79	2481
Iteration: 74	1575	1685	1991.3	2461
Iteration: 75	1575	1674	1991.92	2566
Iteration: 76	1575	1680	1978.42	2456
Iteration: 77	1575	1660	1989.64	2628
Iteration: 78	1575	1709	2018.35	2483
Iteration: 79	1575	1695	1962.97	2376
Iteration: 80	1575	1635	1964.63	2465
Iteration: 81	1575	1652	1963.9	2411
Iteration: 82	1575	1684	1972.21	2445
Iteration: 83	1575	1633	1973.94	2455
Iteration: 84	1575	1592	1999.73	2557
Iteration: 85	1575	1616	1991.26	2601
Iteration: 86	1575	1730	2014.74	2496
Iteration: 87	1575	1638	1968.07	2629
Iteration: 88	1575	1648	1971.66	2563
Iteration: 89	1575	1756	2020.25	2498
Iteration: 90	1575	1712	2005.44	3015
Iteration: 91	1575	1660	1987.24	2727
Iteration: 92	1575	1670	1971.12	2665
Iteration: 93	1575	1613	1982.8	2674
Iteration: 94	1575	1668	2017.56	2868
Iteration: 95	1575	1676	1975	2421
Iteration: 96	1575	1593	1982.26	2688
Iteration: 97	1575	1672	1996.68	2467
Iteration: 98	1575	1652	1989.21	2681
Iteration: 99	1575	1682	1958.54	2473
Iteration: 100	1575	1673	1979.77	2334
Iteration: 101	1575	1605	1987.06	2434
Iteration: 102	1575	1736	1987.9	2565
Iteration: 103	1575	1644	2036.08	2625
Iteration: 104	1575	1696	1976.82	2656
Iteration: 105	1575	1675	2004.56	2559
Iteration: 106	1575	1680	1974.79	2776
Iteration: 107	1575	1676	2019.42	2619
Iteration: 108	1575	1685	1993.19	2344
Iteration: 109	1575	1682	1986.48	2444
Iteration: 110	1575	1687	1999.32	2729
Iteration: 111	1575	1699	1975.05	2920
Iteration: 112	1575	1634	1962.02	2699
Iteration: 113	1575	1596	1958.58	2477
Iteration: 114	1575	1606	2011.08	2387
Iteration: 115	1575	1645	1995.66	2622
Iteration: 116	1575	1672	1985.4	2568
Iteration: 117	1575	1687	1981.65	2516
Iteration: 118	1575	1681	1965.31	2418
Iteration: 119	1575	1703	1981.58	2530
Iteration: 120	1575	1675	2007.35	2709
Iteration: 121	1575	1692	1978.25	2456
Iteration: 122	1575	1726	2004.76	2500
Iteration: 123	1575	1652	2034.79	3121
Iteration: 124	1575	1660	2005.98	2683
Iteration: 125	1575	1679	1977.85	2611
Iteration: 126	1566	1566	1946.39	2427
Iteration: 127	1566	1581	2002.33	2544
Iteration: 128	1566	1695	1993.06	2592
Iteration: 129	1566	1668	2017.86	2828
Iteration: 130	1566	1585	1952.09	2366
Iteration: 131	1566	1680	1989.99	2752
Iteration: 132	1566	1606	1987.19	2544
Iteration: 133	1566	1683	1957.43	2416
Iteration: 134	1566	1626	1963.09	2499
Iteration: 135	1566	1717	1999.68	2391
Iteration: 136	1566	1661	1965.37	2484
Iteration: 137	1566	1711	1993.39	2691
Iteration: 138	1566	1664	2000.87	2470
Iteration: 139	1566	1741	1984.27	2504
Iteration: 140	1566	1681	1973.65	2780
Iteration: 141	1566	1665	1966.57	2588
Iteration: 142	1566	1600	1998.05	2668
Iteration: 143	1566	1644	2021.7	2762
Iteration: 144	1566	1582	1961.9	2527
Iteration: 145	1566	1681	1992.45	2698
Iteration: 146	1544	1544	1996.99	2523
Iteration: 147	1544	1660	1975.66	2800
Iteration: 148	1544	1650	1973.56	2717
Iteration: 149	1544	1647	1973.62	2712
Iteration: 150	1544	1695	2001.7	2531
Iteration: 151	1544	1688	1987.81	2756
Iteration: 152	1544	1653	1990.69	2490
Iteration: 153	1544	1635	1996.14	2750
Iteration: 154	1544	1680	1991.27	2784
Iteration: 155	1544	1677	2002.94	2683
Iteration: 156	1544	1688	1970.36	2706
Iteration: 157	1544	1662	1985.59	3278
Iteration: 158	1544	1659	1995.14	2514
Iteration: 159	1544	1691	2005.93	2604
Iteration: 160	1544	1730	1974.34	2670
Iteration: 161	1544	1643	1984.49	2606
Iteration: 162	1544	1647	2001.44	2504
Iteration: 163	1544	1642	1976.5	2605
Iteration: 164	1544	1623	1953.65	2424
Iteration: 165	1544	1703	2023.54	2639
Iteration: 166	1544	1652	2021.19	2688
Iteration: 167	1544	1646	1976.63	2648
Iteration: 168	1544	1664	1982.16	2882
Iteration: 169	1544	1718	1983.48	2450
Iteration: 170	1544	1659	2008.08	2597
Iteration: 171	1544	1616	1976.01	2460
Iteration: 172	1544	1702	2003.76	2686
Iteration: 173	1544	1674	1982.74	3028
Iteration: 174	1544	1584	1978.55	2491
Iteration: 175	1544	1659	1986.99	2609
Iteration: 176	1544	1707	1987	2560
Iteration: 177	1544	1643	1974.11	2618
Iteration: 178	1544	1707	1989.86	2537
Iteration: 179	1544	1626	1982.62	2916
Iteration: 180	1544	1673	1977.4	2435
Iteration: 181	1544	1652	2000.53	2860
Iteration: 182	1544	1590	2009.12	2477
Iteration: 183	1544	1658	2009.1	3126
Iteration: 184	1544	1684	2013.6	2565
Iteration: 185	1544	1671	2000.09	2868
Iteration: 186	1544	1679	1999.04	2386
Iteration: 187	1544	1686	2001.85	2378
Iteration: 188	1544	1682	1981.62	2667
Iteration: 189	1544	1683	1998.1	2483
Iteration: 190	1544	1649	1993.2	2551
Iteration: 191	1544	1680	1972.28	2761
Iteration: 192	1544	1639	1970.81	2457
Iteration: 193	1544	1707	1996.68	2742
Iteration: 194	1544	1688	1980.45	2567
Iteration: 195	1544	1718	1998.06	2658
Iteration: 196	1544	1631	1991.06	2548
Iteration: 197	1544	1683	1980.03	2769
Iteration: 198	1544	1655	1974.39	2670
Iteration: 199	1544	1644	2010.86	2645
Iteration: 200	1544	1659	1951.02	2470
Iteration: 201	1544	1671	1973.06	2580
Iteration: 202	1544	1636	1957.97	2463
Iteration: 203	1544	1669	2007.95	2526
Iteration: 204	1544	1647	1974.3	2567
Iteration: 205	1544	1677	2001.86	2819
Iteration: 206	1544	1627	1978.05	2733
Iteration: 207	1544	1665	2002.14	2573
Iteration: 208	1544	1680	2022.71	3173
Iteration: 209	1544	1677	1994.65	2656
Iteration: 210	1544	1732	1981.73	2476
Iteration: 211	1544	1654	1962.36	2539
Iteration: 212	1544	1688	2000.56	2870
Iteration: 213	1544	1643	1997.05	2576
Iteration: 214	1544	1641	2005.79	2414
Iteration: 215	1544	1659	2030.73	2416
Iteration: 216	1544	1626	1978.2	2636
Iteration: 217	1544	1723	2015.47	2859
Iteration: 218	1544	1651	1988.36	2624
Iteration: 219	1544	1615	1997.85	2497
Iteration: 220	1544	1735	1998.06	2440
Iteration: 221	1544	1720	1981.44	2815
Iteration: 222	1544	1617	2011.18	2564
Iteration: 223	1544	1663	1983.62	2714
Iteration: 224	1544	1674	1997.62	2674
Iteration: 225	1544	1682	1964.15	2399
Iteration: 226	1544	1652	1983.49	2721
Iteration: 227	1544	1580	2004.72	2615
Iteration: 228	1544	1597	2016.49	2767
Iteration: 229	1544	1677	1952.4	2767
Iteration: 230	1544	1674	2012.66	2814
Iteration: 231	1544	1693	1984.8	2510
Iteration: 232	1544	1688	1999.32	2512
Iteration: 233	1544	1693	1986.25	2443
Iteration: 234	1544	1564	1954.85	2388
Iteration: 235	1544	1700	1974.7	2408
Iteration: 236	1544	1593	1954.44	2322
Iteration: 237	1544	1651	1995.59	2670
Iteration: 238	1544	1684	2024.02	2500
Iteration: 239	1544	1725	2016.71	2785
Iteration: 240	1544	1664	1943.45	2359
Iteration: 241	1544	1697	1989.14	2954
Iteration: 242	1544	1654	2005.69	2815
Iteration: 243	1544	1627	1979.05	2559
Iteration: 244	1544	1640	2014.43	2550
Iteration: 245	1544	1659	2023.5	2650
Iteration: 246	1544	1704	2004.02	2653
Iteration: 247	1544	1728	2013.86	3195
Iteration: 248	1544	1649	1981.26	2506
Iteration: 249	1544	1685	2009.32	2578
Iteration: 250	1544	1663	1957.97	2691
Iteration: 251	1544	1677	2004.76	2558
Iteration: 252	1544	1714	1984.32	3119
Iteration: 253	1544	1589	1992.64	2532
Iteration: 254	1544	1625	2003.21	2756
Iteration: 255	1544	1661	1982.64	2726
Iteration: 256	1544	1669	1982.79	2572
Iteration: 257	1544	1720	1995.5	2686
Iteration: 258	1544	1697	1985.79	2574
Iteration: 259	1544	1641	1962.68	2437
Iteration: 260	1544	1645	2026.95	2935
Iteration: 261	1544	1703	2002.69	2519
Iteration: 262	1544	1623	1986.98	2590
Iteration: 263	1544	1671	1979.01	2618
Iteration: 264	1544	1676	2009.82	2397
Iteration: 265	1544	1557	1976.36	2411
Iteration: 266	1544	1655	2024.43	2798
Iteration: 267	1544	1712	2012.5	2935
Iteration: 268	1544	1684	2002.93	2658
Iteration: 269	1544	1638	1974.49	2644
Iteration: 270	1544	1724	1992.83	2517
Iteration: 271	1544	1683	1999.24	2657
Iteration: 272	1544	1670	1985.32	2570
Iteration: 273	1544	1612	1965.16	2380
Iteration: 274	1544	1625	2043.69	3404
Iteration: 275	1544	1663	2033.05	3004
Iteration: 276	1544	1622	1994.09	2570
Iteration: 277	1544	1669	1976.12	2417
Iteration: 278	1544	1652	1976.93	2915
Iteration: 279	1544	1632	2003.57	2615
Iteration: 280	1544	1665	1996.87	2507
Iteration: 281	1544	1700	1983.38	2851
Iteration: 282	1544	1659	2000.9	2585
Iteration: 283	1544	1604	1988.64	2730
Iteration: 284	1544	1642	2008.77	2539
Iteration: 285	1544	1686	1984.11	2527
Iteration: 286	1544	1665	1991.99	2557
Iteration: 287	1544	1688	2058.68	2809
Iteration: 288	1544	1575	1953.98	2432
Iteration: 289	1544	1619	2001.42	3041
Iteration: 290	1544	1712	2003.14	2805
Iteration: 291	1544	1696	2029.24	3089
Iteration: 292	1544	1575	1991.27	3171
Iteration: 293	1544	1650	1950.3	2523
Iteration: 294	1544	1619	1970.56	2554
Iteration: 295	1544	1643	1976.03	2552
Iteration: 296	1544	1707	2006.76	2935
Iteration: 297	1544	1693	2017.52	2585
Iteration: 298	1544	1718	1994.42	2765
Iteration: 299	1544	1701	1959.74	2388
Iteration: 300	1544	1661	2003.67	2640
Iteration: 301	1544	1660	2011.79	3055
Iteration: 302	1544	1589	1981.35	2476
Iteration: 303	1544	1627	1960.75	2922
Iteration: 304	1544	1662	1990.52	2749
Iteration: 305	1544	1703	1997.06	2865
Iteration: 306	1544	1663	1989.13	2572
Iteration: 307	1544	1607	1992.27	3010
Iteration: 308	1544	1676	2000.77	2603
Iteration: 309	1544	1591	1992.66	2555
Iteration: 310	1544	1703	2002.66	2764
Iteration: 311	1544	1686	1984.58	2599
Iteration: 312	1544	1655	1974.9	2609
Iteration: 313	1544	1631	1982.59	2635
Iteration: 314	1544	1667	1981.38	2580
Iteration: 315	1544	1626	1995.45	2799
Iteration: 316	1544	1657	1990.4	2420
Iteration: 317	1544	1672	1989.03	2550
Iteration: 318	1544	1646	1974.16	2751
Iteration: 319	1544	1644	2017.8	2889
Iteration: 320	1544	1662	2024.49	3250
Iteration: 321	1544	1651	1975.9	2596
Iteration: 322	1544	1673	1959.7	2516
Iteration: 323	1544	1657	1977.24	2519
Iteration: 324	1544	1702	1998.92	2539
Iteration: 325	1544	1687	1985.66	2597
Iteration: 326	1544	1677	1999.87	2541
Iteration: 327	1544	1721	2009.69	2449
Iteration: 328	1544	1646	1971.75	2511
Iteration: 329	1544	1622	2010.28	2922
Iteration: 330	1544	1590	1991.66	2692
Iteration: 331	1544	1705	2019.68	2748
Iteration: 332	1544	1704	2007.91	2663
Iteration: 333	1544	1672	1978.29	2803
Iteration: 334	1544	1742	1986.35	2515
Iteration: 335	1544	1703	2006.96	2629
Iteration: 336	1544	1703	2000.53	3093
Iteration: 337	1544	1698	1964.84	2456
Iteration: 338	1544	1655	1993.74	2415
Iteration: 339	1544	1612	1994.13	2757
Iteration: 340	1544	1617	2018.73	2628
Iteration: 341	1544	1596	1995.75	2472
Iteration: 342	1544	1651	1987.19	2637
Iteration: 343	1544	1646	1975.02	2502
Iteration: 344	1544	1647	2010.47	2687
Iteration: 345	1544	1685	2018.21	2817
Iteration: 346	1544	1638	2019.36	2546
Iteration: 347	1544	1625	2005.96	2774
Iteration: 348	1544	1694	1982.08	2548
Iteration: 349	1544	1735	1974.93	2452
Iteration: 350	1544	1696	2002.6	2567
Iteration: 351	1544	1594	1990.61	2538
Iteration: 352	1544	1694	1969.56	2547
Iteration: 353	1544	1637	2015.8	3361
Iteration: 354	1544	1612	2002.62	2533
Iteration: 355	1544	1632	1998.32	2694
Iteration: 356	1544	1738	2010.99	2991
Iteration: 357	1544	1635	2012.25	2475
Iteration: 358	1544	1655	2019.02	2610
Iteration: 359	1544	1652	1995.61	2637
Iteration: 360	1544	1643	1977.01	2467
Iteration: 361	1544	1614	1973.85	2644
Iteration: 362	1544	1669	2002.27	2430
Iteration: 363	1544	1612	1995.56	2463
Iteration: 364	1544	1642	1973.16	2467
Iteration: 365	1544	1670	1975.42	2749
Iteration: 366	1544	1659	1974.42	2554
Iteration: 367	1544	1739	2045.89	2922
Iteration: 368	1544	1611	1994.88	2727
Iteration: 369	1544	1617	1975.23	2419
Iteration: 370	1544	1678	2019.12	2574
Iteration: 371	1544	1652	1975.96	2594
Iteration: 372	1544	1695	2011.28	2707
Iteration: 373	1544	1712	2013.91	2820
Iteration: 374	1544	1697	1990.77	3201
Iteration: 375	1544	1668	1977.09	2505
Iteration: 376	1544	1663	1982.01	2980
Iteration: 377	1544	1677	1996.98	2669
Iteration: 378	1544	1705	1976.79	2418
Iteration: 379	1544	1670	1960.34	2451
Iteration: 380	1544	1665	1994.66	2579
Iteration: 381	1544	1586	1973.07	2680
Iteration: 382	1544	1624	1989.46	2563
Iteration: 383	1544	1699	2011.97	2694
Iteration: 384	1544	1644	1955.21	2407
Iteration: 385	1544	1654	1994.62	2560
Iteration: 386	1544	1608	2011.66	2747
Iteration: 387	1544	1659	1991.52	2563
Iteration: 388	1544	1606	1974.04	2462
Iteration: 389	1544	1669	1989.17	2696
Iteration: 390	1544	1597	1982.68	2955
Iteration: 391	1544	1583	1996.8	2676
Iteration: 392	1544	1633	2003.53	2510
Iteration: 393	1544	1603	1983.32	2614
Iteration: 394	1544	1676	1982.59	2827
Iteration: 395	1544	1669	1988.32	2419
Iteration: 396	1544	1677	1977.99	2474
Iteration: 397	1544	1581	2011.17	2607
Iteration: 398	1544	1595	2005.41	2671
Iteration: 399	1544	1679	2031.86	2923
Iteration: 400	1544	1677	1984.01	2606
Iteration: 401	1544	1701	2012.27	2432
Iteration: 402	1544	1671	2012.73	2842
Iteration: 403	1544	1654	2017.01	2570
Iteration: 404	1544	1631	1984.55	2481
Iteration: 405	1544	1647	1996.21	2607
Iteration: 406	1544	1668	1991.6	2790
Iteration: 407	1544	1695	1977.59	2369
Iteration: 408	1544	1687	1998.22	2951
Iteration: 409	1544	1649	2006.91	2784
Iteration: 410	1544	1651	1973.86	2932
Iteration: 411	1544	1743	2016.43	2564
Iteration: 412	1544	1734	2002.26	2900
Iteration: 413	1544	1717	2005.38	2453
Iteration: 414	1544	1610	1994.37	2981
Iteration: 415	1544	1717	2002.38	2745
Iteration: 416	1544	1613	1979.27	2638
Iteration: 417	1544	1647	1981.26	2508
Iteration: 418	1544	1655	2016.02	2948
Iteration: 419	1544	1613	1989.81	2647
Iteration: 420	1544	1639	1991.73	2759
Iteration: 421	1544	1673	1987.13	2370
Iteration: 422	1544	1684	1971.11	2621
Iteration: 423	1544	1603	1986.78	2490
Iteration: 424	1544	1718	2030	2743
Iteration: 425	1544	1638	1990.04	2497
Iteration: 426	1544	1677	2021.66	3156
Iteration: 427	1544	1693	1998.69	2359
Iteration: 428	1544	1697	1986.06	2647
Iteration: 429	1544	1610	1966.73	2453
Iteration: 430	1544	1648	1999.85	2635
Iteration: 431	1544	1669	1996.12	2452
Iteration: 432	1544	1668	1984.44	2570
Iteration: 433	1544	1666	2003.66	2960
Iteration: 434	1544	1696	1997.52	2990
Iteration: 435	1544	1634	1976.95	2493
Iteration: 436	1544	1715	1983.65	3062
Iteration: 437	1544	1699	1974.37	2575
Iteration: 438	1544	1678	1987.94	2693
Iteration: 439	1544	1704	2000.41	2504
Iteration: 440	1544	1651	1979.95	2607
Iteration: 441	1544	1735	1969.97	2476
Iteration: 442	1544	1670	1983.91	2514
Iteration: 443	1544	1641	2030.98	2892
Iteration: 444	1544	1712	1988.69	2442
Iteration: 445	1544	1688	1979.76	2345
Iteration: 446	1544	1692	1999.52	2659
Iteration: 447	1544	1648	1999.41	2818
Iteration: 448	1544	1688	1972.91	3272
Iteration: 449	1544	1640	1995.2	2741
Iteration: 450	1544	1635	2000.15	2636
Iteration: 451	1544	1629	1993.31	2381
Iteration: 452	1544	1604	2001.05	2645
Iteration: 453	1544	1718	1997.18	2908
Iteration: 454	1544	1587	2016.08	2507
Iteration: 455	1544	1623	1982.9	3003
Iteration: 456	1544	1599	2011.44	2745
Iteration: 457	1544	1642	1961.58	2778
Iteration: 458	1544	1703	2014.72	2560
Iteration: 459	1544	1712	2000.15	2427
Iteration: 460	1544	1638	1963.15	2434
Iteration: 461	1544	1721	2006.8	2682
Iteration: 462	1544	1637	1995.16	2554
Iteration: 463	1544	1642	1994.43	3112
Iteration: 464	1544	1668	1986.48	2655
Iteration: 465	1544	1614	1971.61	2555
Iteration: 466	1544	1702	1993.37	2842
Iteration: 467	1544	1630	1953.33	2536
Iteration: 468	1544	1610	1997.36	2504
Iteration: 469	1544	1667	1998.69	2547
Iteration: 470	1544	1694	2008.41	2729
Iteration: 471	1544	1676	1964.98	2577
Iteration: 472	1544	1579	1985.85	2497
Iteration: 473	1544	1646	2027.22	2692
Iteration: 474	1544	1714	1992.68	2601
Iteration: 475	1544	1631	1997.92	2626
Iteration: 476	1544	1695	2002	2562
Iteration: 477	1544	1721	1999.91	2640
Iteration: 478	1544	1708	2012.12	2538
Iteration: 479	1544	1697	1949.31	2523
Iteration: 480	1544	1658	1992.22	2783
Iteration: 481	1544	1702	1989.09	2453
Iteration: 482	1544	1638	2006.43	2617
Iteration: 483	1544	1667	1980.05	2409
Iteration: 484	1544	1693	2004.12	2706
Iteration: 485	1544	1626	1969.4	2508
Iteration: 486	1544	1688	1988.23	2702
Iteration: 487	1544	1656	1986.62	2715
Iteration: 488	1544	1648	2035.49	3107
Iteration: 489	1544	1631	1967.68	2434
Iteration: 490	1544	1655	1972.11	2408
Iteration: 491	1544	1710	1991.59	2629
Iteration: 492	1544	1740	2008.42	2612
Iteration: 493	1544	1625	1973.29	2484
Iteration: 494	1544	1714	1987.73	2709
Iteration: 495	1544	1661	1995.14	2640
Iteration: 496	1544	1617	1991.63	2508
Iteration: 497	1544	1660	2001.31	2524
Iteration: 498	1544	1634	2010.51	2724
Iteration: 499	1544	1643	1960.89	2479
