Iteration: 0	1671	1671	1969.19	2356
Iteration: 1	1671	1712	1968.59	2454
Iteration: 2	1667	1667	2008.17	2425
Iteration: 3	1667	1752	2062.35	2670
Iteration: 4	1640	1640	2070.05	2575
Iteration: 5	1640	1714	2036.04	2526
Iteration: 6	1640	1704	2020.27	2485
Iteration: 7	1630	1630	2023.55	2413
Iteration: 8	1586	1586	2028.04	2779
Iteration: 9	1586	1596	1992.03	2561
Iteration: 10	1586	1691	1982.46	2370
Iteration: 11	1586	1637	1979	2633
Iteration: 12	1586	1665	1985.31	2522
Iteration: 13	1586	1711	2016.89	2607
Iteration: 14	1586	1661	1980.44	2371
Iteration: 15	1586	1716	1979.94	2456
Iteration: 16	1586	1621	1991.29	2488
Iteration: 17	1586	1694	2000.52	2817
Iteration: 18	1586	1626	1994.18	2386
Iteration: 19	1586	1694	1975.51	2631
Iteration: 20	1586	1693	2030.25	2629
Iteration: 21	1561	1561	1997.49	2772
Iteration: 22	1561	1665	1992.06	2666
Iteration: 23	1561	1676	1978.47	2599
Iteration: 24	1561	1675	1983.37	2482
Iteration: 25	1561	1706	1992.06	2432
Iteration: 26	1561	1686	1982.9	2700
Iteration: 27	1561	1672	2005.29	2675
Iteration: 28	1561	1681	2023	2682
Iteration: 29	1561	1675	1989.5	2423
Iteration: 30	1561	1705	1979.38	2411
Iteration: 31	1561	1668	1970.67	2446
Iteration: 32	1561	1693	1962.58	2523
Iteration: 33	1561	1661	1974.28	2529
Iteration: 34	1561	1651	1978.48	2359
Iteration: 35	1561	1681	2029	2544
Iteration: 36	1561	1637	1975.65	2384
Iteration: 37	1561	1663	1998.79	2901
Iteration: 38	1561	1621	1997.66	2739
Iteration: 39	1561	1565	1988.69	2543
Iteration: 40	1561	1700	1992.55	2436
Iteration: 41	1561	1686	1984.51	2484
Iteration: 42	1561	1621	1983.15	2558
Iteration: 43	1561	1621	1986.29	2662
Iteration: 44	1561	1641	1954.05	2508
Iteration: 45	1561	1650	2007.96	2435
Iteration: 46	1561	1673	2031.57	2631
Iteration: 47	1561	1644	1997.76	2644
Iteration: 48	1561	1686	1995.73	2580
Iteration: 49	1561	1662	1962.81	2455
Iteration: 50	1561	1713	2003.26	2609
Iteration: 51	1561	1648	1976.2	2585
Iteration: 52	1561	1724	1990.35	2473
Iteration: 53	1561	1676	1995.63	2722
Iteration: 54	1561	1626	1961.42	2628
Iteration: 55	1561	1674	1956.86	2619
Iteration: 56	1561	1677	1979.59	2564
Iteration: 57	1561	1663	1952.5	2443
Iteration: 58	1561	1651	2001.09	2836
Iteration: 59	1561	1567	2013.5	2798
Iteration: 60	1561	1697	1979.31	2592
Iteration: 61	1561	1663	1977.11	2403
Iteration: 62	1561	1612	1969.41	2456
Iteration: 63	1561	1651	1976.92	2585
Iteration: 64	1561	1619	1971.53	2480
Iteration: 65	1561	1669	1989.81	2608
Iteration: 66	1561	1709	2017.43	2429
Iteration: 67	1561	1662	1986.95	2429
Iteration: 68	1561	1717	2011.85	2730
Iteration: 69	1561	1712	1988.55	2653
Iteration: 70	1561	1656	2016.52	2580
Iteration: 71	1561	1684	2014.65	2620
Iteration: 72	1561	1703	2009.47	2648
Iteration: 73	1561	1618	1986.54	2574
Iteration: 74	1561	1655	2005.06	2924
Iteration: 75	1561	1719	1981.29	2674
Iteration: 76	1561	1710	2022.53	2965
Iteration: 77	1561	1661	1992.82	2487
Iteration: 78	1561	1696	1968.37	2679
Iteration: 79	1561	1645	2042.85	2734
Iteration: 80	1561	1592	2002.55	2458
Iteration: 81	1561	1641	1992.19	2625
Iteration: 82	1561	1654	1976.69	2615
Iteration: 83	1561	1598	1993.56	2447
Iteration: 84	1561	1651	1957.48	2524
Iteration: 85	1561	1710	2007.6	2703
Iteration: 86	1561	1733	2017.98	2714
Iteration: 87	1561	1642	1978.88	2456
Iteration: 88	1561	1716	1995.87	2502
Iteration: 89	1561	1751	2003.54	2480
Iteration: 90	1561	1633	1975.39	2663
Iteration: 91	1561	1717	1989.02	2558
Iteration: 92	1561	1713	1962.48	2250
Iteration: 93	1561	1617	2011.62	2540
Iteration: 94	1561	1654	1982.24	2611
Iteration: 95	1561	1701	2011.22	2491
Iteration: 96	1561	1677	1992.67	2589
Iteration: 97	1561	1631	2004.49	2386
Iteration: 98	1561	1679	1977.11	2619
Iteration: 99	1561	1658	1982.67	2597
Iteration: 100	1561	1678	1970.87	2876
Iteration: 101	1561	1717	1973.06	2619
Iteration: 102	1561	1634	2017.55	2595
Iteration: 103	1561	1645	1979.54	2397
Iteration: 104	1561	1657	1981.25	2827
Iteration: 105	1561	1598	1987.32	2571
Iteration: 106	1561	1665	1971.56	2567
Iteration: 107	1561	1715	1969.81	2377
Iteration: 108	1561	1726	2006.32	2517
Iteration: 109	1561	1703	2014.22	2501
Iteration: 110	1561	1673	2029.63	2449
Iteration: 111	1561	1656	2030.77	2688
Iteration: 112	1561	1671	1984.59	2513
Iteration: 113	1561	1710	2012.87	2518
Iteration: 114	1561	1624	2004.32	3023
Iteration: 115	1561	1715	1987.42	2486
Iteration: 116	1561	1673	2013.69	2704
Iteration: 117	1561	1643	2008.89	2461
Iteration: 118	1561	1636	2007.76	2647
Iteration: 119	1561	1714	2025.87	2531
Iteration: 120	1561	1668	1980.67	2578
Iteration: 121	1561	1646	1994.07	2418
Iteration: 122	1561	1676	1985.76	2596
Iteration: 123	1561	1641	2018.61	2731
Iteration: 124	1561	1611	1959.98	2745
Iteration: 125	1561	1700	2032.11	2630
Iteration: 126	1561	1603	1983.96	2601
Iteration: 127	1561	1634	1989.9	2571
Iteration: 128	1561	1668	1950.71	2768
Iteration: 129	1561	1630	1986.53	2575
Iteration: 130	1561	1699	1965.8	2681
Iteration: 131	1561	1704	1997.38	2832
Iteration: 132	1561	1651	1988.69	2733
Iteration: 133	1561	1635	1972.65	2479
Iteration: 134	1561	1701	1980.19	2834
Iteration: 135	1561	1656	2010.78	2748
Iteration: 136	1561	1698	1989.28	2478
Iteration: 137	1561	1668	2006.58	2572
Iteration: 138	1561	1608	1981.83	2463
Iteration: 139	1561	1640	1973.07	2447
Iteration: 140	1561	1687	2000.87	2555
Iteration: 141	1561	1592	2005.11	2543
Iteration: 142	1561	1660	1980.36	2531
Iteration: 143	1561	1628	1991.38	2688
Iteration: 144	1561	1651	1976.63	2459
Iteration: 145	1544	1544	2014.39	2831
Iteration: 146	1544	1620	1993.1	2897
Iteration: 147	1544	1719	1961.37	2556
Iteration: 148	1544	1657	1949.47	2708
Iteration: 149	1544	1684	2009.96	2457
Iteration: 150	1544	1698	1981.35	2616
Iteration: 151	1544	1711	1995.91	2699
Iteration: 152	1544	1579	2009.52	2672
Iteration: 153	1544	1613	1984.93	2492
Iteration: 154	1544	1606	2008.29	2497
Iteration: 155	1544	1639	2000.76	2745
Iteration: 156	1544	1686	1946.96	2497
Iteration: 157	1544	1667	1982.38	2568
Iteration: 158	1544	1679	1996.66	2505
Iteration: 159	1544	1653	1952.77	2408
Iteration: 160	1544	1608	1966.25	2559
Iteration: 161	1544	1630	2008.03	2553
Iteration: 162	1544	1659	1978.89	2652
Iteration: 163	1544	1679	2012.28	2559
Iteration: 164	1544	1662	1972.81	2523
Iteration: 165	1544	1631	2002.09	2586
Iteration: 166	1544	1707	1987.8	2478
Iteration: 167	1544	1703	1994.92	2492
Iteration: 168	1544	1628	1975.08	2896
Iteration: 169	1544	1690	2018.15	2753
Iteration: 170	1544	1720	1966.36	2676
Iteration: 171	1544	1674	1962.58	2449
Iteration: 172	1544	1626	1977.05	2428
Iteration: 173	1544	1623	2005.84	2724
Iteration: 174	1544	1617	1950.84	2495
Iteration: 175	1544	1652	2002.63	2474
Iteration: 176	1544	1671	1976.63	2609
Iteration: 177	1544	1674	1994.55	2561
Iteration: 178	1544	1670	1997.29	2618
Iteration: 179	1544	1643	1981.04	2514
Iteration: 180	1544	1701	1981.14	2815
Iteration: 181	1544	1608	1994.25	2824
Iteration: 182	1544	1662	1983.81	2727
Iteration: 183	1544	1675	2003.4	2533
Iteration: 184	1544	1638	2019.14	2910
Iteration: 185	1544	1656	2008.67	2868
Iteration: 186	1544	1732	1991.28	2518
Iteration: 187	1544	1637	1959.63	2706
Iteration: 188	1544	1692	1999.84	2818
Iteration: 189	1544	1594	2002.25	2555
Iteration: 190	1544	1712	2003.39	2390
Iteration: 191	1544	1668	1997.86	2611
Iteration: 192	1544	1709	1949.57	2485
Iteration: 193	1544	1714	1989.27	2523
Iteration: 194	1544	1607	2003.19	2499
Iteration: 195	1544	1694	1991.97	2438
Iteration: 196	1544	1711	2016.88	2775
Iteration: 197	1544	1680	1999.59	2549
Iteration: 198	1544	1694	2032.07	2609
Iteration: 199	1544	1568	2009.49	2588
Iteration: 200	1544	1648	1989.83	2754
Iteration: 201	1544	1649	1984.3	2875
Iteration: 202	1544	1658	1956.28	2926
Iteration: 203	1544	1700	1979.38	2908
Iteration: 204	1544	1604	1991.56	2476
Iteration: 205	1544	1666	2006.92	2513
Iteration: 206	1544	1646	2016.13	2637
Iteration: 207	1544	1582	1994.41	2647
Iteration: 208	1544	1725	2037.01	2898
Iteration: 209	1544	1594	1979.31	3037
Iteration: 210	1544	1661	1999.56	2685
Iteration: 211	1544	1652	2008.86	2556
Iteration: 212	1544	1752	2022.85	2728
Iteration: 213	1544	1658	1998.82	2874
Iteration: 214	1544	1617	1982.32	2682
Iteration: 215	1544	1720	1990.62	2446
Iteration: 216	1544	1633	2000.66	2768
Iteration: 217	1544	1653	1978.58	2477
Iteration: 218	1544	1627	1990.37	2679
Iteration: 219	1544	1608	1980.52	2481
Iteration: 220	1544	1696	2033.37	2570
Iteration: 221	1544	1630	2002.12	2735
Iteration: 222	1544	1683	2019.69	2736
Iteration: 223	1544	1627	1967.25	2441
Iteration: 224	1544	1681	1964.28	2343
Iteration: 225	1544	1639	1997.16	2801
Iteration: 226	1544	1711	2007.31	3061
Iteration: 227	1544	1721	1975.63	2451
Iteration: 228	1544	1655	1977.33	2430
Iteration: 229	1544	1668	1976.43	2406
Iteration: 230	1544	1682	2002.14	3265
Iteration: 231	1544	1677	1986.78	2594
Iteration: 232	1544	1559	1980.87	2414
Iteration: 233	1544	1603	1989.7	2620
Iteration: 234	1544	1603	1990.97	2761
Iteration: 235	1544	1720	1991.84	2347
Iteration: 236	1544	1702	1955.43	2453
Iteration: 237	1544	1713	1993.38	2726
Iteration: 238	1544	1694	2007.92	2784
Iteration: 239	1544	1718	2008.42	2832
Iteration: 240	1544	1647	2009.62	2750
Iteration: 241	1544	1651	2016.05	2663
Iteration: 242	1544	1582	2001.01	2539
Iteration: 243	1544	1649	1994.38	3036
Iteration: 244	1544	1642	1965.02	2782
Iteration: 245	1544	1712	2012.58	2578
Iteration: 246	1544	1656	1975.64	2446
Iteration: 247	1544	1686	2008.46	3321
Iteration: 248	1544	1737	1997.94	2839
Iteration: 249	1544	1640	1961.34	2408
Iteration: 250	1544	1670	1981.45	2536
Iteration: 251	1544	1624	2007.39	2685
Iteration: 252	1544	1689	2026.44	2750
Iteration: 253	1544	1677	2016.84	2618
Iteration: 254	1544	1715	1971.23	2530
Iteration: 255	1544	1665	2023.53	2497
Iteration: 256	1544	1640	1980.58	2572
Iteration: 257	1544	1637	1984.3	2503
Iteration: 258	1544	1713	2014.01	2870
Iteration: 259	1544	1651	1982.57	2467
Iteration: 260	1544	1714	2002.82	2948
Iteration: 261	1544	1703	2032.51	2774
Iteration: 262	1544	1625	1994	2512
Iteration: 263	1544	1660	2031.65	2704
Iteration: 264	1544	1668	1992.7	2657
Iteration: 265	1544	1677	1998.86	2767
Iteration: 266	1544	1715	1971.77	2571
Iteration: 267	1544	1590	1984.35	2599
Iteration: 268	1544	1628	1985.43	2539
Iteration: 269	1544	1625	1965.96	2563
Iteration: 270	1544	1661	1973.25	3018
Iteration: 271	1544	1670	1994.81	2647
Iteration: 272	1544	1634	1991.31	2354
Iteration: 273	1544	1663	2047.97	2579
Iteration: 274	1544	1636	1994.31	2932
Iteration: 275	1544	1708	2007.33	2613
Iteration: 276	1544	1682	2002.04	2520
Iteration: 277	1544	1729	1989.78	2506
Iteration: 278	1544	1649	2022.64	2828
Iteration: 279	1544	1622	2002.65	2584
Iteration: 280	1544	1711	1960.42	2583
Iteration: 281	1544	1697	1985.06	2416
Iteration: 282	1544	1727	1990.66	2398
Iteration: 283	1544	1659	1985.68	2515
Iteration: 284	1544	1683	1981.24	2656
Iteration: 285	1544	1628	1994.22	2532
Iteration: 286	1544	1676	1985.84	2731
Iteration: 287	1544	1613	1952.92	2347
Iteration: 288	1544	1688	1987.59	2753
Iteration: 289	1544	1618	1977.2	2347
Iteration: 290	1544	1713	2004.59	2734
Iteration: 291	1544	1692	1986.1	2543
Iteration: 292	1544	1632	1983.78	2799
Iteration: 293	1544	1620	1967.11	2428
Iteration: 294	1544	1648	1960.48	2464
Iteration: 295	1544	1671	2016.72	2870
Iteration: 296	1544	1664	2000.92	2642
Iteration: 297	1544	1661	1988.98	2521
Iteration: 298	1544	1718	2010.98	2699
Iteration: 299	1544	1679	1991.81	2530
Iteration: 300	1544	1632	1997.84	2761
Iteration: 301	1544	1693	1987.06	2465
Iteration: 302	1544	1616	1947.73	2593
Iteration: 303	1544	1662	1984.58	2412
Iteration: 304	1544	1631	1997.84	2917
Iteration: 305	1544	1689	2004.55	2426
Iteration: 306	1544	1691	1988.8	2943
Iteration: 307	1544	1698	1990.52	2528
Iteration: 308	1544	1637	2016.06	2898
Iteration: 309	1544	1626	2002.56	2677
Iteration: 310	1544	1625	2008.52	2642
Iteration: 311	1544	1696	1999.9	2557
Iteration: 312	1544	1607	1966.08	2530
Iteration: 313	1544	1656	1987.37	2639
Iteration: 314	1544	1662	1963.5	2490
Iteration: 315	1544	1668	1987.77	2670
Iteration: 316	1544	1646	1953.71	2598
Iteration: 317	1544	1600	1993.43	2478
Iteration: 318	1544	1686	2037.18	3188
Iteration: 319	1544	1587	1968.27	2582
Iteration: 320	1544	1649	1985.05	2524
Iteration: 321	1544	1635	1997.66	2521
Iteration: 322	1544	1681	1998.56	2544
Iteration: 323	1544	1644	1995.74	2461
Iteration: 324	1544	1736	2023.64	2746
Iteration: 325	1544	1620	2003.99	2783
Iteration: 326	1544	1659	2004.69	2574
Iteration: 327	1544	1665	1989.85	2567
Iteration: 328	1544	1688	1996.88	2644
Iteration: 329	1544	1663	1987.88	2928
Iteration: 330	1544	1628	1979.18	2429
Iteration: 331	1544	1680	1990.33	2367
Iteration: 332	1544	1677	1988.15	2599
Iteration: 333	1544	1715	1979.75	2490
Iteration: 334	1544	1659	2041.47	2790
Iteration: 335	1544	1664	2001.59	2843
Iteration: 336	1544	1651	1992.76	2759
Iteration: 337	1544	1640	1993.55	3097
Iteration: 338	1544	1655	1981.71	2506
Iteration: 339	1544	1632	2031.57	2912
Iteration: 340	1544	1658	1953.66	2387
Iteration: 341	1544	1669	1989.64	2477
Iteration: 342	1544	1654	1963.83	2631
Iteration: 343	1544	1676	2032.55	2765
Iteration: 344	1544	1639	1972.16	2503
Iteration: 345	1544	1689	2001.55	2796
Iteration: 346	1544	1713	1984.84	2542
Iteration: 347	1544	1620	1960.4	2432
Iteration: 348	1544	1652	1994.33	2483
Iteration: 349	1544	1721	2026.09	2498
Iteration: 350	1544	1708	1989.07	2755
Iteration: 351	1544	1662	1979.72	2769
Iteration: 352	1544	1658	1958.28	3205
Iteration: 353	1544	1697	1997.73	2774
Iteration: 354	1544	1630	1964.45	2567
Iteration: 355	1544	1634	1995.76	2915
Iteration: 356	1544	1697	1995.17	2735
Iteration: 357	1544	1650	1964.51	2565
Iteration: 358	1544	1646	2022	2555
Iteration: 359	1544	1623	1975.41	2722
Iteration: 360	1544	1675	1991.99	2494
Iteration: 361	1544	1689	1969.79	2501
Iteration: 362	1544	1669	2003.48	2976
Iteration: 363	1544	1658	1975.24	2531
Iteration: 364	1544	1650	1987.23	2670
Iteration: 365	1544	1681	1973.43	2515
Iteration: 366	1544	1620	2020.78	2697
Iteration: 367	1544	1605	1975.75	2635
Iteration: 368	1544	1678	2002.39	2525
Iteration: 369	1544	1714	2034.57	3524
Iteration: 370	1544	1713	2001.48	2568
Iteration: 371	1544	1708	2017.19	2742
Iteration: 372	1544	1722	1976.8	2498
Iteration: 373	1544	1662	1993.8	2484
Iteration: 374	1544	1717	1979.6	2566
Iteration: 375	1544	1666	1983	2419
Iteration: 376	1544	1662	2001.9	2805
Iteration: 377	1544	1735	1992.94	2463
Iteration: 378	1544	1732	1994.29	2553
Iteration: 379	1544	1631	2033.43	2562
Iteration: 380	1544	1657	1976	2851
Iteration: 381	1544	1674	2004.95	2680
Iteration: 382	1544	1586	2001.78	2679
Iteration: 383	1544	1648	2015.01	2908
Iteration: 384	1544	1675	1988.7	2520
Iteration: 385	1544	1677	1970.29	2894
Iteration: 386	1544	1695	1991.61	2517
Iteration: 387	1544	1654	1957.93	2571
Iteration: 388	1544	1660	2003.75	2669
Iteration: 389	1544	1623	1985.18	2496
Iteration: 390	1544	1631	1994.55	2626
Iteration: 391	1544	1712	1961.62	2372
Iteration: 392	1544	1582	1969.57	2764
Iteration: 393	1544	1691	1975.11	2381
Iteration: 394	1544	1648	1969.48	2428
Iteration: 395	1544	1640	2030.17	2685
Iteration: 396	1544	1639	2003.14	2539
Iteration: 397	1544	1688	1967.67	2430
Iteration: 398	1544	1653	1975.76	2815
Iteration: 399	1544	1689	2009.78	2539
Iteration: 400	1544	1716	1996.5	2528
Iteration: 401	1544	1682	1980.11	2514
Iteration: 402	1544	1716	1989.9	2578
Iteration: 403	1544	1693	1988.77	2398
Iteration: 404	1544	1653	1986.37	2551
Iteration: 405	1544	1635	1986.64	2455
Iteration: 406	1544	1674	1959.61	2689
Iteration: 407	1544	1681	1982.28	2545
Iteration: 408	1544	1674	1996.69	2480
Iteration: 409	1544	1660	2012.11	2617
Iteration: 410	1544	1628	1965.04	2497
Iteration: 411	1544	1707	1996.49	2671
Iteration: 412	1544	1710	1988.16	2463
Iteration: 413	1544	1733	2038.54	2822
Iteration: 414	1544	1593	1987.43	2483
Iteration: 415	1544	1673	1990.32	2648
Iteration: 416	1544	1674	1999.36	2337
Iteration: 417	1473	1473	1987.54	2603
Iteration: 418	1473	1635	1971	2572
Iteration: 419	1473	1677	1973.36	2997
Iteration: 420	1473	1640	1977.43	2642
Iteration: 421	1473	1746	2022.06	2821
Iteration: 422	1473	1694	1992.57	2529
Iteration: 423	1473	1638	1996.81	2327
Iteration: 424	1473	1720	1982.99	2622
Iteration: 425	1473	1655	2028.35	2638
Iteration: 426	1473	1616	1970.92	2584
Iteration: 427	1473	1611	2019.65	2650
Iteration: 428	1473	1731	1990.88	2660
Iteration: 429	1473	1653	1988.69	2575
Iteration: 430	1473	1669	1989.61	2634
Iteration: 431	1473	1669	1978.89	2728
Iteration: 432	1473	1636	1963.22	2683
Iteration: 433	1473	1728	2001.2	2950
Iteration: 434	1473	1625	1977.5	2532
Iteration: 435	1473	1690	1959.32	2646
Iteration: 436	1473	1677	2019.97	3101
Iteration: 437	1473	1662	1968.56	2544
Iteration: 438	1473	1636	2006.79	2782
Iteration: 439	1473	1676	2064.81	3144
Iteration: 440	1473	1673	2002.08	2497
Iteration: 441	1473	1603	1949.97	2370
Iteration: 442	1473	1697	1981.76	2535
Iteration: 443	1473	1668	1973.85	2510
Iteration: 444	1473	1685	1982.5	2746
Iteration: 445	1473	1682	1984.28	2564
Iteration: 446	1473	1661	1963.62	2392
Iteration: 447	1473	1600	1981.42	2821
Iteration: 448	1473	1700	1971.74	2609
Iteration: 449	1473	1616	1978.77	2778
Iteration: 450	1473	1654	1972.15	2653
Iteration: 451	1473	1623	1978.25	2477
Iteration: 452	1473	1579	2020.98	2679
Iteration: 453	1473	1658	2003.98	2716
Iteration: 454	1473	1639	2003.46	2628
Iteration: 455	1473	1637	1965.82	2412
Iteration: 456	1473	1681	2011.87	2657
Iteration: 457	1473	1594	1963.13	2433
Iteration: 458	1473	1595	2016.36	2720
Iteration: 459	1473	1638	1980.06	2547
Iteration: 460	1473	1664	1968.55	2631
Iteration: 461	1473	1607	2008.82	2762
Iteration: 462	1473	1676	1962.03	2616
Iteration: 463	1473	1655	2010.25	2843
Iteration: 464	1473	1718	1994.16	2738
Iteration: 465	1473	1676	1988.54	2781
Iteration: 466	1473	1637	1994.92	2726
Iteration: 467	1473	1657	1944.03	2566
Iteration: 468	1473	1561	1999.77	2440
Iteration: 469	1473	1687	2015.91	2576
Iteration: 470	1473	1722	2000.63	2460
Iteration: 471	1473	1677	2026.91	2619
Iteration: 472	1473	1579	1926.55	2431
Iteration: 473	1473	1702	2013.06	2843
Iteration: 474	1473	1595	1988.66	2521
Iteration: 475	1473	1664	1978.15	2617
Iteration: 476	1473	1603	1963.27	2462
Iteration: 477	1473	1592	1966.34	2597
Iteration: 478	1473	1627	1974.38	2520
Iteration: 479	1473	1654	1991.42	2537
Iteration: 480	1473	1663	1997.53	2566
Iteration: 481	1473	1686	1964.69	2392
Iteration: 482	1473	1666	1990.85	2559
Iteration: 483	1473	1684	1991.17	2572
Iteration: 484	1473	1649	1978.05	2746
Iteration: 485	1473	1664	1990.6	2318
Iteration: 486	1473	1667	1964.09	2486
Iteration: 487	1473	1700	1960.48	2682
Iteration: 488	1473	1668	1999.86	2740
Iteration: 489	1473	1664	2036.72	2631
Iteration: 490	1473	1644	1981.73	2493
Iteration: 491	1473	1647	1963.55	2404
Iteration: 492	1473	1693	2001.34	3161
Iteration: 493	1473	1672	1988.25	2640
Iteration: 494	1473	1641	2007.4	2676
Iteration: 495	1473	1645	2001.97	2616
Iteration: 496	1473	1706	2002.59	2645
Iteration: 497	1473	1606	1989.4	2563
Iteration: 498	1473	1613	1976.81	2605
Iteration: 499	1473	1643	1977.4	2628
