Iteration: 0	1633	1633	2152.26	2627
Iteration: 1	1633	1822	2129.06	2649
Iteration: 2	1633	1992	2334.62	2855
Iteration: 3	1633	2104	2604.31	3353
Iteration: 4	1633	2061	2477.19	3279
Iteration: 5	1633	1896	2414.54	3209
Iteration: 6	1633	1985	2404.02	2887
Iteration: 7	1633	1710	2441.58	3066
Iteration: 8	1633	1874	2384.66	2897
Iteration: 9	1633	1801	2391.59	3329
Iteration: 10	1633	1842	2380.81	3036
Iteration: 11	1633	1756	2381.65	3079
Iteration: 12	1633	1889	2352.36	3363
Iteration: 13	1633	1742	2350.53	3330
Iteration: 14	1633	1879	2377.93	3012
Iteration: 15	1633	1714	2378.3	2958
Iteration: 16	1633	1805	2339.34	2872
Iteration: 17	1633	1822	2364.49	3059
Iteration: 18	1633	1796	2334.78	3038
Iteration: 19	1633	1752	2320.32	3030
Iteration: 20	1633	1791	2391.06	3135
Iteration: 21	1633	1709	2342.21	3001
Iteration: 22	1633	1823	2336.79	3246
Iteration: 23	1633	1857	2348.79	3028
Iteration: 24	1633	1908	2351.02	3236
Iteration: 25	1633	1690	2290.04	3150
Iteration: 26	1633	1742	2362.58	3145
Iteration: 27	1633	1783	2352.71	3148
Iteration: 28	1633	1861	2370.9	2954
Iteration: 29	1633	1810	2287.47	2942
Iteration: 30	1633	1833	2330.11	3175
Iteration: 31	1633	1837	2339.36	3070
Iteration: 32	1633	1816	2298.98	2992
Iteration: 33	1633	1782	2361.61	3063
Iteration: 34	1633	1693	2310.58	2992
Iteration: 35	1633	1784	2349.23	3134
Iteration: 36	1633	1901	2384.63	3116
Iteration: 37	1633	1865	2329.91	3002
Iteration: 38	1633	1688	2305.55	3411
Iteration: 39	1633	1861	2313.08	3393
Iteration: 40	1633	1826	2344.12	2967
Iteration: 41	1633	1815	2362.33	3242
Iteration: 42	1633	1896	2347.41	3195
Iteration: 43	1633	1761	2327.69	3075
Iteration: 44	1633	1848	2345.52	3255
Iteration: 45	1633	1888	2364.68	3085
Iteration: 46	1633	1691	2345.05	2966
Iteration: 47	1633	1767	2319.73	2993
Iteration: 48	1633	1667	2331.4	2964
Iteration: 49	1633	1915	2366.19	3074
Iteration: 50	1633	1806	2364.87	3007
Iteration: 51	1633	1866	2314.56	3236
Iteration: 52	1633	1864	2335.95	3242
Iteration: 53	1633	1740	2328.84	3249
Iteration: 54	1633	1779	2290.36	2928
Iteration: 55	1633	1824	2363.81	3319
Iteration: 56	1633	1878	2351.04	2956
Iteration: 57	1633	1827	2354.03	3206
Iteration: 58	1633	1839	2313.2	3266
Iteration: 59	1633	1807	2316.59	3172
Iteration: 60	1633	1720	2293.85	3030
Iteration: 61	1633	1730	2312.07	2972
Iteration: 62	1633	1807	2329.2	3283
Iteration: 63	1633	1826	2311.87	3071
Iteration: 64	1633	1805	2313.95	2980
Iteration: 65	1633	1870	2306.78	2884
Iteration: 66	1633	1807	2312.67	3137
Iteration: 67	1633	1838	2379.07	2954
Iteration: 68	1633	1775	2332.76	3126
Iteration: 69	1633	1738	2341.89	3115
Iteration: 70	1633	1733	2318.24	3358
Iteration: 71	1633	1689	2305.16	3019
Iteration: 72	1633	1825	2316.44	3073
Iteration: 73	1633	1803	2295.39	3047
Iteration: 74	1633	1846	2389.1	3419
Iteration: 75	1633	1877	2355.44	3175
Iteration: 76	1633	1908	2315.59	2965
Iteration: 77	1633	1848	2302.72	2997
Iteration: 78	1633	1765	2336.58	3245
Iteration: 79	1633	1818	2339.15	3081
Iteration: 80	1633	1831	2327.39	2925
Iteration: 81	1633	1721	2325.44	3085
Iteration: 82	1633	1822	2338.18	3043
Iteration: 83	1633	1765	2307.25	2935
Iteration: 84	1633	1689	2355.46	2912
Iteration: 85	1633	1784	2287.75	3076
Iteration: 86	1633	1853	2295.7	2984
Iteration: 87	1633	1823	2324.21	2972
Iteration: 88	1633	1824	2341.48	3054
Iteration: 89	1633	1899	2335.11	3320
Iteration: 90	1633	1856	2288.05	3012
Iteration: 91	1633	1746	2345.21	2972
Iteration: 92	1633	1785	2338.32	2964
Iteration: 93	1633	1755	2328.29	2932
Iteration: 94	1633	1751	2332.43	3047
Iteration: 95	1633	1765	2328.54	3110
Iteration: 96	1633	1735	2308.25	3157
Iteration: 97	1633	1707	2328.7	3201
Iteration: 98	1633	1733	2299.05	3012
Iteration: 99	1633	1750	2350.11	3444
Iteration: 100	1633	1667	2349.03	2953
Iteration: 101	1633	1858	2309.96	2938
Iteration: 102	1633	1681	2329.27	3141
Iteration: 103	1633	1865	2352.51	3007
Iteration: 104	1633	1822	2317.53	3184
Iteration: 105	1633	1807	2326.82	3413
Iteration: 106	1633	1752	2304.26	2927
Iteration: 107	1633	1827	2355.79	3104
Iteration: 108	1633	1800	2299.47	3050
Iteration: 109	1633	1810	2333.33	2960
Iteration: 110	1633	1793	2340.53	3165
Iteration: 111	1633	1664	2330.21	3012
Iteration: 112	1633	1869	2357.46	3244
Iteration: 113	1633	1846	2325.15	2987
Iteration: 114	1633	1688	2332.04	2952
Iteration: 115	1633	1773	2305.38	3074
Iteration: 116	1633	1819	2327.54	3140
Iteration: 117	1633	1884	2337.55	3451
Iteration: 118	1633	1720	2330.45	3046
Iteration: 119	1540	1540	2337.94	3286
Iteration: 120	1540	1798	2327.51	2833
Iteration: 121	1540	1741	2345.83	3141
Iteration: 122	1540	1910	2329.38	2963
Iteration: 123	1540	1817	2345.45	3384
Iteration: 124	1540	1888	2331.47	2933
Iteration: 125	1540	1771	2311.42	3001
Iteration: 126	1540	1845	2328.85	3082
Iteration: 127	1540	1829	2336.35	3177
Iteration: 128	1540	1790	2312.76	3139
Iteration: 129	1540	1841	2319.73	3068
Iteration: 130	1540	1810	2306.11	2853
Iteration: 131	1540	1777	2329.6	3086
Iteration: 132	1540	1731	2300.23	3264
Iteration: 133	1540	1771	2301.53	3284
Iteration: 134	1540	1794	2314.01	3108
Iteration: 135	1540	1917	2337.52	2980
Iteration: 136	1540	1779	2328.58	2925
Iteration: 137	1540	1839	2312.93	3137
Iteration: 138	1540	1721	2334.98	3034
Iteration: 139	1540	1849	2321.89	3191
Iteration: 140	1540	1707	2341.37	2955
Iteration: 141	1540	1881	2361.99	3039
Iteration: 142	1540	1752	2297.08	3006
Iteration: 143	1540	1891	2334.51	2922
Iteration: 144	1540	1826	2362.26	3388
Iteration: 145	1540	1793	2333.29	3521
Iteration: 146	1540	1845	2378.85	3249
Iteration: 147	1540	1764	2346.59	3079
Iteration: 148	1540	1889	2357.85	3511
Iteration: 149	1540	1914	2336.21	3000
Iteration: 150	1540	1834	2318.34	3050
Iteration: 151	1540	1766	2339.88	2982
Iteration: 152	1540	1800	2326.84	3357
Iteration: 153	1540	1842	2330.07	2964
Iteration: 154	1540	1778	2321.23	2975
Iteration: 155	1540	1864	2349.31	3037
Iteration: 156	1540	1804	2346.82	3192
Iteration: 157	1540	1823	2348.86	3030
Iteration: 158	1540	1878	2360.78	3714
Iteration: 159	1540	1812	2333.83	3126
Iteration: 160	1540	1859	2351.69	3141
Iteration: 161	1540	1799	2318.98	3305
Iteration: 162	1540	1903	2343.15	3480
Iteration: 163	1540	1646	2271.7	3045
Iteration: 164	1540	1769	2303.35	2917
Iteration: 165	1540	1701	2328.11	2940
Iteration: 166	1540	1835	2289.96	3030
Iteration: 167	1540	1825	2283.33	3054
Iteration: 168	1540	1765	2324.27	3081
Iteration: 169	1540	1776	2336.94	3054
Iteration: 170	1540	1901	2360.26	3024
Iteration: 171	1540	1923	2327.98	3101
Iteration: 172	1540	1755	2297.8	3054
Iteration: 173	1540	1752	2294.37	2792
Iteration: 174	1540	1816	2294.89	2920
Iteration: 175	1540	1821	2379.95	2967
Iteration: 176	1540	1845	2318.22	3140
Iteration: 177	1540	1760	2347.65	2914
Iteration: 178	1540	1749	2314.99	2904
Iteration: 179	1540	1701	2324.82	2966
Iteration: 180	1540	1782	2304.45	3206
Iteration: 181	1540	1959	2385.11	3028
Iteration: 182	1540	1898	2393.16	3027
Iteration: 183	1540	1797	2358.66	3106
Iteration: 184	1540	1763	2327.12	2949
Iteration: 185	1540	1865	2341.38	3044
Iteration: 186	1540	1749	2289.6	3009
Iteration: 187	1540	1823	2333.79	3099
Iteration: 188	1540	1834	2325.66	3144
Iteration: 189	1540	1830	2338.39	3018
Iteration: 190	1540	1771	2380.4	3275
Iteration: 191	1540	1827	2310.17	3059
Iteration: 192	1540	1851	2330.85	2874
Iteration: 193	1540	1742	2305.98	3108
Iteration: 194	1540	1806	2359.65	2977
Iteration: 195	1540	1760	2284.53	2972
Iteration: 196	1540	1752	2319.8	3166
Iteration: 197	1540	1832	2361.24	3320
Iteration: 198	1540	1667	2325.53	3139
Iteration: 199	1540	1753	2323.93	3053
Iteration: 200	1540	1763	2326.07	3191
Iteration: 201	1540	1878	2317.28	3249
Iteration: 202	1540	1709	2289.07	2912
Iteration: 203	1540	1589	2288.14	3342
Iteration: 204	1540	1752	2372.36	3221
Iteration: 205	1540	1808	2331.74	2959
Iteration: 206	1540	1821	2313.89	3091
Iteration: 207	1540	1893	2345.81	2912
Iteration: 208	1540	1766	2293.38	3668
Iteration: 209	1540	1839	2299.22	2845
Iteration: 210	1540	1686	2351.27	3460
Iteration: 211	1540	1841	2346.2	3081
Iteration: 212	1540	1802	2330.29	3043
Iteration: 213	1540	1714	2327.75	3147
Iteration: 214	1540	1806	2368.21	3280
Iteration: 215	1540	1782	2326.1	2931
Iteration: 216	1540	1808	2335.27	3210
Iteration: 217	1540	1930	2363.43	3096
Iteration: 218	1540	1773	2324.79	2908
Iteration: 219	1540	1783	2338.7	3596
Iteration: 220	1540	1850	2388.13	3125
Iteration: 221	1540	1834	2344.34	2971
Iteration: 222	1540	1811	2357.3	3119
Iteration: 223	1540	1744	2374.2	3212
Iteration: 224	1540	1775	2372.89	3225
Iteration: 225	1540	1704	2269.92	2841
Iteration: 226	1540	1742	2327.28	3141
Iteration: 227	1540	1785	2315.09	3199
Iteration: 228	1540	1954	2373.67	2986
Iteration: 229	1540	1780	2329.25	2946
Iteration: 230	1540	1642	2326.55	2931
Iteration: 231	1540	1866	2324.18	3399
Iteration: 232	1540	1761	2307.48	3009
Iteration: 233	1540	1822	2298.72	3189
Iteration: 234	1540	1835	2400.51	3153
Iteration: 235	1540	1880	2320.17	2983
Iteration: 236	1540	1906	2346.86	3075
Iteration: 237	1540	1857	2280.13	3282
Iteration: 238	1540	1709	2352.87	3007
Iteration: 239	1540	1831	2273.41	2932
Iteration: 240	1540	1763	2315.92	3180
Iteration: 241	1540	1879	2295.58	2966
Iteration: 242	1540	1787	2301.35	3222
Iteration: 243	1540	1856	2296.84	3113
Iteration: 244	1540	1812	2349.85	3345
Iteration: 245	1540	1794	2342.61	2928
Iteration: 246	1540	1817	2358.36	3075
Iteration: 247	1540	1694	2368.52	3065
Iteration: 248	1540	1793	2329.52	2949
Iteration: 249	1540	1751	2350.61	3183
Iteration: 250	1540	1875	2343.46	3161
Iteration: 251	1540	1771	2319.32	3191
Iteration: 252	1540	1686	2319.68	3288
Iteration: 253	1540	1768	2331.9	3041
Iteration: 254	1540	1803	2298.66	3010
Iteration: 255	1540	1807	2324.57	3095
Iteration: 256	1540	1725	2356.72	3228
Iteration: 257	1540	1699	2330.96	3191
Iteration: 258	1540	1840	2282.57	2713
Iteration: 259	1540	1835	2392.98	3127
Iteration: 260	1540	1772	2321.65	3015
Iteration: 261	1540	1836	2320.08	3289
Iteration: 262	1540	1729	2352.04	3136
Iteration: 263	1540	1782	2316.44	2900
Iteration: 264	1540	1722	2292.28	2844
Iteration: 265	1540	1741	2327.7	3414
Iteration: 266	1540	1853	2328.06	2868
Iteration: 267	1540	1874	2329.38	2937
Iteration: 268	1540	1692	2284.83	3095
Iteration: 269	1540	1832	2372.06	3066
Iteration: 270	1540	1883	2330.67	3073
Iteration: 271	1540	1938	2387.56	3558
Iteration: 272	1540	1749	2319.84	3223
Iteration: 273	1540	1904	2319.5	2972
Iteration: 274	1540	1839	2377.96	3210
Iteration: 275	1540	1851	2319.59	3226
Iteration: 276	1540	1806	2292.98	3106
Iteration: 277	1540	1864	2368.29	2997
Iteration: 278	1540	1688	2328.13	3028
Iteration: 279	1540	1780	2296.82	2887
Iteration: 280	1540	1858	2342.26	3514
Iteration: 281	1540	1749	2301.54	3155
Iteration: 282	1540	1823	2305.07	2921
Iteration: 283	1540	1839	2378.6	3084
Iteration: 284	1540	1830	2308.98	2932
Iteration: 285	1540	1738	2332.67	3305
Iteration: 286	1540	1764	2348.11	3012
Iteration: 287	1540	1773	2357.75	3459
Iteration: 288	1540	1791	2354.42	2893
Iteration: 289	1540	1823	2329.4	2957
Iteration: 290	1540	1814	2282.51	2884
Iteration: 291	1540	1695	2362.51	3193
Iteration: 292	1540	1647	2339.29	3066
Iteration: 293	1540	1828	2315.08	3108
Iteration: 294	1540	1734	2326.23	2962
Iteration: 295	1540	1768	2288.1	2937
Iteration: 296	1540	1807	2320.65	3050
Iteration: 297	1540	1826	2258.44	2920
Iteration: 298	1540	1806	2310.09	3101
Iteration: 299	1540	1778	2340.14	3249
Iteration: 300	1540	1762	2265.81	2896
Iteration: 301	1540	1773	2313.56	3173
Iteration: 302	1540	1849	2318.03	2907
Iteration: 303	1540	1690	2267.8	3133
Iteration: 304	1540	1819	2271.7	2738
Iteration: 305	1540	1842	2356.69	3042
Iteration: 306	1540	1764	2318.7	3018
Iteration: 307	1540	1866	2365.21	3115
Iteration: 308	1540	1855	2340.64	3379
Iteration: 309	1540	1697	2337.07	3272
Iteration: 310	1540	1788	2310.95	3130
Iteration: 311	1540	1640	2316.03	2956
Iteration: 312	1540	1817	2371.98	3023
Iteration: 313	1540	1849	2330.32	2885
Iteration: 314	1540	1804	2352.71	3275
Iteration: 315	1540	1755	2356.03	3076
Iteration: 316	1540	1875	2311	3052
Iteration: 317	1540	1667	2322.61	3060
Iteration: 318	1540	1800	2381.58	3627
Iteration: 319	1540	1702	2347.43	2938
Iteration: 320	1540	1752	2356.82	3414
Iteration: 321	1540	1707	2287.63	2982
Iteration: 322	1540	1821	2333.89	3224
Iteration: 323	1540	1819	2366.42	2930
Iteration: 324	1540	1805	2340.51	3363
Iteration: 325	1540	1775	2294.54	2841
Iteration: 326	1540	1746	2281.69	2970
Iteration: 327	1540	1798	2294.31	3345
Iteration: 328	1540	1854	2354.58	3024
Iteration: 329	1540	1860	2389.81	3157
Iteration: 330	1540	1805	2281.07	3236
Iteration: 331	1540	1768	2320	3267
Iteration: 332	1540	1777	2312.42	2925
Iteration: 333	1540	1709	2340.77	3088
Iteration: 334	1540	1811	2328.98	3120
Iteration: 335	1540	1810	2389.51	3172
Iteration: 336	1540	1857	2289.19	2925
Iteration: 337	1540	1725	2281.65	2921
Iteration: 338	1540	1789	2315.47	3138
Iteration: 339	1540	1694	2308.77	3042
Iteration: 340	1540	1751	2315	3092
Iteration: 341	1540	1831	2327.14	3049
Iteration: 342	1540	1862	2360.74	3144
Iteration: 343	1540	1824	2382.39	3222
Iteration: 344	1540	1667	2334.48	3082
Iteration: 345	1540	1821	2363.44	3244
Iteration: 346	1540	1847	2410.73	3002
Iteration: 347	1540	1815	2293.66	3069
Iteration: 348	1540	1773	2345.57	3271
Iteration: 349	1540	1865	2339.18	3159
Iteration: 350	1540	1789	2369.84	3139
Iteration: 351	1540	1726	2344.01	2950
Iteration: 352	1540	1819	2301.76	3120
Iteration: 353	1540	1753	2302.5	2916
Iteration: 354	1540	1841	2300.77	3391
Iteration: 355	1540	1818	2343.44	3101
Iteration: 356	1540	1811	2321.68	3169
Iteration: 357	1540	1922	2352.2	3032
Iteration: 358	1540	1714	2304.56	3019
Iteration: 359	1540	1813	2347.19	3192
Iteration: 360	1540	1896	2343.7	3211
Iteration: 361	1540	1689	2309.91	2997
Iteration: 362	1540	1725	2335.23	3232
Iteration: 363	1540	1800	2407.22	3055
Iteration: 364	1540	1775	2335.92	2917
Iteration: 365	1540	1742	2313.63	3418
Iteration: 366	1540	1820	2316.34	3399
Iteration: 367	1540	1733	2349.39	3365
Iteration: 368	1540	1829	2335.7	3142
Iteration: 369	1540	1763	2332.79	3208
Iteration: 370	1540	1772	2289.62	3047
Iteration: 371	1540	1773	2302.68	2925
Iteration: 372	1540	1772	2333.16	2980
Iteration: 373	1540	1776	2328.9	3040
Iteration: 374	1540	1811	2332.05	2965
Iteration: 375	1540	1796	2398.88	3286
Iteration: 376	1540	1841	2327.75	3026
Iteration: 377	1540	1705	2325.69	2964
Iteration: 378	1540	1874	2367.49	3318
Iteration: 379	1540	1712	2301.67	3121
Iteration: 380	1540	1725	2341.02	3216
Iteration: 381	1540	1835	2315.31	2954
Iteration: 382	1540	1847	2322.38	3181
Iteration: 383	1540	1707	2289.6	3002
Iteration: 384	1540	1794	2379.08	2888
Iteration: 385	1540	1851	2354.01	3110
Iteration: 386	1540	1888	2342.05	3256
Iteration: 387	1540	1774	2351.89	3349
Iteration: 388	1540	1848	2355.97	3124
Iteration: 389	1540	1780	2316.5	3034
Iteration: 390	1540	1836	2317.14	3057
Iteration: 391	1540	1786	2344.23	2972
Iteration: 392	1540	1810	2294.42	2956
Iteration: 393	1540	1816	2357.23	3042
Iteration: 394	1540	1879	2327.17	2993
Iteration: 395	1540	1784	2331.69	3072
Iteration: 396	1540	1811	2291.64	2980
Iteration: 397	1540	1838	2336.2	3177
Iteration: 398	1540	1838	2289.45	2897
Iteration: 399	1540	1818	2290.78	2915
Iteration: 400	1540	1727	2363.21	3025
Iteration: 401	1540	1894	2360.88	2994
Iteration: 402	1540	1910	2338.62	3088
Iteration: 403	1540	1756	2353.05	2971
Iteration: 404	1540	1783	2309.14	3113
Iteration: 405	1540	1862	2329.99	3162
Iteration: 406	1540	1834	2303.7	2997
Iteration: 407	1540	1899	2342.63	3232
Iteration: 408	1540	1856	2339.91	3134
Iteration: 409	1540	1874	2346.61	3142
Iteration: 410	1540	1880	2370.46	3157
Iteration: 411	1540	1927	2341.01	3171
Iteration: 412	1540	1816	2327.71	3242
Iteration: 413	1540	1810	2309.04	2866
Iteration: 414	1540	1771	2337.65	3252
Iteration: 415	1540	1862	2360.36	3164
Iteration: 416	1540	1809	2328.57	3090
Iteration: 417	1540	1746	2323.97	2956
Iteration: 418	1540	1867	2311.17	3038
Iteration: 419	1540	1721	2319.7	3150
Iteration: 420	1540	1861	2349.19	2947
Iteration: 421	1540	1796	2320.73	3083
Iteration: 422	1540	1907	2320.94	2912
Iteration: 423	1540	1776	2301.99	2905
Iteration: 424	1540	1708	2316.03	3137
Iteration: 425	1540	1827	2304.07	3092
Iteration: 426	1540	1740	2345.78	3160
Iteration: 427	1540	1766	2365.48	3033
Iteration: 428	1540	1760	2340.11	3314
Iteration: 429	1540	1773	2344.09	3178
Iteration: 430	1540	1915	2343.6	3165
Iteration: 431	1540	1680	2341.59	3181
Iteration: 432	1540	1850	2337.3	3116
Iteration: 433	1540	1624	2356.78	3113
Iteration: 434	1540	1773	2363.71	2993
Iteration: 435	1540	1676	2326.45	3356
Iteration: 436	1540	1856	2300.03	3158
Iteration: 437	1540	1834	2358.39	3119
Iteration: 438	1540	1683	2365.27	3113
Iteration: 439	1540	1786	2320.81	3076
Iteration: 440	1540	1927	2303.09	2941
Iteration: 441	1540	1845	2348.78	3144
Iteration: 442	1540	1820	2369.92	3085
Iteration: 443	1540	1842	2330.3	2918
Iteration: 444	1540	1713	2353.06	3065
Iteration: 445	1540	1772	2282.17	2912
Iteration: 446	1540	1829	2345.21	3135
Iteration: 447	1540	1852	2318.77	3239
Iteration: 448	1540	1903	2345.82	3001
Iteration: 449	1540	1763	2351.16	3133
Iteration: 450	1540	1652	2327.12	2955
Iteration: 451	1540	1851	2304.44	3178
Iteration: 452	1540	1804	2302.14	3090
Iteration: 453	1540	1782	2289.66	3270
Iteration: 454	1540	1864	2333.38	3051
Iteration: 455	1540	1844	2356.83	3007
Iteration: 456	1540	1798	2283.29	2800
Iteration: 457	1540	1907	2385.06	3250
Iteration: 458	1540	1806	2311.72	3572
Iteration: 459	1540	1763	2359.72	2978
Iteration: 460	1540	1697	2332.58	2981
Iteration: 461	1540	1871	2343.33	3069
Iteration: 462	1540	1822	2300.28	2831
Iteration: 463	1540	1896	2313.94	3218
Iteration: 464	1540	1796	2342.23	3242
Iteration: 465	1540	1793	2296.46	3176
Iteration: 466	1540	1815	2284.07	3314
Iteration: 467	1540	1790	2363.27	3098
Iteration: 468	1540	1747	2319.98	2960
Iteration: 469	1540	1774	2353.57	3186
Iteration: 470	1540	1768	2402.65	3385
Iteration: 471	1540	1759	2382.56	3023
Iteration: 472	1540	1829	2322.03	2978
Iteration: 473	1540	1861	2342.17	3031
Iteration: 474	1540	1773	2344.36	2979
Iteration: 475	1540	1883	2319.63	3031
Iteration: 476	1540	1797	2333.19	3047
Iteration: 477	1540	1781	2290.58	3104
Iteration: 478	1540	1817	2331.58	3010
Iteration: 479	1540	1810	2289.91	2831
Iteration: 480	1540	1794	2307.69	3308
Iteration: 481	1540	1802	2304.9	2810
Iteration: 482	1540	1805	2330.55	3104
Iteration: 483	1540	1763	2299.16	2981
Iteration: 484	1540	1901	2364.78	3105
Iteration: 485	1540	1803	2342.39	2972
Iteration: 486	1540	1770	2300.92	3234
Iteration: 487	1540	1851	2366.57	3150
Iteration: 488	1540	1746	2310.36	2999
Iteration: 489	1540	1851	2339.08	3050
Iteration: 490	1540	1829	2328.29	3256
Iteration: 491	1540	1747	2331.14	3059
Iteration: 492	1540	1882	2340.37	3088
Iteration: 493	1540	1857	2305.02	2897
Iteration: 494	1540	1817	2385.49	3197
Iteration: 495	1540	1864	2294.64	2948
Iteration: 496	1540	1859	2347.63	3064
Iteration: 497	1540	1812	2332.6	3063
Iteration: 498	1540	1865	2301.67	2956
Iteration: 499	1540	1701	2272.39	3035
