Iteration: 0	1696	1696	2038.7	2539
Iteration: 1	1602	1602	2064.79	2523
Iteration: 2	1602	1812	2174.37	2634
Iteration: 3	1602	1835	2374.83	3031
Iteration: 4	1602	1914	2372.37	3104
Iteration: 5	1602	1734	2263.16	3000
Iteration: 6	1602	1731	2165.85	2636
Iteration: 7	1602	1723	2164.94	2945
Iteration: 8	1602	1851	2175.42	2851
Iteration: 9	1602	1753	2150.54	2831
Iteration: 10	1602	1705	2159.51	2894
Iteration: 11	1602	1675	2146.7	2848
Iteration: 12	1602	1721	2169.06	2814
Iteration: 13	1602	1615	2143.37	2699
Iteration: 14	1602	1692	2143.67	2730
Iteration: 15	1602	1784	2167.42	2878
Iteration: 16	1602	1681	2125.03	2761
Iteration: 17	1602	1770	2129.73	2771
Iteration: 18	1602	1724	2170.84	2821
Iteration: 19	1602	1711	2187.09	3031
Iteration: 20	1602	1754	2172.05	3107
Iteration: 21	1602	1697	2142.29	2841
Iteration: 22	1602	1730	2178.66	2918
Iteration: 23	1602	1737	2138.74	2782
Iteration: 24	1602	1659	2133.11	2764
Iteration: 25	1602	1700	2167.07	3175
Iteration: 26	1602	1695	2181.07	2870
Iteration: 27	1602	1728	2168.86	2878
Iteration: 28	1602	1676	2144.38	2836
Iteration: 29	1602	1740	2122.45	2955
Iteration: 30	1602	1719	2136.86	2730
Iteration: 31	1602	1728	2116.75	2826
Iteration: 32	1602	1757	2147.23	2835
Iteration: 33	1602	1732	2172.47	2904
Iteration: 34	1602	1767	2152.07	2883
Iteration: 35	1602	1647	2140.97	2997
Iteration: 36	1602	1735	2126.44	2593
Iteration: 37	1602	1749	2146.66	2994
Iteration: 38	1602	1676	2114.13	3274
Iteration: 39	1602	1713	2170.67	2905
Iteration: 40	1602	1709	2151.3	2851
Iteration: 41	1602	1666	2135.48	2815
Iteration: 42	1602	1715	2142.74	2806
Iteration: 43	1602	1723	2133.26	3175
Iteration: 44	1602	1760	2154.49	2906
Iteration: 45	1602	1658	2179.1	2910
Iteration: 46	1602	1673	2148.58	2999
Iteration: 47	1602	1758	2170.11	2765
Iteration: 48	1602	1663	2186.97	3201
Iteration: 49	1589	1589	2186.32	2899
Iteration: 50	1589	1720	2148.06	2796
Iteration: 51	1589	1686	2166.45	2825
Iteration: 52	1589	1705	2124.92	2846
Iteration: 53	1589	1722	2137.76	2957
Iteration: 54	1589	1712	2159.2	2855
Iteration: 55	1589	1667	2128.46	2708
Iteration: 56	1589	1654	2155.93	2700
Iteration: 57	1589	1687	2175.26	3085
Iteration: 58	1589	1786	2180.92	2992
Iteration: 59	1589	1630	2156.8	2797
Iteration: 60	1589	1723	2174.92	2814
Iteration: 61	1589	1775	2170.72	2833
Iteration: 62	1589	1753	2135.3	2709
Iteration: 63	1589	1750	2116.35	2740
Iteration: 64	1589	1725	2103.8	2774
Iteration: 65	1589	1719	2188.24	3177
Iteration: 66	1589	1673	2158.5	2882
Iteration: 67	1589	1638	2106.81	2925
Iteration: 68	1589	1704	2175.04	2795
Iteration: 69	1589	1645	2145.54	2826
Iteration: 70	1589	1621	2159.93	2965
Iteration: 71	1589	1647	2126.28	2619
Iteration: 72	1589	1628	2135.09	2737
Iteration: 73	1589	1614	2115.37	3001
Iteration: 74	1589	1701	2177.19	2840
Iteration: 75	1589	1753	2136.3	3045
Iteration: 76	1589	1815	2164.51	3036
Iteration: 77	1589	1722	2137.29	2820
Iteration: 78	1589	1736	2172.35	2938
Iteration: 79	1589	1705	2159.94	2894
Iteration: 80	1589	1780	2180.47	3154
Iteration: 81	1589	1628	2132.54	3020
Iteration: 82	1589	1694	2155.83	2723
Iteration: 83	1589	1717	2122.64	2635
Iteration: 84	1589	1731	2139.67	2710
Iteration: 85	1589	1701	2115.35	3009
Iteration: 86	1589	1732	2173.58	2818
Iteration: 87	1589	1672	2147.36	2947
Iteration: 88	1589	1738	2123.5	3011
Iteration: 89	1589	1733	2135.43	2672
Iteration: 90	1589	1757	2127.83	3026
Iteration: 91	1589	1671	2157.58	2861
Iteration: 92	1515	1515	2117.48	2635
Iteration: 93	1515	1642	2186.08	2736
Iteration: 94	1515	1717	2141.71	2778
Iteration: 95	1515	1688	2153.76	3436
Iteration: 96	1515	1658	2102.68	3002
Iteration: 97	1515	1657	2128.82	2788
Iteration: 98	1515	1707	2100.63	3001
Iteration: 99	1515	1764	2178.76	2985
Iteration: 100	1515	1692	2217.05	3107
Iteration: 101	1515	1657	2136.89	2728
Iteration: 102	1515	1795	2153.12	2999
Iteration: 103	1515	1652	2105.99	3039
Iteration: 104	1515	1640	2147.52	3315
Iteration: 105	1515	1753	2124.19	2830
Iteration: 106	1515	1737	2120.57	2966
Iteration: 107	1515	1694	2142.36	2808
Iteration: 108	1515	1608	2154.96	3095
Iteration: 109	1515	1737	2115.54	2930
Iteration: 110	1515	1670	2140.71	2904
Iteration: 111	1515	1805	2147.6	2854
Iteration: 112	1515	1755	2201.75	2934
Iteration: 113	1515	1802	2163.86	3040
Iteration: 114	1515	1754	2130.85	2743
Iteration: 115	1515	1771	2122.32	3078
Iteration: 116	1515	1698	2138.68	2680
Iteration: 117	1515	1765	2126.28	2658
Iteration: 118	1515	1730	2147.57	3043
Iteration: 119	1515	1696	2179.33	3103
Iteration: 120	1515	1644	2140.98	2830
Iteration: 121	1515	1685	2136.29	3314
Iteration: 122	1515	1749	2145.29	2812
Iteration: 123	1515	1730	2142.68	2829
Iteration: 124	1515	1706	2125.86	3068
Iteration: 125	1515	1771	2171.99	3073
Iteration: 126	1515	1711	2162.33	2792
Iteration: 127	1515	1737	2127.72	2941
Iteration: 128	1515	1725	2176.7	2763
Iteration: 129	1515	1807	2138.04	2745
Iteration: 130	1515	1742	2147	2974
Iteration: 131	1515	1703	2164.43	2913
Iteration: 132	1515	1725	2125.55	2857
Iteration: 133	1515	1726	2118.49	2891
Iteration: 134	1515	1773	2128.04	2796
Iteration: 135	1515	1766	2191.46	2846
Iteration: 136	1515	1770	2138.9	2650
Iteration: 137	1515	1708	2165.32	2997
Iteration: 138	1515	1743	2157.82	2693
Iteration: 139	1515	1682	2168.51	2803
Iteration: 140	1515	1606	2133.3	2983
Iteration: 141	1515	1652	2116.98	2780
Iteration: 142	1515	1640	2161.1	2722
Iteration: 143	1515	1804	2109.97	2592
Iteration: 144	1515	1724	2163.66	3333
Iteration: 145	1515	1695	2147.38	2833
Iteration: 146	1515	1665	2154.65	3151
Iteration: 147	1515	1656	2127	3062
Iteration: 148	1515	1677	2136.13	2842
Iteration: 149	1515	1713	2151.9	2962
Iteration: 150	1515	1787	2143.7	2917
Iteration: 151	1515	1752	2141.95	2899
Iteration: 152	1515	1712	2150.3	2966
Iteration: 153	1515	1709	2167.16	3014
Iteration: 154	1515	1710	2114.58	2705
Iteration: 155	1515	1676	2160.5	3197
Iteration: 156	1515	1634	2160.53	2716
Iteration: 157	1515	1728	2116.26	2788
Iteration: 158	1515	1664	2191.48	2986
Iteration: 159	1515	1619	2152.68	3086
Iteration: 160	1515	1704	2104.03	2907
Iteration: 161	1515	1676	2203.19	2979
Iteration: 162	1515	1755	2114.94	2592
Iteration: 163	1515	1763	2106.02	2895
Iteration: 164	1515	1748	2150.88	2950
Iteration: 165	1515	1710	2148.2	2953
Iteration: 166	1515	1706	2102.14	2756
Iteration: 167	1515	1720	2148.74	2808
Iteration: 168	1515	1692	2130.53	2984
Iteration: 169	1515	1668	2150.47	2937
Iteration: 170	1515	1721	2138.04	3043
Iteration: 171	1515	1703	2093.78	2928
Iteration: 172	1515	1718	2158.18	2842
Iteration: 173	1515	1701	2173.16	3207
Iteration: 174	1515	1770	2113.02	2799
Iteration: 175	1515	1706	2146.09	2938
Iteration: 176	1515	1776	2142.05	2792
Iteration: 177	1515	1746	2141.95	2945
Iteration: 178	1515	1715	2129.97	2884
Iteration: 179	1515	1596	2159.89	3195
Iteration: 180	1515	1756	2180.7	3206
Iteration: 181	1515	1755	2152.2	2827
Iteration: 182	1515	1653	2173.51	2956
Iteration: 183	1515	1670	2165.65	2847
Iteration: 184	1515	1694	2109.87	2717
Iteration: 185	1515	1725	2154.06	2837
Iteration: 186	1515	1732	2133.16	2872
Iteration: 187	1515	1654	2163.92	2717
Iteration: 188	1515	1791	2108.03	2776
Iteration: 189	1515	1723	2193.07	2804
Iteration: 190	1515	1718	2162.14	2840
Iteration: 191	1515	1705	2161.38	2975
Iteration: 192	1515	1755	2145.12	3305
Iteration: 193	1515	1714	2141.45	2904
Iteration: 194	1515	1772	2115.28	2699
Iteration: 195	1515	1783	2203.99	2872
Iteration: 196	1515	1699	2134.83	2856
Iteration: 197	1515	1647	2140.93	2973
Iteration: 198	1515	1634	2161.53	3201
Iteration: 199	1515	1744	2152	2816
Iteration: 200	1515	1732	2180.54	3014
Iteration: 201	1515	1762	2150.47	2659
Iteration: 202	1515	1769	2156.08	2812
Iteration: 203	1515	1743	2139.12	2593
Iteration: 204	1515	1770	2106.26	2889
Iteration: 205	1515	1813	2167.11	2891
Iteration: 206	1515	1712	2121.98	2831
Iteration: 207	1515	1733	2113.82	3021
Iteration: 208	1515	1761	2161.09	2798
Iteration: 209	1515	1765	2142.69	2698
Iteration: 210	1515	1678	2124.33	2851
Iteration: 211	1515	1741	2197.13	3004
Iteration: 212	1515	1756	2160.76	3474
Iteration: 213	1515	1670	2147.1	2869
Iteration: 214	1515	1712	2153.97	2758
Iteration: 215	1515	1694	2198.64	3019
Iteration: 216	1515	1723	2162.33	2903
Iteration: 217	1515	1671	2172.87	2797
Iteration: 218	1515	1655	2171.84	2986
Iteration: 219	1515	1722	2137.63	2749
Iteration: 220	1515	1706	2147.9	2986
Iteration: 221	1515	1710	2109.21	2654
Iteration: 222	1515	1728	2197.5	2960
Iteration: 223	1515	1759	2193.74	2984
Iteration: 224	1515	1730	2136.21	2974
Iteration: 225	1515	1676	2129.28	2875
Iteration: 226	1515	1693	2132.62	2927
Iteration: 227	1515	1604	2158.79	2785
Iteration: 228	1515	1762	2141.67	2773
Iteration: 229	1515	1711	2141.75	2805
Iteration: 230	1515	1719	2163.2	2990
Iteration: 231	1515	1579	2145.17	2746
Iteration: 232	1515	1797	2129.83	2946
Iteration: 233	1515	1652	2134.68	2713
Iteration: 234	1515	1750	2146.79	2889
Iteration: 235	1515	1732	2158.86	3122
Iteration: 236	1515	1825	2134.3	2789
Iteration: 237	1515	1758	2129.14	2935
Iteration: 238	1515	1682	2099.22	2757
Iteration: 239	1515	1705	2147.55	2847
Iteration: 240	1515	1801	2129.05	2785
Iteration: 241	1515	1693	2143.53	2663
Iteration: 242	1515	1606	2133.56	2807
Iteration: 243	1515	1768	2195.32	2936
Iteration: 244	1515	1599	2186.49	2853
Iteration: 245	1515	1741	2150.88	2778
Iteration: 246	1515	1665	2155.57	2930
Iteration: 247	1515	1757	2127.12	2789
Iteration: 248	1515	1734	2141.22	2776
Iteration: 249	1515	1720	2147.67	2939
Iteration: 250	1515	1602	2162.2	2734
Iteration: 251	1515	1803	2178.05	2903
Iteration: 252	1515	1757	2144.86	2657
Iteration: 253	1515	1746	2144.84	2990
Iteration: 254	1515	1633	2132.09	2922
Iteration: 255	1515	1754	2119.56	3008
Iteration: 256	1515	1695	2141.61	2851
Iteration: 257	1515	1688	2145.69	2798
Iteration: 258	1515	1739	2155.61	2685
Iteration: 259	1515	1746	2123.02	2890
Iteration: 260	1515	1694	2122.65	2892
Iteration: 261	1515	1762	2149.38	2953
Iteration: 262	1515	1727	2155.66	2939
Iteration: 263	1515	1759	2139.47	3316
Iteration: 264	1515	1734	2137.23	2931
Iteration: 265	1515	1681	2174.28	3062
Iteration: 266	1515	1665	2155.1	2762
Iteration: 267	1515	1712	2114.34	2695
Iteration: 268	1515	1741	2157.42	2824
Iteration: 269	1515	1750	2139.84	2767
Iteration: 270	1515	1703	2130.18	2904
Iteration: 271	1515	1726	2150.15	2802
Iteration: 272	1515	1738	2121.01	2721
Iteration: 273	1515	1670	2147.46	3072
Iteration: 274	1515	1733	2130.83	2881
Iteration: 275	1515	1747	2184.52	3137
Iteration: 276	1515	1576	2099.17	2753
Iteration: 277	1515	1693	2102.77	2703
Iteration: 278	1515	1713	2128.28	3137
Iteration: 279	1515	1736	2129.92	2699
Iteration: 280	1515	1709	2153.66	3018
Iteration: 281	1515	1725	2168.3	3150
Iteration: 282	1515	1763	2167.2	3162
Iteration: 283	1515	1719	2172.29	3064
Iteration: 284	1515	1623	2178.9	3049
Iteration: 285	1515	1623	2141.15	2756
Iteration: 286	1515	1691	2175.03	2726
Iteration: 287	1515	1723	2111.92	2960
Iteration: 288	1515	1729	2131.02	2816
Iteration: 289	1515	1736	2134.81	2947
Iteration: 290	1515	1756	2165.1	2856
Iteration: 291	1515	1681	2119.41	3018
Iteration: 292	1515	1753	2197.06	3515
Iteration: 293	1515	1768	2165.47	2937
Iteration: 294	1515	1732	2171.37	2773
Iteration: 295	1515	1678	2193.76	3517
Iteration: 296	1515	1715	2138.98	2830
Iteration: 297	1515	1718	2138.69	2876
Iteration: 298	1515	1746	2146.42	2835
Iteration: 299	1515	1753	2154.77	2850
Iteration: 300	1515	1729	2154.83	2886
Iteration: 301	1515	1735	2113.24	3087
Iteration: 302	1515	1626	2190.73	3042
Iteration: 303	1515	1695	2137.18	2871
Iteration: 304	1515	1791	2176.87	2918
Iteration: 305	1515	1691	2135.72	2917
Iteration: 306	1515	1774	2135.98	2836
Iteration: 307	1515	1787	2188.09	3294
Iteration: 308	1515	1768	2160.89	2795
Iteration: 309	1515	1697	2148.29	2650
Iteration: 310	1515	1744	2105.59	2692
Iteration: 311	1515	1593	2131.09	3050
Iteration: 312	1515	1705	2117.38	3494
Iteration: 313	1515	1785	2126.36	2632
Iteration: 314	1515	1751	2140.53	2739
Iteration: 315	1515	1772	2137.82	2934
Iteration: 316	1515	1670	2141.21	2883
Iteration: 317	1515	1789	2119.54	2596
Iteration: 318	1515	1654	2102.63	2637
Iteration: 319	1515	1577	2163.84	2848
Iteration: 320	1515	1714	2144.07	2873
Iteration: 321	1515	1637	2140.38	2984
Iteration: 322	1515	1723	2138.07	2711
Iteration: 323	1515	1699	2121.31	2769
Iteration: 324	1515	1661	2163.25	2818
Iteration: 325	1515	1662	2138.68	2682
Iteration: 326	1515	1623	2173.36	3183
Iteration: 327	1515	1667	2128.45	2742
Iteration: 328	1515	1604	2179	3089
Iteration: 329	1515	1717	2190.2	2970
Iteration: 330	1515	1632	2116.24	2821
Iteration: 331	1515	1742	2123.71	2668
Iteration: 332	1515	1702	2132.22	2626
Iteration: 333	1515	1743	2166.5	2847
Iteration: 334	1515	1746	2135.83	2991
Iteration: 335	1515	1748	2124.81	3068
Iteration: 336	1515	1676	2122.36	2901
Iteration: 337	1515	1754	2145.67	2811
Iteration: 338	1515	1744	2169.7	2868
Iteration: 339	1515	1773	2185.46	3120
Iteration: 340	1515	1712	2192.29	2985
Iteration: 341	1515	1654	2134.7	2734
Iteration: 342	1515	1736	2147.22	2811
Iteration: 343	1515	1690	2116.84	2631
Iteration: 344	1515	1736	2151.24	2848
Iteration: 345	1515	1732	2161.09	2995
Iteration: 346	1515	1716	2204.95	3014
Iteration: 347	1515	1760	2152.34	2707
Iteration: 348	1515	1731	2114.23	2766
Iteration: 349	1515	1754	2186.33	3134
Iteration: 350	1515	1706	2099.59	2707
Iteration: 351	1515	1709	2171.72	2877
Iteration: 352	1515	1738	2115.13	2949
Iteration: 353	1515	1731	2118.93	2950
Iteration: 354	1515	1713	2148.33	2883
Iteration: 355	1515	1705	2137.67	2825
Iteration: 356	1515	1643	2193.92	2757
Iteration: 357	1515	1766	2206.66	2879
Iteration: 358	1515	1764	2144.95	2861
Iteration: 359	1515	1704	2144.13	2750
Iteration: 360	1515	1722	2140.69	2816
Iteration: 361	1515	1701	2154.5	2909
Iteration: 362	1515	1721	2146.37	2943
Iteration: 363	1515	1770	2166.12	2809
Iteration: 364	1515	1689	2163.26	2959
Iteration: 365	1515	1693	2162.36	3035
Iteration: 366	1515	1643	2123.38	2991
Iteration: 367	1515	1654	2150.92	2969
Iteration: 368	1515	1746	2146.16	2969
Iteration: 369	1515	1711	2122.06	2653
Iteration: 370	1515	1682	2141.21	2789
Iteration: 371	1515	1732	2157.17	2824
Iteration: 372	1515	1630	2116.2	2810
Iteration: 373	1515	1702	2131.91	2766
Iteration: 374	1515	1764	2181.61	2946
Iteration: 375	1515	1606	2100.83	2872
Iteration: 376	1515	1711	2137.05	2791
Iteration: 377	1515	1586	2085.25	2800
Iteration: 378	1515	1648	2147.03	3007
Iteration: 379	1515	1728	2156.33	3141
Iteration: 380	1515	1635	2149.02	3083
Iteration: 381	1515	1721	2128.79	3079
Iteration: 382	1515	1727	2184.91	2954
Iteration: 383	1515	1697	2137.01	2697
Iteration: 384	1515	1733	2187.56	2933
Iteration: 385	1515	1709	2177.59	3080
Iteration: 386	1515	1789	2144.95	2797
Iteration: 387	1515	1826	2202.67	3003
Iteration: 388	1515	1718	2142.09	2551
Iteration: 389	1515	1684	2154.5	2964
Iteration: 390	1515	1712	2128.76	2996
Iteration: 391	1515	1729	2122.08	2859
Iteration: 392	1515	1690	2120.47	2928
Iteration: 393	1515	1679	2148.48	2765
Iteration: 394	1515	1731	2122.21	2708
Iteration: 395	1515	1692	2111.3	2628
Iteration: 396	1515	1711	2142.8	2747
Iteration: 397	1515	1680	2132.07	2652
Iteration: 398	1515	1694	2128.78	2957
Iteration: 399	1515	1693	2156.63	2708
Iteration: 400	1515	1712	2131.27	3287
Iteration: 401	1515	1694	2162.29	3162
Iteration: 402	1515	1776	2167.22	3094
Iteration: 403	1515	1670	2131.48	2939
Iteration: 404	1515	1769	2183.47	2795
Iteration: 405	1515	1783	2158.08	2765
Iteration: 406	1515	1725	2157.22	2786
Iteration: 407	1515	1696	2119.35	2804
Iteration: 408	1515	1739	2175.83	3060
Iteration: 409	1515	1736	2157.95	3209
Iteration: 410	1515	1737	2151.35	2762
Iteration: 411	1515	1732	2135.28	2819
Iteration: 412	1515	1704	2131.25	2891
Iteration: 413	1515	1668	2097.25	2835
Iteration: 414	1515	1778	2158.19	3098
Iteration: 415	1515	1768	2130.63	3045
Iteration: 416	1515	1723	2141.01	2976
Iteration: 417	1515	1642	2153.08	2654
Iteration: 418	1515	1654	2183.58	2859
Iteration: 419	1515	1690	2126.89	3018
Iteration: 420	1515	1677	2140.1	2744
Iteration: 421	1515	1682	2148.22	2718
Iteration: 422	1515	1652	2130.9	2818
Iteration: 423	1515	1629	2137.58	2997
Iteration: 424	1515	1596	2102.9	2842
Iteration: 425	1515	1754	2126.9	2740
Iteration: 426	1515	1684	2177.56	2922
Iteration: 427	1515	1714	2143.39	2884
Iteration: 428	1515	1670	2159.56	2867
Iteration: 429	1515	1763	2151.64	2946
Iteration: 430	1515	1766	2162.62	2987
Iteration: 431	1515	1613	2101.87	2807
Iteration: 432	1515	1726	2169.4	2916
Iteration: 433	1515	1725	2151.89	2671
Iteration: 434	1515	1669	2171.93	2924
Iteration: 435	1515	1734	2159.03	2828
Iteration: 436	1515	1677	2144.75	2748
Iteration: 437	1515	1737	2133.41	2729
Iteration: 438	1515	1734	2132.39	2887
Iteration: 439	1515	1658	2158.74	2879
Iteration: 440	1515	1767	2145.65	2911
Iteration: 441	1515	1655	2112.24	3028
Iteration: 442	1515	1720	2170.19	2628
Iteration: 443	1515	1658	2152.18	2865
Iteration: 444	1515	1749	2171.58	3203
Iteration: 445	1515	1589	2153.52	2758
Iteration: 446	1515	1730	2131.65	2887
Iteration: 447	1515	1688	2197.08	3201
Iteration: 448	1515	1688	2183.07	2998
Iteration: 449	1515	1740	2156.87	2916
Iteration: 450	1515	1739	2142.72	2715
Iteration: 451	1515	1766	2193.09	3040
Iteration: 452	1515	1789	2188.15	2917
Iteration: 453	1515	1755	2133.2	2854
Iteration: 454	1515	1755	2141.86	2697
Iteration: 455	1515	1604	2149.19	2987
Iteration: 456	1515	1690	2157.03	2802
Iteration: 457	1515	1657	2118.77	2814
Iteration: 458	1515	1621	2209.69	2968
Iteration: 459	1515	1662	2119.92	2687
Iteration: 460	1515	1634	2126.86	2888
Iteration: 461	1515	1747	2129.22	3010
Iteration: 462	1515	1642	2148.32	3302
Iteration: 463	1515	1739	2111.91	3288
Iteration: 464	1515	1779	2148.25	2853
Iteration: 465	1515	1798	2130.29	2789
Iteration: 466	1515	1676	2133.11	2717
Iteration: 467	1515	1728	2155.56	3017
Iteration: 468	1515	1724	2154.14	2771
Iteration: 469	1515	1684	2143.78	2839
Iteration: 470	1515	1713	2115.34	2973
Iteration: 471	1515	1720	2148.11	3146
Iteration: 472	1515	1688	2155.76	3305
Iteration: 473	1515	1680	2142.29	2928
Iteration: 474	1515	1722	2157.77	2783
Iteration: 475	1515	1685	2116.57	3010
Iteration: 476	1515	1687	2127.88	2966
Iteration: 477	1515	1711	2147.33	2941
Iteration: 478	1515	1693	2135.79	2684
Iteration: 479	1515	1743	2115.21	2818
Iteration: 480	1515	1689	2138.21	2905
Iteration: 481	1515	1724	2175.77	3142
Iteration: 482	1515	1675	2136.11	2828
Iteration: 483	1515	1740	2107.17	2955
Iteration: 484	1515	1792	2123.55	2723
Iteration: 485	1515	1697	2121.59	2652
Iteration: 486	1515	1642	2118.73	2854
Iteration: 487	1515	1690	2174.38	3478
Iteration: 488	1515	1780	2211.71	2917
Iteration: 489	1515	1630	2183.88	2929
Iteration: 490	1515	1699	2158.37	2956
Iteration: 491	1515	1741	2108.17	2620
Iteration: 492	1515	1678	2113.81	2846
Iteration: 493	1515	1678	2138.29	2815
Iteration: 494	1515	1715	2159.74	2720
Iteration: 495	1515	1718	2181.75	3089
Iteration: 496	1515	1767	2157.67	2789
Iteration: 497	1515	1626	2161.66	2811
Iteration: 498	1515	1719	2171.02	3028
Iteration: 499	1515	1709	2131.93	2924
