Iteration: 0	1625	1625	2088.18	2634
Iteration: 1	1625	1695	2110.03	2757
Iteration: 2	1625	1753	2158.49	2860
Iteration: 3	1625	2007	2388.77	3073
Iteration: 4	1625	1901	2392.47	3057
Iteration: 5	1625	1760	2222.48	2926
Iteration: 6	1625	1699	2220.97	2777
Iteration: 7	1625	1761	2151.86	2657
Iteration: 8	1625	1739	2207.1	3244
Iteration: 9	1625	1747	2169.57	2698
Iteration: 10	1625	1710	2135.25	2760
Iteration: 11	1625	1731	2163.4	2824
Iteration: 12	1625	1787	2150.54	2848
Iteration: 13	1625	1773	2159.93	2988
Iteration: 14	1625	1770	2136.19	2655
Iteration: 15	1625	1732	2147.45	2811
Iteration: 16	1625	1671	2125.71	2804
Iteration: 17	1625	1644	2127.21	2878
Iteration: 18	1625	1728	2156.44	2936
Iteration: 19	1601	1601	2119.45	2822
Iteration: 20	1601	1713	2200.56	2918
Iteration: 21	1601	1739	2147.78	2912
Iteration: 22	1601	1707	2167.18	3038
Iteration: 23	1601	1745	2148.12	2747
Iteration: 24	1601	1754	2175.15	3130
Iteration: 25	1601	1778	2155.35	3059
Iteration: 26	1601	1762	2205.23	3142
Iteration: 27	1601	1664	2169.42	2967
Iteration: 28	1601	1711	2131.76	3081
Iteration: 29	1601	1751	2134.05	2844
Iteration: 30	1601	1678	2162.58	3008
Iteration: 31	1601	1748	2131.14	2928
Iteration: 32	1601	1722	2119.44	2651
Iteration: 33	1601	1696	2115.52	2660
Iteration: 34	1601	1729	2178.75	3063
Iteration: 35	1601	1696	2149.86	2893
Iteration: 36	1601	1716	2154.72	2934
Iteration: 37	1601	1774	2130.19	2950
Iteration: 38	1601	1751	2152.55	2860
Iteration: 39	1601	1741	2125.94	3097
Iteration: 40	1601	1689	2130.71	2670
Iteration: 41	1601	1738	2176.24	2913
Iteration: 42	1601	1761	2154.82	3016
Iteration: 43	1601	1635	2151.51	2751
Iteration: 44	1601	1670	2189.28	2854
Iteration: 45	1601	1683	2124.73	2963
Iteration: 46	1601	1671	2156.03	3020
Iteration: 47	1601	1696	2173.38	2929
Iteration: 48	1601	1767	2170.24	2774
Iteration: 49	1601	1677	2138.5	2927
Iteration: 50	1601	1740	2120.5	2795
Iteration: 51	1601	1755	2155.57	2699
Iteration: 52	1601	1730	2112.45	3239
Iteration: 53	1601	1745	2177.7	3056
Iteration: 54	1601	1727	2124.83	2836
Iteration: 55	1601	1711	2118.19	2957
Iteration: 56	1601	1717	2154.39	3040
Iteration: 57	1601	1752	2163.18	3348
Iteration: 58	1601	1676	2157.08	2810
Iteration: 59	1601	1681	2187.6	2908
Iteration: 60	1601	1742	2160.34	3068
Iteration: 61	1601	1716	2129.09	2753
Iteration: 62	1601	1696	2154.43	2803
Iteration: 63	1601	1719	2142.54	3299
Iteration: 64	1601	1682	2119.94	2881
Iteration: 65	1601	1660	2120.6	2945
Iteration: 66	1601	1710	2172.1	3038
Iteration: 67	1601	1646	2182.62	2917
Iteration: 68	1601	1667	2129.65	2822
Iteration: 69	1601	1709	2189.42	2867
Iteration: 70	1601	1750	2121.7	2900
Iteration: 71	1601	1747	2169.58	3002
Iteration: 72	1601	1627	2097.91	2903
Iteration: 73	1601	1733	2083.17	2724
Iteration: 74	1601	1765	2131.11	3119
Iteration: 75	1601	1696	2125.67	2693
Iteration: 76	1601	1796	2214.73	3070
Iteration: 77	1601	1681	2101.24	2718
Iteration: 78	1601	1728	2168.09	2941
Iteration: 79	1601	1758	2151.39	3001
Iteration: 80	1601	1707	2113.88	2967
Iteration: 81	1601	1698	2200.82	2890
Iteration: 82	1601	1652	2132.11	2586
Iteration: 83	1601	1689	2145.25	2863
Iteration: 84	1601	1656	2120.21	3062
Iteration: 85	1601	1683	2119.53	2869
Iteration: 86	1601	1756	2154.05	2854
Iteration: 87	1601	1797	2132.41	2861
Iteration: 88	1601	1681	2161.92	2687
Iteration: 89	1601	1708	2149.25	2693
Iteration: 90	1601	1650	2140.53	2704
Iteration: 91	1601	1686	2181.37	2856
Iteration: 92	1601	1646	2149.5	3026
Iteration: 93	1601	1710	2128.6	2836
Iteration: 94	1601	1695	2154.12	2977
Iteration: 95	1601	1615	2140.96	3203
Iteration: 96	1601	1725	2166.8	2914
Iteration: 97	1601	1694	2177.77	2880
Iteration: 98	1601	1701	2181.5	2945
Iteration: 99	1601	1643	2165.25	2793
Iteration: 100	1601	1754	2146.81	2788
Iteration: 101	1601	1649	2126.97	2768
Iteration: 102	1597	1597	2159.37	2894
Iteration: 103	1597	1686	2117.06	2720
Iteration: 104	1597	1623	2158.7	3005
Iteration: 105	1597	1732	2226.18	2844
Iteration: 106	1597	1646	2164.41	3108
Iteration: 107	1597	1670	2137.85	2876
Iteration: 108	1597	1783	2179.66	2810
Iteration: 109	1597	1676	2117.88	2837
Iteration: 110	1597	1718	2195.02	2928
Iteration: 111	1597	1732	2179.88	3081
Iteration: 112	1597	1733	2157.7	3096
Iteration: 113	1597	1692	2145.54	2968
Iteration: 114	1597	1694	2147.01	3007
Iteration: 115	1597	1697	2139.99	2974
Iteration: 116	1597	1717	2148.45	2745
Iteration: 117	1597	1767	2173.22	3052
Iteration: 118	1597	1669	2136.47	2834
Iteration: 119	1597	1704	2101.49	2802
Iteration: 120	1597	1752	2099.94	3300
Iteration: 121	1597	1672	2167.94	2890
Iteration: 122	1597	1681	2126.72	2877
Iteration: 123	1597	1665	2127.37	2827
Iteration: 124	1597	1796	2166.72	2945
Iteration: 125	1597	1705	2118.88	2838
Iteration: 126	1597	1799	2149.8	2996
Iteration: 127	1597	1746	2153.52	2774
Iteration: 128	1597	1777	2129.64	2943
Iteration: 129	1597	1733	2179.26	3349
Iteration: 130	1597	1731	2180.98	2894
Iteration: 131	1597	1745	2133.86	3073
Iteration: 132	1597	1673	2138.45	2853
Iteration: 133	1597	1732	2183.02	2816
Iteration: 134	1597	1820	2175.82	2789
Iteration: 135	1597	1797	2150.73	2668
Iteration: 136	1597	1743	2107.37	2747
Iteration: 137	1597	1750	2178.09	2827
Iteration: 138	1597	1752	2133.25	2697
Iteration: 139	1597	1769	2184.34	2996
Iteration: 140	1597	1721	2124.72	2832
Iteration: 141	1597	1696	2142.9	3180
Iteration: 142	1597	1699	2144.59	2765
Iteration: 143	1597	1728	2149.63	3197
Iteration: 144	1597	1737	2161.85	2968
Iteration: 145	1597	1698	2072.9	2672
Iteration: 146	1597	1669	2080.82	2691
Iteration: 147	1597	1796	2198.39	2915
Iteration: 148	1597	1762	2138.08	2738
Iteration: 149	1597	1716	2147.21	2816
Iteration: 150	1597	1719	2134.93	2908
Iteration: 151	1597	1672	2123.17	2914
Iteration: 152	1597	1722	2161.41	3224
Iteration: 153	1597	1846	2173.88	2985
Iteration: 154	1597	1732	2158.53	2929
Iteration: 155	1597	1671	2148.57	2858
Iteration: 156	1597	1750	2117.93	2744
Iteration: 157	1597	1610	2145.94	2908
Iteration: 158	1597	1766	2189.89	3044
Iteration: 159	1597	1689	2125.66	2900
Iteration: 160	1597	1728	2126.51	2907
Iteration: 161	1597	1698	2144.4	3162
Iteration: 162	1597	1719	2188.29	2725
Iteration: 163	1597	1724	2182.46	3281
Iteration: 164	1597	1632	2129.52	2864
Iteration: 165	1597	1736	2138.48	2850
Iteration: 166	1597	1745	2175.5	2876
Iteration: 167	1597	1772	2149.58	2886
Iteration: 168	1597	1653	2156.26	2863
Iteration: 169	1597	1773	2134.3	2865
Iteration: 170	1597	1685	2181.18	3204
Iteration: 171	1597	1702	2145.88	3174
Iteration: 172	1597	1677	2161.36	2782
Iteration: 173	1597	1705	2111.21	2949
Iteration: 174	1597	1695	2112.04	2604
Iteration: 175	1597	1660	2139.15	2979
Iteration: 176	1597	1714	2111.34	2800
Iteration: 177	1597	1734	2149.14	2713
Iteration: 178	1597	1676	2150.21	2967
Iteration: 179	1597	1753	2170	2943
Iteration: 180	1597	1731	2128.58	2789
Iteration: 181	1597	1721	2134.31	2989
Iteration: 182	1597	1692	2140.62	2822
Iteration: 183	1597	1640	2112.9	2955
Iteration: 184	1597	1693	2155.07	2799
Iteration: 185	1597	1675	2148.94	2809
Iteration: 186	1597	1667	2113.1	2742
Iteration: 187	1597	1714	2162.78	3060
Iteration: 188	1597	1688	2164.57	2954
Iteration: 189	1597	1661	2116.73	2711
Iteration: 190	1597	1714	2161.57	3205
Iteration: 191	1597	1798	2192.3	2937
Iteration: 192	1597	1780	2150.56	2948
Iteration: 193	1597	1810	2133	2612
Iteration: 194	1597	1667	2147.56	2904
Iteration: 195	1597	1638	2160.01	3063
Iteration: 196	1597	1662	2146.79	2763
Iteration: 197	1597	1788	2115.59	2698
Iteration: 198	1597	1727	2146.39	2885
Iteration: 199	1597	1782	2156.82	2941
Iteration: 200	1597	1686	2115.06	2880
Iteration: 201	1597	1690	2135.94	3307
Iteration: 202	1597	1640	2117.11	2726
Iteration: 203	1597	1772	2158.29	3162
Iteration: 204	1597	1755	2123.83	3008
Iteration: 205	1597	1763	2145.54	3042
Iteration: 206	1597	1760	2160.13	3180
Iteration: 207	1597	1793	2148.11	2796
Iteration: 208	1597	1691	2159.8	2886
Iteration: 209	1597	1696	2134.11	2888
Iteration: 210	1597	1646	2123.88	2788
Iteration: 211	1597	1738	2133.67	3048
Iteration: 212	1597	1752	2210.68	3540
Iteration: 213	1597	1745	2136.56	2772
Iteration: 214	1597	1802	2200.13	2876
Iteration: 215	1597	1705	2160.77	2994
Iteration: 216	1597	1743	2110.17	2673
Iteration: 217	1597	1695	2125.46	3057
Iteration: 218	1597	1737	2162.96	2672
Iteration: 219	1597	1782	2191.5	3243
Iteration: 220	1597	1699	2106.8	2835
Iteration: 221	1597	1715	2160.67	2838
Iteration: 222	1597	1758	2156.47	2952
Iteration: 223	1597	1762	2142.28	2847
Iteration: 224	1597	1721	2164.86	3052
Iteration: 225	1597	1612	2181.81	3039
Iteration: 226	1597	1696	2118.86	2944
Iteration: 227	1597	1703	2129.92	2939
Iteration: 228	1597	1665	2159.84	3097
Iteration: 229	1597	1687	2211.13	2815
Iteration: 230	1597	1599	2104.7	2753
Iteration: 231	1597	1741	2129.75	2866
Iteration: 232	1597	1685	2175.52	2896
Iteration: 233	1597	1741	2149.77	2947
Iteration: 234	1597	1696	2154.72	2858
Iteration: 235	1597	1641	2103.57	2894
Iteration: 236	1597	1674	2159.68	2787
Iteration: 237	1597	1688	2125.17	2723
Iteration: 238	1597	1652	2136.59	2896
Iteration: 239	1590	1590	2125.26	2866
Iteration: 240	1590	1709	2161.45	2943
Iteration: 241	1590	1684	2163.54	3039
Iteration: 242	1590	1715	2157.14	2985
Iteration: 243	1590	1718	2121.61	2702
Iteration: 244	1590	1693	2182.46	2906
Iteration: 245	1590	1751	2122.72	2608
Iteration: 246	1590	1657	2114.5	2951
Iteration: 247	1590	1768	2118.62	2698
Iteration: 248	1590	1717	2114.94	2915
Iteration: 249	1590	1731	2131.96	3048
Iteration: 250	1590	1717	2170.04	2853
Iteration: 251	1590	1734	2154.48	3004
Iteration: 252	1590	1656	2130.18	3199
Iteration: 253	1590	1750	2122.95	2884
Iteration: 254	1590	1753	2158.23	2989
Iteration: 255	1590	1656	2125.14	2730
Iteration: 256	1590	1631	2123.73	2707
Iteration: 257	1590	1704	2164.04	3129
Iteration: 258	1590	1703	2156.81	2986
Iteration: 259	1590	1674	2131.8	3005
Iteration: 260	1590	1727	2111.38	2621
Iteration: 261	1590	1698	2154.58	2897
Iteration: 262	1590	1772	2139.35	2987
Iteration: 263	1590	1716	2128.7	3389
Iteration: 264	1590	1786	2188.79	3021
Iteration: 265	1590	1737	2178.02	2972
Iteration: 266	1590	1654	2120.17	2721
Iteration: 267	1590	1765	2155.78	2676
Iteration: 268	1590	1685	2124.08	2625
Iteration: 269	1590	1716	2138.46	3272
Iteration: 270	1590	1688	2128.59	2752
Iteration: 271	1590	1644	2134.27	2656
Iteration: 272	1590	1772	2157.43	2922
Iteration: 273	1590	1750	2139.1	3002
Iteration: 274	1590	1749	2110.82	2870
Iteration: 275	1590	1785	2152.35	3016
Iteration: 276	1590	1797	2208.27	3004
Iteration: 277	1590	1691	2160.6	2842
Iteration: 278	1590	1717	2129.73	2878
Iteration: 279	1590	1803	2191.17	3176
Iteration: 280	1590	1660	2203.25	2805
Iteration: 281	1590	1612	2115.51	2686
Iteration: 282	1590	1747	2142.68	2728
Iteration: 283	1590	1656	2145.39	2764
Iteration: 284	1590	1698	2123.78	2870
Iteration: 285	1590	1671	2103.08	2790
Iteration: 286	1590	1651	2150.97	3035
Iteration: 287	1590	1634	2131.73	2853
Iteration: 288	1590	1654	2088.52	2727
Iteration: 289	1590	1663	2155.61	3004
Iteration: 290	1590	1724	2160.29	2772
Iteration: 291	1590	1749	2178.07	2760
Iteration: 292	1590	1631	2151.07	2716
Iteration: 293	1590	1695	2160.6	3053
Iteration: 294	1590	1737	2163.17	2746
Iteration: 295	1590	1730	2144.81	2834
Iteration: 296	1590	1684	2162.04	3087
Iteration: 297	1590	1675	2170.98	3160
Iteration: 298	1590	1745	2119.31	2737
Iteration: 299	1590	1808	2109.74	2588
Iteration: 300	1590	1725	2156.66	2800
Iteration: 301	1590	1711	2149.85	2693
Iteration: 302	1590	1706	2098.2	2854
Iteration: 303	1590	1730	2125.14	2970
Iteration: 304	1590	1742	2155.42	2858
Iteration: 305	1590	1672	2119.75	2808
Iteration: 306	1590	1739	2148.17	2883
Iteration: 307	1590	1674	2138.6	2753
Iteration: 308	1590	1613	2118.09	3049
Iteration: 309	1590	1760	2147.74	3027
Iteration: 310	1590	1725	2154.44	2971
Iteration: 311	1590	1668	2161.42	2952
Iteration: 312	1590	1631	2155.57	3183
Iteration: 313	1590	1796	2137.79	2922
Iteration: 314	1590	1695	2127.78	3006
Iteration: 315	1590	1713	2140.03	2947
Iteration: 316	1590	1689	2138.18	2891
Iteration: 317	1590	1690	2177.39	2848
Iteration: 318	1590	1692	2142.97	2740
Iteration: 319	1590	1703	2118.52	2939
Iteration: 320	1590	1672	2123.46	3015
Iteration: 321	1590	1705	2160.12	2759
Iteration: 322	1590	1690	2153.62	2906
Iteration: 323	1590	1616	2113.9	2630
Iteration: 324	1590	1652	2148.39	2835
Iteration: 325	1590	1701	2132.36	2965
Iteration: 326	1590	1682	2104.23	3099
Iteration: 327	1590	1726	2167.39	3034
Iteration: 328	1590	1625	2155.53	2874
Iteration: 329	1590	1649	2180.26	3363
Iteration: 330	1590	1702	2169.65	2973
Iteration: 331	1590	1713	2171.89	2776
Iteration: 332	1590	1645	2155.12	2904
Iteration: 333	1590	1694	2160.14	2984
Iteration: 334	1590	1711	2106.79	2752
Iteration: 335	1590	1656	2140.61	2778
Iteration: 336	1590	1746	2169.73	3368
Iteration: 337	1590	1716	2148.44	2834
Iteration: 338	1590	1769	2153.24	2951
Iteration: 339	1590	1660	2137.17	3017
Iteration: 340	1590	1722	2137.77	3310
Iteration: 341	1590	1764	2195.12	2970
Iteration: 342	1590	1721	2165.98	2957
Iteration: 343	1590	1750	2187.48	2934
Iteration: 344	1590	1670	2143.86	3039
Iteration: 345	1590	1613	2083.38	2687
Iteration: 346	1590	1687	2107.22	2734
Iteration: 347	1590	1784	2181.04	2873
Iteration: 348	1590	1808	2188.64	3136
Iteration: 349	1590	1735	2144.82	2645
Iteration: 350	1590	1668	2153.17	3057
Iteration: 351	1590	1830	2169.22	2893
Iteration: 352	1590	1795	2152.04	2845
Iteration: 353	1590	1695	2126	2835
Iteration: 354	1590	1755	2116.14	2848
Iteration: 355	1590	1754	2146.15	2880
Iteration: 356	1590	1779	2169.54	2705
Iteration: 357	1590	1723	2117.66	2548
Iteration: 358	1590	1769	2124.32	2875
Iteration: 359	1590	1687	2156.15	2720
Iteration: 360	1590	1637	2117.51	2749
Iteration: 361	1590	1750	2143.35	2755
Iteration: 362	1590	1713	2148.97	2994
Iteration: 363	1590	1699	2172.77	3299
Iteration: 364	1590	1714	2156.03	3126
Iteration: 365	1590	1599	2128.62	3272
Iteration: 366	1590	1654	2113.01	3092
Iteration: 367	1590	1726	2161.99	2898
Iteration: 368	1590	1748	2137.51	3210
Iteration: 369	1590	1753	2104.06	2870
Iteration: 370	1590	1715	2151.35	2787
Iteration: 371	1590	1764	2113.86	2973
Iteration: 372	1590	1596	2070.9	2712
Iteration: 373	1590	1712	2143.53	2776
Iteration: 374	1590	1707	2203.73	2947
Iteration: 375	1590	1671	2140.31	2694
Iteration: 376	1590	1807	2161.33	2853
Iteration: 377	1590	1617	2129.07	2936
Iteration: 378	1590	1712	2145.85	2763
Iteration: 379	1590	1677	2136.75	2868
Iteration: 380	1590	1657	2152.9	2906
Iteration: 381	1590	1722	2078.48	2580
Iteration: 382	1590	1753	2161.75	2944
Iteration: 383	1590	1777	2131.46	2806
Iteration: 384	1590	1762	2133.7	2903
Iteration: 385	1590	1693	2126.39	2822
Iteration: 386	1590	1740	2142.39	3025
Iteration: 387	1590	1651	2133	2785
Iteration: 388	1590	1737	2115.03	2743
Iteration: 389	1590	1704	2138.91	2775
Iteration: 390	1590	1721	2119.97	2701
Iteration: 391	1590	1767	2140.31	3201
Iteration: 392	1590	1660	2122.56	2908
Iteration: 393	1590	1664	2124.29	2954
Iteration: 394	1590	1716	2152.31	2620
Iteration: 395	1590	1661	2167.6	2802
Iteration: 396	1590	1738	2127.65	3031
Iteration: 397	1590	1690	2143.89	2943
Iteration: 398	1590	1727	2175.92	2930
Iteration: 399	1590	1768	2160.42	3135
Iteration: 400	1590	1654	2154.81	3004
Iteration: 401	1590	1620	2154.78	3040
Iteration: 402	1590	1806	2138.59	2856
Iteration: 403	1590	1708	2144.78	3057
Iteration: 404	1590	1642	2145.39	2676
Iteration: 405	1590	1708	2142.12	3079
Iteration: 406	1590	1644	2157.51	3517
Iteration: 407	1590	1736	2154.63	2855
Iteration: 408	1590	1638	2153.21	2876
Iteration: 409	1590	1692	2157.09	2686
Iteration: 410	1590	1700	2128.75	2737
Iteration: 411	1590	1768	2208.57	2880
Iteration: 412	1590	1655	2176.54	3254
Iteration: 413	1590	1671	2092.71	2773
Iteration: 414	1590	1687	2107.76	2787
Iteration: 415	1590	1695	2108.51	2753
Iteration: 416	1590	1739	2099.41	2694
Iteration: 417	1590	1692	2117.33	2780
Iteration: 418	1590	1803	2148.77	2756
Iteration: 419	1590	1700	2132.38	2948
Iteration: 420	1590	1750	2143.51	2854
Iteration: 421	1590	1744	2110.67	2613
Iteration: 422	1590	1727	2120.13	2833
Iteration: 423	1590	1672	2161.45	3069
Iteration: 424	1590	1721	2155.06	2734
Iteration: 425	1590	1727	2123.62	2708
Iteration: 426	1590	1665	2174.05	2952
Iteration: 427	1583	1583	2157.34	2748
Iteration: 428	1583	1734	2151.37	2965
Iteration: 429	1583	1689	2145.2	2952
Iteration: 430	1583	1784	2180.21	2826
Iteration: 431	1583	1652	2125.53	3124
Iteration: 432	1583	1670	2152.4	2842
Iteration: 433	1583	1726	2174.03	2701
Iteration: 434	1583	1695	2138.74	2838
Iteration: 435	1583	1683	2128.98	3019
Iteration: 436	1583	1650	2158.51	2821
Iteration: 437	1583	1756	2111.86	2889
Iteration: 438	1583	1695	2146.74	2897
Iteration: 439	1583	1749	2148.96	2738
Iteration: 440	1583	1718	2144.56	3125
Iteration: 441	1583	1712	2175.72	3310
Iteration: 442	1583	1740	2124.06	2623
Iteration: 443	1583	1761	2141.11	2877
Iteration: 444	1583	1652	2119.65	2912
Iteration: 445	1583	1634	2149.84	2896
Iteration: 446	1583	1635	2086.03	2928
Iteration: 447	1583	1638	2130.74	3036
Iteration: 448	1583	1764	2166.38	3003
Iteration: 449	1583	1793	2157.7	2937
Iteration: 450	1583	1753	2116.7	2835
Iteration: 451	1583	1702	2155.54	2781
Iteration: 452	1583	1679	2161.48	3288
Iteration: 453	1583	1751	2186.29	3068
Iteration: 454	1583	1687	2105.27	2721
Iteration: 455	1583	1739	2194.64	2730
Iteration: 456	1583	1762	2174.56	2925
Iteration: 457	1583	1735	2155.26	2827
Iteration: 458	1583	1677	2141.78	3065
Iteration: 459	1583	1758	2152.75	3101
Iteration: 460	1583	1730	2164.31	2902
Iteration: 461	1583	1739	2138.5	2867
Iteration: 462	1583	1687	2171.62	3038
Iteration: 463	1583	1686	2161.41	2965
Iteration: 464	1583	1692	2126.63	3025
Iteration: 465	1583	1762	2109.59	2692
Iteration: 466	1583	1628	2147.97	2658
Iteration: 467	1583	1681	2138.57	2947
Iteration: 468	1583	1688	2126.82	2855
Iteration: 469	1583	1693	2166.14	3083
Iteration: 470	1583	1665	2149.86	3296
Iteration: 471	1583	1792	2175.73	2918
Iteration: 472	1583	1682	2143.7	2792
Iteration: 473	1583	1754	2201.46	3390
Iteration: 474	1583	1707	2107.49	3163
Iteration: 475	1583	1699	2143.72	2859
Iteration: 476	1583	1715	2118.29	2953
Iteration: 477	1583	1655	2122.75	2823
Iteration: 478	1583	1726	2142.19	2935
Iteration: 479	1583	1634	2143.63	2976
Iteration: 480	1583	1746	2153.68	2940
Iteration: 481	1583	1751	2164.12	2935
Iteration: 482	1583	1698	2141.03	2854
Iteration: 483	1583	1702	2137.56	2811
Iteration: 484	1583	1696	2097.94	2758
Iteration: 485	1583	1725	2125.04	2907
Iteration: 486	1583	1705	2126.15	3023
Iteration: 487	1583	1738	2162.89	3730
Iteration: 488	1583	1699	2145.97	2754
Iteration: 489	1583	1704	2123.58	2676
Iteration: 490	1583	1780	2122.28	2679
Iteration: 491	1583	1664	2159.76	3048
Iteration: 492	1583	1733	2170.91	3425
Iteration: 493	1583	1698	2142.74	2781
Iteration: 494	1583	1753	2186	2834
Iteration: 495	1583	1715	2128.43	3024
Iteration: 496	1583	1709	2124.04	2846
Iteration: 497	1583	1736	2144.87	2717
Iteration: 498	1583	1758	2138.06	2897
Iteration: 499	1583	1710	2162.46	2935
