Iteration: 0	1548	1548	1999.08	2348
Iteration: 1	1548	1758	2055.92	2566
Iteration: 2	1548	1804	2064.94	2636
Iteration: 3	1548	1839	2223.35	2713
Iteration: 4	1548	1891	2250.83	2891
Iteration: 5	1548	1729	2179.23	2867
Iteration: 6	1548	1677	2099.65	2944
Iteration: 7	1548	1669	2062.31	2710
Iteration: 8	1548	1699	2037.77	2601
Iteration: 9	1548	1621	2037.57	2586
Iteration: 10	1548	1686	2072.21	2690
Iteration: 11	1548	1711	2053.73	2689
Iteration: 12	1548	1676	2063.84	2641
Iteration: 13	1548	1646	2032.48	2514
Iteration: 14	1548	1656	2031.32	2560
Iteration: 15	1548	1717	2056.94	3012
Iteration: 16	1548	1702	2052.26	2597
Iteration: 17	1548	1692	2065.19	2780
Iteration: 18	1548	1651	2063.02	2919
Iteration: 19	1548	1654	2076.8	2767
Iteration: 20	1548	1708	2094.22	2875
Iteration: 21	1548	1699	2044.41	2638
Iteration: 22	1548	1619	2053.92	2686
Iteration: 23	1548	1690	2070.28	2578
Iteration: 24	1548	1754	2035.76	2708
Iteration: 25	1548	1702	2054.9	2488
Iteration: 26	1548	1770	2067.79	2519
Iteration: 27	1548	1715	2030.54	2757
Iteration: 28	1548	1762	2051.59	2779
Iteration: 29	1548	1687	2064.68	2521
Iteration: 30	1548	1695	2041.17	2934
Iteration: 31	1548	1640	2063.34	2594
Iteration: 32	1548	1715	2073.27	2619
Iteration: 33	1548	1680	2051.07	2802
Iteration: 34	1548	1695	2039.99	2845
Iteration: 35	1548	1680	2072.66	2760
Iteration: 36	1548	1724	2078.69	2726
Iteration: 37	1548	1680	2055.14	2586
Iteration: 38	1548	1765	2090.14	2843
Iteration: 39	1548	1691	2031.88	2520
Iteration: 40	1548	1689	2052.62	2900
Iteration: 41	1548	1665	2054.66	3037
Iteration: 42	1548	1740	2080.82	3065
Iteration: 43	1548	1735	2102.05	3136
Iteration: 44	1548	1700	2034.29	2806
Iteration: 45	1548	1679	2028.54	2778
Iteration: 46	1548	1619	2034.99	2944
Iteration: 47	1548	1692	2099.09	2782
Iteration: 48	1548	1709	2045.18	2606
Iteration: 49	1548	1683	2062.55	2624
Iteration: 50	1548	1726	2055.29	2900
Iteration: 51	1548	1735	2074.28	2799
Iteration: 52	1548	1643	2055.07	2736
Iteration: 53	1548	1660	2043.97	2871
Iteration: 54	1548	1731	2036.15	2764
Iteration: 55	1548	1634	2033.48	2568
Iteration: 56	1548	1689	2088.26	2754
Iteration: 57	1548	1574	2050.3	2756
Iteration: 58	1548	1597	2057.82	2940
Iteration: 59	1548	1751	2048.31	2629
Iteration: 60	1548	1586	2053.85	2612
Iteration: 61	1548	1660	2066.62	2999
Iteration: 62	1548	1646	2034.98	2985
Iteration: 63	1548	1623	2087.59	2946
Iteration: 64	1548	1662	2048.58	2671
Iteration: 65	1548	1683	2066.52	2658
Iteration: 66	1548	1571	2049.39	2867
Iteration: 67	1548	1678	2066.8	2787
Iteration: 68	1548	1638	2073.29	2783
Iteration: 69	1548	1740	2044.71	2739
Iteration: 70	1548	1687	2044.46	2504
Iteration: 71	1548	1658	2005.97	2642
Iteration: 72	1548	1619	2076.38	2861
Iteration: 73	1548	1575	2072.63	2674
Iteration: 74	1548	1730	2065.88	3063
Iteration: 75	1548	1658	2085.94	2735
Iteration: 76	1548	1649	2063.03	2732
Iteration: 77	1548	1653	2026.51	2625
Iteration: 78	1548	1710	2063.44	2695
Iteration: 79	1548	1686	2016.5	2809
Iteration: 80	1548	1693	2082.2	2873
Iteration: 81	1548	1666	2049.47	2871
Iteration: 82	1548	1680	2063.94	2835
Iteration: 83	1548	1677	2040.09	2640
Iteration: 84	1548	1630	2078.17	2746
Iteration: 85	1548	1621	2051.16	2630
Iteration: 86	1548	1725	2079.79	2584
Iteration: 87	1548	1687	2055.45	3169
Iteration: 88	1548	1656	2062.99	2762
Iteration: 89	1548	1696	2048.17	2590
Iteration: 90	1548	1615	2052.51	3074
Iteration: 91	1548	1755	2070.43	3001
Iteration: 92	1548	1705	2069.14	2983
Iteration: 93	1548	1712	2083.84	2736
Iteration: 94	1548	1725	2046.33	2565
Iteration: 95	1548	1722	2083.31	3050
Iteration: 96	1548	1632	2050.54	2841
Iteration: 97	1548	1671	2072.89	2797
Iteration: 98	1548	1573	2068.19	2573
Iteration: 99	1548	1690	2052.04	2577
Iteration: 100	1548	1684	2050.9	2597
Iteration: 101	1548	1623	2067.15	2712
Iteration: 102	1548	1759	2057.83	2512
Iteration: 103	1548	1686	2024.86	2519
Iteration: 104	1548	1639	2055.33	2833
Iteration: 105	1548	1689	2082.37	3090
Iteration: 106	1548	1597	2062.43	2681
Iteration: 107	1548	1686	2068.38	2780
Iteration: 108	1548	1637	2053.17	2829
Iteration: 109	1548	1755	2072.92	2744
Iteration: 110	1548	1612	2040.21	2667
Iteration: 111	1548	1712	2103.36	2782
Iteration: 112	1548	1710	2053.05	2599
Iteration: 113	1548	1691	2027.38	2438
Iteration: 114	1548	1678	2066.07	2678
Iteration: 115	1548	1583	2045.35	2469
Iteration: 116	1548	1588	2008.64	2439
Iteration: 117	1548	1725	2064.12	2963
Iteration: 118	1548	1714	2106.54	3229
Iteration: 119	1548	1671	2109.19	3137
Iteration: 120	1548	1619	2048.19	2969
Iteration: 121	1548	1685	2064.63	2962
Iteration: 122	1548	1678	2047.46	2839
Iteration: 123	1548	1741	2050.39	2568
Iteration: 124	1548	1708	2069.49	2681
Iteration: 125	1548	1636	2089.75	2850
Iteration: 126	1548	1759	2065.11	2720
Iteration: 127	1548	1673	2065.97	2996
Iteration: 128	1548	1693	2070.48	2701
Iteration: 129	1548	1723	2074.19	2767
Iteration: 130	1548	1585	2055.9	2685
Iteration: 131	1548	1647	2054.38	2679
Iteration: 132	1548	1692	2052.69	2765
Iteration: 133	1548	1685	2082.69	2874
Iteration: 134	1548	1646	2047.36	2628
Iteration: 135	1548	1749	2070.67	2628
Iteration: 136	1548	1579	2045.16	2800
Iteration: 137	1548	1641	2061.09	2689
Iteration: 138	1548	1681	2060.33	2984
Iteration: 139	1548	1624	2095.13	2854
Iteration: 140	1548	1702	2069.45	3048
Iteration: 141	1548	1677	2061.94	2937
Iteration: 142	1548	1727	2070.67	2681
Iteration: 143	1548	1713	2076.31	2694
Iteration: 144	1548	1709	2073.92	3031
Iteration: 145	1548	1668	2028.23	2596
Iteration: 146	1548	1652	2061.74	2698
Iteration: 147	1548	1634	2057.52	2533
Iteration: 148	1548	1709	2068.14	2990
Iteration: 149	1548	1713	2042.7	2917
Iteration: 150	1548	1672	2054.12	2839
Iteration: 151	1548	1672	2061.17	2698
Iteration: 152	1548	1708	2045.53	2664
Iteration: 153	1548	1655	2112.14	2935
Iteration: 154	1548	1548	2052.78	2705
Iteration: 155	1548	1593	2078.89	3027
Iteration: 156	1548	1644	2043.38	2723
Iteration: 157	1548	1724	2070.14	2899
Iteration: 158	1548	1694	2070.37	3091
Iteration: 159	1548	1692	2051.37	2926
Iteration: 160	1541	1541	2051.4	2836
Iteration: 161	1541	1708	2050.8	2817
Iteration: 162	1541	1699	2083.04	2750
Iteration: 163	1541	1685	2043.52	2732
Iteration: 164	1541	1769	2065.89	2995
Iteration: 165	1541	1729	2053.43	2761
Iteration: 166	1541	1695	2062.58	2942
Iteration: 167	1541	1646	2075.26	2733
Iteration: 168	1541	1649	2055.78	2825
Iteration: 169	1541	1601	2033.73	2438
Iteration: 170	1541	1675	2066.3	3232
Iteration: 171	1541	1732	2078.63	2767
Iteration: 172	1541	1618	2080.51	2719
Iteration: 173	1541	1696	2046.57	2785
Iteration: 174	1541	1645	2081.68	2772
Iteration: 175	1541	1655	2062.57	2686
Iteration: 176	1541	1665	2060.06	2849
Iteration: 177	1541	1709	2051.25	2767
Iteration: 178	1541	1699	2046.59	2968
Iteration: 179	1541	1570	2036.33	2503
Iteration: 180	1541	1713	2082.57	2567
Iteration: 181	1541	1677	2075.69	2720
Iteration: 182	1541	1732	2084.94	2780
Iteration: 183	1541	1696	2060.96	2739
Iteration: 184	1541	1685	2022.79	2629
Iteration: 185	1541	1697	2073.06	2778
Iteration: 186	1541	1682	2080.18	2830
Iteration: 187	1541	1643	2049.67	2801
Iteration: 188	1541	1645	2068.85	2998
Iteration: 189	1541	1707	2050.48	2564
Iteration: 190	1541	1675	2067.55	2874
Iteration: 191	1541	1665	2097.98	2900
Iteration: 192	1541	1746	2082.95	2892
Iteration: 193	1541	1679	2046.84	2618
Iteration: 194	1541	1655	2053.57	2675
Iteration: 195	1541	1642	2060.32	2935
Iteration: 196	1541	1645	2095.37	2916
Iteration: 197	1541	1727	2103.26	2874
Iteration: 198	1541	1684	2029.32	2823
Iteration: 199	1541	1634	2065.67	2872
Iteration: 200	1541	1710	2077.03	2801
Iteration: 201	1541	1703	2098.83	2844
Iteration: 202	1541	1666	2097.15	2892
Iteration: 203	1541	1697	2121.62	2752
Iteration: 204	1541	1594	2083.85	2935
Iteration: 205	1541	1680	2045.48	2639
Iteration: 206	1541	1731	2048.08	2648
Iteration: 207	1541	1653	2053.49	3011
Iteration: 208	1541	1625	2077.21	3084
Iteration: 209	1541	1656	2061.48	2739
Iteration: 210	1541	1726	2039.82	2535
Iteration: 211	1541	1675	2028.9	2700
Iteration: 212	1541	1674	2083.99	3387
Iteration: 213	1541	1701	2008.92	2676
Iteration: 214	1541	1653	2090.66	3264
Iteration: 215	1541	1716	2049.32	2641
Iteration: 216	1541	1609	2060.41	2742
Iteration: 217	1541	1639	2044.4	2856
Iteration: 218	1541	1727	2069.57	2969
Iteration: 219	1541	1647	2053.51	2936
Iteration: 220	1541	1659	2037.54	2516
Iteration: 221	1541	1604	2042.12	2786
Iteration: 222	1541	1656	2053.06	2711
Iteration: 223	1541	1711	2052.55	2935
Iteration: 224	1541	1654	2038.64	2689
Iteration: 225	1541	1719	2049.42	2606
Iteration: 226	1541	1694	2042.38	2671
Iteration: 227	1541	1668	2067.21	3013
Iteration: 228	1541	1668	2053.29	2624
Iteration: 229	1541	1727	2121.05	2706
Iteration: 230	1541	1708	2065.95	2954
Iteration: 231	1541	1678	2053.56	2823
Iteration: 232	1541	1647	2086.86	2917
Iteration: 233	1541	1746	2077.76	2695
Iteration: 234	1541	1665	2062	2729
Iteration: 235	1541	1729	2077.36	2738
Iteration: 236	1541	1707	2026.81	2508
Iteration: 237	1541	1647	2047.12	2530
Iteration: 238	1541	1665	2063.83	2592
Iteration: 239	1541	1718	2012.77	2620
Iteration: 240	1541	1747	2047.2	2826
Iteration: 241	1541	1578	2040.01	2944
Iteration: 242	1541	1691	2062.64	2917
Iteration: 243	1541	1732	2085.09	3030
Iteration: 244	1541	1667	2083.14	2893
Iteration: 245	1541	1652	2087.07	2634
Iteration: 246	1541	1597	2071.92	2808
Iteration: 247	1541	1721	2070.73	2557
Iteration: 248	1541	1669	2036.7	2783
Iteration: 249	1541	1606	2026.01	2601
Iteration: 250	1541	1685	2066.84	2586
Iteration: 251	1541	1638	2075.01	2954
Iteration: 252	1541	1657	2093.03	2684
Iteration: 253	1541	1677	2049.11	2920
Iteration: 254	1541	1621	2032.06	2635
Iteration: 255	1541	1680	2069.63	2852
Iteration: 256	1541	1716	2079.98	3030
Iteration: 257	1541	1700	2050.11	2551
Iteration: 258	1541	1664	2070.12	2730
Iteration: 259	1541	1665	2072.38	2695
Iteration: 260	1541	1689	2026.53	2739
Iteration: 261	1541	1626	2078.75	2926
Iteration: 262	1541	1658	2054.01	2735
Iteration: 263	1541	1692	2069.93	2952
Iteration: 264	1541	1664	2080.56	2752
Iteration: 265	1541	1716	2037.94	2520
Iteration: 266	1541	1732	2088.61	2623
Iteration: 267	1541	1670	2061.74	2873
Iteration: 268	1541	1729	2051.05	2850
Iteration: 269	1541	1656	2110.71	3169
Iteration: 270	1541	1727	2048.88	2601
Iteration: 271	1541	1667	2059.3	2688
Iteration: 272	1541	1659	2060.23	2681
Iteration: 273	1541	1657	2066.8	2928
Iteration: 274	1541	1675	2061.61	2564
Iteration: 275	1541	1672	2058.61	2597
Iteration: 276	1541	1774	2088.86	2738
Iteration: 277	1541	1703	2032.68	2678
Iteration: 278	1541	1725	2064.47	2893
Iteration: 279	1541	1629	2048.63	2761
Iteration: 280	1541	1675	2039.09	2947
Iteration: 281	1541	1702	2033.31	2847
Iteration: 282	1541	1684	2073.05	2610
Iteration: 283	1541	1667	2113.55	2931
Iteration: 284	1541	1715	2071.88	2851
Iteration: 285	1541	1727	2093.68	2535
Iteration: 286	1541	1731	2051.94	2737
Iteration: 287	1541	1653	2066.23	3045
Iteration: 288	1541	1591	2070.38	2771
Iteration: 289	1541	1656	2049.75	2556
Iteration: 290	1541	1692	2050.94	2522
Iteration: 291	1541	1652	1995.98	2510
Iteration: 292	1541	1741	2069.67	2808
Iteration: 293	1541	1629	2064.18	2806
Iteration: 294	1541	1670	2030.09	2641
Iteration: 295	1541	1665	2052.63	2750
Iteration: 296	1541	1685	2066.21	2724
Iteration: 297	1541	1634	2038.03	2683
Iteration: 298	1541	1610	2042.95	2672
Iteration: 299	1541	1730	2115.54	2619
Iteration: 300	1541	1716	2040.1	2703
Iteration: 301	1541	1733	2084.29	2824
Iteration: 302	1541	1614	2085.62	2743
Iteration: 303	1541	1629	2091.17	2970
Iteration: 304	1541	1669	2088.53	2924
Iteration: 305	1541	1665	2064.66	2741
Iteration: 306	1541	1689	2040.55	2601
Iteration: 307	1541	1730	2077.21	2669
Iteration: 308	1541	1664	2085.59	2585
Iteration: 309	1541	1710	2109.67	2715
Iteration: 310	1541	1711	2059.52	2652
Iteration: 311	1541	1696	2063.54	2738
Iteration: 312	1541	1680	2037.34	2882
Iteration: 313	1541	1644	2040.95	2753
Iteration: 314	1541	1701	2055.61	2739
Iteration: 315	1541	1750	2059.47	2723
Iteration: 316	1541	1684	2072.27	2706
Iteration: 317	1541	1710	2067.12	2722
Iteration: 318	1541	1681	2038.76	3076
Iteration: 319	1541	1709	2099.18	2789
Iteration: 320	1541	1705	2043.7	2772
Iteration: 321	1541	1715	2079.61	2683
Iteration: 322	1541	1713	2045.84	2697
Iteration: 323	1541	1716	2047.59	2558
Iteration: 324	1541	1687	2071.49	3132
Iteration: 325	1541	1739	2045.04	2664
Iteration: 326	1541	1727	2056.49	2849
Iteration: 327	1541	1696	2027.71	3114
Iteration: 328	1541	1660	2104.13	2810
Iteration: 329	1541	1629	2056.19	2568
Iteration: 330	1541	1679	2067.7	2959
Iteration: 331	1541	1693	2114.83	2800
Iteration: 332	1541	1615	2065.65	2673
Iteration: 333	1541	1717	2045.89	2770
Iteration: 334	1541	1686	2061.5	2660
Iteration: 335	1541	1716	2076.92	2700
Iteration: 336	1541	1727	2052.04	3057
Iteration: 337	1541	1693	2026.43	3024
Iteration: 338	1541	1659	2052.15	2612
Iteration: 339	1541	1714	2042.45	2602
Iteration: 340	1541	1703	2069.23	2733
Iteration: 341	1541	1626	2093.89	2897
Iteration: 342	1541	1644	2063.44	2745
Iteration: 343	1541	1737	2077.87	2844
Iteration: 344	1541	1679	2035.68	2725
Iteration: 345	1541	1666	2089.35	3201
Iteration: 346	1541	1714	2072.25	2724
Iteration: 347	1541	1703	2067.75	2821
Iteration: 348	1541	1693	2061.97	3086
Iteration: 349	1541	1728	2056.52	2698
Iteration: 350	1541	1700	2087.64	2842
Iteration: 351	1541	1674	2041.6	2945
Iteration: 352	1541	1666	2058.18	2999
Iteration: 353	1541	1678	2071.64	2694
Iteration: 354	1541	1620	2050.47	2666
Iteration: 355	1541	1694	2064.04	2538
Iteration: 356	1541	1694	2064.16	2766
Iteration: 357	1541	1681	2054.66	2794
Iteration: 358	1541	1726	2061.49	2736
Iteration: 359	1541	1696	2071.7	2616
Iteration: 360	1541	1727	2080.74	2771
Iteration: 361	1541	1642	2076.89	2947
Iteration: 362	1541	1674	2068.59	2793
Iteration: 363	1541	1612	2050.64	2758
Iteration: 364	1541	1723	2060.33	2661
Iteration: 365	1541	1726	2067.08	2574
Iteration: 366	1541	1648	2053.94	2587
Iteration: 367	1541	1669	2031.64	2605
Iteration: 368	1541	1752	2099.34	2925
Iteration: 369	1541	1719	2053.99	2603
Iteration: 370	1541	1718	2086.73	2683
Iteration: 371	1541	1664	2072.95	2748
Iteration: 372	1541	1700	2057.34	2492
Iteration: 373	1541	1677	2081.83	2787
Iteration: 374	1541	1677	2056.39	2748
Iteration: 375	1541	1660	2027.38	2555
Iteration: 376	1541	1703	2046.82	2500
Iteration: 377	1541	1714	2103.67	2839
Iteration: 378	1541	1769	2070.69	2763
Iteration: 379	1541	1728	2067.21	2693
Iteration: 380	1541	1706	2077.04	2714
Iteration: 381	1541	1698	2089.91	2719
Iteration: 382	1541	1703	2064.84	2808
Iteration: 383	1541	1751	2038.87	2535
Iteration: 384	1541	1631	2090.33	2813
Iteration: 385	1541	1683	2108.48	2769
Iteration: 386	1541	1632	2054.21	2568
Iteration: 387	1541	1731	2085.89	3013
Iteration: 388	1541	1652	2038.07	2892
Iteration: 389	1541	1722	2061.54	2795
Iteration: 390	1541	1650	2049.82	2509
Iteration: 391	1541	1699	2078.02	2727
Iteration: 392	1541	1698	2051.63	2744
Iteration: 393	1541	1705	2089.96	2746
Iteration: 394	1541	1729	2078.06	2877
Iteration: 395	1541	1709	2044.57	2643
Iteration: 396	1541	1729	2080.9	2849
Iteration: 397	1541	1718	2037.18	2576
Iteration: 398	1541	1681	2030.72	2672
Iteration: 399	1541	1659	2052.97	2690
Iteration: 400	1541	1706	2068.63	2705
Iteration: 401	1541	1552	2064.79	2743
Iteration: 402	1541	1681	2015.73	2805
Iteration: 403	1541	1721	2048.29	3014
Iteration: 404	1541	1683	2051.68	2589
Iteration: 405	1541	1641	2086.45	2916
Iteration: 406	1541	1631	2083.49	3101
Iteration: 407	1541	1715	2069.52	2636
Iteration: 408	1541	1741	2063.61	2563
Iteration: 409	1541	1676	2067.98	3193
Iteration: 410	1541	1667	2090.67	2926
Iteration: 411	1541	1693	2048.92	2911
Iteration: 412	1541	1685	2087.03	2722
Iteration: 413	1541	1717	2071.2	2977
Iteration: 414	1541	1747	2075.17	2655
Iteration: 415	1541	1675	2048.49	3108
Iteration: 416	1541	1692	2025.49	3049
Iteration: 417	1541	1707	2040.01	2690
Iteration: 418	1541	1685	2098.45	2992
Iteration: 419	1541	1692	2028.66	2750
Iteration: 420	1541	1639	2051.65	2808
Iteration: 421	1541	1650	2090.92	2732
Iteration: 422	1541	1643	2073.53	2660
Iteration: 423	1541	1663	2089.29	2643
Iteration: 424	1541	1735	2097.19	2853
Iteration: 425	1541	1792	2077.92	2801
Iteration: 426	1541	1637	2018.14	2544
Iteration: 427	1541	1704	2066.19	2630
Iteration: 428	1541	1648	2031.15	2687
Iteration: 429	1541	1664	2077.91	2635
Iteration: 430	1541	1732	2039.52	2578
Iteration: 431	1541	1709	2055.93	2969
Iteration: 432	1541	1692	2046.71	2698
Iteration: 433	1541	1604	2017.72	2751
Iteration: 434	1541	1724	2065.84	2967
Iteration: 435	1541	1669	2024.28	2514
Iteration: 436	1541	1618	2046.64	2607
Iteration: 437	1541	1737	2050.21	2860
Iteration: 438	1541	1620	2035.62	2772
Iteration: 439	1541	1751	2080.29	2792
Iteration: 440	1541	1667	2008.79	2821
Iteration: 441	1541	1686	2058.57	2625
Iteration: 442	1541	1689	2067.74	2789
Iteration: 443	1541	1701	2072.5	2972
Iteration: 444	1541	1658	2064.19	2915
Iteration: 445	1541	1639	2070.24	2984
Iteration: 446	1541	1674	2059.4	2553
Iteration: 447	1541	1646	2076.07	2888
Iteration: 448	1541	1651	2084.42	2709
Iteration: 449	1541	1681	2065.97	2928
Iteration: 450	1541	1626	2060.19	2548
Iteration: 451	1541	1664	2026.34	2660
Iteration: 452	1541	1681	2056.17	2672
Iteration: 453	1541	1652	2058.36	3062
Iteration: 454	1541	1635	2027.96	2929
Iteration: 455	1541	1688	2038.56	2770
Iteration: 456	1541	1682	2090.98	3019
Iteration: 457	1541	1655	2038.81	2918
Iteration: 458	1541	1640	2023.73	2755
Iteration: 459	1541	1601	2088.74	3481
Iteration: 460	1541	1672	2063.22	2657
Iteration: 461	1541	1679	2079.41	2805
Iteration: 462	1541	1666	2062.68	2611
Iteration: 463	1541	1647	2056.66	2625
Iteration: 464	1541	1615	2067.27	2949
Iteration: 465	1541	1643	2078.91	2804
Iteration: 466	1541	1684	2016.48	2635
Iteration: 467	1541	1642	2053.19	2707
Iteration: 468	1541	1656	2052.44	2592
Iteration: 469	1541	1738	2050.61	2632
Iteration: 470	1541	1704	2041.73	2610
Iteration: 471	1541	1563	2048.57	2766
Iteration: 472	1541	1658	2082.99	2704
Iteration: 473	1541	1683	2068.14	3053
Iteration: 474	1541	1659	2077.81	2578
Iteration: 475	1541	1635	2049.03	2616
Iteration: 476	1541	1681	2068.59	2793
Iteration: 477	1541	1667	2074.76	2761
Iteration: 478	1541	1710	2037.46	2654
Iteration: 479	1541	1644	2080.62	2749
Iteration: 480	1541	1671	2063.21	3235
Iteration: 481	1541	1593	2026.14	2527
Iteration: 482	1541	1717	2068.63	3154
Iteration: 483	1541	1714	2088.59	2843
Iteration: 484	1541	1736	2065.79	2617
Iteration: 485	1541	1565	2049.04	2784
Iteration: 486	1541	1723	2056.77	2661
Iteration: 487	1541	1707	2032.06	2524
Iteration: 488	1541	1628	2042.29	3256
Iteration: 489	1541	1677	2060.63	2960
Iteration: 490	1541	1680	2055.68	2751
Iteration: 491	1541	1646	2047.22	2603
Iteration: 492	1541	1645	2098.65	3123
Iteration: 493	1541	1675	2098.33	2719
Iteration: 494	1541	1706	2043.22	2741
Iteration: 495	1541	1699	2042.46	2564
Iteration: 496	1541	1688	2036.95	3060
Iteration: 497	1541	1594	2065.43	2835
Iteration: 498	1541	1631	2019.23	2533
Iteration: 499	1541	1665	2083.56	3103
