1738.600 ( 46.629 ) 1738.600 ( 46.629 ) 2163.573 ( 18.755 ) 2823.550 ( 130.903 )
1713.350 ( 50.596 ) 1740.950 ( 56.432 ) 2131.603 ( 17.113 ) 2718.250 ( 133.100 )
1710.550 ( 51.198 ) 1813.700 ( 53.834 ) 2249.385 ( 24.957 ) 2838.650 ( 89.406 )
1707.500 ( 49.963 ) 1868.750 ( 81.857 ) 2428.829 ( 29.238 ) 3253.350 ( 143.333 )
1703.600 ( 45.913 ) 1814.950 ( 52.956 ) 2357.519 ( 28.398 ) 3172.400 ( 149.648 )
1697.050 ( 41.155 ) 1794.900 ( 58.984 ) 2312.057 ( 31.698 ) 2987.600 ( 125.271 )
1687.500 ( 42.998 ) 1779.600 ( 64.400 ) 2281.019 ( 32.476 ) 3039.150 ( 188.927 )
1684.750 ( 40.837 ) 1778.800 ( 47.761 ) 2259.244 ( 24.907 ) 3025.600 ( 172.167 )
1679.400 ( 41.680 ) 1773.900 ( 59.371 ) 2248.575 ( 21.557 ) 2977.250 ( 111.956 )
1674.150 ( 37.683 ) 1784.650 ( 54.719 ) 2243.737 ( 27.355 ) 3001.150 ( 120.947 )
1672.000 ( 36.046 ) 1770.850 ( 59.387 ) 2244.644 ( 26.762 ) 3057.100 ( 140.740 )
1671.500 ( 36.098 ) 1784.750 ( 52.497 ) 2242.861 ( 23.125 ) 3063.550 ( 139.071 )
1670.150 ( 35.278 ) 1753.750 ( 54.239 ) 2239.217 ( 23.823 ) 2981.700 ( 144.167 )
1668.850 ( 34.589 ) 1764.800 ( 46.232 ) 2238.093 ( 22.501 ) 3053.950 ( 137.111 )
1666.350 ( 30.322 ) 1767.200 ( 57.229 ) 2235.695 ( 23.073 ) 2978.650 ( 113.973 )
1666.050 ( 30.066 ) 1767.800 ( 49.566 ) 2236.713 ( 24.462 ) 2950.150 ( 149.984 )
1666.050 ( 30.066 ) 1772.700 ( 40.855 ) 2239.333 ( 23.131 ) 3014.000 ( 99.271 )
1661.650 ( 34.540 ) 1769.050 ( 65.080 ) 2245.695 ( 18.095 ) 2959.150 ( 153.394 )
1651.250 ( 39.353 ) 1752.900 ( 67.774 ) 2234.553 ( 26.646 ) 3004.550 ( 153.439 )
1650.700 ( 39.234 ) 1736.950 ( 50.068 ) 2220.071 ( 24.724 ) 3009.900 ( 132.230 )
1650.700 ( 39.234 ) 1767.350 ( 48.402 ) 2233.057 ( 19.688 ) 2991.750 ( 135.177 )
1650.700 ( 39.234 ) 1750.700 ( 54.971 ) 2225.975 ( 24.148 ) 2949.000 ( 122.553 )
1646.050 ( 37.854 ) 1756.550 ( 56.582 ) 2234.798 ( 22.952 ) 2955.600 ( 171.182 )
1646.050 ( 37.854 ) 1746.750 ( 53.997 ) 2230.630 ( 28.302 ) 2977.350 ( 193.818 )
1646.050 ( 37.854 ) 1762.000 ( 46.227 ) 2231.347 ( 30.916 ) 2983.700 ( 150.471 )
1645.700 ( 37.483 ) 1740.900 ( 49.871 ) 2222.327 ( 22.229 ) 2954.850 ( 132.524 )
1645.700 ( 37.483 ) 1767.350 ( 61.204 ) 2223.058 ( 24.822 ) 3019.100 ( 150.114 )
1640.450 ( 36.725 ) 1717.650 ( 60.709 ) 2223.095 ( 21.424 ) 2913.800 ( 95.626 )
1640.450 ( 36.725 ) 1764.400 ( 54.499 ) 2238.056 ( 28.702 ) 3022.150 ( 99.266 )
1640.450 ( 36.725 ) 1762.850 ( 44.536 ) 2222.676 ( 23.261 ) 2870.300 ( 111.180 )
1638.250 ( 35.898 ) 1760.950 ( 57.690 ) 2227.601 ( 19.718 ) 3015.650 ( 225.513 )
1638.250 ( 35.898 ) 1764.650 ( 42.434 ) 2223.648 ( 27.191 ) 2945.650 ( 143.103 )
1638.250 ( 35.898 ) 1755.700 ( 49.633 ) 2232.322 ( 24.554 ) 2981.200 ( 194.248 )
1636.700 ( 33.990 ) 1747.850 ( 49.560 ) 2217.968 ( 27.024 ) 3032.250 ( 209.549 )
1632.150 ( 35.932 ) 1756.750 ( 72.542 ) 2219.285 ( 20.320 ) 2948.200 ( 182.355 )
1631.500 ( 35.095 ) 1738.000 ( 55.162 ) 2219.399 ( 17.792 ) 2997.000 ( 126.872 )
1627.500 ( 37.192 ) 1736.950 ( 76.148 ) 2226.364 ( 25.098 ) 3029.900 ( 176.725 )
1626.150 ( 36.024 ) 1754.900 ( 52.691 ) 2214.747 ( 24.940 ) 2989.750 ( 190.116 )
1626.150 ( 36.024 ) 1766.800 ( 61.419 ) 2231.807 ( 20.759 ) 2971.200 ( 180.594 )
1626.150 ( 36.024 ) 1750.450 ( 59.527 ) 2224.989 ( 26.516 ) 2974.900 ( 125.939 )
1623.350 ( 33.340 ) 1736.000 ( 63.772 ) 2219.047 ( 19.431 ) 2980.400 ( 155.495 )
1623.350 ( 33.340 ) 1750.350 ( 43.876 ) 2229.753 ( 27.744 ) 2946.000 ( 151.737 )
1622.200 ( 32.968 ) 1734.300 ( 44.025 ) 2227.422 ( 15.355 ) 2914.350 ( 98.149 )
1620.550 ( 32.406 ) 1757.400 ( 55.440 ) 2220.934 ( 28.841 ) 2905.850 ( 87.471 )
1620.550 ( 32.406 ) 1759.000 ( 44.777 ) 2215.680 ( 24.234 ) 2931.550 ( 164.413 )
1620.550 ( 32.406 ) 1765.900 ( 42.019 ) 2226.541 ( 30.381 ) 3037.350 ( 120.107 )
1620.550 ( 32.406 ) 1754.950 ( 39.134 ) 2221.864 ( 20.201 ) 2971.900 ( 172.817 )
1620.550 ( 32.406 ) 1742.650 ( 54.347 ) 2218.514 ( 23.573 ) 2964.200 ( 118.255 )
1618.050 ( 30.329 ) 1728.150 ( 54.350 ) 2228.614 ( 29.995 ) 2967.950 ( 164.026 )
1617.850 ( 29.884 ) 1735.050 ( 45.745 ) 2214.752 ( 20.743 ) 2917.400 ( 133.600 )
1617.850 ( 29.884 ) 1759.050 ( 67.153 ) 2232.843 ( 37.053 ) 2979.050 ( 151.057 )
1617.850 ( 29.884 ) 1756.750 ( 54.245 ) 2222.749 ( 23.758 ) 2926.150 ( 158.985 )
1615.750 ( 26.518 ) 1744.950 ( 54.667 ) 2221.495 ( 23.573 ) 2991.350 ( 136.395 )
1615.750 ( 26.518 ) 1759.650 ( 55.129 ) 2225.551 ( 22.319 ) 2901.500 ( 151.825 )
1615.750 ( 26.518 ) 1733.800 ( 56.750 ) 2229.932 ( 24.331 ) 3022.250 ( 186.006 )
1615.750 ( 26.518 ) 1773.750 ( 52.803 ) 2221.432 ( 20.928 ) 2960.600 ( 111.136 )
1613.950 ( 26.530 ) 1739.700 ( 61.001 ) 2219.570 ( 20.318 ) 2968.700 ( 160.639 )
1610.950 ( 28.329 ) 1736.600 ( 70.597 ) 2225.913 ( 24.184 ) 2952.550 ( 118.056 )
1610.950 ( 28.329 ) 1747.200 ( 48.418 ) 2228.749 ( 26.534 ) 2996.350 ( 141.676 )
1610.950 ( 28.329 ) 1741.600 ( 52.009 ) 2220.452 ( 20.288 ) 2953.850 ( 153.573 )
1610.950 ( 28.329 ) 1757.800 ( 47.758 ) 2221.444 ( 22.270 ) 3013.000 ( 199.391 )
1610.950 ( 28.329 ) 1764.350 ( 45.759 ) 2217.831 ( 16.237 ) 2951.850 ( 175.834 )
1610.950 ( 28.329 ) 1764.150 ( 44.016 ) 2225.312 ( 19.191 ) 2929.800 ( 141.857 )
1610.950 ( 28.329 ) 1739.250 ( 55.444 ) 2210.499 ( 21.210 ) 2917.300 ( 112.470 )
1610.950 ( 28.329 ) 1770.200 ( 55.098 ) 2224.316 ( 25.456 ) 2991.650 ( 178.328 )
1610.950 ( 28.329 ) 1733.200 ( 41.576 ) 2217.712 ( 18.021 ) 2995.500 ( 173.509 )
1607.700 ( 30.412 ) 1735.000 ( 63.815 ) 2218.445 ( 28.413 ) 2965.700 ( 124.664 )
1607.700 ( 30.412 ) 1757.050 ( 39.231 ) 2218.198 ( 21.072 ) 3010.750 ( 164.658 )
1607.700 ( 30.412 ) 1757.050 ( 49.213 ) 2221.663 ( 14.819 ) 2971.800 ( 169.327 )
1607.700 ( 30.412 ) 1756.300 ( 46.166 ) 2222.907 ( 24.310 ) 2904.050 ( 125.745 )
1607.700 ( 30.412 ) 1775.300 ( 43.403 ) 2221.586 ( 26.259 ) 2979.000 ( 151.705 )
1605.150 ( 27.216 ) 1725.250 ( 71.269 ) 2230.904 ( 25.207 ) 2977.700 ( 200.134 )
1605.150 ( 27.216 ) 1764.300 ( 53.347 ) 2230.310 ( 27.453 ) 2973.250 ( 159.197 )
1605.150 ( 27.216 ) 1775.950 ( 47.350 ) 2218.398 ( 17.542 ) 2971.100 ( 173.879 )
1604.400 ( 25.781 ) 1719.450 ( 52.004 ) 2218.134 ( 20.825 ) 2939.200 ( 123.081 )
1604.400 ( 25.781 ) 1743.800 ( 43.214 ) 2215.617 ( 27.312 ) 2931.000 ( 190.403 )
1603.650 ( 25.854 ) 1743.900 ( 68.850 ) 2226.822 ( 23.642 ) 2946.950 ( 174.387 )
1603.650 ( 25.854 ) 1761.750 ( 58.833 ) 2218.369 ( 28.168 ) 2953.250 ( 157.654 )
1603.500 ( 25.691 ) 1746.050 ( 71.242 ) 2220.984 ( 28.037 ) 2986.550 ( 154.853 )
1603.500 ( 25.691 ) 1747.300 ( 40.898 ) 2224.985 ( 22.262 ) 2949.800 ( 114.127 )
1603.500 ( 25.691 ) 1768.750 ( 57.851 ) 2225.242 ( 29.977 ) 2969.600 ( 140.128 )
1603.500 ( 25.691 ) 1749.850 ( 53.137 ) 2225.561 ( 20.893 ) 2929.450 ( 117.316 )
1603.500 ( 25.691 ) 1757.800 ( 49.763 ) 2229.684 ( 26.775 ) 3013.700 ( 176.036 )
1603.500 ( 25.691 ) 1757.050 ( 54.938 ) 2216.876 ( 25.163 ) 2925.900 ( 152.025 )
1603.500 ( 25.691 ) 1748.050 ( 54.324 ) 2221.183 ( 19.187 ) 3021.250 ( 172.847 )
1603.500 ( 25.691 ) 1744.450 ( 51.610 ) 2217.995 ( 25.738 ) 2955.600 ( 136.071 )
1603.500 ( 25.691 ) 1752.700 ( 42.935 ) 2216.658 ( 13.124 ) 2994.700 ( 154.015 )
1602.850 ( 24.938 ) 1754.500 ( 59.523 ) 2224.950 ( 23.887 ) 2977.850 ( 152.911 )
1602.850 ( 24.938 ) 1752.250 ( 38.737 ) 2220.336 ( 28.500 ) 2996.450 ( 159.056 )
1602.850 ( 24.938 ) 1736.650 ( 56.751 ) 2225.627 ( 20.318 ) 2975.150 ( 149.503 )
1602.850 ( 24.938 ) 1747.500 ( 65.310 ) 2222.195 ( 31.242 ) 3011.250 ( 112.915 )
1602.850 ( 24.938 ) 1761.400 ( 39.053 ) 2219.589 ( 19.949 ) 2936.600 ( 176.036 )
1602.850 ( 24.938 ) 1755.700 ( 52.021 ) 2214.732 ( 24.616 ) 3002.200 ( 160.226 )
1602.850 ( 24.938 ) 1740.800 ( 63.363 ) 2217.811 ( 25.260 ) 2971.050 ( 150.940 )
1600.150 ( 23.472 ) 1744.200 ( 71.522 ) 2225.154 ( 24.187 ) 2940.550 ( 96.626 )
1600.150 ( 23.472 ) 1748.800 ( 42.070 ) 2222.650 ( 27.178 ) 2978.150 ( 215.500 )
1600.150 ( 23.472 ) 1750.950 ( 52.184 ) 2216.218 ( 18.649 ) 2949.400 ( 164.778 )
1600.150 ( 23.472 ) 1795.500 ( 45.656 ) 2233.554 ( 22.778 ) 3030.150 ( 172.213 )
1600.150 ( 23.472 ) 1759.350 ( 46.165 ) 2228.277 ( 23.451 ) 2973.250 ( 130.805 )
1600.150 ( 23.472 ) 1760.300 ( 44.841 ) 2235.362 ( 34.359 ) 3037.150 ( 192.433 )
1600.150 ( 23.472 ) 1759.300 ( 44.983 ) 2219.738 ( 21.120 ) 2976.650 ( 149.561 )
1600.150 ( 23.472 ) 1762.500 ( 40.412 ) 2221.564 ( 20.981 ) 2982.100 ( 124.906 )
1600.150 ( 23.472 ) 1774.150 ( 56.211 ) 2224.961 ( 21.197 ) 2956.850 ( 206.531 )
1600.150 ( 23.472 ) 1735.800 ( 57.755 ) 2234.874 ( 31.224 ) 2992.050 ( 210.481 )
1600.150 ( 23.472 ) 1751.050 ( 46.621 ) 2221.465 ( 27.328 ) 2939.150 ( 143.060 )
1600.150 ( 23.472 ) 1759.950 ( 62.153 ) 2221.735 ( 19.694 ) 2977.500 ( 132.182 )
1600.150 ( 23.472 ) 1769.750 ( 46.137 ) 2231.532 ( 21.877 ) 2994.650 ( 165.706 )
1600.150 ( 23.472 ) 1766.850 ( 57.793 ) 2213.554 ( 21.725 ) 2973.150 ( 173.654 )
1598.850 ( 22.712 ) 1753.250 ( 61.091 ) 2222.961 ( 30.197 ) 2978.500 ( 122.223 )
1598.850 ( 22.712 ) 1779.100 ( 43.941 ) 2234.428 ( 23.986 ) 3017.800 ( 199.431 )
1598.850 ( 22.712 ) 1750.250 ( 46.342 ) 2216.606 ( 28.449 ) 2909.400 ( 139.775 )
1598.850 ( 22.712 ) 1750.450 ( 32.939 ) 2216.859 ( 24.911 ) 2987.200 ( 145.139 )
1598.850 ( 22.712 ) 1741.850 ( 67.028 ) 2228.912 ( 24.987 ) 2986.950 ( 174.089 )
1598.850 ( 22.712 ) 1744.150 ( 48.181 ) 2202.716 ( 26.318 ) 2941.350 ( 165.199 )
1598.850 ( 22.712 ) 1770.250 ( 59.646 ) 2225.414 ( 19.473 ) 2949.100 ( 134.156 )
1598.850 ( 22.712 ) 1758.500 ( 40.460 ) 2224.351 ( 19.083 ) 3001.550 ( 194.063 )
1598.850 ( 22.712 ) 1735.200 ( 60.684 ) 2220.412 ( 29.421 ) 2905.550 ( 160.389 )
1597.450 ( 20.383 ) 1758.350 ( 62.135 ) 2224.183 ( 28.143 ) 2988.200 ( 178.457 )
1597.450 ( 20.383 ) 1728.400 ( 46.206 ) 2229.646 ( 21.688 ) 2997.500 ( 156.411 )
1596.850 ( 21.671 ) 1736.400 ( 69.640 ) 2228.172 ( 17.107 ) 2986.850 ( 185.940 )
1596.850 ( 21.671 ) 1729.850 ( 55.956 ) 2216.488 ( 33.314 ) 2977.750 ( 181.084 )
1596.850 ( 21.671 ) 1733.400 ( 47.769 ) 2225.231 ( 27.695 ) 2987.250 ( 147.329 )
1592.650 ( 25.867 ) 1733.850 ( 62.429 ) 2212.100 ( 22.546 ) 2960.850 ( 130.813 )
1592.650 ( 25.867 ) 1751.200 ( 66.712 ) 2219.466 ( 18.132 ) 2936.100 ( 128.269 )
1592.650 ( 25.867 ) 1753.700 ( 41.016 ) 2216.743 ( 21.132 ) 3014.400 ( 150.227 )
1592.650 ( 25.867 ) 1745.000 ( 49.092 ) 2222.315 ( 23.490 ) 2938.950 ( 125.027 )
1592.650 ( 25.867 ) 1743.700 ( 63.136 ) 2227.543 ( 25.285 ) 2960.000 ( 140.199 )
1592.650 ( 25.867 ) 1734.200 ( 55.504 ) 2219.770 ( 21.260 ) 2981.800 ( 164.997 )
1592.650 ( 25.867 ) 1752.050 ( 58.136 ) 2221.702 ( 26.683 ) 2876.550 ( 120.461 )
1592.650 ( 25.867 ) 1722.800 ( 62.514 ) 2220.763 ( 26.397 ) 2995.100 ( 156.013 )
1592.350 ( 25.582 ) 1763.150 ( 50.142 ) 2216.008 ( 20.149 ) 2986.950 ( 136.153 )
1592.050 ( 25.360 ) 1746.100 ( 57.493 ) 2227.841 ( 19.784 ) 2985.900 ( 171.961 )
1592.050 ( 25.360 ) 1770.050 ( 52.000 ) 2229.944 ( 21.543 ) 3010.600 ( 107.937 )
1592.050 ( 25.360 ) 1755.450 ( 52.102 ) 2218.061 ( 26.473 ) 2986.400 ( 171.990 )
1592.050 ( 25.360 ) 1769.450 ( 47.507 ) 2230.249 ( 30.082 ) 2980.950 ( 135.460 )
1592.050 ( 25.360 ) 1775.950 ( 36.933 ) 2218.369 ( 26.842 ) 2942.700 ( 129.118 )
1592.050 ( 25.360 ) 1734.600 ( 65.203 ) 2216.622 ( 23.395 ) 3016.350 ( 195.310 )
1591.700 ( 25.407 ) 1733.900 ( 64.794 ) 2222.906 ( 24.758 ) 2980.750 ( 152.111 )
1591.700 ( 25.407 ) 1748.750 ( 45.656 ) 2223.547 ( 24.525 ) 3033.300 ( 161.798 )
1591.700 ( 25.407 ) 1763.000 ( 47.172 ) 2220.591 ( 26.061 ) 2954.150 ( 135.169 )
1591.700 ( 25.407 ) 1740.350 ( 64.372 ) 2226.265 ( 23.758 ) 3043.300 ( 188.378 )
1591.700 ( 25.407 ) 1749.550 ( 49.685 ) 2220.073 ( 24.404 ) 2953.850 ( 167.455 )
1591.700 ( 25.407 ) 1752.050 ( 60.429 ) 2219.894 ( 23.475 ) 2933.000 ( 142.709 )
1591.700 ( 25.407 ) 1766.550 ( 34.174 ) 2225.424 ( 24.920 ) 3019.200 ( 147.887 )
1591.700 ( 25.407 ) 1754.400 ( 37.191 ) 2217.473 ( 19.802 ) 2976.300 ( 131.763 )
1591.700 ( 25.407 ) 1735.250 ( 68.986 ) 2221.855 ( 20.859 ) 2963.250 ( 160.638 )
1591.700 ( 25.407 ) 1749.550 ( 47.750 ) 2219.843 ( 24.589 ) 2937.350 ( 158.661 )
1591.700 ( 25.407 ) 1764.800 ( 56.714 ) 2228.439 ( 27.112 ) 2971.100 ( 130.650 )
1591.700 ( 25.407 ) 1746.300 ( 40.876 ) 2221.675 ( 23.562 ) 2892.100 ( 109.815 )
1591.700 ( 25.407 ) 1756.850 ( 34.634 ) 2221.043 ( 21.139 ) 2993.750 ( 171.105 )
1591.700 ( 25.407 ) 1769.950 ( 38.149 ) 2224.058 ( 22.799 ) 2978.550 ( 167.402 )
1591.700 ( 25.407 ) 1766.750 ( 65.334 ) 2235.483 ( 27.112 ) 3001.500 ( 135.531 )
1591.700 ( 25.407 ) 1773.600 ( 50.435 ) 2214.072 ( 25.210 ) 2977.850 ( 143.225 )
1591.700 ( 25.407 ) 1750.700 ( 52.854 ) 2224.569 ( 25.400 ) 2956.700 ( 163.959 )
1591.700 ( 25.407 ) 1741.050 ( 60.717 ) 2211.246 ( 23.060 ) 2968.000 ( 161.813 )
1591.700 ( 25.407 ) 1765.050 ( 37.918 ) 2224.227 ( 27.581 ) 3006.750 ( 194.235 )
1591.700 ( 25.407 ) 1761.050 ( 57.844 ) 2210.073 ( 29.216 ) 2874.850 ( 91.660 )
1591.700 ( 25.407 ) 1751.250 ( 49.778 ) 2227.358 ( 26.851 ) 3003.750 ( 128.202 )
1591.550 ( 25.212 ) 1750.400 ( 60.440 ) 2220.273 ( 19.291 ) 3009.250 ( 202.250 )
1591.550 ( 25.212 ) 1744.000 ( 46.241 ) 2226.847 ( 26.581 ) 3069.000 ( 146.109 )
1591.550 ( 25.212 ) 1755.600 ( 45.985 ) 2211.479 ( 23.767 ) 2938.000 ( 136.806 )
1591.550 ( 25.212 ) 1749.400 ( 44.417 ) 2218.329 ( 23.253 ) 2958.250 ( 194.768 )
1591.550 ( 25.212 ) 1752.650 ( 65.494 ) 2219.933 ( 25.811 ) 2956.600 ( 199.673 )
1590.950 ( 24.396 ) 1748.200 ( 47.145 ) 2216.412 ( 16.582 ) 3039.300 ( 180.602 )
1588.850 ( 24.644 ) 1708.950 ( 66.297 ) 2218.770 ( 30.904 ) 2973.100 ( 155.055 )
1588.850 ( 24.644 ) 1743.000 ( 61.808 ) 2208.925 ( 22.249 ) 2953.850 ( 148.306 )
1588.850 ( 24.644 ) 1768.650 ( 47.624 ) 2224.922 ( 23.449 ) 2966.300 ( 183.436 )
1588.850 ( 24.644 ) 1738.200 ( 72.027 ) 2218.386 ( 24.812 ) 2941.550 ( 111.696 )
1588.850 ( 24.644 ) 1755.900 ( 51.966 ) 2216.966 ( 22.467 ) 2921.200 ( 142.442 )
1588.850 ( 24.644 ) 1732.150 ( 63.736 ) 2218.055 ( 19.554 ) 2957.200 ( 154.357 )
1588.850 ( 24.644 ) 1736.150 ( 45.958 ) 2223.775 ( 26.518 ) 3004.000 ( 153.957 )
1588.350 ( 24.391 ) 1764.200 ( 57.990 ) 2223.325 ( 24.897 ) 3004.850 ( 189.983 )
1588.350 ( 24.391 ) 1751.050 ( 60.885 ) 2231.511 ( 22.619 ) 2981.250 ( 150.998 )
1588.350 ( 24.391 ) 1758.000 ( 41.987 ) 2224.474 ( 26.637 ) 2949.150 ( 113.778 )
1588.150 ( 24.121 ) 1745.250 ( 56.233 ) 2221.987 ( 27.797 ) 2980.650 ( 151.985 )
1588.150 ( 24.121 ) 1766.900 ( 45.794 ) 2228.811 ( 29.629 ) 2929.050 ( 160.333 )
1588.150 ( 24.121 ) 1748.650 ( 37.597 ) 2221.655 ( 22.203 ) 3003.400 ( 182.014 )
1588.150 ( 24.121 ) 1759.950 ( 61.791 ) 2227.550 ( 18.620 ) 3016.500 ( 127.534 )
1585.050 ( 24.705 ) 1726.900 ( 63.361 ) 2234.401 ( 23.595 ) 3060.250 ( 155.098 )
1585.050 ( 24.705 ) 1753.000 ( 63.543 ) 2228.858 ( 26.948 ) 3014.150 ( 138.883 )
1585.050 ( 24.705 ) 1761.850 ( 40.657 ) 2214.505 ( 17.386 ) 2955.250 ( 96.885 )
1585.050 ( 24.705 ) 1772.950 ( 50.472 ) 2229.996 ( 18.404 ) 2907.400 ( 101.654 )
1585.050 ( 24.705 ) 1754.550 ( 54.169 ) 2227.350 ( 28.826 ) 3017.300 ( 145.090 )
1585.050 ( 24.705 ) 1738.500 ( 53.631 ) 2225.441 ( 25.564 ) 2898.750 ( 92.650 )
1585.050 ( 24.705 ) 1729.750 ( 53.792 ) 2225.637 ( 20.624 ) 2968.100 ( 106.649 )
1582.950 ( 23.395 ) 1734.000 ( 68.047 ) 2220.564 ( 27.689 ) 2954.050 ( 143.512 )
1582.950 ( 23.395 ) 1778.250 ( 52.380 ) 2208.496 ( 19.548 ) 2923.750 ( 126.018 )
1582.950 ( 23.395 ) 1763.500 ( 57.426 ) 2225.445 ( 25.608 ) 2958.450 ( 110.038 )
1582.950 ( 23.395 ) 1750.500 ( 58.438 ) 2219.345 ( 23.631 ) 2987.650 ( 179.444 )
1582.950 ( 23.395 ) 1744.050 ( 59.252 ) 2216.392 ( 19.978 ) 2977.900 ( 188.254 )
1582.950 ( 23.395 ) 1782.300 ( 48.403 ) 2223.532 ( 20.063 ) 2976.050 ( 133.170 )
1582.950 ( 23.395 ) 1758.100 ( 42.152 ) 2230.721 ( 19.426 ) 2949.800 ( 136.697 )
1582.950 ( 23.395 ) 1736.250 ( 57.581 ) 2218.820 ( 22.227 ) 2969.300 ( 141.886 )
1582.950 ( 23.395 ) 1748.950 ( 63.989 ) 2230.637 ( 24.275 ) 3012.800 ( 173.339 )
1582.950 ( 23.395 ) 1745.700 ( 40.949 ) 2222.676 ( 20.495 ) 2949.750 ( 138.944 )
1582.950 ( 23.395 ) 1760.200 ( 49.742 ) 2232.840 ( 20.399 ) 2978.300 ( 137.545 )
1582.950 ( 23.395 ) 1753.950 ( 40.510 ) 2216.820 ( 24.956 ) 2930.250 ( 111.409 )
1582.950 ( 23.395 ) 1731.600 ( 58.333 ) 2217.090 ( 27.026 ) 2923.150 ( 146.074 )
1582.950 ( 23.395 ) 1749.500 ( 52.489 ) 2214.070 ( 24.043 ) 2967.800 ( 177.097 )
1582.950 ( 23.395 ) 1749.350 ( 53.010 ) 2224.090 ( 22.451 ) 2942.600 ( 91.546 )
1581.600 ( 22.015 ) 1744.850 ( 56.192 ) 2230.066 ( 29.161 ) 2978.750 ( 172.808 )
1581.600 ( 22.015 ) 1747.400 ( 51.238 ) 2216.503 ( 23.790 ) 2964.350 ( 159.830 )
1581.600 ( 22.015 ) 1757.850 ( 50.776 ) 2226.428 ( 19.522 ) 2936.950 ( 148.511 )
1581.600 ( 22.015 ) 1730.750 ( 53.068 ) 2212.055 ( 25.296 ) 2989.100 ( 195.923 )
1581.600 ( 22.015 ) 1738.100 ( 78.871 ) 2225.640 ( 30.985 ) 2976.400 ( 185.714 )
1581.600 ( 22.015 ) 1759.700 ( 36.840 ) 2221.857 ( 23.025 ) 2954.350 ( 150.088 )
1581.600 ( 22.015 ) 1755.950 ( 60.200 ) 2219.416 ( 26.116 ) 2921.900 ( 96.422 )
1581.600 ( 22.015 ) 1763.950 ( 50.185 ) 2232.789 ( 32.309 ) 3062.100 ( 154.978 )
1581.600 ( 22.015 ) 1742.150 ( 39.747 ) 2217.466 ( 27.405 ) 2951.200 ( 163.431 )
1581.600 ( 22.015 ) 1747.500 ( 41.905 ) 2225.452 ( 26.067 ) 3011.950 ( 156.658 )
1581.600 ( 22.015 ) 1757.550 ( 47.853 ) 2223.093 ( 27.192 ) 2971.900 ( 151.546 )
1581.600 ( 22.015 ) 1746.050 ( 67.481 ) 2220.521 ( 20.317 ) 2936.000 ( 134.972 )
1581.600 ( 22.015 ) 1783.100 ( 53.162 ) 2242.005 ( 22.409 ) 3003.850 ( 196.985 )
1579.250 ( 20.342 ) 1730.900 ( 77.786 ) 2216.906 ( 23.186 ) 2976.750 ( 166.708 )
1579.250 ( 20.342 ) 1771.800 ( 46.356 ) 2236.198 ( 22.215 ) 2988.900 ( 172.613 )
1578.200 ( 20.913 ) 1739.000 ( 68.289 ) 2211.038 ( 28.697 ) 2954.900 ( 112.513 )
1578.200 ( 20.913 ) 1736.400 ( 59.534 ) 2219.047 ( 27.249 ) 3008.900 ( 170.639 )
1578.050 ( 20.607 ) 1757.250 ( 59.120 ) 2215.477 ( 30.503 ) 2899.300 ( 121.781 )
1578.050 ( 20.607 ) 1747.150 ( 43.710 ) 2212.358 ( 30.144 ) 2987.800 ( 130.283 )
1577.800 ( 20.429 ) 1736.700 ( 59.037 ) 2223.712 ( 28.773 ) 2975.050 ( 123.329 )
1577.800 ( 20.429 ) 1760.200 ( 56.137 ) 2232.119 ( 27.578 ) 3043.750 ( 190.073 )
1577.800 ( 20.429 ) 1752.500 ( 54.071 ) 2215.794 ( 14.659 ) 2930.350 ( 130.028 )
1577.800 ( 20.429 ) 1742.450 ( 48.937 ) 2225.784 ( 24.453 ) 3018.650 ( 167.941 )
1577.800 ( 20.429 ) 1749.650 ( 55.823 ) 2226.191 ( 20.461 ) 2968.600 ( 144.867 )
1575.050 ( 21.470 ) 1722.800 ( 73.122 ) 2225.459 ( 24.697 ) 3023.200 ( 190.169 )
1575.050 ( 21.470 ) 1755.400 ( 41.992 ) 2207.899 ( 24.570 ) 2908.600 ( 164.884 )
1575.050 ( 21.470 ) 1767.950 ( 62.444 ) 2218.270 ( 23.321 ) 2944.950 ( 208.962 )
1575.050 ( 21.470 ) 1742.950 ( 56.099 ) 2221.301 ( 17.733 ) 2973.200 ( 157.577 )
1575.050 ( 21.470 ) 1770.600 ( 37.535 ) 2229.467 ( 26.578 ) 2941.200 ( 128.133 )
1573.650 ( 21.558 ) 1746.550 ( 78.096 ) 2223.135 ( 24.258 ) 2924.250 ( 147.148 )
1573.650 ( 21.558 ) 1748.100 ( 58.137 ) 2223.412 ( 26.372 ) 3006.650 ( 138.231 )
1573.650 ( 21.558 ) 1760.700 ( 48.106 ) 2221.850 ( 20.873 ) 2995.950 ( 147.587 )
1573.650 ( 21.558 ) 1747.400 ( 64.764 ) 2208.264 ( 28.420 ) 2949.200 ( 127.307 )
1572.550 ( 21.151 ) 1747.400 ( 72.790 ) 2226.052 ( 17.904 ) 2898.950 ( 131.297 )
1572.550 ( 21.151 ) 1748.250 ( 54.785 ) 2231.229 ( 22.543 ) 2964.250 ( 135.749 )
1572.550 ( 21.151 ) 1746.900 ( 56.613 ) 2222.833 ( 20.578 ) 2964.050 ( 194.514 )
1572.550 ( 21.151 ) 1754.000 ( 52.050 ) 2227.770 ( 23.093 ) 2945.600 ( 160.543 )
1572.550 ( 21.151 ) 1758.350 ( 48.366 ) 2226.211 ( 29.146 ) 2988.050 ( 174.114 )
1572.550 ( 21.151 ) 1751.750 ( 49.532 ) 2220.247 ( 20.817 ) 2985.500 ( 186.843 )
1572.550 ( 21.151 ) 1743.550 ( 55.130 ) 2220.129 ( 30.477 ) 3005.400 ( 197.584 )
1572.550 ( 21.151 ) 1744.450 ( 57.720 ) 2218.198 ( 30.360 ) 2961.400 ( 197.582 )
1571.500 ( 21.276 ) 1727.250 ( 49.950 ) 2212.877 ( 24.460 ) 2942.600 ( 169.231 )
1571.500 ( 21.276 ) 1752.500 ( 53.357 ) 2224.282 ( 32.449 ) 2963.950 ( 163.349 )
1571.500 ( 21.276 ) 1727.300 ( 60.549 ) 2212.721 ( 18.781 ) 2907.300 ( 153.467 )
1571.500 ( 21.276 ) 1746.550 ( 48.166 ) 2217.541 ( 27.898 ) 3002.150 ( 198.157 )
1571.500 ( 21.276 ) 1760.150 ( 58.836 ) 2223.376 ( 23.408 ) 2956.250 ( 143.188 )
1571.500 ( 21.276 ) 1739.600 ( 47.207 ) 2223.217 ( 20.564 ) 2922.950 ( 178.726 )
1571.500 ( 21.276 ) 1747.050 ( 52.573 ) 2215.868 ( 26.342 ) 2979.450 ( 161.869 )
1571.500 ( 21.276 ) 1742.950 ( 49.915 ) 2223.749 ( 26.663 ) 2953.800 ( 161.733 )
1571.500 ( 21.276 ) 1753.600 ( 51.101 ) 2227.413 ( 17.668 ) 3018.600 ( 167.193 )
1571.500 ( 21.276 ) 1747.000 ( 61.218 ) 2220.773 ( 31.978 ) 3006.450 ( 153.958 )
1571.500 ( 21.276 ) 1780.050 ( 48.670 ) 2226.956 ( 23.099 ) 2993.900 ( 187.344 )
1571.500 ( 21.276 ) 1747.250 ( 48.424 ) 2224.752 ( 25.225 ) 2987.600 ( 173.177 )
1571.500 ( 21.276 ) 1740.650 ( 42.776 ) 2213.690 ( 20.606 ) 2928.400 ( 205.994 )
1571.500 ( 21.276 ) 1742.100 ( 56.648 ) 2223.695 ( 20.525 ) 2965.750 ( 170.011 )
1571.500 ( 21.276 ) 1744.600 ( 55.049 ) 2225.374 ( 25.453 ) 2957.800 ( 102.072 )
1571.500 ( 21.276 ) 1745.550 ( 36.081 ) 2225.052 ( 18.601 ) 2968.350 ( 163.440 )
1571.500 ( 21.276 ) 1758.000 ( 57.099 ) 2219.714 ( 21.504 ) 2963.600 ( 134.868 )
1571.500 ( 21.276 ) 1753.600 ( 38.355 ) 2222.607 ( 30.167 ) 3017.150 ( 326.373 )
1571.500 ( 21.276 ) 1739.650 ( 62.605 ) 2231.314 ( 20.183 ) 2994.400 ( 160.291 )
1571.500 ( 21.276 ) 1747.650 ( 45.591 ) 2218.920 ( 28.606 ) 3020.450 ( 212.337 )
1571.500 ( 21.276 ) 1727.800 ( 67.559 ) 2219.299 ( 22.565 ) 3054.100 ( 155.174 )
1571.500 ( 21.276 ) 1760.600 ( 37.774 ) 2229.883 ( 28.361 ) 3021.000 ( 146.725 )
1571.500 ( 21.276 ) 1737.450 ( 50.994 ) 2227.858 ( 16.818 ) 3035.600 ( 164.356 )
1571.500 ( 21.276 ) 1745.650 ( 57.626 ) 2226.262 ( 25.682 ) 2961.400 ( 186.049 )
1571.500 ( 21.276 ) 1753.750 ( 49.561 ) 2222.877 ( 24.524 ) 2971.750 ( 192.228 )
1570.450 ( 19.335 ) 1741.250 ( 59.622 ) 2222.545 ( 22.567 ) 2984.250 ( 140.021 )
1570.450 ( 19.335 ) 1742.800 ( 80.198 ) 2227.296 ( 19.861 ) 2976.050 ( 197.519 )
1570.450 ( 19.335 ) 1751.300 ( 58.818 ) 2218.449 ( 25.291 ) 2970.350 ( 168.839 )
1568.150 ( 19.132 ) 1742.500 ( 73.919 ) 2218.481 ( 26.292 ) 3000.050 ( 145.119 )
1568.150 ( 19.132 ) 1763.600 ( 60.121 ) 2225.606 ( 25.646 ) 2937.150 ( 74.964 )
1568.150 ( 19.132 ) 1759.850 ( 60.438 ) 2220.613 ( 30.528 ) 2919.550 ( 122.399 )
1568.150 ( 19.132 ) 1741.350 ( 52.116 ) 2225.242 ( 21.606 ) 3040.000 ( 178.642 )
1568.150 ( 19.132 ) 1750.750 ( 45.015 ) 2222.763 ( 26.257 ) 2976.000 ( 132.897 )
1568.150 ( 19.132 ) 1786.650 ( 52.912 ) 2233.095 ( 28.230 ) 3002.500 ( 159.099 )
1568.150 ( 19.132 ) 1747.050 ( 62.845 ) 2231.922 ( 23.147 ) 2938.300 ( 129.911 )
1568.150 ( 19.132 ) 1750.950 ( 47.259 ) 2214.889 ( 18.180 ) 3005.500 ( 167.532 )
1568.150 ( 19.132 ) 1730.900 ( 48.533 ) 2224.406 ( 16.011 ) 2995.150 ( 215.978 )
1568.150 ( 19.132 ) 1742.650 ( 47.110 ) 2219.185 ( 22.341 ) 2960.250 ( 140.012 )
1568.150 ( 19.132 ) 1751.550 ( 53.064 ) 2215.695 ( 16.070 ) 2911.150 ( 155.219 )
1568.150 ( 19.132 ) 1762.900 ( 53.408 ) 2232.292 ( 25.086 ) 2964.300 ( 139.875 )
1568.150 ( 19.132 ) 1726.200 ( 59.876 ) 2220.016 ( 27.260 ) 2955.600 ( 185.059 )
1568.150 ( 19.132 ) 1762.900 ( 51.569 ) 2226.668 ( 27.860 ) 2955.300 ( 168.711 )
1568.150 ( 19.132 ) 1747.150 ( 43.096 ) 2222.798 ( 28.546 ) 2963.850 ( 164.929 )
1567.450 ( 18.186 ) 1735.500 ( 63.057 ) 2220.564 ( 29.907 ) 2995.650 ( 195.488 )
1567.450 ( 18.186 ) 1757.050 ( 44.592 ) 2224.553 ( 25.190 ) 2951.950 ( 133.061 )
1567.450 ( 18.186 ) 1749.050 ( 54.762 ) 2209.106 ( 24.253 ) 2937.800 ( 126.450 )
1567.450 ( 18.186 ) 1743.400 ( 47.326 ) 2225.851 ( 27.941 ) 2974.550 ( 155.924 )
1567.450 ( 18.186 ) 1763.650 ( 46.883 ) 2212.364 ( 20.333 ) 2931.150 ( 107.749 )
1567.450 ( 18.186 ) 1763.800 ( 44.981 ) 2217.824 ( 24.548 ) 2928.250 ( 134.219 )
1567.450 ( 18.186 ) 1748.600 ( 39.811 ) 2220.684 ( 21.745 ) 2978.750 ( 178.087 )
1567.450 ( 18.186 ) 1754.550 ( 57.271 ) 2220.124 ( 22.473 ) 2946.750 ( 124.538 )
1567.450 ( 18.186 ) 1759.900 ( 39.198 ) 2218.111 ( 20.053 ) 2951.900 ( 120.061 )
1567.450 ( 18.186 ) 1739.700 ( 66.165 ) 2223.188 ( 19.467 ) 2977.450 ( 127.896 )
1567.450 ( 18.186 ) 1756.900 ( 47.125 ) 2219.351 ( 25.046 ) 2936.350 ( 160.161 )
1567.450 ( 18.186 ) 1756.950 ( 64.388 ) 2219.169 ( 36.473 ) 2978.500 ( 197.323 )
1567.450 ( 18.186 ) 1735.600 ( 54.533 ) 2222.789 ( 29.090 ) 2967.650 ( 134.142 )
1567.450 ( 18.186 ) 1766.550 ( 37.204 ) 2222.780 ( 20.174 ) 2947.650 ( 174.063 )
1567.450 ( 18.186 ) 1758.500 ( 52.490 ) 2230.478 ( 26.281 ) 3001.900 ( 217.180 )
1567.450 ( 18.186 ) 1745.300 ( 48.533 ) 2224.983 ( 21.308 ) 2960.950 ( 131.100 )
1567.450 ( 18.186 ) 1750.100 ( 43.788 ) 2228.825 ( 17.472 ) 2975.500 ( 118.645 )
1567.450 ( 18.186 ) 1759.650 ( 57.895 ) 2228.182 ( 22.328 ) 2971.700 ( 161.011 )
1567.450 ( 18.186 ) 1743.150 ( 57.630 ) 2224.775 ( 23.244 ) 3036.350 ( 179.580 )
1567.450 ( 18.186 ) 1772.700 ( 58.684 ) 2227.886 ( 27.584 ) 2970.250 ( 196.962 )
1567.450 ( 18.186 ) 1737.800 ( 51.648 ) 2220.744 ( 26.598 ) 2946.750 ( 130.772 )
1567.450 ( 18.186 ) 1761.400 ( 66.077 ) 2229.140 ( 23.407 ) 2998.650 ( 157.707 )
1567.450 ( 18.186 ) 1772.150 ( 55.979 ) 2221.995 ( 25.292 ) 3044.900 ( 186.658 )
1567.450 ( 18.186 ) 1758.700 ( 52.462 ) 2222.894 ( 24.213 ) 2983.300 ( 173.177 )
1567.450 ( 18.186 ) 1773.800 ( 38.177 ) 2215.477 ( 18.932 ) 2924.350 ( 129.195 )
1567.450 ( 18.186 ) 1746.250 ( 60.297 ) 2221.232 ( 30.059 ) 2961.450 ( 148.703 )
1567.450 ( 18.186 ) 1750.900 ( 58.287 ) 2223.298 ( 23.962 ) 2931.250 ( 148.501 )
1567.300 ( 17.986 ) 1725.150 ( 53.696 ) 2216.627 ( 23.728 ) 2962.500 ( 106.007 )
1567.300 ( 17.986 ) 1745.250 ( 62.957 ) 2228.357 ( 19.524 ) 2971.300 ( 107.900 )
1567.300 ( 17.986 ) 1749.200 ( 66.193 ) 2223.873 ( 27.729 ) 2941.400 ( 140.139 )
1567.300 ( 17.986 ) 1765.950 ( 52.454 ) 2219.534 ( 28.361 ) 2937.850 ( 145.829 )
1567.300 ( 17.986 ) 1753.200 ( 56.523 ) 2219.675 ( 21.181 ) 2962.650 ( 143.520 )
1567.300 ( 17.986 ) 1734.100 ( 63.226 ) 2225.420 ( 23.877 ) 2994.300 ( 161.465 )
1567.300 ( 17.986 ) 1743.250 ( 52.576 ) 2223.132 ( 23.923 ) 2994.200 ( 159.835 )
1567.300 ( 17.986 ) 1764.850 ( 42.810 ) 2219.974 ( 16.817 ) 2964.800 ( 143.324 )
1567.300 ( 17.986 ) 1762.550 ( 42.692 ) 2221.763 ( 19.448 ) 2925.950 ( 125.583 )
1567.300 ( 17.986 ) 1739.450 ( 53.602 ) 2216.589 ( 20.052 ) 2918.250 ( 125.169 )
1567.300 ( 17.986 ) 1756.100 ( 42.941 ) 2214.208 ( 25.450 ) 2909.300 ( 140.968 )
1567.300 ( 17.986 ) 1744.600 ( 43.356 ) 2225.447 ( 25.847 ) 2984.250 ( 153.127 )
1567.300 ( 17.986 ) 1741.750 ( 39.584 ) 2216.202 ( 25.815 ) 2926.350 ( 140.710 )
1567.300 ( 17.986 ) 1746.600 ( 57.562 ) 2226.128 ( 20.586 ) 3015.100 ( 146.515 )
1567.300 ( 17.986 ) 1755.350 ( 59.090 ) 2228.518 ( 22.335 ) 2956.400 ( 149.404 )
1567.300 ( 17.986 ) 1775.500 ( 53.700 ) 2231.125 ( 31.929 ) 3014.700 ( 159.232 )
1567.300 ( 17.986 ) 1736.850 ( 53.637 ) 2207.215 ( 24.687 ) 2952.050 ( 197.234 )
1567.300 ( 17.986 ) 1738.900 ( 64.152 ) 2221.836 ( 26.017 ) 2952.950 ( 163.271 )
1567.300 ( 17.986 ) 1768.000 ( 36.648 ) 2226.137 ( 20.218 ) 2954.050 ( 137.334 )
1567.300 ( 17.986 ) 1755.100 ( 48.511 ) 2223.452 ( 19.383 ) 2989.200 ( 96.267 )
1567.300 ( 17.986 ) 1757.750 ( 46.853 ) 2225.557 ( 27.027 ) 3033.100 ( 197.936 )
1567.300 ( 17.986 ) 1730.200 ( 70.978 ) 2228.217 ( 22.890 ) 2988.150 ( 145.016 )
1567.300 ( 17.986 ) 1755.200 ( 49.058 ) 2223.113 ( 20.465 ) 2964.300 ( 125.273 )
1567.300 ( 17.986 ) 1749.900 ( 52.590 ) 2219.070 ( 25.948 ) 2932.400 ( 143.086 )
1567.300 ( 17.986 ) 1743.400 ( 60.717 ) 2223.565 ( 29.802 ) 3046.000 ( 185.474 )
1567.300 ( 17.986 ) 1736.750 ( 62.589 ) 2210.859 ( 21.085 ) 2955.750 ( 143.067 )
1567.300 ( 17.986 ) 1758.250 ( 58.552 ) 2229.229 ( 25.830 ) 2988.650 ( 161.348 )
1567.300 ( 17.986 ) 1766.900 ( 45.627 ) 2219.037 ( 25.251 ) 2988.900 ( 141.598 )
1567.300 ( 17.986 ) 1727.500 ( 59.234 ) 2219.807 ( 22.984 ) 3023.200 ( 178.737 )
1567.300 ( 17.986 ) 1744.200 ( 55.279 ) 2221.856 ( 30.941 ) 3007.650 ( 185.809 )
1567.300 ( 17.986 ) 1732.750 ( 50.624 ) 2209.511 ( 21.310 ) 2960.250 ( 99.263 )
1567.300 ( 17.986 ) 1726.250 ( 64.668 ) 2224.352 ( 23.688 ) 2993.500 ( 189.040 )
1567.300 ( 17.986 ) 1750.900 ( 51.278 ) 2214.562 ( 18.926 ) 3001.800 ( 182.644 )
1567.300 ( 17.986 ) 1732.700 ( 61.643 ) 2216.436 ( 26.146 ) 3000.050 ( 197.753 )
1567.300 ( 17.986 ) 1744.650 ( 51.023 ) 2218.202 ( 24.388 ) 2901.350 ( 100.530 )
1567.300 ( 17.986 ) 1740.100 ( 55.021 ) 2219.119 ( 19.836 ) 2980.900 ( 130.626 )
1567.050 ( 17.758 ) 1753.700 ( 67.871 ) 2223.901 ( 24.019 ) 2985.300 ( 160.845 )
1567.050 ( 17.758 ) 1770.250 ( 37.931 ) 2219.449 ( 19.262 ) 2993.250 ( 201.024 )
1567.050 ( 17.758 ) 1749.750 ( 46.600 ) 2218.721 ( 20.079 ) 2982.800 ( 185.614 )
1567.050 ( 17.758 ) 1750.300 ( 53.539 ) 2230.762 ( 23.341 ) 2998.900 ( 171.638 )
1567.050 ( 17.758 ) 1752.850 ( 53.177 ) 2222.945 ( 19.775 ) 2910.150 ( 120.877 )
1567.050 ( 17.758 ) 1746.350 ( 55.721 ) 2225.215 ( 23.276 ) 2967.750 ( 187.886 )
1567.050 ( 17.758 ) 1734.450 ( 49.349 ) 2224.848 ( 23.366 ) 2961.400 ( 160.052 )
1567.050 ( 17.758 ) 1755.600 ( 67.507 ) 2216.909 ( 25.824 ) 2981.950 ( 159.071 )
1567.050 ( 17.758 ) 1741.400 ( 51.291 ) 2215.784 ( 17.178 ) 2922.700 ( 172.630 )
1566.300 ( 18.100 ) 1739.450 ( 69.268 ) 2225.236 ( 27.180 ) 2925.950 ( 134.255 )
1566.300 ( 18.100 ) 1757.800 ( 46.423 ) 2216.165 ( 21.905 ) 2937.300 ( 133.218 )
1566.300 ( 18.100 ) 1764.750 ( 59.397 ) 2218.136 ( 17.435 ) 2985.150 ( 158.909 )
1566.300 ( 18.100 ) 1728.150 ( 53.208 ) 2222.093 ( 28.821 ) 2943.900 ( 138.190 )
1566.300 ( 18.100 ) 1758.200 ( 57.270 ) 2213.394 ( 29.578 ) 2973.450 ( 161.611 )
1566.300 ( 18.100 ) 1756.600 ( 67.266 ) 2222.855 ( 23.328 ) 2961.300 ( 134.143 )
1566.300 ( 18.100 ) 1769.650 ( 52.811 ) 2221.152 ( 22.298 ) 2929.800 ( 145.634 )
1566.300 ( 18.100 ) 1744.200 ( 65.380 ) 2225.333 ( 21.538 ) 3004.100 ( 204.934 )
1566.300 ( 18.100 ) 1763.350 ( 69.320 ) 2223.417 ( 19.686 ) 3018.350 ( 163.863 )
1566.300 ( 18.100 ) 1743.750 ( 55.781 ) 2217.474 ( 18.421 ) 2949.850 ( 147.960 )
1566.300 ( 18.100 ) 1765.650 ( 43.461 ) 2238.357 ( 21.295 ) 3078.300 ( 157.997 )
1566.300 ( 18.100 ) 1754.300 ( 40.970 ) 2226.082 ( 34.936 ) 2989.050 ( 201.652 )
1566.300 ( 18.100 ) 1729.900 ( 47.657 ) 2223.564 ( 19.791 ) 3016.750 ( 143.363 )
1566.300 ( 18.100 ) 1760.000 ( 55.143 ) 2225.466 ( 24.903 ) 3001.850 ( 154.230 )
1566.300 ( 18.100 ) 1768.950 ( 41.653 ) 2233.279 ( 23.012 ) 2981.550 ( 147.295 )
1566.300 ( 18.100 ) 1756.700 ( 49.732 ) 2225.994 ( 23.113 ) 3037.600 ( 205.290 )
1566.300 ( 18.100 ) 1730.750 ( 48.616 ) 2218.271 ( 24.898 ) 2975.950 ( 196.820 )
1566.300 ( 18.100 ) 1777.450 ( 63.103 ) 2225.800 ( 26.309 ) 2959.900 ( 142.018 )
1566.300 ( 18.100 ) 1769.650 ( 36.965 ) 2228.233 ( 28.867 ) 3007.300 ( 159.081 )
1566.300 ( 18.100 ) 1741.350 ( 46.677 ) 2222.419 ( 27.459 ) 2946.450 ( 117.182 )
1566.300 ( 18.100 ) 1760.200 ( 46.608 ) 2223.999 ( 22.625 ) 2970.750 ( 190.739 )
1566.300 ( 18.100 ) 1752.600 ( 44.674 ) 2225.052 ( 28.856 ) 2969.900 ( 155.455 )
1566.300 ( 18.100 ) 1767.850 ( 51.035 ) 2229.489 ( 16.583 ) 3006.300 ( 140.346 )
1566.300 ( 18.100 ) 1764.750 ( 47.320 ) 2224.193 ( 27.559 ) 3027.200 ( 186.392 )
1566.300 ( 18.100 ) 1762.950 ( 55.919 ) 2221.410 ( 20.454 ) 2984.150 ( 193.269 )
1566.300 ( 18.100 ) 1734.650 ( 61.155 ) 2222.716 ( 19.372 ) 3003.300 ( 167.288 )
1566.300 ( 18.100 ) 1732.100 ( 40.888 ) 2212.154 ( 23.361 ) 3006.550 ( 180.724 )
1566.300 ( 18.100 ) 1723.250 ( 50.026 ) 2217.544 ( 19.062 ) 3020.600 ( 153.872 )
1566.300 ( 18.100 ) 1775.650 ( 52.012 ) 2224.489 ( 15.218 ) 2952.000 ( 162.227 )
1566.300 ( 18.100 ) 1763.150 ( 43.453 ) 2221.801 ( 21.039 ) 2907.000 ( 130.990 )
1566.300 ( 18.100 ) 1761.050 ( 57.789 ) 2217.726 ( 21.088 ) 3018.250 ( 202.455 )
1563.400 ( 24.003 ) 1755.450 ( 76.995 ) 2221.000 ( 20.972 ) 2926.000 ( 119.927 )
1563.400 ( 24.003 ) 1746.050 ( 53.036 ) 2222.619 ( 25.894 ) 2926.000 ( 147.451 )
1563.400 ( 24.003 ) 1748.500 ( 50.101 ) 2221.679 ( 19.910 ) 2957.150 ( 146.177 )
1563.400 ( 24.003 ) 1746.200 ( 55.166 ) 2223.599 ( 29.604 ) 3014.200 ( 145.125 )
1563.400 ( 24.003 ) 1750.050 ( 55.515 ) 2217.106 ( 22.854 ) 2970.300 ( 178.976 )
1563.400 ( 24.003 ) 1740.600 ( 39.355 ) 2215.714 ( 27.486 ) 2939.450 ( 120.429 )
1563.400 ( 24.003 ) 1744.750 ( 54.849 ) 2217.255 ( 17.069 ) 2980.650 ( 156.101 )
1563.400 ( 24.003 ) 1738.400 ( 47.508 ) 2226.276 ( 20.574 ) 2977.400 ( 112.993 )
1563.400 ( 24.003 ) 1754.600 ( 55.478 ) 2219.604 ( 17.776 ) 2945.950 ( 133.383 )
1563.400 ( 24.003 ) 1760.200 ( 45.918 ) 2228.673 ( 25.657 ) 2967.250 ( 166.563 )
1563.400 ( 24.003 ) 1730.650 ( 62.014 ) 2235.959 ( 25.726 ) 3023.350 ( 159.006 )
1563.400 ( 24.003 ) 1757.000 ( 66.988 ) 2220.159 ( 31.041 ) 3006.200 ( 209.446 )
1563.400 ( 24.003 ) 1734.200 ( 59.567 ) 2219.877 ( 25.893 ) 3008.300 ( 217.245 )
1563.400 ( 24.003 ) 1738.000 ( 66.223 ) 2223.842 ( 27.749 ) 2978.800 ( 140.591 )
1563.400 ( 24.003 ) 1738.900 ( 48.603 ) 2215.523 ( 24.754 ) 2888.300 ( 124.623 )
1563.400 ( 24.003 ) 1754.400 ( 56.839 ) 2229.587 ( 24.039 ) 3067.250 ( 223.907 )
1563.400 ( 24.003 ) 1756.600 ( 67.850 ) 2234.829 ( 21.514 ) 2956.250 ( 153.585 )
1563.400 ( 24.003 ) 1761.100 ( 62.515 ) 2233.305 ( 28.438 ) 2989.700 ( 181.018 )
1563.400 ( 24.003 ) 1749.850 ( 49.774 ) 2224.077 ( 22.703 ) 2949.550 ( 115.914 )
1563.400 ( 24.003 ) 1765.050 ( 52.592 ) 2216.391 ( 30.065 ) 2995.550 ( 152.801 )
1563.400 ( 24.003 ) 1738.850 ( 67.507 ) 2229.486 ( 23.761 ) 2961.700 ( 97.398 )
1563.400 ( 24.003 ) 1750.600 ( 53.340 ) 2218.439 ( 13.088 ) 2978.900 ( 148.822 )
1563.400 ( 24.003 ) 1723.700 ( 62.162 ) 2230.609 ( 22.705 ) 3002.950 ( 176.179 )
1563.400 ( 24.003 ) 1765.600 ( 51.527 ) 2223.819 ( 25.692 ) 3018.750 ( 202.547 )
1563.400 ( 24.003 ) 1751.550 ( 48.768 ) 2219.146 ( 20.232 ) 2958.750 ( 110.823 )
1563.400 ( 24.003 ) 1748.650 ( 74.350 ) 2212.132 ( 17.229 ) 2907.350 ( 122.593 )
1563.400 ( 24.003 ) 1735.250 ( 59.005 ) 2217.068 ( 20.037 ) 2997.850 ( 176.845 )
1563.400 ( 24.003 ) 1745.050 ( 44.605 ) 2213.190 ( 24.068 ) 2949.100 ( 169.239 )
1563.400 ( 24.003 ) 1756.100 ( 51.431 ) 2242.770 ( 19.303 ) 3043.400 ( 174.136 )
1563.400 ( 24.003 ) 1754.650 ( 58.752 ) 2224.838 ( 31.053 ) 2952.700 ( 159.965 )
1563.400 ( 24.003 ) 1754.250 ( 60.042 ) 2222.506 ( 32.005 ) 2973.300 ( 166.068 )
1563.400 ( 24.003 ) 1748.850 ( 46.635 ) 2215.179 ( 22.949 ) 2971.550 ( 210.738 )
1563.400 ( 24.003 ) 1766.250 ( 47.050 ) 2224.490 ( 19.699 ) 2998.650 ( 194.297 )
1563.400 ( 24.003 ) 1745.650 ( 62.170 ) 2224.046 ( 22.015 ) 3007.850 ( 159.637 )
1563.400 ( 24.003 ) 1736.500 ( 46.716 ) 2229.238 ( 22.958 ) 2974.600 ( 142.345 )
1563.400 ( 24.003 ) 1734.400 ( 50.371 ) 2229.031 ( 27.500 ) 2932.650 ( 116.647 )
1563.400 ( 24.003 ) 1745.500 ( 44.687 ) 2223.077 ( 15.000 ) 2989.150 ( 169.580 )
1563.400 ( 24.003 ) 1758.700 ( 61.102 ) 2220.256 ( 22.095 ) 2945.250 ( 96.102 )
1563.400 ( 24.003 ) 1777.750 ( 53.050 ) 2221.112 ( 16.927 ) 2964.500 ( 125.502 )
1563.400 ( 24.003 ) 1760.850 ( 50.191 ) 2221.134 ( 17.940 ) 2962.700 ( 141.037 )
1563.400 ( 24.003 ) 1734.200 ( 53.501 ) 2226.838 ( 25.623 ) 2966.900 ( 129.614 )
1563.400 ( 24.003 ) 1741.100 ( 58.104 ) 2223.719 ( 31.999 ) 2995.250 ( 124.182 )
1563.400 ( 24.003 ) 1759.750 ( 44.671 ) 2216.152 ( 20.226 ) 2988.200 ( 149.228 )
1563.400 ( 24.003 ) 1753.250 ( 39.456 ) 2216.594 ( 21.873 ) 2975.300 ( 178.945 )
1563.400 ( 24.003 ) 1745.750 ( 56.346 ) 2218.683 ( 21.448 ) 2968.550 ( 225.471 )
1563.400 ( 24.003 ) 1764.800 ( 53.293 ) 2220.507 ( 24.245 ) 2962.350 ( 146.210 )
1563.400 ( 24.003 ) 1756.000 ( 45.299 ) 2229.305 ( 29.120 ) 2980.550 ( 113.258 )
1563.400 ( 24.003 ) 1752.700 ( 70.970 ) 2217.179 ( 23.083 ) 2992.000 ( 211.184 )
1563.400 ( 24.003 ) 1748.100 ( 69.056 ) 2221.491 ( 16.970 ) 2996.400 ( 166.925 )
1563.400 ( 24.003 ) 1746.500 ( 47.969 ) 2228.591 ( 22.152 ) 2990.100 ( 138.812 )
1563.400 ( 24.003 ) 1742.600 ( 45.758 ) 2230.941 ( 19.740 ) 3000.000 ( 135.542 )
1563.400 ( 24.003 ) 1752.400 ( 63.061 ) 2223.624 ( 27.811 ) 3015.150 ( 95.051 )
1563.400 ( 24.003 ) 1744.350 ( 67.294 ) 2218.433 ( 24.231 ) 3007.750 ( 181.812 )
1563.400 ( 24.003 ) 1747.750 ( 65.985 ) 2226.806 ( 17.860 ) 2938.300 ( 150.902 )
1563.400 ( 24.003 ) 1772.600 ( 66.040 ) 2224.233 ( 27.402 ) 3038.300 ( 150.530 )
1563.400 ( 24.003 ) 1726.950 ( 57.474 ) 2222.195 ( 20.600 ) 3042.650 ( 166.707 )
1563.400 ( 24.003 ) 1732.850 ( 60.670 ) 2224.460 ( 30.461 ) 3017.600 ( 231.722 )
1563.400 ( 24.003 ) 1750.750 ( 50.185 ) 2221.414 ( 22.753 ) 2954.100 ( 90.626 )
1563.400 ( 24.003 ) 1728.800 ( 64.230 ) 2220.226 ( 25.258 ) 2964.750 ( 140.303 )
1563.000 ( 23.484 ) 1751.550 ( 59.400 ) 2220.122 ( 14.927 ) 2963.850 ( 141.595 )
1563.000 ( 23.484 ) 1780.200 ( 54.042 ) 2224.302 ( 21.405 ) 2979.300 ( 142.483 )
1563.000 ( 23.484 ) 1743.500 ( 46.444 ) 2220.974 ( 20.708 ) 2968.750 ( 164.137 )
1563.000 ( 23.484 ) 1749.700 ( 52.254 ) 2217.387 ( 22.417 ) 2980.350 ( 150.923 )
1563.000 ( 23.484 ) 1752.100 ( 45.268 ) 2216.921 ( 29.445 ) 2952.500 ( 153.822 )
1563.000 ( 23.484 ) 1748.850 ( 49.062 ) 2226.142 ( 20.234 ) 2968.800 ( 159.030 )
1563.000 ( 23.484 ) 1767.850 ( 55.914 ) 2229.444 ( 24.812 ) 3032.250 ( 162.376 )
1563.000 ( 23.484 ) 1751.350 ( 67.441 ) 2221.507 ( 23.254 ) 2950.300 ( 132.607 )
1563.000 ( 23.484 ) 1754.500 ( 53.804 ) 2217.436 ( 23.265 ) 2956.450 ( 109.719 )
1563.000 ( 23.484 ) 1763.050 ( 50.173 ) 2225.533 ( 20.472 ) 2949.050 ( 126.276 )
1563.000 ( 23.484 ) 1745.350 ( 52.231 ) 2226.267 ( 24.637 ) 2984.100 ( 160.987 )
1563.000 ( 23.484 ) 1731.600 ( 59.737 ) 2218.881 ( 30.021 ) 2965.850 ( 126.396 )
1563.000 ( 23.484 ) 1740.850 ( 57.585 ) 2220.706 ( 28.873 ) 2920.500 ( 106.601 )
1563.000 ( 23.484 ) 1742.950 ( 38.104 ) 2224.868 ( 19.270 ) 2986.100 ( 176.293 )
1563.000 ( 23.484 ) 1759.700 ( 47.950 ) 2222.550 ( 27.770 ) 2945.050 ( 134.495 )
1563.000 ( 23.484 ) 1748.150 ( 49.995 ) 2235.468 ( 24.625 ) 2993.050 ( 129.552 )
1563.000 ( 23.484 ) 1761.100 ( 39.690 ) 2226.506 ( 24.727 ) 2936.650 ( 122.583 )
1563.000 ( 23.484 ) 1746.600 ( 57.987 ) 2217.728 ( 16.790 ) 2988.850 ( 138.657 )
1563.000 ( 23.484 ) 1743.000 ( 59.968 ) 2231.680 ( 26.056 ) 3019.100 ( 202.398 )
1563.000 ( 23.484 ) 1741.100 ( 50.479 ) 2232.595 ( 20.772 ) 2984.300 ( 175.558 )
1563.000 ( 23.484 ) 1749.800 ( 50.007 ) 2218.345 ( 27.289 ) 2980.450 ( 139.201 )
1563.000 ( 23.484 ) 1728.650 ( 63.718 ) 2223.006 ( 20.912 ) 2874.550 ( 82.579 )
1563.000 ( 23.484 ) 1766.650 ( 56.492 ) 2221.019 ( 13.893 ) 2960.300 ( 106.864 )
1563.000 ( 23.484 ) 1732.550 ( 58.300 ) 2222.369 ( 20.710 ) 2984.800 ( 182.279 )
1563.000 ( 23.484 ) 1757.050 ( 60.375 ) 2223.646 ( 27.216 ) 2982.550 ( 145.884 )
1563.000 ( 23.484 ) 1746.600 ( 52.712 ) 2220.764 ( 22.986 ) 3022.050 ( 232.582 )
1563.000 ( 23.484 ) 1732.350 ( 65.982 ) 2215.214 ( 24.458 ) 2944.150 ( 143.824 )
1563.000 ( 23.484 ) 1727.550 ( 47.552 ) 2213.503 ( 24.393 ) 2977.550 ( 117.730 )
1563.000 ( 23.484 ) 1762.050 ( 52.982 ) 2225.609 ( 24.986 ) 2974.250 ( 138.741 )
1563.000 ( 23.484 ) 1746.750 ( 60.447 ) 2224.281 ( 32.448 ) 3054.050 ( 247.079 )
1563.000 ( 23.484 ) 1747.300 ( 64.174 ) 2221.097 ( 19.340 ) 2960.950 ( 146.060 )
1563.000 ( 23.484 ) 1732.650 ( 62.643 ) 2216.779 ( 25.637 ) 2990.300 ( 186.240 )
1563.000 ( 23.484 ) 1763.200 ( 66.972 ) 2224.736 ( 23.354 ) 2919.250 ( 75.796 )
1563.000 ( 23.484 ) 1759.200 ( 33.949 ) 2215.658 ( 11.160 ) 2943.650 ( 161.146 )
1563.000 ( 23.484 ) 1755.300 ( 56.344 ) 2223.610 ( 20.603 ) 2983.500 ( 167.565 )
1563.000 ( 23.484 ) 1751.250 ( 49.477 ) 2219.338 ( 20.723 ) 3016.350 ( 165.062 )
1563.000 ( 23.484 ) 1758.250 ( 66.141 ) 2226.564 ( 21.054 ) 2982.700 ( 132.076 )
1563.000 ( 23.484 ) 1749.950 ( 54.191 ) 2222.567 ( 25.650 ) 2965.850 ( 172.779 )
1563.000 ( 23.484 ) 1728.750 ( 63.220 ) 2222.963 ( 27.789 ) 2939.650 ( 162.139 )
1563.000 ( 23.484 ) 1758.150 ( 56.006 ) 2218.794 ( 24.903 ) 2954.000 ( 126.730 )
1563.000 ( 23.484 ) 1758.100 ( 50.825 ) 2220.077 ( 27.119 ) 3010.050 ( 158.237 )
1563.000 ( 23.484 ) 1753.700 ( 48.585 ) 2219.069 ( 19.539 ) 2994.050 ( 149.814 )
1563.000 ( 23.484 ) 1731.350 ( 52.605 ) 2224.163 ( 19.749 ) 2944.350 ( 97.900 )
1563.000 ( 23.484 ) 1770.200 ( 56.373 ) 2224.779 ( 25.026 ) 3032.300 ( 167.020 )
1563.000 ( 23.484 ) 1739.300 ( 48.363 ) 2214.350 ( 27.180 ) 2910.750 ( 150.073 )
1563.000 ( 23.484 ) 1757.050 ( 60.974 ) 2227.562 ( 21.751 ) 2957.350 ( 140.063 )
1563.000 ( 23.484 ) 1742.850 ( 53.305 ) 2221.959 ( 28.502 ) 2965.550 ( 235.848 )
1563.000 ( 23.484 ) 1776.500 ( 54.126 ) 2220.784 ( 22.816 ) 2921.950 ( 162.930 )
1563.000 ( 23.484 ) 1755.500 ( 36.371 ) 2221.804 ( 17.228 ) 2929.200 ( 148.439 )
1563.000 ( 23.484 ) 1736.900 ( 58.055 ) 2214.383 ( 16.513 ) 2937.400 ( 128.421 )
1563.000 ( 23.484 ) 1756.100 ( 72.641 ) 2231.689 ( 26.558 ) 3013.200 ( 196.628 )
1563.000 ( 23.484 ) 1733.900 ( 51.907 ) 2227.115 ( 30.073 ) 3021.950 ( 249.594 )
1563.000 ( 23.484 ) 1759.050 ( 64.587 ) 2223.162 ( 22.167 ) 2937.400 ( 126.534 )
1563.000 ( 23.484 ) 1751.100 ( 43.293 ) 2216.284 ( 24.487 ) 3018.950 ( 132.350 )
