1696.900 ( 34.771 ) 1696.900 ( 34.771 ) 2068.297 ( 11.147 ) 2651.750 ( 153.230 )
1674.400 ( 33.763 ) 1697.550 ( 41.164 ) 2042.653 ( 21.831 ) 2610.500 ( 163.031 )
1666.850 ( 27.952 ) 1713.400 ( 36.325 ) 2083.117 ( 18.826 ) 2615.450 ( 141.628 )
1662.500 ( 27.130 ) 1715.950 ( 38.689 ) 2099.927 ( 18.444 ) 2637.400 ( 87.888 )
1656.300 ( 24.888 ) 1704.600 ( 43.159 ) 2094.704 ( 13.396 ) 2671.950 ( 112.682 )
1649.950 ( 21.706 ) 1700.250 ( 42.675 ) 2086.956 ( 22.987 ) 2658.450 ( 109.720 )
1636.100 ( 37.021 ) 1696.050 ( 62.858 ) 2062.305 ( 21.429 ) 2624.100 ( 77.556 )
1630.200 ( 36.564 ) 1689.000 ( 46.608 ) 2066.078 ( 18.478 ) 2624.850 ( 115.864 )
1629.250 ( 36.036 ) 1700.400 ( 29.912 ) 2054.712 ( 23.159 ) 2630.750 ( 122.061 )
1627.050 ( 35.297 ) 1689.400 ( 45.508 ) 2062.677 ( 19.020 ) 2697.950 ( 126.254 )
1621.550 ( 34.117 ) 1686.200 ( 49.250 ) 2050.055 ( 15.373 ) 2617.550 ( 132.971 )
1611.050 ( 37.096 ) 1667.700 ( 52.333 ) 2047.961 ( 21.459 ) 2632.250 ( 116.721 )
1603.750 ( 37.575 ) 1668.050 ( 42.114 ) 2048.144 ( 22.360 ) 2635.700 ( 135.667 )
1603.750 ( 37.575 ) 1690.900 ( 39.638 ) 2044.361 ( 15.754 ) 2622.850 ( 140.916 )
1601.800 ( 35.962 ) 1685.550 ( 38.370 ) 2055.233 ( 14.704 ) 2593.550 ( 83.926 )
1601.800 ( 35.962 ) 1690.000 ( 35.637 ) 2045.845 ( 21.981 ) 2635.650 ( 124.553 )
1599.300 ( 33.919 ) 1678.950 ( 36.478 ) 2047.759 ( 19.461 ) 2619.950 ( 146.106 )
1597.400 ( 34.506 ) 1681.300 ( 56.447 ) 2041.129 ( 14.725 ) 2607.700 ( 110.665 )
1597.250 ( 34.496 ) 1685.800 ( 30.276 ) 2046.298 ( 19.845 ) 2627.200 ( 121.437 )
1597.250 ( 34.496 ) 1685.600 ( 51.472 ) 2038.599 ( 15.642 ) 2549.850 ( 76.680 )
1595.600 ( 35.156 ) 1675.000 ( 45.105 ) 2039.659 ( 17.497 ) 2610.450 ( 83.413 )
1595.500 ( 35.092 ) 1679.150 ( 36.118 ) 2043.134 ( 17.963 ) 2641.250 ( 91.531 )
1595.500 ( 35.092 ) 1693.400 ( 38.929 ) 2037.440 ( 12.053 ) 2646.500 ( 131.902 )
1592.800 ( 34.665 ) 1674.650 ( 44.183 ) 2042.621 ( 17.355 ) 2627.700 ( 102.674 )
1592.700 ( 34.618 ) 1687.650 ( 42.716 ) 2045.552 ( 19.092 ) 2632.450 ( 121.613 )
1591.750 ( 33.608 ) 1672.600 ( 35.635 ) 2043.124 ( 19.728 ) 2645.950 ( 137.268 )
1591.500 ( 33.392 ) 1692.750 ( 41.105 ) 2044.652 ( 15.447 ) 2622.550 ( 98.104 )
1587.850 ( 32.966 ) 1663.700 ( 50.260 ) 2046.612 ( 18.419 ) 2631.950 ( 120.905 )
1587.850 ( 32.966 ) 1682.050 ( 26.057 ) 2043.424 ( 18.784 ) 2600.850 ( 93.923 )
1584.700 ( 32.676 ) 1670.550 ( 48.588 ) 2039.484 ( 16.796 ) 2588.500 ( 115.640 )
1579.600 ( 34.359 ) 1662.900 ( 53.869 ) 2045.343 ( 16.832 ) 2662.600 ( 127.625 )
1579.500 ( 34.378 ) 1678.850 ( 41.237 ) 2038.630 ( 15.286 ) 2622.500 ( 121.243 )
1576.300 ( 38.247 ) 1669.550 ( 46.296 ) 2040.523 ( 20.015 ) 2572.300 ( 99.582 )
1576.300 ( 38.247 ) 1694.800 ( 40.157 ) 2045.552 ( 15.371 ) 2655.200 ( 121.390 )
1576.300 ( 38.247 ) 1689.250 ( 45.952 ) 2045.118 ( 15.501 ) 2641.100 ( 135.098 )
1575.400 ( 37.145 ) 1672.950 ( 58.482 ) 2048.166 ( 24.077 ) 2613.450 ( 121.816 )
1575.400 ( 37.145 ) 1671.300 ( 41.198 ) 2048.955 ( 22.859 ) 2639.050 ( 149.731 )
1574.700 ( 37.014 ) 1685.100 ( 47.339 ) 2040.647 ( 18.117 ) 2577.000 ( 94.532 )
1574.700 ( 37.014 ) 1687.100 ( 37.555 ) 2042.983 ( 20.242 ) 2619.500 ( 105.954 )
1574.350 ( 36.681 ) 1685.750 ( 38.393 ) 2039.746 ( 22.585 ) 2612.400 ( 121.502 )
1573.600 ( 36.031 ) 1676.300 ( 51.028 ) 2047.664 ( 18.727 ) 2635.600 ( 109.162 )
1571.750 ( 34.412 ) 1677.800 ( 47.071 ) 2048.320 ( 15.205 ) 2656.300 ( 154.660 )
1567.650 ( 31.644 ) 1693.700 ( 48.348 ) 2054.867 ( 16.985 ) 2661.150 ( 153.137 )
1567.650 ( 31.644 ) 1672.800 ( 35.527 ) 2036.882 ( 19.758 ) 2614.300 ( 116.770 )
1566.850 ( 31.063 ) 1680.600 ( 42.971 ) 2038.101 ( 14.038 ) 2670.050 ( 175.519 )
1566.850 ( 31.063 ) 1675.850 ( 32.746 ) 2042.829 ( 17.988 ) 2627.950 ( 99.259 )
1566.850 ( 31.063 ) 1689.850 ( 45.478 ) 2042.107 ( 21.077 ) 2675.550 ( 110.349 )
1565.250 ( 31.066 ) 1682.300 ( 55.339 ) 2045.512 ( 21.142 ) 2649.550 ( 112.055 )
1565.250 ( 31.066 ) 1684.550 ( 43.235 ) 2046.093 ( 20.141 ) 2650.200 ( 112.904 )
1564.850 ( 31.028 ) 1678.600 ( 39.552 ) 2043.858 ( 19.382 ) 2573.850 ( 109.321 )
1564.850 ( 31.028 ) 1678.350 ( 30.419 ) 2041.951 ( 18.849 ) 2628.750 ( 136.143 )
1564.850 ( 31.028 ) 1674.050 ( 46.425 ) 2044.917 ( 14.102 ) 2692.050 ( 154.855 )
1564.850 ( 31.028 ) 1687.000 ( 41.136 ) 2049.184 ( 22.386 ) 2634.600 ( 86.976 )
1564.850 ( 31.028 ) 1689.000 ( 38.004 ) 2046.897 ( 18.440 ) 2690.950 ( 153.127 )
1564.850 ( 31.028 ) 1692.500 ( 36.618 ) 2036.543 ( 19.066 ) 2649.200 ( 155.970 )
1564.850 ( 31.028 ) 1689.650 ( 29.488 ) 2046.179 ( 14.921 ) 2641.650 ( 94.680 )
1564.850 ( 31.028 ) 1680.050 ( 32.528 ) 2047.204 ( 20.670 ) 2664.450 ( 148.211 )
1564.850 ( 31.028 ) 1667.800 ( 41.401 ) 2047.246 ( 17.535 ) 2679.350 ( 122.327 )
1562.100 ( 29.943 ) 1673.550 ( 40.446 ) 2045.278 ( 15.410 ) 2614.400 ( 122.582 )
1562.100 ( 29.943 ) 1678.100 ( 42.172 ) 2042.083 ( 21.167 ) 2653.400 ( 147.887 )
1562.100 ( 29.943 ) 1680.000 ( 40.629 ) 2035.958 ( 16.134 ) 2662.500 ( 141.850 )
1562.100 ( 29.943 ) 1678.950 ( 45.511 ) 2041.251 ( 16.658 ) 2645.900 ( 173.634 )
1562.100 ( 29.943 ) 1681.250 ( 44.958 ) 2047.882 ( 19.913 ) 2684.150 ( 151.544 )
1562.100 ( 29.943 ) 1670.700 ( 38.283 ) 2040.869 ( 13.313 ) 2669.750 ( 164.862 )
1562.100 ( 29.943 ) 1690.400 ( 33.667 ) 2040.138 ( 14.677 ) 2632.300 ( 105.970 )
1562.100 ( 29.943 ) 1676.750 ( 42.326 ) 2044.068 ( 17.814 ) 2591.300 ( 81.811 )
1562.100 ( 29.943 ) 1701.200 ( 44.655 ) 2050.008 ( 14.133 ) 2648.650 ( 186.051 )
1562.100 ( 29.943 ) 1686.050 ( 38.265 ) 2042.485 ( 19.366 ) 2587.200 ( 86.901 )
1562.100 ( 29.943 ) 1684.450 ( 45.799 ) 2043.984 ( 15.558 ) 2687.450 ( 141.020 )
1562.100 ( 29.943 ) 1666.400 ( 38.832 ) 2043.563 ( 17.251 ) 2661.300 ( 169.160 )
1562.100 ( 29.943 ) 1679.700 ( 49.266 ) 2045.123 ( 14.825 ) 2621.750 ( 140.288 )
1562.100 ( 29.943 ) 1696.350 ( 49.007 ) 2046.406 ( 14.957 ) 2639.750 ( 207.044 )
1562.100 ( 29.943 ) 1685.550 ( 44.571 ) 2047.248 ( 17.102 ) 2740.250 ( 126.275 )
1562.100 ( 29.943 ) 1677.450 ( 48.256 ) 2049.794 ( 20.548 ) 2693.300 ( 129.078 )
1559.650 ( 28.292 ) 1670.300 ( 38.406 ) 2039.484 ( 15.334 ) 2623.050 ( 98.714 )
1559.650 ( 28.292 ) 1677.750 ( 45.065 ) 2050.689 ( 20.392 ) 2695.500 ( 134.600 )
1558.950 ( 27.086 ) 1668.400 ( 42.505 ) 2042.796 ( 17.595 ) 2623.300 ( 139.287 )
1558.950 ( 27.086 ) 1685.550 ( 44.137 ) 2048.872 ( 19.262 ) 2623.050 ( 123.918 )
1558.950 ( 27.086 ) 1671.100 ( 36.579 ) 2042.223 ( 14.143 ) 2650.350 ( 154.186 )
1556.500 ( 26.834 ) 1680.500 ( 52.685 ) 2045.820 ( 14.819 ) 2685.550 ( 192.665 )
1556.500 ( 26.834 ) 1673.450 ( 28.617 ) 2038.496 ( 18.503 ) 2619.700 ( 134.728 )
1556.500 ( 26.834 ) 1678.300 ( 33.273 ) 2047.059 ( 18.101 ) 2666.800 ( 195.830 )
1553.200 ( 25.295 ) 1685.700 ( 53.519 ) 2044.130 ( 18.963 ) 2633.150 ( 125.194 )
1553.200 ( 25.295 ) 1684.600 ( 42.202 ) 2049.095 ( 15.195 ) 2601.700 ( 102.827 )
1553.200 ( 25.295 ) 1658.900 ( 56.485 ) 2047.552 ( 18.410 ) 2643.850 ( 143.452 )
1553.200 ( 25.295 ) 1687.200 ( 31.998 ) 2046.644 ( 17.928 ) 2629.050 ( 139.459 )
1553.200 ( 25.295 ) 1673.750 ( 40.510 ) 2039.984 ( 18.705 ) 2610.250 ( 106.809 )
1553.200 ( 25.295 ) 1688.050 ( 47.243 ) 2044.017 ( 20.629 ) 2684.550 ( 164.037 )
1553.200 ( 25.295 ) 1674.650 ( 50.859 ) 2046.566 ( 24.270 ) 2639.150 ( 174.908 )
1552.800 ( 25.311 ) 1662.150 ( 48.833 ) 2035.985 ( 16.083 ) 2662.800 ( 222.159 )
1551.450 ( 26.080 ) 1665.050 ( 43.989 ) 2043.018 ( 19.811 ) 2645.400 ( 147.841 )
1551.450 ( 26.080 ) 1670.550 ( 40.381 ) 2041.621 ( 20.273 ) 2674.750 ( 151.964 )
1551.450 ( 26.080 ) 1685.900 ( 36.744 ) 2045.116 ( 18.651 ) 2593.400 ( 92.213 )
1551.450 ( 26.080 ) 1695.500 ( 31.333 ) 2053.420 ( 16.092 ) 2710.950 ( 158.827 )
1551.450 ( 26.080 ) 1682.950 ( 41.042 ) 2046.356 ( 17.258 ) 2652.650 ( 119.680 )
1551.450 ( 26.080 ) 1694.600 ( 33.407 ) 2053.088 ( 12.000 ) 2738.600 ( 166.907 )
1548.250 ( 24.016 ) 1665.700 ( 56.926 ) 2052.795 ( 20.481 ) 2691.200 ( 149.433 )
1548.250 ( 24.016 ) 1671.000 ( 47.101 ) 2043.803 ( 16.554 ) 2662.000 ( 126.209 )
1548.250 ( 24.016 ) 1683.200 ( 36.784 ) 2052.668 ( 15.838 ) 2650.200 ( 136.704 )
1548.250 ( 24.016 ) 1674.650 ( 40.264 ) 2043.074 ( 22.938 ) 2658.550 ( 161.794 )
1548.250 ( 24.016 ) 1682.000 ( 43.006 ) 2039.951 ( 18.562 ) 2693.000 ( 170.759 )
1548.250 ( 24.016 ) 1679.600 ( 38.912 ) 2045.374 ( 21.556 ) 2646.800 ( 135.943 )
1548.250 ( 24.016 ) 1680.700 ( 34.443 ) 2045.047 ( 21.675 ) 2711.050 ( 207.170 )
1548.250 ( 24.016 ) 1674.500 ( 47.043 ) 2045.232 ( 18.975 ) 2658.050 ( 169.755 )
1548.250 ( 24.016 ) 1691.950 ( 30.989 ) 2045.659 ( 16.864 ) 2689.350 ( 149.347 )
1548.250 ( 24.016 ) 1678.900 ( 25.601 ) 2042.710 ( 15.875 ) 2609.350 ( 90.589 )
1548.250 ( 24.016 ) 1683.200 ( 29.708 ) 2040.108 ( 17.163 ) 2641.100 ( 160.718 )
1548.250 ( 24.016 ) 1684.850 ( 56.594 ) 2045.303 ( 22.057 ) 2692.600 ( 158.808 )
1548.250 ( 24.016 ) 1678.400 ( 43.026 ) 2046.987 ( 24.828 ) 2673.750 ( 121.786 )
1548.250 ( 24.016 ) 1689.250 ( 40.885 ) 2048.277 ( 22.117 ) 2716.550 ( 179.902 )
1548.250 ( 24.016 ) 1687.400 ( 30.222 ) 2048.455 ( 19.906 ) 2731.450 ( 172.391 )
1548.250 ( 24.016 ) 1687.500 ( 42.408 ) 2045.818 ( 14.753 ) 2737.100 ( 223.985 )
1548.250 ( 24.016 ) 1684.200 ( 41.879 ) 2046.409 ( 19.546 ) 2667.950 ( 117.314 )
1548.250 ( 24.016 ) 1690.000 ( 41.310 ) 2046.454 ( 25.085 ) 2657.000 ( 195.889 )
1548.250 ( 24.016 ) 1665.500 ( 43.656 ) 2051.226 ( 27.646 ) 2687.500 ( 177.273 )
1548.250 ( 24.016 ) 1683.850 ( 38.574 ) 2042.391 ( 17.747 ) 2689.250 ( 114.203 )
1548.250 ( 24.016 ) 1674.750 ( 55.170 ) 2048.559 ( 16.231 ) 2724.500 ( 215.756 )
1548.250 ( 24.016 ) 1679.150 ( 44.785 ) 2043.324 ( 16.795 ) 2612.450 ( 101.606 )
1548.250 ( 24.016 ) 1682.500 ( 47.552 ) 2049.004 ( 20.244 ) 2676.450 ( 197.683 )
1548.250 ( 24.016 ) 1689.050 ( 37.610 ) 2046.294 ( 25.925 ) 2658.550 ( 119.033 )
1548.250 ( 24.016 ) 1681.750 ( 42.126 ) 2037.921 ( 17.360 ) 2623.850 ( 114.027 )
1548.250 ( 24.016 ) 1688.800 ( 37.071 ) 2051.372 ( 16.102 ) 2750.500 ( 218.975 )
1548.250 ( 24.016 ) 1687.500 ( 37.328 ) 2042.734 ( 18.987 ) 2671.700 ( 191.596 )
1548.250 ( 24.016 ) 1669.650 ( 30.840 ) 2045.136 ( 22.541 ) 2674.050 ( 142.181 )
1548.250 ( 24.016 ) 1676.900 ( 38.167 ) 2040.399 ( 17.404 ) 2655.850 ( 149.586 )
1548.250 ( 24.016 ) 1675.550 ( 45.139 ) 2041.789 ( 20.630 ) 2664.900 ( 157.723 )
1548.250 ( 24.016 ) 1691.450 ( 40.574 ) 2048.220 ( 18.252 ) 2679.700 ( 113.735 )
1548.250 ( 24.016 ) 1680.550 ( 32.764 ) 2049.790 ( 14.656 ) 2649.850 ( 90.429 )
1548.250 ( 24.016 ) 1684.600 ( 36.268 ) 2046.539 ( 18.745 ) 2710.250 ( 184.026 )
1548.250 ( 24.016 ) 1668.850 ( 37.390 ) 2050.926 ( 18.646 ) 2674.650 ( 179.123 )
1548.250 ( 24.016 ) 1685.250 ( 37.709 ) 2044.002 ( 18.174 ) 2682.500 ( 142.567 )
1548.250 ( 24.016 ) 1665.250 ( 41.379 ) 2050.046 ( 21.315 ) 2716.750 ( 181.782 )
1548.250 ( 24.016 ) 1657.850 ( 41.274 ) 2043.882 ( 17.354 ) 2712.250 ( 164.284 )
1548.250 ( 24.016 ) 1675.500 ( 36.382 ) 2042.941 ( 13.720 ) 2683.300 ( 238.138 )
1548.250 ( 24.016 ) 1685.400 ( 48.194 ) 2049.488 ( 13.752 ) 2720.600 ( 188.293 )
1548.250 ( 24.016 ) 1686.000 ( 37.374 ) 2046.971 ( 14.008 ) 2736.450 ( 168.160 )
1547.350 ( 23.324 ) 1691.150 ( 45.659 ) 2048.258 ( 20.268 ) 2702.400 ( 164.382 )
1547.350 ( 23.324 ) 1663.650 ( 40.638 ) 2040.385 ( 15.634 ) 2666.750 ( 158.007 )
1547.350 ( 23.324 ) 1685.750 ( 45.680 ) 2042.298 ( 22.559 ) 2661.050 ( 100.099 )
1547.350 ( 23.324 ) 1673.100 ( 56.636 ) 2049.179 ( 20.635 ) 2650.050 ( 126.092 )
1547.350 ( 23.324 ) 1685.100 ( 31.717 ) 2046.384 ( 14.540 ) 2655.950 ( 119.241 )
1547.350 ( 23.324 ) 1691.150 ( 36.448 ) 2044.337 ( 21.791 ) 2672.250 ( 191.919 )
1547.350 ( 23.324 ) 1659.250 ( 50.091 ) 2044.183 ( 20.218 ) 2642.750 ( 117.715 )
1547.350 ( 23.324 ) 1679.150 ( 48.463 ) 2045.603 ( 22.160 ) 2767.700 ( 168.795 )
1547.350 ( 23.324 ) 1686.000 ( 44.631 ) 2045.356 ( 20.752 ) 2616.000 ( 124.787 )
1547.350 ( 23.324 ) 1670.150 ( 40.816 ) 2049.087 ( 22.599 ) 2704.400 ( 170.944 )
1547.350 ( 23.324 ) 1692.350 ( 33.818 ) 2048.897 ( 21.058 ) 2708.500 ( 157.223 )
1547.350 ( 23.324 ) 1696.700 ( 35.872 ) 2042.170 ( 22.209 ) 2738.600 ( 257.993 )
1547.350 ( 23.324 ) 1694.900 ( 45.232 ) 2048.378 ( 20.288 ) 2713.750 ( 166.512 )
1547.350 ( 23.324 ) 1678.600 ( 36.892 ) 2045.071 ( 22.303 ) 2663.000 ( 120.667 )
1547.350 ( 23.324 ) 1697.700 ( 39.916 ) 2045.838 ( 19.719 ) 2671.100 ( 151.030 )
1546.500 ( 21.678 ) 1659.250 ( 44.122 ) 2041.794 ( 19.288 ) 2653.950 ( 153.938 )
1546.500 ( 21.678 ) 1688.550 ( 47.476 ) 2043.522 ( 23.446 ) 2708.600 ( 149.446 )
1546.500 ( 21.678 ) 1673.200 ( 39.951 ) 2051.098 ( 20.558 ) 2713.000 ( 198.618 )
1546.500 ( 21.678 ) 1683.600 ( 43.404 ) 2046.302 ( 17.429 ) 2628.400 ( 132.546 )
1546.500 ( 21.678 ) 1678.500 ( 48.596 ) 2045.253 ( 23.273 ) 2657.450 ( 135.956 )
1546.500 ( 21.678 ) 1683.200 ( 39.530 ) 2045.424 ( 15.816 ) 2632.750 ( 161.392 )
1546.500 ( 21.678 ) 1676.250 ( 49.545 ) 2040.950 ( 23.071 ) 2686.950 ( 177.667 )
1546.100 ( 21.573 ) 1665.400 ( 50.511 ) 2042.783 ( 18.654 ) 2671.850 ( 200.829 )
1546.100 ( 21.573 ) 1675.050 ( 48.579 ) 2045.745 ( 17.876 ) 2696.500 ( 171.107 )
1546.100 ( 21.573 ) 1679.900 ( 39.671 ) 2044.059 ( 17.472 ) 2747.400 ( 174.649 )
1546.100 ( 21.573 ) 1668.750 ( 37.839 ) 2050.147 ( 16.466 ) 2703.600 ( 152.862 )
1546.100 ( 21.573 ) 1683.500 ( 46.215 ) 2047.323 ( 20.163 ) 2690.850 ( 155.657 )
1545.950 ( 21.507 ) 1673.050 ( 43.867 ) 2045.922 ( 18.657 ) 2703.200 ( 188.715 )
1545.950 ( 21.507 ) 1678.850 ( 40.216 ) 2043.127 ( 19.963 ) 2697.750 ( 159.199 )
1545.950 ( 21.507 ) 1675.600 ( 52.718 ) 2054.189 ( 21.311 ) 2797.650 ( 219.837 )
1545.950 ( 21.507 ) 1665.100 ( 44.276 ) 2050.428 ( 19.982 ) 2772.300 ( 150.090 )
1545.650 ( 21.434 ) 1684.200 ( 42.915 ) 2043.363 ( 20.799 ) 2728.400 ( 161.825 )
1545.650 ( 21.434 ) 1689.850 ( 47.424 ) 2044.645 ( 20.978 ) 2696.650 ( 161.476 )
1545.650 ( 21.434 ) 1691.700 ( 41.093 ) 2044.331 ( 15.926 ) 2657.050 ( 100.965 )
1545.650 ( 21.434 ) 1673.050 ( 42.402 ) 2043.081 ( 20.348 ) 2686.600 ( 208.368 )
1545.650 ( 21.434 ) 1689.950 ( 54.718 ) 2051.633 ( 23.273 ) 2635.600 ( 119.209 )
1545.650 ( 21.434 ) 1691.400 ( 32.142 ) 2045.383 ( 19.946 ) 2712.300 ( 151.946 )
1545.650 ( 21.434 ) 1672.500 ( 52.645 ) 2048.275 ( 21.833 ) 2663.200 ( 115.148 )
1545.650 ( 21.434 ) 1674.500 ( 43.358 ) 2046.772 ( 24.941 ) 2646.400 ( 124.675 )
1545.650 ( 21.434 ) 1681.650 ( 39.922 ) 2045.267 ( 16.514 ) 2689.900 ( 94.188 )
1545.100 ( 20.459 ) 1698.000 ( 42.858 ) 2048.390 ( 17.813 ) 2719.650 ( 240.665 )
1545.100 ( 20.459 ) 1698.350 ( 46.310 ) 2050.039 ( 15.951 ) 2592.700 ( 115.593 )
1545.100 ( 20.459 ) 1689.100 ( 41.479 ) 2052.852 ( 20.150 ) 2716.100 ( 244.879 )
1545.100 ( 20.459 ) 1675.850 ( 41.874 ) 2040.528 ( 17.822 ) 2642.050 ( 167.256 )
1545.100 ( 20.459 ) 1686.500 ( 43.848 ) 2042.618 ( 20.714 ) 2676.100 ( 149.473 )
1545.100 ( 20.459 ) 1683.850 ( 31.525 ) 2047.968 ( 19.516 ) 2706.700 ( 156.696 )
1545.100 ( 20.459 ) 1674.200 ( 38.535 ) 2042.275 ( 17.584 ) 2707.850 ( 124.249 )
1545.100 ( 20.459 ) 1689.300 ( 44.439 ) 2048.293 ( 22.990 ) 2643.000 ( 129.736 )
1545.100 ( 20.459 ) 1679.350 ( 49.557 ) 2052.938 ( 17.402 ) 2805.500 ( 205.692 )
1545.100 ( 20.459 ) 1673.750 ( 59.288 ) 2051.113 ( 13.757 ) 2766.200 ( 233.759 )
1545.100 ( 20.459 ) 1683.750 ( 23.257 ) 2038.532 ( 17.375 ) 2633.900 ( 107.075 )
1545.100 ( 20.459 ) 1676.600 ( 33.759 ) 2047.528 ( 22.555 ) 2643.750 ( 136.637 )
1544.950 ( 20.331 ) 1685.800 ( 49.670 ) 2054.013 ( 20.368 ) 2740.650 ( 130.923 )
1544.950 ( 20.331 ) 1679.600 ( 39.088 ) 2054.262 ( 15.104 ) 2840.300 ( 226.859 )
1544.950 ( 20.331 ) 1674.450 ( 41.424 ) 2048.828 ( 22.991 ) 2681.500 ( 117.165 )
1543.300 ( 20.543 ) 1673.900 ( 47.650 ) 2041.126 ( 17.140 ) 2649.850 ( 126.563 )
1543.300 ( 20.543 ) 1689.750 ( 48.221 ) 2053.938 ( 18.750 ) 2709.200 ( 199.842 )
1543.300 ( 20.543 ) 1680.400 ( 31.891 ) 2039.758 ( 19.775 ) 2694.900 ( 164.133 )
1543.300 ( 20.543 ) 1684.750 ( 48.125 ) 2046.638 ( 13.956 ) 2684.200 ( 180.571 )
1543.300 ( 20.543 ) 1676.400 ( 48.690 ) 2044.131 ( 17.508 ) 2643.750 ( 123.407 )
1542.550 ( 20.412 ) 1682.250 ( 51.116 ) 2045.861 ( 18.753 ) 2616.250 ( 94.358 )
1542.550 ( 20.412 ) 1685.800 ( 46.153 ) 2043.980 ( 21.118 ) 2721.200 ( 190.684 )
1542.550 ( 20.412 ) 1675.700 ( 32.720 ) 2049.639 ( 16.469 ) 2747.500 ( 180.835 )
1542.550 ( 20.412 ) 1683.250 ( 35.715 ) 2039.076 ( 18.052 ) 2739.850 ( 225.009 )
1542.550 ( 20.412 ) 1677.850 ( 36.957 ) 2049.091 ( 19.297 ) 2738.050 ( 227.103 )
1542.550 ( 20.412 ) 1676.650 ( 42.842 ) 2043.465 ( 18.187 ) 2705.850 ( 160.789 )
1542.550 ( 20.412 ) 1675.100 ( 44.321 ) 2042.674 ( 20.613 ) 2613.000 ( 126.281 )
1542.550 ( 20.412 ) 1686.150 ( 29.815 ) 2043.148 ( 16.941 ) 2686.700 ( 121.841 )
1542.550 ( 20.412 ) 1677.500 ( 50.029 ) 2044.827 ( 19.580 ) 2675.550 ( 106.675 )
1542.150 ( 20.826 ) 1663.850 ( 54.870 ) 2049.598 ( 20.290 ) 2702.600 ( 133.869 )
1542.150 ( 20.826 ) 1690.800 ( 32.163 ) 2052.798 ( 19.566 ) 2701.300 ( 147.632 )
1542.150 ( 20.826 ) 1668.050 ( 27.793 ) 2044.822 ( 14.641 ) 2657.600 ( 150.858 )
1542.150 ( 20.826 ) 1687.600 ( 43.132 ) 2052.034 ( 17.709 ) 2736.150 ( 138.680 )
1542.150 ( 20.826 ) 1684.100 ( 44.893 ) 2047.506 ( 18.506 ) 2686.650 ( 239.606 )
1542.150 ( 20.826 ) 1679.150 ( 28.042 ) 2044.361 ( 18.491 ) 2734.350 ( 197.510 )
1542.150 ( 20.826 ) 1688.700 ( 39.719 ) 2041.768 ( 12.739 ) 2622.900 ( 116.791 )
1542.150 ( 20.826 ) 1675.950 ( 39.824 ) 2046.143 ( 16.551 ) 2688.200 ( 166.609 )
1542.150 ( 20.826 ) 1694.900 ( 45.830 ) 2049.029 ( 20.519 ) 2675.250 ( 140.531 )
1542.150 ( 20.826 ) 1678.200 ( 51.839 ) 2049.188 ( 19.183 ) 2685.850 ( 148.666 )
1542.150 ( 20.826 ) 1696.750 ( 37.272 ) 2045.856 ( 18.036 ) 2721.650 ( 125.443 )
1542.000 ( 20.700 ) 1674.850 ( 55.990 ) 2045.454 ( 19.074 ) 2683.600 ( 156.385 )
1542.000 ( 20.700 ) 1681.500 ( 40.645 ) 2044.055 ( 20.669 ) 2653.900 ( 130.408 )
1542.000 ( 20.700 ) 1686.000 ( 37.103 ) 2050.303 ( 17.839 ) 2707.800 ( 148.858 )
1542.000 ( 20.700 ) 1684.450 ( 40.104 ) 2049.631 ( 17.723 ) 2712.250 ( 135.054 )
1542.000 ( 20.700 ) 1670.050 ( 42.165 ) 2048.632 ( 14.456 ) 2722.950 ( 179.582 )
1541.250 ( 19.884 ) 1649.700 ( 56.980 ) 2039.100 ( 23.556 ) 2654.250 ( 152.840 )
1541.250 ( 19.884 ) 1673.650 ( 31.414 ) 2045.391 ( 20.144 ) 2681.350 ( 189.803 )
1540.650 ( 18.956 ) 1659.750 ( 57.241 ) 2047.208 ( 21.274 ) 2697.050 ( 107.217 )
1540.650 ( 18.956 ) 1673.850 ( 44.340 ) 2043.740 ( 17.286 ) 2684.950 ( 159.238 )
1540.650 ( 18.956 ) 1691.600 ( 28.996 ) 2044.654 ( 14.522 ) 2669.650 ( 151.324 )
1540.650 ( 18.956 ) 1673.000 ( 44.925 ) 2044.302 ( 18.721 ) 2716.600 ( 147.621 )
1540.650 ( 18.956 ) 1666.350 ( 33.432 ) 2044.385 ( 14.979 ) 2719.950 ( 218.534 )
1540.650 ( 18.956 ) 1678.850 ( 30.015 ) 2043.432 ( 16.395 ) 2666.600 ( 131.726 )
1540.650 ( 18.956 ) 1673.550 ( 40.381 ) 2043.557 ( 16.852 ) 2735.000 ( 176.454 )
1540.650 ( 18.956 ) 1700.700 ( 38.244 ) 2045.768 ( 15.447 ) 2708.550 ( 149.642 )
1540.650 ( 18.956 ) 1697.650 ( 51.686 ) 2050.543 ( 16.304 ) 2664.900 ( 111.738 )
1540.650 ( 18.956 ) 1686.950 ( 46.321 ) 2039.831 ( 15.698 ) 2666.850 ( 163.657 )
1540.650 ( 18.956 ) 1679.350 ( 47.030 ) 2040.433 ( 19.004 ) 2657.600 ( 130.739 )
1540.650 ( 18.956 ) 1669.400 ( 36.123 ) 2042.242 ( 21.628 ) 2685.200 ( 197.338 )
1540.650 ( 18.956 ) 1689.050 ( 33.659 ) 2047.741 ( 17.813 ) 2638.700 ( 109.471 )
1540.650 ( 18.956 ) 1688.000 ( 44.574 ) 2053.376 ( 24.309 ) 2678.750 ( 203.748 )
1540.650 ( 18.956 ) 1677.700 ( 39.055 ) 2046.122 ( 14.458 ) 2694.600 ( 148.335 )
1540.650 ( 18.956 ) 1673.950 ( 35.758 ) 2052.651 ( 19.262 ) 2688.350 ( 155.926 )
1540.650 ( 18.956 ) 1678.050 ( 42.779 ) 2045.507 ( 20.546 ) 2725.150 ( 220.406 )
1540.650 ( 18.956 ) 1688.550 ( 33.008 ) 2044.535 ( 15.666 ) 2733.600 ( 201.254 )
1540.650 ( 18.956 ) 1675.650 ( 43.122 ) 2041.144 ( 14.750 ) 2632.800 ( 139.357 )
1540.650 ( 18.956 ) 1664.850 ( 51.302 ) 2051.814 ( 18.200 ) 2696.200 ( 196.601 )
1540.650 ( 18.956 ) 1685.900 ( 34.171 ) 2048.765 ( 19.564 ) 2752.200 ( 133.440 )
1540.650 ( 18.956 ) 1676.000 ( 48.557 ) 2051.372 ( 17.903 ) 2672.000 ( 131.644 )
1540.650 ( 18.956 ) 1674.550 ( 44.739 ) 2054.055 ( 20.675 ) 2705.200 ( 149.751 )
1540.650 ( 18.956 ) 1672.950 ( 51.555 ) 2044.923 ( 14.551 ) 2663.300 ( 133.598 )
1540.650 ( 18.956 ) 1678.500 ( 36.538 ) 2045.425 ( 17.000 ) 2690.900 ( 167.207 )
1540.650 ( 18.956 ) 1693.550 ( 29.605 ) 2049.537 ( 21.481 ) 2652.400 ( 150.603 )
1540.650 ( 18.956 ) 1690.850 ( 25.592 ) 2039.084 ( 15.492 ) 2669.900 ( 131.326 )
1540.650 ( 18.956 ) 1682.050 ( 46.686 ) 2051.001 ( 16.686 ) 2645.000 ( 90.903 )
1540.650 ( 18.956 ) 1683.800 ( 37.669 ) 2053.053 ( 18.302 ) 2709.350 ( 151.595 )
1540.650 ( 18.956 ) 1691.350 ( 39.107 ) 2050.797 ( 23.147 ) 2701.050 ( 134.732 )
1540.650 ( 18.956 ) 1676.850 ( 27.264 ) 2040.851 ( 15.203 ) 2710.350 ( 199.777 )
1540.650 ( 18.956 ) 1664.500 ( 39.404 ) 2045.023 ( 18.630 ) 2623.300 ( 111.679 )
1540.650 ( 18.956 ) 1692.100 ( 41.312 ) 2041.659 ( 18.908 ) 2667.850 ( 115.312 )
1540.650 ( 18.956 ) 1671.750 ( 42.436 ) 2050.169 ( 17.946 ) 2762.450 ( 195.963 )
1540.650 ( 18.956 ) 1666.400 ( 29.004 ) 2048.308 ( 20.631 ) 2633.500 ( 119.946 )
1540.650 ( 18.956 ) 1666.900 ( 33.300 ) 2045.408 ( 21.553 ) 2732.900 ( 155.251 )
1540.650 ( 18.956 ) 1663.300 ( 46.173 ) 2047.063 ( 20.370 ) 2666.000 ( 146.694 )
1540.650 ( 18.956 ) 1664.350 ( 46.534 ) 2044.094 ( 18.625 ) 2668.800 ( 191.113 )
1540.650 ( 18.956 ) 1651.200 ( 49.525 ) 2040.810 ( 15.683 ) 2709.900 ( 131.172 )
1540.650 ( 18.956 ) 1686.100 ( 33.771 ) 2047.785 ( 17.424 ) 2674.700 ( 133.212 )
1540.650 ( 18.956 ) 1687.800 ( 43.322 ) 2045.242 ( 20.932 ) 2644.350 ( 139.670 )
1540.650 ( 18.956 ) 1679.200 ( 46.416 ) 2050.894 ( 20.539 ) 2630.800 ( 144.337 )
1540.650 ( 18.956 ) 1680.550 ( 29.585 ) 2051.381 ( 20.718 ) 2654.350 ( 76.551 )
1540.650 ( 18.956 ) 1683.400 ( 43.084 ) 2045.515 ( 23.540 ) 2749.850 ( 170.582 )
1540.650 ( 18.956 ) 1670.550 ( 39.420 ) 2047.800 ( 16.076 ) 2689.600 ( 141.237 )
1540.650 ( 18.956 ) 1683.200 ( 49.305 ) 2041.703 ( 21.203 ) 2711.200 ( 158.576 )
1540.650 ( 18.956 ) 1676.700 ( 55.167 ) 2048.295 ( 15.205 ) 2691.600 ( 122.924 )
1540.650 ( 18.956 ) 1686.100 ( 42.539 ) 2053.911 ( 18.556 ) 2692.450 ( 132.727 )
1540.650 ( 18.956 ) 1681.450 ( 41.418 ) 2044.672 ( 18.503 ) 2758.550 ( 194.554 )
1540.650 ( 18.956 ) 1681.650 ( 39.987 ) 2044.688 ( 15.060 ) 2705.550 ( 133.652 )
1540.650 ( 18.956 ) 1670.700 ( 50.381 ) 2045.177 ( 17.232 ) 2694.900 ( 148.929 )
1540.650 ( 18.956 ) 1665.600 ( 48.617 ) 2045.698 ( 17.821 ) 2732.100 ( 162.441 )
1540.650 ( 18.956 ) 1668.300 ( 48.503 ) 2042.566 ( 21.090 ) 2645.100 ( 143.587 )
1540.650 ( 18.956 ) 1682.350 ( 39.379 ) 2048.653 ( 17.446 ) 2697.750 ( 218.477 )
1540.650 ( 18.956 ) 1690.900 ( 34.204 ) 2047.897 ( 22.218 ) 2674.800 ( 121.356 )
1540.650 ( 18.956 ) 1671.000 ( 38.933 ) 2050.283 ( 15.539 ) 2646.500 ( 134.095 )
1538.600 ( 16.421 ) 1673.850 ( 48.230 ) 2042.975 ( 18.356 ) 2683.700 ( 162.324 )
1538.600 ( 16.421 ) 1679.300 ( 36.939 ) 2041.305 ( 19.656 ) 2609.900 ( 123.381 )
1538.600 ( 16.421 ) 1674.150 ( 42.396 ) 2052.571 ( 16.218 ) 2713.300 ( 131.776 )
1538.600 ( 16.421 ) 1675.650 ( 39.748 ) 2043.935 ( 13.466 ) 2724.750 ( 144.976 )
1538.600 ( 16.421 ) 1666.450 ( 47.021 ) 2051.432 ( 16.778 ) 2683.750 ( 157.627 )
1538.600 ( 16.421 ) 1691.900 ( 31.413 ) 2045.165 ( 18.459 ) 2682.700 ( 196.193 )
1538.600 ( 16.421 ) 1686.250 ( 43.912 ) 2046.078 ( 17.541 ) 2682.300 ( 130.653 )
1538.600 ( 16.421 ) 1679.000 ( 46.629 ) 2048.711 ( 20.320 ) 2710.700 ( 144.154 )
1538.600 ( 16.421 ) 1679.250 ( 33.688 ) 2045.155 ( 17.688 ) 2644.850 ( 152.688 )
1538.600 ( 16.421 ) 1671.500 ( 44.510 ) 2041.473 ( 19.966 ) 2645.700 ( 120.360 )
1538.600 ( 16.421 ) 1690.400 ( 37.076 ) 2043.184 ( 23.102 ) 2689.900 ( 128.778 )
1538.600 ( 16.421 ) 1688.750 ( 44.337 ) 2047.091 ( 20.329 ) 2643.200 ( 105.962 )
1538.600 ( 16.421 ) 1690.200 ( 38.199 ) 2043.195 ( 20.683 ) 2628.200 ( 134.910 )
1538.600 ( 16.421 ) 1667.800 ( 25.345 ) 2048.618 ( 22.131 ) 2683.900 ( 170.043 )
1538.600 ( 16.421 ) 1679.450 ( 48.200 ) 2049.508 ( 21.559 ) 2710.050 ( 169.722 )
1538.600 ( 16.421 ) 1676.000 ( 47.071 ) 2047.506 ( 23.315 ) 2670.500 ( 54.813 )
1538.600 ( 16.421 ) 1686.800 ( 43.033 ) 2037.635 ( 21.527 ) 2662.150 ( 156.787 )
1538.600 ( 16.421 ) 1695.050 ( 33.165 ) 2043.425 ( 16.051 ) 2751.550 ( 211.501 )
1538.600 ( 16.421 ) 1682.800 ( 45.426 ) 2047.616 ( 20.334 ) 2712.900 ( 169.265 )
1538.600 ( 16.421 ) 1681.100 ( 36.457 ) 2049.309 ( 18.688 ) 2664.500 ( 136.017 )
1538.600 ( 16.421 ) 1666.150 ( 38.396 ) 2045.376 ( 16.937 ) 2682.950 ( 112.899 )
1538.600 ( 16.421 ) 1673.250 ( 51.820 ) 2037.420 ( 26.448 ) 2742.750 ( 207.823 )
1538.600 ( 16.421 ) 1688.100 ( 33.150 ) 2041.883 ( 16.631 ) 2699.000 ( 195.570 )
1538.600 ( 16.421 ) 1676.650 ( 33.997 ) 2040.326 ( 14.426 ) 2638.200 ( 122.728 )
1538.600 ( 16.421 ) 1674.700 ( 36.205 ) 2047.934 ( 21.155 ) 2666.500 ( 103.135 )
1538.600 ( 16.421 ) 1682.150 ( 40.196 ) 2044.207 ( 18.195 ) 2591.850 ( 134.811 )
1538.600 ( 16.421 ) 1678.350 ( 36.437 ) 2043.700 ( 23.126 ) 2707.600 ( 149.152 )
1537.800 ( 14.898 ) 1668.450 ( 54.778 ) 2052.682 ( 17.473 ) 2715.700 ( 145.964 )
1537.800 ( 14.898 ) 1674.700 ( 40.671 ) 2046.298 ( 21.307 ) 2710.450 ( 122.515 )
1537.800 ( 14.898 ) 1670.950 ( 37.208 ) 2046.790 ( 16.486 ) 2717.850 ( 182.533 )
1537.800 ( 14.898 ) 1689.700 ( 31.385 ) 2045.623 ( 21.724 ) 2691.700 ( 143.327 )
1537.800 ( 14.898 ) 1676.950 ( 40.298 ) 2046.101 ( 17.604 ) 2729.350 ( 186.830 )
1537.800 ( 14.898 ) 1698.250 ( 28.958 ) 2051.680 ( 19.640 ) 2675.400 ( 133.582 )
1537.800 ( 14.898 ) 1675.000 ( 26.083 ) 2046.175 ( 20.836 ) 2758.050 ( 176.000 )
1537.800 ( 14.898 ) 1664.250 ( 45.997 ) 2044.932 ( 14.000 ) 2671.950 ( 177.972 )
1537.800 ( 14.898 ) 1673.950 ( 40.480 ) 2050.155 ( 12.558 ) 2722.300 ( 169.490 )
1537.800 ( 14.898 ) 1689.350 ( 47.287 ) 2045.775 ( 12.713 ) 2687.200 ( 185.047 )
1537.800 ( 14.898 ) 1668.150 ( 48.366 ) 2052.863 ( 15.964 ) 2743.350 ( 181.941 )
1537.800 ( 14.898 ) 1676.350 ( 47.113 ) 2042.746 ( 22.047 ) 2728.050 ( 163.756 )
1537.800 ( 14.898 ) 1681.550 ( 41.648 ) 2049.133 ( 19.560 ) 2667.550 ( 103.270 )
1537.800 ( 14.898 ) 1691.750 ( 42.866 ) 2050.044 ( 13.754 ) 2684.250 ( 173.416 )
1537.800 ( 14.898 ) 1679.050 ( 46.573 ) 2050.729 ( 17.103 ) 2747.650 ( 206.972 )
1537.800 ( 14.898 ) 1692.450 ( 31.761 ) 2052.683 ( 25.117 ) 2648.200 ( 95.726 )
1537.800 ( 14.898 ) 1672.400 ( 47.888 ) 2040.054 ( 22.005 ) 2727.950 ( 154.496 )
1537.800 ( 14.898 ) 1688.550 ( 38.539 ) 2054.316 ( 20.175 ) 2722.500 ( 160.435 )
1537.800 ( 14.898 ) 1674.000 ( 49.464 ) 2040.069 ( 20.866 ) 2681.750 ( 159.242 )
1537.800 ( 14.898 ) 1679.450 ( 41.290 ) 2047.939 ( 11.590 ) 2742.300 ( 215.699 )
1537.800 ( 14.898 ) 1682.350 ( 42.523 ) 2045.086 ( 20.632 ) 2763.350 ( 195.803 )
1537.800 ( 14.898 ) 1673.700 ( 45.215 ) 2048.370 ( 19.648 ) 2724.050 ( 105.852 )
1537.800 ( 14.898 ) 1676.550 ( 33.168 ) 2050.010 ( 20.414 ) 2733.600 ( 160.400 )
1537.800 ( 14.898 ) 1687.900 ( 41.971 ) 2051.778 ( 21.225 ) 2731.850 ( 170.720 )
1537.800 ( 14.898 ) 1681.450 ( 37.011 ) 2043.733 ( 18.467 ) 2652.200 ( 147.045 )
1537.800 ( 14.898 ) 1686.550 ( 42.087 ) 2047.654 ( 21.460 ) 2712.000 ( 102.478 )
1537.800 ( 14.898 ) 1681.250 ( 41.955 ) 2045.303 ( 11.712 ) 2625.900 ( 113.639 )
1537.800 ( 14.898 ) 1683.000 ( 32.097 ) 2043.147 ( 21.034 ) 2700.300 ( 126.405 )
1537.800 ( 14.898 ) 1676.300 ( 58.995 ) 2043.743 ( 17.306 ) 2657.300 ( 165.565 )
1537.800 ( 14.898 ) 1680.950 ( 36.418 ) 2050.766 ( 13.649 ) 2697.250 ( 108.350 )
1537.800 ( 14.898 ) 1686.750 ( 40.016 ) 2050.624 ( 19.905 ) 2722.150 ( 221.667 )
1537.800 ( 14.898 ) 1683.400 ( 51.659 ) 2047.916 ( 21.844 ) 2683.250 ( 127.122 )
1537.800 ( 14.898 ) 1682.600 ( 43.851 ) 2041.567 ( 20.740 ) 2680.600 ( 105.304 )
1537.800 ( 14.898 ) 1691.600 ( 47.570 ) 2043.441 ( 19.139 ) 2701.000 ( 155.396 )
1537.800 ( 14.898 ) 1695.450 ( 29.430 ) 2051.134 ( 19.857 ) 2678.250 ( 141.629 )
1537.800 ( 14.898 ) 1675.250 ( 38.077 ) 2041.076 ( 18.450 ) 2668.100 ( 170.153 )
1537.800 ( 14.898 ) 1686.350 ( 37.863 ) 2045.025 ( 15.371 ) 2684.400 ( 110.590 )
1537.800 ( 14.898 ) 1683.900 ( 34.179 ) 2043.674 ( 20.446 ) 2618.300 ( 102.426 )
1537.100 ( 14.731 ) 1682.000 ( 50.299 ) 2052.279 ( 23.220 ) 2714.300 ( 153.479 )
1537.100 ( 14.731 ) 1678.500 ( 28.729 ) 2046.412 ( 16.565 ) 2667.200 ( 118.230 )
1537.100 ( 14.731 ) 1677.650 ( 52.455 ) 2052.818 ( 25.212 ) 2681.950 ( 120.899 )
1537.100 ( 14.731 ) 1692.500 ( 42.239 ) 2054.291 ( 16.051 ) 2693.800 ( 170.433 )
1537.100 ( 14.731 ) 1676.400 ( 41.409 ) 2045.689 ( 16.823 ) 2704.750 ( 230.217 )
1537.100 ( 14.731 ) 1684.700 ( 43.208 ) 2048.411 ( 15.737 ) 2647.200 ( 138.656 )
1537.100 ( 14.731 ) 1668.100 ( 52.611 ) 2038.004 ( 19.394 ) 2681.850 ( 205.683 )
1537.100 ( 14.731 ) 1688.350 ( 47.539 ) 2047.554 ( 14.871 ) 2660.950 ( 168.933 )
1537.100 ( 14.731 ) 1685.250 ( 24.187 ) 2045.922 ( 15.293 ) 2712.200 ( 169.214 )
1537.100 ( 14.731 ) 1692.800 ( 21.577 ) 2044.402 ( 17.681 ) 2639.100 ( 111.378 )
1537.100 ( 14.731 ) 1679.350 ( 33.680 ) 2040.744 ( 16.211 ) 2655.650 ( 150.467 )
1537.100 ( 14.731 ) 1681.650 ( 24.571 ) 2050.189 ( 13.674 ) 2676.300 ( 127.293 )
1537.100 ( 14.731 ) 1671.100 ( 51.385 ) 2050.737 ( 19.474 ) 2690.900 ( 116.676 )
1537.100 ( 14.731 ) 1678.600 ( 41.888 ) 2045.502 ( 18.099 ) 2693.950 ( 151.379 )
1537.100 ( 14.731 ) 1679.300 ( 55.539 ) 2045.372 ( 16.595 ) 2650.200 ( 146.160 )
1537.100 ( 14.731 ) 1676.500 ( 43.347 ) 2040.830 ( 14.120 ) 2697.500 ( 150.718 )
1537.100 ( 14.731 ) 1668.650 ( 43.793 ) 2043.130 ( 16.319 ) 2719.100 ( 150.952 )
1537.100 ( 14.731 ) 1694.800 ( 46.785 ) 2047.576 ( 20.399 ) 2642.450 ( 96.956 )
1537.100 ( 14.731 ) 1686.150 ( 49.577 ) 2045.819 ( 12.219 ) 2685.850 ( 179.242 )
1537.100 ( 14.731 ) 1684.750 ( 33.718 ) 2048.572 ( 20.912 ) 2702.650 ( 154.405 )
1537.100 ( 14.731 ) 1679.100 ( 32.903 ) 2045.967 ( 18.663 ) 2691.750 ( 147.127 )
1537.100 ( 14.731 ) 1669.550 ( 43.625 ) 2046.618 ( 15.420 ) 2684.950 ( 156.103 )
1537.100 ( 14.731 ) 1671.350 ( 45.657 ) 2043.597 ( 12.344 ) 2687.400 ( 187.250 )
1537.100 ( 14.731 ) 1694.100 ( 31.400 ) 2048.386 ( 17.720 ) 2696.550 ( 175.867 )
1537.100 ( 14.731 ) 1689.450 ( 50.725 ) 2042.347 ( 20.722 ) 2735.750 ( 170.121 )
1537.100 ( 14.731 ) 1683.400 ( 57.423 ) 2050.771 ( 16.657 ) 2697.700 ( 142.123 )
1537.100 ( 14.731 ) 1691.600 ( 36.688 ) 2046.335 ( 13.113 ) 2671.500 ( 133.868 )
1537.100 ( 14.731 ) 1675.250 ( 44.133 ) 2046.239 ( 20.111 ) 2661.550 ( 175.854 )
1537.100 ( 14.731 ) 1683.850 ( 52.332 ) 2048.689 ( 17.721 ) 2749.650 ( 172.079 )
1537.100 ( 14.731 ) 1687.050 ( 34.954 ) 2041.455 ( 14.911 ) 2633.700 ( 139.022 )
1537.100 ( 14.731 ) 1685.550 ( 53.591 ) 2048.174 ( 19.771 ) 2703.900 ( 160.624 )
1537.100 ( 14.731 ) 1665.750 ( 42.822 ) 2045.401 ( 15.606 ) 2749.500 ( 187.077 )
1537.100 ( 14.731 ) 1675.500 ( 39.558 ) 2048.271 ( 12.949 ) 2699.100 ( 173.260 )
1537.100 ( 14.731 ) 1690.300 ( 40.083 ) 2050.072 ( 12.594 ) 2709.900 ( 161.766 )
1537.100 ( 14.731 ) 1671.950 ( 41.892 ) 2041.045 ( 18.954 ) 2660.700 ( 143.829 )
1537.100 ( 14.731 ) 1701.150 ( 38.321 ) 2047.345 ( 16.777 ) 2707.800 ( 222.006 )
1537.100 ( 14.731 ) 1682.950 ( 48.686 ) 2053.942 ( 27.289 ) 2694.150 ( 151.877 )
1537.100 ( 14.731 ) 1682.650 ( 46.122 ) 2052.782 ( 21.378 ) 2713.350 ( 175.717 )
1535.450 ( 14.928 ) 1676.150 ( 52.904 ) 2047.844 ( 17.424 ) 2674.350 ( 129.362 )
1535.450 ( 14.928 ) 1682.650 ( 39.186 ) 2051.363 ( 15.615 ) 2721.600 ( 136.593 )
1535.450 ( 14.928 ) 1671.300 ( 50.668 ) 2046.104 ( 14.614 ) 2616.950 ( 104.272 )
1535.450 ( 14.928 ) 1673.400 ( 33.824 ) 2049.498 ( 16.560 ) 2680.450 ( 186.280 )
1533.900 ( 15.050 ) 1666.800 ( 49.673 ) 2047.846 ( 18.790 ) 2718.650 ( 155.245 )
1533.900 ( 15.050 ) 1679.350 ( 40.691 ) 2045.696 ( 20.725 ) 2694.850 ( 126.666 )
1533.900 ( 15.050 ) 1682.200 ( 43.443 ) 2048.831 ( 20.156 ) 2696.000 ( 213.269 )
1533.900 ( 15.050 ) 1666.300 ( 30.762 ) 2039.384 ( 23.708 ) 2671.350 ( 173.238 )
1531.400 ( 13.775 ) 1679.550 ( 60.584 ) 2050.273 ( 15.843 ) 2689.450 ( 156.158 )
1531.400 ( 13.775 ) 1673.250 ( 41.331 ) 2061.948 ( 17.709 ) 2700.850 ( 174.538 )
1531.400 ( 13.775 ) 1680.600 ( 52.499 ) 2041.378 ( 19.924 ) 2699.900 ( 160.105 )
1531.400 ( 13.775 ) 1687.950 ( 31.788 ) 2041.969 ( 19.340 ) 2675.600 ( 165.833 )
1531.400 ( 13.775 ) 1704.550 ( 25.721 ) 2046.489 ( 18.536 ) 2697.100 ( 153.080 )
1531.400 ( 13.775 ) 1672.000 ( 43.566 ) 2038.430 ( 16.387 ) 2719.450 ( 120.015 )
1531.400 ( 13.775 ) 1664.150 ( 38.704 ) 2046.816 ( 18.174 ) 2729.100 ( 192.369 )
1531.400 ( 13.775 ) 1678.200 ( 45.875 ) 2047.023 ( 21.839 ) 2646.700 ( 112.948 )
1531.400 ( 13.775 ) 1674.000 ( 35.311 ) 2048.239 ( 18.234 ) 2623.850 ( 129.366 )
1530.450 ( 13.242 ) 1683.400 ( 55.755 ) 2047.742 ( 17.976 ) 2718.850 ( 152.232 )
1530.450 ( 13.242 ) 1671.800 ( 52.026 ) 2045.998 ( 20.529 ) 2718.200 ( 168.909 )
1530.450 ( 13.242 ) 1680.400 ( 50.475 ) 2044.596 ( 22.076 ) 2752.900 ( 203.856 )
1530.450 ( 13.242 ) 1683.050 ( 42.886 ) 2043.958 ( 23.785 ) 2681.050 ( 158.444 )
1529.850 ( 12.113 ) 1676.600 ( 55.111 ) 2047.613 ( 18.688 ) 2658.800 ( 150.021 )
1529.850 ( 12.113 ) 1696.100 ( 41.864 ) 2047.540 ( 17.012 ) 2666.850 ( 138.246 )
1529.850 ( 12.113 ) 1673.950 ( 44.489 ) 2044.570 ( 19.283 ) 2710.050 ( 147.985 )
1529.850 ( 12.113 ) 1672.800 ( 35.199 ) 2049.971 ( 19.028 ) 2718.250 ( 177.596 )
1529.850 ( 12.113 ) 1694.000 ( 46.498 ) 2038.648 ( 15.408 ) 2651.550 ( 128.736 )
1529.850 ( 12.113 ) 1665.550 ( 47.747 ) 2045.562 ( 17.909 ) 2699.250 ( 137.506 )
1529.850 ( 12.113 ) 1692.800 ( 40.058 ) 2049.992 ( 20.593 ) 2671.150 ( 155.965 )
1529.850 ( 12.113 ) 1689.150 ( 37.266 ) 2046.625 ( 18.654 ) 2644.950 ( 142.253 )
1529.850 ( 12.113 ) 1676.050 ( 48.317 ) 2040.040 ( 24.332 ) 2661.150 ( 126.463 )
1529.850 ( 12.113 ) 1688.250 ( 43.574 ) 2048.655 ( 19.339 ) 2693.300 ( 110.238 )
1529.850 ( 12.113 ) 1688.400 ( 42.978 ) 2045.477 ( 13.435 ) 2682.350 ( 132.557 )
1529.850 ( 12.113 ) 1687.000 ( 28.471 ) 2039.344 ( 12.563 ) 2655.250 ( 187.427 )
1529.850 ( 12.113 ) 1699.600 ( 40.865 ) 2049.989 ( 25.620 ) 2709.150 ( 167.598 )
1529.850 ( 12.113 ) 1680.100 ( 46.954 ) 2047.655 ( 23.728 ) 2738.350 ( 194.901 )
1529.850 ( 12.113 ) 1675.350 ( 28.457 ) 2044.234 ( 22.920 ) 2627.150 ( 155.585 )
1529.850 ( 12.113 ) 1666.850 ( 40.608 ) 2043.954 ( 19.732 ) 2643.600 ( 132.442 )
1529.850 ( 12.113 ) 1684.900 ( 29.012 ) 2049.779 ( 23.630 ) 2705.150 ( 145.912 )
1529.800 ( 12.040 ) 1678.000 ( 48.392 ) 2045.876 ( 20.705 ) 2725.850 ( 213.925 )
1529.800 ( 12.040 ) 1687.150 ( 34.850 ) 2043.736 ( 16.350 ) 2685.700 ( 171.097 )
1529.800 ( 12.040 ) 1673.100 ( 42.436 ) 2050.586 ( 13.714 ) 2722.400 ( 179.426 )
1529.800 ( 12.040 ) 1683.950 ( 45.718 ) 2045.750 ( 19.816 ) 2715.250 ( 156.423 )
1529.800 ( 12.040 ) 1680.300 ( 50.658 ) 2049.778 ( 18.687 ) 2673.950 ( 150.857 )
1529.800 ( 12.040 ) 1679.400 ( 31.627 ) 2052.947 ( 19.478 ) 2654.800 ( 122.905 )
1529.800 ( 12.040 ) 1664.700 ( 43.435 ) 2042.521 ( 21.726 ) 2615.350 ( 141.218 )
1529.800 ( 12.040 ) 1681.450 ( 30.907 ) 2040.500 ( 21.462 ) 2665.600 ( 93.707 )
1529.800 ( 12.040 ) 1668.450 ( 33.440 ) 2049.084 ( 14.598 ) 2634.100 ( 96.115 )
1529.800 ( 12.040 ) 1688.950 ( 29.398 ) 2049.227 ( 20.187 ) 2634.150 ( 157.506 )
1529.800 ( 12.040 ) 1685.900 ( 37.252 ) 2042.857 ( 20.701 ) 2712.450 ( 219.917 )
1529.800 ( 12.040 ) 1682.300 ( 44.230 ) 2046.909 ( 15.095 ) 2689.850 ( 153.165 )
1529.800 ( 12.040 ) 1679.800 ( 45.274 ) 2045.186 ( 22.833 ) 2648.500 ( 142.489 )
1529.800 ( 12.040 ) 1685.000 ( 44.201 ) 2042.983 ( 18.042 ) 2651.950 ( 113.228 )
1529.800 ( 12.040 ) 1688.900 ( 37.186 ) 2044.007 ( 19.699 ) 2715.800 ( 132.237 )
1529.800 ( 12.040 ) 1681.000 ( 35.795 ) 2047.762 ( 21.247 ) 2701.600 ( 142.870 )
1529.800 ( 12.040 ) 1677.550 ( 39.214 ) 2051.217 ( 19.656 ) 2726.850 ( 241.228 )
1529.800 ( 12.040 ) 1668.200 ( 48.827 ) 2042.544 ( 23.236 ) 2702.750 ( 158.455 )
1529.800 ( 12.040 ) 1675.550 ( 41.153 ) 2044.038 ( 22.101 ) 2659.250 ( 134.299 )
1529.800 ( 12.040 ) 1682.350 ( 43.668 ) 2039.885 ( 19.007 ) 2674.700 ( 137.312 )
1529.800 ( 12.040 ) 1678.350 ( 41.482 ) 2040.779 ( 20.715 ) 2691.550 ( 167.438 )
1529.800 ( 12.040 ) 1684.650 ( 48.484 ) 2045.810 ( 18.249 ) 2731.300 ( 187.751 )
1529.800 ( 12.040 ) 1678.300 ( 45.418 ) 2041.281 ( 19.114 ) 2686.950 ( 145.381 )
1529.800 ( 12.040 ) 1683.750 ( 33.832 ) 2044.319 ( 20.302 ) 2715.700 ( 136.120 )
1529.800 ( 12.040 ) 1678.700 ( 44.603 ) 2046.430 ( 20.715 ) 2686.700 ( 135.218 )
1529.800 ( 12.040 ) 1682.850 ( 37.946 ) 2050.411 ( 21.371 ) 2666.000 ( 148.485 )
1529.800 ( 12.040 ) 1696.500 ( 53.458 ) 2043.073 ( 17.952 ) 2729.150 ( 178.381 )
1529.800 ( 12.040 ) 1676.150 ( 55.289 ) 2043.774 ( 14.289 ) 2657.800 ( 115.820 )
1529.800 ( 12.040 ) 1687.000 ( 44.060 ) 2050.211 ( 20.712 ) 2656.700 ( 123.502 )
1529.800 ( 12.040 ) 1671.900 ( 56.898 ) 2053.100 ( 23.714 ) 2720.100 ( 208.520 )
1529.800 ( 12.040 ) 1676.650 ( 35.671 ) 2044.678 ( 15.937 ) 2673.450 ( 158.165 )
1529.800 ( 12.040 ) 1678.350 ( 39.188 ) 2043.886 ( 22.277 ) 2684.350 ( 126.702 )
1529.800 ( 12.040 ) 1678.950 ( 32.477 ) 2038.756 ( 21.051 ) 2669.350 ( 117.230 )
1529.800 ( 12.040 ) 1699.250 ( 38.951 ) 2044.768 ( 23.045 ) 2625.100 ( 115.708 )
1529.800 ( 12.040 ) 1663.750 ( 41.616 ) 2043.588 ( 25.328 ) 2719.400 ( 179.545 )
1529.800 ( 12.040 ) 1685.250 ( 42.251 ) 2042.064 ( 25.101 ) 2665.200 ( 191.497 )
1529.800 ( 12.040 ) 1691.200 ( 41.124 ) 2054.417 ( 18.596 ) 2702.650 ( 116.419 )
1529.800 ( 12.040 ) 1690.500 ( 36.168 ) 2044.452 ( 13.896 ) 2670.550 ( 125.428 )
1529.800 ( 12.040 ) 1679.600 ( 41.258 ) 2044.370 ( 15.782 ) 2710.650 ( 225.172 )
1529.800 ( 12.040 ) 1699.550 ( 39.090 ) 2051.410 ( 16.263 ) 2710.750 ( 211.614 )
1529.800 ( 12.040 ) 1668.250 ( 33.611 ) 2048.428 ( 19.665 ) 2706.800 ( 233.140 )
1529.800 ( 12.040 ) 1682.900 ( 38.373 ) 2041.536 ( 21.033 ) 2633.300 ( 106.760 )
1529.800 ( 12.040 ) 1683.550 ( 30.608 ) 2055.306 ( 19.248 ) 2781.750 ( 182.920 )
1529.800 ( 12.040 ) 1677.650 ( 43.235 ) 2050.724 ( 18.916 ) 2680.400 ( 130.082 )
1527.900 ( 12.016 ) 1657.500 ( 51.971 ) 2042.339 ( 16.414 ) 2730.200 ( 178.715 )
1527.900 ( 12.016 ) 1680.900 ( 38.210 ) 2052.943 ( 19.676 ) 2720.750 ( 145.473 )
1527.900 ( 12.016 ) 1687.400 ( 40.438 ) 2050.856 ( 18.068 ) 2678.500 ( 117.372 )
1527.900 ( 12.016 ) 1688.250 ( 28.600 ) 2048.119 ( 14.981 ) 2726.600 ( 164.997 )
1527.900 ( 12.016 ) 1676.650 ( 36.329 ) 2055.418 ( 18.515 ) 2701.500 ( 140.756 )
1527.900 ( 12.016 ) 1678.400 ( 42.035 ) 2045.014 ( 19.629 ) 2709.100 ( 122.426 )
1527.900 ( 12.016 ) 1681.050 ( 45.307 ) 2047.253 ( 17.578 ) 2691.300 ( 141.518 )
1527.900 ( 12.016 ) 1667.900 ( 45.559 ) 2051.359 ( 16.614 ) 2650.600 ( 133.782 )
1527.900 ( 12.016 ) 1675.050 ( 45.282 ) 2043.321 ( 19.930 ) 2682.100 ( 169.888 )
1527.900 ( 12.016 ) 1678.350 ( 45.393 ) 2046.804 ( 15.763 ) 2635.800 ( 77.497 )
1527.900 ( 12.016 ) 1684.250 ( 50.643 ) 2044.442 ( 19.009 ) 2671.400 ( 135.915 )
1527.900 ( 12.016 ) 1692.400 ( 56.335 ) 2048.353 ( 18.946 ) 2690.500 ( 177.492 )
1527.900 ( 12.016 ) 1679.600 ( 42.684 ) 2043.961 ( 19.331 ) 2716.500 ( 228.765 )
1527.900 ( 12.016 ) 1679.350 ( 42.011 ) 2046.108 ( 16.095 ) 2734.500 ( 208.346 )
1527.900 ( 12.016 ) 1671.800 ( 46.444 ) 2040.811 ( 18.915 ) 2656.000 ( 135.748 )
1527.900 ( 12.016 ) 1687.300 ( 50.263 ) 2042.072 ( 20.238 ) 2625.500 ( 131.047 )
1527.900 ( 12.016 ) 1675.450 ( 43.945 ) 2045.702 ( 15.760 ) 2637.550 ( 146.226 )
1527.900 ( 12.016 ) 1681.000 ( 43.831 ) 2047.233 ( 13.851 ) 2666.750 ( 144.623 )
1527.900 ( 12.016 ) 1684.600 ( 40.034 ) 2047.658 ( 20.283 ) 2714.400 ( 151.496 )
1527.900 ( 12.016 ) 1677.700 ( 46.401 ) 2052.577 ( 21.856 ) 2681.050 ( 125.488 )
1527.900 ( 12.016 ) 1701.450 ( 29.770 ) 2052.576 ( 19.682 ) 2766.750 ( 162.712 )
1527.900 ( 12.016 ) 1674.850 ( 43.707 ) 2048.300 ( 13.569 ) 2755.350 ( 172.117 )
1527.900 ( 12.016 ) 1670.650 ( 36.212 ) 2039.318 ( 17.898 ) 2656.750 ( 141.911 )
1527.900 ( 12.016 ) 1688.000 ( 44.340 ) 2044.648 ( 23.137 ) 2688.400 ( 182.028 )
1527.900 ( 12.016 ) 1681.750 ( 44.484 ) 2048.839 ( 22.927 ) 2690.350 ( 148.956 )
1527.900 ( 12.016 ) 1676.200 ( 41.727 ) 2050.644 ( 22.299 ) 2693.350 ( 113.039 )
1527.900 ( 12.016 ) 1665.950 ( 53.000 ) 2043.953 ( 26.568 ) 2706.000 ( 170.119 )
1527.900 ( 12.016 ) 1673.950 ( 33.215 ) 2050.677 ( 23.027 ) 2688.250 ( 154.987 )
1527.900 ( 12.016 ) 1700.350 ( 41.915 ) 2049.659 ( 16.399 ) 2709.300 ( 150.867 )
1527.900 ( 12.016 ) 1690.200 ( 45.281 ) 2047.832 ( 14.515 ) 2662.600 ( 139.409 )
1527.900 ( 12.016 ) 1688.100 ( 46.119 ) 2050.258 ( 17.336 ) 2704.250 ( 183.230 )
1527.900 ( 12.016 ) 1677.000 ( 46.967 ) 2050.526 ( 15.806 ) 2701.400 ( 209.051 )
1527.900 ( 12.016 ) 1700.000 ( 34.980 ) 2052.412 ( 23.579 ) 2666.300 ( 154.284 )
1527.900 ( 12.016 ) 1686.800 ( 50.058 ) 2052.414 ( 19.641 ) 2751.150 ( 145.153 )
1527.900 ( 12.016 ) 1674.950 ( 49.328 ) 2039.736 ( 20.798 ) 2691.400 ( 212.905 )
1527.900 ( 12.016 ) 1679.550 ( 38.742 ) 2049.479 ( 20.498 ) 2717.550 ( 108.523 )
