1859.700 ( 48.545 ) 1859.700 ( 48.545 ) 2345.605 ( 21.524 ) 3100.050 ( 185.485 )
1809.000 ( 39.757 ) 1822.600 ( 47.560 ) 2279.855 ( 21.951 ) 2871.550 ( 116.986 )
1805.700 ( 38.529 ) 1998.950 ( 86.774 ) 2487.455 ( 31.110 ) 3123.750 ( 116.841 )
1805.700 ( 38.529 ) 2041.150 ( 91.340 ) 2703.361 ( 34.942 ) 3512.500 ( 114.735 )
1805.700 ( 38.529 ) 2013.200 ( 83.966 ) 2620.651 ( 31.105 ) 3394.150 ( 129.573 )
1798.600 ( 46.262 ) 1949.450 ( 102.608 ) 2594.562 ( 31.995 ) 3409.000 ( 169.986 )
1796.150 ( 46.834 ) 1952.000 ( 75.550 ) 2574.776 ( 35.498 ) 3322.900 ( 139.647 )
1796.150 ( 46.834 ) 1985.150 ( 49.171 ) 2565.752 ( 22.729 ) 3283.250 ( 98.611 )
1796.150 ( 46.834 ) 1949.150 ( 65.553 ) 2545.325 ( 33.204 ) 3278.600 ( 153.970 )
1790.700 ( 46.709 ) 1937.300 ( 84.209 ) 2551.463 ( 25.470 ) 3326.500 ( 118.880 )
1790.650 ( 46.635 ) 1972.850 ( 67.773 ) 2543.969 ( 25.506 ) 3282.550 ( 132.847 )
1789.800 ( 45.895 ) 1958.200 ( 80.947 ) 2563.858 ( 32.086 ) 3294.400 ( 166.739 )
1785.850 ( 43.083 ) 1984.500 ( 103.600 ) 2556.256 ( 33.314 ) 3366.000 ( 114.100 )
1785.850 ( 43.083 ) 1991.900 ( 64.662 ) 2550.972 ( 28.946 ) 3280.150 ( 94.846 )
1779.650 ( 50.343 ) 1925.800 ( 114.851 ) 2526.601 ( 29.852 ) 3311.200 ( 172.860 )
1776.950 ( 49.439 ) 1963.650 ( 79.587 ) 2563.060 ( 25.567 ) 3380.500 ( 127.321 )
1776.750 ( 49.098 ) 1955.850 ( 62.127 ) 2534.553 ( 27.837 ) 3319.850 ( 141.735 )
1776.750 ( 49.098 ) 1938.950 ( 56.377 ) 2542.279 ( 25.271 ) 3323.350 ( 150.178 )
1776.750 ( 49.098 ) 1946.950 ( 84.315 ) 2521.600 ( 20.926 ) 3279.050 ( 169.086 )
1775.800 ( 48.997 ) 1942.750 ( 77.540 ) 2540.659 ( 24.478 ) 3302.150 ( 104.576 )
1774.350 ( 47.542 ) 1965.100 ( 74.338 ) 2537.057 ( 29.745 ) 3296.850 ( 148.709 )
1774.350 ( 47.542 ) 1929.000 ( 49.788 ) 2527.461 ( 29.047 ) 3269.600 ( 141.052 )
1774.350 ( 47.542 ) 1966.650 ( 62.441 ) 2533.651 ( 24.313 ) 3338.200 ( 168.197 )
1774.350 ( 47.542 ) 1958.850 ( 68.014 ) 2525.927 ( 27.163 ) 3281.400 ( 182.531 )
1773.550 ( 47.203 ) 1922.800 ( 77.852 ) 2521.885 ( 30.839 ) 3261.100 ( 119.657 )
1772.600 ( 46.668 ) 1930.450 ( 70.845 ) 2533.294 ( 28.453 ) 3288.700 ( 144.095 )
1772.600 ( 46.668 ) 1922.450 ( 74.504 ) 2526.850 ( 21.854 ) 3304.700 ( 133.796 )
1772.600 ( 46.668 ) 1973.400 ( 54.338 ) 2536.052 ( 32.142 ) 3256.950 ( 105.858 )
1772.550 ( 46.620 ) 1924.650 ( 79.067 ) 2524.324 ( 29.164 ) 3254.350 ( 130.128 )
1764.150 ( 52.095 ) 1880.350 ( 99.258 ) 2522.260 ( 28.842 ) 3285.300 ( 189.757 )
1763.550 ( 51.909 ) 1954.100 ( 86.743 ) 2536.123 ( 25.408 ) 3308.400 ( 127.376 )
1758.150 ( 51.074 ) 1926.100 ( 77.283 ) 2530.249 ( 23.950 ) 3319.850 ( 147.787 )
1755.100 ( 49.257 ) 1934.350 ( 93.096 ) 2525.620 ( 25.586 ) 3249.900 ( 144.682 )
1753.450 ( 46.208 ) 1930.250 ( 86.041 ) 2526.833 ( 25.491 ) 3322.000 ( 133.456 )
1753.450 ( 46.208 ) 1950.250 ( 52.412 ) 2523.502 ( 24.484 ) 3319.800 ( 129.864 )
1753.450 ( 46.208 ) 1943.650 ( 76.954 ) 2526.012 ( 24.930 ) 3277.550 ( 127.075 )
1749.800 ( 46.059 ) 1942.850 ( 80.873 ) 2522.374 ( 28.632 ) 3296.350 ( 172.698 )
1749.800 ( 46.059 ) 1928.850 ( 58.310 ) 2517.304 ( 22.687 ) 3272.800 ( 157.911 )
1749.800 ( 46.059 ) 1955.050 ( 69.106 ) 2533.096 ( 31.921 ) 3317.700 ( 161.618 )
1749.800 ( 46.059 ) 1946.850 ( 52.440 ) 2513.819 ( 29.492 ) 3221.600 ( 103.666 )
1749.800 ( 46.059 ) 1929.250 ( 83.887 ) 2523.607 ( 24.479 ) 3260.100 ( 124.375 )
1749.800 ( 46.059 ) 1923.850 ( 67.702 ) 2516.432 ( 22.225 ) 3303.600 ( 133.953 )
1749.300 ( 45.255 ) 1937.750 ( 78.414 ) 2532.022 ( 26.889 ) 3246.850 ( 113.472 )
1749.300 ( 45.255 ) 1923.050 ( 62.627 ) 2526.925 ( 25.454 ) 3304.550 ( 106.859 )
1749.300 ( 45.255 ) 1936.550 ( 73.854 ) 2525.175 ( 32.338 ) 3315.200 ( 89.767 )
1749.300 ( 45.255 ) 1963.500 ( 60.647 ) 2524.384 ( 29.469 ) 3247.100 ( 143.182 )
1747.850 ( 43.257 ) 1908.550 ( 62.688 ) 2520.841 ( 18.209 ) 3305.900 ( 175.968 )
1744.950 ( 40.299 ) 1903.000 ( 81.203 ) 2518.627 ( 36.749 ) 3245.900 ( 96.669 )
1744.950 ( 40.299 ) 1907.400 ( 74.445 ) 2517.238 ( 31.026 ) 3290.950 ( 118.171 )
1744.950 ( 40.299 ) 1973.750 ( 62.462 ) 2529.324 ( 27.461 ) 3243.600 ( 116.556 )
1744.950 ( 40.299 ) 1956.600 ( 69.849 ) 2531.577 ( 33.036 ) 3258.800 ( 127.582 )
1744.950 ( 40.299 ) 1950.200 ( 71.592 ) 2517.763 ( 32.304 ) 3277.950 ( 152.350 )
1744.950 ( 40.299 ) 1932.300 ( 72.754 ) 2520.548 ( 28.405 ) 3252.400 ( 118.137 )
1744.950 ( 40.299 ) 1926.300 ( 70.439 ) 2526.588 ( 27.813 ) 3285.400 ( 133.751 )
1741.050 ( 43.195 ) 1920.650 ( 88.819 ) 2531.265 ( 23.336 ) 3274.250 ( 104.307 )
1741.050 ( 43.195 ) 1954.850 ( 57.672 ) 2522.578 ( 28.257 ) 3250.700 ( 104.398 )
1741.050 ( 43.195 ) 1961.000 ( 77.464 ) 2525.909 ( 25.774 ) 3285.000 ( 121.823 )
1741.050 ( 43.195 ) 1970.100 ( 53.883 ) 2520.367 ( 24.219 ) 3293.800 ( 199.489 )
1741.050 ( 43.195 ) 1953.500 ( 70.487 ) 2523.775 ( 33.486 ) 3267.750 ( 169.392 )
1740.150 ( 42.936 ) 1922.600 ( 73.102 ) 2518.618 ( 24.271 ) 3280.900 ( 115.082 )
1739.750 ( 42.712 ) 1922.600 ( 86.274 ) 2523.815 ( 18.830 ) 3281.350 ( 155.710 )
1739.750 ( 42.712 ) 1931.700 ( 72.943 ) 2516.174 ( 29.065 ) 3243.150 ( 128.830 )
1739.750 ( 42.712 ) 1945.450 ( 50.870 ) 2530.420 ( 25.328 ) 3301.050 ( 97.968 )
1739.750 ( 42.712 ) 1936.000 ( 62.919 ) 2517.249 ( 24.446 ) 3261.150 ( 115.084 )
1735.200 ( 41.630 ) 1942.200 ( 85.005 ) 2516.292 ( 26.314 ) 3257.100 ( 132.081 )
1735.200 ( 41.630 ) 1910.050 ( 66.546 ) 2527.490 ( 30.401 ) 3264.750 ( 129.541 )
1735.200 ( 41.630 ) 1936.300 ( 62.712 ) 2512.082 ( 21.560 ) 3330.300 ( 129.514 )
1734.500 ( 41.324 ) 1920.200 ( 91.125 ) 2521.806 ( 27.262 ) 3282.900 ( 141.063 )
1734.500 ( 41.324 ) 1923.450 ( 68.122 ) 2514.745 ( 26.702 ) 3274.500 ( 147.083 )
1734.500 ( 41.324 ) 1944.350 ( 51.188 ) 2526.916 ( 29.914 ) 3288.300 ( 132.553 )
1733.600 ( 39.816 ) 1912.850 ( 70.771 ) 2523.070 ( 25.268 ) 3337.650 ( 181.793 )
1729.150 ( 43.642 ) 1923.750 ( 87.609 ) 2517.801 ( 20.194 ) 3248.100 ( 129.446 )
1729.150 ( 43.642 ) 1921.200 ( 85.018 ) 2526.172 ( 18.571 ) 3282.350 ( 91.207 )
1728.600 ( 42.987 ) 1909.750 ( 77.725 ) 2515.529 ( 28.045 ) 3251.300 ( 149.533 )
1728.150 ( 42.870 ) 1940.000 ( 83.473 ) 2524.818 ( 32.663 ) 3300.200 ( 80.500 )
1728.150 ( 42.870 ) 1919.250 ( 63.717 ) 2521.562 ( 32.415 ) 3315.800 ( 194.193 )
1728.150 ( 42.870 ) 1926.400 ( 79.445 ) 2523.739 ( 20.420 ) 3298.300 ( 107.298 )
1728.150 ( 42.870 ) 1932.300 ( 59.240 ) 2532.135 ( 25.007 ) 3320.750 ( 138.694 )
1728.150 ( 42.870 ) 1937.300 ( 78.895 ) 2518.129 ( 22.536 ) 3268.050 ( 123.601 )
1728.150 ( 42.870 ) 1950.850 ( 72.210 ) 2533.647 ( 23.924 ) 3319.050 ( 175.344 )
1724.900 ( 43.072 ) 1914.950 ( 99.516 ) 2522.142 ( 33.281 ) 3301.000 ( 112.274 )
1724.900 ( 43.072 ) 1933.500 ( 81.063 ) 2521.724 ( 25.981 ) 3258.100 ( 134.418 )
1724.900 ( 43.072 ) 1938.050 ( 67.982 ) 2517.928 ( 26.360 ) 3251.300 ( 112.374 )
1724.900 ( 43.072 ) 1959.950 ( 65.365 ) 2538.906 ( 24.607 ) 3308.950 ( 133.209 )
1724.000 ( 42.259 ) 1962.150 ( 80.630 ) 2517.305 ( 31.416 ) 3230.350 ( 123.763 )
1724.000 ( 42.259 ) 1936.950 ( 77.510 ) 2525.247 ( 31.505 ) 3286.950 ( 163.293 )
1724.000 ( 42.259 ) 1949.300 ( 65.718 ) 2525.285 ( 25.013 ) 3235.150 ( 133.423 )
1724.000 ( 42.259 ) 1947.200 ( 76.840 ) 2519.639 ( 26.984 ) 3304.750 ( 136.229 )
1724.000 ( 42.259 ) 1932.150 ( 68.146 ) 2524.342 ( 23.828 ) 3290.900 ( 127.393 )
1722.950 ( 42.109 ) 1944.650 ( 75.522 ) 2523.208 ( 28.016 ) 3291.850 ( 124.095 )
1722.950 ( 42.109 ) 1908.000 ( 64.914 ) 2526.890 ( 28.116 ) 3264.400 ( 138.528 )
1722.950 ( 42.109 ) 1933.450 ( 90.701 ) 2525.737 ( 27.112 ) 3273.200 ( 155.670 )
1722.950 ( 42.109 ) 1935.600 ( 78.055 ) 2518.529 ( 21.848 ) 3226.150 ( 97.876 )
1722.950 ( 42.109 ) 1941.100 ( 75.226 ) 2511.153 ( 29.367 ) 3277.700 ( 155.149 )
1722.950 ( 42.109 ) 1902.150 ( 90.788 ) 2524.312 ( 24.429 ) 3280.600 ( 145.930 )
1722.950 ( 42.109 ) 1954.600 ( 68.294 ) 2520.738 ( 24.487 ) 3314.850 ( 163.922 )
1722.950 ( 42.109 ) 1939.400 ( 57.025 ) 2526.815 ( 31.650 ) 3297.050 ( 95.325 )
1722.950 ( 42.109 ) 1941.250 ( 56.746 ) 2512.851 ( 30.374 ) 3225.250 ( 104.991 )
1722.950 ( 42.109 ) 1947.250 ( 68.194 ) 2518.001 ( 30.601 ) 3266.000 ( 112.947 )
1722.950 ( 42.109 ) 1965.150 ( 73.174 ) 2525.813 ( 30.796 ) 3275.400 ( 186.232 )
1722.950 ( 42.109 ) 1940.800 ( 60.391 ) 2521.906 ( 27.876 ) 3303.300 ( 97.976 )
1722.950 ( 42.109 ) 1952.150 ( 64.724 ) 2517.133 ( 25.080 ) 3297.500 ( 130.742 )
1722.950 ( 42.109 ) 1945.800 ( 76.848 ) 2532.587 ( 33.107 ) 3224.250 ( 139.798 )
1722.700 ( 41.813 ) 1926.500 ( 61.658 ) 2529.392 ( 28.619 ) 3257.950 ( 146.250 )
1722.700 ( 41.813 ) 1942.050 ( 64.063 ) 2523.646 ( 20.693 ) 3334.600 ( 193.444 )
1722.700 ( 41.813 ) 1949.300 ( 72.936 ) 2532.148 ( 21.434 ) 3320.700 ( 114.064 )
1722.700 ( 41.813 ) 1924.550 ( 68.997 ) 2518.183 ( 20.897 ) 3222.200 ( 107.414 )
1719.900 ( 38.776 ) 1929.600 ( 70.479 ) 2516.864 ( 25.211 ) 3286.000 ( 130.168 )
1719.900 ( 38.776 ) 1947.400 ( 72.158 ) 2519.265 ( 31.229 ) 3251.550 ( 129.627 )
1719.900 ( 38.776 ) 1951.750 ( 67.077 ) 2523.075 ( 28.535 ) 3287.300 ( 143.047 )
1719.900 ( 38.776 ) 1949.650 ( 71.892 ) 2523.524 ( 27.573 ) 3284.450 ( 115.922 )
1719.900 ( 38.776 ) 1949.150 ( 75.032 ) 2530.075 ( 25.833 ) 3300.100 ( 143.214 )
1719.900 ( 38.776 ) 1926.600 ( 71.949 ) 2519.309 ( 32.308 ) 3243.150 ( 140.659 )
1713.550 ( 42.250 ) 1897.150 ( 91.094 ) 2507.037 ( 24.524 ) 3238.300 ( 94.531 )
1713.550 ( 42.250 ) 1929.650 ( 43.012 ) 2522.997 ( 23.895 ) 3270.100 ( 127.884 )
1713.550 ( 42.250 ) 1923.700 ( 67.163 ) 2522.512 ( 21.489 ) 3255.050 ( 125.538 )
1713.550 ( 42.250 ) 1922.750 ( 68.946 ) 2512.556 ( 27.331 ) 3351.950 ( 118.031 )
1713.550 ( 42.250 ) 1940.950 ( 68.092 ) 2532.704 ( 29.331 ) 3290.550 ( 148.991 )
1713.550 ( 42.250 ) 1949.150 ( 88.310 ) 2526.254 ( 27.416 ) 3272.000 ( 156.105 )
1713.550 ( 42.250 ) 1953.950 ( 48.031 ) 2527.968 ( 29.787 ) 3297.800 ( 146.649 )
1713.550 ( 42.250 ) 1949.900 ( 75.157 ) 2513.983 ( 28.803 ) 3274.550 ( 130.982 )
1713.550 ( 42.250 ) 1936.100 ( 87.042 ) 2521.590 ( 23.741 ) 3235.050 ( 134.803 )
1713.550 ( 42.250 ) 1921.050 ( 53.721 ) 2526.551 ( 26.539 ) 3270.450 ( 137.683 )
1713.550 ( 42.250 ) 1925.100 ( 71.871 ) 2520.559 ( 20.723 ) 3268.300 ( 109.172 )
1713.550 ( 42.250 ) 1942.800 ( 69.739 ) 2519.184 ( 18.539 ) 3292.700 ( 124.767 )
1713.550 ( 42.250 ) 1949.100 ( 65.307 ) 2522.603 ( 22.864 ) 3245.100 ( 108.501 )
1713.550 ( 42.250 ) 1947.950 ( 69.532 ) 2516.974 ( 30.060 ) 3276.500 ( 157.493 )
1713.550 ( 42.250 ) 1929.100 ( 77.674 ) 2529.005 ( 21.948 ) 3266.200 ( 100.062 )
1713.550 ( 42.250 ) 1939.100 ( 67.085 ) 2519.669 ( 22.601 ) 3291.100 ( 136.997 )
1713.550 ( 42.250 ) 1931.350 ( 45.094 ) 2514.811 ( 32.840 ) 3257.550 ( 159.616 )
1713.550 ( 42.250 ) 1944.450 ( 64.122 ) 2523.221 ( 30.816 ) 3298.300 ( 123.298 )
1713.550 ( 42.250 ) 1952.850 ( 76.292 ) 2517.464 ( 28.852 ) 3312.300 ( 142.449 )
1713.550 ( 42.250 ) 1942.450 ( 66.680 ) 2532.065 ( 24.003 ) 3256.550 ( 130.378 )
1713.550 ( 42.250 ) 1955.000 ( 69.664 ) 2528.836 ( 37.115 ) 3289.700 ( 152.149 )
1713.550 ( 42.250 ) 1924.650 ( 80.203 ) 2530.824 ( 29.097 ) 3280.450 ( 122.996 )
1713.550 ( 42.250 ) 1932.500 ( 83.390 ) 2528.114 ( 27.770 ) 3308.200 ( 157.408 )
1713.550 ( 42.250 ) 1923.300 ( 54.245 ) 2518.338 ( 29.908 ) 3283.600 ( 160.426 )
1713.550 ( 42.250 ) 1909.450 ( 77.022 ) 2523.798 ( 29.768 ) 3298.350 ( 157.478 )
1713.550 ( 42.250 ) 1947.050 ( 66.491 ) 2525.942 ( 25.448 ) 3255.950 ( 135.214 )
1713.550 ( 42.250 ) 1949.850 ( 66.483 ) 2521.268 ( 26.232 ) 3231.450 ( 138.169 )
1713.550 ( 42.250 ) 1957.850 ( 63.525 ) 2532.919 ( 17.362 ) 3293.250 ( 161.722 )
1713.550 ( 42.250 ) 1942.350 ( 68.502 ) 2524.216 ( 22.548 ) 3326.550 ( 131.559 )
1713.550 ( 42.250 ) 1951.250 ( 64.451 ) 2525.981 ( 28.742 ) 3236.650 ( 113.861 )
1713.550 ( 42.250 ) 1975.150 ( 61.602 ) 2525.749 ( 32.868 ) 3244.750 ( 136.165 )
1713.550 ( 42.250 ) 1940.300 ( 53.211 ) 2514.571 ( 25.091 ) 3260.650 ( 161.710 )
1713.550 ( 42.250 ) 1960.150 ( 56.919 ) 2532.015 ( 24.711 ) 3275.200 ( 160.757 )
1713.550 ( 42.250 ) 1929.600 ( 78.988 ) 2532.768 ( 27.743 ) 3261.300 ( 160.955 )
1713.550 ( 42.250 ) 1930.450 ( 78.141 ) 2525.319 ( 22.037 ) 3260.050 ( 122.900 )
1713.550 ( 42.250 ) 1952.850 ( 63.087 ) 2526.875 ( 27.955 ) 3267.400 ( 125.579 )
1713.550 ( 42.250 ) 1950.600 ( 76.779 ) 2532.782 ( 25.920 ) 3297.100 ( 146.794 )
1713.550 ( 42.250 ) 1949.700 ( 67.901 ) 2530.270 ( 23.999 ) 3305.200 ( 111.423 )
1713.550 ( 42.250 ) 1971.650 ( 73.761 ) 2529.310 ( 33.450 ) 3264.450 ( 174.103 )
1713.550 ( 42.250 ) 1925.850 ( 49.245 ) 2516.144 ( 32.803 ) 3286.650 ( 180.742 )
1713.550 ( 42.250 ) 1953.200 ( 57.677 ) 2525.471 ( 21.424 ) 3290.300 ( 155.425 )
1713.550 ( 42.250 ) 1927.700 ( 93.513 ) 2524.692 ( 21.753 ) 3221.750 ( 133.492 )
1712.300 ( 41.335 ) 1925.700 ( 84.273 ) 2525.541 ( 30.237 ) 3287.450 ( 147.320 )
1712.300 ( 41.335 ) 1953.250 ( 67.441 ) 2515.930 ( 18.351 ) 3249.050 ( 114.269 )
1712.300 ( 41.335 ) 1933.800 ( 73.490 ) 2526.071 ( 23.311 ) 3281.750 ( 146.496 )
1712.300 ( 41.335 ) 1938.600 ( 63.243 ) 2519.465 ( 22.210 ) 3227.800 ( 106.591 )
1712.300 ( 41.335 ) 1895.300 ( 70.668 ) 2507.788 ( 23.911 ) 3266.500 ( 148.238 )
1710.700 ( 41.586 ) 1923.750 ( 88.073 ) 2522.479 ( 21.302 ) 3302.650 ( 140.379 )
1710.700 ( 41.586 ) 1947.300 ( 51.152 ) 2527.286 ( 24.691 ) 3327.450 ( 183.209 )
1710.700 ( 41.586 ) 1934.800 ( 71.709 ) 2521.760 ( 30.277 ) 3257.300 ( 138.104 )
1710.700 ( 41.586 ) 1974.400 ( 63.995 ) 2527.966 ( 25.723 ) 3296.400 ( 143.381 )
1710.700 ( 41.586 ) 1931.650 ( 55.824 ) 2527.995 ( 26.033 ) 3263.700 ( 119.319 )
1710.700 ( 41.586 ) 1935.950 ( 35.603 ) 2521.333 ( 28.564 ) 3303.100 ( 129.621 )
1704.050 ( 44.353 ) 1905.750 ( 96.216 ) 2521.459 ( 28.724 ) 3287.900 ( 138.281 )
1704.050 ( 44.353 ) 1941.400 ( 62.613 ) 2520.365 ( 23.577 ) 3277.850 ( 107.978 )
1704.050 ( 44.353 ) 1921.000 ( 61.788 ) 2514.033 ( 30.527 ) 3288.550 ( 172.097 )
1704.050 ( 44.353 ) 1934.650 ( 64.376 ) 2527.588 ( 21.277 ) 3316.850 ( 92.691 )
1704.050 ( 44.353 ) 1963.200 ( 65.837 ) 2517.449 ( 29.486 ) 3291.850 ( 140.531 )
1704.050 ( 44.353 ) 1954.700 ( 97.348 ) 2535.504 ( 26.100 ) 3288.800 ( 130.094 )
1704.050 ( 44.353 ) 1912.450 ( 80.352 ) 2530.476 ( 19.753 ) 3260.450 ( 103.642 )
1704.050 ( 44.353 ) 1964.750 ( 54.439 ) 2522.561 ( 25.183 ) 3245.600 ( 137.652 )
1704.050 ( 44.353 ) 1910.650 ( 81.085 ) 2531.606 ( 28.944 ) 3298.650 ( 139.400 )
1699.450 ( 41.541 ) 1914.050 ( 92.009 ) 2513.836 ( 28.568 ) 3257.000 ( 141.464 )
1699.450 ( 41.541 ) 1935.100 ( 80.273 ) 2518.800 ( 24.427 ) 3224.450 ( 126.875 )
1699.450 ( 41.541 ) 1951.150 ( 69.376 ) 2509.702 ( 26.679 ) 3246.900 ( 114.610 )
1699.450 ( 41.541 ) 1944.500 ( 63.619 ) 2535.866 ( 30.751 ) 3354.650 ( 128.902 )
1699.450 ( 41.541 ) 1924.200 ( 82.246 ) 2509.996 ( 26.166 ) 3248.150 ( 179.337 )
1695.400 ( 41.338 ) 1899.100 ( 110.899 ) 2527.607 ( 20.942 ) 3352.000 ( 141.587 )
1695.400 ( 41.338 ) 1971.800 ( 76.192 ) 2528.153 ( 22.182 ) 3289.450 ( 185.519 )
1695.400 ( 41.338 ) 1960.550 ( 46.805 ) 2519.452 ( 20.015 ) 3310.550 ( 145.367 )
1695.400 ( 41.338 ) 1950.850 ( 55.208 ) 2517.064 ( 31.847 ) 3257.750 ( 139.939 )
1694.150 ( 40.614 ) 1923.300 ( 92.368 ) 2516.417 ( 29.316 ) 3228.300 ( 150.770 )
1694.150 ( 40.614 ) 1956.700 ( 88.728 ) 2522.368 ( 28.959 ) 3274.800 ( 94.199 )
1694.150 ( 40.614 ) 1944.350 ( 73.152 ) 2527.692 ( 21.574 ) 3250.350 ( 126.008 )
1694.150 ( 40.614 ) 1946.250 ( 67.975 ) 2517.373 ( 16.711 ) 3283.650 ( 136.500 )
1694.150 ( 40.614 ) 1938.150 ( 74.143 ) 2528.350 ( 28.912 ) 3313.450 ( 142.807 )
1694.150 ( 40.614 ) 1944.600 ( 81.302 ) 2524.931 ( 24.757 ) 3242.800 ( 84.045 )
1694.150 ( 40.614 ) 1946.200 ( 91.693 ) 2521.827 ( 39.462 ) 3252.750 ( 168.218 )
1694.150 ( 40.614 ) 1935.650 ( 59.945 ) 2520.459 ( 32.122 ) 3296.700 ( 153.932 )
1694.150 ( 40.614 ) 1945.200 ( 70.099 ) 2528.181 ( 28.034 ) 3281.100 ( 169.843 )
1694.150 ( 40.614 ) 1902.750 ( 86.833 ) 2513.712 ( 36.336 ) 3214.800 ( 114.013 )
1694.150 ( 40.614 ) 1954.600 ( 68.969 ) 2518.679 ( 21.333 ) 3275.750 ( 132.669 )
1691.100 ( 42.171 ) 1943.750 ( 86.440 ) 2534.868 ( 29.638 ) 3327.700 ( 121.151 )
1691.100 ( 42.171 ) 1945.400 ( 58.222 ) 2526.547 ( 20.720 ) 3268.250 ( 127.279 )
1691.100 ( 42.171 ) 1934.400 ( 66.161 ) 2516.970 ( 33.180 ) 3222.050 ( 132.490 )
1691.100 ( 42.171 ) 1971.800 ( 65.999 ) 2526.754 ( 27.092 ) 3250.750 ( 137.205 )
1691.100 ( 42.171 ) 1935.250 ( 51.525 ) 2529.280 ( 26.337 ) 3312.050 ( 182.700 )
1691.100 ( 42.171 ) 1918.600 ( 54.578 ) 2527.402 ( 27.680 ) 3264.750 ( 116.908 )
1685.800 ( 45.139 ) 1936.100 ( 110.098 ) 2526.146 ( 24.593 ) 3335.300 ( 129.727 )
1685.800 ( 45.139 ) 1923.900 ( 80.666 ) 2521.718 ( 25.523 ) 3304.700 ( 158.624 )
1685.800 ( 45.139 ) 1934.700 ( 70.534 ) 2516.372 ( 21.239 ) 3251.950 ( 104.763 )
1685.800 ( 45.139 ) 1949.350 ( 61.560 ) 2523.077 ( 25.913 ) 3264.100 ( 142.355 )
1685.800 ( 45.139 ) 1954.200 ( 78.788 ) 2538.286 ( 29.510 ) 3336.200 ( 144.718 )
1685.800 ( 45.139 ) 1931.650 ( 93.131 ) 2518.977 ( 27.709 ) 3236.250 ( 104.092 )
1685.800 ( 45.139 ) 1943.600 ( 49.361 ) 2516.484 ( 29.200 ) 3302.500 ( 140.686 )
1685.800 ( 45.139 ) 1910.000 ( 40.242 ) 2525.109 ( 20.022 ) 3330.000 ( 129.406 )
1685.800 ( 45.139 ) 1929.550 ( 77.078 ) 2515.084 ( 24.518 ) 3239.350 ( 135.111 )
1685.800 ( 45.139 ) 1938.550 ( 79.565 ) 2525.304 ( 31.251 ) 3291.850 ( 150.669 )
1685.800 ( 45.139 ) 1899.950 ( 90.619 ) 2518.564 ( 31.271 ) 3259.150 ( 142.813 )
1685.800 ( 45.139 ) 1952.350 ( 63.819 ) 2519.470 ( 28.038 ) 3290.750 ( 175.367 )
1685.800 ( 45.139 ) 1924.450 ( 59.311 ) 2523.254 ( 26.270 ) 3241.100 ( 82.531 )
1685.800 ( 45.139 ) 1930.050 ( 62.040 ) 2515.976 ( 32.989 ) 3301.800 ( 162.557 )
1684.600 ( 44.556 ) 1899.550 ( 87.535 ) 2525.771 ( 27.098 ) 3289.700 ( 129.770 )
1684.600 ( 44.556 ) 1930.700 ( 48.856 ) 2530.136 ( 24.509 ) 3331.500 ( 164.881 )
1684.600 ( 44.556 ) 1954.400 ( 63.827 ) 2519.180 ( 24.374 ) 3295.000 ( 91.238 )
1684.350 ( 44.224 ) 1903.550 ( 91.093 ) 2528.829 ( 25.740 ) 3305.400 ( 146.445 )
1684.350 ( 44.224 ) 1948.400 ( 73.109 ) 2522.162 ( 28.936 ) 3243.450 ( 153.877 )
1684.350 ( 44.224 ) 1960.900 ( 75.972 ) 2526.821 ( 27.964 ) 3322.250 ( 153.928 )
1684.350 ( 44.224 ) 1908.800 ( 74.990 ) 2521.175 ( 26.301 ) 3311.550 ( 235.392 )
1684.350 ( 44.224 ) 1920.450 ( 70.511 ) 2520.771 ( 22.366 ) 3251.750 ( 172.425 )
1684.350 ( 44.224 ) 1921.500 ( 89.031 ) 2521.680 ( 28.422 ) 3248.550 ( 124.518 )
1684.350 ( 44.224 ) 1937.750 ( 88.329 ) 2514.296 ( 23.313 ) 3252.000 ( 130.374 )
1684.350 ( 44.224 ) 1931.250 ( 90.812 ) 2526.905 ( 20.931 ) 3277.350 ( 152.119 )
1684.350 ( 44.224 ) 1947.000 ( 65.280 ) 2518.050 ( 23.392 ) 3298.400 ( 109.426 )
1684.350 ( 44.224 ) 1970.700 ( 73.289 ) 2534.704 ( 31.714 ) 3288.150 ( 141.802 )
1684.350 ( 44.224 ) 1902.550 ( 62.131 ) 2526.409 ( 18.181 ) 3279.450 ( 133.982 )
1684.350 ( 44.224 ) 1954.700 ( 61.931 ) 2521.347 ( 26.802 ) 3283.900 ( 123.904 )
1684.350 ( 44.224 ) 1915.100 ( 74.929 ) 2519.905 ( 25.908 ) 3236.700 ( 111.558 )
1684.350 ( 44.224 ) 1948.150 ( 54.581 ) 2522.938 ( 19.540 ) 3271.000 ( 96.798 )
1684.350 ( 44.224 ) 1957.700 ( 73.259 ) 2514.064 ( 24.843 ) 3263.850 ( 191.981 )
1684.350 ( 44.224 ) 1939.200 ( 68.393 ) 2525.704 ( 25.865 ) 3265.600 ( 130.105 )
1683.900 ( 44.046 ) 1919.150 ( 101.781 ) 2526.782 ( 33.648 ) 3286.150 ( 149.607 )
1683.900 ( 44.046 ) 1932.000 ( 82.558 ) 2526.440 ( 26.130 ) 3292.600 ( 130.184 )
1683.900 ( 44.046 ) 1947.500 ( 66.587 ) 2526.679 ( 21.114 ) 3306.150 ( 132.543 )
1683.900 ( 44.046 ) 1927.950 ( 66.796 ) 2530.267 ( 24.501 ) 3279.200 ( 119.904 )
1683.900 ( 44.046 ) 1935.250 ( 79.637 ) 2515.507 ( 27.070 ) 3293.150 ( 154.793 )
1683.900 ( 44.046 ) 1937.550 ( 66.466 ) 2530.077 ( 24.454 ) 3264.300 ( 118.055 )
1683.900 ( 44.046 ) 1928.850 ( 68.817 ) 2530.537 ( 33.308 ) 3290.600 ( 149.195 )
1683.200 ( 42.765 ) 1918.950 ( 79.279 ) 2518.050 ( 24.934 ) 3268.100 ( 115.987 )
1677.700 ( 42.823 ) 1930.700 ( 105.086 ) 2535.047 ( 27.752 ) 3308.000 ( 155.457 )
1677.700 ( 42.823 ) 1926.300 ( 70.697 ) 2518.492 ( 33.191 ) 3290.650 ( 147.117 )
1677.700 ( 42.823 ) 1936.750 ( 68.827 ) 2525.051 ( 20.694 ) 3260.950 ( 91.249 )
1677.700 ( 42.823 ) 1935.300 ( 60.620 ) 2512.222 ( 32.272 ) 3237.300 ( 153.406 )
1677.700 ( 42.823 ) 1929.400 ( 51.310 ) 2511.508 ( 27.896 ) 3202.650 ( 81.931 )
1677.700 ( 42.823 ) 1933.050 ( 63.759 ) 2513.715 ( 15.442 ) 3222.400 ( 120.364 )
1677.700 ( 42.823 ) 1942.100 ( 72.386 ) 2522.133 ( 18.014 ) 3324.300 ( 112.126 )
1677.700 ( 42.823 ) 1944.750 ( 89.537 ) 2522.217 ( 33.388 ) 3198.900 ( 94.564 )
1676.250 ( 43.143 ) 1917.300 ( 88.088 ) 2518.972 ( 25.802 ) 3273.400 ( 167.262 )
1676.250 ( 43.143 ) 1908.600 ( 98.308 ) 2511.807 ( 25.921 ) 3272.550 ( 139.328 )
1676.250 ( 43.143 ) 1946.000 ( 72.761 ) 2525.493 ( 26.844 ) 3285.150 ( 154.440 )
1676.250 ( 43.143 ) 1948.550 ( 76.085 ) 2532.169 ( 32.572 ) 3275.450 ( 122.870 )
1676.250 ( 43.143 ) 1932.050 ( 73.475 ) 2520.884 ( 27.278 ) 3345.800 ( 138.750 )
1676.250 ( 43.143 ) 1882.750 ( 78.861 ) 2516.925 ( 28.671 ) 3234.100 ( 121.653 )
1676.250 ( 43.143 ) 1916.050 ( 74.980 ) 2520.348 ( 23.441 ) 3299.300 ( 147.433 )
1676.250 ( 43.143 ) 1986.300 ( 54.843 ) 2525.768 ( 24.593 ) 3313.000 ( 198.427 )
1676.250 ( 43.143 ) 1966.650 ( 74.170 ) 2518.151 ( 32.374 ) 3264.900 ( 116.532 )
1676.250 ( 43.143 ) 1926.350 ( 82.711 ) 2526.175 ( 29.599 ) 3315.700 ( 115.093 )
1676.250 ( 43.143 ) 1961.200 ( 67.798 ) 2526.912 ( 23.754 ) 3295.200 ( 163.205 )
1676.250 ( 43.143 ) 1944.000 ( 60.705 ) 2512.843 ( 31.463 ) 3249.850 ( 121.019 )
1676.250 ( 43.143 ) 1919.200 ( 68.426 ) 2528.329 ( 27.616 ) 3328.400 ( 137.279 )
1676.250 ( 43.143 ) 1949.150 ( 79.066 ) 2530.115 ( 23.249 ) 3307.000 ( 184.474 )
1676.250 ( 43.143 ) 1928.800 ( 76.420 ) 2522.462 ( 24.324 ) 3280.650 ( 135.705 )
1676.250 ( 43.143 ) 1915.750 ( 62.017 ) 2516.336 ( 24.989 ) 3241.650 ( 133.464 )
1676.250 ( 43.143 ) 1926.700 ( 79.503 ) 2526.376 ( 32.509 ) 3291.950 ( 156.544 )
1676.250 ( 43.143 ) 1924.900 ( 66.990 ) 2524.041 ( 30.609 ) 3255.100 ( 172.779 )
1676.250 ( 43.143 ) 1936.750 ( 88.402 ) 2507.225 ( 17.627 ) 3292.450 ( 127.914 )
1676.250 ( 43.143 ) 1947.450 ( 86.024 ) 2527.138 ( 27.329 ) 3287.800 ( 166.111 )
1676.250 ( 43.143 ) 1940.800 ( 62.119 ) 2523.106 ( 24.888 ) 3255.650 ( 117.399 )
1676.250 ( 43.143 ) 1925.450 ( 79.055 ) 2515.755 ( 24.041 ) 3294.950 ( 160.239 )
1676.250 ( 43.143 ) 1964.850 ( 73.798 ) 2534.176 ( 25.697 ) 3263.300 ( 127.432 )
1676.250 ( 43.143 ) 1953.950 ( 65.351 ) 2524.501 ( 24.665 ) 3284.400 ( 148.269 )
1676.250 ( 43.143 ) 1931.950 ( 77.528 ) 2524.663 ( 18.250 ) 3222.400 ( 109.380 )
1674.000 ( 43.435 ) 1931.850 ( 85.415 ) 2526.374 ( 22.782 ) 3271.200 ( 142.359 )
1674.000 ( 43.435 ) 1925.300 ( 83.594 ) 2514.510 ( 20.069 ) 3289.650 ( 137.520 )
1674.000 ( 43.435 ) 1933.300 ( 69.754 ) 2527.384 ( 17.478 ) 3320.150 ( 106.567 )
1674.000 ( 43.435 ) 1934.800 ( 68.923 ) 2521.902 ( 27.004 ) 3236.300 ( 98.831 )
1674.000 ( 43.435 ) 1934.850 ( 72.833 ) 2526.716 ( 29.443 ) 3270.400 ( 107.173 )
1674.000 ( 43.435 ) 1938.900 ( 51.193 ) 2521.090 ( 30.720 ) 3280.350 ( 162.998 )
1674.000 ( 43.435 ) 1957.600 ( 86.834 ) 2523.324 ( 21.140 ) 3268.450 ( 158.517 )
1674.000 ( 43.435 ) 1968.900 ( 57.014 ) 2526.498 ( 33.074 ) 3242.500 ( 125.855 )
1674.000 ( 43.435 ) 1893.600 ( 90.926 ) 2518.160 ( 31.895 ) 3320.950 ( 156.574 )
1674.000 ( 43.435 ) 1924.300 ( 78.787 ) 2523.443 ( 21.804 ) 3329.000 ( 197.713 )
1674.000 ( 43.435 ) 1932.350 ( 69.943 ) 2508.618 ( 16.984 ) 3238.900 ( 122.722 )
1674.000 ( 43.435 ) 1917.750 ( 91.118 ) 2526.627 ( 30.230 ) 3296.200 ( 99.727 )
1674.000 ( 43.435 ) 1919.650 ( 55.454 ) 2522.008 ( 28.728 ) 3315.300 ( 188.790 )
1674.000 ( 43.435 ) 1957.400 ( 61.518 ) 2524.440 ( 21.010 ) 3271.500 ( 107.769 )
1674.000 ( 43.435 ) 1948.150 ( 81.009 ) 2533.200 ( 26.943 ) 3303.750 ( 124.513 )
1674.000 ( 43.435 ) 1954.450 ( 63.840 ) 2527.606 ( 31.272 ) 3266.300 ( 144.172 )
1674.000 ( 43.435 ) 1930.250 ( 63.978 ) 2514.898 ( 23.860 ) 3287.450 ( 154.066 )
1674.000 ( 43.435 ) 1927.650 ( 78.928 ) 2517.588 ( 29.111 ) 3323.700 ( 164.940 )
1674.000 ( 43.435 ) 1920.350 ( 90.100 ) 2519.786 ( 24.028 ) 3273.650 ( 170.072 )
1674.000 ( 43.435 ) 1931.850 ( 59.522 ) 2523.326 ( 21.755 ) 3269.950 ( 141.773 )
1674.000 ( 43.435 ) 1908.750 ( 70.595 ) 2517.111 ( 29.061 ) 3267.900 ( 120.437 )
1674.000 ( 43.435 ) 1948.300 ( 73.176 ) 2517.189 ( 31.347 ) 3219.950 ( 102.657 )
1674.000 ( 43.435 ) 1921.500 ( 86.316 ) 2517.458 ( 27.902 ) 3319.100 ( 184.402 )
1674.000 ( 43.435 ) 1913.300 ( 82.844 ) 2517.726 ( 26.600 ) 3230.650 ( 146.900 )
1674.000 ( 43.435 ) 1938.250 ( 62.945 ) 2530.003 ( 27.885 ) 3295.300 ( 140.721 )
1674.000 ( 43.435 ) 1925.950 ( 96.777 ) 2523.243 ( 23.632 ) 3273.050 ( 144.807 )
1674.000 ( 43.435 ) 1935.800 ( 62.478 ) 2522.589 ( 25.315 ) 3283.600 ( 172.313 )
1674.000 ( 43.435 ) 1914.450 ( 86.521 ) 2521.047 ( 32.556 ) 3224.950 ( 155.901 )
1674.000 ( 43.435 ) 1926.000 ( 82.472 ) 2524.961 ( 22.629 ) 3304.800 ( 107.901 )
1674.000 ( 43.435 ) 1947.200 ( 79.658 ) 2525.966 ( 27.820 ) 3224.300 ( 131.014 )
1674.000 ( 43.435 ) 1917.250 ( 92.894 ) 2523.503 ( 24.110 ) 3268.900 ( 151.560 )
1674.000 ( 43.435 ) 1934.050 ( 56.258 ) 2524.562 ( 29.946 ) 3275.350 ( 121.578 )
1674.000 ( 43.435 ) 1940.600 ( 71.920 ) 2528.949 ( 26.428 ) 3316.200 ( 113.729 )
1674.000 ( 43.435 ) 1940.700 ( 80.979 ) 2514.203 ( 28.356 ) 3244.450 ( 135.167 )
1674.000 ( 43.435 ) 1912.900 ( 77.512 ) 2513.484 ( 25.263 ) 3288.550 ( 124.679 )
1674.000 ( 43.435 ) 1947.400 ( 80.731 ) 2522.132 ( 26.241 ) 3228.050 ( 111.687 )
1674.000 ( 43.435 ) 1922.050 ( 65.053 ) 2514.224 ( 21.212 ) 3282.250 ( 174.038 )
1674.000 ( 43.435 ) 1931.650 ( 65.433 ) 2517.104 ( 27.046 ) 3241.600 ( 124.978 )
1674.000 ( 43.435 ) 1913.200 ( 98.247 ) 2518.323 ( 26.436 ) 3282.050 ( 159.053 )
1674.000 ( 43.435 ) 1966.100 ( 78.022 ) 2519.387 ( 27.649 ) 3253.150 ( 120.035 )
1674.000 ( 43.435 ) 1972.150 ( 72.777 ) 2535.801 ( 29.516 ) 3346.550 ( 123.013 )
1674.000 ( 43.435 ) 1940.250 ( 60.681 ) 2516.270 ( 24.900 ) 3247.800 ( 170.471 )
1674.000 ( 43.435 ) 1946.650 ( 93.233 ) 2510.039 ( 25.559 ) 3218.650 ( 127.612 )
1674.000 ( 43.435 ) 1915.850 ( 87.900 ) 2524.961 ( 24.719 ) 3242.300 ( 132.967 )
1674.000 ( 43.435 ) 1937.050 ( 71.024 ) 2519.760 ( 20.083 ) 3293.450 ( 197.514 )
1674.000 ( 43.435 ) 1961.400 ( 89.915 ) 2528.669 ( 25.060 ) 3284.850 ( 162.735 )
1674.000 ( 43.435 ) 1931.200 ( 54.118 ) 2515.660 ( 25.385 ) 3232.850 ( 109.007 )
1670.750 ( 40.961 ) 1921.900 ( 82.599 ) 2528.712 ( 30.983 ) 3247.800 ( 123.736 )
1670.750 ( 40.961 ) 1919.150 ( 67.549 ) 2516.269 ( 25.089 ) 3315.650 ( 166.529 )
1670.750 ( 40.961 ) 1937.100 ( 58.836 ) 2533.815 ( 25.787 ) 3248.300 ( 168.646 )
1670.750 ( 40.961 ) 1959.800 ( 49.516 ) 2528.802 ( 28.241 ) 3353.850 ( 208.635 )
1670.750 ( 40.961 ) 1948.500 ( 67.711 ) 2527.526 ( 19.410 ) 3320.850 ( 153.453 )
1670.750 ( 40.961 ) 1930.150 ( 80.147 ) 2534.571 ( 34.265 ) 3308.100 ( 141.493 )
1670.750 ( 40.961 ) 1900.600 ( 71.881 ) 2526.012 ( 29.752 ) 3291.850 ( 138.086 )
1670.750 ( 40.961 ) 1942.700 ( 75.404 ) 2527.898 ( 20.198 ) 3313.400 ( 120.970 )
1670.750 ( 40.961 ) 1920.950 ( 64.415 ) 2509.429 ( 25.718 ) 3268.750 ( 133.873 )
1670.750 ( 40.961 ) 1961.200 ( 65.751 ) 2531.976 ( 30.672 ) 3286.800 ( 136.237 )
1670.750 ( 40.961 ) 1925.750 ( 53.946 ) 2525.976 ( 27.129 ) 3250.450 ( 111.532 )
1670.750 ( 40.961 ) 1944.000 ( 66.020 ) 2519.645 ( 26.455 ) 3258.250 ( 117.806 )
1670.750 ( 40.961 ) 1928.750 ( 78.565 ) 2517.122 ( 20.860 ) 3231.050 ( 87.229 )
1670.750 ( 40.961 ) 1925.650 ( 63.123 ) 2533.696 ( 23.949 ) 3284.100 ( 121.120 )
1670.750 ( 40.961 ) 1945.250 ( 75.381 ) 2521.264 ( 22.732 ) 3274.600 ( 145.416 )
1670.750 ( 40.961 ) 1912.300 ( 70.287 ) 2519.149 ( 26.460 ) 3294.100 ( 128.632 )
1670.750 ( 40.961 ) 1933.200 ( 86.052 ) 2514.362 ( 24.711 ) 3219.250 ( 147.718 )
1670.750 ( 40.961 ) 1933.850 ( 91.705 ) 2514.975 ( 32.155 ) 3275.750 ( 155.328 )
1670.750 ( 40.961 ) 1924.150 ( 65.228 ) 2525.064 ( 21.463 ) 3255.350 ( 136.251 )
1670.750 ( 40.961 ) 1934.000 ( 76.603 ) 2524.613 ( 25.817 ) 3288.050 ( 162.037 )
1669.850 ( 42.137 ) 1925.900 ( 96.648 ) 2531.386 ( 25.951 ) 3296.850 ( 122.035 )
1669.850 ( 42.137 ) 1908.800 ( 82.939 ) 2515.346 ( 28.129 ) 3242.050 ( 130.258 )
1669.850 ( 42.137 ) 1936.700 ( 85.551 ) 2519.233 ( 19.732 ) 3279.350 ( 135.547 )
1669.850 ( 42.137 ) 1946.900 ( 90.113 ) 2524.248 ( 27.989 ) 3301.900 ( 135.409 )
1669.850 ( 42.137 ) 1929.600 ( 70.649 ) 2514.322 ( 29.190 ) 3312.250 ( 178.559 )
1669.850 ( 42.137 ) 1932.350 ( 52.832 ) 2520.949 ( 22.246 ) 3221.700 ( 125.881 )
1669.850 ( 42.137 ) 1913.300 ( 75.733 ) 2518.976 ( 29.355 ) 3287.100 ( 152.367 )
1669.850 ( 42.137 ) 1919.750 ( 82.544 ) 2517.323 ( 21.120 ) 3248.800 ( 144.672 )
1669.850 ( 42.137 ) 1925.250 ( 67.389 ) 2516.745 ( 27.969 ) 3248.600 ( 164.514 )
1669.850 ( 42.137 ) 1925.250 ( 69.585 ) 2521.274 ( 26.630 ) 3246.250 ( 115.210 )
1669.850 ( 42.137 ) 1934.000 ( 55.381 ) 2512.880 ( 28.421 ) 3271.600 ( 161.668 )
1669.850 ( 42.137 ) 1921.400 ( 72.924 ) 2518.568 ( 19.811 ) 3288.250 ( 150.330 )
1669.850 ( 42.137 ) 1946.950 ( 64.178 ) 2532.360 ( 32.570 ) 3292.800 ( 154.125 )
1669.850 ( 42.137 ) 1951.600 ( 83.017 ) 2529.434 ( 28.144 ) 3284.050 ( 99.714 )
1669.850 ( 42.137 ) 1912.250 ( 78.866 ) 2521.552 ( 18.468 ) 3266.150 ( 131.881 )
1669.850 ( 42.137 ) 1969.900 ( 69.111 ) 2519.497 ( 33.668 ) 3272.300 ( 118.495 )
1669.850 ( 42.137 ) 1931.000 ( 79.515 ) 2524.407 ( 25.301 ) 3223.300 ( 105.900 )
1669.850 ( 42.137 ) 1943.300 ( 81.801 ) 2523.226 ( 32.094 ) 3283.750 ( 145.142 )
1669.850 ( 42.137 ) 1920.950 ( 64.807 ) 2519.113 ( 26.486 ) 3315.200 ( 151.632 )
1669.850 ( 42.137 ) 1946.000 ( 64.587 ) 2513.566 ( 26.860 ) 3300.250 ( 178.199 )
1669.850 ( 42.137 ) 1928.550 ( 86.394 ) 2526.232 ( 34.053 ) 3305.100 ( 113.826 )
1669.850 ( 42.137 ) 1908.250 ( 47.607 ) 2530.035 ( 34.314 ) 3328.600 ( 211.253 )
1669.850 ( 42.137 ) 1941.300 ( 91.026 ) 2523.815 ( 26.164 ) 3253.850 ( 131.335 )
1669.850 ( 42.137 ) 1931.700 ( 78.944 ) 2530.130 ( 26.710 ) 3301.600 ( 151.646 )
1669.850 ( 42.137 ) 1951.300 ( 61.782 ) 2529.690 ( 31.847 ) 3318.550 ( 179.743 )
1669.850 ( 42.137 ) 1936.800 ( 71.308 ) 2519.799 ( 32.478 ) 3292.750 ( 146.089 )
1669.850 ( 42.137 ) 1942.400 ( 73.610 ) 2527.887 ( 23.809 ) 3278.700 ( 140.933 )
1669.850 ( 42.137 ) 1946.900 ( 82.427 ) 2525.258 ( 27.535 ) 3302.000 ( 138.127 )
1669.850 ( 42.137 ) 1931.150 ( 88.998 ) 2521.259 ( 31.534 ) 3304.650 ( 153.512 )
1669.850 ( 42.137 ) 1949.350 ( 64.409 ) 2520.899 ( 36.547 ) 3240.300 ( 121.346 )
1669.850 ( 42.137 ) 1918.800 ( 72.095 ) 2509.896 ( 28.285 ) 3290.400 ( 102.323 )
1669.850 ( 42.137 ) 1938.750 ( 71.159 ) 2525.055 ( 28.238 ) 3309.700 ( 147.861 )
1669.850 ( 42.137 ) 1946.050 ( 53.080 ) 2516.883 ( 25.270 ) 3293.800 ( 116.401 )
1669.850 ( 42.137 ) 1965.150 ( 71.159 ) 2516.064 ( 23.323 ) 3247.950 ( 131.854 )
1669.850 ( 42.137 ) 1960.300 ( 69.059 ) 2528.994 ( 38.934 ) 3238.750 ( 111.588 )
1669.850 ( 42.137 ) 1893.700 ( 73.413 ) 2523.664 ( 25.807 ) 3320.800 ( 200.622 )
1669.850 ( 42.137 ) 1955.500 ( 83.987 ) 2530.822 ( 29.401 ) 3328.850 ( 171.888 )
1669.850 ( 42.137 ) 1943.900 ( 60.465 ) 2521.816 ( 26.109 ) 3285.350 ( 142.489 )
1669.850 ( 42.137 ) 1927.900 ( 80.473 ) 2527.450 ( 29.842 ) 3281.900 ( 99.504 )
1669.850 ( 42.137 ) 1939.450 ( 61.973 ) 2510.336 ( 29.749 ) 3283.200 ( 153.019 )
1669.850 ( 42.137 ) 1930.200 ( 102.637 ) 2524.867 ( 24.728 ) 3258.950 ( 146.233 )
1669.850 ( 42.137 ) 1924.500 ( 86.853 ) 2529.405 ( 25.825 ) 3325.050 ( 134.172 )
1669.850 ( 42.137 ) 1954.750 ( 52.836 ) 2522.589 ( 25.041 ) 3222.750 ( 112.917 )
1669.850 ( 42.137 ) 1935.350 ( 54.201 ) 2524.066 ( 28.911 ) 3290.950 ( 174.178 )
1669.850 ( 42.137 ) 1944.950 ( 61.384 ) 2528.961 ( 27.662 ) 3303.300 ( 172.784 )
1669.850 ( 42.137 ) 1918.650 ( 83.116 ) 2524.401 ( 25.817 ) 3276.000 ( 122.419 )
1669.850 ( 42.137 ) 1938.050 ( 68.252 ) 2512.494 ( 24.850 ) 3342.500 ( 182.807 )
1669.850 ( 42.137 ) 1957.900 ( 58.828 ) 2526.966 ( 26.326 ) 3307.700 ( 149.378 )
1669.850 ( 42.137 ) 1946.750 ( 76.011 ) 2525.093 ( 26.249 ) 3299.050 ( 156.074 )
1669.850 ( 42.137 ) 1967.150 ( 58.098 ) 2533.138 ( 30.474 ) 3320.650 ( 116.953 )
1669.850 ( 42.137 ) 1930.150 ( 61.867 ) 2526.083 ( 21.629 ) 3350.850 ( 224.421 )
1669.700 ( 42.045 ) 1908.850 ( 92.827 ) 2518.462 ( 29.517 ) 3303.850 ( 136.496 )
1669.700 ( 42.045 ) 1909.400 ( 99.994 ) 2521.733 ( 24.626 ) 3275.400 ( 99.470 )
1668.850 ( 40.768 ) 1928.500 ( 95.895 ) 2525.767 ( 28.696 ) 3244.150 ( 133.608 )
1668.350 ( 39.745 ) 1918.850 ( 79.375 ) 2525.293 ( 30.183 ) 3298.050 ( 171.072 )
1668.350 ( 39.745 ) 1940.150 ( 70.806 ) 2523.925 ( 28.538 ) 3206.300 ( 146.600 )
1668.350 ( 39.745 ) 1950.650 ( 61.772 ) 2521.094 ( 30.084 ) 3246.050 ( 86.844 )
1668.350 ( 39.745 ) 1946.900 ( 62.974 ) 2521.060 ( 35.283 ) 3260.900 ( 133.222 )
1668.350 ( 39.745 ) 1953.300 ( 72.112 ) 2530.749 ( 28.098 ) 3294.400 ( 148.760 )
1668.350 ( 39.745 ) 1979.850 ( 66.952 ) 2529.542 ( 22.119 ) 3238.450 ( 98.528 )
1668.350 ( 39.745 ) 1940.300 ( 64.390 ) 2528.188 ( 25.731 ) 3324.250 ( 116.727 )
1668.350 ( 39.745 ) 1932.700 ( 57.079 ) 2517.175 ( 20.099 ) 3266.300 ( 108.318 )
1668.350 ( 39.745 ) 1906.650 ( 72.609 ) 2533.437 ( 31.974 ) 3360.250 ( 172.002 )
1668.350 ( 39.745 ) 1969.950 ( 58.877 ) 2526.197 ( 35.341 ) 3242.900 ( 131.986 )
1668.350 ( 39.745 ) 1949.050 ( 65.521 ) 2523.213 ( 26.528 ) 3274.500 ( 100.447 )
1668.350 ( 39.745 ) 1967.500 ( 67.009 ) 2518.428 ( 25.164 ) 3277.650 ( 116.998 )
1668.350 ( 39.745 ) 1909.350 ( 59.028 ) 2515.188 ( 26.838 ) 3252.400 ( 94.213 )
1667.100 ( 38.376 ) 1933.750 ( 95.492 ) 2519.996 ( 33.169 ) 3231.850 ( 156.080 )
1667.100 ( 38.376 ) 1952.000 ( 60.754 ) 2523.608 ( 26.525 ) 3303.950 ( 111.813 )
1667.100 ( 38.376 ) 1960.850 ( 66.485 ) 2525.894 ( 26.347 ) 3219.300 ( 130.251 )
1667.100 ( 38.376 ) 1918.450 ( 53.962 ) 2521.426 ( 29.668 ) 3274.850 ( 142.583 )
1667.100 ( 38.376 ) 1953.800 ( 81.703 ) 2528.809 ( 25.831 ) 3286.050 ( 120.417 )
1667.100 ( 38.376 ) 1918.100 ( 63.103 ) 2516.729 ( 26.393 ) 3296.400 ( 160.380 )
1667.100 ( 38.376 ) 1944.000 ( 65.662 ) 2526.287 ( 27.621 ) 3238.850 ( 123.816 )
1667.100 ( 38.376 ) 1902.850 ( 69.431 ) 2520.463 ( 27.647 ) 3309.000 ( 139.874 )
1667.100 ( 38.376 ) 1949.050 ( 63.016 ) 2527.884 ( 27.185 ) 3292.150 ( 99.840 )
1667.100 ( 38.376 ) 1928.650 ( 72.032 ) 2526.367 ( 31.749 ) 3243.300 ( 171.386 )
1667.100 ( 38.376 ) 1945.400 ( 88.688 ) 2521.171 ( 29.910 ) 3201.850 ( 154.415 )
1667.100 ( 38.376 ) 1962.550 ( 70.259 ) 2513.887 ( 24.545 ) 3278.050 ( 137.886 )
1667.100 ( 38.376 ) 1950.450 ( 71.704 ) 2525.017 ( 25.341 ) 3341.550 ( 154.009 )
1667.100 ( 38.376 ) 1903.500 ( 68.852 ) 2514.463 ( 29.383 ) 3262.700 ( 129.494 )
1667.100 ( 38.376 ) 1918.450 ( 63.501 ) 2524.454 ( 27.498 ) 3260.200 ( 137.451 )
1667.100 ( 38.376 ) 1966.400 ( 63.140 ) 2528.218 ( 25.627 ) 3249.800 ( 166.775 )
1667.100 ( 38.376 ) 1949.500 ( 77.580 ) 2526.557 ( 23.119 ) 3347.450 ( 153.396 )
1667.100 ( 38.376 ) 1932.150 ( 51.613 ) 2525.393 ( 26.058 ) 3240.850 ( 109.981 )
1667.100 ( 38.376 ) 1927.850 ( 68.129 ) 2512.547 ( 21.377 ) 3282.300 ( 152.111 )
1667.100 ( 38.376 ) 1938.850 ( 69.722 ) 2518.956 ( 27.149 ) 3279.200 ( 121.602 )
1667.050 ( 38.369 ) 1912.900 ( 96.393 ) 2526.216 ( 28.880 ) 3253.900 ( 156.202 )
1667.050 ( 38.369 ) 1920.400 ( 88.601 ) 2519.051 ( 15.355 ) 3257.100 ( 149.258 )
1667.050 ( 38.369 ) 1931.050 ( 62.180 ) 2534.193 ( 39.925 ) 3303.450 ( 156.574 )
1667.050 ( 38.369 ) 1948.850 ( 57.492 ) 2518.572 ( 25.561 ) 3324.450 ( 141.616 )
1667.050 ( 38.369 ) 1908.600 ( 81.470 ) 2517.271 ( 32.345 ) 3252.850 ( 149.370 )
1667.050 ( 38.369 ) 1950.600 ( 64.659 ) 2527.603 ( 31.265 ) 3280.950 ( 147.902 )
1667.050 ( 38.369 ) 1888.750 ( 72.486 ) 2509.892 ( 29.297 ) 3275.100 ( 155.266 )
1667.050 ( 38.369 ) 1939.950 ( 78.630 ) 2526.691 ( 30.322 ) 3265.700 ( 145.864 )
1667.050 ( 38.369 ) 1965.500 ( 56.715 ) 2516.833 ( 26.173 ) 3270.500 ( 136.930 )
1667.050 ( 38.369 ) 1934.350 ( 93.613 ) 2520.988 ( 24.414 ) 3265.350 ( 138.408 )
1667.050 ( 38.369 ) 1950.350 ( 72.436 ) 2518.646 ( 28.909 ) 3230.200 ( 136.516 )
1667.050 ( 38.369 ) 1956.400 ( 57.073 ) 2508.413 ( 27.026 ) 3365.800 ( 175.576 )
1667.050 ( 38.369 ) 1922.450 ( 55.925 ) 2505.046 ( 24.718 ) 3241.050 ( 130.439 )
1667.050 ( 38.369 ) 1937.300 ( 68.018 ) 2516.132 ( 27.637 ) 3255.050 ( 158.199 )
1666.700 ( 38.798 ) 1926.700 ( 110.231 ) 2527.359 ( 27.700 ) 3276.800 ( 116.176 )
1666.700 ( 38.798 ) 1942.250 ( 69.286 ) 2527.936 ( 22.794 ) 3262.200 ( 151.076 )
1666.700 ( 38.798 ) 1933.750 ( 88.801 ) 2522.852 ( 28.841 ) 3336.150 ( 109.719 )
1666.700 ( 38.798 ) 1933.550 ( 66.425 ) 2522.832 ( 18.712 ) 3277.600 ( 177.759 )
1666.700 ( 38.798 ) 1934.650 ( 61.248 ) 2517.037 ( 24.100 ) 3334.900 ( 195.334 )
1666.700 ( 38.798 ) 1961.750 ( 55.912 ) 2526.746 ( 17.704 ) 3337.800 ( 149.795 )
1666.700 ( 38.798 ) 1947.350 ( 90.572 ) 2517.547 ( 22.493 ) 3260.150 ( 129.875 )
1666.700 ( 38.798 ) 1945.550 ( 69.933 ) 2525.738 ( 26.351 ) 3303.200 ( 145.349 )
1666.700 ( 38.798 ) 1946.000 ( 89.348 ) 2530.872 ( 31.187 ) 3254.900 ( 145.149 )
1666.700 ( 38.798 ) 1934.800 ( 63.857 ) 2525.918 ( 31.195 ) 3281.650 ( 140.980 )
1666.700 ( 38.798 ) 1942.050 ( 76.298 ) 2517.440 ( 31.569 ) 3314.250 ( 155.899 )
1666.700 ( 38.798 ) 1917.050 ( 82.278 ) 2521.615 ( 26.633 ) 3241.600 ( 110.233 )
1666.700 ( 38.798 ) 1934.050 ( 77.604 ) 2517.552 ( 17.524 ) 3267.100 ( 171.892 )
1666.700 ( 38.798 ) 1909.250 ( 72.515 ) 2526.596 ( 20.108 ) 3268.450 ( 148.807 )
1666.700 ( 38.798 ) 1973.050 ( 42.642 ) 2523.944 ( 30.176 ) 3236.750 ( 102.013 )
1666.700 ( 38.798 ) 1926.500 ( 71.759 ) 2508.265 ( 21.745 ) 3295.150 ( 153.024 )
1666.700 ( 38.798 ) 1922.200 ( 67.026 ) 2522.501 ( 27.392 ) 3312.400 ( 177.630 )
1666.700 ( 38.798 ) 1962.750 ( 87.402 ) 2521.772 ( 28.652 ) 3280.400 ( 147.189 )
1666.700 ( 38.798 ) 1938.750 ( 87.652 ) 2533.486 ( 29.363 ) 3275.750 ( 172.173 )
1666.700 ( 38.798 ) 1910.050 ( 87.373 ) 2512.333 ( 33.739 ) 3248.650 ( 124.666 )
1666.700 ( 38.798 ) 1921.550 ( 63.477 ) 2512.402 ( 27.066 ) 3280.600 ( 104.938 )
1666.700 ( 38.798 ) 1931.000 ( 86.158 ) 2513.949 ( 22.980 ) 3282.350 ( 162.807 )
1666.700 ( 38.798 ) 1964.100 ( 60.254 ) 2530.035 ( 31.017 ) 3293.400 ( 122.369 )
1666.700 ( 38.798 ) 1953.850 ( 58.413 ) 2515.999 ( 25.424 ) 3346.100 ( 105.086 )
1666.700 ( 38.798 ) 1940.000 ( 81.470 ) 2533.787 ( 30.556 ) 3332.300 ( 163.403 )
1665.850 ( 38.859 ) 1875.900 ( 96.643 ) 2518.121 ( 29.932 ) 3270.900 ( 151.471 )
1665.850 ( 38.859 ) 1951.800 ( 58.820 ) 2524.492 ( 27.110 ) 3259.700 ( 122.692 )
1665.850 ( 38.859 ) 1902.400 ( 81.768 ) 2528.631 ( 25.647 ) 3312.850 ( 192.056 )
1665.850 ( 38.859 ) 1934.000 ( 68.690 ) 2516.597 ( 22.322 ) 3267.900 ( 139.188 )
1665.850 ( 38.859 ) 1966.300 ( 67.722 ) 2529.955 ( 28.637 ) 3274.550 ( 147.256 )
1665.850 ( 38.859 ) 1924.000 ( 77.198 ) 2521.747 ( 30.916 ) 3298.100 ( 130.311 )
1665.850 ( 38.859 ) 1945.900 ( 70.480 ) 2509.976 ( 35.590 ) 3259.700 ( 146.145 )
1665.850 ( 38.859 ) 1936.150 ( 78.286 ) 2512.896 ( 26.329 ) 3227.300 ( 130.422 )
1665.850 ( 38.859 ) 1910.850 ( 70.982 ) 2515.845 ( 25.971 ) 3214.600 ( 116.213 )
1665.850 ( 38.859 ) 1905.150 ( 94.294 ) 2530.644 ( 31.990 ) 3293.550 ( 164.871 )
1665.850 ( 38.859 ) 1951.400 ( 87.737 ) 2536.080 ( 24.727 ) 3320.950 ( 97.967 )
1665.850 ( 38.859 ) 1907.200 ( 69.898 ) 2517.909 ( 31.573 ) 3255.950 ( 108.182 )
1665.850 ( 38.859 ) 1913.000 ( 69.584 ) 2514.616 ( 26.071 ) 3271.400 ( 163.224 )
1665.850 ( 38.859 ) 1950.800 ( 64.099 ) 2521.615 ( 18.323 ) 3312.350 ( 187.534 )
1665.850 ( 38.859 ) 1925.550 ( 92.272 ) 2525.981 ( 25.279 ) 3252.450 ( 138.252 )
1665.850 ( 38.859 ) 1938.450 ( 71.573 ) 2525.764 ( 25.932 ) 3301.700 ( 152.546 )
1665.850 ( 38.859 ) 1976.350 ( 59.257 ) 2524.920 ( 27.308 ) 3343.200 ( 198.359 )
1665.850 ( 38.859 ) 1916.450 ( 79.866 ) 2530.403 ( 23.259 ) 3260.350 ( 107.350 )
1665.850 ( 38.859 ) 1955.550 ( 72.774 ) 2517.061 ( 26.499 ) 3297.200 ( 163.931 )
1665.850 ( 38.859 ) 1902.350 ( 77.122 ) 2523.225 ( 27.392 ) 3242.400 ( 99.508 )
1665.850 ( 38.859 ) 1949.750 ( 81.745 ) 2521.758 ( 28.773 ) 3286.650 ( 135.438 )
1665.850 ( 38.859 ) 1936.900 ( 60.162 ) 2523.745 ( 34.005 ) 3270.000 ( 159.340 )
1665.850 ( 38.859 ) 1934.100 ( 70.289 ) 2526.638 ( 23.754 ) 3290.750 ( 113.879 )
1665.850 ( 38.859 ) 1934.100 ( 81.572 ) 2516.838 ( 25.788 ) 3238.750 ( 101.980 )
1665.850 ( 38.859 ) 1958.800 ( 62.615 ) 2519.454 ( 26.422 ) 3243.150 ( 159.381 )
1665.850 ( 38.859 ) 1937.200 ( 73.204 ) 2529.427 ( 33.336 ) 3255.300 ( 108.962 )
1665.850 ( 38.859 ) 1931.350 ( 69.136 ) 2524.834 ( 27.933 ) 3321.400 ( 136.711 )
1665.850 ( 38.859 ) 1930.850 ( 61.804 ) 2520.011 ( 25.930 ) 3307.500 ( 120.745 )
1665.850 ( 38.859 ) 1956.200 ( 69.949 ) 2524.628 ( 27.624 ) 3262.100 ( 174.736 )
1665.850 ( 38.859 ) 1938.300 ( 72.387 ) 2516.991 ( 30.371 ) 3259.800 ( 83.752 )
1665.850 ( 38.859 ) 1963.050 ( 60.490 ) 2521.037 ( 29.306 ) 3266.600 ( 123.869 )
1665.850 ( 38.859 ) 1962.600 ( 68.964 ) 2524.521 ( 28.630 ) 3279.700 ( 139.562 )
