Iteration: 0	1684	1684	2140.93	2911
Iteration: 1	1684	1707	2151.39	2695
Iteration: 2	1666	1666	2126.31	2634
Iteration: 3	1666	1754	2124.36	2742
Iteration: 4	1666	1793	2099.13	2762
Iteration: 5	1666	1730	2103.01	2720
Iteration: 6	1666	1696	2105.96	2628
Iteration: 7	1666	1777	2108.77	2577
Iteration: 8	1666	1764	2074.75	2591
Iteration: 9	1666	1721	2096.51	2550
Iteration: 10	1666	1724	2091.85	3187
Iteration: 11	1666	1738	2125.66	2609
Iteration: 12	1666	1694	2094.49	2668
Iteration: 13	1663	1663	2103.54	2724
Iteration: 14	1663	1737	2117.65	2814
Iteration: 15	1663	1737	2089.82	2454
Iteration: 16	1663	1793	2168.43	2718
Iteration: 17	1663	1708	2101.07	2463
Iteration: 18	1663	1698	2107.22	2684
Iteration: 19	1663	1700	2104.09	2841
Iteration: 20	1663	1764	2120.95	2661
Iteration: 21	1663	1755	2078.34	2654
Iteration: 22	1663	1706	2112.94	2667
Iteration: 23	1663	1729	2089.35	2794
Iteration: 24	1663	1712	2081.08	2546
Iteration: 25	1658	1658	2076.04	2743
Iteration: 26	1658	1697	2070.29	2902
Iteration: 27	1658	1750	2104.84	2734
Iteration: 28	1601	1601	2096.16	2829
Iteration: 29	1601	1740	2117.3	2643
Iteration: 30	1601	1753	2091.28	2766
Iteration: 31	1601	1709	2109.43	2634
Iteration: 32	1601	1668	2110.74	2644
Iteration: 33	1601	1702	2085.98	2741
Iteration: 34	1601	1767	2116.8	2682
Iteration: 35	1601	1711	2105.22	2708
Iteration: 36	1601	1699	2127.75	2730
Iteration: 37	1601	1757	2130.74	2612
Iteration: 38	1601	1786	2088.8	2716
Iteration: 39	1601	1695	2092.02	2510
Iteration: 40	1601	1692	2126.17	2718
Iteration: 41	1601	1743	2096.82	2721
Iteration: 42	1601	1720	2128.28	2978
Iteration: 43	1601	1729	2111.93	2562
Iteration: 44	1601	1671	2103.24	2576
Iteration: 45	1601	1800	2110.7	2913
Iteration: 46	1601	1676	2078.67	2708
Iteration: 47	1601	1646	2103.36	2558
Iteration: 48	1601	1618	2090.49	2841
Iteration: 49	1601	1743	2092.64	2525
Iteration: 50	1601	1700	2121.42	2493
Iteration: 51	1601	1738	2092.04	2589
Iteration: 52	1601	1785	2100.1	2602
Iteration: 53	1601	1760	2103.78	2780
Iteration: 54	1601	1675	2096.78	2635
Iteration: 55	1601	1716	2119.06	2898
Iteration: 56	1601	1693	2114.96	2613
Iteration: 57	1601	1694	2142.28	2972
Iteration: 58	1601	1773	2099.85	2749
Iteration: 59	1601	1677	2072.36	2523
Iteration: 60	1601	1759	2086.27	2717
Iteration: 61	1595	1595	2067.89	2397
Iteration: 62	1595	1751	2083.13	2567
Iteration: 63	1595	1722	2097.56	3275
Iteration: 64	1595	1781	2099.92	3003
Iteration: 65	1595	1710	2083.24	2429
Iteration: 66	1595	1706	2060.74	2615
Iteration: 67	1595	1797	2111.73	2588
Iteration: 68	1595	1608	2084.97	2533
Iteration: 69	1595	1641	2077.85	2741
Iteration: 70	1595	1629	2115.18	2647
Iteration: 71	1595	1719	2076.89	2544
Iteration: 72	1595	1731	2066.33	2763
Iteration: 73	1595	1666	2118.59	2730
Iteration: 74	1595	1716	2114.91	2825
Iteration: 75	1595	1679	2133.06	2656
Iteration: 76	1595	1688	2106.9	2664
Iteration: 77	1595	1764	2101.05	2728
Iteration: 78	1595	1755	2108.42	2643
Iteration: 79	1595	1639	2094.84	2884
Iteration: 80	1595	1721	2077.28	2784
Iteration: 81	1595	1698	2135.98	2818
Iteration: 82	1595	1729	2079.77	2704
Iteration: 83	1595	1657	2098.04	2772
Iteration: 84	1595	1727	2114.93	2670
Iteration: 85	1595	1722	2071.43	2737
Iteration: 86	1595	1724	2137.99	2810
Iteration: 87	1595	1752	2105.51	2627
Iteration: 88	1595	1770	2096.76	2998
Iteration: 89	1595	1812	2125.9	2841
Iteration: 90	1595	1796	2115.36	2781
Iteration: 91	1595	1679	2077.77	2702
Iteration: 92	1595	1646	2097.19	2643
Iteration: 93	1595	1808	2090	2512
Iteration: 94	1595	1716	2111.47	2612
Iteration: 95	1595	1679	2136.76	2876
Iteration: 96	1595	1683	2087.68	2488
Iteration: 97	1595	1601	2130.32	2888
Iteration: 98	1595	1698	2097.9	2900
Iteration: 99	1595	1765	2108.1	2717
Iteration: 100	1595	1772	2130.53	2894
Iteration: 101	1595	1705	2095.49	2691
Iteration: 102	1595	1726	2082.3	2497
Iteration: 103	1595	1716	2115.05	2574
Iteration: 104	1595	1676	2145.42	2836
Iteration: 105	1595	1631	2050.14	2807
Iteration: 106	1595	1742	2120.63	2813
Iteration: 107	1595	1755	2098.99	2799
Iteration: 108	1595	1751	2061.78	2534
Iteration: 109	1595	1630	2123.57	2720
Iteration: 110	1595	1700	2071.19	2692
Iteration: 111	1595	1719	2117.27	2580
Iteration: 112	1595	1672	2125.15	2933
Iteration: 113	1595	1678	2093.06	2684
Iteration: 114	1595	1695	2111.88	2630
Iteration: 115	1595	1609	2112.11	2760
Iteration: 116	1595	1695	2097.99	2711
Iteration: 117	1592	1592	2077.98	2483
Iteration: 118	1592	1735	2120.52	2665
Iteration: 119	1592	1704	2062.9	2658
Iteration: 120	1592	1811	2098.39	2967
Iteration: 121	1592	1700	2096.23	2768
Iteration: 122	1592	1750	2107.08	3240
Iteration: 123	1592	1736	2095.86	2564
Iteration: 124	1592	1656	2078.93	2460
Iteration: 125	1592	1727	2116.86	2978
Iteration: 126	1592	1654	2106.31	2586
Iteration: 127	1592	1680	2073.27	2992
Iteration: 128	1592	1649	2112.64	2927
Iteration: 129	1592	1729	2137.29	2825
Iteration: 130	1592	1778	2114.02	2784
Iteration: 131	1592	1775	2112.96	2793
Iteration: 132	1592	1720	2101.54	2668
Iteration: 133	1592	1686	2090.9	2663
Iteration: 134	1592	1633	2082.36	2499
Iteration: 135	1592	1705	2118.94	2631
Iteration: 136	1592	1713	2096.93	2680
Iteration: 137	1592	1728	2100.26	2728
Iteration: 138	1592	1666	2139.7	2670
Iteration: 139	1592	1676	2093.43	2994
Iteration: 140	1592	1637	2128.28	2732
Iteration: 141	1592	1780	2103.45	2962
Iteration: 142	1592	1682	2089.63	2955
Iteration: 143	1592	1695	2098.49	2840
Iteration: 144	1592	1737	2111.55	2697
Iteration: 145	1592	1686	2121.45	2826
Iteration: 146	1592	1714	2092.84	2586
Iteration: 147	1592	1662	2135.16	2660
Iteration: 148	1592	1723	2104.08	2631
Iteration: 149	1592	1729	2089.56	2856
Iteration: 150	1592	1654	2075.67	2693
Iteration: 151	1592	1691	2065.97	2583
Iteration: 152	1592	1657	2071.7	2695
Iteration: 153	1592	1671	2073.29	2945
Iteration: 154	1592	1651	2128.13	2663
Iteration: 155	1592	1739	2075.37	2670
Iteration: 156	1592	1731	2067.85	2910
Iteration: 157	1592	1680	2103.79	2841
Iteration: 158	1592	1767	2082.02	2737
Iteration: 159	1592	1723	2091.21	2644
Iteration: 160	1592	1627	2081.64	2807
Iteration: 161	1592	1692	2095.22	2913
Iteration: 162	1592	1671	2099.44	2650
Iteration: 163	1592	1706	2099.33	2514
Iteration: 164	1592	1734	2088.71	2840
Iteration: 165	1592	1728	2087.67	2857
Iteration: 166	1592	1752	2096.08	2750
Iteration: 167	1592	1717	2108.11	2810
Iteration: 168	1592	1747	2079.33	2746
Iteration: 169	1592	1746	2131.16	2735
Iteration: 170	1592	1768	2118.83	2606
Iteration: 171	1592	1679	2092.6	2827
Iteration: 172	1592	1800	2115.02	2674
Iteration: 173	1592	1758	2106.19	2774
Iteration: 174	1592	1705	2093.25	2590
Iteration: 175	1592	1693	2094.89	2903
Iteration: 176	1592	1741	2093.17	2602
Iteration: 177	1592	1728	2073.03	2772
Iteration: 178	1592	1646	2072.81	2691
Iteration: 179	1592	1742	2126.4	2874
Iteration: 180	1592	1697	2120.58	2911
Iteration: 181	1592	1684	2088.63	2828
Iteration: 182	1592	1699	2099.04	2689
Iteration: 183	1592	1718	2108.21	2749
Iteration: 184	1592	1700	2104.23	2725
Iteration: 185	1592	1627	2077.96	2697
Iteration: 186	1592	1617	2096.41	2814
Iteration: 187	1592	1742	2078.65	2559
Iteration: 188	1592	1762	2111.3	2599
Iteration: 189	1592	1765	2124.8	2810
Iteration: 190	1592	1707	2113.56	2691
Iteration: 191	1592	1807	2095.25	2541
Iteration: 192	1592	1616	2089.95	2938
Iteration: 193	1592	1643	2080.81	2616
Iteration: 194	1592	1683	2128.68	2739
Iteration: 195	1592	1791	2126.34	2956
Iteration: 196	1592	1811	2129.77	2616
Iteration: 197	1592	1658	2136.9	3048
Iteration: 198	1592	1686	2089.24	2670
Iteration: 199	1592	1654	2155.68	2925
Iteration: 200	1592	1768	2085.53	2749
Iteration: 201	1592	1723	2110.64	2714
Iteration: 202	1592	1686	2107.97	3093
Iteration: 203	1533	1533	2105.7	2462
Iteration: 204	1533	1661	2085.48	2631
Iteration: 205	1533	1652	2127.46	2936
Iteration: 206	1533	1714	2085.59	2717
Iteration: 207	1533	1713	2094.29	2587
Iteration: 208	1533	1705	2089.49	2593
Iteration: 209	1533	1698	2095.56	2581
Iteration: 210	1533	1733	2064.94	2593
Iteration: 211	1533	1711	2089.01	2634
Iteration: 212	1533	1700	2089.53	2639
Iteration: 213	1533	1648	2123.74	2616
Iteration: 214	1533	1679	2097.28	2569
Iteration: 215	1533	1622	2114.68	2726
Iteration: 216	1533	1747	2110.29	2490
Iteration: 217	1533	1684	2096.71	2583
Iteration: 218	1533	1749	2156.65	2842
Iteration: 219	1533	1725	2081.8	2632
Iteration: 220	1533	1751	2111.55	2809
Iteration: 221	1533	1695	2099.21	2678
Iteration: 222	1533	1784	2107.87	2627
Iteration: 223	1533	1628	2098.66	2579
Iteration: 224	1533	1584	2078.31	2783
Iteration: 225	1533	1768	2116.66	2736
Iteration: 226	1533	1792	2148.62	2650
Iteration: 227	1533	1749	2103.51	2570
Iteration: 228	1533	1735	2090.83	2960
Iteration: 229	1533	1652	2105.67	2696
Iteration: 230	1533	1777	2129.5	2664
Iteration: 231	1533	1730	2087.65	2759
Iteration: 232	1533	1661	2083.07	2630
Iteration: 233	1533	1761	2112.57	2864
Iteration: 234	1533	1766	2110.77	2585
Iteration: 235	1533	1652	2066.99	2721
Iteration: 236	1533	1754	2131.45	2817
Iteration: 237	1533	1673	2119.67	2636
Iteration: 238	1533	1726	2128.03	2804
Iteration: 239	1533	1695	2082.37	2655
Iteration: 240	1533	1779	2124.39	2760
Iteration: 241	1533	1720	2117.75	2742
Iteration: 242	1533	1714	2075.13	2610
Iteration: 243	1533	1586	2131.64	2725
Iteration: 244	1533	1727	2104.94	2879
Iteration: 245	1533	1778	2124.52	2693
Iteration: 246	1533	1677	2050.76	2602
Iteration: 247	1533	1727	2104.38	3192
Iteration: 248	1533	1752	2073.74	2934
Iteration: 249	1533	1617	2097.23	3118
Iteration: 250	1533	1756	2079.36	2481
Iteration: 251	1533	1776	2102.85	2672
Iteration: 252	1533	1716	2093.79	2778
Iteration: 253	1533	1745	2106.3	2678
Iteration: 254	1533	1737	2118.07	2816
Iteration: 255	1533	1699	2097.67	2544
Iteration: 256	1533	1679	2102.5	2673
Iteration: 257	1533	1744	2111.86	2523
Iteration: 258	1533	1720	2091.62	2511
Iteration: 259	1533	1728	2110.59	3311
Iteration: 260	1533	1702	2085.3	2909
Iteration: 261	1533	1646	2089.37	2494
Iteration: 262	1533	1712	2089	2571
Iteration: 263	1533	1731	2105.98	2825
Iteration: 264	1533	1773	2101.03	2795
Iteration: 265	1533	1719	2115.31	2912
Iteration: 266	1533	1715	2102.5	2623
Iteration: 267	1533	1716	2106.68	2696
Iteration: 268	1533	1710	2111.63	2839
Iteration: 269	1533	1741	2119.86	2700
Iteration: 270	1533	1640	2102.25	2581
Iteration: 271	1533	1591	2081.74	2554
Iteration: 272	1533	1708	2102.03	2806
Iteration: 273	1533	1747	2104.17	2612
Iteration: 274	1533	1629	2092.7	2685
Iteration: 275	1533	1712	2135.58	2625
Iteration: 276	1533	1725	2088.94	2840
Iteration: 277	1533	1689	2116.93	2626
Iteration: 278	1533	1668	2087.29	2758
Iteration: 279	1533	1714	2124.23	2957
Iteration: 280	1533	1677	2099.31	2568
Iteration: 281	1533	1789	2091.92	2706
Iteration: 282	1533	1698	2103.35	2714
Iteration: 283	1533	1583	2088.95	2802
Iteration: 284	1533	1724	2125.69	2916
Iteration: 285	1533	1712	2101.24	2944
Iteration: 286	1533	1657	2117.38	2549
Iteration: 287	1533	1747	2125.8	2721
Iteration: 288	1533	1681	2103.25	2650
Iteration: 289	1533	1678	2107.07	2693
Iteration: 290	1533	1698	2083.13	2593
Iteration: 291	1533	1670	2099.46	2456
Iteration: 292	1533	1720	2120.28	2705
Iteration: 293	1533	1721	2099.1	2609
Iteration: 294	1533	1690	2095.3	2844
Iteration: 295	1533	1680	2107.32	2651
Iteration: 296	1533	1753	2100.56	2743
Iteration: 297	1533	1787	2127.94	2947
Iteration: 298	1533	1700	2121.64	2582
Iteration: 299	1533	1740	2107.9	3583
Iteration: 300	1533	1679	2108.7	2682
Iteration: 301	1533	1736	2104.46	2682
Iteration: 302	1533	1674	2144.7	2642
Iteration: 303	1533	1709	2085.74	2782
Iteration: 304	1533	1738	2120.44	2723
Iteration: 305	1533	1727	2089.51	2724
Iteration: 306	1517	1517	2128.46	2969
Iteration: 307	1517	1705	2123.22	2690
Iteration: 308	1517	1716	2103.99	2787
Iteration: 309	1517	1748	2098.36	2596
Iteration: 310	1517	1765	2136	2655
Iteration: 311	1517	1654	2113.36	2935
Iteration: 312	1517	1722	2109.82	2659
Iteration: 313	1517	1701	2133.83	2965
Iteration: 314	1517	1750	2065.75	2638
Iteration: 315	1517	1709	2124.59	2623
Iteration: 316	1517	1721	2086.98	2764
Iteration: 317	1517	1811	2148.65	2962
Iteration: 318	1517	1682	2102.14	2643
Iteration: 319	1517	1707	2120.91	2959
Iteration: 320	1517	1652	2125.06	2837
Iteration: 321	1517	1718	2120.72	2764
Iteration: 322	1517	1714	2093.9	2658
Iteration: 323	1517	1724	2126.07	2704
Iteration: 324	1517	1678	2091.26	2705
Iteration: 325	1517	1753	2130.8	2602
Iteration: 326	1517	1726	2105.95	2687
Iteration: 327	1517	1761	2123.88	2786
Iteration: 328	1517	1720	2093.51	2614
Iteration: 329	1517	1718	2077.45	2626
Iteration: 330	1517	1758	2107.61	2689
Iteration: 331	1517	1722	2138.71	2623
Iteration: 332	1517	1700	2117.06	2907
Iteration: 333	1517	1725	2063.92	2603
Iteration: 334	1517	1728	2110.59	2597
Iteration: 335	1517	1762	2092.32	2669
Iteration: 336	1517	1674	2114.03	2749
Iteration: 337	1517	1696	2090.55	2617
Iteration: 338	1517	1714	2089.41	2644
Iteration: 339	1517	1735	2090.79	2685
Iteration: 340	1517	1639	2098.38	2942
Iteration: 341	1517	1778	2088.6	2548
Iteration: 342	1517	1766	2133.91	2752
Iteration: 343	1517	1743	2124.13	2675
Iteration: 344	1517	1683	2093.3	2653
Iteration: 345	1517	1737	2117.03	2672
Iteration: 346	1517	1742	2098.29	2550
Iteration: 347	1517	1684	2151.42	2825
Iteration: 348	1517	1701	2114.3	2968
Iteration: 349	1517	1652	2090.32	2585
Iteration: 350	1517	1837	2148.06	2948
Iteration: 351	1517	1694	2055.95	2621
Iteration: 352	1517	1741	2104.12	2839
Iteration: 353	1517	1738	2090.05	2693
Iteration: 354	1517	1744	2114.12	2707
Iteration: 355	1517	1742	2137.68	2864
Iteration: 356	1517	1752	2100.13	2603
Iteration: 357	1517	1737	2135.22	2767
Iteration: 358	1517	1791	2120.89	2843
Iteration: 359	1517	1709	2083.36	2955
Iteration: 360	1517	1715	2091.79	2586
Iteration: 361	1517	1704	2122.9	2655
Iteration: 362	1517	1645	2085.5	2696
Iteration: 363	1517	1724	2086.92	2729
Iteration: 364	1517	1652	2092.01	2649
Iteration: 365	1517	1588	2087.31	2904
Iteration: 366	1517	1704	2102.52	2764
Iteration: 367	1517	1669	2100.25	2937
Iteration: 368	1517	1696	2101.24	2637
Iteration: 369	1517	1781	2129.34	3005
Iteration: 370	1517	1633	2119.76	3011
Iteration: 371	1517	1704	2066.98	2588
Iteration: 372	1517	1748	2108.62	2571
Iteration: 373	1517	1747	2112.8	2668
Iteration: 374	1517	1702	2080.76	2528
Iteration: 375	1517	1731	2107.68	2510
Iteration: 376	1517	1617	2080.26	2515
Iteration: 377	1517	1590	2089.31	2811
Iteration: 378	1517	1747	2086.96	2512
Iteration: 379	1517	1730	2092.95	2604
Iteration: 380	1517	1737	2050.37	2670
Iteration: 381	1517	1780	2066.85	2639
Iteration: 382	1517	1780	2107.23	2708
Iteration: 383	1517	1627	2110.26	2667
Iteration: 384	1517	1764	2123.08	2944
Iteration: 385	1517	1680	2121.39	3265
Iteration: 386	1517	1699	2148.3	2798
Iteration: 387	1517	1792	2107.57	2595
Iteration: 388	1517	1717	2138.46	2711
Iteration: 389	1517	1755	2070.91	2629
Iteration: 390	1517	1658	2141.19	2798
Iteration: 391	1517	1771	2087.7	2716
Iteration: 392	1517	1642	2120.1	2825
Iteration: 393	1517	1744	2091.9	2906
Iteration: 394	1517	1715	2106.93	2795
Iteration: 395	1517	1700	2154.68	2669
Iteration: 396	1517	1741	2119.67	2590
Iteration: 397	1517	1773	2098.09	2571
Iteration: 398	1517	1628	2123.09	2549
Iteration: 399	1517	1733	2078.16	2476
Iteration: 400	1517	1531	2098.16	2493
Iteration: 401	1517	1685	2123.41	2671
Iteration: 402	1517	1664	2072.57	2573
Iteration: 403	1517	1613	2082.38	2839
Iteration: 404	1517	1750	2126.21	2895
Iteration: 405	1517	1674	2055.21	2486
Iteration: 406	1517	1739	2097.6	2684
Iteration: 407	1517	1705	2080.23	2410
Iteration: 408	1517	1731	2086.64	3135
Iteration: 409	1517	1723	2094.05	2745
Iteration: 410	1517	1660	2106.36	2694
Iteration: 411	1517	1701	2129.6	2783
Iteration: 412	1517	1704	2079.65	2747
Iteration: 413	1517	1746	2106.74	2867
Iteration: 414	1517	1620	2097.62	2823
Iteration: 415	1517	1714	2097.17	2990
Iteration: 416	1517	1807	2111.62	2756
Iteration: 417	1517	1674	2083.66	2905
Iteration: 418	1517	1782	2144.88	2786
Iteration: 419	1517	1665	2122.15	2871
Iteration: 420	1517	1707	2099.85	2574
Iteration: 421	1517	1651	2102.17	2781
Iteration: 422	1517	1778	2096.22	2748
Iteration: 423	1517	1671	2117.99	2637
Iteration: 424	1517	1654	2093.37	3147
Iteration: 425	1517	1674	2096.21	2890
Iteration: 426	1517	1720	2077.37	2740
Iteration: 427	1517	1687	2094.13	2592
Iteration: 428	1517	1705	2132.03	2825
Iteration: 429	1517	1732	2093.64	2591
Iteration: 430	1517	1767	2118.22	2731
Iteration: 431	1517	1686	2081.06	2459
Iteration: 432	1517	1749	2072.76	2654
Iteration: 433	1517	1753	2100.48	2707
Iteration: 434	1517	1709	2105.31	2899
Iteration: 435	1517	1762	2104.44	2425
Iteration: 436	1517	1616	2097.85	2610
Iteration: 437	1517	1715	2113.95	2866
Iteration: 438	1517	1726	2079.93	2597
Iteration: 439	1517	1739	2103.03	2675
Iteration: 440	1517	1718	2112.15	2618
Iteration: 441	1517	1736	2095.52	2716
Iteration: 442	1517	1739	2111.06	2681
Iteration: 443	1517	1737	2126.18	2846
Iteration: 444	1517	1660	2099.42	2757
Iteration: 445	1517	1654	2120.35	2770
Iteration: 446	1517	1732	2136.01	2647
Iteration: 447	1517	1733	2097.95	2870
Iteration: 448	1517	1688	2112.6	2732
Iteration: 449	1517	1666	2079.54	2599
Iteration: 450	1517	1636	2116.22	2653
Iteration: 451	1517	1697	2068	2564
Iteration: 452	1517	1762	2098.23	2978
Iteration: 453	1517	1739	2116.61	2850
Iteration: 454	1517	1715	2132.19	2988
Iteration: 455	1517	1719	2087.6	2673
Iteration: 456	1517	1758	2129.13	2830
Iteration: 457	1517	1691	2063.12	2580
Iteration: 458	1517	1714	2081.56	2862
Iteration: 459	1517	1754	2097.59	2458
Iteration: 460	1517	1752	2106.94	2809
Iteration: 461	1517	1734	2117.91	2807
Iteration: 462	1517	1719	2124.76	2676
Iteration: 463	1517	1714	2100.64	2662
Iteration: 464	1517	1701	2106.58	2822
Iteration: 465	1517	1728	2105.36	2834
Iteration: 466	1517	1651	2092.98	2727
Iteration: 467	1517	1636	2111.16	2619
Iteration: 468	1517	1722	2138.51	2729
Iteration: 469	1517	1715	2124.66	2721
Iteration: 470	1517	1755	2116.5	2798
Iteration: 471	1517	1714	2102.11	2749
Iteration: 472	1517	1804	2089.63	2729
Iteration: 473	1517	1698	2059.17	2472
Iteration: 474	1517	1651	2097.04	2617
Iteration: 475	1517	1759	2117.58	2654
Iteration: 476	1517	1681	2096.44	2863
Iteration: 477	1517	1755	2070.09	2573
Iteration: 478	1517	1620	2077.22	2654
Iteration: 479	1517	1705	2084.36	2863
Iteration: 480	1517	1702	2099.87	2636
Iteration: 481	1517	1675	2110.95	2485
Iteration: 482	1517	1733	2101.77	2562
Iteration: 483	1517	1746	2072.44	2640
Iteration: 484	1517	1714	2083.21	2661
Iteration: 485	1517	1755	2105.33	2734
Iteration: 486	1517	1755	2099.33	2640
Iteration: 487	1517	1776	2075.33	2502
Iteration: 488	1517	1759	2086.81	2742
Iteration: 489	1517	1686	2124.33	2947
Iteration: 490	1517	1714	2108.75	2602
Iteration: 491	1517	1625	2124.38	2758
Iteration: 492	1517	1695	2114.75	2781
Iteration: 493	1517	1737	2118.68	2633
Iteration: 494	1517	1651	2105.55	2549
Iteration: 495	1517	1764	2137.98	2710
Iteration: 496	1517	1670	2135.54	2862
Iteration: 497	1517	1691	2098.06	2735
Iteration: 498	1517	1731	2101.44	2586
Iteration: 499	1517	1851	2138.3	2876
