Iteration: 0	1699	1699	2142.19	2582
Iteration: 1	1681	1681	2120.89	2671
Iteration: 2	1660	1660	2114.02	2723
Iteration: 3	1660	1785	2148.84	2872
Iteration: 4	1660	1687	2123.94	2924
Iteration: 5	1660	1753	2133.78	2689
Iteration: 6	1660	1805	2151.96	3122
Iteration: 7	1660	1719	2086.03	2820
Iteration: 8	1660	1752	2115.47	2725
Iteration: 9	1660	1697	2076.71	2556
Iteration: 10	1645	1645	2111.13	2535
Iteration: 11	1645	1723	2111.42	2683
Iteration: 12	1645	1690	2120.24	3023
Iteration: 13	1645	1726	2099.25	2636
Iteration: 14	1645	1711	2074.03	2726
Iteration: 15	1645	1725	2115.61	2851
Iteration: 16	1645	1691	2085.8	2639
Iteration: 17	1645	1716	2108.66	2608
Iteration: 18	1645	1766	2118.21	2634
Iteration: 19	1645	1753	2095.59	2743
Iteration: 20	1645	1745	2105.9	2683
Iteration: 21	1645	1705	2127.71	2555
Iteration: 22	1645	1670	2108.17	2618
Iteration: 23	1645	1771	2124.57	2836
Iteration: 24	1645	1738	2087.87	2672
Iteration: 25	1645	1746	2134.28	2742
Iteration: 26	1645	1663	2088.97	2544
Iteration: 27	1645	1740	2147.03	2777
Iteration: 28	1645	1734	2108.2	2793
Iteration: 29	1645	1748	2086.53	2896
Iteration: 30	1645	1736	2074.17	2793
Iteration: 31	1645	1753	2085.1	2577
Iteration: 32	1645	1664	2118.15	2775
Iteration: 33	1599	1599	2104.23	2894
Iteration: 34	1599	1687	2106.5	2804
Iteration: 35	1599	1686	2080.2	2649
Iteration: 36	1599	1740	2074.33	2698
Iteration: 37	1599	1668	2089.8	2583
Iteration: 38	1599	1634	2092.18	2710
Iteration: 39	1599	1683	2106.72	2683
Iteration: 40	1599	1755	2080.37	2742
Iteration: 41	1599	1699	2083.95	2481
Iteration: 42	1599	1751	2097.53	2597
Iteration: 43	1599	1750	2126.89	2632
Iteration: 44	1599	1711	2084.71	2709
Iteration: 45	1599	1619	2125.76	2775
Iteration: 46	1599	1742	2102.53	2781
Iteration: 47	1599	1657	2120.29	2848
Iteration: 48	1599	1712	2116.57	2541
Iteration: 49	1599	1647	2102.12	3087
