Iteration: 0	1828	1828	2192.6	3057
Iteration: 1	1730	1730	2072.66	2456
Iteration: 2	1730	1772	2124.68	2644
Iteration: 3	1730	1763	2097.17	2572
Iteration: 4	1689	1689	2117.05	2616
Iteration: 5	1689	1825	2111.7	2808
Iteration: 6	1689	1713	2114.64	2634
Iteration: 7	1688	1688	2118.41	2722
Iteration: 8	1688	1702	2085.75	2674
Iteration: 9	1688	1784	2107.42	2632
Iteration: 10	1688	1735	2094.49	2651
Iteration: 11	1688	1712	2115.01	2512
Iteration: 12	1688	1729	2101.21	2779
Iteration: 13	1664	1664	2118.01	2754
Iteration: 14	1664	1721	2111.17	2741
Iteration: 15	1664	1735	2086.51	2689
Iteration: 16	1664	1715	2109.42	2754
Iteration: 17	1664	1749	2100.08	2685
Iteration: 18	1664	1684	2101.75	2753
Iteration: 19	1664	1716	2100.64	2664
Iteration: 20	1664	1803	2098.15	2454
Iteration: 21	1664	1719	2119.24	2616
Iteration: 22	1664	1698	2076.05	2505
Iteration: 23	1664	1689	2090.89	2742
Iteration: 24	1662	1662	2111.3	2523
Iteration: 25	1662	1694	2084.48	2721
Iteration: 26	1662	1767	2112.42	2622
Iteration: 27	1662	1730	2114.47	2741
Iteration: 28	1650	1650	2113.56	2699
Iteration: 29	1650	1764	2102.26	2730
Iteration: 30	1650	1698	2105.75	2865
Iteration: 31	1650	1698	2099.39	2724
Iteration: 32	1650	1689	2089.89	2567
Iteration: 33	1650	1780	2094.83	2591
Iteration: 34	1650	1683	2104.36	2616
Iteration: 35	1650	1719	2134.45	2855
Iteration: 36	1650	1746	2106.41	2594
Iteration: 37	1650	1775	2100.46	2591
Iteration: 38	1650	1763	2076.13	2697
Iteration: 39	1650	1756	2108.19	3030
Iteration: 40	1650	1765	2093.13	2659
Iteration: 41	1650	1701	2076.95	2522
Iteration: 42	1650	1701	2085.36	2643
Iteration: 43	1650	1766	2117.36	2657
Iteration: 44	1650	1662	2103.32	2659
Iteration: 45	1650	1655	2118.49	2890
Iteration: 46	1650	1735	2130.9	2837
Iteration: 47	1650	1749	2113.85	2522
Iteration: 48	1650	1716	2097.87	2583
Iteration: 49	1650	1719	2115.75	2735
Iteration: 50	1650	1744	2057.66	2532
Iteration: 51	1650	1726	2102.63	2702
Iteration: 52	1650	1820	2095.25	2489
Iteration: 53	1650	1725	2116.33	2568
Iteration: 54	1628	1628	2117.34	2713
Iteration: 55	1628	1753	2115.24	2549
Iteration: 56	1628	1684	2126.03	2680
Iteration: 57	1628	1661	2128.75	2830
Iteration: 58	1628	1751	2106.57	2690
Iteration: 59	1628	1708	2132.69	3297
Iteration: 60	1628	1696	2125.79	2633
Iteration: 61	1628	1696	2101.2	2759
Iteration: 62	1628	1745	2115.48	2662
Iteration: 63	1628	1654	2106.21	3029
Iteration: 64	1628	1787	2094.45	2568
Iteration: 65	1628	1650	2076.91	2725
Iteration: 66	1628	1687	2078.1	2792
Iteration: 67	1628	1705	2095.11	2847
Iteration: 68	1628	1687	2117.92	2883
Iteration: 69	1628	1656	2092.15	2736
Iteration: 70	1628	1661	2103.99	2688
Iteration: 71	1628	1697	2109.7	2559
Iteration: 72	1628	1700	2106.59	2578
Iteration: 73	1628	1698	2080.86	2556
Iteration: 74	1628	1808	2093.43	2906
Iteration: 75	1628	1745	2120.95	2873
Iteration: 76	1628	1648	2081.7	2863
Iteration: 77	1628	1675	2106.03	2961
Iteration: 78	1628	1736	2066.95	2697
Iteration: 79	1628	1689	2109.05	2626
Iteration: 80	1628	1668	2077.63	2634
Iteration: 81	1607	1607	2116.16	2608
Iteration: 82	1607	1715	2142.72	2586
Iteration: 83	1607	1706	2099.76	2511
Iteration: 84	1607	1790	2144.11	2850
Iteration: 85	1607	1678	2099.09	2688
Iteration: 86	1607	1667	2105.93	2755
Iteration: 87	1607	1694	2113.2	2595
Iteration: 88	1607	1699	2089.96	2628
Iteration: 89	1607	1685	2104.07	2679
Iteration: 90	1607	1774	2124.77	2842
Iteration: 91	1607	1671	2117.69	2650
Iteration: 92	1607	1733	2107.72	2641
Iteration: 93	1607	1679	2122.56	2955
Iteration: 94	1607	1734	2084.26	2898
Iteration: 95	1607	1690	2114.51	2686
Iteration: 96	1607	1735	2080	2701
Iteration: 97	1607	1764	2082.93	2575
Iteration: 98	1607	1740	2140.6	2669
Iteration: 99	1607	1740	2093.25	2705
Iteration: 100	1607	1688	2085.11	2465
Iteration: 101	1607	1683	2094.02	2748
Iteration: 102	1607	1730	2098.18	3036
Iteration: 103	1607	1705	2120.05	2593
Iteration: 104	1607	1719	2153.21	2924
Iteration: 105	1607	1748	2083.98	2611
Iteration: 106	1607	1669	2068.87	2560
Iteration: 107	1607	1767	2116.19	2795
Iteration: 108	1607	1700	2101.05	2673
Iteration: 109	1607	1745	2107.6	2667
Iteration: 110	1607	1758	2156.2	2989
Iteration: 111	1607	1715	2106.12	2561
Iteration: 112	1607	1661	2090.31	2594
Iteration: 113	1607	1706	2071.14	2802
Iteration: 114	1607	1757	2097.37	2634
Iteration: 115	1607	1678	2080.63	2547
Iteration: 116	1607	1683	2095.77	2531
Iteration: 117	1607	1719	2088.89	2673
Iteration: 118	1607	1680	2089.75	2755
Iteration: 119	1607	1737	2114.26	2730
Iteration: 120	1607	1687	2101.79	2691
Iteration: 121	1607	1679	2089.72	3085
Iteration: 122	1607	1655	2134.13	2749
Iteration: 123	1607	1663	2092.29	2669
Iteration: 124	1607	1732	2102.91	2671
Iteration: 125	1607	1789	2094.57	2603
Iteration: 126	1607	1627	2071.7	2578
Iteration: 127	1607	1712	2097.78	2546
Iteration: 128	1607	1746	2115.6	2739
Iteration: 129	1607	1720	2083.7	2495
Iteration: 130	1607	1739	2133.81	2672
Iteration: 131	1607	1695	2076.13	2780
Iteration: 132	1607	1645	2056.67	2784
Iteration: 133	1607	1768	2136.32	2760
Iteration: 134	1607	1724	2109.59	2699
Iteration: 135	1607	1782	2087.48	2690
Iteration: 136	1607	1728	2099.82	2687
Iteration: 137	1607	1706	2114.67	2659
Iteration: 138	1607	1710	2109.13	2604
Iteration: 139	1607	1689	2107.55	2759
Iteration: 140	1607	1700	2111.92	2799
Iteration: 141	1607	1735	2115.98	2752
Iteration: 142	1607	1722	2115.94	2560
Iteration: 143	1607	1627	2118.71	2959
Iteration: 144	1607	1759	2095.76	2696
Iteration: 145	1607	1678	2098.13	2590
Iteration: 146	1607	1715	2086.94	2933
Iteration: 147	1607	1747	2110.02	2781
Iteration: 148	1607	1757	2128.42	2586
Iteration: 149	1607	1810	2137.35	3127
