Iteration: 0	1633	1633	2152.26	2627
Iteration: 1	1633	1766	2109.32	2759
Iteration: 2	1633	1771	2158.01	2852
Iteration: 3	1633	1748	2139.07	2744
Iteration: 4	1633	1680	2082.51	2525
Iteration: 5	1633	1710	2125.6	2663
Iteration: 6	1633	1757	2079.04	2586
Iteration: 7	1633	1780	2086.84	2561
Iteration: 8	1633	1842	2123.23	2689
Iteration: 9	1633	1641	2122.91	2649
Iteration: 10	1633	1748	2112.65	2630
Iteration: 11	1633	1730	2122.14	2834
Iteration: 12	1633	1712	2096.62	2800
Iteration: 13	1633	1797	2093.26	2513
Iteration: 14	1597	1597	2080.44	2644
Iteration: 15	1597	1706	2056.84	2596
Iteration: 16	1597	1767	2093.46	2566
Iteration: 17	1597	1759	2104	2500
Iteration: 18	1597	1728	2109.76	2886
Iteration: 19	1597	1698	2084.25	2563
Iteration: 20	1597	1678	2093.46	2508
Iteration: 21	1597	1736	2119.3	2810
Iteration: 22	1597	1716	2120.25	2938
Iteration: 23	1597	1754	2088.92	2640
Iteration: 24	1597	1631	2100.89	2621
Iteration: 25	1597	1750	2102.91	2794
Iteration: 26	1597	1698	2126.1	2636
Iteration: 27	1597	1738	2105.85	2592
Iteration: 28	1597	1726	2099.69	2581
Iteration: 29	1597	1798	2105.93	2771
Iteration: 30	1597	1786	2138.24	2612
Iteration: 31	1597	1770	2135.75	2674
Iteration: 32	1597	1750	2070.21	2778
Iteration: 33	1597	1704	2098.43	2561
Iteration: 34	1597	1633	2110.23	3044
Iteration: 35	1597	1734	2066.91	2669
Iteration: 36	1597	1701	2098.37	2627
Iteration: 37	1597	1720	2118.33	2773
Iteration: 38	1597	1749	2107.51	2595
Iteration: 39	1597	1733	2058.89	2557
Iteration: 40	1597	1767	2133.25	2791
Iteration: 41	1597	1705	2113.99	2674
Iteration: 42	1597	1743	2096.08	2744
Iteration: 43	1597	1825	2091.68	2644
Iteration: 44	1597	1645	2091.87	2968
Iteration: 45	1597	1694	2097.21	2988
Iteration: 46	1597	1814	2142.21	2764
Iteration: 47	1597	1742	2107.09	2720
Iteration: 48	1597	1682	2088.11	2611
Iteration: 49	1597	1717	2116.18	2738
Iteration: 50	1597	1706	2102.72	2714
Iteration: 51	1597	1709	2092.94	2709
Iteration: 52	1597	1700	2111.86	2721
Iteration: 53	1597	1755	2127.65	2665
Iteration: 54	1597	1701	2092.29	3041
Iteration: 55	1597	1680	2103.61	2595
Iteration: 56	1597	1659	2112.38	2771
Iteration: 57	1597	1649	2068.25	2591
Iteration: 58	1597	1775	2112.85	2647
Iteration: 59	1597	1725	2116.24	2728
Iteration: 60	1597	1734	2083.99	2691
Iteration: 61	1597	1668	2095.73	2627
Iteration: 62	1597	1712	2106.4	2603
Iteration: 63	1597	1818	2094.41	2686
Iteration: 64	1597	1731	2122.44	2823
Iteration: 65	1597	1743	2117.68	2726
Iteration: 66	1597	1614	2098.88	2649
Iteration: 67	1597	1696	2087.57	2639
Iteration: 68	1597	1785	2117.5	2514
Iteration: 69	1597	1671	2070.91	2697
Iteration: 70	1597	1717	2077.1	2680
Iteration: 71	1597	1765	2121.28	2692
Iteration: 72	1597	1659	2087.81	2655
Iteration: 73	1597	1683	2096.22	2782
Iteration: 74	1597	1758	2137.56	2808
Iteration: 75	1582	1582	2110.88	2706
Iteration: 76	1582	1706	2085.8	2521
Iteration: 77	1582	1707	2134.04	2613
Iteration: 78	1582	1730	2120.73	2811
Iteration: 79	1582	1660	2103.73	2533
Iteration: 80	1582	1698	2087.54	2496
Iteration: 81	1582	1788	2125.98	2626
Iteration: 82	1582	1693	2085.3	2663
Iteration: 83	1582	1660	2105.88	2560
Iteration: 84	1582	1600	2094.67	2786
Iteration: 85	1582	1717	2110	2740
Iteration: 86	1582	1672	2099.74	2965
Iteration: 87	1582	1720	2082.21	2461
Iteration: 88	1582	1783	2108.14	2759
Iteration: 89	1582	1675	2100.48	2863
Iteration: 90	1582	1693	2063.72	2766
Iteration: 91	1582	1732	2088.16	2570
Iteration: 92	1582	1694	2096.22	2663
Iteration: 93	1582	1731	2115.5	2777
Iteration: 94	1582	1691	2071.47	2971
Iteration: 95	1582	1743	2124.36	2710
Iteration: 96	1582	1785	2115.95	2528
Iteration: 97	1582	1640	2093.39	2659
Iteration: 98	1582	1736	2147.55	2737
Iteration: 99	1582	1701	2072.14	2898
Iteration: 100	1582	1670	2095.32	2572
Iteration: 101	1582	1678	2104.8	2844
Iteration: 102	1582	1731	2063.04	2582
Iteration: 103	1582	1717	2082.94	2688
Iteration: 104	1582	1733	2096.81	2740
Iteration: 105	1582	1783	2081.29	2650
Iteration: 106	1582	1804	2111.42	2608
Iteration: 107	1582	1760	2084.94	2544
Iteration: 108	1582	1702	2094.54	2771
Iteration: 109	1582	1693	2111	2686
Iteration: 110	1582	1703	2105.54	2717
Iteration: 111	1582	1826	2091.43	2605
Iteration: 112	1582	1719	2110.65	2580
Iteration: 113	1582	1727	2099.71	2689
Iteration: 114	1582	1683	2129.85	2831
Iteration: 115	1582	1756	2100.74	2571
Iteration: 116	1582	1741	2099.38	2605
Iteration: 117	1582	1690	2113.42	2706
Iteration: 118	1582	1744	2143.26	2544
Iteration: 119	1582	1676	2085.28	2552
Iteration: 120	1582	1705	2106.33	2912
Iteration: 121	1582	1736	2118.62	2836
Iteration: 122	1582	1704	2084.92	2553
Iteration: 123	1582	1717	2118.39	2684
Iteration: 124	1582	1718	2074.86	2623
Iteration: 125	1582	1647	2119.11	2975
Iteration: 126	1582	1702	2111.18	2482
Iteration: 127	1582	1648	2083.22	2807
Iteration: 128	1582	1719	2102.54	2863
Iteration: 129	1582	1696	2095.08	2634
Iteration: 130	1582	1718	2104.68	3053
Iteration: 131	1582	1731	2108.38	2554
Iteration: 132	1582	1748	2094.56	2695
Iteration: 133	1582	1646	2107.56	2815
Iteration: 134	1582	1678	2098.66	2675
Iteration: 135	1582	1718	2091.75	2692
Iteration: 136	1582	1681	2086.18	2812
Iteration: 137	1582	1736	2107.16	2648
Iteration: 138	1582	1713	2095.75	2800
Iteration: 139	1582	1627	2112.04	2613
Iteration: 140	1582	1684	2113.82	2660
Iteration: 141	1582	1701	2099.68	2867
Iteration: 142	1582	1750	2083.67	2935
Iteration: 143	1582	1726	2097.59	2609
Iteration: 144	1582	1747	2124.38	2681
Iteration: 145	1582	1743	2101.72	2682
Iteration: 146	1582	1713	2100.33	2607
Iteration: 147	1582	1781	2116.64	2779
Iteration: 148	1582	1641	2105.65	2697
Iteration: 149	1582	1665	2100.43	2802
Iteration: 150	1582	1733	2088.92	2707
Iteration: 151	1582	1651	2105.47	2763
Iteration: 152	1582	1777	2115.65	2633
Iteration: 153	1582	1707	2129.08	2578
Iteration: 154	1582	1722	2100.58	2593
Iteration: 155	1582	1677	2075.85	2542
Iteration: 156	1582	1628	2096.05	2519
Iteration: 157	1582	1772	2117.37	3017
Iteration: 158	1582	1669	2095.96	2649
Iteration: 159	1582	1717	2073.07	2769
Iteration: 160	1582	1728	2117.95	2854
Iteration: 161	1582	1614	2110.53	2833
Iteration: 162	1582	1644	2104.13	2988
Iteration: 163	1582	1781	2118.5	2630
Iteration: 164	1582	1695	2111.1	2736
Iteration: 165	1582	1692	2122.26	2644
Iteration: 166	1582	1740	2074.05	2605
Iteration: 167	1582	1709	2097.69	2714
Iteration: 168	1582	1677	2070.12	2579
Iteration: 169	1582	1629	2085.28	2751
Iteration: 170	1582	1707	2113.8	2579
Iteration: 171	1582	1749	2107.54	2630
Iteration: 172	1582	1743	2079.5	2593
Iteration: 173	1582	1777	2145.63	2722
Iteration: 174	1582	1811	2153.33	2909
Iteration: 175	1582	1726	2084.58	2662
Iteration: 176	1582	1605	2105.22	2828
Iteration: 177	1582	1734	2111.54	2778
Iteration: 178	1582	1670	2112.53	2762
Iteration: 179	1582	1585	2075.6	2920
Iteration: 180	1582	1838	2140.08	2796
Iteration: 181	1582	1800	2108.24	2587
Iteration: 182	1582	1748	2120.54	2897
Iteration: 183	1582	1794	2106.17	2605
Iteration: 184	1582	1642	2091.5	2606
Iteration: 185	1582	1699	2096.45	2838
Iteration: 186	1582	1730	2086.03	2503
Iteration: 187	1582	1756	2126.66	2726
Iteration: 188	1582	1675	2075.38	2683
Iteration: 189	1582	1690	2120.47	2622
Iteration: 190	1582	1719	2087.58	2624
Iteration: 191	1582	1741	2125.35	3106
Iteration: 192	1582	1639	2112.78	2711
Iteration: 193	1582	1758	2102.98	2903
Iteration: 194	1582	1789	2105.27	2643
Iteration: 195	1582	1661	2103.74	2788
Iteration: 196	1582	1661	2149.22	2814
Iteration: 197	1582	1712	2078.1	2619
Iteration: 198	1582	1583	2125.69	2728
Iteration: 199	1582	1649	2068.7	2751
Iteration: 200	1582	1673	2089.92	2750
Iteration: 201	1582	1715	2075.24	2801
Iteration: 202	1582	1747	2122.66	2858
Iteration: 203	1582	1720	2093.48	2749
Iteration: 204	1582	1755	2106.87	2591
Iteration: 205	1582	1731	2117.91	2781
Iteration: 206	1582	1686	2114.63	3010
Iteration: 207	1582	1718	2069.17	2639
Iteration: 208	1582	1668	2125.67	2651
Iteration: 209	1582	1736	2109.08	2896
Iteration: 210	1582	1703	2093.21	2631
Iteration: 211	1582	1724	2111	2657
Iteration: 212	1582	1762	2090.5	2699
Iteration: 213	1582	1771	2120.5	2842
Iteration: 214	1582	1773	2139.53	2977
Iteration: 215	1582	1694	2103.64	2713
Iteration: 216	1582	1668	2080.97	2536
Iteration: 217	1582	1726	2103.23	2797
Iteration: 218	1582	1711	2088.32	2599
Iteration: 219	1582	1739	2115.47	2615
Iteration: 220	1582	1682	2108.97	2704
Iteration: 221	1582	1587	2070.15	2636
Iteration: 222	1582	1760	2104.81	2667
Iteration: 223	1582	1704	2070.26	2776
Iteration: 224	1582	1777	2098.79	2676
Iteration: 225	1582	1613	2116.37	2674
Iteration: 226	1582	1653	2094.74	2584
Iteration: 227	1582	1700	2092.89	2636
Iteration: 228	1582	1757	2094.05	2631
Iteration: 229	1582	1728	2133.25	2859
Iteration: 230	1582	1792	2101.13	2487
Iteration: 231	1582	1755	2079.07	2541
Iteration: 232	1582	1654	2086.03	2775
Iteration: 233	1582	1655	2101.23	2686
Iteration: 234	1582	1588	2102.3	2574
Iteration: 235	1582	1686	2076.26	2618
Iteration: 236	1582	1750	2142.12	2773
Iteration: 237	1582	1739	2122.83	3136
Iteration: 238	1582	1713	2089.29	2757
Iteration: 239	1582	1696	2114.57	2589
Iteration: 240	1582	1708	2095.16	2861
Iteration: 241	1582	1697	2128.76	2795
Iteration: 242	1582	1736	2115.75	2712
Iteration: 243	1582	1707	2155.52	2765
Iteration: 244	1582	1704	2085.59	3100
Iteration: 245	1582	1768	2110.8	2494
Iteration: 246	1582	1723	2127.05	2541
Iteration: 247	1582	1722	2088.66	2714
Iteration: 248	1582	1687	2113.5	2729
Iteration: 249	1582	1695	2072.59	2988
Iteration: 250	1582	1724	2064.63	2467
Iteration: 251	1582	1682	2095.53	2567
Iteration: 252	1582	1688	2097.42	2809
Iteration: 253	1582	1734	2085.6	2606
Iteration: 254	1582	1732	2113.93	2766
Iteration: 255	1582	1779	2105.11	2914
Iteration: 256	1582	1713	2109.59	3053
Iteration: 257	1582	1695	2099.24	2669
Iteration: 258	1582	1740	2078.71	2511
Iteration: 259	1582	1741	2122.75	2729
Iteration: 260	1582	1682	2108.14	2608
Iteration: 261	1582	1635	2105.02	2592
Iteration: 262	1582	1724	2106.21	2792
Iteration: 263	1582	1784	2085.21	2542
Iteration: 264	1582	1697	2090.72	3241
Iteration: 265	1582	1716	2081.51	2574
Iteration: 266	1582	1697	2097.56	2839
Iteration: 267	1582	1691	2093.11	2698
Iteration: 268	1582	1751	2095.96	2647
Iteration: 269	1472	1472	2108.77	2682
Iteration: 270	1472	1749	2103.56	2714
Iteration: 271	1472	1626	2089.84	3129
Iteration: 272	1472	1735	2118.62	2638
Iteration: 273	1472	1738	2123.98	2766
Iteration: 274	1472	1646	2117.19	2836
Iteration: 275	1472	1787	2110.94	2863
Iteration: 276	1472	1683	2105.06	3102
Iteration: 277	1472	1794	2124.54	2891
Iteration: 278	1472	1798	2125.97	2683
Iteration: 279	1472	1758	2103.07	2664
Iteration: 280	1472	1660	2066.04	2613
Iteration: 281	1472	1709	2112.67	2728
Iteration: 282	1472	1759	2101.23	2773
Iteration: 283	1472	1623	2088.27	2724
Iteration: 284	1472	1727	2091.19	2646
Iteration: 285	1472	1786	2127	2954
Iteration: 286	1472	1756	2112.95	2672
Iteration: 287	1472	1729	2079.07	2521
Iteration: 288	1472	1666	2083.31	2460
Iteration: 289	1472	1704	2080.45	2614
Iteration: 290	1472	1657	2082.78	2621
Iteration: 291	1472	1667	2124.04	2627
Iteration: 292	1472	1696	2059.85	2742
Iteration: 293	1472	1673	2100.23	2704
Iteration: 294	1472	1697	2104.64	2746
Iteration: 295	1472	1702	2146.19	2791
Iteration: 296	1472	1651	2106.09	2698
Iteration: 297	1472	1706	2098.44	2840
Iteration: 298	1472	1648	2112.31	2619
Iteration: 299	1472	1663	2104.89	2652
