Iteration: 0	1699	1699	2142.19	2582
Iteration: 1	1681	1681	2120.89	2671
Iteration: 2	1660	1660	2114.02	2723
Iteration: 3	1660	1785	2148.84	2872
Iteration: 4	1660	1687	2123.94	2924
Iteration: 5	1660	1753	2133.78	2689
Iteration: 6	1660	1805	2151.96	3122
Iteration: 7	1660	1719	2086.03	2820
Iteration: 8	1660	1752	2115.47	2725
Iteration: 9	1660	1697	2076.71	2556
Iteration: 10	1645	1645	2111.13	2535
Iteration: 11	1645	1723	2111.42	2683
Iteration: 12	1645	1690	2120.24	3023
Iteration: 13	1645	1726	2099.25	2636
Iteration: 14	1645	1711	2074.03	2726
Iteration: 15	1645	1725	2115.61	2851
Iteration: 16	1645	1691	2085.8	2639
Iteration: 17	1645	1716	2108.66	2608
Iteration: 18	1645	1766	2118.21	2634
Iteration: 19	1645	1753	2095.59	2743
Iteration: 20	1645	1745	2105.9	2683
Iteration: 21	1645	1705	2127.71	2555
Iteration: 22	1645	1670	2108.17	2618
Iteration: 23	1645	1771	2124.57	2836
Iteration: 24	1645	1738	2087.87	2672
Iteration: 25	1645	1746	2134.28	2742
Iteration: 26	1645	1663	2088.97	2544
Iteration: 27	1645	1740	2147.03	2777
Iteration: 28	1645	1734	2108.2	2793
Iteration: 29	1645	1748	2086.53	2896
Iteration: 30	1645	1736	2074.17	2793
Iteration: 31	1645	1753	2085.1	2577
Iteration: 32	1645	1664	2118.15	2775
Iteration: 33	1599	1599	2104.23	2894
Iteration: 34	1599	1687	2106.5	2804
Iteration: 35	1599	1686	2080.2	2649
Iteration: 36	1599	1740	2074.33	2698
Iteration: 37	1599	1668	2089.8	2583
Iteration: 38	1599	1634	2092.18	2710
Iteration: 39	1599	1683	2106.72	2683
Iteration: 40	1599	1755	2080.37	2742
Iteration: 41	1599	1699	2083.95	2481
Iteration: 42	1599	1751	2097.53	2597
Iteration: 43	1599	1750	2126.89	2632
Iteration: 44	1599	1711	2084.71	2709
Iteration: 45	1599	1619	2125.76	2775
Iteration: 46	1599	1742	2102.53	2781
Iteration: 47	1599	1657	2120.29	2848
Iteration: 48	1599	1712	2116.57	2541
Iteration: 49	1599	1647	2102.12	3087
Iteration: 50	1599	1751	2080.32	2634
Iteration: 51	1599	1751	2122.35	2602
Iteration: 52	1599	1758	2086.23	2586
Iteration: 53	1599	1762	2119.32	2700
Iteration: 54	1599	1738	2097.36	2569
Iteration: 55	1599	1712	2103.04	2990
Iteration: 56	1599	1697	2093.21	2589
Iteration: 57	1599	1706	2072.66	2726
Iteration: 58	1599	1695	2103.5	2935
Iteration: 59	1599	1657	2078.08	2525
Iteration: 60	1599	1809	2113.54	2603
Iteration: 61	1599	1757	2123.35	2854
Iteration: 62	1599	1767	2095.77	2670
Iteration: 63	1599	1706	2108.05	2925
Iteration: 64	1599	1741	2108.18	2798
Iteration: 65	1599	1715	2127.21	2884
Iteration: 66	1599	1682	2151.45	2954
Iteration: 67	1599	1714	2097.38	2798
Iteration: 68	1599	1726	2134.18	2619
Iteration: 69	1599	1718	2089.93	2701
Iteration: 70	1599	1710	2102.64	3102
Iteration: 71	1599	1760	2093.92	2936
Iteration: 72	1599	1706	2122.13	2642
Iteration: 73	1599	1700	2135.4	2694
Iteration: 74	1599	1725	2056.1	2635
Iteration: 75	1599	1702	2108.19	2731
Iteration: 76	1599	1680	2079.02	2727
Iteration: 77	1599	1755	2099.72	2694
Iteration: 78	1599	1774	2126.72	2668
Iteration: 79	1599	1717	2098	2800
Iteration: 80	1599	1631	2113.73	3063
Iteration: 81	1599	1744	2135.92	3008
Iteration: 82	1599	1723	2116.04	2789
Iteration: 83	1599	1704	2085	2502
Iteration: 84	1599	1746	2101.03	2641
Iteration: 85	1599	1656	2102.9	2589
Iteration: 86	1599	1641	2089.4	2525
Iteration: 87	1599	1677	2121.72	2795
Iteration: 88	1599	1724	2065.36	2768
Iteration: 89	1599	1709	2100.73	2611
Iteration: 90	1599	1757	2085.65	2654
Iteration: 91	1599	1654	2075.86	2727
Iteration: 92	1599	1740	2110	2763
Iteration: 93	1599	1732	2114.43	2627
Iteration: 94	1599	1717	2104.67	2751
Iteration: 95	1599	1673	2096.49	2659
Iteration: 96	1599	1685	2112.79	2655
Iteration: 97	1599	1765	2090.33	2666
Iteration: 98	1599	1700	2106.22	2524
Iteration: 99	1575	1575	2075.7	2676
Iteration: 100	1575	1735	2096.58	2566
Iteration: 101	1575	1788	2111.36	2882
Iteration: 102	1575	1695	2130.47	2655
Iteration: 103	1575	1635	2098.72	2925
Iteration: 104	1575	1694	2090.5	2707
Iteration: 105	1575	1684	2087.97	2682
Iteration: 106	1575	1703	2127.59	2929
Iteration: 107	1575	1707	2091.58	2564
Iteration: 108	1575	1751	2085.56	2546
Iteration: 109	1575	1672	2100.64	2745
Iteration: 110	1575	1794	2144.24	2633
Iteration: 111	1575	1728	2095.76	2671
Iteration: 112	1575	1732	2073.5	2521
Iteration: 113	1575	1668	2086.58	2691
Iteration: 114	1575	1729	2096.71	2676
Iteration: 115	1575	1672	2078.81	2498
Iteration: 116	1575	1713	2084.77	2650
Iteration: 117	1575	1788	2138.76	2646
Iteration: 118	1575	1722	2118.88	2681
Iteration: 119	1575	1734	2112.5	2701
Iteration: 120	1575	1699	2111.99	2744
Iteration: 121	1575	1668	2077.53	2673
Iteration: 122	1575	1749	2111.84	2634
Iteration: 123	1575	1620	2061.47	2606
Iteration: 124	1575	1758	2112.15	2650
Iteration: 125	1575	1750	2114.18	2585
Iteration: 126	1575	1661	2084.82	2606
Iteration: 127	1575	1635	2111.8	2686
Iteration: 128	1575	1797	2066.28	2693
Iteration: 129	1575	1684	2089.94	2864
Iteration: 130	1575	1633	2071.8	2740
Iteration: 131	1575	1682	2118.28	2772
Iteration: 132	1575	1754	2100.63	2846
Iteration: 133	1575	1707	2107.5	2615
Iteration: 134	1575	1718	2129.15	3031
Iteration: 135	1575	1701	2104.78	2687
Iteration: 136	1575	1681	2113.63	2570
Iteration: 137	1575	1771	2123.93	2878
Iteration: 138	1575	1779	2099.98	2704
Iteration: 139	1575	1770	2099.33	3058
Iteration: 140	1575	1729	2102.32	2717
Iteration: 141	1575	1767	2110.68	2719
Iteration: 142	1575	1741	2113.48	2598
Iteration: 143	1575	1784	2116.68	2879
Iteration: 144	1575	1719	2060.34	2560
Iteration: 145	1575	1754	2136.57	2771
Iteration: 146	1575	1594	2127.62	2757
Iteration: 147	1575	1641	2094.51	2886
Iteration: 148	1575	1697	2118.06	2786
Iteration: 149	1575	1710	2102.36	2864
