Iteration: 0	1773	1773	2150.82	2753
Iteration: 1	1699	1699	2143.07	2840
Iteration: 2	1518	1518	2096.67	2736
Iteration: 3	1518	1776	2135.46	2677
Iteration: 4	1518	1771	2090.31	2832
Iteration: 5	1518	1782	2131.87	2761
Iteration: 6	1518	1731	2086.38	2705
Iteration: 7	1518	1767	2092.87	2648
Iteration: 8	1518	1738	2110.27	2827
Iteration: 9	1518	1750	2109.35	2583
Iteration: 10	1518	1699	2031.17	2566
Iteration: 11	1518	1714	2126.01	2652
Iteration: 12	1518	1677	2130.93	2975
Iteration: 13	1518	1714	2088.64	2578
Iteration: 14	1518	1750	2102.34	2728
Iteration: 15	1518	1728	2135.57	2743
Iteration: 16	1518	1731	2084.49	2576
Iteration: 17	1518	1742	2152.53	2826
Iteration: 18	1518	1782	2101.27	2649
Iteration: 19	1518	1713	2098.03	2542
Iteration: 20	1518	1738	2113.87	2830
Iteration: 21	1518	1744	2154.26	3101
Iteration: 22	1518	1787	2108.13	2556
Iteration: 23	1518	1768	2105.3	2570
Iteration: 24	1518	1688	2055.14	2620
Iteration: 25	1518	1687	2111.19	2625
Iteration: 26	1518	1780	2114.18	2770
Iteration: 27	1518	1736	2104.5	2746
Iteration: 28	1518	1731	2078.79	2795
Iteration: 29	1518	1723	2122.64	2827
Iteration: 30	1518	1600	2114.34	2776
Iteration: 31	1518	1646	2093.96	2697
Iteration: 32	1518	1734	2138.65	3021
Iteration: 33	1518	1761	2081.48	2647
Iteration: 34	1518	1596	2080.33	2697
Iteration: 35	1518	1680	2125.74	2939
Iteration: 36	1518	1746	2099	2611
Iteration: 37	1518	1780	2131.94	2783
Iteration: 38	1518	1741	2106.18	2601
Iteration: 39	1518	1746	2092.03	2693
Iteration: 40	1518	1740	2121.03	2622
Iteration: 41	1518	1763	2121.09	2794
Iteration: 42	1518	1805	2109.12	2845
Iteration: 43	1518	1768	2115.07	2713
Iteration: 44	1518	1669	2102.98	2743
Iteration: 45	1518	1720	2075.11	2672
Iteration: 46	1518	1662	2077.22	2687
Iteration: 47	1518	1730	2092.31	2588
Iteration: 48	1518	1694	2068.68	2394
Iteration: 49	1518	1770	2155.13	2789
Iteration: 50	1518	1640	2073.43	2860
Iteration: 51	1518	1716	2102.96	2695
Iteration: 52	1518	1725	2085.87	2802
Iteration: 53	1518	1568	2083.59	2684
Iteration: 54	1518	1593	2078.06	2705
Iteration: 55	1518	1740	2112.1	2926
Iteration: 56	1518	1783	2101.77	2674
Iteration: 57	1518	1644	2080.47	2621
Iteration: 58	1518	1678	2054.81	2504
Iteration: 59	1518	1687	2138.68	2767
Iteration: 60	1518	1722	2121.88	2799
Iteration: 61	1518	1622	2099.02	3052
Iteration: 62	1518	1779	2099.44	2589
Iteration: 63	1518	1684	2091	3021
Iteration: 64	1518	1804	2121.35	2630
Iteration: 65	1518	1704	2095.44	2578
Iteration: 66	1518	1763	2142.12	2791
Iteration: 67	1518	1684	2097.53	2575
Iteration: 68	1518	1725	2094.63	2761
Iteration: 69	1518	1714	2074.42	2713
Iteration: 70	1518	1701	2122.91	2694
Iteration: 71	1518	1650	2090.77	2707
Iteration: 72	1518	1680	2131.83	2757
Iteration: 73	1518	1658	2096.81	2685
Iteration: 74	1518	1781	2114.85	2862
Iteration: 75	1518	1766	2091.91	2460
Iteration: 76	1518	1650	2091.42	2797
Iteration: 77	1518	1782	2090.79	2583
Iteration: 78	1518	1702	2093.63	2616
Iteration: 79	1518	1674	2108.04	2769
Iteration: 80	1518	1751	2098.3	2558
Iteration: 81	1518	1777	2105.15	2791
Iteration: 82	1518	1755	2105.01	2806
Iteration: 83	1518	1662	2074.8	2769
Iteration: 84	1518	1730	2087.62	2553
Iteration: 85	1518	1745	2086.96	2752
Iteration: 86	1518	1783	2111.06	2716
Iteration: 87	1518	1682	2074.9	2641
Iteration: 88	1518	1671	2080.34	2745
Iteration: 89	1518	1741	2085.68	2844
Iteration: 90	1518	1724	2073.35	2754
Iteration: 91	1518	1613	2122.46	2525
Iteration: 92	1518	1704	2086.87	2726
Iteration: 93	1518	1726	2097.41	2754
Iteration: 94	1518	1698	2073.37	2480
Iteration: 95	1518	1741	2129.68	2805
Iteration: 96	1518	1757	2083.33	2507
Iteration: 97	1518	1719	2096.8	2778
Iteration: 98	1518	1683	2071.43	2696
Iteration: 99	1518	1678	2110.53	2876
Iteration: 100	1518	1711	2118.46	2654
Iteration: 101	1518	1707	2098.81	2662
Iteration: 102	1518	1687	2092.94	3165
Iteration: 103	1518	1646	2101.91	2654
Iteration: 104	1518	1705	2081.79	2825
Iteration: 105	1518	1650	2077.94	3068
Iteration: 106	1518	1715	2091.59	2633
Iteration: 107	1518	1678	2102.13	2611
Iteration: 108	1518	1700	2115.65	2846
Iteration: 109	1518	1760	2113.94	2858
Iteration: 110	1518	1725	2100.11	2614
Iteration: 111	1518	1784	2102.85	2758
Iteration: 112	1518	1698	2121.62	2695
Iteration: 113	1518	1760	2102.87	2638
Iteration: 114	1518	1646	2105.85	2459
Iteration: 115	1518	1642	2076.11	2672
Iteration: 116	1518	1616	2094.38	2642
Iteration: 117	1518	1727	2083.45	2833
Iteration: 118	1518	1752	2107.07	2777
Iteration: 119	1518	1637	2082.23	2805
Iteration: 120	1518	1796	2128.74	2916
Iteration: 121	1518	1692	2097.29	2612
Iteration: 122	1518	1718	2112.62	2821
Iteration: 123	1518	1713	2108.59	2551
Iteration: 124	1518	1728	2101.1	2717
Iteration: 125	1518	1666	2089.09	2637
Iteration: 126	1518	1723	2071.02	2552
Iteration: 127	1518	1711	2091.03	2596
Iteration: 128	1518	1724	2096.45	2783
Iteration: 129	1518	1740	2076.62	2888
Iteration: 130	1518	1643	2125.65	2690
Iteration: 131	1518	1699	2077.82	2745
Iteration: 132	1518	1712	2095.93	2586
Iteration: 133	1518	1700	2111.31	2731
Iteration: 134	1518	1733	2096.5	2648
Iteration: 135	1518	1748	2080.97	2681
Iteration: 136	1518	1666	2077.91	2741
Iteration: 137	1518	1701	2087.98	2699
Iteration: 138	1518	1736	2086.95	2684
Iteration: 139	1518	1654	2068.17	2634
Iteration: 140	1518	1679	2114.93	2678
Iteration: 141	1518	1688	2117.03	2691
Iteration: 142	1518	1679	2111.86	2624
Iteration: 143	1518	1754	2101.55	2651
Iteration: 144	1518	1745	2146.8	2844
Iteration: 145	1518	1678	2125.77	2814
Iteration: 146	1518	1662	2086.53	2493
Iteration: 147	1518	1642	2121.12	3035
Iteration: 148	1518	1738	2087.32	2506
Iteration: 149	1518	1719	2078.27	2607
Iteration: 150	1518	1734	2112.48	2682
Iteration: 151	1518	1787	2119.27	2710
Iteration: 152	1518	1822	2124.99	2766
Iteration: 153	1518	1680	2068.42	2641
Iteration: 154	1518	1670	2070.63	2719
Iteration: 155	1518	1756	2112.51	2635
Iteration: 156	1518	1772	2124.73	2958
Iteration: 157	1518	1718	2104.07	2567
Iteration: 158	1518	1683	2104	2575
Iteration: 159	1518	1689	2107.05	2596
Iteration: 160	1518	1726	2099.72	2634
Iteration: 161	1518	1726	2092.82	2600
Iteration: 162	1518	1742	2091.37	2623
Iteration: 163	1518	1755	2146.2	2905
Iteration: 164	1518	1710	2102.48	2840
Iteration: 165	1518	1667	2115.33	2883
Iteration: 166	1518	1759	2112.95	2539
Iteration: 167	1518	1690	2120.65	2991
Iteration: 168	1518	1777	2084	2649
Iteration: 169	1518	1713	2120.92	2817
Iteration: 170	1518	1722	2100.34	2720
Iteration: 171	1518	1776	2105.29	2715
Iteration: 172	1518	1749	2077.12	2836
Iteration: 173	1518	1743	2117.74	2604
Iteration: 174	1518	1739	2098.74	2527
Iteration: 175	1518	1749	2088.84	2693
Iteration: 176	1518	1720	2101.04	2577
Iteration: 177	1518	1709	2095.04	2731
Iteration: 178	1518	1662	2088.23	2806
Iteration: 179	1518	1733	2083.59	2666
Iteration: 180	1518	1710	2100.28	2731
Iteration: 181	1518	1732	2117.27	2599
Iteration: 182	1518	1643	2107.56	2739
Iteration: 183	1518	1721	2091.27	2636
Iteration: 184	1518	1677	2077.7	2712
Iteration: 185	1518	1731	2093.99	2738
Iteration: 186	1518	1727	2094.78	2626
Iteration: 187	1518	1701	2115.65	2720
Iteration: 188	1518	1751	2122.98	2698
Iteration: 189	1518	1700	2100.11	2787
Iteration: 190	1518	1729	2107.31	2615
Iteration: 191	1518	1674	2093.12	2736
Iteration: 192	1518	1752	2111.3	2708
Iteration: 193	1518	1710	2098.3	2754
Iteration: 194	1518	1702	2102.38	2575
Iteration: 195	1518	1689	2120.56	2808
Iteration: 196	1518	1610	2101.83	2727
Iteration: 197	1518	1726	2104.35	2870
Iteration: 198	1518	1622	2103.9	2892
Iteration: 199	1518	1690	2099.34	2731
Iteration: 200	1518	1668	2101.54	2554
Iteration: 201	1518	1733	2098.77	2631
Iteration: 202	1518	1635	2088.23	2791
Iteration: 203	1518	1712	2098.66	2728
Iteration: 204	1518	1739	2082.8	2685
Iteration: 205	1518	1708	2120.14	2738
Iteration: 206	1518	1710	2084.81	2473
Iteration: 207	1518	1756	2066.86	2668
Iteration: 208	1518	1658	2095.07	2672
Iteration: 209	1518	1730	2107.66	2711
Iteration: 210	1518	1608	2120.18	2663
Iteration: 211	1518	1712	2115.85	2822
Iteration: 212	1518	1703	2085.12	2714
Iteration: 213	1518	1707	2095.27	2775
Iteration: 214	1518	1660	2130.61	2935
Iteration: 215	1518	1768	2132.09	2812
Iteration: 216	1518	1648	2122.06	2773
Iteration: 217	1518	1679	2115.69	2694
Iteration: 218	1518	1718	2100.93	2825
Iteration: 219	1518	1807	2093.26	2997
Iteration: 220	1518	1616	2110.58	2789
Iteration: 221	1518	1698	2091.29	2768
Iteration: 222	1518	1728	2111.91	2710
Iteration: 223	1518	1690	2104.86	2657
Iteration: 224	1518	1727	2094.77	2938
Iteration: 225	1518	1652	2061.91	2752
Iteration: 226	1518	1655	2091.21	2552
Iteration: 227	1518	1745	2072.32	2489
Iteration: 228	1518	1668	2103.65	2629
Iteration: 229	1518	1707	2043.02	2651
Iteration: 230	1518	1763	2104.08	2598
Iteration: 231	1518	1695	2053.48	2378
Iteration: 232	1518	1699	2098.11	2708
Iteration: 233	1518	1805	2099.29	2677
Iteration: 234	1518	1718	2095.9	2718
Iteration: 235	1518	1664	2124.62	2719
Iteration: 236	1518	1708	2075.74	2713
Iteration: 237	1518	1559	2078.36	2715
Iteration: 238	1518	1751	2110.67	2575
Iteration: 239	1518	1703	2122.55	2773
Iteration: 240	1518	1668	2115.42	2786
Iteration: 241	1518	1701	2122.39	2779
Iteration: 242	1518	1715	2110.26	2746
Iteration: 243	1518	1737	2106.57	2807
Iteration: 244	1518	1709	2122.47	2777
Iteration: 245	1518	1755	2090.7	2560
Iteration: 246	1518	1744	2107.54	2674
Iteration: 247	1518	1755	2088.44	2738
Iteration: 248	1518	1672	2127.63	2648
Iteration: 249	1518	1769	2119.71	3030
Iteration: 250	1518	1676	2144.58	2930
Iteration: 251	1518	1628	2103.6	2696
Iteration: 252	1518	1702	2120.12	2635
Iteration: 253	1518	1780	2101.9	2716
Iteration: 254	1518	1748	2096.84	2600
Iteration: 255	1518	1669	2092.59	2702
Iteration: 256	1518	1708	2056.07	2681
Iteration: 257	1518	1747	2124.34	2775
Iteration: 258	1518	1748	2115.5	2641
Iteration: 259	1518	1672	2095.32	2508
Iteration: 260	1518	1704	2121.13	2947
Iteration: 261	1518	1747	2086.31	2562
Iteration: 262	1518	1724	2128.96	2747
Iteration: 263	1518	1742	2103.62	2586
Iteration: 264	1518	1779	2145.59	3139
Iteration: 265	1518	1568	2112.18	2754
Iteration: 266	1518	1742	2103.52	2626
Iteration: 267	1518	1740	2123.22	2732
Iteration: 268	1518	1751	2077.55	2552
Iteration: 269	1518	1666	2078.72	2687
Iteration: 270	1518	1705	2121.3	2736
Iteration: 271	1518	1710	2095.73	2743
Iteration: 272	1518	1760	2105.86	2608
Iteration: 273	1518	1792	2099.69	2704
Iteration: 274	1518	1713	2114.7	2665
Iteration: 275	1518	1807	2131.83	2742
Iteration: 276	1518	1785	2112.7	2625
Iteration: 277	1518	1612	2090.21	2676
Iteration: 278	1518	1794	2108.48	2524
Iteration: 279	1518	1720	2100.76	2673
Iteration: 280	1518	1650	2122.48	2877
Iteration: 281	1518	1761	2089.69	2720
Iteration: 282	1518	1755	2119.35	2563
Iteration: 283	1518	1773	2102.21	2563
Iteration: 284	1518	1678	2092.77	2747
Iteration: 285	1518	1740	2139.14	2792
Iteration: 286	1518	1722	2114.03	2730
Iteration: 287	1518	1649	2089.65	2716
Iteration: 288	1518	1645	2084.76	2501
Iteration: 289	1518	1777	2138.34	2905
Iteration: 290	1518	1670	2127.77	2666
Iteration: 291	1518	1744	2097.55	2815
Iteration: 292	1518	1734	2063.69	2490
Iteration: 293	1518	1732	2117.85	2633
Iteration: 294	1518	1618	2120.98	2647
Iteration: 295	1518	1715	2125.68	3179
Iteration: 296	1518	1776	2094.78	2707
Iteration: 297	1518	1793	2109.7	2804
Iteration: 298	1518	1632	2098.92	2708
Iteration: 299	1518	1713	2095.13	2836
