Iteration: 0	1860	1860	2179.72	2526
Iteration: 1	1767	1767	2023.04	2413
Iteration: 2	1767	1869	2152.64	2478
Iteration: 3	1767	1789	2124.8	2424
Iteration: 4	1767	1816	2061.4	2379
Iteration: 5	1767	1789	2032.28	2445
Iteration: 6	1766	1766	2184.48	2607
Iteration: 7	1766	1788	2154.52	2730
Iteration: 8	1740	1740	2062.92	2416
Iteration: 9	1740	1815	2139.12	2582
Iteration: 10	1740	1785	2095.08	2515
Iteration: 11	1740	1770	2104.04	2622
Iteration: 12	1740	1843	2143.24	2608
Iteration: 13	1740	1881	2180.64	2632
Iteration: 14	1740	1759	2138.8	2650
Iteration: 15	1730	1730	2040	2406
Iteration: 16	1730	1751	2115.88	2486
Iteration: 17	1730	1798	2088.48	2548
Iteration: 18	1730	1741	2130.64	2517
Iteration: 19	1730	1793	2163.56	2777
Iteration: 20	1730	1827	2124.12	2576
Iteration: 21	1711	1711	2062.8	2540
Iteration: 22	1700	1700	2103.64	2436
Iteration: 23	1700	1736	2111.4	2545
Iteration: 24	1700	1859	2091.44	2484
Iteration: 25	1700	1722	2081.04	2486
Iteration: 26	1700	1743	2152.44	2817
Iteration: 27	1700	1717	2064.04	2379
Iteration: 28	1700	1844	2118	2589
Iteration: 29	1700	1801	2113.72	2735
Iteration: 30	1700	1824	2098.44	2458
Iteration: 31	1700	1785	2112.56	2470
Iteration: 32	1700	1824	2122.04	2451
Iteration: 33	1700	1861	2119.52	2397
Iteration: 34	1700	1836	2130.4	2491
Iteration: 35	1700	1823	2179.48	2551
Iteration: 36	1700	1714	2098.24	2503
Iteration: 37	1700	1725	2162.8	2431
Iteration: 38	1700	1794	2043.72	2457
Iteration: 39	1700	1823	2074.56	2314
Iteration: 40	1700	1805	2124.64	2468
Iteration: 41	1700	1863	2086.76	2459
Iteration: 42	1700	1786	2134.8	2415
Iteration: 43	1700	1756	2150.48	2570
Iteration: 44	1700	1856	2213.92	2631
Iteration: 45	1700	1914	2157.88	2497
Iteration: 46	1700	1843	2099.88	2626
Iteration: 47	1700	1734	2089.16	2616
Iteration: 48	1700	1747	2128.64	2508
Iteration: 49	1700	1769	2088.24	2372
Iteration: 50	1700	1832	2154.6	2416
Iteration: 51	1700	1795	2092.2	2465
Iteration: 52	1700	1700	2101.2	2400
Iteration: 53	1700	1821	2100.08	2512
Iteration: 54	1683	1683	2104.8	2805
Iteration: 55	1683	1803	2111.56	2473
Iteration: 56	1683	1776	2230.96	2746
Iteration: 57	1683	1713	2095.68	2524
Iteration: 58	1683	1813	2114.52	2690
Iteration: 59	1683	1732	2161	2658
Iteration: 60	1683	1773	2077.6	2415
Iteration: 61	1683	1714	2083.12	2391
Iteration: 62	1683	1698	2083.16	2377
Iteration: 63	1683	1785	2125.72	2584
Iteration: 64	1683	1708	2171.52	2678
Iteration: 65	1683	1801	2155.56	2540
Iteration: 66	1683	1819	2088.52	2600
Iteration: 67	1683	1746	2054.44	2571
Iteration: 68	1683	1836	2121.76	2614
Iteration: 69	1683	1734	2057.52	2830
Iteration: 70	1630	1630	2083.48	2616
Iteration: 71	1630	1839	2128.12	2442
Iteration: 72	1630	1730	2168.48	2524
Iteration: 73	1630	1876	2089	2530
Iteration: 74	1630	1764	2097.84	2528
Iteration: 75	1630	1819	2087.12	2520
Iteration: 76	1630	1728	2092	2731
Iteration: 77	1630	1774	2121.16	2506
Iteration: 78	1630	1882	2107	2433
Iteration: 79	1630	1842	2217.8	2911
Iteration: 80	1630	1840	2165.2	2770
Iteration: 81	1630	1804	2077.68	2384
Iteration: 82	1630	1802	2094.76	2500
Iteration: 83	1630	1810	2094.56	2426
Iteration: 84	1630	1808	2143.52	2667
Iteration: 85	1630	1828	2111.88	2469
Iteration: 86	1630	1848	2141	2523
Iteration: 87	1630	1715	2096.32	2536
Iteration: 88	1630	1842	2175.08	2928
Iteration: 89	1630	1788	2150.04	2717
Iteration: 90	1630	1772	2114.2	2463
Iteration: 91	1630	1744	2122	2500
Iteration: 92	1630	1649	2081	2517
Iteration: 93	1630	1830	2134.52	2628
Iteration: 94	1630	1889	2134.36	2533
Iteration: 95	1630	1790	2105.68	2892
Iteration: 96	1630	1695	2169.72	2556
Iteration: 97	1630	1791	2133.4	2583
Iteration: 98	1630	1852	2087.16	2393
Iteration: 99	1630	1796	2099.72	2497
Iteration: 100	1630	1794	2128.04	2568
Iteration: 101	1630	1806	2106.92	2620
Iteration: 102	1630	1718	2088.12	2334
Iteration: 103	1630	1832	2108.2	2474
Iteration: 104	1630	1680	2079.88	2391
Iteration: 105	1630	1756	2164.48	2525
Iteration: 106	1630	1738	2098.12	2417
Iteration: 107	1630	1859	2127.28	2655
Iteration: 108	1630	1763	2131.52	2469
Iteration: 109	1630	1768	2127.4	2778
Iteration: 110	1630	1823	2130.48	2521
Iteration: 111	1630	1791	2097.76	2420
Iteration: 112	1630	1885	2180.6	2700
Iteration: 113	1630	1850	2102.32	2536
Iteration: 114	1630	1805	2228	2738
Iteration: 115	1630	1825	2133.12	2755
Iteration: 116	1630	1766	2091.68	2672
Iteration: 117	1630	1910	2159.64	2479
Iteration: 118	1630	1803	2051.6	2409
Iteration: 119	1630	1843	2084.24	2405
Iteration: 120	1630	1676	2084.4	2429
Iteration: 121	1630	1838	2144.16	2669
Iteration: 122	1630	1865	2136.16	2468
Iteration: 123	1630	1772	2155.16	2718
Iteration: 124	1630	1782	2150.28	2496
Iteration: 125	1630	1840	2145.96	2485
Iteration: 126	1630	1856	2189.56	2728
Iteration: 127	1630	1826	2124.12	2459
Iteration: 128	1630	1643	2061.08	2467
Iteration: 129	1630	1871	2118.76	2594
Iteration: 130	1630	1666	2074.28	2730
Iteration: 131	1630	1774	2021.32	2423
Iteration: 132	1630	1792	2116	2458
Iteration: 133	1630	1879	2101.92	2442
Iteration: 134	1630	1938	2151.44	2470
Iteration: 135	1630	1804	2077.8	2569
Iteration: 136	1630	1663	2057.6	2508
Iteration: 137	1630	1742	2098.96	2751
Iteration: 138	1630	1778	2125.68	2621
Iteration: 139	1630	1852	2141.92	2536
Iteration: 140	1630	1746	2127.84	2539
Iteration: 141	1630	1791	2063.28	2727
Iteration: 142	1630	1858	2241.56	2646
Iteration: 143	1630	1793	2142.92	2594
Iteration: 144	1630	1746	2131.72	2632
Iteration: 145	1630	1852	2173.68	2693
Iteration: 146	1630	1697	2059.48	2702
Iteration: 147	1630	1797	2078.44	2579
Iteration: 148	1630	1807	2167	2874
Iteration: 149	1630	1798	2101.32	2469
