Iteration: 0	1848	1848	2133.32	2451
Iteration: 1	1848	1860	2121.72	2594
Iteration: 2	1730	1730	2085.6	2480
Iteration: 3	1730	1756	2036.2	2414
Iteration: 4	1730	1862	2165.96	2606
Iteration: 5	1715	1715	2125.44	2724
Iteration: 6	1715	1803	2142.2	2710
Iteration: 7	1715	1791	2114.04	2542
Iteration: 8	1715	1876	2140.76	2491
Iteration: 9	1715	1770	2156.16	2692
Iteration: 10	1715	1753	2110.28	2564
Iteration: 11	1715	1899	2139.24	2499
Iteration: 12	1715	1816	2154.12	2446
Iteration: 13	1715	1806	2119.64	2602
Iteration: 14	1715	1894	2112.36	2596
Iteration: 15	1715	1787	2134.92	2661
Iteration: 16	1715	1842	2110.04	2516
Iteration: 17	1715	1743	2106.28	2538
Iteration: 18	1715	1773	2064	2621
Iteration: 19	1715	1743	2063.44	2691
Iteration: 20	1715	1815	2128	2707
Iteration: 21	1715	1786	2126.08	2491
Iteration: 22	1715	1880	2128.8	2818
Iteration: 23	1715	1860	2100	2430
Iteration: 24	1679	1679	2072.92	2413
Iteration: 25	1679	1802	2113.92	2509
Iteration: 26	1679	1766	2076.04	2627
Iteration: 27	1679	1754	2106.04	2396
Iteration: 28	1679	1797	2079.64	2405
Iteration: 29	1679	1864	2120.68	2601
Iteration: 30	1679	1819	2112.6	2492
Iteration: 31	1679	1695	2090.76	2777
Iteration: 32	1679	1764	2196.44	2831
Iteration: 33	1679	1767	2099.52	2564
Iteration: 34	1679	1681	2104.96	2671
Iteration: 35	1679	1757	2157.88	2587
Iteration: 36	1679	1866	2167.32	2556
Iteration: 37	1679	1912	2170.88	2774
Iteration: 38	1679	1766	2096.92	2647
Iteration: 39	1679	1811	2154.84	2567
Iteration: 40	1679	1784	2115.12	2474
Iteration: 41	1679	1913	2200.16	2763
Iteration: 42	1679	1801	2163.92	2867
Iteration: 43	1679	1821	2133.44	2448
Iteration: 44	1679	1857	2123.2	2412
Iteration: 45	1679	1832	2089.84	2618
Iteration: 46	1679	1748	1987.04	2422
Iteration: 47	1679	1841	2179.52	2637
Iteration: 48	1679	1695	2071.76	2383
Iteration: 49	1679	1758	2188.16	3191
Iteration: 50	1679	1746	2139.08	2674
Iteration: 51	1679	1807	2128.68	2473
Iteration: 52	1679	1768	2105.28	2476
Iteration: 53	1679	1903	2160.8	2689
Iteration: 54	1679	1753	2067.84	2462
Iteration: 55	1679	1776	2077.88	2431
Iteration: 56	1679	1802	2130.6	2581
Iteration: 57	1679	1812	2132.88	2522
Iteration: 58	1679	1681	2077.12	2684
Iteration: 59	1679	1832	2070.88	2343
Iteration: 60	1679	1887	2146.76	2410
Iteration: 61	1679	1722	2111.72	2667
Iteration: 62	1679	1820	2068.84	2684
Iteration: 63	1679	1758	2058.72	2386
Iteration: 64	1679	1744	2061.28	2464
Iteration: 65	1657	1657	2121.96	2631
Iteration: 66	1657	1748	2137.4	2649
Iteration: 67	1657	1753	2105.6	2434
Iteration: 68	1657	1796	2072.68	2524
Iteration: 69	1657	1795	2117.88	2538
Iteration: 70	1657	1770	2110.32	2570
Iteration: 71	1657	1765	2117.84	2826
Iteration: 72	1657	1751	2156.8	2573
Iteration: 73	1657	1810	2119.76	2585
Iteration: 74	1657	1862	2123.24	2632
Iteration: 75	1657	1788	2124.2	2684
Iteration: 76	1657	1683	2134.52	2480
Iteration: 77	1657	1693	2084.52	2480
Iteration: 78	1657	1831	2100.2	2466
Iteration: 79	1657	1752	2109.64	2521
Iteration: 80	1657	1845	2159.68	2500
Iteration: 81	1615	1615	2073.56	2514
Iteration: 82	1615	1755	2116.84	2720
Iteration: 83	1615	1782	2069.4	2443
Iteration: 84	1588	1588	2212.52	2574
Iteration: 85	1588	1726	2053.92	2364
Iteration: 86	1588	1761	2146	2684
Iteration: 87	1588	1777	2052.72	2403
Iteration: 88	1588	1730	2114.64	2486
Iteration: 89	1588	1754	2105.72	2658
Iteration: 90	1588	1849	2125.36	2535
Iteration: 91	1588	1745	2174.44	2710
Iteration: 92	1588	1802	2116.8	2543
Iteration: 93	1588	1876	2143.16	2683
Iteration: 94	1588	1899	2151.16	2610
Iteration: 95	1588	1863	2180.32	2649
Iteration: 96	1588	1712	2075.36	2966
Iteration: 97	1588	1716	2096.64	2551
Iteration: 98	1588	1844	2162.84	2693
Iteration: 99	1588	1818	2111.56	2465
Iteration: 100	1588	1696	2068.56	2480
Iteration: 101	1588	1782	2149.52	2727
Iteration: 102	1588	1894	2201.64	2634
Iteration: 103	1588	1799	2112.44	2447
Iteration: 104	1588	1796	2141.2	2692
Iteration: 105	1588	1800	2097.72	2384
Iteration: 106	1588	1735	2066	2611
Iteration: 107	1588	1761	2144	2953
Iteration: 108	1588	1779	2104.32	2667
Iteration: 109	1588	1704	2066.4	2360
Iteration: 110	1588	1764	2212.56	2592
Iteration: 111	1588	1854	2172.64	2853
Iteration: 112	1588	1892	2179.32	2800
Iteration: 113	1588	1802	2171.36	2722
Iteration: 114	1588	1767	2018.2	2431
Iteration: 115	1588	1777	2109.4	2659
Iteration: 116	1588	1836	2132.56	2524
Iteration: 117	1588	1842	2174.2	2771
Iteration: 118	1588	1782	2101.84	2375
Iteration: 119	1588	1778	2133.4	2666
Iteration: 120	1588	1829	2124.56	2677
Iteration: 121	1588	1776	2103.04	2597
Iteration: 122	1588	1707	2113.2	2580
Iteration: 123	1588	1800	2093.52	2574
Iteration: 124	1588	1798	2104.08	2534
Iteration: 125	1588	1751	2067.16	2524
Iteration: 126	1588	1661	2103.64	2532
Iteration: 127	1588	1785	2142.52	2570
Iteration: 128	1588	1633	2113.56	2888
Iteration: 129	1588	1762	2096	2623
Iteration: 130	1588	1740	2088.48	2464
Iteration: 131	1588	1880	2128.16	2514
Iteration: 132	1588	1809	2088.48	2410
Iteration: 133	1588	1847	2135.8	2542
Iteration: 134	1588	1854	2183.2	2776
Iteration: 135	1588	1716	2079.04	2646
Iteration: 136	1588	1769	2121.6	2597
Iteration: 137	1588	1840	2085.76	2711
Iteration: 138	1588	1754	2185.72	2786
Iteration: 139	1588	1797	2076.8	2500
Iteration: 140	1588	1804	2106.92	2538
Iteration: 141	1588	1841	2103.04	2395
Iteration: 142	1588	1796	2059.96	2389
Iteration: 143	1588	1821	2170.28	2539
Iteration: 144	1588	1809	2164.56	2658
Iteration: 145	1588	1819	2131.28	2580
Iteration: 146	1588	1877	2117.96	2852
Iteration: 147	1588	1818	2117.36	2330
Iteration: 148	1588	1803	2164.4	2542
Iteration: 149	1588	1760	2077.68	2457
Iteration: 150	1588	1716	2148.88	2569
Iteration: 151	1588	1734	2111.56	2411
Iteration: 152	1588	1928	2114.72	2389
Iteration: 153	1588	1726	2180.28	2865
Iteration: 154	1588	1814	2178.92	2648
Iteration: 155	1588	1758	2073.52	2604
Iteration: 156	1588	1818	2110.56	2401
Iteration: 157	1588	1736	2103.52	2710
Iteration: 158	1588	1705	2081.68	2466
Iteration: 159	1588	1750	2118.12	2894
Iteration: 160	1588	1696	2114	2445
Iteration: 161	1588	1900	2166.64	2632
Iteration: 162	1588	1816	2092.64	2607
Iteration: 163	1588	1838	2134.56	2431
Iteration: 164	1588	1733	2145.2	2886
Iteration: 165	1588	1819	2137.12	2546
Iteration: 166	1588	1839	2133.72	2724
Iteration: 167	1588	1747	2071.48	2446
Iteration: 168	1588	1720	2084.32	2455
Iteration: 169	1588	1632	2073.68	2364
Iteration: 170	1588	1797	2150.4	2651
Iteration: 171	1588	1849	2206.08	2658
Iteration: 172	1588	1898	2162.8	2597
Iteration: 173	1588	1772	2064.56	2389
Iteration: 174	1588	1756	2104.32	2734
Iteration: 175	1588	1698	2157.72	2526
Iteration: 176	1588	1806	2134.28	2512
Iteration: 177	1588	1821	2130.44	2526
Iteration: 178	1588	1761	2069.24	2406
Iteration: 179	1588	1755	2068.84	2460
Iteration: 180	1588	1705	2162.84	2607
Iteration: 181	1588	1644	2062.12	2556
Iteration: 182	1588	1797	2175.12	2776
Iteration: 183	1588	1815	2114.96	2702
Iteration: 184	1588	1801	2127.52	2452
Iteration: 185	1588	1861	2154.6	2651
Iteration: 186	1588	1735	2142.72	2687
Iteration: 187	1588	1692	2182.56	2887
Iteration: 188	1588	1630	2103.36	2542
Iteration: 189	1588	1763	2109.12	2549
Iteration: 190	1588	1737	2173.72	2874
Iteration: 191	1588	1699	2149.88	2685
Iteration: 192	1588	1706	2147.12	2575
Iteration: 193	1588	1679	2177.76	2802
Iteration: 194	1588	1835	2173.76	2601
Iteration: 195	1588	1839	2192.76	2917
Iteration: 196	1588	1860	2084.88	2342
Iteration: 197	1588	1777	2080.04	2737
Iteration: 198	1588	1821	2118.6	2664
Iteration: 199	1588	1844	2136.6	2690
Iteration: 200	1588	1714	2102.92	2533
Iteration: 201	1588	1788	2183.64	2639
Iteration: 202	1588	1825	2096.84	2543
Iteration: 203	1588	1751	2086.72	2753
Iteration: 204	1588	1746	2049.16	2369
Iteration: 205	1588	1894	2120	2484
Iteration: 206	1588	1762	2067.72	2531
Iteration: 207	1588	1803	2066.56	2435
Iteration: 208	1588	1728	2097.92	2885
Iteration: 209	1588	1713	2117.44	2408
Iteration: 210	1588	1768	2113.44	3075
Iteration: 211	1588	1874	2212.32	2770
Iteration: 212	1588	1782	2115.6	2517
Iteration: 213	1588	1708	2158.32	2720
Iteration: 214	1588	1813	2127.88	2657
Iteration: 215	1588	1834	2065.68	2373
Iteration: 216	1588	1902	2181.16	2520
Iteration: 217	1588	1669	2135.16	2944
Iteration: 218	1588	1707	2130.08	2545
Iteration: 219	1588	1816	2100.6	2531
Iteration: 220	1588	1736	2174.4	2529
Iteration: 221	1588	1790	2161.88	2851
Iteration: 222	1588	1733	2110.8	3068
Iteration: 223	1588	1872	2106.12	2525
Iteration: 224	1588	1732	2039.52	2430
Iteration: 225	1588	1837	2166.04	2890
Iteration: 226	1588	1855	2130.28	2704
Iteration: 227	1588	1817	2102.68	2468
Iteration: 228	1588	1788	2137.68	2546
Iteration: 229	1588	1813	2099.96	2484
Iteration: 230	1588	1829	2129.8	2629
Iteration: 231	1588	1815	2042	2409
Iteration: 232	1588	1850	2133.96	2939
Iteration: 233	1588	1682	2125.56	2690
Iteration: 234	1588	1717	2077.8	2663
Iteration: 235	1588	1758	2148.56	2908
Iteration: 236	1588	1787	2046.04	2517
Iteration: 237	1588	1647	2143.48	2618
Iteration: 238	1588	1750	2100.52	2618
Iteration: 239	1588	1761	2109.52	2566
Iteration: 240	1588	1771	2093.92	2339
Iteration: 241	1588	1819	2176.72	2716
Iteration: 242	1588	1739	2094.68	2500
Iteration: 243	1588	1756	2093.08	2832
Iteration: 244	1588	1851	2163.48	2423
Iteration: 245	1588	1722	2152.84	2830
Iteration: 246	1588	1818	2109	2598
Iteration: 247	1588	1737	2230.88	2803
Iteration: 248	1588	1682	2161.68	2817
Iteration: 249	1588	1810	2160.48	2489
Iteration: 250	1588	1771	2136.92	2936
Iteration: 251	1588	1842	2182.6	2693
Iteration: 252	1588	1912	2155.52	2613
Iteration: 253	1588	1717	2086.28	2494
Iteration: 254	1588	1651	2122.92	2681
Iteration: 255	1588	1770	2133.2	2978
Iteration: 256	1588	1827	2144.44	2516
Iteration: 257	1588	1851	2160.16	2778
Iteration: 258	1588	1838	2113.6	2664
Iteration: 259	1588	1810	2155.32	2467
Iteration: 260	1588	1832	2195.24	2893
Iteration: 261	1588	1702	2120.4	2651
Iteration: 262	1588	1804	2142.2	2476
Iteration: 263	1588	1803	2078.6	2574
Iteration: 264	1588	1738	2130.6	2612
Iteration: 265	1588	1812	2123.16	2495
Iteration: 266	1588	1856	2127.24	2731
Iteration: 267	1588	1724	2066.84	2768
Iteration: 268	1588	1759	2135.32	2570
Iteration: 269	1588	1817	2174.68	3130
Iteration: 270	1588	1647	2169.24	2483
Iteration: 271	1588	1896	2144.28	2515
Iteration: 272	1588	1900	2156.92	2570
Iteration: 273	1588	1732	2057.84	2507
Iteration: 274	1588	1789	2096	2492
Iteration: 275	1588	1764	2105.2	2579
Iteration: 276	1588	1898	2227.08	2603
Iteration: 277	1588	1874	2174.92	2652
Iteration: 278	1588	1799	2103.76	2865
Iteration: 279	1588	1844	2180.92	2745
Iteration: 280	1588	1798	2101.72	2434
Iteration: 281	1588	1804	2055.2	2508
Iteration: 282	1588	1876	2190.32	2803
Iteration: 283	1588	1689	2061.92	2369
Iteration: 284	1588	1942	2220.36	2836
Iteration: 285	1588	1817	2162.32	2782
Iteration: 286	1588	1745	2068.12	2343
Iteration: 287	1588	1912	2142.84	2755
Iteration: 288	1588	1845	2188	2841
Iteration: 289	1588	1889	2131.64	2540
Iteration: 290	1588	1834	2215.92	3115
Iteration: 291	1588	1886	2155.96	2588
Iteration: 292	1588	1817	2148.44	2983
Iteration: 293	1588	1787	2098.88	2421
Iteration: 294	1588	1792	2014.56	2294
Iteration: 295	1588	1777	2103.48	2596
Iteration: 296	1588	1734	2190.12	2887
Iteration: 297	1588	1796	2072.8	2480
Iteration: 298	1588	1868	2213.6	2808
Iteration: 299	1588	1847	2166.84	2643
Iteration: 300	1588	1863	2205.2	3095
Iteration: 301	1588	1816	2213.2	3171
Iteration: 302	1588	1841	2110.48	2473
Iteration: 303	1588	1794	2122.44	3063
Iteration: 304	1588	1775	2123.72	2650
Iteration: 305	1588	1805	2020.8	2733
Iteration: 306	1588	1666	2153.8	2594
Iteration: 307	1588	1770	2129.2	2565
Iteration: 308	1588	1624	2129.24	2777
Iteration: 309	1588	1817	2105.4	2489
Iteration: 310	1588	1873	2087.36	2516
Iteration: 311	1588	1772	2088.92	2535
Iteration: 312	1588	1785	2133.64	2610
Iteration: 313	1588	1715	2103.52	2715
Iteration: 314	1588	1797	2022.84	2328
Iteration: 315	1588	1891	2147.2	2572
Iteration: 316	1588	1811	2122.24	2755
Iteration: 317	1588	1810	2133.32	2604
Iteration: 318	1588	1849	2119.64	2445
Iteration: 319	1588	1710	2073.28	2565
Iteration: 320	1588	1710	2106.04	2580
Iteration: 321	1588	1700	2120.36	2375
Iteration: 322	1588	1855	2178.72	2633
Iteration: 323	1588	1739	2119.8	3194
Iteration: 324	1588	1779	2046	2417
Iteration: 325	1588	1862	2182.64	2827
Iteration: 326	1588	1721	2145.44	2888
Iteration: 327	1588	1780	2141.52	2604
Iteration: 328	1588	1814	2125.2	2478
Iteration: 329	1588	1783	2130.96	2786
Iteration: 330	1588	1687	2094.68	2622
Iteration: 331	1588	1784	2014.04	2366
Iteration: 332	1588	1819	2180.92	2825
Iteration: 333	1588	1756	2153.28	2638
Iteration: 334	1588	1880	2072.92	2363
Iteration: 335	1588	1800	2155.32	2748
Iteration: 336	1588	1743	2108.56	2766
Iteration: 337	1588	1784	2183.56	2660
Iteration: 338	1588	1848	2130.32	2540
Iteration: 339	1588	1739	2196.8	2477
Iteration: 340	1588	1777	2177.76	2823
Iteration: 341	1588	1803	2071.28	2430
Iteration: 342	1588	1847	2200.4	2919
Iteration: 343	1588	1799	2129.92	2761
Iteration: 344	1588	1665	2117.48	2530
Iteration: 345	1588	1768	2127.68	2512
Iteration: 346	1588	1707	2082.08	2333
Iteration: 347	1588	1818	2129.6	2581
Iteration: 348	1588	1901	2131	2461
Iteration: 349	1588	1800	2119.64	2853
Iteration: 350	1588	1868	2124.2	2794
Iteration: 351	1588	1687	2122.56	2750
Iteration: 352	1588	1717	2087.64	2706
Iteration: 353	1588	1734	2144.6	2551
Iteration: 354	1588	1754	2158	2878
Iteration: 355	1588	1656	2108.28	2645
Iteration: 356	1588	1721	2143.08	2516
Iteration: 357	1588	1761	2124.88	2695
Iteration: 358	1588	1803	2106.2	3019
Iteration: 359	1588	1749	2010.24	2700
Iteration: 360	1588	1781	2142.08	2513
Iteration: 361	1588	1864	2196.4	2665
Iteration: 362	1588	1735	2172.48	2660
Iteration: 363	1588	1743	2071.92	2578
Iteration: 364	1588	1941	2187.52	2405
Iteration: 365	1588	1725	2203.48	2997
Iteration: 366	1588	1745	2109	2504
Iteration: 367	1588	1792	2104.88	2700
Iteration: 368	1588	1770	2084.16	2442
Iteration: 369	1588	1798	2113.52	2967
Iteration: 370	1588	1703	2175.28	2772
Iteration: 371	1588	1821	2103.52	2746
Iteration: 372	1588	1797	2170.84	2777
Iteration: 373	1588	1843	2149.12	2652
Iteration: 374	1588	1774	2097	2507
Iteration: 375	1588	1839	2182.04	2751
Iteration: 376	1588	1828	2182.88	2832
Iteration: 377	1588	1774	2169.08	2678
Iteration: 378	1588	1841	2175.68	2587
Iteration: 379	1588	1880	2151.08	2714
Iteration: 380	1588	1729	2108.44	2840
Iteration: 381	1588	1771	2142.2	2776
Iteration: 382	1588	1827	2151.48	2634
Iteration: 383	1588	1766	2130.32	2704
Iteration: 384	1588	1865	2175.88	2991
Iteration: 385	1588	1715	2127.64	2639
Iteration: 386	1588	1708	2053.36	2468
Iteration: 387	1588	1859	2153.2	2722
Iteration: 388	1588	1928	2121.72	2509
Iteration: 389	1588	1699	2143.04	2556
Iteration: 390	1588	1828	2104.88	2434
Iteration: 391	1588	1902	2202.96	2701
Iteration: 392	1588	1765	2151.4	2627
Iteration: 393	1588	1804	2241.84	3377
Iteration: 394	1588	1786	2185.4	3279
Iteration: 395	1588	1816	2135.24	2504
Iteration: 396	1588	1682	2096	2468
Iteration: 397	1588	1746	2190.12	2579
Iteration: 398	1588	1762	2139.96	2563
Iteration: 399	1588	1822	2136	2479
Iteration: 400	1588	1796	2239.08	2910
Iteration: 401	1588	1736	2049.56	2804
Iteration: 402	1588	1729	2147.92	2837
Iteration: 403	1588	1769	2113.52	2580
Iteration: 404	1588	1761	2093.04	2617
Iteration: 405	1588	1680	2142.56	2720
Iteration: 406	1588	1804	2212.72	3172
Iteration: 407	1588	1695	2142.96	2464
Iteration: 408	1588	1816	2127.2	2718
Iteration: 409	1588	1846	2208	2761
Iteration: 410	1588	1817	2070.88	2318
Iteration: 411	1588	1849	2228.2	2763
Iteration: 412	1588	1795	2172.84	2720
Iteration: 413	1588	1758	2143.56	2577
Iteration: 414	1588	1874	2130.52	2512
Iteration: 415	1588	1833	2107.68	2513
Iteration: 416	1588	1633	2101.04	2659
Iteration: 417	1588	1782	2117.76	2582
Iteration: 418	1588	1736	2079.08	2638
Iteration: 419	1588	1699	2049.96	2344
Iteration: 420	1588	1777	2113.52	2717
Iteration: 421	1588	1702	2059.32	2512
Iteration: 422	1588	1823	2255.08	2796
Iteration: 423	1588	1732	2062.44	2601
Iteration: 424	1588	1805	2200.12	2662
Iteration: 425	1588	1865	2106.48	2715
Iteration: 426	1588	1801	2042.96	2412
Iteration: 427	1588	1802	2090.88	2508
Iteration: 428	1588	1693	2102.04	2718
Iteration: 429	1588	1730	2211.6	2791
Iteration: 430	1588	1743	2106.6	2714
Iteration: 431	1588	1828	2140.16	2588
Iteration: 432	1588	1800	2074.2	2552
Iteration: 433	1588	1829	2114.6	2565
Iteration: 434	1588	1809	2134.32	2750
Iteration: 435	1588	1789	2155.16	2595
Iteration: 436	1588	1828	2177.32	2635
Iteration: 437	1588	1871	2103.8	2522
Iteration: 438	1588	1785	2160.08	2967
Iteration: 439	1588	1837	2148.8	2492
Iteration: 440	1588	1669	2145.52	2930
Iteration: 441	1588	1817	2121.88	2413
Iteration: 442	1588	1917	2154.08	2436
Iteration: 443	1588	1935	2191.16	2609
Iteration: 444	1588	1659	2189.8	2782
Iteration: 445	1588	1850	2154.16	2769
Iteration: 446	1588	1785	2144.72	2877
Iteration: 447	1588	1894	2144.32	2616
Iteration: 448	1588	1804	2094.88	2573
Iteration: 449	1588	1757	2123.56	2436
Iteration: 450	1588	1841	2140.92	2574
Iteration: 451	1588	1780	2107.24	2557
Iteration: 452	1588	1836	2160.08	2706
Iteration: 453	1588	1749	2101.68	2762
Iteration: 454	1588	1844	2148.52	2625
Iteration: 455	1588	1732	2114.32	2559
Iteration: 456	1588	1830	2134.64	2494
Iteration: 457	1588	1742	2075.56	2571
Iteration: 458	1588	1770	2107.12	2916
Iteration: 459	1588	1806	2128.56	2559
Iteration: 460	1588	1844	2163.56	2464
Iteration: 461	1588	1659	2117.16	2588
Iteration: 462	1588	1753	2064	2775
Iteration: 463	1588	1779	2087.08	2526
Iteration: 464	1588	1729	2071.8	2344
Iteration: 465	1588	1892	2167.08	2767
Iteration: 466	1588	1676	2105.76	2633
Iteration: 467	1588	1748	2042.84	2535
Iteration: 468	1588	1868	2102.04	2597
Iteration: 469	1588	1829	2107.88	2514
Iteration: 470	1588	1746	2148	2688
Iteration: 471	1588	1676	2083.32	2467
Iteration: 472	1588	1761	2082.52	2543
Iteration: 473	1588	1782	2146.6	2695
Iteration: 474	1588	1794	2138.76	2957
Iteration: 475	1588	1823	2160.84	3164
Iteration: 476	1588	1778	2176.68	2763
Iteration: 477	1588	1802	2179.92	3164
Iteration: 478	1588	1817	2148.4	2742
Iteration: 479	1588	1745	2112.68	2504
Iteration: 480	1588	1757	2119.08	2714
Iteration: 481	1588	1786	2116.16	2587
Iteration: 482	1588	1729	2090	2657
Iteration: 483	1588	1801	2105.52	2460
Iteration: 484	1588	1855	2101.8	2470
Iteration: 485	1588	1819	2165.92	2763
Iteration: 486	1588	1834	2093.4	2545
Iteration: 487	1588	1879	2137.84	2339
Iteration: 488	1588	1768	2130.64	2693
Iteration: 489	1588	1675	2147.52	2590
Iteration: 490	1588	1911	2118.84	2388
Iteration: 491	1588	1794	2138.16	2473
Iteration: 492	1588	1855	2138.48	2662
Iteration: 493	1588	1698	2108.68	2451
Iteration: 494	1588	1839	2144.68	2698
Iteration: 495	1588	1780	2121.64	2815
Iteration: 496	1588	1798	2116.12	2534
Iteration: 497	1588	1752	2087.96	2837
Iteration: 498	1588	1761	2125.76	2635
Iteration: 499	1588	1836	2079.8	2380
Iteration: 500	1588	1734	2110.96	2569
Iteration: 501	1588	1820	2090.56	2503
Iteration: 502	1588	1880	2153	2485
Iteration: 503	1588	1787	2106.12	2385
Iteration: 504	1588	1690	2119.52	2674
Iteration: 505	1588	1771	2064.68	2555
Iteration: 506	1588	1759	2150.92	2539
Iteration: 507	1588	1852	2196.12	2814
Iteration: 508	1588	1796	2142.6	2479
Iteration: 509	1588	1705	2122.32	2577
Iteration: 510	1588	1769	2113.52	2570
Iteration: 511	1588	1725	2182.36	2580
Iteration: 512	1588	1832	2185.64	2593
Iteration: 513	1588	1816	2146.56	2629
Iteration: 514	1588	1803	2148.64	2715
Iteration: 515	1588	1761	2127.92	2852
Iteration: 516	1588	1816	2126.96	2504
Iteration: 517	1588	1825	2127.28	2825
Iteration: 518	1588	1713	2095.4	2403
Iteration: 519	1588	1662	2115.44	2623
Iteration: 520	1588	1650	2126.84	2481
Iteration: 521	1588	1932	2173.4	2440
Iteration: 522	1588	1740	2135.88	2878
Iteration: 523	1588	1685	2121.08	2794
Iteration: 524	1588	1764	2122.04	2630
Iteration: 525	1588	1792	2080	2531
Iteration: 526	1588	1865	2154.32	2747
Iteration: 527	1588	1748	2116.32	2760
Iteration: 528	1588	1769	2085.28	2530
Iteration: 529	1588	1718	2154.04	2653
Iteration: 530	1588	1726	2094.04	2826
Iteration: 531	1588	1813	2113.08	2445
Iteration: 532	1588	1752	2098.2	2385
Iteration: 533	1588	1812	2132.2	2590
Iteration: 534	1588	1707	2138.44	2608
Iteration: 535	1588	1920	2130.08	2492
Iteration: 536	1588	1935	2247.12	2838
Iteration: 537	1588	1806	2181.84	2940
Iteration: 538	1588	1842	2133.12	2513
Iteration: 539	1588	1812	2146.72	2728
Iteration: 540	1588	1710	2093.64	2592
Iteration: 541	1588	1751	2125.24	2706
Iteration: 542	1588	1758	2156.68	2778
Iteration: 543	1588	1698	2104.28	2800
Iteration: 544	1588	1819	2121.48	2829
Iteration: 545	1588	1718	2088	2656
Iteration: 546	1588	1694	2077.28	2778
Iteration: 547	1588	1869	2188.24	2653
Iteration: 548	1588	1835	2167.44	2622
Iteration: 549	1588	1750	2094	2814
Iteration: 550	1588	1701	2060.52	2473
Iteration: 551	1588	1752	2134.92	2743
Iteration: 552	1588	1870	2178.6	2556
Iteration: 553	1588	1767	2128.48	2434
Iteration: 554	1588	1803	2118.52	2708
Iteration: 555	1588	1775	2129.32	2549
Iteration: 556	1588	1823	2122.08	2915
Iteration: 557	1588	1706	2082.92	2436
Iteration: 558	1588	1692	2083.2	2581
Iteration: 559	1588	1745	2115.32	2718
Iteration: 560	1588	1812	2054.92	2391
Iteration: 561	1588	1771	2085.36	2433
Iteration: 562	1588	1910	2150.4	2702
Iteration: 563	1588	1807	2192.52	2743
Iteration: 564	1588	1782	2133.52	2804
Iteration: 565	1588	1791	2159.24	2731
Iteration: 566	1588	1835	2118.76	2521
Iteration: 567	1588	1751	2129.68	2753
Iteration: 568	1588	1695	2142.08	2826
Iteration: 569	1588	1793	2145.8	2402
Iteration: 570	1588	1868	2220.12	3514
Iteration: 571	1588	1759	2055	2498
Iteration: 572	1588	1893	2190.16	2808
Iteration: 573	1588	1833	2156.24	2657
Iteration: 574	1588	1809	2227.84	2662
Iteration: 575	1588	1801	2068	2548
Iteration: 576	1588	1740	2070.32	2507
Iteration: 577	1588	1723	2072.72	2556
Iteration: 578	1588	1840	2209.12	2587
Iteration: 579	1588	1769	2183.64	2694
Iteration: 580	1588	1807	2156.44	2660
Iteration: 581	1588	1883	2158.76	2569
Iteration: 582	1588	1659	2065.92	2623
Iteration: 583	1588	1824	2172.32	2491
Iteration: 584	1588	1869	2115.04	2410
Iteration: 585	1588	1796	2124.72	2457
Iteration: 586	1588	1789	2150.88	2492
Iteration: 587	1588	1836	2114.04	2842
Iteration: 588	1588	1828	2188.56	2774
Iteration: 589	1588	1834	2163.68	2747
Iteration: 590	1588	1774	2108.68	2554
Iteration: 591	1588	1880	2129.96	3062
Iteration: 592	1588	1808	2183.28	2848
Iteration: 593	1588	1870	2195.12	2608
Iteration: 594	1588	1797	2164.28	2794
Iteration: 595	1588	1806	2070.16	2471
Iteration: 596	1588	1804	2098.6	2619
Iteration: 597	1588	1823	2099.04	2955
Iteration: 598	1588	1792	2084.12	2581
Iteration: 599	1588	1826	2112.04	2641
Iteration: 600	1588	1792	2140.6	2531
Iteration: 601	1588	1829	2135.92	2606
Iteration: 602	1588	1777	2080.08	2733
Iteration: 603	1588	1824	2125.88	2440
Iteration: 604	1588	1741	2100.04	2426
Iteration: 605	1588	1873	2133.96	2416
Iteration: 606	1588	1761	2095.8	2427
Iteration: 607	1588	1847	2084	2367
Iteration: 608	1588	1918	2200.04	2687
Iteration: 609	1588	1746	2096.28	3144
Iteration: 610	1588	1810	2111.76	2686
Iteration: 611	1588	1793	2195.8	2636
Iteration: 612	1588	1793	2167.32	2702
Iteration: 613	1588	1817	2117.72	2687
Iteration: 614	1588	1853	2202.28	2813
Iteration: 615	1588	1831	2124.24	2741
Iteration: 616	1588	1764	2091	2677
Iteration: 617	1588	1835	2074.8	2549
Iteration: 618	1588	1757	2108.4	2592
Iteration: 619	1588	1783	2070.56	2673
Iteration: 620	1588	1842	2140.96	2605
Iteration: 621	1588	1746	2087.92	2815
Iteration: 622	1588	1741	2118.88	2538
Iteration: 623	1588	1674	2117.08	2526
Iteration: 624	1588	1744	2122.88	2598
Iteration: 625	1588	1814	2163.96	2803
Iteration: 626	1588	1794	2163.48	2670
Iteration: 627	1588	1873	2146.88	2548
Iteration: 628	1588	1859	2144.32	2643
Iteration: 629	1588	1767	2100.04	2426
Iteration: 630	1588	1748	2119.88	2628
Iteration: 631	1588	1839	2030.84	2447
Iteration: 632	1588	1783	2204.36	2801
Iteration: 633	1588	1798	2132.52	2681
Iteration: 634	1588	1839	2108.72	2707
Iteration: 635	1588	1848	2185.6	2721
Iteration: 636	1588	1767	2093	2434
Iteration: 637	1588	1897	2176.76	2631
Iteration: 638	1588	1756	2119.84	2544
Iteration: 639	1588	1687	2186.96	2809
Iteration: 640	1588	1739	2151.84	2452
Iteration: 641	1588	1759	2055.76	2549
Iteration: 642	1588	1753	2150.8	2828
Iteration: 643	1588	1873	2132.84	2540
Iteration: 644	1588	1737	2129.28	2951
Iteration: 645	1588	1598	2083.72	2543
Iteration: 646	1588	1850	2134.2	2681
Iteration: 647	1588	1869	2175.68	2828
Iteration: 648	1588	1829	2140.64	2675
Iteration: 649	1588	1767	2115.08	2585
Iteration: 650	1588	1860	2073.48	2538
Iteration: 651	1588	1852	2181.44	2746
Iteration: 652	1588	1788	2164.52	2457
Iteration: 653	1588	1812	2138.92	2533
Iteration: 654	1588	1802	2133.72	2490
Iteration: 655	1588	1780	2162.28	2519
Iteration: 656	1588	1810	2165.04	2626
Iteration: 657	1588	1798	2129.88	2899
Iteration: 658	1588	1805	2119.32	2858
Iteration: 659	1588	1800	2130.16	2750
Iteration: 660	1588	1715	2099.36	2335
Iteration: 661	1588	1814	2134.96	2451
Iteration: 662	1588	1766	2177.92	3125
Iteration: 663	1588	1836	2096.88	2595
Iteration: 664	1588	1743	2162.2	2506
Iteration: 665	1588	1734	2071.48	2489
Iteration: 666	1588	1848	2111	2359
Iteration: 667	1588	1866	2141.96	2744
Iteration: 668	1588	1792	2062.16	2378
Iteration: 669	1588	1832	2083	2607
Iteration: 670	1588	1693	2054.04	2591
Iteration: 671	1588	1801	2075.08	2302
Iteration: 672	1588	1675	2173.4	2692
Iteration: 673	1588	1705	2050.88	2327
Iteration: 674	1588	1854	2128.48	2520
Iteration: 675	1588	1874	2171.8	2612
Iteration: 676	1588	1757	2128.96	2493
Iteration: 677	1588	1794	2125.48	2937
Iteration: 678	1588	1720	2154.72	2635
Iteration: 679	1588	1726	2115.16	2570
Iteration: 680	1588	1823	2130.36	2625
Iteration: 681	1588	1852	2102.12	2583
Iteration: 682	1588	1784	2129.24	2730
Iteration: 683	1588	1838	2144.16	2624
Iteration: 684	1588	1900	2265.72	2803
Iteration: 685	1588	1745	2075.24	2435
Iteration: 686	1588	1828	2068.32	2652
Iteration: 687	1588	1737	2100.04	2679
Iteration: 688	1588	1794	2119.4	2438
Iteration: 689	1588	1675	2122	2492
Iteration: 690	1588	1674	2085	2432
Iteration: 691	1588	1906	2180.28	2806
Iteration: 692	1588	1774	2166.08	2526
Iteration: 693	1588	1785	2031.64	2442
Iteration: 694	1588	1745	2109.2	2481
Iteration: 695	1588	1863	2117.08	2694
Iteration: 696	1588	1738	2081.76	2567
Iteration: 697	1588	1767	2163.76	2777
Iteration: 698	1588	1838	2172.4	2528
Iteration: 699	1588	1911	2174.44	2726
Iteration: 700	1588	1800	2136.76	2638
Iteration: 701	1588	1875	2238.24	2696
Iteration: 702	1588	1832	2109.08	2855
Iteration: 703	1588	1777	2049.48	2457
Iteration: 704	1588	1865	2162.2	3016
Iteration: 705	1588	1956	2251.16	2675
Iteration: 706	1588	1772	2142.32	2465
Iteration: 707	1588	1740	2116.16	2786
Iteration: 708	1588	1757	2199.84	2817
Iteration: 709	1588	1735	2129.24	2618
Iteration: 710	1588	1846	2081.2	2499
Iteration: 711	1588	1861	2126.16	2609
Iteration: 712	1588	1728	2093.84	2499
Iteration: 713	1588	1884	2185.92	3004
Iteration: 714	1588	1684	2112.04	2534
Iteration: 715	1588	1887	2127.32	2518
Iteration: 716	1588	1794	2138.24	2559
Iteration: 717	1588	1659	2058.88	2762
Iteration: 718	1588	1825	2148.56	2658
Iteration: 719	1588	1846	2043.92	2581
Iteration: 720	1588	1821	2123.88	2631
Iteration: 721	1588	1695	2141.84	2804
Iteration: 722	1588	1701	2157.12	2705
Iteration: 723	1588	1741	2074.92	2311
Iteration: 724	1588	1794	2126.32	2499
Iteration: 725	1588	1770	2185.92	2633
Iteration: 726	1588	1868	2108.36	2550
Iteration: 727	1588	1795	2141.64	2591
Iteration: 728	1588	1730	2089.44	2474
Iteration: 729	1588	1807	2038.04	2418
Iteration: 730	1588	1828	2160.4	2798
Iteration: 731	1588	1727	2194.6	2857
Iteration: 732	1588	1753	2110.16	2469
Iteration: 733	1588	1824	2105.6	2547
Iteration: 734	1588	1720	2181.04	2860
Iteration: 735	1588	1712	2126.2	2465
Iteration: 736	1588	1860	2127.24	2731
Iteration: 737	1588	1750	2195.84	3128
Iteration: 738	1588	1852	2149.92	2834
Iteration: 739	1588	1803	2067.16	2612
Iteration: 740	1588	1831	2096.08	2558
Iteration: 741	1588	1850	2191.12	2587
Iteration: 742	1588	1719	2179.88	2799
Iteration: 743	1588	1861	2166.64	2701
Iteration: 744	1588	1789	2156.16	2671
Iteration: 745	1588	1720	2081.24	2573
Iteration: 746	1588	1872	2153.96	3135
Iteration: 747	1588	1646	2087.6	2572
Iteration: 748	1588	1675	2068.84	2532
Iteration: 749	1588	1810	2131.32	2716
Iteration: 750	1588	1812	2118.8	2623
Iteration: 751	1588	1821	2180.56	2643
Iteration: 752	1588	1821	2144.52	2789
Iteration: 753	1588	1782	2151.56	2622
Iteration: 754	1588	1864	2141	2498
Iteration: 755	1588	1893	2151.72	2482
Iteration: 756	1588	1796	2116.32	2670
Iteration: 757	1588	1747	2080.48	2641
Iteration: 758	1588	1844	2113.32	2723
Iteration: 759	1588	1827	2134.04	2541
Iteration: 760	1588	1830	2138.96	2553
Iteration: 761	1588	1808	2117.76	2505
Iteration: 762	1588	1806	2141.48	2585
Iteration: 763	1588	1720	2109.12	2453
Iteration: 764	1588	1862	2211.6	2670
Iteration: 765	1588	1871	2122.64	2765
Iteration: 766	1588	1864	2105.2	2355
Iteration: 767	1588	1656	2123.84	2916
Iteration: 768	1588	1821	2167.4	2821
Iteration: 769	1588	1748	2118.84	2643
Iteration: 770	1588	1788	2047.76	2311
Iteration: 771	1588	1758	2125.52	2748
Iteration: 772	1588	1887	2209.68	2727
Iteration: 773	1588	1699	2087.4	2513
Iteration: 774	1588	1850	2143.08	2602
Iteration: 775	1588	1749	2125.88	2517
Iteration: 776	1588	1821	2112.64	2446
Iteration: 777	1588	1733	2143.76	2555
Iteration: 778	1588	1726	2069.2	2468
Iteration: 779	1588	1852	2101.16	2524
Iteration: 780	1588	1746	2170.24	2656
Iteration: 781	1588	1753	2097.16	2434
Iteration: 782	1588	1956	2181.84	2532
Iteration: 783	1588	1859	2235.2	3050
Iteration: 784	1588	1929	2184.32	2907
Iteration: 785	1588	1820	2193.24	2690
Iteration: 786	1588	1690	2131.76	3220
Iteration: 787	1588	1828	2139.4	2731
Iteration: 788	1588	1762	2072.92	2723
Iteration: 789	1588	1847	2115.92	2583
Iteration: 790	1588	1662	2104.04	2752
Iteration: 791	1588	1844	2151.6	2461
Iteration: 792	1588	1671	2139.88	2562
Iteration: 793	1588	1968	2170.04	2773
Iteration: 794	1588	1705	2157.72	2834
Iteration: 795	1588	1760	2137.16	2843
Iteration: 796	1588	1774	2150.28	2721
Iteration: 797	1588	1733	2084.76	2519
Iteration: 798	1588	1855	2110.4	2444
Iteration: 799	1588	1773	2146.2	2744
Iteration: 800	1588	1777	2129.92	2460
Iteration: 801	1588	1875	2116.6	2597
Iteration: 802	1588	1754	2125.52	2529
Iteration: 803	1588	1720	2061.08	2602
Iteration: 804	1588	1777	2135.56	2608
Iteration: 805	1588	1840	2143.88	2669
Iteration: 806	1588	1794	2127.16	2680
Iteration: 807	1588	1847	2094.28	2581
Iteration: 808	1588	1969	2218.92	2594
Iteration: 809	1588	1884	2196.28	2958
Iteration: 810	1588	1694	2170.32	2771
Iteration: 811	1588	1802	2103.08	2489
Iteration: 812	1588	1703	2152.92	2612
Iteration: 813	1588	1773	2092.08	2634
Iteration: 814	1588	1853	2167.64	2536
Iteration: 815	1588	1758	2101.72	2449
Iteration: 816	1588	1782	2120.8	2516
Iteration: 817	1588	1786	2121.12	2773
Iteration: 818	1588	1833	2202.8	2593
Iteration: 819	1588	1877	2109.56	2576
Iteration: 820	1588	1753	2122.24	2638
Iteration: 821	1588	1815	2116	2622
Iteration: 822	1588	1806	2138.36	2696
Iteration: 823	1588	1829	2190.76	2753
Iteration: 824	1588	1822	2197.12	2861
Iteration: 825	1588	1792	2069.16	2446
Iteration: 826	1588	1837	2186.48	2745
Iteration: 827	1588	1852	2105.16	2439
Iteration: 828	1588	1819	2130.84	2686
Iteration: 829	1588	1773	2113.08	2597
Iteration: 830	1588	1798	2063.96	2316
Iteration: 831	1588	1624	2166.68	2581
Iteration: 832	1588	1666	2062.04	2397
Iteration: 833	1588	1920	2181.36	2946
Iteration: 834	1588	1810	2123.12	2470
Iteration: 835	1588	1701	2148.24	2656
Iteration: 836	1588	1811	2173.04	2456
Iteration: 837	1588	1780	2175.52	2739
Iteration: 838	1588	1717	2044.52	2412
Iteration: 839	1588	1863	2169.76	2514
Iteration: 840	1588	1726	2147.56	2896
Iteration: 841	1588	1880	2149.16	2875
Iteration: 842	1588	1762	2101.24	2975
Iteration: 843	1588	1712	2097.72	2444
Iteration: 844	1588	1767	2134.28	3015
Iteration: 845	1588	1857	2130.92	2735
Iteration: 846	1588	1782	2148.36	2805
Iteration: 847	1588	1898	2242.6	3082
Iteration: 848	1570	1570	2173.16	2684
Iteration: 849	1570	1855	2089.24	2445
Iteration: 850	1570	1871	2215.96	2877
Iteration: 851	1570	1769	2151.76	2767
Iteration: 852	1570	1849	2162.76	2599
Iteration: 853	1570	1909	2137.08	2464
Iteration: 854	1570	1752	2199.92	2757
Iteration: 855	1570	1742	2110.44	2639
Iteration: 856	1570	1768	2166.92	2836
Iteration: 857	1570	1873	2156.04	2514
Iteration: 858	1570	1675	1999.6	2424
Iteration: 859	1570	1785	2123.88	2987
Iteration: 860	1570	1816	2057.32	2358
Iteration: 861	1570	1734	2171.12	2849
Iteration: 862	1570	1777	2117.96	2792
Iteration: 863	1570	1806	2095.44	2561
Iteration: 864	1570	1797	2223.88	2953
Iteration: 865	1570	1789	2099	2601
Iteration: 866	1570	1848	2202.36	2761
Iteration: 867	1570	1783	2138.16	2715
Iteration: 868	1570	1792	2035.44	2397
Iteration: 869	1570	1835	2123	2379
Iteration: 870	1570	1710	2140.68	2443
Iteration: 871	1570	1796	2146.6	2452
Iteration: 872	1570	1838	2129.08	2625
Iteration: 873	1570	1721	2139.36	2745
Iteration: 874	1570	1799	2168.44	2557
Iteration: 875	1570	1824	2171.92	2616
Iteration: 876	1570	1778	2132.84	2650
Iteration: 877	1570	1848	2128	2392
Iteration: 878	1570	1796	2106	2465
Iteration: 879	1570	1782	2104.68	2970
Iteration: 880	1570	1858	2120.56	2546
Iteration: 881	1570	1741	2114.68	2810
Iteration: 882	1570	1776	2077.24	2659
Iteration: 883	1570	1784	2132.64	2538
Iteration: 884	1570	1845	2189.4	2677
Iteration: 885	1570	1844	2162.84	2518
Iteration: 886	1570	1732	2086.4	2346
Iteration: 887	1570	1623	2110.56	3132
Iteration: 888	1570	1889	2123.8	2603
Iteration: 889	1570	1776	2103.88	2459
Iteration: 890	1570	1916	2166.6	2552
Iteration: 891	1570	1803	2106.72	2497
Iteration: 892	1570	1788	2216.24	2771
Iteration: 893	1570	1779	2151.2	2767
Iteration: 894	1570	1765	2085.92	2575
Iteration: 895	1570	1645	2162.92	2718
Iteration: 896	1570	1841	2218.52	2764
Iteration: 897	1570	1604	2069.16	2417
Iteration: 898	1570	1703	2118.32	2658
Iteration: 899	1570	1876	2162.8	2567
Iteration: 900	1570	1777	2094.08	2543
Iteration: 901	1570	1844	2128.72	2636
Iteration: 902	1570	1779	2072.48	2567
Iteration: 903	1570	1905	2154.24	2524
Iteration: 904	1570	1813	2110.56	2558
Iteration: 905	1570	1827	2148.2	2504
Iteration: 906	1570	1757	2156.84	2619
Iteration: 907	1570	1748	2099.56	2598
Iteration: 908	1570	1843	2244.36	2958
Iteration: 909	1570	1797	2068.68	2449
Iteration: 910	1570	1645	2091.08	2402
Iteration: 911	1570	1781	2118.36	2583
Iteration: 912	1570	1730	2129.68	2602
Iteration: 913	1570	1821	2116.24	2614
Iteration: 914	1570	1804	2108.84	2433
Iteration: 915	1570	1811	2155.36	2626
Iteration: 916	1570	1896	2148.6	2684
Iteration: 917	1570	1722	2132.64	2625
Iteration: 918	1570	1882	2162.36	2558
Iteration: 919	1570	1832	2043.64	2412
Iteration: 920	1570	1828	2171.84	2562
Iteration: 921	1570	1696	2163.12	2562
Iteration: 922	1570	1787	2152.68	3137
Iteration: 923	1570	1670	2114.36	2676
Iteration: 924	1570	1862	2105.76	2460
Iteration: 925	1570	1738	2231.4	3424
Iteration: 926	1570	1735	2168.52	2747
Iteration: 927	1570	1886	2169.2	2563
Iteration: 928	1570	1738	2065.8	2466
Iteration: 929	1570	1887	2149.96	2692
Iteration: 930	1570	1803	2174.04	2515
Iteration: 931	1570	1839	2143.56	2583
Iteration: 932	1570	1635	2080.28	2497
Iteration: 933	1570	1883	2172.24	2819
Iteration: 934	1570	1784	2135.2	2716
Iteration: 935	1570	1838	2145.4	2654
Iteration: 936	1570	1763	2074.36	2486
Iteration: 937	1570	1785	2164.24	2758
Iteration: 938	1570	1821	2147.24	2782
Iteration: 939	1570	1884	2107.48	2559
Iteration: 940	1570	1825	2105.84	2453
Iteration: 941	1570	1863	2180.16	2784
Iteration: 942	1570	1828	2120.56	2597
Iteration: 943	1570	1736	2126.96	2440
Iteration: 944	1570	1808	2121.72	2393
Iteration: 945	1570	1723	2121.2	2684
Iteration: 946	1570	1700	2110.04	2461
Iteration: 947	1570	1781	2139.28	2545
Iteration: 948	1570	1684	2161.48	2552
Iteration: 949	1570	1757	2082.04	2363
Iteration: 950	1570	1723	2146.84	2605
Iteration: 951	1570	1782	2088.84	2405
Iteration: 952	1570	1814	2118.64	2532
Iteration: 953	1570	1777	2158.32	2762
Iteration: 954	1570	1822	2130.64	2538
Iteration: 955	1570	1896	2216.32	2785
Iteration: 956	1570	1782	2074.88	2420
Iteration: 957	1570	1843	2124.8	2572
Iteration: 958	1570	1721	2095.56	2457
Iteration: 959	1570	1818	2152	2596
Iteration: 960	1570	1765	2144.44	2873
Iteration: 961	1570	1616	2104	2404
Iteration: 962	1570	1779	2128.04	2953
Iteration: 963	1570	1892	2153.6	2470
Iteration: 964	1570	1682	2164.96	2579
Iteration: 965	1570	1816	2112.44	2695
Iteration: 966	1570	1793	2170.36	2535
Iteration: 967	1570	1797	2213.72	2737
Iteration: 968	1570	1867	2179.96	2652
Iteration: 969	1570	1708	2118.8	2693
Iteration: 970	1570	1820	2107.52	2641
Iteration: 971	1570	1712	2116.88	2661
Iteration: 972	1570	1769	2105.36	2476
Iteration: 973	1570	1801	2131.8	2649
Iteration: 974	1570	1867	2179.72	2450
Iteration: 975	1570	1825	2137	3010
Iteration: 976	1570	1739	2122.6	2473
Iteration: 977	1570	1718	2129.28	2617
Iteration: 978	1570	1750	2092.04	2454
Iteration: 979	1570	1719	2091.2	2422
Iteration: 980	1570	1802	2102.88	2709
Iteration: 981	1570	1691	2083.16	2456
Iteration: 982	1570	1805	2191.16	2697
Iteration: 983	1570	1901	2110.12	2394
Iteration: 984	1570	1859	2184.76	2922
Iteration: 985	1570	1860	2159.2	2887
Iteration: 986	1570	1826	2087.04	2815
Iteration: 987	1570	1712	2070.76	2607
Iteration: 988	1570	1772	2122.88	2816
Iteration: 989	1570	1818	2104.84	2563
Iteration: 990	1570	1715	2136.6	2550
Iteration: 991	1570	1836	2154.48	3003
Iteration: 992	1570	1648	2142.36	3067
Iteration: 993	1570	1854	2133.92	2498
Iteration: 994	1570	1748	2160.32	2654
Iteration: 995	1570	1813	2180.52	3007
Iteration: 996	1570	1763	2013.4	2394
Iteration: 997	1570	1807	2097.36	2395
Iteration: 998	1570	1782	2117.8	3083
Iteration: 999	1570	1832	2120.2	3145
