Iteration: 0	1803	1803	2130.12	2450
Iteration: 1	1803	1827	2067	2469
Iteration: 2	1635	1635	2125.56	2648
Iteration: 3	1635	1846	2137.64	2893
Iteration: 4	1635	1788	2163.88	2759
Iteration: 5	1635	1785	2114.04	2414
Iteration: 6	1635	1773	2145.92	2592
Iteration: 7	1635	1754	2115.64	2903
Iteration: 8	1635	1829	2100.32	2440
Iteration: 9	1635	1723	2157.44	2824
Iteration: 10	1635	1734	2148.84	2631
Iteration: 11	1635	1858	2078.96	2383
Iteration: 12	1635	1712	2086.36	2516
Iteration: 13	1635	1837	2103.4	2424
Iteration: 14	1635	1796	2040.48	2466
Iteration: 15	1635	1830	2078.92	2351
Iteration: 16	1635	1715	2096.88	2773
Iteration: 17	1635	1829	2136.16	2495
Iteration: 18	1635	1845	2162.92	2616
Iteration: 19	1635	1845	2065.36	2321
Iteration: 20	1635	1799	2109.32	2526
Iteration: 21	1635	1843	2116.28	2579
Iteration: 22	1635	1837	2106.4	2795
Iteration: 23	1635	1709	2094.56	2645
Iteration: 24	1635	1809	2072.68	2361
Iteration: 25	1635	1644	2057.16	2503
Iteration: 26	1635	1763	2127.64	2412
Iteration: 27	1635	1751	2076.96	2425
Iteration: 28	1635	1805	2048.84	2387
Iteration: 29	1635	1763	2106.72	2535
Iteration: 30	1635	1754	2070.68	2504
Iteration: 31	1635	1879	2157.32	2703
Iteration: 32	1635	1710	2074.2	2522
Iteration: 33	1635	1718	2131.4	2525
Iteration: 34	1635	1778	2107.24	2566
Iteration: 35	1635	1739	2129.2	2438
Iteration: 36	1635	1868	2116.08	2608
Iteration: 37	1635	1926	2113.44	2439
Iteration: 38	1635	1758	2104.52	2517
Iteration: 39	1635	1836	2212.44	2626
Iteration: 40	1635	1806	2097.6	2520
Iteration: 41	1635	1758	2099.08	2774
Iteration: 42	1635	1806	2132.68	2805
Iteration: 43	1635	1864	2101.88	2499
Iteration: 44	1635	1826	2129.72	2557
Iteration: 45	1635	1776	2163.6	2545
Iteration: 46	1635	1904	2186.44	2625
Iteration: 47	1635	1776	2144.24	2522
Iteration: 48	1635	1765	2159.52	2622
Iteration: 49	1635	1883	2121.4	2398
Iteration: 50	1635	1737	2129.8	2732
Iteration: 51	1635	1749	2124.76	2683
Iteration: 52	1623	1623	2113.76	2700
Iteration: 53	1623	1808	2133.52	2706
Iteration: 54	1623	1918	2120.56	2403
Iteration: 55	1623	1851	2127.32	2528
Iteration: 56	1623	1801	2102.72	2554
Iteration: 57	1623	1864	2112.88	2515
Iteration: 58	1623	1815	2074.12	2333
Iteration: 59	1623	1878	2142.12	2780
Iteration: 60	1623	1873	2092.48	2477
Iteration: 61	1623	1768	2079.72	2348
Iteration: 62	1623	1783	2054.76	2350
Iteration: 63	1623	1780	2055.72	2386
Iteration: 64	1623	1774	2068.48	2489
Iteration: 65	1623	1771	2166.04	2533
Iteration: 66	1623	1696	2098.76	2533
Iteration: 67	1623	1809	2129.12	2592
Iteration: 68	1623	1795	2060.6	2408
Iteration: 69	1623	1723	2136.2	2734
Iteration: 70	1623	1790	2141.52	2538
Iteration: 71	1623	1724	2086.64	2706
Iteration: 72	1623	1751	2068.08	2539
Iteration: 73	1623	1869	2178.36	2579
Iteration: 74	1623	1852	2119.16	2581
Iteration: 75	1623	1778	2102.24	2459
Iteration: 76	1623	1751	2064.32	2619
Iteration: 77	1623	1906	2123.96	2647
Iteration: 78	1623	1771	2152.28	2606
Iteration: 79	1623	1830	2112.68	2572
Iteration: 80	1623	1895	2113.48	2435
Iteration: 81	1623	1731	2175.16	2681
Iteration: 82	1623	1738	2102.6	2590
Iteration: 83	1623	1728	2109.24	2478
Iteration: 84	1623	1797	2071.72	2491
Iteration: 85	1623	1786	2116.28	2639
Iteration: 86	1623	1794	2130.8	2601
Iteration: 87	1623	1730	2134.2	2524
Iteration: 88	1623	1824	2059.84	2452
Iteration: 89	1623	1623	2071.28	2524
Iteration: 90	1623	1836	2098.24	2641
Iteration: 91	1623	1711	2105.12	2654
Iteration: 92	1623	1773	2104.48	2618
Iteration: 93	1623	1833	2139.2	2529
Iteration: 94	1623	1882	2117.76	2551
Iteration: 95	1623	1758	2168.68	2905
Iteration: 96	1623	1843	2150.4	2757
Iteration: 97	1623	1868	2157.8	2652
Iteration: 98	1623	1645	2145.84	2699
Iteration: 99	1623	1725	2097.6	2637
Iteration: 100	1623	1840	2160.56	2568
Iteration: 101	1623	1814	2146.76	2531
Iteration: 102	1623	1842	2145.2	2513
Iteration: 103	1623	1764	2156.08	2721
Iteration: 104	1623	1749	2130	2662
Iteration: 105	1623	1801	2183.04	2707
Iteration: 106	1623	1780	2155.24	2584
Iteration: 107	1623	1748	2085.48	2437
Iteration: 108	1623	1817	2102.28	2551
Iteration: 109	1623	1747	2117.56	2960
Iteration: 110	1623	1779	2068.44	2966
Iteration: 111	1623	1844	2108.16	2490
Iteration: 112	1623	1769	2131.84	2810
Iteration: 113	1623	1694	2110.8	2428
Iteration: 114	1623	1764	2078.52	2437
Iteration: 115	1623	1795	2087.2	2567
Iteration: 116	1623	1909	2185	2791
Iteration: 117	1623	1718	2016.68	2453
Iteration: 118	1623	1763	2162	2728
Iteration: 119	1623	1803	2107.6	2742
Iteration: 120	1623	1701	2081.64	2506
Iteration: 121	1623	1761	2052.72	2423
Iteration: 122	1623	1754	2149.16	2511
Iteration: 123	1623	1801	2103.4	2472
Iteration: 124	1623	1784	2189.92	2754
Iteration: 125	1623	1887	2192.96	2624
Iteration: 126	1623	1760	2119.64	2667
Iteration: 127	1623	1857	2138.88	2497
Iteration: 128	1623	1793	2117.96	2492
Iteration: 129	1623	1794	2151.08	2648
Iteration: 130	1623	1794	2168.84	2627
Iteration: 131	1623	1766	2052.32	2477
Iteration: 132	1623	1878	2173.32	2804
Iteration: 133	1623	1825	2110.84	2616
Iteration: 134	1623	1824	2158.84	2653
Iteration: 135	1623	1662	2151.36	2693
Iteration: 136	1623	1731	2080.2	2523
Iteration: 137	1623	1824	2097.36	2597
Iteration: 138	1623	1835	2234.96	2917
Iteration: 139	1598	1598	2081.92	2450
Iteration: 140	1598	1665	2109.48	2531
Iteration: 141	1598	1779	2113.04	2504
Iteration: 142	1598	1915	2158.08	2450
Iteration: 143	1598	1793	2117.08	2716
Iteration: 144	1598	1835	2131.04	2984
Iteration: 145	1598	1865	2092.68	2343
Iteration: 146	1598	1785	2146	2792
Iteration: 147	1598	1769	2122.32	2526
Iteration: 148	1598	1773	2126.68	2585
Iteration: 149	1598	1731	2126.48	2455
Iteration: 150	1598	1766	2152.2	2545
Iteration: 151	1598	1718	2186.68	2604
Iteration: 152	1598	1825	2079.24	2574
Iteration: 153	1598	1847	2167.84	2576
Iteration: 154	1598	1877	2237.6	2717
Iteration: 155	1598	1894	2085.12	2433
Iteration: 156	1598	1804	2172.24	2520
Iteration: 157	1598	1844	2080.24	2429
Iteration: 158	1598	1735	2132.04	2466
Iteration: 159	1598	1763	2174.56	2780
Iteration: 160	1598	1840	2131.92	2423
Iteration: 161	1598	1874	2079.36	2364
Iteration: 162	1598	1745	2129.88	2721
Iteration: 163	1598	1791	2098.68	2560
Iteration: 164	1598	1780	2099.68	2420
Iteration: 165	1598	1743	2117.72	2588
Iteration: 166	1598	1822	2155.72	2557
Iteration: 167	1598	1739	2118.16	2550
Iteration: 168	1598	1784	2198.92	2830
Iteration: 169	1598	1785	2059.12	2412
Iteration: 170	1598	1773	2107.48	2521
Iteration: 171	1598	1831	2206.2	2718
Iteration: 172	1598	1787	2139.72	2557
Iteration: 173	1598	1749	2097.36	2374
Iteration: 174	1598	1778	2118.76	2565
Iteration: 175	1598	1890	2132.04	2662
Iteration: 176	1598	1854	2124.96	2457
Iteration: 177	1598	1842	2181.48	2517
Iteration: 178	1598	1732	2097.6	2505
Iteration: 179	1598	1775	2153	2729
Iteration: 180	1598	1819	2121.36	2772
Iteration: 181	1598	1829	2114.92	2515
Iteration: 182	1598	1739	2096.56	2667
Iteration: 183	1598	1828	2120.52	2584
Iteration: 184	1598	1813	2144	2579
Iteration: 185	1598	1818	2121.2	2810
Iteration: 186	1598	1833	2086.48	2512
Iteration: 187	1598	1714	2122.52	2520
Iteration: 188	1598	1722	2104.16	2727
Iteration: 189	1598	1849	2116.28	2550
Iteration: 190	1598	1771	2109.36	2818
Iteration: 191	1598	1702	2133.24	2535
Iteration: 192	1598	1600	2097.04	2790
Iteration: 193	1598	1782	2156.8	2464
Iteration: 194	1598	1924	2217.36	2778
Iteration: 195	1598	1768	2110	2793
Iteration: 196	1598	1729	2069.16	2504
Iteration: 197	1598	1739	2107.96	2650
Iteration: 198	1598	1846	2168.72	2647
Iteration: 199	1598	1912	2200	2885
Iteration: 200	1598	1627	2081	2492
Iteration: 201	1598	1747	2092	2596
Iteration: 202	1598	1848	2066.6	2378
Iteration: 203	1598	1806	2198.64	2749
Iteration: 204	1598	1747	2099.64	2346
Iteration: 205	1598	1793	2111.48	2670
Iteration: 206	1598	1647	2086.84	2665
Iteration: 207	1598	1705	2104.4	2444
Iteration: 208	1598	1880	2150.16	2596
Iteration: 209	1598	1764	2177.32	2567
Iteration: 210	1598	1711	2063.44	2316
Iteration: 211	1598	1717	2098.8	2648
Iteration: 212	1598	1744	2105.44	2681
Iteration: 213	1598	1889	2151.84	2597
Iteration: 214	1598	1792	2119.64	2921
Iteration: 215	1598	1856	2176.32	2520
Iteration: 216	1598	1789	2102.48	2524
Iteration: 217	1598	1850	2102.88	2398
Iteration: 218	1598	1750	2139.48	2718
Iteration: 219	1598	1754	2111.4	2624
Iteration: 220	1598	1838	2114.24	2578
Iteration: 221	1598	1711	2038.16	2490
Iteration: 222	1598	1713	2093	2581
Iteration: 223	1598	1800	2124.52	2453
Iteration: 224	1598	1688	2125.92	2754
Iteration: 225	1598	1743	2101.88	2796
Iteration: 226	1567	1567	2084.16	2719
Iteration: 227	1567	1830	2116.96	2519
Iteration: 228	1567	1785	2191.8	2767
Iteration: 229	1567	1924	2226.36	2760
Iteration: 230	1567	1732	2041.04	2278
Iteration: 231	1567	1607	2109.8	2413
Iteration: 232	1567	1790	2182.16	2813
Iteration: 233	1567	1780	2104.48	2530
Iteration: 234	1567	1798	2136.48	2633
Iteration: 235	1567	1704	2056.24	2466
Iteration: 236	1567	1653	2196.92	2803
Iteration: 237	1567	1827	2119.96	2512
Iteration: 238	1567	1867	2166.88	2528
Iteration: 239	1567	1736	2089.68	2956
Iteration: 240	1567	1756	2140.36	2803
Iteration: 241	1567	1778	2103.68	2582
Iteration: 242	1567	1849	2113.4	2536
Iteration: 243	1567	1830	2109.24	2708
Iteration: 244	1567	1836	2108.6	2646
Iteration: 245	1567	1805	2146.2	2480
Iteration: 246	1567	1842	2145.88	2777
Iteration: 247	1567	1782	2116.28	2350
Iteration: 248	1567	1714	2068.96	2373
Iteration: 249	1567	1813	2229.76	2891
Iteration: 250	1567	1647	2049.44	2494
Iteration: 251	1567	1805	2083.36	2743
Iteration: 252	1567	1811	2119.6	2607
Iteration: 253	1567	1733	2099.64	3256
Iteration: 254	1567	1793	2126.08	2793
Iteration: 255	1567	1863	2142.4	2659
Iteration: 256	1567	1815	2113.56	2650
Iteration: 257	1567	1920	2172.2	2525
Iteration: 258	1567	1714	2119.04	2614
Iteration: 259	1567	1751	2118.4	2458
Iteration: 260	1567	1873	2210.48	2945
Iteration: 261	1567	1701	2112.56	2729
Iteration: 262	1567	1865	2117.56	2619
Iteration: 263	1567	1597	2075.52	2649
Iteration: 264	1567	1755	2080.6	2448
Iteration: 265	1567	1791	2163.04	2548
Iteration: 266	1567	1751	2135.64	2601
Iteration: 267	1567	1783	2145	2525
Iteration: 268	1567	1884	2120.88	2489
Iteration: 269	1567	1779	2095	2327
Iteration: 270	1567	1646	2107.08	2555
Iteration: 271	1567	1820	2181.96	2543
Iteration: 272	1567	1751	2159.16	2663
Iteration: 273	1567	1839	2099.68	2541
Iteration: 274	1567	1800	2129.28	2662
Iteration: 275	1567	1761	2122.24	2521
Iteration: 276	1567	1714	2195.72	2839
Iteration: 277	1567	1811	2066.88	2471
Iteration: 278	1567	1786	2085.64	2454
Iteration: 279	1567	1784	2073.44	2721
Iteration: 280	1567	1686	2005.76	2247
Iteration: 281	1567	1792	2070.84	2429
Iteration: 282	1567	1855	2046.92	2490
Iteration: 283	1567	1783	2127.8	2560
Iteration: 284	1567	1675	2148.64	2724
Iteration: 285	1567	1743	2067.92	2377
Iteration: 286	1567	1899	2133.36	2716
Iteration: 287	1567	1726	2124.84	2540
Iteration: 288	1567	1731	2165.88	2443
Iteration: 289	1567	1816	2204.96	3026
Iteration: 290	1567	1720	2201.36	2742
Iteration: 291	1567	1785	2123.24	2470
Iteration: 292	1567	1714	2113.04	2707
Iteration: 293	1567	1834	2151.24	2526
Iteration: 294	1567	1887	2172.6	2814
Iteration: 295	1567	1749	2122.8	2552
Iteration: 296	1567	1843	2128.04	2591
Iteration: 297	1567	1754	2194.68	2896
Iteration: 298	1567	1865	2134.24	2546
Iteration: 299	1567	1826	2132.36	2775
Iteration: 300	1567	1797	2116.16	2567
Iteration: 301	1567	1750	2064.64	2421
Iteration: 302	1567	1841	2135.28	2585
Iteration: 303	1567	1902	2178.16	2620
Iteration: 304	1567	1905	2193.88	2956
Iteration: 305	1567	1868	2137.68	2857
Iteration: 306	1567	1939	2147.16	2798
Iteration: 307	1567	1781	2151	2819
Iteration: 308	1567	1864	2083.64	2477
Iteration: 309	1567	1867	2126.56	2787
Iteration: 310	1567	1780	2191.56	3162
Iteration: 311	1567	1818	2104.04	2471
Iteration: 312	1567	1751	2068.28	2390
Iteration: 313	1567	1879	2176.88	2515
Iteration: 314	1567	1792	2053.24	2383
Iteration: 315	1567	1810	2069.24	2616
Iteration: 316	1567	1979	2179.68	2725
Iteration: 317	1567	1729	2111.8	2881
Iteration: 318	1567	1875	2140.44	2731
Iteration: 319	1567	1844	2124.32	2421
Iteration: 320	1567	1873	2121.96	2511
Iteration: 321	1567	1772	2049.6	2363
Iteration: 322	1567	1822	2125.72	2690
Iteration: 323	1567	1738	2088.76	2566
Iteration: 324	1567	1592	2102.72	2460
Iteration: 325	1567	1851	2169.4	2650
Iteration: 326	1567	1688	2101.32	2559
Iteration: 327	1567	1805	2172.76	2839
Iteration: 328	1567	1797	2111.04	2615
Iteration: 329	1567	1863	2114.92	2623
Iteration: 330	1567	1871	2187.2	2805
Iteration: 331	1567	1832	2163.24	2843
Iteration: 332	1567	1733	2092.28	2425
Iteration: 333	1567	1829	2184.48	2558
Iteration: 334	1567	1820	2085.08	2716
Iteration: 335	1567	1762	2222.88	3069
Iteration: 336	1567	1804	2077.32	2429
Iteration: 337	1567	1773	2079.12	2656
Iteration: 338	1567	1861	2157.6	2530
Iteration: 339	1567	1910	2173.72	2641
Iteration: 340	1567	1822	2153.8	2351
Iteration: 341	1567	1748	2103.56	2526
Iteration: 342	1567	1852	2120	2596
Iteration: 343	1567	1788	2162.52	2575
Iteration: 344	1567	1712	2129.2	2673
Iteration: 345	1567	1792	2198.88	2845
Iteration: 346	1567	1800	2126.48	2524
Iteration: 347	1567	1876	2214.56	2876
Iteration: 348	1567	1868	2103.64	2948
Iteration: 349	1567	1828	2114.88	2489
Iteration: 350	1567	1783	2162.84	2623
Iteration: 351	1567	1842	2088.24	2671
Iteration: 352	1567	1742	2146.08	2595
Iteration: 353	1567	1782	2146.04	2605
Iteration: 354	1567	1787	2195.2	2848
Iteration: 355	1567	1721	2029.88	2374
Iteration: 356	1567	1832	2139.48	3180
Iteration: 357	1567	1821	2146.24	2628
Iteration: 358	1567	1768	2089.84	2526
Iteration: 359	1567	1856	2137.96	2631
Iteration: 360	1567	1738	2113.36	2698
Iteration: 361	1567	1782	2137.48	2604
Iteration: 362	1567	1765	2128.88	2587
Iteration: 363	1567	1753	2123.96	2568
Iteration: 364	1567	1712	2037.72	2451
Iteration: 365	1567	1793	2181.32	2936
Iteration: 366	1567	1746	2165.44	2576
Iteration: 367	1567	1702	2102.28	2650
Iteration: 368	1567	1750	2137.08	2663
Iteration: 369	1567	1888	2094.88	2722
Iteration: 370	1567	1761	2133.56	2664
Iteration: 371	1567	1841	2174.56	2630
Iteration: 372	1567	1751	2092.24	2408
Iteration: 373	1567	1803	2138.8	2643
Iteration: 374	1567	1834	2167.52	2761
Iteration: 375	1567	1751	2147.64	2761
Iteration: 376	1567	1855	2146.8	2859
Iteration: 377	1567	1776	1968.6	2210
Iteration: 378	1567	1831	2173.04	2598
Iteration: 379	1567	1677	2151.84	2674
Iteration: 380	1567	1681	2091.6	2616
Iteration: 381	1567	1756	2052.04	2339
Iteration: 382	1567	1855	2123.8	2520
Iteration: 383	1567	1825	2072.92	2454
Iteration: 384	1567	1689	2173.24	2677
Iteration: 385	1567	1884	2192.68	2656
Iteration: 386	1567	1643	2161.92	2580
Iteration: 387	1567	1829	2098.72	2451
Iteration: 388	1567	1743	2095.28	2551
Iteration: 389	1567	1771	2109.88	2713
Iteration: 390	1567	1782	2067.96	2692
Iteration: 391	1567	1703	2125.4	2696
Iteration: 392	1567	1843	2141.76	2516
Iteration: 393	1567	1738	2075.76	2426
Iteration: 394	1567	1885	2132.88	2970
Iteration: 395	1567	1811	2160.24	2579
Iteration: 396	1567	1860	2128.72	2739
Iteration: 397	1567	1762	2076.6	2477
Iteration: 398	1567	1788	2182.56	2711
Iteration: 399	1567	1782	2162.64	2797
Iteration: 400	1567	1749	2090.68	2466
Iteration: 401	1567	1784	2122.32	2602
Iteration: 402	1567	1871	2139.52	2515
Iteration: 403	1567	1793	2104.52	2613
Iteration: 404	1567	1638	2091.76	2674
Iteration: 405	1567	1854	2177.56	2750
Iteration: 406	1567	1719	2130.8	2732
Iteration: 407	1567	1741	2124.04	2741
Iteration: 408	1567	1760	2129.6	2569
Iteration: 409	1567	1785	2047.8	2395
Iteration: 410	1567	1710	2210.08	2506
Iteration: 411	1567	1820	2112	2510
Iteration: 412	1567	1929	2181.8	3104
Iteration: 413	1567	1929	2236.44	2788
Iteration: 414	1567	1761	2111.08	2619
Iteration: 415	1567	1622	2083.16	2469
Iteration: 416	1567	1810	2134.32	2691
Iteration: 417	1567	1857	2117.68	2595
Iteration: 418	1567	1800	2064.28	2347
Iteration: 419	1567	1723	2153.96	2990
Iteration: 420	1567	1826	2133.76	2618
Iteration: 421	1567	1743	2136.84	2472
Iteration: 422	1567	1751	2142.2	2495
Iteration: 423	1567	1795	2123.68	3006
Iteration: 424	1567	1776	2152	2783
Iteration: 425	1567	1835	2105.6	2737
Iteration: 426	1567	1886	2147.92	2473
Iteration: 427	1567	1855	2162.88	2692
Iteration: 428	1567	1682	2054.6	2491
Iteration: 429	1567	1606	2107.4	2767
Iteration: 430	1567	1821	2180.04	2855
Iteration: 431	1567	1830	2070.76	2433
Iteration: 432	1567	1796	2121.96	2563
Iteration: 433	1567	1793	2127.44	3119
Iteration: 434	1567	1764	2106.8	2450
Iteration: 435	1567	1876	2136.56	2495
Iteration: 436	1567	1893	2209.32	2748
Iteration: 437	1567	1736	2156.12	2630
Iteration: 438	1567	1754	2162.48	2718
Iteration: 439	1567	1799	2061.28	2349
Iteration: 440	1567	1913	2130.4	2547
Iteration: 441	1567	1888	2156.96	2738
Iteration: 442	1567	1766	2104.16	2456
Iteration: 443	1567	1761	2100.24	2599
Iteration: 444	1567	1851	2218.48	2839
Iteration: 445	1567	1791	2084.32	2842
Iteration: 446	1567	1884	2197.32	2960
Iteration: 447	1567	1764	2117.08	2582
Iteration: 448	1567	1839	2106	2599
Iteration: 449	1567	1720	2136.68	2678
Iteration: 450	1567	1679	2113.08	2560
Iteration: 451	1567	1763	2169.96	2760
Iteration: 452	1567	1715	2070.24	2870
Iteration: 453	1567	1805	2126.28	2605
Iteration: 454	1567	1890	2182.36	2595
Iteration: 455	1567	1742	2199.04	2541
Iteration: 456	1567	1862	2141.4	2663
Iteration: 457	1567	1691	2159.32	2618
Iteration: 458	1567	1804	2138.36	2763
Iteration: 459	1567	1831	2105.4	2518
Iteration: 460	1567	1883	2178.6	2798
Iteration: 461	1567	1803	2163.56	2669
Iteration: 462	1567	1854	2129.16	2519
Iteration: 463	1567	1860	2158.72	2811
Iteration: 464	1567	1798	2132.96	2441
Iteration: 465	1567	1921	2163.48	2638
Iteration: 466	1567	1792	2093	2446
Iteration: 467	1567	1815	2167.28	2709
Iteration: 468	1567	1768	2106.2	2512
Iteration: 469	1567	1727	2114.84	2926
Iteration: 470	1567	1833	2098.52	2526
Iteration: 471	1567	1778	2091.08	2381
Iteration: 472	1567	1664	2115.16	2645
Iteration: 473	1567	1809	2119.64	2776
Iteration: 474	1567	1854	2181	2563
Iteration: 475	1567	1771	2048	2537
Iteration: 476	1567	1705	2126.92	2513
Iteration: 477	1567	1796	2185.04	2873
Iteration: 478	1567	1807	2151.12	2611
Iteration: 479	1567	1860	2150.2	3053
Iteration: 480	1567	1782	2245.4	2774
Iteration: 481	1567	1761	2096.44	2512
Iteration: 482	1567	1730	2119.48	2404
Iteration: 483	1567	1884	2127.2	2964
Iteration: 484	1567	1836	2118.64	2619
Iteration: 485	1567	1786	2098.68	2592
Iteration: 486	1567	1848	2141.24	2388
Iteration: 487	1567	1807	2092.16	2568
Iteration: 488	1567	1813	2193.08	2690
Iteration: 489	1567	1689	2104.56	2796
Iteration: 490	1567	1866	2240.72	2698
Iteration: 491	1567	1788	2082.4	2569
Iteration: 492	1567	1776	2081.68	2801
Iteration: 493	1567	1839	2116.52	2437
Iteration: 494	1567	1752	2058.6	2443
Iteration: 495	1567	1815	2164.72	2601
Iteration: 496	1567	1680	2084.04	2554
Iteration: 497	1567	1722	2215.24	3247
Iteration: 498	1567	1807	2129.68	2467
Iteration: 499	1567	1783	2090.2	2554
Iteration: 500	1567	1716	2139.84	2592
Iteration: 501	1567	1762	2159.08	2879
Iteration: 502	1567	1839	2097.96	2553
Iteration: 503	1567	1786	2101.96	2559
Iteration: 504	1567	1802	2160.2	2449
Iteration: 505	1567	1711	2118.8	2687
Iteration: 506	1567	1867	2087.6	2389
Iteration: 507	1567	1814	2106.92	2645
Iteration: 508	1567	1757	2141.76	2920
Iteration: 509	1567	1822	2179.16	2734
Iteration: 510	1567	1769	2074.6	2527
Iteration: 511	1567	1859	2157.52	2654
Iteration: 512	1567	1803	2165.72	2682
Iteration: 513	1567	1811	2127.04	2446
Iteration: 514	1567	1842	2166.28	2972
Iteration: 515	1567	1880	2079.52	2416
Iteration: 516	1567	1698	2127.76	2597
Iteration: 517	1567	1720	2150.56	2862
Iteration: 518	1567	1786	2236.56	3203
Iteration: 519	1567	1819	2135.92	2410
Iteration: 520	1567	1818	2143.92	2580
Iteration: 521	1567	1726	2095	2602
Iteration: 522	1567	1834	2131.44	2448
Iteration: 523	1567	1765	2064	2418
Iteration: 524	1567	1830	2200.64	2783
Iteration: 525	1567	1891	2176.92	2688
Iteration: 526	1567	1881	2104.28	2442
Iteration: 527	1567	1623	2148.88	2590
Iteration: 528	1567	1910	2158.48	2424
Iteration: 529	1567	1745	2119	2479
Iteration: 530	1567	1763	2183.88	2629
Iteration: 531	1567	1874	2072.04	2402
Iteration: 532	1567	1756	2145.56	2486
Iteration: 533	1567	1702	2080.36	2461
Iteration: 534	1567	1825	2153.48	2900
Iteration: 535	1567	1894	2168.4	2544
Iteration: 536	1567	1817	2132.56	2405
Iteration: 537	1567	1785	2120.64	2479
Iteration: 538	1567	1830	2199.84	2724
Iteration: 539	1567	1761	2062.68	2373
Iteration: 540	1567	1779	2151.16	2813
Iteration: 541	1567	1692	2115.56	2623
Iteration: 542	1567	1830	2118.4	2584
Iteration: 543	1567	1860	2089.68	2298
Iteration: 544	1567	1768	2127.2	2702
Iteration: 545	1567	1861	2143.96	2623
Iteration: 546	1567	1718	2185	2649
Iteration: 547	1567	1759	2086.68	2413
Iteration: 548	1567	1759	2090.68	2521
Iteration: 549	1567	1727	2077	2645
Iteration: 550	1567	1796	2098	2563
Iteration: 551	1567	1813	2216.48	2682
Iteration: 552	1567	1685	2099.64	2484
Iteration: 553	1567	1742	2125.6	2594
Iteration: 554	1567	1826	2175.12	2658
Iteration: 555	1567	1777	2142.96	2573
Iteration: 556	1567	1740	2151.92	2601
Iteration: 557	1567	1747	2060.2	2479
Iteration: 558	1567	1779	2230.76	2671
Iteration: 559	1567	1828	2139.68	2655
Iteration: 560	1567	1780	2134.12	2494
Iteration: 561	1567	1921	2119.44	2542
Iteration: 562	1567	1790	2090.6	2478
Iteration: 563	1567	1814	2156.36	2640
Iteration: 564	1567	1802	2144.28	2648
Iteration: 565	1567	1832	2153.08	2607
Iteration: 566	1567	1809	2155.8	2627
Iteration: 567	1567	1749	2117.44	2405
Iteration: 568	1567	1741	2126.24	2641
Iteration: 569	1567	1765	2121.6	2447
Iteration: 570	1567	1770	2077.8	2391
Iteration: 571	1567	1680	2038.88	2320
Iteration: 572	1567	1856	2119.24	2690
Iteration: 573	1567	1855	2104.92	2415
Iteration: 574	1567	1773	2115.52	2449
Iteration: 575	1567	1732	2184.28	2643
Iteration: 576	1567	1804	2084.28	2550
Iteration: 577	1567	1757	2057.92	2546
Iteration: 578	1567	1829	2125.44	2693
Iteration: 579	1567	1805	2190.6	2652
Iteration: 580	1567	1819	2043.36	2387
Iteration: 581	1567	1740	2212.24	2720
Iteration: 582	1567	1877	2129.52	2551
Iteration: 583	1567	1849	2195.48	2785
Iteration: 584	1567	1986	2175.2	2837
Iteration: 585	1567	1787	2050.48	2521
Iteration: 586	1567	1651	2107.48	2587
Iteration: 587	1567	1761	2104.68	2523
Iteration: 588	1567	1855	2110.16	2543
Iteration: 589	1567	1738	2023.88	2389
Iteration: 590	1567	1829	2157.52	2712
Iteration: 591	1567	1719	2131.56	2787
Iteration: 592	1567	1745	2142.16	2578
Iteration: 593	1567	1736	2148.76	2709
Iteration: 594	1567	1820	2146.4	2425
Iteration: 595	1567	1796	2148.56	2632
Iteration: 596	1567	1815	2165.96	2711
Iteration: 597	1567	1730	2091.32	2420
Iteration: 598	1567	1755	2181.4	2785
Iteration: 599	1567	1766	2164.48	2810
Iteration: 600	1567	1779	2179	2677
Iteration: 601	1567	1788	2117.28	2526
Iteration: 602	1567	1838	2144.52	2533
Iteration: 603	1567	1715	2156.32	2467
Iteration: 604	1567	1842	2143.88	2775
Iteration: 605	1567	1809	2122.52	2506
Iteration: 606	1567	1866	2189.76	2875
Iteration: 607	1567	1808	2097.84	2491
Iteration: 608	1567	1753	2179.92	2679
Iteration: 609	1567	1809	2106.32	2494
Iteration: 610	1567	1675	2072.72	2668
Iteration: 611	1567	1888	2142.4	2488
Iteration: 612	1567	1729	2126.24	2597
Iteration: 613	1567	1753	2120.64	2839
Iteration: 614	1567	1849	2106.44	2673
Iteration: 615	1567	1742	2204	2632
Iteration: 616	1567	1725	2128.72	2534
Iteration: 617	1567	1850	2153.68	2585
Iteration: 618	1567	1845	2106.08	2452
Iteration: 619	1567	1682	2089.76	2796
Iteration: 620	1567	1753	2049.12	2433
Iteration: 621	1567	1865	2152.84	2742
Iteration: 622	1567	1667	2036.68	2398
Iteration: 623	1567	1827	2107.4	2448
Iteration: 624	1567	1655	2158.88	2658
Iteration: 625	1567	1766	2079.88	2684
Iteration: 626	1567	1654	2159.24	2574
Iteration: 627	1567	1801	2114.72	2504
Iteration: 628	1567	1841	2102.56	2627
Iteration: 629	1567	1763	2177.88	2739
Iteration: 630	1567	1812	2094.32	2441
Iteration: 631	1567	1829	2178.92	2833
Iteration: 632	1567	1773	2117.8	2501
Iteration: 633	1567	1731	2114.92	2824
Iteration: 634	1567	1876	2107.88	2832
Iteration: 635	1567	1831	2060.52	2476
Iteration: 636	1567	1921	2155.24	2873
Iteration: 637	1567	1763	2167.16	2867
Iteration: 638	1567	1676	2065.88	2652
Iteration: 639	1567	1910	2107.72	2486
Iteration: 640	1567	1922	2217.32	2859
Iteration: 641	1567	1768	2155.2	2636
Iteration: 642	1567	1868	2265.88	2940
Iteration: 643	1567	1801	2139.64	2520
Iteration: 644	1567	1806	2092.52	2560
Iteration: 645	1567	1817	2192.88	3194
Iteration: 646	1567	1812	2168.64	2672
Iteration: 647	1567	1814	2214.24	2904
Iteration: 648	1567	1770	2048.56	2977
Iteration: 649	1567	1923	2150.44	2803
Iteration: 650	1567	1578	2241.88	2836
Iteration: 651	1567	1775	2117.04	2661
Iteration: 652	1567	1800	2116.8	2569
Iteration: 653	1567	1805	2157.56	2452
Iteration: 654	1567	1772	2105.24	2757
Iteration: 655	1567	1820	2049.48	2485
Iteration: 656	1567	1813	2108.72	2512
Iteration: 657	1567	1841	2168.04	2708
Iteration: 658	1567	1708	2117.92	2537
Iteration: 659	1567	1874	2136.96	2679
Iteration: 660	1567	1821	2077.12	2555
Iteration: 661	1567	1673	2112.08	2751
Iteration: 662	1567	1708	2069.72	2632
Iteration: 663	1567	1782	2098.96	2510
Iteration: 664	1567	1763	2120.08	2573
Iteration: 665	1567	1667	2145.92	2750
Iteration: 666	1567	1773	2149.12	3051
Iteration: 667	1567	1760	2151.44	2794
Iteration: 668	1567	1805	2100.64	2565
Iteration: 669	1567	1838	2072.4	2683
Iteration: 670	1567	1817	2090.36	2417
Iteration: 671	1567	1740	2023.32	2262
Iteration: 672	1567	1846	2120.84	2798
Iteration: 673	1567	1809	2137.28	2658
Iteration: 674	1567	1714	2116.72	2569
Iteration: 675	1567	1765	2151.52	2646
Iteration: 676	1567	1696	2100.24	2520
Iteration: 677	1567	1864	2160.8	2454
Iteration: 678	1567	1816	2177.84	2785
Iteration: 679	1567	1830	2101.16	2824
Iteration: 680	1567	1746	2177.04	2795
Iteration: 681	1567	1677	2053.2	2567
Iteration: 682	1567	1689	2100.64	2499
Iteration: 683	1567	1758	2072.68	2443
Iteration: 684	1567	1702	2051.52	2300
Iteration: 685	1567	1775	2071.44	2767
Iteration: 686	1567	1806	2167.6	2761
Iteration: 687	1567	1753	2092.64	2557
Iteration: 688	1567	1762	2139.8	2600
Iteration: 689	1567	1814	2071.68	2621
Iteration: 690	1567	1767	2121.8	2735
Iteration: 691	1567	1798	2137.6	2971
Iteration: 692	1567	1793	2056.64	2429
Iteration: 693	1567	1829	2137.2	3138
Iteration: 694	1567	1776	2110.2	2752
Iteration: 695	1567	1802	2150.48	2923
Iteration: 696	1567	1812	2108.52	2638
Iteration: 697	1567	1823	2161.72	3003
Iteration: 698	1567	1744	2125.52	2563
Iteration: 699	1567	1834	2120.08	2580
Iteration: 700	1567	1775	2091.64	2354
Iteration: 701	1567	1795	2153.52	2671
Iteration: 702	1567	1707	2105.4	2541
Iteration: 703	1567	1835	2135.6	3409
Iteration: 704	1567	1696	2140.08	2765
Iteration: 705	1567	1863	2122.44	2567
Iteration: 706	1567	1827	2130.96	2627
Iteration: 707	1567	1832	2199.32	3340
Iteration: 708	1567	1793	2147.64	2702
Iteration: 709	1567	1747	2121.68	2594
Iteration: 710	1567	1766	2097.36	3035
Iteration: 711	1567	1842	2113.52	2576
Iteration: 712	1567	1687	2164.96	2774
Iteration: 713	1567	1898	2139.68	2514
Iteration: 714	1567	1691	2127.08	2888
Iteration: 715	1567	1831	2239.68	2971
Iteration: 716	1567	1790	2127.4	2710
Iteration: 717	1567	1817	2127.76	2689
Iteration: 718	1567	1808	2134.12	2660
Iteration: 719	1567	1882	2102.28	2292
Iteration: 720	1567	1787	2121.68	2376
Iteration: 721	1567	1779	2116.8	2521
Iteration: 722	1567	1874	2137.52	2538
Iteration: 723	1567	1872	2224.88	2887
Iteration: 724	1567	1794	2146	2487
Iteration: 725	1567	1804	2130.04	2719
Iteration: 726	1567	1821	2107.08	2520
Iteration: 727	1567	1744	2096.52	2399
Iteration: 728	1567	1694	2140.88	2719
Iteration: 729	1567	1886	2123.72	2673
Iteration: 730	1567	1865	2154.32	2619
Iteration: 731	1567	1821	2120.56	2659
Iteration: 732	1567	1844	2190.64	2709
Iteration: 733	1567	1806	2227.24	2939
Iteration: 734	1567	1888	2183.16	3052
Iteration: 735	1567	1820	2119.76	2375
Iteration: 736	1567	1778	2154.6	2544
Iteration: 737	1567	1767	2134.52	2546
Iteration: 738	1567	1652	2161.64	2604
Iteration: 739	1567	1852	2213.04	2663
Iteration: 740	1567	1746	2118.96	2614
Iteration: 741	1567	1703	2171.72	2650
Iteration: 742	1567	1652	2156.24	2728
Iteration: 743	1567	1662	2062.76	2534
Iteration: 744	1567	1864	2169.72	2743
Iteration: 745	1567	1872	2126.4	2778
Iteration: 746	1567	1750	2095.2	2618
Iteration: 747	1567	1848	2137.6	2449
Iteration: 748	1567	1819	2159.84	2507
Iteration: 749	1567	1801	2135.4	2521
Iteration: 750	1567	1811	2107.08	2521
Iteration: 751	1567	1819	2113.64	2670
Iteration: 752	1567	1747	2129.52	2755
Iteration: 753	1567	1918	2116.04	2650
Iteration: 754	1567	1751	2115.56	2572
Iteration: 755	1567	1817	2142.16	2553
Iteration: 756	1567	1857	2172.8	2891
Iteration: 757	1567	1763	2105.92	2476
Iteration: 758	1567	1660	2069.76	2499
Iteration: 759	1567	1830	2114.92	2438
Iteration: 760	1567	1832	2213.84	2564
Iteration: 761	1567	1852	2134	2607
Iteration: 762	1567	1702	2120.24	2434
Iteration: 763	1567	1788	2071.68	2448
Iteration: 764	1567	1745	2165.52	3108
Iteration: 765	1567	1801	2160.48	2757
Iteration: 766	1567	1816	2167.64	2873
Iteration: 767	1567	1808	2121.76	2631
Iteration: 768	1567	1818	2098.16	2339
Iteration: 769	1567	1822	2140.04	2580
Iteration: 770	1567	1728	2101.04	2710
Iteration: 771	1567	1720	2113.48	2948
Iteration: 772	1567	1742	2071.6	2361
Iteration: 773	1567	1833	2108.08	2742
Iteration: 774	1567	1826	2158.32	2550
Iteration: 775	1567	1870	2123.08	2825
Iteration: 776	1567	1980	2241.36	2634
Iteration: 777	1567	1830	2175.68	2700
Iteration: 778	1567	1787	2137.64	2848
Iteration: 779	1567	1739	2153.32	2851
Iteration: 780	1567	1824	2199.36	2839
Iteration: 781	1567	1751	2313	2904
Iteration: 782	1567	1792	2133.04	2636
Iteration: 783	1567	1783	2143.88	2845
Iteration: 784	1567	1827	1996.16	2367
Iteration: 785	1567	1850	2133.68	2680
Iteration: 786	1567	1819	2122.64	2622
Iteration: 787	1567	1783	2060.68	2765
Iteration: 788	1567	1780	2103.44	2548
Iteration: 789	1567	1828	2106.56	2413
Iteration: 790	1567	1816	2105.4	2627
Iteration: 791	1567	1662	2025.88	2503
Iteration: 792	1567	1719	2064.24	2501
Iteration: 793	1567	1812	2115.48	2609
Iteration: 794	1567	1896	2250.36	2747
Iteration: 795	1567	1620	2124.6	2530
Iteration: 796	1567	1706	2182	2851
Iteration: 797	1567	1800	2092.2	2465
Iteration: 798	1567	1721	2095.52	2565
Iteration: 799	1567	1787	2170.8	2944
Iteration: 800	1567	1844	2210.16	2809
Iteration: 801	1567	1694	2075.48	2650
Iteration: 802	1567	1663	2135.6	2528
Iteration: 803	1567	1757	2092	2374
Iteration: 804	1567	1752	2164.04	2822
Iteration: 805	1567	1846	2167.8	2613
Iteration: 806	1567	1845	2127.04	2473
Iteration: 807	1567	1866	2062.68	2867
Iteration: 808	1567	1718	2117.08	2693
Iteration: 809	1567	1804	2106.48	2787
Iteration: 810	1567	1831	2065.12	2356
Iteration: 811	1567	1778	2132.48	2812
Iteration: 812	1567	1808	2126.56	2485
Iteration: 813	1567	1724	2110.56	2534
Iteration: 814	1567	1780	2069.76	2297
Iteration: 815	1567	1779	2131.36	2491
Iteration: 816	1567	1741	2135.52	2710
Iteration: 817	1567	1975	2204.32	2543
Iteration: 818	1567	1779	2148.32	2754
Iteration: 819	1567	1839	2113.44	2466
Iteration: 820	1567	1797	2146.4	2682
Iteration: 821	1567	1731	2038.88	2346
Iteration: 822	1567	1846	2131.84	2664
Iteration: 823	1567	1760	2137.88	2638
Iteration: 824	1567	1800	2117.84	2586
Iteration: 825	1567	1770	2188.56	2836
Iteration: 826	1567	1779	2161.4	2601
Iteration: 827	1567	1707	2130.12	2471
Iteration: 828	1567	1828	2089.48	2393
Iteration: 829	1567	1702	2146.12	2481
Iteration: 830	1567	1843	2136.68	2640
Iteration: 831	1567	1764	2149.04	2544
Iteration: 832	1567	1767	2099.52	2605
Iteration: 833	1567	1704	2148.24	2457
Iteration: 834	1567	1854	2142.88	2541
Iteration: 835	1567	1846	2191.16	2650
Iteration: 836	1567	1831	2153.04	2805
Iteration: 837	1567	1748	2141.92	2537
Iteration: 838	1567	1761	2153.24	2833
Iteration: 839	1567	1753	2139.2	2645
Iteration: 840	1567	1773	2059.6	2452
Iteration: 841	1567	1758	2072.64	2500
Iteration: 842	1567	1727	2183.6	2831
Iteration: 843	1567	1788	2094.16	2459
Iteration: 844	1567	1784	2093.24	2398
Iteration: 845	1567	1824	2095.32	2426
Iteration: 846	1567	1714	2080.36	2451
Iteration: 847	1567	1702	2077.04	2612
Iteration: 848	1567	1708	2077.68	2616
Iteration: 849	1567	1766	2254.24	3046
Iteration: 850	1567	1733	2165	2592
Iteration: 851	1567	1889	2213.56	2943
Iteration: 852	1567	1818	2203.24	2855
Iteration: 853	1567	1892	2093.4	2639
Iteration: 854	1567	1829	2188.16	2718
Iteration: 855	1567	1740	2118.6	2535
Iteration: 856	1567	1790	2126.36	3035
Iteration: 857	1567	1829	2142.72	2812
Iteration: 858	1567	1808	2090.8	2540
Iteration: 859	1567	1732	2105.92	2657
Iteration: 860	1567	1721	2069.68	2605
Iteration: 861	1567	1802	2125.76	2579
Iteration: 862	1567	1823	2184.28	3144
Iteration: 863	1567	1780	2088.12	2662
Iteration: 864	1567	1801	2120.12	2483
Iteration: 865	1567	1821	2097.56	2519
Iteration: 866	1567	1790	2196.96	2812
Iteration: 867	1567	1765	2119.28	2463
Iteration: 868	1567	1852	2134.72	2674
Iteration: 869	1567	1824	2203.4	3243
Iteration: 870	1567	1615	2064.12	2434
Iteration: 871	1567	1750	2181.36	3018
Iteration: 872	1567	1893	2168.12	2713
Iteration: 873	1567	1867	2202.92	2728
Iteration: 874	1567	1793	2111.4	2436
Iteration: 875	1567	1766	2088.56	2639
Iteration: 876	1567	1720	2124.84	2609
Iteration: 877	1567	1793	2109.16	2796
Iteration: 878	1567	1985	2220.04	2936
Iteration: 879	1567	1867	2195.4	2603
Iteration: 880	1567	1857	2125.16	2336
Iteration: 881	1567	1707	2097.68	2707
Iteration: 882	1567	1766	2119.24	2842
Iteration: 883	1567	1761	2105.2	2855
Iteration: 884	1567	1726	2117.24	2463
Iteration: 885	1567	1613	2120.52	2721
Iteration: 886	1567	1852	2093.8	2654
Iteration: 887	1567	1866	2172.72	2811
Iteration: 888	1567	1764	2144.72	2527
Iteration: 889	1567	1711	2141.56	2469
Iteration: 890	1567	1796	2119.6	2546
Iteration: 891	1567	1776	2224.8	2780
Iteration: 892	1567	1794	2101.72	2427
Iteration: 893	1567	1828	2112.4	2630
Iteration: 894	1567	1702	2090.16	2453
Iteration: 895	1567	1863	2151.88	2651
Iteration: 896	1567	1837	2187.08	2675
Iteration: 897	1567	1844	2178.4	3051
Iteration: 898	1567	1826	2181.52	2723
Iteration: 899	1567	1633	2068.04	2375
Iteration: 900	1567	1849	2133.48	2562
Iteration: 901	1567	1814	2157.6	2854
Iteration: 902	1567	1856	2153.88	2622
Iteration: 903	1567	1910	2146.72	2505
Iteration: 904	1567	1759	2065.12	2598
Iteration: 905	1567	1710	2123.68	2565
Iteration: 906	1567	1873	2120.36	2618
Iteration: 907	1567	1789	2062.24	2413
Iteration: 908	1567	1745	2187.4	2968
Iteration: 909	1567	1756	2100.84	2606
Iteration: 910	1567	1806	2106.52	2541
Iteration: 911	1567	1870	2104.68	2883
Iteration: 912	1567	1825	2132.32	2676
Iteration: 913	1567	1844	2162.88	2747
Iteration: 914	1567	1749	2096.04	2605
Iteration: 915	1567	1779	2085.4	2580
Iteration: 916	1567	1760	2164.72	2739
Iteration: 917	1567	1693	2063.16	2374
Iteration: 918	1567	1715	2168.24	2560
Iteration: 919	1567	1848	2155.08	2475
Iteration: 920	1567	1837	2120.48	2478
Iteration: 921	1567	1793	2136.52	2578
Iteration: 922	1567	1842	2111.24	2346
Iteration: 923	1567	1852	2213.48	2604
Iteration: 924	1567	1815	2167.44	2775
Iteration: 925	1567	1863	2207.12	2583
Iteration: 926	1567	1837	2202.24	2619
Iteration: 927	1567	1841	2116.6	2561
Iteration: 928	1567	1758	2149.2	2720
Iteration: 929	1567	1698	2205.12	2527
Iteration: 930	1567	1795	2124.96	2805
Iteration: 931	1567	1784	2063.56	2335
Iteration: 932	1567	1851	2145	2627
Iteration: 933	1567	1802	2157.8	2731
Iteration: 934	1567	1858	2134.4	2736
Iteration: 935	1567	1604	2177.56	2740
Iteration: 936	1567	1881	2126.52	2625
Iteration: 937	1567	1918	2144.2	2755
Iteration: 938	1567	1919	2099.92	2602
Iteration: 939	1567	1847	2148.04	2985
Iteration: 940	1567	1592	2108.56	2519
Iteration: 941	1567	1835	2152.84	2688
Iteration: 942	1567	1829	2107.76	2419
Iteration: 943	1567	1863	2243.2	3049
Iteration: 944	1567	1736	2081.84	2587
Iteration: 945	1567	1834	2141.08	2662
Iteration: 946	1567	1801	2119.32	3239
Iteration: 947	1567	1802	2172.16	3021
Iteration: 948	1567	1665	2120.44	2882
Iteration: 949	1567	1788	2106.04	2756
Iteration: 950	1567	1814	2136.88	2607
Iteration: 951	1567	1785	2031.04	2405
Iteration: 952	1567	1753	2160.8	2519
Iteration: 953	1567	1677	2112.8	2597
Iteration: 954	1567	1728	2104.52	2551
Iteration: 955	1567	1749	2103.44	2512
Iteration: 956	1567	1773	2244	2736
Iteration: 957	1567	1826	2122.32	2488
Iteration: 958	1567	1684	2125.24	2578
Iteration: 959	1567	1730	2081.92	2639
Iteration: 960	1567	1761	2127.56	2513
Iteration: 961	1567	1853	2148.36	2561
Iteration: 962	1567	1708	2110.96	2880
Iteration: 963	1567	1886	2122.68	2586
Iteration: 964	1567	1730	2066.92	2477
Iteration: 965	1567	1734	2047.04	2528
Iteration: 966	1567	1719	2070.8	2457
Iteration: 967	1567	1776	2102.8	2512
Iteration: 968	1567	1776	2140.4	2442
Iteration: 969	1567	1778	2086.04	2822
Iteration: 970	1567	1792	2166.88	2488
Iteration: 971	1567	1747	2099.32	2465
Iteration: 972	1567	1747	2077.88	2449
Iteration: 973	1567	1817	2106.6	2475
Iteration: 974	1567	1802	2080.76	2556
Iteration: 975	1567	1815	2107.56	2834
Iteration: 976	1567	1720	2136.76	3044
Iteration: 977	1567	1911	2150.2	2551
Iteration: 978	1567	1710	2163.56	2633
Iteration: 979	1567	1826	2093.96	2449
Iteration: 980	1567	1803	2109.36	2836
Iteration: 981	1567	1798	2116.8	2777
Iteration: 982	1567	1750	2212.6	2675
Iteration: 983	1567	1889	2132.48	2525
Iteration: 984	1567	1726	2198.36	2669
Iteration: 985	1567	1709	2031.6	2524
Iteration: 986	1567	1823	2108.76	2501
Iteration: 987	1567	1783	2172.48	2856
Iteration: 988	1567	1823	2139.72	2688
Iteration: 989	1567	1797	2134.44	2763
Iteration: 990	1567	1769	2106.32	2666
Iteration: 991	1567	1714	2193.6	2760
Iteration: 992	1567	1817	2189.24	2709
Iteration: 993	1567	1781	2072.96	2420
Iteration: 994	1567	1790	2171.24	2455
Iteration: 995	1567	1729	2040.36	2481
Iteration: 996	1567	1787	2063.24	2456
Iteration: 997	1567	1752	2109.76	2782
Iteration: 998	1567	1824	2086.8	2548
Iteration: 999	1567	1627	2088.56	2698
