Iteration: 0	1695	1695	2206.48	2802
Iteration: 1	1695	1721	2085.08	2477
Iteration: 2	1695	1773	2045.88	2462
Iteration: 3	1695	1797	2038.52	2411
Iteration: 4	1695	1808	2188.52	2660
Iteration: 5	1695	1854	2170.48	2540
Iteration: 6	1695	1777	2119.2	2550
Iteration: 7	1695	1799	2110.2	2444
Iteration: 8	1695	1777	2077.52	2572
Iteration: 9	1695	1841	2116.64	2440
Iteration: 10	1695	1826	2094.84	2420
Iteration: 11	1695	1840	2116.2	2610
Iteration: 12	1695	1890	2022.36	2318
Iteration: 13	1695	1907	2189.24	2565
Iteration: 14	1695	1784	2106.12	2652
Iteration: 15	1695	1842	2150.36	2618
Iteration: 16	1623	1623	2054.68	2399
Iteration: 17	1623	1774	2124.64	2471
Iteration: 18	1623	1908	2135.76	2401
Iteration: 19	1623	1737	2114.84	2478
Iteration: 20	1623	1795	2111.56	2419
Iteration: 21	1623	1888	2133.56	2760
Iteration: 22	1623	1785	2091.2	2921
Iteration: 23	1623	1702	2112.48	2514
Iteration: 24	1623	1728	2069.52	2419
Iteration: 25	1623	1872	2148.12	2418
Iteration: 26	1623	1660	2072.24	2576
Iteration: 27	1623	1803	2048.16	2475
Iteration: 28	1623	1727	2123.36	2673
Iteration: 29	1623	1713	2156.88	2770
Iteration: 30	1623	1780	2111.44	2486
Iteration: 31	1623	1870	2174.76	2570
Iteration: 32	1623	1840	2136.96	2701
Iteration: 33	1623	1775	2120.36	2444
Iteration: 34	1623	1747	2055.16	2474
Iteration: 35	1623	1792	2075.16	2640
Iteration: 36	1623	1867	2110.24	2388
Iteration: 37	1623	1783	2120.76	2481
Iteration: 38	1623	1870	2112.76	2507
Iteration: 39	1623	1743	2186.8	2503
Iteration: 40	1623	1793	2078.28	2432
Iteration: 41	1623	1759	2239.12	2557
Iteration: 42	1623	1730	2165.12	2610
Iteration: 43	1623	1865	2156.56	2511
Iteration: 44	1623	1780	2190.12	2534
Iteration: 45	1623	1880	2166.56	2514
Iteration: 46	1623	1852	2093.68	2437
Iteration: 47	1623	1793	2104	2604
Iteration: 48	1623	1813	2115.32	2550
Iteration: 49	1623	1894	2130	2463
Iteration: 50	1623	1821	2081.6	2756
Iteration: 51	1623	1671	2135.68	2474
Iteration: 52	1623	1823	2118.92	2326
Iteration: 53	1623	1836	2129.24	2461
Iteration: 54	1623	1716	2028.76	2277
Iteration: 55	1623	1816	2107.88	2613
Iteration: 56	1623	1679	2059.12	2624
Iteration: 57	1623	1785	2025.04	2410
Iteration: 58	1623	1831	2086.64	2556
Iteration: 59	1623	1772	2133.8	2544
Iteration: 60	1623	1719	2134.2	2564
Iteration: 61	1623	1864	2131.84	2558
Iteration: 62	1623	1827	2062.72	2753
Iteration: 63	1623	1890	2165.68	2784
Iteration: 64	1623	1864	2095.68	2496
Iteration: 65	1623	1863	2162.16	2635
Iteration: 66	1623	1870	2148.4	2388
Iteration: 67	1623	1880	2163.96	2742
Iteration: 68	1623	1654	2031.04	2465
Iteration: 69	1623	1780	2123.28	2446
Iteration: 70	1623	1769	2109.16	2600
Iteration: 71	1623	1825	2140.32	2714
Iteration: 72	1623	1822	2157.2	2771
Iteration: 73	1623	1782	2126.08	2452
Iteration: 74	1623	1820	2174.96	2808
Iteration: 75	1623	1815	2138.56	2561
Iteration: 76	1623	1754	2076.44	2619
Iteration: 77	1623	1778	2095.92	2557
Iteration: 78	1623	1806	2106.76	2606
Iteration: 79	1623	1801	2085	2478
Iteration: 80	1623	1858	2099.8	2623
Iteration: 81	1623	1805	2121.64	2700
Iteration: 82	1623	1773	2128.8	2596
Iteration: 83	1623	1787	2117.16	2619
Iteration: 84	1623	1742	2022	2388
Iteration: 85	1623	1850	2070.84	2393
Iteration: 86	1623	1858	2099.32	2345
Iteration: 87	1623	1691	2031.24	2518
Iteration: 88	1623	1818	2175.32	2502
Iteration: 89	1623	1790	2127.96	2464
Iteration: 90	1623	1712	2140.32	2612
Iteration: 91	1623	1743	2090.36	2709
Iteration: 92	1623	1869	2086.52	2381
Iteration: 93	1623	1790	2156.68	2558
Iteration: 94	1623	1828	2124.88	2545
Iteration: 95	1623	1724	2106.48	2665
Iteration: 96	1623	1729	2174.44	2739
Iteration: 97	1623	1710	2091.04	2540
Iteration: 98	1623	1740	2099.6	2442
Iteration: 99	1623	1807	2088.92	2464
Iteration: 100	1623	1771	2117.56	2654
Iteration: 101	1623	1757	2143.44	2942
Iteration: 102	1623	1733	2132.68	2401
Iteration: 103	1623	1854	2189.56	2616
Iteration: 104	1623	1779	2131.76	2859
Iteration: 105	1623	1757	2050.04	2330
Iteration: 106	1623	1684	2127.08	2489
Iteration: 107	1623	1728	2044.48	2707
Iteration: 108	1623	1704	2103.92	2477
Iteration: 109	1623	1772	2177.44	2527
Iteration: 110	1623	1864	2112.4	2691
Iteration: 111	1623	1741	2072.8	2297
Iteration: 112	1623	1894	2138.12	2583
Iteration: 113	1623	1775	2095.32	2452
Iteration: 114	1623	1731	2058.72	2607
Iteration: 115	1623	1917	2120.32	2491
Iteration: 116	1623	1781	2024.8	2791
Iteration: 117	1623	1752	2099	2609
Iteration: 118	1623	1779	2124.96	2386
Iteration: 119	1623	1908	2152.76	2441
Iteration: 120	1623	1810	2133.72	2894
Iteration: 121	1623	1799	2179	2545
Iteration: 122	1623	1741	2117	2557
Iteration: 123	1623	1783	2121.28	2745
Iteration: 124	1623	1727	2077.88	2681
Iteration: 125	1623	1703	2140.56	2728
Iteration: 126	1623	1741	2098.52	2369
Iteration: 127	1623	1684	2061.2	2488
Iteration: 128	1623	1873	2124.28	2606
Iteration: 129	1623	1728	2106.6	2556
Iteration: 130	1623	1867	2141.12	2826
Iteration: 131	1623	1809	2139.4	2683
Iteration: 132	1623	1880	2199.04	2607
Iteration: 133	1623	1749	2062.36	2529
Iteration: 134	1623	1861	2083.88	2303
Iteration: 135	1623	1781	2079.68	2381
Iteration: 136	1623	1822	2052.08	2376
Iteration: 137	1623	1672	2168.16	2593
Iteration: 138	1623	1650	2083.52	2522
Iteration: 139	1623	1720	2066.4	2391
Iteration: 140	1623	1678	2103.72	2512
Iteration: 141	1623	1668	2162.96	2892
Iteration: 142	1623	1738	2126.28	2868
Iteration: 143	1623	1840	2124.96	2502
Iteration: 144	1623	1817	2180	2678
Iteration: 145	1623	1812	2121.48	2756
Iteration: 146	1623	1761	2081.64	2462
Iteration: 147	1623	1728	2148.32	2489
Iteration: 148	1623	1838	2200.88	2583
Iteration: 149	1623	1877	2114.76	2501
