Iteration: 0	1920	1920	2151.4	2570
Iteration: 1	1700	1700	2109.44	2761
Iteration: 2	1700	1756	2147.04	2885
Iteration: 3	1700	1761	2135.32	2803
Iteration: 4	1700	1748	2154.6	2713
Iteration: 5	1700	1862	2149.44	2616
Iteration: 6	1700	1922	2116.04	2635
Iteration: 7	1700	1841	2159	2538
Iteration: 8	1700	1744	2072.24	2493
Iteration: 9	1700	1894	2096.36	2504
Iteration: 10	1700	1818	2142	2503
Iteration: 11	1700	1818	2083	2599
Iteration: 12	1700	1759	2124.72	2575
Iteration: 13	1700	1790	2154.8	2561
Iteration: 14	1700	1826	2111.52	2690
Iteration: 15	1700	1709	2100.36	2502
Iteration: 16	1700	1841	2107.16	2519
Iteration: 17	1700	1763	2152.16	2659
Iteration: 18	1700	1790	2088.44	2653
Iteration: 19	1700	1852	2151.64	2714
Iteration: 20	1700	1822	2112.04	2588
Iteration: 21	1700	1793	2091	2522
Iteration: 22	1700	1713	2118.56	2624
Iteration: 23	1700	1815	2190.4	2762
Iteration: 24	1700	1722	2135.8	2530
Iteration: 25	1700	1822	2117.92	2510
Iteration: 26	1700	1841	2062.48	2423
Iteration: 27	1651	1651	2091.28	2564
Iteration: 28	1651	1730	2062.48	2609
Iteration: 29	1651	1834	2167.8	2605
Iteration: 30	1651	1764	2193.24	2574
Iteration: 31	1651	1862	2086.08	2543
Iteration: 32	1651	1802	2145.56	2636
Iteration: 33	1651	1840	2164.08	2519
Iteration: 34	1651	1786	2072.8	2563
Iteration: 35	1651	1781	2123.16	2522
Iteration: 36	1651	1769	2098.8	2604
Iteration: 37	1651	1823	2107.72	2652
Iteration: 38	1651	1652	2091.12	2742
Iteration: 39	1651	1799	2138.64	2610
Iteration: 40	1651	1776	2135.04	2717
Iteration: 41	1651	1792	2076.12	2785
Iteration: 42	1651	1788	2131.88	2544
Iteration: 43	1651	1777	2052.52	2404
Iteration: 44	1651	1855	2136.92	2628
Iteration: 45	1651	1781	2126.84	2585
Iteration: 46	1651	1852	2125.6	2386
Iteration: 47	1651	1751	2092.64	2594
Iteration: 48	1651	1816	2158.08	2563
Iteration: 49	1651	1875	2144.92	2555
Iteration: 50	1651	1830	2117.04	2672
Iteration: 51	1651	1724	2096	2514
Iteration: 52	1651	1715	2087.92	2531
Iteration: 53	1651	1669	2132.92	2563
Iteration: 54	1651	1771	2083.04	2442
Iteration: 55	1651	1803	2221.08	2743
Iteration: 56	1651	1742	2112.28	2539
Iteration: 57	1651	1871	2172.84	2763
Iteration: 58	1651	1909	2182.04	2624
Iteration: 59	1651	1875	2108.2	2650
Iteration: 60	1651	1742	2143.16	3059
Iteration: 61	1651	1785	2138.56	3169
Iteration: 62	1651	1779	2139.36	2809
Iteration: 63	1651	1867	2139.16	2733
Iteration: 64	1651	1772	2075.32	2645
Iteration: 65	1651	1782	2044.16	2738
Iteration: 66	1651	1847	2182.68	2783
Iteration: 67	1651	1827	2083.8	2568
Iteration: 68	1651	1778	2116.28	2464
Iteration: 69	1651	1685	2079.64	2633
Iteration: 70	1651	1757	2097.04	2395
Iteration: 71	1651	1887	2158	2526
Iteration: 72	1651	1774	2184.12	2668
Iteration: 73	1651	1849	2120	2538
Iteration: 74	1651	1855	2159.24	2635
Iteration: 75	1651	1711	2098.32	2558
Iteration: 76	1651	1821	2125.04	2492
Iteration: 77	1639	1639	2045.8	2569
Iteration: 78	1639	1821	2092.44	3057
Iteration: 79	1639	1699	2136.84	2552
Iteration: 80	1639	1724	2053.8	2363
Iteration: 81	1639	1755	2041.52	2370
Iteration: 82	1639	1814	2052.72	2832
Iteration: 83	1639	1883	2206.32	2650
Iteration: 84	1639	1834	2145.52	2855
Iteration: 85	1639	1799	2133.48	2741
Iteration: 86	1639	1775	2128.88	2555
Iteration: 87	1639	1834	2161.6	2500
Iteration: 88	1639	1838	2136.48	2406
Iteration: 89	1639	1831	2097.36	2366
Iteration: 90	1639	1749	2123.6	2453
Iteration: 91	1639	1851	2138.72	2512
Iteration: 92	1639	1748	2121.76	2935
Iteration: 93	1639	1881	2170.24	2500
Iteration: 94	1639	1725	2094.64	2424
Iteration: 95	1639	1757	2166.36	2593
Iteration: 96	1639	1791	2078.84	2404
Iteration: 97	1639	1822	2164.2	2962
Iteration: 98	1639	1810	2148	2500
Iteration: 99	1639	1879	2144.68	2482
Iteration: 100	1639	1882	2100.6	2420
Iteration: 101	1639	1825	2084.36	2439
Iteration: 102	1639	1815	2165.36	2507
Iteration: 103	1639	1857	2186.64	2586
Iteration: 104	1639	1886	2134.64	2552
Iteration: 105	1639	1784	2128.24	2521
Iteration: 106	1639	1698	2149.08	2716
Iteration: 107	1639	1811	2216.4	2885
Iteration: 108	1639	1885	2129.52	2518
Iteration: 109	1639	1945	2154.76	2594
Iteration: 110	1639	1862	2183	2620
Iteration: 111	1639	1811	2123.56	2653
Iteration: 112	1639	1875	2135.76	2617
Iteration: 113	1639	1833	2101.56	2414
Iteration: 114	1639	1742	2068.32	2511
Iteration: 115	1639	1760	2129.16	2575
Iteration: 116	1639	1804	2119.52	2510
Iteration: 117	1639	1898	2163.36	2500
Iteration: 118	1639	1837	2127.96	2652
Iteration: 119	1639	1848	2130.08	2596
Iteration: 120	1639	1802	2176.64	2512
Iteration: 121	1639	1802	2196.24	3164
Iteration: 122	1639	1902	2142	2507
Iteration: 123	1639	1772	2081.88	2425
Iteration: 124	1639	1848	2149.16	2532
Iteration: 125	1639	1774	2078.48	2579
Iteration: 126	1639	1798	2131.6	2555
Iteration: 127	1639	1765	2083	2555
Iteration: 128	1639	1647	2130.2	2559
Iteration: 129	1639	1827	2123.24	2407
Iteration: 130	1639	1744	2051	2443
Iteration: 131	1639	1733	2126.92	2562
Iteration: 132	1639	1680	2111.92	2646
Iteration: 133	1639	1832	2077.16	2501
Iteration: 134	1639	1820	2093.92	2499
Iteration: 135	1639	1797	2081.96	2325
Iteration: 136	1639	1759	2159.64	2698
Iteration: 137	1639	1747	2104.2	2491
Iteration: 138	1639	1798	2153.48	2906
Iteration: 139	1639	1841	2143.32	2634
Iteration: 140	1639	1755	2082.16	2584
Iteration: 141	1639	1771	2113.72	2529
Iteration: 142	1639	1757	2139.8	2622
Iteration: 143	1639	1753	2087.4	2538
Iteration: 144	1639	1760	2160.04	2616
Iteration: 145	1639	1830	2141.6	2567
Iteration: 146	1639	1912	2157.12	2458
Iteration: 147	1639	1805	2097.96	2497
Iteration: 148	1639	1802	2073.92	2296
Iteration: 149	1639	1734	2158.6	2511
Iteration: 150	1639	1885	2145.36	2709
Iteration: 151	1639	1659	2080.24	2491
Iteration: 152	1639	1811	2147.88	2708
Iteration: 153	1639	1745	2112.64	2805
Iteration: 154	1639	1773	2066.68	2411
Iteration: 155	1639	1716	2057.76	2425
Iteration: 156	1639	1760	2127.68	2774
Iteration: 157	1639	1868	2091.92	2475
Iteration: 158	1639	1649	2147.92	2552
Iteration: 159	1639	1840	2150.04	2891
Iteration: 160	1639	1749	2169.72	2754
Iteration: 161	1639	1855	2159.28	2635
Iteration: 162	1639	1792	2089.2	2672
Iteration: 163	1639	1811	2151.52	2574
Iteration: 164	1639	1810	2162.32	2548
Iteration: 165	1639	1823	2076.2	2513
Iteration: 166	1639	1930	2189.84	2674
Iteration: 167	1639	1839	2183	2714
Iteration: 168	1639	1788	2185.08	2589
Iteration: 169	1626	1626	2155.72	2963
Iteration: 170	1626	1771	2123.12	2638
Iteration: 171	1626	1683	2117.6	2780
Iteration: 172	1626	1647	2110.24	2580
Iteration: 173	1626	1737	2025.08	2434
Iteration: 174	1626	1868	2247	2831
Iteration: 175	1626	1825	2099.68	2694
Iteration: 176	1626	1805	2135.16	2519
Iteration: 177	1626	1776	2124.44	2458
Iteration: 178	1626	1752	2131.04	2596
Iteration: 179	1626	1765	2107.2	2567
Iteration: 180	1626	1804	2124.92	2700
Iteration: 181	1626	1827	2168.12	2684
Iteration: 182	1612	1612	2151.76	2600
Iteration: 183	1612	1852	2122.08	2452
Iteration: 184	1612	1797	2138.36	2359
Iteration: 185	1612	1744	2062.16	2742
Iteration: 186	1612	1866	2145.72	2601
Iteration: 187	1612	1813	2119.08	2443
Iteration: 188	1612	1853	2132	2551
Iteration: 189	1612	1774	2059.56	2447
Iteration: 190	1612	1853	2140.84	2711
Iteration: 191	1612	1793	2090.36	2737
Iteration: 192	1612	1848	2180.72	2669
Iteration: 193	1612	1654	2126.84	2541
Iteration: 194	1612	1682	2167.8	2878
Iteration: 195	1612	1794	2058.96	2366
Iteration: 196	1612	1712	2081.84	2438
Iteration: 197	1612	1728	2128.84	2696
Iteration: 198	1612	1700	2060.36	2798
Iteration: 199	1612	1814	2116.16	2467
Iteration: 200	1612	1769	2119.8	2666
Iteration: 201	1612	1785	2164.2	2580
Iteration: 202	1612	1830	2124.04	2834
Iteration: 203	1612	1758	2049.4	2351
Iteration: 204	1612	1848	2100.64	2432
Iteration: 205	1612	1714	2111.76	2595
Iteration: 206	1612	1803	2163.6	2663
Iteration: 207	1612	1819	2199.4	2586
Iteration: 208	1612	1772	2080.12	2435
Iteration: 209	1612	1815	2102.52	2312
Iteration: 210	1612	1775	2173.16	2870
Iteration: 211	1612	1726	2092.48	2769
Iteration: 212	1612	1850	2179.04	2872
Iteration: 213	1612	1698	2134.28	2658
Iteration: 214	1612	1686	2112.6	2774
Iteration: 215	1612	1778	2140.52	2681
Iteration: 216	1612	1851	2146.64	2649
Iteration: 217	1612	1838	2044.48	2409
Iteration: 218	1612	1734	2085.64	2487
Iteration: 219	1612	1793	2110.2	3036
Iteration: 220	1612	1786	2106.72	2569
Iteration: 221	1612	1888	2175.88	2636
Iteration: 222	1612	1718	2108.12	2783
Iteration: 223	1612	1791	2124.56	2655
Iteration: 224	1612	1752	2158.36	2599
Iteration: 225	1612	1843	2171.92	3109
Iteration: 226	1612	1831	2081.88	2423
Iteration: 227	1612	1820	2097.64	2607
Iteration: 228	1612	1789	2126.4	2768
Iteration: 229	1612	1875	2134.92	2682
Iteration: 230	1612	1877	2117	2517
Iteration: 231	1612	1893	2190.16	2517
Iteration: 232	1612	1701	2107.6	2767
Iteration: 233	1612	1753	2129.6	2740
Iteration: 234	1612	1813	2161.4	2754
Iteration: 235	1612	1864	2115.56	3082
Iteration: 236	1612	1878	2135.16	2477
Iteration: 237	1612	1763	2144.52	2857
Iteration: 238	1612	1735	2065.92	2582
Iteration: 239	1612	1897	2209.52	2774
Iteration: 240	1612	1882	2153.2	2616
Iteration: 241	1612	1830	2187.72	2828
Iteration: 242	1612	1734	2105.84	2454
Iteration: 243	1612	1720	2088.68	2459
Iteration: 244	1612	1888	2110.84	2642
Iteration: 245	1612	1643	2103.96	2397
Iteration: 246	1612	1885	2196.32	3068
Iteration: 247	1612	1845	2141.04	2850
Iteration: 248	1612	1783	2163.8	2684
Iteration: 249	1612	1867	2141.64	2459
Iteration: 250	1612	1789	2146.16	2549
Iteration: 251	1612	1924	2236.12	2878
Iteration: 252	1612	1707	2058.4	3065
Iteration: 253	1612	1820	2176.08	2617
Iteration: 254	1612	1766	2134.04	2645
Iteration: 255	1612	1837	2123.04	2408
Iteration: 256	1612	1617	2057.32	2591
Iteration: 257	1612	1842	2078.72	2455
Iteration: 258	1612	1889	2211.48	2508
Iteration: 259	1612	1901	2196.72	2733
Iteration: 260	1612	1851	2126.6	2627
Iteration: 261	1612	1744	2118.56	2600
Iteration: 262	1612	1809	2164.2	2673
Iteration: 263	1612	1775	2140.96	2598
Iteration: 264	1612	1807	2140.2	2417
Iteration: 265	1612	1847	2151.56	2541
Iteration: 266	1612	1751	2087.12	2358
Iteration: 267	1612	1773	2037.44	2576
Iteration: 268	1612	1636	2042.2	2399
Iteration: 269	1612	1743	2088.6	2340
Iteration: 270	1612	1689	2099.76	2900
Iteration: 271	1612	1711	2153.24	2799
Iteration: 272	1612	1795	2114.48	2580
Iteration: 273	1612	1709	2102.96	2647
Iteration: 274	1612	1854	2186.84	2743
Iteration: 275	1612	1875	2161.28	2723
Iteration: 276	1612	1649	2073.52	2704
Iteration: 277	1612	1853	2120.88	2665
Iteration: 278	1612	1846	2093.76	2547
Iteration: 279	1612	1786	2125.92	2596
Iteration: 280	1612	1930	2132.12	2768
Iteration: 281	1608	1608	2065	2455
Iteration: 282	1608	1772	2154.32	2676
Iteration: 283	1608	1856	2193.76	2800
Iteration: 284	1608	1853	2189.04	2661
Iteration: 285	1608	1859	2144.48	2607
Iteration: 286	1608	1801	2160.8	2732
Iteration: 287	1608	1863	2134.44	2751
Iteration: 288	1608	1846	2178.44	2698
Iteration: 289	1608	1849	2081.4	2563
Iteration: 290	1608	1684	2106.52	3110
Iteration: 291	1608	1743	2152.88	2548
Iteration: 292	1608	1866	2138.96	2994
Iteration: 293	1608	1723	2121.84	2795
Iteration: 294	1608	1804	2126.96	2375
Iteration: 295	1608	1740	2115	2699
Iteration: 296	1608	1824	2114.92	2527
Iteration: 297	1608	1815	2127.84	2573
Iteration: 298	1608	1687	2229.68	2562
Iteration: 299	1608	1801	2138.44	3145
Iteration: 300	1608	1716	2028.68	2338
Iteration: 301	1608	1747	2114.96	2561
Iteration: 302	1608	1696	2089.88	2476
Iteration: 303	1608	1757	2062.84	2284
Iteration: 304	1608	1811	2120.12	2433
Iteration: 305	1608	1854	2162.48	2641
Iteration: 306	1608	1732	2087.76	2449
Iteration: 307	1608	1725	2191.6	3049
Iteration: 308	1608	1821	2174.52	3054
Iteration: 309	1608	1813	2160.96	2857
Iteration: 310	1608	1794	2068	2470
Iteration: 311	1608	1784	2110.36	2673
Iteration: 312	1608	1910	2123.72	2758
Iteration: 313	1608	1766	2140	2390
Iteration: 314	1608	1736	2138.84	2576
Iteration: 315	1608	1790	2140.52	2609
Iteration: 316	1608	1727	2120.64	2715
Iteration: 317	1608	1860	2160.32	2610
Iteration: 318	1608	1749	2156.28	2945
Iteration: 319	1608	1648	2109.08	2463
Iteration: 320	1608	1833	2088.36	2392
Iteration: 321	1608	1740	2093.4	2474
Iteration: 322	1608	1854	2137.76	2904
Iteration: 323	1608	1725	2144	2718
Iteration: 324	1608	1845	2162.12	2498
Iteration: 325	1608	1773	2135.32	2786
Iteration: 326	1608	1880	2178.2	3322
Iteration: 327	1608	1795	2108.32	2421
Iteration: 328	1608	1913	2209.72	2702
Iteration: 329	1608	1880	2085.4	2342
Iteration: 330	1608	1767	2185	3104
Iteration: 331	1608	1801	2114.92	2424
Iteration: 332	1608	1816	2091.12	2471
Iteration: 333	1608	1830	2141.04	2915
Iteration: 334	1608	1837	2162.96	2671
Iteration: 335	1608	1802	2092.24	2470
Iteration: 336	1608	1753	2098.64	2428
Iteration: 337	1608	1764	2121.04	2674
Iteration: 338	1608	1790	2114.2	2464
Iteration: 339	1608	1742	2128.68	2448
Iteration: 340	1608	1927	2188.84	2543
Iteration: 341	1608	1888	2098.92	2456
Iteration: 342	1608	1746	2171	2379
Iteration: 343	1608	1725	2079.16	2292
Iteration: 344	1608	1798	2080.48	2248
Iteration: 345	1608	1808	2148.2	2647
Iteration: 346	1608	1784	2162.96	2475
Iteration: 347	1608	1943	2186.72	2804
Iteration: 348	1608	1811	2124.72	2542
Iteration: 349	1608	1760	2091.88	2609
Iteration: 350	1608	1666	2263	2694
Iteration: 351	1608	1827	2192.92	2683
Iteration: 352	1608	1817	2184	2748
Iteration: 353	1608	1725	2084.24	2486
Iteration: 354	1608	1852	2198.6	2591
Iteration: 355	1608	1749	2089.56	2492
Iteration: 356	1608	1775	2126.52	2552
Iteration: 357	1608	1748	2091.44	2464
Iteration: 358	1608	1797	2082.08	2433
Iteration: 359	1608	1766	2173.68	2723
Iteration: 360	1608	1757	2112.64	2595
Iteration: 361	1608	1767	2146.96	2719
Iteration: 362	1608	1721	2106.88	2992
Iteration: 363	1608	1673	2115.96	2598
Iteration: 364	1608	1815	2145.72	2771
Iteration: 365	1608	1732	2208.52	3297
Iteration: 366	1608	1837	2159.4	2825
Iteration: 367	1608	1796	2102.28	2602
Iteration: 368	1608	1684	2082.56	2708
Iteration: 369	1608	1815	2098.24	2478
Iteration: 370	1608	1768	2027.4	2451
Iteration: 371	1608	1739	2149.64	2799
Iteration: 372	1608	1771	2242.32	2960
Iteration: 373	1608	1771	2117.64	2614
Iteration: 374	1608	1806	2122.8	2790
Iteration: 375	1608	1811	2156.68	2806
Iteration: 376	1608	1867	2235.96	2630
Iteration: 377	1608	1959	2196.52	2584
Iteration: 378	1608	1735	2142.92	2816
Iteration: 379	1608	1703	2096.52	2455
Iteration: 380	1608	1830	2084	2441
Iteration: 381	1608	1811	2081.92	2415
Iteration: 382	1608	1678	2135.08	2709
Iteration: 383	1608	1876	2138.64	2711
Iteration: 384	1608	1825	2084.24	2430
Iteration: 385	1608	1776	2098.96	2637
Iteration: 386	1608	1885	2140.6	2664
Iteration: 387	1608	1712	2064.2	2602
Iteration: 388	1608	1838	2141.64	2777
Iteration: 389	1608	1896	2147.68	2802
Iteration: 390	1608	1729	2178.88	3363
Iteration: 391	1608	1798	2184.2	2565
Iteration: 392	1608	1802	2104.24	2843
Iteration: 393	1608	1704	2116.64	2549
Iteration: 394	1608	1845	2151.52	2749
Iteration: 395	1608	1724	2126.4	2424
Iteration: 396	1608	1750	2128.56	2749
Iteration: 397	1608	1802	2074.52	2374
Iteration: 398	1608	1836	2116.44	2583
Iteration: 399	1608	1874	2112.28	2525
Iteration: 400	1608	1844	2133.4	2466
Iteration: 401	1608	1661	2168.64	2769
Iteration: 402	1608	1819	2148.8	2569
Iteration: 403	1608	1685	2130.4	2675
Iteration: 404	1608	1784	2091.68	2464
Iteration: 405	1608	1823	2107.44	2405
Iteration: 406	1608	1794	2112.52	2487
Iteration: 407	1608	1723	2125.88	2532
Iteration: 408	1608	1800	2174.92	2794
Iteration: 409	1608	1847	2229.04	3195
Iteration: 410	1608	1744	2117.48	2529
Iteration: 411	1608	1745	2100.16	2539
Iteration: 412	1608	1710	2079.68	2396
Iteration: 413	1608	1802	2158.04	2665
Iteration: 414	1608	1847	2182.96	2809
Iteration: 415	1608	1788	2156.52	2589
Iteration: 416	1608	1744	2110.84	2660
Iteration: 417	1608	1872	2084.8	2508
Iteration: 418	1608	1897	2219.48	2809
Iteration: 419	1608	1835	2137.24	2574
Iteration: 420	1608	1817	2115.24	2584
Iteration: 421	1608	1657	2073.28	2512
Iteration: 422	1608	1834	2148.2	2915
Iteration: 423	1608	1709	2068.2	2515
Iteration: 424	1608	1749	2125.92	2466
Iteration: 425	1608	1796	2167	2544
Iteration: 426	1608	1786	2141.84	2648
Iteration: 427	1608	1767	2128.36	2720
Iteration: 428	1608	1748	2093.96	2590
Iteration: 429	1608	1847	2187.52	2635
Iteration: 430	1608	1800	2137.72	2667
Iteration: 431	1608	1746	2146.32	2721
Iteration: 432	1608	1774	2097.68	2566
Iteration: 433	1608	1779	2138.56	2677
Iteration: 434	1608	1806	2110.2	2803
Iteration: 435	1608	1798	2182.88	3033
Iteration: 436	1608	1834	2133.52	2493
Iteration: 437	1608	1802	2109.56	2534
Iteration: 438	1608	1751	2098.76	2642
Iteration: 439	1608	1844	2093.88	2574
Iteration: 440	1608	1871	2082.72	2463
Iteration: 441	1608	1771	2137.04	2675
Iteration: 442	1608	1810	2124.4	2825
Iteration: 443	1608	1727	2102.2	2717
Iteration: 444	1608	1783	2116.92	2445
Iteration: 445	1608	1695	2119.92	2569
Iteration: 446	1608	1702	2149.44	2751
Iteration: 447	1608	1727	2090.12	2888
Iteration: 448	1608	1874	2232.2	2982
Iteration: 449	1608	1718	2123.88	3072
Iteration: 450	1606	1606	2184.68	2780
Iteration: 451	1606	1723	2102.52	2888
Iteration: 452	1606	1832	2090.36	2404
Iteration: 453	1606	1704	2149.08	2639
Iteration: 454	1606	1825	2111.36	2620
Iteration: 455	1606	1710	2129.2	2565
Iteration: 456	1606	1749	2120.56	2491
Iteration: 457	1606	1746	2139.52	2658
Iteration: 458	1606	1706	2065.36	2378
Iteration: 459	1606	1776	2114.56	2534
Iteration: 460	1606	1868	2162.36	2583
Iteration: 461	1606	1811	2160.8	2563
Iteration: 462	1606	1739	2106.36	2736
Iteration: 463	1606	1661	2095.92	2652
Iteration: 464	1606	1802	2152.52	2516
Iteration: 465	1606	1783	2112.68	2546
Iteration: 466	1606	1838	2084.6	2319
Iteration: 467	1606	1759	2052.6	2557
Iteration: 468	1606	1781	2135.48	2818
Iteration: 469	1606	1847	2171.68	2789
Iteration: 470	1606	1794	2109.6	2607
Iteration: 471	1606	1679	2071.48	2446
Iteration: 472	1606	1742	2081.08	2462
Iteration: 473	1606	1768	2079.12	2675
Iteration: 474	1606	1863	2118.96	2723
Iteration: 475	1606	1770	2203.96	2966
Iteration: 476	1606	1839	2135.72	2706
Iteration: 477	1606	1663	2098.16	2745
Iteration: 478	1606	1854	2161.12	2721
Iteration: 479	1606	1856	2148.28	2708
Iteration: 480	1606	1763	2235.76	2673
Iteration: 481	1606	1799	2130.28	2759
Iteration: 482	1606	1820	2069.92	2480
Iteration: 483	1606	1904	2199	3326
Iteration: 484	1606	1789	2172.2	2637
Iteration: 485	1606	1866	2161.72	2434
Iteration: 486	1606	1793	2168.72	2605
Iteration: 487	1606	1701	2128.04	2595
Iteration: 488	1606	1775	2057.04	2832
Iteration: 489	1606	1913	2174.6	2816
Iteration: 490	1606	1905	2172.08	2459
Iteration: 491	1606	1761	2075.24	2462
Iteration: 492	1606	1724	2034.4	2472
Iteration: 493	1606	1864	2152.08	2702
Iteration: 494	1606	1865	2163.68	2691
Iteration: 495	1606	1781	2096.4	2529
Iteration: 496	1606	1772	2070.68	2549
Iteration: 497	1606	1833	2206.08	2989
Iteration: 498	1606	1769	2115.12	2875
Iteration: 499	1606	1776	2118.8	2654
Iteration: 500	1606	1748	2070.12	2423
Iteration: 501	1606	1780	2120.08	2436
Iteration: 502	1606	1856	2116.24	2857
Iteration: 503	1606	1791	2147.32	2616
Iteration: 504	1606	1754	2129.12	2617
Iteration: 505	1606	1706	2164.88	2654
Iteration: 506	1606	1851	2126.28	2889
Iteration: 507	1606	1681	2120.28	2608
Iteration: 508	1606	1747	2116.28	2740
Iteration: 509	1606	1710	2066.8	2499
Iteration: 510	1606	1833	2183.36	2655
Iteration: 511	1606	1698	2102.44	2618
Iteration: 512	1606	1855	2062.84	2758
Iteration: 513	1606	1821	2141.36	2727
Iteration: 514	1606	1822	2114.8	2645
Iteration: 515	1606	1774	2081.2	2414
Iteration: 516	1606	1792	2167.72	2593
Iteration: 517	1606	1681	2185.12	2621
Iteration: 518	1606	1722	2169.96	2640
Iteration: 519	1606	1718	2120	2616
Iteration: 520	1606	1823	2159.92	2518
Iteration: 521	1606	1766	2170.72	2654
Iteration: 522	1606	1738	2097.64	2603
Iteration: 523	1606	1773	2075.4	2637
Iteration: 524	1606	1765	2138.48	2525
Iteration: 525	1606	1799	2211.24	2864
Iteration: 526	1606	1827	2169.04	2629
Iteration: 527	1606	1825	2127.48	2549
Iteration: 528	1606	1704	2126.36	2667
Iteration: 529	1606	1745	2198.24	2765
Iteration: 530	1606	1754	2080.16	2655
Iteration: 531	1606	1828	2116.2	2664
Iteration: 532	1606	1789	2097.12	2650
Iteration: 533	1606	1742	2135.64	2645
Iteration: 534	1606	1876	2101.16	2393
Iteration: 535	1606	1868	2111.92	2363
Iteration: 536	1606	1779	2107.52	2592
Iteration: 537	1606	1805	2148.72	2645
Iteration: 538	1606	1690	2106.44	2718
Iteration: 539	1606	1825	2106.76	2393
Iteration: 540	1606	1819	2113.04	2703
Iteration: 541	1606	1827	2114.68	2450
Iteration: 542	1606	1714	2095.32	2459
Iteration: 543	1606	1783	2091.52	2420
Iteration: 544	1606	1788	2070.36	2401
Iteration: 545	1606	1843	2127.52	2920
Iteration: 546	1606	1850	2081.2	2669
Iteration: 547	1606	1862	2124.76	2535
Iteration: 548	1606	1899	2169.96	2503
Iteration: 549	1606	1826	2138.12	2973
Iteration: 550	1606	1711	2084.36	2500
Iteration: 551	1606	1884	2142.52	2608
Iteration: 552	1606	1824	2087.28	2750
Iteration: 553	1606	1901	2223.08	2887
Iteration: 554	1606	1724	2125.08	2600
Iteration: 555	1606	1771	2112.84	2457
Iteration: 556	1606	1684	2128.56	2586
Iteration: 557	1606	1758	2134.84	2713
Iteration: 558	1606	1857	2138.2	2582
Iteration: 559	1606	1834	2150.8	2587
Iteration: 560	1606	1710	2126.48	2573
Iteration: 561	1606	1812	2261.96	3254
Iteration: 562	1606	1762	2152.44	2496
Iteration: 563	1606	1773	2157.32	2719
Iteration: 564	1606	1787	2123	2649
Iteration: 565	1606	1703	2112.84	2484
Iteration: 566	1606	1668	2125.72	2445
Iteration: 567	1606	1782	2104.72	2668
Iteration: 568	1606	1738	2107.16	2552
Iteration: 569	1606	1606	2081.8	2411
Iteration: 570	1606	1819	2106.2	2450
Iteration: 571	1606	1795	2127.64	2602
Iteration: 572	1606	1743	2120.08	2668
Iteration: 573	1606	1681	2021.44	2495
Iteration: 574	1606	1709	2152.96	2734
Iteration: 575	1606	1843	2114.16	2523
Iteration: 576	1606	1702	2104.36	2471
Iteration: 577	1606	1742	2120.48	2540
Iteration: 578	1606	1719	2184.8	2751
Iteration: 579	1606	1820	2159.84	2620
Iteration: 580	1606	1677	2076.64	2459
Iteration: 581	1606	1866	2140.12	2744
Iteration: 582	1606	1824	2188.28	2756
Iteration: 583	1606	1707	2135.36	2600
Iteration: 584	1606	1855	2104.24	2412
Iteration: 585	1606	1773	2096.64	2684
Iteration: 586	1606	1804	2123.76	2718
Iteration: 587	1606	1833	2206.72	2558
Iteration: 588	1606	1836	2142.48	2606
Iteration: 589	1606	1785	2148.68	2601
Iteration: 590	1606	1803	2105.72	2632
Iteration: 591	1606	1804	2207.12	2934
Iteration: 592	1606	1754	2068.04	2836
Iteration: 593	1606	1658	2070.36	2491
Iteration: 594	1606	1769	2135.6	2515
Iteration: 595	1606	1939	2135.76	2381
Iteration: 596	1606	1778	2121.24	2433
Iteration: 597	1606	1801	2106.08	2473
Iteration: 598	1606	1870	2130.32	2559
Iteration: 599	1606	1772	2133.8	2507
Iteration: 600	1606	1905	2109.44	2462
Iteration: 601	1606	1821	2090.48	2612
Iteration: 602	1606	1618	2089.88	2807
Iteration: 603	1606	1718	2182.36	2592
Iteration: 604	1606	1812	2106	2647
Iteration: 605	1606	1760	2143.16	2902
Iteration: 606	1606	1753	2074.4	2366
Iteration: 607	1606	1797	2090.56	2831
Iteration: 608	1606	1761	2070.68	2924
Iteration: 609	1606	1681	2136.44	2420
Iteration: 610	1606	1782	2112.08	2510
Iteration: 611	1606	1778	2142.92	2589
Iteration: 612	1606	1932	2177.64	2618
Iteration: 613	1606	1702	2165.16	2566
Iteration: 614	1606	1652	2103.56	2713
Iteration: 615	1606	1852	2078.68	2622
Iteration: 616	1606	1693	2049.4	2424
Iteration: 617	1606	1752	2159.2	2790
Iteration: 618	1606	1785	2105.44	2548
Iteration: 619	1606	1825	2097.32	2577
Iteration: 620	1606	1878	2125.36	2586
Iteration: 621	1606	1776	2060.52	2657
Iteration: 622	1606	1820	2152.76	2719
Iteration: 623	1606	1713	2156.16	2707
Iteration: 624	1606	1763	2119.24	2488
Iteration: 625	1606	1798	2097.52	2565
Iteration: 626	1606	1770	2081	2795
Iteration: 627	1606	1826	2130.48	2552
Iteration: 628	1606	1859	2151.8	2507
Iteration: 629	1606	1766	2072.48	2498
Iteration: 630	1606	1892	2162.36	2879
Iteration: 631	1606	1786	2114.6	2687
Iteration: 632	1606	1693	2217	2634
Iteration: 633	1606	1710	2072.32	2393
Iteration: 634	1606	1737	2083.32	2534
Iteration: 635	1606	1850	2173.92	2555
Iteration: 636	1606	1812	2197.64	2645
Iteration: 637	1606	1692	2160.72	2671
Iteration: 638	1606	1859	2132.76	2569
Iteration: 639	1606	1699	2132.32	2698
Iteration: 640	1606	1830	2063.2	2347
Iteration: 641	1606	1874	2174.44	3216
Iteration: 642	1606	1767	2174.32	2605
Iteration: 643	1606	1890	2196.08	2835
Iteration: 644	1606	1753	2077.84	2545
Iteration: 645	1606	1871	2135.64	2610
Iteration: 646	1606	1809	2117.96	2719
Iteration: 647	1606	1756	2084.68	2940
Iteration: 648	1606	1723	2073.36	2555
Iteration: 649	1606	1833	2143.68	2430
Iteration: 650	1606	1732	2160.6	2764
Iteration: 651	1606	1830	2170.04	3172
Iteration: 652	1606	1638	2120.92	2530
Iteration: 653	1606	1779	2191.64	2455
Iteration: 654	1606	1677	2083.2	2547
Iteration: 655	1606	1824	2054.96	2241
Iteration: 656	1606	1728	2120.08	2892
Iteration: 657	1606	1733	2123.76	2641
Iteration: 658	1606	1843	2263.44	2739
Iteration: 659	1606	1779	2100.64	2693
Iteration: 660	1606	1792	2144.28	2591
Iteration: 661	1606	1726	2116.48	2827
Iteration: 662	1602	1602	2092.4	2519
Iteration: 663	1602	1730	2079.64	2549
Iteration: 664	1602	1729	2074.96	2643
Iteration: 665	1602	1709	2180.72	3058
Iteration: 666	1602	1673	2085.2	2567
Iteration: 667	1602	1712	2137.96	2883
Iteration: 668	1602	1883	2067.96	2433
Iteration: 669	1602	1866	2213.48	2606
Iteration: 670	1602	1878	2148.6	2572
Iteration: 671	1602	1705	2150.76	2748
Iteration: 672	1602	1864	2192.64	2756
Iteration: 673	1602	1780	2144.04	2696
Iteration: 674	1602	1858	2139.36	2718
Iteration: 675	1602	1732	2127.72	2601
Iteration: 676	1602	1798	2119.64	2468
Iteration: 677	1602	1770	2058.04	2519
Iteration: 678	1602	1769	2093.12	2485
Iteration: 679	1602	1788	2134.72	2684
Iteration: 680	1602	1812	2153.56	2976
Iteration: 681	1602	1842	2153.68	2986
Iteration: 682	1602	1814	2148.16	2572
Iteration: 683	1602	1772	2177.68	2861
Iteration: 684	1602	1791	2150	2723
Iteration: 685	1602	1765	2059.48	2659
Iteration: 686	1602	1777	2136.52	2688
Iteration: 687	1602	1808	2129.28	2471
Iteration: 688	1602	1840	2074.24	2678
Iteration: 689	1602	1744	2167.32	2968
Iteration: 690	1602	1698	2068.88	2341
Iteration: 691	1602	1838	2105.4	2494
Iteration: 692	1602	1764	2144.44	2695
Iteration: 693	1602	1755	2177.36	2794
Iteration: 694	1602	1902	2189.92	2955
Iteration: 695	1602	1751	2148.92	2812
Iteration: 696	1602	1823	2100.44	2462
Iteration: 697	1602	1825	2138.56	2691
Iteration: 698	1602	1690	2113.28	2575
Iteration: 699	1602	1821	2125.92	2804
Iteration: 700	1602	1767	2130.64	2804
Iteration: 701	1602	1715	2103.96	2669
Iteration: 702	1602	1807	2152.8	2716
Iteration: 703	1602	1676	2071.2	2671
Iteration: 704	1602	1855	2102.4	2693
Iteration: 705	1602	1685	2117.2	2547
Iteration: 706	1602	1777	2098.32	2592
Iteration: 707	1602	1796	2142	2523
Iteration: 708	1602	1847	2144.12	2517
Iteration: 709	1602	1866	2135.96	2556
Iteration: 710	1602	1861	2095.84	2526
Iteration: 711	1602	1781	2083.32	2546
Iteration: 712	1602	1780	2142.68	2639
Iteration: 713	1602	1718	2037.2	2680
Iteration: 714	1602	1855	2152	2837
Iteration: 715	1602	1768	2132.28	2513
Iteration: 716	1602	1741	2119.12	2361
Iteration: 717	1602	1701	2141.76	2481
Iteration: 718	1602	1744	2145.56	2822
Iteration: 719	1602	1838	2109.12	2463
Iteration: 720	1559	1559	2052.48	2517
Iteration: 721	1559	1739	2058.92	2481
Iteration: 722	1559	1738	2099.28	3058
Iteration: 723	1559	1891	2132.36	2503
Iteration: 724	1559	1625	2095.88	2915
Iteration: 725	1559	1676	2109.56	2610
Iteration: 726	1559	1839	2110.6	2708
Iteration: 727	1559	1855	2165.76	2857
Iteration: 728	1559	1620	2116.72	2802
Iteration: 729	1559	1891	2143.32	2554
Iteration: 730	1559	1769	2107.88	2659
Iteration: 731	1559	1824	2152.08	2637
Iteration: 732	1559	1751	2145.52	2456
Iteration: 733	1559	1731	2146.32	2519
Iteration: 734	1559	1844	2101.04	2461
Iteration: 735	1559	1740	2116.2	2495
Iteration: 736	1559	1619	2122.2	2983
Iteration: 737	1559	1809	2155.12	2635
Iteration: 738	1559	1802	2120.28	2428
Iteration: 739	1559	1826	2130.6	2759
Iteration: 740	1559	1781	2102.28	2514
Iteration: 741	1559	1794	2098.64	2499
Iteration: 742	1559	1699	2117.8	2511
Iteration: 743	1559	1768	2143.52	2584
Iteration: 744	1559	1753	2090.16	2487
Iteration: 745	1559	1706	2104.4	2994
Iteration: 746	1559	1873	2155.92	2648
Iteration: 747	1559	1748	2154.88	2645
Iteration: 748	1559	1856	2201.28	2657
Iteration: 749	1559	1822	2105.72	2647
Iteration: 750	1559	1694	2118.24	2678
Iteration: 751	1559	1816	2162.08	2830
Iteration: 752	1559	1826	2114.24	2660
Iteration: 753	1559	1926	2243.84	3065
Iteration: 754	1559	1801	2127.44	2411
Iteration: 755	1559	1725	2085.04	2574
Iteration: 756	1559	1785	2093.4	2492
Iteration: 757	1559	1635	2118.92	2825
Iteration: 758	1559	1778	2078.76	2447
Iteration: 759	1559	1834	2119.36	2570
Iteration: 760	1559	1795	2094.24	2889
Iteration: 761	1559	1794	2075.6	2535
Iteration: 762	1559	1888	2082.36	2475
Iteration: 763	1559	1707	2183.68	2839
Iteration: 764	1559	1833	2144.2	2552
Iteration: 765	1559	1883	2192.92	2605
Iteration: 766	1559	1827	2107.96	2441
Iteration: 767	1559	1883	2106.04	2521
Iteration: 768	1559	1895	2182	2872
Iteration: 769	1559	1721	2156.92	2763
Iteration: 770	1559	1710	2083.96	2581
Iteration: 771	1559	1916	2158.48	2579
Iteration: 772	1559	1727	2124.88	2397
Iteration: 773	1559	1856	2159.2	2615
Iteration: 774	1559	1760	2139.48	2837
Iteration: 775	1559	1839	2116.32	2791
Iteration: 776	1559	1876	2121.44	2433
Iteration: 777	1559	1777	2110.16	2513
Iteration: 778	1559	1805	2112.84	2604
Iteration: 779	1559	1872	2112.8	2421
Iteration: 780	1559	1942	2181.2	2591
Iteration: 781	1559	1871	2193.36	2823
Iteration: 782	1559	1884	2193.52	2530
Iteration: 783	1559	1689	2131.56	2742
Iteration: 784	1559	1817	2170.8	2636
Iteration: 785	1559	1870	2138.92	3077
Iteration: 786	1559	1821	2085.52	2320
Iteration: 787	1559	1745	2161.92	2690
Iteration: 788	1559	1724	2118.12	2491
Iteration: 789	1559	1698	2088.92	2586
Iteration: 790	1559	1845	2106.4	2817
Iteration: 791	1559	1888	2177.48	2905
Iteration: 792	1559	1751	2100.08	2509
Iteration: 793	1559	1781	2115.08	2479
Iteration: 794	1559	1795	2134	2662
Iteration: 795	1559	1812	2118.4	2615
Iteration: 796	1559	1737	2080.6	2629
Iteration: 797	1559	1704	2124.88	2556
Iteration: 798	1559	1854	2236.08	3649
Iteration: 799	1559	1828	2090.8	2417
Iteration: 800	1559	1816	2145.84	2513
Iteration: 801	1559	1729	2053.4	2480
Iteration: 802	1559	1798	2167.48	2573
Iteration: 803	1559	1787	2120.6	2579
Iteration: 804	1559	1876	2123.8	2543
Iteration: 805	1559	1740	2104.28	2485
Iteration: 806	1559	1715	2126.08	2796
Iteration: 807	1559	1873	2084.76	2338
Iteration: 808	1559	1737	2150.8	2548
Iteration: 809	1559	1696	2125.8	2604
Iteration: 810	1559	1832	2114.68	2576
Iteration: 811	1559	1728	2189.68	2636
Iteration: 812	1559	1887	2142.68	2896
Iteration: 813	1559	1783	2093.68	2991
Iteration: 814	1559	1785	2136.8	2643
Iteration: 815	1559	1860	2258.16	2861
Iteration: 816	1559	1795	2114.28	2512
Iteration: 817	1559	1827	2133.84	2454
Iteration: 818	1559	1817	2109.32	2858
Iteration: 819	1559	1805	2165.08	2831
Iteration: 820	1559	1872	2159.88	2639
Iteration: 821	1559	1808	2148.64	2510
Iteration: 822	1559	1860	2114.68	2703
Iteration: 823	1559	1825	2087.76	2260
Iteration: 824	1559	1730	2120.16	2782
Iteration: 825	1559	1782	2148.6	2489
Iteration: 826	1559	1710	2151.84	2613
Iteration: 827	1559	1758	2127.08	2503
Iteration: 828	1559	1765	2086.68	2653
Iteration: 829	1559	1877	2139.68	2419
Iteration: 830	1559	1829	2078.76	2500
Iteration: 831	1559	1703	2111.72	2456
Iteration: 832	1559	1775	2181.24	2528
Iteration: 833	1559	1884	2161.4	2431
Iteration: 834	1559	1765	2124.68	3000
Iteration: 835	1559	1709	2091.32	2568
Iteration: 836	1559	1780	2069.92	2484
Iteration: 837	1559	1790	2170.2	2513
Iteration: 838	1559	1675	2152.84	2494
Iteration: 839	1559	1776	2118.68	2779
Iteration: 840	1559	1839	2123	2562
Iteration: 841	1559	1838	2105	2451
Iteration: 842	1559	1816	2078.56	2542
Iteration: 843	1559	1777	2157.84	2931
Iteration: 844	1559	1726	2071.32	2480
Iteration: 845	1559	1803	2163.84	2693
Iteration: 846	1559	1768	2148.32	2591
Iteration: 847	1559	1776	2125.76	2822
Iteration: 848	1559	1735	2136.76	2491
Iteration: 849	1559	1854	2133.96	2826
Iteration: 850	1559	1757	2182.08	2848
Iteration: 851	1559	1761	2152.44	2623
Iteration: 852	1559	1781	2110.24	2553
Iteration: 853	1559	1874	2143.4	2682
Iteration: 854	1559	1690	2037.2	2376
Iteration: 855	1559	1803	2160.2	2492
Iteration: 856	1559	1790	2073.92	2504
Iteration: 857	1559	1793	2080.76	2724
Iteration: 858	1559	1806	2139.04	2769
Iteration: 859	1559	1707	2111.04	2851
Iteration: 860	1559	1876	2129.24	2366
Iteration: 861	1559	1776	2111.52	2637
Iteration: 862	1559	1777	2121.44	2669
Iteration: 863	1559	1844	2089.28	2599
Iteration: 864	1559	1866	2218.24	2707
Iteration: 865	1559	1656	2148.24	2777
Iteration: 866	1559	1807	2121.96	2850
Iteration: 867	1559	1751	2160.08	2675
Iteration: 868	1559	1768	2227.84	2646
Iteration: 869	1559	1808	2129.16	2640
Iteration: 870	1559	1665	2062.52	2374
Iteration: 871	1559	1790	2147.72	2390
Iteration: 872	1559	1740	2089.12	2711
Iteration: 873	1559	1775	2045.16	2265
Iteration: 874	1559	1697	2130.4	2543
Iteration: 875	1559	1783	2087.4	2514
Iteration: 876	1559	1865	2134.04	2572
Iteration: 877	1559	1909	2147.88	2571
Iteration: 878	1559	1774	2126.84	2469
Iteration: 879	1559	1796	2096	2524
Iteration: 880	1559	1659	2120.76	2710
Iteration: 881	1559	1759	2129.44	2451
Iteration: 882	1559	1762	2128.56	2871
Iteration: 883	1559	1798	2083.08	2569
Iteration: 884	1559	1808	2235.16	2630
Iteration: 885	1559	1863	2132.24	2568
Iteration: 886	1559	1869	2160.44	2608
Iteration: 887	1559	1840	2117.44	2568
Iteration: 888	1559	1752	2129.16	2557
Iteration: 889	1559	1768	2130.12	2622
Iteration: 890	1559	1795	2108.28	2899
Iteration: 891	1559	1797	2160.8	2650
Iteration: 892	1559	1689	2146.84	2560
Iteration: 893	1559	1856	2108.68	2344
Iteration: 894	1559	1747	2130.12	2685
Iteration: 895	1559	1764	2126.36	2560
Iteration: 896	1559	1837	2223.52	2909
Iteration: 897	1559	1747	2061.8	2293
Iteration: 898	1559	1791	2126.08	2608
Iteration: 899	1559	1720	2063.2	2678
Iteration: 900	1559	1834	2089.92	2630
Iteration: 901	1559	1788	2122.16	2516
Iteration: 902	1559	1679	2015	2600
Iteration: 903	1559	1813	2121.68	2538
Iteration: 904	1559	1763	2176.24	3087
Iteration: 905	1559	1780	2122.16	2435
Iteration: 906	1559	1800	2252.4	2923
Iteration: 907	1559	1837	2113	2847
Iteration: 908	1559	1742	2124.68	2455
Iteration: 909	1559	1801	2136.44	2477
Iteration: 910	1559	1800	2176.68	2596
Iteration: 911	1559	1801	2076.12	2618
Iteration: 912	1559	1888	2185.28	3201
Iteration: 913	1559	1897	2161.88	2643
Iteration: 914	1559	1827	2059	2430
Iteration: 915	1559	1869	2149.36	2520
Iteration: 916	1559	1848	2150.68	2632
Iteration: 917	1559	1685	2080.4	2371
Iteration: 918	1559	1654	2115.76	2993
Iteration: 919	1559	1891	2133.72	2382
Iteration: 920	1559	1753	2194.6	2762
Iteration: 921	1559	1615	2037.68	2601
Iteration: 922	1559	1868	2184.56	2576
Iteration: 923	1559	1663	2229.12	2814
Iteration: 924	1559	1667	2074.92	2553
Iteration: 925	1559	1780	2138.24	2953
Iteration: 926	1559	1746	2053.16	2709
Iteration: 927	1559	1865	2159.48	2884
Iteration: 928	1559	1782	2126.44	2383
Iteration: 929	1559	1807	2184.92	3265
Iteration: 930	1559	1739	2164.64	2759
Iteration: 931	1559	1754	2098.16	2768
Iteration: 932	1559	1832	2113.6	2624
Iteration: 933	1559	1805	2190.96	2674
Iteration: 934	1559	1807	2142.28	2825
Iteration: 935	1559	1771	2132.16	2718
Iteration: 936	1559	1813	2157.56	2933
Iteration: 937	1559	1642	2104.52	2685
Iteration: 938	1559	1896	2203.16	2754
Iteration: 939	1559	1871	2176.88	2581
Iteration: 940	1559	1882	2207.28	2665
Iteration: 941	1559	1897	2141.88	2779
Iteration: 942	1559	1861	2183.2	2811
Iteration: 943	1559	1856	2194.84	2582
Iteration: 944	1559	1794	2090.4	2830
Iteration: 945	1559	1731	2127.68	2731
Iteration: 946	1559	1793	2085.88	2599
Iteration: 947	1559	1862	2125.84	2488
Iteration: 948	1559	1691	2130.56	2504
Iteration: 949	1559	1677	2094.08	2803
Iteration: 950	1559	1712	2112.36	2611
Iteration: 951	1559	1824	2111.2	2800
Iteration: 952	1559	1852	2177.52	2535
Iteration: 953	1559	1841	2123.36	2697
Iteration: 954	1559	1738	2152.48	2969
Iteration: 955	1559	1891	2204.4	2681
Iteration: 956	1559	1756	2126.32	2641
Iteration: 957	1559	1757	2129.48	2459
Iteration: 958	1559	1854	2146.16	2826
Iteration: 959	1559	1679	2151.72	2922
Iteration: 960	1559	1653	2136.32	2361
Iteration: 961	1559	1719	2084.32	2539
Iteration: 962	1559	1827	2128.56	2742
Iteration: 963	1559	1876	2145.6	2498
Iteration: 964	1559	1911	2161.24	2535
Iteration: 965	1559	1841	2176.32	2620
Iteration: 966	1559	1810	2112.04	3127
Iteration: 967	1559	1820	2135	2765
Iteration: 968	1559	1679	2142.2	2569
Iteration: 969	1559	1894	2123.44	2539
Iteration: 970	1559	1770	2055.2	2310
Iteration: 971	1559	1856	2111.96	2364
Iteration: 972	1559	1715	2107.92	2527
Iteration: 973	1559	1746	2135.16	2617
Iteration: 974	1559	1744	2148.16	2737
Iteration: 975	1559	1746	2072.72	2613
Iteration: 976	1559	1812	2091.4	2353
Iteration: 977	1559	1699	2083.8	2697
Iteration: 978	1559	1791	2118.88	2535
Iteration: 979	1559	1817	2226.88	2724
Iteration: 980	1559	1819	2130.84	2697
Iteration: 981	1559	1723	2160.92	2508
Iteration: 982	1559	1832	2163.28	2725
Iteration: 983	1559	1794	2148.64	2523
Iteration: 984	1559	1720	2108.64	2944
Iteration: 985	1559	1765	2175.6	2705
Iteration: 986	1559	1814	2179.28	2732
Iteration: 987	1559	1750	2196.76	2678
Iteration: 988	1559	1857	2137.64	2835
Iteration: 989	1559	1856	2112.52	2929
Iteration: 990	1559	1758	2085.76	2707
Iteration: 991	1559	1803	2131.24	2777
Iteration: 992	1559	1731	2139.84	2502
Iteration: 993	1559	1722	2040.24	2525
Iteration: 994	1559	1701	2017.88	2305
Iteration: 995	1559	1803	2148.12	2573
Iteration: 996	1559	1757	2190.88	2577
Iteration: 997	1559	1772	2113.4	2494
Iteration: 998	1559	1769	2226.68	2814
Iteration: 999	1559	1790	2173.28	2498
