Iteration: 0	1684	1684	2143.86	2640
Iteration: 1	1684	1773	2102.94	2575
Iteration: 2	1684	1774	2107.78	2628
Iteration: 3	1684	1696	2076.98	2513
Iteration: 4	1684	1724	2095.12	2461
Iteration: 5	1684	1697	2105.62	2554
Iteration: 6	1684	1758	2107.92	2427
Iteration: 7	1684	1852	2136.84	2637
Iteration: 8	1684	1784	2135.04	2803
Iteration: 9	1684	1852	2152.84	2704
Iteration: 10	1684	1695	2125.94	2687
Iteration: 11	1632	1632	2045.8	2604
Iteration: 12	1632	1677	2100.68	2764
Iteration: 13	1632	1824	2153.24	2931
Iteration: 14	1632	1654	2136.04	2697
Iteration: 15	1632	1754	2094.3	2614
Iteration: 16	1632	1657	2146.46	2648
Iteration: 17	1632	1818	2093.88	2784
Iteration: 18	1632	1687	2152.34	2565
Iteration: 19	1632	1817	2108.8	2796
Iteration: 20	1632	1682	2118.2	2804
Iteration: 21	1632	1759	2100.1	2670
Iteration: 22	1632	1690	2103.94	2569
Iteration: 23	1632	1795	2127.12	2785
Iteration: 24	1632	1770	2121.02	2561
Iteration: 25	1632	1736	2059.68	2418
Iteration: 26	1632	1698	2143.1	2929
Iteration: 27	1632	1745	2120.44	2919
Iteration: 28	1632	1807	2112.3	2689
Iteration: 29	1632	1794	2097.92	2513
Iteration: 30	1632	1749	2121.8	2675
Iteration: 31	1632	1764	2117.94	2696
Iteration: 32	1632	1769	2097.72	2699
Iteration: 33	1632	1805	2150.5	2826
Iteration: 34	1632	1735	2063.74	2516
Iteration: 35	1632	1675	2112.18	2589
Iteration: 36	1632	1763	2125.08	2559
Iteration: 37	1632	1739	2129.76	2589
Iteration: 38	1632	1884	2147.52	2859
Iteration: 39	1632	1726	2089.12	2675
Iteration: 40	1632	1778	2172.96	2895
Iteration: 41	1632	1728	2071.62	2447
Iteration: 42	1632	1674	2101.72	2750
Iteration: 43	1632	1713	2105.98	2759
Iteration: 44	1632	1754	2122.82	2680
Iteration: 45	1632	1695	2128.36	2589
Iteration: 46	1632	1806	2190.3	2963
Iteration: 47	1632	1814	2146.68	2743
Iteration: 48	1632	1752	2102.6	2544
Iteration: 49	1632	1782	2119.42	2665
Iteration: 50	1632	1744	2134.42	2649
Iteration: 51	1632	1709	2061.22	2454
Iteration: 52	1632	1735	2087.4	2932
Iteration: 53	1632	1759	2089.66	2606
Iteration: 54	1632	1770	2091.44	2545
Iteration: 55	1632	1855	2136.22	2709
Iteration: 56	1632	1762	2110.6	2635
Iteration: 57	1632	1650	2173.12	2655
Iteration: 58	1632	1701	2082.16	2619
Iteration: 59	1632	1733	2109.96	2546
Iteration: 60	1632	1834	2124.06	2774
Iteration: 61	1632	1676	2104.7	2828
Iteration: 62	1632	1659	2095.5	2605
Iteration: 63	1632	1833	2113.96	2744
Iteration: 64	1632	1762	2084.92	2662
Iteration: 65	1632	1777	2120.78	2807
Iteration: 66	1632	1743	2120.04	2747
Iteration: 67	1632	1808	2112.78	2685
Iteration: 68	1632	1732	2092.58	2561
Iteration: 69	1632	1716	2130.92	2798
Iteration: 70	1632	1705	2056.8	2556
Iteration: 71	1632	1727	2092.86	2627
Iteration: 72	1632	1701	2108.76	2558
Iteration: 73	1632	1733	2077.54	2665
Iteration: 74	1632	1791	2096.02	2522
Iteration: 75	1632	1751	2155.2	2691
Iteration: 76	1632	1705	2115.06	2792
Iteration: 77	1632	1793	2092.04	2543
Iteration: 78	1632	1752	2128.28	2859
Iteration: 79	1623	1623	2137.88	2679
Iteration: 80	1623	1657	2064.58	2771
Iteration: 81	1623	1674	2074.96	2547
Iteration: 82	1623	1838	2091.44	2578
Iteration: 83	1623	1842	2077.12	2697
Iteration: 84	1623	1857	2138.16	2507
Iteration: 85	1623	1788	2074.22	2954
Iteration: 86	1623	1854	2112.34	2707
Iteration: 87	1623	1792	2107.9	2552
Iteration: 88	1623	1789	2097.9	2593
Iteration: 89	1623	1820	2068.64	2854
Iteration: 90	1623	1795	2112.4	2887
Iteration: 91	1623	1723	2098.12	2489
Iteration: 92	1623	1752	2137.3	2544
Iteration: 93	1623	1797	2094.9	2747
Iteration: 94	1623	1782	2106.02	2836
Iteration: 95	1587	1587	2095.48	2732
Iteration: 96	1587	1698	2083.3	2740
Iteration: 97	1587	1824	2109.28	2737
Iteration: 98	1587	1809	2080.54	2724
Iteration: 99	1587	1789	2123.64	2582
Iteration: 100	1587	1710	2142.4	2544
Iteration: 101	1587	1845	2125.74	2560
Iteration: 102	1587	1709	2083.66	3117
Iteration: 103	1587	1736	2096.04	2618
Iteration: 104	1587	1734	2111.76	2797
Iteration: 105	1587	1695	2077	2573
Iteration: 106	1551	1551	2061.72	2622
Iteration: 107	1551	1708	2080.32	2520
Iteration: 108	1551	1777	2088.02	2649
Iteration: 109	1551	1769	2090.58	2649
Iteration: 110	1551	1729	2089.52	2578
Iteration: 111	1551	1767	2146.58	2658
Iteration: 112	1551	1734	2089.58	2616
Iteration: 113	1551	1772	2128.18	3004
Iteration: 114	1551	1819	2135.76	2784
Iteration: 115	1551	1716	2117.64	2664
Iteration: 116	1551	1680	2126.76	2643
Iteration: 117	1551	1780	2126.32	2983
Iteration: 118	1551	1813	2106.86	2472
Iteration: 119	1551	1744	2108.72	2691
Iteration: 120	1551	1718	2099.46	2762
Iteration: 121	1551	1836	2126.92	2712
Iteration: 122	1551	1764	2114.82	2541
Iteration: 123	1551	1785	2124.34	2508
Iteration: 124	1551	1866	2132.24	2452
Iteration: 125	1551	1661	2127.3	2611
Iteration: 126	1551	1617	2096.58	2435
Iteration: 127	1551	1759	2101.04	2720
Iteration: 128	1551	1776	2104.56	2633
Iteration: 129	1551	1697	2099.64	2514
Iteration: 130	1551	1799	2109.28	2598
Iteration: 131	1551	1737	2083.24	2524
Iteration: 132	1551	1748	2144.76	2647
Iteration: 133	1551	1728	2110.68	2502
Iteration: 134	1551	1726	2148.8	2606
Iteration: 135	1551	1758	2102.36	2749
Iteration: 136	1551	1778	2117.94	2626
Iteration: 137	1551	1602	2084.32	2647
Iteration: 138	1551	1597	2111.96	2550
Iteration: 139	1551	1723	2121.62	2496
Iteration: 140	1551	1809	2086.04	2615
Iteration: 141	1551	1720	2097.52	2535
Iteration: 142	1551	1768	2112.98	2475
Iteration: 143	1551	1770	2132.36	2790
Iteration: 144	1551	1720	2148.56	2607
Iteration: 145	1551	1686	2075.62	2572
Iteration: 146	1551	1695	2111.18	2554
Iteration: 147	1551	1752	2107.18	2554
Iteration: 148	1551	1784	2119.68	2694
Iteration: 149	1551	1792	2100.66	2571
Iteration: 150	1551	1762	2111.7	2597
Iteration: 151	1551	1706	2117.84	2662
Iteration: 152	1551	1766	2112.02	2544
Iteration: 153	1551	1747	2123.76	2745
Iteration: 154	1551	1788	2165.94	2730
Iteration: 155	1551	1738	2093.52	2555
Iteration: 156	1551	1774	2041.36	2527
Iteration: 157	1551	1813	2085.86	2369
Iteration: 158	1551	1699	2142.56	2641
Iteration: 159	1551	1800	2141.32	2634
Iteration: 160	1551	1760	2053.18	2300
Iteration: 161	1551	1813	2089.96	2487
Iteration: 162	1551	1792	2126.06	2725
Iteration: 163	1551	1706	2131.5	2726
Iteration: 164	1551	1749	2084.74	2451
Iteration: 165	1551	1710	2072.7	2570
Iteration: 166	1551	1816	2123	2684
Iteration: 167	1551	1810	2126.56	2462
Iteration: 168	1551	1751	2115.5	2558
Iteration: 169	1551	1737	2078.86	2827
Iteration: 170	1551	1718	2106.54	2662
Iteration: 171	1551	1697	2056.64	2541
Iteration: 172	1551	1668	2069.88	2384
Iteration: 173	1551	1670	2094.72	2743
Iteration: 174	1551	1739	2069.26	2502
Iteration: 175	1551	1762	2126.38	2545
Iteration: 176	1551	1735	2071.66	2526
Iteration: 177	1551	1799	2150.94	2453
Iteration: 178	1551	1740	2110.04	2615
Iteration: 179	1551	1718	2127.34	2601
Iteration: 180	1551	1738	2088.56	2392
Iteration: 181	1551	1804	2102.16	2521
Iteration: 182	1551	1734	2148.9	2666
Iteration: 183	1551	1720	2114.26	2715
Iteration: 184	1551	1869	2129.84	2467
Iteration: 185	1551	1768	2143.16	2689
Iteration: 186	1551	1824	2117.14	2871
Iteration: 187	1551	1794	2137.84	2783
Iteration: 188	1551	1750	2148.08	2904
Iteration: 189	1551	1820	2143.86	2922
Iteration: 190	1551	1713	2076.32	2414
Iteration: 191	1551	1560	2137.8	2538
Iteration: 192	1551	1710	2131.8	2929
Iteration: 193	1551	1738	2124.76	2690
Iteration: 194	1551	1787	2143.88	3007
Iteration: 195	1551	1755	2131.94	2984
Iteration: 196	1551	1715	2134.18	2762
Iteration: 197	1551	1755	2117.5	2702
Iteration: 198	1551	1804	2144.64	2574
Iteration: 199	1551	1813	2093.64	2601
Iteration: 200	1551	1717	2122.3	2667
Iteration: 201	1551	1709	2084.66	2629
Iteration: 202	1551	1694	2185.18	2722
Iteration: 203	1551	1753	2097.22	2814
Iteration: 204	1551	1699	2116.08	2865
Iteration: 205	1551	1825	2087.2	2768
Iteration: 206	1551	1714	2062.74	2646
Iteration: 207	1551	1731	2107.64	2825
Iteration: 208	1551	1691	2064.54	2398
Iteration: 209	1551	1788	2118.34	2659
Iteration: 210	1551	1773	2119.52	2517
Iteration: 211	1551	1819	2138.98	2605
Iteration: 212	1551	1777	2102.84	2911
Iteration: 213	1551	1736	2089.78	2905
Iteration: 214	1551	1744	2189.44	2900
Iteration: 215	1551	1861	2145.82	2639
Iteration: 216	1551	1706	2101.04	2547
Iteration: 217	1551	1818	2156.96	2775
Iteration: 218	1551	1743	2128.58	2726
Iteration: 219	1551	1783	2077.86	2352
Iteration: 220	1551	1755	2116.06	2935
Iteration: 221	1551	1737	2138.8	2555
Iteration: 222	1551	1669	2098.78	2741
Iteration: 223	1551	1692	2089.58	2587
Iteration: 224	1551	1796	2105.36	2481
Iteration: 225	1551	1715	2058.88	2492
Iteration: 226	1551	1752	2149.34	3080
Iteration: 227	1551	1701	2119.26	2816
Iteration: 228	1551	1857	2181.64	2822
Iteration: 229	1551	1816	2163.92	2635
Iteration: 230	1551	1744	2077.22	2550
Iteration: 231	1551	1670	2082.7	2629
Iteration: 232	1551	1806	2070.8	2643
Iteration: 233	1551	1747	2132.38	2882
Iteration: 234	1551	1736	2106.58	2597
Iteration: 235	1551	1664	2207.48	2665
Iteration: 236	1551	1729	2120.32	2673
Iteration: 237	1551	1780	2141.42	2656
Iteration: 238	1551	1644	2091.36	2676
Iteration: 239	1551	1733	2118.06	2676
Iteration: 240	1551	1743	2080.92	2639
Iteration: 241	1551	1710	2065.42	2539
Iteration: 242	1551	1731	2093.32	2714
Iteration: 243	1551	1608	2103.26	2638
Iteration: 244	1551	1764	2101.36	2906
Iteration: 245	1551	1744	2103.1	2772
Iteration: 246	1551	1742	2104.22	2819
Iteration: 247	1551	1711	2086.08	2715
Iteration: 248	1551	1693	2067.98	3000
Iteration: 249	1551	1767	2121.74	3037
Iteration: 250	1551	1746	2101.14	2889
Iteration: 251	1551	1671	2110.36	2670
Iteration: 252	1551	1823	2125.24	2672
Iteration: 253	1551	1803	2082.5	2622
Iteration: 254	1551	1793	2128.4	2674
Iteration: 255	1551	1810	2096.24	2698
Iteration: 256	1551	1765	2111.94	2711
Iteration: 257	1551	1850	2146.28	2826
Iteration: 258	1551	1794	2074.64	2431
Iteration: 259	1551	1646	2095.64	2642
Iteration: 260	1551	1701	2134.74	2848
Iteration: 261	1551	1732	2121.42	2683
Iteration: 262	1551	1617	2106.62	2627
Iteration: 263	1551	1678	2150.26	2778
Iteration: 264	1551	1805	2110.24	2827
Iteration: 265	1551	1795	2124.04	2701
Iteration: 266	1551	1560	2071.66	2579
Iteration: 267	1551	1731	2106.5	2871
Iteration: 268	1551	1669	2104.82	2588
Iteration: 269	1551	1785	2094.52	2694
Iteration: 270	1551	1716	2076.28	2508
Iteration: 271	1551	1693	2143.94	2842
Iteration: 272	1551	1668	2058.04	2501
Iteration: 273	1551	1719	2074.72	2561
Iteration: 274	1551	1834	2111.26	2682
Iteration: 275	1551	1790	2121.56	2935
Iteration: 276	1551	1744	2094.34	2891
Iteration: 277	1551	1822	2065.36	2444
Iteration: 278	1551	1710	2084.18	2690
Iteration: 279	1551	1768	2139.42	3023
Iteration: 280	1551	1772	2103.62	2840
Iteration: 281	1551	1809	2117.14	2531
Iteration: 282	1551	1800	2091.72	2663
Iteration: 283	1551	1747	2119.66	2441
Iteration: 284	1551	1732	2116.12	2759
Iteration: 285	1551	1769	2070.74	2487
Iteration: 286	1551	1656	2127.62	2647
Iteration: 287	1551	1785	2098.96	2685
Iteration: 288	1551	1821	2113.48	2472
Iteration: 289	1551	1686	2094.2	2797
Iteration: 290	1551	1749	2065.26	2589
Iteration: 291	1551	1672	2137.04	2956
Iteration: 292	1551	1726	2172.52	2841
Iteration: 293	1551	1739	2153.8	2891
Iteration: 294	1551	1661	2110.26	2900
Iteration: 295	1551	1767	2142.74	2631
Iteration: 296	1551	1699	2133.5	2558
Iteration: 297	1551	1705	2125.26	2804
Iteration: 298	1551	1551	2063.52	2410
Iteration: 299	1551	1761	2197.82	2929
