Iteration: 0	1803	1803	2136.88	2716
Iteration: 1	1662	1662	2156.82	2644
Iteration: 2	1589	1589	2147.48	2613
Iteration: 3	1589	1778	2098.86	2551
Iteration: 4	1589	1803	2093.58	2513
Iteration: 5	1589	1745	2135.26	2739
Iteration: 6	1589	1842	2111.48	2580
Iteration: 7	1583	1583	2016.82	2410
Iteration: 8	1583	1741	2049.38	2463
Iteration: 9	1583	1733	2131.36	2850
Iteration: 10	1583	1703	2126.06	2638
Iteration: 11	1583	1763	2112.42	2577
Iteration: 12	1583	1724	2112.26	2640
Iteration: 13	1583	1690	2079.36	2551
Iteration: 14	1575	1575	2044.74	2556
Iteration: 15	1575	1661	2098.94	2534
Iteration: 16	1575	1716	2157.64	2659
Iteration: 17	1575	1698	2097.72	2507
Iteration: 18	1575	1802	2132.18	2761
Iteration: 19	1575	1794	2118.7	2597
Iteration: 20	1575	1691	2067.98	2646
Iteration: 21	1575	1744	2106.12	2580
Iteration: 22	1575	1725	2106.66	2517
Iteration: 23	1575	1745	2125.34	2674
Iteration: 24	1575	1763	2113.64	2522
Iteration: 25	1575	1702	2082.76	2717
Iteration: 26	1575	1697	2134.3	2793
Iteration: 27	1575	1805	2115.72	2694
Iteration: 28	1575	1794	2120.62	2807
Iteration: 29	1575	1828	2112.82	2521
Iteration: 30	1575	1791	2095.4	2541
Iteration: 31	1575	1812	2082.06	2631
Iteration: 32	1575	1617	2098.82	2733
Iteration: 33	1575	1747	2114.34	2908
Iteration: 34	1575	1794	2114.58	2712
Iteration: 35	1575	1666	2126.96	2638
Iteration: 36	1575	1652	2089.3	2500
Iteration: 37	1575	1763	2107.34	2990
Iteration: 38	1575	1748	2124.46	2624
Iteration: 39	1575	1735	2091.1	2581
Iteration: 40	1575	1728	2061.08	2646
Iteration: 41	1575	1668	2089.04	2579
Iteration: 42	1575	1789	2111.2	2652
Iteration: 43	1575	1696	2102.42	2590
Iteration: 44	1575	1714	2081.24	2588
Iteration: 45	1575	1728	2102.98	2618
Iteration: 46	1575	1794	2129.6	2617
Iteration: 47	1575	1727	2106.3	2505
Iteration: 48	1575	1713	2109	2602
Iteration: 49	1575	1810	2154.36	2560
Iteration: 50	1575	1751	2115.12	2593
Iteration: 51	1575	1680	2058.54	2602
Iteration: 52	1575	1686	2097.94	2522
Iteration: 53	1575	1693	2108.24	2788
Iteration: 54	1575	1794	2125.96	2816
Iteration: 55	1575	1713	2135.18	2753
Iteration: 56	1575	1798	2127.02	2620
Iteration: 57	1575	1716	2121.54	2604
Iteration: 58	1575	1667	2126.04	2609
Iteration: 59	1575	1711	2154.18	3043
Iteration: 60	1575	1725	2106.52	2732
Iteration: 61	1575	1753	2111.16	2517
Iteration: 62	1575	1734	2097.38	2836
Iteration: 63	1575	1841	2109.6	2554
Iteration: 64	1575	1719	2095.68	2604
Iteration: 65	1575	1734	2129.74	2725
Iteration: 66	1575	1748	2091.84	2491
Iteration: 67	1575	1873	2146	2604
Iteration: 68	1575	1832	2099.7	2472
Iteration: 69	1575	1782	2101.98	2630
Iteration: 70	1575	1778	2094.8	2528
Iteration: 71	1575	1798	2106.1	2609
Iteration: 72	1575	1682	2104.06	2594
Iteration: 73	1575	1830	2147.24	2877
Iteration: 74	1575	1786	2121.72	2658
Iteration: 75	1575	1812	2110.26	2695
Iteration: 76	1575	1746	2070.52	2472
Iteration: 77	1575	1726	2112.24	2572
Iteration: 78	1575	1702	2108.64	2547
Iteration: 79	1575	1696	2141.14	2748
Iteration: 80	1575	1844	2077.14	2527
Iteration: 81	1575	1859	2099.2	2565
Iteration: 82	1575	1799	2087.62	2662
Iteration: 83	1575	1757	2091.44	2532
Iteration: 84	1575	1724	2093.66	2530
Iteration: 85	1575	1793	2080.06	2473
Iteration: 86	1575	1759	2129	2675
Iteration: 87	1575	1698	2105.12	2550
Iteration: 88	1575	1716	2090.68	2568
Iteration: 89	1575	1615	2088.96	2803
Iteration: 90	1575	1682	2053.74	2570
Iteration: 91	1575	1752	2102.34	2609
Iteration: 92	1575	1709	2068.84	2762
Iteration: 93	1575	1727	2136.78	2553
Iteration: 94	1575	1685	2071.82	2486
Iteration: 95	1575	1817	2053.54	2509
Iteration: 96	1575	1694	2114.14	2573
Iteration: 97	1575	1720	2104.6	2755
Iteration: 98	1575	1763	2076.92	2496
Iteration: 99	1575	1674	2056.04	3069
Iteration: 100	1575	1714	2120.66	3206
Iteration: 101	1575	1699	2093.82	2584
Iteration: 102	1575	1766	2118.7	2632
Iteration: 103	1575	1794	2119.74	2828
Iteration: 104	1575	1765	2106.5	2547
Iteration: 105	1575	1720	2166.9	2608
Iteration: 106	1575	1665	2103.32	2765
Iteration: 107	1575	1724	2125.06	2812
Iteration: 108	1575	1723	2105.1	2601
Iteration: 109	1575	1717	2094.56	2577
Iteration: 110	1575	1707	2079.58	2534
Iteration: 111	1575	1806	2163.72	2654
Iteration: 112	1575	1805	2095.26	2542
Iteration: 113	1575	1720	2075	2736
Iteration: 114	1575	1779	2142.06	2866
Iteration: 115	1575	1752	2116.76	2506
Iteration: 116	1575	1697	2103.02	2710
Iteration: 117	1575	1804	2093.86	2709
Iteration: 118	1575	1749	2133.18	2659
Iteration: 119	1575	1802	2106.9	2719
Iteration: 120	1575	1694	2065.56	2565
Iteration: 121	1575	1666	2099.98	2513
Iteration: 122	1575	1732	2124.88	2896
Iteration: 123	1575	1769	2125.42	2522
Iteration: 124	1575	1819	2154.94	2775
Iteration: 125	1575	1819	2119.88	2672
Iteration: 126	1575	1732	2125.56	2640
Iteration: 127	1575	1748	2096.28	2615
Iteration: 128	1575	1669	2131.94	2642
Iteration: 129	1575	1811	2149.32	2623
Iteration: 130	1575	1749	2057.6	2403
Iteration: 131	1575	1645	2105.48	2711
Iteration: 132	1575	1798	2113.28	2570
Iteration: 133	1575	1742	2086.44	2561
Iteration: 134	1575	1764	2144.94	2693
Iteration: 135	1575	1798	2146.78	2668
Iteration: 136	1575	1739	2158.84	2917
Iteration: 137	1575	1754	2093.32	2504
Iteration: 138	1575	1847	2118.64	2609
Iteration: 139	1575	1705	2079.8	2530
Iteration: 140	1575	1725	2123.12	2698
Iteration: 141	1575	1793	2134.62	2711
Iteration: 142	1575	1653	2087.28	2577
Iteration: 143	1575	1646	2101.46	2573
Iteration: 144	1575	1802	2149.58	2666
Iteration: 145	1575	1791	2073.78	2656
Iteration: 146	1575	1681	2143.04	3067
Iteration: 147	1575	1765	2097.54	2544
Iteration: 148	1575	1706	2099.8	2645
Iteration: 149	1575	1738	2103.58	2551
Iteration: 150	1575	1740	2122.22	2519
Iteration: 151	1575	1730	2133.68	2716
Iteration: 152	1575	1768	2124.06	2642
Iteration: 153	1575	1680	2072.62	2455
Iteration: 154	1575	1768	2114.44	2563
Iteration: 155	1575	1801	2128.68	2590
Iteration: 156	1575	1751	2090.94	2589
Iteration: 157	1575	1842	2137.34	2593
Iteration: 158	1575	1720	2145.44	2494
Iteration: 159	1575	1804	2132.48	2851
Iteration: 160	1575	1710	2090.76	2718
Iteration: 161	1575	1776	2154.68	2858
Iteration: 162	1575	1788	2144.62	2597
Iteration: 163	1575	1812	2132.2	2809
Iteration: 164	1575	1748	2114.5	2574
Iteration: 165	1575	1698	2122.3	2965
Iteration: 166	1575	1765	2153.3	2760
Iteration: 167	1575	1704	2132.48	2736
Iteration: 168	1575	1725	2066.8	2526
Iteration: 169	1575	1838	2125.78	2529
Iteration: 170	1575	1673	2115.68	2708
Iteration: 171	1575	1767	2125.56	2699
Iteration: 172	1575	1769	2136.46	2939
Iteration: 173	1575	1728	2108.76	2837
Iteration: 174	1575	1710	2141.02	2592
Iteration: 175	1575	1844	2133.82	2756
Iteration: 176	1575	1733	2126.56	2785
Iteration: 177	1575	1740	2109.36	2559
Iteration: 178	1575	1797	2143.48	2679
Iteration: 179	1575	1734	2154.28	2569
Iteration: 180	1575	1723	2109.46	2643
Iteration: 181	1575	1797	2105.28	2513
Iteration: 182	1575	1790	2098.42	2996
Iteration: 183	1575	1808	2155.32	2679
Iteration: 184	1575	1721	2122.32	2687
Iteration: 185	1575	1819	2133.04	2708
Iteration: 186	1575	1729	2092.5	2560
Iteration: 187	1575	1686	2119.1	2624
Iteration: 188	1575	1727	2091.24	2791
Iteration: 189	1575	1724	2070.86	2582
Iteration: 190	1575	1673	2083.38	2520
Iteration: 191	1575	1766	2125.32	2876
Iteration: 192	1575	1632	2114.08	2567
Iteration: 193	1575	1737	2104.04	2550
Iteration: 194	1575	1708	2068.32	2494
Iteration: 195	1575	1754	2115.18	2591
Iteration: 196	1575	1614	2118.1	2645
Iteration: 197	1575	1652	2091.88	2638
Iteration: 198	1575	1728	2132.48	2686
Iteration: 199	1575	1761	2127.22	2948
Iteration: 200	1575	1695	2110.76	2456
Iteration: 201	1575	1778	2124.56	2482
Iteration: 202	1575	1704	2093.98	2866
Iteration: 203	1575	1715	2094.44	2646
Iteration: 204	1575	1805	2152.34	2652
Iteration: 205	1575	1724	2105.94	2685
Iteration: 206	1575	1796	2120.04	2757
Iteration: 207	1575	1773	2142.46	2506
Iteration: 208	1575	1744	2136.66	2631
Iteration: 209	1575	1780	2098.16	2626
Iteration: 210	1575	1690	2119.04	2842
Iteration: 211	1575	1828	2126.16	2679
Iteration: 212	1575	1691	2123.6	2687
Iteration: 213	1575	1792	2122.6	2642
Iteration: 214	1575	1806	2106.76	2753
Iteration: 215	1575	1781	2086.02	3116
Iteration: 216	1575	1765	2108.58	2738
Iteration: 217	1575	1727	2088.6	2644
Iteration: 218	1575	1758	2138	2740
Iteration: 219	1575	1653	2046.14	2551
Iteration: 220	1575	1694	2119.22	2518
Iteration: 221	1575	1740	2099.44	2828
Iteration: 222	1575	1707	2101.14	2596
Iteration: 223	1575	1639	2108.76	2902
Iteration: 224	1575	1650	2103.32	2472
Iteration: 225	1575	1686	2134.7	2794
Iteration: 226	1575	1695	2082.26	2597
Iteration: 227	1575	1693	2115.28	2616
Iteration: 228	1575	1745	2123.66	2612
Iteration: 229	1575	1697	2137.64	2661
Iteration: 230	1575	1794	2129.48	3253
Iteration: 231	1575	1781	2104.02	2529
Iteration: 232	1575	1761	2065.52	2466
Iteration: 233	1575	1742	2128.58	2607
Iteration: 234	1575	1814	2104.96	2793
Iteration: 235	1575	1732	2129.62	3107
Iteration: 236	1575	1776	2113.58	2758
Iteration: 237	1575	1802	2100.86	2567
Iteration: 238	1575	1791	2116.86	2664
Iteration: 239	1575	1707	2095.16	2610
Iteration: 240	1575	1730	2089.48	2498
Iteration: 241	1575	1752	2082.94	2792
Iteration: 242	1575	1658	2101.92	2772
Iteration: 243	1575	1749	2116.9	2500
Iteration: 244	1575	1801	2129.34	2716
Iteration: 245	1575	1767	2101.28	2808
Iteration: 246	1575	1803	2092.66	2591
Iteration: 247	1575	1733	2093.14	2538
Iteration: 248	1575	1652	2084.68	2506
Iteration: 249	1575	1704	2115.2	2828
Iteration: 250	1535	1535	2084.06	3023
Iteration: 251	1535	1656	2102.72	2696
Iteration: 252	1535	1709	2108.74	2716
Iteration: 253	1535	1657	2053.4	2555
Iteration: 254	1535	1771	2110.92	2463
Iteration: 255	1535	1692	2059.72	2526
Iteration: 256	1535	1699	2095.5	2757
Iteration: 257	1535	1717	2074.14	2894
Iteration: 258	1535	1790	2180.5	2744
Iteration: 259	1535	1685	2093.28	2585
Iteration: 260	1535	1819	2121.62	2553
Iteration: 261	1535	1666	2093.06	2942
Iteration: 262	1535	1775	2123.92	2578
Iteration: 263	1535	1786	2171.76	2819
Iteration: 264	1535	1686	2072.84	2446
Iteration: 265	1535	1719	2101.6	2603
Iteration: 266	1535	1644	2091.94	2679
Iteration: 267	1535	1812	2093.98	2628
Iteration: 268	1535	1695	2093.84	2598
Iteration: 269	1535	1804	2115.46	2526
Iteration: 270	1535	1730	2114.68	3051
Iteration: 271	1535	1748	2105.78	2790
Iteration: 272	1535	1731	2129.9	2672
Iteration: 273	1535	1603	2093.48	2825
Iteration: 274	1535	1701	2102.32	2506
Iteration: 275	1535	1764	2094.96	2708
Iteration: 276	1535	1805	2124.18	2816
Iteration: 277	1535	1832	2119	2777
Iteration: 278	1535	1809	2132.38	2637
Iteration: 279	1535	1648	2079.16	2882
Iteration: 280	1535	1690	2114.62	2780
Iteration: 281	1535	1812	2151.96	2583
Iteration: 282	1535	1772	2084.94	2587
Iteration: 283	1535	1828	2138.68	2701
Iteration: 284	1535	1731	2106.02	2725
Iteration: 285	1535	1713	2128.88	2687
Iteration: 286	1535	1769	2151.2	2529
Iteration: 287	1535	1679	2047.16	2434
Iteration: 288	1535	1690	2086.26	2635
Iteration: 289	1535	1742	2117.7	2529
Iteration: 290	1535	1802	2108.4	2689
Iteration: 291	1535	1719	2086.52	2575
Iteration: 292	1535	1794	2138.24	2635
Iteration: 293	1535	1714	2109.78	2756
Iteration: 294	1535	1779	2076.34	2840
Iteration: 295	1535	1775	2124.18	2596
Iteration: 296	1535	1775	2160.36	2635
Iteration: 297	1535	1724	2097.66	2536
Iteration: 298	1535	1713	2079.44	2617
Iteration: 299	1535	1733	2123.8	2697
Iteration: 300	1535	1764	2137.78	2641
Iteration: 301	1535	1740	2119.74	2959
Iteration: 302	1535	1684	2081.88	2528
Iteration: 303	1535	1780	2205.74	2780
Iteration: 304	1535	1701	2072.52	2484
Iteration: 305	1535	1786	2098.62	2654
Iteration: 306	1535	1736	2103.28	2643
Iteration: 307	1535	1771	2141	2564
Iteration: 308	1535	1732	2085.42	2525
Iteration: 309	1535	1686	2113.6	2532
Iteration: 310	1535	1678	2100.82	2826
Iteration: 311	1535	1697	2101.78	2819
Iteration: 312	1535	1726	2049.96	2520
Iteration: 313	1535	1689	2105.12	2533
Iteration: 314	1535	1779	2122.18	2669
Iteration: 315	1535	1785	2139.74	2572
Iteration: 316	1535	1742	2094.7	2610
Iteration: 317	1535	1759	2118.26	2611
Iteration: 318	1535	1719	2068.94	2496
Iteration: 319	1535	1755	2116.58	2656
Iteration: 320	1535	1783	2126.04	2867
Iteration: 321	1535	1761	2143.1	2854
Iteration: 322	1535	1739	2112.4	2513
Iteration: 323	1535	1834	2134.94	2496
Iteration: 324	1535	1780	2108.9	2647
Iteration: 325	1535	1781	2124.1	2719
Iteration: 326	1535	1717	2123.82	2742
Iteration: 327	1535	1815	2097.56	2975
Iteration: 328	1535	1711	2072.18	2614
Iteration: 329	1535	1728	2151.62	2621
Iteration: 330	1535	1799	2141.86	2506
Iteration: 331	1535	1777	2085.76	2524
Iteration: 332	1535	1690	2119.86	2718
Iteration: 333	1535	1782	2161.48	2574
Iteration: 334	1535	1746	2100.38	2695
Iteration: 335	1535	1761	2075.48	2475
Iteration: 336	1535	1725	2152.66	2726
Iteration: 337	1535	1618	2069.36	2646
Iteration: 338	1535	1748	2116.86	2721
Iteration: 339	1535	1859	2113.3	2911
Iteration: 340	1535	1733	2135.68	2639
Iteration: 341	1535	1715	2088.88	2593
Iteration: 342	1535	1654	2132.4	2959
Iteration: 343	1535	1713	2089.94	2880
Iteration: 344	1535	1709	2122.7	2582
Iteration: 345	1535	1745	2108.44	2744
Iteration: 346	1535	1865	2138.22	2995
Iteration: 347	1535	1737	2113.46	2733
Iteration: 348	1535	1763	2049.14	2502
Iteration: 349	1535	1721	2099.84	2467
Iteration: 350	1535	1809	2085.42	2471
Iteration: 351	1535	1798	2086.6	2886
Iteration: 352	1535	1800	2081.32	2352
Iteration: 353	1535	1709	2145.88	2648
Iteration: 354	1535	1746	2141.48	2614
Iteration: 355	1535	1731	2084.96	3001
Iteration: 356	1535	1691	2078.2	2449
Iteration: 357	1535	1751	2100.02	2523
Iteration: 358	1535	1793	2108.78	2598
Iteration: 359	1535	1641	2138.8	2575
Iteration: 360	1535	1718	2059.2	2503
Iteration: 361	1535	1732	2112.76	2761
Iteration: 362	1535	1742	2181.3	3257
Iteration: 363	1535	1688	2094.84	2504
Iteration: 364	1535	1799	2180.38	2659
Iteration: 365	1535	1743	2162.16	2893
Iteration: 366	1535	1776	2111.24	2809
Iteration: 367	1535	1783	2154.68	2826
Iteration: 368	1535	1829	2134.08	2738
Iteration: 369	1535	1830	2173.4	2706
Iteration: 370	1535	1728	2108.32	2676
Iteration: 371	1535	1773	2086.32	2608
Iteration: 372	1535	1732	2140.14	2623
Iteration: 373	1535	1757	2114.7	2538
Iteration: 374	1535	1538	2116.46	2691
Iteration: 375	1535	1770	2083.8	2648
Iteration: 376	1535	1734	2095.88	2595
Iteration: 377	1535	1660	2151.56	2606
Iteration: 378	1535	1720	2098.68	2577
Iteration: 379	1535	1701	2088.22	2670
Iteration: 380	1535	1833	2146.18	2722
Iteration: 381	1535	1745	2106.14	2642
Iteration: 382	1535	1753	2105.16	2697
Iteration: 383	1535	1669	2179.68	3150
Iteration: 384	1535	1713	2116.64	2807
Iteration: 385	1535	1765	2069.68	2459
Iteration: 386	1535	1736	2123.26	2734
Iteration: 387	1535	1855	2149.22	2650
Iteration: 388	1535	1702	2100.84	2548
Iteration: 389	1535	1743	2126.8	2766
Iteration: 390	1535	1734	2189.06	2935
Iteration: 391	1535	1763	2055.5	2444
Iteration: 392	1535	1774	2099.82	3002
Iteration: 393	1535	1621	2111.68	2691
Iteration: 394	1535	1716	2123.04	2541
Iteration: 395	1535	1674	2053.38	2371
Iteration: 396	1535	1764	2088	2718
Iteration: 397	1535	1702	2120.98	2747
Iteration: 398	1535	1721	2098.78	2570
Iteration: 399	1535	1671	2093.28	2628
Iteration: 400	1535	1684	2101.06	2579
Iteration: 401	1535	1761	2160.14	2579
Iteration: 402	1535	1818	2102.52	2596
Iteration: 403	1535	1711	2105.28	2606
Iteration: 404	1535	1765	2102.08	2493
Iteration: 405	1535	1630	2131.8	2701
Iteration: 406	1535	1781	2088.78	2458
Iteration: 407	1535	1755	2123.44	2759
Iteration: 408	1535	1764	2138.92	2548
Iteration: 409	1535	1727	2102.12	2768
Iteration: 410	1535	1708	2108.34	2839
Iteration: 411	1535	1713	2132.24	3214
Iteration: 412	1535	1774	2102.96	2524
Iteration: 413	1535	1835	2142.7	3105
Iteration: 414	1535	1763	2120.88	2501
Iteration: 415	1535	1815	2122.78	2704
Iteration: 416	1535	1572	2065.24	2545
Iteration: 417	1535	1647	2091.82	2591
Iteration: 418	1535	1673	2124.88	2683
Iteration: 419	1535	1794	2139.8	2549
Iteration: 420	1535	1652	2045.62	2719
Iteration: 421	1535	1784	2102.48	2473
Iteration: 422	1535	1794	2109.98	2759
Iteration: 423	1535	1799	2104.4	2518
Iteration: 424	1535	1758	2098.22	2527
Iteration: 425	1535	1690	2073.48	2662
Iteration: 426	1535	1672	2103	2647
Iteration: 427	1535	1801	2098.5	2565
Iteration: 428	1535	1715	2135.52	2877
Iteration: 429	1535	1799	2093.4	2735
Iteration: 430	1535	1801	2052.34	2511
Iteration: 431	1535	1708	2109.9	2683
Iteration: 432	1535	1701	2113.98	2603
Iteration: 433	1535	1662	2083.38	2512
Iteration: 434	1535	1679	2104.14	2563
Iteration: 435	1535	1767	2119.14	2602
Iteration: 436	1535	1672	2085.1	2424
Iteration: 437	1535	1754	2143.02	2822
Iteration: 438	1535	1719	2104.04	2527
Iteration: 439	1535	1837	2141.2	2482
Iteration: 440	1535	1727	2141.18	2597
Iteration: 441	1535	1674	2095.9	3331
Iteration: 442	1535	1778	2151.56	2791
Iteration: 443	1535	1656	2058.16	2854
Iteration: 444	1535	1695	2091.34	2747
Iteration: 445	1535	1708	2107.58	2544
Iteration: 446	1535	1724	2123.9	2656
Iteration: 447	1535	1713	2080.24	2428
Iteration: 448	1535	1716	2102.66	2880
Iteration: 449	1535	1806	2085.5	2786
Iteration: 450	1535	1722	2088.06	2948
Iteration: 451	1535	1725	2150.04	2890
Iteration: 452	1535	1780	2087.56	2836
Iteration: 453	1535	1864	2120.26	2528
Iteration: 454	1535	1820	2087.18	2571
Iteration: 455	1535	1736	2060.34	2806
Iteration: 456	1535	1751	2104.46	2626
Iteration: 457	1535	1819	2077.54	2639
Iteration: 458	1535	1705	2057.78	2554
Iteration: 459	1535	1796	2124.08	2943
Iteration: 460	1535	1750	2118.76	2486
Iteration: 461	1535	1755	2150.02	2552
Iteration: 462	1535	1786	2148.1	2682
Iteration: 463	1535	1792	2137.18	2809
Iteration: 464	1535	1720	2091.18	2775
Iteration: 465	1535	1748	2078.84	2686
Iteration: 466	1535	1694	2059.98	2734
Iteration: 467	1535	1702	2135.9	2658
Iteration: 468	1535	1773	2167.58	2706
Iteration: 469	1535	1766	2143.18	2832
Iteration: 470	1535	1678	2145.66	2778
Iteration: 471	1535	1860	2105.42	2528
Iteration: 472	1535	1721	2149.44	2534
Iteration: 473	1535	1703	2106.92	2910
Iteration: 474	1535	1731	2149.46	3007
Iteration: 475	1535	1821	2179	2747
Iteration: 476	1535	1704	2069.42	2553
Iteration: 477	1535	1703	2185.28	2736
Iteration: 478	1535	1736	2132.52	2701
Iteration: 479	1535	1753	2145.64	2702
Iteration: 480	1535	1865	2097.12	2612
Iteration: 481	1535	1733	2175.32	3044
Iteration: 482	1535	1780	2072.2	2548
Iteration: 483	1535	1834	2144.32	2519
Iteration: 484	1535	1716	2120.24	2919
Iteration: 485	1535	1719	2103.58	2479
Iteration: 486	1535	1661	2132.6	2755
Iteration: 487	1535	1786	2135.58	2878
Iteration: 488	1535	1759	2126.82	2665
Iteration: 489	1535	1780	2106.08	2543
Iteration: 490	1535	1769	2097.88	2701
Iteration: 491	1535	1748	2131.02	2818
Iteration: 492	1535	1760	2133.42	2771
Iteration: 493	1535	1707	2097.14	2580
Iteration: 494	1535	1749	2106.52	2554
Iteration: 495	1535	1850	2102.28	2579
Iteration: 496	1535	1614	2088.96	2721
Iteration: 497	1535	1748	2118.3	2650
Iteration: 498	1535	1707	2105.52	2559
Iteration: 499	1535	1699	2072.78	2639
