Iteration: 0	1734	1734	2139.06	2819
Iteration: 1	1734	1753	2115.16	2851
Iteration: 2	1719	1719	2163.22	2672
Iteration: 3	1719	1797	2117.06	2634
Iteration: 4	1719	1822	2104.96	2503
Iteration: 5	1719	1827	2176.06	2663
Iteration: 6	1719	1782	2136.2	2556
Iteration: 7	1719	1802	2163.76	2773
Iteration: 8	1719	1790	2133.56	2809
Iteration: 9	1719	1752	2099.12	2725
Iteration: 10	1719	1793	2108.62	2735
Iteration: 11	1719	1735	2082.56	2508
Iteration: 12	1662	1662	2094.94	2633
Iteration: 13	1662	1745	2060.34	2578
Iteration: 14	1662	1750	2092.26	2612
Iteration: 15	1662	1756	2136.58	2573
Iteration: 16	1662	1669	2085.3	2420
Iteration: 17	1662	1795	2065.78	2521
Iteration: 18	1662	1745	2076.26	2613
Iteration: 19	1662	1739	2114.94	2514
Iteration: 20	1662	1713	2117.52	2555
Iteration: 21	1662	1695	2093.58	2518
Iteration: 22	1662	1728	2086.6	2564
Iteration: 23	1662	1796	2107.2	2475
Iteration: 24	1598	1598	2064.08	2454
Iteration: 25	1598	1787	2120.72	2588
Iteration: 26	1598	1787	2133.42	2654
Iteration: 27	1598	1786	2176.38	2649
Iteration: 28	1598	1811	2098.72	2628
Iteration: 29	1579	1579	2126.44	2726
Iteration: 30	1579	1665	2119.7	2717
Iteration: 31	1579	1758	2093.46	2559
Iteration: 32	1579	1780	2116.34	2674
Iteration: 33	1579	1829	2096.98	2456
Iteration: 34	1579	1736	2120.1	2557
Iteration: 35	1579	1732	2090.74	2531
Iteration: 36	1579	1773	2110.74	2656
Iteration: 37	1579	1729	2067.14	2606
Iteration: 38	1579	1755	2155.96	2597
Iteration: 39	1579	1767	2085.14	2502
Iteration: 40	1579	1755	2059.92	2740
Iteration: 41	1579	1863	2104.9	2737
Iteration: 42	1579	1716	2111.18	2512
Iteration: 43	1579	1728	2077.8	2673
Iteration: 44	1579	1868	2119.24	2652
Iteration: 45	1579	1867	2148.56	2636
Iteration: 46	1579	1618	2075.62	2576
Iteration: 47	1579	1659	2060.18	2431
Iteration: 48	1579	1761	2123.04	2676
Iteration: 49	1579	1753	2100.24	2484
Iteration: 50	1579	1731	2106.16	2533
Iteration: 51	1579	1735	2123.02	2626
Iteration: 52	1579	1816	2121.1	2677
Iteration: 53	1579	1748	2101	2531
Iteration: 54	1579	1763	2125.34	2722
Iteration: 55	1579	1796	2149.9	2862
Iteration: 56	1579	1686	2083.28	2565
Iteration: 57	1579	1702	2130.66	2598
Iteration: 58	1579	1667	2100.78	2730
Iteration: 59	1579	1698	2100.12	2515
Iteration: 60	1579	1763	2088.42	2723
Iteration: 61	1579	1793	2132.14	2503
Iteration: 62	1579	1714	2096.26	2649
Iteration: 63	1579	1767	2155.48	2582
Iteration: 64	1579	1834	2136.92	2676
Iteration: 65	1579	1759	2148.52	2790
Iteration: 66	1579	1731	2082.86	2571
Iteration: 67	1579	1781	2090.92	2679
Iteration: 68	1579	1661	2095.9	2537
Iteration: 69	1579	1663	2098.94	2451
Iteration: 70	1579	1829	2145.6	2673
Iteration: 71	1579	1761	2083.76	2549
Iteration: 72	1579	1837	2131.62	2824
Iteration: 73	1579	1691	2115.92	2716
Iteration: 74	1579	1726	2081.84	2827
Iteration: 75	1579	1748	2113.24	2772
Iteration: 76	1579	1740	2128.24	2964
Iteration: 77	1579	1774	2080.92	2428
Iteration: 78	1579	1786	2115.78	2810
Iteration: 79	1579	1711	2130.02	2587
Iteration: 80	1579	1670	2167.6	2727
Iteration: 81	1579	1861	2096.28	2364
Iteration: 82	1579	1679	2110.82	2733
Iteration: 83	1579	1717	2128.74	2508
Iteration: 84	1579	1740	2127.6	3070
Iteration: 85	1579	1737	2115.62	2913
Iteration: 86	1579	1729	2091.16	2478
Iteration: 87	1579	1738	2079.5	2554
Iteration: 88	1579	1702	2162.6	2934
Iteration: 89	1579	1714	2086.08	2775
Iteration: 90	1579	1740	2091.34	2740
Iteration: 91	1579	1613	2082.8	2558
Iteration: 92	1579	1730	2122.66	2670
Iteration: 93	1579	1730	2113.98	2635
Iteration: 94	1579	1791	2118.7	2730
Iteration: 95	1579	1773	2115.94	2456
Iteration: 96	1579	1774	2085.8	2474
Iteration: 97	1579	1800	2147.3	2675
Iteration: 98	1579	1809	2113.66	2566
Iteration: 99	1579	1692	2140.32	3054
Iteration: 100	1579	1658	2133	2467
Iteration: 101	1579	1819	2081.08	2521
Iteration: 102	1579	1730	2129.56	2757
Iteration: 103	1579	1702	2094.62	2795
Iteration: 104	1579	1700	2133.7	2501
Iteration: 105	1579	1742	2117.46	2621
Iteration: 106	1579	1624	2046.84	2457
Iteration: 107	1579	1732	2083.34	2837
Iteration: 108	1579	1775	2092.16	2676
Iteration: 109	1579	1760	2072.26	2688
Iteration: 110	1579	1721	2102.54	2550
Iteration: 111	1579	1745	2147.02	2442
Iteration: 112	1579	1804	2122.38	2731
Iteration: 113	1579	1695	2045.52	2480
Iteration: 114	1579	1842	2100.8	2805
Iteration: 115	1579	1689	2098.52	2654
Iteration: 116	1579	1749	2113.52	2776
Iteration: 117	1579	1759	2097.7	2563
Iteration: 118	1579	1696	2172.18	2692
Iteration: 119	1579	1734	2131.2	3004
Iteration: 120	1579	1710	2079.54	2404
Iteration: 121	1579	1707	2109.68	2752
Iteration: 122	1579	1817	2116.04	2529
Iteration: 123	1579	1840	2137.66	2609
Iteration: 124	1579	1758	2076.72	2561
Iteration: 125	1579	1727	2129.12	2678
Iteration: 126	1579	1773	2112.1	2532
Iteration: 127	1579	1694	2095.02	2572
Iteration: 128	1579	1786	2110.22	2951
Iteration: 129	1579	1671	2070.64	2442
Iteration: 130	1579	1756	2122.02	2961
Iteration: 131	1579	1701	2074.42	2543
Iteration: 132	1579	1763	2070.62	2587
Iteration: 133	1579	1728	2120.56	2630
Iteration: 134	1579	1713	2070.34	2617
Iteration: 135	1579	1737	2112.62	2711
Iteration: 136	1579	1809	2099.06	2447
Iteration: 137	1579	1712	2079.88	2863
Iteration: 138	1579	1703	2116.04	2632
Iteration: 139	1579	1699	2089.2	2600
Iteration: 140	1579	1794	2141.46	2596
Iteration: 141	1579	1655	2070.46	2619
Iteration: 142	1579	1688	2108.36	2529
Iteration: 143	1579	1719	2170.18	2720
Iteration: 144	1579	1748	2123.16	3037
Iteration: 145	1579	1711	2135.64	2762
Iteration: 146	1579	1812	2141.84	2824
Iteration: 147	1579	1825	2135.22	2712
Iteration: 148	1579	1757	2095.12	2474
Iteration: 149	1579	1755	2112.38	2593
Iteration: 150	1579	1840	2103.98	2736
Iteration: 151	1579	1794	2116.14	2848
Iteration: 152	1579	1820	2144.84	2817
Iteration: 153	1579	1786	2098.42	2437
Iteration: 154	1579	1695	2147.3	3052
Iteration: 155	1579	1787	2094	2606
Iteration: 156	1579	1686	2069.58	2426
Iteration: 157	1579	1690	2074.46	2642
Iteration: 158	1579	1814	2152.24	2711
Iteration: 159	1579	1793	2120.36	2474
Iteration: 160	1579	1810	2102.08	2721
Iteration: 161	1579	1771	2109.98	2575
Iteration: 162	1579	1803	2089.74	2613
Iteration: 163	1579	1782	2150.8	2633
Iteration: 164	1579	1759	2062.84	2716
Iteration: 165	1579	1820	2152.72	2663
Iteration: 166	1579	1818	2138.96	2613
Iteration: 167	1579	1759	2083.82	2660
Iteration: 168	1579	1710	2123.48	2500
Iteration: 169	1579	1779	2129.56	2564
Iteration: 170	1579	1796	2126.46	2436
Iteration: 171	1579	1799	2072.66	2763
Iteration: 172	1579	1742	2162.68	2941
Iteration: 173	1579	1771	2138.52	2706
Iteration: 174	1579	1802	2131.74	2628
Iteration: 175	1579	1686	2096.44	2789
Iteration: 176	1579	1751	2093.48	2729
Iteration: 177	1571	1571	2110.7	2631
Iteration: 178	1571	1705	2116.46	2795
Iteration: 179	1571	1782	2107.48	2480
Iteration: 180	1571	1706	2071.62	2567
Iteration: 181	1571	1709	2090.22	2689
Iteration: 182	1571	1809	2091.7	2662
Iteration: 183	1571	1656	2092.74	2431
Iteration: 184	1571	1765	2149.12	2823
Iteration: 185	1571	1712	2137.32	2623
Iteration: 186	1571	1841	2126.36	2527
Iteration: 187	1571	1734	2072.76	2673
Iteration: 188	1571	1690	2080.44	3013
Iteration: 189	1571	1802	2141.48	2758
Iteration: 190	1571	1679	2107.62	2617
Iteration: 191	1571	1723	2065.58	2470
Iteration: 192	1571	1760	2115.68	2713
Iteration: 193	1571	1712	2090.18	2398
Iteration: 194	1571	1709	2120.04	2923
Iteration: 195	1571	1667	2132.24	2611
Iteration: 196	1571	1769	2077.88	2529
Iteration: 197	1571	1715	2056.32	2712
Iteration: 198	1571	1751	2114.96	2804
Iteration: 199	1571	1730	2106.66	2595
Iteration: 200	1571	1775	2103.84	2619
Iteration: 201	1571	1672	2106.86	2751
Iteration: 202	1571	1716	2120.06	2588
Iteration: 203	1571	1780	2099.02	2542
Iteration: 204	1571	1761	2109.82	2577
Iteration: 205	1571	1737	2091.02	2750
Iteration: 206	1571	1769	2112.64	2584
Iteration: 207	1571	1725	2063.5	2603
Iteration: 208	1571	1643	2073.98	2513
Iteration: 209	1571	1819	2124.26	2725
Iteration: 210	1571	1700	2109.54	2546
Iteration: 211	1571	1849	2178.26	3542
Iteration: 212	1571	1783	2168.66	2827
Iteration: 213	1571	1823	2097.32	2469
Iteration: 214	1571	1765	2063.88	2536
Iteration: 215	1571	1771	2115.32	2901
Iteration: 216	1571	1670	2116.34	2554
Iteration: 217	1571	1763	2164.88	2703
Iteration: 218	1571	1735	2106.8	2721
Iteration: 219	1571	1790	2117.56	2603
Iteration: 220	1571	1766	2114.44	2498
Iteration: 221	1571	1744	2092.1	2651
Iteration: 222	1571	1788	2136.26	2536
Iteration: 223	1571	1661	2073.28	2557
Iteration: 224	1571	1713	2094	2584
Iteration: 225	1571	1729	2120.34	2943
Iteration: 226	1571	1745	2095.5	2721
Iteration: 227	1571	1664	2114.44	2516
Iteration: 228	1571	1769	2071.16	2412
Iteration: 229	1571	1765	2135.12	2805
Iteration: 230	1571	1766	2120.78	2577
Iteration: 231	1571	1604	2099.78	2554
Iteration: 232	1571	1757	2113.98	2443
Iteration: 233	1571	1782	2184.48	2920
Iteration: 234	1571	1835	2149.34	2764
Iteration: 235	1571	1800	2137.58	2607
Iteration: 236	1571	1722	2139.36	2659
Iteration: 237	1571	1783	2107.04	2536
Iteration: 238	1571	1834	2141.1	2533
Iteration: 239	1571	1729	2117.6	2648
Iteration: 240	1571	1868	2147.36	2707
Iteration: 241	1571	1852	2085.82	2552
Iteration: 242	1571	1626	2102.5	2682
Iteration: 243	1571	1653	2108.52	2738
Iteration: 244	1571	1714	2153.14	2877
Iteration: 245	1571	1771	2128.38	2613
Iteration: 246	1571	1674	2104.78	2587
Iteration: 247	1571	1643	2068.5	2608
Iteration: 248	1571	1699	2083.02	2748
Iteration: 249	1571	1737	2108.46	2511
Iteration: 250	1571	1702	2130.56	2726
Iteration: 251	1571	1771	2139.54	2793
Iteration: 252	1571	1734	2099.66	2684
Iteration: 253	1571	1725	2143.4	3106
Iteration: 254	1571	1618	2102.96	2777
Iteration: 255	1571	1781	2081.92	2654
Iteration: 256	1571	1795	2124.22	2589
Iteration: 257	1571	1728	2088.9	2476
Iteration: 258	1571	1760	2079.98	2538
Iteration: 259	1571	1806	2179.6	2582
Iteration: 260	1571	1709	2134.1	2520
Iteration: 261	1571	1752	2143.88	3085
Iteration: 262	1571	1752	2120.88	2564
Iteration: 263	1571	1653	2104.74	2633
Iteration: 264	1571	1744	2101.76	2529
Iteration: 265	1571	1750	2071.12	2709
Iteration: 266	1571	1667	2116.52	2714
Iteration: 267	1571	1775	2107.52	2731
Iteration: 268	1571	1608	2115.38	2586
Iteration: 269	1571	1696	2090.06	2857
Iteration: 270	1571	1788	2136.06	2669
Iteration: 271	1571	1825	2171.72	2827
Iteration: 272	1571	1771	2120.32	2776
Iteration: 273	1571	1808	2103.94	2524
Iteration: 274	1571	1836	2129.08	2551
Iteration: 275	1571	1682	2078.86	2701
Iteration: 276	1571	1836	2135.38	2623
Iteration: 277	1571	1688	2093.7	2810
Iteration: 278	1571	1714	2068.36	2570
Iteration: 279	1571	1731	2099.86	2600
Iteration: 280	1571	1637	2083.6	2639
Iteration: 281	1571	1729	2086.68	2503
Iteration: 282	1571	1776	2093.2	2438
Iteration: 283	1571	1748	2153.08	2712
Iteration: 284	1571	1690	2142.44	2577
Iteration: 285	1571	1747	2129.02	2919
Iteration: 286	1571	1713	2137.58	2830
Iteration: 287	1571	1638	2091.66	2615
Iteration: 288	1571	1663	2143.14	2924
Iteration: 289	1571	1666	2160.5	2953
Iteration: 290	1571	1704	2097.02	2537
Iteration: 291	1571	1722	2104.56	2670
Iteration: 292	1571	1749	2100.34	2819
Iteration: 293	1571	1740	2096.18	2768
Iteration: 294	1571	1620	2053.18	2492
Iteration: 295	1571	1738	2064.82	2555
Iteration: 296	1571	1733	2055.18	2418
Iteration: 297	1571	1612	2122.58	2797
Iteration: 298	1571	1768	2106.62	2892
Iteration: 299	1571	1776	2089.58	2617
Iteration: 300	1571	1805	2068.7	2486
Iteration: 301	1571	1790	2135.28	3091
Iteration: 302	1571	1812	2146.16	3160
Iteration: 303	1571	1699	2158.12	2621
Iteration: 304	1571	1831	2121.84	2509
Iteration: 305	1571	1716	2126.52	2687
Iteration: 306	1571	1847	2142.68	2740
Iteration: 307	1571	1747	2102.66	2872
Iteration: 308	1571	1746	2069.9	2495
Iteration: 309	1571	1751	2053.1	2484
Iteration: 310	1571	1705	2120.6	2459
Iteration: 311	1571	1781	2136.68	2610
Iteration: 312	1571	1819	2113.96	2690
Iteration: 313	1571	1764	2118.3	2562
Iteration: 314	1571	1698	2089.44	2658
Iteration: 315	1571	1747	2114.74	2932
Iteration: 316	1571	1822	2114.98	2720
Iteration: 317	1571	1669	2160.22	2770
Iteration: 318	1571	1810	2147.38	2585
Iteration: 319	1571	1848	2157.98	2833
Iteration: 320	1571	1757	2113.16	2784
Iteration: 321	1571	1745	2080.54	2530
Iteration: 322	1571	1810	2115.08	2897
Iteration: 323	1571	1755	2104.28	2675
Iteration: 324	1571	1799	2126.22	2733
Iteration: 325	1571	1762	2067.58	2597
Iteration: 326	1571	1669	2074.12	2399
Iteration: 327	1571	1696	2149.72	2745
Iteration: 328	1571	1826	2116.68	2537
Iteration: 329	1571	1779	2128.7	2597
Iteration: 330	1571	1644	2061.4	2934
Iteration: 331	1571	1692	2116	2966
Iteration: 332	1571	1765	2114.1	2725
Iteration: 333	1571	1795	2139.12	2891
Iteration: 334	1571	1750	2092.5	2778
Iteration: 335	1571	1713	2114.32	2690
Iteration: 336	1571	1729	2165.26	2919
Iteration: 337	1571	1691	2115.08	2692
Iteration: 338	1571	1744	2105.46	2850
Iteration: 339	1571	1798	2116.42	2532
Iteration: 340	1571	1770	2119.08	2611
Iteration: 341	1571	1826	2111.92	2668
Iteration: 342	1571	1759	2115.16	2437
Iteration: 343	1571	1753	2112.04	2943
Iteration: 344	1571	1709	2136.1	2718
Iteration: 345	1571	1755	2064.58	2450
Iteration: 346	1571	1775	2128.4	2804
Iteration: 347	1571	1735	2078.48	2649
Iteration: 348	1571	1792	2149.2	2786
Iteration: 349	1571	1783	2114.9	2598
Iteration: 350	1571	1844	2120.66	2450
Iteration: 351	1571	1838	2139.4	2714
Iteration: 352	1571	1764	2118.52	2649
Iteration: 353	1571	1749	2150.12	2683
Iteration: 354	1571	1848	2087.44	2532
Iteration: 355	1571	1769	2141.5	2549
Iteration: 356	1571	1735	2176.34	2849
Iteration: 357	1571	1796	2102.2	2475
Iteration: 358	1571	1717	2105.84	2674
Iteration: 359	1571	1833	2116	2603
Iteration: 360	1571	1700	2098.84	2599
Iteration: 361	1571	1752	2173.62	2913
Iteration: 362	1571	1778	2117.54	2882
Iteration: 363	1571	1665	2083.14	2593
Iteration: 364	1571	1690	2037.68	2489
Iteration: 365	1571	1763	2089.92	2748
Iteration: 366	1571	1795	2120.92	2720
Iteration: 367	1571	1680	2134.5	2851
Iteration: 368	1571	1666	2161.94	2877
Iteration: 369	1571	1784	2070.32	2480
Iteration: 370	1571	1743	2107.08	2556
Iteration: 371	1571	1868	2129.68	2505
Iteration: 372	1571	1738	2086.5	2610
Iteration: 373	1571	1846	2154.54	2901
Iteration: 374	1571	1706	2101.02	2629
Iteration: 375	1571	1780	2092.6	2567
Iteration: 376	1571	1795	2105.88	2585
Iteration: 377	1571	1676	2104.18	2726
Iteration: 378	1571	1759	2079.84	2836
Iteration: 379	1571	1669	2105.64	2522
Iteration: 380	1571	1792	2115.48	2696
Iteration: 381	1571	1694	2118.04	2825
Iteration: 382	1571	1729	2134.62	2959
Iteration: 383	1571	1752	2066.04	2490
Iteration: 384	1571	1712	2105.62	2537
Iteration: 385	1571	1721	2055.28	2474
Iteration: 386	1571	1772	2142.9	2788
Iteration: 387	1571	1735	2098.42	2494
Iteration: 388	1571	1688	2118.88	2951
Iteration: 389	1571	1711	2088.26	2589
Iteration: 390	1571	1748	2073.16	2410
Iteration: 391	1571	1787	2095.16	2471
Iteration: 392	1571	1855	2114.96	2705
Iteration: 393	1571	1817	2082.98	2862
Iteration: 394	1571	1756	2091.3	2601
Iteration: 395	1571	1718	2132.32	2629
Iteration: 396	1571	1737	2097.38	2493
Iteration: 397	1571	1882	2135.34	2614
Iteration: 398	1571	1797	2120.04	2893
Iteration: 399	1571	1827	2118.96	2695
Iteration: 400	1571	1736	2144.58	2746
Iteration: 401	1571	1676	2114.62	2708
Iteration: 402	1571	1776	2153.46	2564
Iteration: 403	1571	1752	2162.22	2610
Iteration: 404	1571	1776	2095.96	2763
Iteration: 405	1571	1697	2118.3	2485
Iteration: 406	1571	1689	2075.94	2362
Iteration: 407	1571	1718	2098.98	2668
Iteration: 408	1571	1838	2149.04	2687
Iteration: 409	1571	1726	2068.98	2638
Iteration: 410	1571	1818	2103.28	2455
Iteration: 411	1571	1777	2080.48	2475
Iteration: 412	1571	1688	2091.46	2410
Iteration: 413	1571	1783	2120.46	2735
Iteration: 414	1571	1724	2100.56	2543
Iteration: 415	1571	1670	2119.38	2838
Iteration: 416	1571	1753	2137.26	2601
Iteration: 417	1571	1799	2108.48	2530
Iteration: 418	1571	1753	2132.86	2555
Iteration: 419	1571	1790	2155.64	2709
Iteration: 420	1571	1808	2170.08	2793
Iteration: 421	1571	1781	2099.4	2574
Iteration: 422	1571	1755	2141.98	2490
Iteration: 423	1571	1662	2119.8	2810
Iteration: 424	1571	1738	2053.68	2520
Iteration: 425	1571	1724	2108.3	2664
Iteration: 426	1571	1826	2140.04	2692
Iteration: 427	1571	1780	2124.84	2780
Iteration: 428	1571	1751	2089.72	2553
Iteration: 429	1571	1794	2107.98	2637
Iteration: 430	1571	1765	2143.58	2747
Iteration: 431	1571	1825	2102.42	2863
Iteration: 432	1571	1751	2128.52	2777
Iteration: 433	1571	1715	2131.1	2682
Iteration: 434	1571	1761	2070.08	2548
Iteration: 435	1571	1679	2131.84	2594
Iteration: 436	1571	1770	2095.62	2698
Iteration: 437	1571	1858	2140.8	2527
Iteration: 438	1571	1688	2112.52	2749
Iteration: 439	1571	1778	2115.34	2539
Iteration: 440	1571	1859	2184.18	2759
Iteration: 441	1571	1709	2063.66	2659
Iteration: 442	1571	1804	2164.12	2596
Iteration: 443	1571	1742	2135.46	2518
Iteration: 444	1571	1719	2152.88	2781
Iteration: 445	1571	1737	2108.62	2693
Iteration: 446	1571	1812	2086.8	2849
Iteration: 447	1571	1845	2134.22	2682
Iteration: 448	1571	1701	2095.9	2624
Iteration: 449	1571	1703	2088.28	2933
Iteration: 450	1571	1707	2174.98	2742
Iteration: 451	1571	1749	2097.16	2753
Iteration: 452	1571	1813	2126.26	2674
Iteration: 453	1571	1674	2075.86	2516
Iteration: 454	1571	1694	2125.8	2802
Iteration: 455	1571	1712	2121.82	2596
Iteration: 456	1571	1763	2134.62	2697
Iteration: 457	1571	1717	2046.8	2430
Iteration: 458	1571	1755	2096.9	2799
Iteration: 459	1571	1776	2123.22	2553
Iteration: 460	1571	1769	2086.96	2704
Iteration: 461	1571	1766	2182.36	2663
Iteration: 462	1571	1768	2097.22	2588
Iteration: 463	1571	1755	2076.84	2627
Iteration: 464	1571	1791	2091.36	2807
Iteration: 465	1571	1784	2141.46	2904
Iteration: 466	1571	1773	2146.9	2655
Iteration: 467	1571	1612	2159.14	2742
Iteration: 468	1571	1846	2124.96	2680
Iteration: 469	1571	1715	2096.24	2648
Iteration: 470	1571	1759	2092.2	2549
Iteration: 471	1571	1794	2071.38	2421
Iteration: 472	1571	1723	2145.64	3124
Iteration: 473	1571	1659	2126	2528
Iteration: 474	1571	1779	2114.64	2731
Iteration: 475	1571	1786	2098.14	2605
Iteration: 476	1571	1789	2131.3	2684
Iteration: 477	1571	1672	2111.46	2543
Iteration: 478	1571	1707	2160.78	3013
Iteration: 479	1571	1766	2100.88	2717
Iteration: 480	1571	1732	2148.16	2894
Iteration: 481	1569	1569	2109.88	2766
Iteration: 482	1569	1717	2101.94	2495
Iteration: 483	1569	1757	2136.98	2527
Iteration: 484	1569	1767	2125.28	2645
Iteration: 485	1569	1849	2107.82	2538
Iteration: 486	1569	1682	2095.14	2732
Iteration: 487	1569	1702	2112.8	2879
Iteration: 488	1569	1652	2090.48	2645
Iteration: 489	1569	1723	2100.3	2519
Iteration: 490	1569	1797	2074.4	2575
Iteration: 491	1569	1645	2083.86	2590
Iteration: 492	1569	1787	2109.3	2647
Iteration: 493	1569	1774	2079.06	2743
Iteration: 494	1569	1801	2087.28	2430
Iteration: 495	1569	1779	2098.26	2670
Iteration: 496	1533	1533	2111.8	2430
Iteration: 497	1533	1829	2124.44	2637
Iteration: 498	1533	1740	2080.58	2466
Iteration: 499	1533	1825	2179.98	2789
