Iteration: 0	1746	1746	2191.28	2835
Iteration: 1	1649	1649	2077.93	2514
Iteration: 2	1649	1722	2132.08	2845
Iteration: 3	1649	1724	2126.48	2690
Iteration: 4	1649	1794	2106	2653
Iteration: 5	1649	1706	2103.37	2659
Iteration: 6	1649	1744	2103.53	2563
Iteration: 7	1649	1718	2116.24	2558
Iteration: 8	1649	1802	2112.57	2590
Iteration: 9	1649	1657	2125.75	2949
Iteration: 10	1649	1716	2137.47	2890
Iteration: 11	1649	1686	2096.99	2725
Iteration: 12	1649	1744	2091.39	2659
Iteration: 13	1649	1746	2084.37	2612
Iteration: 14	1649	1682	2110.19	2628
Iteration: 15	1649	1704	2049.6	2556
Iteration: 16	1649	1692	2084.29	2466
Iteration: 17	1649	1707	2114.51	2646
Iteration: 18	1649	1745	2058.96	2525
Iteration: 19	1649	1758	2132.21	2822
Iteration: 20	1649	1771	2085.53	2752
Iteration: 21	1649	1719	2130.28	2483
Iteration: 22	1649	1671	2092.35	2829
Iteration: 23	1649	1731	2090	2619
Iteration: 24	1600	1600	2097.72	2734
Iteration: 25	1600	1735	2072.24	2606
Iteration: 26	1600	1716	2095.49	2713
Iteration: 27	1600	1758	2127.35	2873
Iteration: 28	1600	1724	2113.61	2890
Iteration: 29	1600	1683	2122.89	2603
Iteration: 30	1600	1819	2070.2	2553
Iteration: 31	1600	1796	2113.25	3008
Iteration: 32	1600	1660	2127.21	2664
Iteration: 33	1600	1738	2117.65	2683
Iteration: 34	1600	1641	2098.75	2642
Iteration: 35	1600	1678	2057.93	2439
Iteration: 36	1600	1672	2091.32	2683
Iteration: 37	1600	1751	2124.08	2600
Iteration: 38	1600	1739	2106.33	2709
Iteration: 39	1600	1744	2122.81	2704
Iteration: 40	1600	1758	2120.36	2726
Iteration: 41	1600	1789	2128.63	2573
Iteration: 42	1600	1657	2092.99	2907
Iteration: 43	1600	1653	2151.53	2896
Iteration: 44	1600	1704	2091.55	2534
Iteration: 45	1600	1747	2089.4	2630
Iteration: 46	1600	1762	2140.25	2598
Iteration: 47	1600	1769	2117.11	2711
Iteration: 48	1600	1655	2098.33	2726
Iteration: 49	1600	1658	2076.81	2729
Iteration: 50	1600	1693	2129.31	2896
Iteration: 51	1600	1708	2108.45	2791
Iteration: 52	1600	1702	2102.05	2547
Iteration: 53	1600	1763	2116.23	2656
Iteration: 54	1600	1659	2113.99	2862
Iteration: 55	1600	1696	2137.07	2865
Iteration: 56	1600	1714	2109.64	2781
Iteration: 57	1600	1735	2098.99	2676
Iteration: 58	1600	1694	2095.96	2624
Iteration: 59	1600	1746	2122.15	2570
Iteration: 60	1600	1659	2101.68	2708
Iteration: 61	1600	1724	2107.09	2623
Iteration: 62	1600	1730	2064.68	2412
Iteration: 63	1600	1617	2099.19	2716
Iteration: 64	1600	1711	2121.45	2593
Iteration: 65	1600	1778	2080.92	2507
Iteration: 66	1600	1718	2119.35	2655
Iteration: 67	1600	1733	2132.13	2561
Iteration: 68	1600	1733	2159.36	2630
Iteration: 69	1600	1723	2101.12	2531
Iteration: 70	1600	1776	2070.51	2421
Iteration: 71	1600	1754	2115.64	2585
Iteration: 72	1600	1743	2105.57	2877
Iteration: 73	1600	1719	2135.51	2692
Iteration: 74	1600	1630	2110.96	2694
Iteration: 75	1600	1672	2098.96	2701
Iteration: 76	1600	1689	2112.68	2991
Iteration: 77	1600	1624	2150.01	2716
Iteration: 78	1600	1764	2118.63	2736
Iteration: 79	1600	1677	2081.59	2681
Iteration: 80	1600	1667	2138.67	2535
Iteration: 81	1600	1796	2094.48	2701
Iteration: 82	1600	1605	2083.72	2493
Iteration: 83	1600	1750	2097.27	2856
Iteration: 84	1600	1708	2085.29	2835
Iteration: 85	1600	1749	2122.31	2844
Iteration: 86	1600	1687	2119.85	2579
Iteration: 87	1600	1699	2087.44	2631
Iteration: 88	1600	1743	2120.52	2748
Iteration: 89	1600	1830	2124.99	2521
Iteration: 90	1600	1792	2131.05	2778
Iteration: 91	1600	1745	2122.68	2579
Iteration: 92	1600	1679	2140.89	2633
Iteration: 93	1600	1735	2106.79	2724
Iteration: 94	1600	1682	2105.57	2688
Iteration: 95	1600	1753	2073.91	2719
Iteration: 96	1600	1789	2133.09	2627
Iteration: 97	1600	1709	2126.37	2526
Iteration: 98	1600	1626	2116.43	2752
Iteration: 99	1600	1719	2101.61	2853
Iteration: 100	1600	1762	2114.93	2523
Iteration: 101	1600	1718	2080.95	2497
Iteration: 102	1600	1777	2096.61	2677
Iteration: 103	1600	1673	2083.63	2590
Iteration: 104	1600	1708	2096.93	2649
Iteration: 105	1600	1677	2110.77	2718
Iteration: 106	1600	1816	2086.68	2579
Iteration: 107	1600	1744	2104.47	2572
Iteration: 108	1600	1733	2113.57	2862
Iteration: 109	1600	1746	2121.39	2791
Iteration: 110	1600	1715	2091.04	2737
Iteration: 111	1600	1651	2133.47	2718
Iteration: 112	1600	1663	2112.67	2618
Iteration: 113	1600	1723	2066.57	2630
Iteration: 114	1600	1702	2153.4	2672
Iteration: 115	1600	1715	2127.39	2683
Iteration: 116	1600	1715	2099.51	2646
Iteration: 117	1600	1768	2119.01	2584
Iteration: 118	1600	1762	2120.79	2739
Iteration: 119	1600	1816	2123.61	2678
Iteration: 120	1600	1748	2094.8	2484
Iteration: 121	1600	1704	2089.31	2678
Iteration: 122	1600	1620	2094.51	2546
Iteration: 123	1600	1764	2061.16	2540
Iteration: 124	1600	1716	2089.4	2567
Iteration: 125	1600	1729	2103.43	2703
Iteration: 126	1600	1747	2084.01	2578
Iteration: 127	1600	1625	2078.64	2620
Iteration: 128	1600	1652	2081.17	2773
Iteration: 129	1600	1718	2079.97	2714
Iteration: 130	1600	1730	2079.81	2612
Iteration: 131	1600	1772	2139.24	2698
Iteration: 132	1600	1728	2099.25	2985
Iteration: 133	1600	1712	2095.56	2630
Iteration: 134	1600	1762	2089.31	2483
Iteration: 135	1600	1738	2089.31	2899
Iteration: 136	1600	1726	2104.83	2570
Iteration: 137	1600	1719	2114	2817
Iteration: 138	1600	1699	2128.51	2790
Iteration: 139	1600	1778	2100.67	2579
Iteration: 140	1600	1775	2133.04	2643
Iteration: 141	1600	1690	2086.13	2423
Iteration: 142	1600	1667	2076.2	2653
Iteration: 143	1600	1628	2090.12	2804
Iteration: 144	1600	1827	2151.61	2717
Iteration: 145	1600	1697	2115.85	2591
Iteration: 146	1600	1747	2088.16	2554
Iteration: 147	1600	1735	2110.21	2768
Iteration: 148	1600	1724	2126.15	2606
Iteration: 149	1600	1734	2100.93	2825
Iteration: 150	1600	1755	2121.95	2672
Iteration: 151	1600	1824	2111.88	2733
Iteration: 152	1600	1758	2115.09	3114
Iteration: 153	1600	1696	2089.17	2577
Iteration: 154	1600	1759	2115.8	2597
Iteration: 155	1600	1784	2123.2	2734
Iteration: 156	1600	1701	2075.03	2634
Iteration: 157	1600	1772	2102.85	2602
Iteration: 158	1600	1674	2081.47	2554
Iteration: 159	1600	1731	2093.17	2769
Iteration: 160	1600	1753	2098.04	3108
Iteration: 161	1600	1795	2103.39	2598
Iteration: 162	1600	1664	2080.87	2661
Iteration: 163	1600	1723	2093.53	2512
Iteration: 164	1600	1648	2077.59	2648
Iteration: 165	1600	1746	2132.19	2634
Iteration: 166	1600	1617	2094.35	2575
Iteration: 167	1600	1736	2130.8	2893
Iteration: 168	1600	1691	2116.71	3122
Iteration: 169	1600	1706	2120.04	2675
Iteration: 170	1600	1739	2145.92	2903
Iteration: 171	1600	1770	2117.43	2821
Iteration: 172	1600	1672	2097.92	2531
Iteration: 173	1600	1678	2102.92	2504
Iteration: 174	1600	1781	2094.21	2451
Iteration: 175	1600	1749	2167.27	2617
Iteration: 176	1600	1789	2092.51	2443
Iteration: 177	1600	1649	2124.68	2877
Iteration: 178	1600	1770	2108.81	2569
Iteration: 179	1600	1701	2115.12	2672
Iteration: 180	1600	1776	2108.95	2616
Iteration: 181	1600	1725	2077.11	2552
Iteration: 182	1600	1682	2100.63	2604
Iteration: 183	1600	1772	2116.17	2651
Iteration: 184	1600	1720	2067.09	2603
Iteration: 185	1600	1729	2107.57	2403
Iteration: 186	1600	1771	2082.24	2693
Iteration: 187	1600	1680	2112.45	2864
Iteration: 188	1600	1693	2089.31	2694
Iteration: 189	1600	1681	2089.85	2844
Iteration: 190	1600	1650	2112.49	2820
Iteration: 191	1600	1749	2124.77	2640
Iteration: 192	1600	1606	2090.84	2770
Iteration: 193	1600	1691	2103.28	2643
Iteration: 194	1600	1767	2129.27	2728
Iteration: 195	1600	1763	2118.99	2633
Iteration: 196	1600	1677	2106.68	2755
Iteration: 197	1600	1753	2088.75	3049
Iteration: 198	1600	1767	2097.09	2568
Iteration: 199	1600	1761	2111.47	3220
Iteration: 200	1600	1749	2122.29	2790
Iteration: 201	1600	1608	2109.96	2955
Iteration: 202	1600	1774	2076.85	2622
Iteration: 203	1600	1769	2074.64	2605
Iteration: 204	1600	1730	2124.17	2863
Iteration: 205	1600	1739	2092.33	3148
Iteration: 206	1600	1767	2121.15	2711
Iteration: 207	1600	1775	2119.48	2690
Iteration: 208	1600	1734	2122.32	2630
Iteration: 209	1600	1682	2065.19	2902
Iteration: 210	1600	1687	2079.89	2501
Iteration: 211	1600	1726	2102.21	2777
Iteration: 212	1600	1861	2113.67	2704
Iteration: 213	1600	1661	2108.03	2616
Iteration: 214	1600	1653	2105.32	2671
Iteration: 215	1600	1752	2120.79	2551
Iteration: 216	1600	1776	2129.87	2830
Iteration: 217	1600	1699	2070.93	2942
Iteration: 218	1600	1673	2103.48	2783
Iteration: 219	1600	1685	2094.07	2568
Iteration: 220	1600	1716	2135.25	3038
Iteration: 221	1600	1731	2128.8	2770
Iteration: 222	1600	1806	2131.29	2648
Iteration: 223	1600	1785	2118.57	2530
Iteration: 224	1600	1746	2093.77	2755
Iteration: 225	1600	1660	2098.73	2684
Iteration: 226	1600	1734	2090.73	2646
Iteration: 227	1600	1654	2088.13	2611
Iteration: 228	1600	1701	2101.41	2609
Iteration: 229	1600	1791	2115.07	2957
Iteration: 230	1600	1687	2118.93	2583
Iteration: 231	1600	1802	2139.27	2769
Iteration: 232	1600	1697	2090.19	2760
Iteration: 233	1600	1731	2106.39	2680
Iteration: 234	1600	1738	2114.35	2816
Iteration: 235	1600	1741	2097.76	3048
Iteration: 236	1600	1755	2137.07	2728
Iteration: 237	1600	1729	2062.99	2488
Iteration: 238	1600	1606	2098.99	2594
Iteration: 239	1600	1836	2144.05	2539
Iteration: 240	1600	1728	2098.99	2846
Iteration: 241	1600	1775	2096.67	2547
Iteration: 242	1600	1731	2093.76	2693
Iteration: 243	1600	1670	2078.97	2523
Iteration: 244	1600	1704	2108.76	2778
Iteration: 245	1600	1716	2046.41	2558
Iteration: 246	1600	1750	2104.24	2598
Iteration: 247	1600	1722	2119.69	2629
Iteration: 248	1600	1802	2127.07	2792
Iteration: 249	1600	1761	2107.8	2759
Iteration: 250	1600	1669	2108.77	2555
Iteration: 251	1600	1662	2150.32	2941
Iteration: 252	1600	1739	2137.25	2659
Iteration: 253	1600	1734	2131.83	2846
Iteration: 254	1600	1620	2089.69	2506
Iteration: 255	1600	1757	2114.29	2606
Iteration: 256	1600	1789	2108.15	2647
Iteration: 257	1600	1788	2121.8	2615
Iteration: 258	1600	1747	2116.63	2751
Iteration: 259	1600	1781	2093.73	2733
Iteration: 260	1600	1655	2100.09	2707
Iteration: 261	1600	1774	2131.77	2689
Iteration: 262	1600	1736	2049.87	2490
Iteration: 263	1600	1669	2076.31	2474
Iteration: 264	1600	1744	2107.57	2790
Iteration: 265	1600	1770	2104.87	2686
Iteration: 266	1600	1674	2094.03	2661
Iteration: 267	1600	1689	2052.84	2837
Iteration: 268	1600	1699	2114.85	2634
Iteration: 269	1600	1700	2075.21	2776
Iteration: 270	1600	1746	2111.35	2686
Iteration: 271	1600	1697	2089.55	2790
Iteration: 272	1600	1780	2159.88	2955
Iteration: 273	1583	1583	2088.07	2675
Iteration: 274	1583	1761	2089	2573
Iteration: 275	1583	1761	2127.2	2491
Iteration: 276	1583	1667	2134.17	3253
Iteration: 277	1583	1738	2094.29	2617
Iteration: 278	1583	1710	2109.95	3096
Iteration: 279	1583	1738	2093.25	2690
Iteration: 280	1583	1654	2088.79	2664
Iteration: 281	1583	1705	2115.49	2531
Iteration: 282	1583	1707	2113.03	2648
Iteration: 283	1583	1750	2125.11	2730
Iteration: 284	1583	1660	2147.03	2637
Iteration: 285	1583	1765	2135.93	2945
Iteration: 286	1583	1761	2103.65	2738
Iteration: 287	1583	1682	2107.79	2873
Iteration: 288	1583	1757	2113.15	2547
Iteration: 289	1583	1743	2102.96	2887
Iteration: 290	1583	1747	2130.76	2670
Iteration: 291	1583	1760	2106.25	2833
Iteration: 292	1583	1750	2105.4	2682
Iteration: 293	1583	1767	2134.08	2601
Iteration: 294	1583	1696	2074.61	2496
Iteration: 295	1583	1741	2077.21	2630
Iteration: 296	1583	1751	2073.23	3015
Iteration: 297	1583	1745	2120.56	2755
Iteration: 298	1583	1663	2096.25	2766
Iteration: 299	1583	1740	2093.75	2551
Iteration: 300	1583	1745	2069.79	2620
Iteration: 301	1583	1771	2095.16	2672
Iteration: 302	1583	1711	2070.89	2744
Iteration: 303	1583	1764	2080.28	2759
Iteration: 304	1583	1718	2098.79	2649
Iteration: 305	1583	1722	2087.71	2585
Iteration: 306	1583	1707	2119.95	2712
Iteration: 307	1583	1709	2124.01	2861
Iteration: 308	1583	1691	2066.33	2833
Iteration: 309	1583	1739	2076.08	2506
Iteration: 310	1583	1650	2086.75	2666
Iteration: 311	1583	1714	2127.89	2750
Iteration: 312	1583	1694	2126.52	2799
Iteration: 313	1583	1664	2125.97	2576
Iteration: 314	1583	1706	2101.07	2746
Iteration: 315	1583	1654	2060.93	2548
Iteration: 316	1583	1724	2109.65	2448
Iteration: 317	1583	1722	2113.99	2732
Iteration: 318	1583	1803	2107.79	2717
Iteration: 319	1583	1780	2098.79	2582
Iteration: 320	1583	1725	2089.39	2546
Iteration: 321	1583	1766	2158.39	2733
Iteration: 322	1583	1766	2144.23	3233
Iteration: 323	1583	1717	2129.51	2971
Iteration: 324	1532	1532	2099.15	2649
Iteration: 325	1532	1742	2136.19	2739
Iteration: 326	1532	1661	2046.12	2481
Iteration: 327	1532	1623	2110.43	3077
Iteration: 328	1532	1672	2076.52	2766
Iteration: 329	1532	1659	2133.08	3033
Iteration: 330	1532	1716	2103.57	2563
Iteration: 331	1532	1748	2088.51	2576
Iteration: 332	1532	1752	2086.75	2715
Iteration: 333	1532	1728	2083.96	2655
Iteration: 334	1532	1752	2096.99	2821
Iteration: 335	1532	1749	2091.31	2801
Iteration: 336	1532	1677	2059.39	2765
Iteration: 337	1532	1754	2104.87	2781
Iteration: 338	1532	1676	2128.44	2647
Iteration: 339	1532	1740	2077.68	2678
Iteration: 340	1532	1746	2133.35	2744
Iteration: 341	1532	1764	2105.89	2741
Iteration: 342	1532	1757	2081.37	2465
Iteration: 343	1532	1656	2106.55	2492
Iteration: 344	1532	1835	2130.39	2766
Iteration: 345	1532	1710	2113.92	2765
Iteration: 346	1532	1702	2089.72	2828
Iteration: 347	1532	1625	2073.76	2654
Iteration: 348	1532	1669	2098	2769
Iteration: 349	1532	1666	2124.75	2667
Iteration: 350	1532	1745	2057.65	2484
Iteration: 351	1532	1713	2112.52	2693
Iteration: 352	1532	1714	2113.65	2671
Iteration: 353	1532	1735	2105.19	2869
Iteration: 354	1532	1755	2128.4	2716
Iteration: 355	1532	1717	2090.95	2515
Iteration: 356	1532	1660	2119.33	2592
Iteration: 357	1532	1735	2083.6	2704
Iteration: 358	1532	1614	2113.68	2755
Iteration: 359	1532	1790	2083.11	2596
Iteration: 360	1532	1755	2103.27	2606
Iteration: 361	1532	1766	2110.52	2652
Iteration: 362	1532	1706	2092.96	2658
Iteration: 363	1532	1763	2139.95	2830
Iteration: 364	1532	1772	2088.08	2622
Iteration: 365	1532	1747	2091.43	2689
Iteration: 366	1532	1672	2162.05	2832
Iteration: 367	1532	1762	2109.84	2773
Iteration: 368	1532	1750	2114.97	2664
Iteration: 369	1532	1714	2109	2530
Iteration: 370	1532	1771	2100.53	2781
Iteration: 371	1532	1747	2091.21	2638
Iteration: 372	1532	1741	2117.69	2763
Iteration: 373	1532	1799	2134.85	2684
Iteration: 374	1532	1672	2109.32	2792
Iteration: 375	1532	1755	2133.43	2661
Iteration: 376	1532	1766	2090.4	2633
Iteration: 377	1532	1745	2099.65	2738
Iteration: 378	1532	1727	2126.6	2577
Iteration: 379	1532	1715	2114.48	2861
Iteration: 380	1532	1660	2104.88	2919
Iteration: 381	1532	1758	2122.53	2588
Iteration: 382	1532	1651	2071.97	2704
Iteration: 383	1532	1737	2075.08	2798
Iteration: 384	1532	1764	2121.51	2823
Iteration: 385	1532	1742	2127.25	2700
Iteration: 386	1532	1828	2092.85	2718
Iteration: 387	1532	1692	2159.04	3238
Iteration: 388	1532	1698	2104.05	2583
Iteration: 389	1532	1750	2115.69	2769
Iteration: 390	1532	1741	2089.67	2501
Iteration: 391	1532	1692	2087.95	2891
Iteration: 392	1532	1736	2130.53	2698
Iteration: 393	1532	1736	2092	2497
Iteration: 394	1532	1726	2112.49	2875
Iteration: 395	1532	1737	2085.69	2652
Iteration: 396	1532	1703	2084.07	2461
Iteration: 397	1532	1707	2103.05	2656
Iteration: 398	1532	1628	2128.41	2666
Iteration: 399	1532	1785	2098.96	2642
Iteration: 400	1532	1677	2064.53	2421
Iteration: 401	1532	1658	2109.43	2670
Iteration: 402	1532	1680	2106.65	2598
Iteration: 403	1532	1714	2090.97	2833
Iteration: 404	1532	1692	2100.76	2554
Iteration: 405	1532	1626	2074.2	2645
Iteration: 406	1532	1647	2092.77	2672
Iteration: 407	1532	1716	2143.64	2719
Iteration: 408	1532	1746	2044.33	2436
Iteration: 409	1532	1759	2076.16	2718
Iteration: 410	1532	1721	2134.25	2654
Iteration: 411	1532	1765	2141.93	2772
Iteration: 412	1532	1836	2122.95	2668
Iteration: 413	1532	1748	2096.89	2592
Iteration: 414	1532	1714	2098.07	2505
Iteration: 415	1532	1712	2110.87	2545
Iteration: 416	1532	1752	2105.68	2578
Iteration: 417	1532	1806	2131.35	2930
Iteration: 418	1532	1776	2110.15	2698
Iteration: 419	1532	1701	2145.81	2542
Iteration: 420	1532	1754	2098.67	2622
Iteration: 421	1532	1669	2120.63	2673
Iteration: 422	1532	1688	2136.96	2617
Iteration: 423	1532	1703	2080.77	2687
Iteration: 424	1532	1653	2087.69	2645
Iteration: 425	1532	1794	2097.12	2588
Iteration: 426	1532	1763	2097.33	2861
Iteration: 427	1532	1739	2108.49	2530
Iteration: 428	1532	1708	2110.31	2491
Iteration: 429	1532	1735	2113.41	2747
Iteration: 430	1532	1693	2102.59	3105
Iteration: 431	1532	1591	2114.88	2790
Iteration: 432	1532	1714	2156.6	2740
Iteration: 433	1532	1665	2095.61	2670
Iteration: 434	1532	1743	2076.83	2776
Iteration: 435	1532	1766	2094.77	3029
Iteration: 436	1532	1693	2103.52	2557
Iteration: 437	1532	1774	2154.72	2703
Iteration: 438	1532	1766	2138.84	2903
Iteration: 439	1532	1798	2108.27	2685
Iteration: 440	1532	1713	2131.15	2791
Iteration: 441	1532	1682	2082.12	2864
Iteration: 442	1532	1756	2097.07	2620
Iteration: 443	1532	1702	2094.01	2539
Iteration: 444	1532	1676	2049.59	2452
Iteration: 445	1532	1760	2127.49	2553
Iteration: 446	1532	1691	2071.61	2621
Iteration: 447	1532	1638	2085.92	2822
Iteration: 448	1532	1786	2101.01	2739
Iteration: 449	1532	1764	2111.88	2888
Iteration: 450	1532	1663	2117.21	2642
Iteration: 451	1532	1764	2150.29	3137
Iteration: 452	1532	1748	2070.2	2651
Iteration: 453	1532	1604	2106.16	2814
Iteration: 454	1532	1681	2099.91	2604
Iteration: 455	1532	1680	2079.07	2677
Iteration: 456	1532	1784	2119.69	2839
Iteration: 457	1532	1756	2061.52	2684
Iteration: 458	1532	1704	2098.09	2544
Iteration: 459	1532	1742	2108.01	2779
Iteration: 460	1532	1777	2153.59	2803
Iteration: 461	1532	1735	2099.4	2593
Iteration: 462	1532	1692	2118.57	2715
Iteration: 463	1532	1726	2106.68	2511
Iteration: 464	1532	1721	2102.56	2671
Iteration: 465	1532	1656	2102.48	2621
Iteration: 466	1532	1574	2080.83	2662
Iteration: 467	1532	1687	2105.83	2872
Iteration: 468	1532	1648	2143.65	2541
Iteration: 469	1532	1753	2119.21	2705
Iteration: 470	1532	1738	2096.73	2640
Iteration: 471	1532	1796	2120.92	2439
Iteration: 472	1532	1717	2103.19	2680
Iteration: 473	1532	1710	2086.75	2581
Iteration: 474	1532	1755	2081.04	2467
Iteration: 475	1532	1698	2117.23	3021
Iteration: 476	1532	1714	2172.92	2757
Iteration: 477	1532	1761	2137.24	2704
Iteration: 478	1532	1799	2131.88	2696
Iteration: 479	1532	1704	2114.8	2598
Iteration: 480	1532	1753	2082.09	2513
Iteration: 481	1532	1705	2089.61	2609
Iteration: 482	1532	1718	2114.11	2836
Iteration: 483	1532	1753	2114.83	2690
Iteration: 484	1532	1721	2098.29	2683
Iteration: 485	1532	1584	2144.36	2966
Iteration: 486	1532	1709	2077.55	2649
Iteration: 487	1532	1738	2093.53	2521
Iteration: 488	1532	1722	2128.15	2647
Iteration: 489	1532	1778	2109.53	2489
Iteration: 490	1532	1779	2073.88	2641
Iteration: 491	1532	1691	2070.81	2638
Iteration: 492	1532	1668	2063.01	2580
Iteration: 493	1532	1723	2102.03	2620
Iteration: 494	1532	1787	2111.03	2695
Iteration: 495	1532	1736	2092.91	2676
Iteration: 496	1532	1682	2085.44	2653
Iteration: 497	1532	1735	2121.95	2693
Iteration: 498	1532	1737	2109.73	2646
Iteration: 499	1532	1785	2105.73	2723
Iteration: 500	1532	1810	2135.91	2679
Iteration: 501	1532	1676	2081.07	2546
Iteration: 502	1532	1673	2080.44	2880
Iteration: 503	1532	1678	2108.91	2573
Iteration: 504	1532	1617	2103.07	2605
Iteration: 505	1532	1645	2111.08	2892
Iteration: 506	1532	1715	2156.93	2695
Iteration: 507	1532	1702	2077.04	2507
Iteration: 508	1532	1790	2112.87	2540
Iteration: 509	1532	1803	2142.36	2861
Iteration: 510	1532	1658	2101.61	3199
Iteration: 511	1532	1675	2093.83	2654
Iteration: 512	1532	1758	2071.57	2618
Iteration: 513	1532	1670	2074.43	3302
Iteration: 514	1532	1657	2123.73	2726
Iteration: 515	1532	1703	2090.15	2821
Iteration: 516	1532	1717	2129.97	2823
Iteration: 517	1532	1769	2071.09	2602
Iteration: 518	1532	1743	2064.13	2574
Iteration: 519	1532	1743	2140.28	2658
Iteration: 520	1532	1809	2152.71	2800
Iteration: 521	1532	1747	2098.23	2684
Iteration: 522	1532	1679	2099.36	2554
Iteration: 523	1532	1731	2126.64	2989
Iteration: 524	1532	1716	2118.23	2839
Iteration: 525	1532	1735	2079.83	2492
Iteration: 526	1532	1735	2111.77	2651
Iteration: 527	1532	1694	2145.41	2896
Iteration: 528	1532	1812	2121.53	2625
Iteration: 529	1532	1717	2105.15	2793
Iteration: 530	1532	1765	2120.87	2738
Iteration: 531	1532	1749	2152.6	3235
Iteration: 532	1532	1704	2112.93	2578
Iteration: 533	1532	1758	2099.37	2529
Iteration: 534	1532	1642	2126.33	2751
Iteration: 535	1532	1806	2140.91	2551
Iteration: 536	1532	1703	2101.12	2569
Iteration: 537	1532	1676	2104.92	2680
Iteration: 538	1532	1778	2093.69	2617
Iteration: 539	1532	1749	2109.95	2991
Iteration: 540	1532	1706	2110.23	2522
Iteration: 541	1532	1722	2053.12	2423
Iteration: 542	1532	1690	2071.04	2630
Iteration: 543	1532	1633	2065.56	2634
Iteration: 544	1532	1650	2169.07	2718
Iteration: 545	1532	1707	2097.39	2695
Iteration: 546	1532	1714	2099.45	2683
Iteration: 547	1532	1712	2073.17	2636
Iteration: 548	1532	1765	2113.23	2917
Iteration: 549	1532	1692	2105.83	2751
Iteration: 550	1532	1741	2074.64	2523
Iteration: 551	1532	1738	2095.16	2478
Iteration: 552	1532	1753	2083.51	2519
Iteration: 553	1532	1694	2080.49	2832
Iteration: 554	1532	1728	2120.99	2862
Iteration: 555	1532	1697	2114.25	2637
Iteration: 556	1532	1810	2087.72	2888
Iteration: 557	1532	1773	2113.43	2740
Iteration: 558	1532	1712	2108.97	2639
Iteration: 559	1532	1699	2062.09	2736
Iteration: 560	1532	1642	2072.23	2676
Iteration: 561	1532	1717	2144.88	2991
Iteration: 562	1532	1688	2067.03	2596
Iteration: 563	1532	1735	2065.51	2742
Iteration: 564	1532	1677	2072.72	2519
Iteration: 565	1532	1783	2111.11	2839
Iteration: 566	1532	1696	2119.71	2611
Iteration: 567	1532	1713	2105.73	2715
Iteration: 568	1532	1698	2121	2898
Iteration: 569	1532	1806	2157.16	2791
Iteration: 570	1532	1702	2090.79	2605
Iteration: 571	1532	1691	2116.91	2563
Iteration: 572	1532	1779	2119.56	2826
Iteration: 573	1532	1826	2151.35	2883
Iteration: 574	1532	1760	2099.64	2587
Iteration: 575	1532	1699	2087.4	2529
Iteration: 576	1532	1734	2141.72	2695
Iteration: 577	1532	1705	2065.56	2509
Iteration: 578	1532	1702	2098.67	2746
Iteration: 579	1532	1700	2101.57	2542
Iteration: 580	1532	1671	2052.29	2548
Iteration: 581	1532	1722	2092.21	2806
Iteration: 582	1532	1631	2092.71	2567
Iteration: 583	1532	1724	2073.4	2466
Iteration: 584	1532	1682	2069.88	2658
Iteration: 585	1532	1769	2127.08	2764
Iteration: 586	1532	1752	2108.97	2683
Iteration: 587	1532	1742	2088.4	2640
Iteration: 588	1532	1757	2122.09	2975
Iteration: 589	1532	1792	2140.84	2681
Iteration: 590	1532	1708	2122.72	2830
Iteration: 591	1532	1758	2097.84	2419
Iteration: 592	1532	1711	2121.72	2681
Iteration: 593	1532	1694	2078.33	2624
Iteration: 594	1532	1650	2097.11	2888
Iteration: 595	1532	1647	2110.84	2866
Iteration: 596	1532	1754	2096.16	2909
Iteration: 597	1532	1755	2056.29	2875
Iteration: 598	1532	1724	2083.05	2545
Iteration: 599	1532	1743	2125.52	2632
Iteration: 600	1532	1651	2120.57	2751
Iteration: 601	1532	1746	2100.07	2546
Iteration: 602	1532	1683	2098.69	2483
Iteration: 603	1532	1801	2097.32	2682
Iteration: 604	1532	1741	2093.81	2698
Iteration: 605	1532	1740	2078.51	2603
Iteration: 606	1532	1607	2112.45	2935
Iteration: 607	1532	1752	2135.08	2718
Iteration: 608	1532	1739	2078.63	2594
Iteration: 609	1532	1736	2128.29	2627
Iteration: 610	1532	1682	2086.69	2635
Iteration: 611	1532	1812	2121.45	2660
Iteration: 612	1532	1569	2114.13	2574
Iteration: 613	1532	1741	2103.75	3013
Iteration: 614	1532	1710	2134.25	2804
Iteration: 615	1532	1748	2048.33	2447
Iteration: 616	1532	1681	2097.28	2567
Iteration: 617	1532	1748	2106	2690
Iteration: 618	1532	1748	2087.77	2923
Iteration: 619	1532	1667	2085.55	2937
Iteration: 620	1532	1811	2109.09	2732
Iteration: 621	1532	1724	2125.4	2646
Iteration: 622	1532	1794	2165.41	2981
Iteration: 623	1532	1759	2131.01	2728
Iteration: 624	1532	1668	2042.12	2629
Iteration: 625	1532	1707	2088.25	2753
Iteration: 626	1532	1756	2147.04	2697
Iteration: 627	1532	1653	2067.64	2804
Iteration: 628	1532	1718	2133.69	2720
Iteration: 629	1532	1751	2147.15	2718
Iteration: 630	1532	1769	2101.55	2892
Iteration: 631	1532	1747	2128.24	2817
Iteration: 632	1532	1750	2099.09	2671
Iteration: 633	1532	1769	2090.28	2598
Iteration: 634	1532	1751	2120.07	3123
Iteration: 635	1532	1743	2125.73	2757
Iteration: 636	1532	1697	2112	2788
Iteration: 637	1532	1745	2119.63	2772
Iteration: 638	1532	1678	2133.41	2879
Iteration: 639	1532	1742	2112.93	2722
Iteration: 640	1532	1689	2085.45	2655
Iteration: 641	1532	1704	2127.19	3088
Iteration: 642	1532	1673	2070.67	2480
Iteration: 643	1532	1736	2118.08	2889
Iteration: 644	1532	1691	2118.45	2660
Iteration: 645	1532	1736	2120.75	2602
Iteration: 646	1532	1674	2118	2867
Iteration: 647	1532	1740	2125.95	3010
Iteration: 648	1532	1705	2094.63	2647
Iteration: 649	1532	1693	2084.11	2602
Iteration: 650	1532	1785	2142.52	2959
Iteration: 651	1532	1694	2090.35	2834
Iteration: 652	1532	1672	2168.08	2756
Iteration: 653	1532	1677	2117.93	2535
Iteration: 654	1532	1741	2087.19	2888
Iteration: 655	1532	1689	2071.97	2676
Iteration: 656	1532	1686	2140.29	2595
Iteration: 657	1532	1741	2101.07	2739
Iteration: 658	1532	1740	2117.03	2904
Iteration: 659	1532	1784	2087.73	2625
Iteration: 660	1532	1750	2152.19	2745
Iteration: 661	1532	1676	2088.31	2456
Iteration: 662	1532	1797	2132.2	3052
Iteration: 663	1532	1688	2134.13	2507
Iteration: 664	1532	1729	2090.04	2601
Iteration: 665	1532	1612	2115.11	2833
Iteration: 666	1532	1732	2087.08	2598
Iteration: 667	1532	1743	2093.68	2623
Iteration: 668	1532	1729	2135.75	2872
Iteration: 669	1532	1766	2098.44	2636
Iteration: 670	1532	1694	2111.63	2628
Iteration: 671	1532	1697	2085.72	2922
Iteration: 672	1532	1797	2101.73	2832
Iteration: 673	1532	1750	2113.68	2577
Iteration: 674	1532	1691	2083.49	2557
Iteration: 675	1532	1763	2130.01	3261
Iteration: 676	1532	1754	2109.37	2695
Iteration: 677	1532	1748	2142.96	2698
Iteration: 678	1532	1668	2144.04	3145
Iteration: 679	1532	1674	2083.32	2648
Iteration: 680	1532	1751	2123.47	2835
Iteration: 681	1532	1790	2138.2	2699
Iteration: 682	1532	1702	2128.37	2711
Iteration: 683	1532	1816	2133.24	2868
Iteration: 684	1532	1715	2046.32	2782
Iteration: 685	1532	1679	2115.03	2691
Iteration: 686	1532	1652	2073.71	2554
Iteration: 687	1532	1701	2155.36	2819
Iteration: 688	1532	1618	2101	2782
Iteration: 689	1532	1687	2124.99	2667
Iteration: 690	1532	1697	2137.4	3319
Iteration: 691	1532	1781	2130.16	2803
Iteration: 692	1532	1767	2125.84	2783
Iteration: 693	1532	1752	2116.48	2692
Iteration: 694	1532	1781	2118.43	2711
Iteration: 695	1532	1643	2115.01	2640
Iteration: 696	1532	1747	2117.84	2719
Iteration: 697	1532	1755	2083.44	2553
Iteration: 698	1532	1718	2089.95	2560
Iteration: 699	1532	1763	2114.92	2723
Iteration: 700	1532	1699	2092.15	2680
Iteration: 701	1532	1685	2096.53	2649
Iteration: 702	1532	1793	2089.95	2710
Iteration: 703	1532	1667	2081.68	2504
Iteration: 704	1532	1682	2091.12	2564
Iteration: 705	1532	1679	2126.39	2623
Iteration: 706	1532	1573	2099.71	2570
Iteration: 707	1532	1688	2118.92	2691
Iteration: 708	1532	1685	2092.15	2761
Iteration: 709	1532	1721	2114.97	3097
Iteration: 710	1532	1730	2161.41	2833
Iteration: 711	1532	1626	2154.92	2799
Iteration: 712	1532	1808	2115.01	2619
Iteration: 713	1532	1728	2097.44	2607
Iteration: 714	1532	1708	2061.48	2609
Iteration: 715	1532	1665	2109.71	2769
Iteration: 716	1532	1773	2060.97	2575
Iteration: 717	1532	1683	2094.4	2561
Iteration: 718	1532	1662	2081.39	2660
Iteration: 719	1532	1735	2083.19	2646
Iteration: 720	1532	1786	2087.08	2735
Iteration: 721	1532	1780	2107.88	2547
Iteration: 722	1532	1663	2100.27	2794
Iteration: 723	1532	1723	2068.91	2571
Iteration: 724	1532	1767	2114.87	2726
Iteration: 725	1532	1747	2127.4	2752
Iteration: 726	1532	1707	2084.55	2697
Iteration: 727	1532	1776	2074.68	2850
Iteration: 728	1532	1649	2095.2	2645
Iteration: 729	1532	1647	2099.52	2678
Iteration: 730	1532	1807	2132.85	2672
Iteration: 731	1532	1707	2097.81	2772
Iteration: 732	1532	1714	2109.04	2485
Iteration: 733	1532	1757	2071.4	2845
Iteration: 734	1532	1678	2125.25	2855
Iteration: 735	1532	1709	2105.64	2452
Iteration: 736	1532	1738	2105.83	2523
Iteration: 737	1532	1761	2101.64	2703
Iteration: 738	1532	1707	2150.45	2759
Iteration: 739	1532	1737	2118.04	3147
Iteration: 740	1532	1785	2137.95	2694
Iteration: 741	1532	1671	2136.08	2899
Iteration: 742	1532	1714	2161.96	2507
Iteration: 743	1532	1692	2127.31	3010
Iteration: 744	1532	1680	2111.57	2781
Iteration: 745	1532	1770	2133.95	2678
Iteration: 746	1532	1717	2149.11	2826
Iteration: 747	1532	1721	2132.97	2837
Iteration: 748	1532	1803	2143.79	3013
Iteration: 749	1532	1742	2108.61	2657
Iteration: 750	1532	1701	2130.13	2793
Iteration: 751	1532	1697	2117.8	2854
Iteration: 752	1532	1786	2095.23	2556
Iteration: 753	1532	1743	2102.6	2650
Iteration: 754	1532	1723	2138.89	2668
Iteration: 755	1532	1731	2068.69	2587
Iteration: 756	1532	1774	2118.63	2965
Iteration: 757	1532	1796	2098.32	2568
Iteration: 758	1532	1687	2103.96	2720
Iteration: 759	1532	1627	2127.4	2845
Iteration: 760	1532	1659	2079.39	2751
Iteration: 761	1532	1751	2091.37	2679
Iteration: 762	1532	1774	2061.67	2804
Iteration: 763	1532	1712	2109.93	2703
Iteration: 764	1532	1728	2145.32	2922
Iteration: 765	1532	1664	2109.48	2498
Iteration: 766	1532	1715	2122.65	2717
Iteration: 767	1532	1768	2115.92	2596
Iteration: 768	1532	1736	2106.35	2617
Iteration: 769	1532	1805	2102.37	2898
Iteration: 770	1532	1715	2133.41	2899
Iteration: 771	1532	1786	2094.97	2604
Iteration: 772	1532	1794	2122.76	2760
Iteration: 773	1532	1739	2098.63	2559
Iteration: 774	1532	1737	2109.44	2930
Iteration: 775	1532	1780	2088.99	2416
Iteration: 776	1532	1765	2144.07	2790
Iteration: 777	1532	1756	2146.41	2750
Iteration: 778	1532	1742	2103.84	2716
Iteration: 779	1532	1704	2117.71	2712
Iteration: 780	1532	1710	2123.33	2688
Iteration: 781	1532	1693	2120.37	2632
Iteration: 782	1532	1693	2070.96	2751
Iteration: 783	1532	1755	2112.83	2813
Iteration: 784	1532	1781	2089.25	2600
Iteration: 785	1532	1687	2121.32	2746
Iteration: 786	1532	1741	2094.12	2827
Iteration: 787	1532	1699	2057.64	2493
Iteration: 788	1532	1742	2147.39	2845
Iteration: 789	1532	1768	2079.75	2721
Iteration: 790	1532	1816	2113.21	2583
Iteration: 791	1532	1746	2087.44	2886
Iteration: 792	1532	1707	2118.55	2829
Iteration: 793	1532	1560	2120.01	2836
Iteration: 794	1532	1762	2107.81	2649
Iteration: 795	1532	1723	2098.95	2722
Iteration: 796	1532	1714	2112.07	2635
Iteration: 797	1532	1706	2120.32	2839
Iteration: 798	1532	1703	2103.57	2893
Iteration: 799	1532	1698	2131.84	2759
Iteration: 800	1532	1747	2129.47	3171
Iteration: 801	1532	1814	2116.21	2746
Iteration: 802	1532	1728	2101.33	2640
Iteration: 803	1532	1807	2111.2	2844
Iteration: 804	1532	1754	2114.19	2839
Iteration: 805	1532	1751	2082.61	2707
Iteration: 806	1532	1723	2089.59	2860
Iteration: 807	1532	1716	2112.99	2599
Iteration: 808	1532	1768	2130.73	2649
Iteration: 809	1532	1689	2126.28	2555
Iteration: 810	1532	1717	2089.47	2468
Iteration: 811	1532	1670	2093.56	2833
Iteration: 812	1532	1742	2103.68	2596
Iteration: 813	1532	1673	2102.65	2683
Iteration: 814	1532	1631	2075.2	2451
Iteration: 815	1532	1691	2124.08	2726
Iteration: 816	1532	1732	2133.68	2980
Iteration: 817	1532	1741	2152.21	2865
Iteration: 818	1532	1689	2071.56	2523
Iteration: 819	1532	1693	2110.84	2862
Iteration: 820	1532	1721	2144.35	2826
Iteration: 821	1532	1805	2116.09	2508
Iteration: 822	1532	1717	2095.81	2504
Iteration: 823	1532	1696	2066.59	2867
Iteration: 824	1532	1749	2089.56	2717
Iteration: 825	1532	1659	2091.92	2842
Iteration: 826	1532	1753	2075.67	2478
Iteration: 827	1532	1660	2084.89	2629
Iteration: 828	1532	1780	2082.88	2634
Iteration: 829	1532	1685	2104.15	2617
Iteration: 830	1532	1735	2139.24	2811
Iteration: 831	1532	1777	2087.15	2546
Iteration: 832	1532	1713	2071.67	2584
Iteration: 833	1532	1784	2106.68	2623
Iteration: 834	1532	1693	2120.72	2623
Iteration: 835	1532	1696	2101.21	2835
Iteration: 836	1532	1707	2136.72	2790
Iteration: 837	1532	1653	2109.61	2616
Iteration: 838	1532	1788	2133.08	2594
Iteration: 839	1532	1759	2116.49	2692
Iteration: 840	1532	1695	2100.25	2667
Iteration: 841	1532	1738	2091.72	2560
Iteration: 842	1532	1726	2124.67	2713
Iteration: 843	1532	1750	2136.68	2916
Iteration: 844	1532	1744	2078.53	2716
Iteration: 845	1532	1755	2099.25	2515
Iteration: 846	1532	1722	2163.99	3416
Iteration: 847	1532	1727	2135.77	2592
Iteration: 848	1532	1737	2096.41	2622
Iteration: 849	1532	1707	2116.91	2830
Iteration: 850	1532	1762	2088.67	2536
Iteration: 851	1532	1768	2140.21	2758
Iteration: 852	1532	1786	2106.61	2547
Iteration: 853	1532	1769	2124.04	2581
Iteration: 854	1532	1700	2085.27	2629
Iteration: 855	1532	1749	2133.12	2880
Iteration: 856	1532	1672	2078.32	2613
Iteration: 857	1532	1650	2110.96	2735
Iteration: 858	1532	1754	2111.36	2861
Iteration: 859	1532	1770	2084.91	2521
Iteration: 860	1532	1733	2105.09	2573
Iteration: 861	1532	1809	2133.11	2677
Iteration: 862	1532	1763	2077.01	2491
Iteration: 863	1532	1692	2115.13	2540
Iteration: 864	1532	1775	2120.52	2540
Iteration: 865	1532	1853	2153.41	3111
Iteration: 866	1532	1687	2076.96	2639
Iteration: 867	1532	1655	2131.24	2584
Iteration: 868	1532	1784	2132.83	2811
Iteration: 869	1532	1744	2130.6	3032
Iteration: 870	1532	1844	2127.97	2675
Iteration: 871	1532	1763	2135.21	2869
Iteration: 872	1532	1743	2131.05	3075
Iteration: 873	1532	1732	2116.89	2618
Iteration: 874	1532	1759	2153.45	2703
Iteration: 875	1532	1804	2121.83	2782
Iteration: 876	1532	1709	2126.13	2608
Iteration: 877	1532	1700	2069.31	2526
Iteration: 878	1532	1719	2100.16	2790
Iteration: 879	1532	1703	2072.96	2526
Iteration: 880	1532	1717	2112.56	2783
Iteration: 881	1532	1689	2092.79	2658
Iteration: 882	1532	1798	2137.89	2898
Iteration: 883	1532	1745	2104.83	2604
Iteration: 884	1532	1661	2115.83	2713
Iteration: 885	1532	1753	2125.83	2724
Iteration: 886	1532	1672	2107.59	2699
Iteration: 887	1532	1790	2129.83	2727
Iteration: 888	1532	1742	2094.91	2750
Iteration: 889	1532	1722	2123.93	2723
Iteration: 890	1532	1803	2115.61	2650
Iteration: 891	1532	1705	2101.25	2606
Iteration: 892	1532	1727	2092.32	2731
Iteration: 893	1532	1676	2069.93	2690
Iteration: 894	1532	1792	2087.76	2649
Iteration: 895	1532	1727	2076.47	2621
Iteration: 896	1532	1730	2104.83	2708
Iteration: 897	1532	1660	2141.24	2821
Iteration: 898	1532	1733	2119.49	2753
Iteration: 899	1532	1683	2102.79	2988
Iteration: 900	1532	1708	2095.33	2795
Iteration: 901	1532	1802	2125.68	2633
Iteration: 902	1532	1787	2134.4	2593
Iteration: 903	1532	1698	2105.81	2698
Iteration: 904	1532	1783	2069.53	2594
Iteration: 905	1532	1728	2095.83	2784
Iteration: 906	1532	1795	2109.28	2645
Iteration: 907	1532	1686	2106.85	2517
Iteration: 908	1532	1711	2110.47	2731
Iteration: 909	1532	1737	2118.96	2639
Iteration: 910	1532	1821	2099.17	2595
Iteration: 911	1532	1713	2075.39	2603
Iteration: 912	1532	1628	2088.71	2688
Iteration: 913	1532	1762	2124.79	2600
Iteration: 914	1532	1789	2150.97	2523
Iteration: 915	1532	1767	2121.61	2607
Iteration: 916	1532	1808	2126.21	2664
Iteration: 917	1532	1753	2125.68	2748
Iteration: 918	1532	1780	2119.64	2923
Iteration: 919	1532	1775	2088.72	2703
Iteration: 920	1532	1834	2095.01	2517
Iteration: 921	1532	1732	2109.71	2515
Iteration: 922	1532	1744	2108.39	2595
Iteration: 923	1532	1653	2083.2	2650
Iteration: 924	1532	1745	2099.87	2516
Iteration: 925	1532	1723	2096.37	2638
Iteration: 926	1532	1720	2079.49	2661
Iteration: 927	1532	1705	2092.07	2724
Iteration: 928	1532	1758	2143.15	2631
Iteration: 929	1532	1769	2089.07	2877
Iteration: 930	1532	1783	2076.23	2515
Iteration: 931	1532	1745	2134.77	2603
Iteration: 932	1532	1754	2120.97	2567
Iteration: 933	1532	1685	2072.01	2549
Iteration: 934	1532	1795	2098.67	2596
Iteration: 935	1532	1773	2122.33	2618
Iteration: 936	1532	1686	2103.05	2574
Iteration: 937	1532	1725	2129.65	2673
Iteration: 938	1532	1786	2138.95	2617
Iteration: 939	1532	1554	2086.64	2630
Iteration: 940	1532	1728	2129.77	2621
Iteration: 941	1532	1708	2123.67	2922
Iteration: 942	1532	1761	2123.53	2776
Iteration: 943	1532	1700	2095.49	2598
Iteration: 944	1532	1740	2132.89	2556
Iteration: 945	1532	1704	2138.28	2646
Iteration: 946	1532	1792	2154.27	2717
Iteration: 947	1532	1693	2096.12	2581
Iteration: 948	1532	1788	2118.33	2955
Iteration: 949	1532	1747	2146.6	2751
Iteration: 950	1532	1676	2093.36	2698
Iteration: 951	1532	1742	2083.12	2778
Iteration: 952	1532	1770	2116.68	2586
Iteration: 953	1532	1718	2143.72	2812
Iteration: 954	1532	1795	2065.95	2590
Iteration: 955	1532	1819	2148.84	2865
Iteration: 956	1532	1709	2071.84	2515
Iteration: 957	1532	1617	2095.84	2777
Iteration: 958	1532	1728	2091.83	2561
Iteration: 959	1532	1747	2138.91	2662
Iteration: 960	1532	1665	2112.23	3271
Iteration: 961	1532	1811	2132.85	2587
Iteration: 962	1532	1664	2055.33	2470
Iteration: 963	1532	1735	2085.13	2568
Iteration: 964	1532	1647	2116.48	2582
Iteration: 965	1532	1773	2075.32	2531
Iteration: 966	1532	1761	2138.8	3135
Iteration: 967	1532	1736	2139.52	2890
Iteration: 968	1532	1707	2078.05	2612
Iteration: 969	1532	1770	2089.99	2996
Iteration: 970	1532	1675	2097.77	2535
Iteration: 971	1532	1618	2084.32	2622
Iteration: 972	1532	1704	2077.75	2503
Iteration: 973	1532	1767	2059.99	2624
Iteration: 974	1532	1614	2085.24	2540
Iteration: 975	1532	1726	2124.19	2885
Iteration: 976	1532	1733	2073.76	2561
Iteration: 977	1532	1683	2157.69	2765
Iteration: 978	1532	1668	2062.2	2549
Iteration: 979	1532	1717	2143.07	2824
Iteration: 980	1532	1757	2085.76	2787
Iteration: 981	1532	1726	2129.21	2729
Iteration: 982	1532	1811	2104.84	3031
Iteration: 983	1532	1755	2119.93	2895
Iteration: 984	1532	1729	2057.4	2484
Iteration: 985	1532	1728	2141.4	2806
Iteration: 986	1532	1756	2096.68	2717
Iteration: 987	1532	1598	2103.13	2707
Iteration: 988	1532	1785	2083.68	2511
Iteration: 989	1532	1687	2062.4	2626
Iteration: 990	1532	1711	2092.08	2691
Iteration: 991	1532	1740	2142.89	2768
Iteration: 992	1532	1745	2136.81	2768
Iteration: 993	1532	1732	2080.93	2661
Iteration: 994	1532	1783	2122.64	2986
Iteration: 995	1532	1782	2115.56	2598
Iteration: 996	1532	1830	2149.91	3146
Iteration: 997	1532	1712	2109.01	2605
Iteration: 998	1532	1701	2095.68	2788
Iteration: 999	1532	1720	2142	3029
