Iteration: 0	1684	1684	2128.76	2640
Iteration: 1	1684	1727	2082.08	2631
Iteration: 2	1655	1655	2114.77	2990
Iteration: 3	1655	1789	2125.24	2540
Iteration: 4	1655	1782	2189.31	2874
Iteration: 5	1655	1798	2137.37	2600
Iteration: 6	1655	1706	2085.33	2665
Iteration: 7	1655	1661	2122.05	2789
Iteration: 8	1655	1669	2065.07	2520
Iteration: 9	1655	1775	2117.79	2692
Iteration: 10	1655	1740	2118.95	2671
Iteration: 11	1655	1732	2103.08	2739
Iteration: 12	1655	1734	2124.91	2589
Iteration: 13	1655	1742	2116.91	2737
Iteration: 14	1603	1603	2084.24	2927
Iteration: 15	1603	1694	2085.2	2383
Iteration: 16	1603	1668	2109.12	2750
Iteration: 17	1603	1751	2131.2	2574
Iteration: 18	1580	1580	2049.09	2553
Iteration: 19	1580	1630	2100.31	2660
Iteration: 20	1580	1794	2086.07	3021
Iteration: 21	1580	1791	2130.88	2553
Iteration: 22	1580	1742	2127.37	2685
Iteration: 23	1580	1645	2064.68	2516
Iteration: 24	1580	1704	2107.96	2675
Iteration: 25	1580	1747	2073.01	2484
Iteration: 26	1580	1770	2121.95	2676
Iteration: 27	1580	1749	2135.8	2642
Iteration: 28	1580	1752	2112.93	2686
Iteration: 29	1580	1788	2129.04	2671
Iteration: 30	1580	1736	2148.05	2619
Iteration: 31	1580	1663	2127.73	2984
Iteration: 32	1580	1748	2093.33	2653
Iteration: 33	1580	1676	2083.64	2524
Iteration: 34	1580	1732	2111.93	2766
Iteration: 35	1547	1547	2129.92	3072
Iteration: 36	1547	1745	2104.73	2593
Iteration: 37	1547	1767	2098.17	2534
Iteration: 38	1547	1782	2112.48	2640
Iteration: 39	1547	1675	2115.96	2819
Iteration: 40	1547	1628	2133.04	2764
Iteration: 41	1547	1652	2064.72	2694
Iteration: 42	1547	1717	2125.68	2834
Iteration: 43	1547	1768	2113.01	2816
Iteration: 44	1547	1709	2101.44	2831
Iteration: 45	1547	1734	2140.8	2639
Iteration: 46	1547	1816	2127.36	2525
Iteration: 47	1547	1667	2108.44	2526
Iteration: 48	1547	1792	2112.35	2700
Iteration: 49	1547	1745	2123.53	2800
