Iteration: 0	1729	1729	2153.28	2732
Iteration: 1	1702	1702	2118.56	2758
Iteration: 2	1651	1651	2160.17	3102
Iteration: 3	1651	1775	2088.71	2662
Iteration: 4	1651	1788	2117.2	2554
Iteration: 5	1624	1624	2091.44	2591
Iteration: 6	1624	1805	2092.52	2553
Iteration: 7	1624	1700	2152.29	2911
Iteration: 8	1624	1790	2148.71	2648
Iteration: 9	1624	1748	2109.6	2562
Iteration: 10	1624	1714	2057.12	2588
Iteration: 11	1624	1742	2040.08	2421
Iteration: 12	1624	1780	2139.75	2691
Iteration: 13	1624	1666	2098.24	2545
Iteration: 14	1624	1735	2141.73	2687
Iteration: 15	1624	1739	2105.28	2556
Iteration: 16	1624	1767	2137.76	2766
Iteration: 17	1624	1832	2137.71	2663
Iteration: 18	1624	1698	2124.03	2679
Iteration: 19	1624	1756	2120.72	2608
Iteration: 20	1624	1641	2096.68	2633
Iteration: 21	1624	1733	2115.91	2680
Iteration: 22	1624	1638	2091.69	2673
Iteration: 23	1624	1733	2081.64	2619
Iteration: 24	1624	1705	2084.24	2722
Iteration: 25	1624	1668	2100.77	2565
Iteration: 26	1624	1670	2106.97	2681
Iteration: 27	1624	1703	2112.85	2627
Iteration: 28	1624	1701	2098.85	2646
Iteration: 29	1624	1731	2078.91	2808
Iteration: 30	1624	1712	2102.49	2747
Iteration: 31	1624	1782	2125.83	2905
Iteration: 32	1624	1786	2118.76	2614
Iteration: 33	1624	1751	2167.04	2534
Iteration: 34	1624	1699	2039.11	2532
Iteration: 35	1624	1703	2076.83	2595
Iteration: 36	1624	1763	2081.89	2945
Iteration: 37	1624	1700	2090.39	2560
Iteration: 38	1624	1749	2115.64	2699
Iteration: 39	1624	1790	2122.44	2827
Iteration: 40	1624	1723	2126.77	2894
Iteration: 41	1624	1811	2137.21	2660
Iteration: 42	1624	1760	2130.47	2726
Iteration: 43	1624	1678	2117.61	2923
Iteration: 44	1624	1783	2109.04	2694
Iteration: 45	1624	1660	2076.4	2545
Iteration: 46	1624	1682	2117.88	2648
Iteration: 47	1620	1620	2130.76	2824
Iteration: 48	1620	1729	2109.83	2690
Iteration: 49	1620	1769	2076.44	2498
Iteration: 50	1620	1690	2124.11	2535
Iteration: 51	1620	1757	2051.99	2436
Iteration: 52	1620	1751	2131.71	2596
Iteration: 53	1620	1666	2113.35	2575
Iteration: 54	1620	1795	2100.73	2685
Iteration: 55	1620	1737	2091.69	2662
Iteration: 56	1620	1720	2092.57	2519
Iteration: 57	1620	1755	2096.23	2494
Iteration: 58	1620	1803	2134.63	2546
Iteration: 59	1620	1734	2100.52	2715
Iteration: 60	1620	1702	2112.67	2880
Iteration: 61	1620	1712	2067.11	2630
Iteration: 62	1620	1727	2153	2692
Iteration: 63	1620	1735	2127.79	2858
Iteration: 64	1620	1709	2058.73	2473
Iteration: 65	1620	1730	2118.37	2570
Iteration: 66	1620	1695	2093.09	2544
Iteration: 67	1620	1682	2111.99	2573
Iteration: 68	1620	1763	2112.44	2657
Iteration: 69	1620	1732	2066.81	2465
Iteration: 70	1620	1740	2105.85	2665
Iteration: 71	1614	1614	2091.76	2517
Iteration: 72	1614	1693	2095.28	2949
Iteration: 73	1614	1618	2127.88	2883
Iteration: 74	1582	1582	2088.07	2785
Iteration: 75	1582	1672	2075.84	2677
Iteration: 76	1582	1740	2091.05	2609
Iteration: 77	1582	1640	2070.01	2514
Iteration: 78	1582	1654	2075.84	2644
Iteration: 79	1582	1658	2104.72	2678
Iteration: 80	1582	1734	2102.59	2759
Iteration: 81	1582	1774	2118.43	2622
Iteration: 82	1582	1758	2089.81	2514
Iteration: 83	1582	1788	2105.43	2564
Iteration: 84	1582	1800	2123.68	2780
Iteration: 85	1582	1779	2129.92	2634
Iteration: 86	1582	1807	2159.15	2880
Iteration: 87	1582	1703	2104.75	2555
Iteration: 88	1582	1758	2091.92	2746
Iteration: 89	1582	1714	2121.31	2671
Iteration: 90	1582	1768	2105.57	2629
Iteration: 91	1582	1796	2126.75	2582
Iteration: 92	1582	1627	2092.05	2541
Iteration: 93	1582	1804	2120.97	2822
Iteration: 94	1582	1639	2082.8	2875
Iteration: 95	1582	1781	2109.36	2752
Iteration: 96	1582	1767	2105.49	2721
Iteration: 97	1582	1690	2082.96	2585
Iteration: 98	1582	1670	2107.05	2563
Iteration: 99	1582	1740	2121.92	2582
Iteration: 100	1582	1641	2106.6	2588
Iteration: 101	1582	1731	2090.79	2737
Iteration: 102	1582	1760	2123.99	2755
Iteration: 103	1582	1707	2134.88	2743
Iteration: 104	1582	1764	2112.95	2681
Iteration: 105	1582	1711	2128.55	2651
Iteration: 106	1582	1730	2092.81	2638
Iteration: 107	1582	1736	2131.05	2693
Iteration: 108	1582	1782	2095.21	2626
Iteration: 109	1582	1756	2067.45	2639
Iteration: 110	1582	1762	2158.85	2892
Iteration: 111	1582	1759	2102.51	2519
Iteration: 112	1582	1729	2071.83	2557
Iteration: 113	1582	1748	2118.13	2944
Iteration: 114	1582	1794	2129.47	2813
Iteration: 115	1582	1633	2113.55	2829
Iteration: 116	1582	1767	2086.17	2600
Iteration: 117	1582	1786	2121.87	2672
Iteration: 118	1582	1750	2133.43	2565
Iteration: 119	1582	1682	2098.32	2527
Iteration: 120	1582	1749	2106.25	2658
Iteration: 121	1582	1702	2091.52	2519
Iteration: 122	1582	1717	2095.69	2689
Iteration: 123	1582	1755	2123.01	3095
Iteration: 124	1582	1704	2104.48	2714
Iteration: 125	1582	1663	2104.45	2653
Iteration: 126	1582	1596	2086.67	2499
Iteration: 127	1582	1735	2140.37	3051
Iteration: 128	1582	1682	2092.53	2679
Iteration: 129	1582	1688	2065.69	2481
Iteration: 130	1582	1701	2152.71	3013
Iteration: 131	1582	1709	2046.96	2554
Iteration: 132	1582	1683	2080.69	2648
Iteration: 133	1582	1671	2120.63	2734
Iteration: 134	1582	1744	2148.48	2867
Iteration: 135	1582	1743	2100.51	2688
Iteration: 136	1582	1760	2117.75	2718
Iteration: 137	1582	1741	2075.12	2757
Iteration: 138	1582	1788	2147.07	2988
Iteration: 139	1582	1806	2061.93	2616
Iteration: 140	1582	1648	2109.41	2846
Iteration: 141	1582	1755	2090.15	2777
Iteration: 142	1582	1671	2086.15	2792
Iteration: 143	1582	1693	2098.77	2686
Iteration: 144	1582	1758	2124.01	2656
Iteration: 145	1582	1706	2117.27	2738
Iteration: 146	1582	1593	2106.71	2644
Iteration: 147	1582	1627	2097.97	2769
Iteration: 148	1582	1778	2108.91	2775
Iteration: 149	1582	1782	2130.35	2971
Iteration: 150	1582	1660	2078.83	2596
Iteration: 151	1582	1600	2074.32	2590
Iteration: 152	1582	1778	2088.49	2466
Iteration: 153	1582	1689	2090.6	2587
Iteration: 154	1582	1692	2076.75	2599
Iteration: 155	1582	1749	2117.43	2863
Iteration: 156	1582	1776	2116.41	2773
Iteration: 157	1582	1783	2115.4	2723
Iteration: 158	1582	1822	2137.79	2542
Iteration: 159	1582	1695	2093.8	2432
Iteration: 160	1582	1749	2133.33	2751
Iteration: 161	1582	1776	2105.07	2873
Iteration: 162	1582	1691	2101.92	2640
Iteration: 163	1582	1618	2140.95	2825
Iteration: 164	1582	1778	2069.65	2643
Iteration: 165	1582	1728	2118.83	2647
Iteration: 166	1582	1762	2119.95	2602
Iteration: 167	1582	1731	2138.81	2773
Iteration: 168	1582	1616	2082.25	2695
Iteration: 169	1582	1609	2126.37	2595
Iteration: 170	1582	1654	2098.12	2957
Iteration: 171	1582	1750	2090.92	2643
Iteration: 172	1582	1710	2071.47	2793
Iteration: 173	1582	1760	2083.49	2730
Iteration: 174	1582	1708	2133.36	2703
Iteration: 175	1582	1825	2123.16	2722
Iteration: 176	1582	1655	2093.71	2578
Iteration: 177	1582	1703	2077.35	2582
Iteration: 178	1582	1793	2102.92	2677
Iteration: 179	1582	1828	2113.84	2618
Iteration: 180	1582	1805	2117.97	2619
Iteration: 181	1582	1668	2088.6	2575
Iteration: 182	1582	1736	2114.85	2751
Iteration: 183	1582	1729	2112.47	2561
Iteration: 184	1582	1705	2107.01	2820
Iteration: 185	1582	1755	2099.47	2741
Iteration: 186	1582	1742	2103.48	2658
Iteration: 187	1582	1732	2066.36	2498
Iteration: 188	1582	1727	2074.13	2525
Iteration: 189	1582	1649	2111.95	2620
Iteration: 190	1582	1710	2109.17	2629
Iteration: 191	1582	1659	2086.17	2628
Iteration: 192	1582	1649	2055.73	2646
Iteration: 193	1582	1684	2121.77	2900
Iteration: 194	1582	1727	2087.59	2717
Iteration: 195	1582	1750	2051.32	2470
Iteration: 196	1582	1740	2104.51	2778
Iteration: 197	1582	1743	2121.92	2792
Iteration: 198	1582	1717	2087.92	2521
Iteration: 199	1582	1727	2082.08	2525
Iteration: 200	1582	1764	2115.6	2825
Iteration: 201	1582	1815	2106.85	3066
Iteration: 202	1582	1801	2089.11	2558
Iteration: 203	1582	1735	2119.99	2728
Iteration: 204	1582	1610	2083.79	2579
Iteration: 205	1582	1769	2137.67	2997
Iteration: 206	1582	1733	2122.69	2664
Iteration: 207	1582	1733	2096.75	2708
Iteration: 208	1582	1726	2106.53	2504
Iteration: 209	1582	1707	2062.35	2916
Iteration: 210	1582	1765	2147.61	2808
Iteration: 211	1582	1744	2112.47	2787
Iteration: 212	1582	1699	2111.05	2730
Iteration: 213	1582	1708	2097.47	2762
Iteration: 214	1582	1671	2075.76	2741
Iteration: 215	1582	1774	2080.07	2708
Iteration: 216	1582	1814	2137.05	2773
Iteration: 217	1582	1707	2088.12	2533
Iteration: 218	1582	1751	2134.4	2872
Iteration: 219	1582	1689	2129.57	2645
Iteration: 220	1582	1744	2128.47	2808
Iteration: 221	1582	1686	2086.95	2862
Iteration: 222	1582	1737	2108.71	2983
Iteration: 223	1582	1612	2112.12	2758
Iteration: 224	1582	1778	2089.25	2725
Iteration: 225	1582	1703	2097.84	2701
Iteration: 226	1582	1620	2069.72	2601
Iteration: 227	1582	1691	2106.25	2980
Iteration: 228	1582	1754	2115.53	2621
Iteration: 229	1582	1773	2076.03	2837
Iteration: 230	1582	1808	2119.27	2656
Iteration: 231	1582	1604	2161.53	2988
Iteration: 232	1582	1668	2090.57	2651
Iteration: 233	1582	1636	2108.8	2705
Iteration: 234	1582	1745	2124.29	2675
Iteration: 235	1582	1753	2174.09	2723
Iteration: 236	1582	1726	2105.29	2663
Iteration: 237	1582	1712	2082.05	2530
Iteration: 238	1582	1759	2087.92	2772
Iteration: 239	1582	1750	2119.96	2783
Iteration: 240	1582	1672	2104.75	2560
Iteration: 241	1582	1777	2089.32	2652
Iteration: 242	1582	1786	2127.97	2642
Iteration: 243	1582	1721	2083.85	2553
Iteration: 244	1582	1649	2139.99	2805
Iteration: 245	1582	1678	2129.15	3119
Iteration: 246	1582	1608	2116.23	2660
Iteration: 247	1582	1771	2094.61	2811
Iteration: 248	1582	1721	2139.75	2877
Iteration: 249	1582	1635	2081.39	2465
Iteration: 250	1582	1696	2101.89	2603
Iteration: 251	1582	1732	2109.4	2653
Iteration: 252	1582	1768	2098.57	2785
Iteration: 253	1582	1711	2119.69	2841
Iteration: 254	1582	1723	2128.24	2716
Iteration: 255	1582	1726	2098.79	2738
Iteration: 256	1582	1795	2158.91	2942
Iteration: 257	1582	1745	2107.71	2509
Iteration: 258	1582	1767	2121.55	2774
Iteration: 259	1582	1642	2086.85	2653
Iteration: 260	1582	1718	2103.24	2609
Iteration: 261	1582	1751	2127.15	3023
Iteration: 262	1582	1789	2101.91	2704
Iteration: 263	1582	1666	2181.85	2989
Iteration: 264	1582	1611	2113.13	2897
Iteration: 265	1582	1823	2147.37	2716
Iteration: 266	1582	1747	2085.65	2834
Iteration: 267	1582	1690	2101.27	2686
Iteration: 268	1582	1698	2077.93	2565
Iteration: 269	1582	1775	2090.99	2614
Iteration: 270	1582	1693	2100.69	2734
Iteration: 271	1582	1693	2084.28	2523
Iteration: 272	1582	1680	2078.76	2659
Iteration: 273	1582	1753	2098.12	2751
Iteration: 274	1582	1711	2057.09	2690
Iteration: 275	1582	1703	2099.43	2686
Iteration: 276	1582	1607	2075.28	2762
Iteration: 277	1582	1657	2075.25	2755
Iteration: 278	1582	1785	2096.64	2842
Iteration: 279	1582	1747	2080.35	2625
Iteration: 280	1582	1759	2109.23	2760
Iteration: 281	1582	1679	2085.24	2621
Iteration: 282	1582	1789	2085.37	2700
Iteration: 283	1582	1643	2103.75	2779
Iteration: 284	1582	1761	2102.44	2772
Iteration: 285	1582	1808	2125.93	2723
Iteration: 286	1582	1748	2101.27	2653
Iteration: 287	1582	1747	2103.77	3002
Iteration: 288	1582	1762	2101.79	2541
Iteration: 289	1582	1722	2124.39	2867
Iteration: 290	1582	1785	2111.37	2689
Iteration: 291	1582	1784	2097.05	2632
Iteration: 292	1582	1797	2144.45	2825
Iteration: 293	1582	1639	2126.41	2546
Iteration: 294	1582	1705	2150.6	2757
Iteration: 295	1491	1491	2062.99	2843
Iteration: 296	1491	1703	2112.76	3042
Iteration: 297	1491	1764	2133.76	2989
Iteration: 298	1491	1792	2131.35	2655
Iteration: 299	1491	1816	2109.48	2511
Iteration: 300	1491	1728	2087.72	2595
Iteration: 301	1491	1802	2132.05	2764
Iteration: 302	1491	1711	2119.43	2714
Iteration: 303	1491	1568	2099.12	2898
Iteration: 304	1491	1753	2102.03	2797
Iteration: 305	1491	1774	2149.81	2859
Iteration: 306	1491	1719	2118.17	2749
Iteration: 307	1491	1756	2121.99	2671
Iteration: 308	1491	1795	2154.67	2742
Iteration: 309	1491	1634	2097.87	2778
Iteration: 310	1491	1711	2078.44	2597
Iteration: 311	1491	1738	2125.19	2773
Iteration: 312	1491	1760	2076.24	2443
Iteration: 313	1491	1672	2079.2	2548
Iteration: 314	1491	1738	2149.25	2674
Iteration: 315	1491	1677	2128.85	2817
Iteration: 316	1491	1778	2075.24	2606
Iteration: 317	1491	1682	2116.4	2572
Iteration: 318	1491	1802	2098.12	2544
Iteration: 319	1491	1713	2105.04	2685
Iteration: 320	1491	1732	2087.95	2594
Iteration: 321	1491	1745	2069.99	2619
Iteration: 322	1491	1688	2088.83	2645
Iteration: 323	1491	1715	2111.63	2652
Iteration: 324	1491	1693	2106.97	2496
Iteration: 325	1491	1775	2151.92	2724
Iteration: 326	1491	1734	2085.89	2706
Iteration: 327	1491	1686	2111.21	2882
Iteration: 328	1491	1694	2116.44	2766
Iteration: 329	1491	1760	2126.79	2690
Iteration: 330	1491	1717	2093.72	2659
Iteration: 331	1491	1654	2069.4	2530
Iteration: 332	1491	1630	2067.87	2648
Iteration: 333	1491	1714	2071.45	2777
Iteration: 334	1491	1656	2108.37	2917
Iteration: 335	1491	1709	2061.52	2396
Iteration: 336	1491	1745	2106.88	2828
Iteration: 337	1491	1730	2122.27	2579
Iteration: 338	1491	1797	2148.21	2854
Iteration: 339	1491	1773	2135.04	2581
Iteration: 340	1491	1741	2067.33	2645
Iteration: 341	1491	1748	2074.84	2446
Iteration: 342	1491	1700	2100.68	2672
Iteration: 343	1491	1743	2085.99	2741
Iteration: 344	1491	1821	2136.71	2520
Iteration: 345	1491	1673	2099.2	2563
Iteration: 346	1491	1703	2111.75	2620
Iteration: 347	1491	1673	2105.56	2593
Iteration: 348	1491	1709	2058.85	2533
Iteration: 349	1491	1735	2128.68	2932
Iteration: 350	1491	1738	2160.88	2781
Iteration: 351	1491	1808	2139.75	2722
Iteration: 352	1491	1675	2076.55	2934
Iteration: 353	1491	1666	2076	2578
Iteration: 354	1491	1742	2127.6	2778
Iteration: 355	1491	1770	2133.49	2735
Iteration: 356	1491	1734	2100.29	2552
Iteration: 357	1491	1782	2108.27	2753
Iteration: 358	1491	1652	2119.96	2698
Iteration: 359	1491	1757	2156.11	2814
Iteration: 360	1491	1722	2064.19	2579
Iteration: 361	1491	1729	2055.79	2548
Iteration: 362	1491	1700	2111.61	2726
Iteration: 363	1491	1779	2120.71	2514
Iteration: 364	1491	1752	2136.48	2700
Iteration: 365	1491	1641	2128.97	2577
Iteration: 366	1491	1786	2091	2896
Iteration: 367	1491	1725	2090.6	2528
Iteration: 368	1491	1772	2126.23	2616
Iteration: 369	1491	1753	2108.15	2585
Iteration: 370	1491	1734	2124.93	2758
Iteration: 371	1491	1761	2113.21	2837
Iteration: 372	1491	1745	2062.03	2543
Iteration: 373	1491	1650	2095.44	2733
Iteration: 374	1491	1686	2115.67	2741
Iteration: 375	1491	1665	2082.93	2635
Iteration: 376	1491	1600	2096.53	2593
Iteration: 377	1491	1604	2070.64	2723
Iteration: 378	1491	1675	2083.25	2582
Iteration: 379	1491	1746	2104.09	2833
Iteration: 380	1491	1687	2068.32	2461
Iteration: 381	1491	1761	2092.79	2432
Iteration: 382	1491	1708	2109.95	2677
Iteration: 383	1491	1721	2122.63	2728
Iteration: 384	1491	1695	2199.05	2958
Iteration: 385	1491	1801	2089.76	2456
Iteration: 386	1491	1755	2102.07	2644
Iteration: 387	1491	1764	2106.43	2618
Iteration: 388	1491	1688	2129.05	2821
Iteration: 389	1491	1696	2125.69	2618
Iteration: 390	1491	1713	2085.95	2562
Iteration: 391	1491	1724	2088	2636
Iteration: 392	1491	1751	2151.56	2802
Iteration: 393	1491	1709	2101.16	2614
Iteration: 394	1491	1747	2087.68	2649
Iteration: 395	1491	1651	2093.13	2789
Iteration: 396	1491	1665	2127.01	2915
Iteration: 397	1491	1712	2083.04	2598
Iteration: 398	1491	1711	2086.99	2729
Iteration: 399	1491	1818	2092.69	2746
Iteration: 400	1491	1746	2136.44	3048
Iteration: 401	1491	1795	2063.55	2541
Iteration: 402	1491	1758	2080.49	2489
Iteration: 403	1491	1740	2157.12	2720
Iteration: 404	1491	1699	2125.44	2845
Iteration: 405	1491	1741	2095.77	2863
Iteration: 406	1491	1769	2091.48	2666
Iteration: 407	1491	1734	2084.63	2629
Iteration: 408	1491	1747	2090.21	3095
Iteration: 409	1491	1755	2127.51	2698
Iteration: 410	1491	1656	2059.68	2617
Iteration: 411	1491	1704	2104.29	2636
Iteration: 412	1491	1770	2086.97	2714
Iteration: 413	1491	1722	2076.97	2631
Iteration: 414	1491	1657	2067.83	2578
Iteration: 415	1491	1726	2096.68	2619
Iteration: 416	1491	1776	2124.73	2818
Iteration: 417	1491	1662	2103.72	2619
Iteration: 418	1491	1768	2110.04	2868
Iteration: 419	1491	1753	2099.65	2791
Iteration: 420	1491	1839	2139.35	2644
Iteration: 421	1491	1804	2090.91	2702
Iteration: 422	1491	1735	2085.17	2708
Iteration: 423	1491	1720	2116.91	2892
Iteration: 424	1491	1759	2092.17	2515
Iteration: 425	1491	1820	2128.19	3068
Iteration: 426	1491	1730	2085.08	2759
Iteration: 427	1491	1686	2083.69	2582
Iteration: 428	1491	1728	2152.21	3176
Iteration: 429	1491	1747	2148.49	2817
Iteration: 430	1491	1769	2091.99	2770
Iteration: 431	1491	1803	2136.87	2690
Iteration: 432	1491	1774	2143.15	2649
Iteration: 433	1491	1729	2098.28	2750
Iteration: 434	1491	1698	2079.85	2522
Iteration: 435	1491	1736	2096.6	2650
Iteration: 436	1491	1673	2088.24	2634
Iteration: 437	1491	1787	2094.05	2627
Iteration: 438	1491	1693	2106.27	2768
Iteration: 439	1491	1754	2136.11	2752
Iteration: 440	1491	1768	2124.57	2588
Iteration: 441	1491	1781	2109.75	2650
Iteration: 442	1491	1766	2098.39	2617
Iteration: 443	1491	1714	2147.56	2634
Iteration: 444	1491	1772	2074.08	2594
Iteration: 445	1491	1683	2137.19	2946
Iteration: 446	1491	1733	2103.23	2598
Iteration: 447	1491	1739	2106.84	2620
Iteration: 448	1491	1746	2143.84	2906
Iteration: 449	1491	1816	2090.96	2577
Iteration: 450	1491	1709	2114.64	2869
Iteration: 451	1491	1757	2080.77	2821
Iteration: 452	1491	1662	2124.88	2776
Iteration: 453	1491	1657	2086.41	2548
Iteration: 454	1491	1711	2120.03	2512
Iteration: 455	1491	1623	2091.44	2694
Iteration: 456	1491	1679	2124.03	3070
Iteration: 457	1491	1757	2132.4	2593
Iteration: 458	1491	1733	2084.84	2596
Iteration: 459	1491	1731	2093.83	2687
Iteration: 460	1491	1578	2081.29	2493
Iteration: 461	1491	1710	2115.65	2786
Iteration: 462	1491	1736	2132.15	2798
Iteration: 463	1491	1712	2120.2	2497
Iteration: 464	1491	1724	2073.45	2459
Iteration: 465	1491	1734	2129.41	2555
Iteration: 466	1491	1690	2117.67	2732
Iteration: 467	1491	1698	2122.72	2947
Iteration: 468	1491	1802	2096.64	2686
Iteration: 469	1491	1780	2131.32	2669
Iteration: 470	1491	1685	2094.37	2610
Iteration: 471	1491	1787	2107.76	2693
Iteration: 472	1491	1763	2158.11	2715
Iteration: 473	1491	1736	2087.53	2629
Iteration: 474	1491	1760	2108.25	2608
Iteration: 475	1491	1720	2155.11	2797
Iteration: 476	1491	1701	2106.49	2495
Iteration: 477	1491	1790	2134.83	2591
Iteration: 478	1491	1750	2090.76	2823
Iteration: 479	1491	1589	2088.04	2670
Iteration: 480	1491	1725	2124.61	2586
Iteration: 481	1491	1708	2101.15	2637
Iteration: 482	1491	1700	2109.85	2830
Iteration: 483	1491	1706	2098.88	2821
Iteration: 484	1491	1701	2125.28	2652
Iteration: 485	1491	1679	2074.6	2508
Iteration: 486	1491	1682	2108.09	2859
Iteration: 487	1491	1758	2116.8	2667
Iteration: 488	1491	1693	2103.39	2635
Iteration: 489	1491	1810	2111.8	2497
Iteration: 490	1491	1545	2064.23	2893
Iteration: 491	1491	1769	2130.61	2810
Iteration: 492	1491	1773	2118.31	2501
Iteration: 493	1491	1682	2065.59	2448
Iteration: 494	1491	1696	2049.79	2468
Iteration: 495	1491	1772	2135.52	2755
Iteration: 496	1491	1711	2133.57	2829
Iteration: 497	1491	1692	2095.95	2732
Iteration: 498	1491	1776	2096.47	2524
Iteration: 499	1491	1784	2099.97	2532
