Iteration: 0	1695	1695	2167.95	3052
Iteration: 1	1695	1698	2120.55	2760
Iteration: 2	1695	1767	2135.32	2614
Iteration: 3	1695	1707	2164.13	2951
Iteration: 4	1695	1758	2114.43	2889
Iteration: 5	1695	1744	2115.23	2578
Iteration: 6	1695	1709	2177.91	2774
Iteration: 7	1695	1790	2114.32	2764
Iteration: 8	1695	1765	2109.47	2752
Iteration: 9	1676	1676	2071.36	2542
Iteration: 10	1676	1726	2082.31	2544
Iteration: 11	1676	1784	2116.79	2582
Iteration: 12	1676	1754	2089.17	2486
Iteration: 13	1676	1710	2069.57	2760
Iteration: 14	1676	1746	2088.48	2629
Iteration: 15	1676	1748	2079.05	2809
Iteration: 16	1676	1778	2113.41	2623
Iteration: 17	1676	1756	2110.75	2671
Iteration: 18	1676	1765	2112.76	2695
Iteration: 19	1604	1604	2111.27	2774
Iteration: 20	1604	1716	2092.72	2728
Iteration: 21	1604	1791	2073.37	2602
Iteration: 22	1604	1817	2126.08	2551
Iteration: 23	1604	1633	2104.61	2555
Iteration: 24	1604	1720	2087.61	2714
Iteration: 25	1604	1692	2120.57	2797
Iteration: 26	1604	1711	2127.83	2634
Iteration: 27	1604	1630	2116.73	2825
Iteration: 28	1604	1644	2096.24	2591
Iteration: 29	1604	1741	2102.95	2604
Iteration: 30	1604	1764	2125.24	2671
Iteration: 31	1604	1759	2117.44	2779
Iteration: 32	1604	1718	2119.09	2776
Iteration: 33	1604	1696	2048.96	2833
Iteration: 34	1604	1694	2110.09	2635
Iteration: 35	1604	1739	2142.79	2811
Iteration: 36	1604	1691	2094.04	2660
Iteration: 37	1604	1711	2094.76	2562
Iteration: 38	1604	1649	2127.51	2832
Iteration: 39	1604	1721	2092.95	2659
Iteration: 40	1604	1774	2130.03	2638
Iteration: 41	1604	1721	2107.91	2540
Iteration: 42	1604	1660	2093.83	2470
Iteration: 43	1604	1773	2106.44	2802
Iteration: 44	1604	1766	2080.23	2587
Iteration: 45	1604	1754	2082.99	2571
Iteration: 46	1604	1712	2137.11	2793
Iteration: 47	1604	1615	2112.04	2628
Iteration: 48	1604	1691	2101.17	2642
Iteration: 49	1604	1740	2111.71	2620
