1749.750 ( 51.718 ) 1749.750 ( 51.718 ) 2162.267 ( 18.754 ) 2799.400 ( 142.932 )
1705.450 ( 45.239 ) 1730.050 ( 58.576 ) 2111.543 ( 23.716 ) 2654.950 ( 141.178 )
1680.350 ( 42.216 ) 1730.700 ( 70.949 ) 2117.465 ( 20.710 ) 2745.100 ( 171.012 )
1668.100 ( 36.141 ) 1746.250 ( 61.030 ) 2123.248 ( 22.583 ) 2664.900 ( 93.954 )
1666.100 ( 35.560 ) 1741.750 ( 40.446 ) 2111.460 ( 24.233 ) 2707.400 ( 135.449 )
1659.650 ( 36.003 ) 1732.450 ( 56.860 ) 2116.788 ( 13.927 ) 2670.000 ( 130.393 )
1659.650 ( 36.003 ) 1739.450 ( 44.189 ) 2108.028 ( 22.745 ) 2668.550 ( 132.734 )
1653.350 ( 33.852 ) 1735.150 ( 50.606 ) 2116.285 ( 17.798 ) 2627.500 ( 123.274 )
1647.350 ( 34.810 ) 1732.900 ( 58.463 ) 2108.530 ( 24.965 ) 2626.750 ( 96.449 )
1643.850 ( 32.557 ) 1724.550 ( 46.420 ) 2096.294 ( 15.810 ) 2664.750 ( 151.487 )
1642.750 ( 31.849 ) 1720.350 ( 33.319 ) 2098.472 ( 20.363 ) 2704.100 ( 128.646 )
1640.050 ( 31.544 ) 1722.100 ( 38.905 ) 2099.275 ( 25.572 ) 2621.950 ( 121.336 )
1637.250 ( 30.520 ) 1713.250 ( 52.517 ) 2099.005 ( 23.375 ) 2647.550 ( 123.452 )
1635.700 ( 30.671 ) 1729.850 ( 50.386 ) 2101.084 ( 25.638 ) 2644.500 ( 104.772 )
1633.100 ( 31.125 ) 1724.150 ( 52.004 ) 2104.171 ( 26.751 ) 2674.050 ( 125.520 )
1630.400 ( 26.815 ) 1717.250 ( 39.193 ) 2096.472 ( 23.311 ) 2644.150 ( 132.552 )
1624.900 ( 36.030 ) 1700.450 ( 58.833 ) 2097.187 ( 19.287 ) 2646.300 ( 151.082 )
1624.150 ( 35.675 ) 1734.500 ( 49.593 ) 2109.039 ( 15.081 ) 2692.500 ( 109.718 )
1622.350 ( 36.397 ) 1726.100 ( 59.286 ) 2102.530 ( 26.493 ) 2613.300 ( 87.150 )
1618.600 ( 34.459 ) 1721.350 ( 64.338 ) 2104.131 ( 22.684 ) 2676.300 ( 115.009 )
1615.150 ( 33.900 ) 1720.400 ( 51.243 ) 2108.454 ( 20.229 ) 2709.750 ( 144.656 )
1615.150 ( 33.900 ) 1735.800 ( 43.376 ) 2110.454 ( 23.686 ) 2641.000 ( 132.775 )
1615.150 ( 33.900 ) 1729.750 ( 47.111 ) 2114.133 ( 21.580 ) 2697.000 ( 113.332 )
1615.150 ( 33.900 ) 1724.900 ( 44.354 ) 2109.280 ( 22.373 ) 2671.550 ( 107.639 )
1611.450 ( 33.128 ) 1700.800 ( 52.360 ) 2098.581 ( 12.324 ) 2658.000 ( 129.249 )
1611.450 ( 33.128 ) 1722.250 ( 44.016 ) 2094.307 ( 16.000 ) 2669.550 ( 131.219 )
1611.450 ( 33.128 ) 1721.900 ( 39.737 ) 2105.828 ( 16.946 ) 2711.650 ( 114.003 )
1611.450 ( 33.128 ) 1736.900 ( 46.862 ) 2103.045 ( 17.718 ) 2670.100 ( 143.806 )
1611.150 ( 33.194 ) 1724.250 ( 47.400 ) 2101.182 ( 20.067 ) 2672.250 ( 117.960 )
1611.150 ( 33.194 ) 1720.850 ( 40.386 ) 2097.642 ( 21.798 ) 2636.700 ( 100.829 )
1611.150 ( 33.194 ) 1725.200 ( 40.079 ) 2108.152 ( 18.292 ) 2662.350 ( 119.465 )
1611.150 ( 33.194 ) 1725.900 ( 56.483 ) 2103.194 ( 25.010 ) 2724.200 ( 154.433 )
1611.150 ( 33.194 ) 1723.900 ( 62.399 ) 2101.104 ( 20.527 ) 2633.800 ( 160.734 )
1611.150 ( 33.194 ) 1723.050 ( 47.373 ) 2105.289 ( 27.577 ) 2736.800 ( 169.087 )
1611.150 ( 33.194 ) 1728.400 ( 37.138 ) 2100.542 ( 19.505 ) 2607.300 ( 122.795 )
1609.500 ( 35.445 ) 1713.700 ( 61.462 ) 2106.607 ( 26.903 ) 2720.550 ( 174.988 )
1608.800 ( 34.079 ) 1727.000 ( 39.542 ) 2102.384 ( 21.040 ) 2680.800 ( 124.550 )
1606.100 ( 33.475 ) 1717.350 ( 54.062 ) 2100.017 ( 25.473 ) 2660.100 ( 134.211 )
1606.100 ( 33.475 ) 1733.400 ( 47.900 ) 2111.693 ( 19.252 ) 2694.800 ( 144.098 )
1606.100 ( 33.475 ) 1752.300 ( 44.631 ) 2102.501 ( 22.120 ) 2709.150 ( 152.465 )
1602.250 ( 34.570 ) 1719.200 ( 56.059 ) 2108.275 ( 20.557 ) 2645.850 ( 126.680 )
1602.250 ( 34.570 ) 1728.700 ( 47.286 ) 2105.264 ( 19.471 ) 2664.950 ( 143.760 )
1602.250 ( 34.570 ) 1708.300 ( 50.509 ) 2099.238 ( 22.335 ) 2672.900 ( 146.132 )
1594.100 ( 32.385 ) 1713.850 ( 68.476 ) 2102.086 ( 20.720 ) 2696.850 ( 131.197 )
1594.100 ( 32.385 ) 1736.700 ( 49.545 ) 2095.357 ( 17.445 ) 2610.900 ( 142.517 )
1594.100 ( 32.385 ) 1724.500 ( 49.985 ) 2099.761 ( 24.396 ) 2671.250 ( 106.973 )
1592.550 ( 31.107 ) 1725.350 ( 58.758 ) 2103.986 ( 28.375 ) 2678.950 ( 98.004 )
1591.300 ( 31.366 ) 1703.700 ( 60.021 ) 2104.576 ( 19.096 ) 2601.450 ( 104.033 )
1591.300 ( 31.366 ) 1732.750 ( 45.254 ) 2097.548 ( 16.139 ) 2622.750 ( 87.977 )
1587.200 ( 28.236 ) 1722.700 ( 52.216 ) 2101.579 ( 17.894 ) 2610.050 ( 96.416 )
1587.200 ( 28.236 ) 1721.850 ( 46.477 ) 2105.787 ( 24.299 ) 2700.450 ( 115.956 )
1587.200 ( 28.236 ) 1742.700 ( 39.508 ) 2109.714 ( 20.967 ) 2652.900 ( 160.749 )
1587.050 ( 28.191 ) 1719.150 ( 52.551 ) 2099.084 ( 18.436 ) 2605.500 ( 116.548 )
1587.050 ( 28.191 ) 1731.950 ( 37.053 ) 2105.959 ( 23.714 ) 2632.050 ( 114.167 )
1587.050 ( 28.191 ) 1738.250 ( 48.879 ) 2105.821 ( 28.200 ) 2676.000 ( 120.031 )
1587.050 ( 28.191 ) 1725.550 ( 48.466 ) 2103.631 ( 20.389 ) 2649.900 ( 102.770 )
1587.050 ( 28.191 ) 1715.800 ( 49.155 ) 2099.633 ( 17.997 ) 2725.550 ( 189.977 )
1587.050 ( 28.191 ) 1720.050 ( 50.354 ) 2105.148 ( 15.021 ) 2652.300 ( 128.325 )
1587.050 ( 28.191 ) 1726.950 ( 45.073 ) 2110.636 ( 20.171 ) 2687.600 ( 148.576 )
1587.050 ( 28.191 ) 1717.050 ( 50.498 ) 2112.737 ( 29.771 ) 2700.200 ( 131.570 )
1587.050 ( 28.191 ) 1719.650 ( 44.953 ) 2109.754 ( 20.575 ) 2696.700 ( 164.610 )
1584.600 ( 30.069 ) 1728.800 ( 57.355 ) 2096.315 ( 21.985 ) 2656.350 ( 115.888 )
1583.100 ( 29.201 ) 1716.100 ( 55.743 ) 2107.528 ( 24.028 ) 2636.850 ( 120.912 )
1583.100 ( 29.201 ) 1729.100 ( 46.562 ) 2101.218 ( 20.466 ) 2657.400 ( 129.008 )
1583.100 ( 29.201 ) 1716.350 ( 45.525 ) 2095.816 ( 21.559 ) 2656.950 ( 139.306 )
1583.100 ( 29.201 ) 1734.050 ( 57.280 ) 2101.821 ( 14.400 ) 2632.050 ( 127.106 )
1582.600 ( 28.400 ) 1696.200 ( 49.490 ) 2096.111 ( 20.704 ) 2635.650 ( 116.509 )
1582.600 ( 28.400 ) 1738.750 ( 34.397 ) 2106.937 ( 21.375 ) 2672.350 ( 132.347 )
1582.600 ( 28.400 ) 1711.450 ( 65.206 ) 2116.713 ( 24.366 ) 2673.550 ( 114.693 )
1582.600 ( 28.400 ) 1722.650 ( 48.004 ) 2112.295 ( 26.489 ) 2717.500 ( 184.704 )
1582.600 ( 28.400 ) 1721.700 ( 47.523 ) 2102.515 ( 25.997 ) 2665.400 ( 134.353 )
1579.300 ( 29.370 ) 1721.450 ( 64.141 ) 2116.416 ( 21.463 ) 2708.350 ( 169.683 )
1579.300 ( 29.370 ) 1724.150 ( 49.357 ) 2104.240 ( 14.475 ) 2682.550 ( 119.813 )
1579.300 ( 29.370 ) 1719.150 ( 43.678 ) 2101.681 ( 24.159 ) 2686.850 ( 136.937 )
1577.700 ( 28.288 ) 1699.400 ( 61.069 ) 2106.519 ( 24.055 ) 2704.650 ( 125.510 )
1577.700 ( 28.288 ) 1711.450 ( 66.234 ) 2107.245 ( 24.792 ) 2722.700 ( 164.785 )
1577.700 ( 28.288 ) 1723.600 ( 50.804 ) 2112.880 ( 22.756 ) 2697.050 ( 118.938 )
1577.700 ( 28.288 ) 1709.350 ( 43.084 ) 2098.591 ( 24.381 ) 2632.400 ( 84.588 )
1577.700 ( 28.288 ) 1719.650 ( 42.880 ) 2096.843 ( 21.065 ) 2680.350 ( 135.664 )
1577.550 ( 28.156 ) 1699.200 ( 53.175 ) 2109.959 ( 24.090 ) 2697.050 ( 107.730 )
1577.550 ( 28.156 ) 1745.800 ( 50.813 ) 2106.131 ( 26.898 ) 2663.250 ( 113.237 )
1577.000 ( 28.093 ) 1717.850 ( 53.310 ) 2098.125 ( 23.460 ) 2619.900 ( 82.718 )
1577.000 ( 28.093 ) 1706.650 ( 63.013 ) 2100.638 ( 24.213 ) 2654.500 ( 142.823 )
1577.000 ( 28.093 ) 1718.750 ( 52.533 ) 2095.783 ( 19.585 ) 2686.450 ( 100.348 )
1577.000 ( 28.093 ) 1716.500 ( 41.460 ) 2095.222 ( 17.849 ) 2662.400 ( 132.554 )
1577.000 ( 28.093 ) 1720.350 ( 31.563 ) 2105.617 ( 16.629 ) 2647.250 ( 117.444 )
1577.000 ( 28.093 ) 1724.000 ( 62.363 ) 2102.559 ( 22.464 ) 2657.500 ( 113.921 )
1577.000 ( 28.093 ) 1733.000 ( 51.662 ) 2106.773 ( 21.546 ) 2686.750 ( 111.049 )
1577.000 ( 28.093 ) 1736.400 ( 47.541 ) 2105.123 ( 23.083 ) 2668.700 ( 99.438 )
1577.000 ( 28.093 ) 1729.400 ( 49.403 ) 2102.932 ( 23.563 ) 2614.200 ( 118.202 )
1577.000 ( 28.093 ) 1718.950 ( 40.464 ) 2097.735 ( 24.566 ) 2658.400 ( 131.344 )
1577.000 ( 28.093 ) 1741.950 ( 34.055 ) 2107.976 ( 24.236 ) 2666.950 ( 108.287 )
1577.000 ( 28.093 ) 1714.750 ( 44.242 ) 2109.012 ( 21.658 ) 2654.650 ( 106.771 )
1577.000 ( 28.093 ) 1715.400 ( 55.843 ) 2105.668 ( 18.817 ) 2678.950 ( 80.732 )
1576.000 ( 27.572 ) 1710.550 ( 58.892 ) 2103.695 ( 22.417 ) 2672.250 ( 113.008 )
1575.350 ( 27.124 ) 1728.750 ( 45.113 ) 2101.841 ( 21.582 ) 2654.400 ( 115.768 )
1575.350 ( 27.124 ) 1741.700 ( 35.587 ) 2108.280 ( 23.336 ) 2680.950 ( 73.244 )
1575.350 ( 27.124 ) 1734.750 ( 43.560 ) 2114.653 ( 24.939 ) 2628.100 ( 95.905 )
1575.350 ( 27.124 ) 1719.050 ( 44.929 ) 2112.589 ( 24.410 ) 2679.950 ( 103.468 )
1574.800 ( 26.229 ) 1727.200 ( 48.810 ) 2109.473 ( 21.564 ) 2722.250 ( 108.355 )
1574.800 ( 26.229 ) 1714.550 ( 57.314 ) 2112.543 ( 17.382 ) 2730.350 ( 155.388 )
1574.800 ( 26.229 ) 1721.950 ( 43.544 ) 2104.711 ( 20.690 ) 2648.400 ( 120.380 )
1574.800 ( 26.229 ) 1739.350 ( 36.018 ) 2097.979 ( 18.198 ) 2639.950 ( 97.100 )
1574.250 ( 26.124 ) 1710.600 ( 42.099 ) 2102.892 ( 21.943 ) 2662.800 ( 102.600 )
1574.250 ( 26.124 ) 1725.650 ( 34.229 ) 2102.679 ( 21.172 ) 2626.450 ( 90.404 )
1574.000 ( 25.861 ) 1689.200 ( 47.316 ) 2104.207 ( 20.358 ) 2665.950 ( 87.182 )
1574.000 ( 25.861 ) 1713.650 ( 53.556 ) 2095.139 ( 22.918 ) 2627.150 ( 71.654 )
1574.000 ( 25.861 ) 1730.100 ( 39.210 ) 2116.390 ( 24.912 ) 2641.800 ( 112.044 )
1574.000 ( 25.861 ) 1724.350 ( 29.302 ) 2102.310 ( 20.748 ) 2706.500 ( 130.039 )
1574.000 ( 25.861 ) 1728.300 ( 46.580 ) 2107.298 ( 24.472 ) 2645.450 ( 134.327 )
1574.000 ( 25.861 ) 1743.850 ( 44.839 ) 2110.196 ( 31.295 ) 2674.400 ( 179.163 )
1574.000 ( 25.861 ) 1727.000 ( 58.675 ) 2116.379 ( 27.315 ) 2656.450 ( 125.394 )
1574.000 ( 25.861 ) 1718.450 ( 50.375 ) 2107.688 ( 23.393 ) 2684.750 ( 110.502 )
1574.000 ( 25.861 ) 1721.550 ( 59.580 ) 2106.090 ( 20.308 ) 2717.250 ( 142.776 )
1574.000 ( 25.861 ) 1726.900 ( 45.309 ) 2107.322 ( 23.182 ) 2677.150 ( 136.461 )
1574.000 ( 25.861 ) 1718.550 ( 53.039 ) 2091.122 ( 25.344 ) 2595.350 ( 129.408 )
1574.000 ( 25.861 ) 1725.600 ( 52.998 ) 2092.119 ( 14.869 ) 2688.850 ( 116.158 )
1574.000 ( 25.861 ) 1729.400 ( 40.117 ) 2100.824 ( 22.198 ) 2682.200 ( 134.659 )
1574.000 ( 25.861 ) 1730.800 ( 46.275 ) 2115.998 ( 18.409 ) 2703.500 ( 170.507 )
1573.300 ( 26.014 ) 1700.800 ( 68.931 ) 2104.961 ( 21.355 ) 2650.050 ( 135.953 )
1573.300 ( 26.014 ) 1708.700 ( 38.870 ) 2105.903 ( 23.555 ) 2702.500 ( 178.506 )
1573.300 ( 26.014 ) 1725.800 ( 58.168 ) 2105.880 ( 23.201 ) 2681.950 ( 144.043 )
1573.300 ( 26.014 ) 1720.500 ( 44.979 ) 2106.731 ( 21.569 ) 2693.800 ( 120.946 )
1573.300 ( 26.014 ) 1704.550 ( 54.317 ) 2103.804 ( 25.866 ) 2691.600 ( 165.497 )
1573.300 ( 26.014 ) 1722.900 ( 53.911 ) 2097.104 ( 22.415 ) 2650.100 ( 86.880 )
1573.300 ( 26.014 ) 1716.650 ( 48.936 ) 2106.838 ( 19.489 ) 2696.200 ( 124.611 )
1573.300 ( 26.014 ) 1708.250 ( 58.154 ) 2098.060 ( 24.594 ) 2643.300 ( 124.463 )
1573.300 ( 26.014 ) 1730.350 ( 48.516 ) 2105.315 ( 21.936 ) 2744.850 ( 110.674 )
1573.300 ( 26.014 ) 1726.550 ( 45.327 ) 2104.446 ( 25.863 ) 2703.550 ( 125.139 )
1573.300 ( 26.014 ) 1716.000 ( 51.971 ) 2104.190 ( 17.914 ) 2702.150 ( 117.339 )
1573.300 ( 26.014 ) 1725.500 ( 51.627 ) 2106.000 ( 27.151 ) 2731.650 ( 160.337 )
1573.300 ( 26.014 ) 1728.400 ( 44.402 ) 2102.046 ( 23.305 ) 2670.950 ( 138.211 )
1573.300 ( 26.014 ) 1721.900 ( 34.842 ) 2104.605 ( 23.319 ) 2680.800 ( 102.702 )
1573.300 ( 26.014 ) 1731.300 ( 55.372 ) 2099.893 ( 16.070 ) 2676.500 ( 185.703 )
1573.300 ( 26.014 ) 1728.550 ( 56.809 ) 2110.746 ( 22.008 ) 2647.300 ( 103.277 )
1573.300 ( 26.014 ) 1740.400 ( 29.681 ) 2110.036 ( 16.964 ) 2713.500 ( 124.699 )
1573.300 ( 26.014 ) 1726.500 ( 40.003 ) 2106.983 ( 21.244 ) 2671.050 ( 150.897 )
1573.300 ( 26.014 ) 1735.150 ( 42.123 ) 2109.401 ( 25.792 ) 2748.500 ( 123.344 )
1573.300 ( 26.014 ) 1724.500 ( 48.114 ) 2107.957 ( 16.505 ) 2697.900 ( 146.297 )
1573.300 ( 26.014 ) 1740.000 ( 45.048 ) 2103.197 ( 24.065 ) 2672.700 ( 64.394 )
1573.300 ( 26.014 ) 1742.350 ( 51.613 ) 2106.131 ( 16.192 ) 2711.900 ( 110.986 )
1573.300 ( 26.014 ) 1719.800 ( 36.011 ) 2096.236 ( 16.898 ) 2663.850 ( 139.487 )
1573.300 ( 26.014 ) 1726.250 ( 51.351 ) 2106.401 ( 21.611 ) 2667.550 ( 103.832 )
1573.300 ( 26.014 ) 1709.450 ( 34.692 ) 2107.990 ( 21.186 ) 2686.300 ( 150.061 )
1573.300 ( 26.014 ) 1721.400 ( 52.180 ) 2110.050 ( 19.972 ) 2655.550 ( 83.626 )
1573.300 ( 26.014 ) 1723.850 ( 50.687 ) 2102.184 ( 21.493 ) 2629.150 ( 87.944 )
1573.300 ( 26.014 ) 1706.300 ( 44.455 ) 2103.063 ( 19.651 ) 2642.700 ( 105.748 )
1573.300 ( 26.014 ) 1740.000 ( 50.847 ) 2104.642 ( 20.273 ) 2691.600 ( 104.817 )
1573.300 ( 26.014 ) 1717.500 ( 53.946 ) 2104.015 ( 21.459 ) 2660.650 ( 125.959 )
1573.300 ( 26.014 ) 1708.250 ( 47.024 ) 2112.047 ( 22.612 ) 2684.600 ( 164.054 )
1573.300 ( 26.014 ) 1722.050 ( 42.244 ) 2101.119 ( 21.921 ) 2661.000 ( 106.110 )
1573.300 ( 26.014 ) 1726.400 ( 53.992 ) 2092.909 ( 19.645 ) 2673.000 ( 121.735 )
1573.300 ( 26.014 ) 1732.350 ( 55.877 ) 2110.652 ( 24.421 ) 2703.700 ( 155.196 )
1573.300 ( 26.014 ) 1721.250 ( 53.097 ) 2108.764 ( 25.622 ) 2691.950 ( 112.782 )
1572.000 ( 25.183 ) 1715.350 ( 50.973 ) 2102.803 ( 19.295 ) 2681.200 ( 146.162 )
1571.100 ( 26.627 ) 1722.900 ( 63.840 ) 2113.552 ( 14.691 ) 2733.600 ( 177.772 )
1571.100 ( 26.627 ) 1723.850 ( 50.171 ) 2106.788 ( 24.867 ) 2688.350 ( 102.432 )
1571.100 ( 26.627 ) 1736.250 ( 61.615 ) 2105.775 ( 23.765 ) 2653.550 ( 132.759 )
1571.100 ( 26.627 ) 1744.450 ( 53.625 ) 2101.032 ( 30.120 ) 2646.750 ( 131.884 )
1571.100 ( 26.627 ) 1748.600 ( 38.066 ) 2115.909 ( 24.907 ) 2669.900 ( 122.022 )
1571.100 ( 26.627 ) 1722.750 ( 51.836 ) 2110.818 ( 24.037 ) 2708.250 ( 144.660 )
1568.900 ( 25.080 ) 1718.200 ( 59.034 ) 2101.906 ( 26.813 ) 2671.400 ( 110.180 )
1565.550 ( 26.975 ) 1722.450 ( 69.493 ) 2102.075 ( 19.248 ) 2719.300 ( 171.126 )
1565.550 ( 26.975 ) 1710.250 ( 46.553 ) 2111.766 ( 25.167 ) 2668.000 ( 119.665 )
1565.200 ( 27.373 ) 1728.850 ( 59.776 ) 2096.878 ( 20.665 ) 2700.400 ( 132.285 )
1565.200 ( 27.373 ) 1739.850 ( 52.243 ) 2107.494 ( 22.994 ) 2699.500 ( 81.906 )
1565.200 ( 27.373 ) 1722.600 ( 56.421 ) 2113.750 ( 22.589 ) 2701.650 ( 123.619 )
1565.200 ( 27.373 ) 1709.800 ( 53.998 ) 2111.080 ( 21.975 ) 2703.200 ( 116.938 )
1565.200 ( 27.373 ) 1722.400 ( 52.602 ) 2106.790 ( 21.504 ) 2737.400 ( 169.556 )
1565.200 ( 27.373 ) 1724.250 ( 59.502 ) 2113.563 ( 20.624 ) 2666.250 ( 81.304 )
1565.200 ( 27.373 ) 1715.950 ( 49.129 ) 2110.099 ( 21.474 ) 2791.700 ( 257.194 )
1565.200 ( 27.373 ) 1744.350 ( 34.656 ) 2112.018 ( 19.188 ) 2672.050 ( 130.600 )
1565.200 ( 27.373 ) 1714.350 ( 51.847 ) 2106.822 ( 19.544 ) 2727.400 ( 158.183 )
1565.200 ( 27.373 ) 1730.950 ( 39.799 ) 2094.614 ( 17.096 ) 2628.000 ( 166.457 )
1565.200 ( 27.373 ) 1735.100 ( 42.987 ) 2098.709 ( 24.203 ) 2704.350 ( 137.838 )
1565.200 ( 27.373 ) 1737.550 ( 53.203 ) 2108.069 ( 25.246 ) 2677.000 ( 124.078 )
1565.200 ( 27.373 ) 1749.950 ( 48.885 ) 2107.556 ( 23.973 ) 2709.250 ( 132.305 )
1565.200 ( 27.373 ) 1718.350 ( 59.103 ) 2104.841 ( 21.629 ) 2722.050 ( 137.359 )
1565.200 ( 27.373 ) 1737.500 ( 43.062 ) 2107.434 ( 15.831 ) 2655.400 ( 125.630 )
1565.200 ( 27.373 ) 1740.200 ( 39.926 ) 2109.481 ( 16.080 ) 2712.450 ( 152.633 )
1565.200 ( 27.373 ) 1729.400 ( 51.617 ) 2106.713 ( 20.403 ) 2714.700 ( 161.217 )
1565.200 ( 27.373 ) 1731.350 ( 55.777 ) 2109.280 ( 22.742 ) 2720.400 ( 183.678 )
1565.200 ( 27.373 ) 1711.200 ( 41.008 ) 2099.488 ( 24.242 ) 2714.750 ( 124.974 )
1565.200 ( 27.373 ) 1724.500 ( 57.842 ) 2109.215 ( 27.481 ) 2703.100 ( 122.402 )
1565.200 ( 27.373 ) 1717.300 ( 56.898 ) 2107.490 ( 24.288 ) 2694.950 ( 135.126 )
1565.200 ( 27.373 ) 1716.600 ( 55.544 ) 2103.807 ( 21.634 ) 2638.850 ( 104.635 )
1565.200 ( 27.373 ) 1714.300 ( 51.280 ) 2097.318 ( 18.670 ) 2659.800 ( 98.404 )
1565.200 ( 27.373 ) 1704.800 ( 49.306 ) 2110.030 ( 26.449 ) 2695.250 ( 131.932 )
1565.200 ( 27.373 ) 1713.050 ( 58.003 ) 2103.407 ( 26.513 ) 2723.000 ( 109.282 )
1565.200 ( 27.373 ) 1712.700 ( 50.184 ) 2104.348 ( 22.007 ) 2706.200 ( 124.424 )
1565.200 ( 27.373 ) 1727.850 ( 46.644 ) 2112.388 ( 28.839 ) 2720.050 ( 125.806 )
1564.850 ( 27.045 ) 1715.050 ( 53.754 ) 2094.738 ( 23.031 ) 2689.700 ( 128.288 )
1564.850 ( 27.045 ) 1703.400 ( 52.715 ) 2100.859 ( 23.496 ) 2720.850 ( 132.780 )
1564.850 ( 27.045 ) 1714.950 ( 42.154 ) 2103.689 ( 19.667 ) 2676.350 ( 165.191 )
1564.850 ( 27.045 ) 1727.900 ( 45.314 ) 2110.787 ( 22.867 ) 2651.700 ( 91.799 )
1561.950 ( 27.513 ) 1709.950 ( 62.656 ) 2099.279 ( 25.241 ) 2705.600 ( 161.149 )
1561.950 ( 27.513 ) 1734.100 ( 41.952 ) 2102.302 ( 19.447 ) 2698.800 ( 147.001 )
1561.950 ( 27.513 ) 1742.750 ( 46.329 ) 2106.839 ( 17.276 ) 2700.350 ( 153.844 )
1561.950 ( 27.513 ) 1742.350 ( 51.368 ) 2109.564 ( 19.383 ) 2696.800 ( 161.105 )
1561.950 ( 27.513 ) 1717.650 ( 43.044 ) 2105.394 ( 21.751 ) 2694.700 ( 144.149 )
1561.950 ( 27.513 ) 1724.800 ( 41.935 ) 2102.898 ( 24.169 ) 2717.750 ( 103.033 )
1561.500 ( 27.307 ) 1710.000 ( 67.865 ) 2103.890 ( 17.628 ) 2735.250 ( 197.913 )
1561.500 ( 27.307 ) 1737.550 ( 50.562 ) 2102.595 ( 29.017 ) 2686.400 ( 110.755 )
1561.500 ( 27.307 ) 1723.050 ( 45.235 ) 2103.778 ( 20.566 ) 2706.700 ( 139.315 )
1561.500 ( 27.307 ) 1725.450 ( 52.599 ) 2105.808 ( 14.421 ) 2643.400 ( 119.472 )
1561.500 ( 27.307 ) 1718.200 ( 55.349 ) 2109.938 ( 26.836 ) 2756.800 ( 157.305 )
1561.500 ( 27.307 ) 1708.250 ( 41.609 ) 2108.868 ( 18.705 ) 2726.300 ( 157.534 )
1561.500 ( 27.307 ) 1713.250 ( 43.545 ) 2106.773 ( 28.498 ) 2762.600 ( 141.460 )
1561.500 ( 27.307 ) 1728.100 ( 33.139 ) 2103.146 ( 28.379 ) 2652.150 ( 151.881 )
1561.500 ( 27.307 ) 1737.400 ( 31.622 ) 2099.378 ( 25.110 ) 2760.050 ( 196.044 )
1561.500 ( 27.307 ) 1726.150 ( 45.061 ) 2110.282 ( 23.882 ) 2701.650 ( 181.607 )
1561.500 ( 27.307 ) 1722.100 ( 47.413 ) 2102.288 ( 21.893 ) 2725.100 ( 151.187 )
1561.500 ( 27.307 ) 1726.550 ( 61.496 ) 2108.029 ( 19.012 ) 2710.950 ( 112.961 )
1561.500 ( 27.307 ) 1717.350 ( 50.508 ) 2097.696 ( 23.661 ) 2636.650 ( 99.977 )
1561.500 ( 27.307 ) 1698.600 ( 43.604 ) 2106.090 ( 20.204 ) 2735.650 ( 176.924 )
1561.500 ( 27.307 ) 1716.500 ( 55.073 ) 2097.970 ( 24.200 ) 2605.500 ( 109.804 )
1561.500 ( 27.307 ) 1718.650 ( 58.195 ) 2109.494 ( 25.257 ) 2736.250 ( 158.313 )
1561.500 ( 27.307 ) 1731.800 ( 40.558 ) 2107.870 ( 29.090 ) 2742.500 ( 165.979 )
1561.500 ( 27.307 ) 1711.750 ( 38.528 ) 2109.117 ( 20.673 ) 2683.300 ( 117.722 )
1561.500 ( 27.307 ) 1718.350 ( 42.197 ) 2104.322 ( 23.848 ) 2708.400 ( 173.965 )
1561.500 ( 27.307 ) 1713.200 ( 52.082 ) 2101.582 ( 20.496 ) 2698.750 ( 137.125 )
1561.500 ( 27.307 ) 1714.100 ( 57.046 ) 2102.918 ( 24.757 ) 2676.050 ( 154.030 )
1561.500 ( 27.307 ) 1719.750 ( 62.532 ) 2102.677 ( 25.297 ) 2721.650 ( 156.019 )
1561.500 ( 27.307 ) 1719.250 ( 54.313 ) 2103.552 ( 17.121 ) 2655.800 ( 128.314 )
1561.500 ( 27.307 ) 1715.400 ( 50.408 ) 2102.131 ( 25.705 ) 2669.150 ( 127.913 )
1561.500 ( 27.307 ) 1752.400 ( 51.803 ) 2112.519 ( 22.874 ) 2729.700 ( 158.166 )
1561.500 ( 27.307 ) 1705.350 ( 50.353 ) 2103.648 ( 26.315 ) 2692.850 ( 155.891 )
1561.500 ( 27.307 ) 1726.050 ( 54.602 ) 2105.496 ( 24.130 ) 2684.750 ( 122.953 )
1561.500 ( 27.307 ) 1721.250 ( 48.085 ) 2109.381 ( 22.761 ) 2726.650 ( 128.702 )
1561.500 ( 27.307 ) 1728.100 ( 45.613 ) 2113.588 ( 28.437 ) 2748.750 ( 131.705 )
1561.500 ( 27.307 ) 1714.200 ( 53.334 ) 2113.479 ( 19.463 ) 2703.650 ( 119.839 )
1561.500 ( 27.307 ) 1727.000 ( 53.096 ) 2112.830 ( 22.430 ) 2739.500 ( 153.642 )
1561.500 ( 27.307 ) 1724.250 ( 44.864 ) 2105.358 ( 20.100 ) 2791.850 ( 209.942 )
1561.500 ( 27.307 ) 1730.250 ( 65.380 ) 2109.045 ( 22.096 ) 2655.000 ( 121.950 )
1561.500 ( 27.307 ) 1734.550 ( 38.960 ) 2105.645 ( 19.492 ) 2703.750 ( 150.808 )
1561.500 ( 27.307 ) 1748.000 ( 43.760 ) 2112.597 ( 22.176 ) 2727.400 ( 157.830 )
1561.500 ( 27.307 ) 1725.450 ( 46.231 ) 2111.756 ( 23.550 ) 2735.650 ( 144.020 )
1561.500 ( 27.307 ) 1726.700 ( 39.366 ) 2099.655 ( 19.951 ) 2744.000 ( 184.635 )
1561.500 ( 27.307 ) 1715.650 ( 66.228 ) 2104.238 ( 23.819 ) 2688.850 ( 139.907 )
1561.500 ( 27.307 ) 1742.100 ( 41.491 ) 2103.671 ( 18.242 ) 2685.200 ( 116.882 )
1561.500 ( 27.307 ) 1742.200 ( 38.049 ) 2108.733 ( 28.531 ) 2683.250 ( 118.236 )
1561.500 ( 27.307 ) 1731.750 ( 38.893 ) 2108.312 ( 18.104 ) 2744.800 ( 149.048 )
1561.500 ( 27.307 ) 1724.750 ( 44.051 ) 2102.601 ( 22.143 ) 2708.950 ( 130.320 )
1561.500 ( 27.307 ) 1722.450 ( 40.235 ) 2105.292 ( 21.686 ) 2659.550 ( 127.149 )
1561.100 ( 26.674 ) 1719.150 ( 61.465 ) 2103.164 ( 23.029 ) 2663.550 ( 174.359 )
1561.100 ( 26.674 ) 1731.050 ( 45.025 ) 2105.792 ( 22.116 ) 2804.300 ( 188.512 )
1561.100 ( 26.674 ) 1714.100 ( 52.083 ) 2111.865 ( 21.378 ) 2712.600 ( 129.436 )
1561.100 ( 26.674 ) 1733.000 ( 38.545 ) 2099.752 ( 22.057 ) 2661.200 ( 122.117 )
1561.100 ( 26.674 ) 1713.850 ( 45.958 ) 2112.599 ( 27.861 ) 2691.300 ( 144.854 )
1561.100 ( 26.674 ) 1722.150 ( 40.443 ) 2103.443 ( 23.199 ) 2706.700 ( 146.583 )
1561.100 ( 26.674 ) 1720.800 ( 54.792 ) 2100.599 ( 23.462 ) 2643.950 ( 141.878 )
1559.850 ( 26.766 ) 1695.050 ( 63.615 ) 2107.027 ( 25.083 ) 2689.250 ( 138.033 )
1559.850 ( 26.766 ) 1723.600 ( 45.160 ) 2112.013 ( 18.428 ) 2739.700 ( 165.374 )
1559.850 ( 26.766 ) 1718.300 ( 51.063 ) 2119.355 ( 28.064 ) 2795.050 ( 145.184 )
1559.850 ( 26.766 ) 1724.500 ( 61.688 ) 2108.109 ( 18.704 ) 2717.850 ( 119.674 )
1559.850 ( 26.766 ) 1732.400 ( 47.954 ) 2097.725 ( 25.270 ) 2660.450 ( 121.283 )
1559.850 ( 26.766 ) 1741.300 ( 45.329 ) 2105.188 ( 25.120 ) 2658.700 ( 131.393 )
1559.850 ( 26.766 ) 1709.850 ( 50.730 ) 2105.394 ( 21.956 ) 2697.450 ( 167.918 )
1559.850 ( 26.766 ) 1714.250 ( 48.689 ) 2103.427 ( 16.771 ) 2710.150 ( 161.405 )
1559.850 ( 26.766 ) 1728.000 ( 53.190 ) 2107.011 ( 27.489 ) 2733.200 ( 176.586 )
1559.850 ( 26.766 ) 1703.700 ( 59.488 ) 2104.718 ( 21.734 ) 2684.950 ( 123.762 )
1559.200 ( 26.252 ) 1691.700 ( 68.601 ) 2107.199 ( 25.272 ) 2710.250 ( 122.898 )
1559.200 ( 26.252 ) 1752.400 ( 56.973 ) 2097.321 ( 22.937 ) 2708.550 ( 159.280 )
1559.200 ( 26.252 ) 1716.300 ( 54.828 ) 2110.175 ( 25.320 ) 2736.500 ( 150.956 )
1559.200 ( 26.252 ) 1742.300 ( 56.328 ) 2109.153 ( 24.669 ) 2728.500 ( 130.249 )
1559.200 ( 26.252 ) 1745.000 ( 54.468 ) 2112.704 ( 21.349 ) 2685.850 ( 131.152 )
1559.200 ( 26.252 ) 1724.650 ( 23.846 ) 2102.810 ( 23.731 ) 2745.700 ( 165.772 )
1559.200 ( 26.252 ) 1704.950 ( 53.178 ) 2106.732 ( 20.049 ) 2743.200 ( 120.017 )
1559.200 ( 26.252 ) 1705.700 ( 44.044 ) 2101.676 ( 17.541 ) 2648.050 ( 112.513 )
1559.200 ( 26.252 ) 1723.750 ( 40.812 ) 2105.517 ( 18.670 ) 2696.250 ( 104.448 )
1559.200 ( 26.252 ) 1723.850 ( 43.796 ) 2105.271 ( 15.525 ) 2695.100 ( 152.015 )
1559.200 ( 26.252 ) 1717.200 ( 59.219 ) 2112.543 ( 24.257 ) 2717.900 ( 117.561 )
1559.200 ( 26.252 ) 1742.950 ( 46.450 ) 2111.803 ( 24.083 ) 2710.850 ( 133.512 )
1558.350 ( 25.170 ) 1721.650 ( 60.940 ) 2101.587 ( 22.674 ) 2695.150 ( 120.886 )
1558.350 ( 25.170 ) 1727.900 ( 47.730 ) 2105.064 ( 24.281 ) 2693.000 ( 181.519 )
1558.350 ( 25.170 ) 1741.450 ( 46.692 ) 2118.278 ( 20.527 ) 2722.950 ( 198.936 )
1558.350 ( 25.170 ) 1722.700 ( 46.371 ) 2104.042 ( 17.578 ) 2690.650 ( 182.476 )
1558.350 ( 25.170 ) 1714.450 ( 47.279 ) 2100.941 ( 29.914 ) 2689.300 ( 147.214 )
1558.350 ( 25.170 ) 1732.350 ( 56.170 ) 2113.026 ( 23.478 ) 2762.300 ( 135.938 )
1558.350 ( 25.170 ) 1727.800 ( 48.160 ) 2108.979 ( 20.416 ) 2665.200 ( 146.749 )
1558.350 ( 25.170 ) 1736.800 ( 44.881 ) 2105.068 ( 25.703 ) 2695.650 ( 110.153 )
1558.350 ( 25.170 ) 1694.800 ( 37.998 ) 2099.011 ( 22.439 ) 2667.650 ( 143.914 )
1558.350 ( 25.170 ) 1744.500 ( 46.014 ) 2110.952 ( 18.855 ) 2738.200 ( 180.172 )
1558.350 ( 25.170 ) 1722.050 ( 44.654 ) 2115.743 ( 22.217 ) 2763.300 ( 153.828 )
1558.350 ( 25.170 ) 1697.950 ( 52.969 ) 2112.547 ( 18.874 ) 2688.650 ( 139.478 )
1558.350 ( 25.170 ) 1730.250 ( 54.733 ) 2110.175 ( 26.584 ) 2708.300 ( 122.167 )
1558.350 ( 25.170 ) 1731.300 ( 49.707 ) 2104.157 ( 17.062 ) 2772.150 ( 203.299 )
1558.350 ( 25.170 ) 1720.350 ( 38.601 ) 2104.941 ( 18.725 ) 2731.800 ( 133.580 )
1558.350 ( 25.170 ) 1740.050 ( 34.248 ) 2109.048 ( 19.015 ) 2737.750 ( 151.818 )
1558.350 ( 25.170 ) 1733.250 ( 52.305 ) 2109.000 ( 22.458 ) 2678.000 ( 138.967 )
1557.250 ( 24.942 ) 1716.900 ( 52.720 ) 2104.828 ( 21.070 ) 2709.350 ( 123.831 )
1557.250 ( 24.942 ) 1730.450 ( 60.579 ) 2108.871 ( 15.591 ) 2700.000 ( 167.007 )
1557.250 ( 24.942 ) 1745.200 ( 46.391 ) 2109.107 ( 20.633 ) 2752.300 ( 119.048 )
1557.250 ( 24.942 ) 1722.650 ( 46.002 ) 2113.568 ( 24.421 ) 2726.800 ( 132.634 )
1557.250 ( 24.942 ) 1735.500 ( 34.018 ) 2106.872 ( 27.638 ) 2691.300 ( 103.666 )
1551.550 ( 27.931 ) 1704.350 ( 84.173 ) 2104.318 ( 21.584 ) 2704.000 ( 177.491 )
1551.550 ( 27.931 ) 1729.900 ( 43.872 ) 2101.442 ( 30.882 ) 2709.600 ( 154.934 )
1551.550 ( 27.931 ) 1739.400 ( 55.414 ) 2108.169 ( 22.465 ) 2769.050 ( 198.990 )
1551.550 ( 27.931 ) 1724.200 ( 43.909 ) 2109.630 ( 23.444 ) 2683.850 ( 126.252 )
1551.550 ( 27.931 ) 1721.100 ( 53.089 ) 2106.669 ( 23.411 ) 2636.200 ( 121.885 )
1551.550 ( 27.931 ) 1737.050 ( 39.626 ) 2109.689 ( 22.236 ) 2708.050 ( 152.097 )
1551.550 ( 27.931 ) 1742.150 ( 43.937 ) 2102.939 ( 23.894 ) 2718.350 ( 144.996 )
1551.550 ( 27.931 ) 1705.000 ( 49.565 ) 2101.090 ( 17.699 ) 2703.950 ( 110.656 )
1551.550 ( 27.931 ) 1749.950 ( 56.290 ) 2103.011 ( 18.287 ) 2721.050 ( 172.834 )
1551.550 ( 27.931 ) 1728.750 ( 56.449 ) 2107.782 ( 23.814 ) 2700.700 ( 146.444 )
1551.550 ( 27.931 ) 1727.050 ( 36.482 ) 2106.650 ( 25.868 ) 2680.300 ( 138.469 )
1551.550 ( 27.931 ) 1714.650 ( 54.046 ) 2110.218 ( 20.857 ) 2723.200 ( 111.023 )
1551.550 ( 27.931 ) 1716.650 ( 42.278 ) 2100.861 ( 20.200 ) 2684.650 ( 126.968 )
1551.550 ( 27.931 ) 1743.150 ( 48.295 ) 2110.610 ( 21.564 ) 2764.400 ( 198.172 )
1551.550 ( 27.931 ) 1705.000 ( 53.101 ) 2105.680 ( 16.127 ) 2732.000 ( 134.818 )
1551.550 ( 27.931 ) 1721.450 ( 47.936 ) 2101.462 ( 21.828 ) 2686.100 ( 163.004 )
1551.550 ( 27.931 ) 1730.600 ( 46.417 ) 2104.168 ( 20.636 ) 2711.750 ( 113.079 )
1551.550 ( 27.931 ) 1719.700 ( 48.472 ) 2097.028 ( 15.853 ) 2651.400 ( 111.648 )
1551.550 ( 27.931 ) 1710.150 ( 38.914 ) 2105.852 ( 17.174 ) 2640.200 ( 119.334 )
1551.550 ( 27.931 ) 1721.250 ( 39.588 ) 2102.473 ( 20.031 ) 2665.800 ( 112.259 )
1551.550 ( 27.931 ) 1731.100 ( 47.104 ) 2112.057 ( 28.210 ) 2731.950 ( 194.607 )
1551.550 ( 27.931 ) 1725.100 ( 42.391 ) 2107.917 ( 21.327 ) 2674.700 ( 134.630 )
1551.550 ( 27.931 ) 1728.100 ( 46.828 ) 2111.986 ( 13.818 ) 2675.000 ( 165.507 )
1551.550 ( 27.931 ) 1741.000 ( 52.181 ) 2107.531 ( 22.195 ) 2701.200 ( 154.704 )
1551.250 ( 27.698 ) 1719.350 ( 71.025 ) 2111.538 ( 24.793 ) 2649.300 ( 99.776 )
1550.200 ( 27.896 ) 1724.050 ( 53.297 ) 2103.802 ( 22.556 ) 2685.900 ( 121.816 )
1550.200 ( 27.896 ) 1725.800 ( 37.408 ) 2105.167 ( 27.051 ) 2706.300 ( 129.104 )
1550.200 ( 27.896 ) 1725.350 ( 35.918 ) 2110.240 ( 23.123 ) 2722.150 ( 184.551 )
1550.200 ( 27.896 ) 1725.050 ( 64.152 ) 2108.113 ( 22.217 ) 2709.000 ( 147.701 )
1547.650 ( 27.100 ) 1709.400 ( 51.648 ) 2098.650 ( 19.274 ) 2681.700 ( 115.721 )
1547.650 ( 27.100 ) 1730.750 ( 52.747 ) 2106.398 ( 23.573 ) 2695.950 ( 140.125 )
1547.650 ( 27.100 ) 1728.450 ( 41.822 ) 2097.819 ( 29.912 ) 2656.100 ( 127.399 )
1547.650 ( 27.100 ) 1708.300 ( 52.093 ) 2102.017 ( 21.871 ) 2711.150 ( 155.116 )
1547.650 ( 27.100 ) 1741.700 ( 45.490 ) 2107.978 ( 25.494 ) 2751.600 ( 218.577 )
1547.650 ( 27.100 ) 1720.850 ( 37.796 ) 2107.110 ( 22.262 ) 2705.750 ( 144.365 )
1547.650 ( 27.100 ) 1722.100 ( 47.268 ) 2107.104 ( 20.026 ) 2682.600 ( 178.148 )
1547.650 ( 27.100 ) 1735.300 ( 40.615 ) 2098.550 ( 22.934 ) 2688.400 ( 153.984 )
1547.650 ( 27.100 ) 1731.300 ( 41.168 ) 2095.306 ( 17.607 ) 2658.150 ( 125.950 )
1547.650 ( 27.100 ) 1723.000 ( 43.010 ) 2104.180 ( 25.058 ) 2684.400 ( 133.439 )
1547.650 ( 27.100 ) 1728.550 ( 46.388 ) 2106.631 ( 22.458 ) 2709.750 ( 168.201 )
1547.650 ( 27.100 ) 1726.350 ( 37.476 ) 2105.684 ( 26.623 ) 2708.650 ( 130.369 )
1547.650 ( 27.100 ) 1711.450 ( 56.401 ) 2105.707 ( 23.546 ) 2741.600 ( 154.319 )
1547.650 ( 27.100 ) 1731.850 ( 58.475 ) 2114.135 ( 26.075 ) 2709.900 ( 151.308 )
1547.650 ( 27.100 ) 1719.700 ( 45.424 ) 2112.039 ( 23.715 ) 2752.550 ( 155.532 )
1547.650 ( 27.100 ) 1722.900 ( 51.787 ) 2103.019 ( 21.258 ) 2679.050 ( 133.910 )
1544.750 ( 30.731 ) 1710.150 ( 68.359 ) 2106.704 ( 23.956 ) 2694.200 ( 121.020 )
1544.750 ( 30.731 ) 1730.950 ( 45.890 ) 2106.858 ( 18.952 ) 2720.850 ( 186.214 )
1544.750 ( 30.731 ) 1722.950 ( 52.336 ) 2111.532 ( 23.244 ) 2674.000 ( 152.320 )
1544.750 ( 30.731 ) 1737.750 ( 52.166 ) 2098.407 ( 17.000 ) 2703.450 ( 135.490 )
1544.750 ( 30.731 ) 1740.000 ( 57.270 ) 2111.322 ( 21.852 ) 2658.800 ( 112.299 )
1544.750 ( 30.731 ) 1699.100 ( 38.862 ) 2102.331 ( 22.122 ) 2654.100 ( 101.090 )
1544.750 ( 30.731 ) 1714.700 ( 41.398 ) 2118.166 ( 24.983 ) 2727.950 ( 105.882 )
1544.750 ( 30.731 ) 1728.750 ( 50.978 ) 2104.350 ( 18.512 ) 2698.600 ( 97.769 )
1544.750 ( 30.731 ) 1720.550 ( 36.691 ) 2097.769 ( 17.702 ) 2659.400 ( 105.734 )
1544.750 ( 30.731 ) 1731.750 ( 51.072 ) 2113.064 ( 29.280 ) 2730.400 ( 136.907 )
1544.750 ( 30.731 ) 1722.750 ( 56.627 ) 2105.843 ( 28.566 ) 2698.300 ( 223.589 )
1544.750 ( 30.731 ) 1731.950 ( 55.729 ) 2108.084 ( 17.907 ) 2726.550 ( 146.216 )
1544.750 ( 30.731 ) 1728.750 ( 42.906 ) 2106.791 ( 24.048 ) 2678.050 ( 135.054 )
1544.750 ( 30.731 ) 1709.050 ( 43.979 ) 2110.839 ( 32.001 ) 2722.600 ( 180.954 )
1544.750 ( 30.731 ) 1744.350 ( 45.067 ) 2102.312 ( 17.882 ) 2659.200 ( 92.367 )
1544.750 ( 30.731 ) 1722.150 ( 65.547 ) 2107.675 ( 21.020 ) 2650.650 ( 104.034 )
1544.750 ( 30.731 ) 1726.350 ( 58.619 ) 2118.878 ( 21.431 ) 2783.750 ( 160.039 )
1544.750 ( 30.731 ) 1723.650 ( 52.362 ) 2105.128 ( 17.644 ) 2685.250 ( 116.251 )
1544.750 ( 30.731 ) 1704.350 ( 58.260 ) 2106.284 ( 21.015 ) 2718.150 ( 108.428 )
1544.750 ( 30.731 ) 1730.150 ( 48.645 ) 2107.420 ( 24.529 ) 2667.400 ( 104.006 )
1543.900 ( 30.140 ) 1717.650 ( 56.306 ) 2104.038 ( 22.257 ) 2679.150 ( 111.180 )
1543.900 ( 30.140 ) 1748.500 ( 48.053 ) 2104.819 ( 21.468 ) 2681.550 ( 104.749 )
1543.900 ( 30.140 ) 1706.800 ( 49.017 ) 2100.872 ( 18.675 ) 2658.900 ( 127.495 )
1543.900 ( 30.140 ) 1734.050 ( 43.317 ) 2116.794 ( 23.084 ) 2692.350 ( 141.276 )
1543.900 ( 30.140 ) 1734.800 ( 45.221 ) 2110.269 ( 17.516 ) 2738.200 ( 216.302 )
1543.900 ( 30.140 ) 1741.000 ( 48.487 ) 2113.548 ( 23.948 ) 2672.250 ( 96.111 )
1543.900 ( 30.140 ) 1731.450 ( 46.391 ) 2108.298 ( 25.720 ) 2786.550 ( 191.060 )
1543.900 ( 30.140 ) 1724.050 ( 56.572 ) 2104.511 ( 18.797 ) 2694.850 ( 102.212 )
1543.900 ( 30.140 ) 1723.900 ( 50.381 ) 2109.053 ( 22.700 ) 2716.250 ( 101.310 )
1543.900 ( 30.140 ) 1724.000 ( 50.851 ) 2112.917 ( 20.488 ) 2714.650 ( 164.640 )
1543.900 ( 30.140 ) 1713.350 ( 46.446 ) 2110.133 ( 23.605 ) 2773.550 ( 142.046 )
1543.900 ( 30.140 ) 1743.100 ( 34.078 ) 2111.956 ( 21.929 ) 2728.950 ( 173.161 )
1543.900 ( 30.140 ) 1724.750 ( 45.172 ) 2105.102 ( 26.776 ) 2702.850 ( 163.676 )
1543.900 ( 30.140 ) 1719.100 ( 59.321 ) 2116.296 ( 20.915 ) 2661.800 ( 100.631 )
1543.900 ( 30.140 ) 1724.000 ( 49.294 ) 2111.825 ( 16.021 ) 2691.900 ( 157.376 )
1543.900 ( 30.140 ) 1732.400 ( 39.810 ) 2101.705 ( 22.753 ) 2663.600 ( 113.647 )
1543.900 ( 30.140 ) 1713.550 ( 43.517 ) 2097.479 ( 19.552 ) 2682.100 ( 184.993 )
1543.900 ( 30.140 ) 1736.050 ( 46.443 ) 2104.421 ( 21.879 ) 2712.750 ( 167.616 )
1543.900 ( 30.140 ) 1733.100 ( 39.525 ) 2111.218 ( 22.805 ) 2765.900 ( 167.511 )
1543.900 ( 30.140 ) 1722.700 ( 46.021 ) 2109.410 ( 21.140 ) 2777.750 ( 242.075 )
1543.900 ( 30.140 ) 1717.100 ( 45.928 ) 2102.990 ( 25.954 ) 2734.250 ( 174.685 )
1543.900 ( 30.140 ) 1727.900 ( 40.227 ) 2107.269 ( 23.148 ) 2697.450 ( 174.866 )
1543.900 ( 30.140 ) 1710.000 ( 58.043 ) 2100.863 ( 24.292 ) 2708.450 ( 93.887 )
1543.900 ( 30.140 ) 1716.550 ( 57.423 ) 2107.380 ( 21.332 ) 2701.050 ( 122.925 )
1543.900 ( 30.140 ) 1727.750 ( 40.019 ) 2112.936 ( 27.512 ) 2762.100 ( 117.123 )
1543.900 ( 30.140 ) 1703.500 ( 58.179 ) 2110.996 ( 19.150 ) 2704.800 ( 138.103 )
1543.900 ( 30.140 ) 1733.100 ( 39.208 ) 2102.775 ( 26.115 ) 2717.800 ( 207.982 )
1543.900 ( 30.140 ) 1728.850 ( 54.674 ) 2108.030 ( 23.632 ) 2782.600 ( 177.246 )
1543.900 ( 30.140 ) 1719.850 ( 48.159 ) 2110.289 ( 23.784 ) 2703.700 ( 146.038 )
1543.900 ( 30.140 ) 1736.350 ( 46.823 ) 2107.665 ( 24.613 ) 2718.250 ( 166.220 )
1543.900 ( 30.140 ) 1708.700 ( 48.909 ) 2104.010 ( 19.115 ) 2728.250 ( 159.726 )
1543.900 ( 30.140 ) 1733.200 ( 37.376 ) 2107.568 ( 23.756 ) 2722.100 ( 175.183 )
1543.900 ( 30.140 ) 1728.950 ( 45.441 ) 2111.338 ( 20.191 ) 2758.550 ( 201.160 )
1543.900 ( 30.140 ) 1725.150 ( 50.904 ) 2093.731 ( 16.671 ) 2680.450 ( 153.425 )
1543.900 ( 30.140 ) 1723.200 ( 49.346 ) 2108.742 ( 15.970 ) 2692.550 ( 159.024 )
1543.900 ( 30.140 ) 1723.900 ( 48.421 ) 2104.268 ( 24.591 ) 2718.400 ( 120.433 )
1543.900 ( 30.140 ) 1735.300 ( 49.352 ) 2114.396 ( 20.906 ) 2741.200 ( 203.603 )
1543.900 ( 30.140 ) 1734.400 ( 57.523 ) 2102.866 ( 19.602 ) 2671.750 ( 91.644 )
1543.900 ( 30.140 ) 1722.350 ( 51.895 ) 2111.823 ( 23.586 ) 2734.450 ( 180.399 )
1543.900 ( 30.140 ) 1729.650 ( 55.522 ) 2101.562 ( 22.294 ) 2708.450 ( 143.371 )
1543.900 ( 30.140 ) 1707.900 ( 46.503 ) 2104.720 ( 24.281 ) 2702.700 ( 140.946 )
1543.900 ( 30.140 ) 1725.900 ( 57.819 ) 2112.789 ( 19.492 ) 2687.850 ( 111.510 )
1543.900 ( 30.140 ) 1731.050 ( 50.305 ) 2109.764 ( 20.982 ) 2687.650 ( 130.201 )
1543.900 ( 30.140 ) 1726.900 ( 42.923 ) 2109.567 ( 25.606 ) 2720.450 ( 160.872 )
1543.900 ( 30.140 ) 1707.600 ( 37.329 ) 2112.367 ( 17.593 ) 2729.150 ( 212.346 )
1543.900 ( 30.140 ) 1714.550 ( 50.495 ) 2102.534 ( 20.462 ) 2656.450 ( 113.507 )
1543.900 ( 30.140 ) 1719.950 ( 49.848 ) 2108.144 ( 21.431 ) 2669.350 ( 105.025 )
1543.900 ( 30.140 ) 1718.400 ( 49.293 ) 2109.499 ( 18.844 ) 2693.700 ( 108.758 )
1543.900 ( 30.140 ) 1725.650 ( 40.407 ) 2106.315 ( 19.024 ) 2662.600 ( 139.511 )
1543.900 ( 30.140 ) 1721.300 ( 49.607 ) 2106.296 ( 21.477 ) 2665.700 ( 98.933 )
1543.900 ( 30.140 ) 1722.650 ( 46.775 ) 2108.292 ( 28.772 ) 2705.400 ( 139.999 )
1543.900 ( 30.140 ) 1735.100 ( 47.257 ) 2116.071 ( 25.070 ) 2688.100 ( 100.714 )
1543.900 ( 30.140 ) 1737.850 ( 57.282 ) 2114.468 ( 20.222 ) 2695.100 ( 102.701 )
1543.900 ( 30.140 ) 1730.750 ( 43.233 ) 2093.844 ( 22.568 ) 2632.750 ( 88.685 )
1543.900 ( 30.140 ) 1715.100 ( 53.312 ) 2096.581 ( 22.456 ) 2628.550 ( 120.666 )
1543.900 ( 30.140 ) 1708.550 ( 59.612 ) 2100.683 ( 22.014 ) 2656.050 ( 135.274 )
1543.900 ( 30.140 ) 1723.800 ( 43.448 ) 2115.640 ( 16.365 ) 2765.350 ( 131.201 )
1543.900 ( 30.140 ) 1711.550 ( 48.154 ) 2109.099 ( 17.517 ) 2675.300 ( 153.295 )
1541.800 ( 27.809 ) 1710.050 ( 55.773 ) 2112.078 ( 17.070 ) 2710.700 ( 96.459 )
1541.800 ( 27.809 ) 1716.950 ( 43.081 ) 2102.179 ( 21.472 ) 2720.500 ( 129.994 )
1541.800 ( 27.809 ) 1725.300 ( 57.746 ) 2106.405 ( 19.532 ) 2670.850 ( 148.296 )
1541.800 ( 27.809 ) 1713.200 ( 52.193 ) 2106.680 ( 19.897 ) 2667.650 ( 151.131 )
1541.800 ( 27.809 ) 1725.650 ( 35.900 ) 2100.972 ( 19.007 ) 2720.850 ( 151.626 )
1541.800 ( 27.809 ) 1728.500 ( 50.598 ) 2117.026 ( 24.372 ) 2716.950 ( 131.878 )
1541.800 ( 27.809 ) 1714.900 ( 37.769 ) 2098.792 ( 19.910 ) 2684.950 ( 176.347 )
1541.800 ( 27.809 ) 1737.950 ( 46.253 ) 2107.536 ( 20.356 ) 2699.150 ( 151.449 )
1541.500 ( 27.206 ) 1713.400 ( 57.010 ) 2098.050 ( 22.956 ) 2732.150 ( 169.318 )
1541.500 ( 27.206 ) 1714.450 ( 50.518 ) 2104.723 ( 21.106 ) 2639.900 ( 100.529 )
1541.500 ( 27.206 ) 1720.600 ( 50.454 ) 2109.044 ( 20.196 ) 2729.450 ( 223.665 )
1541.500 ( 27.206 ) 1734.850 ( 41.115 ) 2111.468 ( 20.818 ) 2732.600 ( 112.306 )
1541.500 ( 27.206 ) 1717.550 ( 55.126 ) 2101.906 ( 24.949 ) 2730.100 ( 157.228 )
1541.500 ( 27.206 ) 1724.050 ( 58.056 ) 2118.311 ( 20.034 ) 2720.000 ( 112.622 )
1541.500 ( 27.206 ) 1727.550 ( 39.220 ) 2107.061 ( 28.083 ) 2749.100 ( 138.468 )
1541.500 ( 27.206 ) 1724.750 ( 38.896 ) 2110.413 ( 18.038 ) 2677.900 ( 113.237 )
1541.500 ( 27.206 ) 1719.150 ( 51.331 ) 2097.934 ( 19.960 ) 2678.400 ( 135.431 )
1541.500 ( 27.206 ) 1742.150 ( 44.141 ) 2103.398 ( 23.255 ) 2706.750 ( 152.111 )
1541.500 ( 27.206 ) 1718.000 ( 28.415 ) 2110.940 ( 19.083 ) 2640.750 ( 99.425 )
1541.500 ( 27.206 ) 1738.850 ( 46.346 ) 2105.597 ( 23.958 ) 2702.350 ( 139.044 )
1541.500 ( 27.206 ) 1728.800 ( 38.613 ) 2112.086 ( 23.827 ) 2701.900 ( 146.763 )
1541.500 ( 27.206 ) 1733.850 ( 55.870 ) 2110.109 ( 21.593 ) 2737.550 ( 111.960 )
1541.500 ( 27.206 ) 1705.800 ( 46.163 ) 2107.544 ( 23.922 ) 2694.950 ( 121.522 )
1541.500 ( 27.206 ) 1744.600 ( 40.421 ) 2104.349 ( 23.168 ) 2698.900 ( 147.793 )
1541.500 ( 27.206 ) 1716.150 ( 49.656 ) 2106.943 ( 18.856 ) 2692.600 ( 131.680 )
1541.500 ( 27.206 ) 1704.500 ( 49.996 ) 2102.831 ( 23.369 ) 2730.500 ( 143.369 )
1541.500 ( 27.206 ) 1745.750 ( 42.183 ) 2104.262 ( 20.864 ) 2740.000 ( 187.423 )
1541.500 ( 27.206 ) 1717.350 ( 44.951 ) 2105.496 ( 17.139 ) 2692.100 ( 134.104 )
1541.500 ( 27.206 ) 1716.250 ( 33.545 ) 2107.914 ( 18.116 ) 2733.250 ( 142.090 )
1541.500 ( 27.206 ) 1718.300 ( 59.710 ) 2102.307 ( 18.003 ) 2714.550 ( 132.894 )
1541.500 ( 27.206 ) 1732.700 ( 58.625 ) 2113.279 ( 21.538 ) 2756.700 ( 108.678 )
1541.250 ( 26.862 ) 1746.500 ( 63.275 ) 2114.374 ( 21.114 ) 2729.250 ( 113.781 )
1541.250 ( 26.862 ) 1715.800 ( 48.093 ) 2101.923 ( 13.527 ) 2768.400 ( 213.755 )
1541.250 ( 26.862 ) 1741.850 ( 37.787 ) 2106.755 ( 21.206 ) 2754.250 ( 167.152 )
1541.250 ( 26.862 ) 1725.950 ( 35.923 ) 2097.898 ( 29.987 ) 2709.000 ( 130.052 )
1541.250 ( 26.862 ) 1723.300 ( 65.033 ) 2107.367 ( 18.372 ) 2669.450 ( 136.403 )
1541.250 ( 26.862 ) 1726.600 ( 53.232 ) 2114.077 ( 20.945 ) 2742.700 ( 191.330 )
1541.250 ( 26.862 ) 1723.350 ( 52.336 ) 2107.402 ( 26.308 ) 2736.600 ( 140.863 )
1541.250 ( 26.862 ) 1724.000 ( 57.589 ) 2113.494 ( 26.759 ) 2700.350 ( 147.267 )
1541.250 ( 26.862 ) 1728.700 ( 63.302 ) 2101.229 ( 20.657 ) 2696.550 ( 109.709 )
1541.250 ( 26.862 ) 1733.150 ( 43.760 ) 2108.821 ( 20.194 ) 2724.900 ( 250.979 )
1541.250 ( 26.862 ) 1717.850 ( 47.442 ) 2108.412 ( 20.573 ) 2745.250 ( 143.041 )
1541.250 ( 26.862 ) 1710.300 ( 50.237 ) 2109.232 ( 25.661 ) 2683.050 ( 136.427 )
1541.250 ( 26.862 ) 1713.050 ( 51.250 ) 2112.560 ( 18.770 ) 2751.350 ( 201.587 )
1541.250 ( 26.862 ) 1715.200 ( 49.953 ) 2107.814 ( 23.149 ) 2717.950 ( 117.511 )
1541.250 ( 26.862 ) 1723.700 ( 53.491 ) 2104.292 ( 19.474 ) 2728.600 ( 170.433 )
1541.250 ( 26.862 ) 1707.550 ( 56.859 ) 2110.751 ( 27.197 ) 2709.100 ( 120.252 )
1541.250 ( 26.862 ) 1718.800 ( 49.022 ) 2109.006 ( 20.116 ) 2707.000 ( 133.328 )
1541.250 ( 26.862 ) 1717.750 ( 47.860 ) 2107.902 ( 19.114 ) 2766.800 ( 186.609 )
1541.250 ( 26.862 ) 1718.750 ( 42.512 ) 2102.314 ( 25.044 ) 2787.550 ( 209.018 )
1541.250 ( 26.862 ) 1717.900 ( 49.825 ) 2109.150 ( 28.217 ) 2684.150 ( 136.357 )
1541.250 ( 26.862 ) 1737.600 ( 56.379 ) 2109.349 ( 22.583 ) 2701.500 ( 150.702 )
1541.250 ( 26.862 ) 1737.850 ( 42.179 ) 2100.544 ( 19.215 ) 2657.150 ( 103.994 )
1541.250 ( 26.862 ) 1714.950 ( 55.160 ) 2110.121 ( 26.584 ) 2744.100 ( 187.925 )
1541.250 ( 26.862 ) 1726.300 ( 38.171 ) 2105.109 ( 29.256 ) 2706.900 ( 92.029 )
1541.250 ( 26.862 ) 1726.350 ( 51.794 ) 2105.249 ( 27.079 ) 2682.050 ( 115.405 )
1541.250 ( 26.862 ) 1742.700 ( 50.163 ) 2114.841 ( 23.777 ) 2719.650 ( 148.640 )
1541.250 ( 26.862 ) 1720.500 ( 58.084 ) 2112.295 ( 26.196 ) 2718.000 ( 149.275 )
1541.250 ( 26.862 ) 1724.600 ( 55.230 ) 2115.744 ( 23.395 ) 2763.250 ( 235.626 )
1541.250 ( 26.862 ) 1723.750 ( 49.400 ) 2108.979 ( 19.997 ) 2698.400 ( 154.178 )
1541.250 ( 26.862 ) 1730.700 ( 34.293 ) 2114.313 ( 23.876 ) 2727.550 ( 127.979 )
1541.250 ( 26.862 ) 1706.200 ( 57.843 ) 2115.506 ( 21.247 ) 2669.000 ( 126.384 )
1541.250 ( 26.862 ) 1736.750 ( 37.499 ) 2113.431 ( 21.659 ) 2667.250 ( 110.699 )
1541.250 ( 26.862 ) 1757.150 ( 41.823 ) 2111.033 ( 27.054 ) 2711.150 ( 128.575 )
1541.250 ( 26.862 ) 1722.050 ( 53.221 ) 2102.413 ( 20.621 ) 2656.650 ( 112.635 )
1541.250 ( 26.862 ) 1721.050 ( 54.083 ) 2109.976 ( 21.880 ) 2704.900 ( 116.522 )
1541.250 ( 26.862 ) 1723.050 ( 60.610 ) 2104.394 ( 22.751 ) 2674.300 ( 112.275 )
1541.250 ( 26.862 ) 1723.700 ( 59.028 ) 2113.346 ( 25.963 ) 2764.350 ( 191.562 )
1541.250 ( 26.862 ) 1717.750 ( 42.433 ) 2107.383 ( 26.299 ) 2683.250 ( 130.537 )
1541.250 ( 26.862 ) 1723.200 ( 50.464 ) 2101.963 ( 26.633 ) 2683.300 ( 124.234 )
1541.250 ( 26.862 ) 1720.550 ( 51.408 ) 2114.519 ( 21.593 ) 2725.500 ( 151.557 )
1541.250 ( 26.862 ) 1727.800 ( 46.231 ) 2107.502 ( 21.701 ) 2668.000 ( 132.394 )
1541.250 ( 26.862 ) 1720.400 ( 69.159 ) 2091.062 ( 21.420 ) 2698.150 ( 142.973 )
1541.250 ( 26.862 ) 1731.650 ( 36.269 ) 2107.499 ( 21.549 ) 2744.100 ( 179.822 )
1541.250 ( 26.862 ) 1708.850 ( 55.084 ) 2099.663 ( 23.249 ) 2689.300 ( 136.807 )
1541.250 ( 26.862 ) 1720.650 ( 49.825 ) 2100.684 ( 22.721 ) 2649.600 ( 142.722 )
1541.250 ( 26.862 ) 1709.550 ( 57.864 ) 2103.291 ( 24.388 ) 2645.950 ( 122.044 )
1540.150 ( 26.644 ) 1729.050 ( 57.538 ) 2115.774 ( 21.573 ) 2689.000 ( 103.747 )
1540.150 ( 26.644 ) 1738.900 ( 43.994 ) 2113.445 ( 24.894 ) 2748.600 ( 211.162 )
1540.150 ( 26.644 ) 1713.350 ( 63.249 ) 2101.215 ( 16.361 ) 2697.100 ( 161.010 )
1540.150 ( 26.644 ) 1735.600 ( 39.336 ) 2112.213 ( 18.414 ) 2726.550 ( 106.738 )
1540.150 ( 26.644 ) 1725.650 ( 37.318 ) 2110.254 ( 19.890 ) 2708.500 ( 136.433 )
