1771.050 ( 59.545 ) 1771.050 ( 59.545 ) 2163.642 ( 24.325 ) 2761.000 ( 140.773 )
1730.000 ( 46.344 ) 1752.950 ( 52.766 ) 2109.687 ( 31.635 ) 2633.300 ( 132.537 )
1717.300 ( 48.161 ) 1760.600 ( 61.004 ) 2114.284 ( 27.205 ) 2637.050 ( 108.629 )
1707.450 ( 42.759 ) 1772.950 ( 49.730 ) 2112.834 ( 24.006 ) 2647.150 ( 159.539 )
1698.100 ( 38.246 ) 1759.550 ( 46.486 ) 2095.340 ( 17.537 ) 2575.100 ( 194.819 )
1691.600 ( 36.766 ) 1743.850 ( 42.053 ) 2107.517 ( 32.220 ) 2606.200 ( 137.312 )
1678.800 ( 35.573 ) 1750.250 ( 58.540 ) 2115.187 ( 19.855 ) 2614.400 ( 117.113 )
1678.050 ( 36.083 ) 1774.100 ( 60.746 ) 2114.738 ( 30.911 ) 2630.700 ( 193.737 )
1669.200 ( 30.719 ) 1740.250 ( 58.269 ) 2103.181 ( 28.454 ) 2590.150 ( 111.549 )
1668.000 ( 29.932 ) 1749.800 ( 52.552 ) 2118.770 ( 30.126 ) 2665.400 ( 141.069 )
1667.100 ( 30.573 ) 1753.100 ( 46.052 ) 2123.162 ( 26.721 ) 2635.200 ( 110.681 )
1660.100 ( 30.061 ) 1747.750 ( 59.058 ) 2104.327 ( 30.850 ) 2654.650 ( 109.826 )
1654.350 ( 26.418 ) 1745.300 ( 60.293 ) 2105.298 ( 30.881 ) 2635.550 ( 157.351 )
1651.550 ( 24.715 ) 1751.250 ( 60.988 ) 2107.749 ( 27.581 ) 2615.750 ( 129.783 )
1651.150 ( 25.860 ) 1739.150 ( 65.047 ) 2101.498 ( 36.185 ) 2622.500 ( 123.738 )
1640.600 ( 36.255 ) 1718.300 ( 70.191 ) 2111.519 ( 22.020 ) 2624.050 ( 161.157 )
1639.200 ( 36.019 ) 1737.250 ( 53.013 ) 2117.364 ( 25.361 ) 2624.200 ( 122.340 )
1639.000 ( 36.164 ) 1749.000 ( 56.404 ) 2108.497 ( 22.682 ) 2643.550 ( 107.144 )
1638.950 ( 36.114 ) 1749.900 ( 48.791 ) 2112.089 ( 23.588 ) 2608.500 ( 85.547 )
1638.100 ( 35.185 ) 1741.600 ( 45.382 ) 2102.753 ( 25.104 ) 2612.900 ( 130.600 )
1633.950 ( 36.046 ) 1730.350 ( 63.341 ) 2092.037 ( 21.155 ) 2584.600 ( 126.082 )
1633.950 ( 36.046 ) 1765.500 ( 48.154 ) 2111.773 ( 30.768 ) 2665.800 ( 139.750 )
1633.950 ( 36.046 ) 1733.850 ( 51.816 ) 2108.179 ( 20.985 ) 2599.150 ( 89.951 )
1633.950 ( 36.046 ) 1747.250 ( 47.630 ) 2114.915 ( 27.216 ) 2665.900 ( 133.512 )
1629.000 ( 34.593 ) 1732.350 ( 57.139 ) 2097.247 ( 19.851 ) 2602.400 ( 158.207 )
1626.150 ( 33.512 ) 1737.350 ( 45.730 ) 2102.010 ( 30.599 ) 2591.200 ( 118.093 )
1626.050 ( 33.440 ) 1739.300 ( 53.459 ) 2110.066 ( 27.405 ) 2648.550 ( 129.876 )
1624.150 ( 31.696 ) 1765.600 ( 49.245 ) 2118.563 ( 30.856 ) 2706.700 ( 164.686 )
1624.150 ( 31.696 ) 1775.650 ( 34.226 ) 2117.080 ( 33.625 ) 2677.650 ( 154.150 )
1622.950 ( 32.361 ) 1733.900 ( 63.354 ) 2106.989 ( 24.148 ) 2590.450 ( 98.770 )
1622.950 ( 32.361 ) 1736.800 ( 52.272 ) 2105.515 ( 22.133 ) 2649.600 ( 106.556 )
1622.950 ( 32.361 ) 1747.500 ( 52.304 ) 2092.905 ( 19.981 ) 2595.450 ( 88.351 )
1622.900 ( 32.326 ) 1754.750 ( 57.283 ) 2113.256 ( 23.156 ) 2657.500 ( 115.702 )
1622.900 ( 32.326 ) 1776.150 ( 38.986 ) 2115.306 ( 25.926 ) 2691.750 ( 134.119 )
1622.800 ( 32.248 ) 1745.050 ( 49.540 ) 2111.941 ( 23.353 ) 2626.050 ( 117.700 )
1620.150 ( 30.472 ) 1727.850 ( 52.706 ) 2111.247 ( 23.733 ) 2692.050 ( 160.073 )
1615.700 ( 32.918 ) 1726.800 ( 60.845 ) 2114.366 ( 25.650 ) 2637.450 ( 104.365 )
1613.750 ( 31.167 ) 1750.000 ( 47.587 ) 2104.810 ( 29.585 ) 2593.300 ( 119.943 )
1613.750 ( 31.167 ) 1756.350 ( 59.679 ) 2119.026 ( 27.466 ) 2675.100 ( 147.053 )
1613.750 ( 31.167 ) 1753.000 ( 48.822 ) 2108.211 ( 22.563 ) 2665.850 ( 105.313 )
1613.750 ( 31.167 ) 1753.800 ( 47.831 ) 2107.887 ( 32.664 ) 2651.200 ( 169.060 )
1609.850 ( 31.803 ) 1737.250 ( 74.068 ) 2099.258 ( 23.163 ) 2624.650 ( 99.983 )
1608.000 ( 31.300 ) 1720.200 ( 60.165 ) 2104.107 ( 24.708 ) 2617.400 ( 105.076 )
1608.000 ( 31.300 ) 1750.050 ( 52.894 ) 2112.048 ( 31.718 ) 2635.350 ( 139.013 )
1605.800 ( 30.726 ) 1736.300 ( 67.530 ) 2110.914 ( 22.503 ) 2622.150 ( 101.901 )
1605.800 ( 30.726 ) 1737.700 ( 62.142 ) 2102.464 ( 27.132 ) 2656.650 ( 145.228 )
1605.800 ( 30.726 ) 1748.700 ( 55.289 ) 2109.375 ( 36.543 ) 2668.600 ( 144.087 )
1605.800 ( 30.726 ) 1752.250 ( 49.199 ) 2106.900 ( 26.246 ) 2574.450 ( 135.591 )
1603.500 ( 30.474 ) 1742.450 ( 63.543 ) 2101.029 ( 23.582 ) 2636.250 ( 101.460 )
1603.500 ( 30.474 ) 1754.600 ( 43.121 ) 2113.488 ( 17.734 ) 2639.400 ( 126.316 )
1601.450 ( 29.860 ) 1761.400 ( 53.433 ) 2116.102 ( 26.686 ) 2620.450 ( 128.017 )
1600.300 ( 29.721 ) 1725.750 ( 61.506 ) 2100.659 ( 27.394 ) 2582.050 ( 108.168 )
1600.300 ( 29.721 ) 1748.550 ( 48.977 ) 2104.252 ( 27.683 ) 2592.750 ( 137.854 )
1600.300 ( 29.721 ) 1757.450 ( 38.906 ) 2103.326 ( 20.909 ) 2630.050 ( 146.792 )
1600.300 ( 29.721 ) 1752.900 ( 53.287 ) 2109.917 ( 37.109 ) 2638.850 ( 126.086 )
1600.300 ( 29.721 ) 1752.350 ( 55.454 ) 2115.298 ( 27.790 ) 2648.400 ( 138.623 )
1600.300 ( 29.721 ) 1746.050 ( 46.187 ) 2104.256 ( 27.370 ) 2650.750 ( 158.440 )
1598.600 ( 29.974 ) 1722.800 ( 59.145 ) 2116.397 ( 26.181 ) 2617.450 ( 128.708 )
1598.600 ( 29.974 ) 1730.550 ( 64.636 ) 2104.891 ( 32.701 ) 2584.350 ( 86.675 )
1598.600 ( 29.974 ) 1728.650 ( 52.747 ) 2116.468 ( 26.855 ) 2664.550 ( 165.780 )
1598.600 ( 29.974 ) 1752.850 ( 52.445 ) 2105.595 ( 21.781 ) 2608.750 ( 164.648 )
1596.200 ( 27.849 ) 1740.600 ( 53.635 ) 2118.556 ( 22.734 ) 2673.500 ( 149.599 )
1595.800 ( 27.690 ) 1733.700 ( 69.346 ) 2109.302 ( 22.916 ) 2645.350 ( 125.569 )
1590.900 ( 26.488 ) 1736.700 ( 70.499 ) 2106.593 ( 24.035 ) 2646.900 ( 105.690 )
1590.900 ( 26.488 ) 1743.750 ( 64.534 ) 2109.965 ( 21.097 ) 2614.200 ( 106.582 )
1590.900 ( 26.488 ) 1741.000 ( 41.906 ) 2112.118 ( 25.477 ) 2640.150 ( 103.834 )
1590.900 ( 26.488 ) 1745.300 ( 42.998 ) 2111.874 ( 32.583 ) 2600.900 ( 128.586 )
1590.900 ( 26.488 ) 1777.500 ( 40.535 ) 2109.869 ( 31.115 ) 2594.250 ( 115.383 )
1590.900 ( 26.488 ) 1753.850 ( 57.568 ) 2093.883 ( 26.039 ) 2564.200 ( 73.070 )
1590.900 ( 26.488 ) 1740.650 ( 45.695 ) 2116.029 ( 24.056 ) 2645.300 ( 107.756 )
1590.900 ( 26.488 ) 1752.300 ( 42.545 ) 2101.363 ( 23.308 ) 2607.150 ( 97.384 )
1590.900 ( 26.488 ) 1768.050 ( 68.836 ) 2120.090 ( 24.446 ) 2640.050 ( 157.861 )
1590.900 ( 26.488 ) 1761.500 ( 58.529 ) 2111.808 ( 30.272 ) 2620.400 ( 153.851 )
1590.900 ( 26.488 ) 1752.300 ( 47.327 ) 2107.864 ( 23.805 ) 2677.200 ( 96.013 )
1590.900 ( 26.488 ) 1760.550 ( 54.285 ) 2116.534 ( 28.660 ) 2631.150 ( 116.731 )
1590.900 ( 26.488 ) 1746.350 ( 47.897 ) 2101.294 ( 23.458 ) 2641.350 ( 135.563 )
1590.900 ( 26.488 ) 1768.700 ( 32.299 ) 2111.445 ( 24.839 ) 2708.100 ( 177.602 )
1587.400 ( 26.223 ) 1738.800 ( 71.559 ) 2108.418 ( 36.659 ) 2644.000 ( 153.485 )
1587.400 ( 26.223 ) 1736.450 ( 47.821 ) 2105.776 ( 28.620 ) 2653.800 ( 159.685 )
1584.950 ( 21.428 ) 1724.950 ( 57.743 ) 2108.988 ( 24.651 ) 2634.400 ( 108.770 )
1584.950 ( 21.428 ) 1751.250 ( 61.414 ) 2099.291 ( 31.040 ) 2604.450 ( 123.955 )
1584.950 ( 21.428 ) 1756.350 ( 73.898 ) 2111.864 ( 29.762 ) 2643.300 ( 131.765 )
1584.950 ( 21.428 ) 1750.000 ( 48.742 ) 2111.251 ( 16.249 ) 2619.100 ( 111.991 )
1584.950 ( 21.428 ) 1738.450 ( 58.956 ) 2104.874 ( 27.159 ) 2616.700 ( 108.921 )
1584.950 ( 21.428 ) 1730.300 ( 56.187 ) 2117.193 ( 27.541 ) 2670.400 ( 159.070 )
1584.950 ( 21.428 ) 1735.600 ( 60.959 ) 2099.418 ( 28.024 ) 2660.100 ( 136.724 )
1584.950 ( 21.428 ) 1753.750 ( 55.548 ) 2107.079 ( 20.049 ) 2600.000 ( 113.691 )
1584.950 ( 21.428 ) 1751.500 ( 44.758 ) 2100.961 ( 22.204 ) 2573.500 ( 115.519 )
1584.950 ( 21.428 ) 1744.050 ( 54.686 ) 2109.618 ( 32.218 ) 2710.150 ( 131.754 )
1584.950 ( 21.428 ) 1744.500 ( 72.455 ) 2092.208 ( 38.326 ) 2641.150 ( 158.606 )
1584.950 ( 21.428 ) 1722.350 ( 55.153 ) 2097.159 ( 26.250 ) 2647.050 ( 134.718 )
1584.950 ( 21.428 ) 1734.900 ( 45.377 ) 2096.531 ( 23.253 ) 2608.550 ( 95.060 )
1584.950 ( 21.428 ) 1736.200 ( 40.879 ) 2106.619 ( 21.046 ) 2653.100 ( 145.153 )
1584.950 ( 21.428 ) 1735.150 ( 62.597 ) 2117.294 ( 24.566 ) 2596.900 ( 87.890 )
1584.950 ( 21.428 ) 1758.900 ( 55.786 ) 2106.580 ( 21.798 ) 2585.100 ( 134.583 )
1583.150 ( 19.589 ) 1764.800 ( 65.411 ) 2103.045 ( 24.911 ) 2631.600 ( 165.333 )
1583.150 ( 19.589 ) 1752.350 ( 57.442 ) 2112.647 ( 22.506 ) 2661.850 ( 116.503 )
1583.150 ( 19.589 ) 1749.900 ( 62.745 ) 2104.549 ( 28.497 ) 2627.350 ( 114.227 )
1583.150 ( 19.589 ) 1757.250 ( 50.362 ) 2113.413 ( 30.406 ) 2629.550 ( 113.948 )
1583.050 ( 19.543 ) 1742.300 ( 65.757 ) 2098.017 ( 26.707 ) 2710.950 ( 196.964 )
1583.050 ( 19.543 ) 1749.800 ( 40.483 ) 2117.851 ( 21.620 ) 2636.600 ( 164.005 )
1581.950 ( 19.572 ) 1750.400 ( 57.947 ) 2098.616 ( 23.860 ) 2581.900 ( 77.619 )
1581.950 ( 19.572 ) 1752.250 ( 50.377 ) 2108.264 ( 23.221 ) 2657.700 ( 172.823 )
1581.950 ( 19.572 ) 1745.300 ( 63.392 ) 2108.152 ( 29.964 ) 2639.700 ( 109.106 )
1581.950 ( 19.572 ) 1732.700 ( 41.575 ) 2102.580 ( 25.775 ) 2636.600 ( 131.003 )
1581.950 ( 19.572 ) 1736.650 ( 52.980 ) 2102.127 ( 30.040 ) 2596.750 ( 109.143 )
1580.150 ( 20.650 ) 1728.800 ( 75.112 ) 2113.404 ( 36.875 ) 2635.100 ( 157.826 )
1580.150 ( 20.650 ) 1741.100 ( 42.517 ) 2107.700 ( 18.722 ) 2608.650 ( 134.668 )
1580.150 ( 20.650 ) 1755.000 ( 54.432 ) 2106.279 ( 26.630 ) 2637.750 ( 137.454 )
1580.150 ( 20.650 ) 1736.050 ( 74.379 ) 2113.153 ( 22.759 ) 2685.350 ( 145.536 )
1580.150 ( 20.650 ) 1746.550 ( 56.017 ) 2101.501 ( 25.209 ) 2620.100 ( 131.634 )
1580.150 ( 20.650 ) 1743.300 ( 52.220 ) 2124.059 ( 28.404 ) 2698.400 ( 138.059 )
1580.150 ( 20.650 ) 1740.900 ( 47.603 ) 2116.108 ( 28.089 ) 2676.200 ( 150.977 )
1580.150 ( 20.650 ) 1727.150 ( 52.940 ) 2101.484 ( 30.931 ) 2677.150 ( 136.963 )
1580.150 ( 20.650 ) 1754.800 ( 56.607 ) 2106.761 ( 22.754 ) 2645.900 ( 122.012 )
1580.150 ( 20.650 ) 1743.350 ( 43.140 ) 2104.707 ( 28.097 ) 2592.050 ( 114.360 )
1580.150 ( 20.650 ) 1747.900 ( 51.882 ) 2113.188 ( 28.896 ) 2647.250 ( 121.995 )
1580.150 ( 20.650 ) 1753.600 ( 55.325 ) 2109.770 ( 18.714 ) 2675.450 ( 173.172 )
1580.150 ( 20.650 ) 1745.900 ( 44.641 ) 2120.393 ( 25.921 ) 2656.250 ( 157.703 )
1580.150 ( 20.650 ) 1738.100 ( 51.863 ) 2106.165 ( 23.652 ) 2648.000 ( 136.260 )
1580.150 ( 20.650 ) 1738.650 ( 36.000 ) 2103.596 ( 28.777 ) 2613.200 ( 108.166 )
1580.150 ( 20.650 ) 1747.050 ( 58.552 ) 2114.968 ( 25.114 ) 2650.500 ( 122.870 )
1580.150 ( 20.650 ) 1747.200 ( 49.923 ) 2109.153 ( 28.250 ) 2727.250 ( 187.858 )
1580.150 ( 20.650 ) 1742.550 ( 51.585 ) 2105.305 ( 21.253 ) 2639.900 ( 117.099 )
1580.150 ( 20.650 ) 1758.600 ( 55.079 ) 2111.882 ( 27.446 ) 2644.300 ( 117.408 )
1580.150 ( 20.650 ) 1762.800 ( 60.906 ) 2118.508 ( 32.665 ) 2668.250 ( 90.930 )
1580.150 ( 20.650 ) 1748.700 ( 46.034 ) 2114.529 ( 23.504 ) 2660.850 ( 122.496 )
1580.150 ( 20.650 ) 1742.700 ( 45.880 ) 2104.722 ( 25.771 ) 2637.050 ( 127.200 )
1580.150 ( 20.650 ) 1735.900 ( 49.776 ) 2110.611 ( 29.442 ) 2667.000 ( 134.157 )
1580.150 ( 20.650 ) 1740.950 ( 51.802 ) 2112.166 ( 24.167 ) 2680.750 ( 181.329 )
1580.150 ( 20.650 ) 1736.400 ( 50.986 ) 2105.163 ( 21.004 ) 2648.850 ( 141.993 )
1580.150 ( 20.650 ) 1743.400 ( 52.530 ) 2095.374 ( 16.995 ) 2614.400 ( 119.353 )
1580.150 ( 20.650 ) 1724.850 ( 69.197 ) 2112.694 ( 25.393 ) 2670.050 ( 172.340 )
1580.150 ( 20.650 ) 1740.750 ( 58.163 ) 2110.513 ( 26.938 ) 2629.600 ( 125.724 )
1580.150 ( 20.650 ) 1727.050 ( 40.585 ) 2108.355 ( 25.861 ) 2661.100 ( 166.687 )
1580.150 ( 20.650 ) 1757.500 ( 44.298 ) 2117.215 ( 18.742 ) 2687.900 ( 121.568 )
1580.150 ( 20.650 ) 1755.050 ( 44.802 ) 2102.114 ( 26.197 ) 2621.950 ( 137.502 )
1580.150 ( 20.650 ) 1728.050 ( 64.028 ) 2103.573 ( 18.495 ) 2606.100 ( 103.333 )
1580.150 ( 20.650 ) 1744.850 ( 62.149 ) 2101.622 ( 19.546 ) 2607.350 ( 84.025 )
1580.150 ( 20.650 ) 1736.900 ( 46.961 ) 2111.849 ( 24.407 ) 2634.900 ( 149.761 )
1580.150 ( 20.650 ) 1745.100 ( 61.856 ) 2108.306 ( 28.299 ) 2632.850 ( 91.594 )
1580.150 ( 20.650 ) 1728.350 ( 54.107 ) 2106.138 ( 27.499 ) 2671.300 ( 141.317 )
1580.150 ( 20.650 ) 1758.400 ( 69.656 ) 2111.954 ( 24.153 ) 2640.800 ( 170.279 )
1580.150 ( 20.650 ) 1762.200 ( 56.303 ) 2110.242 ( 21.423 ) 2642.850 ( 103.511 )
1580.150 ( 20.650 ) 1768.050 ( 47.328 ) 2126.893 ( 26.715 ) 2694.400 ( 145.394 )
1580.150 ( 20.650 ) 1730.650 ( 51.569 ) 2106.442 ( 30.015 ) 2660.550 ( 135.860 )
1580.150 ( 20.650 ) 1741.250 ( 46.706 ) 2118.131 ( 21.844 ) 2683.600 ( 154.121 )
1580.150 ( 20.650 ) 1762.000 ( 56.938 ) 2111.871 ( 28.999 ) 2675.300 ( 154.746 )
1580.150 ( 20.650 ) 1763.750 ( 53.217 ) 2120.107 ( 26.250 ) 2729.550 ( 233.934 )
1580.150 ( 20.650 ) 1734.850 ( 49.261 ) 2114.719 ( 29.138 ) 2629.200 ( 104.388 )
