Iteration: 0	1675	1675	2168.88	2971
Iteration: 1	1675	1679	2041.25	2657
Iteration: 2	1524	1524	2068.35	2703
Iteration: 3	1524	1655	2139.78	2734
Iteration: 4	1524	1682	2109.61	2684
Iteration: 5	1524	1692	2076.2	2643
Iteration: 6	1524	1724	2105.97	2720
Iteration: 7	1524	1700	2097.74	2767
Iteration: 8	1524	1695	2094.96	2669
Iteration: 9	1524	1817	2146.12	2647
Iteration: 10	1524	1654	2125.34	2879
Iteration: 11	1524	1678	2134.67	3210
Iteration: 12	1524	1663	2080.45	2686
Iteration: 13	1524	1599	2099.43	2630
Iteration: 14	1524	1689	2089.22	2623
Iteration: 15	1524	1691	2072.03	2649
Iteration: 16	1524	1651	2113.62	2983
Iteration: 17	1524	1741	2136.91	2724
Iteration: 18	1524	1679	2097.97	2696
Iteration: 19	1524	1607	2117.46	2802
Iteration: 20	1524	1726	2111.94	2756
Iteration: 21	1524	1659	2102.1	2765
Iteration: 22	1524	1608	2054.46	2827
Iteration: 23	1524	1547	2110.61	2754
Iteration: 24	1524	1636	2094.23	2720
Iteration: 25	1524	1632	2103.56	2839
Iteration: 26	1524	1634	2047.78	2948
Iteration: 27	1524	1716	2149.06	2858
Iteration: 28	1524	1675	2068.34	3002
Iteration: 29	1524	1710	2107.64	2811
Iteration: 30	1524	1634	2112.59	2664
Iteration: 31	1524	1683	2095.04	2870
Iteration: 32	1524	1588	2107.32	2903
Iteration: 33	1524	1700	2102.19	2797
Iteration: 34	1524	1716	2141.42	3017
Iteration: 35	1524	1638	2076.52	2643
Iteration: 36	1524	1720	2130.27	2769
Iteration: 37	1524	1638	2099.71	2953
Iteration: 38	1524	1701	2108.07	2632
Iteration: 39	1524	1591	2095.7	2767
Iteration: 40	1524	1557	2092.68	2733
Iteration: 41	1524	1712	2055.9	2635
Iteration: 42	1524	1712	2133.14	2959
Iteration: 43	1524	1682	2107.83	2796
Iteration: 44	1524	1556	2068.47	2671
Iteration: 45	1524	1710	2102.9	2826
Iteration: 46	1524	1703	2098.81	2778
Iteration: 47	1524	1643	2116.59	3158
Iteration: 48	1524	1686	2127.1	2656
Iteration: 49	1524	1670	2085.6	2824
Iteration: 50	1524	1630	2097.44	2873
Iteration: 51	1524	1748	2127.62	2852
Iteration: 52	1524	1671	2064.94	2569
Iteration: 53	1524	1655	2148.46	2732
Iteration: 54	1524	1615	2131.11	3204
Iteration: 55	1524	1542	2122.77	2909
Iteration: 56	1524	1604	2115.66	3032
Iteration: 57	1524	1616	2105.53	2814
Iteration: 58	1524	1528	2112.36	2733
Iteration: 59	1524	1618	2081.49	2705
Iteration: 60	1524	1621	2082.43	2737
Iteration: 61	1524	1561	2124.14	3000
Iteration: 62	1524	1649	2096.66	2977
Iteration: 63	1524	1684	2090.87	2622
Iteration: 64	1524	1720	2083.69	2818
Iteration: 65	1524	1666	2111.27	2801
Iteration: 66	1524	1675	2094.64	2659
Iteration: 67	1524	1632	2095.8	2661
Iteration: 68	1524	1650	2080.51	2733
Iteration: 69	1524	1599	2059.26	2556
Iteration: 70	1524	1609	2127.39	2979
Iteration: 71	1524	1783	2113.82	2905
Iteration: 72	1524	1725	2133.98	2856
Iteration: 73	1524	1600	2096.58	2849
Iteration: 74	1524	1639	2104.41	2705
Iteration: 75	1524	1697	2124.06	2987
Iteration: 76	1524	1708	2121.18	2622
Iteration: 77	1524	1584	2079.94	2480
Iteration: 78	1524	1723	2093.73	2786
Iteration: 79	1524	1587	2050.16	2779
Iteration: 80	1524	1644	2098.32	2736
Iteration: 81	1524	1634	2117.9	2858
Iteration: 82	1524	1640	2133.55	3000
Iteration: 83	1524	1652	2114.43	2980
Iteration: 84	1524	1653	2083.33	2913
Iteration: 85	1524	1735	2118.11	2827
Iteration: 86	1524	1718	2103.21	2710
Iteration: 87	1524	1591	2108.69	2960
Iteration: 88	1524	1741	2147.85	3047
Iteration: 89	1524	1573	2117.37	2943
Iteration: 90	1524	1670	2059.24	2522
Iteration: 91	1524	1692	2103.7	3107
Iteration: 92	1524	1652	2130.18	2746
Iteration: 93	1524	1646	2095.32	2745
Iteration: 94	1524	1643	2069.98	2669
Iteration: 95	1524	1664	2096.44	2823
Iteration: 96	1524	1715	2085.56	2875
Iteration: 97	1524	1689	2122.57	2846
Iteration: 98	1524	1590	2140.79	3129
Iteration: 99	1524	1656	2083.66	2627
Iteration: 100	1524	1625	2111.05	2677
Iteration: 101	1524	1589	2060.48	2968
Iteration: 102	1524	1621	2107.67	2885
Iteration: 103	1524	1652	2140.66	2644
Iteration: 104	1524	1670	2080.3	2808
Iteration: 105	1524	1680	2076.39	2636
Iteration: 106	1524	1759	2099.3	2719
Iteration: 107	1524	1673	2094.99	2746
Iteration: 108	1524	1720	2113.68	2775
Iteration: 109	1524	1700	2110.29	2861
Iteration: 110	1524	1733	2096.92	2941
Iteration: 111	1524	1750	2094.99	2793
Iteration: 112	1524	1658	2147.93	2800
Iteration: 113	1524	1689	2080.19	2786
Iteration: 114	1524	1618	2132.6	3027
Iteration: 115	1524	1654	2148.3	2926
Iteration: 116	1524	1653	2123.52	2915
Iteration: 117	1524	1697	2125.2	3151
Iteration: 118	1524	1632	2090.62	2701
Iteration: 119	1524	1701	2112.87	2880
Iteration: 120	1524	1591	2095.02	2795
Iteration: 121	1524	1596	2080.61	2676
Iteration: 122	1524	1689	2124.6	2841
Iteration: 123	1524	1727	2103.5	2750
Iteration: 124	1524	1650	2074.76	2583
Iteration: 125	1524	1676	2101.2	2661
Iteration: 126	1524	1716	2114.06	2627
Iteration: 127	1524	1602	2066.87	2687
Iteration: 128	1524	1634	2154.15	3332
Iteration: 129	1524	1662	2118.64	2923
Iteration: 130	1524	1706	2107.03	2802
Iteration: 131	1524	1526	2055.34	2528
Iteration: 132	1524	1618	2072.86	2746
Iteration: 133	1524	1665	2095.69	3037
Iteration: 134	1524	1725	2123.31	2854
Iteration: 135	1524	1549	2103	2728
Iteration: 136	1524	1617	2121.4	2823
Iteration: 137	1524	1707	2107.83	3069
Iteration: 138	1524	1709	2132.54	2805
Iteration: 139	1524	1663	2117.8	2767
Iteration: 140	1524	1601	2054.74	2710
Iteration: 141	1524	1540	2074.22	2620
Iteration: 142	1524	1604	2080.8	2773
Iteration: 143	1524	1662	2097.91	2676
Iteration: 144	1524	1662	2090.43	2969
Iteration: 145	1524	1713	2099.27	2570
Iteration: 146	1524	1688	2094.75	2999
Iteration: 147	1524	1719	2080.93	2644
Iteration: 148	1524	1670	2100.57	2843
Iteration: 149	1524	1714	2086.64	2813
Iteration: 150	1524	1648	2072.77	2631
Iteration: 151	1524	1592	2051.03	2698
Iteration: 152	1524	1595	2126.71	2760
Iteration: 153	1524	1660	2135.32	3060
Iteration: 154	1524	1650	2093.8	2944
Iteration: 155	1524	1656	2088.73	3028
Iteration: 156	1524	1634	2081.1	2743
Iteration: 157	1524	1726	2085.04	2775
Iteration: 158	1524	1620	2120.95	2774
Iteration: 159	1524	1704	2123.65	2711
Iteration: 160	1524	1596	2092.55	2702
Iteration: 161	1524	1599	2108.34	3226
Iteration: 162	1524	1576	2082.43	2743
Iteration: 163	1524	1559	2088.39	2905
Iteration: 164	1524	1679	2073.82	2550
Iteration: 165	1524	1771	2130.08	2732
Iteration: 166	1524	1677	2120.36	2749
Iteration: 167	1524	1683	2114.12	2615
Iteration: 168	1524	1632	2105.72	2768
Iteration: 169	1524	1641	2067.32	2710
Iteration: 170	1524	1649	2140.3	2896
Iteration: 171	1524	1683	2097.07	2864
Iteration: 172	1524	1627	2086.44	2753
Iteration: 173	1524	1650	2105.04	2928
Iteration: 174	1524	1679	2078.17	2685
Iteration: 175	1524	1620	2104.5	2693
Iteration: 176	1524	1684	2094.45	2920
Iteration: 177	1524	1658	2115.41	2925
Iteration: 178	1524	1709	2088.6	2827
Iteration: 179	1524	1719	2118.66	2708
Iteration: 180	1524	1654	2151.2	2808
Iteration: 181	1524	1639	2118.85	2731
Iteration: 182	1524	1602	2098.27	2597
Iteration: 183	1524	1591	2081.59	2902
Iteration: 184	1524	1634	2099.74	2567
Iteration: 185	1524	1662	2137.33	2751
Iteration: 186	1524	1735	2122.63	2812
Iteration: 187	1524	1627	2061.76	2602
Iteration: 188	1524	1693	2135.06	2906
Iteration: 189	1524	1681	2108.07	2883
Iteration: 190	1524	1585	2085.65	2725
Iteration: 191	1524	1677	2143.01	2950
Iteration: 192	1524	1690	2061.67	2480
Iteration: 193	1524	1674	2095.43	2588
Iteration: 194	1524	1761	2111.36	2763
Iteration: 195	1524	1623	2104.72	2931
Iteration: 196	1524	1718	2121.45	2982
Iteration: 197	1524	1714	2077.73	2585
Iteration: 198	1524	1650	2085.01	2814
Iteration: 199	1524	1524	2095.53	2818
Iteration: 200	1524	1759	2073.16	2964
Iteration: 201	1524	1602	2054.66	2704
Iteration: 202	1524	1691	2081.98	2863
Iteration: 203	1524	1672	2073.13	2772
Iteration: 204	1524	1650	2102.97	2913
Iteration: 205	1524	1655	2102.16	2622
Iteration: 206	1524	1642	2163.92	2959
Iteration: 207	1524	1707	2092.93	2615
Iteration: 208	1524	1556	2096.47	2636
Iteration: 209	1524	1633	2126.2	2977
Iteration: 210	1524	1689	2079.8	2533
Iteration: 211	1477	1477	2108.73	2776
Iteration: 212	1477	1669	2100.6	2581
Iteration: 213	1477	1572	2146.52	2905
Iteration: 214	1477	1637	2104.31	2810
Iteration: 215	1477	1670	2072.82	2834
Iteration: 216	1477	1653	2113.03	2842
Iteration: 217	1477	1663	2103.86	2802
Iteration: 218	1477	1713	2105.79	2821
Iteration: 219	1477	1662	2109.03	2730
Iteration: 220	1477	1711	2132.49	2676
Iteration: 221	1477	1683	2073.26	2869
Iteration: 222	1477	1674	2088.56	2625
Iteration: 223	1477	1608	2061.3	2754
Iteration: 224	1477	1650	2141.06	2994
Iteration: 225	1477	1672	2094.2	3150
Iteration: 226	1477	1637	2125.06	2802
Iteration: 227	1477	1715	2112.12	2739
Iteration: 228	1477	1682	2102.37	2631
Iteration: 229	1477	1598	2081.37	2845
Iteration: 230	1477	1729	2129.69	2836
Iteration: 231	1477	1701	2122.83	2853
Iteration: 232	1477	1702	2136.31	3046
Iteration: 233	1477	1725	2068.55	2857
Iteration: 234	1477	1677	2089.99	3062
Iteration: 235	1477	1726	2091.58	2839
Iteration: 236	1477	1669	2116.73	2941
Iteration: 237	1477	1633	2092.16	2840
Iteration: 238	1477	1634	2092.01	2678
Iteration: 239	1477	1627	2139.72	2867
Iteration: 240	1477	1655	2093.37	2533
Iteration: 241	1477	1654	2097.3	2774
Iteration: 242	1477	1762	2115.38	2727
Iteration: 243	1477	1708	2062.29	2776
Iteration: 244	1477	1568	2096.34	2726
Iteration: 245	1477	1668	2113.04	2757
Iteration: 246	1477	1644	2147.48	2770
Iteration: 247	1477	1710	2100.09	2886
Iteration: 248	1477	1640	2101.78	2549
Iteration: 249	1477	1709	2081.32	2889
Iteration: 250	1477	1654	2081.32	2836
Iteration: 251	1477	1650	2110.27	2959
Iteration: 252	1477	1643	2083.4	2684
Iteration: 253	1477	1647	2107.7	2731
Iteration: 254	1477	1687	2064.98	2944
Iteration: 255	1477	1681	2096.42	2685
Iteration: 256	1477	1689	2126.07	2926
Iteration: 257	1477	1590	2069.85	2717
Iteration: 258	1477	1643	2100.8	2518
Iteration: 259	1477	1688	2118.35	2907
Iteration: 260	1477	1558	2113.03	2737
Iteration: 261	1477	1661	2070.3	2826
Iteration: 262	1477	1736	2104.27	2701
Iteration: 263	1477	1710	2094.45	2532
Iteration: 264	1477	1759	2111	2749
Iteration: 265	1477	1709	2115.96	2665
Iteration: 266	1477	1628	2087.35	2761
Iteration: 267	1477	1636	2103.66	2784
Iteration: 268	1477	1595	2115.06	2828
Iteration: 269	1477	1678	2085.94	2804
Iteration: 270	1477	1676	2085.83	2949
Iteration: 271	1477	1691	2119.32	2979
Iteration: 272	1477	1734	2111.8	3068
Iteration: 273	1477	1637	2099.94	2746
Iteration: 274	1477	1694	2086.66	2770
Iteration: 275	1477	1666	2122.96	2866
Iteration: 276	1477	1692	2089.28	2711
Iteration: 277	1477	1653	2074.46	2721
Iteration: 278	1477	1703	2118.88	2797
Iteration: 279	1477	1699	2151.28	2839
Iteration: 280	1477	1621	2100.76	2693
Iteration: 281	1477	1667	2086.23	2656
Iteration: 282	1477	1550	2049.1	3007
Iteration: 283	1477	1644	2100.59	2525
Iteration: 284	1477	1660	2121.74	2988
Iteration: 285	1477	1699	2081.27	2630
Iteration: 286	1477	1610	2098.52	2957
Iteration: 287	1477	1672	2098.8	2677
Iteration: 288	1477	1676	2086.46	2813
Iteration: 289	1477	1659	2079.78	2952
Iteration: 290	1477	1628	2094.93	2789
Iteration: 291	1477	1672	2148.14	2945
Iteration: 292	1477	1747	2088.33	2659
Iteration: 293	1477	1680	2095.19	2774
Iteration: 294	1477	1625	2116.72	2872
Iteration: 295	1477	1564	2087.21	2770
Iteration: 296	1477	1707	2113.4	2746
Iteration: 297	1477	1723	2090	2966
Iteration: 298	1477	1617	2121.44	2762
Iteration: 299	1477	1680	2056.6	2745
Iteration: 300	1477	1694	2099.41	2729
Iteration: 301	1477	1667	2084.48	2653
Iteration: 302	1477	1684	2098.34	2862
Iteration: 303	1477	1641	2064.86	2695
Iteration: 304	1477	1644	2096.38	2739
Iteration: 305	1477	1647	2103.96	2735
Iteration: 306	1477	1711	2119.01	2743
Iteration: 307	1477	1703	2104.21	2889
Iteration: 308	1477	1659	2092.4	2979
Iteration: 309	1477	1613	2093.17	2843
Iteration: 310	1477	1631	2119.97	2829
Iteration: 311	1477	1692	2085.92	2747
Iteration: 312	1477	1556	2075.09	2704
Iteration: 313	1477	1762	2128.88	2822
Iteration: 314	1477	1666	2078.55	2513
Iteration: 315	1477	1660	2088.78	2684
Iteration: 316	1477	1689	2104.1	2704
Iteration: 317	1477	1647	2092.96	2860
Iteration: 318	1477	1635	2096.59	2699
Iteration: 319	1477	1676	2078.54	2878
Iteration: 320	1477	1714	2111.77	2633
Iteration: 321	1477	1599	2111.5	3165
Iteration: 322	1477	1688	2111.38	2677
Iteration: 323	1477	1704	2080.05	2638
Iteration: 324	1477	1661	2080.97	2850
Iteration: 325	1477	1692	2101.15	2988
Iteration: 326	1477	1623	2127.57	2825
Iteration: 327	1477	1645	2083.67	2903
Iteration: 328	1477	1656	2103.38	2817
Iteration: 329	1477	1676	2114.95	2651
Iteration: 330	1477	1637	2119.95	3087
Iteration: 331	1477	1636	2095.82	2618
Iteration: 332	1477	1618	2076.41	2747
Iteration: 333	1477	1720	2111.78	3036
Iteration: 334	1477	1686	2109.2	2969
Iteration: 335	1477	1552	2082.93	2887
Iteration: 336	1477	1696	2096.01	2623
Iteration: 337	1477	1699	2100.31	2856
Iteration: 338	1477	1677	2076.82	2688
Iteration: 339	1477	1740	2127.58	2933
Iteration: 340	1477	1618	2101.99	2811
Iteration: 341	1477	1724	2118.33	2790
Iteration: 342	1477	1675	2142.34	2900
Iteration: 343	1477	1687	2125.85	2821
Iteration: 344	1477	1708	2103.48	2582
Iteration: 345	1477	1716	2087.69	2894
Iteration: 346	1477	1716	2109.97	2812
Iteration: 347	1477	1713	2141.61	3398
Iteration: 348	1477	1635	2109.23	2920
Iteration: 349	1477	1605	2114.4	2967
Iteration: 350	1477	1656	2074.15	2810
Iteration: 351	1477	1659	2100.48	2731
Iteration: 352	1477	1700	2105.24	2755
Iteration: 353	1477	1618	2091.65	2681
Iteration: 354	1477	1624	2095.87	2754
Iteration: 355	1477	1666	2107	2751
Iteration: 356	1477	1680	2123.24	2783
Iteration: 357	1477	1593	2127.76	2825
Iteration: 358	1477	1668	2082.38	2654
Iteration: 359	1477	1718	2094.36	2779
Iteration: 360	1477	1531	2127.71	2895
Iteration: 361	1477	1652	2126.06	2770
Iteration: 362	1477	1658	2088.62	2774
Iteration: 363	1477	1682	2111.77	3032
Iteration: 364	1477	1727	2126.12	3053
Iteration: 365	1477	1694	2077.21	2764
Iteration: 366	1477	1675	2096.04	2595
Iteration: 367	1477	1671	2104.81	2600
Iteration: 368	1477	1675	2114.9	2866
Iteration: 369	1477	1688	2101.32	2875
Iteration: 370	1477	1676	2120.91	3091
Iteration: 371	1477	1640	2115.08	2864
Iteration: 372	1477	1593	2089.94	2683
Iteration: 373	1477	1655	2120.97	2931
Iteration: 374	1477	1746	2070.7	2615
Iteration: 375	1477	1674	2093.55	2913
Iteration: 376	1477	1721	2168.77	2787
Iteration: 377	1477	1682	2069.47	2779
Iteration: 378	1477	1664	2095.27	2658
Iteration: 379	1477	1654	2073.04	2540
Iteration: 380	1477	1699	2107.64	2586
Iteration: 381	1477	1679	2093.66	2791
Iteration: 382	1477	1683	2117.63	2726
Iteration: 383	1477	1557	2084.22	2674
Iteration: 384	1477	1583	2116.5	3172
Iteration: 385	1477	1678	2083.41	2762
Iteration: 386	1477	1704	2083.06	2745
Iteration: 387	1477	1648	2079.16	2775
Iteration: 388	1477	1594	2109.5	2711
Iteration: 389	1477	1628	2116.45	2694
Iteration: 390	1477	1637	2080.63	2981
Iteration: 391	1477	1598	2095.99	2836
Iteration: 392	1477	1699	2117.55	2747
Iteration: 393	1477	1627	2135.67	2777
Iteration: 394	1477	1707	2116.01	2922
Iteration: 395	1477	1605	2108.62	2593
Iteration: 396	1477	1681	2087.85	2633
Iteration: 397	1477	1650	2088.92	2726
Iteration: 398	1477	1640	2101.07	2826
Iteration: 399	1477	1662	2134.29	2952
Iteration: 400	1477	1662	2079.84	2565
Iteration: 401	1477	1728	2099.94	2717
Iteration: 402	1477	1735	2131.65	2969
Iteration: 403	1477	1614	2075.02	2836
Iteration: 404	1477	1597	2077.61	2788
Iteration: 405	1477	1701	2112.12	2711
Iteration: 406	1477	1679	2077.13	2670
Iteration: 407	1477	1682	2094.14	2662
Iteration: 408	1477	1648	2079.94	3063
Iteration: 409	1477	1720	2118.61	2970
Iteration: 410	1477	1572	2127.92	2795
Iteration: 411	1477	1663	2110.96	2890
Iteration: 412	1477	1675	2066.23	3151
Iteration: 413	1477	1681	2092.5	2992
Iteration: 414	1477	1772	2125.86	2630
Iteration: 415	1477	1643	2094.4	2773
Iteration: 416	1477	1580	2100.09	2834
Iteration: 417	1477	1611	2066.17	2800
Iteration: 418	1477	1666	2126.15	2907
Iteration: 419	1477	1656	2077.6	2786
Iteration: 420	1477	1691	2145.16	2830
Iteration: 421	1477	1699	2065.34	2754
Iteration: 422	1477	1631	2059.5	2899
Iteration: 423	1477	1636	2107.16	2845
Iteration: 424	1477	1653	2106.05	2849
Iteration: 425	1477	1684	2129.47	3010
Iteration: 426	1477	1587	2081.1	2901
Iteration: 427	1477	1686	2097.52	2744
Iteration: 428	1477	1744	2109.99	2765
Iteration: 429	1477	1658	2110.75	2856
Iteration: 430	1477	1654	2045.55	2830
Iteration: 431	1477	1612	2078.05	2975
Iteration: 432	1477	1757	2113.97	2904
Iteration: 433	1477	1754	2132.86	2846
Iteration: 434	1477	1667	2074.39	2696
Iteration: 435	1477	1574	2076.26	2715
Iteration: 436	1477	1612	2125.09	2839
Iteration: 437	1477	1684	2101.71	2549
Iteration: 438	1477	1650	2119.44	2668
Iteration: 439	1477	1748	2139.92	2747
Iteration: 440	1477	1639	2109.41	2754
Iteration: 441	1477	1669	2142.37	2626
Iteration: 442	1477	1681	2075.4	2837
Iteration: 443	1477	1683	2117.65	2760
Iteration: 444	1477	1715	2117.09	2865
Iteration: 445	1477	1719	2079.38	2752
Iteration: 446	1477	1702	2088.69	2676
Iteration: 447	1477	1651	2127.63	2880
Iteration: 448	1477	1635	2111.2	2730
Iteration: 449	1477	1626	2113.39	2803
Iteration: 450	1477	1664	2124	2965
Iteration: 451	1477	1653	2094.47	2690
Iteration: 452	1477	1630	2089.3	2707
Iteration: 453	1477	1722	2113.32	2741
Iteration: 454	1477	1627	2102.05	2931
Iteration: 455	1477	1711	2147.57	2693
Iteration: 456	1477	1574	2082.39	2997
Iteration: 457	1477	1660	2076	2709
Iteration: 458	1477	1750	2064.84	2533
Iteration: 459	1477	1726	2129.81	2961
Iteration: 460	1477	1691	2092.7	2725
Iteration: 461	1477	1708	2110.23	2783
Iteration: 462	1477	1706	2064.1	2653
Iteration: 463	1477	1654	2142.03	2964
Iteration: 464	1477	1658	2148.57	2780
Iteration: 465	1477	1665	2142.06	2867
Iteration: 466	1477	1683	2119.53	2875
Iteration: 467	1477	1555	2099.49	2557
Iteration: 468	1477	1725	2100.64	2797
Iteration: 469	1477	1643	2045.93	2616
Iteration: 470	1477	1592	2098.9	2558
Iteration: 471	1477	1653	2092.21	2938
Iteration: 472	1477	1714	2114.52	2544
Iteration: 473	1477	1689	2142.07	2869
Iteration: 474	1477	1718	2074.63	2750
Iteration: 475	1477	1642	2099.32	2548
Iteration: 476	1477	1584	2086.28	3048
Iteration: 477	1477	1726	2132.73	2796
Iteration: 478	1477	1736	2093	2620
Iteration: 479	1477	1715	2109.91	3072
Iteration: 480	1477	1662	2087.34	2741
Iteration: 481	1477	1654	2074.19	2775
Iteration: 482	1477	1664	2087.91	2706
Iteration: 483	1477	1604	2072.5	2755
Iteration: 484	1477	1625	2097.16	2598
Iteration: 485	1477	1667	2115.37	2808
Iteration: 486	1477	1673	2088.44	2746
Iteration: 487	1477	1766	2115.83	3158
Iteration: 488	1477	1670	2120.14	2926
Iteration: 489	1477	1706	2125.61	2810
Iteration: 490	1477	1632	2084.14	3124
Iteration: 491	1477	1652	2099.59	2556
Iteration: 492	1477	1625	2080.14	2644
Iteration: 493	1477	1630	2129.55	2718
Iteration: 494	1477	1703	2097.27	2735
Iteration: 495	1477	1659	2096	2822
Iteration: 496	1477	1679	2090.92	2678
Iteration: 497	1477	1674	2086.47	2912
Iteration: 498	1477	1650	2104.36	3217
Iteration: 499	1477	1623	2117.6	3051
