Iteration: 0	1679	1679	2160.56	2979
Iteration: 1	1679	1682	2071.69	2538
Iteration: 2	1618	1618	2047.14	2939
Iteration: 3	1516	1516	2128.72	2836
Iteration: 4	1516	1651	2141.61	2795
Iteration: 5	1516	1723	2129.96	2878
Iteration: 6	1516	1652	2095.99	3070
Iteration: 7	1516	1717	2106.72	2869
Iteration: 8	1516	1644	2079.36	2767
Iteration: 9	1516	1637	2091.03	2751
Iteration: 10	1516	1764	2147.38	2992
Iteration: 11	1516	1665	2084.79	2856
Iteration: 12	1516	1685	2105.48	2683
Iteration: 13	1516	1652	2084.64	2589
Iteration: 14	1516	1637	2086.25	2731
Iteration: 15	1516	1689	2112.28	2778
Iteration: 16	1516	1680	2124.02	3309
Iteration: 17	1516	1535	2099.89	2855
Iteration: 18	1516	1707	2150.43	2735
Iteration: 19	1516	1609	2113.18	2824
Iteration: 20	1516	1658	2123.28	2860
Iteration: 21	1516	1685	2115.05	2708
Iteration: 22	1516	1658	2109.23	3129
Iteration: 23	1516	1685	2086.23	2887
Iteration: 24	1516	1713	2065.36	2441
Iteration: 25	1516	1575	2119.64	2884
Iteration: 26	1516	1637	2102.39	2771
Iteration: 27	1516	1641	2090.47	2693
Iteration: 28	1516	1644	2081.54	2816
Iteration: 29	1516	1627	2079.26	2765
Iteration: 30	1516	1617	2081.5	2683
Iteration: 31	1516	1679	2091.58	2916
Iteration: 32	1516	1622	2096.71	2595
Iteration: 33	1516	1660	2098.42	2638
Iteration: 34	1516	1661	2095.08	2656
Iteration: 35	1516	1672	2059.72	2593
Iteration: 36	1516	1711	2079.97	2704
Iteration: 37	1516	1563	2064.96	2977
Iteration: 38	1516	1654	2067.28	2942
Iteration: 39	1516	1543	2066.4	2812
Iteration: 40	1516	1672	2110.65	2839
Iteration: 41	1516	1660	2082.96	3083
Iteration: 42	1516	1636	2127.01	2824
Iteration: 43	1516	1700	2138.56	2728
Iteration: 44	1516	1591	2081.2	2928
Iteration: 45	1516	1598	2117.88	2927
Iteration: 46	1516	1654	2125.13	3133
Iteration: 47	1516	1661	2098.82	2709
Iteration: 48	1516	1615	2069.61	2905
Iteration: 49	1516	1745	2118.22	2850
Iteration: 50	1516	1686	2075.63	2764
Iteration: 51	1516	1665	2119.51	2923
Iteration: 52	1516	1629	2066.35	2652
Iteration: 53	1516	1723	2106.47	2733
Iteration: 54	1516	1557	2121.44	2806
Iteration: 55	1516	1694	2095.51	2665
Iteration: 56	1516	1701	2101.55	2809
Iteration: 57	1516	1755	2149.03	3008
Iteration: 58	1516	1667	2086.57	2908
Iteration: 59	1516	1722	2084.68	2891
Iteration: 60	1516	1659	2067.37	2723
Iteration: 61	1516	1659	2148.11	2953
Iteration: 62	1516	1668	2120.92	2680
Iteration: 63	1516	1683	2078.28	2561
Iteration: 64	1516	1648	2092.78	2871
Iteration: 65	1516	1689	2118.37	2754
Iteration: 66	1516	1655	2113.97	2964
Iteration: 67	1516	1658	2117.77	2770
Iteration: 68	1516	1638	2102.76	2704
Iteration: 69	1516	1695	2074.84	2812
Iteration: 70	1516	1666	2098.89	2863
Iteration: 71	1516	1697	2085.47	2888
Iteration: 72	1516	1611	2166.05	2668
Iteration: 73	1516	1641	2077.98	2715
Iteration: 74	1516	1639	2063.27	2553
Iteration: 75	1516	1644	2090.2	2746
Iteration: 76	1516	1725	2104.06	2956
Iteration: 77	1516	1647	2136.23	2799
Iteration: 78	1516	1593	2077.5	2998
Iteration: 79	1516	1709	2142.92	3136
Iteration: 80	1516	1648	2137.24	2908
Iteration: 81	1516	1726	2086.31	2818
Iteration: 82	1516	1677	2092.7	2811
Iteration: 83	1516	1621	2076.68	2648
Iteration: 84	1516	1722	2123.35	2836
Iteration: 85	1516	1650	2113.63	2728
Iteration: 86	1516	1569	2131.18	2829
Iteration: 87	1516	1538	2115.6	2815
Iteration: 88	1516	1611	2065.7	2583
Iteration: 89	1516	1703	2092.25	2770
Iteration: 90	1516	1705	2111.24	2884
Iteration: 91	1516	1690	2071.31	2603
Iteration: 92	1516	1630	2099.18	2593
Iteration: 93	1516	1656	2121.84	2780
Iteration: 94	1516	1707	2124.04	2894
Iteration: 95	1516	1699	2093.69	2857
Iteration: 96	1516	1606	2087.08	2991
Iteration: 97	1516	1616	2122.52	2873
Iteration: 98	1516	1741	2126.95	2902
Iteration: 99	1516	1733	2104.81	2728
Iteration: 100	1516	1643	2110.28	2754
Iteration: 101	1516	1703	2100.33	2621
Iteration: 102	1516	1647	2122.62	2684
Iteration: 103	1516	1644	2121.05	2742
Iteration: 104	1516	1730	2114.88	2777
Iteration: 105	1494	1494	2086.73	2759
Iteration: 106	1494	1621	2127.31	2760
Iteration: 107	1494	1630	2093.42	2557
Iteration: 108	1494	1656	2097.9	2651
Iteration: 109	1494	1658	2134.41	3057
Iteration: 110	1494	1723	2103.77	3052
Iteration: 111	1494	1622	2093.82	2836
Iteration: 112	1494	1681	2135.05	2886
Iteration: 113	1494	1613	2111.52	2710
Iteration: 114	1494	1633	2095.64	2852
Iteration: 115	1494	1641	2082.48	2930
Iteration: 116	1494	1707	2131.28	3007
Iteration: 117	1494	1635	2080.24	2850
Iteration: 118	1494	1609	2115.42	2684
Iteration: 119	1494	1601	2099.85	2732
Iteration: 120	1494	1682	2074.19	2543
Iteration: 121	1494	1723	2114.86	2896
Iteration: 122	1494	1668	2080.22	2823
Iteration: 123	1494	1628	2102.24	2622
Iteration: 124	1494	1641	2079.28	2607
Iteration: 125	1494	1698	2118.44	2817
Iteration: 126	1494	1717	2131.39	3044
Iteration: 127	1494	1718	2084.33	2586
Iteration: 128	1494	1615	2075.47	2740
Iteration: 129	1494	1676	2088.68	2827
Iteration: 130	1494	1578	2059.35	2669
Iteration: 131	1494	1655	2100.42	2706
Iteration: 132	1494	1659	2086.24	2631
Iteration: 133	1494	1600	2050.2	2669
Iteration: 134	1494	1732	2108.03	2568
Iteration: 135	1494	1621	2079.14	2650
Iteration: 136	1494	1710	2116.71	2831
Iteration: 137	1494	1715	2110.35	2688
Iteration: 138	1494	1530	2085.15	2699
Iteration: 139	1494	1592	2111.72	2719
Iteration: 140	1494	1545	2101.76	2684
Iteration: 141	1494	1659	2113.38	2827
Iteration: 142	1494	1580	2105.21	2864
Iteration: 143	1494	1556	2079.17	2759
Iteration: 144	1494	1618	2122.44	2878
Iteration: 145	1494	1639	2096.22	2843
Iteration: 146	1494	1737	2136.17	2948
Iteration: 147	1494	1589	2044.04	2619
Iteration: 148	1494	1691	2122.17	2668
Iteration: 149	1494	1726	2089.35	2749
Iteration: 150	1494	1711	2106.27	2700
Iteration: 151	1494	1628	2107.91	2914
Iteration: 152	1494	1694	2112.52	2607
Iteration: 153	1494	1714	2112.57	3028
Iteration: 154	1494	1681	2066.5	2748
Iteration: 155	1494	1746	2094.56	2966
Iteration: 156	1494	1725	2097.51	2925
Iteration: 157	1494	1576	2115.9	2711
Iteration: 158	1494	1708	2132.83	3022
Iteration: 159	1494	1627	2124.42	2773
Iteration: 160	1494	1670	2106.18	3172
Iteration: 161	1494	1589	2110.54	2765
Iteration: 162	1494	1700	2072.04	2510
Iteration: 163	1494	1639	2113	2931
Iteration: 164	1494	1650	2056.31	2690
Iteration: 165	1494	1630	2104.64	2767
Iteration: 166	1494	1656	2101.67	2759
Iteration: 167	1494	1703	2108	2765
Iteration: 168	1494	1738	2157.1	2920
Iteration: 169	1494	1722	2088.69	2660
Iteration: 170	1494	1653	2127.42	2723
Iteration: 171	1494	1701	2153.51	3179
Iteration: 172	1494	1658	2113.87	2951
Iteration: 173	1494	1627	2103.59	2654
Iteration: 174	1494	1684	2083.37	2798
Iteration: 175	1494	1729	2098.72	2889
Iteration: 176	1494	1693	2115.97	2803
Iteration: 177	1494	1706	2104.45	2666
Iteration: 178	1494	1677	2117.38	2834
Iteration: 179	1494	1584	2132.82	2708
Iteration: 180	1494	1596	2097.47	2817
Iteration: 181	1494	1732	2138.74	3148
Iteration: 182	1494	1637	2124.18	2902
Iteration: 183	1494	1674	2132.49	2867
Iteration: 184	1494	1638	2093.64	2612
Iteration: 185	1494	1709	2157.07	3012
Iteration: 186	1494	1694	2108.18	2809
Iteration: 187	1494	1592	2077.04	2754
Iteration: 188	1494	1657	2128.79	2734
Iteration: 189	1494	1623	2105.75	2804
Iteration: 190	1494	1615	2087.45	2836
Iteration: 191	1494	1641	2106.98	2699
Iteration: 192	1494	1687	2137.21	2788
Iteration: 193	1494	1636	2095.49	2638
Iteration: 194	1494	1692	2095.52	2839
Iteration: 195	1494	1630	2107.01	2836
Iteration: 196	1494	1624	2136.03	2662
Iteration: 197	1494	1682	2062.05	2610
Iteration: 198	1494	1636	2089.54	2826
Iteration: 199	1494	1634	2088.2	2653
Iteration: 200	1494	1661	2112.14	2802
Iteration: 201	1494	1653	2084.51	2924
Iteration: 202	1494	1581	2076.1	2644
Iteration: 203	1494	1679	2089.01	2807
Iteration: 204	1494	1689	2101.77	2941
Iteration: 205	1494	1644	2105.1	2627
Iteration: 206	1494	1677	2082.18	2780
Iteration: 207	1494	1632	2106.56	2688
Iteration: 208	1494	1715	2104.72	2776
Iteration: 209	1494	1670	2110.78	2757
Iteration: 210	1494	1676	2089.77	2930
Iteration: 211	1494	1610	2102.82	2697
Iteration: 212	1494	1682	2083.33	3122
Iteration: 213	1494	1679	2092.33	2805
Iteration: 214	1494	1593	2113.41	2980
Iteration: 215	1494	1730	2131.2	2786
Iteration: 216	1494	1684	2109.48	2666
Iteration: 217	1494	1619	2099.06	2840
Iteration: 218	1494	1662	2131.11	2738
Iteration: 219	1494	1633	2105.45	2583
Iteration: 220	1494	1567	2090.98	2766
Iteration: 221	1494	1615	2049.57	2884
Iteration: 222	1494	1685	2138.41	2536
Iteration: 223	1494	1637	2074.96	2822
Iteration: 224	1494	1580	2087.68	2701
Iteration: 225	1494	1661	2077.15	2807
Iteration: 226	1494	1732	2090.76	2670
Iteration: 227	1494	1725	2091.15	2672
Iteration: 228	1494	1659	2063.79	2734
Iteration: 229	1494	1602	2037.77	2585
Iteration: 230	1494	1631	2085.11	2852
Iteration: 231	1494	1742	2109.42	2820
Iteration: 232	1494	1676	2184.01	3087
Iteration: 233	1494	1734	2099.76	2896
Iteration: 234	1494	1734	2075.02	2518
Iteration: 235	1494	1595	2131.21	3027
Iteration: 236	1494	1661	2113.91	2925
Iteration: 237	1494	1720	2072.68	2635
Iteration: 238	1494	1628	2102.94	2728
Iteration: 239	1494	1678	2102.59	2904
Iteration: 240	1494	1741	2101.74	2767
Iteration: 241	1494	1728	2116.84	2960
Iteration: 242	1494	1707	2081.85	2612
Iteration: 243	1494	1670	2109.68	2952
Iteration: 244	1494	1635	2095.23	2721
Iteration: 245	1494	1622	2106.71	3071
Iteration: 246	1494	1644	2088.3	2917
Iteration: 247	1494	1704	2134.87	2753
Iteration: 248	1494	1729	2100.54	2947
Iteration: 249	1494	1649	2138.52	2758
Iteration: 250	1494	1644	2101.55	2588
Iteration: 251	1494	1657	2131.31	2745
Iteration: 252	1494	1702	2118.51	2870
Iteration: 253	1494	1616	2084.25	2741
Iteration: 254	1494	1621	2104.38	2774
Iteration: 255	1494	1697	2098.22	2702
Iteration: 256	1494	1654	2102.06	2785
Iteration: 257	1494	1590	2109.78	2548
Iteration: 258	1494	1564	2120.96	2925
Iteration: 259	1494	1670	2073.81	2657
Iteration: 260	1494	1599	2082.56	2559
Iteration: 261	1494	1542	2088.56	2655
Iteration: 262	1494	1565	2078.98	2910
Iteration: 263	1494	1662	2092.63	2946
Iteration: 264	1494	1675	2116.82	2944
Iteration: 265	1494	1652	2110.98	3005
Iteration: 266	1494	1615	2064.48	3101
Iteration: 267	1494	1719	2134.5	2885
Iteration: 268	1494	1608	2105.68	2785
Iteration: 269	1494	1657	2094.87	2773
Iteration: 270	1494	1735	2104.21	2788
Iteration: 271	1494	1652	2118.56	2664
Iteration: 272	1494	1690	2097.91	3038
Iteration: 273	1494	1681	2118.34	2754
Iteration: 274	1494	1618	2081.35	2547
Iteration: 275	1494	1678	2072.95	2679
Iteration: 276	1494	1675	2116.2	2955
Iteration: 277	1494	1644	2092.9	2739
Iteration: 278	1494	1683	2122.83	3032
Iteration: 279	1494	1569	2107.49	3000
Iteration: 280	1494	1637	2128.23	2958
Iteration: 281	1494	1664	2124.09	3105
Iteration: 282	1494	1556	2100.22	2602
Iteration: 283	1494	1615	2095.27	2907
Iteration: 284	1494	1611	2105.89	2878
Iteration: 285	1494	1679	2108.64	2923
Iteration: 286	1494	1632	2077.85	2532
Iteration: 287	1494	1731	2090.61	2790
Iteration: 288	1494	1661	2081.97	2670
Iteration: 289	1494	1680	2100.48	2753
Iteration: 290	1494	1754	2159.41	2770
Iteration: 291	1494	1686	2100.89	2728
Iteration: 292	1494	1613	2097.84	2709
Iteration: 293	1494	1647	2077.58	2696
Iteration: 294	1494	1693	2094.17	2824
Iteration: 295	1494	1728	2131.54	2988
Iteration: 296	1494	1709	2111.19	2599
Iteration: 297	1494	1646	2063.21	2729
Iteration: 298	1494	1646	2116.06	2672
Iteration: 299	1494	1643	2111.01	2824
Iteration: 300	1494	1716	2153.75	2737
Iteration: 301	1494	1704	2094.28	2688
Iteration: 302	1494	1682	2113.59	3026
Iteration: 303	1494	1686	2089.91	2862
Iteration: 304	1494	1604	2109.24	2642
Iteration: 305	1494	1571	2102.98	2641
Iteration: 306	1494	1669	2089.01	2815
Iteration: 307	1494	1674	2126.32	2988
Iteration: 308	1494	1635	2049.11	2667
Iteration: 309	1494	1627	2096.21	2535
Iteration: 310	1494	1731	2142.06	3070
Iteration: 311	1494	1591	2091.39	2642
Iteration: 312	1494	1691	2070.05	2674
Iteration: 313	1494	1586	2081.62	2668
Iteration: 314	1494	1720	2074.39	2773
Iteration: 315	1494	1601	2089.81	2749
Iteration: 316	1494	1588	2092.9	2851
Iteration: 317	1494	1631	2140.14	2725
Iteration: 318	1494	1734	2158.74	3043
Iteration: 319	1494	1683	2095.48	2890
Iteration: 320	1494	1771	2124.65	2903
Iteration: 321	1494	1676	2079.92	2678
Iteration: 322	1494	1645	2115.58	2897
Iteration: 323	1494	1688	2073.02	2632
Iteration: 324	1494	1762	2116.46	2862
Iteration: 325	1494	1738	2115.93	2763
Iteration: 326	1494	1679	2121.03	2806
Iteration: 327	1494	1580	2084.74	2776
Iteration: 328	1494	1665	2092.86	2907
Iteration: 329	1494	1642	2097.08	2609
Iteration: 330	1494	1712	2104.02	2898
Iteration: 331	1494	1609	2062.47	2624
Iteration: 332	1494	1589	2099.33	3009
Iteration: 333	1494	1717	2144.12	2833
Iteration: 334	1494	1636	2096.14	2721
Iteration: 335	1494	1562	2080.43	2634
Iteration: 336	1494	1615	2094.65	2751
Iteration: 337	1494	1703	2070.66	2633
Iteration: 338	1494	1614	2113.88	2766
Iteration: 339	1494	1640	2120.73	2774
Iteration: 340	1494	1732	2116.73	2893
Iteration: 341	1494	1670	2151.04	2926
Iteration: 342	1494	1622	2106.57	2716
Iteration: 343	1494	1644	2102.53	2801
Iteration: 344	1494	1745	2093.1	2561
Iteration: 345	1494	1630	2118.32	2646
Iteration: 346	1494	1683	2080.21	2735
Iteration: 347	1494	1619	2092.93	2833
Iteration: 348	1494	1691	2101.66	3056
Iteration: 349	1494	1679	2101.7	2820
Iteration: 350	1494	1632	2150.63	2747
Iteration: 351	1494	1680	2076.18	2599
Iteration: 352	1494	1636	2064.11	2829
Iteration: 353	1494	1657	2107.71	2948
Iteration: 354	1494	1648	2132.42	3177
Iteration: 355	1494	1606	2097.21	2801
Iteration: 356	1494	1700	2078.36	2640
Iteration: 357	1494	1676	2090.24	2716
Iteration: 358	1494	1582	2046.46	2492
Iteration: 359	1494	1631	2120.32	2620
Iteration: 360	1494	1662	2065.27	2621
Iteration: 361	1494	1698	2119.04	2771
Iteration: 362	1494	1704	2167.16	2979
Iteration: 363	1494	1633	2093.41	2922
Iteration: 364	1494	1739	2124.25	2816
Iteration: 365	1494	1569	2077.12	3280
Iteration: 366	1494	1622	2088.84	2967
Iteration: 367	1494	1713	2091.73	2583
Iteration: 368	1494	1611	2143.65	2866
Iteration: 369	1494	1655	2118.52	3225
Iteration: 370	1494	1623	2096.46	2966
Iteration: 371	1494	1695	2118.92	2895
Iteration: 372	1494	1635	2078.55	2893
Iteration: 373	1494	1675	2109.93	2976
Iteration: 374	1494	1578	2074.26	2623
Iteration: 375	1494	1666	2140.4	2781
Iteration: 376	1494	1601	2096.47	2542
Iteration: 377	1494	1631	2097.48	2748
Iteration: 378	1494	1663	2087.82	2871
Iteration: 379	1494	1647	2076.24	2682
Iteration: 380	1494	1663	2105.51	2797
Iteration: 381	1494	1618	2109.73	3024
Iteration: 382	1494	1592	2109.04	2692
Iteration: 383	1494	1686	2112.47	2654
Iteration: 384	1494	1586	2112.28	2821
Iteration: 385	1494	1652	2101.56	2744
Iteration: 386	1494	1692	2117.38	2617
Iteration: 387	1494	1706	2169.48	2851
Iteration: 388	1494	1729	2115.54	2756
Iteration: 389	1494	1683	2138.62	2730
Iteration: 390	1494	1673	2112.53	2674
Iteration: 391	1494	1548	2073.91	2668
Iteration: 392	1494	1670	2089.65	3076
Iteration: 393	1494	1618	2113.6	2833
Iteration: 394	1494	1627	2073.56	2633
Iteration: 395	1494	1639	2076.22	2644
Iteration: 396	1494	1706	2114.25	2841
Iteration: 397	1494	1601	2133.15	2608
Iteration: 398	1494	1635	2104.46	2759
Iteration: 399	1494	1696	2074.8	2685
Iteration: 400	1494	1613	2113.04	2645
Iteration: 401	1494	1696	2087.68	2705
Iteration: 402	1494	1612	2127.98	3061
Iteration: 403	1494	1724	2101.67	2673
Iteration: 404	1494	1671	2091.37	2569
Iteration: 405	1494	1741	2099.94	2677
Iteration: 406	1494	1747	2137.59	2784
Iteration: 407	1494	1690	2114.5	2833
Iteration: 408	1494	1627	2083.11	2715
Iteration: 409	1494	1626	2089.06	2894
Iteration: 410	1494	1721	2103.73	2772
Iteration: 411	1494	1628	2103.19	2937
Iteration: 412	1494	1589	2075.94	2536
Iteration: 413	1494	1641	2102.27	2893
Iteration: 414	1494	1663	2107.75	2779
Iteration: 415	1494	1702	2110.64	2740
Iteration: 416	1494	1682	2149.93	2704
Iteration: 417	1494	1693	2112.21	3308
Iteration: 418	1494	1670	2103.6	2910
Iteration: 419	1494	1691	2093.44	2671
Iteration: 420	1494	1718	2114.66	2618
Iteration: 421	1494	1679	2072.22	2680
Iteration: 422	1494	1719	2098.95	2722
Iteration: 423	1494	1695	2074.73	2921
Iteration: 424	1494	1651	2108.21	2578
Iteration: 425	1494	1671	2115.6	2871
Iteration: 426	1494	1728	2112.69	2697
Iteration: 427	1494	1729	2079.62	2655
Iteration: 428	1494	1601	2063.5	2834
Iteration: 429	1494	1692	2069.24	2630
Iteration: 430	1494	1685	2114.61	2744
Iteration: 431	1494	1706	2112.88	2680
Iteration: 432	1494	1698	2101.98	3142
Iteration: 433	1494	1693	2132.6	2888
Iteration: 434	1494	1679	2104.48	2843
Iteration: 435	1494	1689	2124.8	2739
Iteration: 436	1494	1650	2093.21	2604
Iteration: 437	1494	1638	2083.18	2729
Iteration: 438	1494	1603	2080.98	2905
Iteration: 439	1494	1592	2124.29	2825
Iteration: 440	1494	1705	2099.9	2716
Iteration: 441	1494	1623	2137.11	3259
Iteration: 442	1494	1683	2125.44	2733
Iteration: 443	1494	1688	2103.17	2765
Iteration: 444	1494	1637	2119.23	2905
Iteration: 445	1494	1697	2103.87	2779
Iteration: 446	1494	1676	2098.07	2963
Iteration: 447	1494	1672	2084.94	2915
Iteration: 448	1494	1638	2093.33	2975
Iteration: 449	1494	1661	2130.58	3020
Iteration: 450	1494	1556	2130.74	2955
Iteration: 451	1494	1740	2117.1	2783
Iteration: 452	1494	1664	2102.01	2630
Iteration: 453	1494	1609	2123.7	2699
Iteration: 454	1494	1586	2084.55	2821
Iteration: 455	1494	1717	2107.55	2702
Iteration: 456	1494	1510	2084.65	2825
Iteration: 457	1494	1697	2125.84	2868
Iteration: 458	1494	1655	2070.36	2802
Iteration: 459	1494	1730	2102.3	2693
Iteration: 460	1494	1610	2155.93	2867
Iteration: 461	1494	1593	2068.94	2783
Iteration: 462	1494	1709	2108.14	2771
Iteration: 463	1494	1610	2102.2	2714
Iteration: 464	1494	1661	2103.59	2722
Iteration: 465	1494	1629	2099.23	2952
Iteration: 466	1494	1681	2077.57	2561
Iteration: 467	1494	1611	2077.41	2883
Iteration: 468	1494	1661	2105.85	2930
Iteration: 469	1494	1688	2122.8	2763
Iteration: 470	1494	1676	2104.17	2671
Iteration: 471	1494	1683	2110.36	2890
Iteration: 472	1494	1696	2104.3	3100
Iteration: 473	1494	1659	2113.53	2955
Iteration: 474	1494	1689	2110.68	2716
Iteration: 475	1494	1600	2089.53	2934
Iteration: 476	1494	1542	2077.64	2689
Iteration: 477	1494	1638	2098.8	2856
Iteration: 478	1494	1584	2083.84	2762
Iteration: 479	1494	1575	2108.68	2570
Iteration: 480	1494	1716	2128.22	2617
Iteration: 481	1494	1705	2102.54	3040
Iteration: 482	1494	1609	2081.37	2910
Iteration: 483	1494	1584	2088.27	2687
Iteration: 484	1494	1658	2115.71	2785
Iteration: 485	1494	1668	2115.07	3251
Iteration: 486	1494	1652	2092	2672
Iteration: 487	1494	1699	2128.14	2789
Iteration: 488	1494	1618	2075.26	2867
Iteration: 489	1494	1687	2106.08	2669
Iteration: 490	1494	1665	2124.82	2873
Iteration: 491	1494	1762	2105.33	2874
Iteration: 492	1494	1691	2129.66	3269
Iteration: 493	1494	1681	2083.5	2823
Iteration: 494	1494	1671	2102.66	2791
Iteration: 495	1494	1656	2088.3	2770
Iteration: 496	1494	1634	2072.98	2621
Iteration: 497	1494	1582	2083.35	2585
Iteration: 498	1494	1698	2134.02	2824
Iteration: 499	1494	1653	2089.97	2630
