Iteration: 0	1816	1816	2150.02	2820
Iteration: 1	1651	1651	2099.68	2767
Iteration: 2	1651	1666	2102.36	2702
Iteration: 3	1651	1714	2134.37	2919
Iteration: 4	1651	1655	2149.2	2759
Iteration: 5	1651	1693	2116	2796
Iteration: 6	1651	1705	2103.07	2845
Iteration: 7	1651	1700	2108.65	2857
Iteration: 8	1651	1709	2077.34	2763
Iteration: 9	1593	1593	2117.36	2891
Iteration: 10	1593	1676	2101.73	2682
Iteration: 11	1593	1681	2123.86	3129
Iteration: 12	1593	1643	2065.61	2843
Iteration: 13	1593	1740	2100.17	2646
Iteration: 14	1593	1686	2109.65	2855
Iteration: 15	1593	1721	2138.96	2926
Iteration: 16	1593	1646	2080.5	2916
Iteration: 17	1593	1672	2120.77	2900
Iteration: 18	1593	1632	2076.38	2831
Iteration: 19	1593	1690	2109.26	2710
Iteration: 20	1593	1700	2119.69	2729
Iteration: 21	1550	1550	2103.76	2771
Iteration: 22	1550	1715	2110.59	2532
Iteration: 23	1550	1610	2082.79	2653
Iteration: 24	1550	1555	2101.39	2650
Iteration: 25	1550	1682	2108.72	2789
Iteration: 26	1550	1645	2120.35	2833
Iteration: 27	1550	1634	2118.43	3075
Iteration: 28	1550	1734	2107.19	2644
Iteration: 29	1550	1710	2100.16	2827
Iteration: 30	1550	1621	2079.29	2704
Iteration: 31	1550	1631	2105.14	2721
Iteration: 32	1550	1678	2095.77	2664
Iteration: 33	1550	1711	2091.93	2786
Iteration: 34	1550	1630	2083.38	2703
Iteration: 35	1550	1736	2108.74	3401
Iteration: 36	1550	1658	2107.77	2562
Iteration: 37	1550	1757	2120.64	2694
Iteration: 38	1550	1687	2113.08	2783
Iteration: 39	1550	1628	2134.73	2998
Iteration: 40	1550	1688	2099.07	2701
Iteration: 41	1550	1636	2077.59	2689
Iteration: 42	1550	1618	2092.86	2702
Iteration: 43	1550	1686	2102.14	2870
Iteration: 44	1550	1694	2100.29	2672
Iteration: 45	1550	1587	2085.64	3042
Iteration: 46	1550	1603	2087.54	2681
Iteration: 47	1550	1698	2079.01	2665
Iteration: 48	1550	1651	2076.02	2817
Iteration: 49	1550	1720	2135.18	2716
Iteration: 50	1550	1698	2120.81	2745
Iteration: 51	1550	1625	2089.85	2806
Iteration: 52	1550	1666	2104.16	2705
Iteration: 53	1550	1740	2123.89	3033
Iteration: 54	1550	1653	2121.5	3080
Iteration: 55	1550	1638	2150.33	2902
Iteration: 56	1550	1573	2109.53	2814
Iteration: 57	1550	1634	2083.98	2576
Iteration: 58	1550	1703	2085.06	2635
Iteration: 59	1550	1704	2108.2	2585
Iteration: 60	1550	1598	2145.1	3192
Iteration: 61	1550	1722	2063.37	2618
Iteration: 62	1550	1702	2132.63	2810
Iteration: 63	1550	1675	2111.33	2907
Iteration: 64	1550	1662	2115.1	2912
Iteration: 65	1550	1741	2147.05	3045
Iteration: 66	1550	1667	2053.52	2713
Iteration: 67	1550	1610	2076.21	2636
Iteration: 68	1550	1681	2103.06	2933
Iteration: 69	1550	1600	2093.93	2680
Iteration: 70	1502	1502	2168.12	3136
Iteration: 71	1502	1729	2116.1	2828
Iteration: 72	1502	1610	2114.22	2992
Iteration: 73	1502	1646	2107.33	2571
Iteration: 74	1502	1749	2092.86	2811
Iteration: 75	1502	1700	2134.88	2727
Iteration: 76	1502	1565	2113.71	2672
Iteration: 77	1502	1785	2131.26	2855
Iteration: 78	1502	1679	2134.53	2844
Iteration: 79	1502	1745	2085.43	2686
Iteration: 80	1502	1697	2089.97	2803
Iteration: 81	1502	1620	2075.13	2672
Iteration: 82	1502	1622	2073.59	2780
Iteration: 83	1502	1746	2073.84	2835
Iteration: 84	1502	1629	2096.96	2786
Iteration: 85	1502	1725	2117.4	2966
Iteration: 86	1502	1612	2121.88	2951
Iteration: 87	1502	1695	2080.19	2686
Iteration: 88	1502	1651	2086.78	2710
Iteration: 89	1502	1672	2138.7	3039
Iteration: 90	1502	1724	2077.73	2565
Iteration: 91	1502	1644	2100.02	2666
Iteration: 92	1502	1641	2127.61	2825
Iteration: 93	1502	1691	2109.83	2693
Iteration: 94	1502	1608	2144.27	2745
Iteration: 95	1502	1579	2107.33	2773
Iteration: 96	1502	1722	2094.13	2723
Iteration: 97	1502	1690	2127.65	2617
Iteration: 98	1502	1705	2107.6	2871
Iteration: 99	1502	1649	2099.94	2681
Iteration: 100	1502	1612	2102.9	2800
Iteration: 101	1502	1682	2096.18	2921
Iteration: 102	1502	1712	2104.88	2707
Iteration: 103	1502	1728	2120.83	2667
Iteration: 104	1502	1625	2081.96	2918
Iteration: 105	1502	1648	2147.11	2848
Iteration: 106	1502	1644	2086.65	2808
Iteration: 107	1502	1622	2125.56	2734
Iteration: 108	1502	1649	2113.95	2786
Iteration: 109	1502	1631	2077.86	2942
Iteration: 110	1502	1623	2067.19	2877
Iteration: 111	1502	1664	2086.96	2802
Iteration: 112	1502	1748	2111.22	2561
Iteration: 113	1502	1618	2096.39	2750
Iteration: 114	1502	1639	2147.93	2983
Iteration: 115	1502	1699	2078.64	2584
Iteration: 116	1502	1576	2130.38	2992
Iteration: 117	1502	1721	2125.78	2817
Iteration: 118	1502	1601	2084.26	2671
Iteration: 119	1502	1676	2079.57	2894
Iteration: 120	1502	1696	2140.29	2680
Iteration: 121	1502	1735	2109.55	2817
Iteration: 122	1502	1720	2055.21	2859
Iteration: 123	1502	1708	2097.87	2835
Iteration: 124	1502	1628	2094.42	2659
Iteration: 125	1502	1584	2111.82	2943
Iteration: 126	1502	1537	2096.43	2789
Iteration: 127	1502	1660	2089.02	2748
Iteration: 128	1502	1626	2086.18	2625
Iteration: 129	1502	1587	2117.8	2814
Iteration: 130	1502	1668	2073.51	2854
Iteration: 131	1502	1680	2137.72	2868
Iteration: 132	1502	1765	2099.07	2657
Iteration: 133	1502	1710	2115.87	3003
Iteration: 134	1502	1702	2114.22	2773
Iteration: 135	1502	1720	2101.52	3037
Iteration: 136	1502	1684	2107.71	2663
Iteration: 137	1502	1748	2125.05	2914
Iteration: 138	1502	1660	2080.05	2733
Iteration: 139	1502	1645	2137.18	2843
Iteration: 140	1502	1634	2115.34	2935
Iteration: 141	1502	1647	2082.04	2701
Iteration: 142	1502	1657	2067.74	2714
Iteration: 143	1502	1686	2133.95	2760
Iteration: 144	1502	1676	2128.43	2932
Iteration: 145	1502	1626	2145.37	2775
Iteration: 146	1502	1626	2063.02	2886
Iteration: 147	1502	1629	2106.48	2645
Iteration: 148	1502	1681	2137.11	3042
Iteration: 149	1502	1632	2095.91	2717
Iteration: 150	1502	1652	2083.45	2930
Iteration: 151	1502	1726	2126.37	3172
Iteration: 152	1502	1673	2096.32	3063
Iteration: 153	1502	1756	2128.54	2876
Iteration: 154	1502	1650	2153	2816
Iteration: 155	1502	1607	2099.15	2779
Iteration: 156	1502	1628	2096.55	2716
Iteration: 157	1502	1668	2106.54	3021
Iteration: 158	1502	1534	2074.98	2656
Iteration: 159	1502	1647	2079.99	2665
Iteration: 160	1502	1736	2150.84	2861
Iteration: 161	1502	1663	2108.45	2850
Iteration: 162	1502	1609	2098.38	2607
Iteration: 163	1502	1622	2099.16	2655
Iteration: 164	1502	1682	2121.75	3051
Iteration: 165	1502	1660	2132.63	2825
Iteration: 166	1502	1640	2091.55	2577
Iteration: 167	1502	1656	2126.75	2779
Iteration: 168	1502	1584	2057.73	2751
Iteration: 169	1502	1681	2085	2956
Iteration: 170	1502	1682	2126.66	2736
Iteration: 171	1502	1662	2122.52	2721
Iteration: 172	1502	1682	2065.72	2660
Iteration: 173	1502	1667	2103.72	2844
Iteration: 174	1502	1743	2105.55	2678
Iteration: 175	1502	1673	2074.12	2582
Iteration: 176	1502	1662	2116.4	2700
Iteration: 177	1502	1712	2124.4	2733
Iteration: 178	1484	1484	2100.27	2931
Iteration: 179	1484	1729	2106.6	2857
Iteration: 180	1484	1631	2075.6	2832
Iteration: 181	1484	1658	2071.51	2772
Iteration: 182	1484	1713	2140.89	2712
Iteration: 183	1484	1669	2085.21	2833
Iteration: 184	1484	1651	2139.59	2738
Iteration: 185	1484	1703	2109.45	2847
Iteration: 186	1484	1618	2108.82	2761
Iteration: 187	1484	1658	2107.42	2695
Iteration: 188	1484	1645	2089.41	2756
Iteration: 189	1484	1644	2138.67	2888
Iteration: 190	1484	1690	2080.99	2593
Iteration: 191	1484	1623	2063.85	2934
Iteration: 192	1484	1727	2091.49	2754
Iteration: 193	1484	1694	2086.73	2884
Iteration: 194	1484	1766	2107.11	2588
Iteration: 195	1484	1655	2111.13	2818
Iteration: 196	1484	1643	2090.06	2927
Iteration: 197	1484	1715	2073.1	2878
Iteration: 198	1484	1680	2096	2695
Iteration: 199	1484	1768	2118.08	2687
Iteration: 200	1484	1579	2099.06	3026
Iteration: 201	1484	1593	2081.64	2922
Iteration: 202	1484	1651	2096.56	2906
Iteration: 203	1484	1647	2100.74	2800
Iteration: 204	1484	1710	2093.08	2598
Iteration: 205	1484	1676	2099.16	2694
Iteration: 206	1484	1714	2128.05	2662
Iteration: 207	1484	1747	2119.17	2845
Iteration: 208	1484	1707	2086.29	2640
Iteration: 209	1484	1696	2113.83	2833
Iteration: 210	1484	1598	2126.24	2758
Iteration: 211	1484	1634	2136.96	2796
Iteration: 212	1484	1713	2094.45	2706
Iteration: 213	1484	1625	2127.63	2818
Iteration: 214	1484	1598	2078.72	2637
Iteration: 215	1484	1664	2129.69	2997
Iteration: 216	1484	1624	2141.88	3054
Iteration: 217	1484	1663	2110.23	3209
Iteration: 218	1484	1656	2076.04	3008
Iteration: 219	1484	1695	2113.73	2863
Iteration: 220	1484	1640	2123.19	2754
Iteration: 221	1484	1655	2131.01	3123
Iteration: 222	1484	1598	2112.5	2734
Iteration: 223	1484	1695	2152.91	2775
Iteration: 224	1484	1572	2091.41	2821
Iteration: 225	1484	1614	2102.15	2988
Iteration: 226	1484	1600	2086.74	2710
Iteration: 227	1484	1716	2099.29	2967
Iteration: 228	1484	1726	2134.46	2950
Iteration: 229	1484	1652	2117.15	2935
Iteration: 230	1484	1660	2112.84	2941
Iteration: 231	1484	1580	2064.4	2650
Iteration: 232	1484	1722	2100.19	3092
Iteration: 233	1484	1539	2090.29	2516
Iteration: 234	1484	1679	2100.54	2619
Iteration: 235	1484	1670	2125.28	3023
Iteration: 236	1484	1643	2138.64	2753
Iteration: 237	1484	1689	2143.3	3104
Iteration: 238	1484	1552	2096.99	2727
Iteration: 239	1484	1530	2062.83	2641
Iteration: 240	1484	1681	2092.56	2583
Iteration: 241	1484	1654	2094.91	2784
Iteration: 242	1484	1625	2129.14	2800
Iteration: 243	1484	1704	2099.44	2752
Iteration: 244	1484	1622	2092.56	2857
Iteration: 245	1484	1717	2105.64	2897
Iteration: 246	1484	1688	2120.18	2954
Iteration: 247	1484	1763	2112.95	2924
Iteration: 248	1484	1652	2119.44	2628
Iteration: 249	1484	1664	2112.54	3113
Iteration: 250	1484	1687	2087.82	2818
Iteration: 251	1484	1662	2100.85	2750
Iteration: 252	1484	1702	2101.36	3027
Iteration: 253	1484	1702	2098.32	2690
Iteration: 254	1484	1615	2080.51	2622
Iteration: 255	1484	1658	2097.59	2968
Iteration: 256	1484	1677	2077.97	2606
Iteration: 257	1484	1636	2073.89	2634
Iteration: 258	1484	1672	2100.9	2601
Iteration: 259	1484	1673	2106.48	2770
Iteration: 260	1484	1697	2106.97	2672
Iteration: 261	1484	1713	2094.85	2746
Iteration: 262	1484	1607	2096.21	2809
Iteration: 263	1484	1596	2075.25	2773
Iteration: 264	1484	1720	2082.25	2681
Iteration: 265	1484	1711	2107.78	2701
Iteration: 266	1484	1706	2080.97	2719
Iteration: 267	1484	1649	2093.74	2923
Iteration: 268	1484	1679	2138.72	2722
Iteration: 269	1484	1661	2125.28	2782
Iteration: 270	1484	1725	2103.07	2896
Iteration: 271	1484	1725	2121.51	2595
Iteration: 272	1484	1673	2068.52	2731
Iteration: 273	1484	1648	2081.67	2584
Iteration: 274	1484	1730	2076.26	2656
Iteration: 275	1484	1715	2119.63	2693
Iteration: 276	1484	1634	2104.49	2921
Iteration: 277	1484	1692	2122.74	2766
Iteration: 278	1484	1699	2125.76	2989
Iteration: 279	1484	1776	2123.07	2688
Iteration: 280	1484	1713	2099.17	2687
Iteration: 281	1484	1705	2089.45	2922
Iteration: 282	1484	1632	2099.87	2943
Iteration: 283	1484	1728	2081	2623
Iteration: 284	1484	1694	2121.15	2770
Iteration: 285	1484	1591	2070.52	2707
Iteration: 286	1484	1645	2115.47	2667
Iteration: 287	1484	1711	2101.13	2813
Iteration: 288	1484	1587	2084.95	2678
Iteration: 289	1484	1627	2090.54	2878
Iteration: 290	1484	1622	2080.17	2613
Iteration: 291	1484	1694	2135.72	2812
Iteration: 292	1484	1665	2086.37	2959
Iteration: 293	1484	1691	2112.22	2637
Iteration: 294	1484	1602	2046.58	2697
Iteration: 295	1484	1670	2116.87	2694
Iteration: 296	1484	1612	2110.35	2617
Iteration: 297	1484	1699	2092.29	2716
Iteration: 298	1484	1685	2099.72	2888
Iteration: 299	1484	1505	2096.44	2738
Iteration: 300	1484	1592	2095.95	2668
Iteration: 301	1484	1735	2119.29	2736
Iteration: 302	1484	1595	2105.02	2718
Iteration: 303	1484	1680	2087.49	2652
Iteration: 304	1484	1649	2111.16	2681
Iteration: 305	1484	1577	2110.09	2756
Iteration: 306	1484	1717	2070.8	2695
Iteration: 307	1484	1654	2105.43	2713
Iteration: 308	1484	1689	2147.22	2766
Iteration: 309	1484	1693	2088.1	2726
Iteration: 310	1484	1703	2108.99	2651
Iteration: 311	1484	1746	2129.71	2917
Iteration: 312	1484	1535	2113.55	2993
Iteration: 313	1484	1655	2052.23	2566
Iteration: 314	1484	1654	2114.89	2712
Iteration: 315	1484	1708	2166.61	3130
Iteration: 316	1484	1603	2099.35	2644
Iteration: 317	1484	1764	2112.45	2932
Iteration: 318	1484	1752	2086.87	2870
Iteration: 319	1484	1600	2079.67	2809
Iteration: 320	1484	1600	2109.96	2778
Iteration: 321	1484	1602	2102.97	2834
Iteration: 322	1484	1657	2136.58	2805
Iteration: 323	1484	1655	2102.12	3354
Iteration: 324	1484	1715	2098.66	3180
Iteration: 325	1484	1569	2083.93	2651
Iteration: 326	1484	1650	2099.65	2954
Iteration: 327	1484	1749	2110.2	2804
Iteration: 328	1484	1666	2105.56	2858
Iteration: 329	1484	1737	2117.69	2624
Iteration: 330	1484	1621	2131.31	2975
Iteration: 331	1484	1566	2090.85	2901
Iteration: 332	1484	1639	2095.18	2774
Iteration: 333	1484	1695	2153.75	2919
Iteration: 334	1484	1659	2141.08	2794
Iteration: 335	1484	1650	2100.64	2713
Iteration: 336	1484	1591	2077.37	3335
Iteration: 337	1484	1528	2088.11	2605
Iteration: 338	1484	1664	2055.01	2657
Iteration: 339	1484	1662	2124.95	3079
Iteration: 340	1484	1629	2111.62	2736
Iteration: 341	1484	1663	2084.39	2685
Iteration: 342	1484	1661	2118.25	2707
Iteration: 343	1484	1663	2086.48	2737
Iteration: 344	1484	1722	2123.14	2717
Iteration: 345	1484	1666	2152.58	2987
Iteration: 346	1484	1738	2126.75	2747
Iteration: 347	1484	1727	2125.78	2651
Iteration: 348	1484	1742	2105.19	2763
Iteration: 349	1484	1557	2054.88	2770
Iteration: 350	1484	1642	2070.56	2776
Iteration: 351	1484	1716	2124.54	2802
Iteration: 352	1484	1658	2110.87	2739
Iteration: 353	1484	1656	2082.63	2802
Iteration: 354	1484	1657	2099.65	2823
Iteration: 355	1484	1709	2080.28	2612
Iteration: 356	1484	1753	2105.95	2654
Iteration: 357	1484	1695	2140	3011
Iteration: 358	1484	1645	2078.54	3028
Iteration: 359	1484	1627	2114.72	2871
Iteration: 360	1484	1689	2124.4	2945
Iteration: 361	1484	1589	2092.8	3072
Iteration: 362	1484	1675	2114.6	2564
Iteration: 363	1484	1675	2101.81	2890
Iteration: 364	1484	1582	2065.46	2718
Iteration: 365	1484	1589	2060.75	2734
Iteration: 366	1484	1725	2141.47	2769
Iteration: 367	1484	1626	2103.8	2653
Iteration: 368	1484	1645	2081.19	2771
Iteration: 369	1484	1687	2110.8	2938
Iteration: 370	1484	1617	2106.21	2678
Iteration: 371	1484	1705	2076.08	2910
Iteration: 372	1484	1659	2097.98	3120
Iteration: 373	1484	1693	2128.76	2760
Iteration: 374	1484	1646	2084.39	2737
Iteration: 375	1484	1736	2113.16	2891
Iteration: 376	1484	1691	2132.29	2794
Iteration: 377	1484	1650	2122.81	2808
Iteration: 378	1484	1616	2121.13	3120
Iteration: 379	1484	1623	2102.46	3034
Iteration: 380	1484	1634	2112.7	2588
Iteration: 381	1484	1677	2141.13	3075
Iteration: 382	1484	1562	2088.91	2653
Iteration: 383	1484	1680	2120.83	2926
Iteration: 384	1484	1612	2091.23	2913
Iteration: 385	1484	1714	2093.33	2629
Iteration: 386	1484	1655	2089.99	2642
Iteration: 387	1484	1695	2104.6	2778
Iteration: 388	1484	1580	2092.18	2928
Iteration: 389	1484	1657	2067.27	2748
Iteration: 390	1484	1642	2050.53	2858
Iteration: 391	1484	1653	2066.85	2948
Iteration: 392	1484	1642	2110.61	3113
Iteration: 393	1484	1639	2060.48	2713
Iteration: 394	1484	1668	2093.43	2573
Iteration: 395	1484	1639	2101.09	2878
Iteration: 396	1484	1615	2103.91	2924
Iteration: 397	1484	1682	2105.32	2866
Iteration: 398	1484	1625	2099.87	3031
Iteration: 399	1484	1676	2116.39	2813
Iteration: 400	1484	1726	2097.37	2982
Iteration: 401	1484	1672	2096.34	2605
Iteration: 402	1484	1688	2067.06	2822
Iteration: 403	1484	1656	2115.39	2653
Iteration: 404	1484	1716	2112.99	2612
Iteration: 405	1484	1657	2064.9	2603
Iteration: 406	1484	1631	2092.61	3046
Iteration: 407	1484	1655	2155.72	2878
Iteration: 408	1484	1681	2113.76	2729
Iteration: 409	1484	1675	2112.16	3319
Iteration: 410	1484	1787	2076.5	2633
Iteration: 411	1484	1623	2128.09	2675
Iteration: 412	1484	1715	2133.31	2801
Iteration: 413	1484	1694	2099.34	2656
Iteration: 414	1484	1626	2105.97	2705
Iteration: 415	1484	1732	2153.61	2686
Iteration: 416	1484	1688	2126.65	2894
Iteration: 417	1484	1707	2114.61	2720
Iteration: 418	1484	1657	2103.64	2768
Iteration: 419	1484	1569	2111.02	2863
Iteration: 420	1484	1679	2069.81	2629
Iteration: 421	1484	1680	2086.2	2568
Iteration: 422	1484	1628	2076.19	2797
Iteration: 423	1484	1746	2088.12	2842
Iteration: 424	1484	1541	2108.22	2879
Iteration: 425	1484	1689	2120.37	2694
Iteration: 426	1484	1675	2069.66	2688
Iteration: 427	1484	1693	2137.18	2893
Iteration: 428	1484	1746	2104.83	2638
Iteration: 429	1484	1700	2162.49	2830
Iteration: 430	1484	1701	2129.5	2726
Iteration: 431	1484	1657	2049.02	2793
Iteration: 432	1484	1681	2074.85	3160
Iteration: 433	1484	1671	2105.36	2786
Iteration: 434	1484	1559	2081.31	2663
Iteration: 435	1484	1739	2101.29	2551
Iteration: 436	1484	1650	2067.86	2639
Iteration: 437	1484	1638	2101.9	2677
Iteration: 438	1484	1681	2113.59	2609
Iteration: 439	1484	1748	2128.14	2556
Iteration: 440	1484	1630	2121.04	2752
Iteration: 441	1484	1668	2097.47	3043
Iteration: 442	1484	1619	2105.85	2718
Iteration: 443	1484	1651	2114.73	3076
Iteration: 444	1484	1627	2101.97	2982
Iteration: 445	1484	1665	2124.32	2880
Iteration: 446	1484	1678	2105.88	2869
Iteration: 447	1484	1720	2083.68	2785
Iteration: 448	1484	1606	2116.08	2955
Iteration: 449	1484	1700	2097.45	2558
Iteration: 450	1484	1688	2095.18	2611
Iteration: 451	1484	1700	2089.64	2761
Iteration: 452	1484	1720	2134.23	2963
Iteration: 453	1484	1695	2082	2744
Iteration: 454	1484	1709	2120.63	2729
Iteration: 455	1484	1720	2089.03	2711
Iteration: 456	1484	1647	2120.88	3125
Iteration: 457	1484	1596	2077.24	2636
Iteration: 458	1484	1645	2082.79	2713
Iteration: 459	1484	1670	2097.87	2839
Iteration: 460	1484	1600	2106.28	2805
Iteration: 461	1484	1553	2131.66	2919
Iteration: 462	1484	1707	2092	2906
Iteration: 463	1484	1665	2103.53	2595
Iteration: 464	1484	1673	2155.31	2936
Iteration: 465	1484	1647	2093.62	2577
Iteration: 466	1484	1657	2094.42	2818
Iteration: 467	1484	1700	2109.62	2806
Iteration: 468	1484	1625	2130.17	2839
Iteration: 469	1484	1690	2071.06	2745
Iteration: 470	1484	1730	2097.43	2774
Iteration: 471	1484	1668	2104.41	2929
Iteration: 472	1484	1643	2097.57	2630
Iteration: 473	1484	1747	2109.48	2682
Iteration: 474	1484	1639	2084.71	2647
Iteration: 475	1484	1693	2063.3	2856
Iteration: 476	1484	1696	2075.65	2893
Iteration: 477	1484	1708	2080.04	2581
Iteration: 478	1484	1565	2090.53	2667
Iteration: 479	1484	1693	2072.16	2889
Iteration: 480	1484	1611	2089.11	2679
Iteration: 481	1484	1641	2076.6	2682
Iteration: 482	1484	1590	2071.12	2660
Iteration: 483	1484	1632	2113.33	3181
Iteration: 484	1484	1695	2105.3	2704
Iteration: 485	1484	1752	2090.67	2666
Iteration: 486	1484	1693	2098.64	2537
Iteration: 487	1484	1650	2099.18	2683
Iteration: 488	1484	1707	2102.28	2793
Iteration: 489	1484	1599	2088.57	2633
Iteration: 490	1484	1678	2137.37	2826
Iteration: 491	1484	1695	2109.55	2799
Iteration: 492	1484	1654	2110.43	2867
Iteration: 493	1484	1680	2131.58	2860
Iteration: 494	1484	1661	2114.71	2681
Iteration: 495	1484	1667	2070.21	2715
Iteration: 496	1484	1661	2115.64	2660
Iteration: 497	1484	1671	2093.14	2916
Iteration: 498	1484	1617	2083.22	2661
Iteration: 499	1484	1605	2074.84	2633
