Iteration: 0	1493	1493	1853.72	2484
Iteration: 1	1493	1536	1818.72	2364
Iteration: 2	1493	1508	1804.95	2288
Iteration: 3	1493	1530	1817.43	2436
Iteration: 4	1493	1521	1793.52	2305
Iteration: 5	1493	1537	1817.45	2462
Iteration: 6	1493	1533	1813.47	2433
Iteration: 7	1493	1521	1818.13	2406
Iteration: 8	1493	1546	1821.6	2250
Iteration: 9	1493	1513	1790.97	2228
Iteration: 10	1493	1508	1808.9	2491
Iteration: 11	1493	1537	1823.45	2425
Iteration: 12	1493	1523	1817.74	2358
Iteration: 13	1493	1520	1800.21	2422
Iteration: 14	1463	1463	1816.8	2336
Iteration: 15	1463	1567	1798.15	2207
Iteration: 16	1463	1512	1789.07	2198
Iteration: 17	1463	1535	1846.18	2388
Iteration: 18	1463	1598	1835.18	2195
Iteration: 19	1463	1523	1799.66	2295
Iteration: 20	1463	1512	1818.83	2408
Iteration: 21	1463	1529	1799.6	2342
Iteration: 22	1463	1583	1840.38	2268
Iteration: 23	1463	1529	1810.61	2227
Iteration: 24	1463	1576	1823.76	2346
Iteration: 25	1449	1449	1807.79	2353
Iteration: 26	1449	1529	1780.31	2482
Iteration: 27	1449	1542	1812.59	2600
Iteration: 28	1449	1493	1787.84	2451
Iteration: 29	1449	1563	1780.73	2318
Iteration: 30	1449	1556	1815.3	2350
Iteration: 31	1449	1518	1791.04	2309
Iteration: 32	1449	1524	1794.91	2243
Iteration: 33	1449	1541	1807.57	2190
Iteration: 34	1449	1492	1800.52	2182
Iteration: 35	1449	1478	1784.99	2324
Iteration: 36	1449	1549	1799.87	2608
Iteration: 37	1449	1491	1796.71	2228
Iteration: 38	1449	1544	1818.07	2287
Iteration: 39	1449	1561	1812.31	2295
Iteration: 40	1449	1529	1811.39	2366
Iteration: 41	1449	1521	1822.48	2186
Iteration: 42	1449	1572	1788.54	2480
Iteration: 43	1449	1549	1825.02	2275
Iteration: 44	1449	1524	1806.51	2436
Iteration: 45	1449	1530	1811.13	2480
Iteration: 46	1449	1505	1787.49	2184
Iteration: 47	1449	1547	1814.47	2391
Iteration: 48	1449	1560	1824.04	2375
Iteration: 49	1449	1562	1827.41	2684
Iteration: 50	1449	1552	1840.15	2452
Iteration: 51	1449	1512	1819.18	2353
Iteration: 52	1449	1494	1796.18	2124
Iteration: 53	1449	1517	1785.3	2287
Iteration: 54	1449	1528	1818.25	2331
Iteration: 55	1449	1506	1807.56	2462
Iteration: 56	1449	1538	1804.32	2326
Iteration: 57	1449	1500	1818.78	2251
Iteration: 58	1449	1566	1822.53	2216
Iteration: 59	1449	1548	1796.89	2184
Iteration: 60	1449	1547	1796.31	2185
Iteration: 61	1449	1614	1828.78	2356
Iteration: 62	1449	1495	1824.57	2296
Iteration: 63	1449	1549	1785.78	2358
Iteration: 64	1449	1537	1800.7	2282
Iteration: 65	1449	1562	1812.39	2461
Iteration: 66	1449	1531	1808.92	2329
Iteration: 67	1449	1488	1809.07	2291
Iteration: 68	1449	1517	1820.99	2219
Iteration: 69	1449	1477	1817.49	2573
Iteration: 70	1449	1524	1820.57	2194
Iteration: 71	1449	1520	1781.29	2224
Iteration: 72	1449	1552	1804.55	2212
Iteration: 73	1449	1517	1827.68	2557
Iteration: 74	1449	1554	1835.89	2273
Iteration: 75	1449	1560	1803.7	2481
Iteration: 76	1449	1504	1788.91	2145
Iteration: 77	1449	1518	1816.09	2590
Iteration: 78	1449	1545	1791.73	2240
Iteration: 79	1449	1551	1795.3	2661
Iteration: 80	1449	1552	1812.74	2268
Iteration: 81	1449	1563	1834.78	2272
Iteration: 82	1449	1575	1807.71	2422
Iteration: 83	1449	1580	1804.16	2205
Iteration: 84	1449	1530	1801.73	2224
Iteration: 85	1449	1475	1792.21	2223
Iteration: 86	1449	1482	1852.47	2477
Iteration: 87	1449	1589	1832.58	2498
Iteration: 88	1449	1462	1791.87	2206
Iteration: 89	1449	1572	1811.92	2280
Iteration: 90	1449	1593	1803.57	2365
Iteration: 91	1449	1572	1814.46	2447
Iteration: 92	1449	1585	1838.56	2379
Iteration: 93	1449	1534	1800.53	2424
Iteration: 94	1449	1550	1805.74	2426
Iteration: 95	1449	1539	1810.3	2301
Iteration: 96	1449	1548	1829.65	2385
Iteration: 97	1449	1532	1818.53	2453
Iteration: 98	1449	1553	1793.26	2186
Iteration: 99	1449	1525	1794.78	2415
Iteration: 100	1449	1534	1807.72	2319
Iteration: 101	1449	1550	1815.31	2406
Iteration: 102	1449	1513	1824.19	2273
Iteration: 103	1449	1546	1818.53	2447
Iteration: 104	1449	1519	1810.17	2192
Iteration: 105	1449	1545	1800.64	2098
Iteration: 106	1449	1569	1820.68	2609
Iteration: 107	1449	1532	1788	2153
Iteration: 108	1449	1530	1808.8	2545
Iteration: 109	1449	1563	1810.3	2476
Iteration: 110	1449	1515	1837.72	2525
Iteration: 111	1449	1574	1810.89	2787
Iteration: 112	1449	1495	1802.9	2311
Iteration: 113	1449	1490	1802.03	2146
Iteration: 114	1449	1562	1808.81	2187
Iteration: 115	1449	1451	1798.17	2313
Iteration: 116	1449	1575	1802.48	2476
Iteration: 117	1449	1544	1799.28	2437
Iteration: 118	1449	1532	1815.84	2292
Iteration: 119	1449	1562	1843.28	2495
Iteration: 120	1449	1506	1816.3	2555
Iteration: 121	1449	1527	1822.54	2518
Iteration: 122	1449	1526	1820.87	2261
Iteration: 123	1449	1569	1787.98	2197
Iteration: 124	1449	1556	1789.04	2470
Iteration: 125	1449	1525	1796.65	2415
Iteration: 126	1449	1505	1829.12	2283
Iteration: 127	1449	1537	1819.09	2206
Iteration: 128	1449	1511	1813.53	2233
Iteration: 129	1449	1560	1808.21	2377
Iteration: 130	1449	1551	1833.09	2267
Iteration: 131	1449	1464	1787.22	2222
Iteration: 132	1449	1561	1806.37	2365
Iteration: 133	1449	1556	1780.19	2277
Iteration: 134	1449	1565	1823.98	2375
Iteration: 135	1449	1535	1823.72	2358
Iteration: 136	1449	1511	1826.28	2416
Iteration: 137	1449	1545	1790.26	2341
Iteration: 138	1449	1478	1800.93	2224
Iteration: 139	1449	1489	1808.68	2207
Iteration: 140	1449	1553	1793.16	2234
Iteration: 141	1449	1551	1831.19	2398
Iteration: 142	1449	1555	1837.63	2288
Iteration: 143	1449	1517	1794.67	2214
Iteration: 144	1449	1470	1782.07	2135
Iteration: 145	1449	1537	1831.78	2535
Iteration: 146	1449	1564	1814.37	2502
Iteration: 147	1449	1537	1814.69	2325
Iteration: 148	1449	1530	1791.59	2231
Iteration: 149	1449	1529	1818.52	2410
Iteration: 150	1449	1473	1816.15	2411
Iteration: 151	1449	1560	1813.7	2450
Iteration: 152	1449	1514	1803.69	2186
Iteration: 153	1449	1460	1803.8	2440
Iteration: 154	1449	1527	1816.46	2327
Iteration: 155	1449	1553	1792.68	2553
Iteration: 156	1449	1538	1794.22	2249
Iteration: 157	1449	1573	1829.9	2388
Iteration: 158	1449	1515	1811.13	2390
Iteration: 159	1449	1500	1807.19	2320
Iteration: 160	1449	1540	1840.26	2404
Iteration: 161	1449	1544	1830.25	2355
Iteration: 162	1449	1559	1820.59	2502
Iteration: 163	1449	1585	1826.09	2355
Iteration: 164	1449	1552	1822.59	2460
Iteration: 165	1449	1480	1815.56	2195
Iteration: 166	1449	1578	1837.38	2322
Iteration: 167	1449	1559	1804.48	2356
Iteration: 168	1449	1508	1825.31	2243
Iteration: 169	1449	1515	1814.63	2654
Iteration: 170	1449	1531	1827.78	2350
Iteration: 171	1449	1468	1800.69	2291
Iteration: 172	1449	1533	1808.27	2275
Iteration: 173	1449	1510	1830.23	2203
Iteration: 174	1449	1527	1814.32	2383
Iteration: 175	1449	1484	1802.66	2336
Iteration: 176	1449	1521	1830.32	2317
Iteration: 177	1449	1483	1804.24	2288
Iteration: 178	1449	1501	1784.81	2269
Iteration: 179	1449	1482	1795.85	2227
Iteration: 180	1449	1557	1821.51	2682
Iteration: 181	1449	1555	1797.57	2301
Iteration: 182	1449	1584	1792.68	2266
Iteration: 183	1449	1577	1819.79	2607
Iteration: 184	1449	1520	1822.59	2268
Iteration: 185	1449	1509	1805.06	2404
Iteration: 186	1449	1507	1832.4	2405
Iteration: 187	1449	1519	1804.11	2334
Iteration: 188	1449	1531	1820.33	2501
Iteration: 189	1449	1483	1818.95	2169
Iteration: 190	1449	1571	1814.85	2196
Iteration: 191	1449	1541	1805.55	2119
Iteration: 192	1449	1510	1805.12	2322
Iteration: 193	1449	1537	1830.65	2308
Iteration: 194	1449	1527	1793.67	2224
Iteration: 195	1449	1581	1803.01	2314
Iteration: 196	1449	1487	1816.38	2801
Iteration: 197	1449	1560	1798.9	2244
Iteration: 198	1449	1541	1811.25	2405
Iteration: 199	1449	1469	1831.11	2328
Iteration: 200	1449	1474	1820.01	2379
Iteration: 201	1449	1506	1805.38	2297
Iteration: 202	1449	1458	1815.67	2539
Iteration: 203	1449	1537	1835.14	2377
Iteration: 204	1449	1557	1785.85	2256
Iteration: 205	1449	1575	1833.32	2592
Iteration: 206	1449	1553	1839.29	2487
Iteration: 207	1449	1559	1803.37	2226
Iteration: 208	1449	1516	1812.15	2244
Iteration: 209	1449	1484	1806.37	2420
Iteration: 210	1449	1511	1797.06	2385
Iteration: 211	1449	1521	1789.26	2340
Iteration: 212	1436	1436	1832.88	2231
Iteration: 213	1436	1490	1825.63	2363
Iteration: 214	1436	1530	1814.01	2253
Iteration: 215	1436	1483	1806.15	2298
Iteration: 216	1436	1515	1792.07	2320
Iteration: 217	1436	1568	1812.14	2242
Iteration: 218	1436	1465	1823.66	2432
Iteration: 219	1436	1557	1806.21	2341
Iteration: 220	1436	1525	1785.37	2329
Iteration: 221	1436	1530	1802.81	2186
Iteration: 222	1436	1518	1814.16	2320
Iteration: 223	1436	1515	1832.87	2244
Iteration: 224	1436	1549	1809.73	2443
Iteration: 225	1436	1555	1788.28	2145
Iteration: 226	1436	1552	1806.61	2181
Iteration: 227	1436	1518	1823.34	2365
Iteration: 228	1436	1530	1830.65	2498
Iteration: 229	1436	1583	1830.31	2455
Iteration: 230	1436	1569	1804.97	2384
Iteration: 231	1436	1541	1801.87	2230
Iteration: 232	1436	1439	1773.58	2146
Iteration: 233	1436	1561	1788.08	2320
Iteration: 234	1436	1525	1820.23	2460
Iteration: 235	1436	1563	1822.27	2368
Iteration: 236	1436	1505	1801.31	2299
Iteration: 237	1436	1580	1818.32	2244
Iteration: 238	1436	1526	1795.3	2359
Iteration: 239	1436	1528	1801.91	2274
Iteration: 240	1436	1480	1835.63	2392
Iteration: 241	1436	1501	1798.32	2431
Iteration: 242	1436	1546	1802	2605
Iteration: 243	1436	1528	1814.94	2418
Iteration: 244	1436	1596	1830.97	2170
Iteration: 245	1436	1602	1807.81	2242
Iteration: 246	1436	1501	1840.59	2720
Iteration: 247	1436	1457	1805.5	2475
Iteration: 248	1436	1539	1777.06	2316
Iteration: 249	1436	1550	1812.36	2486
Iteration: 250	1436	1539	1780.73	2182
Iteration: 251	1436	1563	1835.9	2503
Iteration: 252	1436	1566	1822.56	2366
Iteration: 253	1436	1490	1810.61	2488
Iteration: 254	1436	1527	1807.13	2461
Iteration: 255	1436	1538	1833.25	2462
Iteration: 256	1436	1544	1810.01	2214
Iteration: 257	1436	1536	1816.3	2280
Iteration: 258	1436	1566	1826.11	2281
Iteration: 259	1436	1578	1781.52	2112
Iteration: 260	1436	1569	1802.44	2183
Iteration: 261	1436	1593	1829.17	2298
Iteration: 262	1436	1561	1799.79	2384
Iteration: 263	1436	1513	1805.57	2299
Iteration: 264	1436	1496	1795.67	2417
Iteration: 265	1436	1492	1812.02	2216
Iteration: 266	1436	1501	1812.61	2465
Iteration: 267	1436	1527	1810.37	2211
Iteration: 268	1436	1572	1816.99	2342
Iteration: 269	1436	1446	1819.33	2329
Iteration: 270	1436	1470	1798.84	2303
Iteration: 271	1436	1508	1828.45	2356
Iteration: 272	1436	1523	1823.34	2340
Iteration: 273	1436	1556	1820.14	2270
Iteration: 274	1436	1546	1818.63	2389
Iteration: 275	1436	1513	1805.54	2256
Iteration: 276	1436	1489	1815.79	2334
Iteration: 277	1436	1487	1798.75	2298
Iteration: 278	1436	1542	1795.2	2169
Iteration: 279	1436	1520	1839.68	2493
Iteration: 280	1436	1511	1795.61	2169
Iteration: 281	1436	1552	1822.71	2444
Iteration: 282	1436	1540	1806.12	2468
Iteration: 283	1436	1537	1828.91	2413
Iteration: 284	1436	1538	1808.27	2409
Iteration: 285	1436	1518	1831.08	2380
Iteration: 286	1436	1571	1805.72	2317
Iteration: 287	1436	1585	1798.3	2336
Iteration: 288	1436	1469	1823.07	2310
Iteration: 289	1436	1530	1812.51	2438
Iteration: 290	1436	1575	1812.67	2377
Iteration: 291	1436	1521	1815.53	2375
Iteration: 292	1436	1545	1819.26	2345
Iteration: 293	1436	1543	1816.5	2239
Iteration: 294	1436	1504	1776.4	2414
Iteration: 295	1436	1545	1826.84	2413
Iteration: 296	1436	1584	1807.43	2256
Iteration: 297	1436	1509	1792.31	2263
Iteration: 298	1436	1552	1865.55	2341
Iteration: 299	1436	1497	1822.11	2263
Iteration: 300	1436	1520	1814.37	2511
Iteration: 301	1436	1548	1807.92	2400
Iteration: 302	1436	1547	1797.67	2326
Iteration: 303	1436	1492	1808.91	2630
Iteration: 304	1436	1504	1825.17	2445
Iteration: 305	1436	1561	1842.8	2417
Iteration: 306	1436	1546	1848.64	2372
Iteration: 307	1436	1539	1791.19	2339
Iteration: 308	1436	1485	1792.72	2352
Iteration: 309	1436	1529	1838.58	2451
Iteration: 310	1436	1504	1790.98	2316
Iteration: 311	1436	1547	1802.86	2218
Iteration: 312	1436	1519	1818.8	2476
Iteration: 313	1436	1565	1794.78	2262
Iteration: 314	1436	1503	1819.33	2268
Iteration: 315	1436	1534	1813.47	2258
Iteration: 316	1436	1526	1821.49	2343
Iteration: 317	1436	1501	1805.81	2171
Iteration: 318	1436	1567	1814.57	2167
Iteration: 319	1436	1468	1797.83	2158
Iteration: 320	1436	1553	1826.32	2476
Iteration: 321	1436	1531	1834.55	2406
Iteration: 322	1436	1491	1814.35	2243
Iteration: 323	1436	1507	1783.48	2273
Iteration: 324	1436	1531	1783.58	2244
Iteration: 325	1436	1550	1827.26	2262
Iteration: 326	1436	1572	1810.21	2360
Iteration: 327	1436	1544	1795.42	2647
Iteration: 328	1436	1548	1804.36	2339
Iteration: 329	1436	1490	1834.16	2280
Iteration: 330	1436	1511	1801.18	2383
Iteration: 331	1436	1538	1806.93	2128
Iteration: 332	1436	1535	1808.8	2169
Iteration: 333	1436	1558	1821.65	2199
Iteration: 334	1436	1474	1814.4	2282
Iteration: 335	1436	1546	1813.43	2289
Iteration: 336	1436	1530	1845.04	2343
Iteration: 337	1436	1558	1796.9	2346
Iteration: 338	1436	1498	1808.04	2414
Iteration: 339	1436	1494	1805.53	2236
Iteration: 340	1436	1546	1815.51	2452
Iteration: 341	1436	1531	1819.95	2297
Iteration: 342	1436	1536	1838.93	2321
Iteration: 343	1436	1528	1790.67	2131
Iteration: 344	1436	1543	1804.31	2344
Iteration: 345	1436	1490	1817.47	2353
Iteration: 346	1436	1518	1787.16	2189
Iteration: 347	1436	1552	1824.85	2194
Iteration: 348	1436	1534	1808.34	2453
Iteration: 349	1436	1519	1779.64	2213
Iteration: 350	1436	1475	1819.85	2370
Iteration: 351	1436	1471	1807.92	2506
Iteration: 352	1436	1552	1806.65	2329
Iteration: 353	1436	1558	1802.82	2218
Iteration: 354	1436	1598	1811.03	2175
Iteration: 355	1436	1544	1823.54	2214
Iteration: 356	1436	1558	1794.45	2230
Iteration: 357	1436	1476	1824.04	2408
Iteration: 358	1436	1497	1781.08	2178
Iteration: 359	1436	1532	1783.65	2245
Iteration: 360	1436	1547	1802.84	2339
Iteration: 361	1436	1493	1837.85	2701
Iteration: 362	1436	1525	1791.07	2396
Iteration: 363	1436	1576	1804.26	2255
Iteration: 364	1436	1540	1796.69	2368
Iteration: 365	1436	1571	1813.69	2181
Iteration: 366	1436	1464	1812.95	2261
Iteration: 367	1436	1570	1828.21	2387
Iteration: 368	1436	1532	1810.52	2359
Iteration: 369	1436	1581	1842.27	2233
Iteration: 370	1436	1475	1815.6	2352
Iteration: 371	1436	1493	1796.96	2475
Iteration: 372	1436	1532	1805.2	2176
Iteration: 373	1436	1551	1789.83	2203
Iteration: 374	1436	1524	1825.9	2320
Iteration: 375	1436	1531	1821.84	2617
Iteration: 376	1436	1533	1792.41	2224
Iteration: 377	1436	1536	1796.64	2237
Iteration: 378	1436	1535	1820.51	2342
Iteration: 379	1436	1570	1804.67	2166
Iteration: 380	1436	1535	1824.91	2307
Iteration: 381	1436	1572	1811.67	2371
Iteration: 382	1436	1554	1826.32	2372
Iteration: 383	1436	1553	1820.98	2298
Iteration: 384	1436	1531	1820.72	2205
Iteration: 385	1436	1542	1803.03	2313
Iteration: 386	1436	1571	1816.01	2678
Iteration: 387	1436	1585	1829.3	2297
Iteration: 388	1436	1576	1809.83	2398
Iteration: 389	1436	1543	1822.42	2304
Iteration: 390	1436	1552	1807.63	2322
Iteration: 391	1436	1511	1800.68	2551
Iteration: 392	1436	1554	1815.67	2649
Iteration: 393	1436	1509	1803.49	2416
Iteration: 394	1436	1494	1792.54	2339
Iteration: 395	1436	1551	1819.69	2205
Iteration: 396	1436	1555	1814.29	2361
Iteration: 397	1436	1468	1809.18	2272
Iteration: 398	1436	1563	1833.42	2317
Iteration: 399	1436	1475	1826.03	2198
Iteration: 400	1436	1565	1828.55	2376
Iteration: 401	1436	1534	1843.86	2395
Iteration: 402	1436	1560	1800.73	2261
Iteration: 403	1436	1488	1812.4	2467
Iteration: 404	1436	1510	1841.98	2504
Iteration: 405	1436	1525	1818.3	2482
Iteration: 406	1436	1559	1807.8	2231
Iteration: 407	1436	1485	1801.91	2377
Iteration: 408	1436	1480	1797.73	2160
Iteration: 409	1436	1535	1790.12	2173
Iteration: 410	1436	1588	1842.17	2264
Iteration: 411	1436	1529	1801.29	2321
Iteration: 412	1436	1542	1798.37	2294
Iteration: 413	1436	1533	1789.79	2305
Iteration: 414	1436	1492	1830.94	2323
Iteration: 415	1436	1511	1816.59	2524
Iteration: 416	1436	1476	1820.23	2463
Iteration: 417	1436	1561	1795.6	2219
Iteration: 418	1436	1506	1812.15	2337
Iteration: 419	1436	1501	1828.05	2204
Iteration: 420	1436	1526	1804.31	2283
Iteration: 421	1436	1501	1791.28	2270
Iteration: 422	1436	1569	1812.08	2327
Iteration: 423	1436	1521	1811.29	2299
Iteration: 424	1436	1502	1829.16	2348
Iteration: 425	1436	1468	1818.8	2227
Iteration: 426	1436	1587	1820.23	2287
Iteration: 427	1436	1502	1813.57	2541
Iteration: 428	1436	1559	1807.87	2376
Iteration: 429	1436	1502	1796.1	2392
Iteration: 430	1436	1507	1842.89	2356
Iteration: 431	1436	1591	1827.51	2316
Iteration: 432	1436	1545	1798.36	2350
Iteration: 433	1436	1577	1816.62	2323
Iteration: 434	1436	1511	1824.65	2329
Iteration: 435	1436	1513	1798.32	2193
Iteration: 436	1436	1563	1830.63	2419
Iteration: 437	1436	1567	1805.61	2247
Iteration: 438	1436	1512	1813.61	2514
Iteration: 439	1436	1533	1807.48	2402
Iteration: 440	1436	1500	1805.43	2427
Iteration: 441	1436	1582	1824.67	2367
Iteration: 442	1436	1559	1838	2243
Iteration: 443	1436	1496	1806.89	2381
Iteration: 444	1436	1454	1822.54	2535
Iteration: 445	1436	1556	1809.31	2312
Iteration: 446	1436	1500	1804.28	2406
Iteration: 447	1436	1493	1809.47	2333
Iteration: 448	1436	1561	1797.76	2491
Iteration: 449	1436	1519	1792.97	2294
Iteration: 450	1436	1490	1789.83	2246
Iteration: 451	1436	1480	1805.97	2295
Iteration: 452	1436	1559	1784.9	2269
Iteration: 453	1436	1496	1816.76	2380
Iteration: 454	1436	1567	1798.08	2237
Iteration: 455	1436	1458	1802.08	2279
Iteration: 456	1436	1455	1828.2	2668
Iteration: 457	1436	1519	1787.01	2223
Iteration: 458	1436	1479	1796.89	2516
Iteration: 459	1436	1594	1818.22	2572
Iteration: 460	1436	1527	1815.32	2314
Iteration: 461	1436	1486	1826.51	2433
Iteration: 462	1436	1560	1797.96	2543
Iteration: 463	1436	1556	1841.34	2489
Iteration: 464	1436	1576	1818.11	2287
Iteration: 465	1436	1542	1800.71	2172
Iteration: 466	1436	1488	1820.65	2298
Iteration: 467	1436	1550	1795.06	2416
Iteration: 468	1436	1557	1797.78	2386
Iteration: 469	1436	1548	1792.91	2214
Iteration: 470	1436	1506	1814.92	2581
Iteration: 471	1436	1534	1845.21	2389
Iteration: 472	1436	1520	1800.35	2175
Iteration: 473	1436	1539	1831.54	2305
Iteration: 474	1436	1524	1805.11	2260
Iteration: 475	1436	1491	1836.65	2389
Iteration: 476	1436	1503	1809.93	2401
Iteration: 477	1436	1504	1821.54	2207
Iteration: 478	1436	1543	1822.17	2516
Iteration: 479	1436	1539	1827.34	2238
Iteration: 480	1436	1554	1806.2	2138
Iteration: 481	1436	1512	1809.08	2562
Iteration: 482	1436	1534	1820.18	2368
Iteration: 483	1436	1577	1832.26	2365
Iteration: 484	1436	1554	1789.17	2144
Iteration: 485	1436	1546	1812.44	2363
Iteration: 486	1436	1575	1814.9	2296
Iteration: 487	1436	1556	1794.64	2284
Iteration: 488	1436	1506	1795.79	2290
Iteration: 489	1436	1491	1786.33	2303
Iteration: 490	1431	1431	1816.76	2309
Iteration: 491	1431	1528	1832.32	2301
Iteration: 492	1431	1550	1810.82	2210
Iteration: 493	1431	1596	1802.51	2457
Iteration: 494	1431	1539	1812.05	2324
Iteration: 495	1431	1555	1804.62	2292
Iteration: 496	1431	1553	1813.1	2422
Iteration: 497	1431	1499	1802.09	2347
Iteration: 498	1431	1532	1808.99	2216
Iteration: 499	1431	1579	1806.09	2255
