Iteration: 0	1526	1526	1832.47	2278
Iteration: 1	1526	1531	1838	2339
Iteration: 2	1521	1521	1806.39	2235
Iteration: 3	1521	1523	1795.47	2225
Iteration: 4	1521	1585	1815.55	2382
Iteration: 5	1521	1535	1811.19	2217
Iteration: 6	1521	1566	1829.54	2370
Iteration: 7	1521	1571	1799.27	2248
Iteration: 8	1521	1546	1807.8	2389
Iteration: 9	1515	1515	1802.09	2389
Iteration: 10	1515	1554	1829.65	2430
Iteration: 11	1515	1537	1797.47	2158
Iteration: 12	1513	1513	1825.72	2554
Iteration: 13	1513	1520	1799.96	2361
Iteration: 14	1459	1459	1826.79	2348
Iteration: 15	1459	1570	1832.9	2391
Iteration: 16	1459	1587	1777.51	2194
Iteration: 17	1459	1541	1804.16	2400
Iteration: 18	1459	1570	1803.47	2440
Iteration: 19	1459	1491	1820.79	2369
Iteration: 20	1459	1493	1798.89	2319
Iteration: 21	1459	1566	1821.38	2286
Iteration: 22	1459	1590	1815.76	2265
Iteration: 23	1459	1504	1789.74	2233
Iteration: 24	1459	1547	1818.32	2627
Iteration: 25	1459	1521	1817.36	2236
Iteration: 26	1459	1526	1807.25	2360
Iteration: 27	1459	1515	1801.98	2183
Iteration: 28	1459	1548	1808.14	2242
Iteration: 29	1459	1578	1804.1	2399
Iteration: 30	1459	1482	1816.01	2347
Iteration: 31	1459	1536	1821.84	2294
Iteration: 32	1459	1574	1813.68	2299
Iteration: 33	1459	1505	1802.77	2495
Iteration: 34	1459	1527	1816.75	2374
Iteration: 35	1459	1536	1814.18	2312
Iteration: 36	1459	1545	1830.54	2386
Iteration: 37	1459	1555	1837	2577
Iteration: 38	1459	1466	1794.5	2307
Iteration: 39	1459	1543	1809.01	2429
Iteration: 40	1459	1500	1804.47	2283
Iteration: 41	1459	1536	1811.7	2627
Iteration: 42	1459	1525	1833.35	2267
Iteration: 43	1459	1536	1825.85	2511
Iteration: 44	1459	1510	1819.57	2527
Iteration: 45	1459	1482	1815.28	2260
Iteration: 46	1459	1537	1802.44	2464
Iteration: 47	1459	1554	1822.86	2251
Iteration: 48	1459	1552	1806.39	2335
Iteration: 49	1396	1396	1823.83	2269
Iteration: 50	1396	1618	1819.5	2344
Iteration: 51	1396	1546	1819.71	2261
Iteration: 52	1396	1545	1814.53	2364
Iteration: 53	1396	1475	1834.1	2306
Iteration: 54	1396	1465	1802.53	2179
Iteration: 55	1396	1509	1806.65	2243
Iteration: 56	1396	1553	1821.38	2405
Iteration: 57	1396	1546	1802.94	2338
Iteration: 58	1396	1518	1821.71	2407
Iteration: 59	1396	1511	1820.28	2463
Iteration: 60	1396	1469	1801.78	2450
Iteration: 61	1396	1527	1810.92	2259
Iteration: 62	1396	1407	1805.75	2250
Iteration: 63	1396	1531	1845.46	2339
Iteration: 64	1396	1572	1807.59	2190
Iteration: 65	1396	1484	1814.13	2370
Iteration: 66	1396	1530	1801.99	2234
Iteration: 67	1396	1521	1831.26	2336
Iteration: 68	1396	1565	1784.86	2164
Iteration: 69	1396	1580	1821.25	2537
Iteration: 70	1396	1540	1788.71	2290
Iteration: 71	1396	1548	1805.3	2210
Iteration: 72	1396	1568	1807.82	2302
Iteration: 73	1396	1492	1815.07	2486
Iteration: 74	1396	1556	1831.04	2281
Iteration: 75	1396	1536	1796.38	2225
Iteration: 76	1396	1545	1796.44	2261
Iteration: 77	1396	1560	1836.4	2770
Iteration: 78	1396	1505	1800.89	2283
Iteration: 79	1396	1549	1802.58	2221
Iteration: 80	1396	1550	1803.47	2382
Iteration: 81	1396	1546	1830.61	2443
Iteration: 82	1396	1592	1820.49	2268
Iteration: 83	1396	1499	1796.01	2156
Iteration: 84	1396	1565	1788.84	2226
Iteration: 85	1396	1554	1827.97	2314
Iteration: 86	1396	1516	1813.55	2406
Iteration: 87	1396	1487	1808.19	2238
Iteration: 88	1396	1532	1823.14	2313
Iteration: 89	1396	1501	1797.24	2239
Iteration: 90	1396	1527	1831.67	2684
Iteration: 91	1396	1553	1793.59	2192
Iteration: 92	1396	1578	1824.16	2324
Iteration: 93	1396	1567	1803.47	2414
Iteration: 94	1396	1510	1807.52	2205
Iteration: 95	1396	1531	1833.1	2191
Iteration: 96	1396	1533	1824.11	2352
Iteration: 97	1396	1560	1790.39	2328
Iteration: 98	1396	1544	1781.87	2191
Iteration: 99	1396	1558	1809.9	2282
Iteration: 100	1396	1518	1810.13	2209
Iteration: 101	1396	1540	1792.19	2094
Iteration: 102	1396	1532	1821.07	2357
Iteration: 103	1396	1561	1824.27	2307
Iteration: 104	1396	1513	1817.97	2250
Iteration: 105	1396	1551	1836.47	2550
Iteration: 106	1396	1535	1803.77	2355
Iteration: 107	1396	1543	1817.98	2230
Iteration: 108	1396	1560	1819.13	2416
Iteration: 109	1396	1511	1799.94	2177
Iteration: 110	1396	1533	1806.96	2279
Iteration: 111	1396	1506	1813.42	2386
Iteration: 112	1396	1475	1799.12	2148
Iteration: 113	1396	1527	1834.68	2449
Iteration: 114	1396	1581	1812.04	2335
Iteration: 115	1396	1520	1802.1	2557
Iteration: 116	1396	1566	1808.46	2235
Iteration: 117	1396	1501	1789.15	2173
Iteration: 118	1396	1599	1806.11	2253
Iteration: 119	1396	1590	1820.31	2343
Iteration: 120	1396	1488	1821.82	2256
Iteration: 121	1396	1484	1803.1	2245
Iteration: 122	1396	1502	1830.06	2564
Iteration: 123	1396	1515	1813.33	2587
Iteration: 124	1396	1515	1821.67	2217
Iteration: 125	1396	1526	1799.15	2305
Iteration: 126	1396	1503	1826.98	2573
Iteration: 127	1396	1476	1809.32	2290
Iteration: 128	1396	1563	1813.61	2308
Iteration: 129	1396	1465	1795.14	2296
Iteration: 130	1396	1524	1781.44	2326
Iteration: 131	1396	1537	1817.37	2443
Iteration: 132	1396	1482	1823.33	2202
Iteration: 133	1396	1558	1791.03	2211
Iteration: 134	1396	1502	1820.4	2192
Iteration: 135	1396	1542	1836.74	2353
Iteration: 136	1396	1503	1818.47	2309
Iteration: 137	1396	1545	1820.93	2255
Iteration: 138	1396	1521	1795.48	2546
Iteration: 139	1396	1538	1813.77	2178
Iteration: 140	1396	1500	1774.78	2302
Iteration: 141	1396	1533	1791.19	2394
Iteration: 142	1396	1578	1786.96	2244
Iteration: 143	1396	1542	1830.98	2331
Iteration: 144	1396	1542	1831.14	2453
Iteration: 145	1396	1583	1822.77	2358
Iteration: 146	1396	1518	1808.28	2503
Iteration: 147	1396	1501	1834.1	2536
Iteration: 148	1396	1489	1792.17	2258
Iteration: 149	1396	1545	1816.42	2374
Iteration: 150	1396	1522	1821.89	2351
Iteration: 151	1396	1545	1794.92	2192
Iteration: 152	1396	1498	1793.82	2197
Iteration: 153	1396	1560	1808.38	2374
Iteration: 154	1396	1576	1786.42	2199
Iteration: 155	1396	1557	1827.66	2444
Iteration: 156	1396	1500	1810.27	2308
Iteration: 157	1396	1433	1795.69	2227
Iteration: 158	1396	1523	1794.44	2500
Iteration: 159	1396	1544	1832.91	2381
Iteration: 160	1396	1476	1808.7	2222
Iteration: 161	1396	1487	1813.86	2357
Iteration: 162	1396	1561	1799.85	2273
Iteration: 163	1396	1535	1803.66	2268
Iteration: 164	1396	1415	1818.92	2404
Iteration: 165	1396	1524	1799.21	2408
Iteration: 166	1396	1547	1819.06	2374
Iteration: 167	1396	1558	1794.65	2386
Iteration: 168	1396	1540	1811.8	2419
Iteration: 169	1396	1537	1837.46	2503
Iteration: 170	1396	1567	1827.17	2425
Iteration: 171	1396	1516	1814.87	2382
Iteration: 172	1396	1498	1797.78	2249
Iteration: 173	1396	1539	1809.29	2545
Iteration: 174	1396	1486	1793.43	2107
Iteration: 175	1396	1515	1836.72	2355
Iteration: 176	1396	1520	1797.74	2446
Iteration: 177	1396	1559	1821.44	2389
Iteration: 178	1396	1588	1805.76	2353
Iteration: 179	1396	1546	1802.96	2301
Iteration: 180	1396	1564	1800.34	2337
Iteration: 181	1396	1515	1808.86	2337
Iteration: 182	1396	1536	1811.61	2542
Iteration: 183	1396	1533	1810.02	2301
Iteration: 184	1396	1535	1826.86	2327
Iteration: 185	1396	1543	1807.43	2436
Iteration: 186	1396	1550	1827.38	2229
Iteration: 187	1396	1543	1812.24	2422
Iteration: 188	1396	1552	1806.11	2179
Iteration: 189	1396	1597	1822.07	2268
Iteration: 190	1396	1529	1823.87	2463
Iteration: 191	1396	1549	1823.24	2180
Iteration: 192	1396	1481	1818.87	2421
Iteration: 193	1396	1530	1799.52	2321
Iteration: 194	1396	1544	1787.83	2311
Iteration: 195	1396	1556	1814.5	2246
Iteration: 196	1396	1505	1827.87	2199
Iteration: 197	1396	1518	1806.74	2326
Iteration: 198	1396	1471	1802.57	2298
Iteration: 199	1396	1561	1795.6	2287
Iteration: 200	1396	1517	1843.34	2343
Iteration: 201	1396	1503	1801.01	2163
Iteration: 202	1396	1523	1794.2	2288
Iteration: 203	1396	1506	1797.43	2207
Iteration: 204	1396	1528	1806.55	2407
Iteration: 205	1396	1517	1820.45	2322
Iteration: 206	1396	1565	1792.43	2402
Iteration: 207	1396	1507	1805.6	2231
Iteration: 208	1396	1487	1821.09	2326
Iteration: 209	1396	1542	1803.35	2293
Iteration: 210	1396	1570	1805.43	2240
Iteration: 211	1396	1552	1809.2	2168
Iteration: 212	1396	1513	1810.26	2402
Iteration: 213	1396	1528	1798.82	2429
Iteration: 214	1396	1524	1823.67	2289
Iteration: 215	1396	1585	1812.75	2258
Iteration: 216	1396	1515	1824.54	2595
Iteration: 217	1396	1589	1809.99	2343
Iteration: 218	1396	1532	1831.95	2369
Iteration: 219	1396	1467	1772.13	2343
Iteration: 220	1396	1508	1819.62	2464
Iteration: 221	1396	1493	1828.9	2305
Iteration: 222	1396	1568	1815.24	2191
Iteration: 223	1396	1517	1805.36	2215
Iteration: 224	1396	1527	1830.59	2461
Iteration: 225	1396	1529	1823.6	2296
Iteration: 226	1396	1566	1815.63	2566
Iteration: 227	1396	1575	1829.73	2297
Iteration: 228	1396	1504	1844.38	2560
Iteration: 229	1396	1539	1810.41	2284
Iteration: 230	1396	1527	1794.66	2221
Iteration: 231	1396	1483	1846.89	2345
Iteration: 232	1396	1519	1796.35	2149
Iteration: 233	1396	1499	1816.27	2388
Iteration: 234	1396	1514	1794.2	2307
Iteration: 235	1396	1563	1794.91	2246
Iteration: 236	1396	1499	1807.69	2246
Iteration: 237	1396	1532	1808.96	2335
Iteration: 238	1396	1540	1814.03	2262
Iteration: 239	1396	1502	1786.96	2406
Iteration: 240	1396	1570	1812.01	2328
Iteration: 241	1396	1568	1835.36	2331
Iteration: 242	1396	1524	1808.33	2283
Iteration: 243	1396	1581	1785.28	2177
Iteration: 244	1396	1477	1811.76	2142
Iteration: 245	1396	1525	1810.7	2542
Iteration: 246	1396	1592	1814.28	2370
Iteration: 247	1396	1500	1777.47	2296
Iteration: 248	1396	1542	1822.68	2251
Iteration: 249	1396	1501	1797.95	2227
Iteration: 250	1396	1565	1814.81	2240
Iteration: 251	1396	1586	1821.77	2459
Iteration: 252	1396	1525	1822.47	2287
Iteration: 253	1396	1531	1815.77	2428
Iteration: 254	1396	1569	1815.62	2357
Iteration: 255	1396	1546	1800.44	2428
Iteration: 256	1396	1523	1801.31	2360
Iteration: 257	1396	1464	1802.25	2232
Iteration: 258	1396	1566	1834.71	2272
Iteration: 259	1396	1533	1832.16	2388
Iteration: 260	1396	1574	1788.39	2264
Iteration: 261	1396	1487	1787.5	2231
Iteration: 262	1396	1537	1803.68	2329
Iteration: 263	1396	1611	1850.28	2592
Iteration: 264	1396	1553	1824.94	2313
Iteration: 265	1396	1511	1815.84	2443
Iteration: 266	1396	1531	1815.45	2509
Iteration: 267	1396	1512	1794.85	2366
Iteration: 268	1396	1479	1807.51	2260
Iteration: 269	1396	1509	1789.38	2300
Iteration: 270	1396	1522	1804.8	2482
Iteration: 271	1396	1519	1813.42	2298
Iteration: 272	1396	1518	1813.27	2449
Iteration: 273	1396	1573	1826.33	2277
Iteration: 274	1396	1554	1826.94	2800
Iteration: 275	1396	1526	1799.7	2364
Iteration: 276	1396	1472	1785.54	2324
Iteration: 277	1396	1530	1856.21	2327
Iteration: 278	1396	1538	1820.96	2272
Iteration: 279	1396	1495	1804.15	2368
Iteration: 280	1396	1506	1814.67	2333
Iteration: 281	1396	1555	1796.91	2338
Iteration: 282	1396	1478	1792.94	2177
Iteration: 283	1396	1503	1803.87	2241
Iteration: 284	1396	1541	1781.15	2187
Iteration: 285	1396	1562	1811.35	2324
Iteration: 286	1396	1569	1816.03	2308
Iteration: 287	1396	1492	1820.92	2369
Iteration: 288	1396	1562	1803.48	2847
Iteration: 289	1396	1547	1840.48	2636
Iteration: 290	1396	1437	1802.32	2273
Iteration: 291	1396	1500	1805.29	2210
Iteration: 292	1396	1572	1820.91	2332
Iteration: 293	1396	1573	1820.4	2321
Iteration: 294	1396	1484	1804.84	2312
Iteration: 295	1396	1524	1802.85	2354
Iteration: 296	1396	1532	1798.18	2301
Iteration: 297	1396	1564	1838.68	2451
Iteration: 298	1396	1547	1812.63	2441
Iteration: 299	1396	1528	1821.08	2321
Iteration: 300	1396	1530	1827.86	2288
Iteration: 301	1396	1427	1813.97	2312
Iteration: 302	1396	1551	1816.09	2483
Iteration: 303	1396	1516	1808.44	2382
Iteration: 304	1396	1554	1832.44	2268
Iteration: 305	1396	1572	1825.5	2314
Iteration: 306	1396	1560	1795.07	2281
Iteration: 307	1396	1477	1788.55	2178
Iteration: 308	1396	1534	1832.32	2252
Iteration: 309	1396	1530	1788.93	2184
Iteration: 310	1396	1551	1831.88	2345
Iteration: 311	1396	1546	1805.03	2187
Iteration: 312	1396	1539	1823.17	2283
Iteration: 313	1396	1460	1811.52	2313
Iteration: 314	1396	1607	1815.58	2601
Iteration: 315	1396	1518	1809.52	2446
Iteration: 316	1396	1572	1824.15	2296
Iteration: 317	1396	1523	1827.22	2499
Iteration: 318	1396	1556	1792.77	2284
Iteration: 319	1396	1558	1803.31	2309
Iteration: 320	1396	1549	1801.78	2531
Iteration: 321	1396	1580	1827.86	2386
Iteration: 322	1396	1493	1814.49	2193
Iteration: 323	1396	1565	1786.46	2305
Iteration: 324	1396	1592	1833.53	2263
Iteration: 325	1396	1541	1820.47	2368
Iteration: 326	1396	1567	1807.38	2260
Iteration: 327	1396	1520	1796.48	2318
Iteration: 328	1396	1504	1810.31	2414
Iteration: 329	1396	1519	1817.63	2385
Iteration: 330	1396	1575	1803.66	2133
Iteration: 331	1396	1510	1799.19	2459
Iteration: 332	1396	1524	1808.42	2284
Iteration: 333	1396	1590	1831.67	2509
Iteration: 334	1396	1586	1794.38	2127
Iteration: 335	1396	1569	1815.52	2387
Iteration: 336	1396	1535	1829.28	2337
Iteration: 337	1396	1537	1816.07	2307
Iteration: 338	1396	1458	1814.32	2282
Iteration: 339	1396	1527	1830.58	2229
Iteration: 340	1396	1588	1820	2272
Iteration: 341	1396	1529	1786.59	2280
Iteration: 342	1396	1553	1821.06	2289
Iteration: 343	1396	1518	1827.03	2466
Iteration: 344	1396	1467	1802.37	2351
Iteration: 345	1396	1531	1801.74	2365
Iteration: 346	1396	1524	1795.4	2205
Iteration: 347	1396	1504	1824.93	2310
Iteration: 348	1396	1532	1783.37	2341
Iteration: 349	1396	1553	1826.67	2393
Iteration: 350	1396	1487	1815.15	2308
Iteration: 351	1396	1487	1834.05	2333
Iteration: 352	1396	1487	1797.33	2379
Iteration: 353	1396	1510	1803.95	2322
Iteration: 354	1396	1457	1807.07	2431
Iteration: 355	1396	1557	1810.93	2299
Iteration: 356	1396	1572	1823.88	2233
Iteration: 357	1396	1446	1823.42	2191
Iteration: 358	1396	1490	1816.87	2520
Iteration: 359	1396	1559	1807.68	2285
Iteration: 360	1396	1459	1800.05	2376
Iteration: 361	1396	1505	1813.95	2238
Iteration: 362	1396	1487	1797.96	2319
Iteration: 363	1396	1551	1831.88	2350
Iteration: 364	1396	1532	1805.32	2254
Iteration: 365	1396	1539	1838.88	2387
Iteration: 366	1396	1507	1836.21	2468
Iteration: 367	1396	1586	1819.37	2336
Iteration: 368	1396	1521	1806.82	2409
Iteration: 369	1396	1593	1823.29	2404
Iteration: 370	1396	1520	1806.2	2484
Iteration: 371	1396	1517	1800.76	2240
Iteration: 372	1396	1548	1794.89	2597
Iteration: 373	1396	1529	1789.11	2323
Iteration: 374	1396	1545	1801.65	2194
Iteration: 375	1396	1514	1829.69	2396
Iteration: 376	1396	1508	1830.96	2399
Iteration: 377	1396	1473	1805.75	2233
Iteration: 378	1396	1546	1799.21	2323
Iteration: 379	1396	1483	1800.81	2388
Iteration: 380	1396	1541	1818.58	2305
Iteration: 381	1396	1520	1787.69	2231
Iteration: 382	1396	1552	1815.34	2312
Iteration: 383	1396	1529	1817.01	2296
Iteration: 384	1396	1575	1810.91	2264
Iteration: 385	1396	1516	1826.05	2258
Iteration: 386	1396	1552	1826.87	2448
Iteration: 387	1396	1536	1825.64	2472
Iteration: 388	1396	1530	1813.3	2471
Iteration: 389	1396	1602	1825.33	2216
Iteration: 390	1396	1597	1842.94	2391
Iteration: 391	1396	1516	1815.19	2350
Iteration: 392	1396	1525	1825.99	2362
Iteration: 393	1396	1532	1847	2438
Iteration: 394	1396	1579	1827.73	2173
Iteration: 395	1396	1558	1800.85	2315
Iteration: 396	1396	1539	1814.32	2342
Iteration: 397	1396	1531	1834.45	2225
Iteration: 398	1396	1529	1807.68	2257
Iteration: 399	1396	1527	1807.62	2268
Iteration: 400	1396	1582	1818.08	2439
Iteration: 401	1396	1518	1810.4	2215
Iteration: 402	1396	1559	1839.6	2297
Iteration: 403	1396	1536	1803.09	2294
Iteration: 404	1396	1561	1812.57	2248
Iteration: 405	1396	1538	1801.53	2254
Iteration: 406	1396	1567	1802.88	2348
Iteration: 407	1396	1596	1816.17	2305
Iteration: 408	1396	1508	1804.2	2212
Iteration: 409	1396	1506	1773.53	2203
Iteration: 410	1396	1601	1815.52	2178
Iteration: 411	1396	1504	1789.2	2171
Iteration: 412	1396	1478	1792.14	2147
Iteration: 413	1396	1539	1801.21	2321
Iteration: 414	1396	1537	1793.68	2371
Iteration: 415	1396	1517	1817.35	2238
Iteration: 416	1396	1552	1813.38	2206
Iteration: 417	1396	1483	1820.9	2421
Iteration: 418	1396	1503	1819.95	2538
Iteration: 419	1396	1566	1814.22	2291
Iteration: 420	1396	1562	1819.42	2292
Iteration: 421	1396	1533	1809.68	2262
Iteration: 422	1396	1529	1807.61	2274
Iteration: 423	1396	1566	1807.49	2176
Iteration: 424	1396	1502	1795.64	2221
Iteration: 425	1396	1477	1798.09	2305
Iteration: 426	1396	1512	1793.19	2244
Iteration: 427	1396	1592	1818.52	2289
Iteration: 428	1396	1487	1804.94	2584
Iteration: 429	1396	1514	1824.18	2300
Iteration: 430	1396	1461	1832.81	2372
Iteration: 431	1396	1514	1814.44	2225
Iteration: 432	1396	1501	1806.85	2342
Iteration: 433	1396	1558	1821.35	2343
Iteration: 434	1396	1585	1793.61	2183
Iteration: 435	1396	1550	1821.67	2535
Iteration: 436	1396	1582	1816.56	2505
Iteration: 437	1396	1532	1810.03	2463
Iteration: 438	1396	1519	1818.56	2526
Iteration: 439	1396	1541	1825.36	2364
Iteration: 440	1396	1440	1814.73	2198
Iteration: 441	1396	1533	1805.72	2215
Iteration: 442	1396	1541	1797.1	2367
Iteration: 443	1396	1569	1822.28	2323
Iteration: 444	1396	1519	1799	2209
Iteration: 445	1396	1565	1800.58	2146
Iteration: 446	1396	1559	1830.72	2499
Iteration: 447	1396	1540	1802.41	2463
Iteration: 448	1396	1560	1792.29	2088
Iteration: 449	1396	1497	1831.2	2464
Iteration: 450	1396	1547	1802.47	2249
Iteration: 451	1396	1530	1803.74	2284
Iteration: 452	1396	1485	1811.03	2632
Iteration: 453	1396	1581	1788.2	2346
Iteration: 454	1396	1522	1786.26	2313
Iteration: 455	1396	1578	1843.38	2644
Iteration: 456	1396	1526	1813.64	2288
Iteration: 457	1396	1481	1799.27	2349
Iteration: 458	1396	1538	1801.98	2443
Iteration: 459	1396	1500	1826.9	2321
Iteration: 460	1396	1520	1810.7	2680
Iteration: 461	1396	1542	1812.46	2328
Iteration: 462	1396	1518	1789.41	2345
Iteration: 463	1396	1502	1821.97	2314
Iteration: 464	1396	1544	1823.17	2374
Iteration: 465	1396	1553	1799.14	2197
Iteration: 466	1396	1537	1811.45	2243
Iteration: 467	1396	1478	1823.48	2386
Iteration: 468	1396	1546	1805.65	2310
Iteration: 469	1396	1520	1809.09	2264
Iteration: 470	1396	1536	1816.03	2292
Iteration: 471	1396	1490	1812.79	2254
Iteration: 472	1396	1516	1818.15	2342
Iteration: 473	1396	1556	1777.77	2353
Iteration: 474	1396	1502	1825.56	2380
Iteration: 475	1396	1492	1815.92	2355
Iteration: 476	1396	1459	1810.2	2342
Iteration: 477	1396	1548	1812.21	2179
Iteration: 478	1396	1468	1806.33	2383
Iteration: 479	1396	1556	1794.79	2215
Iteration: 480	1396	1511	1798.58	2356
Iteration: 481	1396	1564	1804.51	2211
Iteration: 482	1396	1548	1782.65	2322
Iteration: 483	1396	1594	1810.79	2181
Iteration: 484	1396	1555	1816.37	2316
Iteration: 485	1396	1485	1791.68	2309
Iteration: 486	1396	1496	1819.44	2815
Iteration: 487	1396	1542	1806.12	2148
Iteration: 488	1396	1550	1831.16	2430
Iteration: 489	1396	1498	1796.76	2311
Iteration: 490	1396	1507	1794.66	2349
Iteration: 491	1396	1501	1806.03	2239
Iteration: 492	1396	1555	1781.5	2423
Iteration: 493	1396	1529	1837.91	2702
Iteration: 494	1396	1559	1812.47	2327
Iteration: 495	1396	1549	1826.52	2350
Iteration: 496	1396	1581	1852.06	2483
Iteration: 497	1396	1513	1806.6	2412
Iteration: 498	1396	1554	1806.95	2202
Iteration: 499	1396	1466	1832.27	2309
