Iteration: 0	1462	1462	1792.1	2400
Iteration: 1	1462	1541	1765.18	2090
Iteration: 2	1462	1535	1769.77	2334
Iteration: 3	1462	1555	1766.46	2124
Iteration: 4	1462	1507	1739.88	2132
Iteration: 5	1462	1544	1755.37	2259
Iteration: 6	1462	1500	1764.22	2226
Iteration: 7	1462	1536	1751.15	2095
Iteration: 8	1462	1568	1767.76	2246
Iteration: 9	1462	1553	1756.2	2202
Iteration: 10	1462	1537	1768.34	2161
Iteration: 11	1462	1535	1759.04	2180
Iteration: 12	1462	1522	1747.57	2271
Iteration: 13	1462	1524	1758.01	2292
Iteration: 14	1462	1517	1775	2272
Iteration: 15	1462	1472	1754.39	2109
Iteration: 16	1451	1451	1758.52	2089
Iteration: 17	1451	1506	1745.77	2218
Iteration: 18	1451	1524	1764.09	2125
Iteration: 19	1451	1533	1757.15	2313
Iteration: 20	1451	1539	1767.06	2317
Iteration: 21	1451	1538	1764.6	2092
Iteration: 22	1451	1552	1792.78	2305
Iteration: 23	1451	1478	1754.82	2231
Iteration: 24	1451	1515	1756.04	2175
Iteration: 25	1451	1519	1738.53	2228
Iteration: 26	1451	1522	1758.83	2222
Iteration: 27	1451	1521	1775.29	2205
Iteration: 28	1451	1532	1746.83	2149
Iteration: 29	1451	1540	1758.74	2289
Iteration: 30	1451	1536	1751.05	2221
Iteration: 31	1451	1554	1772.57	2342
Iteration: 32	1451	1489	1759.7	2095
Iteration: 33	1451	1466	1769.28	2213
Iteration: 34	1451	1487	1773.94	2282
Iteration: 35	1451	1500	1782.02	2419
Iteration: 36	1451	1563	1771.2	2309
Iteration: 37	1451	1530	1764.78	2382
Iteration: 38	1451	1575	1784.78	2345
Iteration: 39	1451	1487	1749.38	2136
Iteration: 40	1451	1546	1762.39	2092
Iteration: 41	1451	1569	1754.03	2200
Iteration: 42	1451	1513	1757.64	2168
Iteration: 43	1435	1435	1740.7	2307
Iteration: 44	1435	1561	1775.07	2543
Iteration: 45	1435	1541	1755.45	2327
Iteration: 46	1435	1550	1760.1	2232
Iteration: 47	1435	1509	1743.65	2284
Iteration: 48	1435	1536	1771.52	2249
Iteration: 49	1435	1543	1793.14	2225
Iteration: 50	1435	1547	1741.6	2181
Iteration: 51	1435	1506	1771.25	2230
Iteration: 52	1435	1531	1767.46	2477
Iteration: 53	1435	1491	1750.4	2219
Iteration: 54	1435	1545	1746.64	2145
Iteration: 55	1435	1515	1768.82	2316
Iteration: 56	1435	1567	1760.26	2238
Iteration: 57	1435	1495	1753.08	2100
Iteration: 58	1435	1545	1753.22	2163
Iteration: 59	1435	1497	1755.91	2256
Iteration: 60	1435	1557	1746.47	2100
Iteration: 61	1435	1516	1765.52	2334
Iteration: 62	1435	1523	1745.07	2105
Iteration: 63	1435	1534	1757.44	2166
Iteration: 64	1435	1557	1780.53	2337
Iteration: 65	1435	1508	1769.34	2271
Iteration: 66	1435	1543	1767.63	2403
Iteration: 67	1435	1504	1757.01	2241
Iteration: 68	1435	1464	1776.23	2267
Iteration: 69	1435	1572	1783.94	2119
Iteration: 70	1435	1523	1775.14	2230
Iteration: 71	1435	1496	1743.16	2085
Iteration: 72	1435	1537	1770.35	2189
Iteration: 73	1435	1480	1752.49	2293
Iteration: 74	1435	1513	1737.36	2136
Iteration: 75	1435	1543	1780.98	2259
Iteration: 76	1435	1537	1729.52	2156
Iteration: 77	1435	1572	1756.12	2187
Iteration: 78	1435	1561	1766.85	2511
Iteration: 79	1435	1548	1770.05	2198
Iteration: 80	1435	1535	1767.01	2268
Iteration: 81	1435	1530	1780	2223
Iteration: 82	1435	1543	1746.42	2177
Iteration: 83	1435	1552	1759.04	2081
Iteration: 84	1435	1539	1765.97	2265
Iteration: 85	1435	1551	1755.04	2133
Iteration: 86	1435	1491	1769.38	2371
Iteration: 87	1435	1488	1777.24	2146
Iteration: 88	1435	1540	1785.96	2185
Iteration: 89	1435	1499	1750.87	2305
Iteration: 90	1435	1561	1756.14	2213
Iteration: 91	1435	1482	1783.28	2332
Iteration: 92	1435	1552	1758.36	2355
Iteration: 93	1435	1545	1774.02	2337
Iteration: 94	1435	1557	1771.55	2309
Iteration: 95	1435	1556	1768.92	2146
Iteration: 96	1435	1509	1759.46	2328
Iteration: 97	1435	1485	1780.89	2299
Iteration: 98	1435	1505	1767.37	2231
Iteration: 99	1435	1566	1759.11	2172
Iteration: 100	1435	1503	1767.94	2269
Iteration: 101	1435	1521	1753.04	2434
Iteration: 102	1435	1489	1772.17	2232
Iteration: 103	1435	1530	1762.46	2169
Iteration: 104	1435	1525	1733.56	2057
Iteration: 105	1435	1526	1774.44	2227
Iteration: 106	1435	1495	1775.67	2212
Iteration: 107	1435	1513	1778.79	2238
Iteration: 108	1435	1584	1790.57	2225
Iteration: 109	1435	1563	1759.16	2169
Iteration: 110	1435	1509	1785.05	2206
Iteration: 111	1435	1537	1773	2345
Iteration: 112	1435	1451	1727.66	2097
Iteration: 113	1435	1544	1759.09	2106
Iteration: 114	1435	1495	1779.74	2317
Iteration: 115	1435	1513	1782.46	2366
Iteration: 116	1435	1527	1785.76	2204
Iteration: 117	1435	1465	1745.62	2386
Iteration: 118	1435	1504	1773.42	2152
Iteration: 119	1435	1566	1778.74	2274
Iteration: 120	1435	1563	1747.98	2058
Iteration: 121	1435	1513	1748.8	2281
Iteration: 122	1435	1457	1762.46	2181
Iteration: 123	1435	1513	1754.57	2227
Iteration: 124	1435	1521	1776.49	2279
Iteration: 125	1435	1465	1752.14	2250
Iteration: 126	1435	1509	1763.47	2102
Iteration: 127	1435	1520	1763.89	2316
Iteration: 128	1435	1501	1761.61	2403
Iteration: 129	1435	1499	1760.84	2219
Iteration: 130	1435	1516	1765.34	2142
Iteration: 131	1435	1547	1785.84	2278
Iteration: 132	1435	1478	1748.12	2263
Iteration: 133	1435	1486	1780.16	2288
Iteration: 134	1435	1501	1747.82	2185
Iteration: 135	1435	1528	1771.95	2325
Iteration: 136	1435	1539	1765.84	2335
Iteration: 137	1435	1510	1759.3	2168
Iteration: 138	1435	1496	1779.88	2137
Iteration: 139	1435	1563	1760.98	2384
Iteration: 140	1435	1513	1750.01	2191
Iteration: 141	1435	1519	1749.03	2231
Iteration: 142	1435	1557	1758.32	2330
Iteration: 143	1435	1539	1729.8	2307
Iteration: 144	1435	1553	1759.98	2148
Iteration: 145	1435	1480	1770.86	2251
Iteration: 146	1435	1550	1742.54	2149
Iteration: 147	1435	1521	1758.48	2061
Iteration: 148	1435	1544	1768.63	2247
Iteration: 149	1435	1534	1762.08	2117
Iteration: 150	1435	1572	1785.66	2162
Iteration: 151	1435	1493	1790.02	2539
Iteration: 152	1435	1509	1763.35	2138
Iteration: 153	1435	1488	1761	2159
Iteration: 154	1435	1513	1770.73	2365
Iteration: 155	1435	1473	1767.14	2459
Iteration: 156	1435	1537	1770.85	2193
Iteration: 157	1435	1552	1762.84	2367
Iteration: 158	1435	1546	1778.29	2391
Iteration: 159	1435	1505	1755.08	2109
Iteration: 160	1435	1513	1766.51	2231
Iteration: 161	1435	1515	1767.39	2210
Iteration: 162	1435	1505	1777.49	2268
Iteration: 163	1435	1528	1752.46	2228
Iteration: 164	1435	1510	1756.62	2197
Iteration: 165	1435	1490	1746.27	2076
Iteration: 166	1435	1536	1756.44	2544
Iteration: 167	1435	1560	1782.02	2174
Iteration: 168	1435	1554	1781.62	2126
Iteration: 169	1435	1507	1763.65	2155
Iteration: 170	1435	1514	1770.8	2452
Iteration: 171	1433	1433	1750.24	2105
Iteration: 172	1433	1531	1744.33	2242
Iteration: 173	1433	1562	1781.37	2525
Iteration: 174	1433	1516	1753.15	2426
Iteration: 175	1433	1537	1756.5	2097
Iteration: 176	1433	1551	1741.54	2102
Iteration: 177	1433	1552	1768.91	2359
Iteration: 178	1433	1532	1749.18	2122
Iteration: 179	1433	1517	1754.13	2191
Iteration: 180	1433	1548	1783.41	2301
Iteration: 181	1433	1529	1756.15	2159
Iteration: 182	1433	1499	1787.76	2341
Iteration: 183	1433	1546	1757.65	2267
Iteration: 184	1433	1543	1757.33	2460
Iteration: 185	1433	1545	1783	2198
Iteration: 186	1433	1534	1774.02	2170
Iteration: 187	1433	1556	1744.04	2056
Iteration: 188	1433	1486	1745.77	2174
Iteration: 189	1433	1563	1763.91	2198
Iteration: 190	1433	1584	1787.15	2369
Iteration: 191	1433	1461	1772.51	2393
Iteration: 192	1433	1498	1762.95	2298
Iteration: 193	1433	1544	1775.51	2107
Iteration: 194	1433	1500	1747.49	2184
Iteration: 195	1433	1549	1757.82	2153
Iteration: 196	1433	1503	1766.57	2280
Iteration: 197	1433	1457	1771.24	2117
Iteration: 198	1433	1525	1771.57	2292
Iteration: 199	1433	1549	1772.28	2160
Iteration: 200	1433	1501	1776.83	2318
Iteration: 201	1433	1491	1770.52	2235
Iteration: 202	1433	1461	1765.76	2355
Iteration: 203	1433	1489	1742.14	2120
Iteration: 204	1433	1523	1779.45	2235
Iteration: 205	1433	1508	1745.95	2032
Iteration: 206	1433	1558	1768.53	2160
Iteration: 207	1433	1491	1767.75	2319
Iteration: 208	1433	1477	1756.44	2243
Iteration: 209	1433	1514	1773.41	2263
Iteration: 210	1433	1477	1759.44	2215
Iteration: 211	1433	1526	1749.52	2235
Iteration: 212	1433	1494	1774.83	2569
Iteration: 213	1433	1502	1772.53	2321
Iteration: 214	1433	1548	1763.25	2210
Iteration: 215	1433	1443	1775.72	2220
Iteration: 216	1433	1507	1755.2	2106
Iteration: 217	1433	1568	1787.36	2422
Iteration: 218	1433	1534	1773.44	2255
Iteration: 219	1433	1509	1743.68	2412
Iteration: 220	1433	1558	1767.98	2331
Iteration: 221	1433	1465	1735.17	2029
Iteration: 222	1433	1537	1750.57	2322
Iteration: 223	1433	1508	1775.49	2286
Iteration: 224	1433	1549	1787.01	2242
Iteration: 225	1433	1551	1762.95	2055
Iteration: 226	1433	1497	1748.75	2254
Iteration: 227	1433	1531	1765.37	2091
Iteration: 228	1433	1463	1753.21	2351
Iteration: 229	1433	1520	1784.66	2398
Iteration: 230	1433	1511	1782.25	2244
Iteration: 231	1433	1442	1774.3	2314
Iteration: 232	1433	1591	1756.85	2150
Iteration: 233	1433	1504	1762.96	2265
Iteration: 234	1433	1473	1759.37	2244
Iteration: 235	1409	1409	1777.48	2485
Iteration: 236	1409	1506	1773.29	2313
Iteration: 237	1409	1502	1757.64	2075
Iteration: 238	1409	1528	1753.06	2225
Iteration: 239	1409	1472	1773.36	2314
Iteration: 240	1409	1498	1751.69	2108
Iteration: 241	1409	1483	1753.43	2215
Iteration: 242	1409	1541	1785	2396
Iteration: 243	1409	1547	1756.53	2074
Iteration: 244	1409	1549	1766.16	2391
Iteration: 245	1409	1466	1747.02	2221
Iteration: 246	1409	1528	1741.49	2267
Iteration: 247	1409	1520	1776.07	2324
Iteration: 248	1409	1548	1761.22	2143
Iteration: 249	1409	1557	1769.7	2328
Iteration: 250	1409	1503	1750.2	2124
Iteration: 251	1409	1487	1755.04	2192
Iteration: 252	1409	1549	1756.49	2265
Iteration: 253	1409	1505	1767.91	2030
Iteration: 254	1409	1493	1762.36	2220
Iteration: 255	1409	1519	1770.62	2205
Iteration: 256	1409	1506	1777.96	2137
Iteration: 257	1409	1531	1771.67	2019
Iteration: 258	1409	1496	1760.29	2143
Iteration: 259	1409	1507	1752.61	2177
Iteration: 260	1409	1562	1781.08	2399
Iteration: 261	1409	1513	1737.38	2075
Iteration: 262	1409	1508	1764.75	2268
Iteration: 263	1409	1497	1750.85	2141
Iteration: 264	1409	1520	1774.17	2521
Iteration: 265	1409	1548	1800.4	2249
Iteration: 266	1409	1572	1768.02	2384
Iteration: 267	1409	1571	1752.75	2193
Iteration: 268	1409	1541	1764.6	2195
Iteration: 269	1409	1481	1749.79	2188
Iteration: 270	1409	1493	1751.05	2145
Iteration: 271	1409	1540	1754.59	2093
Iteration: 272	1409	1459	1768.22	2127
Iteration: 273	1409	1532	1735.55	2085
Iteration: 274	1409	1553	1769.2	2246
Iteration: 275	1409	1537	1764.1	2233
Iteration: 276	1409	1547	1779.83	2389
Iteration: 277	1409	1554	1757.25	2125
Iteration: 278	1409	1529	1775.82	2151
Iteration: 279	1409	1553	1740.08	2185
Iteration: 280	1409	1526	1769.68	2358
Iteration: 281	1409	1496	1763.05	2304
Iteration: 282	1409	1571	1774.15	2289
Iteration: 283	1409	1501	1795.01	2244
Iteration: 284	1409	1518	1740.18	2109
Iteration: 285	1409	1586	1770.7	2451
Iteration: 286	1409	1537	1762.94	2214
Iteration: 287	1409	1490	1769.02	2381
Iteration: 288	1409	1521	1763.03	2214
Iteration: 289	1409	1546	1775.7	2338
Iteration: 290	1409	1465	1762.14	2115
Iteration: 291	1409	1528	1770.99	2202
Iteration: 292	1409	1452	1761.69	2270
Iteration: 293	1409	1474	1761.76	2258
Iteration: 294	1409	1532	1774.23	2303
Iteration: 295	1409	1479	1742.91	2164
Iteration: 296	1409	1512	1771.81	2284
Iteration: 297	1409	1541	1769.14	2244
Iteration: 298	1409	1558	1776.28	2384
Iteration: 299	1409	1538	1765.93	2078
Iteration: 300	1409	1520	1760.9	2265
Iteration: 301	1409	1485	1773.3	2132
Iteration: 302	1409	1530	1769.74	2297
Iteration: 303	1409	1558	1766.21	2290
Iteration: 304	1409	1528	1760.3	2335
Iteration: 305	1409	1556	1758.75	2249
Iteration: 306	1409	1521	1756.35	2119
Iteration: 307	1409	1491	1763	2271
Iteration: 308	1409	1543	1757.66	2259
Iteration: 309	1409	1547	1782.79	2267
Iteration: 310	1409	1544	1768.53	2163
Iteration: 311	1409	1521	1756.21	2187
Iteration: 312	1409	1515	1758.6	2258
Iteration: 313	1409	1560	1772.69	2305
Iteration: 314	1409	1490	1774.75	2175
Iteration: 315	1409	1534	1789.78	2449
Iteration: 316	1409	1533	1779.03	2195
Iteration: 317	1409	1538	1762.51	2240
Iteration: 318	1409	1562	1777.7	2404
Iteration: 319	1409	1529	1760.45	2188
Iteration: 320	1409	1565	1783.5	2402
Iteration: 321	1409	1560	1735.89	2135
Iteration: 322	1409	1471	1789.4	2347
Iteration: 323	1409	1510	1748.53	2114
Iteration: 324	1409	1495	1766.94	2200
Iteration: 325	1409	1487	1755.23	2119
Iteration: 326	1409	1535	1770.52	2211
Iteration: 327	1409	1526	1781.26	2228
Iteration: 328	1409	1507	1775.06	2338
Iteration: 329	1409	1439	1755.75	2199
Iteration: 330	1409	1502	1761.73	2181
Iteration: 331	1409	1501	1750.32	2140
Iteration: 332	1409	1566	1764.49	2071
Iteration: 333	1409	1492	1771.38	2226
Iteration: 334	1409	1538	1778.86	2253
Iteration: 335	1409	1571	1770.7	2123
Iteration: 336	1409	1456	1769.19	2397
Iteration: 337	1409	1486	1787.43	2277
Iteration: 338	1409	1498	1767.97	2333
Iteration: 339	1409	1585	1760.51	2169
Iteration: 340	1409	1530	1757.94	2287
Iteration: 341	1409	1512	1763.85	2192
Iteration: 342	1409	1527	1773.52	2245
Iteration: 343	1409	1486	1766.35	2284
Iteration: 344	1409	1533	1763	2324
Iteration: 345	1409	1515	1762.57	2410
Iteration: 346	1409	1491	1736.61	2131
Iteration: 347	1409	1514	1760.65	2309
Iteration: 348	1409	1548	1774.86	2314
Iteration: 349	1409	1529	1775.01	2178
Iteration: 350	1409	1546	1778.93	2252
Iteration: 351	1409	1567	1768.52	2246
Iteration: 352	1409	1519	1763.27	2112
Iteration: 353	1409	1521	1757.93	2173
Iteration: 354	1409	1583	1791.8	2240
Iteration: 355	1409	1533	1774.64	2214
Iteration: 356	1409	1514	1743.88	2157
Iteration: 357	1409	1542	1755.33	2239
Iteration: 358	1409	1503	1743.21	2073
Iteration: 359	1409	1529	1772.27	2190
Iteration: 360	1409	1508	1749.68	2108
Iteration: 361	1409	1531	1730.18	2101
Iteration: 362	1409	1481	1787.88	2362
Iteration: 363	1409	1534	1775.86	2121
Iteration: 364	1409	1548	1763.94	2226
Iteration: 365	1409	1537	1792.1	2323
Iteration: 366	1409	1551	1785.28	2157
Iteration: 367	1409	1521	1745.03	2125
Iteration: 368	1409	1547	1794.37	2597
Iteration: 369	1409	1530	1783.74	2397
Iteration: 370	1409	1461	1759.19	2324
Iteration: 371	1409	1530	1777.15	2239
Iteration: 372	1409	1511	1772.93	2298
Iteration: 373	1409	1503	1746.19	2124
Iteration: 374	1409	1545	1764.22	2261
Iteration: 375	1409	1528	1756.5	2191
Iteration: 376	1409	1463	1778.93	2240
Iteration: 377	1409	1537	1765.97	2176
Iteration: 378	1409	1463	1745.09	2108
Iteration: 379	1409	1446	1776.58	2223
Iteration: 380	1409	1537	1755.71	2267
Iteration: 381	1409	1487	1800.78	2320
Iteration: 382	1409	1500	1772.45	2325
Iteration: 383	1409	1527	1758.29	2199
Iteration: 384	1409	1513	1789.15	2282
Iteration: 385	1409	1525	1759.73	2138
Iteration: 386	1409	1516	1749.27	2406
Iteration: 387	1409	1513	1767.1	2227
Iteration: 388	1409	1574	1790.48	2203
Iteration: 389	1409	1555	1743.35	2201
Iteration: 390	1409	1433	1761.46	2185
Iteration: 391	1409	1544	1768.34	2232
Iteration: 392	1409	1491	1731.95	2153
Iteration: 393	1409	1535	1764.04	2205
Iteration: 394	1409	1536	1746.69	2215
Iteration: 395	1409	1513	1763.89	2255
Iteration: 396	1409	1507	1772.95	2247
Iteration: 397	1409	1492	1731.88	2414
Iteration: 398	1409	1553	1761	2229
Iteration: 399	1409	1554	1769.66	2330
Iteration: 400	1409	1536	1774.95	2374
Iteration: 401	1409	1507	1740.27	2321
Iteration: 402	1409	1495	1764.11	2451
Iteration: 403	1409	1522	1769.77	2095
Iteration: 404	1409	1516	1773.21	2088
Iteration: 405	1409	1530	1768.65	2303
Iteration: 406	1409	1511	1723.03	2158
Iteration: 407	1409	1533	1754.96	2483
Iteration: 408	1409	1566	1765.6	2278
Iteration: 409	1409	1470	1773.05	2281
Iteration: 410	1409	1510	1770.91	2191
Iteration: 411	1409	1457	1765.28	2193
Iteration: 412	1409	1511	1773.81	2269
Iteration: 413	1409	1532	1772.69	2334
Iteration: 414	1409	1444	1778.57	2181
Iteration: 415	1409	1552	1784.15	2148
Iteration: 416	1409	1515	1771.42	2301
Iteration: 417	1409	1606	1785.08	2209
Iteration: 418	1409	1511	1776.22	2382
Iteration: 419	1409	1476	1773.23	2317
Iteration: 420	1409	1523	1755.01	2138
Iteration: 421	1409	1490	1761.45	2295
Iteration: 422	1409	1516	1765.32	2265
Iteration: 423	1409	1503	1787.44	2193
Iteration: 424	1409	1566	1761.57	2118
Iteration: 425	1409	1547	1759.8	2259
Iteration: 426	1409	1439	1738	2219
Iteration: 427	1409	1560	1773.55	2082
Iteration: 428	1409	1524	1774	2114
Iteration: 429	1409	1523	1761.88	2379
Iteration: 430	1409	1520	1751.81	2130
Iteration: 431	1409	1550	1765.13	2205
Iteration: 432	1409	1506	1774.08	2310
Iteration: 433	1409	1452	1780.38	2238
Iteration: 434	1409	1520	1777.48	2121
Iteration: 435	1409	1526	1753.65	2329
Iteration: 436	1409	1546	1775.6	2221
Iteration: 437	1409	1533	1766.43	2056
Iteration: 438	1409	1490	1761.34	2060
Iteration: 439	1409	1560	1786.57	2203
Iteration: 440	1409	1505	1764.68	2299
Iteration: 441	1409	1510	1749.05	2188
Iteration: 442	1409	1421	1756	2191
Iteration: 443	1409	1555	1784.54	2262
Iteration: 444	1409	1509	1763.59	2104
Iteration: 445	1409	1544	1772.89	2311
Iteration: 446	1409	1536	1749.41	2236
Iteration: 447	1409	1518	1794.36	2176
Iteration: 448	1409	1494	1773.28	2375
Iteration: 449	1409	1530	1783.13	2168
Iteration: 450	1409	1559	1767.26	2202
Iteration: 451	1409	1548	1757.94	2089
Iteration: 452	1409	1448	1750.01	2137
Iteration: 453	1409	1501	1759.92	2158
Iteration: 454	1409	1540	1772.31	2064
Iteration: 455	1409	1550	1749.39	2166
Iteration: 456	1409	1435	1762.4	2283
Iteration: 457	1409	1533	1772.43	2269
Iteration: 458	1409	1535	1763.41	2174
Iteration: 459	1409	1503	1773.76	2177
Iteration: 460	1409	1536	1773.4	2227
Iteration: 461	1409	1550	1776.14	2302
Iteration: 462	1409	1505	1787.88	2268
Iteration: 463	1409	1493	1763.7	2088
Iteration: 464	1409	1522	1755.34	2228
Iteration: 465	1409	1536	1775.37	2255
Iteration: 466	1409	1531	1748.53	2143
Iteration: 467	1409	1470	1768.85	2305
Iteration: 468	1409	1505	1757.12	2191
Iteration: 469	1409	1524	1768.94	2392
Iteration: 470	1409	1434	1754.42	2224
Iteration: 471	1409	1559	1758.42	2114
Iteration: 472	1409	1543	1747.58	2282
Iteration: 473	1409	1576	1781.76	2308
Iteration: 474	1409	1533	1765.23	2288
Iteration: 475	1409	1550	1776.96	2261
Iteration: 476	1409	1573	1763.96	2286
Iteration: 477	1409	1485	1748.16	2079
Iteration: 478	1409	1579	1785.17	2312
Iteration: 479	1409	1533	1767.04	2268
Iteration: 480	1409	1482	1767.25	2177
Iteration: 481	1409	1541	1756.15	2151
Iteration: 482	1409	1474	1741.97	2107
Iteration: 483	1409	1515	1769.01	2284
Iteration: 484	1409	1584	1777.07	2238
Iteration: 485	1409	1525	1771.86	2326
Iteration: 486	1409	1493	1761.32	2276
Iteration: 487	1409	1537	1755.31	2109
Iteration: 488	1409	1531	1768.08	2100
Iteration: 489	1409	1519	1756.2	2131
Iteration: 490	1409	1561	1760.69	2123
Iteration: 491	1409	1548	1747.23	2332
Iteration: 492	1409	1512	1770.7	2265
Iteration: 493	1409	1556	1775.45	2150
Iteration: 494	1409	1529	1763.78	2497
Iteration: 495	1409	1536	1775.63	2300
Iteration: 496	1409	1530	1763.19	2580
Iteration: 497	1409	1484	1750.13	2510
Iteration: 498	1409	1513	1743.33	2209
Iteration: 499	1409	1538	1782.35	2395
