Iteration: 0	1492	1492	1743.91	2225
Iteration: 1	1492	1553	1741.48	2285
Iteration: 2	1492	1556	1752.2	2151
Iteration: 3	1460	1460	1726.18	2171
Iteration: 4	1460	1528	1722.45	1967
Iteration: 5	1460	1501	1737.2	2045
Iteration: 6	1457	1457	1731.77	2092
Iteration: 7	1457	1538	1748.53	2140
Iteration: 8	1457	1534	1740.28	2142
Iteration: 9	1457	1542	1728.31	2221
Iteration: 10	1457	1521	1741.28	2181
Iteration: 11	1457	1514	1700.02	1975
Iteration: 12	1457	1542	1726.55	2072
Iteration: 13	1457	1458	1719.8	2251
Iteration: 14	1457	1516	1741.12	2232
Iteration: 15	1457	1556	1729.56	2265
Iteration: 16	1457	1497	1724.24	2078
Iteration: 17	1457	1551	1743.71	2198
Iteration: 18	1457	1511	1745.19	2108
Iteration: 19	1457	1537	1739.83	2083
Iteration: 20	1457	1534	1731.18	2371
Iteration: 21	1457	1534	1749.93	2138
Iteration: 22	1457	1506	1724.93	2050
Iteration: 23	1457	1541	1737.14	2060
Iteration: 24	1457	1567	1736.82	2022
Iteration: 25	1457	1488	1723.96	2414
Iteration: 26	1457	1507	1760.16	2115
Iteration: 27	1457	1472	1748.54	2165
Iteration: 28	1457	1528	1739.91	2109
Iteration: 29	1457	1529	1750.07	2288
Iteration: 30	1457	1485	1734.41	2229
Iteration: 31	1457	1508	1744.37	2296
Iteration: 32	1457	1497	1721.14	1989
Iteration: 33	1457	1548	1736.78	2110
Iteration: 34	1457	1561	1743.79	2261
Iteration: 35	1457	1498	1730.61	2054
Iteration: 36	1457	1507	1748.7	2225
Iteration: 37	1457	1521	1734.61	2249
Iteration: 38	1457	1564	1734.84	2163
Iteration: 39	1457	1482	1728.9	2260
Iteration: 40	1457	1512	1745.05	2144
Iteration: 41	1457	1500	1738.68	2122
Iteration: 42	1457	1484	1749.77	2254
Iteration: 43	1457	1544	1750.63	2127
Iteration: 44	1457	1540	1704.76	2082
Iteration: 45	1457	1526	1726.84	2053
Iteration: 46	1457	1538	1740.13	2139
Iteration: 47	1457	1496	1727.92	2071
Iteration: 48	1457	1565	1726.92	2205
Iteration: 49	1457	1534	1714.5	2088
Iteration: 50	1457	1493	1723.85	2162
Iteration: 51	1457	1523	1716.69	1983
Iteration: 52	1457	1534	1726.45	2281
Iteration: 53	1457	1517	1731.47	2151
Iteration: 54	1457	1562	1750.67	2131
Iteration: 55	1457	1512	1725.86	1975
Iteration: 56	1457	1500	1753.03	2191
Iteration: 57	1457	1517	1728.5	2175
Iteration: 58	1457	1545	1730.24	2210
Iteration: 59	1457	1524	1735.67	2122
Iteration: 60	1457	1522	1733.18	2115
Iteration: 61	1457	1521	1733.91	2169
Iteration: 62	1457	1518	1720.78	2071
Iteration: 63	1457	1480	1720.53	2183
Iteration: 64	1457	1561	1753.24	2169
Iteration: 65	1457	1499	1736.18	2203
Iteration: 66	1457	1515	1751.92	2240
Iteration: 67	1457	1507	1737.2	2230
Iteration: 68	1457	1494	1719.3	2043
Iteration: 69	1457	1532	1734.49	2145
Iteration: 70	1457	1535	1732.08	2205
Iteration: 71	1457	1513	1721.51	2199
Iteration: 72	1457	1535	1718.92	2053
Iteration: 73	1456	1456	1735.28	2136
Iteration: 74	1456	1484	1724.78	1975
Iteration: 75	1456	1535	1727.17	2053
Iteration: 76	1456	1555	1731.39	1942
Iteration: 77	1456	1527	1739.07	2313
Iteration: 78	1456	1537	1743.6	2194
Iteration: 79	1456	1526	1731.01	2282
Iteration: 80	1456	1504	1736.66	2260
Iteration: 81	1456	1519	1742.9	2110
Iteration: 82	1456	1513	1744.72	2236
Iteration: 83	1456	1551	1738.17	2394
Iteration: 84	1456	1501	1746.63	2335
Iteration: 85	1456	1507	1707.42	2016
Iteration: 86	1456	1522	1730.92	2143
Iteration: 87	1456	1469	1750.66	2280
Iteration: 88	1456	1529	1741.07	2343
Iteration: 89	1456	1484	1721.93	1954
Iteration: 90	1456	1490	1744.5	2047
Iteration: 91	1456	1557	1729.12	2558
Iteration: 92	1456	1538	1756.92	2116
Iteration: 93	1456	1517	1715.7	2157
Iteration: 94	1456	1578	1777.64	2232
Iteration: 95	1456	1521	1719.51	2009
Iteration: 96	1456	1496	1729.91	2191
Iteration: 97	1456	1509	1725.31	2115
Iteration: 98	1456	1543	1738.57	2164
Iteration: 99	1456	1530	1739.34	2251
Iteration: 100	1456	1550	1718.62	2023
Iteration: 101	1456	1540	1739.39	2131
Iteration: 102	1456	1509	1735.66	2636
Iteration: 103	1456	1502	1738.65	2038
Iteration: 104	1456	1538	1745.42	2289
Iteration: 105	1456	1564	1739.26	2313
Iteration: 106	1456	1540	1725.51	2125
Iteration: 107	1456	1519	1737.16	2026
Iteration: 108	1456	1528	1758	2201
Iteration: 109	1456	1462	1742.14	2090
Iteration: 110	1456	1518	1731.95	1984
Iteration: 111	1456	1476	1729.63	2166
Iteration: 112	1456	1520	1757.54	2125
Iteration: 113	1456	1519	1717.29	2072
Iteration: 114	1456	1488	1745.72	2086
Iteration: 115	1456	1517	1750.51	2113
Iteration: 116	1456	1513	1727.63	2075
Iteration: 117	1456	1504	1740.43	2253
Iteration: 118	1456	1520	1740.52	2131
Iteration: 119	1456	1521	1731.73	2104
Iteration: 120	1456	1505	1742.87	2183
Iteration: 121	1456	1489	1736.1	2092
Iteration: 122	1456	1540	1753.61	2064
Iteration: 123	1456	1463	1739.25	2129
Iteration: 124	1456	1544	1750.8	2128
Iteration: 125	1456	1539	1733.23	2048
Iteration: 126	1456	1513	1713.93	1998
Iteration: 127	1456	1526	1735.94	2416
Iteration: 128	1442	1442	1741.11	2145
Iteration: 129	1442	1503	1718.08	2250
Iteration: 130	1442	1517	1718.24	2041
Iteration: 131	1442	1482	1741.92	2390
Iteration: 132	1442	1505	1730.8	2166
Iteration: 133	1442	1515	1743.01	2139
Iteration: 134	1442	1505	1732.28	2384
Iteration: 135	1442	1524	1723.54	2107
Iteration: 136	1442	1465	1723.55	2145
Iteration: 137	1442	1480	1734.79	2093
Iteration: 138	1442	1517	1735.19	2008
Iteration: 139	1442	1458	1740.15	2346
Iteration: 140	1442	1541	1737.59	2091
Iteration: 141	1442	1499	1743.05	2167
Iteration: 142	1442	1506	1734.39	2009
Iteration: 143	1442	1568	1765.35	2388
Iteration: 144	1442	1565	1771.39	2301
Iteration: 145	1442	1545	1718.5	2101
Iteration: 146	1442	1515	1716.66	2190
Iteration: 147	1442	1508	1728.97	2135
Iteration: 148	1442	1524	1740.58	2164
Iteration: 149	1442	1462	1744.7	2084
Iteration: 150	1442	1530	1719.88	2025
Iteration: 151	1442	1501	1749.52	2214
Iteration: 152	1442	1506	1740.21	2253
Iteration: 153	1442	1538	1740.38	2232
Iteration: 154	1442	1462	1758.72	2513
Iteration: 155	1415	1415	1723.6	2059
Iteration: 156	1415	1508	1707.19	1979
Iteration: 157	1415	1558	1743.25	2198
Iteration: 158	1415	1515	1749.22	2048
Iteration: 159	1415	1521	1723.42	2051
Iteration: 160	1415	1552	1723.42	2153
Iteration: 161	1415	1505	1712.89	1957
Iteration: 162	1415	1470	1735.95	2175
Iteration: 163	1415	1530	1725.82	2174
Iteration: 164	1415	1480	1744.52	2386
Iteration: 165	1415	1467	1734.82	2402
Iteration: 166	1415	1557	1759.86	2236
Iteration: 167	1415	1542	1749.71	2199
Iteration: 168	1415	1521	1743.5	2153
Iteration: 169	1415	1528	1724.98	2077
Iteration: 170	1415	1516	1733.11	2214
Iteration: 171	1415	1557	1735.02	2129
Iteration: 172	1415	1551	1734.14	2030
Iteration: 173	1415	1565	1732.46	2026
Iteration: 174	1415	1454	1731.11	2098
Iteration: 175	1415	1532	1730.14	2121
Iteration: 176	1415	1530	1737.61	2183
Iteration: 177	1415	1473	1712.5	2160
Iteration: 178	1415	1531	1733.05	2243
Iteration: 179	1415	1507	1752.2	2211
Iteration: 180	1415	1556	1744.1	2160
Iteration: 181	1415	1517	1720.21	1973
Iteration: 182	1415	1457	1734.82	2073
Iteration: 183	1415	1534	1746.65	2188
Iteration: 184	1415	1529	1711.9	1999
Iteration: 185	1415	1490	1751.58	2182
Iteration: 186	1415	1517	1739.52	2348
Iteration: 187	1415	1482	1728.28	2311
Iteration: 188	1415	1539	1745.01	1979
Iteration: 189	1415	1443	1735.42	2072
Iteration: 190	1415	1492	1726.2	2115
Iteration: 191	1415	1509	1751.6	2122
Iteration: 192	1415	1510	1739.85	2158
Iteration: 193	1415	1529	1741.18	2234
Iteration: 194	1415	1524	1743.06	2407
Iteration: 195	1415	1477	1753.45	2148
Iteration: 196	1415	1499	1737.15	2089
Iteration: 197	1415	1490	1737.84	2216
Iteration: 198	1415	1508	1746.88	2063
Iteration: 199	1415	1493	1721.21	2123
Iteration: 200	1415	1537	1721.65	2364
Iteration: 201	1415	1560	1734.48	2141
Iteration: 202	1415	1515	1745.54	2233
Iteration: 203	1415	1455	1732.51	2284
Iteration: 204	1415	1489	1740.53	2214
Iteration: 205	1415	1510	1742.37	2151
Iteration: 206	1415	1559	1733.13	2152
Iteration: 207	1415	1485	1754.58	2154
Iteration: 208	1415	1523	1742.67	2092
Iteration: 209	1415	1487	1744.99	2415
Iteration: 210	1415	1455	1713.8	2162
Iteration: 211	1415	1523	1729.83	2304
Iteration: 212	1415	1530	1765.75	2409
Iteration: 213	1415	1555	1726.1	2102
Iteration: 214	1415	1563	1738.48	2137
Iteration: 215	1415	1494	1747.05	2073
Iteration: 216	1415	1542	1726.25	1999
Iteration: 217	1415	1511	1724.32	2069
Iteration: 218	1415	1555	1730.98	2191
Iteration: 219	1415	1489	1719.67	2216
Iteration: 220	1415	1482	1740.44	2129
Iteration: 221	1415	1513	1721.29	2079
Iteration: 222	1415	1496	1744.87	2208
Iteration: 223	1415	1526	1745.22	2257
Iteration: 224	1415	1451	1718.93	2149
Iteration: 225	1415	1531	1746	2282
Iteration: 226	1415	1536	1723.77	2209
Iteration: 227	1415	1539	1737.59	2103
Iteration: 228	1415	1436	1735.45	2125
Iteration: 229	1415	1488	1742.03	2314
Iteration: 230	1415	1516	1749.5	2193
Iteration: 231	1415	1476	1744.88	2093
Iteration: 232	1415	1505	1720.68	2101
Iteration: 233	1415	1481	1745.86	2168
Iteration: 234	1415	1539	1746.42	2184
Iteration: 235	1415	1502	1740.11	2189
Iteration: 236	1415	1544	1733.09	2261
Iteration: 237	1415	1513	1743.79	2026
Iteration: 238	1415	1525	1732.89	2254
Iteration: 239	1415	1514	1737.49	2307
Iteration: 240	1415	1457	1742.31	2034
Iteration: 241	1415	1544	1765.29	2170
Iteration: 242	1415	1525	1748.41	2081
Iteration: 243	1415	1539	1753.11	2121
Iteration: 244	1415	1498	1741.24	2135
Iteration: 245	1415	1487	1733.98	2147
Iteration: 246	1415	1530	1736.6	2153
Iteration: 247	1415	1488	1714.98	2136
Iteration: 248	1415	1525	1724.66	2046
Iteration: 249	1415	1538	1736.02	2134
Iteration: 250	1415	1513	1716.09	2019
Iteration: 251	1415	1470	1739.75	2101
Iteration: 252	1415	1482	1722.62	2201
Iteration: 253	1415	1467	1723.12	2124
Iteration: 254	1415	1555	1747.66	2432
Iteration: 255	1415	1556	1744.11	2300
Iteration: 256	1415	1514	1732.33	2069
Iteration: 257	1415	1523	1719.95	2228
Iteration: 258	1415	1564	1743.89	2138
Iteration: 259	1415	1485	1743.95	2484
Iteration: 260	1415	1512	1749.09	2226
Iteration: 261	1415	1499	1741.32	2363
Iteration: 262	1415	1465	1746.94	2209
Iteration: 263	1415	1505	1741.13	2244
Iteration: 264	1415	1541	1728.69	2312
Iteration: 265	1415	1529	1753.47	2273
Iteration: 266	1415	1538	1752.38	2406
Iteration: 267	1415	1555	1766.25	2254
Iteration: 268	1415	1544	1762.07	2241
Iteration: 269	1415	1537	1762.35	2367
Iteration: 270	1415	1536	1738.6	2161
Iteration: 271	1415	1547	1721.45	2094
Iteration: 272	1415	1510	1744.58	2136
Iteration: 273	1415	1466	1746.59	2211
Iteration: 274	1415	1538	1716.32	2210
Iteration: 275	1415	1441	1732.17	2094
Iteration: 276	1415	1537	1738.97	2159
Iteration: 277	1415	1530	1741.65	2171
Iteration: 278	1415	1495	1735.13	2127
Iteration: 279	1415	1514	1733.99	2254
Iteration: 280	1415	1459	1751.38	2337
Iteration: 281	1415	1478	1738.12	2056
Iteration: 282	1415	1551	1750.58	2211
Iteration: 283	1415	1469	1736.87	2084
Iteration: 284	1415	1537	1751.85	2315
Iteration: 285	1415	1545	1731.8	2041
Iteration: 286	1415	1506	1720.44	2093
Iteration: 287	1415	1467	1712.2	2199
Iteration: 288	1415	1517	1731.3	2147
Iteration: 289	1415	1545	1733.28	2126
Iteration: 290	1415	1528	1748.44	2202
Iteration: 291	1415	1546	1756.49	2166
Iteration: 292	1415	1533	1728.32	2046
Iteration: 293	1415	1509	1734.85	2292
Iteration: 294	1415	1556	1711.12	2233
Iteration: 295	1415	1533	1726.59	2067
Iteration: 296	1415	1540	1733.31	2227
Iteration: 297	1415	1518	1740.91	2168
Iteration: 298	1415	1536	1741.9	2273
Iteration: 299	1415	1565	1747.58	2036
Iteration: 300	1415	1480	1748.25	2177
Iteration: 301	1415	1524	1746.8	2326
Iteration: 302	1415	1519	1743.02	2266
Iteration: 303	1415	1548	1736.11	2096
Iteration: 304	1415	1468	1741.61	2199
Iteration: 305	1415	1515	1734.36	2117
Iteration: 306	1415	1496	1742.51	2108
Iteration: 307	1415	1528	1747.88	2094
Iteration: 308	1415	1541	1707.92	1936
Iteration: 309	1415	1551	1735.91	2182
Iteration: 310	1415	1512	1737.74	2215
Iteration: 311	1415	1521	1721.92	2310
Iteration: 312	1415	1507	1744.29	2069
Iteration: 313	1415	1501	1738.1	2387
Iteration: 314	1415	1526	1729.89	2007
Iteration: 315	1415	1555	1733.77	2018
Iteration: 316	1415	1484	1724.88	2227
Iteration: 317	1415	1499	1749.75	2110
Iteration: 318	1415	1474	1734.41	2164
Iteration: 319	1415	1490	1734.61	2224
Iteration: 320	1415	1460	1730.58	2092
Iteration: 321	1415	1561	1717.87	2005
Iteration: 322	1415	1499	1731.96	2082
Iteration: 323	1415	1490	1726.83	2221
Iteration: 324	1415	1566	1747.92	2205
Iteration: 325	1415	1505	1731.41	2151
Iteration: 326	1415	1527	1716.39	2236
Iteration: 327	1415	1506	1740.8	2133
Iteration: 328	1415	1495	1721.82	2544
Iteration: 329	1415	1456	1756.13	2300
Iteration: 330	1415	1437	1732.65	2165
Iteration: 331	1415	1468	1740.12	2402
Iteration: 332	1415	1517	1754.78	2248
Iteration: 333	1415	1523	1734.31	2193
Iteration: 334	1415	1446	1726.32	2117
Iteration: 335	1415	1520	1747.03	2409
Iteration: 336	1415	1493	1729.18	2377
Iteration: 337	1415	1509	1737.79	2169
Iteration: 338	1415	1550	1730.42	2076
Iteration: 339	1415	1492	1739.3	2099
Iteration: 340	1415	1503	1734.65	2265
Iteration: 341	1415	1509	1748.41	2280
Iteration: 342	1415	1534	1751.17	2294
Iteration: 343	1415	1560	1749.11	2230
Iteration: 344	1415	1546	1731.12	2157
Iteration: 345	1415	1572	1736.38	2086
Iteration: 346	1415	1527	1753.01	2628
Iteration: 347	1415	1533	1734.88	2083
Iteration: 348	1415	1530	1731.57	2113
Iteration: 349	1415	1500	1756.27	2199
Iteration: 350	1415	1553	1718.71	2317
Iteration: 351	1415	1538	1715.75	2071
Iteration: 352	1415	1501	1732.33	2116
Iteration: 353	1415	1513	1733.26	2121
Iteration: 354	1415	1567	1750.8	2169
Iteration: 355	1415	1526	1724.31	2121
Iteration: 356	1415	1534	1757.61	2163
Iteration: 357	1415	1514	1724.9	2238
Iteration: 358	1415	1491	1734.99	2066
Iteration: 359	1415	1476	1736.14	2079
Iteration: 360	1415	1536	1751.84	2325
Iteration: 361	1415	1529	1710.35	2004
Iteration: 362	1415	1545	1755.51	2192
Iteration: 363	1415	1498	1732.2	2086
Iteration: 364	1415	1550	1746.48	2273
Iteration: 365	1415	1500	1736.52	2278
Iteration: 366	1415	1560	1723.4	2131
Iteration: 367	1415	1569	1754.05	2041
Iteration: 368	1415	1529	1761.4	2212
Iteration: 369	1415	1450	1721.22	1996
Iteration: 370	1415	1503	1714.62	1993
Iteration: 371	1415	1522	1726.81	2052
Iteration: 372	1415	1527	1705.29	2112
Iteration: 373	1415	1532	1753.41	2173
Iteration: 374	1415	1557	1758.24	2454
Iteration: 375	1415	1524	1723.98	2197
Iteration: 376	1415	1548	1737.8	2190
Iteration: 377	1415	1546	1749.54	2524
Iteration: 378	1415	1527	1741.99	2015
Iteration: 379	1415	1441	1733.32	2231
Iteration: 380	1415	1495	1761.25	2187
Iteration: 381	1415	1532	1730.51	2053
Iteration: 382	1415	1571	1738.16	2010
Iteration: 383	1415	1536	1729.27	2350
Iteration: 384	1415	1488	1739.23	2234
Iteration: 385	1415	1569	1757.46	2210
Iteration: 386	1415	1541	1744.15	2112
Iteration: 387	1415	1536	1720.32	2112
Iteration: 388	1415	1515	1737.43	2077
Iteration: 389	1415	1480	1715.49	2004
Iteration: 390	1415	1508	1724.96	2361
Iteration: 391	1415	1499	1733.23	2081
Iteration: 392	1415	1541	1734.69	2044
Iteration: 393	1415	1509	1739.9	2205
Iteration: 394	1415	1526	1723.44	2044
Iteration: 395	1415	1504	1746.42	1998
Iteration: 396	1415	1519	1724.27	2170
Iteration: 397	1415	1490	1742.15	2010
Iteration: 398	1415	1501	1744.16	2230
Iteration: 399	1415	1507	1767.75	2334
Iteration: 400	1415	1538	1724.32	2277
Iteration: 401	1415	1528	1782.86	2245
Iteration: 402	1415	1529	1734.07	2131
Iteration: 403	1415	1519	1749.18	2387
Iteration: 404	1415	1576	1739.78	2022
Iteration: 405	1415	1586	1747.19	2146
Iteration: 406	1415	1566	1740.2	2080
Iteration: 407	1415	1527	1737.71	2054
Iteration: 408	1415	1500	1751.09	2052
Iteration: 409	1415	1550	1736.18	2190
Iteration: 410	1415	1521	1738.38	2182
Iteration: 411	1415	1461	1758.34	2256
Iteration: 412	1415	1533	1736.83	2174
Iteration: 413	1415	1523	1718	2292
Iteration: 414	1415	1533	1727.92	2162
Iteration: 415	1415	1527	1725.21	2129
Iteration: 416	1415	1538	1747.06	2148
Iteration: 417	1415	1499	1744.9	2093
Iteration: 418	1415	1505	1729.66	2098
Iteration: 419	1415	1565	1748.66	2206
Iteration: 420	1415	1496	1731.75	2072
Iteration: 421	1415	1534	1729.29	2185
Iteration: 422	1415	1483	1746.39	2119
Iteration: 423	1415	1461	1756.96	2198
Iteration: 424	1415	1491	1728.18	2145
Iteration: 425	1415	1550	1738.93	2276
Iteration: 426	1415	1525	1732.73	1985
Iteration: 427	1415	1524	1736.27	2259
Iteration: 428	1415	1540	1742.78	2143
Iteration: 429	1415	1547	1758.39	2583
Iteration: 430	1415	1544	1748.19	2258
Iteration: 431	1415	1541	1734.99	2312
Iteration: 432	1415	1544	1740.7	2121
Iteration: 433	1415	1445	1750.11	2249
Iteration: 434	1415	1502	1747.68	2222
Iteration: 435	1415	1537	1754.16	2153
Iteration: 436	1415	1477	1752.25	2202
Iteration: 437	1415	1526	1753.27	2307
Iteration: 438	1415	1459	1751.83	2221
Iteration: 439	1415	1545	1757.95	2168
Iteration: 440	1415	1513	1746.46	2287
Iteration: 441	1415	1553	1734.24	2184
Iteration: 442	1415	1460	1757.95	2081
Iteration: 443	1415	1517	1747.57	2232
Iteration: 444	1415	1480	1753.65	2166
Iteration: 445	1415	1509	1736.14	2122
Iteration: 446	1415	1527	1720.53	1999
Iteration: 447	1415	1553	1773.09	2227
Iteration: 448	1415	1443	1738.35	2175
Iteration: 449	1415	1551	1738.71	1989
Iteration: 450	1415	1548	1729.06	2027
Iteration: 451	1415	1550	1738.6	2067
Iteration: 452	1415	1514	1744.03	2189
Iteration: 453	1415	1492	1752.06	2222
Iteration: 454	1415	1510	1744.09	2283
Iteration: 455	1415	1547	1746	2362
Iteration: 456	1415	1547	1749.8	2295
Iteration: 457	1415	1515	1734.53	2185
Iteration: 458	1415	1507	1736.17	2204
Iteration: 459	1415	1546	1739.75	2265
Iteration: 460	1415	1534	1729.33	2161
Iteration: 461	1415	1458	1752.98	2815
Iteration: 462	1415	1508	1717.81	2113
Iteration: 463	1415	1519	1719.4	2187
Iteration: 464	1415	1507	1720.73	2303
Iteration: 465	1415	1470	1748.06	2061
Iteration: 466	1415	1507	1709.92	2156
Iteration: 467	1415	1477	1749.42	2292
Iteration: 468	1415	1509	1735.08	2060
Iteration: 469	1415	1536	1742.55	2163
Iteration: 470	1415	1499	1748.08	2191
Iteration: 471	1415	1525	1745.12	2035
Iteration: 472	1415	1487	1760.28	2078
Iteration: 473	1415	1592	1740.06	2094
Iteration: 474	1415	1544	1737.91	2259
Iteration: 475	1415	1512	1719.8	2160
Iteration: 476	1415	1459	1744.81	2153
Iteration: 477	1415	1538	1761.78	2189
Iteration: 478	1415	1504	1758.95	2308
Iteration: 479	1415	1550	1737.16	2503
Iteration: 480	1415	1551	1752.1	2114
Iteration: 481	1415	1516	1743.14	2203
Iteration: 482	1415	1519	1739.55	2221
Iteration: 483	1415	1542	1748.64	2183
Iteration: 484	1415	1527	1734	2082
Iteration: 485	1415	1476	1747.05	2142
Iteration: 486	1415	1453	1730.97	2068
Iteration: 487	1415	1544	1735.27	2226
Iteration: 488	1415	1510	1729.22	2286
Iteration: 489	1415	1518	1743.99	2161
Iteration: 490	1415	1529	1751.33	2314
Iteration: 491	1415	1553	1766.05	2265
Iteration: 492	1415	1516	1750.27	2178
Iteration: 493	1415	1527	1727.07	2180
Iteration: 494	1415	1471	1753.01	2212
Iteration: 495	1415	1562	1757.81	2177
Iteration: 496	1415	1524	1736.14	2072
Iteration: 497	1415	1526	1733.26	2149
Iteration: 498	1415	1468	1741.01	2312
Iteration: 499	1415	1460	1725.79	2158
