Iteration: 0	1649	1649	2177.87	2903
Iteration: 1	1640	1640	2089.17	2652
Iteration: 2	1640	1724	2135.96	2865
Iteration: 3	1640	1841	2219.4	2877
Iteration: 4	1640	1653	2200.69	2812
Iteration: 5	1640	1777	2231.66	2919
Iteration: 6	1552	1552	2215.61	2740
Iteration: 7	1552	1632	2144.04	2786
Iteration: 8	1552	1698	2150.52	2633
Iteration: 9	1552	1676	2194.21	3023
Iteration: 10	1552	1694	2216.74	3010
Iteration: 11	1528	1528	2161.16	2754
Iteration: 12	1528	1679	2145.34	2840
Iteration: 13	1528	1645	2164.64	2892
Iteration: 14	1528	1772	2162.61	2774
Iteration: 15	1528	1751	2183.77	2843
Iteration: 16	1528	1694	2181.05	2749
Iteration: 17	1528	1706	2169.62	2873
Iteration: 18	1528	1649	2153.98	2911
Iteration: 19	1528	1746	2155.58	2798
Iteration: 20	1528	1633	2151.1	3032
Iteration: 21	1528	1703	2126.16	2868
Iteration: 22	1528	1666	2135.33	2737
Iteration: 23	1528	1722	2163.99	3087
Iteration: 24	1528	1819	2164.38	2852
Iteration: 25	1528	1544	2157.9	2814
Iteration: 26	1528	1681	2136.41	2837
Iteration: 27	1528	1744	2170.42	3205
Iteration: 28	1528	1584	2164.23	2746
Iteration: 29	1528	1636	2178.5	2815
Iteration: 30	1528	1625	2097.73	2785
Iteration: 31	1528	1746	2185.22	2884
Iteration: 32	1528	1660	2148.06	2805
Iteration: 33	1528	1690	2174.93	2858
Iteration: 34	1528	1664	2131.35	2745
Iteration: 35	1528	1701	2150.32	2794
Iteration: 36	1528	1586	2134.9	3181
Iteration: 37	1528	1749	2170.9	2986
Iteration: 38	1528	1649	2135.15	3374
Iteration: 39	1528	1742	2155.51	2813
Iteration: 40	1528	1664	2180.1	2990
Iteration: 41	1528	1649	2124.61	3162
Iteration: 42	1528	1784	2172.37	2839
Iteration: 43	1528	1678	2127.1	3364
Iteration: 44	1528	1817	2182.67	3003
Iteration: 45	1528	1678	2117.64	2669
Iteration: 46	1528	1733	2155.02	2836
Iteration: 47	1528	1705	2162.39	2904
Iteration: 48	1528	1685	2148.81	2705
Iteration: 49	1528	1702	2151.5	3149
Iteration: 50	1528	1660	2174.41	3180
Iteration: 51	1528	1650	2174.85	2978
Iteration: 52	1528	1731	2158.43	2713
Iteration: 53	1528	1686	2183.73	2742
Iteration: 54	1528	1732	2178.58	2938
Iteration: 55	1528	1665	2171.1	2749
Iteration: 56	1528	1573	2141.71	2684
Iteration: 57	1528	1683	2128.71	2911
Iteration: 58	1528	1637	2123.21	2886
Iteration: 59	1528	1648	2129.44	2821
Iteration: 60	1528	1729	2141.25	2717
Iteration: 61	1528	1630	2205.64	2970
Iteration: 62	1528	1615	2164.16	2972
Iteration: 63	1528	1667	2174.22	2992
Iteration: 64	1528	1766	2177.36	2850
Iteration: 65	1528	1795	2159.5	2981
Iteration: 66	1528	1759	2142.24	2692
Iteration: 67	1528	1701	2146.09	2931
Iteration: 68	1528	1790	2152.79	2939
Iteration: 69	1528	1684	2175.29	3098
Iteration: 70	1528	1703	2160.07	2648
Iteration: 71	1528	1652	2125.26	2841
Iteration: 72	1528	1665	2123.38	2966
Iteration: 73	1528	1598	2152.32	2742
Iteration: 74	1528	1698	2138.89	2781
Iteration: 75	1528	1640	2149.74	3054
Iteration: 76	1528	1656	2117.24	3094
Iteration: 77	1528	1710	2160.93	2812
Iteration: 78	1528	1638	2153.99	2912
Iteration: 79	1528	1748	2184.64	2990
Iteration: 80	1528	1627	2158.59	2712
Iteration: 81	1528	1641	2149.99	2754
Iteration: 82	1528	1747	2146.42	2914
Iteration: 83	1528	1756	2162.17	2845
Iteration: 84	1528	1664	2185.46	2903
Iteration: 85	1528	1699	2125.2	2728
Iteration: 86	1528	1732	2174.09	2999
Iteration: 87	1528	1711	2175.68	2791
Iteration: 88	1528	1766	2177.72	2736
Iteration: 89	1528	1662	2099.58	2660
Iteration: 90	1528	1682	2156.38	2850
Iteration: 91	1528	1770	2176.11	2772
Iteration: 92	1528	1767	2169.52	2875
Iteration: 93	1528	1649	2181.94	2742
Iteration: 94	1528	1646	2161.6	2934
Iteration: 95	1528	1590	2103.67	2789
Iteration: 96	1528	1689	2135.85	3071
Iteration: 97	1528	1651	2138.23	3032
Iteration: 98	1528	1633	2152.28	2866
Iteration: 99	1528	1655	2107.49	2724
Iteration: 100	1498	1498	2163.99	2796
Iteration: 101	1498	1696	2142.7	2808
Iteration: 102	1498	1676	2157.18	2690
Iteration: 103	1498	1794	2162.41	3004
Iteration: 104	1498	1644	2171.99	2994
Iteration: 105	1498	1623	2140.09	2823
Iteration: 106	1498	1683	2149.15	2889
Iteration: 107	1498	1735	2185.91	3100
Iteration: 108	1498	1711	2177.72	3087
Iteration: 109	1498	1782	2147.98	2676
Iteration: 110	1498	1702	2158.6	2824
Iteration: 111	1498	1674	2157.94	3110
Iteration: 112	1498	1628	2141.21	2744
Iteration: 113	1498	1662	2142.3	2806
Iteration: 114	1498	1781	2142.35	2837
Iteration: 115	1498	1691	2142.97	2836
Iteration: 116	1498	1670	2173.23	2761
Iteration: 117	1498	1793	2180.76	2821
Iteration: 118	1498	1817	2164.27	2658
Iteration: 119	1498	1722	2164.61	2798
Iteration: 120	1498	1644	2125.91	2926
Iteration: 121	1498	1706	2127.21	2788
Iteration: 122	1498	1642	2148.13	2810
Iteration: 123	1498	1627	2136.02	2794
Iteration: 124	1498	1679	2155.32	2867
Iteration: 125	1498	1657	2148.27	2879
Iteration: 126	1498	1674	2157.7	2797
Iteration: 127	1498	1718	2160.48	2805
Iteration: 128	1498	1629	2164.5	3028
Iteration: 129	1498	1511	2151.39	3061
Iteration: 130	1498	1685	2155.32	2687
Iteration: 131	1498	1781	2180.03	2679
Iteration: 132	1498	1666	2106.05	3288
Iteration: 133	1498	1743	2145.38	2932
Iteration: 134	1498	1738	2143.84	2713
Iteration: 135	1498	1673	2151.4	2751
Iteration: 136	1498	1651	2163.71	3052
Iteration: 137	1498	1719	2161.8	2844
Iteration: 138	1498	1616	2157.3	3135
Iteration: 139	1498	1719	2129.84	2825
Iteration: 140	1498	1661	2115.61	2697
Iteration: 141	1498	1686	2113.94	2950
Iteration: 142	1498	1718	2189.28	2836
Iteration: 143	1498	1631	2175.16	2854
Iteration: 144	1498	1646	2164.14	2663
Iteration: 145	1498	1672	2114.61	2833
Iteration: 146	1498	1672	2140.97	2890
Iteration: 147	1498	1705	2105.37	2661
Iteration: 148	1498	1641	2169.07	2986
Iteration: 149	1498	1733	2131.21	2843
Iteration: 150	1498	1686	2211.74	2937
Iteration: 151	1498	1712	2151.96	2745
Iteration: 152	1498	1630	2121.96	3007
Iteration: 153	1498	1627	2148.74	2820
Iteration: 154	1498	1682	2115.48	2761
Iteration: 155	1498	1741	2132.97	3362
Iteration: 156	1498	1686	2133.43	2812
Iteration: 157	1498	1700	2187.84	2916
Iteration: 158	1498	1738	2156.31	2794
Iteration: 159	1498	1733	2188.51	3396
Iteration: 160	1498	1719	2142.6	2928
Iteration: 161	1498	1693	2159.38	2945
Iteration: 162	1498	1642	2167.14	2732
Iteration: 163	1498	1598	2114.12	2728
Iteration: 164	1498	1718	2165.63	2939
Iteration: 165	1498	1696	2153.75	2897
Iteration: 166	1498	1642	2096.89	2657
Iteration: 167	1498	1721	2125.21	2988
Iteration: 168	1498	1723	2108.93	2696
Iteration: 169	1498	1640	2140.7	3154
Iteration: 170	1498	1718	2137.11	2672
Iteration: 171	1498	1678	2104.59	2571
Iteration: 172	1498	1706	2148.5	2889
Iteration: 173	1498	1698	2147.13	2734
Iteration: 174	1498	1628	2136.76	2848
Iteration: 175	1498	1732	2135.34	2858
Iteration: 176	1498	1642	2160.45	3152
Iteration: 177	1498	1733	2170.58	2829
Iteration: 178	1498	1733	2169.52	2875
Iteration: 179	1498	1663	2136.98	2690
Iteration: 180	1498	1773	2204.93	2949
Iteration: 181	1498	1787	2199.77	2971
Iteration: 182	1498	1696	2121.85	2956
Iteration: 183	1498	1605	2070.53	2739
Iteration: 184	1498	1805	2144.06	2719
Iteration: 185	1498	1586	2166.59	3092
Iteration: 186	1498	1530	2141.41	2685
Iteration: 187	1498	1625	2149.03	2933
Iteration: 188	1498	1788	2180.11	2763
Iteration: 189	1498	1673	2121.87	2543
Iteration: 190	1498	1795	2136.72	2745
Iteration: 191	1498	1691	2089.71	2811
Iteration: 192	1498	1714	2162.93	2778
Iteration: 193	1498	1682	2159.46	2766
Iteration: 194	1498	1595	2130.32	3100
Iteration: 195	1498	1667	2146.72	2788
Iteration: 196	1498	1781	2142.72	2769
Iteration: 197	1498	1750	2159.33	2857
Iteration: 198	1498	1686	2154.39	2812
Iteration: 199	1498	1739	2177.58	2847
Iteration: 200	1498	1691	2202.89	3002
Iteration: 201	1498	1644	2134.26	2728
Iteration: 202	1498	1637	2136.52	2744
Iteration: 203	1498	1623	2119.56	2860
Iteration: 204	1498	1782	2148.37	3012
Iteration: 205	1498	1700	2148.55	2842
Iteration: 206	1498	1679	2144.46	2984
Iteration: 207	1498	1610	2149.42	2740
Iteration: 208	1498	1701	2162.3	2731
Iteration: 209	1498	1711	2191.07	2673
Iteration: 210	1498	1699	2174.16	2941
Iteration: 211	1498	1645	2174.08	2895
Iteration: 212	1498	1656	2137.33	2697
Iteration: 213	1498	1612	2141.72	2816
Iteration: 214	1498	1695	2164.51	3064
Iteration: 215	1498	1660	2108.25	2682
Iteration: 216	1498	1680	2143.97	2872
Iteration: 217	1498	1716	2160.06	2791
Iteration: 218	1498	1752	2184.42	3106
Iteration: 219	1498	1678	2155.85	2833
Iteration: 220	1498	1566	2168.37	2914
Iteration: 221	1498	1688	2118.41	2744
Iteration: 222	1498	1655	2188.73	2902
Iteration: 223	1498	1702	2158.73	2950
Iteration: 224	1498	1733	2151.91	2897
Iteration: 225	1498	1667	2160.52	2848
Iteration: 226	1498	1730	2169.92	3008
Iteration: 227	1498	1654	2121.1	2778
Iteration: 228	1498	1765	2152.35	2933
Iteration: 229	1498	1727	2123.23	2527
Iteration: 230	1498	1696	2151.69	2724
Iteration: 231	1498	1646	2163.78	2916
Iteration: 232	1498	1673	2136.65	2859
Iteration: 233	1498	1639	2096.05	2674
Iteration: 234	1498	1607	2118.95	2819
Iteration: 235	1498	1627	2108.77	2762
Iteration: 236	1498	1629	2158.04	2839
Iteration: 237	1498	1579	2172.32	3083
Iteration: 238	1498	1771	2150.14	2793
Iteration: 239	1498	1601	2172.74	2911
Iteration: 240	1498	1674	2138.7	2833
Iteration: 241	1498	1770	2179.17	2902
Iteration: 242	1498	1779	2176.28	2829
Iteration: 243	1498	1651	2110.68	2999
Iteration: 244	1498	1675	2115.43	2895
Iteration: 245	1498	1694	2161.01	2721
Iteration: 246	1498	1743	2186.09	2764
Iteration: 247	1498	1775	2151.15	2999
Iteration: 248	1498	1610	2173.61	2600
Iteration: 249	1498	1660	2164.81	3005
Iteration: 250	1498	1711	2134.51	2674
Iteration: 251	1498	1681	2138.59	2827
Iteration: 252	1498	1657	2146.18	2846
Iteration: 253	1498	1785	2214.23	3053
Iteration: 254	1498	1686	2140.11	2606
Iteration: 255	1498	1764	2144.18	2676
Iteration: 256	1498	1700	2173.06	2958
Iteration: 257	1498	1646	2155.54	2935
Iteration: 258	1498	1648	2154.23	2787
Iteration: 259	1498	1728	2135.6	2842
Iteration: 260	1498	1703	2135.52	2955
Iteration: 261	1498	1688	2167.21	2682
Iteration: 262	1498	1727	2111.21	2715
Iteration: 263	1498	1737	2157.54	2802
Iteration: 264	1498	1651	2164.29	2816
Iteration: 265	1498	1739	2180.02	3053
Iteration: 266	1498	1601	2098.42	2777
Iteration: 267	1498	1721	2156.55	2809
Iteration: 268	1498	1724	2127.37	3255
Iteration: 269	1498	1687	2119.56	3134
Iteration: 270	1498	1596	2192.44	2854
Iteration: 271	1498	1588	2149.76	2863
Iteration: 272	1498	1511	2118.91	2780
Iteration: 273	1498	1758	2184.21	3004
Iteration: 274	1498	1621	2168.42	2717
Iteration: 275	1498	1691	2152.62	2707
Iteration: 276	1498	1646	2146.54	2937
Iteration: 277	1498	1634	2138.96	2843
Iteration: 278	1498	1706	2170.91	2734
Iteration: 279	1498	1575	2177.57	2858
Iteration: 280	1498	1626	2126.74	2814
Iteration: 281	1498	1809	2183.55	3186
Iteration: 282	1498	1604	2197.38	3104
Iteration: 283	1498	1711	2193.69	2969
Iteration: 284	1498	1703	2170.24	2878
Iteration: 285	1498	1785	2155.6	2878
Iteration: 286	1498	1675	2159.37	3028
Iteration: 287	1498	1678	2169.04	2852
Iteration: 288	1498	1695	2122.41	2660
Iteration: 289	1498	1704	2144.71	3014
Iteration: 290	1498	1645	2157.87	2770
Iteration: 291	1498	1660	2154.27	2876
Iteration: 292	1498	1595	2111.65	2674
Iteration: 293	1498	1643	2152.79	2710
Iteration: 294	1498	1779	2149.56	2690
Iteration: 295	1498	1591	2160.5	3069
Iteration: 296	1498	1695	2152.17	2904
Iteration: 297	1498	1729	2161.54	2852
Iteration: 298	1498	1605	2164.49	2789
Iteration: 299	1498	1602	2148.34	3025
Iteration: 300	1498	1766	2208.48	2859
Iteration: 301	1498	1666	2126.58	2848
Iteration: 302	1498	1734	2157.45	2774
Iteration: 303	1498	1716	2142.27	2686
Iteration: 304	1498	1787	2117.9	2597
Iteration: 305	1498	1674	2152.74	2710
Iteration: 306	1498	1645	2108.7	2705
Iteration: 307	1498	1644	2145.91	2944
Iteration: 308	1498	1682	2153.58	2920
Iteration: 309	1498	1671	2151.24	2823
Iteration: 310	1498	1695	2159.58	2994
Iteration: 311	1498	1725	2143.22	2938
Iteration: 312	1498	1742	2137.1	2732
Iteration: 313	1498	1632	2168.55	2759
Iteration: 314	1498	1667	2180.34	2995
Iteration: 315	1498	1635	2148.04	2688
Iteration: 316	1498	1641	2137.14	2650
Iteration: 317	1498	1735	2146.27	2870
Iteration: 318	1498	1691	2145.05	2785
Iteration: 319	1498	1675	2123.26	2770
Iteration: 320	1498	1743	2126.94	2822
Iteration: 321	1498	1669	2152.66	2807
Iteration: 322	1498	1707	2192.85	3010
Iteration: 323	1498	1700	2156.66	2860
Iteration: 324	1498	1646	2170.22	2785
Iteration: 325	1498	1634	2097.55	2796
Iteration: 326	1498	1659	2173.85	2794
Iteration: 327	1498	1721	2147.97	2972
Iteration: 328	1498	1708	2163.75	2752
Iteration: 329	1498	1669	2122.66	3006
Iteration: 330	1498	1740	2199.21	3036
Iteration: 331	1498	1693	2176.32	2861
Iteration: 332	1498	1603	2136.92	2850
Iteration: 333	1498	1619	2120.31	2774
Iteration: 334	1498	1653	2122.78	2861
Iteration: 335	1498	1732	2145.86	3002
Iteration: 336	1498	1692	2147.56	2794
Iteration: 337	1498	1717	2149.57	2938
Iteration: 338	1498	1694	2147.15	2904
Iteration: 339	1498	1709	2158.86	2934
Iteration: 340	1498	1767	2128.18	2857
Iteration: 341	1498	1706	2150.86	3452
Iteration: 342	1498	1642	2145	2861
Iteration: 343	1498	1729	2135.44	2803
Iteration: 344	1498	1714	2159.41	2624
Iteration: 345	1498	1712	2188.58	2861
Iteration: 346	1498	1679	2160.1	2859
Iteration: 347	1498	1684	2146.16	3034
Iteration: 348	1498	1698	2156.23	2880
Iteration: 349	1498	1687	2145.67	2866
Iteration: 350	1498	1723	2139.23	3118
Iteration: 351	1498	1644	2120.7	2950
Iteration: 352	1498	1714	2139.62	2810
Iteration: 353	1498	1682	2161.26	2931
Iteration: 354	1498	1776	2143.66	2972
Iteration: 355	1498	1664	2138.67	3466
Iteration: 356	1498	1589	2153.4	2880
Iteration: 357	1498	1582	2143.93	2880
Iteration: 358	1498	1695	2167.34	2865
Iteration: 359	1498	1751	2113.29	2576
Iteration: 360	1498	1769	2118.65	2805
Iteration: 361	1498	1628	2169.96	3016
Iteration: 362	1498	1676	2141.63	2758
Iteration: 363	1498	1766	2164.13	2701
Iteration: 364	1498	1667	2109.44	2701
Iteration: 365	1498	1676	2165.65	2834
Iteration: 366	1498	1601	2140.76	2995
Iteration: 367	1498	1719	2166.17	2648
Iteration: 368	1498	1499	2151.8	3056
Iteration: 369	1498	1724	2167.99	2991
Iteration: 370	1498	1707	2144.69	2845
Iteration: 371	1498	1680	2153.95	2748
Iteration: 372	1498	1761	2158.16	2754
Iteration: 373	1498	1651	2145.46	2708
Iteration: 374	1498	1666	2116.92	2836
Iteration: 375	1498	1585	2140.97	2830
Iteration: 376	1498	1772	2147.22	2703
Iteration: 377	1498	1612	2134.08	2738
Iteration: 378	1498	1716	2133.56	2655
Iteration: 379	1498	1653	2138.55	2747
Iteration: 380	1498	1722	2140.93	3152
Iteration: 381	1498	1634	2139.51	2870
Iteration: 382	1498	1708	2138.55	3103
Iteration: 383	1498	1646	2143.59	2769
Iteration: 384	1498	1653	2133.27	3028
Iteration: 385	1498	1781	2152.61	2713
Iteration: 386	1498	1729	2197.24	3290
Iteration: 387	1498	1573	2119.06	2690
Iteration: 388	1498	1617	2152.32	2793
Iteration: 389	1498	1722	2155.97	2862
Iteration: 390	1498	1688	2187.95	2872
Iteration: 391	1498	1690	2152.56	2843
Iteration: 392	1498	1727	2161.91	3073
Iteration: 393	1498	1600	2122.49	2716
Iteration: 394	1498	1706	2171.56	2771
Iteration: 395	1498	1700	2190.47	2943
Iteration: 396	1498	1599	2132.16	2997
Iteration: 397	1498	1713	2157.34	2790
Iteration: 398	1498	1688	2107.22	3109
Iteration: 399	1498	1634	2166	3012
Iteration: 400	1498	1694	2172.65	3168
Iteration: 401	1498	1704	2195.81	2725
Iteration: 402	1498	1802	2184.93	3069
Iteration: 403	1498	1700	2128.51	2941
Iteration: 404	1498	1722	2132.56	2786
Iteration: 405	1498	1623	2124.83	2836
Iteration: 406	1498	1721	2172.93	2805
Iteration: 407	1498	1682	2141.84	2888
Iteration: 408	1498	1663	2123.3	2831
Iteration: 409	1498	1619	2137.49	2821
Iteration: 410	1498	1711	2167.08	3322
Iteration: 411	1498	1686	2137.74	2579
Iteration: 412	1498	1797	2154.05	3041
Iteration: 413	1498	1747	2188.93	3316
Iteration: 414	1498	1658	2122.71	2838
Iteration: 415	1498	1712	2174.43	3036
Iteration: 416	1498	1747	2184.41	2861
Iteration: 417	1498	1693	2136.01	2837
Iteration: 418	1498	1660	2119.74	2854
Iteration: 419	1498	1674	2099.89	2717
Iteration: 420	1498	1680	2146.04	3369
Iteration: 421	1498	1717	2141	2728
Iteration: 422	1498	1657	2164.11	3070
Iteration: 423	1498	1689	2149.14	2792
Iteration: 424	1498	1649	2105.67	2674
Iteration: 425	1498	1713	2130.99	2739
Iteration: 426	1498	1696	2144.7	3026
Iteration: 427	1498	1665	2179.54	3065
Iteration: 428	1498	1641	2137.17	2728
Iteration: 429	1498	1703	2159.89	3026
Iteration: 430	1498	1715	2117.74	2644
Iteration: 431	1498	1685	2129.29	2781
Iteration: 432	1498	1690	2127.9	2766
Iteration: 433	1498	1738	2119.04	2739
Iteration: 434	1498	1716	2188.03	2949
Iteration: 435	1498	1648	2159.67	3062
Iteration: 436	1498	1669	2169.39	2978
Iteration: 437	1498	1649	2127.87	2680
Iteration: 438	1498	1610	2163.25	2614
Iteration: 439	1498	1623	2131.73	2762
Iteration: 440	1498	1707	2139.46	2826
Iteration: 441	1498	1714	2181.47	2868
Iteration: 442	1498	1716	2126.24	2795
Iteration: 443	1498	1633	2152.31	2659
Iteration: 444	1498	1715	2191.79	3010
Iteration: 445	1498	1683	2144.85	2802
Iteration: 446	1498	1663	2161.94	3376
Iteration: 447	1498	1649	2169.3	2756
Iteration: 448	1498	1639	2132.15	2729
Iteration: 449	1498	1700	2229.21	2899
Iteration: 450	1498	1767	2153.68	2782
Iteration: 451	1498	1692	2186	2785
Iteration: 452	1498	1689	2144.4	2968
Iteration: 453	1498	1647	2119.53	2910
Iteration: 454	1498	1761	2197.04	3413
Iteration: 455	1498	1714	2177.74	2798
Iteration: 456	1498	1755	2128.62	2659
Iteration: 457	1498	1736	2184.26	2912
Iteration: 458	1498	1724	2163.1	2832
Iteration: 459	1498	1652	2150.05	2897
Iteration: 460	1498	1766	2135.1	2911
Iteration: 461	1498	1618	2153.8	2870
Iteration: 462	1498	1718	2182.67	2609
Iteration: 463	1498	1705	2199.12	2715
Iteration: 464	1498	1618	2134.02	2734
Iteration: 465	1498	1745	2147.02	2883
Iteration: 466	1498	1751	2179.44	3000
Iteration: 467	1498	1727	2182.9	2858
Iteration: 468	1498	1733	2146.69	2688
Iteration: 469	1498	1756	2180.71	2873
Iteration: 470	1498	1714	2159.23	2755
Iteration: 471	1498	1635	2119.18	2634
Iteration: 472	1498	1749	2131.19	3036
Iteration: 473	1498	1686	2170.81	2769
Iteration: 474	1498	1722	2153.22	2768
Iteration: 475	1498	1704	2169.8	2952
Iteration: 476	1498	1708	2155.01	2965
Iteration: 477	1498	1810	2176.36	2938
Iteration: 478	1498	1691	2146.35	2712
Iteration: 479	1498	1714	2138.11	2782
Iteration: 480	1498	1739	2174.57	3114
Iteration: 481	1498	1722	2164.71	2746
Iteration: 482	1498	1667	2145.6	2768
Iteration: 483	1498	1732	2165.38	2814
Iteration: 484	1498	1670	2169.08	3167
Iteration: 485	1498	1709	2160.95	2698
Iteration: 486	1498	1689	2138.66	3030
Iteration: 487	1498	1690	2144.5	2860
Iteration: 488	1498	1753	2151.66	2841
Iteration: 489	1498	1580	2130.53	2547
Iteration: 490	1498	1753	2124.56	2954
Iteration: 491	1498	1696	2153.01	2798
Iteration: 492	1498	1704	2149.23	2864
Iteration: 493	1498	1759	2171.09	2942
Iteration: 494	1498	1684	2133.99	2999
Iteration: 495	1498	1689	2163.34	2693
Iteration: 496	1498	1683	2121.04	2848
Iteration: 497	1498	1648	2136.79	2683
Iteration: 498	1498	1716	2130.27	2851
Iteration: 499	1498	1765	2190.58	2881
