Iteration: 0	1563	1563	2144.65	2777
Iteration: 1	1563	1611	2085.55	2664
Iteration: 2	1563	1786	2172.51	3052
Iteration: 3	1563	1749	2208.18	2845
Iteration: 4	1563	1733	2178.41	2905
Iteration: 5	1563	1705	2203.94	2832
Iteration: 6	1563	1689	2237.96	3588
Iteration: 7	1563	1739	2177.5	2698
Iteration: 8	1563	1707	2215.38	3231
Iteration: 9	1563	1708	2148.95	2952
Iteration: 10	1563	1695	2129.87	2816
Iteration: 11	1563	1713	2178.6	2797
Iteration: 12	1563	1708	2134.42	2747
Iteration: 13	1563	1697	2168.65	2952
Iteration: 14	1563	1715	2173.7	2835
Iteration: 15	1563	1654	2130.89	3203
Iteration: 16	1563	1759	2168.39	2928
Iteration: 17	1563	1581	2187.74	2712
Iteration: 18	1563	1708	2138.93	3143
Iteration: 19	1563	1677	2156.53	2860
Iteration: 20	1554	1554	2150.51	3243
Iteration: 21	1554	1630	2144.35	2847
Iteration: 22	1554	1681	2135.15	2629
Iteration: 23	1554	1685	2173.7	2840
Iteration: 24	1554	1713	2158.59	2923
Iteration: 25	1554	1647	2136.57	2965
Iteration: 26	1554	1683	2164	2848
Iteration: 27	1554	1681	2134.83	3098
Iteration: 28	1554	1614	2165.2	2822
Iteration: 29	1554	1683	2175.17	3039
Iteration: 30	1554	1726	2192.23	2799
Iteration: 31	1554	1658	2159.21	2978
Iteration: 32	1554	1720	2132.42	2753
Iteration: 33	1554	1758	2151.91	2849
Iteration: 34	1554	1696	2128.37	3023
Iteration: 35	1554	1763	2184.41	2904
Iteration: 36	1554	1713	2142.47	2817
Iteration: 37	1554	1727	2177.83	2864
Iteration: 38	1554	1700	2110.16	2683
Iteration: 39	1554	1612	2147.25	2694
Iteration: 40	1554	1560	2144.48	2827
Iteration: 41	1551	1551	2148.91	2680
Iteration: 42	1551	1796	2180.96	2984
Iteration: 43	1551	1634	2158.72	2859
Iteration: 44	1551	1616	2143.3	2780
Iteration: 45	1551	1746	2133.37	2674
Iteration: 46	1551	1724	2137.99	2822
Iteration: 47	1551	1696	2155.29	2920
Iteration: 48	1551	1701	2103.1	2758
Iteration: 49	1551	1696	2135.39	2864
Iteration: 50	1551	1696	2148.34	2708
Iteration: 51	1551	1752	2162.46	2660
Iteration: 52	1551	1657	2134.32	2810
Iteration: 53	1551	1711	2155.75	3107
Iteration: 54	1551	1668	2146.9	2723
Iteration: 55	1551	1581	2129.85	2860
Iteration: 56	1551	1673	2179.51	3006
Iteration: 57	1551	1638	2155.69	2758
Iteration: 58	1551	1794	2166.12	2791
Iteration: 59	1551	1646	2114.04	2888
Iteration: 60	1551	1664	2156.15	2905
Iteration: 61	1551	1631	2133.28	2739
Iteration: 62	1551	1763	2157.21	2708
Iteration: 63	1551	1742	2166.76	2823
Iteration: 64	1551	1623	2162.56	2912
Iteration: 65	1551	1756	2239.46	2996
Iteration: 66	1551	1692	2151.68	2824
Iteration: 67	1551	1710	2121.04	2823
Iteration: 68	1551	1612	2177.55	3013
Iteration: 69	1551	1668	2162.61	2889
Iteration: 70	1551	1770	2167.71	2910
Iteration: 71	1551	1608	2164.44	2911
Iteration: 72	1551	1709	2124.35	2825
Iteration: 73	1551	1647	2148.04	3053
Iteration: 74	1551	1706	2159.64	2790
Iteration: 75	1551	1667	2150.86	3026
Iteration: 76	1551	1596	2088.21	2806
Iteration: 77	1551	1680	2151.64	3017
Iteration: 78	1551	1642	2139.8	2627
Iteration: 79	1551	1632	2159.9	2677
Iteration: 80	1551	1747	2160.97	2958
Iteration: 81	1551	1683	2120.7	2763
Iteration: 82	1551	1651	2158.83	2800
Iteration: 83	1551	1673	2204.7	2988
Iteration: 84	1551	1745	2175.25	3021
Iteration: 85	1551	1714	2119.01	2740
Iteration: 86	1551	1724	2143.73	3017
Iteration: 87	1551	1750	2147.09	2725
Iteration: 88	1551	1672	2156.82	2781
Iteration: 89	1528	1528	2178.03	3069
Iteration: 90	1528	1617	2166.89	3082
Iteration: 91	1528	1647	2177.32	2735
Iteration: 92	1528	1711	2153.95	2845
Iteration: 93	1528	1709	2159.35	2892
Iteration: 94	1528	1803	2148.79	2804
Iteration: 95	1528	1644	2119.38	2628
Iteration: 96	1528	1703	2124.39	2737
Iteration: 97	1528	1714	2163.61	2763
Iteration: 98	1528	1699	2120.77	2984
Iteration: 99	1528	1688	2171.24	2884
Iteration: 100	1528	1557	2149.53	2783
Iteration: 101	1528	1592	2163.72	3102
Iteration: 102	1528	1650	2135.14	2866
Iteration: 103	1528	1670	2198.12	2812
Iteration: 104	1528	1714	2131.69	2818
Iteration: 105	1528	1615	2166.04	2870
Iteration: 106	1528	1711	2144.52	3028
Iteration: 107	1528	1668	2191.24	2937
Iteration: 108	1528	1655	2173.72	2854
Iteration: 109	1528	1729	2142.93	2699
Iteration: 110	1528	1674	2151.58	2830
Iteration: 111	1528	1770	2202.39	3154
Iteration: 112	1528	1585	2142.1	2883
Iteration: 113	1528	1662	2165.64	2774
Iteration: 114	1528	1654	2178.33	2779
Iteration: 115	1528	1755	2145.12	2951
Iteration: 116	1528	1623	2100.39	2667
Iteration: 117	1528	1634	2165.17	2869
Iteration: 118	1528	1670	2157.56	2803
Iteration: 119	1528	1738	2137.99	2820
Iteration: 120	1528	1637	2128.19	2900
Iteration: 121	1528	1637	2090.22	2651
Iteration: 122	1528	1678	2138.47	2987
Iteration: 123	1528	1681	2133.86	2969
Iteration: 124	1528	1735	2185.6	2721
Iteration: 125	1528	1575	2120.81	2803
Iteration: 126	1528	1724	2192.58	2940
Iteration: 127	1528	1776	2223.67	3183
Iteration: 128	1528	1712	2169.9	2806
Iteration: 129	1528	1743	2128.16	3138
Iteration: 130	1528	1726	2121.91	2756
Iteration: 131	1528	1649	2109.47	2850
Iteration: 132	1528	1683	2138.07	2780
Iteration: 133	1524	1524	2123.71	2736
Iteration: 134	1524	1710	2121.38	2709
Iteration: 135	1524	1640	2115.66	2915
Iteration: 136	1524	1688	2178.42	3248
Iteration: 137	1524	1592	2196	3103
Iteration: 138	1524	1699	2164.94	2855
Iteration: 139	1524	1723	2138.29	2743
Iteration: 140	1524	1683	2168.38	3262
Iteration: 141	1524	1654	2178.71	2786
Iteration: 142	1524	1707	2167.24	2922
Iteration: 143	1524	1652	2121.75	2953
Iteration: 144	1524	1709	2145.81	3030
Iteration: 145	1524	1676	2142.79	2823
Iteration: 146	1524	1719	2156.89	3052
Iteration: 147	1524	1665	2108.32	2898
Iteration: 148	1524	1716	2084.27	2792
Iteration: 149	1524	1796	2182.84	3010
Iteration: 150	1524	1749	2177.73	2759
Iteration: 151	1524	1734	2161.86	3088
Iteration: 152	1524	1691	2177.96	3360
Iteration: 153	1524	1611	2115.76	2908
Iteration: 154	1524	1663	2140.28	2782
Iteration: 155	1524	1680	2172.18	2873
Iteration: 156	1524	1649	2172.01	3017
Iteration: 157	1524	1574	2134.58	2767
Iteration: 158	1524	1731	2160.47	3074
Iteration: 159	1524	1679	2190.85	2758
Iteration: 160	1524	1701	2142.84	2750
Iteration: 161	1524	1662	2152.84	2867
Iteration: 162	1524	1719	2143.83	2789
Iteration: 163	1524	1707	2136.81	2938
Iteration: 164	1524	1707	2123.26	2984
Iteration: 165	1524	1667	2180.65	3018
Iteration: 166	1524	1698	2132.08	2670
Iteration: 167	1524	1685	2192.06	2778
Iteration: 168	1524	1558	2131.02	3126
Iteration: 169	1524	1583	2131.88	2958
Iteration: 170	1524	1760	2153.01	2917
Iteration: 171	1524	1711	2113.05	2793
Iteration: 172	1524	1598	2160.79	2993
Iteration: 173	1524	1602	2111.17	2873
Iteration: 174	1524	1547	2214.06	3262
Iteration: 175	1524	1791	2134.58	2946
Iteration: 176	1524	1730	2178.58	3003
Iteration: 177	1524	1742	2160.95	2823
Iteration: 178	1524	1741	2166.58	2844
Iteration: 179	1524	1639	2184.13	2844
Iteration: 180	1524	1689	2127.62	2701
Iteration: 181	1524	1652	2151	2841
Iteration: 182	1524	1583	2174.71	2777
Iteration: 183	1524	1640	2140.33	2981
Iteration: 184	1524	1599	2196.79	2776
Iteration: 185	1524	1718	2167.99	2892
Iteration: 186	1524	1630	2151.7	3112
Iteration: 187	1524	1749	2188.46	2926
Iteration: 188	1524	1629	2173.59	2775
Iteration: 189	1524	1679	2122.61	2929
Iteration: 190	1524	1637	2150.04	2749
Iteration: 191	1524	1647	2174.02	2725
Iteration: 192	1524	1779	2121.16	2837
Iteration: 193	1524	1636	2209.25	3249
Iteration: 194	1524	1716	2162.6	2885
Iteration: 195	1524	1646	2141.83	2628
Iteration: 196	1524	1725	2164.05	2848
Iteration: 197	1524	1687	2171.41	2747
Iteration: 198	1524	1625	2151.64	2697
Iteration: 199	1524	1678	2132.77	2787
Iteration: 200	1524	1668	2160.71	2842
Iteration: 201	1524	1692	2148.97	2641
Iteration: 202	1524	1736	2165.76	2824
Iteration: 203	1524	1718	2086.63	3005
Iteration: 204	1524	1663	2157.15	2872
Iteration: 205	1524	1716	2182.31	2911
Iteration: 206	1524	1657	2154.96	3003
Iteration: 207	1524	1699	2149.91	2775
Iteration: 208	1524	1688	2096.13	2702
Iteration: 209	1524	1699	2123.36	2723
Iteration: 210	1524	1735	2150.8	2795
Iteration: 211	1524	1691	2200.53	2874
Iteration: 212	1524	1802	2181.62	2853
Iteration: 213	1524	1713	2201.2	2815
Iteration: 214	1524	1734	2104.13	2693
Iteration: 215	1524	1773	2150.47	2889
Iteration: 216	1524	1730	2165.66	2865
Iteration: 217	1524	1689	2155.11	2689
Iteration: 218	1524	1719	2138.51	2925
Iteration: 219	1524	1732	2196.65	3015
Iteration: 220	1524	1662	2166.07	2830
Iteration: 221	1524	1774	2173.61	2730
Iteration: 222	1524	1729	2169.36	3340
Iteration: 223	1524	1655	2161.85	2819
Iteration: 224	1524	1692	2145.79	2912
Iteration: 225	1524	1611	2141.71	3029
Iteration: 226	1524	1800	2154.42	2981
Iteration: 227	1524	1693	2140.36	2778
Iteration: 228	1524	1744	2192.3	2809
Iteration: 229	1524	1709	2159.97	2836
Iteration: 230	1524	1585	2116.59	2678
Iteration: 231	1524	1668	2165.18	2872
Iteration: 232	1524	1687	2127.54	2665
Iteration: 233	1517	1517	2092.93	2853
Iteration: 234	1517	1672	2182.49	2906
Iteration: 235	1517	1686	2140.32	2806
Iteration: 236	1517	1728	2137.53	2666
Iteration: 237	1517	1695	2163.7	2967
Iteration: 238	1517	1642	2166	2830
Iteration: 239	1517	1637	2152.45	2733
Iteration: 240	1517	1608	2157.82	2806
Iteration: 241	1517	1596	2155.95	2858
Iteration: 242	1517	1636	2159.52	2757
Iteration: 243	1517	1707	2160.52	2946
Iteration: 244	1517	1711	2153.59	3054
Iteration: 245	1517	1664	2144.3	2890
Iteration: 246	1517	1725	2192.91	2903
Iteration: 247	1517	1673	2164.57	2882
Iteration: 248	1517	1602	2118.73	2800
Iteration: 249	1517	1636	2148.84	3073
Iteration: 250	1517	1771	2173.6	2763
Iteration: 251	1517	1673	2125.09	2744
Iteration: 252	1517	1688	2151.36	2996
Iteration: 253	1517	1784	2160.18	2695
Iteration: 254	1517	1715	2170.41	2990
Iteration: 255	1517	1763	2172.89	2648
Iteration: 256	1517	1717	2137.18	2968
Iteration: 257	1517	1674	2147.49	2942
Iteration: 258	1517	1741	2149.17	2865
Iteration: 259	1517	1673	2155.95	2798
Iteration: 260	1517	1703	2181.77	2841
Iteration: 261	1517	1682	2168.15	2699
Iteration: 262	1517	1648	2148.84	2875
Iteration: 263	1517	1719	2117.47	2689
Iteration: 264	1517	1696	2135.02	2797
Iteration: 265	1517	1657	2154.28	2802
Iteration: 266	1517	1722	2112.6	2710
Iteration: 267	1517	1673	2115.21	2995
Iteration: 268	1517	1693	2158.98	2937
Iteration: 269	1517	1672	2133.97	2709
Iteration: 270	1517	1606	2165.78	3059
Iteration: 271	1517	1593	2181.2	3084
Iteration: 272	1517	1751	2142.77	2894
Iteration: 273	1517	1662	2169.04	2996
Iteration: 274	1517	1602	2129.04	2819
Iteration: 275	1517	1633	2106.89	2620
Iteration: 276	1517	1686	2143.7	2888
Iteration: 277	1517	1639	2134.8	2737
Iteration: 278	1517	1674	2164.91	3025
Iteration: 279	1517	1698	2199.65	3025
Iteration: 280	1517	1604	2136.36	2980
Iteration: 281	1517	1696	2145.27	2831
Iteration: 282	1517	1709	2158.16	2847
Iteration: 283	1517	1715	2150.12	2858
Iteration: 284	1517	1670	2129.09	2832
Iteration: 285	1517	1668	2145.97	2737
Iteration: 286	1517	1723	2145.35	2854
Iteration: 287	1517	1591	2134.12	2966
Iteration: 288	1517	1672	2129.38	2827
Iteration: 289	1517	1616	2152.59	2810
Iteration: 290	1517	1607	2141.22	2809
Iteration: 291	1517	1759	2130.67	2654
Iteration: 292	1517	1612	2197.38	2797
Iteration: 293	1517	1722	2116.39	2693
Iteration: 294	1517	1740	2113.82	2668
Iteration: 295	1517	1719	2120.56	2858
Iteration: 296	1517	1699	2193.79	2858
Iteration: 297	1517	1679	2182.3	2956
Iteration: 298	1517	1620	2117.73	2895
Iteration: 299	1517	1654	2182.44	3043
Iteration: 300	1517	1709	2145	3100
Iteration: 301	1517	1681	2188.35	2814
Iteration: 302	1517	1574	2135.53	2891
Iteration: 303	1517	1697	2160.48	2693
Iteration: 304	1517	1732	2167.63	2647
Iteration: 305	1517	1804	2183.46	3032
Iteration: 306	1517	1676	2135.17	2742
Iteration: 307	1517	1661	2107.93	2759
Iteration: 308	1517	1635	2122.32	2781
Iteration: 309	1517	1720	2186.48	2960
Iteration: 310	1517	1679	2099.92	2906
Iteration: 311	1517	1708	2150.19	3025
Iteration: 312	1517	1787	2161.5	2715
Iteration: 313	1517	1744	2170.39	2683
Iteration: 314	1517	1659	2135.92	2746
Iteration: 315	1517	1692	2139.5	2788
Iteration: 316	1517	1674	2117.01	2849
Iteration: 317	1517	1635	2151.05	2639
Iteration: 318	1517	1682	2142.49	2734
Iteration: 319	1517	1742	2136.61	2649
Iteration: 320	1517	1724	2163.94	3203
Iteration: 321	1517	1721	2141.64	2771
Iteration: 322	1517	1662	2123.39	2829
Iteration: 323	1517	1671	2158.04	3053
Iteration: 324	1517	1751	2183.13	2838
Iteration: 325	1517	1637	2181.16	3011
Iteration: 326	1517	1705	2170.68	2874
Iteration: 327	1517	1701	2115.55	2639
Iteration: 328	1517	1678	2108.82	2775
Iteration: 329	1517	1748	2169.27	2806
Iteration: 330	1517	1749	2131.83	2951
Iteration: 331	1517	1650	2193.71	3045
Iteration: 332	1517	1682	2143.21	2746
Iteration: 333	1517	1677	2179.55	2860
Iteration: 334	1517	1676	2119.41	2930
Iteration: 335	1517	1740	2150.31	2734
Iteration: 336	1517	1709	2163.27	2849
Iteration: 337	1517	1717	2149.66	3161
Iteration: 338	1517	1653	2129.64	2738
Iteration: 339	1517	1745	2192.04	2895
Iteration: 340	1517	1708	2171.64	2922
Iteration: 341	1517	1710	2143.43	2846
Iteration: 342	1517	1624	2113.29	2697
Iteration: 343	1517	1724	2160.57	2764
Iteration: 344	1517	1723	2132.61	3005
Iteration: 345	1517	1729	2161.49	3073
Iteration: 346	1517	1692	2143.32	2759
Iteration: 347	1517	1751	2134.56	3007
Iteration: 348	1517	1636	2131.16	2878
Iteration: 349	1517	1635	2143.61	2729
Iteration: 350	1517	1751	2133.31	2752
Iteration: 351	1517	1595	2141.39	2797
Iteration: 352	1517	1710	2127.05	2810
Iteration: 353	1517	1734	2193.61	2806
Iteration: 354	1517	1784	2149.71	2862
Iteration: 355	1517	1643	2155.08	2805
Iteration: 356	1517	1703	2146.02	3214
Iteration: 357	1517	1698	2148.06	2912
Iteration: 358	1517	1783	2178.77	2677
Iteration: 359	1517	1631	2143.64	2770
Iteration: 360	1517	1793	2188.36	2978
Iteration: 361	1517	1647	2173.12	2672
Iteration: 362	1517	1633	2115.71	2790
Iteration: 363	1517	1741	2196.41	2966
Iteration: 364	1517	1682	2202.6	3025
Iteration: 365	1517	1663	2164.19	3229
Iteration: 366	1517	1651	2196.97	3201
Iteration: 367	1517	1582	2150.2	2861
Iteration: 368	1517	1696	2139.03	2939
Iteration: 369	1517	1720	2162.38	2787
Iteration: 370	1517	1677	2140.48	3063
Iteration: 371	1517	1652	2159.67	2733
Iteration: 372	1517	1715	2197.65	2959
Iteration: 373	1517	1621	2155.66	2866
Iteration: 374	1517	1622	2154.66	2983
Iteration: 375	1517	1661	2148.36	2620
Iteration: 376	1517	1663	2153.78	2886
Iteration: 377	1517	1567	2165.35	3033
Iteration: 378	1517	1687	2139.64	2946
Iteration: 379	1517	1686	2116.82	2668
Iteration: 380	1517	1746	2134.96	2989
Iteration: 381	1517	1582	2153.78	2816
Iteration: 382	1517	1674	2131.84	2689
Iteration: 383	1517	1573	2129.5	2636
Iteration: 384	1517	1667	2162.46	2939
Iteration: 385	1517	1732	2130.33	3001
Iteration: 386	1517	1593	2134.99	2965
Iteration: 387	1517	1688	2147.73	2929
Iteration: 388	1517	1784	2134.45	2952
Iteration: 389	1517	1641	2178.36	2871
Iteration: 390	1517	1719	2174.19	2938
Iteration: 391	1517	1674	2165.25	2826
Iteration: 392	1517	1632	2177.57	2850
Iteration: 393	1517	1683	2118.48	2831
Iteration: 394	1517	1666	2122.36	2989
Iteration: 395	1517	1632	2158.63	2956
Iteration: 396	1517	1654	2152.41	2937
Iteration: 397	1517	1785	2145.65	2698
Iteration: 398	1517	1716	2178.07	2936
Iteration: 399	1517	1643	2148.8	2883
Iteration: 400	1517	1667	2167.73	2718
Iteration: 401	1517	1692	2144.69	2797
Iteration: 402	1517	1692	2111.74	2716
Iteration: 403	1517	1729	2147.68	3214
Iteration: 404	1517	1752	2161.15	2929
Iteration: 405	1517	1638	2157.92	2636
Iteration: 406	1517	1649	2128.33	2874
Iteration: 407	1517	1663	2173.31	2684
Iteration: 408	1517	1692	2126.23	2817
Iteration: 409	1517	1760	2171.42	2878
Iteration: 410	1517	1797	2178.81	2792
Iteration: 411	1517	1686	2169.66	2838
Iteration: 412	1517	1671	2099.68	2763
Iteration: 413	1517	1773	2134.7	2740
Iteration: 414	1517	1627	2172.57	2892
Iteration: 415	1517	1733	2157.83	2684
Iteration: 416	1517	1648	2136.15	2764
Iteration: 417	1517	1627	2093.96	2646
Iteration: 418	1517	1719	2159.52	2833
Iteration: 419	1517	1713	2124.98	2681
Iteration: 420	1517	1692	2146.5	2780
Iteration: 421	1517	1669	2180.36	3014
Iteration: 422	1517	1636	2152.27	2805
Iteration: 423	1517	1649	2157.43	3225
Iteration: 424	1517	1589	2121.89	2699
Iteration: 425	1517	1684	2155.11	3068
Iteration: 426	1517	1688	2153.34	2889
Iteration: 427	1517	1812	2152.36	2728
Iteration: 428	1517	1710	2149.23	2825
Iteration: 429	1517	1672	2129.05	3019
Iteration: 430	1517	1690	2127.57	2900
Iteration: 431	1517	1657	2165.03	2934
Iteration: 432	1517	1598	2186.31	3241
Iteration: 433	1517	1626	2119.07	2880
Iteration: 434	1517	1678	2165.59	2710
Iteration: 435	1517	1670	2156.56	2919
Iteration: 436	1517	1737	2157.99	2805
Iteration: 437	1517	1632	2145.2	2936
Iteration: 438	1517	1736	2131.79	2792
Iteration: 439	1517	1656	2133.24	2718
Iteration: 440	1517	1662	2123.82	2897
Iteration: 441	1517	1702	2150.83	2787
Iteration: 442	1517	1710	2103.45	2894
Iteration: 443	1517	1672	2130.19	2908
Iteration: 444	1517	1790	2162.07	2928
Iteration: 445	1517	1650	2154.42	2872
Iteration: 446	1517	1780	2157.46	2969
Iteration: 447	1517	1725	2147.76	2961
Iteration: 448	1517	1713	2116.58	2721
Iteration: 449	1517	1751	2207.52	2783
Iteration: 450	1517	1794	2147.8	2747
Iteration: 451	1517	1633	2172.73	2954
Iteration: 452	1517	1721	2139.99	2973
Iteration: 453	1517	1670	2130.78	3014
Iteration: 454	1517	1735	2162.63	2764
Iteration: 455	1517	1706	2157.03	2967
Iteration: 456	1517	1708	2145.81	2777
Iteration: 457	1517	1653	2144.47	2978
Iteration: 458	1517	1753	2139.67	2712
Iteration: 459	1517	1682	2125.5	2896
Iteration: 460	1517	1705	2119.52	2752
Iteration: 461	1517	1707	2134.62	2784
Iteration: 462	1517	1683	2156.76	2930
Iteration: 463	1517	1633	2129.78	2800
Iteration: 464	1517	1624	2122.87	2615
Iteration: 465	1517	1633	2190.17	2874
Iteration: 466	1517	1701	2184.81	3265
Iteration: 467	1517	1701	2129.63	2739
Iteration: 468	1517	1648	2148.11	2647
Iteration: 469	1517	1624	2149.88	2642
Iteration: 470	1517	1702	2121.7	2880
Iteration: 471	1517	1701	2107.14	2822
Iteration: 472	1517	1618	2151.1	2901
Iteration: 473	1517	1691	2107.57	2764
Iteration: 474	1517	1569	2092.58	2800
Iteration: 475	1517	1688	2153.27	2913
Iteration: 476	1517	1713	2136.46	3051
Iteration: 477	1517	1640	2124.4	3001
Iteration: 478	1517	1709	2179	2901
Iteration: 479	1517	1748	2175.7	2794
Iteration: 480	1517	1663	2160.09	3043
Iteration: 481	1517	1801	2161.69	2793
Iteration: 482	1517	1648	2143.15	2915
Iteration: 483	1517	1584	2144.87	2967
Iteration: 484	1517	1746	2172.2	2896
Iteration: 485	1517	1696	2163.73	2973
Iteration: 486	1517	1616	2115.19	3038
Iteration: 487	1517	1748	2168.05	2941
Iteration: 488	1517	1751	2187.44	2798
Iteration: 489	1517	1696	2139.21	2980
Iteration: 490	1517	1772	2123.8	2922
Iteration: 491	1517	1681	2195.47	2986
Iteration: 492	1517	1683	2160.33	2680
Iteration: 493	1517	1660	2207.06	3165
Iteration: 494	1517	1679	2134.04	3066
Iteration: 495	1517	1679	2157.94	2894
Iteration: 496	1517	1712	2151.88	2833
Iteration: 497	1517	1740	2127.41	2801
Iteration: 498	1517	1692	2112.27	3048
Iteration: 499	1517	1654	2131.08	2975
