Iteration: 0	1589	1589	1881.8	2339
Iteration: 1	1589	1664	1936.21	2464
Iteration: 2	1586	1586	1925.1	2467
Iteration: 3	1586	1606	1984.18	2785
Iteration: 4	1536	1536	1963.67	2701
Iteration: 5	1509	1509	1988.83	2739
Iteration: 6	1509	1536	1949.5	2448
Iteration: 7	1509	1570	1919.48	2392
Iteration: 8	1509	1568	1961.97	2464
Iteration: 9	1509	1559	1930.17	2716
Iteration: 10	1509	1542	1904.97	2519
Iteration: 11	1509	1599	1906.64	2568
Iteration: 12	1509	1583	1923.46	2408
Iteration: 13	1509	1559	1935.74	2516
Iteration: 14	1509	1536	1914.08	2493
Iteration: 15	1509	1585	1919.36	2293
Iteration: 16	1509	1615	1942.89	2636
Iteration: 17	1509	1600	1883.7	2542
Iteration: 18	1509	1542	1921.51	2529
Iteration: 19	1509	1600	1905.58	2404
Iteration: 20	1484	1484	1905.19	2324
Iteration: 21	1484	1516	1952.03	2571
Iteration: 22	1484	1541	1930.61	2638
Iteration: 23	1484	1579	1893.63	2790
Iteration: 24	1484	1634	1911.2	2498
Iteration: 25	1484	1577	1930.23	2741
Iteration: 26	1484	1609	1925.26	2491
Iteration: 27	1484	1586	1923.09	2848
Iteration: 28	1484	1561	1905.09	2675
Iteration: 29	1484	1546	1922.37	2351
Iteration: 30	1484	1537	1926.52	2506
Iteration: 31	1484	1564	1929.31	2567
Iteration: 32	1484	1580	1905.9	2405
Iteration: 33	1484	1562	1920.78	2689
Iteration: 34	1484	1495	1928.85	2662
Iteration: 35	1484	1547	1944.19	2567
Iteration: 36	1484	1536	1930.58	2606
Iteration: 37	1484	1531	1945.43	2565
Iteration: 38	1484	1624	1944.21	2621
Iteration: 39	1484	1584	1918.07	2388
Iteration: 40	1484	1572	1920.51	2399
Iteration: 41	1484	1542	1933.56	2373
Iteration: 42	1484	1540	1905.15	2312
Iteration: 43	1484	1591	1888.42	2464
Iteration: 44	1484	1618	1908.55	2535
Iteration: 45	1484	1509	1926.21	2491
Iteration: 46	1474	1474	1932.14	2695
Iteration: 47	1474	1600	1925.42	2597
Iteration: 48	1474	1559	1914.95	2890
Iteration: 49	1474	1570	1897.34	2327
Iteration: 50	1474	1590	1907.26	2604
Iteration: 51	1474	1601	1936.61	2589
Iteration: 52	1474	1616	1925.25	2474
Iteration: 53	1474	1568	1912.32	2489
Iteration: 54	1474	1478	1916.43	2523
Iteration: 55	1474	1550	1934.11	2645
Iteration: 56	1474	1559	1942.27	2648
Iteration: 57	1474	1624	1917.65	2610
Iteration: 58	1474	1618	1943.01	2503
Iteration: 59	1474	1480	1927.79	2379
Iteration: 60	1474	1565	1903.19	2476
Iteration: 61	1474	1624	1937.29	2512
Iteration: 62	1474	1571	1925.02	2748
Iteration: 63	1474	1588	1939.97	2448
Iteration: 64	1474	1581	1923.69	2503
Iteration: 65	1474	1578	1951.82	2682
Iteration: 66	1474	1541	1897.28	2390
Iteration: 67	1474	1572	1921.66	2640
Iteration: 68	1474	1611	1931.23	2632
Iteration: 69	1474	1600	1941.73	2572
Iteration: 70	1474	1631	1907.8	2525
Iteration: 71	1474	1587	1933.23	2451
Iteration: 72	1474	1596	1948.34	2790
Iteration: 73	1474	1591	1900.83	2388
Iteration: 74	1474	1539	1898.8	2436
Iteration: 75	1474	1577	1966.19	2509
Iteration: 76	1474	1593	1944.71	2960
Iteration: 77	1474	1537	1879.19	2295
Iteration: 78	1474	1576	1905.7	2410
Iteration: 79	1474	1611	1912.79	2716
Iteration: 80	1474	1577	1902.48	2373
Iteration: 81	1474	1595	1928.77	2644
Iteration: 82	1474	1614	1924.03	2629
Iteration: 83	1474	1588	1921.6	2530
Iteration: 84	1474	1541	1930.43	2448
Iteration: 85	1474	1607	1948.43	2591
Iteration: 86	1474	1571	1891.98	2414
Iteration: 87	1474	1616	1916.19	2557
Iteration: 88	1474	1582	1939.96	2526
Iteration: 89	1474	1600	1933.73	2587
Iteration: 90	1474	1622	1923.49	2869
Iteration: 91	1474	1525	1930.95	2546
Iteration: 92	1474	1603	1947.4	2665
Iteration: 93	1474	1497	1918.93	2560
Iteration: 94	1474	1574	1935.72	2480
Iteration: 95	1474	1597	1925.12	2591
Iteration: 96	1474	1582	1967.37	2617
Iteration: 97	1474	1572	1917.72	2458
Iteration: 98	1474	1547	1929	2530
Iteration: 99	1474	1583	1936.37	2854
Iteration: 100	1465	1465	1946.49	2556
Iteration: 101	1465	1575	1949.15	2601
Iteration: 102	1465	1607	1945.21	2458
Iteration: 103	1465	1573	1916.93	2696
Iteration: 104	1465	1542	1951.34	2572
Iteration: 105	1465	1518	1897.85	2580
Iteration: 106	1465	1558	1890.54	2479
Iteration: 107	1465	1556	1929.81	2537
Iteration: 108	1465	1492	1947.86	2593
Iteration: 109	1465	1551	1943.23	2467
Iteration: 110	1465	1620	1894.29	2402
Iteration: 111	1465	1599	1926.58	2798
Iteration: 112	1465	1587	1953.32	2841
Iteration: 113	1465	1589	1927.98	2408
Iteration: 114	1465	1559	1923.66	2431
Iteration: 115	1465	1599	1945.6	2522
Iteration: 116	1465	1599	1938.71	2474
Iteration: 117	1465	1549	1911.44	2535
Iteration: 118	1465	1602	1925.24	2462
Iteration: 119	1465	1598	1903.65	2455
Iteration: 120	1465	1635	1922.85	2947
Iteration: 121	1465	1580	1916.41	2653
Iteration: 122	1465	1563	1907.49	2651
Iteration: 123	1465	1553	1918.85	2445
Iteration: 124	1465	1597	1914.35	2429
Iteration: 125	1465	1643	1923.96	2519
Iteration: 126	1465	1586	1884.67	2324
Iteration: 127	1465	1563	1931.48	2470
Iteration: 128	1465	1559	1915.41	2724
Iteration: 129	1465	1533	1878.46	2354
Iteration: 130	1465	1607	1900.3	2634
Iteration: 131	1465	1600	1900.7	2533
Iteration: 132	1465	1594	1934.76	2589
Iteration: 133	1465	1565	1916.16	2561
Iteration: 134	1465	1589	1940.94	2516
Iteration: 135	1465	1621	1923.47	2556
Iteration: 136	1465	1539	1930.19	2443
Iteration: 137	1465	1575	1937.87	2433
Iteration: 138	1465	1576	1920.22	2867
Iteration: 139	1465	1573	1893.67	2482
Iteration: 140	1465	1513	1889.13	2565
Iteration: 141	1465	1592	1911.27	2401
Iteration: 142	1465	1593	1925.8	2344
Iteration: 143	1465	1604	1908.67	2474
Iteration: 144	1465	1544	1935.23	2678
Iteration: 145	1465	1537	1923.53	2439
Iteration: 146	1465	1586	1913.36	2581
Iteration: 147	1465	1552	1928.57	2414
Iteration: 148	1460	1460	1943.52	2432
Iteration: 149	1460	1596	1910.95	2456
Iteration: 150	1460	1505	1927.58	2558
Iteration: 151	1460	1595	1913.9	2535
Iteration: 152	1460	1510	1902.09	2549
Iteration: 153	1460	1619	1933.46	2459
Iteration: 154	1460	1563	1918.75	2638
Iteration: 155	1460	1490	1908.55	2728
Iteration: 156	1460	1589	1926.04	2539
Iteration: 157	1460	1608	1924.35	2518
Iteration: 158	1460	1590	1941.97	2605
Iteration: 159	1460	1554	1905.8	2433
Iteration: 160	1460	1604	1911.52	2473
Iteration: 161	1460	1616	1890.29	2475
Iteration: 162	1455	1455	1926.71	2569
Iteration: 163	1455	1588	1920.61	2692
Iteration: 164	1455	1600	1911.66	2499
Iteration: 165	1455	1498	1904.2	2664
Iteration: 166	1455	1545	1893.4	2422
Iteration: 167	1455	1531	1896.93	2448
Iteration: 168	1455	1539	1911.15	2427
Iteration: 169	1455	1530	1940.02	2564
Iteration: 170	1455	1591	1936.24	2563
Iteration: 171	1455	1595	1916.31	2573
Iteration: 172	1455	1543	1910.89	2593
Iteration: 173	1455	1582	1916.54	2390
Iteration: 174	1455	1542	1921.43	2442
Iteration: 175	1455	1539	1940.37	2658
Iteration: 176	1455	1615	1917.5	2823
Iteration: 177	1455	1644	1957.33	2574
Iteration: 178	1455	1576	1904.66	2630
Iteration: 179	1455	1531	1882.09	2438
Iteration: 180	1455	1577	1918.94	2584
Iteration: 181	1455	1632	1876.47	2574
Iteration: 182	1455	1614	1917.15	2546
Iteration: 183	1455	1474	1882.29	2306
Iteration: 184	1455	1526	1949.79	2745
Iteration: 185	1455	1561	1902.29	2406
Iteration: 186	1455	1549	1916.53	2635
Iteration: 187	1455	1623	1913.07	2555
Iteration: 188	1455	1572	1920.52	2765
Iteration: 189	1455	1583	1924.26	2717
Iteration: 190	1455	1521	1947.28	2606
Iteration: 191	1455	1517	1934.08	2886
Iteration: 192	1455	1555	1936.67	2480
Iteration: 193	1455	1606	1923.42	2901
Iteration: 194	1455	1512	1920.01	2580
Iteration: 195	1455	1621	1962.33	2521
Iteration: 196	1455	1576	1920.03	2671
Iteration: 197	1455	1566	1921.91	2561
Iteration: 198	1455	1560	1932.88	2533
Iteration: 199	1455	1503	1897.31	2738
Iteration: 200	1455	1521	1932	2846
Iteration: 201	1455	1587	1937.38	2518
Iteration: 202	1455	1601	1920.51	2737
Iteration: 203	1455	1538	1903.36	2604
Iteration: 204	1455	1573	1892.19	2785
Iteration: 205	1455	1534	1906.89	2398
Iteration: 206	1455	1615	1965.11	2662
Iteration: 207	1455	1569	1914.81	2649
Iteration: 208	1455	1563	1911.75	2496
Iteration: 209	1455	1459	1893.48	2507
Iteration: 210	1455	1550	1903.17	2380
Iteration: 211	1455	1575	1901.06	2331
Iteration: 212	1455	1526	1904.31	2704
Iteration: 213	1455	1651	1936.48	2536
Iteration: 214	1455	1603	1977.93	2691
Iteration: 215	1455	1559	1942.62	2546
Iteration: 216	1455	1629	1937.57	2556
Iteration: 217	1455	1560	1920.3	2382
Iteration: 218	1455	1554	1913.75	2574
Iteration: 219	1455	1502	1915.28	2707
Iteration: 220	1455	1519	1918.51	2765
Iteration: 221	1455	1620	1922.38	2576
Iteration: 222	1455	1637	1958.18	2705
Iteration: 223	1455	1592	1916.73	2353
Iteration: 224	1455	1475	1906.39	2393
Iteration: 225	1455	1534	1909.47	2358
Iteration: 226	1455	1564	1927.12	2465
Iteration: 227	1455	1569	1909	2686
Iteration: 228	1455	1613	1937.53	2626
Iteration: 229	1455	1593	1917.61	2402
Iteration: 230	1455	1565	1946.02	2544
Iteration: 231	1455	1540	1960.05	2845
Iteration: 232	1455	1490	1932.21	2402
Iteration: 233	1455	1549	1964.81	2764
Iteration: 234	1455	1597	1918.25	2337
Iteration: 235	1455	1591	1906.07	2585
Iteration: 236	1455	1569	1897.86	2425
Iteration: 237	1455	1560	1940.33	2378
Iteration: 238	1455	1523	1900.49	2462
Iteration: 239	1455	1529	1912.02	2427
Iteration: 240	1455	1590	1942.23	2634
Iteration: 241	1455	1571	1932.96	2490
Iteration: 242	1455	1561	1941.05	2569
Iteration: 243	1455	1557	1912.86	2449
Iteration: 244	1455	1582	1912.71	2472
Iteration: 245	1455	1552	1919.73	2426
Iteration: 246	1455	1517	1888.46	2387
Iteration: 247	1455	1599	1908.31	2602
Iteration: 248	1455	1495	1886.38	2663
Iteration: 249	1455	1580	1917.24	2320
Iteration: 250	1455	1564	1903.01	2582
Iteration: 251	1455	1552	1896.11	2382
Iteration: 252	1455	1509	1922.37	2610
Iteration: 253	1455	1630	1929.45	2592
Iteration: 254	1455	1557	1933.6	2536
Iteration: 255	1455	1530	1934.7	2374
Iteration: 256	1455	1519	1905.11	2362
Iteration: 257	1455	1516	1949.61	2529
Iteration: 258	1455	1592	1951.15	2738
Iteration: 259	1455	1551	1898.29	2670
Iteration: 260	1455	1528	1937.9	2477
Iteration: 261	1455	1560	1907.93	2353
Iteration: 262	1455	1619	1879.13	2321
Iteration: 263	1455	1610	1944.86	2719
Iteration: 264	1455	1547	1893.4	2445
Iteration: 265	1455	1579	1925.66	2494
Iteration: 266	1455	1545	1930.52	2470
Iteration: 267	1455	1628	1934.89	2478
Iteration: 268	1455	1584	1947.89	2505
Iteration: 269	1455	1592	1918.43	2381
Iteration: 270	1455	1543	1932	2611
Iteration: 271	1455	1592	1951.34	2590
Iteration: 272	1455	1481	1915.77	2421
Iteration: 273	1455	1500	1898.75	2661
Iteration: 274	1455	1602	1918.08	2439
Iteration: 275	1455	1587	1942.56	2484
Iteration: 276	1455	1646	1930.2	2833
Iteration: 277	1455	1597	1930.95	2344
Iteration: 278	1455	1612	1921.89	2490
Iteration: 279	1455	1535	1908.73	2423
Iteration: 280	1455	1611	1936.12	2543
Iteration: 281	1455	1479	1894.06	2508
Iteration: 282	1455	1580	1942.25	2699
Iteration: 283	1455	1489	1912.92	2508
Iteration: 284	1455	1564	1905.48	2432
Iteration: 285	1455	1584	1931.01	2480
Iteration: 286	1455	1577	1930.63	2670
Iteration: 287	1455	1618	1945.98	2491
Iteration: 288	1455	1592	1881.59	2400
Iteration: 289	1455	1560	1931.19	2574
Iteration: 290	1455	1577	1918.52	2821
Iteration: 291	1455	1537	1948.81	3070
Iteration: 292	1455	1534	1901.05	2433
Iteration: 293	1455	1500	1941.81	2382
Iteration: 294	1455	1541	1880.79	2374
Iteration: 295	1455	1565	1937.49	2840
Iteration: 296	1455	1515	1895.32	2507
Iteration: 297	1455	1562	1919.81	2394
Iteration: 298	1455	1597	1932.26	2436
Iteration: 299	1455	1603	1959.26	2591
Iteration: 300	1455	1578	1907.81	2484
Iteration: 301	1455	1621	1910.15	2429
Iteration: 302	1455	1664	1925.45	2450
Iteration: 303	1455	1613	1922.58	2574
Iteration: 304	1455	1636	1931.44	2616
Iteration: 305	1455	1553	1932.55	2509
Iteration: 306	1455	1597	1930.99	2534
Iteration: 307	1455	1603	1912.54	2529
Iteration: 308	1455	1597	1909.37	2421
Iteration: 309	1455	1613	1926.99	2438
Iteration: 310	1455	1581	1899.43	2496
Iteration: 311	1455	1569	1901.93	2461
Iteration: 312	1455	1579	1917.52	2340
Iteration: 313	1455	1569	1911.81	2468
Iteration: 314	1455	1579	1912.47	2656
Iteration: 315	1455	1614	1919.05	2372
Iteration: 316	1455	1584	1931.33	2507
Iteration: 317	1455	1599	1921.87	2785
Iteration: 318	1455	1480	1894.25	2537
Iteration: 319	1455	1550	1901.44	2559
Iteration: 320	1455	1492	1952.15	2905
Iteration: 321	1455	1584	1930.94	2613
Iteration: 322	1455	1558	1921.44	2467
Iteration: 323	1455	1586	1922.05	2700
Iteration: 324	1455	1591	1919.87	2532
Iteration: 325	1455	1582	1939.58	2523
Iteration: 326	1455	1510	1912.62	2484
Iteration: 327	1455	1606	1908.29	2366
Iteration: 328	1455	1584	1931.21	2426
Iteration: 329	1455	1586	1880.77	2349
Iteration: 330	1455	1544	1975.68	2533
Iteration: 331	1455	1557	1942.74	2956
Iteration: 332	1455	1554	1888.84	2719
Iteration: 333	1455	1532	1887.59	2494
Iteration: 334	1455	1597	1891.36	2334
Iteration: 335	1455	1498	1969.38	2630
Iteration: 336	1449	1449	1905.3	2443
Iteration: 337	1449	1543	1941.48	3011
Iteration: 338	1449	1575	1922.02	2761
Iteration: 339	1449	1536	1968.48	2680
Iteration: 340	1449	1548	1914.15	2535
Iteration: 341	1449	1515	1893.53	2366
Iteration: 342	1449	1593	1935.64	2702
Iteration: 343	1449	1591	1867.03	2493
Iteration: 344	1449	1540	1921.86	2435
Iteration: 345	1449	1551	1920.91	2833
Iteration: 346	1449	1624	1933.69	2752
Iteration: 347	1449	1583	1918.66	2503
Iteration: 348	1449	1588	1934.27	2580
Iteration: 349	1449	1592	1927.04	2539
Iteration: 350	1449	1554	1939.57	2534
Iteration: 351	1449	1625	1946.74	2505
Iteration: 352	1449	1523	1913.16	2544
Iteration: 353	1449	1553	1943.46	2465
Iteration: 354	1449	1633	1907.19	2580
Iteration: 355	1449	1605	1962.38	2652
Iteration: 356	1449	1603	1910.26	2746
Iteration: 357	1449	1555	1904.97	2471
Iteration: 358	1449	1541	1898.35	2548
Iteration: 359	1449	1542	1889.77	2523
Iteration: 360	1449	1615	1957.29	2493
Iteration: 361	1449	1572	1908.86	2652
Iteration: 362	1449	1487	1903.44	2755
Iteration: 363	1449	1628	1911.24	2500
Iteration: 364	1449	1553	1911.2	2416
Iteration: 365	1449	1537	1913.19	2726
Iteration: 366	1449	1645	1953.77	2575
Iteration: 367	1449	1620	1948.09	2549
Iteration: 368	1449	1548	1896.13	2845
Iteration: 369	1449	1588	1885.04	2525
Iteration: 370	1449	1573	1919.73	2649
Iteration: 371	1449	1507	1917.09	2515
Iteration: 372	1449	1561	1923.91	2505
Iteration: 373	1449	1611	1948.61	2690
Iteration: 374	1449	1569	1950.87	2770
Iteration: 375	1449	1559	1896.06	2658
Iteration: 376	1449	1569	1910.55	2464
Iteration: 377	1449	1535	1918.58	2552
Iteration: 378	1449	1553	1896.83	2438
Iteration: 379	1449	1601	1918.36	2544
Iteration: 380	1449	1618	1898.32	2472
Iteration: 381	1449	1614	1919.88	2391
Iteration: 382	1449	1573	1917	2507
Iteration: 383	1449	1597	1895.87	2532
Iteration: 384	1449	1529	1950.25	2499
Iteration: 385	1449	1559	1882.1	2663
Iteration: 386	1449	1590	1917.49	2470
Iteration: 387	1449	1554	1892.95	2622
Iteration: 388	1449	1585	1917.31	2534
Iteration: 389	1449	1558	1882.48	2594
Iteration: 390	1449	1572	1919.21	2552
Iteration: 391	1400	1400	1944.93	2436
Iteration: 392	1400	1509	1918.54	2479
Iteration: 393	1400	1565	1883.61	2489
Iteration: 394	1400	1571	1925.51	2693
Iteration: 395	1400	1588	1912.82	2488
Iteration: 396	1400	1515	1904.68	2264
Iteration: 397	1400	1553	1932.34	2616
Iteration: 398	1400	1534	1950.66	2569
Iteration: 399	1400	1535	1919.99	2719
Iteration: 400	1400	1492	1917.74	2360
Iteration: 401	1400	1592	1914.43	2615
Iteration: 402	1400	1597	1939.09	2570
Iteration: 403	1400	1557	1922.52	2540
Iteration: 404	1400	1568	1943.34	2580
Iteration: 405	1400	1595	1925.72	2588
Iteration: 406	1400	1617	1962.89	2562
Iteration: 407	1400	1573	1919.79	2597
Iteration: 408	1400	1561	1908.67	2526
Iteration: 409	1400	1517	1923.58	2715
Iteration: 410	1400	1609	1917.02	2456
Iteration: 411	1400	1576	1908.15	2456
Iteration: 412	1400	1594	1924.25	2423
Iteration: 413	1400	1545	1913.27	2517
Iteration: 414	1400	1607	1935.26	2864
Iteration: 415	1400	1633	1928.65	2462
Iteration: 416	1400	1497	1887.65	2525
Iteration: 417	1400	1613	1985.03	2600
Iteration: 418	1400	1515	1904.12	2488
Iteration: 419	1400	1580	1941.05	2426
Iteration: 420	1400	1611	1926.85	2534
Iteration: 421	1400	1575	1949.65	2752
Iteration: 422	1400	1562	1919.39	2478
Iteration: 423	1400	1604	1879.23	2347
Iteration: 424	1400	1566	1919.31	2667
Iteration: 425	1400	1553	1927.99	2617
Iteration: 426	1400	1609	1899.88	2504
Iteration: 427	1400	1517	1931.2	2472
Iteration: 428	1400	1573	1911.03	2747
Iteration: 429	1400	1568	1915.13	2554
Iteration: 430	1400	1484	1903.85	2418
Iteration: 431	1400	1593	1901.73	2494
Iteration: 432	1400	1526	1935.83	2519
Iteration: 433	1400	1639	1923.7	2568
Iteration: 434	1400	1555	1882.65	2315
Iteration: 435	1400	1590	1919.35	2376
Iteration: 436	1400	1582	1914.27	2359
Iteration: 437	1400	1644	1924.97	2568
Iteration: 438	1400	1603	1935.42	2526
Iteration: 439	1400	1603	1948.67	2564
Iteration: 440	1400	1564	1891.37	2350
Iteration: 441	1400	1596	1949.28	2729
Iteration: 442	1400	1535	1887.32	2390
Iteration: 443	1400	1566	1923.07	2575
Iteration: 444	1400	1586	1936.26	2919
Iteration: 445	1400	1599	1910.8	2410
Iteration: 446	1400	1577	1891.21	2343
Iteration: 447	1400	1599	1943.18	2772
Iteration: 448	1400	1543	1959.84	2582
Iteration: 449	1400	1633	1970.07	2509
Iteration: 450	1400	1636	1926.2	2600
Iteration: 451	1400	1587	1909.23	2521
Iteration: 452	1400	1561	1937.37	2637
Iteration: 453	1400	1557	1876.48	2550
Iteration: 454	1400	1624	1921.21	2338
Iteration: 455	1400	1555	1925.47	2436
Iteration: 456	1400	1558	1904.79	2389
Iteration: 457	1400	1562	1894.18	2376
Iteration: 458	1400	1599	1933.89	2617
Iteration: 459	1400	1595	1939.31	3051
Iteration: 460	1400	1551	1929.93	2404
Iteration: 461	1400	1510	1890.43	2872
Iteration: 462	1400	1560	1929.49	2566
Iteration: 463	1400	1634	1946.55	2620
Iteration: 464	1400	1534	1910.17	2407
Iteration: 465	1400	1549	1921.23	2523
Iteration: 466	1400	1564	1937.4	2605
Iteration: 467	1400	1556	1910.04	2635
Iteration: 468	1400	1612	1903.98	2511
Iteration: 469	1400	1544	1932.47	2582
Iteration: 470	1400	1533	1909.54	2440
Iteration: 471	1400	1543	1906.93	2600
Iteration: 472	1400	1576	1899.74	2421
Iteration: 473	1400	1589	1942	2397
Iteration: 474	1400	1558	1905.17	2437
Iteration: 475	1400	1593	1931.39	2746
Iteration: 476	1400	1616	1933.22	2624
Iteration: 477	1400	1582	1926.04	2411
Iteration: 478	1400	1579	1967.95	2730
Iteration: 479	1400	1535	1916.55	2588
Iteration: 480	1400	1552	1934.95	2599
Iteration: 481	1400	1649	1895.4	2553
Iteration: 482	1400	1612	1928.15	2463
Iteration: 483	1400	1564	1928.52	2441
Iteration: 484	1400	1601	1925.24	2453
Iteration: 485	1400	1548	1927.79	2494
Iteration: 486	1400	1523	1899.56	2473
Iteration: 487	1400	1586	1962.88	2618
Iteration: 488	1400	1559	1933.03	2365
Iteration: 489	1400	1547	1926.57	2791
Iteration: 490	1400	1583	1924.06	2656
Iteration: 491	1400	1516	1958.5	2644
Iteration: 492	1400	1603	1917.55	2560
Iteration: 493	1400	1542	1906.22	2528
Iteration: 494	1400	1490	1934.9	2597
Iteration: 495	1400	1562	1918.2	2537
Iteration: 496	1400	1534	1902.38	2427
Iteration: 497	1400	1555	1901	2516
Iteration: 498	1400	1542	1949.08	2496
Iteration: 499	1400	1540	1922.71	2681
