Iteration: 0	1623	1623	1910.68	2387
Iteration: 1	1623	1649	1900.73	2541
Iteration: 2	1587	1587	1932.08	2634
Iteration: 3	1578	1578	1960.2	2430
Iteration: 4	1578	1598	2008.25	2611
Iteration: 5	1578	1604	1978.61	2589
Iteration: 6	1578	1600	1968.8	2749
Iteration: 7	1562	1562	1920.14	2611
Iteration: 8	1562	1600	1965.8	2690
Iteration: 9	1559	1559	1929	2490
Iteration: 10	1559	1564	1928.46	2514
Iteration: 11	1559	1614	1903.03	2492
Iteration: 12	1559	1561	1912.33	2430
Iteration: 13	1559	1581	1904.96	2397
Iteration: 14	1559	1572	1912.36	2400
Iteration: 15	1559	1574	1952.01	2603
Iteration: 16	1559	1580	1927.36	2308
Iteration: 17	1544	1544	1925.64	2608
Iteration: 18	1526	1526	1898.73	2468
Iteration: 19	1526	1575	1916.95	2450
Iteration: 20	1526	1592	1903.15	2533
Iteration: 21	1526	1554	1926.05	2505
Iteration: 22	1526	1574	1938.22	2582
Iteration: 23	1526	1551	1891.7	2364
Iteration: 24	1526	1550	1905.77	2563
Iteration: 25	1526	1592	1929.69	2376
Iteration: 26	1526	1561	1921.5	2490
Iteration: 27	1506	1506	1941.01	2615
Iteration: 28	1506	1565	1905.08	2664
Iteration: 29	1506	1534	1928.52	2618
Iteration: 30	1506	1599	1927.35	3164
Iteration: 31	1506	1589	1905.43	2555
Iteration: 32	1506	1593	1928.92	2481
Iteration: 33	1506	1559	1907.4	2290
Iteration: 34	1500	1500	1912.99	2668
Iteration: 35	1500	1534	1908.49	2609
Iteration: 36	1500	1522	1900.64	2706
Iteration: 37	1500	1568	1926.06	2451
Iteration: 38	1500	1599	1902.5	2378
Iteration: 39	1500	1551	1968.7	2632
Iteration: 40	1500	1578	1895.5	2360
Iteration: 41	1500	1527	1908.84	2508
Iteration: 42	1500	1562	1934.11	2543
Iteration: 43	1500	1539	1890.76	2545
Iteration: 44	1500	1607	1943.4	2601
Iteration: 45	1500	1597	1927.34	2579
Iteration: 46	1500	1537	1909.83	2635
Iteration: 47	1500	1654	1915.67	2505
Iteration: 48	1500	1539	1937.7	2606
Iteration: 49	1500	1589	1920.61	2370
Iteration: 50	1500	1561	1893.42	2511
Iteration: 51	1500	1513	1938.55	2401
Iteration: 52	1500	1597	1942.79	2406
Iteration: 53	1500	1628	1931.61	2454
Iteration: 54	1500	1537	1916.51	2646
Iteration: 55	1500	1568	1912.27	2484
Iteration: 56	1500	1585	1907.01	2595
Iteration: 57	1500	1581	1910.16	2529
Iteration: 58	1500	1568	1931.65	2649
Iteration: 59	1500	1533	1898.34	2585
Iteration: 60	1500	1555	1895.57	2570
Iteration: 61	1500	1614	1917.63	2428
Iteration: 62	1500	1545	1909.82	2434
Iteration: 63	1500	1611	1927.3	2648
Iteration: 64	1500	1614	1948.41	2517
Iteration: 65	1500	1583	1940.43	2486
Iteration: 66	1500	1549	1909.47	2560
Iteration: 67	1500	1516	1913.14	2473
Iteration: 68	1500	1584	1897.9	2587
Iteration: 69	1500	1656	1999.33	2638
Iteration: 70	1500	1588	1920.73	2414
Iteration: 71	1500	1564	1919.52	2442
Iteration: 72	1500	1534	1887.34	2310
Iteration: 73	1500	1656	1900.96	2443
Iteration: 74	1500	1548	1915.85	2937
Iteration: 75	1500	1550	1914.26	2576
Iteration: 76	1500	1610	1957.65	2501
Iteration: 77	1500	1601	1942.27	2447
Iteration: 78	1500	1615	1941.94	2422
Iteration: 79	1500	1559	1907	2518
Iteration: 80	1500	1592	1938.01	2573
Iteration: 81	1500	1571	1906.39	2478
Iteration: 82	1500	1581	1924.25	2442
Iteration: 83	1500	1565	1925.59	2386
Iteration: 84	1500	1542	1931.56	2684
Iteration: 85	1500	1587	1891.16	2517
Iteration: 86	1500	1568	1904.8	2448
Iteration: 87	1500	1636	1947.18	2476
Iteration: 88	1500	1606	1910.55	2895
Iteration: 89	1500	1536	1909.17	2358
Iteration: 90	1500	1586	1906.6	2339
Iteration: 91	1500	1531	1953.6	2584
Iteration: 92	1500	1609	1909.7	2510
Iteration: 93	1500	1525	1919.85	2745
Iteration: 94	1500	1508	1942.39	2490
Iteration: 95	1500	1615	1947.31	2700
Iteration: 96	1500	1656	1913.66	2415
Iteration: 97	1500	1543	1929.89	2609
Iteration: 98	1500	1536	1942.34	2601
Iteration: 99	1500	1556	1923.04	2606
Iteration: 100	1500	1563	1882.46	2431
Iteration: 101	1500	1515	1960.14	2695
Iteration: 102	1500	1531	1913.23	2710
Iteration: 103	1500	1522	1933.26	2622
Iteration: 104	1500	1528	1930.31	2809
Iteration: 105	1500	1521	1909.86	2465
Iteration: 106	1500	1520	1882.51	2479
Iteration: 107	1500	1539	1889.81	2440
Iteration: 108	1500	1591	1922.72	2684
Iteration: 109	1500	1555	1919.34	2443
Iteration: 110	1500	1563	1946.3	2743
Iteration: 111	1500	1611	1912.15	2756
Iteration: 112	1500	1543	1896.65	2522
Iteration: 113	1500	1503	1921.92	2587
Iteration: 114	1500	1553	1909.83	2596
Iteration: 115	1500	1665	1954.54	2578
Iteration: 116	1500	1522	1914.79	2531
Iteration: 117	1500	1609	1931.7	2454
Iteration: 118	1500	1556	1951.08	2511
Iteration: 119	1500	1502	1923.59	2404
Iteration: 120	1500	1551	1913.56	2583
Iteration: 121	1500	1561	1900.42	2472
Iteration: 122	1500	1585	1945.12	2740
Iteration: 123	1500	1561	1911.53	2357
Iteration: 124	1500	1555	1916.66	2468
Iteration: 125	1500	1519	1925.14	2602
Iteration: 126	1500	1525	1918.43	2437
Iteration: 127	1500	1581	1923.3	2663
Iteration: 128	1500	1634	1956.91	2943
Iteration: 129	1500	1566	1927.61	2480
Iteration: 130	1500	1596	1913.06	2611
Iteration: 131	1500	1553	1926.24	2377
Iteration: 132	1500	1582	1906.03	2593
Iteration: 133	1500	1566	1952.64	2520
Iteration: 134	1500	1594	1937.41	2427
Iteration: 135	1500	1571	1935.27	2441
Iteration: 136	1500	1538	1922.01	3065
Iteration: 137	1500	1543	1943.16	2565
Iteration: 138	1500	1585	1880.14	2238
Iteration: 139	1500	1564	1912.9	2438
Iteration: 140	1500	1550	1932.65	2567
Iteration: 141	1500	1565	1899.31	2380
Iteration: 142	1500	1520	1970.33	2619
Iteration: 143	1500	1505	1923.93	2566
Iteration: 144	1500	1520	1911.72	2588
Iteration: 145	1500	1611	1955.42	2686
Iteration: 146	1500	1531	1928.31	2705
Iteration: 147	1500	1522	1911.78	2674
Iteration: 148	1500	1584	1929.68	2473
Iteration: 149	1500	1558	1926.89	2385
Iteration: 150	1500	1611	1918.83	2655
Iteration: 151	1500	1611	1961.94	2430
Iteration: 152	1500	1515	1944.57	2574
Iteration: 153	1500	1602	1930.44	2467
Iteration: 154	1500	1563	1940.17	2567
Iteration: 155	1500	1619	1936.95	2525
Iteration: 156	1500	1594	1933.76	2691
Iteration: 157	1500	1514	1914.41	2666
Iteration: 158	1500	1532	1927.66	2591
Iteration: 159	1500	1586	1909.66	2450
Iteration: 160	1500	1515	1913.5	2652
Iteration: 161	1500	1598	1908.89	2437
Iteration: 162	1500	1597	1947.85	2732
Iteration: 163	1500	1611	1904.3	2309
Iteration: 164	1500	1550	1938.7	2625
Iteration: 165	1500	1579	1904.77	2475
Iteration: 166	1500	1513	1936.06	2898
Iteration: 167	1500	1612	1932.96	2409
Iteration: 168	1500	1560	1942.72	2642
Iteration: 169	1500	1572	1908.65	2359
Iteration: 170	1500	1594	1938.29	2590
Iteration: 171	1500	1554	1900.78	2610
Iteration: 172	1500	1586	1942.32	2587
Iteration: 173	1500	1554	1927.43	2553
Iteration: 174	1500	1555	1908.18	2657
Iteration: 175	1500	1567	1897.44	2510
Iteration: 176	1500	1563	1913.57	3068
Iteration: 177	1500	1583	1921.52	2659
Iteration: 178	1500	1587	1928.43	2399
Iteration: 179	1500	1590	1872.49	2486
Iteration: 180	1500	1594	1939.24	2481
Iteration: 181	1500	1625	1923.01	2488
Iteration: 182	1500	1610	1928.41	2654
Iteration: 183	1500	1570	1899.51	2367
Iteration: 184	1500	1572	1917.68	2422
Iteration: 185	1500	1515	1909.06	2424
Iteration: 186	1500	1553	1907.38	2444
Iteration: 187	1500	1522	1913.67	2744
Iteration: 188	1500	1544	1961.23	2594
Iteration: 189	1500	1588	1915.08	2433
Iteration: 190	1500	1584	1925.23	2755
Iteration: 191	1500	1624	1919.12	2536
Iteration: 192	1500	1551	1884.39	2614
Iteration: 193	1500	1510	1918.84	2460
Iteration: 194	1500	1572	1948.27	2443
Iteration: 195	1500	1531	1954.21	2723
Iteration: 196	1500	1509	1905.86	2214
Iteration: 197	1500	1596	1933.21	2593
Iteration: 198	1500	1548	1910.23	2490
Iteration: 199	1500	1536	1939.89	2654
Iteration: 200	1500	1555	1871.35	2668
Iteration: 201	1500	1582	1924.84	2928
Iteration: 202	1500	1579	1916.01	2380
Iteration: 203	1500	1564	1943.42	2968
Iteration: 204	1500	1556	1909.93	2339
Iteration: 205	1500	1616	1955.08	2624
Iteration: 206	1500	1562	1922.16	2643
Iteration: 207	1500	1503	1960.7	2643
Iteration: 208	1500	1575	1929.02	2596
Iteration: 209	1500	1612	1909.51	2740
Iteration: 210	1500	1580	1905.24	2432
Iteration: 211	1500	1561	1923.1	2835
Iteration: 212	1500	1584	1935.7	2676
Iteration: 213	1500	1581	1902.26	2759
Iteration: 214	1500	1554	1903.49	2495
Iteration: 215	1500	1569	1930.32	2501
Iteration: 216	1500	1547	1941.43	2835
Iteration: 217	1500	1581	1926.74	2626
Iteration: 218	1500	1554	1917.72	2589
Iteration: 219	1500	1577	1898.59	2668
Iteration: 220	1500	1622	1926.8	2602
Iteration: 221	1500	1563	1922.3	2672
Iteration: 222	1500	1577	1915.07	2494
Iteration: 223	1500	1566	1901.77	2412
Iteration: 224	1500	1560	1925.36	3003
Iteration: 225	1490	1490	1930.26	2546
Iteration: 226	1439	1439	1883.06	2349
Iteration: 227	1439	1523	1924.11	2506
Iteration: 228	1439	1583	1937.29	2476
Iteration: 229	1439	1552	1888.25	2375
Iteration: 230	1439	1625	1922.39	2547
Iteration: 231	1439	1599	1932.15	2482
Iteration: 232	1439	1557	1915.5	2462
Iteration: 233	1439	1618	1929.5	2496
Iteration: 234	1439	1609	1941.91	2733
Iteration: 235	1439	1633	1942.89	2454
Iteration: 236	1439	1619	1904.09	2685
Iteration: 237	1439	1551	1928.04	2568
Iteration: 238	1439	1586	1896.3	2416
Iteration: 239	1439	1610	1914.95	2351
Iteration: 240	1439	1538	1905.92	2573
Iteration: 241	1439	1551	1940.21	3302
Iteration: 242	1439	1571	1940.65	2701
Iteration: 243	1439	1531	1914.23	2638
Iteration: 244	1439	1521	1880.8	2984
Iteration: 245	1439	1575	1913.34	2453
Iteration: 246	1439	1583	1909.28	2714
Iteration: 247	1439	1622	1949.64	2586
Iteration: 248	1439	1520	1885.15	2549
Iteration: 249	1439	1584	1911.94	2600
Iteration: 250	1439	1529	1921.47	2540
Iteration: 251	1439	1601	1929.95	2569
Iteration: 252	1439	1613	1943.3	2462
Iteration: 253	1439	1554	1928.53	2512
Iteration: 254	1439	1581	1921.11	2605
Iteration: 255	1439	1599	1925.34	2459
Iteration: 256	1439	1613	1926.42	2425
Iteration: 257	1439	1535	1902.13	2547
Iteration: 258	1439	1605	1958.09	2593
Iteration: 259	1439	1620	1903.41	2468
Iteration: 260	1439	1621	1922.88	2545
Iteration: 261	1439	1612	1911.89	2422
Iteration: 262	1439	1575	1890.86	2665
Iteration: 263	1439	1608	1956.69	2576
Iteration: 264	1439	1571	1916.58	2705
Iteration: 265	1439	1537	1911.39	2341
Iteration: 266	1439	1672	1936.47	2364
Iteration: 267	1439	1586	1933.34	2433
Iteration: 268	1439	1549	1872.55	2391
Iteration: 269	1439	1505	1937.54	2548
Iteration: 270	1439	1499	1906.19	2501
Iteration: 271	1439	1620	1987.94	2636
Iteration: 272	1439	1548	1950.88	2512
Iteration: 273	1439	1523	1890.88	2368
Iteration: 274	1439	1592	1902.74	2871
Iteration: 275	1439	1545	1920.56	2435
Iteration: 276	1439	1533	1919.1	2576
Iteration: 277	1439	1509	1899.9	2565
Iteration: 278	1439	1533	1927.73	2733
Iteration: 279	1439	1544	1918.41	2387
Iteration: 280	1439	1571	1917.09	2620
Iteration: 281	1439	1571	1939.8	2532
Iteration: 282	1439	1523	1921.35	2527
Iteration: 283	1439	1607	1953	2551
Iteration: 284	1439	1587	1947.79	2772
Iteration: 285	1439	1572	1915.7	2456
Iteration: 286	1439	1600	1924.33	2387
Iteration: 287	1439	1516	1923.66	2507
Iteration: 288	1439	1556	1906.12	2437
Iteration: 289	1439	1549	1901	2429
Iteration: 290	1439	1486	1914.45	2356
Iteration: 291	1439	1605	1902.03	2488
Iteration: 292	1439	1537	1929.88	2481
Iteration: 293	1439	1620	1923.86	2412
Iteration: 294	1439	1621	1912.93	2500
Iteration: 295	1439	1561	1910.22	2646
Iteration: 296	1439	1514	1922.29	2472
Iteration: 297	1439	1600	1911.75	2604
Iteration: 298	1439	1632	1917.23	2381
Iteration: 299	1439	1600	1941.06	2643
Iteration: 300	1439	1587	1926.28	2749
Iteration: 301	1439	1554	1904.63	2505
Iteration: 302	1439	1589	1940.65	2527
Iteration: 303	1439	1501	1916.19	2466
Iteration: 304	1439	1600	1918.95	2588
Iteration: 305	1439	1473	1918.8	2546
Iteration: 306	1439	1556	1928	2406
Iteration: 307	1439	1536	1929.21	2533
Iteration: 308	1439	1587	1924.51	2458
Iteration: 309	1439	1595	1918.82	2617
Iteration: 310	1439	1593	1982.58	2884
Iteration: 311	1439	1582	1920.42	2695
Iteration: 312	1439	1513	1936.31	2612
Iteration: 313	1439	1642	1928.81	2596
Iteration: 314	1439	1646	1947.6	2705
Iteration: 315	1439	1603	1925.4	2467
Iteration: 316	1439	1570	1898.79	2542
Iteration: 317	1439	1585	1890.14	2570
Iteration: 318	1439	1580	1924.38	2492
Iteration: 319	1439	1571	1869.36	2324
Iteration: 320	1439	1591	1902.37	2524
Iteration: 321	1439	1620	1910.31	2476
Iteration: 322	1439	1599	1890.77	2492
Iteration: 323	1439	1600	1961.71	2756
Iteration: 324	1439	1563	1899.43	2445
Iteration: 325	1439	1579	1911.7	2281
Iteration: 326	1439	1552	1905.99	2444
Iteration: 327	1439	1590	1964.61	2358
Iteration: 328	1439	1585	1922.03	2684
Iteration: 329	1439	1572	1898.37	2384
Iteration: 330	1439	1561	1927.04	2456
Iteration: 331	1439	1504	1917.65	2338
Iteration: 332	1439	1550	1957.89	2503
Iteration: 333	1439	1578	1947.75	2602
Iteration: 334	1439	1538	1944.89	2467
Iteration: 335	1439	1577	1867.81	2398
Iteration: 336	1439	1547	1909.97	3094
Iteration: 337	1439	1605	1935.71	2665
Iteration: 338	1439	1504	1912.87	2551
Iteration: 339	1439	1577	1910.72	2526
Iteration: 340	1439	1571	1906.41	2471
Iteration: 341	1439	1509	1920.59	2717
Iteration: 342	1439	1597	1918.77	2355
Iteration: 343	1439	1587	1937.07	2519
Iteration: 344	1439	1623	1938.69	2886
Iteration: 345	1439	1528	1933.37	2582
Iteration: 346	1439	1595	1933.17	2558
Iteration: 347	1439	1591	1944.68	2651
Iteration: 348	1439	1509	1926.75	2457
Iteration: 349	1439	1540	1909.15	2434
Iteration: 350	1439	1486	1943.02	2592
Iteration: 351	1439	1542	1905.66	2491
Iteration: 352	1439	1652	1917.48	2670
Iteration: 353	1439	1640	1942.8	2880
Iteration: 354	1439	1637	1946.6	2665
Iteration: 355	1439	1604	1899.66	2396
Iteration: 356	1439	1581	1955.93	2632
Iteration: 357	1439	1543	1916.08	2398
Iteration: 358	1439	1607	1951.27	2605
Iteration: 359	1439	1602	1936.06	2698
Iteration: 360	1439	1560	1933.52	2480
Iteration: 361	1439	1550	1935.43	2666
Iteration: 362	1439	1496	1905.49	2665
Iteration: 363	1439	1589	1950.38	2609
Iteration: 364	1439	1510	1902.08	2505
Iteration: 365	1439	1575	1917.96	2787
Iteration: 366	1439	1579	1897.24	2538
Iteration: 367	1439	1545	1937.4	2979
Iteration: 368	1439	1597	1903.64	2782
Iteration: 369	1439	1581	1876.94	2461
Iteration: 370	1439	1581	1902.28	2742
Iteration: 371	1439	1568	1929.32	2584
Iteration: 372	1439	1610	1932.13	2458
Iteration: 373	1439	1594	1911.16	2526
Iteration: 374	1439	1544	1903.87	2317
Iteration: 375	1439	1580	1936.11	2638
Iteration: 376	1439	1614	1891.35	2360
Iteration: 377	1439	1560	1912.99	2330
Iteration: 378	1439	1509	1947.07	2483
Iteration: 379	1439	1505	1900.33	2488
Iteration: 380	1439	1536	1902.08	2664
Iteration: 381	1439	1607	1922.2	2442
Iteration: 382	1439	1562	1911.64	2543
Iteration: 383	1439	1475	1916.72	2567
Iteration: 384	1439	1616	1943.67	2407
Iteration: 385	1439	1580	1907.32	2845
Iteration: 386	1439	1578	1913.7	2650
Iteration: 387	1439	1627	1907.1	2597
Iteration: 388	1439	1607	1910.64	2687
Iteration: 389	1439	1565	1887.67	2536
Iteration: 390	1439	1580	1927.57	2355
Iteration: 391	1439	1636	1929.43	2570
Iteration: 392	1439	1516	1929.11	2783
Iteration: 393	1439	1581	1936.11	2429
Iteration: 394	1439	1513	1901.96	2490
Iteration: 395	1439	1614	1937.45	2448
Iteration: 396	1439	1534	1934.4	2488
Iteration: 397	1439	1620	1957.28	2783
Iteration: 398	1439	1599	1949.13	3138
Iteration: 399	1439	1612	1908.24	2460
Iteration: 400	1439	1561	1944.22	2872
Iteration: 401	1439	1584	1918.02	2382
Iteration: 402	1439	1548	1939.09	2455
Iteration: 403	1439	1477	1914.47	2583
Iteration: 404	1439	1564	1943.52	2437
Iteration: 405	1439	1559	1913.67	2326
Iteration: 406	1439	1566	1938.98	2663
Iteration: 407	1439	1514	1888.08	2611
Iteration: 408	1439	1603	1945.68	2426
Iteration: 409	1439	1577	1910.64	2394
Iteration: 410	1439	1550	1928.86	2483
Iteration: 411	1439	1547	1900.94	2527
Iteration: 412	1439	1573	1897.47	2273
Iteration: 413	1439	1561	1908.59	2427
Iteration: 414	1439	1599	1951.55	2644
Iteration: 415	1439	1515	1911.03	2582
Iteration: 416	1439	1595	1956.61	2743
Iteration: 417	1439	1598	1903.65	2454
Iteration: 418	1439	1553	1959.9	2479
Iteration: 419	1439	1584	1943.15	2762
Iteration: 420	1439	1541	1921.31	2526
Iteration: 421	1439	1558	1899.77	2371
Iteration: 422	1439	1602	1916.88	2412
Iteration: 423	1439	1547	1928.85	2686
Iteration: 424	1439	1561	1917.92	2522
Iteration: 425	1439	1503	1921.44	2529
Iteration: 426	1439	1511	1902.81	3131
Iteration: 427	1439	1539	1926.47	2354
Iteration: 428	1439	1538	1912.63	2775
Iteration: 429	1439	1614	1909.13	2498
Iteration: 430	1439	1575	1919.47	2442
Iteration: 431	1439	1508	1940.33	2452
Iteration: 432	1439	1627	1948.07	2929
Iteration: 433	1439	1579	1929.88	2354
Iteration: 434	1439	1548	1906.89	2678
Iteration: 435	1439	1591	1937.03	2747
Iteration: 436	1439	1514	1890.25	2413
Iteration: 437	1439	1638	1958.35	2662
Iteration: 438	1439	1608	1924.2	2416
Iteration: 439	1439	1608	1892.73	2512
Iteration: 440	1439	1595	1909.46	2390
Iteration: 441	1439	1559	1929.16	2494
Iteration: 442	1439	1562	1911.64	2595
Iteration: 443	1439	1569	1922.54	2541
Iteration: 444	1439	1615	1953.14	2645
Iteration: 445	1439	1595	1915.34	2454
Iteration: 446	1439	1576	1912.04	2441
Iteration: 447	1439	1553	1890.63	2608
Iteration: 448	1439	1588	1945.8	2468
Iteration: 449	1439	1508	1924.46	2514
Iteration: 450	1439	1542	1953.2	2587
Iteration: 451	1439	1608	1918.86	2334
Iteration: 452	1439	1586	1931.15	2331
Iteration: 453	1439	1616	1903.64	2390
Iteration: 454	1439	1559	1894.13	2559
Iteration: 455	1439	1493	1917.19	2479
Iteration: 456	1439	1547	1897.19	2379
Iteration: 457	1439	1544	1916.26	2574
Iteration: 458	1439	1539	1898.08	2471
Iteration: 459	1439	1573	1877.92	2403
Iteration: 460	1439	1527	1898.08	2572
Iteration: 461	1439	1546	1906.59	2489
Iteration: 462	1439	1608	1913.41	2433
Iteration: 463	1439	1625	1919.65	2464
Iteration: 464	1439	1616	1938.77	2429
Iteration: 465	1439	1588	1928.23	2589
Iteration: 466	1439	1554	1930.04	2659
Iteration: 467	1439	1563	1954.53	2576
Iteration: 468	1439	1593	1914.1	2376
Iteration: 469	1439	1524	1878.83	2473
Iteration: 470	1439	1556	1911.66	2382
Iteration: 471	1439	1549	1919.44	2657
Iteration: 472	1439	1587	1937.35	2390
Iteration: 473	1439	1640	1929.94	2600
Iteration: 474	1439	1637	1904.06	2436
Iteration: 475	1439	1559	1916.52	2644
Iteration: 476	1439	1594	1887.66	2482
Iteration: 477	1439	1565	1918.74	2675
Iteration: 478	1439	1535	1903.33	2390
Iteration: 479	1439	1609	1915.5	2757
Iteration: 480	1439	1584	1943.68	2635
Iteration: 481	1439	1611	1910.53	2367
Iteration: 482	1439	1546	1927.31	2688
Iteration: 483	1439	1583	1944.17	2602
Iteration: 484	1439	1579	1920.89	2652
Iteration: 485	1439	1582	1890.05	2392
Iteration: 486	1439	1493	1916.35	2618
Iteration: 487	1439	1618	1887.05	2377
Iteration: 488	1439	1500	1910.51	2489
Iteration: 489	1439	1603	1947.64	2598
Iteration: 490	1439	1574	1900.61	2772
Iteration: 491	1439	1566	1894.31	2228
Iteration: 492	1439	1469	1904.19	2360
Iteration: 493	1439	1580	1905.54	2356
Iteration: 494	1439	1597	1881.46	2458
Iteration: 495	1439	1583	1911.44	2731
Iteration: 496	1439	1570	1924.41	2984
Iteration: 497	1439	1542	1931.54	2646
Iteration: 498	1439	1606	1928.11	2581
Iteration: 499	1439	1578	1927.97	2770
