Iteration: 0	1609	1609	1829.41	2170
Iteration: 1	1458	1458	1804.46	2379
Iteration: 2	1458	1492	1822.01	2358
Iteration: 3	1458	1534	1839.75	2526
Iteration: 4	1458	1566	1846.12	2630
Iteration: 5	1458	1567	1834.89	2306
Iteration: 6	1458	1544	1860.75	2356
Iteration: 7	1458	1537	1865.74	2597
Iteration: 8	1458	1463	1865.3	2529
Iteration: 9	1458	1511	1828.8	2323
Iteration: 10	1458	1583	1835.01	2380
Iteration: 11	1458	1582	1828.18	2181
Iteration: 12	1458	1594	1854.86	2386
Iteration: 13	1458	1533	1809.84	2540
Iteration: 14	1458	1609	1875.14	2596
Iteration: 15	1458	1508	1863.57	2382
Iteration: 16	1458	1544	1865.42	2473
Iteration: 17	1458	1563	1837.59	2486
Iteration: 18	1458	1508	1837.2	2421
Iteration: 19	1458	1484	1824.06	2398
Iteration: 20	1458	1550	1820.35	2240
Iteration: 21	1458	1536	1874.2	2633
Iteration: 22	1458	1481	1817.43	2441
Iteration: 23	1458	1513	1824.02	2395
Iteration: 24	1458	1581	1809.13	2462
Iteration: 25	1458	1530	1832.79	2254
Iteration: 26	1458	1488	1818.51	2374
Iteration: 27	1458	1496	1819.63	2218
Iteration: 28	1458	1476	1826.12	2515
Iteration: 29	1458	1516	1810.31	2181
Iteration: 30	1458	1564	1810.57	2410
Iteration: 31	1458	1522	1829.05	2599
Iteration: 32	1458	1557	1815.06	2419
Iteration: 33	1458	1533	1829.17	2313
Iteration: 34	1458	1547	1831.99	2224
Iteration: 35	1458	1582	1813.11	2163
Iteration: 36	1458	1507	1817.37	2364
Iteration: 37	1458	1578	1832.44	2484
Iteration: 38	1458	1489	1814.69	2408
Iteration: 39	1458	1541	1835.41	2242
Iteration: 40	1458	1570	1831.59	2790
Iteration: 41	1458	1526	1824.86	2346
Iteration: 42	1458	1556	1832.38	2397
Iteration: 43	1458	1521	1802.65	2279
Iteration: 44	1458	1518	1818.35	2402
Iteration: 45	1458	1473	1808.23	2336
Iteration: 46	1458	1538	1821.79	2329
Iteration: 47	1458	1555	1812.52	2279
Iteration: 48	1458	1562	1819.23	2277
Iteration: 49	1458	1523	1822.65	2543
Iteration: 50	1458	1527	1833.78	2213
Iteration: 51	1458	1520	1840.01	2282
Iteration: 52	1458	1504	1845.01	2405
Iteration: 53	1458	1558	1789.64	2199
Iteration: 54	1458	1494	1807.81	2309
Iteration: 55	1458	1580	1819.75	2616
Iteration: 56	1458	1563	1838.55	2289
Iteration: 57	1458	1564	1822.61	2479
Iteration: 58	1441	1441	1777.4	2249
Iteration: 59	1441	1499	1832.23	2329
Iteration: 60	1441	1558	1847.39	2348
Iteration: 61	1441	1554	1824.87	2437
Iteration: 62	1441	1546	1826.85	2431
Iteration: 63	1441	1522	1814.79	2366
Iteration: 64	1441	1553	1834.53	2454
Iteration: 65	1441	1510	1809.53	2362
Iteration: 66	1441	1585	1818.69	2342
Iteration: 67	1441	1556	1807.94	2189
Iteration: 68	1441	1512	1812.62	2185
Iteration: 69	1427	1427	1818.88	2326
Iteration: 70	1427	1548	1829.31	2311
Iteration: 71	1427	1551	1820.04	2396
Iteration: 72	1427	1530	1822.2	2333
Iteration: 73	1427	1488	1824.65	2638
Iteration: 74	1427	1561	1833.81	2159
Iteration: 75	1427	1518	1788.86	2213
Iteration: 76	1427	1549	1861.07	2722
Iteration: 77	1427	1539	1830.14	2444
Iteration: 78	1427	1578	1831.05	2624
Iteration: 79	1427	1551	1848	2466
Iteration: 80	1427	1559	1820.62	2453
Iteration: 81	1427	1530	1816.46	2420
Iteration: 82	1427	1580	1838.92	2622
Iteration: 83	1427	1512	1832.74	2228
Iteration: 84	1427	1517	1818.46	2181
Iteration: 85	1427	1557	1829.29	2317
Iteration: 86	1427	1533	1822.15	2362
Iteration: 87	1427	1509	1819.07	2311
Iteration: 88	1427	1520	1821.98	2423
Iteration: 89	1427	1539	1825.07	2483
Iteration: 90	1427	1508	1811.64	2558
Iteration: 91	1427	1533	1801.95	2345
Iteration: 92	1427	1575	1853.06	2372
Iteration: 93	1427	1529	1800.11	2200
Iteration: 94	1427	1570	1829.2	2312
Iteration: 95	1427	1602	1837.78	2356
Iteration: 96	1427	1493	1831.27	2256
Iteration: 97	1427	1547	1833.32	2515
Iteration: 98	1427	1520	1823.34	2388
Iteration: 99	1427	1509	1855.07	2382
Iteration: 100	1427	1554	1854.99	2534
Iteration: 101	1427	1553	1802.89	2245
Iteration: 102	1427	1542	1834.68	2626
Iteration: 103	1427	1564	1833.85	2457
Iteration: 104	1427	1558	1818.85	2346
Iteration: 105	1427	1544	1831.73	2299
Iteration: 106	1427	1560	1852.92	2399
Iteration: 107	1427	1546	1849.98	2367
Iteration: 108	1427	1556	1843.58	2405
Iteration: 109	1427	1547	1819.71	2359
Iteration: 110	1427	1492	1843.55	2294
Iteration: 111	1427	1548	1836.15	2673
Iteration: 112	1427	1487	1816.64	2371
Iteration: 113	1427	1547	1865.03	2429
Iteration: 114	1427	1551	1811.12	2824
Iteration: 115	1427	1534	1833.68	2266
Iteration: 116	1427	1513	1839.74	2599
Iteration: 117	1427	1513	1830.19	2538
Iteration: 118	1427	1524	1821.61	2264
Iteration: 119	1427	1524	1810.01	2352
Iteration: 120	1427	1494	1814.54	2268
Iteration: 121	1427	1520	1827.4	2358
Iteration: 122	1427	1485	1813.74	2268
Iteration: 123	1427	1564	1828.11	2646
Iteration: 124	1427	1539	1815.27	2433
Iteration: 125	1427	1525	1822.11	2322
Iteration: 126	1427	1565	1837.63	2584
Iteration: 127	1427	1555	1817.25	2290
Iteration: 128	1427	1506	1845.22	2310
Iteration: 129	1427	1519	1830.17	2528
Iteration: 130	1427	1457	1821.3	2498
Iteration: 131	1427	1573	1857.94	2496
Iteration: 132	1427	1539	1829.6	2472
Iteration: 133	1427	1545	1827.3	2509
Iteration: 134	1427	1504	1800.36	2313
Iteration: 135	1427	1538	1810.96	2529
Iteration: 136	1427	1531	1813.91	2265
Iteration: 137	1427	1590	1827.59	2354
Iteration: 138	1427	1530	1807.65	2266
Iteration: 139	1427	1473	1839.29	2414
Iteration: 140	1427	1540	1819.18	2376
Iteration: 141	1427	1496	1850.75	2379
Iteration: 142	1427	1504	1806.73	2320
Iteration: 143	1427	1513	1821.12	2254
Iteration: 144	1427	1510	1832.24	2299
Iteration: 145	1427	1526	1831.8	2941
Iteration: 146	1427	1543	1823.54	2253
Iteration: 147	1427	1524	1807.73	2460
Iteration: 148	1427	1544	1820.21	2404
Iteration: 149	1427	1626	1843.03	2237
Iteration: 150	1427	1499	1807.21	2387
Iteration: 151	1427	1550	1837.62	2420
Iteration: 152	1427	1562	1796.28	2160
Iteration: 153	1427	1481	1827.2	2347
Iteration: 154	1427	1498	1831.04	2294
Iteration: 155	1427	1528	1827.25	2361
Iteration: 156	1427	1554	1849.41	2388
Iteration: 157	1427	1514	1810.86	2333
Iteration: 158	1427	1550	1829.38	2256
Iteration: 159	1427	1516	1817.49	2324
Iteration: 160	1427	1528	1851.58	2802
Iteration: 161	1427	1465	1853.09	2484
Iteration: 162	1427	1569	1852.32	2430
Iteration: 163	1427	1477	1806.98	2247
Iteration: 164	1427	1516	1841.46	2307
Iteration: 165	1427	1524	1859.57	2555
Iteration: 166	1427	1531	1813.99	2291
Iteration: 167	1427	1545	1828.35	2369
Iteration: 168	1427	1541	1848.05	2549
Iteration: 169	1427	1498	1811.06	2436
Iteration: 170	1427	1532	1837.65	2699
Iteration: 171	1427	1554	1833.58	2592
Iteration: 172	1427	1545	1818.99	2415
Iteration: 173	1427	1461	1820.16	2343
Iteration: 174	1427	1599	1876.3	2417
Iteration: 175	1427	1503	1836.34	2491
Iteration: 176	1427	1587	1820.73	2495
Iteration: 177	1427	1539	1821.2	2532
Iteration: 178	1427	1532	1822.59	2286
Iteration: 179	1427	1533	1817.95	2143
Iteration: 180	1427	1512	1805.71	2315
Iteration: 181	1427	1493	1816.59	2210
Iteration: 182	1427	1527	1826.39	2355
Iteration: 183	1427	1532	1846.27	2418
Iteration: 184	1427	1574	1839.04	2273
Iteration: 185	1427	1569	1814.97	2198
Iteration: 186	1427	1509	1857.11	2429
Iteration: 187	1427	1518	1831.04	2516
Iteration: 188	1427	1540	1786.17	2350
Iteration: 189	1427	1523	1827.85	2445
Iteration: 190	1427	1523	1818.66	2393
Iteration: 191	1427	1540	1826.9	2394
Iteration: 192	1427	1560	1850.88	2357
Iteration: 193	1427	1537	1848.56	2512
Iteration: 194	1427	1496	1823.72	2449
Iteration: 195	1427	1496	1800.04	2234
Iteration: 196	1427	1520	1826.56	2327
Iteration: 197	1427	1542	1820.9	2201
Iteration: 198	1427	1493	1810.89	2307
Iteration: 199	1427	1535	1829.95	2264
Iteration: 200	1427	1457	1844	2346
Iteration: 201	1427	1538	1806.82	2595
Iteration: 202	1427	1534	1845.22	2260
Iteration: 203	1423	1423	1817.98	2482
Iteration: 204	1423	1524	1812.38	2520
Iteration: 205	1423	1495	1811.87	2406
Iteration: 206	1417	1417	1814.87	2453
Iteration: 207	1417	1516	1821.08	2211
Iteration: 208	1417	1558	1833.94	2363
Iteration: 209	1417	1436	1807.21	2342
Iteration: 210	1417	1559	1860.41	2417
Iteration: 211	1417	1531	1857.13	2489
Iteration: 212	1417	1525	1803.48	2205
Iteration: 213	1417	1559	1859.09	2368
Iteration: 214	1417	1458	1812.28	2394
Iteration: 215	1417	1522	1819.16	2219
Iteration: 216	1417	1582	1876.53	2730
Iteration: 217	1417	1543	1861.01	2519
Iteration: 218	1417	1541	1836.32	2620
Iteration: 219	1417	1539	1824.72	2319
Iteration: 220	1417	1560	1849.46	2447
Iteration: 221	1417	1562	1844.35	2331
Iteration: 222	1417	1536	1814.94	2364
Iteration: 223	1417	1510	1819.78	2312
Iteration: 224	1417	1505	1787.86	2377
Iteration: 225	1417	1563	1852.8	2367
Iteration: 226	1417	1566	1804.43	2358
Iteration: 227	1417	1583	1831.91	2246
Iteration: 228	1417	1506	1831.86	2493
Iteration: 229	1417	1530	1791.4	2585
Iteration: 230	1417	1574	1805.56	2214
Iteration: 231	1417	1528	1832.8	2350
Iteration: 232	1417	1520	1835.28	2663
Iteration: 233	1417	1557	1852.55	2376
Iteration: 234	1417	1533	1804.39	2160
Iteration: 235	1417	1521	1811.56	2480
Iteration: 236	1417	1554	1824.49	2411
Iteration: 237	1417	1532	1839.8	2422
Iteration: 238	1417	1571	1836.37	2387
Iteration: 239	1417	1575	1834.44	2317
Iteration: 240	1417	1531	1794.39	2232
Iteration: 241	1417	1527	1835.51	2240
Iteration: 242	1417	1513	1788.88	2129
Iteration: 243	1417	1497	1818.16	2395
Iteration: 244	1417	1540	1835.45	2402
Iteration: 245	1417	1563	1823.77	2495
Iteration: 246	1417	1518	1829.82	2421
Iteration: 247	1417	1468	1848.63	2438
Iteration: 248	1417	1511	1824.94	2439
Iteration: 249	1417	1537	1797.32	2317
Iteration: 250	1417	1566	1844.86	2333
Iteration: 251	1417	1514	1837.68	2338
Iteration: 252	1417	1545	1817.27	2340
Iteration: 253	1417	1537	1839.25	2456
Iteration: 254	1417	1539	1810.95	2266
Iteration: 255	1417	1483	1839.29	2181
Iteration: 256	1417	1548	1821.29	2255
Iteration: 257	1417	1498	1833.28	2301
Iteration: 258	1417	1513	1840.28	2335
Iteration: 259	1417	1590	1831.84	2413
Iteration: 260	1417	1514	1838.33	2401
Iteration: 261	1417	1548	1817.02	2320
Iteration: 262	1417	1516	1847.07	2337
Iteration: 263	1417	1546	1820.84	2892
Iteration: 264	1417	1566	1809.44	2432
Iteration: 265	1417	1508	1842.83	2390
Iteration: 266	1417	1527	1829.9	2407
Iteration: 267	1417	1555	1825.63	2321
Iteration: 268	1417	1494	1822.99	2412
Iteration: 269	1417	1557	1845.69	2528
Iteration: 270	1417	1513	1854.41	2518
Iteration: 271	1417	1505	1825.09	2581
Iteration: 272	1417	1564	1825.1	2216
Iteration: 273	1417	1500	1805.53	2265
Iteration: 274	1417	1544	1824.67	2438
Iteration: 275	1417	1550	1811.76	2375
Iteration: 276	1417	1530	1820.35	2551
Iteration: 277	1417	1554	1824.43	2272
Iteration: 278	1417	1512	1822.94	2378
Iteration: 279	1417	1522	1826.68	2701
Iteration: 280	1417	1577	1830.47	2367
Iteration: 281	1417	1518	1823.92	2596
Iteration: 282	1417	1570	1808	2138
Iteration: 283	1417	1490	1798.82	2226
Iteration: 284	1417	1508	1830.3	2325
Iteration: 285	1417	1531	1825.31	2503
Iteration: 286	1417	1470	1846.97	2603
Iteration: 287	1417	1514	1821.98	2284
Iteration: 288	1417	1543	1857.89	2474
Iteration: 289	1417	1539	1835.12	2664
Iteration: 290	1417	1472	1826.36	2339
Iteration: 291	1417	1535	1826.41	2217
Iteration: 292	1417	1528	1814.45	2261
Iteration: 293	1417	1569	1832.41	2567
Iteration: 294	1417	1528	1874.87	2421
Iteration: 295	1417	1540	1834.88	2250
Iteration: 296	1417	1487	1824.3	2435
Iteration: 297	1417	1524	1825.55	2224
Iteration: 298	1417	1564	1823.17	2236
Iteration: 299	1417	1495	1843.84	2397
Iteration: 300	1417	1500	1797.71	2179
Iteration: 301	1417	1597	1842.13	2769
Iteration: 302	1417	1537	1832.65	2483
Iteration: 303	1417	1558	1800.95	2436
Iteration: 304	1417	1538	1829.26	2613
Iteration: 305	1417	1507	1783.88	2409
Iteration: 306	1417	1516	1798.93	2316
Iteration: 307	1417	1540	1841.7	2295
Iteration: 308	1417	1479	1835.8	2450
Iteration: 309	1417	1543	1841.32	2640
Iteration: 310	1417	1598	1817.75	2344
Iteration: 311	1417	1543	1830.82	2322
Iteration: 312	1417	1585	1813.13	2310
Iteration: 313	1417	1464	1823.54	2405
Iteration: 314	1417	1515	1793.95	2286
Iteration: 315	1417	1537	1819.6	2409
Iteration: 316	1417	1492	1835.37	2487
Iteration: 317	1417	1539	1823.55	2311
Iteration: 318	1417	1527	1808.65	2245
Iteration: 319	1417	1572	1841.68	2603
Iteration: 320	1417	1585	1836.8	2465
Iteration: 321	1417	1538	1831.18	2363
Iteration: 322	1417	1580	1843.87	2364
Iteration: 323	1417	1542	1838.12	2490
Iteration: 324	1417	1534	1825.24	2307
Iteration: 325	1417	1496	1830.3	2294
Iteration: 326	1417	1544	1841.02	2415
Iteration: 327	1417	1548	1836.64	2337
Iteration: 328	1417	1511	1822.15	2232
Iteration: 329	1417	1534	1840.83	2274
Iteration: 330	1417	1555	1857.45	2477
Iteration: 331	1417	1580	1823.37	2491
Iteration: 332	1417	1540	1820.22	2360
Iteration: 333	1417	1555	1812.88	2414
Iteration: 334	1417	1535	1810.26	2357
Iteration: 335	1417	1508	1810.8	2278
Iteration: 336	1417	1533	1833.8	2279
Iteration: 337	1417	1529	1830.64	2255
Iteration: 338	1417	1434	1779.67	2068
Iteration: 339	1417	1511	1846.37	2536
Iteration: 340	1417	1511	1834.1	2440
Iteration: 341	1417	1534	1858.97	2317
Iteration: 342	1417	1526	1820.18	2345
Iteration: 343	1417	1499	1818.3	2604
Iteration: 344	1417	1559	1850.38	2642
Iteration: 345	1417	1542	1837.45	2315
Iteration: 346	1417	1527	1839.46	2501
Iteration: 347	1417	1579	1844.99	2533
Iteration: 348	1417	1568	1828.28	2466
Iteration: 349	1417	1506	1814.56	2417
Iteration: 350	1417	1488	1823.4	2571
Iteration: 351	1417	1540	1807.25	2244
Iteration: 352	1417	1528	1803.07	2340
Iteration: 353	1417	1528	1834.3	2777
Iteration: 354	1417	1513	1826.97	2463
Iteration: 355	1417	1508	1842.07	2412
Iteration: 356	1417	1465	1818.72	2256
Iteration: 357	1417	1476	1804.35	2438
Iteration: 358	1417	1527	1837.25	2344
Iteration: 359	1417	1538	1857.33	2369
Iteration: 360	1417	1582	1860.81	2361
Iteration: 361	1417	1517	1812.42	2397
Iteration: 362	1417	1581	1818.78	2289
Iteration: 363	1417	1520	1831.37	2691
Iteration: 364	1417	1533	1825.06	2446
Iteration: 365	1417	1525	1822.29	2211
Iteration: 366	1417	1582	1830.73	2523
Iteration: 367	1417	1574	1810.95	2493
Iteration: 368	1417	1529	1822.27	2301
Iteration: 369	1417	1609	1882.24	2502
Iteration: 370	1417	1517	1797.75	2309
Iteration: 371	1417	1516	1836.89	2377
Iteration: 372	1417	1541	1835.47	2378
Iteration: 373	1417	1585	1846.73	2346
Iteration: 374	1417	1535	1826.64	2421
Iteration: 375	1417	1595	1842.69	2403
Iteration: 376	1417	1417	1817.12	2387
Iteration: 377	1417	1531	1865.5	2459
Iteration: 378	1417	1532	1810.4	2260
Iteration: 379	1417	1570	1801.62	2273
Iteration: 380	1417	1510	1816.4	2260
Iteration: 381	1417	1555	1845.33	2338
Iteration: 382	1417	1537	1834.25	2298
Iteration: 383	1417	1527	1834.22	2299
Iteration: 384	1417	1530	1838.36	2552
Iteration: 385	1417	1533	1807.62	2390
Iteration: 386	1417	1523	1851.9	2618
Iteration: 387	1417	1544	1829.73	2330
Iteration: 388	1417	1555	1826.03	2364
Iteration: 389	1417	1529	1804.56	2262
Iteration: 390	1417	1535	1840.56	2377
Iteration: 391	1417	1517	1790.41	2134
Iteration: 392	1417	1561	1859.02	2490
Iteration: 393	1417	1576	1815.39	2398
Iteration: 394	1417	1560	1827.4	2508
Iteration: 395	1417	1541	1843.04	2647
Iteration: 396	1417	1534	1837.09	2474
Iteration: 397	1417	1569	1828.18	2313
Iteration: 398	1417	1553	1833.56	2383
Iteration: 399	1417	1542	1813.62	2359
Iteration: 400	1417	1493	1829.24	2563
Iteration: 401	1417	1512	1834.32	2330
Iteration: 402	1417	1497	1834.92	2398
Iteration: 403	1417	1541	1834.17	2277
Iteration: 404	1417	1539	1821.21	2379
Iteration: 405	1417	1539	1784.49	2477
Iteration: 406	1417	1497	1827.73	2493
Iteration: 407	1417	1538	1834.46	2542
Iteration: 408	1417	1443	1843.06	2314
Iteration: 409	1417	1523	1824.95	2354
Iteration: 410	1417	1571	1839.09	2359
Iteration: 411	1417	1465	1817.52	2343
Iteration: 412	1417	1530	1852.86	2488
Iteration: 413	1417	1534	1848.49	2274
Iteration: 414	1417	1556	1842.56	2357
Iteration: 415	1417	1531	1839.31	2326
Iteration: 416	1417	1582	1825.47	2428
Iteration: 417	1417	1534	1832.42	2292
Iteration: 418	1417	1482	1822.23	2514
Iteration: 419	1417	1515	1802.76	2420
Iteration: 420	1417	1527	1799.68	2262
Iteration: 421	1417	1543	1835	2524
Iteration: 422	1417	1524	1829.04	2440
Iteration: 423	1417	1572	1835.28	2442
Iteration: 424	1417	1582	1839.84	2372
Iteration: 425	1417	1569	1837.14	2389
Iteration: 426	1417	1531	1818.67	2478
Iteration: 427	1417	1513	1820.87	2259
Iteration: 428	1417	1578	1842.28	2308
Iteration: 429	1417	1558	1864.07	2397
Iteration: 430	1417	1532	1849.44	2386
Iteration: 431	1417	1538	1837.18	2331
Iteration: 432	1417	1544	1839.34	2436
Iteration: 433	1417	1486	1838.45	2630
Iteration: 434	1417	1508	1798	2341
Iteration: 435	1417	1531	1836.87	2329
Iteration: 436	1417	1500	1816.28	2449
Iteration: 437	1417	1603	1839.51	2383
Iteration: 438	1417	1574	1812.43	2242
Iteration: 439	1417	1504	1845.08	2383
Iteration: 440	1417	1549	1846.66	2426
Iteration: 441	1417	1517	1826.47	2299
Iteration: 442	1417	1568	1873.9	2391
Iteration: 443	1417	1564	1794.99	2140
Iteration: 444	1417	1556	1825.08	2982
Iteration: 445	1417	1479	1795.12	2335
Iteration: 446	1417	1496	1833.8	2320
Iteration: 447	1417	1471	1815.72	2249
Iteration: 448	1417	1549	1829.65	2528
Iteration: 449	1417	1467	1820.28	2475
Iteration: 450	1417	1537	1808.71	2477
Iteration: 451	1417	1553	1809.18	2329
Iteration: 452	1417	1543	1794.13	2244
Iteration: 453	1417	1599	1854.13	2340
Iteration: 454	1417	1515	1811.66	2314
Iteration: 455	1417	1594	1841.21	2343
Iteration: 456	1417	1530	1826.87	2378
Iteration: 457	1417	1558	1832.67	2248
Iteration: 458	1417	1524	1858.97	2606
Iteration: 459	1417	1503	1812.03	2592
Iteration: 460	1417	1555	1846.47	2334
Iteration: 461	1417	1522	1850.53	2374
Iteration: 462	1417	1544	1834.6	2619
Iteration: 463	1417	1515	1811.72	2403
Iteration: 464	1417	1546	1828.49	2441
Iteration: 465	1417	1587	1846.38	2372
Iteration: 466	1417	1561	1816.18	2714
Iteration: 467	1417	1555	1838.65	2405
Iteration: 468	1417	1586	1829.91	2474
Iteration: 469	1417	1562	1816.66	2466
Iteration: 470	1417	1549	1831.85	2281
Iteration: 471	1417	1519	1866.55	2729
Iteration: 472	1417	1566	1823.75	2309
Iteration: 473	1417	1509	1837.75	2541
Iteration: 474	1417	1542	1820.51	2239
Iteration: 475	1417	1468	1809.48	2286
Iteration: 476	1417	1564	1824.34	2277
Iteration: 477	1417	1437	1832.67	2335
Iteration: 478	1417	1501	1824.88	2383
Iteration: 479	1417	1534	1832.02	2524
Iteration: 480	1417	1528	1812.48	2186
Iteration: 481	1417	1587	1826.13	2339
Iteration: 482	1417	1588	1835.13	2429
Iteration: 483	1417	1544	1831.55	2419
Iteration: 484	1417	1541	1824.06	2313
Iteration: 485	1417	1503	1824.41	2433
Iteration: 486	1417	1560	1846.98	2302
Iteration: 487	1417	1562	1833.94	2479
Iteration: 488	1417	1549	1833.01	2376
Iteration: 489	1417	1573	1899.58	2451
Iteration: 490	1417	1565	1795.03	2130
Iteration: 491	1417	1527	1839.18	2352
Iteration: 492	1417	1556	1834.73	2465
Iteration: 493	1417	1583	1802.16	2301
Iteration: 494	1417	1471	1837.72	2686
Iteration: 495	1417	1535	1822.83	2391
Iteration: 496	1417	1575	1830.57	2479
Iteration: 497	1417	1567	1825.5	2359
Iteration: 498	1417	1564	1837.4	2291
Iteration: 499	1417	1550	1826.56	2574
