Iteration: 0	1550	1550	1827.74	2354
Iteration: 1	1550	1562	1843.44	2337
Iteration: 2	1550	1604	1840.71	2253
Iteration: 3	1550	1584	1824.07	2167
Iteration: 4	1550	1584	1849.54	2319
Iteration: 5	1543	1543	1838.56	2257
Iteration: 6	1532	1532	1839.67	2425
Iteration: 7	1532	1537	1858.86	2343
Iteration: 8	1504	1504	1846.8	2303
Iteration: 9	1504	1522	1827.39	2481
Iteration: 10	1504	1530	1855.32	2369
Iteration: 11	1504	1520	1831.9	2328
Iteration: 12	1504	1536	1820.12	2436
Iteration: 13	1504	1545	1828.01	2264
Iteration: 14	1504	1509	1828.3	2349
Iteration: 15	1504	1508	1825.46	2490
Iteration: 16	1504	1505	1839.87	2787
Iteration: 17	1504	1537	1832.08	2499
Iteration: 18	1504	1563	1826.97	2422
Iteration: 19	1504	1506	1832.68	2253
Iteration: 20	1504	1523	1805.24	2434
Iteration: 21	1504	1554	1823.19	2252
Iteration: 22	1504	1535	1836.23	2562
Iteration: 23	1504	1586	1818.84	2352
Iteration: 24	1504	1511	1814.61	2266
Iteration: 25	1504	1531	1837.95	2287
Iteration: 26	1504	1576	1828.15	2241
Iteration: 27	1504	1529	1805.31	2347
Iteration: 28	1504	1536	1841.48	2621
Iteration: 29	1504	1514	1828.92	2545
Iteration: 30	1504	1508	1847.81	2402
Iteration: 31	1504	1530	1817.83	2530
Iteration: 32	1504	1529	1841.63	2316
Iteration: 33	1504	1532	1822.15	2251
Iteration: 34	1475	1475	1802.3	2162
Iteration: 35	1475	1490	1824.09	2447
Iteration: 36	1475	1598	1810.73	2197
Iteration: 37	1475	1534	1794.8	2413
Iteration: 38	1475	1488	1827.14	2316
Iteration: 39	1469	1469	1810.01	2223
Iteration: 40	1469	1520	1815.46	2563
Iteration: 41	1449	1449	1829.92	2471
Iteration: 42	1449	1510	1819.15	2238
Iteration: 43	1449	1530	1804.17	2160
Iteration: 44	1449	1554	1818.23	2319
Iteration: 45	1449	1541	1816.02	2437
Iteration: 46	1449	1562	1834.03	2350
Iteration: 47	1449	1546	1820.72	2226
Iteration: 48	1449	1558	1834.33	2399
Iteration: 49	1449	1482	1853.2	2368
Iteration: 50	1449	1525	1832.62	2446
Iteration: 51	1449	1529	1823.53	2259
Iteration: 52	1449	1540	1844.93	2616
Iteration: 53	1449	1572	1811.66	2235
Iteration: 54	1449	1552	1820.49	2510
Iteration: 55	1449	1542	1838.51	2332
Iteration: 56	1449	1543	1832.77	2387
Iteration: 57	1449	1533	1801.66	2261
Iteration: 58	1449	1512	1817.14	2122
Iteration: 59	1449	1503	1808.62	2404
Iteration: 60	1449	1552	1838.83	2436
Iteration: 61	1449	1530	1830.21	2335
Iteration: 62	1449	1534	1814.1	2242
Iteration: 63	1449	1543	1815.06	2370
Iteration: 64	1449	1519	1826.75	2458
Iteration: 65	1449	1530	1824.38	2348
Iteration: 66	1449	1570	1865.41	2335
Iteration: 67	1449	1556	1825.59	2334
Iteration: 68	1449	1523	1846.22	2633
Iteration: 69	1449	1570	1846.13	2322
Iteration: 70	1449	1521	1847.69	2457
Iteration: 71	1449	1481	1860.29	2523
Iteration: 72	1449	1500	1830.48	2356
Iteration: 73	1449	1585	1823.75	2527
Iteration: 74	1449	1482	1835.81	2395
Iteration: 75	1449	1560	1849.7	2429
Iteration: 76	1449	1545	1817.2	2345
Iteration: 77	1449	1563	1812.88	2281
Iteration: 78	1449	1540	1828.78	2290
Iteration: 79	1449	1535	1828.92	2244
Iteration: 80	1449	1587	1843.55	2452
Iteration: 81	1449	1517	1811.01	2690
Iteration: 82	1449	1531	1823.21	2469
Iteration: 83	1449	1576	1791.77	2167
Iteration: 84	1449	1511	1828.69	2287
Iteration: 85	1449	1539	1819.67	2440
Iteration: 86	1449	1481	1814.54	2546
Iteration: 87	1449	1484	1832.96	2524
Iteration: 88	1449	1534	1808.79	2310
Iteration: 89	1449	1517	1816.46	2542
Iteration: 90	1449	1503	1821.2	2195
Iteration: 91	1449	1511	1830.86	2345
Iteration: 92	1449	1543	1793.14	2240
Iteration: 93	1449	1586	1841.1	2518
Iteration: 94	1449	1537	1809.28	2738
Iteration: 95	1449	1564	1804.57	2176
Iteration: 96	1449	1513	1829.88	2236
Iteration: 97	1449	1520	1830.76	2389
Iteration: 98	1449	1570	1856.01	2414
Iteration: 99	1449	1543	1819.17	2293
Iteration: 100	1449	1555	1829.5	2700
Iteration: 101	1449	1554	1827.64	2554
Iteration: 102	1449	1531	1799.49	2308
Iteration: 103	1449	1475	1789.41	2380
Iteration: 104	1449	1574	1840.6	2485
Iteration: 105	1449	1541	1830.8	2178
Iteration: 106	1449	1565	1803.35	2575
Iteration: 107	1449	1496	1853.67	2946
Iteration: 108	1449	1515	1833.57	2546
Iteration: 109	1449	1546	1823.26	2282
Iteration: 110	1449	1553	1812.73	2539
Iteration: 111	1449	1504	1830.81	2474
Iteration: 112	1449	1532	1822.89	2155
Iteration: 113	1449	1569	1832.59	2348
Iteration: 114	1449	1541	1832.76	2563
Iteration: 115	1449	1528	1850.94	2414
Iteration: 116	1449	1587	1821.74	2330
Iteration: 117	1449	1536	1815.02	2199
Iteration: 118	1449	1485	1830.72	2314
Iteration: 119	1449	1530	1828.9	2351
Iteration: 120	1449	1511	1821.74	2472
Iteration: 121	1449	1577	1854.56	2279
Iteration: 122	1449	1593	1850.87	2563
Iteration: 123	1449	1534	1821.51	2181
Iteration: 124	1449	1517	1819.18	2332
Iteration: 125	1449	1553	1847.75	2325
Iteration: 126	1449	1523	1811.71	2284
Iteration: 127	1449	1543	1830.3	2195
Iteration: 128	1449	1596	1828.42	2317
Iteration: 129	1449	1546	1817.83	2287
Iteration: 130	1449	1494	1850.94	2380
Iteration: 131	1449	1567	1854.86	2459
Iteration: 132	1449	1469	1824.3	2365
Iteration: 133	1449	1538	1818.15	2438
Iteration: 134	1449	1560	1806.57	2298
Iteration: 135	1449	1487	1804.16	2508
Iteration: 136	1431	1431	1809.91	2348
Iteration: 137	1431	1586	1829.94	2561
Iteration: 138	1431	1590	1827.78	2436
Iteration: 139	1431	1495	1821.51	2365
Iteration: 140	1431	1552	1822.33	2913
Iteration: 141	1431	1511	1831.86	2342
Iteration: 142	1431	1513	1799.93	2278
Iteration: 143	1431	1561	1818.76	2236
Iteration: 144	1431	1603	1823	2397
Iteration: 145	1431	1559	1821.91	2294
Iteration: 146	1431	1570	1840	2426
Iteration: 147	1431	1540	1838.15	2542
Iteration: 148	1431	1532	1802.31	2400
Iteration: 149	1431	1497	1810.59	2321
Iteration: 150	1431	1525	1801.25	2449
Iteration: 151	1431	1561	1827.67	2502
Iteration: 152	1431	1532	1818.2	2305
Iteration: 153	1431	1551	1809.08	2186
Iteration: 154	1431	1498	1799.61	2455
Iteration: 155	1431	1509	1831.29	2548
Iteration: 156	1431	1496	1817.59	2352
Iteration: 157	1431	1503	1835.63	2363
Iteration: 158	1431	1492	1832.04	2380
Iteration: 159	1431	1543	1821.36	2171
Iteration: 160	1431	1464	1810.01	2840
Iteration: 161	1431	1526	1820.62	2375
Iteration: 162	1431	1487	1834.56	2331
Iteration: 163	1431	1555	1821.74	2255
Iteration: 164	1431	1536	1825.6	2275
Iteration: 165	1431	1455	1834.41	2247
Iteration: 166	1431	1554	1830.22	2581
Iteration: 167	1431	1467	1839.59	2373
Iteration: 168	1431	1478	1805.3	2265
Iteration: 169	1431	1571	1831.59	2317
Iteration: 170	1431	1537	1854.75	2327
Iteration: 171	1431	1560	1825.88	2333
Iteration: 172	1431	1516	1846.72	2518
Iteration: 173	1431	1515	1807.52	2518
Iteration: 174	1431	1576	1854.49	2524
Iteration: 175	1431	1543	1801.73	2184
Iteration: 176	1431	1554	1828.51	2427
Iteration: 177	1431	1573	1824.53	2395
Iteration: 178	1431	1549	1821.67	2497
Iteration: 179	1431	1557	1821.04	2344
Iteration: 180	1431	1532	1827.41	2491
Iteration: 181	1431	1505	1818.18	2373
Iteration: 182	1431	1569	1843.49	2427
Iteration: 183	1431	1604	1823.05	2420
Iteration: 184	1431	1527	1830.15	2387
Iteration: 185	1431	1521	1831.24	2672
Iteration: 186	1431	1528	1818.37	2308
Iteration: 187	1431	1576	1855.93	2421
Iteration: 188	1431	1553	1803.14	2552
Iteration: 189	1431	1518	1848.08	2362
Iteration: 190	1431	1533	1850.12	2487
Iteration: 191	1431	1478	1826.28	2320
Iteration: 192	1431	1466	1836.35	2553
Iteration: 193	1431	1473	1811.34	2499
Iteration: 194	1431	1534	1833.85	2453
Iteration: 195	1431	1561	1834.65	2361
Iteration: 196	1431	1520	1856.35	2429
Iteration: 197	1431	1517	1830.46	2247
Iteration: 198	1431	1550	1856.16	2780
Iteration: 199	1431	1553	1832.18	2168
Iteration: 200	1431	1545	1833.84	2377
Iteration: 201	1431	1535	1850.88	2720
Iteration: 202	1431	1531	1841.86	2494
Iteration: 203	1431	1534	1797.52	2175
Iteration: 204	1431	1579	1805.6	2494
Iteration: 205	1431	1549	1801.73	2375
Iteration: 206	1431	1505	1821.18	2362
Iteration: 207	1431	1526	1831.15	2469
Iteration: 208	1431	1505	1817.68	2327
Iteration: 209	1431	1532	1841.12	2382
Iteration: 210	1414	1414	1830.86	2234
Iteration: 211	1414	1549	1827.23	2380
Iteration: 212	1414	1607	1850.44	2350
Iteration: 213	1414	1467	1812.44	2393
Iteration: 214	1414	1564	1796.44	2341
Iteration: 215	1414	1519	1816.37	2351
Iteration: 216	1414	1502	1823.48	2466
Iteration: 217	1414	1547	1813.48	2403
Iteration: 218	1414	1521	1836.54	2332
Iteration: 219	1414	1515	1811.98	2508
Iteration: 220	1414	1549	1823.88	2324
Iteration: 221	1414	1480	1838.67	2421
Iteration: 222	1414	1577	1842.21	2404
Iteration: 223	1414	1520	1784.03	2296
Iteration: 224	1414	1529	1811.82	2305
Iteration: 225	1414	1476	1833.86	2367
Iteration: 226	1414	1521	1848.91	2559
Iteration: 227	1414	1573	1825.65	2228
Iteration: 228	1414	1554	1824.5	2314
Iteration: 229	1414	1570	1827.28	2455
Iteration: 230	1414	1599	1848.82	2356
Iteration: 231	1414	1485	1811.55	2499
Iteration: 232	1414	1535	1831.48	2413
Iteration: 233	1414	1572	1813.35	2272
Iteration: 234	1414	1535	1817.42	2600
Iteration: 235	1414	1554	1845.3	2411
Iteration: 236	1414	1529	1821.43	2402
Iteration: 237	1414	1551	1829.86	2192
Iteration: 238	1414	1561	1816.52	2349
Iteration: 239	1414	1534	1837.87	2827
Iteration: 240	1414	1544	1816.34	2295
Iteration: 241	1414	1562	1839.04	2318
Iteration: 242	1414	1523	1835.2	2397
Iteration: 243	1414	1523	1842.02	2455
Iteration: 244	1414	1589	1839.73	2374
Iteration: 245	1414	1544	1859.55	2413
Iteration: 246	1414	1510	1844.34	2449
Iteration: 247	1414	1553	1853.41	2560
Iteration: 248	1414	1503	1849.2	2478
Iteration: 249	1414	1544	1830.45	2528
Iteration: 250	1414	1492	1854.02	2412
Iteration: 251	1414	1494	1813.01	2350
Iteration: 252	1414	1545	1806.76	2217
Iteration: 253	1414	1546	1822.12	2200
Iteration: 254	1414	1562	1794.76	2244
Iteration: 255	1414	1617	1847.89	2390
Iteration: 256	1414	1519	1830.42	2442
Iteration: 257	1414	1548	1830.81	2235
Iteration: 258	1414	1580	1807.81	2360
Iteration: 259	1414	1517	1825.18	2485
Iteration: 260	1414	1562	1828.2	2362
Iteration: 261	1414	1529	1797.68	2388
Iteration: 262	1414	1528	1819.74	2536
Iteration: 263	1414	1546	1835.29	2298
Iteration: 264	1414	1536	1827.04	2385
Iteration: 265	1414	1544	1805.74	2377
Iteration: 266	1414	1513	1818.03	2401
Iteration: 267	1414	1556	1833.65	2571
Iteration: 268	1414	1529	1814.39	2486
Iteration: 269	1414	1562	1861.87	2687
Iteration: 270	1414	1523	1836.55	2514
Iteration: 271	1414	1534	1806.69	2382
Iteration: 272	1414	1479	1794.97	2313
Iteration: 273	1414	1551	1815.95	2595
Iteration: 274	1414	1521	1817.25	2302
Iteration: 275	1414	1505	1799.45	2372
Iteration: 276	1414	1545	1829.32	2390
Iteration: 277	1414	1567	1804.29	2332
Iteration: 278	1414	1537	1839.32	2220
Iteration: 279	1414	1579	1869.41	2509
Iteration: 280	1414	1501	1808.19	2382
Iteration: 281	1414	1561	1813.79	2204
Iteration: 282	1414	1582	1842.86	2342
Iteration: 283	1414	1506	1832.37	2379
Iteration: 284	1414	1474	1806.44	2216
Iteration: 285	1414	1474	1829.29	2412
Iteration: 286	1414	1549	1823.29	2605
Iteration: 287	1414	1502	1836.42	2232
Iteration: 288	1414	1526	1823.19	2398
Iteration: 289	1414	1539	1815.02	2258
Iteration: 290	1414	1579	1842.91	2434
Iteration: 291	1414	1573	1836.14	2422
Iteration: 292	1414	1500	1837.46	2184
Iteration: 293	1414	1510	1819.61	2396
Iteration: 294	1414	1541	1844.65	2379
Iteration: 295	1414	1589	1841.64	2487
Iteration: 296	1414	1516	1832.75	2460
Iteration: 297	1414	1543	1843.83	2450
Iteration: 298	1414	1550	1815.06	2396
Iteration: 299	1414	1543	1822.39	2216
Iteration: 300	1414	1581	1849.48	2345
Iteration: 301	1414	1519	1825.23	2440
Iteration: 302	1414	1492	1853.51	2260
Iteration: 303	1414	1539	1857.31	2404
Iteration: 304	1414	1542	1827	2420
Iteration: 305	1414	1516	1827.73	2327
Iteration: 306	1414	1515	1836.13	2312
Iteration: 307	1414	1499	1826.31	2544
Iteration: 308	1414	1534	1827.94	2300
Iteration: 309	1414	1505	1830.29	2660
Iteration: 310	1414	1482	1803.89	2323
Iteration: 311	1414	1531	1843.75	2299
Iteration: 312	1414	1526	1831.94	2392
Iteration: 313	1414	1574	1840.2	2437
Iteration: 314	1414	1499	1880.19	2498
Iteration: 315	1414	1555	1839.54	2597
Iteration: 316	1414	1540	1810.97	2292
Iteration: 317	1414	1529	1807.38	2336
Iteration: 318	1414	1591	1887.73	2443
Iteration: 319	1414	1532	1828.56	2342
Iteration: 320	1414	1540	1849.25	2283
Iteration: 321	1414	1540	1840.85	2591
Iteration: 322	1414	1517	1823.2	2365
Iteration: 323	1414	1590	1814.88	2255
Iteration: 324	1414	1513	1808.39	2311
Iteration: 325	1414	1556	1835.73	2432
Iteration: 326	1414	1526	1786.61	2194
Iteration: 327	1414	1553	1834.4	2296
Iteration: 328	1414	1521	1857.2	2697
Iteration: 329	1414	1484	1803.84	2453
Iteration: 330	1414	1514	1821.06	2388
Iteration: 331	1414	1569	1833.18	2482
Iteration: 332	1414	1499	1848.19	2275
Iteration: 333	1414	1505	1854.24	2689
Iteration: 334	1414	1519	1835.78	2350
Iteration: 335	1414	1544	1843.17	2684
Iteration: 336	1414	1438	1811.1	2333
Iteration: 337	1414	1529	1828.31	2365
Iteration: 338	1414	1604	1817.82	2173
Iteration: 339	1414	1560	1826.79	2230
Iteration: 340	1414	1557	1837.52	2493
Iteration: 341	1414	1580	1802.3	2322
Iteration: 342	1414	1548	1804.82	2409
Iteration: 343	1414	1545	1845.7	2340
Iteration: 344	1414	1468	1828.97	2245
Iteration: 345	1414	1570	1835.13	2417
Iteration: 346	1414	1547	1841.99	2387
Iteration: 347	1414	1546	1841.71	2438
Iteration: 348	1414	1555	1800.21	2214
Iteration: 349	1414	1573	1823.29	2349
Iteration: 350	1414	1489	1844.02	2685
Iteration: 351	1414	1597	1825.43	2372
Iteration: 352	1414	1551	1820.86	2416
Iteration: 353	1414	1498	1796.49	2181
Iteration: 354	1414	1567	1840.36	2311
Iteration: 355	1414	1552	1856.11	2410
Iteration: 356	1414	1513	1819.37	2272
Iteration: 357	1414	1519	1829.23	2298
Iteration: 358	1414	1550	1805.03	2340
Iteration: 359	1414	1498	1814.42	2403
Iteration: 360	1414	1536	1827.46	2566
Iteration: 361	1414	1557	1806.11	2370
Iteration: 362	1414	1505	1815.51	2360
Iteration: 363	1414	1507	1820.04	2374
Iteration: 364	1414	1541	1818.04	2410
Iteration: 365	1414	1572	1803.14	2320
Iteration: 366	1414	1557	1812.29	2334
Iteration: 367	1414	1546	1877.37	2626
Iteration: 368	1414	1521	1813.37	2611
Iteration: 369	1414	1501	1815.79	2309
Iteration: 370	1414	1555	1824.05	2303
Iteration: 371	1414	1500	1821.9	2328
Iteration: 372	1414	1585	1811.62	2247
Iteration: 373	1414	1561	1847.69	2915
Iteration: 374	1414	1517	1796.82	2320
Iteration: 375	1414	1534	1820.68	2295
Iteration: 376	1414	1532	1835.55	2425
Iteration: 377	1414	1604	1863.52	2570
Iteration: 378	1414	1510	1843.04	2499
Iteration: 379	1414	1479	1847.82	2615
Iteration: 380	1414	1550	1817.29	2372
Iteration: 381	1414	1478	1822.94	2503
Iteration: 382	1414	1549	1826.79	2290
Iteration: 383	1414	1541	1822.99	2290
Iteration: 384	1414	1509	1843.33	2296
Iteration: 385	1414	1550	1844.45	2629
Iteration: 386	1414	1571	1817.62	2279
Iteration: 387	1414	1548	1831.48	2342
Iteration: 388	1414	1579	1853.69	2579
Iteration: 389	1414	1552	1801.18	2267
Iteration: 390	1414	1536	1818.47	2330
Iteration: 391	1414	1558	1814.59	2511
Iteration: 392	1414	1542	1862.11	2684
Iteration: 393	1414	1532	1845.77	2287
Iteration: 394	1414	1520	1835.93	2420
Iteration: 395	1414	1510	1830.72	2491
Iteration: 396	1414	1534	1825.65	2431
Iteration: 397	1414	1544	1807.26	2796
Iteration: 398	1414	1467	1840.96	2362
Iteration: 399	1414	1530	1866.14	2586
Iteration: 400	1414	1520	1800.37	2318
Iteration: 401	1414	1577	1848.65	2668
Iteration: 402	1414	1517	1803.01	2269
Iteration: 403	1414	1554	1847.32	2700
Iteration: 404	1414	1546	1788.81	2291
Iteration: 405	1414	1536	1828.53	2570
Iteration: 406	1414	1507	1853.79	2409
Iteration: 407	1414	1610	1833.96	2370
Iteration: 408	1414	1553	1841.55	2374
Iteration: 409	1414	1514	1820.34	2428
Iteration: 410	1414	1539	1822.04	2338
Iteration: 411	1414	1529	1815.83	2372
Iteration: 412	1414	1485	1810.83	2266
Iteration: 413	1414	1535	1834.35	2500
Iteration: 414	1414	1584	1806	2562
Iteration: 415	1414	1544	1806.88	2246
Iteration: 416	1414	1559	1804.02	2299
Iteration: 417	1414	1490	1860.97	2268
Iteration: 418	1414	1551	1852.33	2355
Iteration: 419	1414	1517	1796.6	2248
Iteration: 420	1414	1537	1811.77	2163
Iteration: 421	1414	1541	1852.91	2731
Iteration: 422	1414	1471	1791.49	2167
Iteration: 423	1414	1484	1800.16	2249
Iteration: 424	1414	1524	1861.4	2540
Iteration: 425	1414	1566	1811.03	2248
Iteration: 426	1414	1521	1842.93	2384
Iteration: 427	1414	1555	1856.4	2962
Iteration: 428	1414	1523	1851.5	2486
Iteration: 429	1414	1533	1805.83	2241
Iteration: 430	1414	1586	1806.99	2202
Iteration: 431	1414	1580	1829.74	2130
Iteration: 432	1414	1500	1818.71	2374
Iteration: 433	1414	1531	1823.02	2267
Iteration: 434	1414	1510	1861.73	2469
Iteration: 435	1414	1489	1825.13	2308
Iteration: 436	1414	1533	1820.02	2303
Iteration: 437	1414	1573	1816.38	2408
Iteration: 438	1414	1553	1823.93	2367
Iteration: 439	1414	1565	1811.43	2289
Iteration: 440	1414	1573	1841.27	2255
Iteration: 441	1414	1586	1857.75	2464
Iteration: 442	1414	1574	1804.23	2416
Iteration: 443	1414	1548	1810.17	2297
Iteration: 444	1414	1588	1829.06	2375
Iteration: 445	1414	1538	1824.78	2492
Iteration: 446	1414	1613	1843.63	2663
Iteration: 447	1414	1488	1831.07	2614
Iteration: 448	1414	1571	1828.86	2410
Iteration: 449	1414	1574	1814.43	2319
Iteration: 450	1414	1507	1812.13	2587
Iteration: 451	1414	1548	1837.63	2576
Iteration: 452	1414	1498	1807.6	2188
Iteration: 453	1414	1521	1790.57	2310
Iteration: 454	1414	1548	1854.7	2489
Iteration: 455	1414	1586	1819.14	2317
Iteration: 456	1414	1508	1815.29	2519
Iteration: 457	1414	1552	1833.15	2456
Iteration: 458	1414	1492	1840.78	2649
Iteration: 459	1414	1580	1830.97	2514
Iteration: 460	1414	1524	1866.11	2527
Iteration: 461	1414	1588	1849.62	2705
Iteration: 462	1414	1554	1835.76	2847
Iteration: 463	1414	1553	1828.57	2333
Iteration: 464	1414	1508	1825.33	2330
Iteration: 465	1414	1579	1844.04	2411
Iteration: 466	1414	1571	1842.72	2444
Iteration: 467	1414	1537	1810.78	2201
Iteration: 468	1414	1541	1825.03	2637
Iteration: 469	1414	1450	1815.77	2692
Iteration: 470	1414	1583	1821.04	2422
Iteration: 471	1414	1567	1840.35	2365
Iteration: 472	1414	1561	1849.14	2412
Iteration: 473	1414	1542	1852.54	2263
Iteration: 474	1414	1531	1828.5	2419
Iteration: 475	1414	1518	1837.88	2459
Iteration: 476	1414	1543	1803.61	2318
Iteration: 477	1414	1549	1836.83	2777
Iteration: 478	1414	1524	1843.67	2348
Iteration: 479	1414	1517	1792.62	2295
Iteration: 480	1414	1544	1813.1	2221
Iteration: 481	1414	1512	1869.6	2908
Iteration: 482	1414	1556	1807.11	2206
Iteration: 483	1414	1581	1835.59	2507
Iteration: 484	1414	1537	1856.63	2235
Iteration: 485	1414	1564	1842.46	2333
Iteration: 486	1414	1551	1830.28	2480
Iteration: 487	1414	1581	1849.12	2417
Iteration: 488	1414	1548	1826.45	2451
Iteration: 489	1414	1519	1797.98	2230
Iteration: 490	1414	1526	1806.81	2243
Iteration: 491	1414	1548	1813.82	2569
Iteration: 492	1414	1591	1809.1	2205
Iteration: 493	1414	1563	1798.68	2734
Iteration: 494	1414	1556	1824.36	2552
Iteration: 495	1414	1469	1838.72	2379
Iteration: 496	1414	1532	1863	2456
Iteration: 497	1414	1538	1811.68	2253
Iteration: 498	1414	1450	1850.4	2551
Iteration: 499	1414	1437	1815.66	2456
