Iteration: 0	1594	1594	1819.29	2326
Iteration: 1	1558	1558	1802.56	2463
Iteration: 2	1511	1511	1835.08	2234
Iteration: 3	1511	1579	1843.15	2351
Iteration: 4	1511	1540	1835.44	2221
Iteration: 5	1511	1561	1886.89	2480
Iteration: 6	1511	1558	1853.76	2417
Iteration: 7	1511	1600	1856.36	2656
Iteration: 8	1511	1551	1810.96	2299
Iteration: 9	1511	1553	1836.35	2594
Iteration: 10	1511	1583	1806.57	2260
Iteration: 11	1511	1552	1830.17	2412
Iteration: 12	1509	1509	1841.51	2466
Iteration: 13	1509	1510	1843.45	2636
Iteration: 14	1509	1547	1844.79	2422
Iteration: 15	1509	1565	1832.77	2417
Iteration: 16	1509	1540	1820.3	2345
Iteration: 17	1509	1526	1849.41	2484
Iteration: 18	1506	1506	1831.2	2279
Iteration: 19	1506	1547	1810.96	2368
Iteration: 20	1506	1581	1805.64	2489
Iteration: 21	1454	1454	1794.95	2176
Iteration: 22	1454	1463	1819.98	2282
Iteration: 23	1454	1570	1831.9	2497
Iteration: 24	1454	1553	1823.79	2371
Iteration: 25	1454	1505	1829.69	2227
Iteration: 26	1454	1547	1823.52	2346
Iteration: 27	1454	1565	1815.2	2213
Iteration: 28	1454	1567	1819.61	2316
Iteration: 29	1454	1528	1836.66	2214
Iteration: 30	1454	1530	1822.64	2605
Iteration: 31	1454	1488	1818.7	2288
Iteration: 32	1454	1516	1807.49	2298
Iteration: 33	1454	1546	1824.5	2391
Iteration: 34	1454	1531	1828.42	2247
Iteration: 35	1454	1483	1803.32	2352
Iteration: 36	1454	1502	1841.69	2468
Iteration: 37	1454	1500	1863.97	2438
Iteration: 38	1454	1496	1832.58	2201
Iteration: 39	1454	1532	1797.4	2328
Iteration: 40	1454	1542	1771.74	2126
Iteration: 41	1454	1569	1807.82	2286
Iteration: 42	1454	1509	1859.11	2430
Iteration: 43	1454	1538	1809.81	2169
Iteration: 44	1454	1498	1825.12	2397
Iteration: 45	1454	1583	1855.72	2445
Iteration: 46	1454	1580	1823.64	2485
Iteration: 47	1447	1447	1845.27	2134
Iteration: 48	1447	1575	1835.43	2231
Iteration: 49	1447	1546	1840.99	2388
Iteration: 50	1447	1523	1821.2	2269
Iteration: 51	1447	1474	1831.03	2631
Iteration: 52	1447	1523	1792.82	2248
Iteration: 53	1447	1523	1812.92	2296
Iteration: 54	1447	1529	1810.52	2258
Iteration: 55	1447	1530	1828.26	2353
Iteration: 56	1447	1507	1826.04	2282
Iteration: 57	1447	1533	1816.08	2174
Iteration: 58	1447	1582	1849.72	2399
Iteration: 59	1447	1521	1775.48	2318
Iteration: 60	1447	1563	1851.96	2429
Iteration: 61	1447	1520	1823.66	2471
Iteration: 62	1447	1558	1815.47	2420
Iteration: 63	1447	1583	1835.4	2494
Iteration: 64	1447	1563	1814.35	2234
Iteration: 65	1447	1542	1833.51	2344
Iteration: 66	1447	1545	1837.71	2332
Iteration: 67	1447	1505	1807.78	2349
Iteration: 68	1447	1518	1844.43	2466
Iteration: 69	1447	1505	1836.81	2626
Iteration: 70	1447	1564	1810.64	2159
Iteration: 71	1447	1517	1783.4	2183
Iteration: 72	1447	1457	1839.56	2788
Iteration: 73	1405	1405	1807.46	2489
Iteration: 74	1405	1563	1835.58	2264
Iteration: 75	1405	1537	1843.01	2720
Iteration: 76	1405	1559	1807.97	2203
Iteration: 77	1405	1549	1845.2	2322
Iteration: 78	1405	1559	1836.39	2260
Iteration: 79	1405	1541	1847.22	2786
Iteration: 80	1405	1531	1803.98	2451
Iteration: 81	1405	1523	1868.77	2509
Iteration: 82	1405	1526	1844.53	2386
Iteration: 83	1405	1606	1815.13	2247
Iteration: 84	1405	1481	1818.52	2304
Iteration: 85	1405	1569	1840.1	2398
Iteration: 86	1405	1459	1814.88	2336
Iteration: 87	1405	1541	1823	2406
Iteration: 88	1405	1491	1824.78	2208
Iteration: 89	1405	1537	1830.47	2255
Iteration: 90	1405	1503	1819.05	2418
Iteration: 91	1405	1533	1792.58	2516
Iteration: 92	1405	1556	1807.37	2311
Iteration: 93	1405	1562	1839.23	2475
Iteration: 94	1405	1526	1823.47	2227
Iteration: 95	1405	1526	1817.85	2284
Iteration: 96	1405	1462	1822.71	2260
Iteration: 97	1405	1570	1815.82	2352
Iteration: 98	1405	1497	1837.42	2477
Iteration: 99	1405	1550	1800.22	2367
Iteration: 100	1405	1529	1807.08	2245
Iteration: 101	1405	1515	1843.9	2610
Iteration: 102	1405	1550	1821.71	2680
Iteration: 103	1405	1546	1835.84	2422
Iteration: 104	1405	1606	1851.77	2597
Iteration: 105	1405	1502	1792.41	2376
Iteration: 106	1405	1513	1801.48	2133
Iteration: 107	1405	1508	1817.72	2308
Iteration: 108	1405	1543	1811.13	2381
Iteration: 109	1405	1556	1836.15	2403
Iteration: 110	1405	1576	1837.88	2582
Iteration: 111	1405	1414	1819.71	2546
Iteration: 112	1405	1545	1792.65	2221
Iteration: 113	1405	1533	1801.28	2294
Iteration: 114	1405	1531	1806.82	2184
Iteration: 115	1405	1515	1802.93	2390
Iteration: 116	1405	1489	1842.42	2423
Iteration: 117	1405	1519	1812.52	2534
Iteration: 118	1405	1506	1818.63	2357
Iteration: 119	1405	1541	1793.95	2244
Iteration: 120	1405	1522	1823.58	2424
Iteration: 121	1405	1507	1829.8	2290
Iteration: 122	1405	1463	1843.96	2298
Iteration: 123	1405	1610	1812.02	2336
Iteration: 124	1405	1528	1824.42	2323
Iteration: 125	1405	1552	1823.52	2357
Iteration: 126	1405	1480	1823.51	2794
Iteration: 127	1405	1434	1861.33	2650
Iteration: 128	1405	1498	1798.98	2392
Iteration: 129	1405	1554	1804.62	2328
Iteration: 130	1405	1464	1843.48	2499
Iteration: 131	1405	1442	1816.29	2363
Iteration: 132	1405	1552	1826.3	2246
Iteration: 133	1405	1531	1831.29	2292
Iteration: 134	1405	1559	1839.81	2618
Iteration: 135	1405	1548	1817.02	2320
Iteration: 136	1405	1540	1804.44	2316
Iteration: 137	1405	1532	1830.74	2282
Iteration: 138	1405	1569	1865.42	2485
Iteration: 139	1405	1510	1832.94	2237
Iteration: 140	1405	1568	1819.59	2185
Iteration: 141	1405	1570	1833.36	2197
Iteration: 142	1405	1506	1808.89	2282
Iteration: 143	1405	1552	1826.81	2354
Iteration: 144	1405	1529	1804.25	2266
Iteration: 145	1405	1559	1799.37	2255
Iteration: 146	1405	1559	1823.05	2316
Iteration: 147	1405	1572	1813.04	2550
Iteration: 148	1405	1532	1833.66	2287
Iteration: 149	1405	1495	1822.81	2416
Iteration: 150	1405	1483	1835.36	2343
Iteration: 151	1405	1495	1813.66	2257
Iteration: 152	1405	1506	1794.05	2327
Iteration: 153	1405	1596	1863	2549
Iteration: 154	1405	1588	1818.37	2253
Iteration: 155	1405	1544	1846.65	2399
Iteration: 156	1405	1494	1844.11	2348
Iteration: 157	1405	1537	1818.44	2306
Iteration: 158	1405	1510	1829.97	2286
Iteration: 159	1405	1518	1837.58	2353
Iteration: 160	1405	1538	1845.02	2656
Iteration: 161	1405	1530	1834.94	2338
Iteration: 162	1405	1540	1817.29	2556
Iteration: 163	1405	1599	1815.55	2266
Iteration: 164	1405	1547	1830.74	2321
Iteration: 165	1405	1554	1808.74	2236
Iteration: 166	1405	1615	1875.47	2487
Iteration: 167	1405	1523	1814.11	2362
Iteration: 168	1405	1508	1833.61	2277
Iteration: 169	1405	1528	1836.61	2329
Iteration: 170	1405	1519	1827.1	2282
Iteration: 171	1405	1619	1859.34	2188
Iteration: 172	1405	1476	1823.65	2298
Iteration: 173	1405	1541	1811.34	2238
Iteration: 174	1405	1541	1807.23	2265
Iteration: 175	1405	1547	1806.58	2287
Iteration: 176	1405	1575	1822.13	2313
Iteration: 177	1405	1531	1834.16	2502
Iteration: 178	1405	1530	1838.99	2446
Iteration: 179	1405	1552	1821.87	2364
Iteration: 180	1405	1547	1819.75	2239
Iteration: 181	1405	1525	1790.33	2232
Iteration: 182	1405	1511	1836.71	2522
Iteration: 183	1405	1544	1808.92	2329
Iteration: 184	1405	1572	1845.99	2232
Iteration: 185	1405	1515	1852	2509
Iteration: 186	1405	1524	1808.28	2269
Iteration: 187	1405	1540	1818.99	2215
Iteration: 188	1405	1564	1822.18	2210
Iteration: 189	1405	1499	1852.04	2526
Iteration: 190	1405	1574	1821.99	2328
Iteration: 191	1405	1537	1838.15	2577
Iteration: 192	1405	1502	1824.28	2209
Iteration: 193	1405	1467	1831.16	2399
Iteration: 194	1405	1523	1786.07	2199
Iteration: 195	1405	1494	1799.45	2243
Iteration: 196	1405	1537	1821.07	2186
Iteration: 197	1405	1538	1810.68	2162
Iteration: 198	1405	1551	1815.02	2315
Iteration: 199	1405	1566	1836.71	2410
Iteration: 200	1405	1527	1817.17	2500
Iteration: 201	1405	1543	1828.64	2695
Iteration: 202	1405	1534	1842.07	2217
Iteration: 203	1405	1528	1813.08	2248
Iteration: 204	1405	1521	1822.35	2441
Iteration: 205	1405	1558	1837.76	2362
Iteration: 206	1405	1530	1814.91	2361
Iteration: 207	1405	1589	1851.7	2426
Iteration: 208	1405	1497	1792.53	2250
Iteration: 209	1405	1458	1817.61	2347
Iteration: 210	1405	1565	1826.85	2252
Iteration: 211	1403	1403	1844.96	2324
Iteration: 212	1403	1523	1827.62	2858
Iteration: 213	1403	1580	1834.19	2618
Iteration: 214	1403	1474	1809.66	2413
Iteration: 215	1403	1500	1845.61	2596
Iteration: 216	1403	1542	1808.89	2450
Iteration: 217	1403	1481	1842.21	2361
Iteration: 218	1403	1543	1837.17	2603
Iteration: 219	1403	1567	1825.14	2439
Iteration: 220	1403	1531	1831.17	2363
Iteration: 221	1403	1562	1827.96	2400
Iteration: 222	1403	1525	1786.82	2255
Iteration: 223	1403	1566	1848.63	2375
Iteration: 224	1403	1524	1804.7	2177
Iteration: 225	1403	1578	1825.06	2318
Iteration: 226	1403	1548	1813.05	2312
Iteration: 227	1403	1521	1843.3	2441
Iteration: 228	1403	1573	1834.26	2437
Iteration: 229	1403	1585	1841.51	2317
Iteration: 230	1403	1447	1833.34	2442
Iteration: 231	1403	1534	1820.83	2331
Iteration: 232	1403	1584	1820.32	2256
Iteration: 233	1403	1513	1833.7	2370
Iteration: 234	1403	1525	1828.24	2251
Iteration: 235	1403	1578	1828.86	2248
Iteration: 236	1403	1548	1820.5	2327
Iteration: 237	1403	1512	1824.25	2530
Iteration: 238	1403	1515	1826.26	2401
Iteration: 239	1403	1564	1807.28	2132
Iteration: 240	1403	1461	1805.83	2302
Iteration: 241	1403	1559	1830.28	2384
Iteration: 242	1403	1502	1831.37	2428
Iteration: 243	1403	1576	1844.79	2815
Iteration: 244	1403	1519	1811.93	2475
Iteration: 245	1403	1586	1826.04	2363
Iteration: 246	1403	1545	1817.45	2376
Iteration: 247	1403	1580	1839.96	2289
Iteration: 248	1403	1540	1820.1	2341
Iteration: 249	1403	1559	1843.33	2271
Iteration: 250	1403	1535	1844.04	2566
Iteration: 251	1403	1541	1843.69	2408
Iteration: 252	1403	1604	1831.05	2426
Iteration: 253	1403	1543	1785.59	2057
Iteration: 254	1403	1522	1848.78	2549
Iteration: 255	1403	1566	1838.69	2281
Iteration: 256	1403	1540	1818.56	2481
Iteration: 257	1403	1558	1820.76	2248
Iteration: 258	1403	1544	1838.18	2714
Iteration: 259	1403	1526	1819.94	2241
Iteration: 260	1403	1555	1832.56	2332
Iteration: 261	1403	1482	1798.63	2413
Iteration: 262	1403	1505	1810.66	2364
Iteration: 263	1403	1556	1827.35	2267
Iteration: 264	1403	1584	1829.56	2316
Iteration: 265	1403	1524	1819.15	2239
Iteration: 266	1403	1524	1828.75	2494
Iteration: 267	1403	1539	1829.49	2285
Iteration: 268	1403	1485	1806.85	2232
Iteration: 269	1403	1534	1831.21	2378
Iteration: 270	1403	1525	1855.62	2701
Iteration: 271	1403	1535	1833.61	2423
Iteration: 272	1403	1588	1865.37	2668
Iteration: 273	1403	1557	1832	2343
Iteration: 274	1403	1519	1829.55	2348
Iteration: 275	1403	1532	1822	2326
Iteration: 276	1403	1552	1814.47	2498
Iteration: 277	1403	1499	1851.53	2359
Iteration: 278	1403	1578	1822.62	2600
Iteration: 279	1403	1528	1837.15	2327
Iteration: 280	1403	1539	1840.06	2464
Iteration: 281	1403	1564	1857.45	2394
Iteration: 282	1403	1477	1818.71	2249
Iteration: 283	1403	1545	1837.41	2334
Iteration: 284	1403	1564	1845.83	2556
Iteration: 285	1403	1563	1824.31	2506
Iteration: 286	1403	1583	1821.75	2325
Iteration: 287	1403	1509	1804.58	2250
Iteration: 288	1403	1510	1811.87	2364
Iteration: 289	1403	1508	1835.56	2591
Iteration: 290	1403	1499	1811.23	2429
Iteration: 291	1403	1566	1825.41	2390
Iteration: 292	1403	1479	1832.68	2281
Iteration: 293	1403	1583	1835.31	2374
Iteration: 294	1403	1516	1835.85	2473
Iteration: 295	1403	1541	1816.2	2406
Iteration: 296	1403	1496	1840.69	2488
Iteration: 297	1403	1535	1833.63	2344
Iteration: 298	1403	1558	1829.9	2372
Iteration: 299	1403	1548	1796.82	2243
Iteration: 300	1403	1549	1810.83	2324
Iteration: 301	1403	1495	1830.7	2636
Iteration: 302	1403	1560	1819.3	2423
Iteration: 303	1403	1550	1831.15	2766
Iteration: 304	1403	1523	1839.17	2278
Iteration: 305	1403	1526	1829.29	2392
Iteration: 306	1403	1508	1834.17	2293
Iteration: 307	1403	1617	1805.16	2351
Iteration: 308	1403	1519	1801.45	2314
Iteration: 309	1403	1478	1833.3	2462
Iteration: 310	1403	1586	1813.58	2357
Iteration: 311	1403	1546	1807.98	2262
Iteration: 312	1403	1493	1844.52	2467
Iteration: 313	1403	1513	1805.88	2372
Iteration: 314	1403	1492	1818.6	2301
Iteration: 315	1403	1550	1846.09	2600
Iteration: 316	1403	1543	1824.29	2636
Iteration: 317	1403	1526	1803.12	2207
Iteration: 318	1403	1599	1841.93	2321
Iteration: 319	1403	1532	1844.97	2256
Iteration: 320	1403	1489	1814.25	2537
Iteration: 321	1403	1492	1851.71	2426
Iteration: 322	1403	1503	1812.98	2352
Iteration: 323	1403	1576	1815.43	2284
Iteration: 324	1403	1574	1814.78	2372
Iteration: 325	1403	1509	1865.39	2312
Iteration: 326	1403	1537	1819.84	2287
Iteration: 327	1403	1593	1849.54	2587
Iteration: 328	1403	1516	1840.5	2531
Iteration: 329	1403	1572	1854.85	2711
Iteration: 330	1403	1507	1826.57	2463
Iteration: 331	1403	1595	1830.1	2246
Iteration: 332	1403	1527	1798.94	2475
Iteration: 333	1403	1545	1832.16	2346
Iteration: 334	1403	1548	1825.98	2460
Iteration: 335	1403	1499	1818.9	2433
Iteration: 336	1403	1550	1809.95	2359
Iteration: 337	1403	1568	1842.54	2336
Iteration: 338	1403	1566	1838.82	2376
Iteration: 339	1403	1510	1818.2	2296
Iteration: 340	1403	1465	1800.59	2334
Iteration: 341	1403	1513	1841.37	2499
Iteration: 342	1403	1529	1810.39	2263
Iteration: 343	1403	1546	1817.09	2167
Iteration: 344	1403	1543	1846.95	2503
Iteration: 345	1403	1552	1811.51	2305
Iteration: 346	1403	1474	1836.96	2351
Iteration: 347	1403	1488	1846.09	2565
Iteration: 348	1403	1567	1826.13	2404
Iteration: 349	1403	1571	1807.5	2174
Iteration: 350	1403	1583	1826.41	2413
Iteration: 351	1403	1489	1822.77	2720
Iteration: 352	1403	1519	1818.71	2888
Iteration: 353	1403	1540	1827.63	2193
Iteration: 354	1402	1402	1828.16	2531
Iteration: 355	1402	1498	1822.98	2434
Iteration: 356	1402	1515	1825.85	2540
Iteration: 357	1402	1509	1819.92	2346
Iteration: 358	1402	1541	1831.19	2335
Iteration: 359	1402	1532	1800.31	2271
Iteration: 360	1402	1591	1822.12	2183
Iteration: 361	1402	1554	1830.29	2404
Iteration: 362	1402	1528	1826.86	2606
Iteration: 363	1402	1580	1856.7	2484
Iteration: 364	1402	1542	1871	2450
Iteration: 365	1402	1487	1808.79	2511
Iteration: 366	1402	1520	1807.56	2936
Iteration: 367	1402	1508	1831.36	2290
Iteration: 368	1402	1561	1815.95	2232
Iteration: 369	1402	1544	1828.44	2221
Iteration: 370	1402	1487	1822.2	2139
Iteration: 371	1402	1521	1814.27	2639
Iteration: 372	1402	1504	1830.56	2376
Iteration: 373	1402	1564	1825.2	2246
Iteration: 374	1402	1543	1809.57	2427
Iteration: 375	1402	1562	1838.91	2286
Iteration: 376	1402	1490	1828.68	2434
Iteration: 377	1402	1498	1835.4	2477
Iteration: 378	1402	1541	1826.41	2436
Iteration: 379	1402	1490	1811.69	2350
Iteration: 380	1402	1519	1832.42	2318
Iteration: 381	1402	1560	1855.68	2396
Iteration: 382	1402	1528	1830.16	2375
Iteration: 383	1402	1565	1851.19	2528
Iteration: 384	1402	1536	1827.98	2584
Iteration: 385	1402	1536	1783.76	2101
Iteration: 386	1402	1515	1828.36	2328
Iteration: 387	1402	1546	1827.13	3121
Iteration: 388	1402	1493	1788.93	2581
Iteration: 389	1402	1531	1868.61	2276
Iteration: 390	1402	1548	1805.24	2363
Iteration: 391	1402	1551	1827.41	2349
Iteration: 392	1402	1521	1835.9	2560
Iteration: 393	1402	1551	1822.92	2444
Iteration: 394	1402	1478	1844.61	2376
Iteration: 395	1402	1574	1802.6	2280
Iteration: 396	1402	1585	1854.42	2628
Iteration: 397	1402	1571	1815.38	2406
Iteration: 398	1402	1494	1821.42	2468
Iteration: 399	1402	1539	1834.37	2421
Iteration: 400	1402	1514	1814.17	2422
Iteration: 401	1402	1545	1839.46	2769
Iteration: 402	1402	1582	1805.95	2304
Iteration: 403	1402	1507	1810.87	2309
Iteration: 404	1402	1566	1825.48	2274
Iteration: 405	1402	1560	1822.99	2280
Iteration: 406	1402	1533	1777.62	2339
Iteration: 407	1402	1473	1825.13	2548
Iteration: 408	1402	1514	1834.41	2330
Iteration: 409	1402	1497	1817.11	2465
Iteration: 410	1402	1558	1858.03	2443
Iteration: 411	1402	1546	1815.76	2542
Iteration: 412	1402	1482	1820.56	2145
Iteration: 413	1402	1538	1839.65	2474
Iteration: 414	1402	1529	1813.93	2297
Iteration: 415	1402	1511	1814.71	2484
Iteration: 416	1402	1539	1797.18	2259
Iteration: 417	1402	1586	1808.36	2365
Iteration: 418	1402	1493	1822.75	2511
Iteration: 419	1402	1514	1861.22	2952
Iteration: 420	1402	1490	1792.22	2281
Iteration: 421	1402	1471	1843.69	2219
Iteration: 422	1402	1494	1829.63	2301
Iteration: 423	1402	1523	1840.67	2348
Iteration: 424	1402	1491	1853.88	2555
Iteration: 425	1402	1515	1831.93	2251
Iteration: 426	1402	1555	1795.84	2297
Iteration: 427	1402	1533	1838.45	2606
Iteration: 428	1402	1551	1819.67	2198
Iteration: 429	1402	1508	1793.65	2278
Iteration: 430	1402	1572	1836.95	2306
Iteration: 431	1402	1546	1829.96	2346
Iteration: 432	1402	1544	1826.41	2524
Iteration: 433	1402	1568	1834.04	2522
Iteration: 434	1402	1498	1805.41	2366
Iteration: 435	1402	1481	1847.23	2506
Iteration: 436	1402	1525	1786.33	2154
Iteration: 437	1402	1570	1836.06	2473
Iteration: 438	1402	1563	1824.27	2353
Iteration: 439	1402	1589	1847.84	2270
Iteration: 440	1402	1583	1856.35	2428
Iteration: 441	1402	1536	1846.83	2657
Iteration: 442	1402	1591	1817.05	2336
Iteration: 443	1402	1534	1802.22	2385
Iteration: 444	1402	1550	1860.01	2803
Iteration: 445	1402	1547	1819.51	2455
Iteration: 446	1402	1543	1814.9	2437
Iteration: 447	1402	1524	1863.5	2514
Iteration: 448	1402	1585	1842.78	2341
Iteration: 449	1402	1523	1798.7	2493
Iteration: 450	1402	1538	1838.17	2502
Iteration: 451	1402	1580	1797.24	2160
Iteration: 452	1402	1499	1826.44	2394
Iteration: 453	1402	1554	1833.55	2398
Iteration: 454	1402	1515	1821.21	2431
Iteration: 455	1402	1563	1826.27	2362
Iteration: 456	1402	1532	1815.6	2525
Iteration: 457	1402	1561	1797.96	2242
Iteration: 458	1402	1548	1827.43	2320
Iteration: 459	1402	1523	1823.76	2367
Iteration: 460	1402	1527	1835.24	2351
Iteration: 461	1402	1536	1825.26	2522
Iteration: 462	1402	1562	1838.11	2282
Iteration: 463	1402	1532	1834.37	2529
Iteration: 464	1402	1567	1839.72	2243
Iteration: 465	1402	1537	1828.58	2310
Iteration: 466	1402	1583	1842.81	2626
Iteration: 467	1402	1537	1833.73	2389
Iteration: 468	1402	1454	1806.94	2178
Iteration: 469	1402	1557	1817.92	2494
Iteration: 470	1402	1585	1836.6	2455
Iteration: 471	1402	1521	1840.54	2349
Iteration: 472	1402	1526	1819.32	2229
Iteration: 473	1402	1482	1794.61	2222
Iteration: 474	1402	1494	1831	2563
Iteration: 475	1402	1582	1815.37	2566
Iteration: 476	1402	1530	1822.87	2306
Iteration: 477	1402	1545	1800.48	2300
Iteration: 478	1402	1546	1817.94	2187
Iteration: 479	1402	1549	1812.46	2530
Iteration: 480	1402	1585	1828.3	2272
Iteration: 481	1402	1559	1832.77	2418
Iteration: 482	1402	1529	1830.55	2451
Iteration: 483	1402	1528	1814.87	2188
Iteration: 484	1402	1563	1851.37	2508
Iteration: 485	1402	1490	1834.45	2586
Iteration: 486	1402	1475	1819.37	2288
Iteration: 487	1402	1580	1841.51	2344
Iteration: 488	1402	1523	1815.2	2571
Iteration: 489	1402	1528	1804.74	2219
Iteration: 490	1402	1521	1833.75	2456
Iteration: 491	1402	1536	1785.24	2084
Iteration: 492	1402	1521	1804.38	2136
Iteration: 493	1402	1526	1836.28	2374
Iteration: 494	1402	1543	1834.58	2530
Iteration: 495	1402	1562	1840.72	2448
Iteration: 496	1402	1553	1836.26	2615
Iteration: 497	1402	1517	1829.15	2338
Iteration: 498	1402	1528	1823.41	2190
Iteration: 499	1402	1517	1793.52	2313
