Iteration: 0	1526	1526	1832.47	2278
Iteration: 1	1526	1593	1840.89	2515
Iteration: 2	1526	1569	1845.26	2380
Iteration: 3	1521	1521	1811.28	2194
Iteration: 4	1521	1539	1849.42	2308
Iteration: 5	1521	1589	1854.54	2346
Iteration: 6	1442	1442	1828.03	2342
Iteration: 7	1442	1544	1867.63	2365
Iteration: 8	1442	1554	1834.82	2376
Iteration: 9	1442	1536	1859.77	2421
Iteration: 10	1442	1607	1844.1	2448
Iteration: 11	1442	1482	1853.85	2618
Iteration: 12	1442	1454	1817.5	2275
Iteration: 13	1442	1586	1817.55	2313
Iteration: 14	1442	1530	1841.79	2338
Iteration: 15	1442	1552	1823.56	2320
Iteration: 16	1442	1509	1821.54	2319
Iteration: 17	1442	1593	1873.74	2972
Iteration: 18	1442	1517	1831.34	2370
Iteration: 19	1442	1541	1839.91	2250
Iteration: 20	1442	1578	1845.59	2380
Iteration: 21	1442	1575	1821.88	2231
Iteration: 22	1442	1549	1822.67	2171
Iteration: 23	1442	1454	1808.93	2424
Iteration: 24	1442	1522	1834.85	3085
Iteration: 25	1442	1547	1814.4	2416
Iteration: 26	1442	1572	1803.61	2370
Iteration: 27	1442	1457	1802.62	2159
Iteration: 28	1442	1495	1798.4	2324
Iteration: 29	1442	1466	1816.48	2253
Iteration: 30	1442	1541	1864.49	2458
Iteration: 31	1442	1485	1815.33	2303
Iteration: 32	1442	1546	1834.16	2376
Iteration: 33	1442	1495	1833.24	2480
Iteration: 34	1442	1442	1806.06	2372
Iteration: 35	1442	1585	1841.18	2435
Iteration: 36	1442	1583	1831.05	2304
Iteration: 37	1442	1500	1825.65	2312
Iteration: 38	1442	1551	1799.54	2465
Iteration: 39	1442	1532	1849.4	2274
Iteration: 40	1442	1579	1838.07	2350
Iteration: 41	1442	1526	1844.94	2303
Iteration: 42	1442	1548	1813.05	2320
Iteration: 43	1442	1560	1825.56	2552
Iteration: 44	1442	1552	1851.58	2333
Iteration: 45	1442	1549	1804.13	2215
Iteration: 46	1442	1571	1859.25	2610
Iteration: 47	1442	1539	1811.5	2385
Iteration: 48	1442	1582	1846.97	2378
Iteration: 49	1442	1505	1840.99	2367
Iteration: 50	1442	1544	1815.51	2265
Iteration: 51	1442	1551	1842.02	2257
Iteration: 52	1442	1521	1814.29	2433
Iteration: 53	1442	1540	1835.09	2412
Iteration: 54	1442	1557	1842.27	2330
Iteration: 55	1442	1518	1829.39	2366
Iteration: 56	1442	1551	1809.03	2264
Iteration: 57	1442	1533	1839.89	2645
Iteration: 58	1442	1537	1798.61	2273
Iteration: 59	1442	1510	1825.73	2281
Iteration: 60	1442	1535	1814.62	2555
Iteration: 61	1442	1510	1844.04	2464
Iteration: 62	1442	1568	1835.42	2406
Iteration: 63	1442	1540	1826.4	2130
Iteration: 64	1442	1531	1827.2	2266
Iteration: 65	1442	1504	1818.43	2574
Iteration: 66	1442	1556	1823.58	2556
Iteration: 67	1442	1543	1818.71	2213
Iteration: 68	1442	1506	1816.44	2678
Iteration: 69	1442	1584	1836.98	2275
Iteration: 70	1442	1456	1820.55	2295
Iteration: 71	1442	1538	1837.56	2423
Iteration: 72	1442	1497	1807.34	2313
Iteration: 73	1426	1426	1829.47	2292
Iteration: 74	1426	1532	1820	2355
Iteration: 75	1426	1568	1851.06	2226
Iteration: 76	1426	1484	1812.26	2588
Iteration: 77	1426	1488	1845.84	2343
Iteration: 78	1426	1527	1805.05	2434
Iteration: 79	1426	1452	1814.34	2280
Iteration: 80	1426	1543	1840.2	2331
Iteration: 81	1426	1567	1827.71	2491
Iteration: 82	1426	1534	1847.21	2512
Iteration: 83	1426	1532	1799.92	2142
Iteration: 84	1426	1547	1847.88	2310
Iteration: 85	1426	1573	1805.78	2305
Iteration: 86	1426	1556	1837.94	2450
Iteration: 87	1426	1478	1836.84	2339
Iteration: 88	1426	1564	1797.12	2264
Iteration: 89	1426	1568	1807.47	2202
Iteration: 90	1426	1600	1835.65	2396
Iteration: 91	1426	1577	1842.39	2281
Iteration: 92	1426	1560	1822.57	2457
Iteration: 93	1426	1530	1800.33	2161
Iteration: 94	1426	1531	1810.82	2378
Iteration: 95	1426	1560	1816.58	2293
Iteration: 96	1426	1541	1819.05	2331
Iteration: 97	1426	1566	1823.84	2297
Iteration: 98	1426	1552	1811.94	2282
Iteration: 99	1426	1492	1827.72	2311
Iteration: 100	1426	1497	1823.2	2410
Iteration: 101	1426	1585	1799.61	2194
Iteration: 102	1426	1519	1797.03	2446
Iteration: 103	1426	1467	1815.92	2219
Iteration: 104	1426	1554	1850.07	2463
Iteration: 105	1426	1548	1824.43	2241
Iteration: 106	1426	1534	1814.88	2248
Iteration: 107	1426	1460	1827.01	2399
Iteration: 108	1426	1581	1802.65	2307
Iteration: 109	1426	1565	1804.12	2300
Iteration: 110	1426	1567	1825.57	2239
Iteration: 111	1426	1534	1833.49	2428
Iteration: 112	1426	1569	1842.81	2521
Iteration: 113	1426	1525	1852.27	2609
Iteration: 114	1426	1490	1831.24	2395
Iteration: 115	1426	1529	1828.3	2537
Iteration: 116	1426	1548	1818.39	2189
Iteration: 117	1426	1516	1814.43	2357
Iteration: 118	1426	1538	1811.89	2325
Iteration: 119	1426	1543	1825.91	2564
Iteration: 120	1426	1458	1830.34	2174
Iteration: 121	1426	1496	1807.64	2548
Iteration: 122	1426	1468	1823.73	2199
Iteration: 123	1426	1575	1837.44	2372
Iteration: 124	1426	1531	1825	2252
Iteration: 125	1426	1475	1827.12	2386
Iteration: 126	1426	1522	1830.7	2403
Iteration: 127	1426	1568	1820.54	2404
Iteration: 128	1426	1579	1854.53	2564
Iteration: 129	1426	1593	1867.84	2771
Iteration: 130	1426	1514	1837.43	2416
Iteration: 131	1426	1552	1815.54	2852
Iteration: 132	1426	1491	1828.39	2465
Iteration: 133	1426	1547	1830.66	2262
Iteration: 134	1426	1520	1811.15	2284
Iteration: 135	1426	1517	1830.69	2389
Iteration: 136	1426	1548	1845.38	2488
Iteration: 137	1426	1526	1825.36	2332
Iteration: 138	1426	1484	1813.22	2362
Iteration: 139	1426	1590	1840.08	2320
Iteration: 140	1426	1550	1833.57	2345
Iteration: 141	1426	1547	1878.02	2585
Iteration: 142	1426	1599	1852.88	2373
Iteration: 143	1426	1593	1854.04	2500
Iteration: 144	1426	1570	1818.44	2309
Iteration: 145	1426	1531	1854.69	2337
Iteration: 146	1426	1531	1811.18	2548
Iteration: 147	1426	1489	1826.84	2287
Iteration: 148	1426	1570	1821.81	2254
Iteration: 149	1426	1509	1828.8	2303
Iteration: 150	1426	1494	1828.71	2264
Iteration: 151	1426	1576	1819.14	2331
Iteration: 152	1426	1498	1797.56	2294
Iteration: 153	1426	1576	1828.96	2301
Iteration: 154	1426	1603	1826.96	2452
Iteration: 155	1426	1523	1839.3	2337
Iteration: 156	1426	1494	1823.19	2267
Iteration: 157	1426	1504	1830.97	2382
Iteration: 158	1426	1544	1838.46	2398
Iteration: 159	1426	1494	1814.05	2196
Iteration: 160	1426	1539	1820.16	2349
Iteration: 161	1426	1534	1838.63	2382
Iteration: 162	1426	1564	1832.75	2392
Iteration: 163	1426	1495	1827.27	2369
Iteration: 164	1426	1509	1822.43	2622
Iteration: 165	1426	1509	1810.74	2427
Iteration: 166	1426	1506	1816.47	2533
Iteration: 167	1426	1503	1804.41	2262
Iteration: 168	1426	1543	1828.56	2310
Iteration: 169	1426	1561	1844.04	2455
Iteration: 170	1426	1563	1845.24	2431
Iteration: 171	1426	1488	1808.35	2332
Iteration: 172	1426	1574	1829.07	2380
Iteration: 173	1426	1494	1851.42	2232
Iteration: 174	1426	1547	1837.24	2379
Iteration: 175	1426	1537	1820.58	2218
Iteration: 176	1426	1524	1827.4	2258
Iteration: 177	1426	1539	1813.97	2233
Iteration: 178	1426	1509	1847.87	2381
Iteration: 179	1426	1508	1806.18	2322
Iteration: 180	1426	1537	1828.16	2279
Iteration: 181	1426	1524	1851.07	2390
Iteration: 182	1426	1534	1843.81	2461
Iteration: 183	1426	1518	1798.68	2219
Iteration: 184	1426	1558	1824.48	2438
Iteration: 185	1426	1489	1822.91	2277
Iteration: 186	1426	1549	1797.01	2350
Iteration: 187	1407	1407	1840.94	2261
Iteration: 188	1407	1539	1831.5	2335
Iteration: 189	1407	1521	1828.46	2503
Iteration: 190	1407	1583	1868.13	2431
Iteration: 191	1407	1502	1805.11	2308
Iteration: 192	1407	1517	1798.93	2209
Iteration: 193	1407	1519	1847.37	2824
Iteration: 194	1407	1506	1834.4	2447
Iteration: 195	1407	1536	1812	2453
Iteration: 196	1407	1517	1845.99	2457
Iteration: 197	1407	1558	1800.97	2254
Iteration: 198	1407	1497	1822.22	2338
Iteration: 199	1407	1569	1829.6	2463
Iteration: 200	1407	1508	1823.44	2398
Iteration: 201	1407	1558	1802.87	2569
Iteration: 202	1407	1570	1833.35	2225
Iteration: 203	1407	1565	1823.63	2253
Iteration: 204	1407	1610	1853.35	2256
Iteration: 205	1407	1535	1822.25	2336
Iteration: 206	1407	1529	1833.5	2407
Iteration: 207	1407	1548	1805.01	2283
Iteration: 208	1407	1549	1819.49	2336
Iteration: 209	1407	1448	1858.05	2295
Iteration: 210	1407	1464	1837.03	2284
Iteration: 211	1407	1511	1811.91	2253
Iteration: 212	1407	1531	1823.32	2386
Iteration: 213	1407	1502	1857.99	2488
Iteration: 214	1407	1495	1809.51	2406
Iteration: 215	1407	1560	1818.82	2352
Iteration: 216	1407	1535	1824.31	2252
Iteration: 217	1407	1524	1859.93	2734
Iteration: 218	1407	1555	1838.05	2362
Iteration: 219	1407	1524	1811.62	2307
Iteration: 220	1407	1499	1816.89	2337
Iteration: 221	1407	1526	1823.19	2444
Iteration: 222	1407	1512	1810.82	2187
Iteration: 223	1407	1591	1863.36	2519
Iteration: 224	1407	1552	1828.33	2419
Iteration: 225	1407	1480	1813.37	2270
Iteration: 226	1407	1474	1860.74	2544
Iteration: 227	1407	1560	1844.54	2513
Iteration: 228	1407	1591	1843.76	2256
Iteration: 229	1407	1481	1827.3	2294
Iteration: 230	1407	1503	1819.42	2469
Iteration: 231	1407	1543	1834.11	2277
Iteration: 232	1407	1474	1817.05	2619
Iteration: 233	1407	1565	1823.78	2366
Iteration: 234	1407	1595	1838.05	2651
Iteration: 235	1407	1566	1841.93	2333
Iteration: 236	1407	1527	1821.26	2350
Iteration: 237	1407	1573	1846.55	2432
Iteration: 238	1407	1510	1793.53	2255
Iteration: 239	1407	1547	1827.78	2443
Iteration: 240	1407	1496	1798.51	2389
Iteration: 241	1407	1497	1821.08	2276
Iteration: 242	1407	1546	1833.15	2359
Iteration: 243	1407	1576	1837.89	2425
Iteration: 244	1407	1529	1832.66	2324
Iteration: 245	1407	1433	1830.33	2526
Iteration: 246	1407	1519	1835.21	2417
Iteration: 247	1407	1484	1812.57	2197
Iteration: 248	1407	1503	1825.08	2414
Iteration: 249	1407	1539	1822.57	2482
Iteration: 250	1407	1560	1819.24	2469
Iteration: 251	1407	1520	1804.45	2291
Iteration: 252	1407	1507	1833.3	2519
Iteration: 253	1407	1550	1837.53	2386
Iteration: 254	1407	1527	1826.01	2466
Iteration: 255	1407	1573	1813.86	2287
Iteration: 256	1407	1560	1838.08	2453
Iteration: 257	1407	1517	1861.66	2458
Iteration: 258	1407	1557	1836.32	2383
Iteration: 259	1407	1587	1857.94	2399
Iteration: 260	1407	1558	1822.46	2666
Iteration: 261	1407	1536	1831.69	2272
Iteration: 262	1407	1517	1803.32	2323
Iteration: 263	1407	1496	1839.04	2407
Iteration: 264	1407	1485	1815.15	2281
Iteration: 265	1407	1571	1824.1	2247
Iteration: 266	1407	1527	1838.31	2269
Iteration: 267	1407	1583	1816.09	2244
Iteration: 268	1407	1544	1831.78	2230
Iteration: 269	1407	1509	1813.94	2156
Iteration: 270	1407	1502	1823.42	2667
Iteration: 271	1407	1496	1847	2458
Iteration: 272	1407	1516	1817.9	2797
Iteration: 273	1407	1555	1810.79	2635
Iteration: 274	1407	1551	1806.14	2320
Iteration: 275	1407	1494	1829.76	2391
Iteration: 276	1407	1522	1794.15	2457
Iteration: 277	1407	1497	1818.58	2617
Iteration: 278	1407	1528	1836.24	2225
Iteration: 279	1407	1573	1808.83	2173
Iteration: 280	1407	1528	1797.21	2364
Iteration: 281	1407	1535	1839.8	2856
Iteration: 282	1407	1495	1828.36	2276
Iteration: 283	1407	1476	1811.83	2440
Iteration: 284	1407	1523	1854.33	2364
Iteration: 285	1407	1557	1839	2315
Iteration: 286	1407	1518	1835.81	2252
Iteration: 287	1407	1598	1825.72	2355
Iteration: 288	1407	1492	1817.91	2324
Iteration: 289	1407	1555	1831.44	2348
Iteration: 290	1407	1561	1833.63	2322
Iteration: 291	1407	1542	1817.47	2420
Iteration: 292	1407	1472	1825.2	2288
Iteration: 293	1407	1486	1811.89	2322
Iteration: 294	1407	1573	1855.48	2568
Iteration: 295	1407	1528	1818.4	2358
Iteration: 296	1407	1521	1835.75	2259
Iteration: 297	1407	1583	1867.91	2414
Iteration: 298	1407	1563	1815.25	2364
Iteration: 299	1407	1537	1842.26	2489
Iteration: 300	1407	1566	1807.75	2268
Iteration: 301	1407	1603	1820.62	2321
Iteration: 302	1407	1484	1809.1	2689
Iteration: 303	1407	1526	1801.06	2364
Iteration: 304	1407	1525	1830.04	2536
Iteration: 305	1407	1587	1841.3	2663
Iteration: 306	1407	1518	1801.56	2129
Iteration: 307	1407	1538	1844.96	2287
Iteration: 308	1407	1520	1834.46	2394
Iteration: 309	1407	1599	1825.54	2340
Iteration: 310	1407	1536	1856.51	2540
Iteration: 311	1407	1560	1813.45	2449
Iteration: 312	1407	1481	1821.99	2398
Iteration: 313	1407	1477	1859.62	2673
Iteration: 314	1407	1523	1854.67	2399
Iteration: 315	1407	1550	1813.25	2169
Iteration: 316	1407	1584	1844.69	2450
Iteration: 317	1407	1489	1826.25	2310
Iteration: 318	1407	1548	1818.1	2284
Iteration: 319	1407	1531	1825.45	2290
Iteration: 320	1407	1536	1839.16	2325
Iteration: 321	1407	1615	1840.82	2382
Iteration: 322	1407	1496	1841.71	2460
Iteration: 323	1407	1499	1848.63	2381
Iteration: 324	1407	1575	1820.49	2268
Iteration: 325	1407	1564	1822.85	2512
Iteration: 326	1407	1481	1842.83	2623
Iteration: 327	1407	1565	1839.84	2515
Iteration: 328	1407	1557	1818.72	2255
Iteration: 329	1407	1566	1838.51	2249
Iteration: 330	1407	1586	1858.66	2275
Iteration: 331	1407	1507	1788.13	2172
Iteration: 332	1407	1569	1840.09	3133
Iteration: 333	1407	1579	1807.14	2266
Iteration: 334	1407	1555	1811.66	2197
Iteration: 335	1407	1473	1832.25	2378
Iteration: 336	1407	1562	1835.52	2492
Iteration: 337	1407	1551	1849.58	2386
Iteration: 338	1407	1582	1820.92	2314
Iteration: 339	1407	1564	1821.78	2898
Iteration: 340	1407	1536	1839.78	2386
Iteration: 341	1407	1523	1841.85	2570
Iteration: 342	1407	1530	1807.71	2295
Iteration: 343	1407	1557	1834.16	2415
Iteration: 344	1407	1574	1834.99	2272
Iteration: 345	1407	1519	1833.46	2329
Iteration: 346	1407	1482	1788.77	2320
Iteration: 347	1407	1557	1820.45	2274
Iteration: 348	1407	1559	1810.08	2179
Iteration: 349	1407	1531	1812.09	2478
Iteration: 350	1407	1525	1830.35	2178
Iteration: 351	1407	1558	1834.87	2378
Iteration: 352	1407	1548	1826.74	2231
Iteration: 353	1407	1506	1823.21	2380
Iteration: 354	1407	1487	1801.31	2277
Iteration: 355	1407	1484	1845.71	2593
Iteration: 356	1407	1535	1848.11	2291
Iteration: 357	1407	1566	1823.94	2576
Iteration: 358	1407	1563	1831.57	2467
Iteration: 359	1407	1534	1809.12	2214
Iteration: 360	1407	1573	1823.52	2289
Iteration: 361	1407	1561	1816.39	2365
Iteration: 362	1407	1514	1820.08	2436
Iteration: 363	1407	1568	1819.22	2341
Iteration: 364	1407	1567	1845.82	2376
Iteration: 365	1407	1524	1810.55	2364
Iteration: 366	1407	1559	1810.8	2242
Iteration: 367	1407	1518	1830.16	2333
Iteration: 368	1407	1554	1814.86	2420
Iteration: 369	1407	1562	1827.23	2448
Iteration: 370	1407	1560	1829.51	2345
Iteration: 371	1407	1519	1855.16	2508
Iteration: 372	1407	1497	1853.61	2582
Iteration: 373	1407	1563	1831.04	2547
Iteration: 374	1407	1551	1814.98	2278
Iteration: 375	1407	1561	1829.9	2189
Iteration: 376	1407	1547	1834.12	2269
Iteration: 377	1407	1579	1810.04	2333
Iteration: 378	1407	1542	1841.06	2548
Iteration: 379	1407	1560	1832.4	2737
Iteration: 380	1407	1525	1802.87	2250
Iteration: 381	1407	1543	1849.91	2223
Iteration: 382	1407	1492	1800.77	2214
Iteration: 383	1407	1485	1805.39	2393
Iteration: 384	1407	1583	1845.91	2271
Iteration: 385	1407	1544	1812.09	2153
Iteration: 386	1407	1539	1854.75	2536
Iteration: 387	1407	1513	1828.2	2406
Iteration: 388	1407	1514	1807.62	2230
Iteration: 389	1407	1553	1858.03	2477
Iteration: 390	1407	1498	1825.41	2339
Iteration: 391	1407	1517	1812.54	2328
Iteration: 392	1407	1553	1803.36	2201
Iteration: 393	1407	1531	1826.93	2265
Iteration: 394	1407	1549	1830.48	2418
Iteration: 395	1407	1516	1818.51	2388
Iteration: 396	1407	1511	1845.99	2585
Iteration: 397	1407	1487	1834.24	2376
Iteration: 398	1407	1550	1806.03	2142
Iteration: 399	1407	1533	1825.62	2234
Iteration: 400	1407	1579	1813.66	2385
Iteration: 401	1407	1488	1836.99	2346
Iteration: 402	1407	1469	1848.87	2572
Iteration: 403	1407	1532	1825.54	2353
Iteration: 404	1407	1579	1850.22	2487
Iteration: 405	1407	1591	1811.7	2340
Iteration: 406	1407	1548	1811.85	2259
Iteration: 407	1407	1510	1861.77	2498
Iteration: 408	1407	1517	1830.75	2284
Iteration: 409	1407	1565	1825.75	2384
Iteration: 410	1407	1592	1814.72	2498
Iteration: 411	1407	1568	1811.25	2439
Iteration: 412	1407	1549	1818.79	2301
Iteration: 413	1407	1519	1830.46	2367
Iteration: 414	1407	1546	1853.73	2456
Iteration: 415	1407	1567	1775.7	2174
Iteration: 416	1407	1494	1802.85	2203
Iteration: 417	1407	1579	1819.28	2522
Iteration: 418	1407	1548	1822.35	2353
Iteration: 419	1407	1549	1816.18	2612
Iteration: 420	1407	1534	1829	2325
Iteration: 421	1407	1558	1821.28	2437
Iteration: 422	1407	1526	1820.94	2461
Iteration: 423	1407	1519	1806.44	2179
Iteration: 424	1407	1513	1823.89	2371
Iteration: 425	1407	1562	1822.26	2363
Iteration: 426	1407	1494	1809.51	2301
Iteration: 427	1407	1564	1848.4	2527
Iteration: 428	1407	1535	1824.4	2592
Iteration: 429	1407	1509	1829.23	2378
Iteration: 430	1407	1518	1838.54	2509
Iteration: 431	1407	1549	1836.25	2431
Iteration: 432	1407	1514	1821.75	2222
Iteration: 433	1407	1546	1854.01	2408
Iteration: 434	1407	1536	1825.53	2321
Iteration: 435	1407	1532	1853.9	2362
Iteration: 436	1407	1524	1827.47	2177
Iteration: 437	1407	1565	1826.19	2271
Iteration: 438	1407	1540	1803.27	2347
Iteration: 439	1407	1577	1812.73	2368
Iteration: 440	1407	1561	1833.41	2193
Iteration: 441	1407	1524	1828.33	2522
Iteration: 442	1407	1503	1858.46	2395
Iteration: 443	1407	1503	1834.82	2237
Iteration: 444	1407	1579	1838.84	2366
Iteration: 445	1407	1568	1827.89	2458
Iteration: 446	1407	1481	1812.87	2357
Iteration: 447	1407	1541	1825.48	2387
Iteration: 448	1407	1472	1829.03	2577
Iteration: 449	1407	1552	1812.61	2566
Iteration: 450	1407	1583	1844.78	2465
Iteration: 451	1407	1528	1858.44	2288
Iteration: 452	1407	1503	1845.26	2319
Iteration: 453	1407	1594	1850.26	2514
Iteration: 454	1407	1505	1790.98	2375
Iteration: 455	1407	1561	1841.26	2276
Iteration: 456	1407	1549	1832.19	2266
Iteration: 457	1407	1458	1827.52	2380
Iteration: 458	1407	1484	1832.14	2225
Iteration: 459	1407	1545	1849.92	2308
Iteration: 460	1407	1541	1810.58	2253
Iteration: 461	1407	1516	1795.39	2348
Iteration: 462	1407	1559	1851.04	2437
Iteration: 463	1407	1512	1854.1	2366
Iteration: 464	1407	1502	1802.51	2235
Iteration: 465	1407	1572	1859.59	2463
Iteration: 466	1407	1532	1810.78	2511
Iteration: 467	1407	1583	1825.86	2489
Iteration: 468	1407	1573	1846.74	2334
Iteration: 469	1407	1552	1840.32	2703
Iteration: 470	1407	1505	1875.09	2745
Iteration: 471	1407	1495	1836.35	2295
Iteration: 472	1407	1532	1855.18	2462
Iteration: 473	1407	1535	1815.3	2339
Iteration: 474	1407	1567	1832.96	2226
Iteration: 475	1407	1537	1836.08	2483
Iteration: 476	1407	1539	1811.43	2308
Iteration: 477	1407	1504	1827.28	2532
Iteration: 478	1407	1496	1818.2	2491
Iteration: 479	1407	1545	1839.66	2334
Iteration: 480	1407	1554	1821.69	2302
Iteration: 481	1407	1487	1824.02	2527
Iteration: 482	1407	1547	1843.22	2320
Iteration: 483	1407	1515	1838.14	2269
Iteration: 484	1407	1560	1837.15	2342
Iteration: 485	1407	1520	1833.11	2303
Iteration: 486	1407	1502	1843.67	2195
Iteration: 487	1407	1505	1815.16	2344
Iteration: 488	1407	1497	1836.19	2409
Iteration: 489	1407	1487	1829.18	2758
Iteration: 490	1407	1577	1818.56	2288
Iteration: 491	1407	1505	1827.22	2248
Iteration: 492	1407	1470	1836.28	2470
Iteration: 493	1407	1571	1816.54	2310
Iteration: 494	1407	1534	1846.29	2392
Iteration: 495	1407	1579	1840.41	2346
Iteration: 496	1407	1535	1819.08	2252
Iteration: 497	1407	1537	1813.06	2495
Iteration: 498	1407	1520	1847.83	2645
Iteration: 499	1407	1580	1816.56	2377
