Iteration: 0	1502	1502	1840.27	2346
Iteration: 1	1502	1543	1821.77	2440
Iteration: 2	1476	1476	1860.95	2579
Iteration: 3	1476	1580	1860.21	2420
Iteration: 4	1476	1593	1868.31	2302
Iteration: 5	1476	1544	1867.69	2449
Iteration: 6	1476	1531	1865.35	2395
Iteration: 7	1476	1586	1860.62	2424
Iteration: 8	1476	1481	1844.69	2384
Iteration: 9	1476	1545	1863.49	2520
Iteration: 10	1476	1520	1845.21	2336
Iteration: 11	1476	1539	1817.24	2546
Iteration: 12	1467	1467	1827.96	2463
Iteration: 13	1467	1524	1814.62	2389
Iteration: 14	1467	1560	1813.63	2387
Iteration: 15	1467	1533	1816.04	2277
Iteration: 16	1467	1551	1819.72	2423
Iteration: 17	1467	1589	1827.72	2458
Iteration: 18	1467	1534	1799.43	2328
Iteration: 19	1467	1535	1821.72	2263
Iteration: 20	1467	1505	1823.84	2388
Iteration: 21	1467	1508	1815.38	2229
Iteration: 22	1467	1538	1847.11	2390
Iteration: 23	1467	1580	1838.02	2682
Iteration: 24	1467	1529	1808.96	2317
Iteration: 25	1467	1478	1820.74	2239
Iteration: 26	1467	1556	1804.45	2443
Iteration: 27	1467	1573	1818.79	2573
Iteration: 28	1440	1440	1792.22	2542
Iteration: 29	1440	1526	1819.23	2389
Iteration: 30	1440	1549	1813.92	2369
Iteration: 31	1440	1539	1787.3	2277
Iteration: 32	1440	1533	1833.33	2349
Iteration: 33	1440	1544	1860.18	2383
Iteration: 34	1440	1530	1807.18	2240
Iteration: 35	1440	1561	1865.98	2499
Iteration: 36	1440	1555	1836.48	2517
Iteration: 37	1440	1494	1842.56	2353
Iteration: 38	1440	1521	1835.45	2298
Iteration: 39	1440	1548	1827.07	2464
Iteration: 40	1440	1563	1818.2	2298
Iteration: 41	1440	1550	1833.16	2354
Iteration: 42	1440	1579	1809.82	2289
Iteration: 43	1440	1531	1802.85	2347
Iteration: 44	1440	1558	1831.39	2517
Iteration: 45	1440	1575	1835.78	2865
Iteration: 46	1440	1541	1824.35	2295
Iteration: 47	1440	1566	1839.51	2625
Iteration: 48	1440	1561	1824.59	2266
Iteration: 49	1440	1533	1821.03	2283
Iteration: 50	1440	1506	1848.27	2424
Iteration: 51	1440	1495	1816.08	2278
Iteration: 52	1440	1562	1803.28	2331
Iteration: 53	1440	1516	1816.97	2603
Iteration: 54	1440	1531	1831.91	2220
Iteration: 55	1440	1541	1820.08	2391
Iteration: 56	1440	1576	1839.82	2430
Iteration: 57	1440	1565	1830.63	2545
Iteration: 58	1440	1550	1816.54	2189
Iteration: 59	1440	1555	1832.62	2524
Iteration: 60	1440	1520	1809.93	2314
Iteration: 61	1440	1533	1832.99	2385
Iteration: 62	1440	1554	1835.17	2394
Iteration: 63	1440	1586	1795.98	2232
Iteration: 64	1440	1572	1818.61	2531
Iteration: 65	1440	1543	1824.7	2290
Iteration: 66	1440	1539	1807.12	2417
Iteration: 67	1440	1556	1826.82	2304
Iteration: 68	1440	1552	1816.94	2291
Iteration: 69	1440	1541	1816.71	2274
Iteration: 70	1440	1477	1829.81	2405
Iteration: 71	1440	1550	1812.31	2277
Iteration: 72	1440	1527	1826.59	2747
Iteration: 73	1440	1523	1846.77	2407
Iteration: 74	1440	1518	1809.53	2454
Iteration: 75	1440	1543	1848.39	2387
Iteration: 76	1440	1533	1817.21	2506
Iteration: 77	1440	1545	1823.1	2472
Iteration: 78	1440	1501	1822.27	2206
Iteration: 79	1440	1556	1845.78	2219
Iteration: 80	1440	1517	1821.99	2626
Iteration: 81	1440	1529	1834.82	2289
Iteration: 82	1440	1483	1826.43	2192
Iteration: 83	1440	1513	1840.3	2304
Iteration: 84	1440	1568	1815.07	2539
Iteration: 85	1440	1492	1828.93	2345
Iteration: 86	1440	1543	1810.96	2672
Iteration: 87	1433	1433	1841.58	2508
Iteration: 88	1433	1554	1814.07	2279
Iteration: 89	1433	1542	1814.41	2474
Iteration: 90	1433	1597	1824.83	2371
Iteration: 91	1433	1526	1858.47	2496
Iteration: 92	1433	1524	1838.27	2447
Iteration: 93	1433	1574	1833.49	2420
Iteration: 94	1433	1521	1807.25	2231
Iteration: 95	1433	1590	1818.56	2307
Iteration: 96	1433	1531	1815.14	2446
Iteration: 97	1433	1537	1833.47	2387
Iteration: 98	1433	1530	1819.67	2697
Iteration: 99	1433	1470	1818.96	2466
Iteration: 100	1433	1508	1818	2246
Iteration: 101	1433	1539	1812.31	2194
Iteration: 102	1433	1510	1803.37	2500
Iteration: 103	1433	1523	1806.35	2400
Iteration: 104	1433	1557	1864.33	2706
Iteration: 105	1433	1536	1811.15	2279
Iteration: 106	1433	1601	1817	2203
Iteration: 107	1433	1520	1823.31	2256
Iteration: 108	1433	1533	1825.71	2428
Iteration: 109	1433	1595	1816.34	2695
Iteration: 110	1433	1487	1825.46	2425
Iteration: 111	1433	1547	1860.93	2399
Iteration: 112	1433	1476	1841.1	2283
Iteration: 113	1433	1545	1826.62	2373
Iteration: 114	1433	1483	1865.73	2420
Iteration: 115	1433	1543	1836.82	2448
Iteration: 116	1433	1508	1806.6	2199
Iteration: 117	1433	1493	1834.27	2387
Iteration: 118	1433	1521	1813.82	2431
Iteration: 119	1433	1473	1818.17	2225
Iteration: 120	1433	1539	1838.88	2325
Iteration: 121	1433	1575	1834.9	2553
Iteration: 122	1433	1532	1812.93	2300
Iteration: 123	1433	1575	1837.06	2525
Iteration: 124	1433	1490	1828.17	2573
Iteration: 125	1433	1442	1802.43	2697
Iteration: 126	1433	1589	1848.94	2463
Iteration: 127	1433	1544	1831.18	2335
Iteration: 128	1433	1509	1822.05	2442
Iteration: 129	1433	1548	1821.13	2324
Iteration: 130	1433	1521	1810.8	2474
Iteration: 131	1433	1555	1803.01	2274
Iteration: 132	1433	1546	1840.23	2459
Iteration: 133	1433	1541	1827.58	2332
Iteration: 134	1433	1495	1820.16	2526
Iteration: 135	1433	1591	1822.36	2240
Iteration: 136	1433	1519	1815.29	2258
Iteration: 137	1433	1571	1819.2	2310
Iteration: 138	1433	1466	1807.88	2411
Iteration: 139	1433	1551	1829.32	2361
Iteration: 140	1433	1539	1843.42	2388
Iteration: 141	1433	1533	1843.17	2594
Iteration: 142	1433	1493	1804.83	2398
Iteration: 143	1433	1543	1845.55	2628
Iteration: 144	1433	1519	1821.36	2304
Iteration: 145	1433	1559	1820.67	2421
Iteration: 146	1433	1478	1820.06	2273
Iteration: 147	1433	1593	1849.1	2427
Iteration: 148	1433	1545	1860.49	2620
Iteration: 149	1433	1551	1821.08	2470
Iteration: 150	1433	1545	1804.77	2194
Iteration: 151	1433	1551	1821.42	2196
Iteration: 152	1433	1484	1837.17	2272
Iteration: 153	1433	1516	1796.93	2235
Iteration: 154	1433	1506	1828.28	2425
Iteration: 155	1433	1544	1829.76	2475
Iteration: 156	1433	1537	1809.82	2525
Iteration: 157	1433	1516	1818.6	2288
Iteration: 158	1433	1512	1812.76	2362
Iteration: 159	1433	1505	1811.69	2333
Iteration: 160	1433	1568	1857.64	2465
Iteration: 161	1433	1553	1836.66	2352
Iteration: 162	1433	1515	1823.32	2275
Iteration: 163	1433	1509	1832.38	2310
Iteration: 164	1433	1549	1833.2	2404
Iteration: 165	1433	1554	1825.59	2395
Iteration: 166	1433	1530	1824.53	2255
Iteration: 167	1433	1484	1808.08	2477
Iteration: 168	1433	1517	1809.68	2328
Iteration: 169	1433	1569	1826.21	2383
Iteration: 170	1433	1455	1834.24	2293
Iteration: 171	1433	1557	1822.96	2399
Iteration: 172	1433	1569	1832.19	2212
Iteration: 173	1433	1576	1834.86	2304
Iteration: 174	1433	1546	1818.34	2260
Iteration: 175	1433	1542	1826.1	2326
Iteration: 176	1433	1478	1831.9	2325
Iteration: 177	1433	1561	1826.38	2566
Iteration: 178	1433	1503	1824.22	2256
Iteration: 179	1433	1498	1835.42	2437
Iteration: 180	1425	1425	1820.67	2377
Iteration: 181	1425	1514	1833.56	2809
Iteration: 182	1425	1592	1835.74	2693
Iteration: 183	1425	1588	1831.75	2533
Iteration: 184	1425	1545	1831.04	2374
Iteration: 185	1425	1550	1843.61	2701
Iteration: 186	1425	1587	1834.4	2313
Iteration: 187	1425	1581	1844.12	2377
Iteration: 188	1425	1557	1814.72	2351
Iteration: 189	1425	1555	1826.48	2547
Iteration: 190	1425	1532	1823.27	2297
Iteration: 191	1425	1542	1838.61	2409
Iteration: 192	1425	1501	1818.06	2365
Iteration: 193	1425	1562	1836.86	2341
Iteration: 194	1425	1546	1814.78	2481
Iteration: 195	1425	1544	1815.17	2414
Iteration: 196	1425	1555	1809.13	2381
Iteration: 197	1425	1560	1837.74	2322
Iteration: 198	1425	1476	1843.4	2814
Iteration: 199	1425	1520	1814.25	2305
Iteration: 200	1425	1503	1802.52	2525
Iteration: 201	1425	1524	1804.36	2349
Iteration: 202	1425	1522	1821.11	2336
Iteration: 203	1425	1512	1821.33	2229
Iteration: 204	1425	1587	1842.9	2294
Iteration: 205	1425	1622	1862.75	2497
Iteration: 206	1425	1526	1839.83	2278
Iteration: 207	1425	1545	1830.9	2531
Iteration: 208	1425	1515	1824.65	2409
Iteration: 209	1425	1493	1814.89	2360
Iteration: 210	1425	1545	1815.22	2387
Iteration: 211	1425	1537	1847.65	2515
Iteration: 212	1425	1533	1821.51	2193
Iteration: 213	1425	1507	1844.37	2577
Iteration: 214	1425	1514	1818.46	2266
Iteration: 215	1425	1564	1855.72	2487
Iteration: 216	1425	1566	1860.76	2445
Iteration: 217	1425	1514	1805.31	2272
Iteration: 218	1425	1529	1827.28	2521
Iteration: 219	1425	1504	1823.08	2217
Iteration: 220	1425	1569	1821.21	2602
Iteration: 221	1425	1579	1824.33	2188
Iteration: 222	1425	1528	1827.36	2352
Iteration: 223	1425	1570	1828.25	2432
Iteration: 224	1425	1511	1836.87	2520
Iteration: 225	1425	1552	1838.3	2415
Iteration: 226	1425	1597	1852.22	2297
Iteration: 227	1425	1550	1815.42	2199
Iteration: 228	1425	1568	1832.99	2272
Iteration: 229	1425	1548	1829.83	2534
Iteration: 230	1425	1519	1810.79	2289
Iteration: 231	1425	1464	1827.07	2509
Iteration: 232	1425	1457	1800.12	2406
Iteration: 233	1425	1496	1793.12	2359
Iteration: 234	1425	1579	1876.71	2792
Iteration: 235	1425	1557	1842.22	2408
Iteration: 236	1425	1541	1814.42	2241
Iteration: 237	1425	1524	1814.8	2246
Iteration: 238	1425	1484	1838	2559
Iteration: 239	1425	1547	1833.05	2499
Iteration: 240	1425	1517	1839.91	2375
Iteration: 241	1425	1537	1852.08	2575
Iteration: 242	1425	1574	1839.5	2453
Iteration: 243	1425	1524	1833.96	2360
Iteration: 244	1425	1558	1822.56	2476
Iteration: 245	1425	1589	1838.99	2383
Iteration: 246	1425	1454	1857.51	2403
Iteration: 247	1425	1572	1809.53	2250
Iteration: 248	1425	1589	1858.82	2493
Iteration: 249	1425	1563	1836.96	2348
Iteration: 250	1425	1535	1843.5	2566
Iteration: 251	1425	1534	1833.34	2372
Iteration: 252	1425	1573	1832.71	2406
Iteration: 253	1425	1527	1819.58	2426
Iteration: 254	1425	1526	1822.67	2745
Iteration: 255	1425	1542	1832.28	2577
Iteration: 256	1425	1548	1829.87	2298
Iteration: 257	1425	1575	1804.83	2397
Iteration: 258	1425	1507	1814.62	2175
Iteration: 259	1425	1505	1809.13	2228
Iteration: 260	1425	1443	1836.18	2325
Iteration: 261	1425	1550	1844.5	2383
Iteration: 262	1425	1537	1826.53	2357
Iteration: 263	1425	1538	1821.83	2375
Iteration: 264	1425	1534	1809.98	2200
Iteration: 265	1425	1489	1819.53	2386
Iteration: 266	1425	1544	1851.95	2397
Iteration: 267	1425	1553	1819.58	2286
Iteration: 268	1425	1592	1840.18	2278
Iteration: 269	1425	1579	1810.16	2310
Iteration: 270	1425	1539	1845.48	2608
Iteration: 271	1425	1571	1829.01	2484
Iteration: 272	1425	1585	1839.84	2344
Iteration: 273	1425	1542	1794.18	2175
Iteration: 274	1425	1576	1809.21	2354
Iteration: 275	1425	1492	1804.54	2148
Iteration: 276	1425	1567	1813.15	2402
Iteration: 277	1425	1492	1823.23	2198
Iteration: 278	1425	1532	1805.42	2269
Iteration: 279	1425	1592	1803.88	2185
Iteration: 280	1425	1597	1838.57	2338
Iteration: 281	1425	1505	1827.43	2312
Iteration: 282	1425	1535	1841.77	2496
Iteration: 283	1425	1543	1799.5	2363
Iteration: 284	1425	1545	1844.37	2592
Iteration: 285	1425	1583	1833.44	2690
Iteration: 286	1425	1544	1806.18	2188
Iteration: 287	1425	1525	1819.32	2355
Iteration: 288	1425	1529	1823.54	2314
Iteration: 289	1425	1577	1861.98	2621
Iteration: 290	1425	1560	1825.37	2328
Iteration: 291	1425	1552	1801.86	2393
Iteration: 292	1425	1536	1809.24	2577
Iteration: 293	1425	1517	1808.25	2366
Iteration: 294	1425	1562	1844.59	2512
Iteration: 295	1425	1589	1823.76	2640
Iteration: 296	1425	1539	1814.28	2269
Iteration: 297	1425	1551	1808.96	2532
Iteration: 298	1425	1510	1826.84	2503
Iteration: 299	1425	1568	1804.03	2528
Iteration: 300	1425	1561	1829.13	2295
Iteration: 301	1425	1542	1841.31	2254
Iteration: 302	1425	1540	1832.18	2383
Iteration: 303	1425	1604	1813.31	2288
Iteration: 304	1425	1550	1835.9	2494
Iteration: 305	1425	1537	1795.16	2149
Iteration: 306	1425	1527	1801.05	2289
Iteration: 307	1425	1586	1822.74	2272
Iteration: 308	1425	1522	1825.31	2395
Iteration: 309	1425	1479	1860.42	2428
Iteration: 310	1425	1540	1828.9	2362
Iteration: 311	1425	1562	1845.41	2396
Iteration: 312	1425	1526	1827.69	2254
Iteration: 313	1425	1534	1810.24	2303
Iteration: 314	1425	1571	1815.72	2374
Iteration: 315	1425	1587	1848.05	2515
Iteration: 316	1425	1549	1827.78	2267
Iteration: 317	1425	1506	1838.42	2340
Iteration: 318	1425	1544	1817.54	2633
Iteration: 319	1425	1500	1820.34	2312
Iteration: 320	1425	1549	1830.45	2690
Iteration: 321	1425	1456	1821.14	2332
Iteration: 322	1425	1459	1857.44	2327
Iteration: 323	1425	1563	1806.58	2267
Iteration: 324	1425	1587	1862.78	2472
Iteration: 325	1425	1543	1829.81	2481
Iteration: 326	1425	1509	1805.12	2283
Iteration: 327	1425	1538	1835.27	2539
Iteration: 328	1425	1541	1815.75	2409
Iteration: 329	1425	1540	1822.8	2194
Iteration: 330	1425	1513	1833.14	2349
Iteration: 331	1425	1551	1850.57	2417
Iteration: 332	1425	1586	1807.29	2366
Iteration: 333	1425	1562	1804.15	2562
Iteration: 334	1425	1523	1825.12	2241
Iteration: 335	1425	1579	1848.86	2396
Iteration: 336	1425	1481	1826.97	2332
Iteration: 337	1425	1537	1820.98	2236
Iteration: 338	1425	1515	1813.53	2345
Iteration: 339	1425	1487	1844.2	2679
Iteration: 340	1425	1590	1827.11	2366
Iteration: 341	1425	1489	1836.57	2723
Iteration: 342	1425	1500	1845.92	2554
Iteration: 343	1425	1503	1813.02	2434
Iteration: 344	1425	1548	1813.31	2479
Iteration: 345	1425	1501	1816.46	2305
Iteration: 346	1425	1561	1794.67	2407
Iteration: 347	1425	1543	1809.99	2235
Iteration: 348	1425	1491	1796.17	2328
Iteration: 349	1425	1571	1857.94	2236
Iteration: 350	1425	1474	1830.44	2710
Iteration: 351	1425	1490	1830.6	2316
Iteration: 352	1425	1583	1823.95	2392
Iteration: 353	1425	1538	1846.76	2292
Iteration: 354	1425	1532	1799.78	2357
Iteration: 355	1425	1502	1820.24	2351
Iteration: 356	1425	1593	1818.94	2571
Iteration: 357	1425	1589	1835.56	2495
Iteration: 358	1425	1588	1838.14	2445
Iteration: 359	1425	1563	1822.83	2348
Iteration: 360	1425	1494	1817.83	2430
Iteration: 361	1425	1536	1811.2	2608
Iteration: 362	1425	1522	1841.15	2389
Iteration: 363	1425	1539	1811.02	2313
Iteration: 364	1425	1572	1815.66	2532
Iteration: 365	1425	1488	1819.1	2599
Iteration: 366	1425	1570	1840.8	2406
Iteration: 367	1425	1527	1837.76	2292
Iteration: 368	1425	1506	1833.64	2537
Iteration: 369	1425	1533	1828.55	2421
Iteration: 370	1425	1541	1816.88	2392
Iteration: 371	1425	1527	1834.99	2656
Iteration: 372	1425	1510	1820.79	2424
Iteration: 373	1425	1547	1829.02	2457
Iteration: 374	1425	1490	1806.19	2450
Iteration: 375	1425	1507	1840.15	2294
Iteration: 376	1425	1519	1824.49	2390
Iteration: 377	1425	1508	1808.76	2312
Iteration: 378	1425	1544	1823.26	2318
Iteration: 379	1425	1587	1848.28	2350
Iteration: 380	1425	1493	1837.4	2509
Iteration: 381	1425	1574	1804.23	2226
Iteration: 382	1425	1524	1847.46	2465
Iteration: 383	1425	1522	1803.65	2418
Iteration: 384	1425	1534	1807.88	2226
Iteration: 385	1425	1470	1807.2	2353
Iteration: 386	1425	1477	1826.37	2372
Iteration: 387	1425	1572	1815.92	2441
Iteration: 388	1425	1577	1856.19	2695
Iteration: 389	1425	1506	1850.29	2504
Iteration: 390	1425	1526	1809.98	2286
Iteration: 391	1425	1520	1829.59	2582
Iteration: 392	1425	1518	1819.35	2668
Iteration: 393	1425	1587	1801.8	2509
Iteration: 394	1425	1556	1823.37	2282
Iteration: 395	1425	1582	1853.1	2344
Iteration: 396	1425	1549	1848.4	2323
Iteration: 397	1425	1461	1818.59	2483
Iteration: 398	1425	1521	1823.39	2850
Iteration: 399	1425	1518	1815.88	2272
Iteration: 400	1425	1535	1815.59	2249
Iteration: 401	1425	1541	1830.41	2449
Iteration: 402	1425	1438	1813.32	2292
Iteration: 403	1425	1504	1834.39	2185
Iteration: 404	1425	1567	1856.09	2550
Iteration: 405	1425	1552	1828.92	2388
Iteration: 406	1425	1531	1837.99	2552
Iteration: 407	1425	1534	1839.83	2451
Iteration: 408	1425	1493	1829.62	2770
Iteration: 409	1425	1501	1817.19	2321
Iteration: 410	1425	1540	1796.6	2266
Iteration: 411	1425	1551	1841.44	2384
Iteration: 412	1425	1553	1822.35	2224
Iteration: 413	1425	1525	1811.92	2180
Iteration: 414	1425	1557	1831.45	2477
Iteration: 415	1425	1580	1838.55	2310
Iteration: 416	1425	1540	1877.43	2374
Iteration: 417	1425	1466	1812.48	2193
Iteration: 418	1425	1530	1845.12	2300
Iteration: 419	1425	1591	1828.58	2413
Iteration: 420	1425	1564	1814.44	2425
Iteration: 421	1425	1557	1808.65	2246
Iteration: 422	1425	1484	1844.96	2472
Iteration: 423	1425	1445	1854.64	2854
Iteration: 424	1425	1546	1820.76	2532
Iteration: 425	1425	1480	1811.31	2267
Iteration: 426	1425	1572	1829.1	2476
Iteration: 427	1425	1565	1825.79	2295
Iteration: 428	1425	1545	1823.65	2238
Iteration: 429	1425	1560	1812.44	2442
Iteration: 430	1425	1557	1836.52	2445
Iteration: 431	1425	1555	1800.91	2404
Iteration: 432	1425	1552	1834.38	2316
Iteration: 433	1425	1486	1820.45	2305
Iteration: 434	1425	1553	1836.68	2291
Iteration: 435	1425	1601	1856.16	2343
Iteration: 436	1425	1553	1854.22	2504
Iteration: 437	1425	1534	1843.11	2355
Iteration: 438	1425	1539	1811.67	2357
Iteration: 439	1425	1552	1821.61	2237
Iteration: 440	1425	1592	1837.18	2581
Iteration: 441	1425	1531	1837.04	2369
Iteration: 442	1425	1594	1829.31	2512
Iteration: 443	1425	1556	1849.91	2279
Iteration: 444	1425	1515	1845.77	2178
Iteration: 445	1425	1489	1786.85	2637
Iteration: 446	1425	1554	1817.57	2211
Iteration: 447	1425	1540	1852.55	2647
Iteration: 448	1425	1574	1831.95	2424
Iteration: 449	1418	1418	1853.37	2485
Iteration: 450	1418	1516	1821.39	2410
Iteration: 451	1418	1533	1821.73	2293
Iteration: 452	1418	1544	1838.65	2269
Iteration: 453	1418	1544	1854.76	2381
Iteration: 454	1418	1545	1834.79	2381
Iteration: 455	1418	1509	1811.75	2249
Iteration: 456	1418	1531	1821.01	2201
Iteration: 457	1418	1535	1802.08	2426
Iteration: 458	1418	1528	1834.19	2433
Iteration: 459	1418	1581	1833.08	2456
Iteration: 460	1418	1567	1838.87	2545
Iteration: 461	1418	1489	1831.93	2310
Iteration: 462	1418	1507	1824.84	2571
Iteration: 463	1418	1551	1841.99	2261
Iteration: 464	1418	1525	1819.36	2616
Iteration: 465	1418	1530	1838.76	2404
Iteration: 466	1418	1527	1812.71	2449
Iteration: 467	1418	1488	1815.92	2685
Iteration: 468	1418	1527	1799.27	2341
Iteration: 469	1418	1557	1812.27	2235
Iteration: 470	1418	1547	1821.18	2491
Iteration: 471	1418	1566	1832.22	2295
Iteration: 472	1418	1532	1835.38	2420
Iteration: 473	1418	1550	1822.13	2616
Iteration: 474	1418	1556	1823.87	2287
Iteration: 475	1418	1542	1838.03	2309
Iteration: 476	1418	1485	1799.7	2374
Iteration: 477	1418	1529	1833.54	2429
Iteration: 478	1418	1535	1843.37	2406
Iteration: 479	1418	1529	1826.78	2357
Iteration: 480	1418	1570	1815.5	2221
Iteration: 481	1418	1546	1818.57	2269
Iteration: 482	1418	1599	1811.42	2445
Iteration: 483	1418	1465	1806.7	2273
Iteration: 484	1418	1530	1823.43	2517
Iteration: 485	1418	1549	1836.22	2413
Iteration: 486	1418	1540	1845.27	2434
Iteration: 487	1418	1536	1845.16	2399
Iteration: 488	1418	1502	1822.72	2254
Iteration: 489	1418	1539	1850.05	2534
Iteration: 490	1418	1580	1833.76	2323
Iteration: 491	1418	1515	1826.92	2266
Iteration: 492	1418	1534	1840.21	2342
Iteration: 493	1418	1573	1861.97	2786
Iteration: 494	1418	1458	1838.56	2539
Iteration: 495	1418	1548	1863.09	2347
Iteration: 496	1418	1545	1803.42	2245
Iteration: 497	1418	1562	1843.91	2454
Iteration: 498	1418	1507	1824.22	2458
Iteration: 499	1418	1536	1834.01	2435
