Iteration: 0	1564	1564	1832.9	2400
Iteration: 1	1494	1494	1816.06	2616
Iteration: 2	1494	1557	1800.4	2525
Iteration: 3	1494	1536	1862.63	2523
Iteration: 4	1494	1558	1850.56	2464
Iteration: 5	1494	1530	1852.65	2213
Iteration: 6	1494	1535	1834.5	2346
Iteration: 7	1494	1624	1869.54	2418
Iteration: 8	1494	1557	1846.61	2576
Iteration: 9	1494	1552	1836.75	2570
Iteration: 10	1494	1573	1854.61	2233
Iteration: 11	1462	1462	1837.84	2442
Iteration: 12	1462	1525	1823.6	2199
Iteration: 13	1462	1531	1836.85	2640
Iteration: 14	1462	1467	1834.94	2305
Iteration: 15	1462	1548	1846.27	2344
Iteration: 16	1462	1489	1828.6	2228
Iteration: 17	1462	1561	1831.75	2376
Iteration: 18	1462	1610	1855.12	2221
Iteration: 19	1462	1584	1815.5	2568
Iteration: 20	1462	1504	1821.19	2225
Iteration: 21	1462	1486	1844.99	2381
Iteration: 22	1462	1510	1815.22	2445
Iteration: 23	1462	1516	1788.51	2320
Iteration: 24	1462	1586	1854.25	2381
Iteration: 25	1462	1511	1816.34	2408
Iteration: 26	1462	1505	1821.69	2680
Iteration: 27	1462	1495	1810.41	2384
Iteration: 28	1462	1599	1796.87	2214
Iteration: 29	1462	1558	1817.03	2555
Iteration: 30	1462	1545	1807.09	2326
Iteration: 31	1462	1594	1842.22	2790
Iteration: 32	1462	1502	1837.23	2340
Iteration: 33	1462	1545	1839.47	2393
Iteration: 34	1462	1564	1824.03	2391
Iteration: 35	1462	1569	1847.25	2317
Iteration: 36	1462	1574	1819.1	2310
Iteration: 37	1462	1555	1823.86	2587
Iteration: 38	1462	1540	1838.9	2438
Iteration: 39	1462	1540	1837.03	2319
Iteration: 40	1462	1546	1834.57	3049
Iteration: 41	1462	1530	1854.38	2821
Iteration: 42	1462	1560	1831.23	2603
Iteration: 43	1462	1543	1825.88	2418
Iteration: 44	1462	1564	1819.03	2168
Iteration: 45	1462	1463	1806.07	2281
Iteration: 46	1462	1487	1825.35	2378
Iteration: 47	1462	1526	1814.05	2270
Iteration: 48	1462	1525	1848.27	2360
Iteration: 49	1462	1518	1842.76	2457
Iteration: 50	1462	1529	1817.16	2250
Iteration: 51	1462	1492	1805.44	2494
Iteration: 52	1462	1503	1826.59	2214
Iteration: 53	1462	1559	1829.51	2516
Iteration: 54	1462	1562	1830.91	2379
Iteration: 55	1462	1552	1823.22	2257
Iteration: 56	1462	1501	1821.98	2212
Iteration: 57	1462	1525	1821.24	2273
Iteration: 58	1462	1557	1824.53	2493
Iteration: 59	1462	1557	1819.41	2255
Iteration: 60	1462	1556	1813.77	2281
Iteration: 61	1462	1561	1831.54	2191
Iteration: 62	1462	1509	1835.78	2343
Iteration: 63	1462	1556	1813.56	2562
Iteration: 64	1462	1520	1814.93	2406
Iteration: 65	1462	1535	1807.55	2307
Iteration: 66	1462	1589	1817.69	2554
Iteration: 67	1462	1526	1827.62	2338
Iteration: 68	1462	1546	1823.35	2457
Iteration: 69	1462	1540	1843.95	2555
Iteration: 70	1462	1573	1842.27	2243
Iteration: 71	1462	1568	1821.26	2210
Iteration: 72	1462	1564	1834.09	2302
Iteration: 73	1462	1561	1811.51	2161
Iteration: 74	1462	1518	1823.5	2637
Iteration: 75	1462	1548	1816.06	2605
Iteration: 76	1462	1550	1818.25	2243
Iteration: 77	1462	1578	1810.36	2495
Iteration: 78	1462	1550	1834.04	2427
Iteration: 79	1462	1483	1819.12	2376
Iteration: 80	1462	1557	1852.81	2392
Iteration: 81	1462	1548	1856.55	2506
Iteration: 82	1462	1502	1787.46	2308
Iteration: 83	1462	1541	1798.61	2491
Iteration: 84	1462	1537	1810.49	2362
Iteration: 85	1462	1535	1813.81	2359
Iteration: 86	1462	1501	1839.68	2477
Iteration: 87	1462	1541	1847.38	2341
Iteration: 88	1462	1516	1816.85	2248
Iteration: 89	1462	1538	1836.26	2232
Iteration: 90	1462	1547	1835.13	2537
Iteration: 91	1462	1563	1812.08	2668
Iteration: 92	1462	1497	1838.13	2233
Iteration: 93	1462	1514	1808.57	2284
Iteration: 94	1462	1572	1818	2377
Iteration: 95	1462	1546	1817.05	2506
Iteration: 96	1462	1531	1838.15	2518
Iteration: 97	1462	1521	1829.53	2330
Iteration: 98	1462	1505	1809.58	2405
Iteration: 99	1462	1563	1819.45	2279
Iteration: 100	1462	1545	1833.87	2497
Iteration: 101	1462	1600	1837.22	2240
Iteration: 102	1462	1563	1831.65	2384
Iteration: 103	1462	1561	1818.41	2234
Iteration: 104	1462	1570	1811.35	2259
Iteration: 105	1462	1565	1832.45	2203
Iteration: 106	1462	1548	1818.98	2285
Iteration: 107	1462	1513	1827.95	2580
Iteration: 108	1462	1540	1835.1	2254
Iteration: 109	1462	1535	1825.75	2525
Iteration: 110	1462	1558	1827.19	2223
Iteration: 111	1462	1599	1842.94	2337
Iteration: 112	1462	1530	1837.96	2314
Iteration: 113	1462	1473	1824.08	2281
Iteration: 114	1462	1502	1812.71	2236
Iteration: 115	1462	1588	1863.25	2578
Iteration: 116	1462	1569	1841.48	2610
Iteration: 117	1462	1494	1828.48	2298
Iteration: 118	1462	1563	1840.95	2541
Iteration: 119	1462	1503	1825.83	2355
Iteration: 120	1462	1510	1831.17	2318
Iteration: 121	1462	1592	1843.05	2538
Iteration: 122	1462	1533	1828.22	2397
Iteration: 123	1462	1555	1814.14	2478
Iteration: 124	1462	1552	1811.4	2206
Iteration: 125	1462	1492	1812.94	2395
Iteration: 126	1462	1559	1819.15	2308
Iteration: 127	1462	1548	1802.57	2305
Iteration: 128	1462	1520	1790.06	2204
Iteration: 129	1462	1481	1829.53	2266
Iteration: 130	1462	1543	1829.49	2252
Iteration: 131	1462	1485	1817.92	2316
Iteration: 132	1462	1564	1832.52	2258
Iteration: 133	1462	1514	1800.36	2253
Iteration: 134	1462	1526	1827.33	2313
Iteration: 135	1462	1520	1840.26	2366
Iteration: 136	1462	1479	1778.8	2449
Iteration: 137	1462	1547	1817.64	2475
Iteration: 138	1462	1520	1814.14	2462
Iteration: 139	1462	1540	1818.67	2347
Iteration: 140	1462	1501	1846.6	2387
Iteration: 141	1462	1484	1835.88	2360
Iteration: 142	1462	1555	1801.28	2284
Iteration: 143	1462	1517	1789.56	2456
Iteration: 144	1462	1535	1822.1	2360
Iteration: 145	1456	1456	1819.45	2328
Iteration: 146	1456	1514	1832.54	2288
Iteration: 147	1456	1497	1828.95	2531
Iteration: 148	1428	1428	1840.05	2365
Iteration: 149	1428	1548	1795.51	2286
Iteration: 150	1428	1572	1853	2424
Iteration: 151	1428	1468	1794.45	2257
Iteration: 152	1428	1507	1809.65	2548
Iteration: 153	1428	1524	1841.55	2362
Iteration: 154	1428	1585	1808.49	2446
Iteration: 155	1428	1567	1803.41	2418
Iteration: 156	1428	1535	1815.04	2152
Iteration: 157	1428	1551	1860.2	2252
Iteration: 158	1428	1476	1841.1	2252
Iteration: 159	1428	1448	1844.84	2426
Iteration: 160	1428	1518	1804.55	2252
Iteration: 161	1428	1603	1885.72	2718
Iteration: 162	1428	1531	1838.14	2209
Iteration: 163	1428	1564	1849.85	2233
Iteration: 164	1428	1571	1810.74	2379
Iteration: 165	1428	1453	1838.15	2568
Iteration: 166	1428	1508	1838.05	2394
Iteration: 167	1428	1574	1836.15	2266
Iteration: 168	1428	1552	1826.24	2238
Iteration: 169	1428	1538	1842.06	2660
Iteration: 170	1428	1559	1826.85	2484
Iteration: 171	1428	1581	1841.17	2333
Iteration: 172	1428	1548	1806.02	2255
Iteration: 173	1428	1581	1788.24	2242
Iteration: 174	1428	1506	1841.29	2447
Iteration: 175	1428	1571	1827.75	2296
Iteration: 176	1428	1552	1849.98	2582
Iteration: 177	1428	1503	1830.04	2815
Iteration: 178	1428	1569	1838.71	2371
Iteration: 179	1428	1567	1848.39	2513
Iteration: 180	1428	1603	1822.36	2353
Iteration: 181	1428	1572	1831.02	2596
Iteration: 182	1428	1525	1820.28	2267
Iteration: 183	1428	1552	1836.82	2214
Iteration: 184	1428	1502	1816.8	2600
Iteration: 185	1428	1539	1813.57	2361
Iteration: 186	1428	1541	1832.11	2288
Iteration: 187	1428	1523	1833.12	2301
Iteration: 188	1428	1447	1841.82	2523
Iteration: 189	1428	1508	1809.85	2264
Iteration: 190	1428	1553	1831.99	2252
Iteration: 191	1428	1515	1851.55	2380
Iteration: 192	1428	1528	1845.99	2329
Iteration: 193	1428	1530	1825.84	2279
Iteration: 194	1428	1525	1816.21	2503
Iteration: 195	1428	1499	1804.72	2278
Iteration: 196	1428	1562	1800.75	2322
Iteration: 197	1428	1561	1850.03	2461
Iteration: 198	1428	1477	1817.41	2255
Iteration: 199	1428	1541	1849.09	2567
Iteration: 200	1428	1532	1805.32	2291
Iteration: 201	1428	1470	1812.87	2304
Iteration: 202	1428	1567	1817.7	2179
Iteration: 203	1428	1555	1827.69	2365
Iteration: 204	1428	1564	1819.04	2391
Iteration: 205	1428	1547	1828.74	2264
Iteration: 206	1428	1505	1845.29	2446
Iteration: 207	1428	1608	1822.59	2319
Iteration: 208	1428	1587	1843.48	2354
Iteration: 209	1428	1568	1822.91	2338
Iteration: 210	1428	1513	1811.85	2500
Iteration: 211	1428	1486	1818.72	2458
Iteration: 212	1428	1582	1829.2	2385
Iteration: 213	1428	1540	1808.64	2432
Iteration: 214	1428	1564	1796.72	2291
Iteration: 215	1428	1563	1817.04	2368
Iteration: 216	1428	1535	1829.21	2446
Iteration: 217	1428	1567	1805.19	2286
Iteration: 218	1428	1545	1854.03	2512
Iteration: 219	1428	1563	1817.22	2569
Iteration: 220	1428	1518	1830.16	2389
Iteration: 221	1428	1525	1839.86	2260
Iteration: 222	1428	1548	1815.28	2313
Iteration: 223	1428	1572	1849.43	2225
Iteration: 224	1428	1556	1803.14	2206
Iteration: 225	1428	1519	1849.34	2409
Iteration: 226	1428	1543	1830.96	2319
Iteration: 227	1428	1545	1846.67	2483
Iteration: 228	1428	1490	1820.45	2567
Iteration: 229	1428	1521	1880.78	2441
Iteration: 230	1428	1540	1809.21	2264
Iteration: 231	1428	1508	1808.01	2228
Iteration: 232	1428	1539	1836.24	2784
Iteration: 233	1428	1468	1813.58	2281
Iteration: 234	1428	1541	1802.92	2331
Iteration: 235	1428	1544	1835.82	2349
Iteration: 236	1428	1539	1828.96	2279
Iteration: 237	1428	1524	1820.64	2207
Iteration: 238	1428	1578	1824.78	2185
Iteration: 239	1428	1532	1842.66	2741
Iteration: 240	1428	1539	1828.16	2224
Iteration: 241	1428	1516	1804.55	2328
Iteration: 242	1428	1560	1817.58	2305
Iteration: 243	1428	1537	1817.82	2246
Iteration: 244	1428	1488	1804.06	2488
Iteration: 245	1428	1469	1813.14	2382
Iteration: 246	1428	1548	1829.35	2617
Iteration: 247	1428	1514	1834.51	2615
Iteration: 248	1428	1584	1838.33	2440
Iteration: 249	1416	1416	1851.11	2397
Iteration: 250	1416	1557	1839.71	2445
Iteration: 251	1416	1561	1843	2383
Iteration: 252	1416	1544	1821.22	2333
Iteration: 253	1416	1525	1798.54	2385
Iteration: 254	1416	1572	1850.99	2364
Iteration: 255	1416	1480	1814.08	2225
Iteration: 256	1416	1549	1829.11	2452
Iteration: 257	1416	1498	1821.22	2351
Iteration: 258	1416	1521	1819.16	2431
Iteration: 259	1416	1533	1817.77	2604
Iteration: 260	1416	1531	1825.91	2439
Iteration: 261	1416	1515	1822.67	2332
Iteration: 262	1416	1565	1825.28	2322
Iteration: 263	1416	1582	1856.12	2516
Iteration: 264	1416	1550	1809	2259
Iteration: 265	1416	1512	1809.56	2265
Iteration: 266	1416	1558	1835.25	2323
Iteration: 267	1416	1492	1800.38	2215
Iteration: 268	1416	1504	1837.61	2713
Iteration: 269	1416	1547	1802.73	2551
Iteration: 270	1416	1498	1819.25	2505
Iteration: 271	1416	1516	1824.16	2277
Iteration: 272	1416	1573	1811.74	2340
Iteration: 273	1416	1516	1831.22	2383
Iteration: 274	1416	1548	1799.99	2270
Iteration: 275	1416	1549	1816.18	2466
Iteration: 276	1416	1541	1815.13	2198
Iteration: 277	1416	1575	1830.42	2399
Iteration: 278	1416	1521	1848.8	2299
Iteration: 279	1416	1555	1832.74	2434
Iteration: 280	1416	1514	1830.16	2411
Iteration: 281	1416	1521	1818.66	2267
Iteration: 282	1416	1533	1833.47	2383
Iteration: 283	1416	1506	1839.33	2450
Iteration: 284	1416	1504	1837.45	2354
Iteration: 285	1416	1507	1846.61	2354
Iteration: 286	1416	1518	1817.85	2295
Iteration: 287	1416	1513	1818.3	2394
Iteration: 288	1416	1598	1863.07	2470
Iteration: 289	1416	1496	1842.62	2369
Iteration: 290	1416	1506	1835.77	2282
Iteration: 291	1416	1563	1827.24	2337
Iteration: 292	1416	1534	1828.08	2288
Iteration: 293	1416	1524	1836.91	2356
Iteration: 294	1416	1511	1814.05	2333
Iteration: 295	1416	1552	1828.23	2405
Iteration: 296	1416	1506	1829.01	2479
Iteration: 297	1416	1567	1826.96	2230
Iteration: 298	1416	1515	1830.67	2459
Iteration: 299	1416	1563	1830.64	2216
Iteration: 300	1416	1535	1821.09	2296
Iteration: 301	1416	1507	1813.18	2276
Iteration: 302	1416	1527	1806.9	2529
Iteration: 303	1416	1510	1801.6	2353
Iteration: 304	1416	1494	1846.95	2439
Iteration: 305	1416	1483	1844.77	2403
Iteration: 306	1416	1551	1834.78	2280
Iteration: 307	1416	1583	1849.73	2435
Iteration: 308	1416	1595	1828.33	2359
Iteration: 309	1416	1563	1809.65	2275
Iteration: 310	1416	1558	1836.15	2271
Iteration: 311	1416	1571	1828.7	2461
Iteration: 312	1416	1570	1838.12	2359
Iteration: 313	1416	1513	1837.9	2434
Iteration: 314	1416	1507	1825.8	2415
Iteration: 315	1416	1573	1837.76	2375
Iteration: 316	1416	1494	1832.02	2746
Iteration: 317	1416	1513	1810.99	2213
Iteration: 318	1416	1542	1831.37	2473
Iteration: 319	1416	1536	1841.12	2438
Iteration: 320	1416	1464	1832.13	2378
Iteration: 321	1416	1493	1811.2	2366
Iteration: 322	1416	1532	1826.8	2377
Iteration: 323	1416	1566	1810.31	2202
Iteration: 324	1416	1492	1848.6	2293
Iteration: 325	1416	1491	1790.22	2238
Iteration: 326	1416	1518	1854.58	2526
Iteration: 327	1416	1465	1844.23	2513
Iteration: 328	1416	1521	1855	2325
Iteration: 329	1416	1528	1810.77	2238
Iteration: 330	1416	1565	1827	2295
Iteration: 331	1416	1487	1813.21	2360
Iteration: 332	1416	1556	1845.27	2401
Iteration: 333	1416	1612	1844.58	2385
Iteration: 334	1416	1542	1844.7	2681
Iteration: 335	1416	1518	1829.37	2532
Iteration: 336	1416	1498	1825.14	2222
Iteration: 337	1416	1554	1815.29	2372
Iteration: 338	1416	1509	1830.53	2391
Iteration: 339	1416	1520	1850.47	2287
Iteration: 340	1416	1535	1833.3	2566
Iteration: 341	1416	1565	1835.51	2456
Iteration: 342	1416	1517	1832.07	2329
Iteration: 343	1416	1517	1846.9	2480
Iteration: 344	1416	1523	1819.13	2380
Iteration: 345	1416	1560	1838.37	2353
Iteration: 346	1416	1529	1845.38	2340
Iteration: 347	1416	1546	1815.3	2316
Iteration: 348	1416	1532	1824.02	2357
Iteration: 349	1416	1573	1862.72	2464
Iteration: 350	1416	1532	1829.71	2318
Iteration: 351	1416	1556	1832.79	2241
Iteration: 352	1416	1488	1789.44	2233
Iteration: 353	1416	1604	1834.98	2420
Iteration: 354	1416	1581	1816.76	2185
Iteration: 355	1416	1501	1822.32	2136
Iteration: 356	1416	1491	1832.03	2379
Iteration: 357	1416	1469	1828.46	2284
Iteration: 358	1416	1542	1835.78	2258
Iteration: 359	1416	1514	1817.44	2211
Iteration: 360	1416	1518	1809.78	2194
Iteration: 361	1416	1542	1814.14	2369
Iteration: 362	1416	1578	1827.13	2602
Iteration: 363	1416	1568	1843.46	2723
Iteration: 364	1416	1490	1823.74	2371
Iteration: 365	1416	1569	1814.66	2304
Iteration: 366	1416	1490	1831.78	2436
Iteration: 367	1416	1503	1859.04	2308
Iteration: 368	1416	1594	1851.19	2318
Iteration: 369	1416	1583	1870.9	2511
Iteration: 370	1416	1488	1806.35	2467
Iteration: 371	1416	1486	1814.31	2232
Iteration: 372	1416	1540	1838.66	2367
Iteration: 373	1416	1550	1824.99	2370
Iteration: 374	1416	1522	1829.32	2358
Iteration: 375	1416	1456	1837.72	2455
Iteration: 376	1416	1549	1812.74	2349
Iteration: 377	1416	1522	1798.68	2435
Iteration: 378	1416	1552	1797.91	2543
Iteration: 379	1416	1563	1812.84	2238
Iteration: 380	1416	1556	1825.75	2399
Iteration: 381	1416	1544	1814.84	2591
Iteration: 382	1416	1558	1804.97	2376
Iteration: 383	1416	1556	1843.09	2472
Iteration: 384	1416	1527	1858.12	2270
Iteration: 385	1416	1520	1849.26	2547
Iteration: 386	1416	1537	1841.57	2249
Iteration: 387	1416	1550	1843.9	2251
Iteration: 388	1416	1477	1830.06	2753
Iteration: 389	1416	1544	1808.78	2422
Iteration: 390	1416	1529	1814	2511
Iteration: 391	1416	1573	1827.4	2312
Iteration: 392	1416	1537	1825.3	2240
Iteration: 393	1416	1484	1854.12	2484
Iteration: 394	1416	1530	1845.93	2307
Iteration: 395	1416	1588	1816.09	2220
Iteration: 396	1416	1573	1888.77	2737
Iteration: 397	1416	1513	1821.1	2318
Iteration: 398	1416	1547	1826.43	2261
Iteration: 399	1416	1474	1813.14	2285
Iteration: 400	1416	1436	1814.08	2278
Iteration: 401	1416	1552	1807.41	2320
Iteration: 402	1416	1522	1823.68	2369
Iteration: 403	1416	1526	1824.72	2540
Iteration: 404	1416	1579	1821.49	2259
Iteration: 405	1416	1534	1788.33	2146
Iteration: 406	1416	1552	1854.71	2548
Iteration: 407	1416	1491	1860.61	2516
Iteration: 408	1416	1533	1808.01	2613
Iteration: 409	1416	1528	1814.92	2454
Iteration: 410	1416	1486	1829.14	2491
Iteration: 411	1416	1502	1846.75	2508
Iteration: 412	1416	1585	1845.97	2388
Iteration: 413	1416	1525	1811.95	2406
Iteration: 414	1416	1598	1825.86	2201
Iteration: 415	1416	1476	1811.37	2547
Iteration: 416	1416	1568	1838.59	2565
Iteration: 417	1416	1470	1789.94	2280
Iteration: 418	1416	1538	1813.97	2357
Iteration: 419	1416	1539	1814.97	2229
Iteration: 420	1416	1527	1822.56	2466
Iteration: 421	1416	1484	1781.02	2161
Iteration: 422	1416	1532	1820.57	2486
Iteration: 423	1416	1514	1805.05	2187
Iteration: 424	1416	1553	1816.31	2370
Iteration: 425	1416	1588	1826.67	2378
Iteration: 426	1416	1593	1820.34	2288
Iteration: 427	1416	1460	1816	2460
Iteration: 428	1416	1521	1833.62	2454
Iteration: 429	1416	1519	1791.98	2273
Iteration: 430	1416	1580	1809.44	2281
Iteration: 431	1416	1558	1831.17	2384
Iteration: 432	1416	1550	1822.61	2424
Iteration: 433	1416	1561	1855.64	2469
Iteration: 434	1416	1547	1819.62	2614
Iteration: 435	1416	1559	1815.69	2284
Iteration: 436	1416	1499	1819.16	2262
Iteration: 437	1416	1514	1811.49	2376
Iteration: 438	1416	1519	1822.46	2433
Iteration: 439	1416	1513	1811.99	2212
Iteration: 440	1416	1518	1838.32	2615
Iteration: 441	1416	1534	1832.79	2461
Iteration: 442	1416	1543	1803.18	2449
Iteration: 443	1416	1540	1822.23	2270
Iteration: 444	1416	1508	1813.48	2424
Iteration: 445	1416	1536	1837.04	2212
Iteration: 446	1416	1524	1835.69	2358
Iteration: 447	1416	1581	1823.48	2420
Iteration: 448	1416	1567	1810.97	2110
Iteration: 449	1416	1512	1833.27	2380
Iteration: 450	1413	1413	1823.7	2294
Iteration: 451	1413	1587	1827.7	2487
Iteration: 452	1413	1518	1824.07	2263
Iteration: 453	1413	1572	1831.22	2262
Iteration: 454	1413	1513	1840.72	2399
Iteration: 455	1413	1567	1842.93	2304
Iteration: 456	1413	1552	1821.04	2458
Iteration: 457	1413	1545	1828.52	2290
Iteration: 458	1413	1574	1822.67	2324
Iteration: 459	1413	1558	1823.03	2211
Iteration: 460	1413	1513	1800.98	2311
Iteration: 461	1413	1463	1826.94	2271
Iteration: 462	1413	1485	1823.21	2181
Iteration: 463	1413	1539	1842.88	2440
Iteration: 464	1413	1542	1845.61	2278
Iteration: 465	1413	1563	1834.16	2264
Iteration: 466	1413	1545	1829.45	2389
Iteration: 467	1413	1564	1811.45	2361
Iteration: 468	1413	1530	1815.03	2422
Iteration: 469	1413	1538	1807.17	2575
Iteration: 470	1413	1584	1802.91	2387
Iteration: 471	1413	1577	1825.1	2277
Iteration: 472	1413	1532	1798.3	2342
Iteration: 473	1413	1510	1843.98	2465
Iteration: 474	1413	1535	1828.93	2434
Iteration: 475	1413	1540	1822.21	2592
Iteration: 476	1413	1508	1835.6	2357
Iteration: 477	1413	1512	1815.35	2287
Iteration: 478	1413	1537	1856.27	2414
Iteration: 479	1413	1575	1830.23	2486
Iteration: 480	1413	1571	1822.17	2238
Iteration: 481	1413	1522	1821.65	2440
Iteration: 482	1413	1562	1863.41	2318
Iteration: 483	1413	1556	1868.58	2472
Iteration: 484	1413	1527	1814.17	2260
Iteration: 485	1413	1583	1831.65	2483
Iteration: 486	1413	1464	1798.17	2245
Iteration: 487	1413	1542	1803.12	2520
Iteration: 488	1413	1515	1843.33	2485
Iteration: 489	1413	1573	1838.69	2592
Iteration: 490	1413	1516	1816.69	2491
Iteration: 491	1413	1564	1815.34	2172
Iteration: 492	1413	1522	1827.94	2511
Iteration: 493	1413	1510	1819.54	2295
Iteration: 494	1413	1556	1837.15	2517
Iteration: 495	1413	1481	1814.67	2375
Iteration: 496	1413	1556	1816.24	2348
Iteration: 497	1413	1542	1840.02	2293
Iteration: 498	1413	1520	1797.85	2230
Iteration: 499	1413	1479	1828.88	2387
