Iteration: 0	1462	1462	1792.1	2400
Iteration: 1	1462	1500	1759.02	2330
Iteration: 2	1462	1507	1762	2282
Iteration: 3	1462	1492	1785.97	2381
Iteration: 4	1462	1556	1810.89	2394
Iteration: 5	1462	1524	1790.31	2266
Iteration: 6	1459	1459	1804.17	2469
Iteration: 7	1459	1526	1801.45	2532
Iteration: 8	1459	1521	1801.2	2175
Iteration: 9	1459	1527	1760.03	2196
Iteration: 10	1459	1574	1775.52	2258
Iteration: 11	1459	1566	1776.91	2265
Iteration: 12	1459	1475	1779.51	2296
Iteration: 13	1459	1529	1804.59	2248
Iteration: 14	1435	1435	1767.41	2098
Iteration: 15	1435	1515	1783.33	2326
Iteration: 16	1435	1509	1757.19	2329
Iteration: 17	1435	1497	1787.64	2459
Iteration: 18	1435	1521	1801.45	2370
Iteration: 19	1435	1455	1772.25	2231
Iteration: 20	1435	1553	1787.01	2249
Iteration: 21	1435	1553	1767.22	2240
Iteration: 22	1435	1507	1790.89	2229
Iteration: 23	1435	1479	1784.41	2491
Iteration: 24	1435	1492	1762.71	2346
Iteration: 25	1435	1528	1771.36	2162
Iteration: 26	1435	1476	1771.2	2341
Iteration: 27	1435	1528	1792.52	2204
Iteration: 28	1435	1569	1794.19	2405
Iteration: 29	1435	1525	1784.08	2219
Iteration: 30	1435	1564	1794.06	2359
Iteration: 31	1435	1531	1797.09	2320
Iteration: 32	1435	1476	1771.06	2238
Iteration: 33	1435	1568	1773.44	2086
Iteration: 34	1435	1452	1761.46	2103
Iteration: 35	1435	1524	1767.3	2393
Iteration: 36	1435	1511	1793.49	2221
Iteration: 37	1435	1508	1770.03	2136
Iteration: 38	1435	1489	1769.06	2242
Iteration: 39	1435	1504	1785.57	2251
Iteration: 40	1435	1527	1763.9	2155
Iteration: 41	1435	1489	1802.37	2496
Iteration: 42	1435	1474	1769.44	2488
Iteration: 43	1435	1495	1771.19	2251
Iteration: 44	1435	1514	1774.55	2105
Iteration: 45	1435	1491	1795.21	2176
Iteration: 46	1435	1522	1739.46	2132
Iteration: 47	1435	1510	1782.09	2146
Iteration: 48	1435	1490	1768.19	2384
Iteration: 49	1435	1504	1770.59	2270
Iteration: 50	1435	1470	1787.66	2192
Iteration: 51	1435	1518	1778.47	2377
Iteration: 52	1435	1501	1792.79	2292
Iteration: 53	1435	1527	1772.68	2175
Iteration: 54	1435	1479	1774.65	2213
Iteration: 55	1435	1559	1779.83	2475
Iteration: 56	1435	1528	1791.85	2222
Iteration: 57	1435	1490	1773.57	2159
Iteration: 58	1435	1505	1758.67	2373
Iteration: 59	1435	1462	1778.74	2379
Iteration: 60	1435	1478	1753.71	2164
Iteration: 61	1435	1503	1782.48	2259
Iteration: 62	1435	1503	1772.83	2384
Iteration: 63	1435	1556	1774.9	2113
Iteration: 64	1435	1575	1800.88	2325
Iteration: 65	1435	1565	1770.56	2173
Iteration: 66	1435	1502	1771.97	2323
Iteration: 67	1435	1527	1790.87	2302
Iteration: 68	1435	1530	1775.87	2337
Iteration: 69	1435	1546	1772.14	2276
Iteration: 70	1435	1489	1773.58	2196
Iteration: 71	1435	1511	1771.24	2360
Iteration: 72	1435	1539	1757.03	2161
Iteration: 73	1435	1478	1750.99	2114
Iteration: 74	1435	1553	1781.57	2331
Iteration: 75	1435	1553	1785.51	2255
Iteration: 76	1435	1466	1764.38	2448
Iteration: 77	1435	1560	1784.54	2283
Iteration: 78	1435	1528	1774.79	2309
Iteration: 79	1435	1544	1783.6	2251
Iteration: 80	1435	1499	1753.51	2075
Iteration: 81	1435	1506	1778.91	2152
Iteration: 82	1435	1501	1787.7	2367
Iteration: 83	1435	1531	1758.64	2343
Iteration: 84	1435	1527	1771.89	2432
Iteration: 85	1435	1450	1782.43	2185
Iteration: 86	1435	1502	1796.84	2257
Iteration: 87	1435	1551	1776.21	2186
Iteration: 88	1435	1515	1773.53	2229
Iteration: 89	1435	1543	1787.82	2354
Iteration: 90	1435	1550	1820.36	2395
Iteration: 91	1435	1546	1764.87	2174
Iteration: 92	1435	1557	1768.99	2150
Iteration: 93	1435	1549	1800.06	2380
Iteration: 94	1435	1506	1769.29	2280
Iteration: 95	1435	1502	1774.44	2104
Iteration: 96	1435	1447	1784.23	2250
Iteration: 97	1435	1544	1777.89	2212
Iteration: 98	1435	1564	1799.44	2359
Iteration: 99	1435	1538	1808.81	2445
Iteration: 100	1435	1558	1765.17	2489
Iteration: 101	1435	1554	1779.24	2340
Iteration: 102	1435	1508	1765.93	2244
Iteration: 103	1435	1492	1782.05	2392
Iteration: 104	1435	1500	1775.81	2286
Iteration: 105	1435	1514	1799.88	2297
Iteration: 106	1435	1515	1776.32	2249
Iteration: 107	1435	1486	1783.65	2180
Iteration: 108	1435	1541	1775.38	2516
Iteration: 109	1435	1560	1770.15	2123
Iteration: 110	1435	1582	1762.6	2388
Iteration: 111	1435	1530	1785.16	2313
Iteration: 112	1435	1558	1765.42	2226
Iteration: 113	1435	1563	1757	2302
Iteration: 114	1435	1478	1753.87	2062
Iteration: 115	1435	1530	1772.71	2172
Iteration: 116	1435	1554	1789.29	2326
Iteration: 117	1435	1522	1784.04	2333
Iteration: 118	1435	1517	1750.63	2187
Iteration: 119	1435	1526	1787.03	2445
Iteration: 120	1435	1542	1796.24	2402
Iteration: 121	1435	1522	1766.81	2202
Iteration: 122	1435	1468	1760.36	2172
Iteration: 123	1435	1569	1775.6	2222
Iteration: 124	1435	1517	1775.78	2494
Iteration: 125	1435	1524	1780.65	2163
Iteration: 126	1435	1516	1785.9	2449
Iteration: 127	1435	1533	1773.54	2223
Iteration: 128	1435	1523	1786.71	2678
Iteration: 129	1435	1512	1779.22	2178
Iteration: 130	1435	1534	1775.61	2356
Iteration: 131	1435	1482	1811.71	2204
Iteration: 132	1435	1532	1765.96	2218
Iteration: 133	1435	1535	1805.93	2463
Iteration: 134	1435	1537	1754.51	2138
Iteration: 135	1435	1535	1787.36	2292
Iteration: 136	1435	1506	1788.97	2495
Iteration: 137	1435	1465	1766.12	2232
Iteration: 138	1435	1564	1808.99	2412
Iteration: 139	1435	1568	1775.79	2243
Iteration: 140	1435	1517	1790.36	2477
Iteration: 141	1435	1532	1790.69	2375
Iteration: 142	1435	1531	1783.3	2191
Iteration: 143	1435	1526	1747.07	2277
Iteration: 144	1435	1512	1774.64	2329
Iteration: 145	1435	1555	1831.39	2468
Iteration: 146	1435	1553	1751.59	2337
Iteration: 147	1435	1487	1771.59	2322
Iteration: 148	1435	1556	1772.53	2202
Iteration: 149	1435	1515	1753.04	2116
Iteration: 150	1435	1543	1782.43	2243
Iteration: 151	1435	1515	1789.57	2213
Iteration: 152	1435	1496	1763.37	2200
Iteration: 153	1435	1507	1768.31	2148
Iteration: 154	1435	1497	1781.91	2168
Iteration: 155	1435	1511	1796.62	2261
Iteration: 156	1435	1535	1778.82	2354
Iteration: 157	1435	1508	1811.2	2461
Iteration: 158	1435	1497	1799.72	2249
Iteration: 159	1435	1552	1788.4	2339
Iteration: 160	1435	1576	1762.62	2256
Iteration: 161	1435	1455	1766.64	2244
Iteration: 162	1435	1555	1770.72	2194
Iteration: 163	1435	1561	1788.47	2122
Iteration: 164	1435	1541	1761.62	2177
Iteration: 165	1435	1487	1786.54	2248
Iteration: 166	1435	1543	1805.62	2560
Iteration: 167	1435	1523	1799.23	2317
Iteration: 168	1435	1528	1793.71	2344
Iteration: 169	1435	1489	1768.52	2593
Iteration: 170	1435	1538	1763.86	2337
Iteration: 171	1435	1563	1806.76	2235
Iteration: 172	1435	1569	1756.79	2207
Iteration: 173	1435	1548	1786.79	2562
Iteration: 174	1435	1515	1807.4	2342
Iteration: 175	1435	1510	1781.55	2206
Iteration: 176	1435	1510	1793.09	2425
Iteration: 177	1435	1572	1781.63	2303
Iteration: 178	1435	1509	1776.5	2239
Iteration: 179	1435	1531	1764.53	2271
Iteration: 180	1435	1531	1805.36	2792
Iteration: 181	1435	1502	1768.09	2329
Iteration: 182	1435	1480	1791.29	2305
Iteration: 183	1435	1545	1800.64	2273
Iteration: 184	1435	1517	1762.09	2238
Iteration: 185	1435	1478	1788.49	2266
Iteration: 186	1435	1551	1775.76	2178
Iteration: 187	1435	1529	1773.5	2236
Iteration: 188	1435	1510	1755.67	2211
Iteration: 189	1435	1504	1785.2	2506
Iteration: 190	1435	1508	1804.62	2311
Iteration: 191	1435	1520	1763.56	2055
Iteration: 192	1435	1505	1766.21	2301
Iteration: 193	1435	1504	1783.6	2332
Iteration: 194	1435	1546	1767.9	2127
Iteration: 195	1435	1542	1781.32	2289
Iteration: 196	1435	1472	1781.4	2195
Iteration: 197	1435	1501	1805.87	2280
Iteration: 198	1435	1469	1770.15	2166
Iteration: 199	1435	1533	1805.66	2411
Iteration: 200	1435	1518	1797.21	2241
Iteration: 201	1435	1492	1786.64	2220
Iteration: 202	1435	1485	1774.77	2209
Iteration: 203	1435	1543	1803.31	2580
Iteration: 204	1435	1497	1775.48	2314
Iteration: 205	1435	1532	1787.2	2370
Iteration: 206	1435	1545	1811	2442
Iteration: 207	1435	1483	1775.77	2327
Iteration: 208	1435	1535	1757.18	2157
Iteration: 209	1435	1526	1777.28	2395
Iteration: 210	1435	1516	1761.66	2151
Iteration: 211	1435	1538	1789.14	2171
Iteration: 212	1435	1567	1780.22	2414
Iteration: 213	1435	1513	1766.86	2369
Iteration: 214	1435	1547	1797.19	2285
Iteration: 215	1435	1483	1769.2	2250
Iteration: 216	1435	1584	1793.78	2241
Iteration: 217	1435	1505	1773.2	2279
Iteration: 218	1435	1542	1790.68	2150
Iteration: 219	1435	1532	1785.14	2243
Iteration: 220	1435	1517	1779.9	2208
Iteration: 221	1435	1497	1782.26	2338
Iteration: 222	1435	1527	1786.97	2097
Iteration: 223	1435	1546	1787.43	2233
Iteration: 224	1435	1524	1778.12	2273
Iteration: 225	1435	1538	1765.94	2208
Iteration: 226	1435	1508	1769.62	2145
Iteration: 227	1435	1526	1741.36	2111
Iteration: 228	1435	1497	1770.66	2541
Iteration: 229	1435	1527	1770.36	2366
Iteration: 230	1435	1512	1769.28	2331
Iteration: 231	1435	1523	1787.86	2221
Iteration: 232	1435	1526	1781.79	2256
Iteration: 233	1435	1509	1781.76	2375
Iteration: 234	1435	1511	1802.34	2307
Iteration: 235	1435	1533	1794.06	2271
Iteration: 236	1435	1518	1782.58	2244
Iteration: 237	1435	1543	1802.13	2476
Iteration: 238	1435	1535	1783.16	2344
Iteration: 239	1435	1533	1781.32	2423
Iteration: 240	1435	1570	1751.87	2039
Iteration: 241	1435	1536	1775.05	2531
Iteration: 242	1435	1563	1819.44	2586
Iteration: 243	1435	1552	1776.92	2302
Iteration: 244	1435	1464	1782.86	2385
Iteration: 245	1435	1492	1802.14	2371
Iteration: 246	1435	1542	1785.07	2297
Iteration: 247	1435	1532	1770.29	2143
Iteration: 248	1435	1539	1784.69	2287
Iteration: 249	1435	1593	1780.54	2198
Iteration: 250	1435	1518	1782.24	2159
Iteration: 251	1435	1555	1797.23	2343
Iteration: 252	1435	1519	1796.18	2298
Iteration: 253	1435	1474	1773.33	2296
Iteration: 254	1435	1519	1749.02	2395
Iteration: 255	1435	1486	1790.01	2131
Iteration: 256	1435	1503	1768.61	2192
Iteration: 257	1435	1531	1804.94	2273
Iteration: 258	1435	1488	1766.25	2345
Iteration: 259	1435	1494	1790.69	2556
Iteration: 260	1435	1523	1741.05	2076
Iteration: 261	1435	1457	1782.24	2313
Iteration: 262	1435	1510	1752.37	2210
Iteration: 263	1435	1556	1768.95	2228
Iteration: 264	1435	1520	1759.24	2540
Iteration: 265	1435	1522	1785.96	2447
Iteration: 266	1435	1576	1774.75	2175
Iteration: 267	1435	1567	1769.13	2271
Iteration: 268	1435	1519	1775.74	2424
Iteration: 269	1435	1572	1804.85	2231
Iteration: 270	1435	1487	1819.21	2387
Iteration: 271	1435	1524	1757.65	2214
Iteration: 272	1435	1445	1764.95	2177
Iteration: 273	1435	1554	1786.29	2909
Iteration: 274	1435	1523	1767.59	2295
Iteration: 275	1435	1531	1796.99	2327
Iteration: 276	1435	1528	1735.89	2033
Iteration: 277	1435	1520	1808.7	2448
Iteration: 278	1435	1562	1779.09	2168
Iteration: 279	1435	1567	1791.11	2386
Iteration: 280	1435	1539	1791.5	2232
Iteration: 281	1435	1505	1782.23	2275
Iteration: 282	1435	1549	1798.16	2300
Iteration: 283	1435	1492	1776.63	2189
Iteration: 284	1435	1521	1778.89	2167
Iteration: 285	1435	1589	1796.06	2320
Iteration: 286	1435	1554	1773.68	2391
Iteration: 287	1435	1568	1784	2247
Iteration: 288	1435	1508	1791.7	2192
Iteration: 289	1435	1488	1807.52	2264
Iteration: 290	1435	1555	1792.26	2243
Iteration: 291	1435	1517	1767.98	2220
Iteration: 292	1435	1506	1783.8	2203
Iteration: 293	1435	1518	1746.22	2112
Iteration: 294	1435	1492	1771.63	2447
Iteration: 295	1435	1532	1790.73	2319
Iteration: 296	1435	1510	1796.74	2348
Iteration: 297	1435	1525	1762.69	2112
Iteration: 298	1435	1561	1761.11	2249
Iteration: 299	1435	1482	1772.93	2150
Iteration: 300	1435	1495	1798.73	2306
Iteration: 301	1435	1519	1742.64	2224
Iteration: 302	1435	1544	1783.51	2174
Iteration: 303	1435	1553	1814	2506
Iteration: 304	1435	1552	1765.52	2172
Iteration: 305	1435	1521	1764.18	2191
Iteration: 306	1435	1514	1773.97	2222
Iteration: 307	1435	1496	1757.02	2211
Iteration: 308	1435	1535	1765.68	2306
Iteration: 309	1435	1549	1777.32	2385
Iteration: 310	1435	1522	1791.4	2242
Iteration: 311	1435	1499	1760.67	2220
Iteration: 312	1435	1515	1767.01	2331
Iteration: 313	1435	1509	1773.22	2191
Iteration: 314	1435	1541	1766.89	2406
Iteration: 315	1435	1522	1763.84	2376
Iteration: 316	1435	1473	1786.85	2208
Iteration: 317	1435	1462	1771.38	2382
Iteration: 318	1435	1505	1784.54	2270
Iteration: 319	1435	1543	1786.78	2368
Iteration: 320	1435	1483	1810.86	2300
Iteration: 321	1435	1508	1790.09	2221
Iteration: 322	1435	1527	1778.83	2383
Iteration: 323	1435	1498	1788.11	2392
Iteration: 324	1435	1560	1746.7	2194
Iteration: 325	1435	1547	1799.25	2412
Iteration: 326	1435	1533	1780.04	2099
Iteration: 327	1435	1514	1767.97	2309
Iteration: 328	1435	1530	1800.64	2359
Iteration: 329	1435	1555	1778	2331
Iteration: 330	1435	1497	1806.68	2451
Iteration: 331	1435	1488	1779.64	2164
Iteration: 332	1424	1424	1772.75	2264
Iteration: 333	1424	1468	1807.74	2453
Iteration: 334	1424	1558	1781.39	2302
Iteration: 335	1424	1531	1791.56	2213
Iteration: 336	1424	1518	1788.45	2288
Iteration: 337	1409	1409	1789.99	2117
Iteration: 338	1409	1472	1778.84	2280
Iteration: 339	1409	1556	1801.31	2256
Iteration: 340	1409	1537	1778.63	2156
Iteration: 341	1409	1474	1747.1	2233
Iteration: 342	1409	1548	1784.87	2426
Iteration: 343	1409	1566	1803.86	2342
Iteration: 344	1409	1531	1837	2284
Iteration: 345	1409	1513	1772.64	2309
Iteration: 346	1409	1543	1792.78	2519
Iteration: 347	1409	1511	1765.8	2274
Iteration: 348	1409	1529	1798.68	2190
Iteration: 349	1409	1489	1793.32	2410
Iteration: 350	1409	1567	1780.96	2300
Iteration: 351	1409	1582	1781.53	2495
Iteration: 352	1409	1505	1771.96	2265
Iteration: 353	1409	1508	1755.5	2251
Iteration: 354	1409	1525	1804.94	2292
Iteration: 355	1409	1506	1768.24	2129
Iteration: 356	1409	1569	1783.71	2661
Iteration: 357	1409	1482	1764.49	2361
Iteration: 358	1409	1547	1804.96	2341
Iteration: 359	1409	1510	1758.43	2105
Iteration: 360	1409	1493	1771	2238
Iteration: 361	1409	1517	1783.1	2178
Iteration: 362	1409	1535	1809.49	2360
Iteration: 363	1409	1511	1768.58	2242
Iteration: 364	1409	1570	1791.52	2212
Iteration: 365	1409	1525	1788.13	2357
Iteration: 366	1409	1488	1757.57	2225
Iteration: 367	1409	1512	1756.16	2077
Iteration: 368	1409	1521	1785.79	2344
Iteration: 369	1409	1472	1773.97	2324
Iteration: 370	1409	1509	1765.7	2401
Iteration: 371	1409	1470	1778.29	2174
Iteration: 372	1409	1554	1786.73	2395
Iteration: 373	1409	1551	1791.68	2317
Iteration: 374	1409	1441	1792.29	2213
Iteration: 375	1409	1497	1781.17	2326
Iteration: 376	1409	1475	1771.9	2303
Iteration: 377	1409	1466	1770.52	2107
Iteration: 378	1409	1520	1772.1	2256
Iteration: 379	1409	1556	1767.53	2242
Iteration: 380	1409	1576	1780.91	2482
Iteration: 381	1409	1492	1765.7	2186
Iteration: 382	1409	1507	1779.48	2178
Iteration: 383	1409	1515	1794	2367
Iteration: 384	1409	1504	1790.2	2217
Iteration: 385	1409	1506	1797.35	2286
Iteration: 386	1409	1540	1764.22	2288
Iteration: 387	1409	1529	1790.69	2338
Iteration: 388	1409	1537	1774.24	2405
Iteration: 389	1409	1569	1777.44	2219
Iteration: 390	1409	1520	1776.52	2365
Iteration: 391	1409	1551	1760.71	2158
Iteration: 392	1409	1488	1804.94	2317
Iteration: 393	1409	1546	1780.19	2273
Iteration: 394	1409	1536	1788.17	2288
Iteration: 395	1409	1442	1754.47	2035
Iteration: 396	1409	1454	1775.62	2254
Iteration: 397	1409	1590	1769.61	2121
Iteration: 398	1409	1558	1785.79	2388
Iteration: 399	1409	1545	1774.61	2191
Iteration: 400	1409	1485	1782.67	2347
Iteration: 401	1409	1552	1774.78	2303
Iteration: 402	1409	1512	1752.64	2074
Iteration: 403	1409	1545	1759.6	2062
Iteration: 404	1409	1535	1793.41	2268
Iteration: 405	1409	1534	1778.29	2187
Iteration: 406	1409	1546	1779.04	2344
Iteration: 407	1409	1539	1771.45	2233
Iteration: 408	1409	1558	1782.36	2159
Iteration: 409	1409	1494	1764.32	2386
Iteration: 410	1409	1466	1775.38	2279
Iteration: 411	1409	1532	1800.4	2212
Iteration: 412	1409	1508	1753.56	2121
Iteration: 413	1409	1450	1783.15	2183
Iteration: 414	1409	1436	1777.59	2149
Iteration: 415	1409	1528	1767.85	2440
Iteration: 416	1409	1550	1787.18	2366
Iteration: 417	1409	1539	1763.58	2244
Iteration: 418	1409	1539	1791.64	2124
Iteration: 419	1409	1519	1786.21	2459
Iteration: 420	1409	1520	1784.96	2319
Iteration: 421	1409	1530	1787.78	2227
Iteration: 422	1409	1550	1781.34	2294
Iteration: 423	1409	1559	1793.45	2271
Iteration: 424	1409	1514	1764.29	2514
Iteration: 425	1409	1469	1775.61	2194
Iteration: 426	1409	1462	1805.92	2617
Iteration: 427	1409	1542	1776.11	2236
Iteration: 428	1409	1511	1785.65	2570
Iteration: 429	1409	1449	1794.35	2317
Iteration: 430	1409	1510	1753.11	2257
Iteration: 431	1409	1536	1800.49	2327
Iteration: 432	1409	1512	1775.62	2129
Iteration: 433	1409	1538	1755.48	2461
Iteration: 434	1409	1541	1777.7	2352
Iteration: 435	1409	1574	1765.78	2510
Iteration: 436	1409	1531	1751.06	2039
Iteration: 437	1409	1516	1783.64	2216
Iteration: 438	1409	1545	1776.6	2277
Iteration: 439	1409	1530	1782.29	2259
Iteration: 440	1409	1516	1776.2	2280
Iteration: 441	1409	1546	1762.81	2156
Iteration: 442	1409	1531	1785.24	2241
Iteration: 443	1409	1556	1795.9	2301
Iteration: 444	1409	1584	1773.29	2294
Iteration: 445	1409	1519	1764	2229
Iteration: 446	1409	1526	1756.7	2173
Iteration: 447	1409	1507	1767.63	2480
Iteration: 448	1409	1444	1783.11	2308
Iteration: 449	1409	1506	1791.88	2265
Iteration: 450	1409	1475	1761.58	2314
Iteration: 451	1409	1465	1809.51	2400
Iteration: 452	1409	1474	1801.6	2363
Iteration: 453	1409	1549	1765.31	2075
Iteration: 454	1409	1513	1769.68	2353
Iteration: 455	1409	1515	1763.03	2080
Iteration: 456	1409	1522	1763.25	2141
Iteration: 457	1409	1486	1754.58	2205
Iteration: 458	1409	1499	1802.2	2226
Iteration: 459	1409	1547	1809.29	2484
Iteration: 460	1409	1502	1801.64	2382
Iteration: 461	1409	1536	1802.44	2189
Iteration: 462	1409	1488	1802.52	2391
Iteration: 463	1409	1539	1783.77	2209
Iteration: 464	1409	1498	1762.43	2278
Iteration: 465	1409	1540	1787.85	2255
Iteration: 466	1409	1497	1763.43	2330
Iteration: 467	1409	1512	1771.65	2127
Iteration: 468	1409	1565	1783.26	2172
Iteration: 469	1409	1518	1790.63	2199
Iteration: 470	1409	1478	1794.82	2400
Iteration: 471	1409	1499	1784.5	2163
Iteration: 472	1409	1530	1782.87	2332
Iteration: 473	1409	1538	1767.09	2297
Iteration: 474	1409	1504	1772.7	2168
Iteration: 475	1409	1533	1772.33	2283
Iteration: 476	1409	1471	1780.63	2228
Iteration: 477	1409	1573	1795.77	2144
Iteration: 478	1409	1507	1789.71	2252
Iteration: 479	1409	1512	1766.16	2261
Iteration: 480	1409	1515	1796.03	2650
Iteration: 481	1409	1506	1772.01	2383
Iteration: 482	1409	1521	1795.53	2484
Iteration: 483	1409	1507	1770.36	2485
Iteration: 484	1409	1479	1808.98	2511
Iteration: 485	1409	1517	1767.62	2384
Iteration: 486	1409	1453	1785.04	2363
Iteration: 487	1409	1505	1796	2325
Iteration: 488	1409	1501	1767.52	2325
Iteration: 489	1409	1491	1774.86	2375
Iteration: 490	1409	1489	1797.17	2436
Iteration: 491	1409	1519	1787.53	2273
Iteration: 492	1409	1519	1779.79	2219
Iteration: 493	1409	1583	1789.13	2237
Iteration: 494	1409	1552	1758.86	2109
Iteration: 495	1409	1488	1769.82	2252
Iteration: 496	1409	1514	1759.37	2132
Iteration: 497	1409	1529	1795.24	2327
Iteration: 498	1409	1518	1773.69	2166
Iteration: 499	1409	1501	1771.19	2261
