Iteration: 0	1536	1536	1778.98	2231
Iteration: 1	1514	1514	1769.77	2193
Iteration: 2	1496	1496	1772.69	2207
Iteration: 3	1496	1559	1791.68	2123
Iteration: 4	1496	1508	1792.73	2381
Iteration: 5	1496	1522	1803.55	2258
Iteration: 6	1496	1528	1786.51	2333
Iteration: 7	1496	1570	1809.68	2144
Iteration: 8	1496	1506	1772.66	2347
Iteration: 9	1470	1470	1782.81	2222
Iteration: 10	1470	1557	1775.27	2181
Iteration: 11	1470	1540	1789.83	2422
Iteration: 12	1470	1540	1789.74	2179
Iteration: 13	1470	1528	1783.24	2256
Iteration: 14	1470	1502	1788.05	2141
Iteration: 15	1470	1486	1777.81	2280
Iteration: 16	1470	1555	1784.48	2194
Iteration: 17	1470	1560	1799.08	2201
Iteration: 18	1470	1557	1817.05	2609
Iteration: 19	1470	1559	1778.78	2318
Iteration: 20	1470	1557	1759.55	2156
Iteration: 21	1470	1496	1767.45	2530
Iteration: 22	1470	1540	1797.22	2328
Iteration: 23	1470	1540	1774.49	2194
Iteration: 24	1470	1561	1789.11	2249
Iteration: 25	1470	1533	1779.39	2264
Iteration: 26	1431	1431	1810.79	2187
Iteration: 27	1431	1490	1771.41	2251
Iteration: 28	1431	1497	1791.99	2519
Iteration: 29	1431	1575	1779.91	2106
Iteration: 30	1431	1556	1773.56	2316
Iteration: 31	1431	1475	1773.5	2344
Iteration: 32	1431	1495	1762.08	2172
Iteration: 33	1431	1473	1763.57	2209
Iteration: 34	1431	1522	1786.25	2372
Iteration: 35	1431	1528	1808.63	2418
Iteration: 36	1431	1498	1781.02	2096
Iteration: 37	1431	1513	1769.7	2180
Iteration: 38	1431	1560	1764.71	2252
Iteration: 39	1431	1546	1760.17	2208
Iteration: 40	1431	1478	1762.86	2316
Iteration: 41	1431	1451	1780.59	2410
Iteration: 42	1431	1572	1780.51	2197
Iteration: 43	1431	1557	1773.68	2270
Iteration: 44	1431	1532	1799.22	2451
Iteration: 45	1431	1540	1758.27	2110
Iteration: 46	1431	1541	1788.18	2376
Iteration: 47	1431	1449	1764.3	2179
Iteration: 48	1431	1560	1762.08	2231
Iteration: 49	1431	1456	1767.46	2281
Iteration: 50	1431	1513	1786.85	2295
Iteration: 51	1431	1529	1778.61	2371
Iteration: 52	1431	1581	1760.58	2316
Iteration: 53	1431	1485	1774.72	2517
Iteration: 54	1431	1552	1797.81	2394
Iteration: 55	1431	1549	1778.87	2323
Iteration: 56	1431	1541	1769.12	2348
Iteration: 57	1431	1558	1783.53	2302
Iteration: 58	1431	1593	1804.1	2396
Iteration: 59	1431	1523	1756.38	2392
Iteration: 60	1431	1543	1754.89	2222
Iteration: 61	1431	1516	1773.79	2295
Iteration: 62	1431	1529	1770.73	2236
Iteration: 63	1431	1547	1758.12	2234
Iteration: 64	1431	1553	1782.61	2298
Iteration: 65	1431	1528	1771.22	2187
Iteration: 66	1431	1473	1789.16	2161
Iteration: 67	1431	1580	1776.42	2414
Iteration: 68	1431	1512	1768.73	2398
Iteration: 69	1431	1528	1775.74	2289
Iteration: 70	1431	1501	1792.71	2424
Iteration: 71	1431	1527	1779.19	2334
Iteration: 72	1431	1500	1751.26	2201
Iteration: 73	1431	1519	1760.93	2143
Iteration: 74	1431	1484	1769.49	2653
Iteration: 75	1431	1503	1765	2234
Iteration: 76	1431	1513	1793.54	2318
Iteration: 77	1431	1540	1789.18	2592
Iteration: 78	1431	1467	1794.46	2291
Iteration: 79	1431	1505	1776.93	2227
Iteration: 80	1431	1506	1783.18	2196
Iteration: 81	1431	1549	1782.48	2318
Iteration: 82	1431	1537	1771.65	2428
Iteration: 83	1431	1482	1779.43	2230
Iteration: 84	1431	1516	1768.14	2328
Iteration: 85	1431	1561	1765.75	2249
Iteration: 86	1431	1572	1791.56	2396
Iteration: 87	1431	1514	1772.63	2190
Iteration: 88	1431	1535	1769.01	2261
Iteration: 89	1431	1502	1772.39	2235
Iteration: 90	1431	1465	1788.39	2390
Iteration: 91	1431	1522	1764.48	2163
Iteration: 92	1431	1551	1781.87	2180
Iteration: 93	1431	1525	1760.44	2213
Iteration: 94	1431	1559	1783.52	2352
Iteration: 95	1431	1515	1772.89	2293
Iteration: 96	1431	1491	1791.46	2258
Iteration: 97	1431	1499	1796.09	2198
Iteration: 98	1431	1525	1746.99	2092
Iteration: 99	1431	1564	1758.83	2252
Iteration: 100	1431	1494	1795.44	2244
Iteration: 101	1431	1521	1753.93	2195
Iteration: 102	1431	1529	1790.94	2209
Iteration: 103	1431	1572	1768.16	2206
Iteration: 104	1431	1548	1783.19	2125
Iteration: 105	1431	1533	1773.82	2271
Iteration: 106	1431	1562	1783.79	2365
Iteration: 107	1431	1522	1778.28	2337
Iteration: 108	1431	1570	1802.65	2200
Iteration: 109	1431	1524	1791.62	2278
Iteration: 110	1431	1524	1797.38	2253
Iteration: 111	1431	1492	1786.46	2353
Iteration: 112	1431	1499	1769.98	2374
Iteration: 113	1431	1477	1786.06	2353
Iteration: 114	1431	1538	1777.86	2138
Iteration: 115	1431	1534	1785.05	2316
Iteration: 116	1431	1478	1780.29	2206
Iteration: 117	1431	1554	1781.98	2318
Iteration: 118	1431	1531	1770.04	2379
Iteration: 119	1431	1519	1784.78	2192
Iteration: 120	1431	1488	1765.13	2186
Iteration: 121	1431	1522	1801.77	2306
Iteration: 122	1431	1529	1771.6	2171
Iteration: 123	1431	1532	1788.95	2286
Iteration: 124	1431	1529	1772.83	2121
Iteration: 125	1431	1501	1779.32	2176
Iteration: 126	1431	1534	1764.47	2221
Iteration: 127	1431	1546	1785.81	2335
Iteration: 128	1431	1532	1760.93	2146
Iteration: 129	1431	1549	1774.33	2248
Iteration: 130	1431	1558	1777.11	2245
Iteration: 131	1431	1505	1811.65	2340
Iteration: 132	1431	1494	1763.6	2365
Iteration: 133	1431	1509	1770.9	2247
Iteration: 134	1431	1482	1771.9	2284
Iteration: 135	1431	1500	1787.75	2396
Iteration: 136	1431	1507	1793.46	2245
Iteration: 137	1431	1446	1778.05	2205
Iteration: 138	1431	1579	1810.87	2334
Iteration: 139	1431	1508	1798.53	2147
Iteration: 140	1431	1519	1772.67	2275
Iteration: 141	1431	1474	1766.64	2114
Iteration: 142	1431	1525	1761.27	2177
Iteration: 143	1431	1518	1789.83	2332
Iteration: 144	1431	1531	1759.17	2250
Iteration: 145	1431	1541	1776.68	2224
Iteration: 146	1431	1516	1786.92	2252
Iteration: 147	1425	1425	1786.54	2252
Iteration: 148	1425	1488	1760.75	2290
Iteration: 149	1425	1568	1773.21	2334
Iteration: 150	1425	1574	1784.76	2324
Iteration: 151	1425	1538	1792.34	2355
Iteration: 152	1425	1518	1802.67	2400
Iteration: 153	1425	1516	1776.49	2314
Iteration: 154	1425	1514	1797.96	2270
Iteration: 155	1425	1524	1786.75	2484
Iteration: 156	1425	1480	1791.74	2226
Iteration: 157	1425	1524	1783.76	2356
Iteration: 158	1425	1473	1786.42	2512
Iteration: 159	1425	1529	1791.01	2357
Iteration: 160	1425	1429	1814.65	2577
Iteration: 161	1425	1430	1758.46	2440
Iteration: 162	1425	1535	1760.97	2216
Iteration: 163	1425	1514	1786.68	2274
Iteration: 164	1425	1497	1766.39	2276
Iteration: 165	1425	1513	1744.09	2145
Iteration: 166	1425	1484	1778	2258
Iteration: 167	1425	1543	1768.35	2153
Iteration: 168	1425	1519	1759.92	2205
Iteration: 169	1425	1509	1781.48	2242
Iteration: 170	1425	1534	1777.95	2326
Iteration: 171	1425	1556	1791.75	2355
Iteration: 172	1425	1522	1767.43	2337
Iteration: 173	1425	1577	1805.74	2654
Iteration: 174	1425	1514	1783.85	2215
Iteration: 175	1425	1507	1792.87	2306
Iteration: 176	1425	1505	1770.41	2163
Iteration: 177	1425	1564	1781.74	2216
Iteration: 178	1425	1513	1788.08	2209
Iteration: 179	1425	1558	1798.94	2402
Iteration: 180	1425	1507	1792.27	2235
Iteration: 181	1425	1531	1794.97	2426
Iteration: 182	1425	1510	1764.8	2238
Iteration: 183	1425	1534	1807.2	2355
Iteration: 184	1425	1542	1770.65	2455
Iteration: 185	1425	1472	1786.39	2258
Iteration: 186	1425	1502	1785.62	2291
Iteration: 187	1425	1547	1809.42	2691
Iteration: 188	1425	1572	1770.79	2128
Iteration: 189	1425	1465	1775.16	2239
Iteration: 190	1425	1497	1810.56	2256
Iteration: 191	1425	1557	1790.36	2261
Iteration: 192	1425	1541	1791.25	2281
Iteration: 193	1425	1500	1773.37	2364
Iteration: 194	1425	1467	1770.38	2182
Iteration: 195	1425	1521	1755.86	2374
Iteration: 196	1425	1513	1756.39	2296
Iteration: 197	1425	1458	1774.81	2426
Iteration: 198	1425	1532	1760.35	2380
Iteration: 199	1425	1525	1794.77	2246
Iteration: 200	1425	1531	1766.35	2179
Iteration: 201	1425	1539	1767.87	2171
Iteration: 202	1425	1517	1782.96	2426
Iteration: 203	1425	1495	1775.99	2206
Iteration: 204	1425	1505	1773.66	2189
Iteration: 205	1425	1489	1805.45	2264
Iteration: 206	1425	1545	1757.44	2087
Iteration: 207	1425	1512	1788.1	2227
Iteration: 208	1425	1568	1796.57	2237
Iteration: 209	1425	1519	1769.17	2134
Iteration: 210	1425	1465	1790.38	2242
Iteration: 211	1425	1561	1770.08	2273
Iteration: 212	1425	1523	1772.79	2093
Iteration: 213	1425	1494	1787.86	2207
Iteration: 214	1425	1498	1802.63	2386
Iteration: 215	1425	1472	1758.71	2257
Iteration: 216	1425	1548	1761.88	2220
Iteration: 217	1425	1511	1791.91	2311
Iteration: 218	1425	1492	1773.44	2258
Iteration: 219	1425	1499	1755.61	2296
Iteration: 220	1425	1552	1772.08	2167
Iteration: 221	1425	1518	1754.92	2413
Iteration: 222	1425	1587	1772.2	2288
Iteration: 223	1425	1503	1787.37	2191
Iteration: 224	1425	1430	1776.42	2250
Iteration: 225	1425	1540	1786.38	2186
Iteration: 226	1425	1530	1779.75	2368
Iteration: 227	1425	1556	1797.74	2310
Iteration: 228	1425	1499	1757.28	2214
Iteration: 229	1425	1515	1767.36	2200
Iteration: 230	1425	1532	1818.64	2600
Iteration: 231	1425	1503	1759.3	2303
Iteration: 232	1425	1511	1795.65	2427
Iteration: 233	1425	1502	1730.21	2389
Iteration: 234	1425	1527	1791.46	2306
Iteration: 235	1425	1525	1791.66	2866
Iteration: 236	1425	1427	1767.22	2616
Iteration: 237	1425	1552	1760.69	2121
Iteration: 238	1425	1524	1801.05	2324
Iteration: 239	1425	1502	1752.67	2076
Iteration: 240	1425	1449	1759.6	2124
Iteration: 241	1425	1521	1775.04	2481
Iteration: 242	1425	1548	1785.88	2253
Iteration: 243	1425	1544	1789.84	2213
Iteration: 244	1425	1478	1761.77	2309
Iteration: 245	1425	1513	1788.61	2409
Iteration: 246	1425	1506	1797.77	2480
Iteration: 247	1425	1499	1775.18	2154
Iteration: 248	1425	1565	1791.3	2234
Iteration: 249	1425	1535	1796.55	2335
Iteration: 250	1425	1445	1769.01	2298
Iteration: 251	1425	1486	1784.59	2430
Iteration: 252	1425	1527	1803.14	2467
Iteration: 253	1425	1521	1768.01	2261
Iteration: 254	1425	1571	1795.03	2146
Iteration: 255	1425	1513	1755.75	2328
Iteration: 256	1425	1508	1767.23	2275
Iteration: 257	1425	1569	1764.01	2175
Iteration: 258	1425	1535	1787.2	2257
Iteration: 259	1425	1551	1788.97	2640
Iteration: 260	1425	1571	1764.09	2259
Iteration: 261	1425	1485	1782.29	2165
Iteration: 262	1425	1519	1772.78	2148
Iteration: 263	1425	1523	1764.14	2341
Iteration: 264	1425	1562	1785.96	2404
Iteration: 265	1425	1507	1772.39	2207
Iteration: 266	1425	1550	1777.63	2408
Iteration: 267	1425	1499	1780.22	2148
Iteration: 268	1425	1577	1767	2256
Iteration: 269	1425	1531	1763.57	2423
Iteration: 270	1425	1510	1794.35	2391
Iteration: 271	1425	1493	1775.24	2183
Iteration: 272	1425	1530	1774.04	2464
Iteration: 273	1425	1520	1779.3	2289
Iteration: 274	1425	1499	1779.85	2288
Iteration: 275	1425	1495	1770.48	2134
Iteration: 276	1425	1563	1792.02	2463
Iteration: 277	1425	1462	1752.88	2410
Iteration: 278	1425	1510	1762.63	2273
Iteration: 279	1425	1477	1747.34	2023
Iteration: 280	1425	1487	1783.52	2321
Iteration: 281	1425	1535	1800.27	2323
Iteration: 282	1425	1547	1760.46	2111
Iteration: 283	1425	1570	1774.06	2508
Iteration: 284	1425	1531	1750.44	2263
Iteration: 285	1425	1505	1774.32	2248
Iteration: 286	1425	1470	1766.35	2277
Iteration: 287	1425	1481	1805.05	2493
Iteration: 288	1425	1540	1770.29	2399
Iteration: 289	1425	1491	1785.31	2253
Iteration: 290	1425	1505	1753.86	2097
Iteration: 291	1425	1535	1781.59	2196
Iteration: 292	1425	1548	1786.73	2433
Iteration: 293	1425	1455	1786.24	2163
Iteration: 294	1425	1580	1791.24	2336
Iteration: 295	1425	1509	1782.69	2276
Iteration: 296	1425	1546	1781.64	2195
Iteration: 297	1425	1552	1798.97	2181
Iteration: 298	1425	1550	1775.16	2241
Iteration: 299	1425	1547	1802.02	2402
Iteration: 300	1425	1486	1781.27	2109
Iteration: 301	1425	1537	1775.05	2455
Iteration: 302	1425	1526	1749.68	2138
Iteration: 303	1425	1542	1769.73	2267
Iteration: 304	1425	1559	1790.27	2176
Iteration: 305	1425	1516	1803.06	2328
Iteration: 306	1425	1509	1761.67	2369
Iteration: 307	1425	1456	1756.01	2202
Iteration: 308	1425	1477	1758.62	2332
Iteration: 309	1425	1506	1775.4	2225
Iteration: 310	1425	1513	1787.28	2216
Iteration: 311	1425	1501	1785.75	2559
Iteration: 312	1425	1542	1793.52	2293
Iteration: 313	1425	1514	1784.02	2482
Iteration: 314	1425	1485	1779.33	2356
Iteration: 315	1425	1590	1796.72	2291
Iteration: 316	1425	1578	1781.58	2144
Iteration: 317	1425	1530	1822.71	2342
Iteration: 318	1425	1517	1765.27	2377
Iteration: 319	1425	1533	1783.08	2156
Iteration: 320	1425	1489	1772.76	2315
Iteration: 321	1425	1549	1772.75	2269
Iteration: 322	1425	1555	1801.54	2747
Iteration: 323	1425	1463	1795.17	2416
Iteration: 324	1425	1542	1795.77	2425
Iteration: 325	1425	1524	1777.61	2451
Iteration: 326	1425	1536	1787.99	2269
Iteration: 327	1413	1413	1800.11	2504
Iteration: 328	1413	1533	1779.53	2378
Iteration: 329	1413	1535	1779.51	2262
Iteration: 330	1413	1479	1771.26	2306
Iteration: 331	1413	1515	1789.79	2396
Iteration: 332	1413	1446	1756.68	2294
Iteration: 333	1413	1505	1780.03	2294
Iteration: 334	1413	1459	1791.48	2300
Iteration: 335	1413	1503	1771.58	2330
Iteration: 336	1413	1549	1757.63	2132
Iteration: 337	1413	1543	1787.46	2266
Iteration: 338	1413	1476	1764.43	2110
Iteration: 339	1413	1531	1765.65	2093
Iteration: 340	1413	1529	1764.73	2092
Iteration: 341	1413	1514	1787.66	2345
Iteration: 342	1413	1521	1778.54	2164
Iteration: 343	1413	1466	1796.54	2094
Iteration: 344	1413	1516	1796.9	2333
Iteration: 345	1413	1511	1809.8	2365
Iteration: 346	1413	1511	1777.18	2287
Iteration: 347	1413	1535	1788.22	2556
Iteration: 348	1404	1404	1764.4	2280
Iteration: 349	1404	1580	1785.14	2133
Iteration: 350	1404	1527	1776.88	2336
Iteration: 351	1404	1521	1782.71	2428
Iteration: 352	1404	1522	1777.98	2258
Iteration: 353	1404	1593	1774.2	2314
Iteration: 354	1404	1506	1777.69	2286
Iteration: 355	1404	1514	1775.59	2602
Iteration: 356	1404	1505	1785.39	2275
Iteration: 357	1404	1487	1793	2478
Iteration: 358	1404	1544	1781.53	2179
Iteration: 359	1404	1516	1777.29	2250
Iteration: 360	1404	1506	1796.3	2359
Iteration: 361	1404	1512	1737	2157
Iteration: 362	1404	1505	1812.48	2411
Iteration: 363	1404	1462	1760.56	2399
Iteration: 364	1404	1530	1780.81	2215
Iteration: 365	1404	1510	1782.28	2305
Iteration: 366	1404	1566	1777.84	2212
Iteration: 367	1404	1510	1771.66	2333
Iteration: 368	1404	1528	1766.9	2239
Iteration: 369	1404	1535	1782.4	2233
Iteration: 370	1404	1527	1796.46	2394
Iteration: 371	1404	1534	1770.18	2220
Iteration: 372	1404	1577	1781.21	2265
Iteration: 373	1404	1503	1760.77	2167
Iteration: 374	1404	1469	1763.75	2409
Iteration: 375	1404	1529	1766.98	2499
Iteration: 376	1404	1521	1796.62	2288
Iteration: 377	1404	1540	1793.43	2275
Iteration: 378	1404	1555	1774.8	2508
Iteration: 379	1404	1507	1767.55	2282
Iteration: 380	1404	1507	1782.81	2274
Iteration: 381	1404	1556	1786.73	2253
Iteration: 382	1404	1536	1777.35	2339
Iteration: 383	1404	1502	1763.53	2102
Iteration: 384	1404	1538	1801.75	2335
Iteration: 385	1404	1496	1768.08	2521
Iteration: 386	1404	1536	1776	2318
Iteration: 387	1404	1528	1762.71	2165
Iteration: 388	1404	1561	1771.38	2239
Iteration: 389	1404	1554	1780.49	2458
Iteration: 390	1404	1521	1770.12	2472
Iteration: 391	1404	1545	1758.72	2194
Iteration: 392	1404	1512	1797.99	2356
Iteration: 393	1404	1529	1801.1	2420
Iteration: 394	1404	1534	1784.22	2420
Iteration: 395	1404	1484	1772.61	2144
Iteration: 396	1404	1478	1768.97	2178
Iteration: 397	1404	1519	1787.29	2407
Iteration: 398	1404	1547	1783.27	2203
Iteration: 399	1404	1568	1804.23	2291
Iteration: 400	1404	1531	1771.44	2210
Iteration: 401	1404	1513	1790.07	2231
Iteration: 402	1404	1540	1800.09	2348
Iteration: 403	1404	1518	1786.21	2191
Iteration: 404	1404	1527	1782.06	2456
Iteration: 405	1404	1555	1777.84	2220
Iteration: 406	1404	1527	1762.56	2149
Iteration: 407	1404	1592	1809.62	2432
Iteration: 408	1404	1506	1782.66	2503
Iteration: 409	1404	1513	1783.03	2325
Iteration: 410	1404	1544	1798.48	2286
Iteration: 411	1404	1545	1760.78	2295
Iteration: 412	1404	1575	1774.68	2079
Iteration: 413	1404	1471	1763.55	2374
Iteration: 414	1404	1560	1778.18	2227
Iteration: 415	1404	1552	1780.1	2437
Iteration: 416	1404	1546	1796.08	2390
Iteration: 417	1404	1543	1757.98	2189
Iteration: 418	1404	1542	1770.7	2252
Iteration: 419	1404	1514	1811.2	2275
Iteration: 420	1404	1530	1794.7	2610
Iteration: 421	1404	1520	1763.04	2090
Iteration: 422	1404	1563	1787.76	2212
Iteration: 423	1404	1522	1768.24	2551
Iteration: 424	1404	1546	1789.15	2282
Iteration: 425	1404	1544	1813.7	2557
Iteration: 426	1404	1542	1789.37	2159
Iteration: 427	1404	1524	1774	2238
Iteration: 428	1404	1556	1777.95	2805
Iteration: 429	1404	1517	1768.9	2160
Iteration: 430	1404	1508	1770.49	2160
Iteration: 431	1404	1573	1770.29	2332
Iteration: 432	1404	1528	1783.26	2292
Iteration: 433	1404	1487	1764.44	2183
Iteration: 434	1404	1514	1797.11	2161
Iteration: 435	1404	1544	1782.82	2191
Iteration: 436	1404	1581	1800.4	2398
Iteration: 437	1404	1531	1771.45	2292
Iteration: 438	1404	1492	1756.03	2170
Iteration: 439	1404	1491	1788.4	2346
Iteration: 440	1404	1556	1827.95	2239
Iteration: 441	1404	1504	1766.54	2208
Iteration: 442	1404	1567	1779.25	2409
Iteration: 443	1404	1579	1776.4	2171
Iteration: 444	1404	1489	1761.97	2209
Iteration: 445	1404	1530	1786.37	2217
Iteration: 446	1404	1522	1797.92	2250
Iteration: 447	1404	1601	1787.95	2245
Iteration: 448	1404	1496	1748.89	2306
Iteration: 449	1404	1495	1784.38	2189
Iteration: 450	1404	1543	1775.23	2637
Iteration: 451	1404	1525	1786.6	2424
Iteration: 452	1404	1507	1793.78	2385
Iteration: 453	1404	1549	1802.59	2351
Iteration: 454	1404	1502	1770.29	2119
Iteration: 455	1404	1570	1765.05	2112
Iteration: 456	1404	1472	1770.26	2190
Iteration: 457	1404	1545	1753.97	2236
Iteration: 458	1404	1503	1771	2257
Iteration: 459	1404	1528	1782.9	2186
Iteration: 460	1404	1577	1796.34	2363
Iteration: 461	1404	1554	1796.97	2423
Iteration: 462	1404	1482	1780.48	2272
Iteration: 463	1404	1548	1773.7	2824
Iteration: 464	1404	1478	1738.17	2344
Iteration: 465	1404	1497	1781.24	2218
Iteration: 466	1404	1516	1786.46	2381
Iteration: 467	1404	1509	1751.53	2257
Iteration: 468	1404	1550	1800.84	2223
Iteration: 469	1404	1550	1784.82	2369
Iteration: 470	1404	1466	1772.83	2451
Iteration: 471	1404	1527	1813.02	2298
Iteration: 472	1404	1490	1775.68	2279
Iteration: 473	1404	1479	1781.63	2418
Iteration: 474	1404	1507	1787.89	2349
Iteration: 475	1404	1498	1778.39	2341
Iteration: 476	1404	1544	1780.94	2255
Iteration: 477	1404	1463	1792.43	2254
Iteration: 478	1404	1530	1779.44	2298
Iteration: 479	1404	1551	1773.76	2288
Iteration: 480	1404	1513	1777.87	2189
Iteration: 481	1404	1523	1783.42	2207
Iteration: 482	1404	1446	1778.63	2442
Iteration: 483	1404	1497	1777.23	2478
Iteration: 484	1404	1539	1766.68	2381
Iteration: 485	1404	1505	1763.12	2364
Iteration: 486	1404	1411	1780.25	2166
Iteration: 487	1404	1510	1773.6	2337
Iteration: 488	1404	1499	1775.4	2350
Iteration: 489	1404	1493	1762.66	2277
Iteration: 490	1404	1545	1801.44	2266
Iteration: 491	1404	1548	1762.01	2112
Iteration: 492	1404	1497	1798.68	2171
Iteration: 493	1404	1503	1747.6	2307
Iteration: 494	1404	1456	1773.33	2151
Iteration: 495	1404	1540	1778.48	2168
Iteration: 496	1404	1531	1786.79	2280
Iteration: 497	1404	1511	1782.76	2249
Iteration: 498	1404	1537	1778.1	2388
Iteration: 499	1404	1489	1787.57	2306
