Iteration: 0	1541	1541	1759.85	2100
Iteration: 1	1506	1506	1706.62	2084
Iteration: 2	1506	1539	1751	2188
Iteration: 3	1494	1494	1752.27	2150
Iteration: 4	1494	1500	1767.97	2170
Iteration: 5	1494	1533	1748.51	2306
Iteration: 6	1475	1475	1737.48	2167
Iteration: 7	1475	1482	1777.37	2305
Iteration: 8	1475	1524	1775.05	2160
Iteration: 9	1475	1558	1755.87	2140
Iteration: 10	1475	1532	1748.6	2238
Iteration: 11	1475	1543	1763.03	2165
Iteration: 12	1475	1531	1751.15	2111
Iteration: 13	1475	1523	1733.1	2215
Iteration: 14	1475	1487	1769.47	2231
Iteration: 15	1472	1472	1763.31	2470
Iteration: 16	1472	1513	1745.76	2308
Iteration: 17	1472	1504	1754.61	2143
Iteration: 18	1450	1450	1739.16	2248
Iteration: 19	1450	1459	1756.21	2262
Iteration: 20	1450	1539	1750.66	2162
Iteration: 21	1450	1539	1756.07	2178
Iteration: 22	1450	1450	1762.19	2349
Iteration: 23	1450	1458	1727.81	2136
Iteration: 24	1450	1498	1746.15	2263
Iteration: 25	1450	1520	1765.7	2208
Iteration: 26	1450	1557	1772.29	2142
Iteration: 27	1450	1450	1732.95	2301
Iteration: 28	1450	1524	1754.65	2175
Iteration: 29	1450	1514	1729.38	2412
Iteration: 30	1450	1556	1755.98	2384
Iteration: 31	1450	1554	1743.77	2103
Iteration: 32	1450	1531	1748.92	2255
Iteration: 33	1450	1509	1746.13	2452
Iteration: 34	1450	1497	1732.64	2197
Iteration: 35	1450	1500	1731.9	2154
Iteration: 36	1450	1595	1779.92	2216
Iteration: 37	1450	1492	1727.32	2134
Iteration: 38	1450	1545	1762.65	2399
Iteration: 39	1450	1452	1748.74	2258
Iteration: 40	1443	1443	1731.25	2353
Iteration: 41	1443	1564	1735.17	2205
Iteration: 42	1443	1537	1757.8	2248
Iteration: 43	1443	1538	1774.64	2327
Iteration: 44	1443	1519	1742.29	2101
Iteration: 45	1443	1521	1723.31	1993
Iteration: 46	1443	1503	1774.54	2163
Iteration: 47	1443	1556	1780.66	2180
Iteration: 48	1443	1540	1751.53	2214
Iteration: 49	1443	1481	1714.44	2064
Iteration: 50	1443	1506	1741.87	2157
Iteration: 51	1443	1482	1735.33	2148
Iteration: 52	1443	1491	1750.82	2105
Iteration: 53	1443	1536	1753.31	2157
Iteration: 54	1443	1502	1736.09	2225
Iteration: 55	1443	1541	1739	2225
Iteration: 56	1443	1546	1744.62	2077
Iteration: 57	1443	1518	1738.79	2371
Iteration: 58	1443	1507	1737.66	2171
Iteration: 59	1443	1498	1744.25	2120
Iteration: 60	1443	1528	1746.74	2214
Iteration: 61	1443	1489	1731.82	2082
Iteration: 62	1443	1550	1761.61	2280
Iteration: 63	1443	1525	1755.08	2090
Iteration: 64	1443	1520	1732.42	2087
Iteration: 65	1443	1542	1745.48	2370
Iteration: 66	1443	1526	1749.86	2240
Iteration: 67	1443	1497	1745.02	2197
Iteration: 68	1443	1500	1741.37	2335
Iteration: 69	1443	1476	1749.02	2342
Iteration: 70	1443	1530	1760.94	2082
Iteration: 71	1443	1531	1729.6	2068
Iteration: 72	1433	1433	1731.49	2229
Iteration: 73	1433	1530	1722.48	2060
Iteration: 74	1433	1477	1745.42	2198
Iteration: 75	1433	1454	1746.87	2394
Iteration: 76	1433	1478	1747.53	2340
Iteration: 77	1433	1572	1726.97	2038
Iteration: 78	1433	1508	1755.94	2284
Iteration: 79	1433	1502	1753.4	2206
Iteration: 80	1433	1469	1742.73	2271
Iteration: 81	1433	1515	1758.36	2138
Iteration: 82	1433	1474	1716.57	2117
Iteration: 83	1433	1532	1755.81	2040
Iteration: 84	1433	1543	1756.63	2528
Iteration: 85	1433	1526	1745.65	2098
Iteration: 86	1433	1503	1742.27	2013
Iteration: 87	1433	1467	1745.39	2153
Iteration: 88	1433	1539	1770.94	2293
Iteration: 89	1433	1507	1767.06	2149
Iteration: 90	1433	1516	1775.8	2403
Iteration: 91	1433	1525	1750.91	2461
Iteration: 92	1433	1541	1740.58	2131
Iteration: 93	1433	1491	1718.69	2158
Iteration: 94	1433	1543	1802.48	2464
Iteration: 95	1433	1546	1757.27	2194
Iteration: 96	1433	1555	1749.1	2269
Iteration: 97	1433	1504	1755.43	2209
Iteration: 98	1433	1547	1755.84	2256
Iteration: 99	1433	1576	1744.75	2258
Iteration: 100	1433	1495	1754.43	2200
Iteration: 101	1433	1470	1741.58	2098
Iteration: 102	1433	1543	1748.92	2549
Iteration: 103	1433	1540	1745.96	2091
Iteration: 104	1433	1550	1742.19	2178
Iteration: 105	1433	1499	1751.39	2108
Iteration: 106	1433	1467	1759.25	2235
Iteration: 107	1433	1547	1762.68	2251
Iteration: 108	1433	1504	1756.41	2191
Iteration: 109	1433	1465	1746.8	2223
Iteration: 110	1433	1526	1749.52	2294
Iteration: 111	1433	1544	1768.87	2343
Iteration: 112	1433	1510	1766.17	2158
Iteration: 113	1433	1560	1738.23	2395
Iteration: 114	1433	1489	1745.79	2442
Iteration: 115	1433	1536	1756.79	2335
Iteration: 116	1433	1535	1775.78	2452
Iteration: 117	1433	1484	1753.06	2368
Iteration: 118	1433	1552	1741.18	2130
Iteration: 119	1433	1473	1748.75	2437
Iteration: 120	1433	1491	1723.73	2132
Iteration: 121	1433	1584	1761.62	2192
Iteration: 122	1433	1454	1740.29	2049
Iteration: 123	1433	1553	1754.74	2220
Iteration: 124	1433	1505	1743.04	2183
Iteration: 125	1433	1555	1760.62	2163
Iteration: 126	1433	1503	1751.02	2279
Iteration: 127	1433	1538	1755.65	2371
Iteration: 128	1433	1508	1748.35	2055
Iteration: 129	1433	1517	1757.65	2396
Iteration: 130	1433	1515	1735.6	2664
Iteration: 131	1433	1507	1730	2070
Iteration: 132	1433	1516	1746.73	2258
Iteration: 133	1433	1511	1760.63	2327
Iteration: 134	1433	1504	1736.19	2087
Iteration: 135	1433	1463	1737.79	2412
Iteration: 136	1433	1479	1742.22	2030
Iteration: 137	1433	1520	1740.82	2391
Iteration: 138	1433	1465	1742.35	2141
Iteration: 139	1433	1505	1745.27	2218
Iteration: 140	1433	1497	1752.6	2238
Iteration: 141	1433	1502	1755.77	2149
Iteration: 142	1433	1517	1764.05	2412
Iteration: 143	1433	1496	1756.25	2634
Iteration: 144	1433	1561	1737.79	2067
Iteration: 145	1433	1516	1741.65	2199
Iteration: 146	1433	1518	1753.75	2218
Iteration: 147	1433	1543	1755.78	2200
Iteration: 148	1433	1473	1754.36	2168
Iteration: 149	1433	1476	1743.54	2162
Iteration: 150	1433	1554	1731.23	2021
Iteration: 151	1433	1492	1756.16	2292
Iteration: 152	1433	1509	1755.47	2098
Iteration: 153	1433	1479	1766.78	2181
Iteration: 154	1433	1451	1748.41	2224
Iteration: 155	1433	1542	1751.15	2291
Iteration: 156	1433	1519	1707.2	2116
Iteration: 157	1433	1498	1735.67	2460
Iteration: 158	1433	1543	1753.46	2240
Iteration: 159	1433	1481	1744.99	2600
Iteration: 160	1433	1450	1744.47	2322
Iteration: 161	1433	1467	1770.63	2158
Iteration: 162	1433	1479	1738.02	2224
Iteration: 163	1433	1492	1760.39	2187
Iteration: 164	1433	1526	1739.94	2132
Iteration: 165	1433	1567	1738.61	2033
Iteration: 166	1433	1541	1758.66	2210
Iteration: 167	1433	1498	1761.13	2300
Iteration: 168	1433	1493	1728.11	2161
Iteration: 169	1433	1497	1721.56	2168
Iteration: 170	1433	1521	1747.27	2308
Iteration: 171	1433	1525	1767.37	2607
Iteration: 172	1433	1512	1726.44	2246
Iteration: 173	1433	1520	1782.48	2610
Iteration: 174	1433	1560	1750.8	2242
Iteration: 175	1433	1509	1762.51	2345
Iteration: 176	1433	1520	1758.45	2491
Iteration: 177	1433	1526	1772.71	2214
Iteration: 178	1433	1518	1770.1	2204
Iteration: 179	1433	1519	1720.62	2056
Iteration: 180	1433	1523	1742.05	2349
Iteration: 181	1433	1456	1751.43	2172
Iteration: 182	1433	1495	1754.06	2349
Iteration: 183	1433	1521	1755.81	2458
Iteration: 184	1433	1542	1743.43	2352
Iteration: 185	1433	1495	1752.94	2259
Iteration: 186	1433	1520	1759.1	2321
Iteration: 187	1433	1508	1729	2224
Iteration: 188	1433	1512	1742.13	2077
Iteration: 189	1433	1541	1773.73	2203
Iteration: 190	1433	1540	1748.82	2057
Iteration: 191	1433	1489	1751.27	2236
Iteration: 192	1433	1541	1760.61	2356
Iteration: 193	1433	1535	1746.12	2220
Iteration: 194	1433	1518	1769.87	2294
Iteration: 195	1433	1483	1731.82	2154
Iteration: 196	1433	1524	1753.49	2388
Iteration: 197	1433	1485	1743.25	2150
Iteration: 198	1433	1485	1752.59	2257
Iteration: 199	1433	1475	1761.61	2440
Iteration: 200	1433	1526	1745.35	2165
Iteration: 201	1433	1541	1749.19	2206
Iteration: 202	1433	1490	1752.55	2170
Iteration: 203	1433	1526	1757.48	2180
Iteration: 204	1433	1507	1734.2	2283
Iteration: 205	1433	1456	1756.6	2259
Iteration: 206	1410	1410	1739.51	2087
Iteration: 207	1410	1515	1746.16	2240
Iteration: 208	1410	1511	1737.61	2036
Iteration: 209	1410	1505	1781.87	2330
Iteration: 210	1410	1517	1773.66	2161
Iteration: 211	1410	1435	1759.52	2204
Iteration: 212	1410	1479	1745	2114
Iteration: 213	1410	1496	1739.47	2130
Iteration: 214	1410	1546	1757.28	2110
Iteration: 215	1410	1491	1738.34	2292
Iteration: 216	1410	1541	1747.47	2092
Iteration: 217	1410	1522	1724.39	2083
Iteration: 218	1410	1512	1761.03	2274
Iteration: 219	1410	1465	1741.74	2169
Iteration: 220	1410	1515	1768.91	2254
Iteration: 221	1410	1526	1741.4	2638
Iteration: 222	1410	1536	1731.41	2313
Iteration: 223	1410	1500	1743.35	2080
Iteration: 224	1410	1514	1761.88	2312
Iteration: 225	1410	1540	1744.48	2101
Iteration: 226	1410	1529	1773.34	2244
Iteration: 227	1410	1517	1741.81	2326
Iteration: 228	1410	1550	1724.1	2070
Iteration: 229	1410	1543	1764.15	2471
Iteration: 230	1410	1533	1738.73	2212
Iteration: 231	1410	1509	1768.45	2178
Iteration: 232	1410	1521	1754.42	2287
Iteration: 233	1410	1486	1754.36	2132
Iteration: 234	1410	1510	1762.43	2337
Iteration: 235	1410	1528	1745.55	2550
Iteration: 236	1410	1533	1756.76	2190
Iteration: 237	1410	1491	1748.75	2126
Iteration: 238	1410	1449	1747.97	2079
Iteration: 239	1410	1542	1748.54	2355
Iteration: 240	1410	1423	1746.27	2157
Iteration: 241	1410	1472	1763.19	2177
Iteration: 242	1410	1520	1746.63	2198
Iteration: 243	1410	1448	1751.15	2350
Iteration: 244	1410	1486	1751.99	2212
Iteration: 245	1410	1552	1747.7	2590
Iteration: 246	1410	1559	1764.89	2338
Iteration: 247	1410	1489	1731.76	2138
Iteration: 248	1410	1479	1729.24	2305
Iteration: 249	1410	1566	1752.87	2341
Iteration: 250	1410	1501	1762.76	2276
Iteration: 251	1410	1518	1745.46	2475
Iteration: 252	1410	1516	1743.47	2236
Iteration: 253	1410	1465	1737.02	2177
Iteration: 254	1410	1486	1741.12	2106
Iteration: 255	1410	1501	1747.07	2177
Iteration: 256	1410	1494	1743.72	2120
Iteration: 257	1410	1516	1753.02	2156
Iteration: 258	1410	1505	1740.2	2429
Iteration: 259	1410	1560	1782.38	2334
Iteration: 260	1410	1510	1751.56	2259
Iteration: 261	1410	1500	1745.57	2417
Iteration: 262	1410	1519	1742	2094
Iteration: 263	1410	1530	1746.9	2106
Iteration: 264	1410	1539	1724.46	2095
Iteration: 265	1410	1477	1722.97	2080
Iteration: 266	1410	1489	1753.87	2185
Iteration: 267	1410	1499	1752.06	2220
Iteration: 268	1410	1572	1743.42	2112
Iteration: 269	1410	1528	1755.35	2163
Iteration: 270	1410	1486	1742.7	2086
Iteration: 271	1410	1546	1763.47	2181
Iteration: 272	1410	1535	1744.03	2268
Iteration: 273	1410	1546	1767.23	2505
Iteration: 274	1410	1528	1741.11	2331
Iteration: 275	1410	1557	1757.53	2264
Iteration: 276	1410	1502	1768.66	2237
Iteration: 277	1410	1535	1768.06	2316
Iteration: 278	1410	1549	1745.81	2234
Iteration: 279	1410	1505	1745.64	2123
Iteration: 280	1410	1539	1752.81	2216
Iteration: 281	1410	1542	1759.11	2236
Iteration: 282	1410	1513	1719.99	2006
Iteration: 283	1410	1550	1752.67	2516
Iteration: 284	1410	1473	1713.66	2016
Iteration: 285	1410	1494	1742.52	2158
Iteration: 286	1410	1538	1733.74	2193
Iteration: 287	1410	1525	1747.59	2085
Iteration: 288	1410	1470	1747	2232
Iteration: 289	1410	1490	1755.98	2463
Iteration: 290	1410	1471	1726.62	2178
Iteration: 291	1410	1493	1750.37	2323
Iteration: 292	1410	1476	1748.51	2283
Iteration: 293	1410	1510	1737.98	2018
Iteration: 294	1410	1505	1737.45	2285
Iteration: 295	1410	1469	1738.77	2156
Iteration: 296	1410	1472	1760.67	2328
Iteration: 297	1410	1518	1729.94	2192
Iteration: 298	1410	1477	1769.85	2489
Iteration: 299	1410	1565	1742.28	2242
Iteration: 300	1410	1492	1730.92	2083
Iteration: 301	1410	1505	1745.65	2539
Iteration: 302	1410	1549	1795.37	2491
Iteration: 303	1410	1525	1773.62	2328
Iteration: 304	1410	1427	1740.15	2385
Iteration: 305	1410	1528	1744.34	2160
Iteration: 306	1410	1513	1768.69	2222
Iteration: 307	1410	1511	1747.95	2249
Iteration: 308	1410	1483	1763.08	2345
Iteration: 309	1410	1468	1752.39	2174
Iteration: 310	1410	1569	1751.13	2204
Iteration: 311	1410	1490	1767.74	2370
Iteration: 312	1410	1565	1756.62	2188
Iteration: 313	1410	1507	1736.58	2121
Iteration: 314	1410	1511	1766.48	2558
Iteration: 315	1410	1581	1773.87	2108
Iteration: 316	1410	1496	1750.06	2397
Iteration: 317	1410	1513	1749	2175
Iteration: 318	1410	1557	1753.26	2157
Iteration: 319	1410	1513	1759.08	2375
Iteration: 320	1410	1472	1737.83	2338
Iteration: 321	1410	1532	1746.17	2154
Iteration: 322	1410	1512	1763.21	2149
Iteration: 323	1410	1513	1753.33	2187
Iteration: 324	1410	1508	1731.78	2344
Iteration: 325	1410	1485	1737.31	2179
Iteration: 326	1410	1498	1732.06	2256
Iteration: 327	1410	1486	1760.75	2189
Iteration: 328	1410	1480	1755.85	2205
Iteration: 329	1410	1534	1739.58	2202
Iteration: 330	1410	1535	1754.2	2206
Iteration: 331	1410	1590	1773.07	2132
Iteration: 332	1410	1517	1758.76	2412
Iteration: 333	1410	1556	1750.97	2202
Iteration: 334	1410	1525	1738.72	2134
Iteration: 335	1410	1528	1774.81	2128
Iteration: 336	1410	1498	1747.15	2076
Iteration: 337	1410	1529	1732.98	2160
Iteration: 338	1410	1535	1741.49	2150
Iteration: 339	1410	1568	1749.78	2087
Iteration: 340	1410	1517	1743.13	2415
Iteration: 341	1410	1512	1763.57	2114
Iteration: 342	1410	1511	1728.82	2034
Iteration: 343	1410	1533	1754.98	2128
Iteration: 344	1410	1544	1737.98	2491
Iteration: 345	1410	1488	1731.91	2096
Iteration: 346	1410	1547	1767.26	2551
Iteration: 347	1410	1525	1723	2160
Iteration: 348	1410	1510	1754.35	2217
Iteration: 349	1410	1457	1732.2	2031
Iteration: 350	1410	1548	1741.65	2304
Iteration: 351	1410	1520	1764.04	2115
Iteration: 352	1410	1520	1757.35	2372
Iteration: 353	1410	1495	1737.31	2376
Iteration: 354	1410	1514	1768.68	2303
Iteration: 355	1410	1554	1741.07	2143
Iteration: 356	1410	1509	1746.07	2440
Iteration: 357	1410	1447	1750.44	2445
Iteration: 358	1410	1514	1735.22	2325
Iteration: 359	1410	1521	1741.53	2349
Iteration: 360	1410	1538	1739.72	2170
Iteration: 361	1410	1489	1746.75	2245
Iteration: 362	1410	1502	1758.8	2290
Iteration: 363	1410	1532	1764.05	2738
Iteration: 364	1410	1479	1740.98	2132
Iteration: 365	1410	1498	1745.74	2215
Iteration: 366	1410	1481	1749.14	2309
Iteration: 367	1410	1537	1738.23	2183
Iteration: 368	1410	1522	1743.57	2273
Iteration: 369	1410	1486	1748.66	2307
Iteration: 370	1410	1508	1739.3	2148
Iteration: 371	1410	1524	1748.78	2276
Iteration: 372	1410	1481	1753.46	2444
Iteration: 373	1410	1567	1762.64	2354
Iteration: 374	1410	1473	1751.7	2175
Iteration: 375	1410	1495	1743.1	2209
Iteration: 376	1410	1545	1775.76	2217
Iteration: 377	1410	1470	1758.28	2153
Iteration: 378	1410	1497	1754.79	2175
Iteration: 379	1410	1538	1732.73	2197
Iteration: 380	1410	1522	1738.79	2299
Iteration: 381	1410	1522	1776.34	2366
Iteration: 382	1410	1525	1742.12	2204
Iteration: 383	1410	1511	1758.67	2549
Iteration: 384	1410	1448	1727.72	2123
Iteration: 385	1410	1460	1753.57	2364
Iteration: 386	1410	1505	1736.95	2090
Iteration: 387	1410	1497	1747.74	2229
Iteration: 388	1410	1439	1760.02	2258
Iteration: 389	1410	1464	1749.01	2216
Iteration: 390	1410	1482	1748.92	2082
Iteration: 391	1410	1518	1752.21	2104
Iteration: 392	1410	1468	1771.62	2378
Iteration: 393	1410	1515	1739.28	2175
Iteration: 394	1410	1488	1762.8	2326
Iteration: 395	1410	1527	1756.46	2123
Iteration: 396	1410	1499	1782.55	2214
Iteration: 397	1410	1531	1758.07	2298
Iteration: 398	1410	1535	1748.74	2052
Iteration: 399	1410	1494	1746.79	2217
Iteration: 400	1410	1519	1737.76	2354
Iteration: 401	1410	1507	1730.89	2085
Iteration: 402	1410	1484	1744.76	2041
Iteration: 403	1410	1483	1730.89	2115
Iteration: 404	1410	1556	1740.84	2426
Iteration: 405	1410	1446	1754.05	2240
Iteration: 406	1410	1468	1761.53	2302
Iteration: 407	1410	1485	1725.28	2219
Iteration: 408	1410	1511	1750.24	2274
Iteration: 409	1410	1543	1767.02	2177
Iteration: 410	1410	1493	1747.21	2263
Iteration: 411	1410	1496	1749.07	2278
Iteration: 412	1410	1478	1752.9	2146
Iteration: 413	1410	1508	1767.26	2310
Iteration: 414	1410	1566	1770.56	2278
Iteration: 415	1410	1527	1771.77	2245
Iteration: 416	1410	1468	1753.69	2156
Iteration: 417	1410	1513	1733.61	2321
Iteration: 418	1410	1531	1748.05	2192
Iteration: 419	1410	1517	1770.27	2108
Iteration: 420	1410	1503	1743.79	2299
Iteration: 421	1410	1500	1746.53	2165
Iteration: 422	1410	1510	1738.65	2092
Iteration: 423	1410	1508	1742.19	2350
Iteration: 424	1410	1554	1746.85	2157
Iteration: 425	1410	1513	1733.19	2433
Iteration: 426	1410	1482	1724.81	2117
Iteration: 427	1410	1460	1742.08	2207
Iteration: 428	1410	1537	1730.97	2174
Iteration: 429	1410	1439	1740.33	2207
Iteration: 430	1410	1453	1733.71	2536
Iteration: 431	1410	1503	1743.51	2083
Iteration: 432	1410	1518	1767.96	2244
Iteration: 433	1410	1495	1726.26	2229
Iteration: 434	1410	1538	1767.31	2260
Iteration: 435	1410	1509	1748.23	2172
Iteration: 436	1410	1473	1743.42	2552
Iteration: 437	1410	1483	1724.06	2116
Iteration: 438	1410	1552	1758.96	2420
Iteration: 439	1410	1520	1745.16	2065
Iteration: 440	1410	1486	1775.74	2260
Iteration: 441	1410	1499	1752.63	2249
Iteration: 442	1410	1518	1752.02	2212
Iteration: 443	1410	1505	1734.46	2212
Iteration: 444	1410	1506	1734.31	2276
Iteration: 445	1410	1514	1745.7	2162
Iteration: 446	1410	1534	1750.47	2473
Iteration: 447	1410	1485	1741.44	2144
Iteration: 448	1382	1382	1759.26	2253
Iteration: 449	1382	1523	1740.27	2206
Iteration: 450	1382	1513	1739.72	2115
Iteration: 451	1382	1520	1745.1	2321
Iteration: 452	1382	1497	1755.86	2305
Iteration: 453	1382	1464	1758.18	2849
Iteration: 454	1382	1510	1769.71	2208
Iteration: 455	1382	1552	1758.09	2503
Iteration: 456	1382	1517	1753.62	2132
Iteration: 457	1382	1562	1750.78	2144
Iteration: 458	1382	1501	1736.34	2192
Iteration: 459	1382	1442	1747.21	2215
Iteration: 460	1382	1501	1753.74	2203
Iteration: 461	1382	1551	1773.89	2161
Iteration: 462	1382	1455	1761.37	2201
Iteration: 463	1382	1520	1746.24	2092
Iteration: 464	1382	1526	1778.7	2188
Iteration: 465	1382	1554	1755.97	2187
Iteration: 466	1382	1491	1759.44	2685
Iteration: 467	1382	1485	1731.14	2248
Iteration: 468	1382	1521	1731.62	2074
Iteration: 469	1382	1517	1751.09	2337
Iteration: 470	1382	1486	1764.43	2421
Iteration: 471	1382	1479	1770.95	2293
Iteration: 472	1382	1462	1739.39	2128
Iteration: 473	1382	1527	1761.87	2177
Iteration: 474	1382	1550	1753.11	2122
Iteration: 475	1382	1477	1740.92	2143
Iteration: 476	1382	1483	1759.11	2277
Iteration: 477	1382	1499	1735.4	2583
Iteration: 478	1382	1458	1750.23	2451
Iteration: 479	1382	1499	1757.53	2273
Iteration: 480	1382	1455	1752.32	2090
Iteration: 481	1382	1471	1756.16	2146
Iteration: 482	1382	1512	1740.68	2109
Iteration: 483	1382	1539	1751.94	2232
Iteration: 484	1382	1563	1756.85	2093
Iteration: 485	1382	1541	1766.8	2155
Iteration: 486	1382	1513	1764.4	2304
Iteration: 487	1382	1507	1767.59	2449
Iteration: 488	1382	1522	1762.92	2471
Iteration: 489	1382	1533	1738.47	2095
Iteration: 490	1382	1548	1742.4	2065
Iteration: 491	1382	1528	1765.58	2316
Iteration: 492	1382	1553	1752.42	2088
Iteration: 493	1382	1538	1774.27	2570
Iteration: 494	1382	1549	1725.18	2031
Iteration: 495	1382	1539	1742.29	2335
Iteration: 496	1382	1498	1740.56	2290
Iteration: 497	1382	1490	1749.71	2197
Iteration: 498	1382	1491	1749.51	2153
Iteration: 499	1382	1528	1765.07	2205
