Iteration: 0	1569	1569	1735.13	2004
Iteration: 1	1559	1559	1750.45	2045
Iteration: 2	1543	1543	1741.44	2115
Iteration: 3	1526	1526	1746.31	2125
Iteration: 4	1444	1444	1774.38	2222
Iteration: 5	1444	1497	1762.79	2237
Iteration: 6	1444	1565	1762.44	2142
Iteration: 7	1444	1521	1770.09	2271
Iteration: 8	1444	1507	1754.31	2212
Iteration: 9	1444	1507	1749.13	2118
Iteration: 10	1444	1459	1760.35	2199
Iteration: 11	1444	1531	1751.54	2153
Iteration: 12	1444	1509	1752	2331
Iteration: 13	1444	1514	1768.55	2240
Iteration: 14	1444	1521	1755.95	2230
Iteration: 15	1444	1483	1739.76	2108
Iteration: 16	1443	1443	1732.58	2281
Iteration: 17	1443	1497	1742.5	2313
Iteration: 18	1443	1520	1772.09	2325
Iteration: 19	1443	1545	1740.04	2289
Iteration: 20	1443	1536	1736.2	2027
Iteration: 21	1443	1486	1749.21	2130
Iteration: 22	1443	1502	1750.76	2380
Iteration: 23	1443	1509	1749.24	2064
Iteration: 24	1443	1514	1759.13	2221
Iteration: 25	1443	1477	1742.95	2158
Iteration: 26	1443	1494	1730.52	2169
Iteration: 27	1443	1515	1746.83	2331
Iteration: 28	1443	1504	1770.77	2183
Iteration: 29	1443	1516	1743.67	2251
Iteration: 30	1443	1554	1738.29	2191
Iteration: 31	1443	1493	1744.98	2154
Iteration: 32	1443	1521	1758.32	2107
Iteration: 33	1443	1531	1762.68	2235
Iteration: 34	1443	1529	1755.74	2170
Iteration: 35	1443	1492	1758.69	2297
Iteration: 36	1443	1522	1732.44	2128
Iteration: 37	1443	1546	1773.79	2141
Iteration: 38	1443	1530	1768.9	2197
Iteration: 39	1443	1530	1728.36	2086
Iteration: 40	1443	1451	1745.41	2184
Iteration: 41	1443	1529	1743.66	2209
Iteration: 42	1443	1535	1741.22	2240
Iteration: 43	1443	1521	1756.2	2325
Iteration: 44	1443	1539	1735.29	2250
Iteration: 45	1443	1559	1723.15	2091
Iteration: 46	1443	1510	1765.72	2238
Iteration: 47	1443	1484	1749.96	2192
Iteration: 48	1443	1519	1749.21	2288
Iteration: 49	1443	1551	1747.86	2190
Iteration: 50	1443	1482	1760.56	2654
Iteration: 51	1443	1529	1750.19	2239
Iteration: 52	1443	1522	1744.46	2093
Iteration: 53	1443	1495	1752.08	2274
Iteration: 54	1443	1457	1716.07	2235
Iteration: 55	1443	1546	1769.84	2312
Iteration: 56	1443	1542	1752.79	2317
Iteration: 57	1443	1548	1761	2115
Iteration: 58	1443	1509	1733.86	2233
Iteration: 59	1443	1522	1760.65	2468
Iteration: 60	1443	1478	1782.23	2332
Iteration: 61	1443	1503	1745.11	2146
Iteration: 62	1443	1543	1751.35	2621
Iteration: 63	1443	1521	1745.38	2103
Iteration: 64	1443	1556	1765.13	2195
Iteration: 65	1443	1522	1737.04	2105
Iteration: 66	1443	1503	1764.12	2403
Iteration: 67	1443	1526	1757.35	2523
Iteration: 68	1443	1545	1760.79	2157
Iteration: 69	1443	1530	1743.06	2128
Iteration: 70	1443	1541	1741.43	2031
Iteration: 71	1443	1508	1738.68	2419
Iteration: 72	1443	1521	1745.34	2104
Iteration: 73	1443	1492	1738.16	2257
Iteration: 74	1443	1478	1720.03	2046
Iteration: 75	1443	1466	1746.2	2198
Iteration: 76	1443	1547	1754.3	2174
Iteration: 77	1443	1475	1755.01	2234
Iteration: 78	1443	1519	1743.96	2132
Iteration: 79	1443	1486	1747.95	2157
Iteration: 80	1443	1460	1748.37	2247
Iteration: 81	1443	1535	1757.48	2160
Iteration: 82	1443	1545	1762.18	2239
Iteration: 83	1443	1520	1741.01	2207
Iteration: 84	1443	1466	1748.01	2082
Iteration: 85	1443	1514	1747.32	2536
Iteration: 86	1443	1553	1764.01	2252
Iteration: 87	1443	1516	1731.9	2017
Iteration: 88	1443	1454	1729.15	2102
Iteration: 89	1443	1510	1756.02	2122
Iteration: 90	1443	1507	1753.84	2304
Iteration: 91	1443	1535	1763.37	2292
Iteration: 92	1443	1489	1754.11	2274
Iteration: 93	1443	1476	1761.46	2173
Iteration: 94	1443	1553	1745.29	2120
Iteration: 95	1443	1498	1744.65	2411
Iteration: 96	1443	1503	1775.84	2356
Iteration: 97	1443	1527	1751.8	2233
Iteration: 98	1443	1533	1749.79	2229
Iteration: 99	1443	1492	1743.24	2167
Iteration: 100	1443	1505	1753.54	2171
Iteration: 101	1443	1542	1748.39	2317
Iteration: 102	1443	1542	1727.42	2077
Iteration: 103	1443	1517	1734.49	2298
Iteration: 104	1443	1531	1740.28	2164
Iteration: 105	1443	1503	1739.35	2169
Iteration: 106	1443	1575	1743.57	2406
Iteration: 107	1443	1515	1759.34	2195
Iteration: 108	1443	1565	1750.14	2237
Iteration: 109	1443	1483	1744.87	2191
Iteration: 110	1443	1510	1750.62	2072
Iteration: 111	1443	1520	1755.34	2214
Iteration: 112	1443	1516	1766.08	2307
Iteration: 113	1443	1511	1734.65	2075
Iteration: 114	1443	1510	1743.16	2153
Iteration: 115	1443	1520	1744.76	2304
Iteration: 116	1443	1503	1749.93	2081
Iteration: 117	1443	1511	1754.23	2322
Iteration: 118	1443	1530	1754.95	2327
Iteration: 119	1443	1526	1755.97	2129
Iteration: 120	1443	1554	1743.53	2096
Iteration: 121	1443	1475	1728.22	2286
Iteration: 122	1443	1504	1769.15	2409
Iteration: 123	1443	1545	1738.69	2165
Iteration: 124	1443	1515	1765.86	2355
Iteration: 125	1443	1483	1743.36	2098
Iteration: 126	1443	1486	1733.13	2287
Iteration: 127	1443	1523	1740.16	2075
Iteration: 128	1443	1502	1740.69	2299
Iteration: 129	1443	1494	1739.55	2166
Iteration: 130	1443	1490	1769.32	2288
Iteration: 131	1443	1498	1754.24	2152
Iteration: 132	1443	1494	1738.27	2247
Iteration: 133	1443	1533	1780.84	2397
Iteration: 134	1443	1541	1729.86	2126
Iteration: 135	1443	1524	1768.66	2352
Iteration: 136	1443	1469	1758.65	2327
Iteration: 137	1443	1471	1748.13	2143
Iteration: 138	1443	1531	1738.16	2056
Iteration: 139	1443	1488	1739.17	2140
Iteration: 140	1443	1549	1768.23	2226
Iteration: 141	1443	1516	1737.2	2163
Iteration: 142	1443	1500	1717.51	2023
Iteration: 143	1443	1490	1762.13	2399
Iteration: 144	1443	1553	1744.4	2127
Iteration: 145	1443	1494	1759.12	2297
Iteration: 146	1443	1541	1742.42	2174
Iteration: 147	1443	1514	1746.62	2151
Iteration: 148	1443	1474	1745.82	2188
Iteration: 149	1443	1509	1730.03	2224
Iteration: 150	1443	1459	1755.18	2163
Iteration: 151	1443	1556	1746.94	2402
Iteration: 152	1443	1507	1736.87	2104
Iteration: 153	1443	1527	1753.86	2067
Iteration: 154	1443	1533	1766.15	2219
Iteration: 155	1443	1557	1751.19	2330
Iteration: 156	1443	1480	1724.97	2018
Iteration: 157	1443	1531	1730.97	2068
Iteration: 158	1443	1487	1765.59	2304
Iteration: 159	1443	1525	1754.63	2202
Iteration: 160	1443	1503	1743.12	2125
Iteration: 161	1443	1506	1751.52	2022
Iteration: 162	1443	1517	1759.85	2205
Iteration: 163	1443	1541	1761.72	2123
Iteration: 164	1443	1505	1749.62	2141
Iteration: 165	1443	1526	1756.72	2417
Iteration: 166	1443	1529	1728.73	2204
Iteration: 167	1443	1515	1762.61	2180
Iteration: 168	1443	1514	1742.95	2081
Iteration: 169	1443	1448	1749.16	2220
Iteration: 170	1443	1498	1756.76	2189
Iteration: 171	1443	1447	1732.98	2252
Iteration: 172	1443	1540	1740.29	2236
Iteration: 173	1443	1516	1759.23	2133
Iteration: 174	1425	1425	1748.47	2215
Iteration: 175	1425	1476	1774.6	2220
Iteration: 176	1425	1486	1757.59	2218
Iteration: 177	1425	1527	1762.26	2223
Iteration: 178	1425	1562	1760.38	2129
Iteration: 179	1425	1488	1730.13	2266
Iteration: 180	1425	1523	1769.27	2357
Iteration: 181	1425	1497	1767.15	2271
Iteration: 182	1425	1502	1758.26	2354
Iteration: 183	1425	1520	1737.45	2213
Iteration: 184	1425	1551	1743.26	2091
Iteration: 185	1425	1497	1744.72	2266
Iteration: 186	1425	1543	1760.71	2400
Iteration: 187	1425	1492	1764.93	2404
Iteration: 188	1425	1545	1751.52	2238
Iteration: 189	1425	1492	1735.83	2053
Iteration: 190	1425	1474	1762.29	2248
Iteration: 191	1425	1499	1756	2082
Iteration: 192	1425	1556	1749.91	2130
Iteration: 193	1425	1489	1763.67	2163
Iteration: 194	1425	1523	1755.68	2373
Iteration: 195	1425	1550	1754.1	2097
Iteration: 196	1425	1462	1732.41	2223
Iteration: 197	1425	1566	1776.57	2186
Iteration: 198	1425	1521	1747	2216
Iteration: 199	1425	1489	1740.85	2247
Iteration: 200	1425	1482	1724.3	2129
Iteration: 201	1425	1431	1749.13	2108
Iteration: 202	1425	1491	1766.73	2375
Iteration: 203	1425	1509	1765.74	2642
Iteration: 204	1425	1512	1756.18	2265
Iteration: 205	1425	1480	1736.32	2199
Iteration: 206	1425	1563	1773.59	2271
Iteration: 207	1425	1459	1752.7	2335
Iteration: 208	1425	1489	1781.7	2353
Iteration: 209	1425	1560	1750.12	2153
Iteration: 210	1425	1501	1756.44	2115
Iteration: 211	1425	1548	1734.14	2085
Iteration: 212	1425	1530	1759.41	2125
Iteration: 213	1425	1465	1729.97	2022
Iteration: 214	1425	1523	1759.69	2291
Iteration: 215	1425	1530	1754.58	2259
Iteration: 216	1425	1549	1761.35	2030
Iteration: 217	1425	1546	1742.44	2191
Iteration: 218	1425	1556	1760.52	2248
Iteration: 219	1425	1452	1751.43	2215
Iteration: 220	1425	1515	1750.83	2410
Iteration: 221	1425	1487	1731.87	2422
Iteration: 222	1425	1518	1757.96	2134
Iteration: 223	1425	1533	1740.53	2126
Iteration: 224	1425	1478	1755.25	2183
Iteration: 225	1425	1534	1753.73	2342
Iteration: 226	1425	1550	1758.35	2151
Iteration: 227	1425	1515	1740.17	2426
Iteration: 228	1425	1548	1753.7	2365
Iteration: 229	1425	1512	1752.5	2118
Iteration: 230	1425	1547	1752.45	2197
Iteration: 231	1425	1525	1750.16	2287
Iteration: 232	1425	1533	1760.18	2144
Iteration: 233	1425	1527	1773.91	2210
Iteration: 234	1425	1523	1738.8	2113
Iteration: 235	1425	1575	1758.81	2251
Iteration: 236	1425	1489	1760.97	2117
Iteration: 237	1425	1497	1728.48	2206
Iteration: 238	1425	1511	1760.51	2501
Iteration: 239	1425	1521	1758.87	2194
Iteration: 240	1425	1506	1772.24	2237
Iteration: 241	1425	1474	1738.69	2413
Iteration: 242	1425	1525	1743.89	2216
Iteration: 243	1425	1545	1761.98	2400
Iteration: 244	1425	1527	1753.19	2379
Iteration: 245	1425	1503	1741.36	2071
Iteration: 246	1425	1513	1753.76	2255
Iteration: 247	1425	1535	1758.96	2162
Iteration: 248	1425	1545	1759.82	2282
Iteration: 249	1425	1543	1758.09	2353
Iteration: 250	1425	1506	1749.42	2371
Iteration: 251	1425	1485	1742.99	2169
Iteration: 252	1425	1543	1763.28	2151
Iteration: 253	1425	1471	1751.63	2242
Iteration: 254	1425	1483	1757.22	2365
Iteration: 255	1425	1485	1758.32	2265
Iteration: 256	1425	1501	1758.3	2279
Iteration: 257	1425	1484	1752.55	2292
Iteration: 258	1425	1488	1743.88	2098
Iteration: 259	1425	1539	1741.25	2222
Iteration: 260	1425	1510	1765.06	2198
Iteration: 261	1425	1449	1742.2	2129
Iteration: 262	1425	1533	1750.52	2143
Iteration: 263	1425	1550	1749.49	2238
Iteration: 264	1425	1520	1738.86	2206
Iteration: 265	1425	1511	1758.29	2370
Iteration: 266	1425	1480	1777.39	2548
Iteration: 267	1425	1521	1751.18	2646
Iteration: 268	1425	1500	1743.41	2138
Iteration: 269	1425	1494	1750.58	2032
Iteration: 270	1425	1514	1742.97	2238
Iteration: 271	1425	1512	1743.31	2070
Iteration: 272	1425	1545	1738.2	2262
Iteration: 273	1425	1531	1736.88	2243
Iteration: 274	1425	1506	1748.39	2206
Iteration: 275	1425	1526	1751.94	2124
Iteration: 276	1425	1478	1739.61	2334
Iteration: 277	1425	1509	1745.94	2436
Iteration: 278	1425	1548	1753.23	2383
Iteration: 279	1425	1523	1729.95	2123
Iteration: 280	1425	1484	1743.36	2132
Iteration: 281	1425	1509	1751.47	2089
Iteration: 282	1425	1528	1739.44	2302
Iteration: 283	1425	1489	1736.7	2393
Iteration: 284	1425	1506	1746.4	2105
Iteration: 285	1425	1526	1751.32	2188
Iteration: 286	1425	1526	1755.11	2176
Iteration: 287	1425	1524	1739.13	2364
Iteration: 288	1425	1465	1735.22	2363
Iteration: 289	1425	1542	1758.98	2186
Iteration: 290	1425	1580	1748.48	2076
Iteration: 291	1425	1519	1737.66	2122
Iteration: 292	1425	1531	1745.89	2168
Iteration: 293	1425	1540	1744.71	2032
Iteration: 294	1425	1526	1777.13	2363
Iteration: 295	1425	1524	1747.39	2141
Iteration: 296	1425	1555	1749.29	2584
Iteration: 297	1425	1509	1741.75	2131
Iteration: 298	1425	1569	1765.89	2214
Iteration: 299	1425	1516	1750.94	2244
Iteration: 300	1425	1537	1735.47	2205
Iteration: 301	1425	1518	1760.43	2373
Iteration: 302	1425	1486	1744.18	2082
Iteration: 303	1425	1535	1776.67	2331
Iteration: 304	1425	1577	1766.75	2191
Iteration: 305	1425	1546	1755.28	2351
Iteration: 306	1425	1536	1753.77	2100
Iteration: 307	1425	1522	1745.11	2217
Iteration: 308	1425	1532	1734.7	2189
Iteration: 309	1425	1524	1772.65	2667
Iteration: 310	1425	1443	1752.58	2052
Iteration: 311	1425	1545	1735.59	2115
Iteration: 312	1425	1522	1777.19	2341
Iteration: 313	1425	1602	1774.63	2181
Iteration: 314	1425	1510	1756.24	2545
Iteration: 315	1425	1530	1740	2369
Iteration: 316	1425	1556	1762.35	2274
Iteration: 317	1425	1513	1744.42	2110
Iteration: 318	1425	1533	1774.23	2390
Iteration: 319	1425	1485	1750.71	2196
Iteration: 320	1425	1532	1738.02	2058
Iteration: 321	1425	1468	1741.03	2500
Iteration: 322	1425	1545	1758.94	2369
Iteration: 323	1425	1528	1740.69	2106
Iteration: 324	1425	1529	1737	2183
Iteration: 325	1425	1506	1766.36	2411
Iteration: 326	1425	1507	1733.17	2200
Iteration: 327	1424	1424	1738.54	2145
Iteration: 328	1424	1517	1734.04	2080
Iteration: 329	1424	1505	1745.47	2323
Iteration: 330	1424	1541	1781.31	2409
Iteration: 331	1424	1545	1749.07	2189
Iteration: 332	1424	1486	1761.03	2110
Iteration: 333	1424	1474	1762.61	2384
Iteration: 334	1424	1535	1758.68	2300
Iteration: 335	1424	1497	1722.97	2183
Iteration: 336	1424	1492	1751.85	2170
Iteration: 337	1424	1557	1766.05	2288
Iteration: 338	1424	1518	1742.24	2074
Iteration: 339	1424	1554	1756.59	2190
Iteration: 340	1424	1491	1740.03	2246
Iteration: 341	1424	1550	1752.57	2218
Iteration: 342	1424	1515	1753.87	2264
Iteration: 343	1424	1523	1751.98	2211
Iteration: 344	1424	1510	1766.95	2211
Iteration: 345	1424	1497	1757.72	2224
Iteration: 346	1424	1480	1746.69	2322
Iteration: 347	1424	1523	1737.55	2168
Iteration: 348	1424	1447	1756.61	2303
Iteration: 349	1424	1461	1748.84	2193
Iteration: 350	1424	1515	1753.19	2199
Iteration: 351	1424	1515	1744.84	2191
Iteration: 352	1424	1548	1762.68	2400
Iteration: 353	1424	1542	1750.66	2187
Iteration: 354	1424	1569	1753.59	2150
Iteration: 355	1424	1537	1758.44	2250
Iteration: 356	1424	1473	1754.94	2319
Iteration: 357	1424	1525	1749.17	2350
Iteration: 358	1424	1518	1779.61	2637
Iteration: 359	1424	1522	1754.08	2394
Iteration: 360	1424	1537	1758	2385
Iteration: 361	1424	1527	1766.21	2226
Iteration: 362	1424	1512	1742.29	2119
Iteration: 363	1424	1514	1756.82	2219
Iteration: 364	1424	1499	1730.99	2215
Iteration: 365	1424	1508	1740.18	2202
Iteration: 366	1424	1490	1747.52	2454
Iteration: 367	1409	1409	1731.73	2078
Iteration: 368	1409	1544	1759.69	2172
Iteration: 369	1409	1465	1756.8	2198
Iteration: 370	1409	1500	1730.21	2186
Iteration: 371	1409	1538	1758.68	2369
Iteration: 372	1409	1518	1747.3	2201
Iteration: 373	1409	1470	1765.14	2488
Iteration: 374	1409	1540	1756.31	2219
Iteration: 375	1409	1534	1745.88	2383
Iteration: 376	1409	1493	1766.41	2142
Iteration: 377	1409	1526	1735.45	2130
Iteration: 378	1409	1450	1722.2	2098
Iteration: 379	1409	1487	1745.8	2254
Iteration: 380	1409	1533	1761.07	2180
Iteration: 381	1409	1502	1739.89	2447
Iteration: 382	1409	1531	1731.78	2227
Iteration: 383	1409	1474	1744.57	2305
Iteration: 384	1409	1501	1759.12	2170
Iteration: 385	1409	1565	1745.88	2150
Iteration: 386	1409	1513	1756.6	2192
Iteration: 387	1409	1515	1726.54	2095
Iteration: 388	1409	1416	1750.64	2299
Iteration: 389	1409	1437	1733.53	2244
Iteration: 390	1409	1497	1747.1	2182
Iteration: 391	1409	1490	1748.57	2351
Iteration: 392	1409	1494	1740.23	2090
Iteration: 393	1409	1474	1728.58	2186
Iteration: 394	1409	1548	1763.87	2339
Iteration: 395	1409	1541	1762.69	2132
Iteration: 396	1409	1520	1748.46	2273
Iteration: 397	1409	1511	1741.4	2174
Iteration: 398	1409	1456	1744.59	2072
Iteration: 399	1409	1565	1756.74	2162
Iteration: 400	1409	1469	1759.66	2402
Iteration: 401	1409	1565	1739.38	2143
Iteration: 402	1409	1500	1751.9	2305
Iteration: 403	1409	1533	1748.38	2230
Iteration: 404	1409	1529	1729.35	2112
Iteration: 405	1409	1512	1744.91	2432
Iteration: 406	1409	1576	1753.37	2295
Iteration: 407	1409	1512	1730.36	2174
Iteration: 408	1409	1507	1745.79	2206
Iteration: 409	1409	1530	1763.77	2319
Iteration: 410	1409	1540	1781.07	2310
Iteration: 411	1409	1463	1763.46	2424
Iteration: 412	1409	1511	1745.29	2241
Iteration: 413	1409	1566	1774.77	2238
Iteration: 414	1409	1449	1752.81	2549
Iteration: 415	1409	1477	1738.59	2128
Iteration: 416	1409	1492	1729.38	2333
Iteration: 417	1409	1499	1771.5	2330
Iteration: 418	1409	1505	1740.77	2262
Iteration: 419	1409	1520	1754.38	2112
Iteration: 420	1409	1513	1765.77	2199
Iteration: 421	1409	1498	1738.71	2162
Iteration: 422	1409	1502	1729.67	2256
Iteration: 423	1409	1484	1729.02	2245
Iteration: 424	1409	1522	1753.71	2205
Iteration: 425	1409	1521	1758.7	2206
Iteration: 426	1409	1487	1752.54	2146
Iteration: 427	1409	1557	1744.35	2181
Iteration: 428	1409	1521	1737.2	2079
Iteration: 429	1409	1560	1764.44	2181
Iteration: 430	1409	1514	1720.11	2140
Iteration: 431	1409	1520	1748.3	2139
Iteration: 432	1409	1507	1762.72	2581
Iteration: 433	1409	1470	1765.91	2378
Iteration: 434	1409	1501	1774.14	2065
Iteration: 435	1409	1529	1717.95	2343
Iteration: 436	1409	1544	1769.83	2240
Iteration: 437	1409	1513	1756.43	2110
Iteration: 438	1409	1537	1765.39	2390
Iteration: 439	1409	1530	1779.99	2281
Iteration: 440	1409	1505	1767.6	2303
Iteration: 441	1409	1509	1750.23	2033
Iteration: 442	1409	1506	1742.01	2252
Iteration: 443	1409	1537	1748.87	2211
Iteration: 444	1409	1531	1754.77	2231
Iteration: 445	1409	1470	1758.13	2188
Iteration: 446	1409	1503	1744.36	2175
Iteration: 447	1409	1512	1770.09	2371
Iteration: 448	1409	1492	1738.7	2440
Iteration: 449	1409	1511	1746.69	2186
Iteration: 450	1409	1488	1746.2	2149
Iteration: 451	1409	1520	1763.44	2104
Iteration: 452	1409	1520	1743.98	2184
Iteration: 453	1409	1543	1748.23	2175
Iteration: 454	1409	1466	1749.19	2167
Iteration: 455	1409	1551	1747.25	2130
Iteration: 456	1409	1485	1736.48	2423
Iteration: 457	1409	1529	1741.31	2191
Iteration: 458	1409	1514	1768.26	2144
Iteration: 459	1409	1552	1761.84	2134
Iteration: 460	1409	1519	1732.88	2527
Iteration: 461	1409	1561	1739.57	2085
Iteration: 462	1409	1569	1731.27	1974
Iteration: 463	1409	1488	1737.74	2136
Iteration: 464	1409	1488	1736.93	2079
Iteration: 465	1409	1535	1758.44	2149
Iteration: 466	1409	1490	1725.6	2428
Iteration: 467	1409	1528	1750.58	2250
Iteration: 468	1409	1495	1745.4	2248
Iteration: 469	1409	1467	1749.69	2269
Iteration: 470	1409	1542	1743.49	2074
Iteration: 471	1409	1545	1770.83	2342
Iteration: 472	1409	1487	1746.29	2087
Iteration: 473	1409	1566	1768.96	2440
Iteration: 474	1409	1564	1749.24	2270
Iteration: 475	1409	1535	1777.67	2175
Iteration: 476	1409	1485	1764.79	2212
Iteration: 477	1409	1528	1757.28	2178
Iteration: 478	1409	1529	1750.12	2451
Iteration: 479	1409	1523	1747.7	2294
Iteration: 480	1409	1525	1752.14	2114
Iteration: 481	1409	1547	1759.1	2430
Iteration: 482	1409	1512	1734.86	2105
Iteration: 483	1409	1570	1749	2260
Iteration: 484	1409	1497	1760.9	2211
Iteration: 485	1409	1528	1765.33	2219
Iteration: 486	1409	1519	1740.32	2127
Iteration: 487	1409	1513	1750.77	2285
Iteration: 488	1409	1474	1734.32	2116
Iteration: 489	1409	1539	1763.32	2249
Iteration: 490	1409	1528	1767.33	2586
Iteration: 491	1409	1553	1771.81	2270
Iteration: 492	1409	1555	1745.85	2412
Iteration: 493	1409	1557	1765.01	2458
Iteration: 494	1409	1529	1751.65	2186
Iteration: 495	1409	1529	1763.15	2192
Iteration: 496	1409	1543	1741.51	2130
Iteration: 497	1409	1553	1759.2	2473
Iteration: 498	1409	1519	1754.51	2187
Iteration: 499	1409	1530	1761.08	2196
