Iteration: 0	1756	1756	2167.44	3170
Iteration: 1	1708	1708	2133.8	2752
Iteration: 2	1708	1755	2146.53	2755
Iteration: 3	1708	1750	2350.13	2942
Iteration: 4	1708	1879	2391.44	3120
Iteration: 5	1708	1722	2216	2866
Iteration: 6	1598	1598	2294.59	2982
Iteration: 7	1598	1830	2241.76	2825
Iteration: 8	1598	1786	2266.18	3104
Iteration: 9	1598	1669	2228.89	2919
Iteration: 10	1598	1818	2251.14	3126
Iteration: 11	1598	1750	2257.62	2903
Iteration: 12	1598	1720	2251.45	2973
Iteration: 13	1598	1707	2250.27	3243
Iteration: 14	1598	1731	2212.69	2803
Iteration: 15	1598	1801	2229.51	2894
Iteration: 16	1572	1572	2225.69	2888
Iteration: 17	1572	1688	2197.08	2909
Iteration: 18	1572	1717	2215.39	3200
Iteration: 19	1572	1696	2235.46	3275
Iteration: 20	1572	1718	2234.97	3003
Iteration: 21	1572	1723	2273.77	3054
Iteration: 22	1572	1768	2252.7	3088
Iteration: 23	1572	1744	2275.15	2837
Iteration: 24	1572	1698	2217.95	2968
Iteration: 25	1572	1780	2256.1	2876
Iteration: 26	1572	1728	2245.42	3107
Iteration: 27	1572	1785	2254.12	3205
Iteration: 28	1572	1734	2228.54	2869
Iteration: 29	1572	1738	2196.8	2997
Iteration: 30	1572	1703	2205	2904
Iteration: 31	1572	1781	2236.37	2898
Iteration: 32	1572	1730	2213.92	2955
Iteration: 33	1572	1687	2223.16	2725
Iteration: 34	1572	1635	2219.98	2924
Iteration: 35	1572	1758	2168.23	2830
Iteration: 36	1572	1686	2248.02	2843
Iteration: 37	1572	1707	2203.99	2778
Iteration: 38	1572	1775	2219.01	2842
Iteration: 39	1572	1760	2232.6	3098
Iteration: 40	1572	1774	2221.16	3030
Iteration: 41	1572	1783	2224.72	2857
Iteration: 42	1572	1859	2220.13	2813
Iteration: 43	1572	1806	2241.84	2843
Iteration: 44	1572	1764	2224.62	2860
Iteration: 45	1572	1728	2241.97	2893
Iteration: 46	1572	1594	2226.87	2940
Iteration: 47	1572	1889	2231.68	2829
Iteration: 48	1572	1679	2222.38	3008
Iteration: 49	1572	1786	2268.5	2847
Iteration: 50	1572	1698	2228.89	3035
Iteration: 51	1572	1641	2223.11	3003
Iteration: 52	1572	1683	2181.73	2711
Iteration: 53	1572	1718	2231.77	2881
Iteration: 54	1572	1604	2263.63	3204
Iteration: 55	1572	1740	2188.62	2966
Iteration: 56	1572	1804	2243.95	2925
Iteration: 57	1572	1743	2225	2742
Iteration: 58	1572	1624	2235.37	3002
Iteration: 59	1572	1753	2225.25	3168
Iteration: 60	1572	1608	2235.88	2885
Iteration: 61	1572	1702	2236.42	2841
Iteration: 62	1572	1724	2226.06	2950
Iteration: 63	1572	1739	2222.06	2901
Iteration: 64	1572	1843	2246.15	2848
Iteration: 65	1572	1708	2286.13	3234
Iteration: 66	1572	1694	2232.41	2712
Iteration: 67	1572	1691	2263.12	3037
Iteration: 68	1572	1669	2181.7	3119
Iteration: 69	1572	1847	2262.42	2900
Iteration: 70	1572	1635	2188.78	2828
Iteration: 71	1572	1691	2176.28	2905
Iteration: 72	1572	1731	2217.69	2926
Iteration: 73	1572	1640	2211.39	2911
Iteration: 74	1572	1818	2228.46	2956
Iteration: 75	1572	1666	2280.65	3256
Iteration: 76	1572	1682	2274.46	3150
Iteration: 77	1572	1620	2212.07	2745
Iteration: 78	1572	1595	2222.27	2993
Iteration: 79	1572	1811	2194.44	2794
Iteration: 80	1572	1703	2225.43	3276
Iteration: 81	1572	1731	2211.25	3222
Iteration: 82	1572	1782	2254.03	3154
Iteration: 83	1572	1795	2223.63	3200
Iteration: 84	1572	1748	2245.86	2968
Iteration: 85	1572	1819	2248.44	2961
Iteration: 86	1572	1716	2260.19	2878
Iteration: 87	1572	1762	2242.9	3067
Iteration: 88	1572	1755	2260.47	3037
Iteration: 89	1572	1764	2234.42	3021
Iteration: 90	1572	1783	2236.44	2986
Iteration: 91	1572	1652	2257.38	2977
Iteration: 92	1572	1759	2192.55	2910
Iteration: 93	1572	1681	2251.16	2945
Iteration: 94	1572	1693	2213.31	3040
Iteration: 95	1572	1721	2216.33	2917
Iteration: 96	1556	1556	2206.46	2861
Iteration: 97	1556	1724	2231.5	2916
Iteration: 98	1556	1751	2209.51	3014
Iteration: 99	1556	1800	2261.71	3029
Iteration: 100	1556	1799	2210.93	2896
Iteration: 101	1556	1795	2243.47	2997
Iteration: 102	1556	1661	2228.66	3125
Iteration: 103	1556	1615	2209.7	2912
Iteration: 104	1556	1720	2211	2973
Iteration: 105	1556	1694	2223.9	2953
Iteration: 106	1556	1670	2211.47	3024
Iteration: 107	1556	1790	2232.2	2801
Iteration: 108	1556	1726	2198.71	2954
Iteration: 109	1556	1802	2258.31	2867
Iteration: 110	1556	1799	2245.98	2931
Iteration: 111	1556	1747	2169.03	2838
Iteration: 112	1556	1721	2254.25	3164
Iteration: 113	1556	1675	2226.68	2807
Iteration: 114	1556	1739	2202.42	3019
Iteration: 115	1556	1744	2226.54	2867
Iteration: 116	1556	1680	2203.57	2896
Iteration: 117	1556	1730	2259.82	3009
Iteration: 118	1556	1677	2216.36	2939
Iteration: 119	1556	1613	2221.87	3160
Iteration: 120	1556	1637	2200.21	2898
Iteration: 121	1556	1780	2185.74	2763
Iteration: 122	1556	1621	2212.44	2916
Iteration: 123	1556	1653	2194.9	2703
Iteration: 124	1556	1637	2245.2	2947
Iteration: 125	1556	1705	2213.94	2939
Iteration: 126	1556	1699	2247.06	3017
Iteration: 127	1556	1734	2216.71	3027
Iteration: 128	1556	1682	2179.14	2728
Iteration: 129	1556	1765	2212.74	2705
Iteration: 130	1556	1787	2227.67	3082
Iteration: 131	1556	1787	2219	2775
Iteration: 132	1556	1698	2187.5	2697
Iteration: 133	1556	1761	2224.96	2802
Iteration: 134	1556	1717	2167.08	3005
Iteration: 135	1556	1702	2217.97	2950
Iteration: 136	1556	1687	2238.38	3106
Iteration: 137	1556	1770	2235.18	2863
Iteration: 138	1556	1767	2191.94	2812
Iteration: 139	1556	1635	2194.62	2991
Iteration: 140	1556	1743	2257.41	2976
Iteration: 141	1556	1751	2209.83	2811
Iteration: 142	1556	1691	2235.57	2969
Iteration: 143	1556	1721	2206.82	3215
Iteration: 144	1556	1614	2249.43	2980
Iteration: 145	1556	1637	2231.46	3241
Iteration: 146	1556	1701	2217.23	2754
Iteration: 147	1556	1778	2274.36	2842
Iteration: 148	1556	1616	2210.54	2780
Iteration: 149	1556	1749	2234.51	3054
Iteration: 150	1556	1655	2186.5	2912
Iteration: 151	1556	1777	2214.07	2781
Iteration: 152	1556	1782	2282.02	3078
Iteration: 153	1556	1721	2208.85	3055
Iteration: 154	1556	1651	2186.14	2934
Iteration: 155	1556	1766	2261.8	2922
Iteration: 156	1556	1665	2194.6	2826
Iteration: 157	1556	1854	2277.83	3030
Iteration: 158	1556	1681	2252.95	3048
Iteration: 159	1556	1713	2223.64	2879
Iteration: 160	1556	1768	2266.38	2789
Iteration: 161	1556	1668	2284.13	3121
Iteration: 162	1556	1606	2222.75	2758
Iteration: 163	1556	1727	2245.95	3098
Iteration: 164	1556	1664	2193.74	2728
Iteration: 165	1556	1708	2257.11	3169
Iteration: 166	1556	1792	2215.9	3001
Iteration: 167	1556	1750	2207.76	2944
Iteration: 168	1556	1798	2235.48	2935
Iteration: 169	1556	1797	2259.08	2892
Iteration: 170	1556	1754	2208.99	2966
Iteration: 171	1556	1730	2215.02	2897
Iteration: 172	1556	1749	2243.88	2929
Iteration: 173	1556	1617	2254.44	3070
Iteration: 174	1556	1719	2180.64	2755
Iteration: 175	1556	1693	2242.19	3056
Iteration: 176	1556	1791	2214.29	2880
Iteration: 177	1556	1603	2212.89	3013
Iteration: 178	1556	1649	2222.3	2746
Iteration: 179	1556	1636	2203.5	2939
Iteration: 180	1556	1731	2209.49	3001
Iteration: 181	1556	1773	2238.62	2946
Iteration: 182	1556	1845	2247.97	2897
Iteration: 183	1556	1771	2248.81	3196
Iteration: 184	1556	1642	2204.09	3122
Iteration: 185	1556	1668	2236.67	3087
Iteration: 186	1556	1785	2246.26	2913
Iteration: 187	1556	1707	2255.28	2953
Iteration: 188	1556	1842	2237.06	3031
Iteration: 189	1556	1718	2253.64	2814
Iteration: 190	1556	1688	2223.66	2944
Iteration: 191	1556	1712	2231.47	2917
Iteration: 192	1556	1780	2255.7	2836
Iteration: 193	1556	1652	2185.24	2841
Iteration: 194	1556	1731	2223.22	2780
Iteration: 195	1556	1728	2228.69	3096
Iteration: 196	1556	1725	2253.21	2780
Iteration: 197	1556	1730	2239.92	2746
Iteration: 198	1556	1679	2227.6	2952
Iteration: 199	1556	1720	2201.14	2741
Iteration: 200	1556	1665	2280.87	2949
Iteration: 201	1556	1769	2174.48	3224
Iteration: 202	1556	1661	2202.94	3075
Iteration: 203	1556	1607	2228.55	3006
Iteration: 204	1556	1727	2204.41	2980
Iteration: 205	1556	1823	2235.42	2993
Iteration: 206	1556	1708	2223.46	3107
Iteration: 207	1556	1757	2238.99	2976
Iteration: 208	1556	1773	2216.97	2870
Iteration: 209	1556	1719	2195.47	2736
Iteration: 210	1556	1734	2209.97	2923
Iteration: 211	1556	1757	2234.51	2904
Iteration: 212	1556	1731	2195.67	2855
Iteration: 213	1556	1746	2244.76	3152
Iteration: 214	1556	1607	2254.3	2913
Iteration: 215	1556	1791	2263.29	3221
Iteration: 216	1556	1766	2245.85	2879
Iteration: 217	1556	1719	2196.36	3002
Iteration: 218	1556	1715	2190.82	2884
Iteration: 219	1556	1660	2204.14	3010
Iteration: 220	1556	1688	2253.01	2987
Iteration: 221	1556	1690	2210.93	2664
Iteration: 222	1556	1664	2223.17	2747
Iteration: 223	1556	1802	2266.95	3190
Iteration: 224	1556	1701	2189.92	2824
Iteration: 225	1556	1736	2181.52	2855
Iteration: 226	1556	1741	2266.5	2941
Iteration: 227	1556	1696	2213.21	2997
Iteration: 228	1556	1624	2248.54	2909
Iteration: 229	1556	1684	2244.15	2791
Iteration: 230	1556	1662	2251.5	2979
Iteration: 231	1556	1565	2241.96	2785
Iteration: 232	1556	1809	2270.33	3077
Iteration: 233	1556	1712	2236.95	3146
Iteration: 234	1556	1694	2202.03	2812
Iteration: 235	1556	1689	2249.95	3034
Iteration: 236	1556	1760	2267.79	2889
Iteration: 237	1556	1762	2262.68	2970
Iteration: 238	1556	1640	2214.62	2865
Iteration: 239	1556	1691	2203.57	3100
Iteration: 240	1556	1821	2197.95	2821
Iteration: 241	1556	1790	2251.99	3037
Iteration: 242	1556	1785	2244.91	2897
Iteration: 243	1556	1786	2280.02	2924
Iteration: 244	1556	1769	2247.18	2981
Iteration: 245	1556	1598	2205.34	2776
Iteration: 246	1556	1805	2249.08	2978
Iteration: 247	1556	1727	2227.08	2932
Iteration: 248	1556	1642	2234.04	3025
Iteration: 249	1556	1602	2206.25	2804
Iteration: 250	1556	1661	2223.34	2911
Iteration: 251	1556	1726	2230.81	2919
Iteration: 252	1556	1758	2180.57	2763
Iteration: 253	1556	1728	2207.45	2728
Iteration: 254	1556	1713	2203.55	2967
Iteration: 255	1556	1738	2200.99	2751
Iteration: 256	1556	1723	2261.46	2825
Iteration: 257	1556	1791	2238.2	2881
Iteration: 258	1556	1715	2236.97	3076
Iteration: 259	1556	1686	2205.13	2772
Iteration: 260	1556	1775	2223.15	2791
Iteration: 261	1556	1718	2218.64	3094
Iteration: 262	1556	1763	2191.85	2737
Iteration: 263	1556	1728	2222.83	3029
Iteration: 264	1556	1710	2206.91	2810
Iteration: 265	1556	1706	2193.17	2824
Iteration: 266	1556	1718	2232.4	2851
Iteration: 267	1556	1802	2273.81	2962
Iteration: 268	1556	1670	2264.18	2899
Iteration: 269	1556	1780	2206.69	2854
Iteration: 270	1556	1673	2184.7	3099
Iteration: 271	1556	1700	2236.58	2988
Iteration: 272	1556	1766	2243.62	2899
Iteration: 273	1556	1745	2224.92	3337
Iteration: 274	1556	1742	2207.32	2942
Iteration: 275	1556	1630	2243.77	2893
Iteration: 276	1556	1758	2207.58	2864
Iteration: 277	1556	1780	2247.07	2876
Iteration: 278	1556	1832	2259.26	3269
Iteration: 279	1556	1782	2235.48	2788
Iteration: 280	1556	1749	2243	3040
Iteration: 281	1556	1772	2261.8	2947
Iteration: 282	1556	1838	2272.57	3311
Iteration: 283	1556	1750	2228.13	2760
Iteration: 284	1556	1697	2186.75	2781
Iteration: 285	1556	1753	2260.59	3086
Iteration: 286	1556	1702	2204.68	3097
Iteration: 287	1517	1517	2268	2963
Iteration: 288	1517	1637	2226.62	2902
Iteration: 289	1517	1668	2251.37	2960
Iteration: 290	1517	1668	2184.62	2823
Iteration: 291	1517	1556	2254.64	3195
Iteration: 292	1517	1715	2231.32	2804
Iteration: 293	1517	1721	2245.2	3036
Iteration: 294	1517	1767	2206.24	2806
Iteration: 295	1517	1796	2202.4	3005
Iteration: 296	1517	1714	2229.94	2982
Iteration: 297	1517	1755	2237.6	3026
Iteration: 298	1517	1711	2166.47	2777
Iteration: 299	1517	1798	2244.86	2897
Iteration: 300	1517	1745	2212.67	2785
Iteration: 301	1517	1764	2259.67	2912
Iteration: 302	1517	1809	2242.17	2976
Iteration: 303	1517	1699	2248.18	2878
Iteration: 304	1517	1636	2240.39	2878
Iteration: 305	1517	1696	2234.01	2964
Iteration: 306	1517	1814	2250.03	2820
Iteration: 307	1517	1766	2212.86	2908
Iteration: 308	1517	1740	2154.71	2876
Iteration: 309	1517	1768	2263.93	2851
Iteration: 310	1517	1719	2212.2	3376
Iteration: 311	1517	1681	2301.62	3188
Iteration: 312	1517	1732	2203.97	2818
Iteration: 313	1517	1712	2257.54	2833
Iteration: 314	1517	1711	2231.81	3056
Iteration: 315	1517	1686	2178.72	2862
Iteration: 316	1517	1837	2205.95	3037
Iteration: 317	1517	1756	2215.31	2986
Iteration: 318	1517	1730	2227.56	2884
Iteration: 319	1517	1643	2197.21	2877
Iteration: 320	1517	1743	2222.9	2807
Iteration: 321	1517	1718	2261.94	3108
Iteration: 322	1517	1701	2223.1	2829
Iteration: 323	1517	1802	2224.14	3002
Iteration: 324	1517	1734	2194.63	2850
Iteration: 325	1517	1660	2238.42	2951
Iteration: 326	1517	1700	2208.39	2894
Iteration: 327	1517	1676	2221.82	3010
Iteration: 328	1517	1654	2200.73	2992
Iteration: 329	1517	1759	2231.84	2978
Iteration: 330	1517	1769	2213.83	3175
Iteration: 331	1517	1667	2213.67	2904
Iteration: 332	1517	1849	2236.1	2794
Iteration: 333	1517	1699	2206.8	2854
Iteration: 334	1517	1683	2270.59	2844
Iteration: 335	1517	1787	2227.89	2777
Iteration: 336	1517	1793	2208.25	2987
Iteration: 337	1517	1726	2256.5	2775
Iteration: 338	1517	1731	2218.66	3194
Iteration: 339	1517	1844	2263.73	3345
Iteration: 340	1517	1753	2199.99	3088
Iteration: 341	1517	1737	2242.23	2913
Iteration: 342	1517	1651	2209.76	3225
Iteration: 343	1517	1678	2240.07	2908
Iteration: 344	1517	1697	2195.39	2933
Iteration: 345	1517	1786	2229.27	2986
Iteration: 346	1517	1750	2181.66	2972
Iteration: 347	1517	1736	2219.1	3131
Iteration: 348	1517	1691	2172.94	2790
Iteration: 349	1517	1647	2241.74	2940
Iteration: 350	1517	1707	2229.9	3047
Iteration: 351	1517	1796	2223.17	3111
Iteration: 352	1517	1695	2222.36	3039
Iteration: 353	1517	1722	2247.12	2974
Iteration: 354	1517	1723	2275.32	3065
Iteration: 355	1517	1715	2212.68	2857
Iteration: 356	1517	1609	2215.97	2799
Iteration: 357	1517	1700	2222.03	3145
Iteration: 358	1517	1788	2229.61	2904
Iteration: 359	1517	1663	2233.5	2909
Iteration: 360	1517	1738	2211.97	2918
Iteration: 361	1517	1781	2268.44	2844
Iteration: 362	1517	1783	2251.02	2879
Iteration: 363	1517	1812	2264.61	2991
Iteration: 364	1517	1831	2267.96	2896
Iteration: 365	1517	1743	2197.23	2895
Iteration: 366	1517	1724	2196.54	2895
Iteration: 367	1517	1774	2264.45	3052
Iteration: 368	1517	1747	2187.51	2824
Iteration: 369	1517	1713	2198.69	2873
Iteration: 370	1517	1748	2234.35	3013
Iteration: 371	1517	1651	2224.9	2669
Iteration: 372	1517	1806	2254.81	2903
Iteration: 373	1517	1713	2228.77	3056
Iteration: 374	1517	1666	2192.05	3034
Iteration: 375	1517	1660	2259.33	2936
Iteration: 376	1517	1679	2217.52	2874
Iteration: 377	1517	1753	2232.44	2967
Iteration: 378	1517	1749	2204.55	2867
Iteration: 379	1517	1794	2244.34	2966
Iteration: 380	1517	1729	2218.19	2858
Iteration: 381	1517	1678	2207.24	2819
Iteration: 382	1517	1750	2246.5	2804
Iteration: 383	1517	1728	2279.11	2914
Iteration: 384	1517	1671	2279.22	2949
Iteration: 385	1517	1743	2257.2	2976
Iteration: 386	1517	1623	2217.35	2940
Iteration: 387	1517	1642	2216.52	2786
Iteration: 388	1517	1710	2216.41	2948
Iteration: 389	1517	1726	2262.31	3331
Iteration: 390	1517	1690	2199	2685
Iteration: 391	1517	1695	2195.55	3019
Iteration: 392	1517	1657	2228.9	2785
Iteration: 393	1517	1718	2256.52	2946
Iteration: 394	1517	1758	2240.07	2883
Iteration: 395	1517	1753	2225.39	2848
Iteration: 396	1517	1679	2216.69	2828
Iteration: 397	1517	1707	2240.56	2925
Iteration: 398	1517	1693	2285.83	3477
Iteration: 399	1517	1721	2230.13	2791
Iteration: 400	1517	1798	2225.82	3042
Iteration: 401	1517	1690	2208.3	2834
Iteration: 402	1517	1800	2192.07	3079
Iteration: 403	1517	1766	2267.46	2994
Iteration: 404	1517	1599	2239.21	3123
Iteration: 405	1517	1752	2227.06	2855
Iteration: 406	1517	1739	2222.73	3176
Iteration: 407	1517	1728	2221.49	2995
Iteration: 408	1517	1684	2227.11	3075
Iteration: 409	1517	1836	2233.03	2879
Iteration: 410	1517	1792	2221.19	3224
Iteration: 411	1517	1749	2190.52	2680
Iteration: 412	1517	1777	2263.49	2810
Iteration: 413	1517	1659	2213.98	2970
Iteration: 414	1517	1650	2224.63	3147
Iteration: 415	1517	1725	2258.08	2911
Iteration: 416	1517	1777	2230.08	3125
Iteration: 417	1517	1764	2259.26	3074
Iteration: 418	1517	1777	2226.94	2872
Iteration: 419	1517	1732	2239.19	3079
Iteration: 420	1517	1684	2215.71	3187
Iteration: 421	1517	1890	2248.95	2876
Iteration: 422	1517	1593	2218.55	2764
Iteration: 423	1517	1794	2225.34	2893
Iteration: 424	1517	1653	2211.21	2961
Iteration: 425	1517	1688	2183.89	2930
Iteration: 426	1517	1795	2217.54	3032
Iteration: 427	1517	1718	2189.63	2880
Iteration: 428	1517	1697	2261.63	2979
Iteration: 429	1517	1605	2243.6	3194
Iteration: 430	1517	1615	2230.93	2969
Iteration: 431	1517	1720	2233.54	3032
Iteration: 432	1517	1708	2189.46	2820
Iteration: 433	1517	1771	2243.52	2921
Iteration: 434	1517	1755	2268.69	3103
Iteration: 435	1517	1691	2207.97	2779
Iteration: 436	1517	1699	2236.32	2996
Iteration: 437	1517	1695	2214.5	3027
Iteration: 438	1517	1791	2187.93	2991
Iteration: 439	1517	1697	2196.55	2877
Iteration: 440	1517	1612	2245.14	2999
Iteration: 441	1517	1645	2205.55	2784
Iteration: 442	1517	1766	2220.53	2983
Iteration: 443	1517	1639	2205.49	2974
Iteration: 444	1517	1746	2187.26	2894
Iteration: 445	1517	1701	2235.14	2914
Iteration: 446	1517	1752	2272.97	2859
Iteration: 447	1517	1774	2241.13	2761
Iteration: 448	1517	1693	2171.77	2904
Iteration: 449	1517	1767	2234.15	3042
Iteration: 450	1517	1798	2247.19	2887
Iteration: 451	1517	1810	2196.82	2935
Iteration: 452	1517	1683	2195.58	2749
Iteration: 453	1517	1632	2258.99	2807
Iteration: 454	1517	1801	2259.39	2775
Iteration: 455	1517	1759	2249.04	2906
Iteration: 456	1517	1781	2214.53	2780
Iteration: 457	1517	1722	2206.73	2984
Iteration: 458	1517	1804	2205.15	2937
Iteration: 459	1517	1734	2199.33	2972
Iteration: 460	1517	1785	2283.7	2814
Iteration: 461	1517	1730	2233.81	3225
Iteration: 462	1517	1662	2237.65	2943
Iteration: 463	1517	1744	2246.69	3085
Iteration: 464	1517	1663	2189.89	2794
Iteration: 465	1517	1722	2250.78	2860
Iteration: 466	1517	1733	2239.06	3139
Iteration: 467	1517	1684	2216.36	3218
Iteration: 468	1517	1719	2217.7	2838
Iteration: 469	1517	1713	2264.13	3073
Iteration: 470	1517	1726	2223.52	2834
Iteration: 471	1517	1715	2230.58	2864
Iteration: 472	1517	1715	2248.4	3006
Iteration: 473	1517	1829	2182.62	2825
Iteration: 474	1517	1704	2216.74	3053
Iteration: 475	1517	1792	2236.95	2921
Iteration: 476	1517	1750	2244.76	2882
Iteration: 477	1517	1691	2248.75	3339
Iteration: 478	1517	1816	2250.45	3061
Iteration: 479	1517	1681	2209.9	3123
Iteration: 480	1517	1794	2281.44	2884
Iteration: 481	1517	1645	2231.78	2755
Iteration: 482	1517	1690	2237.43	3244
Iteration: 483	1517	1620	2183.83	3141
Iteration: 484	1517	1815	2261.83	2760
Iteration: 485	1517	1644	2235.02	2889
Iteration: 486	1517	1698	2210.41	2949
Iteration: 487	1517	1665	2214.63	2847
Iteration: 488	1517	1810	2226.12	2848
Iteration: 489	1517	1707	2243.79	2947
Iteration: 490	1517	1692	2182.53	2698
Iteration: 491	1517	1685	2199.76	3008
Iteration: 492	1517	1673	2194.17	3134
Iteration: 493	1517	1833	2226.74	2880
Iteration: 494	1517	1639	2254.78	2877
Iteration: 495	1517	1732	2204.97	2764
Iteration: 496	1517	1718	2235.67	3087
Iteration: 497	1517	1744	2226.93	2807
Iteration: 498	1517	1685	2227.58	2987
Iteration: 499	1517	1752	2207.9	2825
