Iteration: 0	1528	1528	1944.28	2490
Iteration: 1	1528	1638	1935.4	2621
Iteration: 2	1528	1577	1976.86	2531
Iteration: 3	1528	1593	2099.64	2688
Iteration: 4	1528	1668	2099.58	2787
Iteration: 5	1528	1631	2089.46	2922
Iteration: 6	1528	1596	2035.34	2654
Iteration: 7	1528	1704	2049.91	2966
Iteration: 8	1528	1614	1999.73	2735
Iteration: 9	1488	1488	2014.72	2625
Iteration: 10	1488	1655	1964.83	2425
Iteration: 11	1488	1639	2010.2	2446
Iteration: 12	1488	1674	1986.5	2607
Iteration: 13	1488	1591	1948.95	2883
Iteration: 14	1488	1579	1966.89	2519
Iteration: 15	1488	1641	2012.29	2599
Iteration: 16	1488	1611	1952.61	2693
Iteration: 17	1488	1541	1972.46	2588
Iteration: 18	1488	1571	1980.1	2596
Iteration: 19	1488	1618	1940.19	2623
Iteration: 20	1488	1583	1966.73	2641
Iteration: 21	1488	1581	1981.18	2791
Iteration: 22	1488	1578	1981.35	2847
Iteration: 23	1488	1536	1976.65	2498
Iteration: 24	1488	1534	1968.73	2783
Iteration: 25	1488	1583	1969.25	3014
Iteration: 26	1488	1509	2013.37	2682
Iteration: 27	1488	1597	2012.57	2604
Iteration: 28	1488	1603	1969.71	2695
Iteration: 29	1488	1595	1947.3	2551
Iteration: 30	1488	1583	1976.74	2713
Iteration: 31	1488	1660	1983.98	2620
Iteration: 32	1488	1504	1976.19	2424
Iteration: 33	1488	1659	1987.72	2489
Iteration: 34	1488	1669	1982.01	2491
Iteration: 35	1487	1487	1979.61	2690
Iteration: 36	1487	1611	1992.23	2863
Iteration: 37	1487	1572	2006.72	2604
Iteration: 38	1487	1584	1962.68	2653
Iteration: 39	1487	1574	1947.01	2344
Iteration: 40	1487	1615	1958.14	2719
Iteration: 41	1487	1639	1991.96	2587
Iteration: 42	1487	1561	1970.5	2737
Iteration: 43	1487	1631	1956.09	2478
Iteration: 44	1467	1467	1987.6	2659
Iteration: 45	1467	1605	1976.05	2600
Iteration: 46	1467	1549	1957.62	2677
Iteration: 47	1467	1631	1924.62	2643
Iteration: 48	1467	1568	1992.51	2636
Iteration: 49	1467	1605	2001.6	2582
Iteration: 50	1467	1494	1944.76	2576
Iteration: 51	1467	1629	1964.48	2525
Iteration: 52	1467	1574	2002.15	2675
Iteration: 53	1467	1619	1993.28	2943
Iteration: 54	1467	1587	1959.18	2609
Iteration: 55	1467	1607	1967.17	2512
Iteration: 56	1467	1577	1996.19	2477
Iteration: 57	1467	1602	1971.22	2705
Iteration: 58	1467	1555	1955.3	2566
Iteration: 59	1467	1568	1986.19	2679
Iteration: 60	1467	1591	1975.61	2444
Iteration: 61	1467	1578	1949.72	2437
Iteration: 62	1467	1594	1968.75	2509
Iteration: 63	1467	1544	1978.32	2945
Iteration: 64	1467	1516	1964.31	2448
Iteration: 65	1467	1588	1975.94	2424
Iteration: 66	1467	1631	1969.41	2843
Iteration: 67	1467	1587	1999.79	2696
Iteration: 68	1467	1565	1979.02	2558
Iteration: 69	1467	1630	2009.23	2501
Iteration: 70	1467	1519	1939	2490
Iteration: 71	1467	1561	1963.68	2673
Iteration: 72	1467	1578	1955.48	2403
Iteration: 73	1467	1560	1989.6	3017
Iteration: 74	1467	1590	1963.05	3124
Iteration: 75	1467	1580	1969.71	2744
Iteration: 76	1467	1621	1971.5	2634
Iteration: 77	1467	1652	1974.05	2643
Iteration: 78	1467	1621	2001.05	2762
Iteration: 79	1467	1618	1939.34	2451
Iteration: 80	1467	1615	1956.64	2505
Iteration: 81	1467	1613	1984.65	2702
Iteration: 82	1467	1576	1989.64	2659
Iteration: 83	1467	1554	1990.69	3139
Iteration: 84	1467	1580	1957.47	2469
Iteration: 85	1467	1598	1943.39	2493
Iteration: 86	1467	1584	1936.69	2435
Iteration: 87	1467	1608	1944.31	2613
Iteration: 88	1467	1537	1910.89	2575
Iteration: 89	1467	1629	1961.74	2525
Iteration: 90	1467	1553	1947.1	2764
Iteration: 91	1467	1554	1969.86	2636
Iteration: 92	1467	1517	1980.61	2841
Iteration: 93	1467	1651	1962.52	2552
Iteration: 94	1467	1634	1982.95	2559
Iteration: 95	1467	1540	2001.81	2641
Iteration: 96	1467	1570	1924.69	2564
Iteration: 97	1467	1620	1956.06	2396
Iteration: 98	1467	1559	1955.58	2802
Iteration: 99	1467	1572	1981.38	2684
Iteration: 100	1467	1589	1959.11	2497
Iteration: 101	1467	1513	1959.89	2521
Iteration: 102	1467	1570	1969.26	2590
Iteration: 103	1467	1596	1951.61	2581
Iteration: 104	1467	1573	1980.39	2548
Iteration: 105	1467	1590	1952.6	2403
Iteration: 106	1467	1556	1982.36	2545
Iteration: 107	1467	1634	1996.88	2758
Iteration: 108	1467	1579	1931.55	2466
Iteration: 109	1467	1585	2003.68	2575
Iteration: 110	1467	1575	1965.21	2553
Iteration: 111	1467	1599	1990.23	2896
Iteration: 112	1467	1537	1955.65	2511
Iteration: 113	1467	1602	1985.65	2838
Iteration: 114	1467	1609	1937.08	2415
Iteration: 115	1467	1604	1959.98	2601
Iteration: 116	1467	1562	1955.17	2717
Iteration: 117	1467	1527	1964.95	2526
Iteration: 118	1467	1503	1973.4	2683
Iteration: 119	1467	1568	1944.95	2494
Iteration: 120	1467	1504	1974.98	2568
Iteration: 121	1467	1481	1950.85	2714
Iteration: 122	1467	1614	2001.55	2733
Iteration: 123	1467	1558	1989.44	2768
Iteration: 124	1467	1573	1956	2732
Iteration: 125	1467	1548	1990.61	2558
Iteration: 126	1467	1606	1956.72	2754
Iteration: 127	1467	1626	1972.69	2621
Iteration: 128	1467	1606	1985.32	2535
Iteration: 129	1467	1616	1996.06	2597
Iteration: 130	1467	1583	1961.95	2531
Iteration: 131	1467	1520	1973.34	2518
Iteration: 132	1467	1609	2017.85	3066
Iteration: 133	1467	1623	1992.08	2870
Iteration: 134	1467	1592	1942.37	2477
Iteration: 135	1467	1599	1971.92	2595
Iteration: 136	1467	1608	2023.52	2633
Iteration: 137	1467	1550	1956.28	2494
Iteration: 138	1467	1605	1976.21	2727
Iteration: 139	1467	1577	1988.92	2588
Iteration: 140	1467	1660	1956.97	2571
Iteration: 141	1467	1617	1946.58	2670
Iteration: 142	1467	1572	1934.4	2538
Iteration: 143	1467	1572	1976.88	2542
Iteration: 144	1467	1563	1950.8	2484
Iteration: 145	1467	1586	1960	2626
Iteration: 146	1467	1580	1984.73	2947
Iteration: 147	1467	1652	1949.98	2588
Iteration: 148	1467	1642	1950.61	2633
Iteration: 149	1467	1509	1937.73	2436
Iteration: 150	1467	1522	1963.45	2499
Iteration: 151	1467	1588	1975.95	2467
Iteration: 152	1467	1569	1988.19	2754
Iteration: 153	1467	1551	1986.39	2701
Iteration: 154	1467	1617	1982.14	2633
Iteration: 155	1467	1629	1976.77	2613
Iteration: 156	1467	1538	1982.08	2873
Iteration: 157	1467	1630	1963.93	2441
Iteration: 158	1467	1600	1950.79	2456
Iteration: 159	1467	1559	1954.58	2548
Iteration: 160	1467	1559	1968.79	2839
Iteration: 161	1467	1614	1943.54	2585
Iteration: 162	1467	1570	1965.83	2561
Iteration: 163	1467	1555	1946.17	2738
Iteration: 164	1467	1538	1935.5	2447
Iteration: 165	1467	1523	1955.83	2459
Iteration: 166	1467	1576	1956.81	2506
Iteration: 167	1467	1604	1972.22	2917
Iteration: 168	1467	1566	1959.74	2578
Iteration: 169	1467	1569	2011.31	2730
Iteration: 170	1467	1571	1982.87	2468
Iteration: 171	1467	1645	1994.87	2695
Iteration: 172	1467	1560	1987.25	2477
Iteration: 173	1467	1620	1973.41	2652
Iteration: 174	1467	1602	1921.84	2442
Iteration: 175	1467	1641	1953.69	2597
Iteration: 176	1467	1655	2029.36	2464
Iteration: 177	1467	1552	1976.35	2634
Iteration: 178	1467	1577	1987.43	2532
Iteration: 179	1467	1576	1961.99	2521
Iteration: 180	1467	1562	1977.91	2414
Iteration: 181	1467	1574	1981.33	2843
Iteration: 182	1467	1643	1944.06	2607
Iteration: 183	1467	1552	1949.07	2550
Iteration: 184	1467	1575	1982.28	2516
Iteration: 185	1467	1625	1959.89	2604
Iteration: 186	1467	1600	1960.09	2619
Iteration: 187	1467	1511	1950.64	2629
Iteration: 188	1467	1630	1993.17	2706
Iteration: 189	1467	1598	1950.76	2486
Iteration: 190	1467	1583	1950.64	2536
Iteration: 191	1467	1609	1997.3	2689
Iteration: 192	1467	1596	1924.48	2526
Iteration: 193	1467	1597	1992.37	2747
Iteration: 194	1467	1527	1984.66	2633
Iteration: 195	1467	1558	1995.52	2638
Iteration: 196	1467	1646	1960.66	2772
Iteration: 197	1467	1553	1974.22	2744
Iteration: 198	1467	1605	1971.04	2610
Iteration: 199	1467	1656	1996.97	2719
Iteration: 200	1467	1574	1970.26	2879
Iteration: 201	1467	1583	1962.07	2560
Iteration: 202	1467	1548	1951.6	2501
Iteration: 203	1467	1612	1964.91	2910
Iteration: 204	1467	1533	1956.73	2461
Iteration: 205	1467	1600	1982.34	2723
Iteration: 206	1467	1578	1980.56	2577
Iteration: 207	1467	1612	1944.03	2432
Iteration: 208	1467	1586	1933.99	2394
Iteration: 209	1467	1567	1966.5	2669
Iteration: 210	1467	1600	1949.88	2781
Iteration: 211	1467	1553	2003.84	2633
Iteration: 212	1467	1545	1961.82	2570
Iteration: 213	1467	1637	1970.19	2736
Iteration: 214	1467	1574	1955.12	2781
Iteration: 215	1467	1568	1940.99	2420
Iteration: 216	1467	1554	1965.81	2419
Iteration: 217	1467	1515	1967.6	2824
Iteration: 218	1467	1559	1969.79	2574
Iteration: 219	1467	1563	1999.38	2931
Iteration: 220	1467	1582	1981.24	2543
Iteration: 221	1467	1581	1965.09	2781
Iteration: 222	1467	1606	2000	2787
Iteration: 223	1467	1642	1993.36	2659
Iteration: 224	1467	1627	1973.55	2514
Iteration: 225	1467	1546	1988.48	2645
Iteration: 226	1467	1616	1975.32	2476
Iteration: 227	1467	1523	1979.9	2623
Iteration: 228	1467	1590	1958.94	2691
Iteration: 229	1467	1620	1957.09	2492
Iteration: 230	1467	1569	1984.87	2797
Iteration: 231	1467	1584	1965.88	2660
Iteration: 232	1467	1551	1950.2	2462
Iteration: 233	1467	1515	1973.98	2633
Iteration: 234	1467	1576	1962.47	2873
Iteration: 235	1467	1513	1979.88	2538
Iteration: 236	1467	1660	1963.43	2699
Iteration: 237	1467	1501	1942.26	2718
Iteration: 238	1467	1631	1988.35	2811
Iteration: 239	1467	1626	1974.98	3017
Iteration: 240	1467	1595	1968.49	2615
Iteration: 241	1467	1652	1996.43	2827
Iteration: 242	1467	1629	1965.04	2516
Iteration: 243	1467	1621	1944.23	2472
Iteration: 244	1467	1599	1948.84	2592
Iteration: 245	1467	1657	1979.03	2708
Iteration: 246	1467	1623	1962.95	2453
Iteration: 247	1467	1574	1956.84	2715
Iteration: 248	1467	1592	1962.33	2569
Iteration: 249	1467	1581	1948.24	2627
Iteration: 250	1467	1593	1963.26	2856
Iteration: 251	1467	1576	1949.01	2715
Iteration: 252	1467	1676	1961.81	2687
Iteration: 253	1467	1633	2021.1	2794
Iteration: 254	1467	1620	1952.23	2771
Iteration: 255	1467	1601	1967.15	2760
Iteration: 256	1467	1610	1945.78	2428
Iteration: 257	1467	1620	1947.22	2595
Iteration: 258	1467	1616	1989.95	2623
Iteration: 259	1467	1525	1924.95	2561
Iteration: 260	1467	1583	1932.9	2450
Iteration: 261	1467	1610	1968.89	2735
Iteration: 262	1467	1628	1965.88	2673
Iteration: 263	1467	1587	1971.84	2710
Iteration: 264	1467	1531	1956	2864
Iteration: 265	1467	1536	1998.33	2912
Iteration: 266	1467	1493	1976.89	2708
Iteration: 267	1467	1634	1980.04	2791
Iteration: 268	1467	1588	2002.94	3127
Iteration: 269	1467	1640	2017.61	2744
Iteration: 270	1467	1493	1992.64	2672
Iteration: 271	1467	1541	1957.15	2890
Iteration: 272	1467	1536	1982.83	2555
Iteration: 273	1467	1538	1941.25	2399
Iteration: 274	1467	1673	1961.01	2693
Iteration: 275	1467	1585	1953.21	2379
Iteration: 276	1467	1649	2017.72	2844
Iteration: 277	1467	1609	1961.19	2661
Iteration: 278	1467	1597	1937.03	2549
Iteration: 279	1467	1583	1928.79	2541
Iteration: 280	1467	1552	1973.48	2651
Iteration: 281	1467	1670	1938.45	2572
Iteration: 282	1467	1542	1974.1	2693
Iteration: 283	1467	1584	1980.58	2810
Iteration: 284	1467	1529	1981.68	2625
Iteration: 285	1467	1552	1933.97	2659
Iteration: 286	1467	1526	1966.78	2763
Iteration: 287	1467	1662	1963.31	2525
Iteration: 288	1467	1574	1973.19	2637
Iteration: 289	1467	1610	1933.81	2609
Iteration: 290	1467	1605	2025.14	2696
Iteration: 291	1467	1626	1971.85	2610
Iteration: 292	1467	1596	1944.21	2484
Iteration: 293	1467	1561	1971.92	2479
Iteration: 294	1467	1572	1972.77	2875
Iteration: 295	1457	1457	1938	2601
Iteration: 296	1457	1463	1919.63	2652
Iteration: 297	1457	1615	1968.58	2737
Iteration: 298	1457	1523	1943.74	2575
Iteration: 299	1457	1606	1970.1	2405
Iteration: 300	1457	1513	1949.59	2491
Iteration: 301	1457	1624	1930.03	2630
Iteration: 302	1457	1528	1953.46	2609
Iteration: 303	1457	1593	1947.74	2818
Iteration: 304	1457	1640	2006.21	2658
Iteration: 305	1453	1453	1956.16	2624
Iteration: 306	1453	1459	1942.21	2573
Iteration: 307	1453	1554	1984.48	2589
Iteration: 308	1453	1592	1963.86	2619
Iteration: 309	1453	1649	1966.66	2568
Iteration: 310	1453	1578	1957.74	2507
Iteration: 311	1453	1616	1946.06	2419
Iteration: 312	1453	1555	1947.87	2495
Iteration: 313	1453	1541	1992.56	2795
Iteration: 314	1453	1585	2019.45	2954
Iteration: 315	1453	1526	1970.72	2785
Iteration: 316	1453	1597	1990.74	2809
Iteration: 317	1453	1623	1967.15	2575
Iteration: 318	1453	1607	1992.42	2998
Iteration: 319	1453	1602	1977.38	2616
Iteration: 320	1453	1600	1934.73	2599
Iteration: 321	1453	1635	1971.56	2519
Iteration: 322	1453	1601	1985.92	2686
Iteration: 323	1453	1602	1986.88	2658
Iteration: 324	1453	1612	1998.2	2781
Iteration: 325	1453	1592	1987.26	2609
Iteration: 326	1453	1578	1964.67	2529
Iteration: 327	1453	1563	1970.34	2609
Iteration: 328	1453	1520	1932.48	2666
Iteration: 329	1453	1649	1975.35	2719
Iteration: 330	1453	1549	1998.89	2755
Iteration: 331	1453	1579	1958.54	2543
Iteration: 332	1453	1617	2014.27	2808
Iteration: 333	1453	1636	1987.78	2634
Iteration: 334	1453	1577	1997.32	2635
Iteration: 335	1453	1555	1974.09	2667
Iteration: 336	1453	1625	1974.49	2662
Iteration: 337	1453	1557	2021.01	2560
Iteration: 338	1453	1574	1968.03	2528
Iteration: 339	1453	1604	1940.92	2576
Iteration: 340	1453	1540	2002.02	2627
Iteration: 341	1453	1637	1960.77	2482
Iteration: 342	1453	1606	1983.7	2513
Iteration: 343	1453	1601	1967.63	2534
Iteration: 344	1453	1655	1969.6	2450
Iteration: 345	1453	1560	1970.92	2488
Iteration: 346	1453	1561	1937.46	2908
Iteration: 347	1453	1602	1967.07	2585
Iteration: 348	1453	1593	1969.05	2771
Iteration: 349	1453	1555	1943.09	2546
Iteration: 350	1453	1559	1979.18	2935
Iteration: 351	1453	1588	2007.52	2541
Iteration: 352	1453	1677	1978.28	2609
Iteration: 353	1453	1610	1950.88	2394
Iteration: 354	1453	1589	1968.26	2454
Iteration: 355	1453	1558	2006.27	2717
Iteration: 356	1453	1629	1972.88	3014
Iteration: 357	1453	1635	1969.79	2887
Iteration: 358	1453	1592	1968.5	2475
Iteration: 359	1453	1554	1913.2	2430
Iteration: 360	1453	1564	1968.76	2495
Iteration: 361	1453	1607	1970.98	2860
Iteration: 362	1453	1574	1947.03	2547
Iteration: 363	1453	1539	1989.4	2635
Iteration: 364	1453	1581	1930.86	2470
Iteration: 365	1453	1557	1978.63	2470
Iteration: 366	1453	1654	2003.31	2676
Iteration: 367	1453	1575	1941.91	2599
Iteration: 368	1453	1554	1958.1	3067
Iteration: 369	1453	1622	1952.53	2575
Iteration: 370	1453	1657	1995.65	2696
Iteration: 371	1453	1560	1932.81	2532
Iteration: 372	1453	1600	1960.27	2942
Iteration: 373	1453	1609	1985.58	2552
Iteration: 374	1453	1639	1966.26	2666
Iteration: 375	1453	1518	1948.3	2482
Iteration: 376	1453	1564	1965.96	2920
Iteration: 377	1453	1570	1972.72	2421
Iteration: 378	1453	1589	1955.57	3000
Iteration: 379	1453	1613	1978.57	2699
Iteration: 380	1453	1652	1968.85	2849
Iteration: 381	1453	1617	2003.23	2714
Iteration: 382	1453	1614	1958.56	2555
Iteration: 383	1453	1542	1983.75	2584
Iteration: 384	1453	1606	1957.72	2815
Iteration: 385	1453	1559	1952.94	2387
Iteration: 386	1453	1547	1974.73	2767
Iteration: 387	1453	1611	1981.46	2640
Iteration: 388	1453	1496	1975.11	2637
Iteration: 389	1453	1652	1997.64	2767
Iteration: 390	1453	1557	1937.17	2404
Iteration: 391	1453	1535	2010.93	3100
Iteration: 392	1453	1572	1968.8	2713
Iteration: 393	1453	1585	1976.93	2603
Iteration: 394	1453	1615	1997.36	2707
Iteration: 395	1453	1496	1968.58	2597
Iteration: 396	1453	1571	1958.53	2682
Iteration: 397	1453	1577	1956.09	2961
Iteration: 398	1453	1539	2021.36	2867
Iteration: 399	1453	1547	1984.16	2863
Iteration: 400	1453	1628	1972.36	2540
Iteration: 401	1453	1630	1968.21	2522
Iteration: 402	1453	1640	1993.82	2828
Iteration: 403	1453	1549	1941.56	2451
Iteration: 404	1453	1567	1932.75	2492
Iteration: 405	1453	1590	1983.66	2688
Iteration: 406	1453	1591	1956.91	2562
Iteration: 407	1453	1517	1937.84	2430
Iteration: 408	1453	1605	1985.7	2626
Iteration: 409	1453	1526	1967.77	2870
Iteration: 410	1453	1563	1940.74	2687
Iteration: 411	1453	1576	1979.47	2494
Iteration: 412	1453	1573	1947.77	2555
Iteration: 413	1453	1616	1975.53	2577
Iteration: 414	1453	1528	1958.86	2502
Iteration: 415	1453	1607	1986.42	2892
Iteration: 416	1453	1658	1984.08	2777
Iteration: 417	1453	1509	1936.37	2496
Iteration: 418	1453	1608	1947.19	2637
Iteration: 419	1453	1534	1931.43	2376
Iteration: 420	1453	1558	1949.37	2665
Iteration: 421	1453	1603	1972.84	2706
Iteration: 422	1453	1546	1966.71	2918
Iteration: 423	1453	1573	1984.52	2810
Iteration: 424	1453	1632	1952.41	2466
Iteration: 425	1453	1501	1935.7	2551
Iteration: 426	1453	1558	1959.45	2728
Iteration: 427	1453	1554	1985.67	2532
Iteration: 428	1453	1546	1970.63	2761
Iteration: 429	1453	1592	1982.08	2723
Iteration: 430	1453	1574	1958.52	2504
Iteration: 431	1453	1603	1966.42	2836
Iteration: 432	1453	1507	1969.58	2651
Iteration: 433	1453	1562	1970.91	2780
Iteration: 434	1453	1587	1981.96	2801
Iteration: 435	1453	1619	1990.93	2640
Iteration: 436	1453	1641	1965.48	2523
Iteration: 437	1453	1622	1994.68	2538
Iteration: 438	1453	1528	2005.69	2671
Iteration: 439	1453	1480	1960.68	2577
Iteration: 440	1453	1597	1955.73	2443
Iteration: 441	1453	1508	1988.04	2809
Iteration: 442	1453	1574	1976.72	2763
Iteration: 443	1453	1638	1959.74	2606
Iteration: 444	1453	1595	1963.11	2638
Iteration: 445	1453	1560	1974.7	2710
Iteration: 446	1453	1624	1958.16	2514
Iteration: 447	1453	1665	1961.19	2579
Iteration: 448	1453	1627	1938.97	2446
Iteration: 449	1453	1556	1945.69	2483
Iteration: 450	1453	1616	1974.95	2578
Iteration: 451	1453	1604	1997.22	2428
Iteration: 452	1453	1608	1945.18	2411
Iteration: 453	1453	1573	1963.95	2620
Iteration: 454	1453	1595	1995.73	2785
Iteration: 455	1453	1520	1969.25	2578
Iteration: 456	1453	1511	1963.52	2795
Iteration: 457	1453	1546	1941.09	2462
Iteration: 458	1453	1490	1953.44	2528
Iteration: 459	1453	1617	1982.3	2497
Iteration: 460	1453	1592	1971.09	2378
Iteration: 461	1453	1591	1965.63	2597
Iteration: 462	1453	1637	1983.05	2970
Iteration: 463	1453	1487	1973.48	2552
Iteration: 464	1453	1630	1976.49	2799
Iteration: 465	1453	1561	1963.88	2606
Iteration: 466	1453	1654	1960.99	2516
Iteration: 467	1453	1539	1937.87	2900
Iteration: 468	1453	1611	1982.22	2648
Iteration: 469	1453	1487	1968.62	3113
Iteration: 470	1453	1566	1979.33	2552
Iteration: 471	1453	1638	1984.14	2417
Iteration: 472	1453	1549	1936.17	2398
Iteration: 473	1453	1548	1948.5	2748
Iteration: 474	1453	1593	1984.33	2596
Iteration: 475	1453	1604	2012.34	2746
Iteration: 476	1453	1529	1967.13	2549
Iteration: 477	1453	1607	2017.81	2645
Iteration: 478	1453	1605	1972.21	2900
Iteration: 479	1453	1592	1968.51	2679
Iteration: 480	1453	1596	1937.85	2567
Iteration: 481	1453	1617	1915.22	2441
Iteration: 482	1453	1574	1956.1	2791
Iteration: 483	1453	1575	1960.59	2646
Iteration: 484	1453	1545	1958.45	2613
Iteration: 485	1453	1558	1930.77	2479
Iteration: 486	1453	1587	1988.31	2637
Iteration: 487	1453	1639	1962.92	2667
Iteration: 488	1453	1536	1979.62	3003
Iteration: 489	1453	1644	1987.24	2752
Iteration: 490	1453	1550	1943.5	2497
Iteration: 491	1453	1598	1988.95	2531
Iteration: 492	1453	1605	1957.7	2727
Iteration: 493	1453	1579	1970.72	2569
Iteration: 494	1453	1590	1957.19	2601
Iteration: 495	1453	1584	1949.15	2795
Iteration: 496	1453	1562	1980.25	2643
Iteration: 497	1453	1629	1949.92	2646
Iteration: 498	1453	1651	2025.68	2679
Iteration: 499	1453	1482	1943.03	2722
