Iteration: 0	1568	1568	1917.31	2559
Iteration: 1	1568	1624	1928.6	2646
Iteration: 2	1568	1575	1995.99	2484
Iteration: 3	1568	1660	2108.95	2883
Iteration: 4	1568	1698	2067.42	2698
Iteration: 5	1568	1666	2064.78	2987
Iteration: 6	1547	1547	2051.22	2741
Iteration: 7	1547	1655	1983.13	2640
Iteration: 8	1547	1652	1991.05	2634
Iteration: 9	1547	1599	1988.69	2598
Iteration: 10	1455	1455	2026.39	2947
Iteration: 11	1455	1567	1963.45	2491
Iteration: 12	1455	1521	2009.07	2798
Iteration: 13	1455	1544	1965.25	2790
Iteration: 14	1455	1604	1952.09	2658
Iteration: 15	1455	1569	1964.11	2689
Iteration: 16	1455	1570	1962.38	2588
Iteration: 17	1455	1582	1996.79	2662
Iteration: 18	1455	1614	1964.19	2488
Iteration: 19	1455	1579	1959.7	2587
Iteration: 20	1455	1570	1965.15	2589
Iteration: 21	1455	1647	1983.92	2689
Iteration: 22	1455	1570	1950.61	2441
Iteration: 23	1455	1561	1969.03	2682
Iteration: 24	1455	1592	1953.72	2604
Iteration: 25	1455	1637	1983.03	2625
Iteration: 26	1455	1630	1990.31	2590
Iteration: 27	1455	1502	1981.86	2636
Iteration: 28	1453	1453	1953.41	2620
Iteration: 29	1453	1602	2039.83	2679
Iteration: 30	1453	1565	1956.29	2593
Iteration: 31	1453	1554	1965.95	2637
Iteration: 32	1453	1572	1986.78	2835
Iteration: 33	1453	1600	1958.53	2402
Iteration: 34	1453	1596	1984.34	2630
Iteration: 35	1453	1580	1980.15	2672
Iteration: 36	1453	1588	1961.29	2400
Iteration: 37	1453	1596	1999.62	2692
Iteration: 38	1453	1602	1942.81	2835
Iteration: 39	1453	1563	1955.39	2486
Iteration: 40	1453	1612	1955.63	2502
Iteration: 41	1453	1617	1948.95	2528
Iteration: 42	1453	1603	1950.61	2478
Iteration: 43	1453	1500	1947.7	2937
Iteration: 44	1453	1563	1980.69	2509
Iteration: 45	1453	1591	2005.19	2663
Iteration: 46	1453	1604	1978.12	2646
Iteration: 47	1453	1506	1961.36	2448
Iteration: 48	1453	1598	1984.49	2839
Iteration: 49	1453	1652	1984.35	2660
Iteration: 50	1453	1589	1935.45	2490
Iteration: 51	1453	1626	1930.1	2346
Iteration: 52	1453	1622	1952.05	2450
Iteration: 53	1453	1616	1948.12	2494
Iteration: 54	1453	1618	1956.97	2436
Iteration: 55	1453	1681	1999.22	2501
Iteration: 56	1453	1571	1975.09	2388
Iteration: 57	1453	1627	1968.61	2989
Iteration: 58	1453	1603	1991.21	2757
Iteration: 59	1453	1614	1962.91	2893
Iteration: 60	1453	1542	1958.93	2738
Iteration: 61	1453	1573	1959.6	2417
Iteration: 62	1453	1630	1988.48	2641
Iteration: 63	1453	1615	1971.47	2435
Iteration: 64	1453	1534	1932.83	2339
Iteration: 65	1453	1605	1976.06	2747
Iteration: 66	1453	1531	1948.14	2603
Iteration: 67	1453	1517	1966.43	2619
Iteration: 68	1453	1556	1955.76	2872
Iteration: 69	1453	1568	1967.28	2589
Iteration: 70	1453	1575	1946.29	2438
Iteration: 71	1453	1549	1986.51	2679
Iteration: 72	1453	1560	1974.33	2658
Iteration: 73	1453	1563	1976.51	2626
Iteration: 74	1453	1606	1961.03	2668
Iteration: 75	1453	1635	1971.88	2706
Iteration: 76	1453	1615	1949.84	2493
Iteration: 77	1453	1662	1955.55	2550
Iteration: 78	1453	1587	1950.51	2641
Iteration: 79	1453	1619	1966.34	2609
Iteration: 80	1453	1540	2006.03	3427
Iteration: 81	1453	1593	1958.36	2472
Iteration: 82	1453	1594	1942.68	2425
Iteration: 83	1453	1568	1951.53	2570
Iteration: 84	1453	1593	1991.55	2721
Iteration: 85	1453	1604	1965.62	2472
Iteration: 86	1453	1497	1956.01	2629
Iteration: 87	1453	1560	1960.19	2516
Iteration: 88	1453	1621	1996.93	2735
Iteration: 89	1453	1579	1987.29	2644
Iteration: 90	1453	1640	1983.34	2765
Iteration: 91	1453	1559	1967.22	2478
Iteration: 92	1453	1547	1988.92	2417
Iteration: 93	1453	1571	1983.13	2700
Iteration: 94	1453	1545	1944.41	2754
Iteration: 95	1453	1567	1951.41	2588
Iteration: 96	1453	1631	1971.94	2705
Iteration: 97	1453	1538	1942.3	2624
Iteration: 98	1453	1562	2005.03	2538
Iteration: 99	1453	1549	1965.37	2424
Iteration: 100	1453	1583	1948.68	2556
Iteration: 101	1453	1607	1985.17	2704
Iteration: 102	1453	1612	1961.44	2672
Iteration: 103	1453	1643	1950.93	2525
Iteration: 104	1453	1531	1930.92	2753
Iteration: 105	1453	1507	1944.68	2718
Iteration: 106	1453	1505	1968.35	2410
Iteration: 107	1453	1555	2009.42	2581
Iteration: 108	1453	1558	1933.31	2526
Iteration: 109	1453	1553	1970.7	2406
Iteration: 110	1453	1570	1971.54	2825
Iteration: 111	1453	1479	1969.47	2704
Iteration: 112	1453	1654	1959.44	2463
Iteration: 113	1453	1554	1975.48	3197
Iteration: 114	1453	1580	1927.92	2843
Iteration: 115	1453	1605	1931.33	2959
Iteration: 116	1453	1582	1970.62	2528
Iteration: 117	1453	1558	2017.47	2692
Iteration: 118	1453	1572	1955.79	2557
Iteration: 119	1453	1546	1946.09	2478
Iteration: 120	1453	1666	2014.73	2834
Iteration: 121	1453	1632	1976.96	2659
Iteration: 122	1453	1614	1959.35	2701
Iteration: 123	1453	1674	1979.06	2461
Iteration: 124	1453	1551	1984.15	2749
Iteration: 125	1453	1579	1948.05	2569
Iteration: 126	1453	1566	1952.86	2611
Iteration: 127	1453	1603	1973.92	2849
Iteration: 128	1453	1547	1949.93	2451
Iteration: 129	1453	1566	1950.95	2509
Iteration: 130	1453	1600	2015.97	2831
Iteration: 131	1453	1566	1957.96	2527
Iteration: 132	1453	1548	1998.73	2786
Iteration: 133	1453	1609	1989.35	2785
Iteration: 134	1453	1611	1973.16	2574
Iteration: 135	1453	1621	1988	2642
Iteration: 136	1453	1490	1984.14	2626
Iteration: 137	1453	1509	2000.29	2681
Iteration: 138	1453	1562	1974.67	2565
Iteration: 139	1453	1528	1964.43	2910
Iteration: 140	1453	1534	1962.99	2696
Iteration: 141	1453	1564	1956.16	2515
Iteration: 142	1453	1635	1972.73	2479
Iteration: 143	1453	1555	1964.67	2522
Iteration: 144	1453	1548	1959.85	2466
Iteration: 145	1453	1550	1977.75	2666
Iteration: 146	1453	1555	1964.41	2657
Iteration: 147	1453	1545	1963.91	2543
Iteration: 148	1453	1610	1967.7	2509
Iteration: 149	1453	1637	2002.52	2593
Iteration: 150	1453	1616	1925.61	2575
Iteration: 151	1453	1587	1940.92	2721
Iteration: 152	1453	1558	1959	2503
Iteration: 153	1453	1547	1964.49	2652
Iteration: 154	1453	1583	1939.88	2559
Iteration: 155	1453	1581	1934.4	2546
Iteration: 156	1453	1654	1968.19	2466
Iteration: 157	1453	1530	1984.15	2931
Iteration: 158	1453	1550	2039.61	3104
Iteration: 159	1453	1604	1946.59	2603
Iteration: 160	1453	1598	1989.51	2614
Iteration: 161	1453	1573	1962.94	2568
Iteration: 162	1453	1607	1990.07	2395
Iteration: 163	1453	1475	1972.63	2694
Iteration: 164	1453	1636	1992.22	2668
Iteration: 165	1453	1529	1957.79	2433
Iteration: 166	1453	1611	1988.04	2828
Iteration: 167	1453	1602	1944.23	2698
Iteration: 168	1453	1561	1930.09	2760
Iteration: 169	1453	1587	1939.21	2935
Iteration: 170	1453	1628	1988.48	2511
Iteration: 171	1453	1560	1971.45	2401
Iteration: 172	1453	1553	1957.11	2528
Iteration: 173	1453	1646	1988.87	2780
Iteration: 174	1453	1641	1970.84	2601
Iteration: 175	1453	1587	1951.4	2659
Iteration: 176	1453	1525	1943.31	2427
Iteration: 177	1453	1545	1989.06	2593
Iteration: 178	1453	1606	1987.34	2665
Iteration: 179	1453	1532	2001.4	2648
Iteration: 180	1453	1627	1971.9	2546
Iteration: 181	1453	1567	1972.82	2603
Iteration: 182	1453	1652	1999.7	2502
Iteration: 183	1453	1563	1979.9	2752
Iteration: 184	1453	1521	1962.76	2556
Iteration: 185	1453	1557	1962.41	2777
Iteration: 186	1453	1631	1939.52	2397
Iteration: 187	1453	1556	2009.32	2534
Iteration: 188	1453	1566	1941.66	2322
Iteration: 189	1453	1556	1988.64	2713
Iteration: 190	1453	1580	2011.59	2985
Iteration: 191	1453	1603	1968.2	2991
Iteration: 192	1453	1590	1953.66	2456
Iteration: 193	1453	1591	1939.15	2593
Iteration: 194	1453	1579	1962.1	2351
Iteration: 195	1453	1583	1999.42	2499
Iteration: 196	1453	1635	1966.73	2708
Iteration: 197	1453	1567	1950.36	2396
Iteration: 198	1453	1579	1984.16	2593
Iteration: 199	1453	1630	1950.31	2725
Iteration: 200	1453	1604	2018.38	2846
Iteration: 201	1453	1671	1960.04	2397
Iteration: 202	1453	1522	1980.11	2682
Iteration: 203	1453	1628	1931.04	2525
Iteration: 204	1453	1559	1956.67	2595
Iteration: 205	1453	1627	1935.54	2626
Iteration: 206	1453	1646	1973.38	2682
Iteration: 207	1453	1533	1976.91	2485
Iteration: 208	1453	1544	1946.5	2445
Iteration: 209	1453	1609	1979.77	2816
Iteration: 210	1453	1659	1986.17	2596
Iteration: 211	1453	1537	1969.62	2807
Iteration: 212	1453	1594	1949.86	2393
Iteration: 213	1453	1626	1998.03	2726
Iteration: 214	1444	1444	1969.9	2644
Iteration: 215	1444	1592	2005.92	2553
Iteration: 216	1444	1585	1980.23	2516
Iteration: 217	1444	1628	1972.44	2453
Iteration: 218	1444	1565	1953.14	2702
Iteration: 219	1444	1533	1945.09	2693
Iteration: 220	1444	1618	1927.65	2381
Iteration: 221	1444	1608	1945.79	2781
Iteration: 222	1444	1601	1992.11	2608
Iteration: 223	1444	1702	1987.05	2739
Iteration: 224	1444	1597	1976.82	2432
Iteration: 225	1444	1546	1968.4	2736
Iteration: 226	1444	1577	1959.24	2503
Iteration: 227	1444	1587	1952.92	2573
Iteration: 228	1444	1540	1985.9	2866
Iteration: 229	1444	1598	1958.02	2647
Iteration: 230	1444	1485	1959.99	2491
Iteration: 231	1444	1605	1980.44	2716
Iteration: 232	1444	1607	1985.29	2599
Iteration: 233	1444	1529	1968.32	2434
Iteration: 234	1444	1553	1967.66	2783
Iteration: 235	1444	1566	1971.85	2524
Iteration: 236	1444	1624	1975.72	2656
Iteration: 237	1444	1570	1973.36	2861
Iteration: 238	1444	1585	1945.06	2630
Iteration: 239	1444	1502	1933.02	2551
Iteration: 240	1444	1586	1970.39	2889
Iteration: 241	1444	1565	1987.96	2719
Iteration: 242	1444	1623	1947.63	2556
Iteration: 243	1444	1575	1963.25	2612
Iteration: 244	1444	1496	1921.73	2579
Iteration: 245	1444	1655	1990.64	2591
Iteration: 246	1444	1654	1947.65	2515
Iteration: 247	1444	1623	1921.56	2849
Iteration: 248	1444	1488	1943.93	2412
Iteration: 249	1444	1609	2003.27	2628
Iteration: 250	1444	1541	1959.81	2534
Iteration: 251	1444	1579	1987.52	2726
Iteration: 252	1444	1534	1961.87	2460
Iteration: 253	1444	1611	1983.76	2611
Iteration: 254	1444	1579	1934.86	2732
Iteration: 255	1444	1600	1959.38	2642
Iteration: 256	1444	1652	2009.78	2528
Iteration: 257	1444	1583	1957.41	2553
Iteration: 258	1444	1557	1985.23	2488
Iteration: 259	1444	1514	1989.95	2677
Iteration: 260	1444	1610	1974.9	2903
Iteration: 261	1444	1565	1965.27	2643
Iteration: 262	1444	1618	1963.92	2482
Iteration: 263	1444	1584	1969.45	2469
Iteration: 264	1444	1586	1952.47	2793
Iteration: 265	1444	1586	1970.19	2465
Iteration: 266	1444	1556	1997.63	2619
Iteration: 267	1444	1629	2009.65	2844
Iteration: 268	1444	1596	1954.31	2446
Iteration: 269	1444	1628	1998.45	2598
Iteration: 270	1444	1566	1971.78	2714
Iteration: 271	1444	1513	1972.12	2498
Iteration: 272	1444	1680	1993.51	2665
Iteration: 273	1444	1578	1957.55	2576
Iteration: 274	1444	1600	1942.98	2484
Iteration: 275	1444	1567	1945.52	2532
Iteration: 276	1444	1514	2005.56	3276
Iteration: 277	1444	1557	1972.02	2704
Iteration: 278	1444	1636	1974.86	2582
Iteration: 279	1444	1649	1991.94	2544
Iteration: 280	1444	1680	2001.56	2746
Iteration: 281	1444	1555	1960.16	2544
Iteration: 282	1444	1554	1964.46	2644
Iteration: 283	1444	1585	1956.92	2595
Iteration: 284	1444	1535	1946.96	2502
Iteration: 285	1444	1605	1964.99	2622
Iteration: 286	1444	1524	1937.14	2652
Iteration: 287	1444	1609	1920.25	2491
Iteration: 288	1444	1629	1969.91	2450
Iteration: 289	1444	1616	1995.78	2487
Iteration: 290	1444	1538	1946.18	2421
Iteration: 291	1444	1605	2004.26	2525
Iteration: 292	1444	1597	1958.14	2589
Iteration: 293	1444	1650	1930.81	2598
Iteration: 294	1444	1569	1945.27	2684
Iteration: 295	1444	1598	1970.94	2758
Iteration: 296	1444	1618	1984.86	2724
Iteration: 297	1444	1602	1976.13	2549
Iteration: 298	1444	1573	1976.22	2843
Iteration: 299	1444	1604	1957.01	2710
Iteration: 300	1444	1572	1924.25	2357
Iteration: 301	1444	1584	1935.96	2525
Iteration: 302	1444	1539	1959.43	2464
Iteration: 303	1444	1554	1981.45	2478
Iteration: 304	1444	1537	1951.39	2615
Iteration: 305	1444	1564	1950.67	2505
Iteration: 306	1444	1560	1946.88	2561
Iteration: 307	1444	1642	1951.99	2513
Iteration: 308	1444	1556	1968.87	2821
Iteration: 309	1444	1605	1948.48	2534
Iteration: 310	1444	1587	1959.29	2425
Iteration: 311	1444	1568	1946.74	2796
Iteration: 312	1444	1635	1981.15	2439
Iteration: 313	1444	1504	1941.33	2568
Iteration: 314	1444	1560	1974.95	2711
Iteration: 315	1444	1620	1964.92	2641
Iteration: 316	1444	1509	1945.74	2532
Iteration: 317	1444	1577	1957.86	2473
Iteration: 318	1444	1576	1939.12	3050
Iteration: 319	1444	1591	2011.78	2771
Iteration: 320	1444	1622	1974.05	2632
Iteration: 321	1444	1570	1957.83	2893
Iteration: 322	1444	1584	1975.56	2861
Iteration: 323	1444	1657	1978.91	2626
Iteration: 324	1444	1656	1970.06	2575
Iteration: 325	1444	1620	2011.85	2726
Iteration: 326	1444	1574	1968.49	2998
Iteration: 327	1444	1621	1950.41	2556
Iteration: 328	1444	1619	1992.75	3074
Iteration: 329	1444	1544	1939.13	2390
Iteration: 330	1444	1543	1950.16	2549
Iteration: 331	1444	1588	1984.56	2616
Iteration: 332	1444	1553	1964.03	2474
Iteration: 333	1444	1524	1979.31	2570
Iteration: 334	1444	1519	1973.05	2496
Iteration: 335	1444	1566	1954.63	2419
Iteration: 336	1444	1585	1993.48	2653
Iteration: 337	1444	1571	1976.41	2530
Iteration: 338	1444	1552	1985.52	2750
Iteration: 339	1444	1556	1946.62	2773
Iteration: 340	1444	1633	1980.13	2934
Iteration: 341	1444	1564	1971.35	2795
Iteration: 342	1444	1599	1918.36	2376
Iteration: 343	1444	1543	1983.29	2776
Iteration: 344	1444	1525	1939.65	2576
Iteration: 345	1444	1587	1969.83	2826
Iteration: 346	1444	1602	1984.42	2900
Iteration: 347	1444	1570	1977.09	2774
Iteration: 348	1444	1579	1962.3	2436
Iteration: 349	1444	1553	1965.76	2535
Iteration: 350	1444	1584	1956.71	2535
Iteration: 351	1444	1573	1975.35	2574
Iteration: 352	1444	1501	1987.5	3234
Iteration: 353	1444	1619	2007.33	2678
Iteration: 354	1444	1577	1984.8	2758
Iteration: 355	1444	1590	1949.74	2386
Iteration: 356	1444	1554	1951.84	2773
Iteration: 357	1444	1659	2005.6	2618
Iteration: 358	1444	1588	1934.25	2524
Iteration: 359	1444	1616	1998.55	2526
Iteration: 360	1444	1595	1972.68	2568
Iteration: 361	1444	1619	1950.75	2642
Iteration: 362	1444	1592	1936.5	2629
Iteration: 363	1444	1601	1948	2603
Iteration: 364	1444	1587	1956.43	2743
Iteration: 365	1444	1586	1964.31	2938
Iteration: 366	1444	1574	1981.58	2528
Iteration: 367	1444	1563	1984.48	2584
Iteration: 368	1444	1573	1970.27	2771
Iteration: 369	1444	1529	1960.1	2456
Iteration: 370	1444	1606	1970.25	2648
Iteration: 371	1444	1542	1948.2	2560
Iteration: 372	1444	1536	1939.83	2474
Iteration: 373	1444	1547	1977.05	2618
Iteration: 374	1444	1629	1973.3	2758
Iteration: 375	1444	1603	1981.87	2407
Iteration: 376	1444	1570	1977.03	2563
Iteration: 377	1444	1532	1944.98	2440
Iteration: 378	1444	1523	1938.51	2728
Iteration: 379	1444	1487	1933.12	2410
Iteration: 380	1444	1547	1948.84	2780
Iteration: 381	1444	1617	1981.79	2724
Iteration: 382	1444	1601	1969.46	2482
Iteration: 383	1444	1620	1950.89	2600
Iteration: 384	1444	1641	2013.28	2783
Iteration: 385	1444	1592	1979.94	2729
Iteration: 386	1444	1569	1964.06	2939
Iteration: 387	1444	1650	1983.81	2760
Iteration: 388	1444	1583	1962.38	2585
Iteration: 389	1444	1559	1958.42	2706
Iteration: 390	1444	1564	1999.41	2617
Iteration: 391	1444	1639	1992.1	2578
Iteration: 392	1444	1593	1971.74	2393
Iteration: 393	1444	1586	1959.79	2607
Iteration: 394	1444	1581	1969.75	2593
Iteration: 395	1444	1626	1984.45	2700
Iteration: 396	1444	1580	1956.43	2681
Iteration: 397	1444	1560	1958.1	2817
Iteration: 398	1444	1617	1956.12	2633
Iteration: 399	1444	1613	1981.27	2622
Iteration: 400	1444	1541	1941.57	2461
Iteration: 401	1444	1576	1946.83	2469
Iteration: 402	1444	1604	1973.88	2502
Iteration: 403	1444	1617	1974.5	2566
Iteration: 404	1444	1563	1948.8	2644
Iteration: 405	1444	1580	1976.54	2480
Iteration: 406	1444	1574	1939.2	2539
Iteration: 407	1444	1519	1979.09	2579
Iteration: 408	1444	1569	1957.02	2574
Iteration: 409	1444	1644	1997.84	2570
Iteration: 410	1444	1589	1971.06	2413
Iteration: 411	1444	1627	1964.43	2503
Iteration: 412	1444	1563	1939.93	2685
Iteration: 413	1444	1541	1999.9	2673
Iteration: 414	1444	1558	1982.61	2718
Iteration: 415	1444	1604	2004.85	2718
Iteration: 416	1444	1544	1955.68	2581
Iteration: 417	1444	1556	1955.15	2467
Iteration: 418	1444	1591	1948.38	2527
Iteration: 419	1444	1510	1950.92	2816
Iteration: 420	1444	1564	1941	2472
Iteration: 421	1444	1584	1953.7	2523
Iteration: 422	1444	1617	1968.37	2767
Iteration: 423	1444	1596	1988.39	2549
Iteration: 424	1444	1595	1960.84	2517
Iteration: 425	1444	1557	1959.61	2546
Iteration: 426	1444	1623	1992.07	2634
Iteration: 427	1444	1540	1935.04	2795
Iteration: 428	1444	1562	1982.82	2443
Iteration: 429	1444	1553	1935.48	2519
Iteration: 430	1444	1670	1993.99	2634
Iteration: 431	1444	1574	1987.77	2848
Iteration: 432	1444	1553	1954.35	2743
Iteration: 433	1444	1544	2003.21	2686
Iteration: 434	1444	1627	1978.69	2720
Iteration: 435	1444	1610	1970.79	2892
Iteration: 436	1444	1550	1979.63	2525
Iteration: 437	1444	1640	2019	2666
Iteration: 438	1444	1602	1989.68	2897
Iteration: 439	1444	1635	2024.72	2655
Iteration: 440	1444	1547	1976.91	2637
Iteration: 441	1444	1537	1932.76	2785
Iteration: 442	1444	1609	1989.52	2681
Iteration: 443	1444	1550	1961.6	2613
Iteration: 444	1444	1620	1976.56	2519
Iteration: 445	1444	1588	1987.64	2695
Iteration: 446	1444	1619	1968.47	2379
Iteration: 447	1444	1580	1981	2634
Iteration: 448	1444	1663	1950.38	2447
Iteration: 449	1444	1459	1985.65	3190
Iteration: 450	1444	1527	1991.81	2477
Iteration: 451	1444	1588	1956.35	2479
Iteration: 452	1444	1535	1955.57	2541
Iteration: 453	1444	1542	1955.21	2869
Iteration: 454	1444	1612	1968.11	2502
Iteration: 455	1444	1522	1971.13	2546
Iteration: 456	1444	1607	1979.69	2967
Iteration: 457	1444	1559	1967.93	2693
Iteration: 458	1444	1578	1972.46	2963
Iteration: 459	1444	1629	1949.59	2852
Iteration: 460	1444	1591	2008.05	2480
Iteration: 461	1444	1647	1969.35	2613
Iteration: 462	1444	1577	1983.75	2939
Iteration: 463	1444	1607	1946.23	2551
Iteration: 464	1444	1539	1965.79	2500
Iteration: 465	1444	1597	1961.12	2500
Iteration: 466	1444	1587	1981.11	2612
Iteration: 467	1444	1541	1987.32	2474
Iteration: 468	1444	1576	1944.91	2488
Iteration: 469	1444	1508	1981.39	2628
Iteration: 470	1444	1581	1973.23	2821
Iteration: 471	1444	1582	1962.12	2613
Iteration: 472	1444	1573	1975.46	3030
Iteration: 473	1444	1540	1939.12	2791
Iteration: 474	1444	1591	1942.09	2792
Iteration: 475	1444	1596	1985.83	2642
Iteration: 476	1444	1604	1977.28	2551
Iteration: 477	1444	1581	1981.16	2566
Iteration: 478	1444	1610	1957.3	2844
Iteration: 479	1444	1565	1934.59	2412
Iteration: 480	1444	1585	1973.66	2653
Iteration: 481	1444	1612	1956.65	2669
Iteration: 482	1444	1596	1953.74	2558
Iteration: 483	1444	1594	1938.49	2452
Iteration: 484	1444	1613	1958.26	2541
Iteration: 485	1444	1584	1983.83	2989
Iteration: 486	1444	1586	1981.01	2669
Iteration: 487	1444	1616	1978.73	2666
Iteration: 488	1444	1616	1957.99	2498
Iteration: 489	1444	1619	1927.13	2755
Iteration: 490	1444	1634	1979.2	2666
Iteration: 491	1444	1553	1996.42	3191
Iteration: 492	1444	1560	1947.25	2633
Iteration: 493	1444	1521	1954.88	2571
Iteration: 494	1444	1612	1982.16	2404
Iteration: 495	1444	1565	1941.74	2546
Iteration: 496	1444	1587	1967.62	2857
Iteration: 497	1444	1567	1952.74	2519
Iteration: 498	1444	1617	1993.79	2659
Iteration: 499	1444	1509	2020.4	2708
