Iteration: 0	1598	1598	1940.98	2673
Iteration: 1	1598	1618	1929.3	2818
Iteration: 2	1598	1648	1982.16	2466
Iteration: 3	1598	1659	2085.13	3044
Iteration: 4	1598	1740	2151.9	2822
Iteration: 5	1598	1599	2050.35	2518
Iteration: 6	1571	1571	2022.65	2975
Iteration: 7	1571	1633	2023.82	2773
Iteration: 8	1564	1564	2019.16	2751
Iteration: 9	1564	1611	1940.01	2605
Iteration: 10	1564	1690	2035.69	2555
Iteration: 11	1564	1630	1993.02	2448
Iteration: 12	1528	1528	1959.3	2713
Iteration: 13	1528	1639	1982.19	2526
Iteration: 14	1528	1591	1950.27	2568
Iteration: 15	1528	1581	2000.88	2545
Iteration: 16	1528	1621	1985.56	2693
Iteration: 17	1519	1519	1963.95	2660
Iteration: 18	1519	1566	1984.56	2758
Iteration: 19	1519	1535	1970.41	3025
Iteration: 20	1519	1527	1946.33	2480
Iteration: 21	1519	1642	1989.88	2560
Iteration: 22	1519	1602	1960.63	2469
Iteration: 23	1519	1554	1946.67	2660
Iteration: 24	1519	1557	1967.36	2576
Iteration: 25	1519	1578	1997.81	2773
Iteration: 26	1519	1585	1990.63	2667
Iteration: 27	1498	1498	1998.12	2730
Iteration: 28	1498	1521	1980.61	2751
Iteration: 29	1498	1505	1986.73	2855
Iteration: 30	1498	1520	1968.28	2844
Iteration: 31	1498	1523	1954.98	2629
Iteration: 32	1498	1575	1974.01	2799
Iteration: 33	1498	1559	1997.34	2512
Iteration: 34	1466	1466	1954.4	2857
Iteration: 35	1466	1531	1961.25	2486
Iteration: 36	1466	1619	1956.65	2628
Iteration: 37	1466	1468	1978.41	2557
Iteration: 38	1466	1596	1957.44	2728
Iteration: 39	1466	1647	1980.11	2689
Iteration: 40	1466	1582	1953.29	2906
Iteration: 41	1466	1601	1965.39	2612
Iteration: 42	1466	1491	1925.29	2443
Iteration: 43	1466	1609	2001.63	2619
Iteration: 44	1466	1566	2023.13	2743
Iteration: 45	1466	1611	1967.75	2455
Iteration: 46	1466	1576	1999.68	2777
Iteration: 47	1466	1576	1976.15	2515
Iteration: 48	1466	1616	1946.37	2717
Iteration: 49	1466	1499	2013.37	3060
Iteration: 50	1466	1604	1964.17	2633
Iteration: 51	1466	1554	1975.58	2714
Iteration: 52	1466	1562	1958.63	2543
Iteration: 53	1466	1608	1959.62	2878
Iteration: 54	1466	1647	1966.89	2620
Iteration: 55	1466	1547	1994.81	2583
Iteration: 56	1466	1538	1955.62	2945
Iteration: 57	1466	1582	1930.41	2494
Iteration: 58	1466	1598	1976.49	2808
Iteration: 59	1466	1568	1984.11	2751
Iteration: 60	1466	1635	1970.84	2810
Iteration: 61	1466	1669	1980.38	2745
Iteration: 62	1466	1607	1997.3	2763
Iteration: 63	1466	1644	1977.1	2740
Iteration: 64	1466	1582	1956.57	2643
Iteration: 65	1466	1674	1957.61	2729
Iteration: 66	1466	1523	2014.41	2783
Iteration: 67	1466	1582	1956.66	2624
Iteration: 68	1466	1557	1999.54	2737
Iteration: 69	1466	1623	1972.15	2508
Iteration: 70	1466	1666	1933.99	2525
Iteration: 71	1466	1605	1974.45	2868
Iteration: 72	1466	1564	1976.33	2812
Iteration: 73	1466	1637	1963.19	2633
Iteration: 74	1466	1549	1924.62	2659
Iteration: 75	1466	1623	1983.91	2432
Iteration: 76	1466	1628	1985.54	2581
Iteration: 77	1466	1529	1958.34	2507
Iteration: 78	1466	1492	1970.1	2864
Iteration: 79	1466	1530	1941.64	2707
Iteration: 80	1466	1474	1943.54	2578
Iteration: 81	1466	1562	1991.76	2546
Iteration: 82	1466	1566	1961.91	2500
Iteration: 83	1466	1614	1937.28	2725
Iteration: 84	1466	1553	1966.48	2677
Iteration: 85	1466	1493	1978.91	2608
Iteration: 86	1466	1604	1959.57	2921
Iteration: 87	1466	1634	2003.79	2669
Iteration: 88	1466	1565	1985.58	2638
Iteration: 89	1466	1581	1968.97	2692
Iteration: 90	1466	1633	1943.89	2583
Iteration: 91	1466	1519	1946.14	2506
Iteration: 92	1466	1610	1973.65	2564
Iteration: 93	1466	1584	1975.25	2623
Iteration: 94	1466	1612	2009.15	2650
Iteration: 95	1466	1585	1996.91	2823
Iteration: 96	1466	1562	1956.34	2549
Iteration: 97	1466	1520	1957.62	2575
Iteration: 98	1466	1533	1964.22	2504
Iteration: 99	1466	1542	1974.15	2585
Iteration: 100	1466	1501	1946.82	2695
Iteration: 101	1466	1623	1973.12	2417
Iteration: 102	1466	1510	1932.41	2605
Iteration: 103	1466	1613	1984.37	2829
Iteration: 104	1466	1582	1958.51	2549
Iteration: 105	1466	1581	1978.46	2531
Iteration: 106	1466	1529	1953.87	2526
Iteration: 107	1466	1504	1960.25	2942
Iteration: 108	1466	1614	1954.24	2526
Iteration: 109	1466	1599	1976.49	2435
Iteration: 110	1466	1638	1975.19	2596
Iteration: 111	1466	1678	2001.81	2486
Iteration: 112	1466	1554	1999.8	2629
Iteration: 113	1466	1587	1941.21	2849
Iteration: 114	1466	1578	1950.78	2521
Iteration: 115	1466	1594	1970.67	2621
Iteration: 116	1466	1645	1966.81	2743
Iteration: 117	1466	1581	1950.96	2591
Iteration: 118	1466	1605	1974.63	2538
Iteration: 119	1466	1598	1965.96	2685
Iteration: 120	1466	1546	1970.43	2688
Iteration: 121	1466	1620	1924.3	2666
Iteration: 122	1466	1558	1950.8	2877
Iteration: 123	1466	1676	2030.74	2743
Iteration: 124	1466	1565	1986.04	2777
Iteration: 125	1466	1653	1955.61	2610
Iteration: 126	1466	1584	1954.62	2653
Iteration: 127	1466	1585	1973.26	2761
Iteration: 128	1466	1554	1982.87	2967
Iteration: 129	1466	1608	2023.57	2803
Iteration: 130	1466	1498	1957.24	2461
Iteration: 131	1466	1503	1982.55	2567
Iteration: 132	1466	1596	1962.7	2578
Iteration: 133	1466	1632	1983.31	2824
Iteration: 134	1466	1564	1940.23	2545
Iteration: 135	1466	1623	1964.62	2632
Iteration: 136	1466	1514	1946.82	2573
Iteration: 137	1466	1610	1946.05	2923
Iteration: 138	1466	1603	1946.62	2678
Iteration: 139	1466	1641	2004.03	2941
Iteration: 140	1466	1513	1951.13	2595
Iteration: 141	1466	1551	1950.39	2665
Iteration: 142	1466	1567	2010.23	2849
Iteration: 143	1466	1521	1951.31	2761
Iteration: 144	1466	1574	1953.53	2677
Iteration: 145	1466	1655	1983.85	2769
Iteration: 146	1466	1595	2005.87	2641
Iteration: 147	1466	1529	1944.73	2797
Iteration: 148	1466	1516	1961.72	2758
Iteration: 149	1466	1615	1977.93	2871
Iteration: 150	1466	1658	1986.63	2590
Iteration: 151	1466	1499	1954.66	2636
Iteration: 152	1466	1578	1942.64	2495
Iteration: 153	1466	1480	1970.55	2612
Iteration: 154	1466	1533	1972.41	2498
Iteration: 155	1466	1633	1962	2519
Iteration: 156	1466	1551	1983.27	2764
Iteration: 157	1466	1601	1972.72	2599
Iteration: 158	1466	1638	1959.81	2473
Iteration: 159	1466	1584	1974.9	2732
Iteration: 160	1466	1572	1943.23	2627
Iteration: 161	1466	1566	1924.6	2733
Iteration: 162	1466	1533	1974.15	2778
Iteration: 163	1466	1606	1958.42	2674
Iteration: 164	1466	1602	1961.15	2580
Iteration: 165	1466	1642	1956.73	2745
Iteration: 166	1466	1588	1978.71	3042
Iteration: 167	1466	1644	1971.44	2619
Iteration: 168	1466	1513	1933.33	2714
Iteration: 169	1466	1511	1972.32	2627
Iteration: 170	1466	1579	1974.7	2744
Iteration: 171	1466	1513	1943.24	2524
Iteration: 172	1466	1601	1981.18	2990
Iteration: 173	1466	1573	1953.36	2445
Iteration: 174	1466	1612	1943.89	3041
Iteration: 175	1466	1631	1958.13	2981
Iteration: 176	1466	1595	1988.35	2748
Iteration: 177	1466	1558	1965.36	2470
Iteration: 178	1466	1583	1969.34	2613
Iteration: 179	1466	1581	1985.23	2677
Iteration: 180	1466	1599	1984.99	2527
Iteration: 181	1466	1619	1967.59	2434
Iteration: 182	1466	1583	1980.29	2603
Iteration: 183	1466	1600	1956.33	2644
Iteration: 184	1466	1589	1979.84	2626
Iteration: 185	1466	1556	1950.21	2692
Iteration: 186	1466	1559	1952.99	2512
Iteration: 187	1466	1633	1949.75	2443
Iteration: 188	1466	1479	1981.51	2505
Iteration: 189	1466	1550	1915.64	2457
Iteration: 190	1466	1627	1953.38	2656
Iteration: 191	1466	1590	1969.24	2968
Iteration: 192	1466	1567	1978.58	2774
Iteration: 193	1466	1537	1963.82	2650
Iteration: 194	1466	1647	1975.69	2513
Iteration: 195	1466	1582	1948.73	2750
Iteration: 196	1466	1613	1987.47	2729
Iteration: 197	1466	1638	2011.73	2589
Iteration: 198	1466	1543	1972.29	2550
Iteration: 199	1466	1588	1988.75	2681
Iteration: 200	1466	1554	2008.93	2713
Iteration: 201	1466	1528	1972.25	2613
Iteration: 202	1466	1602	1974.13	2521
Iteration: 203	1466	1630	1996.54	3194
Iteration: 204	1466	1525	1937.98	2587
Iteration: 205	1466	1575	1995.89	2951
Iteration: 206	1466	1526	1937.83	2598
Iteration: 207	1466	1573	1933.16	2519
Iteration: 208	1466	1560	1944.12	2562
Iteration: 209	1466	1633	1958.71	2641
Iteration: 210	1466	1574	1954.55	2675
Iteration: 211	1466	1551	1971.46	2813
Iteration: 212	1466	1543	1980.39	2804
Iteration: 213	1466	1587	1976.97	2540
Iteration: 214	1466	1560	1931.55	2404
Iteration: 215	1466	1545	1957.6	2535
Iteration: 216	1466	1608	1941.13	2465
Iteration: 217	1466	1516	1950.56	2616
Iteration: 218	1466	1568	1933.77	2412
Iteration: 219	1466	1629	1941.25	2616
Iteration: 220	1466	1501	1946.7	2594
Iteration: 221	1466	1618	1968.52	2382
Iteration: 222	1466	1632	1942.23	2686
Iteration: 223	1466	1643	2005.39	2507
Iteration: 224	1466	1532	1967.61	2453
Iteration: 225	1466	1608	1947.47	2598
Iteration: 226	1466	1622	1949.41	2889
Iteration: 227	1466	1574	1946.9	2568
Iteration: 228	1466	1599	2000.33	2539
Iteration: 229	1466	1567	1916.87	2409
Iteration: 230	1466	1588	1961.01	2795
Iteration: 231	1466	1524	1993.63	2831
Iteration: 232	1466	1517	1984.19	2609
Iteration: 233	1466	1527	1980.31	2617
Iteration: 234	1466	1551	1954.17	2512
Iteration: 235	1466	1656	1987.41	2496
Iteration: 236	1466	1598	1979.32	2513
Iteration: 237	1466	1640	2011.39	2601
Iteration: 238	1466	1619	1998.59	2621
Iteration: 239	1466	1575	1980.95	2683
Iteration: 240	1466	1571	1952.51	2512
Iteration: 241	1466	1605	1979.58	2558
Iteration: 242	1466	1522	1967.76	2625
Iteration: 243	1466	1567	1975.55	2679
Iteration: 244	1466	1621	1962.46	2562
Iteration: 245	1466	1574	1956	2562
Iteration: 246	1466	1578	1972.94	2489
Iteration: 247	1445	1445	1976.5	2635
Iteration: 248	1445	1607	1992.29	2494
Iteration: 249	1445	1631	1984.23	2513
Iteration: 250	1445	1666	1995.73	2742
Iteration: 251	1445	1634	1997.65	2831
Iteration: 252	1445	1535	1982.16	2558
Iteration: 253	1445	1588	2006.06	2550
Iteration: 254	1445	1636	1955.15	2503
Iteration: 255	1445	1566	1959.39	2550
Iteration: 256	1445	1571	1985.84	2749
Iteration: 257	1445	1585	1957.02	2582
Iteration: 258	1445	1572	1978.57	2691
Iteration: 259	1445	1613	1976.04	2453
Iteration: 260	1445	1538	1965.4	2572
Iteration: 261	1445	1618	1983.25	2646
Iteration: 262	1445	1557	1936.6	2673
Iteration: 263	1445	1648	1975.08	2676
Iteration: 264	1445	1601	1988.73	2656
Iteration: 265	1445	1621	1987.25	2496
Iteration: 266	1445	1583	1993.84	2408
Iteration: 267	1445	1621	1956.72	2689
Iteration: 268	1445	1540	1966.2	2830
Iteration: 269	1445	1613	1958.71	2494
Iteration: 270	1445	1533	1945	2759
Iteration: 271	1445	1616	1989.67	2635
Iteration: 272	1445	1577	1972.42	2735
Iteration: 273	1445	1618	1976.76	2772
Iteration: 274	1445	1629	1994.49	2681
Iteration: 275	1445	1520	2039.18	2792
Iteration: 276	1445	1524	1957.83	2694
Iteration: 277	1445	1541	1955.36	2541
Iteration: 278	1445	1500	1978.33	2776
Iteration: 279	1445	1620	1960.55	2584
Iteration: 280	1445	1576	1977	2672
Iteration: 281	1445	1619	1977.1	2886
Iteration: 282	1445	1609	1979.94	2494
Iteration: 283	1445	1528	1930.67	2780
Iteration: 284	1445	1563	1969.28	2535
Iteration: 285	1445	1620	1953.93	2415
Iteration: 286	1445	1621	1961.33	2579
Iteration: 287	1445	1594	1971.69	2602
Iteration: 288	1445	1546	1952.24	2733
Iteration: 289	1445	1567	1960.66	2715
Iteration: 290	1445	1603	1971.4	2770
Iteration: 291	1445	1614	1951.8	2595
Iteration: 292	1445	1621	1966.12	2661
Iteration: 293	1445	1556	1988.62	2643
Iteration: 294	1445	1616	2019.5	2633
Iteration: 295	1445	1555	1947.52	2568
Iteration: 296	1445	1615	1939.35	2637
Iteration: 297	1445	1488	1957.08	2878
Iteration: 298	1445	1586	1929.78	2853
Iteration: 299	1445	1619	1959.34	2666
Iteration: 300	1445	1568	1964.44	2850
Iteration: 301	1445	1571	1951.43	2917
Iteration: 302	1445	1591	1985.57	2633
Iteration: 303	1445	1583	1979.59	2862
Iteration: 304	1445	1556	1942.24	2612
Iteration: 305	1445	1613	1958.29	2726
Iteration: 306	1445	1587	1961.09	2562
Iteration: 307	1445	1543	1993.3	2716
Iteration: 308	1445	1554	1963.82	2580
Iteration: 309	1445	1626	1971.94	2533
Iteration: 310	1445	1628	1965.62	2403
Iteration: 311	1445	1574	1974.79	2553
Iteration: 312	1445	1582	1957.01	2855
Iteration: 313	1445	1597	1986.35	2667
Iteration: 314	1445	1602	1949.43	2761
Iteration: 315	1445	1551	1939.88	2488
Iteration: 316	1445	1646	1988.45	2556
Iteration: 317	1445	1605	1936.79	2434
Iteration: 318	1445	1625	1990.95	2694
Iteration: 319	1445	1547	1987.71	2600
Iteration: 320	1445	1586	1993.12	2769
Iteration: 321	1445	1600	1983.43	2900
Iteration: 322	1445	1539	2005.43	2642
Iteration: 323	1445	1632	1969.91	2921
Iteration: 324	1445	1558	1967.26	2526
Iteration: 325	1445	1574	1975.53	2645
Iteration: 326	1445	1511	1927.49	2617
Iteration: 327	1445	1579	1972.63	2518
Iteration: 328	1445	1629	1957.55	2438
Iteration: 329	1445	1613	1958.1	2800
Iteration: 330	1445	1623	1978.26	2584
Iteration: 331	1445	1587	1999.97	2703
Iteration: 332	1445	1555	1977.23	2726
Iteration: 333	1445	1635	1988.41	2646
Iteration: 334	1445	1603	1967.8	2780
Iteration: 335	1445	1613	1952.75	2438
Iteration: 336	1445	1564	1951.32	2625
Iteration: 337	1445	1622	1954.39	2508
Iteration: 338	1445	1566	1966.22	2506
Iteration: 339	1445	1579	1967.91	2621
Iteration: 340	1445	1577	1993.96	2614
Iteration: 341	1445	1477	1974.19	2439
Iteration: 342	1445	1629	1997.85	2578
Iteration: 343	1445	1544	1948.28	2501
Iteration: 344	1445	1643	2003.04	2849
Iteration: 345	1445	1572	1991.09	2490
Iteration: 346	1445	1590	1955.33	2611
Iteration: 347	1445	1569	1976	2703
Iteration: 348	1445	1570	1943.13	2557
Iteration: 349	1445	1619	1972.89	2693
Iteration: 350	1445	1619	1963.14	2481
Iteration: 351	1445	1564	1928.32	2770
Iteration: 352	1445	1607	1942.74	2644
Iteration: 353	1445	1566	1948.11	2564
Iteration: 354	1445	1600	1971.27	2805
Iteration: 355	1445	1579	1939.87	2637
Iteration: 356	1445	1516	1951.45	2609
Iteration: 357	1445	1595	1929.56	2608
Iteration: 358	1445	1574	1968.82	2692
Iteration: 359	1445	1590	1946.81	2425
Iteration: 360	1445	1610	1995.64	2764
Iteration: 361	1445	1595	1976.46	2695
Iteration: 362	1445	1585	1980.36	2806
Iteration: 363	1445	1591	1967.58	2764
Iteration: 364	1445	1573	1975.58	2576
Iteration: 365	1445	1589	1956.47	2585
Iteration: 366	1445	1622	1956.96	2596
Iteration: 367	1445	1616	1965.2	2579
Iteration: 368	1445	1602	1951.15	2765
Iteration: 369	1445	1460	1979.84	2632
Iteration: 370	1445	1595	1983.06	3019
Iteration: 371	1445	1552	1987.04	2930
Iteration: 372	1445	1611	1970.22	2527
Iteration: 373	1445	1536	1965.47	2949
Iteration: 374	1445	1613	1920.82	2742
Iteration: 375	1445	1597	1984.58	2742
Iteration: 376	1445	1593	1953.87	2665
Iteration: 377	1445	1540	1984.35	2873
Iteration: 378	1445	1559	1955.97	2861
Iteration: 379	1445	1535	1993.59	2741
Iteration: 380	1445	1584	1963.7	2548
Iteration: 381	1445	1597	1974.19	2440
Iteration: 382	1445	1510	1970.57	2827
Iteration: 383	1445	1584	2010.94	2552
Iteration: 384	1445	1575	1941.29	2455
Iteration: 385	1445	1597	1975.58	2725
Iteration: 386	1445	1623	1975.05	2579
Iteration: 387	1445	1598	1977.54	2716
Iteration: 388	1445	1602	1980.94	2677
Iteration: 389	1445	1558	1946.74	2649
Iteration: 390	1445	1588	1963.67	2430
Iteration: 391	1445	1535	1989.98	2794
Iteration: 392	1445	1607	1990.75	2576
Iteration: 393	1445	1611	1985.44	2572
Iteration: 394	1445	1540	1963.37	2522
Iteration: 395	1445	1657	1960.01	2826
Iteration: 396	1445	1686	1969.62	2636
Iteration: 397	1445	1569	1981.59	2458
Iteration: 398	1445	1554	1955.38	2529
Iteration: 399	1445	1536	1953.45	2498
Iteration: 400	1445	1611	1963.09	2364
Iteration: 401	1445	1585	1980.1	2861
Iteration: 402	1445	1559	1950.31	2610
Iteration: 403	1445	1593	1927.92	2558
Iteration: 404	1445	1460	1960.82	2606
Iteration: 405	1445	1611	1968.05	2615
Iteration: 406	1445	1602	2013.67	2593
Iteration: 407	1445	1653	1957.59	2485
Iteration: 408	1445	1574	1944.76	2533
Iteration: 409	1445	1564	1922.35	2453
Iteration: 410	1445	1454	1963.03	2422
Iteration: 411	1445	1575	1958.81	2562
Iteration: 412	1445	1592	1973.1	2680
Iteration: 413	1445	1639	1964.13	2495
Iteration: 414	1445	1571	1987.07	2653
Iteration: 415	1445	1505	1955.1	2672
Iteration: 416	1445	1656	1995.39	2839
Iteration: 417	1445	1590	1976.89	2993
Iteration: 418	1445	1607	1946.37	2536
Iteration: 419	1445	1615	1950.84	2473
Iteration: 420	1445	1592	1957.05	2599
Iteration: 421	1445	1623	1984.21	2665
Iteration: 422	1445	1584	1977.76	2675
Iteration: 423	1445	1554	1954.31	2657
Iteration: 424	1445	1577	1939.14	2415
Iteration: 425	1445	1612	1942.74	2443
Iteration: 426	1445	1593	1972.05	2745
Iteration: 427	1445	1548	1941.35	2448
Iteration: 428	1445	1638	1935.7	2320
Iteration: 429	1445	1593	1951.35	2561
Iteration: 430	1445	1592	1954.16	2544
Iteration: 431	1445	1519	1969.78	2835
Iteration: 432	1445	1614	1954.4	2617
Iteration: 433	1445	1573	1980.73	2592
Iteration: 434	1445	1518	1958.38	2587
Iteration: 435	1445	1608	1946.81	2604
Iteration: 436	1445	1688	1985.13	2715
Iteration: 437	1445	1556	1966.68	2505
Iteration: 438	1445	1617	1960.48	2517
Iteration: 439	1445	1565	1960.2	2422
Iteration: 440	1445	1631	1986.13	2845
Iteration: 441	1445	1611	1970.94	2608
Iteration: 442	1445	1614	1955.23	2808
Iteration: 443	1445	1606	1975.83	2722
Iteration: 444	1445	1497	1966.06	2605
Iteration: 445	1445	1551	1953.43	2438
Iteration: 446	1445	1604	1972.93	2531
Iteration: 447	1445	1612	1950.05	2523
Iteration: 448	1445	1588	1946.81	2491
Iteration: 449	1445	1522	1984.52	2488
Iteration: 450	1445	1613	1975.36	2576
Iteration: 451	1445	1611	1971.47	2731
Iteration: 452	1445	1589	1976.37	2831
Iteration: 453	1445	1563	1957.09	2528
Iteration: 454	1445	1478	1968.92	2559
Iteration: 455	1445	1569	2005.97	2690
Iteration: 456	1445	1586	1984.93	2474
Iteration: 457	1445	1617	1945.2	2442
Iteration: 458	1445	1511	1991.54	2736
Iteration: 459	1445	1609	1956.66	2548
Iteration: 460	1445	1598	1952.97	2480
Iteration: 461	1445	1620	1986.14	2505
Iteration: 462	1445	1588	1972.13	2568
Iteration: 463	1445	1564	1950.9	2590
Iteration: 464	1445	1569	1939.53	2479
Iteration: 465	1445	1542	1966	2679
Iteration: 466	1445	1648	1992.62	2487
Iteration: 467	1445	1610	1946.92	2416
Iteration: 468	1445	1662	1990.95	2758
Iteration: 469	1445	1612	1984.55	2590
Iteration: 470	1445	1583	1988.37	2693
Iteration: 471	1445	1528	1960.7	2618
Iteration: 472	1445	1573	1971.81	2853
Iteration: 473	1445	1572	1931.85	2668
Iteration: 474	1445	1614	1959.06	2541
Iteration: 475	1445	1470	1948.93	2563
Iteration: 476	1445	1561	1993.25	2749
Iteration: 477	1445	1544	1987.93	2569
Iteration: 478	1445	1518	1957.47	2699
Iteration: 479	1445	1683	2000.63	2612
Iteration: 480	1445	1596	1965.87	2611
Iteration: 481	1445	1554	1987.41	2523
Iteration: 482	1445	1530	1939.13	2498
Iteration: 483	1445	1628	1957.04	2530
Iteration: 484	1445	1566	1974.81	2675
Iteration: 485	1445	1551	1949.55	2431
Iteration: 486	1445	1470	1959.49	2412
Iteration: 487	1445	1591	1966.8	2347
Iteration: 488	1445	1535	1942.78	2772
Iteration: 489	1445	1563	1952.7	2630
Iteration: 490	1445	1642	1987.41	2461
Iteration: 491	1445	1579	1956.71	2705
Iteration: 492	1445	1507	1966.85	2533
Iteration: 493	1445	1578	1956.82	2505
Iteration: 494	1445	1553	1939.08	2687
Iteration: 495	1445	1659	2013.4	2977
Iteration: 496	1445	1587	1971.76	2648
Iteration: 497	1445	1647	1966.07	2657
Iteration: 498	1445	1621	1957.92	2739
Iteration: 499	1445	1611	1985.52	3003
