Iteration: 0	1587	1587	1923.47	2814
Iteration: 1	1552	1552	1926.24	2421
Iteration: 2	1552	1684	1992.41	2526
Iteration: 3	1552	1579	2114.57	2795
Iteration: 4	1552	1689	2131.89	2623
Iteration: 5	1546	1546	2088.67	2781
Iteration: 6	1546	1630	2036.71	2792
Iteration: 7	1546	1680	2012.76	2657
Iteration: 8	1546	1670	2029.05	2808
Iteration: 9	1546	1576	2025.85	2825
Iteration: 10	1475	1475	2006.2	2656
Iteration: 11	1475	1653	2008.43	2662
Iteration: 12	1475	1540	1944.99	2602
Iteration: 13	1475	1648	1961.33	2512
Iteration: 14	1475	1574	1992.34	2582
Iteration: 15	1475	1583	1941.01	2510
Iteration: 16	1475	1568	1970.13	2589
Iteration: 17	1475	1532	1980.93	2762
Iteration: 18	1475	1536	1978.22	2603
Iteration: 19	1475	1640	1984.34	2512
Iteration: 20	1475	1615	1921.72	2419
Iteration: 21	1475	1524	1968.22	2581
Iteration: 22	1475	1605	1941.68	2453
Iteration: 23	1475	1578	1936.76	2565
Iteration: 24	1475	1501	1935.69	2644
Iteration: 25	1475	1678	1996.51	2680
Iteration: 26	1475	1670	1982.43	2550
Iteration: 27	1475	1647	1978.24	2516
Iteration: 28	1475	1568	1958.15	2486
Iteration: 29	1475	1655	1991.2	2491
Iteration: 30	1475	1585	1965.07	2858
Iteration: 31	1465	1465	1948.11	2572
Iteration: 32	1465	1615	1978	2657
Iteration: 33	1465	1616	1963.43	2530
Iteration: 34	1465	1637	1977.63	2742
Iteration: 35	1465	1582	1944.71	2783
Iteration: 36	1465	1513	1958.51	2510
Iteration: 37	1465	1527	1953.84	2812
Iteration: 38	1465	1604	1961.03	2487
Iteration: 39	1465	1500	1944.4	2656
Iteration: 40	1465	1574	1952.87	2899
Iteration: 41	1465	1666	1988.27	2966
Iteration: 42	1465	1580	1968.37	2801
Iteration: 43	1465	1620	1933.51	2452
Iteration: 44	1465	1573	1962.33	2353
Iteration: 45	1465	1589	1973.44	2605
Iteration: 46	1465	1598	1975.19	2788
Iteration: 47	1465	1659	1992.58	2710
Iteration: 48	1465	1636	1959.12	2401
Iteration: 49	1465	1595	1957.68	2889
Iteration: 50	1465	1533	1976.43	2622
Iteration: 51	1465	1523	1949.77	2430
Iteration: 52	1465	1551	1970.87	2562
Iteration: 53	1465	1558	1971.36	2512
Iteration: 54	1465	1592	1975.95	2924
Iteration: 55	1465	1631	1961.99	2573
Iteration: 56	1465	1492	1955.41	2558
Iteration: 57	1465	1587	1954.79	2757
Iteration: 58	1465	1615	1966.83	2533
Iteration: 59	1465	1492	1933.2	2591
Iteration: 60	1465	1632	1954.03	2637
Iteration: 61	1465	1555	1979.42	2702
Iteration: 62	1465	1541	1980.15	2710
Iteration: 63	1465	1661	2028.16	2630
Iteration: 64	1465	1570	1945.76	2537
Iteration: 65	1465	1595	1978.39	2691
Iteration: 66	1465	1576	2001.57	3285
Iteration: 67	1465	1613	1944.95	2577
Iteration: 68	1465	1547	1940.37	2678
Iteration: 69	1465	1619	1951.37	2728
Iteration: 70	1465	1559	1965.7	2709
Iteration: 71	1465	1618	1969.4	2506
Iteration: 72	1465	1612	1954.99	2711
Iteration: 73	1465	1559	1946.17	2557
Iteration: 74	1465	1583	1945.96	2627
Iteration: 75	1465	1550	1914.68	2356
Iteration: 76	1465	1644	1941.94	2556
Iteration: 77	1465	1622	1982.53	2603
Iteration: 78	1465	1597	1981.63	2574
Iteration: 79	1465	1577	1940.67	2455
Iteration: 80	1465	1581	1951.31	2742
Iteration: 81	1465	1622	1927.77	2581
Iteration: 82	1465	1567	1934.36	2604
Iteration: 83	1465	1562	1938.99	2476
Iteration: 84	1465	1579	2009.73	2711
Iteration: 85	1465	1540	1916.66	2443
Iteration: 86	1465	1642	1987.72	2811
Iteration: 87	1465	1577	1985.65	2758
Iteration: 88	1465	1599	1961.87	2715
Iteration: 89	1465	1648	1971.95	2716
Iteration: 90	1465	1537	1973.3	2593
Iteration: 91	1465	1603	1967.64	2792
Iteration: 92	1465	1589	1972.43	2594
Iteration: 93	1465	1535	1956.42	2689
Iteration: 94	1465	1580	2004.35	2940
Iteration: 95	1465	1559	1944.85	2628
Iteration: 96	1465	1593	1952.64	2536
Iteration: 97	1465	1634	1940.29	2366
Iteration: 98	1465	1498	1993.63	2721
Iteration: 99	1465	1595	1961.7	2472
Iteration: 100	1465	1658	1998.43	3014
Iteration: 101	1465	1643	1946.04	2547
Iteration: 102	1465	1549	1959.08	2662
Iteration: 103	1465	1572	1953.88	2420
Iteration: 104	1465	1601	1945.64	2525
Iteration: 105	1465	1526	1973.75	2812
Iteration: 106	1465	1590	1961.86	2479
Iteration: 107	1465	1591	1953.86	2510
Iteration: 108	1465	1584	1969.09	2492
Iteration: 109	1465	1597	2001.85	2713
Iteration: 110	1465	1601	1979.61	2515
Iteration: 111	1465	1578	1899.97	2755
Iteration: 112	1465	1623	1984.11	2571
Iteration: 113	1465	1593	1975.87	2608
Iteration: 114	1465	1545	1948.39	2670
Iteration: 115	1465	1612	1962.15	2387
Iteration: 116	1465	1502	1974.51	2573
Iteration: 117	1465	1576	1964.93	2582
Iteration: 118	1465	1618	1938.36	2520
Iteration: 119	1465	1617	1965.41	2525
Iteration: 120	1465	1545	1955.36	2449
Iteration: 121	1465	1560	1972.22	2568
Iteration: 122	1465	1570	1961.75	2605
Iteration: 123	1465	1575	1935.29	2651
Iteration: 124	1465	1536	1952.28	2749
Iteration: 125	1465	1570	1968.67	2689
Iteration: 126	1465	1527	1948.51	2554
Iteration: 127	1465	1593	1987.3	2859
Iteration: 128	1465	1581	1938.24	2605
Iteration: 129	1465	1663	1977.29	2421
Iteration: 130	1465	1560	1990.25	2685
Iteration: 131	1465	1589	1986.27	2583
Iteration: 132	1465	1563	1984.29	2474
Iteration: 133	1465	1600	1931.84	2644
Iteration: 134	1465	1610	1974.13	2432
Iteration: 135	1465	1627	1995.87	2769
Iteration: 136	1465	1618	1936.83	2323
Iteration: 137	1465	1561	1968.82	2558
Iteration: 138	1465	1603	1957.84	2395
Iteration: 139	1465	1615	1953.08	2435
Iteration: 140	1465	1569	1952.01	2571
Iteration: 141	1465	1639	1982.97	2520
Iteration: 142	1465	1662	1943.04	2537
Iteration: 143	1465	1604	1960.4	2703
Iteration: 144	1465	1534	1992.64	2533
Iteration: 145	1465	1522	1958.29	2615
Iteration: 146	1465	1567	1955.8	2479
Iteration: 147	1465	1546	1965.71	2790
Iteration: 148	1465	1588	1941.55	2871
Iteration: 149	1465	1482	1951.15	2488
Iteration: 150	1465	1593	1966.98	2575
Iteration: 151	1465	1560	1979.33	2601
Iteration: 152	1465	1546	1936.3	2522
Iteration: 153	1465	1572	1998.58	2661
Iteration: 154	1465	1588	1977.36	2551
Iteration: 155	1465	1528	2000.47	3034
Iteration: 156	1465	1594	1946.6	2641
Iteration: 157	1465	1662	1996.78	2689
Iteration: 158	1465	1525	1950.12	2386
Iteration: 159	1465	1619	1936.44	2421
Iteration: 160	1465	1602	1980.38	2947
Iteration: 161	1465	1517	1973.11	2777
Iteration: 162	1465	1519	1915.13	2626
Iteration: 163	1465	1576	1998.83	2823
Iteration: 164	1465	1601	1963.55	2507
Iteration: 165	1465	1614	1975.11	2497
Iteration: 166	1465	1535	1975.14	2738
Iteration: 167	1465	1621	1957.36	2804
Iteration: 168	1465	1488	1941.28	2478
Iteration: 169	1465	1556	1942.77	2455
Iteration: 170	1465	1559	1959.49	2404
Iteration: 171	1465	1604	1961.58	2890
Iteration: 172	1465	1615	1962.43	2774
Iteration: 173	1465	1597	1963.36	2509
Iteration: 174	1465	1635	1960.89	2517
Iteration: 175	1465	1633	1986.2	2928
Iteration: 176	1465	1637	1949.69	2534
Iteration: 177	1465	1540	1963.85	2859
Iteration: 178	1465	1605	1920.06	2429
Iteration: 179	1465	1658	1984.87	2568
Iteration: 180	1465	1615	1943.35	2752
Iteration: 181	1465	1640	1976.93	2728
Iteration: 182	1465	1635	1977.88	2515
Iteration: 183	1465	1569	1998.14	2722
Iteration: 184	1465	1624	2020.25	2753
Iteration: 185	1465	1502	1977.23	2547
Iteration: 186	1465	1613	1953.09	2886
Iteration: 187	1465	1601	2000.94	2596
Iteration: 188	1465	1588	1964.41	2686
Iteration: 189	1465	1594	1993.49	2865
Iteration: 190	1465	1624	1977.57	2746
Iteration: 191	1465	1606	1948.6	2350
Iteration: 192	1465	1649	1965.52	2893
Iteration: 193	1465	1489	1970.11	2472
Iteration: 194	1465	1582	1947.6	2778
Iteration: 195	1465	1577	1968.48	2628
Iteration: 196	1465	1623	1969.89	2557
Iteration: 197	1465	1567	1949.65	2405
Iteration: 198	1465	1613	1990.16	2882
Iteration: 199	1465	1590	1988.55	2621
Iteration: 200	1465	1595	1956.95	2702
Iteration: 201	1465	1592	1950.02	2483
Iteration: 202	1465	1616	1962.06	2785
Iteration: 203	1465	1614	1991.9	2502
Iteration: 204	1465	1605	1967.01	2666
Iteration: 205	1465	1511	1960.95	2732
Iteration: 206	1465	1588	1939	2546
Iteration: 207	1465	1603	1979.56	2531
Iteration: 208	1465	1588	1972.67	2565
Iteration: 209	1465	1525	1970.25	2839
Iteration: 210	1465	1586	1978.1	2678
Iteration: 211	1465	1626	1982.26	2754
Iteration: 212	1465	1555	1934.1	2376
Iteration: 213	1465	1577	1958.71	2420
Iteration: 214	1465	1533	1945.96	2559
Iteration: 215	1465	1574	1980.65	2576
Iteration: 216	1465	1580	1979.86	2704
Iteration: 217	1465	1580	1976.97	2709
Iteration: 218	1465	1588	2000.85	2754
Iteration: 219	1465	1524	1942.41	2514
Iteration: 220	1465	1593	1989.95	2721
Iteration: 221	1465	1589	1960.15	2705
Iteration: 222	1465	1586	1950.86	2542
Iteration: 223	1465	1575	1985.89	2937
Iteration: 224	1465	1620	1980.34	2559
Iteration: 225	1465	1621	1919.92	2766
Iteration: 226	1465	1540	1962.51	2650
Iteration: 227	1465	1503	1924.76	2479
Iteration: 228	1465	1558	1945.58	3113
Iteration: 229	1465	1585	1950.88	2875
Iteration: 230	1465	1609	1964.51	2762
Iteration: 231	1465	1598	1977.74	2631
Iteration: 232	1465	1635	1942.81	2635
Iteration: 233	1465	1560	1968.54	2834
Iteration: 234	1465	1617	1964.21	2531
Iteration: 235	1465	1583	1955.45	2519
Iteration: 236	1465	1628	1960.84	2498
Iteration: 237	1465	1614	1987	2779
Iteration: 238	1465	1608	2013.63	2760
Iteration: 239	1465	1598	1953.61	2578
Iteration: 240	1465	1644	1953.26	2433
Iteration: 241	1465	1637	1989.57	2742
Iteration: 242	1465	1514	1964.03	2723
Iteration: 243	1465	1571	1939.85	2518
Iteration: 244	1465	1625	1986.48	2643
Iteration: 245	1465	1548	1981.73	2668
Iteration: 246	1465	1576	1974.37	2612
Iteration: 247	1465	1637	1986.63	2745
Iteration: 248	1465	1646	1955.91	2769
Iteration: 249	1465	1627	1958.95	2523
Iteration: 250	1465	1623	1952.5	2564
Iteration: 251	1465	1596	1958.08	2619
Iteration: 252	1465	1630	1993.5	2728
Iteration: 253	1465	1618	1955.35	2601
Iteration: 254	1465	1607	1980.24	2570
Iteration: 255	1465	1571	1918.6	2429
Iteration: 256	1465	1573	1962.1	2621
Iteration: 257	1465	1552	1954.84	2420
Iteration: 258	1465	1625	1968.65	2570
Iteration: 259	1465	1525	2006.3	2716
Iteration: 260	1465	1591	1964.52	2514
Iteration: 261	1465	1648	1979.15	2631
Iteration: 262	1465	1586	1980.41	2688
Iteration: 263	1465	1520	1958.11	2971
Iteration: 264	1465	1575	1971.53	2739
Iteration: 265	1465	1602	1982.86	2688
Iteration: 266	1465	1643	1963.03	2793
Iteration: 267	1465	1496	1944.68	2549
Iteration: 268	1465	1522	1963.23	2740
Iteration: 269	1465	1608	1972.05	3088
Iteration: 270	1465	1530	1960.46	2530
Iteration: 271	1465	1541	1914.5	2488
Iteration: 272	1465	1579	1968.92	3109
Iteration: 273	1465	1532	1959.18	2761
Iteration: 274	1465	1607	1948.64	2574
Iteration: 275	1465	1563	1966.51	2532
Iteration: 276	1465	1590	1946.2	2573
Iteration: 277	1465	1545	1947.72	2553
Iteration: 278	1465	1553	1966.67	2675
Iteration: 279	1465	1508	1990.96	2813
Iteration: 280	1465	1516	1940.51	2646
Iteration: 281	1465	1570	1967.39	2515
Iteration: 282	1465	1559	1940.26	2763
Iteration: 283	1465	1575	1960.92	2479
Iteration: 284	1465	1607	1962.66	2649
Iteration: 285	1465	1584	1952.98	2426
Iteration: 286	1465	1613	2020.49	2800
Iteration: 287	1465	1606	1972.56	2728
Iteration: 288	1465	1575	1986.37	2629
Iteration: 289	1465	1589	1910.65	2570
Iteration: 290	1465	1635	2019.8	2618
Iteration: 291	1465	1557	1976.53	2641
Iteration: 292	1465	1613	1983.63	2632
Iteration: 293	1465	1558	1987.5	2733
Iteration: 294	1465	1589	1983.75	2610
Iteration: 295	1465	1578	1968.28	2715
Iteration: 296	1465	1562	1944	2814
Iteration: 297	1465	1608	1941.76	2683
Iteration: 298	1465	1541	1975.25	2607
Iteration: 299	1465	1558	1922.92	2536
Iteration: 300	1465	1599	2004.24	3187
Iteration: 301	1465	1604	2004.03	2632
Iteration: 302	1465	1597	1926.49	2582
Iteration: 303	1465	1610	1964.55	2559
Iteration: 304	1465	1573	1960.38	2517
Iteration: 305	1465	1588	1967.93	2754
Iteration: 306	1465	1528	1963.95	2493
Iteration: 307	1465	1596	1966.83	2811
Iteration: 308	1465	1513	1992.92	2631
Iteration: 309	1465	1621	1969.75	2546
Iteration: 310	1465	1612	1964.81	2724
Iteration: 311	1465	1549	1964.47	2727
Iteration: 312	1465	1593	1945.45	2427
Iteration: 313	1465	1623	1979.38	2604
Iteration: 314	1465	1616	1943.09	2638
Iteration: 315	1465	1529	1945.59	2584
Iteration: 316	1465	1626	1967.82	2860
Iteration: 317	1465	1610	1960.75	2556
Iteration: 318	1465	1540	1981.29	2502
Iteration: 319	1465	1551	1972.18	2446
Iteration: 320	1465	1611	1934.22	2399
Iteration: 321	1465	1552	1949.3	2447
Iteration: 322	1465	1618	2022.64	3055
Iteration: 323	1465	1583	1931.4	2387
Iteration: 324	1465	1610	1966.76	2713
Iteration: 325	1465	1602	1992.3	2555
Iteration: 326	1465	1656	1971.13	2378
Iteration: 327	1465	1593	1955.26	2678
Iteration: 328	1465	1572	1946.16	2466
Iteration: 329	1465	1578	1963.35	2542
Iteration: 330	1465	1557	1989.95	2759
Iteration: 331	1465	1607	1976.07	2681
Iteration: 332	1465	1530	1942.85	2418
Iteration: 333	1465	1629	1947.74	2549
Iteration: 334	1465	1575	1970.43	2529
Iteration: 335	1465	1593	1954.94	2447
Iteration: 336	1465	1665	1967.91	2633
Iteration: 337	1465	1582	1956.79	2526
Iteration: 338	1465	1628	1984.71	2676
Iteration: 339	1465	1560	1967.57	2714
Iteration: 340	1465	1617	1950.34	2758
Iteration: 341	1465	1562	1961.83	2726
Iteration: 342	1465	1556	2011.54	2969
Iteration: 343	1465	1576	1973.35	2815
Iteration: 344	1465	1555	1956.61	2472
Iteration: 345	1465	1564	1954.08	2834
Iteration: 346	1465	1615	1981.81	2606
Iteration: 347	1465	1517	1962.81	2410
Iteration: 348	1465	1524	1936.87	2561
Iteration: 349	1465	1585	1948.02	2470
Iteration: 350	1465	1491	1962.62	2649
Iteration: 351	1465	1584	1965.62	2583
Iteration: 352	1465	1522	1976.17	2708
Iteration: 353	1465	1656	1995.77	2825
Iteration: 354	1465	1541	1963.45	2666
Iteration: 355	1465	1638	1971.07	2696
Iteration: 356	1465	1593	1947.88	2729
Iteration: 357	1465	1586	1982.08	2634
Iteration: 358	1465	1657	1955.99	2629
Iteration: 359	1465	1567	1944.64	2675
Iteration: 360	1465	1555	1967.1	2538
Iteration: 361	1465	1578	1921.57	2499
Iteration: 362	1465	1588	1970.1	2510
Iteration: 363	1465	1618	1967.16	2642
Iteration: 364	1465	1614	1933.37	2599
Iteration: 365	1465	1613	1957.55	2561
Iteration: 366	1465	1620	1977.16	2410
Iteration: 367	1465	1598	1971.81	2684
Iteration: 368	1465	1602	1971.28	2504
Iteration: 369	1465	1503	1977.63	2464
Iteration: 370	1465	1623	1959.77	2740
Iteration: 371	1465	1582	2005.65	2678
Iteration: 372	1465	1593	1952.49	2422
Iteration: 373	1465	1567	1990.83	2661
Iteration: 374	1465	1638	1982.17	2598
Iteration: 375	1465	1560	1979.89	2940
Iteration: 376	1465	1606	1994.83	3078
Iteration: 377	1465	1647	1997.96	2641
Iteration: 378	1465	1593	1973.57	2511
Iteration: 379	1465	1556	1965.22	2663
Iteration: 380	1465	1641	1945.73	2673
Iteration: 381	1465	1608	1998.97	2708
Iteration: 382	1465	1620	1996.74	3017
Iteration: 383	1465	1583	1966.06	2708
Iteration: 384	1465	1593	2001.03	2652
Iteration: 385	1465	1620	1974.4	2447
Iteration: 386	1465	1604	1949.1	2610
Iteration: 387	1465	1636	1974.77	2620
Iteration: 388	1465	1623	1987.97	2483
Iteration: 389	1465	1586	1999.49	2530
Iteration: 390	1465	1616	1953.06	2519
Iteration: 391	1465	1533	1973.36	2552
Iteration: 392	1465	1613	1963.46	2688
Iteration: 393	1465	1599	1958.5	2440
Iteration: 394	1465	1612	1933.82	2587
Iteration: 395	1465	1570	1990	2735
Iteration: 396	1465	1535	1943.59	2495
Iteration: 397	1465	1581	1972	2661
Iteration: 398	1465	1603	1992.25	2891
Iteration: 399	1465	1626	1970.5	2478
Iteration: 400	1465	1555	1947.49	2523
Iteration: 401	1465	1573	1991.54	2654
Iteration: 402	1465	1538	1929.04	2369
Iteration: 403	1465	1561	1979.49	2671
Iteration: 404	1465	1621	2004.27	2740
Iteration: 405	1465	1614	1964.13	2633
Iteration: 406	1465	1525	1980.28	2521
Iteration: 407	1465	1629	1934.63	2764
Iteration: 408	1465	1550	1951.88	2711
Iteration: 409	1465	1578	1985.55	2585
Iteration: 410	1465	1555	1990.26	2889
Iteration: 411	1465	1563	1974.03	2718
Iteration: 412	1465	1602	1966.06	2647
Iteration: 413	1465	1592	1979.6	2611
Iteration: 414	1465	1562	1930.58	2450
Iteration: 415	1465	1569	1971.47	2675
Iteration: 416	1465	1613	1963.16	2638
Iteration: 417	1465	1643	2005.86	2945
Iteration: 418	1465	1562	1994.69	2612
Iteration: 419	1465	1563	1958.51	2784
Iteration: 420	1465	1584	1964.27	2539
Iteration: 421	1465	1571	1967.49	2593
Iteration: 422	1465	1609	1930.94	2518
Iteration: 423	1465	1539	1968.2	2578
Iteration: 424	1465	1622	1959.18	2699
Iteration: 425	1465	1628	1959.33	2587
Iteration: 426	1465	1609	1958.71	2450
Iteration: 427	1465	1561	1976.15	2781
Iteration: 428	1465	1585	1994.06	2637
Iteration: 429	1465	1575	1957.39	2617
Iteration: 430	1465	1546	1944.81	2527
Iteration: 431	1465	1580	1976.04	2849
Iteration: 432	1465	1553	1989.01	2589
Iteration: 433	1465	1580	1987.55	2721
Iteration: 434	1465	1559	1965.65	2626
Iteration: 435	1465	1615	1938.26	2512
Iteration: 436	1465	1567	1982.43	2661
Iteration: 437	1465	1506	1972.75	2597
Iteration: 438	1465	1559	1957.42	2793
Iteration: 439	1465	1599	1971.29	3002
Iteration: 440	1465	1580	1972.17	2472
Iteration: 441	1465	1651	1985.56	2566
Iteration: 442	1465	1607	1962.36	2679
Iteration: 443	1465	1573	1945.18	2601
Iteration: 444	1465	1565	1950.36	2476
Iteration: 445	1465	1540	1948.47	2772
Iteration: 446	1465	1507	1950.15	2611
Iteration: 447	1465	1580	1981.11	2745
Iteration: 448	1465	1581	1943.01	2756
Iteration: 449	1465	1555	1983.99	2723
Iteration: 450	1465	1584	1943.85	2684
Iteration: 451	1465	1538	1944.8	2434
Iteration: 452	1465	1614	1940.47	2325
Iteration: 453	1465	1606	1984.93	2902
Iteration: 454	1465	1616	1949.3	2436
Iteration: 455	1465	1534	1980.18	2756
Iteration: 456	1465	1562	1997.9	2693
Iteration: 457	1465	1610	1983.33	2782
Iteration: 458	1465	1652	1972.12	2598
Iteration: 459	1465	1620	1967.58	2721
Iteration: 460	1465	1576	1952.93	2673
Iteration: 461	1465	1601	1960.79	2773
Iteration: 462	1465	1586	1969.38	2660
Iteration: 463	1465	1572	1943.91	2786
Iteration: 464	1465	1628	1964.1	2727
Iteration: 465	1465	1564	1964.55	2656
Iteration: 466	1465	1615	1991.48	2789
Iteration: 467	1465	1559	2015.63	2540
Iteration: 468	1465	1623	1923.63	2416
Iteration: 469	1465	1590	1973.9	2664
Iteration: 470	1465	1562	1955.43	2720
Iteration: 471	1465	1600	1996.8	2753
Iteration: 472	1465	1659	1984.74	2735
Iteration: 473	1465	1523	1963.9	2486
Iteration: 474	1465	1647	1991.49	2799
Iteration: 475	1465	1566	1955.84	2676
Iteration: 476	1465	1622	1994.45	2817
Iteration: 477	1465	1557	1957.63	2582
Iteration: 478	1465	1653	1962.99	2438
Iteration: 479	1465	1561	1971.17	2400
Iteration: 480	1465	1586	1965.4	2437
Iteration: 481	1465	1555	2005.33	2628
Iteration: 482	1465	1523	1999.51	2717
Iteration: 483	1465	1538	1954.93	2864
Iteration: 484	1465	1647	1931.62	2602
Iteration: 485	1465	1625	2003.08	2639
Iteration: 486	1465	1610	1958.42	2791
Iteration: 487	1465	1560	1993.95	2696
Iteration: 488	1465	1626	1997.51	2653
Iteration: 489	1465	1586	1962.4	2422
Iteration: 490	1465	1520	1979.61	2743
Iteration: 491	1465	1484	1944.91	2454
Iteration: 492	1465	1558	1970.71	2526
Iteration: 493	1465	1641	1981.23	2601
Iteration: 494	1465	1577	1974.16	2660
Iteration: 495	1465	1579	1985.19	2641
Iteration: 496	1465	1610	1974.38	2646
Iteration: 497	1465	1643	1962.09	2438
Iteration: 498	1465	1578	1987.79	2595
Iteration: 499	1465	1603	1958.95	2705
