Iteration: 0	1610	1610	1927.44	2455
Iteration: 1	1546	1546	1925.94	2605
Iteration: 2	1546	1570	1973.69	2698
Iteration: 3	1546	1658	2077.67	2724
Iteration: 4	1546	1632	2161.12	2743
Iteration: 5	1546	1693	2081.83	2992
Iteration: 6	1546	1610	2060.15	2646
Iteration: 7	1546	1548	2039.2	2602
Iteration: 8	1546	1574	1995.1	2925
Iteration: 9	1546	1654	1984.24	2644
Iteration: 10	1546	1648	1960.42	2715
Iteration: 11	1546	1639	1955.93	2601
Iteration: 12	1471	1471	2007.23	2623
Iteration: 13	1471	1518	1961.7	2450
Iteration: 14	1471	1595	2018.73	2725
Iteration: 15	1471	1591	2001.11	2555
Iteration: 16	1471	1509	1985.23	2526
Iteration: 17	1471	1544	1967.82	2567
Iteration: 18	1471	1651	1951.6	3097
Iteration: 19	1471	1555	1935.23	2517
Iteration: 20	1471	1609	1945.17	2858
Iteration: 21	1451	1451	1970.43	2488
Iteration: 22	1451	1557	1970.34	2649
Iteration: 23	1451	1553	1947.88	2728
Iteration: 24	1451	1614	1990.65	2587
Iteration: 25	1451	1646	1978.15	2471
Iteration: 26	1451	1588	1997.16	2629
Iteration: 27	1451	1547	1984.98	3008
Iteration: 28	1451	1617	1947.73	2525
Iteration: 29	1451	1580	1981.75	2531
Iteration: 30	1451	1568	2004.96	2756
Iteration: 31	1451	1612	1982.17	2542
Iteration: 32	1451	1616	1970.57	2811
Iteration: 33	1451	1522	1984.23	2911
Iteration: 34	1451	1617	1994.27	2456
Iteration: 35	1451	1569	1956.6	2824
Iteration: 36	1451	1593	1970.75	2479
Iteration: 37	1451	1484	1963.67	2631
Iteration: 38	1451	1543	1958.99	2735
Iteration: 39	1451	1605	1944.03	2614
Iteration: 40	1451	1575	1938.32	2449
Iteration: 41	1451	1602	1932.31	2543
Iteration: 42	1451	1576	1963.39	2474
Iteration: 43	1451	1617	1997.12	2742
Iteration: 44	1451	1574	1979.46	2746
Iteration: 45	1451	1491	1966.97	2501
Iteration: 46	1451	1499	1966.29	2605
Iteration: 47	1451	1556	1953.77	2566
Iteration: 48	1451	1578	1950.95	2564
Iteration: 49	1451	1580	1926.81	2625
Iteration: 50	1451	1653	1988.95	2614
Iteration: 51	1451	1554	1950.04	2604
Iteration: 52	1451	1650	1982.31	2551
Iteration: 53	1451	1529	1960.5	2431
Iteration: 54	1451	1615	1988.74	2519
Iteration: 55	1451	1547	1975.55	2748
Iteration: 56	1451	1603	1951.45	2271
Iteration: 57	1451	1565	1965.46	2727
Iteration: 58	1451	1645	1990.76	2527
Iteration: 59	1451	1603	1975.29	2787
Iteration: 60	1451	1600	1946.8	2963
Iteration: 61	1451	1572	1985.8	2656
Iteration: 62	1451	1611	1972.05	2688
Iteration: 63	1451	1559	1937.76	2450
Iteration: 64	1451	1611	1987.9	2846
Iteration: 65	1451	1621	1977.68	2560
Iteration: 66	1451	1536	1954.17	2681
Iteration: 67	1451	1637	1979.16	2601
Iteration: 68	1451	1555	1959.57	2488
Iteration: 69	1451	1644	1983.48	2577
Iteration: 70	1451	1602	1971.83	2855
Iteration: 71	1451	1596	2012.6	2537
Iteration: 72	1451	1615	2019.46	2662
Iteration: 73	1451	1611	1967.41	2586
Iteration: 74	1451	1576	1923.04	2499
Iteration: 75	1451	1571	1937.96	2523
Iteration: 76	1451	1607	1975.68	2583
Iteration: 77	1451	1536	1956.88	2550
Iteration: 78	1451	1616	1979.39	2759
Iteration: 79	1451	1570	1948.39	2564
Iteration: 80	1451	1571	1921.95	2622
Iteration: 81	1451	1565	1955.62	2687
Iteration: 82	1451	1559	1950.85	2675
Iteration: 83	1451	1592	1984.81	2678
Iteration: 84	1451	1524	1946.88	2615
Iteration: 85	1451	1568	1969.38	2747
Iteration: 86	1451	1566	1964.97	2720
Iteration: 87	1451	1586	1955.9	2615
Iteration: 88	1451	1534	1937.42	2663
Iteration: 89	1451	1655	1976.43	2693
Iteration: 90	1451	1577	2024.67	2706
Iteration: 91	1451	1573	1970.76	2628
Iteration: 92	1451	1570	1988.25	2595
Iteration: 93	1451	1590	1964.96	2501
Iteration: 94	1451	1606	1991.61	2614
Iteration: 95	1451	1476	1957.01	2695
Iteration: 96	1451	1639	1986.93	2561
Iteration: 97	1451	1615	1947.33	2480
Iteration: 98	1451	1542	1914.21	2543
Iteration: 99	1451	1544	1955.98	2582
Iteration: 100	1451	1586	1951.67	2612
Iteration: 101	1451	1586	1966.68	2488
Iteration: 102	1451	1542	2001.49	2496
Iteration: 103	1451	1582	1971.99	2634
Iteration: 104	1451	1587	1964.15	2612
Iteration: 105	1451	1538	1946.26	2568
Iteration: 106	1451	1564	1985.58	3159
Iteration: 107	1451	1634	1968.33	2645
Iteration: 108	1451	1548	1960.52	2661
Iteration: 109	1451	1574	1943.02	2549
Iteration: 110	1451	1584	1962.99	2548
Iteration: 111	1451	1583	1978.52	2594
Iteration: 112	1451	1603	2009.92	2540
Iteration: 113	1451	1537	1992.51	2827
Iteration: 114	1451	1629	1927.31	2402
Iteration: 115	1451	1554	1972.6	2800
Iteration: 116	1451	1675	1987.46	2566
Iteration: 117	1451	1590	1942.76	2464
Iteration: 118	1451	1516	1925	2553
Iteration: 119	1451	1583	1951.82	2630
Iteration: 120	1451	1626	1971.72	2434
Iteration: 121	1451	1605	1923.8	2607
Iteration: 122	1451	1588	1975	2790
Iteration: 123	1451	1610	1913.46	2515
Iteration: 124	1451	1575	1982.43	3101
Iteration: 125	1451	1616	1962.69	2714
Iteration: 126	1451	1583	1977.49	2544
Iteration: 127	1451	1582	1979.59	3054
Iteration: 128	1451	1547	1967.85	2529
Iteration: 129	1451	1608	1978.93	2767
Iteration: 130	1451	1536	2017.87	2706
Iteration: 131	1451	1460	1988.4	2759
Iteration: 132	1451	1584	1991.47	2757
Iteration: 133	1451	1600	1955.98	2737
Iteration: 134	1451	1633	1990.34	2533
Iteration: 135	1451	1512	1925.73	2542
Iteration: 136	1451	1564	1977.95	2600
Iteration: 137	1451	1561	2009.59	2887
Iteration: 138	1451	1550	1975.5	2647
Iteration: 139	1451	1627	1977.81	2868
Iteration: 140	1451	1633	1938.96	2564
Iteration: 141	1451	1599	1952.32	2596
Iteration: 142	1451	1587	1970.11	2373
Iteration: 143	1451	1624	1994.21	2563
Iteration: 144	1451	1553	1972.95	2620
Iteration: 145	1451	1630	2027.71	2632
Iteration: 146	1451	1578	1977.49	2668
Iteration: 147	1451	1574	1930.59	2417
Iteration: 148	1451	1566	1951.42	2564
Iteration: 149	1451	1597	1967.7	2628
Iteration: 150	1451	1523	1963.64	2626
Iteration: 151	1451	1581	1973.85	2571
Iteration: 152	1451	1575	1972.52	2752
Iteration: 153	1451	1649	1960.13	2463
Iteration: 154	1451	1599	2000.19	2426
Iteration: 155	1451	1505	1941.93	2642
Iteration: 156	1451	1608	1945.94	2444
Iteration: 157	1451	1550	1978.24	2735
Iteration: 158	1451	1596	1990.43	2600
Iteration: 159	1451	1600	1979.16	2560
Iteration: 160	1451	1644	1973.95	2497
Iteration: 161	1451	1558	1956.48	2460
Iteration: 162	1451	1543	1964.09	2535
Iteration: 163	1451	1536	1984.61	2653
Iteration: 164	1451	1510	1948.57	2514
Iteration: 165	1451	1587	1973.08	2624
Iteration: 166	1451	1663	1947.22	2481
Iteration: 167	1451	1581	1989.45	2769
Iteration: 168	1451	1591	1975.49	2620
Iteration: 169	1451	1591	1984.63	2686
Iteration: 170	1451	1550	1976.01	2730
Iteration: 171	1451	1668	1974.2	2564
Iteration: 172	1451	1635	1970.7	2805
Iteration: 173	1451	1640	1967.59	2507
Iteration: 174	1451	1588	1974.25	2450
Iteration: 175	1451	1580	1996.52	2623
Iteration: 176	1451	1613	1960.25	2866
Iteration: 177	1451	1617	1986.6	2577
Iteration: 178	1451	1576	1979.59	2555
Iteration: 179	1451	1628	1934.1	2532
Iteration: 180	1451	1550	1950.63	2711
Iteration: 181	1451	1582	1980.91	2671
Iteration: 182	1451	1629	1962.57	2888
Iteration: 183	1451	1542	1950.49	2569
Iteration: 184	1451	1579	1953.06	2548
Iteration: 185	1451	1600	1943.01	2742
Iteration: 186	1451	1608	1980.52	2705
Iteration: 187	1451	1557	1977.41	2661
Iteration: 188	1451	1659	1978.83	2731
Iteration: 189	1451	1639	1945.17	2746
Iteration: 190	1451	1595	1952.73	2625
Iteration: 191	1451	1596	1988.11	2424
Iteration: 192	1451	1555	1965.69	2550
Iteration: 193	1451	1531	1946.92	2596
Iteration: 194	1451	1567	1938.32	2527
Iteration: 195	1451	1621	1953.2	2585
Iteration: 196	1451	1526	1967.26	2805
Iteration: 197	1451	1580	1972.47	2680
Iteration: 198	1451	1549	1950.33	2537
Iteration: 199	1451	1603	1966.97	2525
Iteration: 200	1451	1570	1938.93	2649
Iteration: 201	1451	1606	1977.99	2479
Iteration: 202	1448	1448	1990.95	3299
Iteration: 203	1448	1642	2002.78	2594
Iteration: 204	1448	1617	1958.9	2766
Iteration: 205	1448	1593	1990.05	2662
Iteration: 206	1448	1507	1950.3	2553
Iteration: 207	1448	1607	1922.46	2384
Iteration: 208	1448	1556	1998.51	2703
Iteration: 209	1448	1577	1995.33	2850
Iteration: 210	1448	1596	1969.42	2720
Iteration: 211	1448	1595	1976.16	2574
Iteration: 212	1448	1605	1956.92	2707
Iteration: 213	1448	1558	1938.14	2369
Iteration: 214	1448	1656	1986.75	2745
Iteration: 215	1448	1613	1969.73	2716
Iteration: 216	1448	1638	1972.15	2795
Iteration: 217	1448	1616	1980.26	2643
Iteration: 218	1448	1575	1952.99	2693
Iteration: 219	1448	1568	1974.61	2651
Iteration: 220	1448	1636	1955.53	2598
Iteration: 221	1448	1637	1938.13	2600
Iteration: 222	1448	1514	1973.73	2932
Iteration: 223	1448	1580	1954.19	2421
Iteration: 224	1448	1645	1962.49	2629
Iteration: 225	1448	1489	1933.74	2459
Iteration: 226	1448	1602	1984.22	2677
Iteration: 227	1448	1639	1980.36	2684
Iteration: 228	1448	1551	2002.48	2808
Iteration: 229	1448	1621	1950.26	2501
Iteration: 230	1448	1580	1972.69	2484
Iteration: 231	1448	1625	1993.1	2669
Iteration: 232	1448	1575	1918.06	2542
Iteration: 233	1448	1622	1976.24	2462
Iteration: 234	1448	1548	1982.48	2541
Iteration: 235	1448	1584	1997.81	2539
Iteration: 236	1448	1589	1961.77	2458
Iteration: 237	1448	1519	1960.89	2565
Iteration: 238	1448	1534	1990.84	2760
Iteration: 239	1448	1556	1945.33	2525
Iteration: 240	1448	1621	1987.27	2590
Iteration: 241	1448	1599	2011.7	2568
Iteration: 242	1448	1554	1929.22	2710
Iteration: 243	1448	1560	1949.55	2415
Iteration: 244	1448	1473	1960.36	2561
Iteration: 245	1448	1585	1970.36	2591
Iteration: 246	1448	1472	1964.73	2562
Iteration: 247	1448	1600	1926.9	2628
Iteration: 248	1448	1572	1975.86	2634
Iteration: 249	1448	1575	1943.36	2654
Iteration: 250	1448	1581	1966.43	2522
Iteration: 251	1448	1587	2007.24	2678
Iteration: 252	1448	1640	1971.3	2784
Iteration: 253	1448	1542	1949.39	2767
Iteration: 254	1448	1526	1965.01	2917
Iteration: 255	1448	1586	1971.24	2794
Iteration: 256	1448	1556	1967.43	2591
Iteration: 257	1448	1479	1991.27	2702
Iteration: 258	1448	1549	1960.06	2599
Iteration: 259	1448	1573	1989.42	2492
Iteration: 260	1448	1678	1982.99	2708
Iteration: 261	1448	1588	1976.44	2745
Iteration: 262	1448	1589	1988.8	2756
Iteration: 263	1448	1548	1980.58	2584
Iteration: 264	1448	1516	1949.73	2407
Iteration: 265	1448	1594	2000.99	2566
Iteration: 266	1448	1612	1956.13	2663
Iteration: 267	1448	1593	1977.78	2755
Iteration: 268	1448	1560	1975.84	2588
Iteration: 269	1448	1584	1984.55	2700
Iteration: 270	1448	1545	1966.02	2653
Iteration: 271	1448	1602	1929.54	2644
Iteration: 272	1448	1578	1976.92	2569
Iteration: 273	1448	1559	1957.8	2431
Iteration: 274	1448	1610	1936.18	2467
Iteration: 275	1448	1621	1955.35	2605
Iteration: 276	1448	1578	1958.47	2593
Iteration: 277	1448	1520	1941.58	2636
Iteration: 278	1448	1530	1981.11	2585
Iteration: 279	1448	1559	1997.64	2766
Iteration: 280	1448	1535	1926.68	2579
Iteration: 281	1448	1564	1968.54	2558
Iteration: 282	1448	1608	1975.86	2604
Iteration: 283	1448	1573	1973.12	2545
Iteration: 284	1448	1588	1991.14	3222
Iteration: 285	1448	1578	1985.95	2759
Iteration: 286	1448	1574	1959.8	2446
Iteration: 287	1448	1594	1974.19	2597
Iteration: 288	1448	1569	2009.9	2558
Iteration: 289	1448	1677	2012.71	2786
Iteration: 290	1448	1482	1984.51	2903
Iteration: 291	1448	1535	1972.29	2557
Iteration: 292	1448	1543	1939.26	2449
Iteration: 293	1448	1532	1973.92	2612
Iteration: 294	1448	1591	1953.3	2531
Iteration: 295	1448	1517	1972.74	2529
Iteration: 296	1448	1584	1949.99	2601
Iteration: 297	1448	1621	1972.12	2942
Iteration: 298	1448	1587	1957.74	2732
Iteration: 299	1448	1668	2002.69	2672
Iteration: 300	1448	1571	1959.26	2750
Iteration: 301	1448	1527	1956.51	2498
Iteration: 302	1448	1594	1952.52	2425
Iteration: 303	1448	1628	1976.54	2624
Iteration: 304	1448	1584	1983.16	2667
Iteration: 305	1448	1641	1945.85	2556
Iteration: 306	1448	1576	1945.07	2461
Iteration: 307	1448	1565	2013.69	2641
Iteration: 308	1448	1553	1952.64	2743
Iteration: 309	1448	1506	1959.76	2533
Iteration: 310	1448	1538	1981.69	2618
Iteration: 311	1448	1567	1964.52	2469
Iteration: 312	1448	1626	1990.62	2760
Iteration: 313	1448	1615	1948.26	2636
Iteration: 314	1448	1533	1949.79	2473
Iteration: 315	1448	1575	1946.54	2542
Iteration: 316	1448	1546	1944.78	2577
Iteration: 317	1448	1548	1971.62	2677
Iteration: 318	1448	1584	1965.76	2645
Iteration: 319	1448	1597	1937.25	2729
Iteration: 320	1448	1629	1969.97	2506
Iteration: 321	1448	1570	1989.3	2466
Iteration: 322	1448	1558	1971.03	2557
Iteration: 323	1448	1590	1961.47	2417
Iteration: 324	1448	1531	1986.04	2633
Iteration: 325	1448	1569	1960.66	2605
Iteration: 326	1448	1488	1967.02	2891
Iteration: 327	1448	1687	1985.56	2565
Iteration: 328	1448	1521	1935.16	2511
Iteration: 329	1448	1555	1975.27	2564
Iteration: 330	1448	1510	1955.53	2554
Iteration: 331	1448	1642	1976.12	2572
Iteration: 332	1448	1552	1941.24	2653
Iteration: 333	1448	1628	1940.71	2509
Iteration: 334	1448	1578	1969.46	2567
Iteration: 335	1448	1562	1969.37	2516
Iteration: 336	1448	1516	1974.14	2671
Iteration: 337	1448	1571	1947.89	2599
Iteration: 338	1448	1578	1952.9	2574
Iteration: 339	1448	1606	1949.95	2512
Iteration: 340	1448	1541	1957.26	2737
Iteration: 341	1448	1659	1951.36	2603
Iteration: 342	1448	1550	1912.66	2401
Iteration: 343	1448	1579	1998.21	2576
Iteration: 344	1448	1564	1962.99	2634
Iteration: 345	1448	1551	1958.8	2626
Iteration: 346	1448	1611	1972.81	2817
Iteration: 347	1448	1551	1958.42	2454
Iteration: 348	1448	1606	1938.22	2602
Iteration: 349	1448	1612	1937.25	2439
Iteration: 350	1448	1560	1971.53	2592
Iteration: 351	1448	1595	1968.84	2805
Iteration: 352	1448	1584	1954.19	2805
Iteration: 353	1448	1585	1929.88	2590
Iteration: 354	1448	1532	1952.44	2666
Iteration: 355	1448	1577	1958.79	2535
Iteration: 356	1448	1582	2019.04	2846
Iteration: 357	1448	1578	1963.16	2576
Iteration: 358	1448	1513	1956.87	2725
Iteration: 359	1448	1552	1941.45	2827
Iteration: 360	1448	1547	1957.46	3116
Iteration: 361	1448	1555	1991.96	2546
Iteration: 362	1448	1628	1962.97	2733
Iteration: 363	1448	1617	1963.44	2646
Iteration: 364	1448	1575	1942.84	2495
Iteration: 365	1448	1635	1971.94	2620
Iteration: 366	1448	1535	1936.18	2767
Iteration: 367	1448	1587	1993.33	2701
Iteration: 368	1448	1576	1937.18	2503
Iteration: 369	1448	1545	1939.21	2610
Iteration: 370	1448	1586	1960.25	2708
Iteration: 371	1448	1598	1957.84	2586
Iteration: 372	1448	1561	1974.68	2865
Iteration: 373	1448	1599	2003.4	2639
Iteration: 374	1448	1608	1938.28	2564
Iteration: 375	1448	1646	1963.61	2691
Iteration: 376	1448	1554	1973.82	2515
Iteration: 377	1448	1601	1949.19	2301
Iteration: 378	1448	1619	1964.23	2518
Iteration: 379	1448	1573	1957.54	2564
Iteration: 380	1448	1584	1960.15	2718
Iteration: 381	1448	1598	1927.85	2405
Iteration: 382	1448	1594	1970.13	2675
Iteration: 383	1448	1532	1999.56	2610
Iteration: 384	1448	1584	1946.51	2699
Iteration: 385	1448	1581	1966.18	2776
Iteration: 386	1448	1652	1937.23	2537
Iteration: 387	1448	1657	1969	2447
Iteration: 388	1448	1595	1958.23	2520
Iteration: 389	1448	1598	1971.44	2924
Iteration: 390	1448	1589	1963.63	2666
Iteration: 391	1448	1646	1934.18	2620
Iteration: 392	1448	1570	1978.14	2776
Iteration: 393	1448	1597	1967.74	2585
Iteration: 394	1448	1618	1946.31	2486
Iteration: 395	1448	1548	1909.69	2492
Iteration: 396	1448	1582	1949.33	2600
Iteration: 397	1448	1586	1966.42	2572
Iteration: 398	1448	1614	1938.16	2521
Iteration: 399	1448	1577	1939.89	2405
Iteration: 400	1448	1550	1975.46	2705
Iteration: 401	1448	1588	1971.34	2564
Iteration: 402	1448	1610	1968.97	2598
Iteration: 403	1448	1553	1987.89	2568
Iteration: 404	1448	1601	1970.71	2776
Iteration: 405	1448	1572	1963.69	2767
Iteration: 406	1448	1634	1968.26	2752
Iteration: 407	1448	1648	1985.66	2640
Iteration: 408	1448	1530	1968.68	2512
Iteration: 409	1448	1569	1916.03	2465
Iteration: 410	1448	1595	1976.23	2568
Iteration: 411	1448	1562	1951.14	2449
Iteration: 412	1448	1553	1938.64	2589
Iteration: 413	1448	1569	1984.94	2619
Iteration: 414	1448	1568	1977.36	2666
Iteration: 415	1448	1570	1959.1	2559
Iteration: 416	1448	1612	1944.72	2589
Iteration: 417	1448	1620	1990.17	2841
Iteration: 418	1448	1575	1963.07	2480
Iteration: 419	1448	1621	1968.73	2721
Iteration: 420	1448	1542	1970.37	2616
Iteration: 421	1448	1529	1985.58	2672
Iteration: 422	1448	1577	1964.54	2682
Iteration: 423	1448	1545	1944.13	2535
Iteration: 424	1448	1504	1968.77	2454
Iteration: 425	1448	1567	1969.12	2549
Iteration: 426	1448	1488	1938.85	2641
Iteration: 427	1448	1641	1977.57	2760
Iteration: 428	1448	1532	1967.95	2561
Iteration: 429	1448	1618	1965.14	2675
Iteration: 430	1448	1601	1964.45	2623
Iteration: 431	1448	1523	2000.79	2663
Iteration: 432	1448	1564	1977.97	2837
Iteration: 433	1448	1621	1980.55	2587
Iteration: 434	1448	1564	1965.11	2480
Iteration: 435	1448	1627	1987.33	2624
Iteration: 436	1448	1572	1959.66	2645
Iteration: 437	1448	1585	1958.72	2781
Iteration: 438	1448	1583	1999.83	3089
Iteration: 439	1448	1550	1960.26	2843
Iteration: 440	1448	1651	1990.55	2565
Iteration: 441	1448	1588	1946.01	2665
Iteration: 442	1448	1582	1990.78	2921
Iteration: 443	1448	1604	2002.48	2661
Iteration: 444	1448	1553	1940.27	2504
Iteration: 445	1448	1585	1951.94	2496
Iteration: 446	1448	1502	1967.3	2587
Iteration: 447	1448	1517	1978.67	2657
Iteration: 448	1448	1592	2000.39	2587
Iteration: 449	1434	1434	1967.31	2483
Iteration: 450	1434	1615	1996.42	2754
Iteration: 451	1434	1607	1950.76	2616
Iteration: 452	1434	1612	1973.43	2607
Iteration: 453	1434	1645	1997.95	2782
Iteration: 454	1434	1521	1940.03	2480
Iteration: 455	1434	1599	1982.93	2621
Iteration: 456	1434	1624	1947.99	2882
Iteration: 457	1434	1564	1951.29	2449
Iteration: 458	1434	1628	1938.31	2527
Iteration: 459	1434	1544	1952.79	2528
Iteration: 460	1434	1572	1985.56	2564
Iteration: 461	1434	1609	1982.93	2787
Iteration: 462	1434	1559	1965.53	2643
Iteration: 463	1434	1564	1945.75	2596
Iteration: 464	1434	1583	1956.94	2746
Iteration: 465	1434	1586	1984.15	2710
Iteration: 466	1434	1626	1976.81	2560
Iteration: 467	1434	1552	1935.18	2435
Iteration: 468	1434	1539	1947.61	2475
Iteration: 469	1434	1599	1928.38	2439
Iteration: 470	1434	1576	1977.34	2806
Iteration: 471	1434	1597	1968.83	2737
Iteration: 472	1434	1607	1943.94	2325
Iteration: 473	1434	1551	2005.5	2555
Iteration: 474	1434	1589	1975.51	2622
Iteration: 475	1434	1535	1951.57	2721
Iteration: 476	1434	1540	1980.12	2714
Iteration: 477	1434	1590	1990.74	2782
Iteration: 478	1434	1642	1984	2536
Iteration: 479	1434	1633	1989.45	3156
Iteration: 480	1434	1564	1956.92	2467
Iteration: 481	1434	1608	1970.93	2599
Iteration: 482	1434	1575	1972.39	2616
Iteration: 483	1434	1608	1919.88	2540
Iteration: 484	1434	1637	1951.14	2560
Iteration: 485	1434	1628	1945.06	2410
Iteration: 486	1434	1643	1974.07	2754
Iteration: 487	1434	1644	1998.38	2601
Iteration: 488	1434	1629	1975.67	2734
Iteration: 489	1434	1612	2015.28	2940
Iteration: 490	1434	1580	1988.75	2643
Iteration: 491	1434	1619	1953.24	2660
Iteration: 492	1434	1556	1968.16	2486
Iteration: 493	1434	1627	1996.37	2609
Iteration: 494	1434	1507	1949.21	2555
Iteration: 495	1434	1638	1958.43	2585
Iteration: 496	1434	1638	1950.09	2453
Iteration: 497	1434	1585	2017.19	2923
Iteration: 498	1434	1547	1956.53	2436
Iteration: 499	1434	1593	1927.19	2376
