Iteration: 0	1618	1618	1910.99	2558
Iteration: 1	1493	1493	1884.01	2392
Iteration: 2	1493	1635	1991.28	2994
Iteration: 3	1493	1543	2050.85	2494
Iteration: 4	1493	1649	2087.7	2914
Iteration: 5	1493	1588	2121.95	2766
Iteration: 6	1493	1664	2045.17	2624
Iteration: 7	1493	1576	1988.51	2551
Iteration: 8	1493	1633	2024.61	2873
Iteration: 9	1493	1628	2017.89	2640
Iteration: 10	1493	1534	1977.48	2598
Iteration: 11	1493	1628	1979.82	2705
Iteration: 12	1493	1592	1948.12	2509
Iteration: 13	1493	1681	2007.29	2551
Iteration: 14	1493	1619	2000.64	2664
Iteration: 15	1493	1534	1931.87	2572
Iteration: 16	1493	1645	1972.44	2501
Iteration: 17	1493	1501	1949.63	2474
Iteration: 18	1477	1477	1971.34	2992
Iteration: 19	1477	1611	2002.9	2641
Iteration: 20	1435	1435	1957.37	2722
Iteration: 21	1435	1575	1983.16	2857
Iteration: 22	1435	1520	1983.61	2515
Iteration: 23	1435	1627	1985.34	2586
Iteration: 24	1435	1557	1955.41	2644
Iteration: 25	1435	1547	1970.59	2702
Iteration: 26	1435	1620	1984.72	2507
Iteration: 27	1435	1528	1943.05	2477
Iteration: 28	1435	1593	1960.06	2500
Iteration: 29	1435	1514	1966.94	2706
Iteration: 30	1435	1531	1922.64	2443
Iteration: 31	1435	1479	1972.52	2580
Iteration: 32	1435	1561	1950.5	2670
Iteration: 33	1435	1673	2009.05	2583
Iteration: 34	1435	1603	1971.25	2475
Iteration: 35	1435	1616	1992.29	2592
Iteration: 36	1435	1558	1944.59	2717
Iteration: 37	1435	1619	1999.37	2739
Iteration: 38	1435	1555	1960.35	2590
Iteration: 39	1435	1558	1973.15	2817
Iteration: 40	1435	1472	1985.38	2738
Iteration: 41	1435	1631	1978.47	2781
Iteration: 42	1435	1599	1922.31	2425
Iteration: 43	1435	1606	1965.67	2622
Iteration: 44	1435	1599	2003.09	2640
Iteration: 45	1435	1578	1959.28	2461
Iteration: 46	1435	1604	1981.04	2868
Iteration: 47	1435	1606	1968.83	2595
Iteration: 48	1435	1648	1977.54	2476
Iteration: 49	1435	1627	1963.47	2732
Iteration: 50	1435	1459	1908.12	2725
Iteration: 51	1435	1511	1980.47	2876
Iteration: 52	1435	1603	1958.17	2482
Iteration: 53	1435	1584	1952.9	2514
Iteration: 54	1435	1619	1949.27	2582
Iteration: 55	1435	1639	1988.15	2575
Iteration: 56	1435	1560	1968.32	2857
Iteration: 57	1435	1563	1953.59	2659
Iteration: 58	1435	1646	1987.29	2597
Iteration: 59	1435	1643	1956.51	2640
Iteration: 60	1435	1632	1993.41	2623
Iteration: 61	1435	1609	1968.99	2707
Iteration: 62	1435	1589	1970.94	2500
Iteration: 63	1435	1642	1941.76	2510
Iteration: 64	1435	1565	1999.86	2542
Iteration: 65	1435	1619	1924.7	2457
Iteration: 66	1435	1597	1999.81	2840
Iteration: 67	1435	1621	1957.41	2601
Iteration: 68	1435	1576	1921.64	2391
Iteration: 69	1435	1593	1972.96	2571
Iteration: 70	1435	1494	1944.01	2623
Iteration: 71	1435	1515	1974.3	2632
Iteration: 72	1435	1575	1945.77	2748
Iteration: 73	1435	1557	2012.03	2699
Iteration: 74	1435	1587	1948.32	2519
Iteration: 75	1435	1589	1946.27	2506
Iteration: 76	1435	1643	1999.13	2503
Iteration: 77	1435	1603	1966.4	2988
Iteration: 78	1435	1623	1970.97	2648
Iteration: 79	1435	1627	1969.46	2788
Iteration: 80	1435	1465	1975.9	2595
Iteration: 81	1435	1620	1962.85	2535
Iteration: 82	1435	1587	1948.3	2473
Iteration: 83	1435	1618	1959.12	2882
Iteration: 84	1435	1575	2002.14	2787
Iteration: 85	1435	1530	1931.46	2826
Iteration: 86	1435	1603	1906.58	2295
Iteration: 87	1435	1626	1965.97	2384
Iteration: 88	1435	1565	1958.11	2443
Iteration: 89	1435	1472	1994.1	2541
Iteration: 90	1435	1657	2025.46	2625
Iteration: 91	1435	1604	2022.57	2523
Iteration: 92	1435	1621	1961.73	2475
Iteration: 93	1435	1585	1954.92	2552
Iteration: 94	1435	1562	1976.9	2566
Iteration: 95	1435	1584	1937.17	2777
Iteration: 96	1435	1555	1961.02	2654
Iteration: 97	1435	1612	1992.3	2649
Iteration: 98	1435	1552	1960.45	2939
Iteration: 99	1435	1482	1964.77	2425
Iteration: 100	1435	1552	1980.18	2529
Iteration: 101	1435	1527	1953.04	2643
Iteration: 102	1435	1592	1956.3	2494
Iteration: 103	1435	1539	1953.52	2535
Iteration: 104	1435	1511	1945.01	2515
Iteration: 105	1435	1598	1986.31	2685
Iteration: 106	1435	1489	1966.67	2793
Iteration: 107	1435	1641	1989.5	2505
Iteration: 108	1435	1585	2001.01	2740
Iteration: 109	1435	1581	1988.3	2643
Iteration: 110	1435	1634	1975.41	2653
Iteration: 111	1435	1577	1982.79	2707
Iteration: 112	1435	1596	1986.58	2605
Iteration: 113	1435	1620	1987.46	2680
Iteration: 114	1435	1593	1952.72	2500
Iteration: 115	1435	1641	1976.21	2706
Iteration: 116	1435	1531	1990.08	2695
Iteration: 117	1435	1662	1984.69	2610
Iteration: 118	1435	1610	1953.86	3013
Iteration: 119	1435	1648	1990.87	2571
Iteration: 120	1435	1520	1952	2655
Iteration: 121	1435	1649	1966.41	2551
Iteration: 122	1435	1626	1965.32	2684
Iteration: 123	1435	1552	1963.98	2894
Iteration: 124	1435	1610	1973.44	2694
Iteration: 125	1435	1564	1985.65	2804
Iteration: 126	1435	1531	1985.98	2687
Iteration: 127	1435	1578	1978.63	2768
Iteration: 128	1435	1623	2011.75	2799
Iteration: 129	1435	1555	1994.1	2842
Iteration: 130	1435	1516	1948.28	2652
Iteration: 131	1435	1580	1941.8	2380
Iteration: 132	1435	1537	1933.83	2613
Iteration: 133	1435	1558	1961.11	2628
Iteration: 134	1435	1569	1977.29	2988
Iteration: 135	1435	1600	1978.35	2837
Iteration: 136	1435	1599	1977.36	2546
Iteration: 137	1435	1621	1968.01	2469
Iteration: 138	1435	1620	1982.14	2423
Iteration: 139	1435	1653	1948.95	2477
Iteration: 140	1435	1590	1956.74	2468
Iteration: 141	1435	1525	1958.88	2412
Iteration: 142	1435	1495	2013.66	2763
Iteration: 143	1435	1592	1956.25	2553
Iteration: 144	1435	1576	1981.41	2776
Iteration: 145	1435	1546	1935.24	2563
Iteration: 146	1435	1631	1976.45	2640
Iteration: 147	1435	1562	1927.67	2488
Iteration: 148	1435	1552	1968.38	2630
Iteration: 149	1435	1598	1908	2468
Iteration: 150	1435	1620	1986.17	2577
Iteration: 151	1435	1496	1953.74	2622
Iteration: 152	1435	1597	1984.67	2521
Iteration: 153	1435	1563	1983.14	2553
Iteration: 154	1435	1536	1967.76	2635
Iteration: 155	1435	1580	1971.94	2521
Iteration: 156	1435	1575	1944.87	2681
Iteration: 157	1435	1648	1959.04	2517
Iteration: 158	1435	1585	1989.99	2668
Iteration: 159	1435	1602	1990.05	2623
Iteration: 160	1435	1579	1981.65	2741
Iteration: 161	1435	1566	1967.55	2618
Iteration: 162	1435	1522	1979.54	2645
Iteration: 163	1435	1609	1935.04	2549
Iteration: 164	1435	1626	1961.97	2745
Iteration: 165	1435	1568	1977.51	2561
Iteration: 166	1435	1651	1950.57	2526
Iteration: 167	1435	1518	1997	2637
Iteration: 168	1435	1637	2004.57	2635
Iteration: 169	1435	1626	1964.21	2566
Iteration: 170	1435	1614	1948.06	2720
Iteration: 171	1435	1577	1952.72	2534
Iteration: 172	1435	1550	1946.14	2694
Iteration: 173	1435	1672	1962.79	2527
Iteration: 174	1435	1572	1944.64	2642
Iteration: 175	1435	1580	1934.56	2838
Iteration: 176	1435	1564	1940.51	2548
Iteration: 177	1435	1482	1987.76	2751
Iteration: 178	1435	1603	1964.32	2556
Iteration: 179	1435	1593	1935.34	2522
Iteration: 180	1435	1554	1951.12	2675
Iteration: 181	1435	1614	1985.17	2912
Iteration: 182	1435	1620	1995.8	2624
Iteration: 183	1435	1625	1944	2551
Iteration: 184	1435	1610	1973.54	2631
Iteration: 185	1435	1585	1955.07	2409
Iteration: 186	1435	1570	1985.99	2922
Iteration: 187	1435	1614	1964.7	2409
Iteration: 188	1435	1599	1983.37	2909
Iteration: 189	1435	1607	1983.74	2539
Iteration: 190	1435	1534	1943.61	2671
Iteration: 191	1435	1608	1959.99	2512
Iteration: 192	1435	1523	1947.5	2440
Iteration: 193	1435	1631	1964.54	2647
Iteration: 194	1435	1619	1956.12	2426
Iteration: 195	1435	1572	1973.61	2567
Iteration: 196	1435	1571	1958.82	2626
Iteration: 197	1435	1580	1996.96	2594
Iteration: 198	1435	1609	1936.93	2500
Iteration: 199	1435	1602	1976.42	2562
Iteration: 200	1435	1564	1993.68	2752
Iteration: 201	1435	1549	1970.02	2698
Iteration: 202	1435	1603	1960.02	2609
Iteration: 203	1435	1585	1942.37	2846
Iteration: 204	1435	1622	1985.27	2959
Iteration: 205	1435	1532	1977.3	2631
Iteration: 206	1435	1565	1959.91	2467
Iteration: 207	1435	1580	1974.7	2716
Iteration: 208	1435	1632	1970.04	2674
Iteration: 209	1435	1592	1979.8	2796
Iteration: 210	1435	1623	1991.93	2570
Iteration: 211	1435	1585	1979.84	2519
Iteration: 212	1435	1578	1963.65	2593
Iteration: 213	1435	1590	1970.28	2694
Iteration: 214	1435	1581	1950.67	2543
Iteration: 215	1435	1594	1958.97	2812
Iteration: 216	1435	1599	1971.05	2694
Iteration: 217	1435	1636	1961.81	2689
Iteration: 218	1435	1607	1955.99	2849
Iteration: 219	1435	1601	1945.79	2478
Iteration: 220	1435	1579	1992.65	2772
Iteration: 221	1435	1544	1963.12	2509
Iteration: 222	1435	1630	1970.25	2464
Iteration: 223	1435	1615	1946.83	2467
Iteration: 224	1435	1569	1980.68	2642
Iteration: 225	1435	1567	1951.77	2572
Iteration: 226	1435	1591	1948.67	2569
Iteration: 227	1435	1531	1960.3	2592
Iteration: 228	1435	1625	1966.15	2756
Iteration: 229	1435	1596	1969.18	2667
Iteration: 230	1435	1596	1977.5	2509
Iteration: 231	1435	1577	1967.67	2616
Iteration: 232	1435	1614	2015.32	2895
Iteration: 233	1435	1649	1985.43	2482
Iteration: 234	1435	1659	1958.53	2587
Iteration: 235	1435	1562	1965	2740
Iteration: 236	1435	1532	1944.8	2395
Iteration: 237	1435	1579	1970.93	2657
Iteration: 238	1435	1539	1935.16	2446
Iteration: 239	1435	1616	1947.82	2685
Iteration: 240	1435	1666	1952.87	2628
Iteration: 241	1435	1637	1962.85	2537
Iteration: 242	1435	1624	1970.54	2685
Iteration: 243	1435	1545	1977	2782
Iteration: 244	1435	1618	1957.81	2402
Iteration: 245	1435	1494	1945.28	2731
Iteration: 246	1435	1539	1930.6	2433
Iteration: 247	1435	1570	1966.9	2793
Iteration: 248	1435	1626	1922.09	2359
Iteration: 249	1435	1612	1947.87	2518
Iteration: 250	1435	1574	1963.2	2568
Iteration: 251	1435	1555	1984.6	2834
Iteration: 252	1435	1531	1972.61	2578
Iteration: 253	1435	1653	1988.69	2625
Iteration: 254	1435	1569	1924.48	2409
Iteration: 255	1435	1625	1999.13	2635
Iteration: 256	1435	1598	1924.56	2735
Iteration: 257	1435	1619	1966.51	2721
Iteration: 258	1435	1592	1951.4	2400
Iteration: 259	1435	1585	1977.78	2616
Iteration: 260	1435	1640	1988.79	2652
Iteration: 261	1435	1543	1928.39	2587
Iteration: 262	1435	1613	1929.49	2454
Iteration: 263	1435	1555	1977.93	2974
Iteration: 264	1435	1596	1974.16	2610
Iteration: 265	1435	1612	1961.83	2497
Iteration: 266	1435	1587	1997.43	2840
Iteration: 267	1435	1478	1997.96	2448
Iteration: 268	1435	1619	1967	3153
Iteration: 269	1435	1573	1962.09	2594
Iteration: 270	1435	1537	1955.5	2590
Iteration: 271	1435	1556	1990.18	2562
Iteration: 272	1435	1556	2015.83	2708
Iteration: 273	1435	1583	1911.27	2509
Iteration: 274	1435	1582	1977.46	2579
Iteration: 275	1435	1629	1975	2759
Iteration: 276	1435	1615	1970	2475
Iteration: 277	1435	1639	1983.61	2798
Iteration: 278	1435	1574	1990.72	2917
Iteration: 279	1435	1591	1968.77	2539
Iteration: 280	1435	1646	1955.77	2525
Iteration: 281	1435	1638	1981.4	2471
Iteration: 282	1435	1588	1961.42	2846
Iteration: 283	1435	1586	1976.08	2627
Iteration: 284	1435	1518	1964.81	2604
Iteration: 285	1435	1646	1967.21	2726
Iteration: 286	1435	1587	1929.19	2483
Iteration: 287	1435	1582	1960.42	2480
Iteration: 288	1435	1559	1960.18	2626
Iteration: 289	1435	1547	1947.01	2486
Iteration: 290	1435	1605	1990.21	2704
Iteration: 291	1435	1552	1972.56	2877
Iteration: 292	1435	1602	1972.14	3008
Iteration: 293	1435	1514	1969.26	2728
Iteration: 294	1435	1579	1965.58	2559
Iteration: 295	1435	1513	1961.5	2503
Iteration: 296	1435	1588	1954.83	2578
Iteration: 297	1435	1575	1943.75	2578
Iteration: 298	1435	1611	1949.81	2507
Iteration: 299	1435	1592	1985.97	2745
Iteration: 300	1435	1542	1969.37	2625
Iteration: 301	1435	1549	1961.75	2310
Iteration: 302	1435	1602	1960.83	2716
Iteration: 303	1435	1588	1960.71	2569
Iteration: 304	1435	1579	1962.15	2606
Iteration: 305	1435	1615	1973.39	2655
Iteration: 306	1435	1553	1957.28	2770
Iteration: 307	1435	1489	1925.94	2778
Iteration: 308	1435	1529	1978.77	2659
Iteration: 309	1435	1619	1976.11	2518
Iteration: 310	1435	1565	1961.49	2554
Iteration: 311	1435	1538	1994.93	2776
Iteration: 312	1435	1629	1965.07	2344
Iteration: 313	1435	1608	1982.25	3030
Iteration: 314	1435	1611	1981.06	2759
Iteration: 315	1435	1541	1958.71	2731
Iteration: 316	1435	1567	1978.21	2762
Iteration: 317	1435	1553	1964.85	3048
Iteration: 318	1435	1595	1965.27	2683
Iteration: 319	1435	1490	1958.99	2460
Iteration: 320	1435	1618	1987.91	2545
Iteration: 321	1435	1592	1947.99	2595
Iteration: 322	1435	1611	1930.14	2404
Iteration: 323	1435	1514	1971.36	2915
Iteration: 324	1435	1523	1920.51	2586
Iteration: 325	1435	1561	1966.38	2522
Iteration: 326	1435	1592	1962.94	2645
Iteration: 327	1435	1584	2005.02	2543
Iteration: 328	1435	1571	1953.07	2532
Iteration: 329	1435	1610	1935.9	2598
Iteration: 330	1435	1606	1974.88	2840
Iteration: 331	1435	1544	1917.94	2487
Iteration: 332	1435	1540	2001.13	2855
Iteration: 333	1435	1581	1969.8	2794
Iteration: 334	1435	1544	1926.86	2543
Iteration: 335	1435	1556	1940.76	2659
Iteration: 336	1435	1569	1986.6	2651
Iteration: 337	1435	1529	1976.42	2734
Iteration: 338	1435	1661	1968.22	2678
Iteration: 339	1435	1628	1972.92	2762
Iteration: 340	1435	1611	1968.05	2933
Iteration: 341	1435	1540	1977.65	2737
Iteration: 342	1435	1524	1978.26	2840
Iteration: 343	1435	1608	1989.78	2837
Iteration: 344	1435	1613	1935.48	2471
Iteration: 345	1435	1605	1981.09	2861
Iteration: 346	1435	1614	2014.28	2665
Iteration: 347	1435	1617	1965.29	2627
Iteration: 348	1435	1608	1952.76	2538
Iteration: 349	1435	1531	1951.54	2846
Iteration: 350	1435	1629	1994.67	2533
Iteration: 351	1435	1582	1976.62	2649
Iteration: 352	1435	1555	1982.55	2848
Iteration: 353	1435	1606	1967.48	2680
Iteration: 354	1435	1595	1982.94	2616
Iteration: 355	1435	1586	1955.85	2448
Iteration: 356	1435	1614	1959.55	2501
Iteration: 357	1435	1543	1965.92	2709
Iteration: 358	1435	1542	1967.58	2726
Iteration: 359	1435	1636	1961.73	2781
Iteration: 360	1435	1653	1964.7	2646
Iteration: 361	1435	1629	1974.15	2822
Iteration: 362	1435	1568	1923.45	2829
Iteration: 363	1435	1574	1989.48	2579
Iteration: 364	1435	1635	1972.51	2510
Iteration: 365	1435	1583	1977.42	2835
Iteration: 366	1435	1561	1970.03	2452
Iteration: 367	1435	1598	1981.26	2866
Iteration: 368	1435	1574	1987.78	2935
Iteration: 369	1435	1576	1987.28	2588
Iteration: 370	1435	1558	1940.35	2521
Iteration: 371	1435	1578	1952.06	2957
Iteration: 372	1435	1621	1975.62	2664
Iteration: 373	1435	1604	1953.75	2614
Iteration: 374	1435	1565	1979.03	2589
Iteration: 375	1435	1570	1962.79	2530
Iteration: 376	1435	1607	1976.81	2560
Iteration: 377	1435	1608	1984.35	2730
Iteration: 378	1435	1629	1995.67	2701
Iteration: 379	1435	1572	1954.36	3166
Iteration: 380	1435	1594	1963.02	2599
Iteration: 381	1435	1619	1952.1	2732
Iteration: 382	1435	1645	1960.72	2652
Iteration: 383	1435	1563	1973.28	2737
Iteration: 384	1435	1553	1961.5	2420
Iteration: 385	1435	1617	1957.62	2571
Iteration: 386	1435	1590	1981.36	2519
Iteration: 387	1435	1584	1992.83	2518
Iteration: 388	1435	1636	1992.19	3065
Iteration: 389	1435	1514	1988.5	2557
Iteration: 390	1435	1667	1972.11	2664
Iteration: 391	1435	1572	1947.17	2694
Iteration: 392	1435	1588	1964.18	2579
Iteration: 393	1435	1572	1966.96	2500
Iteration: 394	1435	1627	1971.06	2740
Iteration: 395	1435	1615	1930.2	2379
Iteration: 396	1435	1556	1941.81	2568
Iteration: 397	1435	1601	1989.76	2873
Iteration: 398	1435	1595	1966.39	2727
Iteration: 399	1435	1642	1976.87	2514
Iteration: 400	1435	1583	1991.83	2691
Iteration: 401	1435	1514	1990.77	2619
Iteration: 402	1435	1617	1978.35	3100
Iteration: 403	1435	1575	1950.55	2860
Iteration: 404	1435	1622	1956.43	2573
Iteration: 405	1435	1536	1956.7	2567
Iteration: 406	1435	1622	1966.88	2847
Iteration: 407	1435	1576	1964.83	2709
Iteration: 408	1435	1675	1975.97	2578
Iteration: 409	1435	1524	1957.19	2511
Iteration: 410	1435	1568	1911.29	2531
Iteration: 411	1435	1628	2011.46	2713
Iteration: 412	1435	1630	1978.74	2525
Iteration: 413	1435	1517	1930.19	2477
Iteration: 414	1435	1505	1921.2	2647
Iteration: 415	1435	1619	1974.02	2790
Iteration: 416	1435	1599	1985.6	2610
Iteration: 417	1435	1576	1984.69	2552
Iteration: 418	1435	1533	1989.11	2533
Iteration: 419	1435	1665	1988.62	2841
Iteration: 420	1435	1532	1954.88	2725
Iteration: 421	1435	1548	1954.41	2535
Iteration: 422	1435	1631	1993.28	2801
Iteration: 423	1435	1604	1974.04	2997
Iteration: 424	1435	1581	1956.66	2399
Iteration: 425	1435	1625	1968.22	2513
Iteration: 426	1435	1558	1942.22	2537
Iteration: 427	1435	1601	1969.02	2714
Iteration: 428	1435	1558	1964.46	2522
Iteration: 429	1435	1614	1979.01	2505
Iteration: 430	1435	1592	1983.66	2644
Iteration: 431	1435	1537	1967.43	2740
Iteration: 432	1435	1600	1967.67	2630
Iteration: 433	1435	1552	1958.37	2664
Iteration: 434	1435	1564	2003.6	2787
Iteration: 435	1435	1564	1993.47	2533
Iteration: 436	1435	1507	1960.15	2642
Iteration: 437	1435	1580	1996.25	2611
Iteration: 438	1435	1552	1932.89	2689
Iteration: 439	1435	1620	1970.38	2550
Iteration: 440	1435	1572	1930.88	2911
Iteration: 441	1435	1591	1947.53	2689
Iteration: 442	1435	1602	1958.38	2681
Iteration: 443	1435	1617	1988.41	2698
Iteration: 444	1435	1565	1937.03	2524
Iteration: 445	1435	1576	1976.91	2663
Iteration: 446	1435	1462	1992.8	2593
Iteration: 447	1435	1611	1980.76	2709
Iteration: 448	1435	1544	1983.06	2825
Iteration: 449	1435	1562	1926.18	2406
Iteration: 450	1435	1461	1941.58	2666
Iteration: 451	1435	1650	2018.32	2743
Iteration: 452	1435	1585	1958.56	2798
Iteration: 453	1435	1617	1967.49	2704
Iteration: 454	1435	1552	1972.58	2568
Iteration: 455	1435	1583	1953.97	2470
Iteration: 456	1435	1514	1973.14	2689
Iteration: 457	1435	1622	1976.14	2505
Iteration: 458	1435	1571	1969.94	2565
Iteration: 459	1435	1564	1935.25	2601
Iteration: 460	1435	1626	1953.51	2716
Iteration: 461	1435	1527	1951.06	2709
Iteration: 462	1435	1567	1972.47	2665
Iteration: 463	1435	1572	1966.77	2688
Iteration: 464	1435	1629	1952.08	2432
Iteration: 465	1435	1514	1969.98	2630
Iteration: 466	1435	1539	1948.5	2783
Iteration: 467	1435	1578	1961.35	2582
Iteration: 468	1435	1600	1998.13	2643
Iteration: 469	1435	1588	1998.33	2549
Iteration: 470	1435	1561	1952.22	2565
Iteration: 471	1435	1635	1960.11	2895
Iteration: 472	1435	1614	1952.56	2532
Iteration: 473	1435	1595	1939.88	2542
Iteration: 474	1435	1569	1945.06	2540
Iteration: 475	1435	1564	1968.82	2804
Iteration: 476	1435	1583	1959.09	2716
Iteration: 477	1435	1595	2002.85	2649
Iteration: 478	1435	1600	2029.5	2949
Iteration: 479	1435	1576	1975.98	2961
Iteration: 480	1435	1582	1973.37	2651
Iteration: 481	1435	1571	1958.31	2554
Iteration: 482	1435	1595	1942.28	2656
Iteration: 483	1435	1553	1974.82	2563
Iteration: 484	1435	1509	2001.65	2524
Iteration: 485	1435	1542	1989.48	2495
Iteration: 486	1435	1634	1929.33	2587
Iteration: 487	1435	1499	1949.52	2707
Iteration: 488	1435	1603	1987.65	2547
Iteration: 489	1435	1580	1972.59	2795
Iteration: 490	1435	1571	2062.57	2716
Iteration: 491	1435	1556	1992.65	2685
Iteration: 492	1435	1555	1945.9	2594
Iteration: 493	1435	1589	1970.34	2600
Iteration: 494	1435	1599	1968.09	2526
Iteration: 495	1435	1578	1951.93	2413
Iteration: 496	1435	1552	1936.07	2669
Iteration: 497	1435	1636	1961.91	2790
Iteration: 498	1435	1653	2010.17	2583
Iteration: 499	1435	1591	1937.7	2570
