Iteration: 0	1574	1574	1826.21	2505
Iteration: 1	1574	1586	1827.45	2289
Iteration: 2	1574	1575	1845.84	2370
Iteration: 3	1574	1657	1928.61	2444
Iteration: 4	1574	1578	1919.87	2321
Iteration: 5	1574	1604	1909.9	2296
Iteration: 6	1574	1596	1930.87	2613
Iteration: 7	1574	1620	1894.7	2385
Iteration: 8	1570	1570	1913.96	2863
Iteration: 9	1499	1499	1873.08	2242
Iteration: 10	1499	1588	1877.19	2494
Iteration: 11	1499	1536	1868.35	2527
Iteration: 12	1499	1588	1896.48	2611
Iteration: 13	1499	1602	1841.1	2399
Iteration: 14	1499	1592	1854.27	2561
Iteration: 15	1499	1549	1842.78	2769
Iteration: 16	1476	1476	1815.42	2403
Iteration: 17	1476	1563	1841.07	2596
Iteration: 18	1476	1518	1852.4	2469
Iteration: 19	1476	1535	1872.09	2558
Iteration: 20	1476	1545	1853.97	2455
Iteration: 21	1476	1507	1855.39	2595
Iteration: 22	1476	1551	1871.23	2618
Iteration: 23	1476	1538	1860.23	2582
Iteration: 24	1476	1528	1828.08	2470
Iteration: 25	1476	1527	1830.7	2484
Iteration: 26	1476	1574	1840.3	2335
Iteration: 27	1476	1581	1826.22	2141
Iteration: 28	1476	1557	1847.23	2422
Iteration: 29	1476	1517	1825.44	2249
Iteration: 30	1476	1556	1866.33	2517
Iteration: 31	1476	1586	1870.4	2534
Iteration: 32	1476	1559	1870.53	2558
Iteration: 33	1476	1523	1861.48	2474
Iteration: 34	1476	1551	1839.1	2543
Iteration: 35	1439	1439	1872.94	2719
Iteration: 36	1439	1575	1856.71	2404
Iteration: 37	1439	1544	1866.33	2397
Iteration: 38	1439	1580	1843.66	2306
Iteration: 39	1439	1546	1838.76	2423
Iteration: 40	1439	1542	1832.08	2294
Iteration: 41	1439	1538	1854.78	2604
Iteration: 42	1439	1580	1853.03	2598
Iteration: 43	1439	1531	1836.84	2555
Iteration: 44	1439	1502	1814.3	2385
Iteration: 45	1439	1483	1870.5	2414
Iteration: 46	1439	1571	1833.46	2426
Iteration: 47	1439	1504	1831.12	2594
Iteration: 48	1439	1522	1884.54	2486
Iteration: 49	1439	1553	1854.61	2469
Iteration: 50	1439	1564	1856.53	2679
Iteration: 51	1439	1581	1819.94	2338
Iteration: 52	1439	1578	1840	2449
Iteration: 53	1439	1570	1872.77	2632
Iteration: 54	1439	1528	1835.47	2423
Iteration: 55	1439	1489	1830.41	2491
Iteration: 56	1439	1583	1856.36	2489
Iteration: 57	1439	1536	1865.49	2338
Iteration: 58	1439	1554	1818.77	2449
Iteration: 59	1439	1565	1836.24	2463
Iteration: 60	1439	1510	1826.75	2400
Iteration: 61	1439	1509	1846.56	2394
Iteration: 62	1439	1527	1852.17	2335
Iteration: 63	1439	1559	1825.01	2328
Iteration: 64	1439	1565	1850.01	2462
Iteration: 65	1439	1529	1851.19	2381
Iteration: 66	1439	1533	1811.11	2193
Iteration: 67	1439	1531	1825.28	2411
Iteration: 68	1439	1498	1856.61	2720
Iteration: 69	1439	1559	1857.85	2322
Iteration: 70	1439	1564	1855.46	2633
Iteration: 71	1439	1561	1858.94	2394
Iteration: 72	1439	1558	1899.65	2615
Iteration: 73	1439	1533	1838.19	2358
Iteration: 74	1439	1557	1831.69	2271
Iteration: 75	1439	1506	1881.41	2235
Iteration: 76	1439	1552	1864.05	2481
Iteration: 77	1439	1521	1843.47	2550
Iteration: 78	1439	1522	1860.93	2889
Iteration: 79	1439	1516	1853.92	2413
Iteration: 80	1439	1546	1870.94	2509
Iteration: 81	1439	1479	1858.24	2580
Iteration: 82	1439	1493	1883.54	2459
Iteration: 83	1439	1518	1852.42	2368
Iteration: 84	1439	1472	1847.51	2383
Iteration: 85	1439	1521	1876.15	2421
Iteration: 86	1439	1587	1866.16	2540
Iteration: 87	1439	1519	1840.5	2376
Iteration: 88	1439	1571	1892.46	2556
Iteration: 89	1439	1520	1848.34	2304
Iteration: 90	1439	1547	1872.55	2303
Iteration: 91	1439	1485	1840.36	2512
Iteration: 92	1439	1530	1851.34	2357
Iteration: 93	1439	1507	1853.19	2463
Iteration: 94	1439	1513	1832.99	2270
Iteration: 95	1439	1538	1828.92	2397
Iteration: 96	1439	1582	1841.71	2539
Iteration: 97	1439	1556	1854.46	2663
Iteration: 98	1439	1547	1844.29	2557
Iteration: 99	1439	1561	1849.41	2630
Iteration: 100	1439	1576	1894.83	2818
Iteration: 101	1439	1570	1849.98	2567
Iteration: 102	1439	1483	1806.75	2551
Iteration: 103	1439	1538	1869.2	2513
Iteration: 104	1439	1496	1805.6	2849
Iteration: 105	1439	1536	1871.02	2398
Iteration: 106	1439	1572	1836.8	2277
Iteration: 107	1439	1583	1849.6	2573
Iteration: 108	1439	1580	1861.06	2405
Iteration: 109	1439	1517	1808.48	2362
Iteration: 110	1439	1545	1855.7	2342
Iteration: 111	1439	1561	1855.77	2547
Iteration: 112	1439	1596	1861.86	2504
Iteration: 113	1439	1543	1853.85	2437
Iteration: 114	1439	1477	1857.28	2456
Iteration: 115	1439	1545	1869.36	2386
Iteration: 116	1439	1478	1830.49	2260
Iteration: 117	1439	1570	1824.27	2233
Iteration: 118	1439	1475	1856.95	2497
Iteration: 119	1439	1510	1827.76	2398
Iteration: 120	1439	1586	1842.41	2300
Iteration: 121	1439	1527	1813	2220
Iteration: 122	1439	1546	1853	2289
Iteration: 123	1439	1557	1887.35	2953
Iteration: 124	1439	1535	1841.94	2261
Iteration: 125	1439	1513	1868.52	2380
Iteration: 126	1439	1522	1890.98	2532
Iteration: 127	1436	1436	1828.3	2239
Iteration: 128	1436	1549	1859.56	2333
Iteration: 129	1436	1476	1850.34	2493
Iteration: 130	1436	1566	1843.43	2343
Iteration: 131	1436	1507	1839.95	2488
Iteration: 132	1436	1546	1874.73	2701
Iteration: 133	1436	1520	1834.88	2261
Iteration: 134	1436	1517	1839.07	2323
Iteration: 135	1436	1588	1847.29	2510
Iteration: 136	1436	1558	1828.95	2329
Iteration: 137	1436	1539	1848.92	2454
Iteration: 138	1436	1580	1842.01	2437
Iteration: 139	1436	1502	1820.64	2423
Iteration: 140	1436	1543	1832.28	2295
Iteration: 141	1436	1579	1854.55	2818
Iteration: 142	1436	1561	1845.18	2573
Iteration: 143	1436	1532	1846.52	2501
Iteration: 144	1436	1570	1848.07	2278
Iteration: 145	1436	1553	1878.11	2571
Iteration: 146	1436	1559	1840.42	2479
Iteration: 147	1436	1551	1830.85	2405
Iteration: 148	1436	1536	1837.51	2298
Iteration: 149	1436	1517	1845.59	2388
Iteration: 150	1436	1541	1850.87	2557
Iteration: 151	1436	1505	1872.3	2847
Iteration: 152	1436	1545	1826.56	2377
Iteration: 153	1436	1593	1855.1	2384
Iteration: 154	1436	1523	1853.99	2547
Iteration: 155	1436	1454	1839.66	2462
Iteration: 156	1436	1567	1869.69	2582
Iteration: 157	1436	1537	1873.71	2609
Iteration: 158	1436	1496	1861.03	2378
Iteration: 159	1436	1554	1838.78	2480
Iteration: 160	1436	1494	1842.26	2539
Iteration: 161	1436	1565	1876.13	2494
Iteration: 162	1436	1557	1829.35	2414
Iteration: 163	1436	1524	1838.41	2307
Iteration: 164	1436	1542	1866.28	2579
Iteration: 165	1436	1625	1888.92	2701
Iteration: 166	1436	1526	1853.09	2558
Iteration: 167	1436	1538	1877.82	2484
Iteration: 168	1436	1516	1813.61	2240
Iteration: 169	1436	1566	1847.44	2636
Iteration: 170	1436	1469	1866.73	2654
Iteration: 171	1436	1561	1837.19	2652
Iteration: 172	1436	1512	1817.63	2231
Iteration: 173	1436	1490	1858.59	2317
Iteration: 174	1436	1563	1856.81	2549
Iteration: 175	1436	1511	1860.64	2409
Iteration: 176	1427	1427	1860.84	2510
Iteration: 177	1427	1540	1873.92	2533
Iteration: 178	1427	1549	1851.26	2546
Iteration: 179	1427	1530	1845.55	2456
Iteration: 180	1427	1552	1893.81	2664
Iteration: 181	1427	1597	1873.99	2660
Iteration: 182	1427	1530	1853.02	2899
Iteration: 183	1427	1556	1866.82	2412
Iteration: 184	1427	1532	1852.68	2523
Iteration: 185	1427	1558	1830.77	2369
Iteration: 186	1427	1562	1861.88	2398
Iteration: 187	1427	1617	1848.33	2398
Iteration: 188	1427	1586	1878.87	2491
Iteration: 189	1427	1527	1836.88	2327
Iteration: 190	1427	1536	1840.09	2374
Iteration: 191	1427	1521	1847.49	2664
Iteration: 192	1427	1497	1842.36	2359
Iteration: 193	1427	1559	1845.96	2454
Iteration: 194	1427	1551	1834.92	2311
Iteration: 195	1427	1528	1854.78	2470
Iteration: 196	1427	1525	1873.02	2286
Iteration: 197	1427	1566	1876.68	2852
Iteration: 198	1427	1486	1837	2340
Iteration: 199	1427	1544	1867.28	2364
Iteration: 200	1427	1523	1868.32	2361
Iteration: 201	1427	1546	1827.1	2405
Iteration: 202	1427	1569	1849.85	2257
Iteration: 203	1427	1479	1822.21	2250
Iteration: 204	1427	1514	1872.04	2741
Iteration: 205	1427	1522	1866.15	2479
Iteration: 206	1427	1536	1832.42	2446
Iteration: 207	1427	1510	1821.11	2338
Iteration: 208	1427	1516	1835.73	2294
Iteration: 209	1427	1561	1840.62	2470
Iteration: 210	1427	1563	1843.54	2539
Iteration: 211	1427	1573	1855.8	2600
Iteration: 212	1427	1517	1857.93	2538
Iteration: 213	1427	1547	1852.41	2245
Iteration: 214	1427	1550	1841.49	2488
Iteration: 215	1427	1554	1830.7	2181
Iteration: 216	1427	1613	1881.49	2604
Iteration: 217	1427	1592	1852.38	2388
Iteration: 218	1427	1622	1845.53	2348
Iteration: 219	1427	1488	1854.84	2392
Iteration: 220	1427	1556	1854.37	2656
Iteration: 221	1427	1508	1853.73	2271
Iteration: 222	1427	1530	1850.33	2335
Iteration: 223	1427	1541	1829.92	2288
Iteration: 224	1427	1498	1853.46	2486
Iteration: 225	1427	1590	1829.35	2424
Iteration: 226	1427	1466	1828.88	2418
Iteration: 227	1427	1516	1832	2483
Iteration: 228	1427	1505	1828.15	2427
Iteration: 229	1427	1557	1835.86	2478
Iteration: 230	1427	1483	1880.31	2707
Iteration: 231	1427	1490	1841.42	2440
Iteration: 232	1427	1487	1811.76	2294
Iteration: 233	1427	1506	1820.95	2273
Iteration: 234	1427	1511	1840.44	2410
Iteration: 235	1427	1542	1844.48	2359
Iteration: 236	1427	1523	1860.19	2447
Iteration: 237	1427	1567	1863.16	2344
Iteration: 238	1427	1524	1865.86	2537
Iteration: 239	1427	1531	1866.74	2434
Iteration: 240	1427	1542	1843.16	2307
Iteration: 241	1427	1493	1839.15	2291
Iteration: 242	1427	1540	1875.69	2307
Iteration: 243	1427	1502	1863.83	2583
Iteration: 244	1427	1485	1829.06	2553
Iteration: 245	1427	1538	1841.6	2251
Iteration: 246	1427	1648	1881.27	2268
Iteration: 247	1427	1509	1844.56	2443
Iteration: 248	1427	1570	1817.8	2254
Iteration: 249	1427	1546	1842.52	2453
Iteration: 250	1427	1573	1846.06	2344
Iteration: 251	1427	1537	1847.27	2470
Iteration: 252	1427	1562	1838.59	2331
Iteration: 253	1427	1531	1808.49	2252
Iteration: 254	1427	1547	1856.5	2981
Iteration: 255	1427	1532	1816.98	2385
Iteration: 256	1427	1546	1825.54	2519
Iteration: 257	1427	1568	1883.29	2535
Iteration: 258	1427	1509	1852.57	2530
Iteration: 259	1427	1557	1852.34	2447
Iteration: 260	1427	1537	1842.61	2321
Iteration: 261	1427	1534	1858.53	2532
Iteration: 262	1427	1590	1847.37	2421
Iteration: 263	1427	1456	1863.95	2648
Iteration: 264	1427	1537	1856.12	2398
Iteration: 265	1427	1489	1874.31	2349
Iteration: 266	1427	1532	1820.61	2273
Iteration: 267	1427	1519	1880.21	2355
Iteration: 268	1427	1535	1872.83	2525
Iteration: 269	1427	1551	1839.07	2554
Iteration: 270	1427	1499	1841.33	2248
Iteration: 271	1427	1614	1877.8	2443
Iteration: 272	1427	1475	1843.65	2402
Iteration: 273	1427	1508	1840.63	2441
Iteration: 274	1427	1527	1857.11	2480
Iteration: 275	1427	1578	1842.94	2371
Iteration: 276	1427	1477	1843.24	2371
Iteration: 277	1427	1485	1835.65	2309
Iteration: 278	1427	1516	1852.43	2452
Iteration: 279	1427	1577	1880.77	2492
Iteration: 280	1427	1545	1863.94	2446
Iteration: 281	1427	1537	1850.46	2244
Iteration: 282	1427	1565	1856.57	2339
Iteration: 283	1427	1532	1900.66	2426
Iteration: 284	1427	1556	1829.38	2490
Iteration: 285	1427	1493	1859.43	2673
Iteration: 286	1427	1527	1858.43	2415
Iteration: 287	1427	1564	1867.68	2619
Iteration: 288	1427	1507	1846.94	2497
Iteration: 289	1427	1554	1855.24	2461
Iteration: 290	1427	1509	1840.37	2295
Iteration: 291	1427	1493	1845.31	2500
Iteration: 292	1427	1512	1857.92	2779
Iteration: 293	1427	1579	1865.29	2431
Iteration: 294	1427	1513	1851.66	2457
Iteration: 295	1427	1608	1871.1	2346
Iteration: 296	1427	1500	1814.94	2354
Iteration: 297	1427	1564	1833.71	2367
Iteration: 298	1427	1561	1835.07	2525
Iteration: 299	1427	1515	1854.31	2602
Iteration: 300	1427	1563	1822.77	2238
Iteration: 301	1427	1528	1853.08	2208
Iteration: 302	1427	1585	1845.66	2407
Iteration: 303	1427	1531	1864.2	2686
Iteration: 304	1427	1564	1830.44	2343
Iteration: 305	1427	1554	1880.36	2428
Iteration: 306	1427	1514	1841.32	2447
Iteration: 307	1427	1508	1865.33	2559
Iteration: 308	1427	1555	1844.44	2334
Iteration: 309	1427	1540	1862.96	2508
Iteration: 310	1427	1566	1849.86	2551
Iteration: 311	1427	1540	1827.37	2307
Iteration: 312	1427	1550	1873.71	2564
Iteration: 313	1427	1527	1864.68	2379
Iteration: 314	1427	1530	1818.74	2262
Iteration: 315	1427	1554	1807.29	2266
Iteration: 316	1427	1554	1841.22	2407
Iteration: 317	1427	1501	1842.36	2519
Iteration: 318	1427	1563	1857.5	2417
Iteration: 319	1427	1481	1820.65	2176
Iteration: 320	1427	1541	1842.22	2417
Iteration: 321	1427	1438	1864.11	2655
Iteration: 322	1427	1556	1869.63	2457
Iteration: 323	1427	1560	1869.22	2459
Iteration: 324	1427	1523	1850.73	2326
Iteration: 325	1427	1567	1854.39	2544
Iteration: 326	1427	1534	1859.97	2355
Iteration: 327	1427	1498	1827.9	2307
Iteration: 328	1427	1591	1847.59	2304
Iteration: 329	1427	1559	1846.3	2417
Iteration: 330	1427	1500	1830.67	2378
Iteration: 331	1427	1597	1881.05	2558
Iteration: 332	1427	1507	1833.42	2332
Iteration: 333	1427	1587	1847.17	2382
Iteration: 334	1427	1503	1850.18	2495
Iteration: 335	1427	1531	1855.83	2609
Iteration: 336	1427	1542	1846.37	2286
Iteration: 337	1427	1559	1824.96	2237
Iteration: 338	1427	1463	1829.99	2277
Iteration: 339	1427	1538	1834.8	2329
Iteration: 340	1427	1557	1847.64	2416
Iteration: 341	1427	1577	1851.78	2533
Iteration: 342	1427	1568	1835.14	2260
Iteration: 343	1427	1546	1843.19	2418
Iteration: 344	1427	1583	1829.89	2508
Iteration: 345	1427	1524	1842.22	2392
Iteration: 346	1427	1561	1834.12	2331
Iteration: 347	1427	1491	1858.6	2646
Iteration: 348	1427	1555	1856.09	2516
Iteration: 349	1427	1584	1860.79	2528
Iteration: 350	1427	1586	1842.95	2387
Iteration: 351	1427	1571	1825.93	2440
Iteration: 352	1427	1552	1882.95	2405
Iteration: 353	1427	1477	1873.92	2554
Iteration: 354	1427	1523	1820.72	2241
Iteration: 355	1427	1542	1860.09	2301
Iteration: 356	1427	1552	1874.41	2658
Iteration: 357	1427	1571	1852.25	2402
Iteration: 358	1427	1489	1831.03	2531
Iteration: 359	1427	1499	1864.53	2464
Iteration: 360	1427	1530	1870.87	2374
Iteration: 361	1427	1596	1848.52	2626
Iteration: 362	1427	1534	1835.85	2252
Iteration: 363	1427	1599	1871.73	2423
Iteration: 364	1427	1490	1839.72	2635
Iteration: 365	1427	1582	1871.7	2558
Iteration: 366	1427	1519	1818.55	2353
Iteration: 367	1427	1549	1864.85	2310
Iteration: 368	1427	1581	1877.48	2540
Iteration: 369	1427	1520	1834.28	2419
Iteration: 370	1427	1549	1826.12	2239
Iteration: 371	1427	1503	1856.85	2529
Iteration: 372	1427	1534	1866.64	2416
Iteration: 373	1427	1534	1842.19	2197
Iteration: 374	1427	1558	1873.51	2471
Iteration: 375	1427	1556	1833.05	2353
Iteration: 376	1427	1614	1847.25	2375
Iteration: 377	1427	1535	1849.3	2447
Iteration: 378	1427	1535	1816.18	2222
Iteration: 379	1427	1512	1830.33	2565
Iteration: 380	1427	1572	1855.52	2413
Iteration: 381	1427	1546	1843.95	2590
Iteration: 382	1427	1575	1845.57	2301
Iteration: 383	1427	1560	1859.44	2515
Iteration: 384	1427	1513	1837.63	2312
Iteration: 385	1427	1535	1847.17	2281
Iteration: 386	1427	1526	1869.39	2431
Iteration: 387	1427	1580	1844.58	2297
Iteration: 388	1427	1508	1863.76	2500
Iteration: 389	1427	1467	1845.04	2318
Iteration: 390	1427	1505	1821.43	2404
Iteration: 391	1427	1464	1849.28	2351
Iteration: 392	1427	1531	1847.05	2587
Iteration: 393	1427	1596	1845.26	2290
Iteration: 394	1427	1506	1845.51	2355
Iteration: 395	1427	1482	1814.66	2630
Iteration: 396	1427	1545	1863.28	2491
Iteration: 397	1427	1520	1841.26	2322
Iteration: 398	1427	1556	1830.51	2412
Iteration: 399	1427	1562	1862.2	2419
Iteration: 400	1427	1562	1843.63	2450
Iteration: 401	1427	1564	1878.74	2302
Iteration: 402	1427	1521	1831.62	2270
Iteration: 403	1427	1503	1835.24	2683
Iteration: 404	1427	1533	1868.38	2422
Iteration: 405	1427	1568	1847.17	2512
Iteration: 406	1427	1465	1858.17	2591
Iteration: 407	1427	1542	1835.55	2320
Iteration: 408	1427	1498	1864.07	2428
Iteration: 409	1427	1518	1867.53	2382
Iteration: 410	1427	1587	1847.47	2291
Iteration: 411	1427	1489	1854.1	2388
Iteration: 412	1427	1603	1836.06	2343
Iteration: 413	1427	1548	1859.11	2394
Iteration: 414	1427	1572	1865.54	2341
Iteration: 415	1427	1522	1866.38	2389
Iteration: 416	1427	1543	1856.71	2325
Iteration: 417	1427	1589	1854.08	2457
Iteration: 418	1427	1517	1840.99	2386
Iteration: 419	1427	1539	1852.23	2290
Iteration: 420	1427	1520	1836.03	2239
Iteration: 421	1427	1519	1876.82	2401
Iteration: 422	1427	1530	1873.9	2624
Iteration: 423	1427	1580	1820.74	2464
Iteration: 424	1427	1516	1833.79	2387
Iteration: 425	1427	1526	1834.72	2503
Iteration: 426	1427	1558	1853.07	2337
Iteration: 427	1427	1492	1860.29	2583
Iteration: 428	1427	1590	1850.08	2720
Iteration: 429	1427	1545	1841.46	2612
Iteration: 430	1427	1548	1833.52	2406
Iteration: 431	1427	1506	1873.5	2413
Iteration: 432	1427	1535	1837.07	2350
Iteration: 433	1427	1506	1868.14	2921
Iteration: 434	1427	1559	1863.18	2697
Iteration: 435	1427	1537	1849.08	2297
Iteration: 436	1427	1537	1839.87	2532
Iteration: 437	1427	1525	1826.04	2469
Iteration: 438	1427	1526	1848.61	2569
Iteration: 439	1427	1515	1854.55	2371
Iteration: 440	1427	1562	1823.92	2365
Iteration: 441	1427	1544	1836.96	2592
Iteration: 442	1427	1600	1841.42	2281
Iteration: 443	1427	1509	1857.18	2257
Iteration: 444	1427	1529	1844.31	2370
Iteration: 445	1427	1527	1856.69	2503
Iteration: 446	1427	1558	1846.83	2357
Iteration: 447	1427	1560	1833.36	2300
Iteration: 448	1427	1504	1855.25	2474
Iteration: 449	1427	1510	1850.08	2337
Iteration: 450	1427	1525	1865.55	2428
Iteration: 451	1427	1562	1841.63	2327
Iteration: 452	1427	1514	1860.84	2458
Iteration: 453	1427	1560	1887.4	2260
Iteration: 454	1427	1573	1862.18	2768
Iteration: 455	1427	1560	1850.69	2382
Iteration: 456	1427	1501	1825.3	2546
Iteration: 457	1427	1527	1856.24	2368
Iteration: 458	1427	1509	1878.68	2576
Iteration: 459	1427	1586	1860.17	2517
Iteration: 460	1427	1516	1819	2443
Iteration: 461	1427	1574	1855.4	2319
Iteration: 462	1427	1566	1819.4	2709
Iteration: 463	1427	1559	1868.49	2323
Iteration: 464	1427	1534	1861.12	2354
Iteration: 465	1427	1519	1833.57	2249
Iteration: 466	1427	1518	1861.78	2245
Iteration: 467	1427	1559	1851.77	2404
Iteration: 468	1427	1511	1846.86	2501
Iteration: 469	1427	1497	1842.3	2555
Iteration: 470	1427	1523	1841.43	2549
Iteration: 471	1427	1589	1850	2393
Iteration: 472	1427	1546	1876.27	2404
Iteration: 473	1427	1519	1833.41	2365
Iteration: 474	1427	1566	1866.23	2597
Iteration: 475	1427	1555	1883.1	2420
Iteration: 476	1427	1482	1836.24	2396
Iteration: 477	1427	1600	1851.77	2360
Iteration: 478	1427	1521	1871.75	2413
Iteration: 479	1427	1533	1854.35	2901
Iteration: 480	1427	1539	1848.18	2234
Iteration: 481	1427	1539	1863.66	2329
Iteration: 482	1427	1529	1860.2	2478
Iteration: 483	1427	1556	1843.43	2392
Iteration: 484	1427	1536	1851.72	2352
Iteration: 485	1427	1540	1847.55	2440
Iteration: 486	1427	1470	1874.93	2473
Iteration: 487	1427	1597	1907.1	2761
Iteration: 488	1427	1498	1829.61	2540
Iteration: 489	1427	1563	1837.25	2399
Iteration: 490	1427	1573	1858.97	2394
Iteration: 491	1427	1548	1886.9	2709
Iteration: 492	1427	1550	1842.72	2406
Iteration: 493	1427	1563	1835.71	2733
Iteration: 494	1427	1511	1858.89	2732
Iteration: 495	1427	1515	1843.05	2345
Iteration: 496	1427	1579	1860.81	2628
Iteration: 497	1427	1549	1870.56	2701
Iteration: 498	1427	1579	1834.58	2633
Iteration: 499	1427	1526	1875.37	2297
