Iteration: 0	1462	1462	1792.1	2400
Iteration: 1	1462	1490	1758.85	2208
Iteration: 2	1462	1527	1784.88	2160
Iteration: 3	1462	1593	1831.73	2355
Iteration: 4	1462	1518	1854.09	2271
Iteration: 5	1462	1617	1864.3	2297
Iteration: 6	1462	1520	1846.71	2407
Iteration: 7	1462	1574	1867.64	2270
Iteration: 8	1462	1537	1831.92	2348
Iteration: 9	1462	1513	1782.88	2125
Iteration: 10	1462	1510	1792.1	2350
Iteration: 11	1462	1544	1825.28	2380
Iteration: 12	1462	1541	1816.15	2486
Iteration: 13	1462	1543	1799.11	2275
Iteration: 14	1462	1553	1845.62	2258
Iteration: 15	1462	1480	1815.95	2287
Iteration: 16	1462	1522	1803.49	2209
Iteration: 17	1462	1486	1801.56	2418
Iteration: 18	1462	1502	1793.49	2282
Iteration: 19	1462	1513	1797.12	2300
Iteration: 20	1462	1575	1818.77	2182
Iteration: 21	1462	1585	1824.64	2283
Iteration: 22	1462	1513	1774.11	2165
Iteration: 23	1462	1555	1788.62	2192
Iteration: 24	1462	1463	1783.63	2339
Iteration: 25	1462	1527	1782.84	2195
Iteration: 26	1462	1541	1798.09	2424
Iteration: 27	1462	1502	1795.6	2348
Iteration: 28	1462	1532	1815.5	2387
Iteration: 29	1462	1521	1783.83	2357
Iteration: 30	1462	1507	1794.45	2790
Iteration: 31	1462	1511	1795.44	2261
Iteration: 32	1462	1567	1808.86	2487
Iteration: 33	1462	1505	1766.25	2242
Iteration: 34	1462	1524	1766.51	2215
Iteration: 35	1462	1483	1765.05	2351
Iteration: 36	1462	1550	1796.52	2442
Iteration: 37	1462	1522	1785.98	2305
Iteration: 38	1462	1527	1783.54	2160
Iteration: 39	1462	1505	1816.17	2294
Iteration: 40	1462	1551	1832.12	2389
Iteration: 41	1462	1513	1772.47	2129
Iteration: 42	1462	1515	1784.85	2215
Iteration: 43	1462	1562	1780.53	2280
Iteration: 44	1462	1519	1799.92	2350
Iteration: 45	1462	1493	1778.94	2302
Iteration: 46	1462	1513	1791.45	2297
Iteration: 47	1462	1540	1805.11	2430
Iteration: 48	1462	1507	1796.84	2306
Iteration: 49	1462	1489	1787.45	2323
Iteration: 50	1462	1523	1806.05	2409
Iteration: 51	1425	1425	1802.19	2307
Iteration: 52	1425	1559	1799.06	2226
Iteration: 53	1425	1526	1799.47	2292
Iteration: 54	1425	1520	1806.69	2311
Iteration: 55	1425	1515	1791.22	2335
Iteration: 56	1425	1534	1824.74	2361
Iteration: 57	1425	1524	1774.48	2296
Iteration: 58	1425	1519	1789.4	2427
Iteration: 59	1425	1499	1786.96	2277
Iteration: 60	1425	1503	1794.73	2555
Iteration: 61	1425	1567	1823.07	2450
Iteration: 62	1425	1474	1797.86	2347
Iteration: 63	1425	1581	1812.45	2362
Iteration: 64	1425	1561	1768.51	2069
Iteration: 65	1425	1529	1799.66	2224
Iteration: 66	1425	1539	1790.14	2285
Iteration: 67	1425	1510	1814.76	2418
Iteration: 68	1425	1558	1795.74	2297
Iteration: 69	1425	1535	1809.89	2254
Iteration: 70	1425	1556	1807.53	2282
Iteration: 71	1425	1485	1809	2287
Iteration: 72	1425	1534	1790.25	2287
Iteration: 73	1425	1500	1794.64	2719
Iteration: 74	1425	1531	1815.62	2498
Iteration: 75	1425	1524	1808.93	2432
Iteration: 76	1425	1506	1785.67	2320
Iteration: 77	1425	1463	1818.83	2819
Iteration: 78	1425	1516	1757.15	2274
Iteration: 79	1425	1544	1788.6	2280
Iteration: 80	1425	1547	1789.62	2306
Iteration: 81	1425	1494	1779.82	2080
Iteration: 82	1425	1565	1827.84	2392
Iteration: 83	1425	1542	1816.07	2378
Iteration: 84	1425	1556	1791.47	2292
Iteration: 85	1425	1526	1801.95	2204
Iteration: 86	1425	1505	1795.76	2319
Iteration: 87	1425	1567	1814.15	2319
Iteration: 88	1425	1533	1781.93	2339
Iteration: 89	1425	1524	1800.71	2177
Iteration: 90	1425	1515	1813.9	2334
Iteration: 91	1425	1525	1769.7	2380
Iteration: 92	1425	1511	1809.97	2406
Iteration: 93	1425	1511	1815.8	2668
Iteration: 94	1425	1468	1753.4	2219
Iteration: 95	1425	1527	1828.89	2366
Iteration: 96	1425	1559	1814.31	2292
Iteration: 97	1425	1546	1785.26	2224
Iteration: 98	1425	1484	1803.38	2309
Iteration: 99	1425	1505	1798.63	2326
Iteration: 100	1425	1549	1808.29	2371
Iteration: 101	1425	1522	1798.23	2288
Iteration: 102	1425	1529	1780.17	2177
Iteration: 103	1425	1522	1794.52	2422
Iteration: 104	1425	1540	1807.8	2380
Iteration: 105	1425	1578	1809.35	2464
Iteration: 106	1425	1573	1822.06	2313
Iteration: 107	1425	1504	1769.02	2234
Iteration: 108	1425	1532	1813.61	2479
Iteration: 109	1425	1548	1808.98	2325
Iteration: 110	1425	1549	1827.91	2465
Iteration: 111	1425	1534	1800.97	2426
Iteration: 112	1425	1515	1807.7	2266
Iteration: 113	1425	1547	1814.08	2267
Iteration: 114	1425	1478	1788.98	2439
Iteration: 115	1412	1412	1770.05	2178
Iteration: 116	1412	1513	1795.96	2201
Iteration: 117	1412	1537	1830.06	2385
Iteration: 118	1412	1551	1790.86	2230
Iteration: 119	1412	1452	1822.62	2353
Iteration: 120	1412	1508	1794.77	2356
Iteration: 121	1412	1512	1790.31	2150
Iteration: 122	1412	1561	1795.45	2207
Iteration: 123	1412	1531	1790.79	2284
Iteration: 124	1412	1499	1796.43	2276
Iteration: 125	1412	1491	1804.78	2289
Iteration: 126	1412	1466	1810.95	2292
Iteration: 127	1412	1508	1789.52	2852
Iteration: 128	1412	1515	1786.13	2327
Iteration: 129	1412	1542	1793.1	2350
Iteration: 130	1412	1523	1766.29	2056
Iteration: 131	1412	1522	1799.95	2232
Iteration: 132	1412	1510	1770.44	2179
Iteration: 133	1412	1536	1800.46	2397
Iteration: 134	1412	1495	1815.45	2309
Iteration: 135	1412	1529	1820.5	2378
Iteration: 136	1412	1476	1801.57	2395
Iteration: 137	1412	1521	1818.67	2397
Iteration: 138	1412	1556	1777.24	2229
Iteration: 139	1412	1527	1757.3	2206
Iteration: 140	1412	1533	1811.6	2400
Iteration: 141	1412	1494	1773.67	2140
Iteration: 142	1412	1449	1831.78	2421
Iteration: 143	1412	1538	1823.69	2541
Iteration: 144	1412	1568	1802	2420
Iteration: 145	1412	1483	1765.58	2235
Iteration: 146	1412	1572	1831.81	2431
Iteration: 147	1412	1513	1796.33	2193
Iteration: 148	1412	1534	1804.04	2734
Iteration: 149	1412	1574	1803.69	2306
Iteration: 150	1412	1481	1798.04	2259
Iteration: 151	1412	1468	1794.14	2240
Iteration: 152	1412	1544	1788.47	2426
Iteration: 153	1412	1511	1797.43	2421
Iteration: 154	1412	1556	1799.49	2479
Iteration: 155	1412	1540	1796.64	2370
Iteration: 156	1412	1549	1797.45	2338
Iteration: 157	1412	1517	1802.94	2461
Iteration: 158	1412	1556	1783.68	2550
Iteration: 159	1412	1516	1778.14	2096
Iteration: 160	1412	1562	1798.33	2416
Iteration: 161	1412	1534	1807.41	2473
Iteration: 162	1412	1538	1793.57	2672
Iteration: 163	1412	1482	1783.93	2177
Iteration: 164	1412	1465	1798.34	2507
Iteration: 165	1412	1550	1796.26	2572
Iteration: 166	1412	1540	1806.23	2384
Iteration: 167	1412	1514	1790.43	2449
Iteration: 168	1412	1545	1830.33	2343
Iteration: 169	1412	1531	1803.49	2469
Iteration: 170	1412	1521	1785.02	2416
Iteration: 171	1412	1536	1804.65	2393
Iteration: 172	1412	1553	1782.48	2296
Iteration: 173	1412	1521	1800.56	2634
Iteration: 174	1412	1532	1809.09	2242
Iteration: 175	1412	1479	1786.64	2305
Iteration: 176	1412	1516	1830.79	2411
Iteration: 177	1412	1555	1794.72	2225
Iteration: 178	1412	1512	1791.21	2201
Iteration: 179	1412	1509	1788.82	2134
Iteration: 180	1412	1518	1781.04	2191
Iteration: 181	1412	1487	1817.62	2421
Iteration: 182	1412	1496	1785.61	2128
Iteration: 183	1412	1515	1793.55	2313
Iteration: 184	1412	1565	1793.57	2342
Iteration: 185	1412	1484	1790.93	2400
Iteration: 186	1412	1524	1771.02	2200
Iteration: 187	1412	1538	1799.65	2557
Iteration: 188	1412	1553	1801.24	2230
Iteration: 189	1412	1522	1810.03	2796
Iteration: 190	1412	1554	1776.21	2166
Iteration: 191	1412	1500	1808.7	2394
Iteration: 192	1412	1542	1826.68	2332
Iteration: 193	1412	1583	1826.97	2686
Iteration: 194	1412	1526	1804.32	2574
Iteration: 195	1412	1531	1799.15	2391
Iteration: 196	1412	1563	1788.33	2269
Iteration: 197	1412	1541	1807.22	2390
Iteration: 198	1412	1514	1782.61	2430
Iteration: 199	1412	1538	1795.14	2253
Iteration: 200	1412	1567	1803.2	2247
Iteration: 201	1412	1509	1774.3	2311
Iteration: 202	1412	1589	1810.06	2392
Iteration: 203	1412	1434	1786.3	2301
Iteration: 204	1412	1505	1796.2	2509
Iteration: 205	1412	1584	1839.76	2453
Iteration: 206	1412	1539	1807.58	2292
Iteration: 207	1412	1544	1820.31	2311
Iteration: 208	1412	1500	1786.63	2219
Iteration: 209	1412	1539	1797.86	2462
Iteration: 210	1412	1531	1779.75	2412
Iteration: 211	1412	1530	1808.09	2432
Iteration: 212	1412	1561	1805.67	2407
Iteration: 213	1412	1531	1811.17	2619
Iteration: 214	1412	1518	1798.43	2307
Iteration: 215	1412	1541	1793.63	2311
Iteration: 216	1412	1504	1796.99	2413
Iteration: 217	1412	1568	1785.29	2165
Iteration: 218	1412	1558	1812.68	2361
Iteration: 219	1412	1509	1805.19	2272
Iteration: 220	1412	1558	1832.09	2305
Iteration: 221	1412	1510	1814.92	2446
Iteration: 222	1412	1533	1811.87	2259
Iteration: 223	1412	1542	1814.23	2811
Iteration: 224	1412	1517	1791.28	2581
Iteration: 225	1412	1569	1811.63	2471
Iteration: 226	1412	1552	1785.07	2361
Iteration: 227	1412	1536	1807.61	2363
Iteration: 228	1412	1558	1787.44	2383
Iteration: 229	1412	1525	1814.96	2357
Iteration: 230	1412	1551	1799.9	2706
Iteration: 231	1412	1551	1788.39	2257
Iteration: 232	1412	1491	1792.36	2188
Iteration: 233	1412	1533	1773.91	2304
Iteration: 234	1412	1546	1793.11	2415
Iteration: 235	1412	1511	1788.78	2471
Iteration: 236	1412	1495	1795.19	2286
Iteration: 237	1412	1478	1807.66	2182
Iteration: 238	1412	1554	1839.08	2642
Iteration: 239	1412	1556	1817.98	2291
Iteration: 240	1412	1433	1811.14	2506
Iteration: 241	1412	1498	1815.87	2328
Iteration: 242	1412	1555	1823.17	2266
Iteration: 243	1412	1574	1790.71	2508
Iteration: 244	1412	1543	1784.17	2400
Iteration: 245	1412	1485	1782.84	2238
Iteration: 246	1412	1499	1808.61	2501
Iteration: 247	1412	1531	1809.32	2339
Iteration: 248	1412	1509	1797.71	2250
Iteration: 249	1412	1508	1786.95	2166
Iteration: 250	1412	1556	1807.49	2315
Iteration: 251	1412	1511	1784.82	2327
Iteration: 252	1412	1552	1807.33	2214
Iteration: 253	1412	1434	1801.75	2491
Iteration: 254	1412	1526	1806.11	2458
Iteration: 255	1412	1530	1807.91	2301
Iteration: 256	1412	1567	1819	2815
Iteration: 257	1412	1538	1791.9	2334
Iteration: 258	1412	1540	1805.66	2327
Iteration: 259	1412	1528	1802.81	2324
Iteration: 260	1412	1556	1816.38	2402
Iteration: 261	1412	1531	1811.67	2545
Iteration: 262	1412	1524	1806.18	2489
Iteration: 263	1412	1539	1798.74	2278
Iteration: 264	1412	1534	1789.68	2309
Iteration: 265	1412	1543	1814.9	2355
Iteration: 266	1412	1538	1799.49	2601
Iteration: 267	1412	1557	1810.08	2422
Iteration: 268	1412	1511	1811.38	2731
Iteration: 269	1412	1522	1796.36	2169
Iteration: 270	1412	1551	1796.64	2314
Iteration: 271	1412	1488	1805.15	2313
Iteration: 272	1412	1499	1790.81	2178
Iteration: 273	1412	1449	1807.15	2497
Iteration: 274	1412	1474	1783.52	2213
Iteration: 275	1412	1550	1819.19	2729
Iteration: 276	1412	1537	1827.09	2474
Iteration: 277	1412	1535	1831.16	2341
Iteration: 278	1412	1546	1831.11	2446
Iteration: 279	1412	1532	1794.65	2301
Iteration: 280	1412	1521	1774.33	2227
Iteration: 281	1412	1498	1787.93	2181
Iteration: 282	1412	1444	1796.49	2415
Iteration: 283	1412	1532	1800.94	2255
Iteration: 284	1412	1466	1818.94	2354
Iteration: 285	1412	1439	1799.35	2443
Iteration: 286	1412	1508	1827.32	2714
Iteration: 287	1412	1496	1818.3	2347
Iteration: 288	1412	1424	1780.09	2333
Iteration: 289	1412	1508	1792.07	2374
Iteration: 290	1412	1483	1812.64	2423
Iteration: 291	1412	1558	1779.71	2172
Iteration: 292	1412	1566	1805.69	2651
Iteration: 293	1412	1512	1788.18	2343
Iteration: 294	1412	1543	1795.88	2097
Iteration: 295	1412	1516	1804.72	2446
Iteration: 296	1412	1524	1825.78	2447
Iteration: 297	1412	1512	1775.68	2225
Iteration: 298	1412	1538	1753.64	2440
Iteration: 299	1412	1559	1821.21	2443
Iteration: 300	1412	1578	1822.16	2309
Iteration: 301	1412	1547	1792.92	2149
Iteration: 302	1412	1486	1798.08	2478
Iteration: 303	1412	1466	1770.09	2293
Iteration: 304	1412	1565	1817.25	2258
Iteration: 305	1412	1536	1792.47	2459
Iteration: 306	1412	1569	1795.46	2367
Iteration: 307	1412	1493	1785.95	2497
Iteration: 308	1412	1526	1811.58	2425
Iteration: 309	1412	1527	1797.28	2422
Iteration: 310	1412	1493	1810.45	2335
Iteration: 311	1412	1469	1800.56	2372
Iteration: 312	1412	1507	1775.52	2234
Iteration: 313	1412	1514	1773.51	2167
Iteration: 314	1412	1511	1804.75	2418
Iteration: 315	1412	1528	1764.94	2486
Iteration: 316	1412	1470	1780.53	2194
Iteration: 317	1412	1514	1777.95	2364
Iteration: 318	1412	1583	1805.81	2531
Iteration: 319	1412	1538	1803.19	2378
Iteration: 320	1412	1517	1793.41	2443
Iteration: 321	1412	1550	1793.87	2311
Iteration: 322	1412	1575	1799.43	2623
Iteration: 323	1412	1557	1783.23	2323
Iteration: 324	1412	1533	1792.07	2580
Iteration: 325	1412	1494	1800.57	2417
Iteration: 326	1412	1520	1792.08	2413
Iteration: 327	1412	1482	1801.71	2168
Iteration: 328	1412	1541	1790.74	2203
Iteration: 329	1412	1507	1795.44	2222
Iteration: 330	1412	1505	1787.67	2210
Iteration: 331	1412	1471	1801.65	2381
Iteration: 332	1412	1561	1772.91	2169
Iteration: 333	1412	1535	1799.83	2417
Iteration: 334	1412	1528	1766.09	2230
Iteration: 335	1412	1575	1782.89	2296
Iteration: 336	1412	1555	1787.53	2257
Iteration: 337	1412	1524	1808.8	2327
Iteration: 338	1412	1476	1810.27	2425
Iteration: 339	1412	1523	1797.07	2310
Iteration: 340	1412	1536	1767.11	2323
Iteration: 341	1412	1554	1784.33	2208
Iteration: 342	1412	1446	1782.44	2293
Iteration: 343	1412	1544	1794.11	2232
Iteration: 344	1412	1500	1793.88	2246
Iteration: 345	1412	1506	1792.2	2899
Iteration: 346	1412	1556	1802.76	2181
Iteration: 347	1412	1490	1811.45	2274
Iteration: 348	1412	1533	1820.3	2404
Iteration: 349	1412	1516	1807.79	2273
Iteration: 350	1412	1537	1784.22	2237
Iteration: 351	1412	1512	1797.08	2394
Iteration: 352	1412	1524	1790.82	2306
Iteration: 353	1412	1505	1797.67	2162
Iteration: 354	1412	1539	1789.78	2198
Iteration: 355	1412	1514	1806.59	2533
Iteration: 356	1412	1501	1774.15	2387
Iteration: 357	1412	1533	1793.17	2237
Iteration: 358	1412	1597	1817.71	2324
Iteration: 359	1412	1569	1811.31	2441
Iteration: 360	1412	1499	1808.99	2449
Iteration: 361	1412	1554	1801.79	2229
Iteration: 362	1412	1525	1785.12	2096
Iteration: 363	1412	1477	1819.42	2355
Iteration: 364	1412	1489	1766.87	2285
Iteration: 365	1412	1483	1780.53	2236
Iteration: 366	1412	1553	1808.75	2499
Iteration: 367	1412	1543	1780.86	2436
Iteration: 368	1412	1572	1813.9	2390
Iteration: 369	1412	1510	1780.17	2281
Iteration: 370	1412	1541	1802.99	2425
Iteration: 371	1412	1523	1830.81	2487
Iteration: 372	1412	1495	1793.45	2293
Iteration: 373	1412	1462	1798.23	2284
Iteration: 374	1412	1574	1805.37	2294
Iteration: 375	1412	1526	1800.53	2167
Iteration: 376	1412	1535	1809.58	2485
Iteration: 377	1412	1478	1780.57	2237
Iteration: 378	1412	1550	1813.27	2381
Iteration: 379	1412	1532	1775.16	2210
Iteration: 380	1412	1554	1791.78	2350
Iteration: 381	1412	1512	1789.03	2189
Iteration: 382	1412	1506	1808.11	2541
Iteration: 383	1412	1527	1820.37	2601
Iteration: 384	1412	1518	1817.38	2574
Iteration: 385	1412	1498	1787.79	2406
Iteration: 386	1412	1558	1805.55	2283
Iteration: 387	1412	1460	1776.85	2282
Iteration: 388	1412	1560	1781.16	2234
Iteration: 389	1412	1566	1825.73	2454
Iteration: 390	1412	1500	1790.39	2338
Iteration: 391	1412	1509	1809.26	2611
Iteration: 392	1412	1506	1792.28	2335
Iteration: 393	1412	1565	1781.56	2296
Iteration: 394	1412	1521	1808.69	2518
Iteration: 395	1412	1546	1786.07	2602
Iteration: 396	1412	1510	1803.72	2246
Iteration: 397	1412	1569	1791.65	2292
Iteration: 398	1412	1587	1809.81	2270
Iteration: 399	1412	1490	1799.51	2604
Iteration: 400	1412	1514	1771.41	2282
Iteration: 401	1412	1548	1777.92	2247
Iteration: 402	1412	1513	1796.4	2380
Iteration: 403	1412	1475	1797.74	2589
Iteration: 404	1412	1485	1792.2	2160
Iteration: 405	1412	1552	1797.87	2684
Iteration: 406	1412	1543	1789.37	2227
Iteration: 407	1412	1552	1811.84	2537
Iteration: 408	1412	1492	1799.48	2617
Iteration: 409	1412	1525	1840.34	2447
Iteration: 410	1412	1544	1791.05	2277
Iteration: 411	1412	1592	1784.93	2242
Iteration: 412	1412	1438	1792.3	2293
Iteration: 413	1412	1503	1788.62	2401
Iteration: 414	1412	1527	1810.42	2419
Iteration: 415	1412	1542	1807.62	2470
Iteration: 416	1412	1527	1773.47	2326
Iteration: 417	1412	1495	1818.53	2312
Iteration: 418	1412	1557	1829.19	2549
Iteration: 419	1412	1569	1819.08	2509
Iteration: 420	1412	1527	1798.01	2417
Iteration: 421	1412	1510	1778.77	2355
Iteration: 422	1412	1502	1792.93	2425
Iteration: 423	1412	1504	1811.43	2587
Iteration: 424	1412	1540	1797.38	2155
Iteration: 425	1412	1575	1810.51	2304
Iteration: 426	1412	1492	1799.25	2163
Iteration: 427	1412	1556	1809.57	2525
Iteration: 428	1412	1534	1786.68	2373
Iteration: 429	1412	1526	1801.84	2460
Iteration: 430	1412	1537	1787.32	2140
Iteration: 431	1412	1557	1782.8	2400
Iteration: 432	1412	1507	1777.13	2402
Iteration: 433	1412	1534	1787.73	2346
Iteration: 434	1412	1536	1822.1	2213
Iteration: 435	1412	1517	1780.94	2300
Iteration: 436	1412	1517	1771.06	2187
Iteration: 437	1412	1539	1806.5	2259
Iteration: 438	1412	1526	1783.47	2286
Iteration: 439	1412	1564	1808.67	2271
Iteration: 440	1412	1531	1786.83	2471
Iteration: 441	1412	1539	1810.26	2467
Iteration: 442	1412	1505	1777.69	2232
Iteration: 443	1412	1529	1781.06	2259
Iteration: 444	1412	1524	1825.62	2283
Iteration: 445	1412	1537	1821.86	2452
Iteration: 446	1412	1565	1807.03	2708
Iteration: 447	1412	1524	1796.82	2428
Iteration: 448	1412	1524	1791.3	2266
Iteration: 449	1412	1582	1820.4	2407
Iteration: 450	1412	1523	1801.68	2266
Iteration: 451	1412	1538	1792.07	2293
Iteration: 452	1412	1519	1790.93	2313
Iteration: 453	1412	1498	1795.61	2255
Iteration: 454	1412	1504	1807.25	2369
Iteration: 455	1412	1516	1775.16	2151
Iteration: 456	1412	1511	1796.98	2283
Iteration: 457	1412	1505	1796.03	2695
Iteration: 458	1412	1548	1785.46	2331
Iteration: 459	1412	1549	1801.23	2329
Iteration: 460	1412	1592	1798.49	2285
Iteration: 461	1412	1558	1807.24	2542
Iteration: 462	1412	1538	1797.56	3043
Iteration: 463	1412	1530	1810.32	2407
Iteration: 464	1412	1532	1794.05	2258
Iteration: 465	1412	1533	1799.73	2544
Iteration: 466	1412	1518	1812.72	2402
Iteration: 467	1412	1528	1800.51	2411
Iteration: 468	1412	1440	1784.17	2342
Iteration: 469	1412	1550	1820.3	2349
Iteration: 470	1412	1500	1791.58	2212
Iteration: 471	1412	1543	1786.72	2221
Iteration: 472	1412	1502	1796.51	2408
Iteration: 473	1412	1433	1803.3	2786
Iteration: 474	1412	1546	1778.09	2270
Iteration: 475	1412	1475	1785.48	2616
Iteration: 476	1412	1530	1812.05	2273
Iteration: 477	1412	1530	1827.35	2335
Iteration: 478	1412	1534	1813.86	2264
Iteration: 479	1412	1521	1781.25	2279
Iteration: 480	1412	1590	1797.61	2310
Iteration: 481	1412	1513	1787.62	2474
Iteration: 482	1412	1565	1813.01	2387
Iteration: 483	1412	1564	1811.49	2319
Iteration: 484	1412	1521	1805.6	2334
Iteration: 485	1412	1510	1795.52	2360
Iteration: 486	1412	1527	1812.71	2272
Iteration: 487	1412	1540	1776.21	2125
Iteration: 488	1412	1450	1795.86	2414
Iteration: 489	1412	1534	1797.04	2290
Iteration: 490	1412	1562	1806.16	2453
Iteration: 491	1412	1503	1798.02	2431
Iteration: 492	1412	1516	1793	2259
Iteration: 493	1412	1469	1800.42	2279
Iteration: 494	1412	1550	1789.38	2467
Iteration: 495	1412	1565	1812.53	2683
Iteration: 496	1412	1548	1787.51	2293
Iteration: 497	1412	1561	1828.23	2425
Iteration: 498	1412	1551	1803.84	2442
Iteration: 499	1412	1547	1813.9	2289
