Iteration: 0	1558	1558	1760.67	2276
Iteration: 1	1490	1490	1744.45	2084
Iteration: 2	1490	1533	1776.97	2249
Iteration: 3	1490	1570	1765.72	2261
Iteration: 4	1490	1523	1812.39	2330
Iteration: 5	1480	1480	1802.09	2110
Iteration: 6	1480	1518	1810.89	2430
Iteration: 7	1480	1579	1792.78	2223
Iteration: 8	1450	1450	1788.96	2295
Iteration: 9	1450	1479	1805.44	2301
Iteration: 10	1450	1502	1801.25	2622
Iteration: 11	1450	1534	1771.81	2137
Iteration: 12	1450	1535	1773	2180
Iteration: 13	1450	1539	1755.39	2240
Iteration: 14	1450	1517	1774.8	2470
Iteration: 15	1450	1503	1787.64	2300
Iteration: 16	1450	1535	1791.38	2268
Iteration: 17	1450	1472	1753.17	2268
Iteration: 18	1450	1540	1773.02	2370
Iteration: 19	1450	1510	1764.54	2249
Iteration: 20	1450	1510	1772.51	2303
Iteration: 21	1450	1547	1755.57	2207
Iteration: 22	1450	1517	1750.45	2066
Iteration: 23	1450	1489	1793.37	2207
Iteration: 24	1450	1552	1774.15	2195
Iteration: 25	1450	1577	1773.97	2099
Iteration: 26	1450	1504	1761.91	2419
Iteration: 27	1450	1483	1767.65	2224
Iteration: 28	1450	1457	1749.72	2207
Iteration: 29	1450	1541	1769.87	2276
Iteration: 30	1450	1481	1736.22	2143
Iteration: 31	1450	1506	1765.33	2225
Iteration: 32	1450	1499	1735.53	2114
Iteration: 33	1450	1526	1748.9	2337
Iteration: 34	1450	1535	1763.08	2421
Iteration: 35	1450	1546	1774.16	2388
Iteration: 36	1450	1501	1778.36	2284
Iteration: 37	1450	1563	1780.26	2372
Iteration: 38	1450	1506	1759.96	2245
Iteration: 39	1450	1521	1772.57	2485
Iteration: 40	1450	1517	1784.33	2265
Iteration: 41	1450	1509	1752.56	2268
Iteration: 42	1450	1567	1776.22	2228
Iteration: 43	1450	1526	1753.86	2282
Iteration: 44	1450	1556	1780.06	2304
Iteration: 45	1450	1540	1758.09	2129
Iteration: 46	1450	1579	1772.38	2536
Iteration: 47	1450	1496	1757.23	2272
Iteration: 48	1450	1511	1768.05	2351
Iteration: 49	1450	1516	1762.03	2309
Iteration: 50	1450	1505	1778.8	2587
Iteration: 51	1450	1489	1754.11	2102
Iteration: 52	1450	1500	1767.37	2226
Iteration: 53	1450	1506	1753.09	2134
Iteration: 54	1450	1550	1761.82	2226
Iteration: 55	1450	1537	1755.73	2202
Iteration: 56	1450	1487	1747.29	2391
Iteration: 57	1450	1487	1740.84	2365
Iteration: 58	1450	1474	1776.95	2688
Iteration: 59	1450	1528	1749.77	2145
Iteration: 60	1450	1551	1788.14	2230
Iteration: 61	1450	1531	1765.69	2207
Iteration: 62	1450	1566	1789.31	2269
Iteration: 63	1450	1503	1763.12	2177
Iteration: 64	1450	1540	1742.77	2088
Iteration: 65	1450	1522	1747.65	2389
Iteration: 66	1450	1512	1765.21	2342
Iteration: 67	1450	1469	1755.85	2332
Iteration: 68	1450	1512	1787.97	2266
Iteration: 69	1450	1558	1792.9	2519
Iteration: 70	1450	1467	1754.39	2222
Iteration: 71	1450	1465	1752.33	2237
Iteration: 72	1450	1547	1746.96	2159
Iteration: 73	1450	1555	1773.11	2160
Iteration: 74	1450	1518	1777.98	2221
Iteration: 75	1450	1487	1760.68	2308
Iteration: 76	1450	1575	1767.05	2268
Iteration: 77	1450	1501	1770.85	2196
Iteration: 78	1450	1498	1757.74	2327
Iteration: 79	1450	1552	1746.4	2310
Iteration: 80	1450	1530	1772.81	2200
Iteration: 81	1450	1511	1744.52	2181
Iteration: 82	1450	1521	1763.53	2152
Iteration: 83	1450	1502	1752.81	2124
Iteration: 84	1450	1508	1773.3	2288
Iteration: 85	1450	1540	1764.76	2230
Iteration: 86	1450	1519	1775.1	2347
Iteration: 87	1450	1549	1765.22	2383
Iteration: 88	1450	1547	1754.01	2248
Iteration: 89	1450	1522	1747.11	2255
Iteration: 90	1450	1504	1788.67	2624
Iteration: 91	1450	1530	1778.23	2381
Iteration: 92	1450	1531	1730.34	2021
Iteration: 93	1450	1501	1755.28	2187
Iteration: 94	1450	1493	1743.69	2146
Iteration: 95	1450	1576	1779	2318
Iteration: 96	1450	1464	1759.1	2265
Iteration: 97	1450	1583	1761.5	2348
Iteration: 98	1450	1532	1766.14	2463
Iteration: 99	1450	1524	1782.98	2475
Iteration: 100	1450	1517	1776.21	2158
Iteration: 101	1450	1501	1740.9	2153
Iteration: 102	1450	1460	1762.26	2227
Iteration: 103	1450	1537	1768.23	2328
Iteration: 104	1450	1564	1806.93	2430
Iteration: 105	1450	1528	1795.32	2560
Iteration: 106	1450	1529	1773.78	2078
Iteration: 107	1450	1511	1766.85	2190
Iteration: 108	1450	1509	1766.59	2066
Iteration: 109	1450	1565	1753.22	2099
Iteration: 110	1450	1526	1764.51	2350
Iteration: 111	1408	1408	1748.33	2189
Iteration: 112	1408	1487	1771.25	2263
Iteration: 113	1408	1541	1769.18	2242
Iteration: 114	1408	1529	1780.52	2354
Iteration: 115	1408	1500	1758.19	2400
Iteration: 116	1408	1534	1755.72	2108
Iteration: 117	1408	1469	1750.23	2129
Iteration: 118	1408	1475	1768.25	2230
Iteration: 119	1408	1509	1752.4	2261
Iteration: 120	1408	1543	1755.6	2269
Iteration: 121	1408	1532	1761.34	2266
Iteration: 122	1408	1536	1756.17	2290
Iteration: 123	1408	1506	1781.55	2241
Iteration: 124	1408	1530	1777.36	2258
Iteration: 125	1408	1499	1755.9	2384
Iteration: 126	1408	1515	1782.28	2238
Iteration: 127	1408	1523	1746.99	2379
Iteration: 128	1408	1550	1756.2	2204
Iteration: 129	1408	1488	1762.09	2120
Iteration: 130	1408	1502	1756.99	2123
Iteration: 131	1408	1471	1763.73	2531
Iteration: 132	1408	1547	1779.49	2324
Iteration: 133	1408	1534	1757.09	2116
Iteration: 134	1408	1518	1793.26	2427
Iteration: 135	1408	1446	1776.46	2587
Iteration: 136	1408	1547	1759.12	2330
Iteration: 137	1408	1513	1749.31	2205
Iteration: 138	1408	1517	1740.14	2158
Iteration: 139	1408	1535	1782.57	2551
Iteration: 140	1408	1542	1771.08	2155
Iteration: 141	1408	1515	1750.19	2271
Iteration: 142	1408	1472	1761.98	2291
Iteration: 143	1408	1505	1782	2534
Iteration: 144	1408	1517	1761	2186
Iteration: 145	1408	1514	1763.1	2297
Iteration: 146	1408	1502	1744.34	2181
Iteration: 147	1408	1566	1750.77	2223
Iteration: 148	1408	1508	1784.51	2513
Iteration: 149	1408	1452	1772.52	2227
Iteration: 150	1408	1509	1759.14	2145
Iteration: 151	1408	1512	1770.67	2214
Iteration: 152	1408	1545	1759.69	2236
Iteration: 153	1408	1506	1776.62	2246
Iteration: 154	1408	1528	1761.64	2155
Iteration: 155	1408	1561	1767.5	2305
Iteration: 156	1408	1527	1759.83	2337
Iteration: 157	1408	1530	1747.6	2348
Iteration: 158	1408	1488	1791.4	2357
Iteration: 159	1408	1548	1762.92	2388
Iteration: 160	1408	1477	1758	2175
Iteration: 161	1408	1500	1805.06	2646
Iteration: 162	1408	1516	1764.99	2501
Iteration: 163	1408	1552	1760.6	2254
Iteration: 164	1408	1507	1802.55	2392
Iteration: 165	1408	1555	1743.48	2116
Iteration: 166	1408	1536	1775.1	2546
Iteration: 167	1408	1481	1767.16	2289
Iteration: 168	1408	1525	1754.29	2093
Iteration: 169	1408	1498	1764.13	2138
Iteration: 170	1408	1510	1769.25	2217
Iteration: 171	1408	1556	1795.64	2321
Iteration: 172	1408	1496	1761.67	2430
Iteration: 173	1408	1503	1756.2	2229
Iteration: 174	1408	1519	1775.84	2229
Iteration: 175	1408	1517	1764.95	2505
Iteration: 176	1408	1516	1778.07	2440
Iteration: 177	1408	1504	1739.9	2316
Iteration: 178	1408	1560	1770.81	2223
Iteration: 179	1408	1514	1737.51	2033
Iteration: 180	1408	1520	1752.04	2138
Iteration: 181	1408	1550	1773.59	2585
Iteration: 182	1408	1455	1777.86	2277
Iteration: 183	1408	1544	1766.14	2301
Iteration: 184	1408	1515	1766.12	2150
Iteration: 185	1408	1540	1780.87	2525
Iteration: 186	1408	1549	1799.68	2485
Iteration: 187	1408	1515	1775.9	2493
Iteration: 188	1408	1548	1757.21	2265
Iteration: 189	1408	1501	1767.28	2161
Iteration: 190	1408	1546	1749.31	2226
Iteration: 191	1408	1544	1774.5	2421
Iteration: 192	1408	1568	1771.71	2240
Iteration: 193	1408	1481	1762.14	2230
Iteration: 194	1408	1561	1759.59	2256
Iteration: 195	1408	1458	1743.5	2089
Iteration: 196	1408	1506	1778.52	2309
Iteration: 197	1408	1538	1790.68	2347
Iteration: 198	1408	1536	1767.35	2216
Iteration: 199	1408	1514	1777.29	2321
Iteration: 200	1408	1500	1764.94	2221
Iteration: 201	1408	1542	1754.28	2194
Iteration: 202	1408	1528	1791.09	2465
Iteration: 203	1408	1556	1788.25	2353
Iteration: 204	1408	1519	1773.63	2630
Iteration: 205	1408	1540	1781.19	2445
Iteration: 206	1408	1523	1790.05	2464
Iteration: 207	1408	1542	1767.94	2227
Iteration: 208	1408	1543	1781.01	2328
Iteration: 209	1408	1540	1763.94	2197
Iteration: 210	1408	1540	1794.76	2465
Iteration: 211	1408	1550	1781.39	2219
Iteration: 212	1408	1552	1778.7	2229
Iteration: 213	1408	1544	1756.42	2208
Iteration: 214	1408	1487	1770.4	2400
Iteration: 215	1408	1558	1793.14	2649
Iteration: 216	1408	1513	1759.1	2222
Iteration: 217	1408	1534	1788.36	2329
Iteration: 218	1408	1565	1765.12	2155
Iteration: 219	1408	1549	1743.31	2229
Iteration: 220	1408	1445	1744.1	2165
Iteration: 221	1408	1526	1742.91	2359
Iteration: 222	1408	1515	1787.62	2244
Iteration: 223	1408	1490	1752.29	2260
Iteration: 224	1408	1550	1772.91	2235
Iteration: 225	1408	1547	1735.04	2174
Iteration: 226	1408	1475	1754.73	2341
Iteration: 227	1408	1530	1738.06	2079
Iteration: 228	1408	1539	1780.79	2291
Iteration: 229	1408	1510	1755.25	2193
Iteration: 230	1408	1528	1772.56	2239
Iteration: 231	1408	1551	1772.81	2436
Iteration: 232	1408	1524	1734.65	2355
Iteration: 233	1408	1501	1781.42	2274
Iteration: 234	1408	1510	1777.71	2217
Iteration: 235	1408	1519	1764.6	2244
Iteration: 236	1408	1482	1794.6	2483
Iteration: 237	1408	1532	1738.44	2313
Iteration: 238	1408	1530	1751.83	2176
Iteration: 239	1408	1493	1763.59	2513
Iteration: 240	1408	1529	1747.45	2420
Iteration: 241	1408	1524	1790.03	2588
Iteration: 242	1408	1506	1768.92	2158
Iteration: 243	1408	1507	1766.41	2140
Iteration: 244	1408	1546	1764.46	2101
Iteration: 245	1408	1516	1751.66	2341
Iteration: 246	1408	1539	1770.76	2344
Iteration: 247	1408	1438	1758.1	2097
Iteration: 248	1408	1524	1774.01	2348
Iteration: 249	1408	1495	1783.76	2262
Iteration: 250	1408	1528	1772.46	2331
Iteration: 251	1408	1506	1758.59	2226
Iteration: 252	1408	1560	1765.21	2226
Iteration: 253	1408	1485	1760.66	2226
Iteration: 254	1408	1507	1788.72	2384
Iteration: 255	1408	1492	1788.35	2269
Iteration: 256	1408	1446	1781.98	2240
Iteration: 257	1408	1522	1784.01	2250
Iteration: 258	1408	1500	1805.39	2422
Iteration: 259	1408	1525	1791.49	2162
Iteration: 260	1408	1539	1752.73	2246
Iteration: 261	1408	1499	1793.87	2277
Iteration: 262	1408	1491	1762.67	2273
Iteration: 263	1408	1547	1753.66	2550
Iteration: 264	1408	1490	1748.62	2133
Iteration: 265	1408	1542	1775.61	2482
Iteration: 266	1408	1544	1776.4	2325
Iteration: 267	1408	1586	1766.38	2140
Iteration: 268	1408	1496	1755.89	2156
Iteration: 269	1408	1541	1750.71	2206
Iteration: 270	1408	1497	1771.2	2381
Iteration: 271	1408	1533	1753.36	2137
Iteration: 272	1408	1491	1742	2160
Iteration: 273	1408	1571	1777.19	2301
Iteration: 274	1408	1522	1771.4	2280
Iteration: 275	1408	1560	1791.68	2293
Iteration: 276	1408	1552	1778.14	2209
Iteration: 277	1408	1526	1788.69	2370
Iteration: 278	1408	1500	1772.47	2247
Iteration: 279	1408	1494	1768.78	2142
Iteration: 280	1408	1499	1731.8	2372
Iteration: 281	1408	1524	1756.6	2217
Iteration: 282	1408	1505	1759.49	2254
Iteration: 283	1408	1484	1770.94	2361
Iteration: 284	1408	1411	1777.14	2538
Iteration: 285	1408	1528	1757.19	2176
Iteration: 286	1408	1537	1780.73	2333
Iteration: 287	1408	1485	1784.74	2240
Iteration: 288	1408	1546	1752.98	2518
Iteration: 289	1408	1512	1769.46	2274
Iteration: 290	1408	1539	1772.65	2491
Iteration: 291	1408	1489	1769.48	2211
Iteration: 292	1408	1511	1773.22	2195
Iteration: 293	1408	1513	1771.64	2254
Iteration: 294	1408	1532	1765.76	2329
Iteration: 295	1408	1563	1778.3	2266
Iteration: 296	1408	1511	1770.6	2399
Iteration: 297	1408	1529	1746.3	2097
Iteration: 298	1408	1520	1754.83	2238
Iteration: 299	1408	1532	1766.01	2481
Iteration: 300	1408	1510	1760.19	2379
Iteration: 301	1408	1484	1775.7	2222
Iteration: 302	1408	1546	1751.6	2145
Iteration: 303	1408	1527	1757.89	2298
Iteration: 304	1408	1506	1768.88	2153
Iteration: 305	1408	1544	1775.32	2414
Iteration: 306	1408	1538	1758.56	2273
Iteration: 307	1408	1503	1768.02	2260
Iteration: 308	1408	1495	1764.9	2225
Iteration: 309	1408	1477	1757.67	2275
Iteration: 310	1408	1548	1757.41	2227
Iteration: 311	1408	1534	1787.19	2243
Iteration: 312	1408	1537	1770.3	2284
Iteration: 313	1408	1501	1759.64	2274
Iteration: 314	1408	1541	1739.08	2005
Iteration: 315	1408	1538	1768.95	2160
Iteration: 316	1408	1460	1745.63	2388
Iteration: 317	1408	1431	1781.9	2244
Iteration: 318	1408	1465	1754.92	2649
Iteration: 319	1408	1549	1773.61	2271
Iteration: 320	1408	1489	1772.11	2248
Iteration: 321	1408	1546	1752.46	2179
Iteration: 322	1408	1485	1768.12	2449
Iteration: 323	1408	1597	1793.01	2293
Iteration: 324	1408	1476	1740.08	2135
Iteration: 325	1408	1459	1749.7	2327
Iteration: 326	1408	1457	1760.14	2138
Iteration: 327	1408	1552	1778.2	2158
Iteration: 328	1408	1503	1753.07	2054
Iteration: 329	1408	1528	1752.55	2204
Iteration: 330	1408	1538	1780.7	2795
Iteration: 331	1408	1512	1756.59	2238
Iteration: 332	1408	1508	1747.11	2265
Iteration: 333	1408	1549	1776.23	2249
Iteration: 334	1408	1525	1763.74	2124
Iteration: 335	1408	1516	1755.18	2741
Iteration: 336	1408	1481	1768.34	2275
Iteration: 337	1408	1521	1786.57	2250
Iteration: 338	1408	1507	1780.42	2321
Iteration: 339	1408	1497	1756.73	2289
Iteration: 340	1408	1455	1778.91	2286
Iteration: 341	1408	1564	1788.21	2282
Iteration: 342	1408	1509	1794.75	2175
Iteration: 343	1408	1437	1765.68	2245
Iteration: 344	1408	1555	1797.09	2371
Iteration: 345	1408	1526	1776.47	2274
Iteration: 346	1408	1555	1766.18	2266
Iteration: 347	1408	1516	1802.19	2551
Iteration: 348	1408	1536	1784.38	2331
Iteration: 349	1408	1492	1761.23	2179
Iteration: 350	1408	1507	1740.2	2097
Iteration: 351	1408	1553	1757.39	2082
Iteration: 352	1408	1539	1790.15	2404
Iteration: 353	1408	1537	1779.22	2417
Iteration: 354	1408	1473	1754.77	2337
Iteration: 355	1408	1513	1747.13	2256
Iteration: 356	1408	1486	1757.01	2123
Iteration: 357	1408	1535	1761.24	2365
Iteration: 358	1408	1570	1806.59	2339
Iteration: 359	1408	1507	1754.17	2355
Iteration: 360	1408	1527	1791.97	2347
Iteration: 361	1408	1514	1757.66	2260
Iteration: 362	1408	1434	1747.8	2417
Iteration: 363	1408	1540	1753.59	2032
Iteration: 364	1408	1551	1758.88	2168
Iteration: 365	1408	1521	1754.75	2035
Iteration: 366	1408	1552	1766.63	2482
Iteration: 367	1408	1475	1781.43	2244
Iteration: 368	1408	1479	1756.81	2180
Iteration: 369	1408	1531	1763.62	2344
Iteration: 370	1408	1538	1761.54	2315
Iteration: 371	1408	1532	1754.04	2287
Iteration: 372	1408	1549	1769.97	2602
Iteration: 373	1408	1489	1773.94	2467
Iteration: 374	1408	1515	1788.6	2634
Iteration: 375	1408	1558	1795.16	2387
Iteration: 376	1408	1553	1768.19	2509
Iteration: 377	1408	1494	1739.24	2211
Iteration: 378	1408	1557	1747.89	2212
Iteration: 379	1408	1562	1762.55	2339
Iteration: 380	1408	1522	1814.96	2476
Iteration: 381	1408	1504	1738.65	2295
Iteration: 382	1408	1548	1776.54	2189
Iteration: 383	1408	1451	1739.07	2062
Iteration: 384	1408	1503	1780.66	2401
Iteration: 385	1408	1519	1744.5	2379
Iteration: 386	1408	1473	1772.21	2281
Iteration: 387	1408	1530	1781.67	2343
Iteration: 388	1408	1541	1781.7	2432
Iteration: 389	1408	1528	1743.09	2175
Iteration: 390	1408	1522	1756.8	2177
Iteration: 391	1408	1577	1759.75	2148
Iteration: 392	1408	1505	1784.07	2201
Iteration: 393	1408	1477	1745.48	2297
Iteration: 394	1408	1525	1752.83	2350
Iteration: 395	1408	1528	1771.39	2616
Iteration: 396	1408	1510	1750.08	2302
Iteration: 397	1408	1540	1744.83	2183
Iteration: 398	1408	1521	1783.68	2277
Iteration: 399	1408	1501	1757.45	2207
Iteration: 400	1408	1483	1768.92	2525
Iteration: 401	1408	1510	1749.52	2182
Iteration: 402	1408	1468	1773.47	2314
Iteration: 403	1408	1468	1769.6	2350
Iteration: 404	1408	1521	1754.63	2330
Iteration: 405	1408	1550	1775.11	2547
Iteration: 406	1408	1465	1760.75	2175
Iteration: 407	1408	1447	1764.49	2139
Iteration: 408	1408	1512	1757.19	2322
Iteration: 409	1408	1537	1771.71	2398
Iteration: 410	1408	1567	1785.8	2383
Iteration: 411	1408	1478	1737.76	2211
Iteration: 412	1408	1513	1769.16	2208
Iteration: 413	1408	1527	1759.56	2046
Iteration: 414	1408	1525	1792.4	2207
Iteration: 415	1408	1481	1759.98	2235
Iteration: 416	1408	1540	1781.76	2321
Iteration: 417	1408	1560	1771.65	2347
Iteration: 418	1408	1505	1779.21	2511
Iteration: 419	1408	1529	1773.97	2333
Iteration: 420	1408	1547	1765.23	2293
Iteration: 421	1408	1499	1745.3	2175
Iteration: 422	1408	1564	1766.85	2382
Iteration: 423	1408	1519	1769.03	2285
Iteration: 424	1408	1514	1785.69	2580
Iteration: 425	1408	1527	1784.83	2310
Iteration: 426	1408	1535	1756.79	2362
Iteration: 427	1408	1507	1767.54	2316
Iteration: 428	1408	1513	1751.43	2145
Iteration: 429	1408	1535	1748.14	2145
Iteration: 430	1408	1557	1784.65	2330
Iteration: 431	1408	1551	1775.82	2261
Iteration: 432	1408	1517	1775.59	2397
Iteration: 433	1408	1478	1778.76	2434
Iteration: 434	1408	1503	1803.38	2223
Iteration: 435	1408	1566	1764.35	2194
Iteration: 436	1408	1518	1768.77	2237
Iteration: 437	1408	1532	1770.36	2438
Iteration: 438	1408	1454	1789.95	2240
Iteration: 439	1408	1541	1783.3	2240
Iteration: 440	1408	1536	1775.82	2208
Iteration: 441	1408	1520	1775.45	2666
Iteration: 442	1408	1471	1755.38	2141
Iteration: 443	1408	1517	1775.5	2326
Iteration: 444	1408	1548	1744.38	2310
Iteration: 445	1408	1508	1777.79	2236
Iteration: 446	1408	1534	1765.63	2153
Iteration: 447	1408	1537	1783.11	2369
Iteration: 448	1408	1502	1801.31	2387
Iteration: 449	1408	1523	1750.55	2266
Iteration: 450	1408	1479	1741.85	2240
Iteration: 451	1408	1478	1793.7	2355
Iteration: 452	1408	1450	1759.44	2354
Iteration: 453	1408	1549	1760.19	2182
Iteration: 454	1408	1535	1757.06	2232
Iteration: 455	1408	1507	1749.07	2072
Iteration: 456	1408	1555	1774.72	2409
Iteration: 457	1408	1502	1787.37	2453
Iteration: 458	1408	1561	1760.13	2446
Iteration: 459	1408	1534	1784.72	2462
Iteration: 460	1408	1540	1760.97	2202
Iteration: 461	1408	1489	1780.58	2374
Iteration: 462	1408	1462	1759.56	2278
Iteration: 463	1408	1530	1791.92	2257
Iteration: 464	1408	1523	1782.98	2574
Iteration: 465	1408	1519	1757.19	2110
Iteration: 466	1408	1517	1720.99	2047
Iteration: 467	1408	1506	1774.35	2424
Iteration: 468	1408	1515	1758	2138
Iteration: 469	1408	1552	1791.92	2415
Iteration: 470	1408	1475	1777.63	2202
Iteration: 471	1408	1512	1752.83	2342
Iteration: 472	1408	1523	1756.48	2227
Iteration: 473	1408	1494	1733.36	2213
Iteration: 474	1408	1483	1775.17	2401
Iteration: 475	1408	1533	1753.93	2275
Iteration: 476	1408	1491	1750.48	2521
Iteration: 477	1408	1517	1770.43	2374
Iteration: 478	1408	1520	1760.33	2345
Iteration: 479	1408	1530	1770.06	2284
Iteration: 480	1408	1525	1752.74	2223
Iteration: 481	1408	1499	1780.93	2399
Iteration: 482	1408	1548	1773.71	2298
Iteration: 483	1408	1516	1769.98	2226
Iteration: 484	1408	1469	1771.73	2637
Iteration: 485	1408	1509	1749.32	2296
Iteration: 486	1408	1528	1778.86	2315
Iteration: 487	1408	1514	1755.82	2173
Iteration: 488	1408	1519	1777.68	2235
Iteration: 489	1408	1547	1746.07	2281
Iteration: 490	1408	1530	1742.14	2303
Iteration: 491	1408	1492	1773.75	2466
Iteration: 492	1408	1538	1777.8	2350
Iteration: 493	1408	1486	1762.01	2250
Iteration: 494	1408	1532	1770.7	2144
Iteration: 495	1408	1520	1744.3	2274
Iteration: 496	1408	1521	1811.11	2354
Iteration: 497	1408	1530	1788	2329
Iteration: 498	1408	1436	1762.41	2383
Iteration: 499	1408	1477	1755.75	2169
