Iteration: 0	1649	1649	2177.87	2903
Iteration: 1	1649	1749	2135.5	2812
Iteration: 2	1649	1721	2281.51	3007
Iteration: 3	1649	2051	2513.75	3039
Iteration: 4	1649	1937	2491.13	3247
Iteration: 5	1649	1789	2342.54	2975
Iteration: 6	1649	1806	2351.25	2955
Iteration: 7	1649	1791	2322.97	3103
Iteration: 8	1649	1839	2334.85	2997
Iteration: 9	1649	1835	2336.87	3294
Iteration: 10	1649	1832	2324.77	3145
Iteration: 11	1649	1857	2292.33	2901
Iteration: 12	1649	1788	2336.43	3135
Iteration: 13	1649	1717	2323.7	2979
Iteration: 14	1649	1852	2292.54	3032
Iteration: 15	1649	1684	2306.97	3066
Iteration: 16	1649	1826	2361.56	2984
Iteration: 17	1649	1701	2298.7	2928
Iteration: 18	1649	1806	2300.42	3298
Iteration: 19	1649	1746	2321.49	3143
Iteration: 20	1649	1809	2325.2	3088
Iteration: 21	1649	1721	2324.2	3037
Iteration: 22	1649	1989	2345.65	3053
Iteration: 23	1649	1655	2285.17	2923
Iteration: 24	1604	1604	2303.87	2975
Iteration: 25	1604	1786	2338.45	3038
Iteration: 26	1604	1769	2321.48	3228
Iteration: 27	1604	1782	2287.1	3172
Iteration: 28	1604	1786	2298.87	3028
Iteration: 29	1604	1832	2304.06	3159
Iteration: 30	1604	1705	2283.52	3097
Iteration: 31	1604	1833	2326.61	3121
Iteration: 32	1604	1664	2301.39	2898
Iteration: 33	1604	1744	2303.56	3217
Iteration: 34	1604	1799	2323.89	3116
Iteration: 35	1604	1847	2374.44	3113
Iteration: 36	1604	1623	2324.75	3013
Iteration: 37	1604	1822	2344.31	3167
Iteration: 38	1604	1789	2263.65	2874
Iteration: 39	1604	1889	2322.21	2996
Iteration: 40	1604	1863	2337.58	3569
Iteration: 41	1604	1762	2257.54	2976
Iteration: 42	1604	1797	2301	3252
Iteration: 43	1604	1753	2313.16	2861
Iteration: 44	1604	1806	2335.08	3149
Iteration: 45	1604	1830	2297.87	2842
Iteration: 46	1604	1853	2361.6	3142
Iteration: 47	1604	1853	2327.74	3003
Iteration: 48	1604	1714	2343.66	3219
Iteration: 49	1604	1765	2311.74	2970
Iteration: 50	1604	1749	2321.12	2898
Iteration: 51	1604	1771	2332.23	2977
Iteration: 52	1604	1814	2286.25	3065
Iteration: 53	1604	1845	2280.32	3140
Iteration: 54	1604	1691	2277.04	3156
Iteration: 55	1604	1831	2304.59	2852
Iteration: 56	1604	1780	2323.27	3295
Iteration: 57	1604	1867	2348.65	3007
Iteration: 58	1604	1733	2307.01	3247
Iteration: 59	1604	1928	2319	2848
Iteration: 60	1604	1860	2330.57	2955
Iteration: 61	1604	1741	2329.3	3051
Iteration: 62	1604	1744	2331.86	3035
Iteration: 63	1604	1768	2296.6	2936
Iteration: 64	1604	1816	2308.32	2997
Iteration: 65	1604	1691	2332.1	3109
Iteration: 66	1604	1768	2279.39	2939
Iteration: 67	1604	1648	2310.15	3217
Iteration: 68	1604	1856	2312.33	3112
Iteration: 69	1604	1692	2343.13	3039
Iteration: 70	1604	1808	2291.08	2906
Iteration: 71	1604	1753	2333.29	2833
Iteration: 72	1604	1688	2318.97	2944
Iteration: 73	1604	1875	2278.37	2837
Iteration: 74	1604	1814	2348.47	3031
Iteration: 75	1604	1915	2378.18	2992
Iteration: 76	1604	1874	2364.99	3002
Iteration: 77	1604	1775	2314.96	3023
Iteration: 78	1604	1788	2308.44	3104
Iteration: 79	1604	1726	2280.39	3004
Iteration: 80	1604	1692	2297.07	3089
Iteration: 81	1604	1838	2346.64	3086
Iteration: 82	1604	1895	2337.13	3117
Iteration: 83	1604	1665	2324.93	3062
Iteration: 84	1604	1752	2319.9	3597
Iteration: 85	1604	1776	2314.74	3050
Iteration: 86	1604	1792	2329.78	3027
Iteration: 87	1604	1864	2318.81	2970
Iteration: 88	1604	1835	2298.78	3233
Iteration: 89	1604	1857	2289.86	2833
Iteration: 90	1604	1769	2296.03	2793
Iteration: 91	1604	1785	2351.71	2891
Iteration: 92	1604	1752	2339.94	2918
Iteration: 93	1604	1845	2298.04	2935
Iteration: 94	1604	1746	2331.81	3067
Iteration: 95	1604	1748	2331.59	3001
Iteration: 96	1604	1818	2333.52	2945
Iteration: 97	1604	1735	2273.06	3009
Iteration: 98	1604	1702	2306.65	3358
Iteration: 99	1604	1785	2324.17	2968
Iteration: 100	1604	1655	2268.68	2794
Iteration: 101	1604	1811	2317.75	2929
Iteration: 102	1604	1689	2296.75	2963
Iteration: 103	1604	1756	2275.58	2888
Iteration: 104	1604	1733	2321.66	2950
Iteration: 105	1604	1882	2281.74	2874
Iteration: 106	1604	1846	2312.23	3051
Iteration: 107	1604	1817	2342.47	2938
Iteration: 108	1604	1864	2295.87	3230
Iteration: 109	1604	1689	2339.54	3130
Iteration: 110	1604	1664	2295.04	3360
Iteration: 111	1604	1756	2301.11	3057
Iteration: 112	1604	1767	2249.59	2945
Iteration: 113	1604	1829	2320.45	3046
Iteration: 114	1604	1826	2307.39	2981
Iteration: 115	1604	1790	2328.39	2959
Iteration: 116	1604	1768	2328.56	3155
Iteration: 117	1604	1692	2273.78	3078
Iteration: 118	1604	1768	2329.12	2964
Iteration: 119	1604	1744	2336.44	3353
Iteration: 120	1604	1773	2287.47	2926
Iteration: 121	1604	1940	2333.96	2854
Iteration: 122	1604	1901	2343.86	3003
Iteration: 123	1604	1739	2324.57	2861
Iteration: 124	1604	1830	2307.35	3044
Iteration: 125	1604	1717	2338.2	2960
Iteration: 126	1604	1787	2275.44	3038
Iteration: 127	1604	1770	2344.36	3055
Iteration: 128	1604	1712	2293.86	2860
Iteration: 129	1604	1720	2343.9	3258
Iteration: 130	1604	1869	2318.02	2930
Iteration: 131	1604	1864	2275.61	2915
Iteration: 132	1604	1644	2329.52	2906
Iteration: 133	1604	1868	2300.39	2921
Iteration: 134	1604	1906	2334.24	3148
Iteration: 135	1604	1820	2297.88	3089
Iteration: 136	1604	1791	2290.73	3114
Iteration: 137	1604	1755	2310.77	3082
Iteration: 138	1604	1752	2308.16	2872
Iteration: 139	1565	1565	2304	3068
Iteration: 140	1565	1740	2296.43	3123
Iteration: 141	1565	1860	2323.28	3048
Iteration: 142	1565	1691	2339.27	2954
Iteration: 143	1565	1744	2383.5	3033
Iteration: 144	1565	1807	2307.26	2977
Iteration: 145	1565	1859	2278.67	2946
Iteration: 146	1565	1850	2308.34	3018
Iteration: 147	1565	1845	2312.15	2921
Iteration: 148	1565	1574	2299.34	2991
Iteration: 149	1565	1709	2359.6	3052
Iteration: 150	1565	1711	2295.8	2812
Iteration: 151	1565	1838	2271.73	2812
Iteration: 152	1565	1671	2299.76	2868
Iteration: 153	1565	1679	2304.69	3275
Iteration: 154	1565	1731	2278.91	2828
Iteration: 155	1565	1742	2316.27	2964
Iteration: 156	1565	1811	2267.5	3139
Iteration: 157	1565	1788	2317.95	3338
Iteration: 158	1565	1801	2304.42	3017
Iteration: 159	1565	1754	2331.37	3075
Iteration: 160	1565	1857	2327.35	3216
Iteration: 161	1565	1815	2288.96	2776
Iteration: 162	1565	1824	2339.89	3053
Iteration: 163	1565	1766	2358.54	3383
Iteration: 164	1565	1827	2308.74	2880
Iteration: 165	1565	1828	2339.11	3078
Iteration: 166	1565	1770	2343.6	3245
Iteration: 167	1565	1891	2300.82	3076
Iteration: 168	1565	1891	2351.32	2992
Iteration: 169	1565	1825	2305.72	3070
Iteration: 170	1565	1838	2295.4	3082
Iteration: 171	1565	1749	2289.33	3109
Iteration: 172	1565	1762	2287.86	3202
Iteration: 173	1565	1781	2322.13	3033
Iteration: 174	1565	1830	2320.81	3007
Iteration: 175	1565	1784	2306.58	2960
Iteration: 176	1565	1731	2299.49	3022
Iteration: 177	1565	1701	2343.14	2967
Iteration: 178	1565	1727	2323.59	3160
Iteration: 179	1565	1787	2259.77	2872
Iteration: 180	1565	1706	2323.32	3038
Iteration: 181	1565	1778	2312.11	3004
Iteration: 182	1565	1779	2330.33	3003
Iteration: 183	1565	1804	2266.68	2919
Iteration: 184	1565	1832	2335.28	3180
Iteration: 185	1565	1818	2323.14	3026
Iteration: 186	1565	1843	2327.44	3167
Iteration: 187	1565	1820	2274.5	2948
Iteration: 188	1565	1808	2305.88	2990
Iteration: 189	1565	1743	2320.79	3154
Iteration: 190	1565	1774	2347.47	3093
Iteration: 191	1565	1857	2346.71	3125
Iteration: 192	1565	1771	2305.18	3075
Iteration: 193	1565	1828	2343.19	3241
Iteration: 194	1565	1840	2369.57	3170
Iteration: 195	1565	1732	2345.84	3290
Iteration: 196	1565	1687	2276.78	2802
Iteration: 197	1565	1789	2314.02	3104
Iteration: 198	1565	1680	2323.62	3133
Iteration: 199	1565	1728	2324.27	3020
Iteration: 200	1565	1755	2326.13	3161
Iteration: 201	1565	1715	2320.55	3162
Iteration: 202	1565	1707	2295.43	2993
Iteration: 203	1565	1788	2345.87	2756
Iteration: 204	1565	1801	2342.11	3258
Iteration: 205	1565	1795	2302.07	3153
Iteration: 206	1565	1796	2337.85	2956
Iteration: 207	1565	1757	2283.94	2802
Iteration: 208	1565	1859	2353.12	3161
Iteration: 209	1565	1763	2313.91	2982
Iteration: 210	1565	1774	2315.03	3160
Iteration: 211	1565	1856	2306.78	2966
Iteration: 212	1565	1873	2318.43	3073
Iteration: 213	1565	1689	2300.07	2840
Iteration: 214	1565	1761	2282.41	3001
Iteration: 215	1565	1797	2351.37	3150
Iteration: 216	1565	1927	2320.92	3059
Iteration: 217	1565	1829	2275.87	2921
Iteration: 218	1565	1744	2294.21	3020
Iteration: 219	1565	1695	2281.81	2883
Iteration: 220	1565	1812	2356.58	3006
Iteration: 221	1565	1737	2317.91	3332
Iteration: 222	1565	1920	2341.5	3127
Iteration: 223	1565	1882	2300.94	3035
Iteration: 224	1565	1739	2302.8	3054
Iteration: 225	1565	1781	2317.95	3187
Iteration: 226	1565	1718	2330.61	3023
Iteration: 227	1565	1710	2345.24	3012
Iteration: 228	1565	1755	2325.95	3298
Iteration: 229	1565	1809	2321.44	2981
Iteration: 230	1565	1724	2279.6	2854
Iteration: 231	1565	1782	2297.61	3119
Iteration: 232	1565	1769	2279.12	2929
Iteration: 233	1565	1687	2320.26	3231
Iteration: 234	1565	1871	2350.5	2901
Iteration: 235	1565	1723	2270.94	2973
Iteration: 236	1565	1911	2323.39	3082
Iteration: 237	1565	1798	2296.39	2958
Iteration: 238	1565	1768	2341.71	2894
Iteration: 239	1565	1775	2303.34	3005
Iteration: 240	1565	1763	2303.44	2883
Iteration: 241	1565	1781	2317.53	3021
Iteration: 242	1565	1826	2305.54	3090
Iteration: 243	1565	1748	2321.18	2877
Iteration: 244	1565	1859	2309.02	2992
Iteration: 245	1565	1714	2255.68	3033
Iteration: 246	1565	1781	2335.68	3239
Iteration: 247	1565	1885	2344.03	2906
Iteration: 248	1565	1677	2309.25	2828
Iteration: 249	1565	1714	2268.05	2870
Iteration: 250	1565	1831	2369.56	3461
Iteration: 251	1565	1587	2289.03	3014
Iteration: 252	1565	1892	2318.82	3008
Iteration: 253	1565	1786	2310.82	3078
Iteration: 254	1565	1749	2329.64	2971
Iteration: 255	1565	1877	2360.2	3054
Iteration: 256	1565	1725	2293.72	2793
Iteration: 257	1565	1825	2326.67	3242
Iteration: 258	1565	1779	2302.82	3116
Iteration: 259	1565	1630	2274.91	2993
Iteration: 260	1565	1799	2305.51	3001
Iteration: 261	1565	1774	2272.33	3120
Iteration: 262	1565	1763	2290.55	2953
Iteration: 263	1565	1921	2381.83	3192
Iteration: 264	1565	1917	2325.01	3145
Iteration: 265	1565	1728	2311.62	3021
Iteration: 266	1565	1828	2293.81	2759
Iteration: 267	1565	1791	2286.19	2960
Iteration: 268	1565	1822	2305.32	2928
Iteration: 269	1565	1795	2312.49	3144
Iteration: 270	1565	1827	2302.23	2960
Iteration: 271	1565	1758	2354.35	3108
Iteration: 272	1565	1799	2326.77	3022
Iteration: 273	1565	1877	2331.14	2948
Iteration: 274	1565	1618	2342.56	3019
Iteration: 275	1565	1834	2299.29	2891
Iteration: 276	1565	1940	2347.03	3074
Iteration: 277	1565	1778	2269.31	2899
Iteration: 278	1565	1777	2332.2	2892
Iteration: 279	1565	1798	2338.78	3146
Iteration: 280	1565	1768	2314.71	3128
Iteration: 281	1565	1734	2269.25	2977
Iteration: 282	1565	1787	2300.06	2967
Iteration: 283	1565	1764	2296.84	2931
Iteration: 284	1565	1858	2330.41	3162
Iteration: 285	1565	1770	2314.88	2984
Iteration: 286	1565	1842	2262.82	2860
Iteration: 287	1565	1827	2290.36	2974
Iteration: 288	1565	1769	2355.39	3424
Iteration: 289	1565	1836	2284.68	3080
Iteration: 290	1565	1882	2343.89	2986
Iteration: 291	1565	1862	2340.7	3131
Iteration: 292	1565	1725	2329.34	3026
Iteration: 293	1565	1811	2311.8	2961
Iteration: 294	1565	1736	2328.93	3350
Iteration: 295	1565	1888	2313.09	3050
Iteration: 296	1565	1782	2345.82	2826
Iteration: 297	1565	1851	2295.22	2941
Iteration: 298	1565	1679	2288.52	3059
Iteration: 299	1565	1789	2302.89	2943
Iteration: 300	1565	1787	2300.79	3120
Iteration: 301	1565	1839	2325.33	2990
Iteration: 302	1565	1869	2349.11	3177
Iteration: 303	1565	1750	2291.05	3187
Iteration: 304	1565	1785	2324.57	3165
Iteration: 305	1565	1884	2264.42	2873
Iteration: 306	1565	1805	2324.89	2882
Iteration: 307	1565	1862	2289.73	2772
Iteration: 308	1565	1761	2308.77	2975
Iteration: 309	1565	1807	2337.66	3063
Iteration: 310	1565	1907	2329.81	3079
Iteration: 311	1565	1862	2320.85	3025
Iteration: 312	1565	1734	2345.84	2961
Iteration: 313	1565	1817	2344.14	2844
Iteration: 314	1565	1761	2285.72	2869
Iteration: 315	1565	1755	2341.5	2911
Iteration: 316	1565	1690	2303.35	3082
Iteration: 317	1565	1762	2323.22	3047
Iteration: 318	1565	1737	2272.12	2957
Iteration: 319	1565	1702	2386.46	3348
Iteration: 320	1565	1845	2321.28	2858
Iteration: 321	1565	1792	2295.37	3027
Iteration: 322	1565	1725	2297.77	2762
Iteration: 323	1565	1832	2276.67	3523
Iteration: 324	1565	1743	2319.12	2896
Iteration: 325	1565	1862	2365.65	3411
Iteration: 326	1565	1796	2304.8	2927
Iteration: 327	1565	1761	2332.64	3213
Iteration: 328	1565	1708	2321.81	2995
Iteration: 329	1565	1817	2288.41	2973
Iteration: 330	1565	1862	2331.31	3031
Iteration: 331	1565	1927	2354.37	3073
Iteration: 332	1565	1667	2324.77	3007
Iteration: 333	1565	1725	2299.32	3096
Iteration: 334	1565	1842	2354.38	3322
Iteration: 335	1565	1710	2308.21	2893
Iteration: 336	1565	1836	2312.49	3043
Iteration: 337	1565	1701	2319.2	3178
Iteration: 338	1565	1770	2324.35	3003
Iteration: 339	1565	1884	2268.12	2837
Iteration: 340	1565	1749	2325.68	3148
Iteration: 341	1565	1743	2323.71	2908
Iteration: 342	1565	1660	2307.4	2834
Iteration: 343	1565	1735	2360.56	3328
Iteration: 344	1565	1853	2294	3145
Iteration: 345	1565	1740	2287.61	2995
Iteration: 346	1565	1924	2306.24	2798
Iteration: 347	1565	1781	2327.08	3057
Iteration: 348	1565	1861	2304.74	2814
Iteration: 349	1565	1748	2324.71	3054
Iteration: 350	1565	1676	2353.87	3110
Iteration: 351	1565	1803	2331.21	3098
Iteration: 352	1565	1784	2300.53	2994
Iteration: 353	1565	1812	2297.37	2981
Iteration: 354	1565	1897	2345.44	3148
Iteration: 355	1565	1862	2312.48	3097
Iteration: 356	1565	1821	2291.52	2915
Iteration: 357	1565	1783	2344	3275
Iteration: 358	1565	1816	2344.23	2883
Iteration: 359	1565	1794	2323.13	2984
Iteration: 360	1565	1767	2333.04	2993
Iteration: 361	1565	1780	2344.95	3489
Iteration: 362	1565	1679	2317.25	2998
Iteration: 363	1565	1858	2342.02	3110
Iteration: 364	1565	1753	2325.2	3182
Iteration: 365	1565	1744	2318.89	3042
Iteration: 366	1565	1814	2322.02	3156
Iteration: 367	1565	1813	2299.42	3010
Iteration: 368	1565	1857	2321.29	3166
Iteration: 369	1565	1803	2351.34	3208
Iteration: 370	1565	1877	2359.88	2963
Iteration: 371	1565	1752	2237.02	2871
Iteration: 372	1565	1852	2325.51	3106
Iteration: 373	1565	1800	2339.34	3116
Iteration: 374	1565	1761	2314.79	2838
Iteration: 375	1565	1764	2268.86	2980
Iteration: 376	1565	1727	2345.38	3088
Iteration: 377	1565	1843	2358.2	3006
Iteration: 378	1565	1817	2289.19	2826
Iteration: 379	1565	1894	2316.89	2946
Iteration: 380	1565	1681	2349.79	3175
Iteration: 381	1565	1670	2331.96	3160
Iteration: 382	1565	1769	2289.29	2816
Iteration: 383	1565	1790	2309.29	3181
Iteration: 384	1565	1707	2303.02	3032
Iteration: 385	1565	1832	2319.02	3141
Iteration: 386	1565	1753	2298.48	2968
Iteration: 387	1565	1770	2286.32	2825
Iteration: 388	1565	1615	2310.7	3198
Iteration: 389	1565	1781	2304.2	3025
Iteration: 390	1565	1739	2367.84	3451
Iteration: 391	1565	1762	2281.63	2974
Iteration: 392	1565	1764	2308.23	3246
Iteration: 393	1565	1784	2340.24	3001
Iteration: 394	1565	1725	2330.45	3188
Iteration: 395	1565	1748	2370.08	3121
Iteration: 396	1565	1790	2274.92	3015
Iteration: 397	1565	1805	2307.78	3104
Iteration: 398	1565	1887	2318.72	2950
Iteration: 399	1565	1783	2326.04	3046
Iteration: 400	1565	1779	2327.65	3045
Iteration: 401	1565	1934	2328.35	3199
Iteration: 402	1565	1834	2302.37	2980
Iteration: 403	1565	1841	2320.93	2994
Iteration: 404	1565	1811	2345.54	3108
Iteration: 405	1565	1773	2280.85	2782
Iteration: 406	1565	1807	2333.3	2996
Iteration: 407	1565	1705	2328.61	3058
Iteration: 408	1565	1864	2296.72	2884
Iteration: 409	1565	1834	2324.28	2929
Iteration: 410	1565	1632	2274.31	3062
Iteration: 411	1565	1728	2287.79	3088
Iteration: 412	1565	1792	2288.61	3219
Iteration: 413	1565	1836	2300.67	3116
Iteration: 414	1565	1740	2308.49	3203
Iteration: 415	1565	1729	2353.97	3041
Iteration: 416	1565	1865	2325.34	2926
Iteration: 417	1565	1774	2324.57	2870
Iteration: 418	1565	1779	2331.58	3003
Iteration: 419	1565	1768	2323.28	3033
Iteration: 420	1565	1858	2353.28	3128
Iteration: 421	1565	1622	2313.92	3228
Iteration: 422	1565	1864	2337.15	3210
Iteration: 423	1565	1711	2314.26	3091
Iteration: 424	1565	1856	2330.82	2839
Iteration: 425	1565	1823	2311.62	2954
Iteration: 426	1565	1754	2322.43	3251
Iteration: 427	1565	1733	2275.46	2808
Iteration: 428	1565	1725	2312.54	3007
Iteration: 429	1565	1798	2325.28	3187
Iteration: 430	1565	1724	2329.95	2848
Iteration: 431	1565	1765	2346.5	3216
Iteration: 432	1565	1662	2302.09	3022
Iteration: 433	1565	1922	2339.95	2936
Iteration: 434	1565	1773	2306.17	3117
Iteration: 435	1565	1754	2280.91	2753
Iteration: 436	1565	1761	2302.69	2895
Iteration: 437	1565	1773	2283.8	2872
Iteration: 438	1565	1820	2298.41	2932
Iteration: 439	1565	1807	2286.21	3053
Iteration: 440	1565	1797	2388.53	3120
Iteration: 441	1565	1763	2328.06	2966
Iteration: 442	1565	1904	2386.21	3151
Iteration: 443	1565	1829	2305.69	3064
Iteration: 444	1565	1869	2314.31	3075
Iteration: 445	1565	1857	2310.6	2997
Iteration: 446	1565	1826	2282.86	3151
Iteration: 447	1565	1754	2290.37	2883
Iteration: 448	1565	1846	2338.61	3036
Iteration: 449	1565	1787	2344.8	3097
Iteration: 450	1565	1794	2323.41	2952
Iteration: 451	1565	1614	2263.7	3224
Iteration: 452	1565	1837	2312.01	3091
Iteration: 453	1565	1710	2302.56	2864
Iteration: 454	1565	1775	2305.53	2811
Iteration: 455	1565	1791	2313.85	3124
Iteration: 456	1565	1694	2276.25	3123
Iteration: 457	1565	1833	2335.13	2941
Iteration: 458	1565	1709	2306.01	3051
Iteration: 459	1565	1723	2326.02	3215
Iteration: 460	1565	1782	2288.4	3188
Iteration: 461	1565	1852	2334.33	3003
Iteration: 462	1565	1915	2304.08	2981
Iteration: 463	1565	1782	2272.86	2976
Iteration: 464	1565	1799	2357.28	3039
Iteration: 465	1565	1802	2320.8	2976
Iteration: 466	1565	1918	2312.67	3099
Iteration: 467	1565	1800	2336.4	3033
Iteration: 468	1565	1850	2317.17	3041
Iteration: 469	1565	1780	2320.06	2978
Iteration: 470	1565	1723	2292.72	3241
Iteration: 471	1565	1646	2322.43	2959
Iteration: 472	1565	1764	2300.28	3014
Iteration: 473	1565	1791	2313.95	3082
Iteration: 474	1565	1814	2302.13	3024
Iteration: 475	1565	1735	2332.7	3193
Iteration: 476	1565	1653	2334.75	3330
Iteration: 477	1565	1833	2323.26	3026
Iteration: 478	1565	1929	2356.51	3067
Iteration: 479	1565	1950	2333.28	2974
Iteration: 480	1565	1730	2285.06	2906
Iteration: 481	1565	1788	2279.22	3054
Iteration: 482	1565	1781	2286.6	3025
Iteration: 483	1565	1738	2336.62	3050
Iteration: 484	1565	1731	2336.18	3020
Iteration: 485	1565	1724	2255.74	2897
Iteration: 486	1565	1749	2325.05	2955
Iteration: 487	1565	1773	2368.21	3140
Iteration: 488	1565	1744	2284.01	2925
Iteration: 489	1565	1782	2312.07	3174
Iteration: 490	1565	1781	2340.74	3024
Iteration: 491	1565	1628	2346.35	2944
Iteration: 492	1565	1726	2307.99	3248
Iteration: 493	1565	1733	2372.62	3010
Iteration: 494	1565	1758	2321.13	3150
Iteration: 495	1565	1802	2313.91	3031
Iteration: 496	1565	1665	2340.69	3106
Iteration: 497	1565	1793	2312.52	3398
Iteration: 498	1565	1780	2267.31	3086
Iteration: 499	1565	1787	2294.31	2914
