Iteration: 0	1563	1563	2144.65	2777
Iteration: 1	1563	1666	2135.64	2921
Iteration: 2	1563	1824	2255.51	2852
Iteration: 3	1563	1969	2539.94	3324
Iteration: 4	1563	1918	2458.47	3290
Iteration: 5	1563	1926	2369.9	2887
Iteration: 6	1563	1766	2345.18	3001
Iteration: 7	1563	1730	2338.28	3011
Iteration: 8	1563	1780	2326.21	3090
Iteration: 9	1563	1715	2313.9	3019
Iteration: 10	1563	1767	2306.61	2946
Iteration: 11	1563	1873	2351.67	3210
Iteration: 12	1563	1836	2342.7	3167
Iteration: 13	1563	1784	2359.83	3116
Iteration: 14	1563	1732	2337.46	2925
Iteration: 15	1563	1791	2327.26	2943
Iteration: 16	1563	1816	2320.44	3133
Iteration: 17	1563	1851	2298.39	3096
Iteration: 18	1563	1914	2346.88	3040
Iteration: 19	1563	1769	2348.03	3006
Iteration: 20	1563	1706	2341.3	3031
Iteration: 21	1563	1659	2325.31	2976
Iteration: 22	1563	1797	2319.06	3107
Iteration: 23	1563	1813	2326.18	3003
Iteration: 24	1563	1826	2341.47	3020
Iteration: 25	1563	1826	2326.68	3041
Iteration: 26	1563	1766	2300.43	3090
Iteration: 27	1563	1746	2326.02	3190
Iteration: 28	1563	1809	2290.58	3278
Iteration: 29	1563	1708	2294.05	3006
Iteration: 30	1563	1907	2337.3	2998
Iteration: 31	1563	1826	2306.2	3073
Iteration: 32	1563	1768	2324.32	3170
Iteration: 33	1563	1894	2339.31	2858
Iteration: 34	1563	1847	2326.25	2987
Iteration: 35	1563	1926	2309.53	3148
Iteration: 36	1563	1811	2318.66	3016
Iteration: 37	1563	1838	2347.3	3053
Iteration: 38	1563	1843	2334.15	3259
Iteration: 39	1563	1783	2277.94	2936
Iteration: 40	1563	1804	2335.33	2978
Iteration: 41	1563	1787	2328.23	3037
Iteration: 42	1563	1801	2342.96	3316
Iteration: 43	1563	1827	2298.45	3043
Iteration: 44	1563	1735	2318.07	2954
Iteration: 45	1563	1764	2306.02	2878
Iteration: 46	1563	1790	2313.99	3164
Iteration: 47	1563	1744	2308.84	2952
Iteration: 48	1563	1765	2328.88	3085
Iteration: 49	1563	1723	2289.43	2823
Iteration: 50	1563	1685	2345.58	3015
Iteration: 51	1563	1854	2322.6	2898
Iteration: 52	1563	1751	2307.19	2990
Iteration: 53	1563	1812	2331.73	2969
Iteration: 54	1563	1820	2303.49	2919
Iteration: 55	1563	1791	2318.54	2929
Iteration: 56	1563	1840	2323.65	3006
Iteration: 57	1563	1870	2353.81	2987
Iteration: 58	1563	1851	2322.67	2874
Iteration: 59	1563	1765	2326.26	3003
Iteration: 60	1563	1784	2303.51	3113
Iteration: 61	1563	1835	2298.64	2901
Iteration: 62	1563	1808	2333.15	3030
Iteration: 63	1563	1757	2309.2	2827
Iteration: 64	1563	1637	2308.88	3024
Iteration: 65	1563	1865	2311.6	2919
Iteration: 66	1563	1720	2272.29	2866
Iteration: 67	1563	1862	2285.18	3054
Iteration: 68	1563	1896	2316.62	3052
Iteration: 69	1563	1668	2311.87	3071
Iteration: 70	1563	1706	2310.44	3054
Iteration: 71	1563	1713	2312.38	3026
Iteration: 72	1563	1714	2322.71	3061
Iteration: 73	1563	1873	2298	2951
Iteration: 74	1563	1881	2341.23	3052
Iteration: 75	1563	1742	2315.06	2852
Iteration: 76	1563	1701	2346.06	3006
Iteration: 77	1563	1648	2309.13	3038
Iteration: 78	1563	1818	2303.24	3098
Iteration: 79	1563	1913	2319.39	2992
Iteration: 80	1563	1800	2297.46	2982
Iteration: 81	1563	1855	2361.04	2915
Iteration: 82	1563	1808	2299.72	2911
Iteration: 83	1563	1814	2341.71	3195
Iteration: 84	1563	1748	2278.14	2881
Iteration: 85	1563	1829	2360.65	3052
Iteration: 86	1563	1815	2334.78	3045
Iteration: 87	1563	1858	2353.07	2874
Iteration: 88	1563	1870	2283.87	2929
Iteration: 89	1563	1729	2326.82	3011
Iteration: 90	1563	1834	2327.58	2992
Iteration: 91	1563	1923	2386.5	3186
Iteration: 92	1563	1752	2333.83	3306
Iteration: 93	1563	1769	2303.8	2988
Iteration: 94	1563	1855	2365.37	2859
Iteration: 95	1563	1727	2315.24	2970
Iteration: 96	1563	1833	2278.2	2909
Iteration: 97	1563	1832	2287.74	2850
Iteration: 98	1563	1760	2272.99	2994
Iteration: 99	1563	1819	2313.67	3013
Iteration: 100	1563	1598	2257.66	2834
Iteration: 101	1563	1816	2331.22	2951
Iteration: 102	1563	1831	2356.89	3052
Iteration: 103	1563	1780	2280.26	2982
Iteration: 104	1563	1832	2330.78	3043
Iteration: 105	1563	1840	2300.05	2928
Iteration: 106	1563	1744	2321.25	2993
Iteration: 107	1563	1790	2319.1	3141
Iteration: 108	1563	1890	2258.7	2995
Iteration: 109	1563	1803	2267.13	2813
Iteration: 110	1563	1761	2276.98	2932
Iteration: 111	1563	1800	2298.49	2899
Iteration: 112	1563	1818	2291.46	3152
Iteration: 113	1563	1836	2320.44	2920
Iteration: 114	1563	1885	2340.49	3027
Iteration: 115	1563	1779	2302.27	3185
Iteration: 116	1563	1735	2293.81	2999
Iteration: 117	1563	1829	2330.63	3144
Iteration: 118	1563	1791	2257.15	3026
Iteration: 119	1563	1834	2292.29	3111
Iteration: 120	1563	1726	2287.21	2928
Iteration: 121	1563	1780	2308.22	3090
Iteration: 122	1563	1811	2276.08	3200
Iteration: 123	1563	1756	2326.51	2972
Iteration: 124	1563	1890	2261.65	2820
Iteration: 125	1563	1895	2329.14	3197
Iteration: 126	1563	1875	2322.7	2882
Iteration: 127	1563	1815	2326.53	3000
Iteration: 128	1563	1873	2325.67	2950
Iteration: 129	1563	1757	2300.67	2864
Iteration: 130	1563	1706	2309.99	2966
Iteration: 131	1563	1741	2294.04	2963
Iteration: 132	1563	1852	2310.53	2797
Iteration: 133	1563	1819	2313.05	3076
Iteration: 134	1563	1826	2348.98	3363
Iteration: 135	1563	1805	2370.58	3132
Iteration: 136	1563	1851	2335.6	3005
Iteration: 137	1563	1867	2360.78	3095
Iteration: 138	1563	1751	2336.34	2992
Iteration: 139	1563	1776	2283.85	3016
Iteration: 140	1563	1703	2252.43	2792
Iteration: 141	1563	1738	2309.73	2806
Iteration: 142	1563	1736	2287.26	2857
Iteration: 143	1563	1738	2355.93	3203
Iteration: 144	1563	1763	2334.33	3302
Iteration: 145	1563	1832	2329.97	3108
Iteration: 146	1563	1776	2306.29	2996
Iteration: 147	1563	1774	2323.6	3176
Iteration: 148	1563	1748	2276.22	2926
Iteration: 149	1563	1833	2326.5	2931
Iteration: 150	1563	1752	2325.8	3000
Iteration: 151	1563	1810	2313.5	3156
Iteration: 152	1563	1807	2332.32	2933
Iteration: 153	1563	1768	2287.14	2825
Iteration: 154	1563	1908	2339.65	3110
Iteration: 155	1563	1892	2359.79	3346
Iteration: 156	1563	1709	2314.38	3183
Iteration: 157	1563	1711	2335.65	3017
Iteration: 158	1563	1749	2291.38	2931
Iteration: 159	1563	1748	2299.26	2968
Iteration: 160	1563	1771	2340.2	3161
Iteration: 161	1563	1774	2290.92	3068
Iteration: 162	1563	1823	2303.28	2953
Iteration: 163	1563	1690	2297.81	3072
Iteration: 164	1563	1772	2335.17	3165
Iteration: 165	1563	1809	2322.74	3062
Iteration: 166	1563	1767	2336.33	3226
Iteration: 167	1563	1784	2288.35	2991
Iteration: 168	1563	1821	2328.36	3035
Iteration: 169	1563	1817	2347.67	3118
Iteration: 170	1563	1804	2293.45	3083
Iteration: 171	1563	1777	2316.58	2854
Iteration: 172	1563	1705	2341.76	3102
Iteration: 173	1563	1842	2348.69	3117
Iteration: 174	1563	1748	2287.22	3144
Iteration: 175	1563	1789	2287.49	3284
Iteration: 176	1563	1684	2287.07	3146
Iteration: 177	1563	1751	2327.56	3075
Iteration: 178	1563	1819	2351.05	3369
Iteration: 179	1563	1815	2292.21	2727
Iteration: 180	1563	1805	2264.02	3047
Iteration: 181	1563	1875	2314.16	2986
Iteration: 182	1563	1759	2270.68	2889
Iteration: 183	1563	1801	2329.74	2824
Iteration: 184	1563	1772	2295.82	2887
Iteration: 185	1563	1886	2346.46	3092
Iteration: 186	1563	1744	2336.86	2995
Iteration: 187	1563	1787	2332.33	2920
Iteration: 188	1563	1745	2321.4	3003
Iteration: 189	1563	1696	2277.96	3088
Iteration: 190	1563	1869	2301.96	3174
Iteration: 191	1563	1708	2301.67	3242
Iteration: 192	1563	1786	2312.66	3210
Iteration: 193	1563	1774	2334.01	3103
Iteration: 194	1563	1760	2280.99	3304
Iteration: 195	1563	1639	2333.57	3033
Iteration: 196	1563	1826	2343.99	3290
Iteration: 197	1563	1881	2368.97	2948
Iteration: 198	1563	1663	2323.05	3145
Iteration: 199	1563	1907	2291.42	3012
Iteration: 200	1563	1774	2328.93	2851
Iteration: 201	1563	1875	2352.81	2981
Iteration: 202	1563	1804	2266.44	2883
Iteration: 203	1563	1843	2286.36	2854
Iteration: 204	1563	1787	2304.2	2963
Iteration: 205	1563	1722	2340.51	3066
Iteration: 206	1563	1862	2302.78	2909
Iteration: 207	1563	1900	2302.75	2994
Iteration: 208	1563	1814	2325.4	2900
Iteration: 209	1563	1829	2310.3	2869
Iteration: 210	1563	1862	2292.85	2822
Iteration: 211	1563	1759	2318.11	3037
Iteration: 212	1563	1838	2317.95	3209
Iteration: 213	1563	1769	2298.54	2918
Iteration: 214	1563	1751	2338.17	2920
Iteration: 215	1563	1783	2338.97	3168
Iteration: 216	1563	1772	2308.79	3039
Iteration: 217	1563	1733	2327.16	3111
Iteration: 218	1563	1700	2293.34	3193
Iteration: 219	1563	1777	2317.18	3059
Iteration: 220	1563	1816	2295.56	3106
Iteration: 221	1563	1714	2267.68	3058
Iteration: 222	1563	1862	2361.78	3106
Iteration: 223	1563	1839	2325.58	2848
Iteration: 224	1563	1760	2289.66	3095
Iteration: 225	1563	1624	2309.23	2806
Iteration: 226	1563	1839	2304.26	2840
Iteration: 227	1563	1809	2334.9	3250
Iteration: 228	1563	1794	2291.08	3055
Iteration: 229	1563	1788	2290.07	3246
Iteration: 230	1563	1779	2333.67	2966
Iteration: 231	1563	1688	2326.72	2877
Iteration: 232	1563	1891	2320.82	3198
Iteration: 233	1563	1801	2335.68	2876
Iteration: 234	1563	1750	2343.68	3010
Iteration: 235	1563	1717	2314.75	3282
Iteration: 236	1563	1810	2299.55	3091
Iteration: 237	1563	1737	2337.69	2890
Iteration: 238	1563	1804	2281.26	2834
Iteration: 239	1563	1664	2256.64	2839
Iteration: 240	1563	1802	2348.04	3066
Iteration: 241	1563	1737	2330.93	3088
Iteration: 242	1563	1739	2312.38	3125
Iteration: 243	1563	1809	2327.25	2938
Iteration: 244	1563	1841	2333.53	3009
Iteration: 245	1563	1749	2337.71	3300
Iteration: 246	1563	1803	2296.63	2922
Iteration: 247	1563	1753	2324.52	2884
Iteration: 248	1563	1609	2349.64	3444
Iteration: 249	1563	1719	2328.29	2967
Iteration: 250	1563	1784	2292.92	2899
Iteration: 251	1563	1727	2268.07	3022
Iteration: 252	1563	1907	2314.13	3070
Iteration: 253	1563	1859	2340.65	3003
Iteration: 254	1563	1725	2284.86	3070
Iteration: 255	1563	1700	2301.27	2905
Iteration: 256	1563	1853	2276.45	2877
Iteration: 257	1563	1651	2290.22	3093
Iteration: 258	1563	1738	2314.7	3073
Iteration: 259	1563	1898	2325.72	2898
Iteration: 260	1563	1755	2312.44	3041
Iteration: 261	1563	1827	2320.04	3021
Iteration: 262	1563	1822	2311.82	3008
Iteration: 263	1563	1696	2326.92	2913
Iteration: 264	1563	1805	2307.21	3009
Iteration: 265	1563	1791	2298.28	2924
Iteration: 266	1563	1753	2335.23	3013
Iteration: 267	1563	1828	2309.5	3166
Iteration: 268	1563	1807	2344.98	2964
Iteration: 269	1563	1611	2312.6	3097
Iteration: 270	1563	1884	2327.09	3270
Iteration: 271	1563	1809	2316.45	2851
Iteration: 272	1563	1785	2325.89	3037
Iteration: 273	1563	1736	2313.01	2967
Iteration: 274	1563	1839	2315.48	3265
Iteration: 275	1563	1806	2301.46	2941
Iteration: 276	1563	1785	2327.03	3005
Iteration: 277	1563	1888	2311.85	3116
Iteration: 278	1563	1804	2260.2	2946
Iteration: 279	1563	1731	2292.51	2998
Iteration: 280	1563	1738	2306.67	2902
Iteration: 281	1563	1866	2305.76	3166
Iteration: 282	1563	1713	2349.71	3105
Iteration: 283	1563	1818	2277.52	2887
Iteration: 284	1563	1774	2347.01	2990
Iteration: 285	1563	1748	2348.65	3262
Iteration: 286	1563	1864	2314.49	3028
Iteration: 287	1563	1719	2311.43	3014
Iteration: 288	1563	1776	2319.89	2877
Iteration: 289	1563	1764	2311.07	3192
Iteration: 290	1563	1842	2300.84	2900
Iteration: 291	1563	1824	2340.59	3010
Iteration: 292	1563	1698	2299.34	3143
Iteration: 293	1563	1870	2325.22	3029
Iteration: 294	1563	1824	2335.04	2928
Iteration: 295	1563	1819	2258.96	2926
Iteration: 296	1563	1628	2279.85	2858
Iteration: 297	1563	1835	2279.27	3133
Iteration: 298	1563	1766	2311.95	2926
Iteration: 299	1563	1769	2275.68	2959
Iteration: 300	1563	1740	2326.1	3235
Iteration: 301	1563	1698	2285.06	2812
Iteration: 302	1563	1798	2378.19	3430
Iteration: 303	1563	1850	2343.07	3188
Iteration: 304	1563	1820	2319.93	3167
Iteration: 305	1563	1871	2311.8	3041
Iteration: 306	1563	1833	2317.87	3080
Iteration: 307	1563	1691	2324.09	2993
Iteration: 308	1563	1751	2297.68	2956
Iteration: 309	1563	1602	2287.55	2925
Iteration: 310	1563	1736	2324.64	3176
Iteration: 311	1563	1761	2301.08	3175
Iteration: 312	1563	1795	2336.1	3069
Iteration: 313	1563	1696	2293.16	2883
Iteration: 314	1563	1758	2295.6	3248
Iteration: 315	1563	1910	2324.53	2980
Iteration: 316	1563	1863	2294.98	2768
Iteration: 317	1563	1770	2337.53	3213
Iteration: 318	1563	1781	2349.14	3013
Iteration: 319	1563	1833	2357.18	3127
Iteration: 320	1563	1791	2305.09	3034
Iteration: 321	1563	1740	2305.69	2878
Iteration: 322	1563	1799	2318.1	3179
Iteration: 323	1563	1618	2315.6	2950
Iteration: 324	1563	1754	2301.93	3083
Iteration: 325	1563	1685	2287.06	3381
Iteration: 326	1563	1923	2303.85	2945
Iteration: 327	1563	1718	2299.1	2992
Iteration: 328	1563	1702	2290.94	3119
Iteration: 329	1563	1828	2330.02	2896
Iteration: 330	1563	1812	2290.26	2952
Iteration: 331	1563	1850	2326.38	3428
Iteration: 332	1563	1763	2318.17	3114
Iteration: 333	1563	1854	2391.55	2997
Iteration: 334	1563	1798	2276.98	3058
Iteration: 335	1563	1837	2310.91	2949
Iteration: 336	1563	1836	2346.21	3092
Iteration: 337	1563	1811	2367.87	3076
Iteration: 338	1563	1745	2300.48	3260
Iteration: 339	1563	1833	2346.95	3226
Iteration: 340	1563	1681	2309.04	2900
Iteration: 341	1563	1748	2307.98	3322
Iteration: 342	1563	1741	2342.76	2825
Iteration: 343	1563	1857	2348.51	3086
Iteration: 344	1563	1785	2287.2	2918
Iteration: 345	1563	1791	2321.03	3113
Iteration: 346	1563	1829	2292.85	2923
Iteration: 347	1563	1833	2335.39	2963
Iteration: 348	1563	1748	2360.13	3155
Iteration: 349	1563	1851	2341.91	3009
Iteration: 350	1563	1842	2318.4	3067
Iteration: 351	1563	1741	2329.8	2934
Iteration: 352	1563	1805	2316.83	3139
Iteration: 353	1563	1837	2303.51	2993
Iteration: 354	1563	1813	2342.92	3564
Iteration: 355	1563	1696	2298.68	3001
Iteration: 356	1563	1846	2312.58	2767
Iteration: 357	1563	1729	2313.53	3097
Iteration: 358	1563	1766	2348.04	3394
Iteration: 359	1563	1825	2294.66	2915
Iteration: 360	1563	1843	2353.95	3362
Iteration: 361	1563	1666	2342.7	2967
Iteration: 362	1563	1813	2279.57	2881
Iteration: 363	1563	1813	2306.04	3152
Iteration: 364	1563	1741	2292.24	3380
Iteration: 365	1563	1685	2294.32	2934
Iteration: 366	1563	1886	2330.45	3155
Iteration: 367	1563	1766	2325.28	2816
Iteration: 368	1563	1729	2368.21	3013
Iteration: 369	1563	1747	2258.5	3133
Iteration: 370	1563	1840	2292.59	2745
Iteration: 371	1563	1796	2338.81	3104
Iteration: 372	1563	1840	2306.81	3153
Iteration: 373	1563	1732	2316.96	3005
Iteration: 374	1563	1814	2324.09	3140
Iteration: 375	1563	1742	2296.1	2891
Iteration: 376	1563	1770	2312.98	3085
Iteration: 377	1563	1745	2289.43	3115
Iteration: 378	1563	1730	2314.17	3061
Iteration: 379	1563	1907	2295.15	2821
Iteration: 380	1563	1807	2296.36	2940
Iteration: 381	1563	1820	2314.03	3110
Iteration: 382	1563	1838	2310.79	2891
Iteration: 383	1563	1790	2334.18	2980
Iteration: 384	1563	1799	2327.7	2981
Iteration: 385	1563	1797	2293.11	2987
Iteration: 386	1563	1694	2348.6	2933
Iteration: 387	1563	1826	2361.54	3145
Iteration: 388	1563	1736	2315.62	3086
Iteration: 389	1563	1627	2289.62	3049
Iteration: 390	1563	1895	2278.2	2813
Iteration: 391	1563	1904	2352.12	2835
Iteration: 392	1563	1765	2303.77	3388
Iteration: 393	1563	1782	2313.33	3012
Iteration: 394	1563	2019	2383.04	3174
Iteration: 395	1563	1723	2316.17	3064
Iteration: 396	1563	1852	2334.57	2983
Iteration: 397	1563	1728	2336.83	3098
Iteration: 398	1563	1656	2348.4	2960
Iteration: 399	1563	1746	2270.06	2884
Iteration: 400	1563	1712	2318.16	3232
Iteration: 401	1563	1821	2299.64	2945
Iteration: 402	1563	1880	2307.12	2881
Iteration: 403	1563	1847	2329.53	3018
Iteration: 404	1563	1698	2268.14	2957
Iteration: 405	1563	1787	2326.28	3207
Iteration: 406	1563	1810	2267.57	2987
Iteration: 407	1563	1671	2317.18	2906
Iteration: 408	1563	1776	2288.84	2977
Iteration: 409	1563	1802	2366.45	2915
Iteration: 410	1563	1797	2323.55	3186
Iteration: 411	1563	1749	2297.39	2869
Iteration: 412	1563	1815	2333.19	2822
Iteration: 413	1563	1896	2316.44	3001
Iteration: 414	1563	1797	2297.12	2990
Iteration: 415	1563	1790	2314.19	3333
Iteration: 416	1563	1798	2328.62	2968
Iteration: 417	1563	1766	2284.72	2852
Iteration: 418	1563	1771	2327.6	3260
Iteration: 419	1563	1773	2293.59	2969
Iteration: 420	1563	1959	2347.27	3064
Iteration: 421	1563	1814	2315.95	3197
Iteration: 422	1563	1843	2336.48	3166
Iteration: 423	1563	1706	2327.97	2887
Iteration: 424	1563	1724	2284.5	2954
Iteration: 425	1563	1749	2305.11	3452
Iteration: 426	1563	1811	2301.51	2923
Iteration: 427	1563	1780	2264.09	2987
Iteration: 428	1563	1755	2337.83	3032
Iteration: 429	1563	1619	2315.62	2986
Iteration: 430	1563	1867	2309.65	3133
Iteration: 431	1563	1730	2377.58	2863
Iteration: 432	1563	1906	2303.52	3168
Iteration: 433	1563	1814	2295.75	3154
Iteration: 434	1563	1823	2289.92	3024
Iteration: 435	1563	1630	2315.65	3030
Iteration: 436	1563	1721	2305.81	2905
Iteration: 437	1563	1852	2343.46	2975
Iteration: 438	1563	1848	2326.67	2972
Iteration: 439	1563	1776	2312.96	2880
Iteration: 440	1563	1648	2351.78	3190
Iteration: 441	1563	1814	2335.03	2857
Iteration: 442	1563	1817	2296.78	3075
Iteration: 443	1563	1832	2330.85	2898
Iteration: 444	1563	1829	2322.1	2979
Iteration: 445	1563	1877	2359.93	2953
Iteration: 446	1563	1778	2279.6	2903
Iteration: 447	1563	1751	2294.65	2998
Iteration: 448	1563	1750	2291.02	2975
Iteration: 449	1563	1664	2353.21	3149
Iteration: 450	1563	1767	2328.1	2917
Iteration: 451	1563	1798	2281.34	3059
Iteration: 452	1563	1837	2338.38	2977
Iteration: 453	1563	1720	2328.84	3030
Iteration: 454	1563	1747	2370.67	3301
Iteration: 455	1563	1768	2286.64	2834
Iteration: 456	1563	1693	2321.85	3086
Iteration: 457	1563	1832	2290.98	2818
Iteration: 458	1563	1752	2348.26	3103
Iteration: 459	1563	1750	2311.47	3493
Iteration: 460	1563	1876	2331.62	3133
Iteration: 461	1563	1862	2323.43	3063
Iteration: 462	1563	1853	2335.65	2844
Iteration: 463	1563	1805	2308.27	2992
Iteration: 464	1563	1800	2232.59	3052
Iteration: 465	1563	1762	2281.29	3036
Iteration: 466	1563	1684	2305.51	3107
Iteration: 467	1563	1793	2361.76	3034
Iteration: 468	1563	1802	2361.52	3019
Iteration: 469	1563	1603	2339.21	3141
Iteration: 470	1563	1719	2286.5	2961
Iteration: 471	1563	1752	2290.58	3007
Iteration: 472	1563	1801	2284.75	3202
Iteration: 473	1563	1821	2301.58	2862
Iteration: 474	1563	1744	2328.24	3060
Iteration: 475	1563	1656	2281.12	2879
Iteration: 476	1563	1869	2346.47	2800
Iteration: 477	1563	1808	2321.56	2994
Iteration: 478	1563	1764	2253.2	2931
Iteration: 479	1563	1777	2316.26	3099
Iteration: 480	1563	1874	2324.92	2972
Iteration: 481	1563	1766	2306.22	3035
Iteration: 482	1563	1684	2246.82	2863
Iteration: 483	1563	1793	2317.76	3042
Iteration: 484	1563	1754	2320.43	2889
Iteration: 485	1563	1735	2301.78	2982
Iteration: 486	1563	1758	2321.56	3185
Iteration: 487	1563	1881	2338.83	3100
Iteration: 488	1563	1776	2332.45	3091
Iteration: 489	1563	1813	2300.33	2981
Iteration: 490	1563	1771	2363	3165
Iteration: 491	1563	1743	2331.01	3184
Iteration: 492	1563	1768	2296.32	3026
Iteration: 493	1563	1714	2303.53	2936
Iteration: 494	1563	1767	2304.98	2930
Iteration: 495	1563	1805	2249.95	2780
Iteration: 496	1563	1836	2360.49	3276
Iteration: 497	1563	1788	2336.72	2965
Iteration: 498	1563	1818	2289.97	2956
Iteration: 499	1563	1763	2313.16	2844
