Iteration: 0	1625	1625	2168.34	2908
Iteration: 1	1623	1623	2127.26	2676
Iteration: 2	1623	1800	2312.03	3231
Iteration: 3	1623	1931	2443.07	3228
Iteration: 4	1623	1796	2418.49	3003
Iteration: 5	1623	1835	2316.52	2961
Iteration: 6	1623	1810	2346.55	3151
Iteration: 7	1623	1786	2370.84	3335
Iteration: 8	1623	1827	2318.42	2946
Iteration: 9	1623	1839	2305.96	2972
Iteration: 10	1623	1730	2316.95	3029
Iteration: 11	1623	1865	2283.28	2844
Iteration: 12	1623	1864	2343.48	3091
Iteration: 13	1623	1859	2302.42	3113
Iteration: 14	1623	1908	2362.99	3370
Iteration: 15	1623	1800	2342.54	3088
Iteration: 16	1623	1861	2320.27	2961
Iteration: 17	1623	1830	2345.46	3112
Iteration: 18	1623	1771	2302.79	3103
Iteration: 19	1623	1772	2328	3057
Iteration: 20	1623	1772	2325.6	2933
Iteration: 21	1623	1777	2334.46	3063
Iteration: 22	1623	1843	2376.14	3148
Iteration: 23	1623	1742	2349.43	3036
Iteration: 24	1623	1797	2332.01	3118
Iteration: 25	1623	1814	2311.85	2992
Iteration: 26	1623	1733	2333.46	2859
Iteration: 27	1623	1858	2286.54	2934
Iteration: 28	1623	1887	2340.71	2969
Iteration: 29	1623	1860	2364.17	2942
Iteration: 30	1623	1751	2317.96	3151
Iteration: 31	1623	1788	2369.38	3058
Iteration: 32	1623	1683	2362.96	3032
Iteration: 33	1623	1773	2295.06	3243
Iteration: 34	1623	1787	2308.24	3005
Iteration: 35	1623	1784	2312.57	2902
Iteration: 36	1623	1761	2325.64	3372
Iteration: 37	1623	1734	2314.91	3178
Iteration: 38	1623	1806	2323.97	3190
Iteration: 39	1623	1744	2297.91	2971
Iteration: 40	1623	1684	2293.45	3010
Iteration: 41	1623	1740	2338.23	3222
Iteration: 42	1623	1749	2314.05	3061
Iteration: 43	1623	1871	2335.75	3074
Iteration: 44	1623	1824	2331.05	3098
Iteration: 45	1623	1826	2323.54	2859
Iteration: 46	1623	1806	2332.73	2884
Iteration: 47	1623	1781	2260.3	3181
Iteration: 48	1623	1792	2255.78	2970
Iteration: 49	1623	1763	2317.47	2882
Iteration: 50	1623	1809	2280.78	2832
Iteration: 51	1623	1819	2343.78	3085
Iteration: 52	1623	1821	2296.38	3246
Iteration: 53	1623	1899	2296.4	2859
Iteration: 54	1623	1886	2291.84	3230
Iteration: 55	1623	1877	2339.13	2990
Iteration: 56	1623	1765	2312.41	3190
Iteration: 57	1623	1737	2293.69	2884
Iteration: 58	1623	1804	2309.08	3019
Iteration: 59	1623	1702	2309.32	3110
Iteration: 60	1623	1840	2342.19	2920
Iteration: 61	1623	1701	2319.11	3004
Iteration: 62	1623	1782	2333.12	3171
Iteration: 63	1623	1759	2320.3	3019
Iteration: 64	1623	1823	2304.01	3051
Iteration: 65	1623	1775	2294.69	2846
Iteration: 66	1623	1859	2277.8	2964
Iteration: 67	1623	1733	2302.28	3107
Iteration: 68	1623	1783	2302.73	3028
Iteration: 69	1623	1799	2356.5	3290
Iteration: 70	1623	1709	2344.78	3260
Iteration: 71	1623	1819	2317.38	3300
Iteration: 72	1623	1717	2380.92	3076
Iteration: 73	1623	1896	2316.74	2989
Iteration: 74	1623	1811	2306.89	2882
Iteration: 75	1623	1804	2295.03	3065
Iteration: 76	1623	1785	2302.45	3171
Iteration: 77	1623	1780	2310.05	3001
Iteration: 78	1623	1816	2275.24	3056
Iteration: 79	1623	1675	2323.88	3116
Iteration: 80	1623	1783	2315.44	3210
Iteration: 81	1623	1735	2331.92	2987
Iteration: 82	1623	1664	2316.78	2782
Iteration: 83	1623	1841	2325.31	3035
Iteration: 84	1623	1796	2369.4	3003
Iteration: 85	1623	1843	2333.76	2904
Iteration: 86	1623	1803	2313.07	2953
Iteration: 87	1623	1821	2352.06	3015
Iteration: 88	1623	1895	2304.8	2904
Iteration: 89	1623	1726	2281.89	2983
Iteration: 90	1623	1836	2312.36	2910
Iteration: 91	1623	1865	2278.17	3374
Iteration: 92	1623	1918	2353.97	2886
Iteration: 93	1623	1782	2296.24	3070
Iteration: 94	1623	1711	2345.46	3523
Iteration: 95	1623	1830	2283.12	2965
Iteration: 96	1623	1837	2276.29	2758
Iteration: 97	1623	1704	2317.55	3060
Iteration: 98	1623	1882	2316.68	2932
Iteration: 99	1623	1660	2286.59	2872
Iteration: 100	1623	1842	2319.16	2968
Iteration: 101	1623	1780	2319.68	2992
Iteration: 102	1623	1916	2353.2	3150
Iteration: 103	1623	1720	2258.98	2976
Iteration: 104	1623	1825	2322.53	3222
Iteration: 105	1623	1707	2307.38	3047
Iteration: 106	1623	1888	2388.13	3134
Iteration: 107	1623	1865	2336.64	3013
Iteration: 108	1623	1864	2310.15	3361
Iteration: 109	1623	1775	2311.13	2967
Iteration: 110	1623	1734	2296.51	2731
Iteration: 111	1623	1892	2340.01	2908
Iteration: 112	1623	1750	2304.36	2969
Iteration: 113	1623	1819	2292.38	3176
Iteration: 114	1623	1898	2292.65	2953
Iteration: 115	1623	1839	2343.96	3094
Iteration: 116	1623	1702	2273.48	3067
Iteration: 117	1623	1717	2299.12	2855
Iteration: 118	1623	1778	2319.73	2974
Iteration: 119	1623	1694	2274.83	3070
Iteration: 120	1623	1870	2313.77	3026
Iteration: 121	1623	1800	2263.2	3059
Iteration: 122	1623	1882	2349.02	3254
Iteration: 123	1623	1664	2296.8	3074
Iteration: 124	1623	1885	2318.26	2922
Iteration: 125	1623	1722	2278.94	2906
Iteration: 126	1623	1729	2279.95	2914
Iteration: 127	1623	1857	2335.78	3230
Iteration: 128	1623	1784	2325.86	3005
Iteration: 129	1623	1835	2382.05	3077
Iteration: 130	1623	1786	2318.49	2981
Iteration: 131	1623	1785	2332.46	2872
Iteration: 132	1623	1794	2298.83	2862
Iteration: 133	1623	1798	2328.84	2997
Iteration: 134	1623	1778	2305.79	2964
Iteration: 135	1623	1866	2304.46	3112
Iteration: 136	1623	1756	2310.68	3129
Iteration: 137	1623	1864	2326.32	2935
Iteration: 138	1623	1711	2318.54	3152
Iteration: 139	1623	1646	2290.6	2919
Iteration: 140	1623	1773	2297.33	2822
Iteration: 141	1623	1799	2303.05	3018
Iteration: 142	1623	1764	2339.46	2927
Iteration: 143	1623	1874	2311.38	2882
Iteration: 144	1623	1835	2343.55	3012
Iteration: 145	1623	1759	2292.66	3133
Iteration: 146	1623	1827	2309.56	2910
Iteration: 147	1623	1706	2330.67	3012
Iteration: 148	1623	1860	2315.51	2973
Iteration: 149	1623	1767	2334.47	2936
Iteration: 150	1623	1789	2389.56	3061
Iteration: 151	1623	1772	2319.97	3130
Iteration: 152	1623	1709	2300.48	2955
Iteration: 153	1623	1761	2271.06	2846
Iteration: 154	1623	1770	2350.46	3076
Iteration: 155	1623	1770	2288.72	2960
Iteration: 156	1623	1749	2301.13	3102
Iteration: 157	1623	1913	2333.24	2923
Iteration: 158	1623	1795	2300.78	2896
Iteration: 159	1623	1848	2323.28	3031
Iteration: 160	1623	1801	2360	2901
Iteration: 161	1623	1830	2308.68	2871
Iteration: 162	1623	1823	2308.88	2971
Iteration: 163	1623	1792	2318.71	3030
Iteration: 164	1623	1797	2327.62	2939
Iteration: 165	1623	1812	2353.6	3095
Iteration: 166	1623	1733	2313.96	3210
Iteration: 167	1623	1796	2298.46	3178
Iteration: 168	1623	1680	2276.53	2973
Iteration: 169	1623	1780	2347.72	3051
Iteration: 170	1623	1843	2303.95	3042
Iteration: 171	1623	1734	2328.63	2963
Iteration: 172	1623	1739	2344.25	3105
Iteration: 173	1623	1942	2321.42	3004
Iteration: 174	1623	1715	2284.2	2898
Iteration: 175	1623	1753	2291.28	3054
Iteration: 176	1623	1755	2308.4	2915
Iteration: 177	1623	1779	2319.61	3322
Iteration: 178	1623	1807	2302.68	3184
Iteration: 179	1623	1804	2328.81	2871
Iteration: 180	1623	1783	2264.83	2885
Iteration: 181	1623	1746	2304.62	3118
Iteration: 182	1623	1822	2278.23	3025
Iteration: 183	1623	1749	2314.71	2973
Iteration: 184	1623	1876	2357.47	2975
Iteration: 185	1623	1668	2285.29	3025
Iteration: 186	1597	1597	2298	3342
Iteration: 187	1597	1824	2328.11	2995
Iteration: 188	1597	1809	2315.43	3011
Iteration: 189	1597	1782	2314.02	3198
Iteration: 190	1597	1903	2291.59	2697
Iteration: 191	1597	1724	2301.25	3199
Iteration: 192	1597	1809	2352.08	3067
Iteration: 193	1597	1706	2289.6	3055
Iteration: 194	1597	1797	2323.86	3349
Iteration: 195	1597	1776	2301.97	3024
Iteration: 196	1597	1823	2286.86	2978
Iteration: 197	1597	1761	2321.06	2943
Iteration: 198	1597	1670	2320.09	2978
Iteration: 199	1597	1789	2351.51	3342
Iteration: 200	1597	1766	2280.33	2894
Iteration: 201	1597	1722	2313.51	2933
Iteration: 202	1597	1742	2302.93	3176
Iteration: 203	1597	1796	2307.28	2997
Iteration: 204	1597	1845	2337.54	3007
Iteration: 205	1597	1787	2332.8	3134
Iteration: 206	1597	1767	2311.36	3188
Iteration: 207	1597	1715	2303.52	3070
Iteration: 208	1597	1760	2335.89	2957
Iteration: 209	1597	1704	2314.78	3093
Iteration: 210	1597	1773	2321.41	3011
Iteration: 211	1597	1826	2319.45	3045
Iteration: 212	1597	1816	2315.8	3071
Iteration: 213	1597	1707	2312.54	3062
Iteration: 214	1597	1859	2299.31	2785
Iteration: 215	1597	1783	2312.01	3000
Iteration: 216	1597	1769	2300.57	2963
Iteration: 217	1597	1813	2309.2	3116
Iteration: 218	1597	1762	2331.11	2798
Iteration: 219	1597	1838	2333.16	2991
Iteration: 220	1597	1843	2352.42	2882
Iteration: 221	1597	1893	2293.48	3097
Iteration: 222	1597	1722	2283.34	2932
Iteration: 223	1597	1793	2325.58	2946
Iteration: 224	1597	1834	2323.61	3076
Iteration: 225	1597	1751	2329.21	3039
Iteration: 226	1597	1796	2320.27	3091
Iteration: 227	1597	1748	2267.48	2831
Iteration: 228	1597	1738	2292.27	2919
Iteration: 229	1597	1769	2312.05	2851
Iteration: 230	1597	1754	2293.13	2865
Iteration: 231	1597	1766	2343.71	2982
Iteration: 232	1597	1789	2293.63	2980
Iteration: 233	1597	1801	2307.32	2917
Iteration: 234	1597	1668	2318.44	2909
Iteration: 235	1597	1817	2270.02	2982
Iteration: 236	1597	1892	2332.13	3011
Iteration: 237	1597	1745	2276.75	2968
Iteration: 238	1597	1767	2327.59	3202
Iteration: 239	1597	1738	2297.43	2884
Iteration: 240	1597	1856	2291.22	3049
Iteration: 241	1597	1812	2362.25	3047
Iteration: 242	1597	1811	2289.96	3140
Iteration: 243	1597	1804	2335.92	3178
Iteration: 244	1597	1697	2320.57	3023
Iteration: 245	1597	1858	2314.41	3538
Iteration: 246	1597	1868	2303.31	2812
Iteration: 247	1597	1728	2301.93	2981
Iteration: 248	1597	1770	2342.12	3279
Iteration: 249	1597	1854	2286.98	3040
Iteration: 250	1597	1774	2293.26	3060
Iteration: 251	1597	1868	2312.27	3098
Iteration: 252	1597	1838	2349.8	3191
Iteration: 253	1597	1785	2319.75	3108
Iteration: 254	1597	1828	2310.32	3162
Iteration: 255	1597	1791	2342.46	3288
Iteration: 256	1597	1719	2286.46	3032
Iteration: 257	1597	1713	2337.86	3071
Iteration: 258	1597	1918	2335.13	2847
Iteration: 259	1597	1782	2323.4	2963
Iteration: 260	1597	1833	2281.22	2921
Iteration: 261	1597	1903	2350.77	3034
Iteration: 262	1597	1859	2323.65	2977
Iteration: 263	1597	1904	2334.06	3049
Iteration: 264	1597	1857	2304.79	2977
Iteration: 265	1597	1788	2318.47	3037
Iteration: 266	1597	1727	2343.39	3062
Iteration: 267	1597	1733	2334.34	2856
Iteration: 268	1597	1822	2340.69	3395
Iteration: 269	1597	1759	2315.47	3162
Iteration: 270	1597	1760	2354.18	3071
Iteration: 271	1597	1687	2277.86	2963
Iteration: 272	1597	1764	2303.3	2924
Iteration: 273	1597	1793	2267.73	2946
Iteration: 274	1597	1779	2335.68	2936
Iteration: 275	1597	1849	2335.83	3228
Iteration: 276	1597	1790	2310.07	2884
Iteration: 277	1597	1876	2380.6	2958
Iteration: 278	1597	1778	2323.88	3009
Iteration: 279	1597	1892	2327.96	3130
Iteration: 280	1597	1809	2296.89	3053
Iteration: 281	1597	1727	2308.37	2848
Iteration: 282	1597	1825	2290.07	2986
Iteration: 283	1597	1850	2268.06	2975
Iteration: 284	1597	1916	2370.26	3223
Iteration: 285	1597	1785	2298.84	3130
Iteration: 286	1597	1935	2344.89	3063
Iteration: 287	1597	1820	2297.85	3046
Iteration: 288	1597	1826	2311.91	3178
Iteration: 289	1597	1765	2339.88	3026
Iteration: 290	1597	1744	2309.13	3431
Iteration: 291	1597	1723	2337.81	3300
Iteration: 292	1597	1945	2324.23	2941
Iteration: 293	1597	1725	2287.32	2925
Iteration: 294	1597	1828	2283.12	2791
Iteration: 295	1597	1804	2302.18	2903
Iteration: 296	1597	1642	2333.07	3039
Iteration: 297	1597	1848	2349.45	3283
Iteration: 298	1597	1934	2346.73	3115
Iteration: 299	1597	1840	2349.03	3010
Iteration: 300	1597	1657	2300.06	2880
Iteration: 301	1597	1809	2318.98	2967
Iteration: 302	1597	1839	2312.65	3041
Iteration: 303	1597	1862	2307.33	3060
Iteration: 304	1597	1708	2281.48	2969
Iteration: 305	1597	1880	2305.51	2844
Iteration: 306	1597	1928	2353.94	3134
Iteration: 307	1597	1787	2324.14	3086
Iteration: 308	1597	1820	2270.4	3061
Iteration: 309	1597	1769	2339.07	3123
Iteration: 310	1597	1836	2345.36	2971
Iteration: 311	1597	1897	2350.71	2898
Iteration: 312	1597	1761	2323.68	3074
Iteration: 313	1597	1762	2278.44	3044
Iteration: 314	1597	1762	2322.38	3282
Iteration: 315	1597	1814	2368.47	3054
Iteration: 316	1597	1837	2365.31	3087
Iteration: 317	1597	1758	2301.25	3078
Iteration: 318	1597	1703	2329.29	3025
Iteration: 319	1597	1890	2326.23	2964
Iteration: 320	1597	1800	2323.25	2999
Iteration: 321	1597	1686	2279.87	2800
Iteration: 322	1597	1658	2332.75	3100
Iteration: 323	1597	1627	2334.36	3126
Iteration: 324	1597	1699	2315.6	3246
Iteration: 325	1597	1822	2329.43	3007
Iteration: 326	1597	1842	2283.22	2820
Iteration: 327	1597	1766	2301.44	2976
Iteration: 328	1597	1849	2318.83	2934
Iteration: 329	1597	1657	2317.02	3054
Iteration: 330	1597	1746	2328.68	3071
Iteration: 331	1597	1725	2308.26	3039
Iteration: 332	1597	1866	2298.28	2880
Iteration: 333	1597	1745	2348.58	2986
Iteration: 334	1597	1806	2291.06	2814
Iteration: 335	1597	1807	2292.87	2834
Iteration: 336	1597	1742	2278.86	2793
Iteration: 337	1597	1926	2336.89	2865
Iteration: 338	1597	1855	2304.21	2804
Iteration: 339	1597	1822	2282.55	2951
Iteration: 340	1597	1797	2312.07	3231
Iteration: 341	1597	1814	2331.93	3139
Iteration: 342	1597	1688	2274.85	2908
Iteration: 343	1597	1642	2330.37	3208
Iteration: 344	1597	1774	2312.28	2976
Iteration: 345	1597	1816	2317.34	3013
Iteration: 346	1597	1835	2363.58	2948
Iteration: 347	1597	1770	2291.94	3382
Iteration: 348	1597	1815	2309.2	2884
Iteration: 349	1597	1698	2348.83	3227
Iteration: 350	1597	1848	2299.02	2783
Iteration: 351	1597	1819	2314.53	3005
Iteration: 352	1597	1597	2277.59	2996
Iteration: 353	1597	1767	2295.88	2959
Iteration: 354	1597	1833	2318.02	3263
Iteration: 355	1597	1766	2356.2	3019
Iteration: 356	1597	1825	2333.88	3619
Iteration: 357	1597	1866	2335.98	2931
Iteration: 358	1597	1764	2263.06	2872
Iteration: 359	1597	1806	2336.85	2911
Iteration: 360	1597	1698	2289.4	3088
Iteration: 361	1597	1805	2281.38	3025
Iteration: 362	1597	1810	2295.65	2990
Iteration: 363	1597	1816	2337.45	2893
Iteration: 364	1597	1637	2313.77	3016
Iteration: 365	1597	1789	2336.88	2964
Iteration: 366	1597	1724	2346.06	2971
Iteration: 367	1597	1805	2318.93	2944
Iteration: 368	1597	1844	2368.42	3330
Iteration: 369	1597	1770	2316.96	3087
Iteration: 370	1597	1863	2350.11	3094
Iteration: 371	1597	1854	2321.13	2813
Iteration: 372	1597	1864	2355.44	3222
Iteration: 373	1597	1794	2325.69	2952
Iteration: 374	1597	1802	2323.9	3082
Iteration: 375	1597	1814	2358.49	2988
Iteration: 376	1597	1760	2291.83	2851
Iteration: 377	1597	1845	2308.96	2922
Iteration: 378	1597	1909	2325.28	3410
Iteration: 379	1597	1746	2318.53	3106
Iteration: 380	1597	1678	2282.5	2991
Iteration: 381	1597	1797	2333.65	3032
Iteration: 382	1597	1849	2312.92	3011
Iteration: 383	1597	1753	2286.51	3043
Iteration: 384	1597	1792	2327.46	2927
Iteration: 385	1597	1782	2347.25	3367
Iteration: 386	1597	1675	2372.44	3143
Iteration: 387	1597	1727	2310.24	3013
Iteration: 388	1597	1657	2266.9	3071
Iteration: 389	1597	1818	2337.6	3002
Iteration: 390	1597	1794	2340.88	2990
Iteration: 391	1597	1629	2356.72	3337
Iteration: 392	1597	1834	2337.08	3115
Iteration: 393	1597	1844	2296.42	3091
Iteration: 394	1597	1821	2303.75	2916
Iteration: 395	1597	1840	2272.44	2810
Iteration: 396	1597	1797	2292.66	3079
Iteration: 397	1597	1798	2288.24	2765
Iteration: 398	1597	1818	2256.26	3006
Iteration: 399	1597	1647	2356.91	3096
Iteration: 400	1597	1864	2361.1	3095
Iteration: 401	1597	1865	2362.01	3079
Iteration: 402	1597	1797	2325.23	3389
Iteration: 403	1597	1880	2314.24	3191
Iteration: 404	1597	1791	2307.99	3001
Iteration: 405	1597	1770	2258.93	2854
Iteration: 406	1597	1860	2303.69	2939
Iteration: 407	1597	1853	2340.05	2966
Iteration: 408	1597	1858	2372.4	3218
Iteration: 409	1597	1730	2306.92	2931
Iteration: 410	1597	1719	2328.36	3144
Iteration: 411	1597	1791	2346.78	2996
Iteration: 412	1597	1738	2347.04	2966
Iteration: 413	1597	1777	2316.45	3272
Iteration: 414	1597	1783	2310.45	3067
Iteration: 415	1597	1689	2316.41	3069
Iteration: 416	1597	1756	2300.66	2879
Iteration: 417	1597	1846	2325.63	3249
Iteration: 418	1597	1761	2300.64	3106
Iteration: 419	1597	1620	2280.13	3035
Iteration: 420	1597	1819	2334.45	3013
Iteration: 421	1597	1780	2365.24	2949
Iteration: 422	1597	1804	2317.46	3170
Iteration: 423	1597	1743	2327.48	3088
Iteration: 424	1597	1812	2257.46	2914
Iteration: 425	1597	1903	2354.4	3045
Iteration: 426	1597	1782	2326.31	3359
Iteration: 427	1597	1777	2299.93	3214
Iteration: 428	1597	1650	2338.1	3016
Iteration: 429	1597	1789	2286.01	2943
Iteration: 430	1597	1660	2321.26	3148
Iteration: 431	1597	1736	2290.98	3171
Iteration: 432	1597	1872	2282	2848
Iteration: 433	1597	1749	2315.28	3039
Iteration: 434	1597	1674	2295.21	2974
Iteration: 435	1597	1808	2316.09	3067
Iteration: 436	1597	1760	2281.27	3175
Iteration: 437	1597	1777	2294.47	2975
Iteration: 438	1597	1787	2302.73	3010
Iteration: 439	1597	1742	2359.2	3071
Iteration: 440	1597	1731	2261.52	2994
Iteration: 441	1597	1829	2325.02	3421
Iteration: 442	1597	1731	2294.04	2976
Iteration: 443	1597	1888	2302.66	3123
Iteration: 444	1597	1853	2329.86	3032
Iteration: 445	1597	1740	2320.54	2958
Iteration: 446	1597	1831	2300.53	3009
Iteration: 447	1597	1723	2289.44	3080
Iteration: 448	1597	1851	2289.75	2866
Iteration: 449	1597	1782	2226.95	2736
Iteration: 450	1597	1737	2332.2	2873
Iteration: 451	1597	1714	2344.92	3018
Iteration: 452	1597	1743	2320.81	2956
Iteration: 453	1597	1745	2262.94	2936
Iteration: 454	1597	1845	2299.34	3008
Iteration: 455	1597	1881	2376.68	2976
Iteration: 456	1597	1705	2300.65	3181
Iteration: 457	1597	1801	2332.77	2841
Iteration: 458	1597	1962	2374.79	3204
Iteration: 459	1597	1622	2399.07	2924
Iteration: 460	1597	1745	2307.91	2779
Iteration: 461	1597	1602	2299.84	3120
Iteration: 462	1597	1719	2302.99	2951
Iteration: 463	1597	1722	2320.67	3236
Iteration: 464	1597	1786	2321.15	2939
Iteration: 465	1597	1765	2288.98	2967
Iteration: 466	1597	1710	2267.28	3113
Iteration: 467	1597	1815	2328.22	2907
Iteration: 468	1597	1856	2306.25	3244
Iteration: 469	1597	1881	2370.17	2894
Iteration: 470	1597	1652	2304.39	3067
Iteration: 471	1597	1937	2312.78	3198
Iteration: 472	1597	1815	2312.5	2784
Iteration: 473	1597	1719	2326.82	2866
Iteration: 474	1597	1728	2286.91	2900
Iteration: 475	1597	1802	2285.51	3183
Iteration: 476	1597	1828	2329.84	3170
Iteration: 477	1597	1626	2323.98	3181
Iteration: 478	1597	1747	2323.55	3034
Iteration: 479	1597	1868	2318.52	3023
Iteration: 480	1597	1711	2270.11	2916
Iteration: 481	1597	1726	2298.97	3005
Iteration: 482	1597	1848	2274.42	2965
Iteration: 483	1597	1876	2330.67	2982
Iteration: 484	1597	1769	2320.02	3164
Iteration: 485	1597	1737	2267.75	3120
Iteration: 486	1597	1787	2308.95	2817
Iteration: 487	1597	1781	2341.84	3092
Iteration: 488	1597	1799	2351	3284
Iteration: 489	1597	1761	2298.95	2966
Iteration: 490	1597	1804	2347.36	3109
Iteration: 491	1597	1792	2325.62	3243
Iteration: 492	1597	1836	2276.81	3027
Iteration: 493	1597	1723	2290.03	2938
Iteration: 494	1597	1741	2266.28	2914
Iteration: 495	1597	1805	2360.48	3239
Iteration: 496	1597	1870	2296.88	2921
Iteration: 497	1597	1746	2309.69	3072
Iteration: 498	1597	1815	2318.61	2926
Iteration: 499	1597	1681	2303.66	3039
