Iteration: 0	1589	1589	1916.88	2635
Iteration: 1	1540	1540	1944.17	2596
Iteration: 2	1540	1620	1993.06	2599
Iteration: 3	1540	1643	2188	3372
Iteration: 4	1540	1787	2272.54	3128
Iteration: 5	1540	1731	2227.5	2947
Iteration: 6	1540	1573	2131.58	3163
Iteration: 7	1540	1647	2058.78	2887
Iteration: 8	1540	1657	2107.98	2694
Iteration: 9	1540	1685	2116.48	2799
Iteration: 10	1540	1650	2061.05	2651
Iteration: 11	1540	1692	2058.69	2987
Iteration: 12	1519	1519	2037.18	2524
Iteration: 13	1519	1538	2048.92	2576
Iteration: 14	1519	1638	2090.14	2823
Iteration: 15	1519	1596	2091.42	2890
Iteration: 16	1519	1704	2024.36	2748
Iteration: 17	1519	1604	2039.46	2688
Iteration: 18	1519	1552	2032.45	2554
Iteration: 19	1519	1580	2017.31	2667
Iteration: 20	1519	1637	2037.63	2640
Iteration: 21	1519	1638	2000.3	2792
Iteration: 22	1519	1583	2032.56	2960
Iteration: 23	1519	1633	1984.37	2543
Iteration: 24	1519	1557	2063.47	2616
Iteration: 25	1519	1608	1991.57	2923
Iteration: 26	1519	1608	2049.76	2677
Iteration: 27	1519	1556	1989.81	2609
Iteration: 28	1519	1685	2061.37	2790
Iteration: 29	1519	1645	2026.85	2705
Iteration: 30	1519	1642	2052.5	2674
Iteration: 31	1519	1575	2051.95	2731
Iteration: 32	1519	1636	2064.75	2542
Iteration: 33	1519	1643	2040.95	2747
Iteration: 34	1519	1563	2049.33	2548
Iteration: 35	1519	1667	2046.1	2688
Iteration: 36	1519	1655	2033.28	2834
Iteration: 37	1519	1641	1989.03	2544
Iteration: 38	1519	1624	2027.68	2905
Iteration: 39	1519	1629	2054.29	2676
Iteration: 40	1508	1508	1997.4	2532
Iteration: 41	1508	1649	2020.78	2572
Iteration: 42	1508	1606	2064.35	2689
Iteration: 43	1508	1530	2018.27	2789
Iteration: 44	1508	1575	2051.9	2880
Iteration: 45	1508	1596	2002.28	2744
Iteration: 46	1508	1687	2047.63	2731
Iteration: 47	1508	1564	1996.65	2824
Iteration: 48	1508	1610	2042.65	2909
Iteration: 49	1508	1580	2042.6	2541
Iteration: 50	1508	1628	2015.88	2809
Iteration: 51	1508	1652	2058.96	2840
Iteration: 52	1508	1624	2033.37	2782
Iteration: 53	1508	1621	2049.16	2811
Iteration: 54	1508	1532	2024.29	2782
Iteration: 55	1508	1561	2023.51	2778
Iteration: 56	1508	1618	2055.99	2886
Iteration: 57	1508	1595	2040.07	2647
Iteration: 58	1508	1602	2033.18	2613
Iteration: 59	1508	1598	2037.41	2830
Iteration: 60	1508	1578	2021.49	2564
Iteration: 61	1508	1619	2022.89	2672
Iteration: 62	1508	1652	2010.25	2755
Iteration: 63	1508	1625	2037.37	2490
Iteration: 64	1508	1546	1984.73	2688
Iteration: 65	1508	1613	2056.1	2795
Iteration: 66	1508	1613	2053.27	2785
Iteration: 67	1508	1587	2001.11	2802
Iteration: 68	1508	1573	2012.5	2863
Iteration: 69	1508	1586	2036.3	3021
Iteration: 70	1508	1599	2036.46	2666
Iteration: 71	1508	1571	2060.65	2571
Iteration: 72	1508	1585	2040.36	2891
Iteration: 73	1508	1634	2032.16	2656
Iteration: 74	1508	1576	2003.94	2563
Iteration: 75	1508	1653	2052.05	2664
Iteration: 76	1508	1627	2066.54	2870
Iteration: 77	1508	1579	2021.83	2623
Iteration: 78	1508	1572	1990.34	2888
Iteration: 79	1508	1647	2031.47	2584
Iteration: 80	1508	1604	2016.64	2539
Iteration: 81	1508	1572	2039.77	2692
Iteration: 82	1508	1558	2015.31	2577
Iteration: 83	1508	1509	2050.83	2726
Iteration: 84	1508	1666	2066.59	2647
Iteration: 85	1508	1641	2019.41	2620
Iteration: 86	1508	1598	2025.28	2746
Iteration: 87	1508	1656	1985.17	2484
Iteration: 88	1508	1508	1999.97	2714
Iteration: 89	1508	1611	2020.28	2671
Iteration: 90	1508	1615	2027.63	2518
Iteration: 91	1508	1582	2003.41	2658
Iteration: 92	1508	1526	1986.18	2575
Iteration: 93	1508	1569	2052	2827
Iteration: 94	1508	1590	2039.64	2838
Iteration: 95	1508	1522	2029.62	2924
Iteration: 96	1508	1635	2020.89	2780
Iteration: 97	1508	1545	2033.32	2627
Iteration: 98	1508	1644	2033.81	2882
Iteration: 99	1508	1572	2025.37	2964
Iteration: 100	1508	1629	2028.14	2810
Iteration: 101	1508	1600	2062.33	2836
Iteration: 102	1508	1582	2020.11	2785
Iteration: 103	1508	1668	2042.64	2659
Iteration: 104	1508	1596	2009.51	2798
Iteration: 105	1508	1538	2044.81	2638
Iteration: 106	1497	1497	2059.92	2676
Iteration: 107	1497	1617	2030.51	2698
Iteration: 108	1497	1616	2032.05	2758
Iteration: 109	1497	1528	2034.98	2598
Iteration: 110	1497	1649	2047.51	2760
Iteration: 111	1497	1604	2012.4	2548
Iteration: 112	1497	1631	2023.67	2548
Iteration: 113	1497	1581	2006.31	2463
Iteration: 114	1497	1655	2050.99	2678
Iteration: 115	1497	1615	1983.99	2605
Iteration: 116	1497	1646	1993.61	2716
Iteration: 117	1497	1617	2051.98	2708
Iteration: 118	1497	1587	2007.75	2804
Iteration: 119	1497	1581	2042.77	2793
Iteration: 120	1497	1636	2040.41	2707
Iteration: 121	1497	1562	1980.9	2849
Iteration: 122	1497	1607	1996.65	2734
Iteration: 123	1497	1588	2027.53	2776
Iteration: 124	1497	1618	2029.01	2680
Iteration: 125	1497	1623	2026.56	2464
Iteration: 126	1497	1601	2020.72	2569
Iteration: 127	1497	1581	2021.57	2735
Iteration: 128	1497	1612	2026.78	3264
Iteration: 129	1497	1621	2000.94	3206
Iteration: 130	1497	1519	2006.64	2709
Iteration: 131	1497	1598	2044.4	2894
Iteration: 132	1497	1553	1994.52	2630
Iteration: 133	1497	1625	2035.14	2487
Iteration: 134	1497	1698	2063.47	2635
Iteration: 135	1497	1669	2030.83	2882
Iteration: 136	1497	1639	2013.34	2485
Iteration: 137	1497	1626	2029.4	2676
Iteration: 138	1497	1647	2052.08	2652
Iteration: 139	1497	1572	2046.38	2892
Iteration: 140	1497	1585	2016.28	2860
Iteration: 141	1497	1595	2064.99	2653
Iteration: 142	1497	1636	2027.76	2607
Iteration: 143	1497	1611	2035.21	2532
Iteration: 144	1497	1617	1993.14	2713
Iteration: 145	1497	1628	2069.15	2764
Iteration: 146	1497	1632	2076.81	2805
Iteration: 147	1497	1565	2042.6	2632
Iteration: 148	1497	1651	2047.84	2883
Iteration: 149	1497	1641	2019.53	2790
Iteration: 150	1497	1628	2006.15	2523
Iteration: 151	1497	1638	2014.8	2721
Iteration: 152	1497	1514	2015.44	2603
Iteration: 153	1472	1472	2065.23	3090
Iteration: 154	1472	1663	2000.17	2679
Iteration: 155	1472	1674	2041.78	2533
Iteration: 156	1472	1569	2053.2	2799
Iteration: 157	1472	1612	2025.01	2655
Iteration: 158	1472	1644	2017.89	2627
Iteration: 159	1472	1675	2033.65	2743
Iteration: 160	1472	1641	2054.41	2653
Iteration: 161	1472	1558	2033.58	2602
Iteration: 162	1472	1658	2095.86	2790
Iteration: 163	1472	1643	2040.14	2547
Iteration: 164	1472	1602	2022.43	2650
Iteration: 165	1472	1555	2011.49	2838
Iteration: 166	1472	1563	2012.34	2733
Iteration: 167	1472	1620	2030.54	2777
Iteration: 168	1472	1549	2053.62	2639
Iteration: 169	1472	1661	2042.5	2873
Iteration: 170	1472	1589	2025.11	2668
Iteration: 171	1472	1608	2029.14	2578
Iteration: 172	1472	1637	2047.31	2769
Iteration: 173	1472	1695	2046.64	2868
Iteration: 174	1472	1595	2003.29	2795
Iteration: 175	1472	1655	2040.54	2666
Iteration: 176	1472	1598	2016.26	2709
Iteration: 177	1472	1529	1980.96	2782
Iteration: 178	1472	1617	2037.57	2795
Iteration: 179	1472	1675	2069.82	2762
Iteration: 180	1472	1616	2000.96	3007
Iteration: 181	1472	1565	2002.95	2908
Iteration: 182	1472	1602	2015.7	2636
Iteration: 183	1472	1607	2026.42	2624
Iteration: 184	1472	1609	2022.36	2626
Iteration: 185	1472	1599	2006.02	2524
Iteration: 186	1472	1565	2013.96	2717
Iteration: 187	1472	1559	2020.45	2768
Iteration: 188	1472	1578	2020.66	2621
Iteration: 189	1472	1639	2009.61	2773
Iteration: 190	1472	1629	2015.38	2489
Iteration: 191	1472	1609	2039.62	2557
Iteration: 192	1472	1597	2021.74	2686
Iteration: 193	1472	1551	1998.29	2594
Iteration: 194	1472	1653	2037.78	2780
Iteration: 195	1472	1562	2004.05	2639
Iteration: 196	1472	1684	2025.36	2643
Iteration: 197	1472	1642	2012.94	2657
Iteration: 198	1472	1596	2036.88	2663
Iteration: 199	1472	1618	2036.89	2598
Iteration: 200	1472	1649	1989.12	2553
Iteration: 201	1472	1664	2009.42	2765
Iteration: 202	1472	1636	1997.62	2555
Iteration: 203	1472	1645	2055	2574
Iteration: 204	1472	1563	2044.53	2817
Iteration: 205	1472	1663	2048.93	2855
Iteration: 206	1472	1627	2043.19	2892
Iteration: 207	1472	1649	2027.55	2703
Iteration: 208	1472	1602	2025.95	2673
Iteration: 209	1472	1589	2010.75	2637
Iteration: 210	1472	1644	2054.35	2837
Iteration: 211	1472	1607	2028.56	2729
Iteration: 212	1472	1567	2009.65	2490
Iteration: 213	1472	1529	2034.25	2792
Iteration: 214	1472	1623	2063.76	2678
Iteration: 215	1472	1580	2039.06	2707
Iteration: 216	1472	1660	2033.18	2936
Iteration: 217	1472	1633	2072.06	2775
Iteration: 218	1472	1627	2035.47	2641
Iteration: 219	1472	1569	2009.58	2716
Iteration: 220	1472	1587	2044.31	2829
Iteration: 221	1472	1614	2021.71	2562
Iteration: 222	1472	1613	2036.31	2832
Iteration: 223	1472	1576	2032.31	2631
Iteration: 224	1472	1553	2030.46	2889
Iteration: 225	1472	1558	2037.19	2889
Iteration: 226	1472	1633	2008.39	2636
Iteration: 227	1472	1602	2051.82	2817
Iteration: 228	1472	1643	2063.25	2689
Iteration: 229	1472	1606	2025.13	2868
Iteration: 230	1472	1602	2059.24	2714
Iteration: 231	1472	1621	1992.24	2678
Iteration: 232	1472	1643	2040.72	2721
Iteration: 233	1472	1651	2047.2	2872
Iteration: 234	1472	1619	2035.22	2558
Iteration: 235	1472	1587	2035.57	2805
Iteration: 236	1472	1503	2031.28	2688
Iteration: 237	1472	1645	2014.99	2622
Iteration: 238	1472	1658	2035.48	2572
Iteration: 239	1472	1637	2018.51	2915
Iteration: 240	1472	1615	1988.75	2634
Iteration: 241	1472	1645	2010.36	2728
Iteration: 242	1472	1614	2022.41	2743
Iteration: 243	1472	1603	2028.51	2980
Iteration: 244	1472	1611	1988.79	2862
Iteration: 245	1472	1697	2053.13	2555
Iteration: 246	1472	1672	2042.77	2807
Iteration: 247	1472	1580	2019.31	2523
Iteration: 248	1472	1647	2013.67	2781
Iteration: 249	1472	1509	2033.5	2815
Iteration: 250	1472	1629	2011.64	2835
Iteration: 251	1472	1623	2009	2774
Iteration: 252	1472	1626	2028.06	2842
Iteration: 253	1472	1642	2000.11	2448
Iteration: 254	1472	1501	2030.59	2782
Iteration: 255	1472	1558	2022.54	2913
Iteration: 256	1472	1643	2036.01	2692
Iteration: 257	1472	1567	2083.12	2810
Iteration: 258	1472	1651	2018.85	2709
Iteration: 259	1472	1622	2022.17	2596
Iteration: 260	1472	1537	2016.14	2975
Iteration: 261	1472	1578	2027.75	2654
Iteration: 262	1472	1570	1993.84	2766
Iteration: 263	1472	1595	2040.9	2781
Iteration: 264	1472	1641	2013.71	2723
Iteration: 265	1472	1611	2060.12	2869
Iteration: 266	1472	1570	2040.8	2744
Iteration: 267	1472	1509	2066.77	2642
Iteration: 268	1472	1546	2026.83	2657
Iteration: 269	1472	1545	2050.25	2695
Iteration: 270	1472	1637	2031.76	2816
Iteration: 271	1472	1613	2008.36	2851
Iteration: 272	1472	1622	2020.48	2591
Iteration: 273	1472	1585	2023.12	2632
Iteration: 274	1472	1625	2030.62	2750
Iteration: 275	1472	1639	2049.83	2801
Iteration: 276	1472	1656	2029.19	2489
Iteration: 277	1472	1538	2005.83	2720
Iteration: 278	1472	1601	2005.37	2730
Iteration: 279	1472	1628	2038.98	2764
Iteration: 280	1472	1524	2048.96	2673
Iteration: 281	1472	1618	2054.13	2680
Iteration: 282	1472	1631	2034.63	2586
Iteration: 283	1472	1673	2060.28	2902
Iteration: 284	1472	1583	2031.9	2903
Iteration: 285	1472	1559	2019.08	2666
Iteration: 286	1472	1550	2049.4	2671
Iteration: 287	1472	1636	2027.03	2687
Iteration: 288	1472	1600	1981.35	2477
Iteration: 289	1472	1679	2033.71	2574
Iteration: 290	1472	1663	2054.97	2698
Iteration: 291	1472	1616	2065.98	2715
Iteration: 292	1472	1614	2006.46	3249
Iteration: 293	1472	1643	2018.79	2776
Iteration: 294	1472	1538	2024.62	2762
Iteration: 295	1472	1570	2069.48	2739
Iteration: 296	1472	1581	2012.17	2669
Iteration: 297	1472	1481	2053.28	3025
Iteration: 298	1472	1587	2033.46	2716
Iteration: 299	1472	1591	1991.74	2566
Iteration: 300	1472	1617	2033.49	2515
Iteration: 301	1472	1612	2052.65	2625
Iteration: 302	1472	1539	2067.35	2998
Iteration: 303	1472	1615	2043.97	2741
Iteration: 304	1472	1659	2008.27	2857
Iteration: 305	1472	1677	2062.86	2775
Iteration: 306	1472	1564	2068.96	2629
Iteration: 307	1472	1657	2054.59	2560
Iteration: 308	1472	1574	2003.06	2781
Iteration: 309	1472	1568	2061.31	2833
Iteration: 310	1472	1614	2028.01	2682
Iteration: 311	1472	1648	2073.79	2539
Iteration: 312	1472	1552	2043.46	2603
Iteration: 313	1472	1635	2042.72	2671
Iteration: 314	1472	1538	2005.2	2599
Iteration: 315	1472	1594	2025.88	2879
Iteration: 316	1472	1481	2025.84	2970
Iteration: 317	1472	1623	2033.98	2787
Iteration: 318	1472	1570	2028.51	2695
Iteration: 319	1472	1634	1997.74	2510
Iteration: 320	1472	1657	2058.18	2694
Iteration: 321	1472	1591	2046.37	2933
Iteration: 322	1472	1641	2040.72	2760
Iteration: 323	1472	1613	2026.59	2531
Iteration: 324	1472	1620	2033.65	2608
Iteration: 325	1472	1590	2006.86	2524
Iteration: 326	1472	1618	2004.2	2774
Iteration: 327	1472	1632	2061.32	2955
Iteration: 328	1472	1650	2079.42	2749
Iteration: 329	1472	1609	2076	2578
Iteration: 330	1472	1504	2032.45	2754
Iteration: 331	1472	1601	2013.11	2898
Iteration: 332	1472	1612	2038.44	2972
Iteration: 333	1461	1461	2007.17	2528
Iteration: 334	1461	1584	2014.97	2488
Iteration: 335	1461	1671	2027.11	2670
Iteration: 336	1461	1551	1992.59	2730
Iteration: 337	1461	1606	2033.44	2715
Iteration: 338	1461	1594	1998.46	2922
Iteration: 339	1461	1583	2050.44	2829
Iteration: 340	1461	1647	2066.88	2668
Iteration: 341	1461	1560	2003.79	2781
Iteration: 342	1461	1628	2011.04	2555
Iteration: 343	1461	1599	2015.55	2500
Iteration: 344	1461	1593	2051.55	2672
Iteration: 345	1461	1613	2061.1	3054
Iteration: 346	1461	1612	2020.87	2750
Iteration: 347	1461	1477	2041.65	2570
Iteration: 348	1461	1607	2034.87	2752
Iteration: 349	1461	1572	2024.81	2910
Iteration: 350	1461	1648	2031.6	2661
Iteration: 351	1461	1670	2076.06	2716
Iteration: 352	1461	1582	2047.35	2806
Iteration: 353	1461	1640	2027.99	2807
Iteration: 354	1461	1614	2018.78	2637
Iteration: 355	1461	1632	1996.22	2596
Iteration: 356	1461	1564	2054.64	2754
Iteration: 357	1461	1557	2017.4	2542
Iteration: 358	1461	1613	2015.78	2647
Iteration: 359	1461	1570	2022.7	2730
Iteration: 360	1461	1609	2037.92	2655
Iteration: 361	1461	1568	2003.26	2681
Iteration: 362	1461	1531	2020.28	2545
Iteration: 363	1461	1621	2020.63	3009
Iteration: 364	1461	1557	1982.66	2924
Iteration: 365	1461	1613	2043.28	3137
Iteration: 366	1461	1543	2058.63	2734
Iteration: 367	1461	1609	2032.07	2686
Iteration: 368	1461	1631	2034.5	2746
Iteration: 369	1461	1607	2047.5	2670
Iteration: 370	1461	1567	2006.65	2660
Iteration: 371	1461	1616	1994.25	2594
Iteration: 372	1461	1657	1998.31	2658
Iteration: 373	1461	1647	2028.5	2573
Iteration: 374	1461	1521	2023.6	2535
Iteration: 375	1461	1627	2030.99	2792
Iteration: 376	1461	1604	2004.51	2866
Iteration: 377	1461	1655	2046.76	2837
Iteration: 378	1461	1656	2007.58	2605
Iteration: 379	1461	1517	2017.7	2482
Iteration: 380	1461	1633	2050.12	2754
Iteration: 381	1461	1700	2056.96	2632
Iteration: 382	1461	1689	2042.08	2685
Iteration: 383	1461	1565	2028.6	2596
Iteration: 384	1461	1567	2007.08	2549
Iteration: 385	1461	1591	2001.5	3033
Iteration: 386	1461	1602	2019.82	2523
Iteration: 387	1461	1606	1974.2	2580
Iteration: 388	1461	1642	2058.69	2617
Iteration: 389	1461	1673	2021.18	2887
Iteration: 390	1461	1537	2043.3	2620
Iteration: 391	1461	1670	2031.84	2745
Iteration: 392	1461	1635	2039.45	2689
Iteration: 393	1461	1593	2015.77	2883
Iteration: 394	1461	1625	1981.8	2535
Iteration: 395	1461	1600	2026.79	2833
Iteration: 396	1461	1635	2037.75	2989
Iteration: 397	1461	1619	2039.58	2668
Iteration: 398	1461	1618	2021.05	2573
Iteration: 399	1461	1617	2022.36	2744
Iteration: 400	1461	1595	2027.62	2684
Iteration: 401	1461	1593	2015.24	2718
Iteration: 402	1461	1651	2044.51	2598
Iteration: 403	1461	1608	2007.36	2949
Iteration: 404	1461	1653	2066.04	2764
Iteration: 405	1461	1629	2043.26	2685
Iteration: 406	1461	1549	2031.2	3013
Iteration: 407	1461	1611	2026.67	2634
Iteration: 408	1461	1557	2000.14	2687
Iteration: 409	1461	1645	2028.36	2892
Iteration: 410	1461	1532	2041.16	2707
Iteration: 411	1461	1560	1992.34	2628
Iteration: 412	1461	1588	2016.96	2706
Iteration: 413	1461	1600	2023.08	2636
Iteration: 414	1461	1627	2068.39	2740
Iteration: 415	1461	1603	2020	2837
Iteration: 416	1461	1629	2068.01	2798
Iteration: 417	1461	1650	2003.24	2591
Iteration: 418	1461	1637	2014.93	2698
Iteration: 419	1461	1578	2003.2	2469
Iteration: 420	1461	1663	2084.61	2613
Iteration: 421	1461	1550	2030.79	2681
Iteration: 422	1461	1567	2000.29	2938
Iteration: 423	1461	1653	2017.69	2784
Iteration: 424	1461	1647	2055.02	2753
Iteration: 425	1461	1595	2005.28	3045
Iteration: 426	1461	1563	2045.83	2659
Iteration: 427	1461	1625	2019.15	2700
Iteration: 428	1461	1609	2007.38	2520
Iteration: 429	1461	1546	1973.9	2568
Iteration: 430	1461	1621	2045.42	2759
Iteration: 431	1461	1616	2018.25	2655
Iteration: 432	1461	1647	2027.57	2853
Iteration: 433	1461	1571	2032.29	2750
Iteration: 434	1461	1557	2018.64	2635
Iteration: 435	1461	1637	2033.74	2640
Iteration: 436	1461	1612	2025.93	2529
Iteration: 437	1461	1578	2052.43	2870
Iteration: 438	1461	1625	2067.15	2752
Iteration: 439	1461	1635	2062.7	2677
Iteration: 440	1461	1521	2028.09	2634
Iteration: 441	1461	1686	2012.47	2590
Iteration: 442	1461	1614	1978.33	2544
Iteration: 443	1461	1691	2037.76	2801
Iteration: 444	1461	1597	2023.39	2749
Iteration: 445	1461	1588	2054.39	2791
Iteration: 446	1461	1610	2003.57	2619
Iteration: 447	1461	1576	2010.31	2714
Iteration: 448	1461	1591	2020.05	2629
Iteration: 449	1461	1627	2044.47	2831
Iteration: 450	1461	1569	2016.25	2582
Iteration: 451	1461	1623	2016.84	2506
Iteration: 452	1461	1602	2029.52	2716
Iteration: 453	1461	1627	2028.41	2691
Iteration: 454	1461	1617	2028.55	3006
Iteration: 455	1461	1584	2029.59	2616
Iteration: 456	1461	1631	2010.37	2589
Iteration: 457	1461	1655	2051.65	2929
Iteration: 458	1461	1534	2023.08	3344
Iteration: 459	1461	1525	2018.47	2647
Iteration: 460	1461	1615	2009.02	2782
Iteration: 461	1461	1637	2022.51	2948
Iteration: 462	1461	1612	2024.67	2763
Iteration: 463	1461	1621	2014.8	2879
Iteration: 464	1461	1648	2027.02	2583
Iteration: 465	1461	1628	2039.44	2730
Iteration: 466	1461	1704	2033.5	2838
Iteration: 467	1461	1609	2026.82	2614
Iteration: 468	1461	1577	2049.23	2974
Iteration: 469	1461	1676	2061.17	2579
Iteration: 470	1461	1619	2000.93	2528
Iteration: 471	1461	1623	1997.15	2513
Iteration: 472	1461	1616	2039.19	2676
Iteration: 473	1461	1576	2041.96	2616
Iteration: 474	1461	1615	2053.52	3302
Iteration: 475	1461	1637	2042.4	2852
Iteration: 476	1461	1540	1984.71	2507
Iteration: 477	1461	1495	2003.66	2496
Iteration: 478	1461	1566	2020.86	2698
Iteration: 479	1461	1572	2020.76	2883
Iteration: 480	1461	1601	2049.11	2688
Iteration: 481	1461	1478	2023.55	2638
Iteration: 482	1461	1538	2050.02	2711
Iteration: 483	1461	1500	2046.32	2851
Iteration: 484	1461	1588	2035.17	2716
Iteration: 485	1461	1560	2034.67	2894
Iteration: 486	1461	1529	1994.18	2593
Iteration: 487	1461	1596	2015.29	2692
Iteration: 488	1461	1563	2020.22	2661
Iteration: 489	1461	1601	2016.41	2704
Iteration: 490	1461	1569	2000.37	2476
Iteration: 491	1461	1566	2012.61	3012
Iteration: 492	1461	1618	2055.14	2755
Iteration: 493	1461	1664	2085.16	2832
Iteration: 494	1461	1611	2014.72	2802
Iteration: 495	1461	1679	2059.83	2910
Iteration: 496	1461	1652	2025.25	2575
Iteration: 497	1461	1613	2041.09	2879
Iteration: 498	1461	1592	2004.9	2664
Iteration: 499	1461	1619	2021.58	2680
