Iteration: 0	1623	1623	1910.68	2387
Iteration: 1	1544	1544	1908.62	2326
Iteration: 2	1544	1592	1984.29	2502
Iteration: 3	1544	1800	2212.54	2858
Iteration: 4	1544	1655	2229.38	2804
Iteration: 5	1544	1728	2160.11	2931
Iteration: 6	1544	1636	2123.89	2811
Iteration: 7	1544	1606	2127.35	2904
Iteration: 8	1544	1667	2105.2	3079
Iteration: 9	1544	1609	2094.37	2946
Iteration: 10	1544	1686	2071.87	2787
Iteration: 11	1544	1590	2057	3216
Iteration: 12	1544	1588	2058.73	2792
Iteration: 13	1544	1596	2085.8	2688
Iteration: 14	1544	1653	2112.83	2732
Iteration: 15	1544	1591	1991.75	2590
Iteration: 16	1544	1576	2009.9	2750
Iteration: 17	1544	1567	2038.24	2698
Iteration: 18	1544	1555	2013.19	3253
Iteration: 19	1544	1653	2062.99	2762
Iteration: 20	1544	1592	2008.66	2683
Iteration: 21	1520	1520	1984.88	2680
Iteration: 22	1520	1610	2012.84	2584
Iteration: 23	1520	1612	2033.2	2878
Iteration: 24	1520	1638	2015.6	2678
Iteration: 25	1520	1615	2033.76	2853
Iteration: 26	1520	1589	2037.41	2782
Iteration: 27	1520	1667	2033.18	2676
Iteration: 28	1520	1656	2013.02	2796
Iteration: 29	1520	1637	2062.32	2685
Iteration: 30	1520	1551	1997.75	2645
Iteration: 31	1520	1625	2016.94	2573
Iteration: 32	1520	1596	2057.16	2655
Iteration: 33	1520	1661	2077.56	2993
Iteration: 34	1520	1578	2062.27	3121
Iteration: 35	1520	1599	2056.37	2786
Iteration: 36	1520	1620	2052.35	2636
Iteration: 37	1520	1639	2042.95	2611
Iteration: 38	1520	1630	2035.77	3027
Iteration: 39	1520	1568	2027.13	2534
Iteration: 40	1520	1570	1989.78	2468
Iteration: 41	1520	1576	2036.03	2751
Iteration: 42	1520	1549	2052.74	2744
Iteration: 43	1520	1589	2010.7	2791
Iteration: 44	1520	1634	2041.99	2762
Iteration: 45	1520	1671	2038.3	2759
Iteration: 46	1520	1629	2040.59	2603
Iteration: 47	1520	1679	1998.34	2720
Iteration: 48	1520	1679	2024.69	2772
Iteration: 49	1520	1684	2036.17	2840
Iteration: 50	1520	1582	2061.68	2738
Iteration: 51	1520	1555	2025.31	2846
Iteration: 52	1520	1643	2005.11	2647
Iteration: 53	1520	1536	1992.68	2638
Iteration: 54	1520	1540	2030.11	2766
Iteration: 55	1520	1611	2028.69	2912
Iteration: 56	1520	1624	2018.07	2912
Iteration: 57	1520	1628	2047.21	2749
Iteration: 58	1520	1579	2028.15	2590
Iteration: 59	1520	1635	1989.5	2533
Iteration: 60	1520	1602	2011.26	2850
Iteration: 61	1511	1511	2045.58	2658
Iteration: 62	1511	1595	2069.35	2701
Iteration: 63	1511	1630	2018.05	2717
Iteration: 64	1511	1652	2013.53	2792
Iteration: 65	1511	1574	2095.33	2823
Iteration: 66	1511	1518	2015.74	2579
Iteration: 67	1511	1611	2017.57	2480
Iteration: 68	1511	1641	2002.27	2862
Iteration: 69	1511	1626	2085.52	2895
Iteration: 70	1511	1582	2033.34	2751
Iteration: 71	1511	1568	2051.04	2728
Iteration: 72	1511	1567	2035.05	2655
Iteration: 73	1511	1614	2047.56	2752
Iteration: 74	1511	1688	2058.92	2977
Iteration: 75	1511	1605	2037.12	2712
Iteration: 76	1511	1635	2009.13	2503
Iteration: 77	1511	1601	2002.84	2589
Iteration: 78	1511	1589	1992.25	2725
Iteration: 79	1511	1549	2008.98	2635
Iteration: 80	1511	1675	2030.51	2695
Iteration: 81	1511	1522	2066.3	2910
Iteration: 82	1511	1544	2021.85	2542
Iteration: 83	1511	1656	2016.42	2620
Iteration: 84	1511	1541	2005.12	2679
Iteration: 85	1511	1600	1983.02	2679
Iteration: 86	1511	1590	2025.7	2768
Iteration: 87	1511	1634	2056.46	2687
Iteration: 88	1511	1555	2009.18	2529
Iteration: 89	1511	1557	2018.29	2593
Iteration: 90	1511	1640	2037.88	2886
Iteration: 91	1511	1619	2031.07	3041
Iteration: 92	1511	1700	2021.26	2662
Iteration: 93	1511	1656	2035.17	2815
Iteration: 94	1511	1643	2016.24	2763
Iteration: 95	1511	1623	1998.46	2682
Iteration: 96	1511	1642	2052.41	2969
Iteration: 97	1511	1620	2060.65	2759
Iteration: 98	1511	1615	2034.85	2641
Iteration: 99	1511	1554	1999.85	2563
Iteration: 100	1511	1598	2057.33	2620
Iteration: 101	1511	1600	2056.7	2846
Iteration: 102	1511	1640	2007.94	2716
Iteration: 103	1511	1631	2048.76	2596
Iteration: 104	1511	1574	2031.08	2713
Iteration: 105	1511	1579	2043.58	2601
Iteration: 106	1511	1634	2060.19	2732
Iteration: 107	1511	1560	2021.43	2880
Iteration: 108	1511	1579	2033.6	2645
Iteration: 109	1511	1559	1993.01	2689
Iteration: 110	1511	1522	2012.43	2583
Iteration: 111	1511	1581	2032.65	2679
Iteration: 112	1496	1496	2064.38	2912
Iteration: 113	1496	1599	2038.29	2653
Iteration: 114	1496	1624	2039.59	2551
Iteration: 115	1496	1639	2050.5	2786
Iteration: 116	1496	1669	2041.58	2826
Iteration: 117	1496	1632	2063.77	2695
Iteration: 118	1496	1610	2027.36	2532
Iteration: 119	1496	1557	2023.64	2777
Iteration: 120	1496	1608	2062.99	2743
Iteration: 121	1496	1569	2031.07	2915
Iteration: 122	1496	1588	2032.87	2522
Iteration: 123	1496	1534	2027.95	3027
Iteration: 124	1496	1577	2028.27	2714
Iteration: 125	1496	1639	2034.34	2614
Iteration: 126	1496	1529	2048.08	2849
Iteration: 127	1496	1610	2059.69	2666
Iteration: 128	1496	1668	2051.73	2526
Iteration: 129	1496	1632	2006.16	2778
Iteration: 130	1455	1455	2001.61	2490
Iteration: 131	1455	1674	2048.73	2606
Iteration: 132	1455	1577	2032.04	2517
Iteration: 133	1455	1535	2042.03	2604
Iteration: 134	1455	1674	2035.68	2517
Iteration: 135	1455	1613	2043.16	2814
Iteration: 136	1455	1587	2013.91	2821
Iteration: 137	1455	1611	2031.47	2721
Iteration: 138	1455	1620	2014.03	2568
Iteration: 139	1455	1590	1991.24	2712
Iteration: 140	1455	1628	1994.35	2691
Iteration: 141	1455	1573	2051.56	2703
Iteration: 142	1455	1517	2026.64	2925
Iteration: 143	1455	1530	2035.83	2602
Iteration: 144	1455	1554	2013.79	2719
Iteration: 145	1455	1601	1983.45	2753
Iteration: 146	1455	1549	2016.76	2688
Iteration: 147	1455	1586	2031.43	2988
Iteration: 148	1455	1613	2012.76	2755
Iteration: 149	1455	1634	2091.46	2586
Iteration: 150	1455	1518	2040.29	2796
Iteration: 151	1455	1650	1992.4	2518
Iteration: 152	1455	1519	2046.21	2631
Iteration: 153	1455	1540	2004.63	2575
Iteration: 154	1455	1608	2049.07	2678
Iteration: 155	1455	1592	2018.67	2669
Iteration: 156	1455	1660	2023.53	2583
Iteration: 157	1455	1642	2044.68	2707
Iteration: 158	1455	1638	2057.45	2783
Iteration: 159	1455	1616	2051.91	2689
Iteration: 160	1455	1650	2055.66	3045
Iteration: 161	1455	1620	2029.59	2609
Iteration: 162	1455	1654	2024.62	2658
Iteration: 163	1455	1544	2054.97	2709
Iteration: 164	1455	1640	2020.24	2875
Iteration: 165	1455	1561	2033.93	2585
Iteration: 166	1455	1579	2064.22	3119
Iteration: 167	1455	1559	2007.1	2569
Iteration: 168	1455	1543	2015.72	2653
Iteration: 169	1455	1622	2038.99	2660
Iteration: 170	1455	1586	2018.83	2510
Iteration: 171	1455	1495	2062.05	2737
Iteration: 172	1455	1596	1999.81	2865
Iteration: 173	1455	1603	2047.38	2613
Iteration: 174	1455	1559	2077.28	2751
Iteration: 175	1455	1593	2029.29	2631
Iteration: 176	1455	1601	2014.54	2926
Iteration: 177	1455	1589	2020.39	2593
Iteration: 178	1455	1587	2029.69	3141
Iteration: 179	1455	1582	2002.73	2716
Iteration: 180	1455	1559	2024.65	2679
Iteration: 181	1455	1584	1997.74	2521
Iteration: 182	1455	1659	2054.46	2775
Iteration: 183	1455	1659	2037.34	2698
Iteration: 184	1455	1624	2014.39	2743
Iteration: 185	1455	1667	2033.28	2709
Iteration: 186	1455	1687	2048.1	2717
Iteration: 187	1455	1587	2032.98	2549
Iteration: 188	1455	1608	2004.16	2754
Iteration: 189	1455	1612	2010.06	2635
Iteration: 190	1455	1587	2047	2763
Iteration: 191	1455	1588	2005.48	2584
Iteration: 192	1455	1629	2018.68	2520
Iteration: 193	1455	1587	2004.68	2506
Iteration: 194	1455	1607	2028.59	2538
Iteration: 195	1455	1627	2022.6	2791
Iteration: 196	1455	1720	2015.69	2623
Iteration: 197	1455	1628	2063.74	3127
Iteration: 198	1455	1665	2063.45	2863
Iteration: 199	1455	1608	2034.75	2663
Iteration: 200	1455	1615	2002.99	2532
Iteration: 201	1455	1642	2046.7	2808
Iteration: 202	1455	1487	2051.36	2795
Iteration: 203	1455	1649	2029.07	2791
Iteration: 204	1455	1672	2055.55	2702
Iteration: 205	1455	1608	2013.19	2834
Iteration: 206	1455	1588	2048.33	2744
Iteration: 207	1455	1619	2007.8	2650
Iteration: 208	1455	1672	2042.3	2579
Iteration: 209	1455	1647	2023.16	2573
Iteration: 210	1455	1607	2005.09	2462
Iteration: 211	1455	1518	2035.84	2704
Iteration: 212	1455	1581	1958.15	2768
Iteration: 213	1455	1602	2057.7	3075
Iteration: 214	1455	1636	2001.68	2465
Iteration: 215	1455	1692	2039.72	2699
Iteration: 216	1455	1564	2020.15	2910
Iteration: 217	1455	1571	2008.92	2543
Iteration: 218	1455	1680	2040.1	2804
Iteration: 219	1455	1577	2047.76	2657
Iteration: 220	1455	1625	2056.29	2693
Iteration: 221	1455	1627	2027.85	2807
Iteration: 222	1455	1562	2015.08	2971
Iteration: 223	1455	1659	2019.16	2716
Iteration: 224	1455	1575	2067.78	2852
Iteration: 225	1455	1589	2016.48	2886
Iteration: 226	1455	1572	2053.41	2752
Iteration: 227	1455	1601	2021.66	2819
Iteration: 228	1455	1585	1987.31	2594
Iteration: 229	1455	1629	2012.66	2599
Iteration: 230	1455	1583	2027.18	2807
Iteration: 231	1455	1470	1993.73	2568
Iteration: 232	1455	1577	2022.01	2662
Iteration: 233	1455	1607	2038.25	2767
Iteration: 234	1455	1659	2061.96	3025
Iteration: 235	1455	1551	2036.19	2769
Iteration: 236	1455	1628	2061.45	2946
Iteration: 237	1455	1643	2070.77	2829
Iteration: 238	1455	1597	2000.45	2540
Iteration: 239	1455	1552	2012.44	2951
Iteration: 240	1455	1568	2005.07	2950
Iteration: 241	1455	1518	2034.82	2809
Iteration: 242	1455	1613	2027.93	2725
Iteration: 243	1455	1639	2064.45	2643
Iteration: 244	1455	1586	2031.66	2552
Iteration: 245	1455	1576	1998.27	3239
Iteration: 246	1455	1639	2023.21	2635
Iteration: 247	1455	1637	2020.07	2768
Iteration: 248	1455	1660	2044.28	2727
Iteration: 249	1455	1601	2022.9	2829
Iteration: 250	1455	1609	1965.66	2605
Iteration: 251	1455	1571	1987.76	2662
Iteration: 252	1455	1579	2053.26	2836
Iteration: 253	1455	1597	1997.96	2496
Iteration: 254	1455	1636	2064.44	2672
Iteration: 255	1455	1568	2051.53	2827
Iteration: 256	1455	1605	2104.69	2885
Iteration: 257	1455	1615	2024.48	2687
Iteration: 258	1455	1632	2044.85	2722
Iteration: 259	1455	1570	2041.77	2664
Iteration: 260	1455	1582	2017.59	2906
Iteration: 261	1455	1614	2025.83	2768
Iteration: 262	1455	1656	2027.68	2606
Iteration: 263	1455	1633	2063.34	2611
Iteration: 264	1455	1507	2020.35	2646
Iteration: 265	1455	1602	1990.63	2512
Iteration: 266	1455	1676	2077.47	2620
Iteration: 267	1455	1668	2025.52	2856
Iteration: 268	1455	1624	2073.79	2768
Iteration: 269	1455	1609	2054.14	2606
Iteration: 270	1455	1564	2054.1	2756
Iteration: 271	1455	1577	2033.96	3001
Iteration: 272	1455	1570	2023.97	2649
Iteration: 273	1455	1605	2015.87	2857
Iteration: 274	1455	1589	1998.73	2662
Iteration: 275	1455	1595	2011.77	2470
Iteration: 276	1455	1624	2007.13	2574
Iteration: 277	1455	1610	2045.8	2776
Iteration: 278	1455	1619	2020.38	2852
Iteration: 279	1455	1541	2049.19	2658
Iteration: 280	1455	1621	2044.82	2851
Iteration: 281	1455	1603	2040.73	2773
Iteration: 282	1455	1644	2039.3	2630
Iteration: 283	1455	1616	1990.4	2679
Iteration: 284	1455	1675	2020.2	2516
Iteration: 285	1455	1595	1997.09	2626
Iteration: 286	1455	1555	2002.13	2558
Iteration: 287	1455	1525	2009.19	2637
Iteration: 288	1455	1521	2046.4	3053
Iteration: 289	1406	1406	2031.79	2520
Iteration: 290	1406	1602	2031.16	2499
Iteration: 291	1406	1682	2065.36	2710
Iteration: 292	1406	1602	2061.9	2664
Iteration: 293	1406	1563	2009.49	2826
Iteration: 294	1406	1611	2028.42	2943
Iteration: 295	1406	1543	2030.87	2631
Iteration: 296	1406	1630	2010.61	2930
Iteration: 297	1406	1610	2015.06	2501
Iteration: 298	1406	1625	2036.73	2601
Iteration: 299	1406	1666	2032.92	3004
Iteration: 300	1406	1605	2049.89	3001
Iteration: 301	1406	1603	2018.63	2699
Iteration: 302	1406	1651	2032.73	2699
Iteration: 303	1406	1571	1993.23	2534
Iteration: 304	1406	1677	2031.7	2762
Iteration: 305	1406	1585	2010.25	2612
Iteration: 306	1406	1637	1980.81	2536
Iteration: 307	1406	1600	2041.34	2611
Iteration: 308	1406	1664	2042.38	2691
Iteration: 309	1406	1581	2042.69	2739
Iteration: 310	1406	1665	2036.88	2870
Iteration: 311	1406	1595	2032.16	2751
Iteration: 312	1406	1627	2019.96	2615
Iteration: 313	1406	1623	2007.35	2533
Iteration: 314	1406	1580	2021.34	2590
Iteration: 315	1406	1633	2063.94	2791
Iteration: 316	1406	1597	2058.94	2676
Iteration: 317	1406	1568	2042.64	2584
Iteration: 318	1406	1532	2039.96	2684
Iteration: 319	1406	1597	2035.49	2627
Iteration: 320	1406	1561	2081.24	2814
Iteration: 321	1406	1549	2018.98	2544
Iteration: 322	1406	1591	2051.48	2825
Iteration: 323	1406	1595	2028.29	2912
Iteration: 324	1406	1599	1981.23	2694
Iteration: 325	1406	1572	2020.87	2793
Iteration: 326	1406	1600	2050.88	2919
Iteration: 327	1406	1659	2021.37	2938
Iteration: 328	1406	1674	2002.83	2620
Iteration: 329	1406	1583	2068.7	2559
Iteration: 330	1406	1533	1988.92	2508
Iteration: 331	1406	1626	2029.25	2576
Iteration: 332	1406	1659	2003.52	2566
Iteration: 333	1406	1595	2003.24	2483
Iteration: 334	1406	1584	2055.99	2650
Iteration: 335	1406	1639	2001.05	2831
Iteration: 336	1406	1518	2060.25	2629
Iteration: 337	1406	1558	2017.54	2623
Iteration: 338	1406	1609	2074.33	2958
Iteration: 339	1406	1583	2028.74	2684
Iteration: 340	1406	1557	2040.09	2932
Iteration: 341	1406	1627	1978.5	2669
Iteration: 342	1406	1611	2035.79	2615
Iteration: 343	1406	1548	2043.53	2740
Iteration: 344	1406	1571	2019.64	2644
Iteration: 345	1406	1495	2017.26	2615
Iteration: 346	1406	1607	2029.9	2807
Iteration: 347	1406	1663	2046.59	3036
Iteration: 348	1406	1632	2045.31	2584
Iteration: 349	1406	1495	1995.17	2713
Iteration: 350	1406	1614	1979.19	2535
Iteration: 351	1406	1588	2034.47	2693
Iteration: 352	1406	1619	2039.81	2696
Iteration: 353	1406	1616	2024.11	2505
Iteration: 354	1406	1693	2059.61	2763
Iteration: 355	1406	1625	2046.57	2893
Iteration: 356	1406	1597	2018.67	2691
Iteration: 357	1406	1717	2077.28	2663
Iteration: 358	1406	1656	2006.8	2496
Iteration: 359	1406	1518	1993.66	2586
Iteration: 360	1406	1587	2013.98	2878
Iteration: 361	1406	1634	2048.39	2662
Iteration: 362	1406	1624	2005.08	2575
Iteration: 363	1406	1563	2060.71	2779
Iteration: 364	1406	1624	2032.82	2770
Iteration: 365	1406	1553	2025.75	2693
Iteration: 366	1406	1603	2019.17	3139
Iteration: 367	1406	1654	1996.36	2596
Iteration: 368	1406	1562	2039.25	2618
Iteration: 369	1406	1613	2036.24	2665
Iteration: 370	1406	1611	2004.57	2616
Iteration: 371	1406	1612	2032.19	2576
Iteration: 372	1406	1667	2061.46	2714
Iteration: 373	1406	1649	2049.48	3186
Iteration: 374	1406	1573	2054.74	2656
Iteration: 375	1406	1511	2036.04	2722
Iteration: 376	1406	1555	2016.13	2505
Iteration: 377	1406	1595	2002.48	2691
Iteration: 378	1406	1582	1988.41	2707
Iteration: 379	1406	1684	2039.39	2565
Iteration: 380	1406	1590	1991.79	2493
Iteration: 381	1406	1658	2051.5	2630
Iteration: 382	1406	1682	2056.05	2625
Iteration: 383	1406	1630	2017.25	2646
Iteration: 384	1406	1600	2062.48	2572
Iteration: 385	1406	1656	2038.32	2890
Iteration: 386	1406	1556	2041.65	3042
Iteration: 387	1406	1628	2082.58	3041
Iteration: 388	1406	1585	2018.85	2613
Iteration: 389	1406	1655	2033.5	2945
Iteration: 390	1406	1591	2030.13	2717
Iteration: 391	1406	1634	2089.25	2736
Iteration: 392	1406	1602	2029.9	2674
Iteration: 393	1406	1562	2106.88	2803
Iteration: 394	1406	1645	2038.18	2736
Iteration: 395	1406	1610	1969.68	2630
Iteration: 396	1406	1532	2016.52	2827
Iteration: 397	1406	1701	2054.61	2788
Iteration: 398	1406	1575	1988.91	2792
Iteration: 399	1406	1613	2000.6	2895
Iteration: 400	1406	1626	2029.23	2729
Iteration: 401	1406	1657	2015.09	2638
Iteration: 402	1406	1638	2033.75	2530
Iteration: 403	1406	1571	2070.56	2658
Iteration: 404	1406	1539	2089.25	3188
Iteration: 405	1406	1600	2012.91	2901
Iteration: 406	1406	1584	2009.65	2707
Iteration: 407	1406	1623	1998.61	2700
Iteration: 408	1406	1569	2016.74	2620
Iteration: 409	1406	1662	2034.68	2594
Iteration: 410	1406	1568	2016.07	2795
Iteration: 411	1406	1606	2037.34	2639
Iteration: 412	1406	1607	2014.71	2754
Iteration: 413	1406	1610	2034.72	2914
Iteration: 414	1406	1583	2032.39	2829
Iteration: 415	1406	1639	2030.37	2577
Iteration: 416	1406	1540	2010.38	2485
Iteration: 417	1406	1607	2066.76	2808
Iteration: 418	1406	1632	2069.06	2890
Iteration: 419	1406	1616	2037.19	2461
Iteration: 420	1406	1589	2026.9	2535
Iteration: 421	1406	1613	2001.66	2507
Iteration: 422	1406	1611	2039.17	2681
Iteration: 423	1406	1648	2020.26	2515
Iteration: 424	1406	1635	2046.28	2672
Iteration: 425	1406	1574	2021.27	2842
Iteration: 426	1406	1655	2043.84	2980
Iteration: 427	1406	1572	2018.61	2624
Iteration: 428	1406	1531	2003.5	2650
Iteration: 429	1406	1643	2030.53	2643
Iteration: 430	1406	1633	2043.01	2758
Iteration: 431	1406	1657	2014.49	2614
Iteration: 432	1406	1607	2043.56	3062
Iteration: 433	1406	1561	2056.03	2776
Iteration: 434	1406	1608	2067.49	3130
Iteration: 435	1406	1675	2075.84	2730
Iteration: 436	1406	1530	2008.95	2691
Iteration: 437	1406	1622	2006.84	2659
Iteration: 438	1406	1625	2014.17	3004
Iteration: 439	1406	1634	2053.07	2595
Iteration: 440	1406	1584	2031.05	2567
Iteration: 441	1406	1616	2014.19	2868
Iteration: 442	1406	1534	2006.29	3037
Iteration: 443	1406	1584	1988.8	2626
Iteration: 444	1406	1550	2041.19	2659
Iteration: 445	1406	1596	2012.84	2735
Iteration: 446	1406	1596	2018.21	2714
Iteration: 447	1406	1606	2050.25	2616
Iteration: 448	1406	1475	2030.61	2884
Iteration: 449	1406	1640	2051.02	2848
Iteration: 450	1406	1502	2010.94	2856
Iteration: 451	1406	1652	2039.98	2986
Iteration: 452	1406	1625	2062.75	2804
Iteration: 453	1406	1597	2033.46	2742
Iteration: 454	1406	1591	2021.43	2805
Iteration: 455	1406	1659	1995.68	2655
Iteration: 456	1406	1584	2003.1	2632
Iteration: 457	1406	1630	2045.96	2820
Iteration: 458	1406	1616	2011.66	2720
Iteration: 459	1406	1679	2008.43	2838
Iteration: 460	1406	1625	2046.68	2846
Iteration: 461	1406	1603	2040.1	2821
Iteration: 462	1406	1614	2007.83	2886
Iteration: 463	1406	1650	2073.39	2842
Iteration: 464	1406	1599	2056.63	2793
Iteration: 465	1406	1642	1987.46	2598
Iteration: 466	1406	1607	2020.53	2536
Iteration: 467	1406	1618	2016.98	2669
Iteration: 468	1406	1541	2054.02	2849
Iteration: 469	1406	1548	2073.27	2868
Iteration: 470	1406	1579	2046.72	3124
Iteration: 471	1406	1550	2018.8	2757
Iteration: 472	1406	1671	2065.1	2823
Iteration: 473	1406	1570	2043.93	2836
Iteration: 474	1406	1598	2024.2	2702
Iteration: 475	1406	1667	2008.52	2817
Iteration: 476	1406	1603	1970.78	2746
Iteration: 477	1406	1622	2079.7	2689
Iteration: 478	1406	1583	2012.41	2608
Iteration: 479	1406	1554	2037.97	3020
Iteration: 480	1406	1563	2033.44	2892
Iteration: 481	1406	1602	2017.2	2676
Iteration: 482	1406	1650	2033.76	2745
Iteration: 483	1406	1560	2033.25	2935
Iteration: 484	1406	1538	2068.23	2791
Iteration: 485	1406	1617	2029.68	2749
Iteration: 486	1406	1670	2061.22	2745
Iteration: 487	1406	1591	2011.48	2814
Iteration: 488	1406	1655	2053.02	2759
Iteration: 489	1406	1581	2010.01	2566
Iteration: 490	1406	1634	2019.86	2650
Iteration: 491	1406	1591	2021.17	2697
Iteration: 492	1406	1553	2029.14	2605
Iteration: 493	1406	1622	2050.13	2935
Iteration: 494	1406	1612	2070.63	2713
Iteration: 495	1406	1599	2009.71	2820
Iteration: 496	1406	1623	2033.35	2790
Iteration: 497	1406	1623	2005.49	2979
Iteration: 498	1406	1679	2056.48	2615
Iteration: 499	1406	1629	1974.8	2399
