Iteration: 0	1537	1537	1957.08	2699
Iteration: 1	1537	1617	1942.36	2608
Iteration: 2	1537	1668	2006.84	2533
Iteration: 3	1537	1675	2211.51	3071
Iteration: 4	1537	1732	2247.38	2937
Iteration: 5	1537	1684	2201.24	2793
Iteration: 6	1537	1723	2121.48	2860
Iteration: 7	1537	1599	2115.56	2932
Iteration: 8	1537	1642	2052.38	2627
Iteration: 9	1537	1611	2065.67	2574
Iteration: 10	1537	1628	2076.91	2644
Iteration: 11	1537	1606	2003.96	2473
Iteration: 12	1537	1694	2071.83	2863
Iteration: 13	1537	1591	2050.7	2895
Iteration: 14	1537	1621	2037.81	2586
Iteration: 15	1537	1553	2058.15	2632
Iteration: 16	1537	1620	2071.38	2752
Iteration: 17	1537	1606	2059.04	2567
Iteration: 18	1480	1480	2019.36	3016
Iteration: 19	1480	1565	2035.38	2659
Iteration: 20	1480	1495	2039.14	2728
Iteration: 21	1480	1576	2038.06	2458
Iteration: 22	1480	1564	2056.33	2953
Iteration: 23	1480	1618	2056.88	2915
Iteration: 24	1480	1647	2051.06	2551
Iteration: 25	1480	1600	2012.45	2874
Iteration: 26	1480	1584	2020.58	2510
Iteration: 27	1480	1605	2025.13	2599
Iteration: 28	1480	1619	2008.37	2533
Iteration: 29	1480	1580	2031.63	2780
Iteration: 30	1480	1625	2002.59	2682
Iteration: 31	1480	1595	2015.03	2554
Iteration: 32	1480	1580	2006.75	2600
Iteration: 33	1480	1635	2031.76	2860
Iteration: 34	1480	1571	2035.68	2805
Iteration: 35	1480	1589	2034.86	2587
Iteration: 36	1480	1662	2009.23	2493
Iteration: 37	1480	1623	2014.83	2795
Iteration: 38	1480	1680	2010.93	2523
Iteration: 39	1480	1592	2075.35	2885
Iteration: 40	1480	1597	2063.83	2866
Iteration: 41	1480	1647	2023.15	2566
Iteration: 42	1480	1590	1998.32	2665
Iteration: 43	1480	1584	2072.08	2820
Iteration: 44	1480	1620	2036.05	2723
Iteration: 45	1480	1537	2071.8	2540
Iteration: 46	1480	1691	2074.95	2871
Iteration: 47	1480	1576	2046.42	2615
Iteration: 48	1480	1645	2042.55	2858
Iteration: 49	1480	1623	2047.36	2544
Iteration: 50	1480	1594	2092.84	2925
Iteration: 51	1480	1665	2042.78	2638
Iteration: 52	1480	1542	2005.31	2696
Iteration: 53	1480	1575	2042.66	2929
Iteration: 54	1480	1543	2013.79	2533
Iteration: 55	1480	1583	2008.94	2691
Iteration: 56	1480	1630	2009.84	2509
Iteration: 57	1480	1603	2008.91	2527
Iteration: 58	1480	1620	2033.12	2621
Iteration: 59	1480	1613	2026.16	2766
Iteration: 60	1480	1630	2042.08	2802
Iteration: 61	1480	1577	1988.23	2582
Iteration: 62	1480	1594	2009.36	2701
Iteration: 63	1480	1592	2008.87	2786
Iteration: 64	1480	1541	2045.21	3088
Iteration: 65	1480	1548	2012.53	2517
Iteration: 66	1480	1590	2029.74	2712
Iteration: 67	1480	1663	2022.28	2791
Iteration: 68	1480	1667	2057.21	2999
Iteration: 69	1480	1621	2027.52	2816
Iteration: 70	1480	1606	2064.91	2819
Iteration: 71	1480	1659	2013.24	2570
Iteration: 72	1480	1617	2032.43	2855
Iteration: 73	1480	1587	2053.34	2650
Iteration: 74	1480	1621	1984.76	2408
Iteration: 75	1480	1624	2025.62	2643
Iteration: 76	1480	1601	2059.96	2646
Iteration: 77	1480	1640	2001.3	2623
Iteration: 78	1480	1574	2010.87	2604
Iteration: 79	1480	1602	2024.45	2530
Iteration: 80	1480	1543	2019.37	2645
Iteration: 81	1480	1598	2008.49	2596
Iteration: 82	1480	1588	2026.63	3008
Iteration: 83	1480	1600	2062.62	2812
Iteration: 84	1480	1615	2019.98	2527
Iteration: 85	1480	1543	2037.38	2647
Iteration: 86	1480	1619	2048.62	2918
Iteration: 87	1480	1582	2016.51	2570
Iteration: 88	1480	1568	2032.2	2888
Iteration: 89	1480	1591	2011.57	2575
Iteration: 90	1480	1667	2045.89	2811
Iteration: 91	1480	1617	2025.26	2573
Iteration: 92	1480	1672	2062.38	2565
Iteration: 93	1480	1569	1998.98	2604
Iteration: 94	1480	1545	2054.69	2713
Iteration: 95	1480	1502	2055.53	2844
Iteration: 96	1480	1523	2007.09	2695
Iteration: 97	1480	1553	2017.98	2615
Iteration: 98	1480	1603	2037.33	2688
Iteration: 99	1480	1562	2002	2724
Iteration: 100	1480	1572	2038.96	2628
Iteration: 101	1480	1614	2031.29	2722
Iteration: 102	1480	1715	2024.56	2730
Iteration: 103	1480	1583	2042.78	2719
Iteration: 104	1480	1656	2073.69	2777
Iteration: 105	1480	1559	2040.04	2752
Iteration: 106	1480	1648	2001.51	2639
Iteration: 107	1480	1590	2063.62	3005
Iteration: 108	1480	1636	2059.33	2691
Iteration: 109	1480	1581	1999.94	2590
Iteration: 110	1480	1674	2008.31	2570
Iteration: 111	1480	1516	2029.52	2658
Iteration: 112	1480	1564	2008.83	2898
Iteration: 113	1480	1631	2027.33	2844
Iteration: 114	1480	1700	2071.13	3023
Iteration: 115	1480	1583	2017.33	2701
Iteration: 116	1480	1656	2035.29	2559
Iteration: 117	1480	1638	2060.97	2718
Iteration: 118	1480	1574	2019.63	2665
Iteration: 119	1480	1611	2017.01	2488
Iteration: 120	1480	1601	2028.32	2686
Iteration: 121	1480	1615	2006.45	2786
Iteration: 122	1480	1642	2045.33	2801
Iteration: 123	1480	1515	2034.28	2675
Iteration: 124	1480	1550	2030.69	2936
Iteration: 125	1480	1606	2039.95	3084
Iteration: 126	1480	1612	2045.28	2898
Iteration: 127	1480	1547	2015.06	2534
Iteration: 128	1480	1560	2020.36	2674
Iteration: 129	1480	1551	1982.1	2468
Iteration: 130	1480	1596	2074.18	2787
Iteration: 131	1480	1617	2029.76	2633
Iteration: 132	1480	1616	1996.63	2693
Iteration: 133	1480	1591	2010.26	2499
Iteration: 134	1480	1637	2040.73	2820
Iteration: 135	1480	1524	1993.75	2571
Iteration: 136	1480	1573	2037.13	2679
Iteration: 137	1480	1600	2051.62	2689
Iteration: 138	1480	1564	2037.29	2767
Iteration: 139	1480	1560	2027.07	2720
Iteration: 140	1480	1509	2043.07	2685
Iteration: 141	1480	1611	2008.36	2615
Iteration: 142	1480	1600	2071.55	2874
Iteration: 143	1480	1624	2052.82	2681
Iteration: 144	1480	1527	2013.64	2781
Iteration: 145	1480	1681	2071.92	2672
Iteration: 146	1480	1633	2039.78	2770
Iteration: 147	1480	1580	2007.57	2669
Iteration: 148	1480	1547	2063.63	2943
Iteration: 149	1480	1628	2023.14	2541
Iteration: 150	1480	1528	2099.79	2866
Iteration: 151	1480	1636	2036.83	2621
Iteration: 152	1480	1628	2035.88	2963
Iteration: 153	1480	1682	2074.63	2983
Iteration: 154	1480	1593	2013.82	3078
Iteration: 155	1480	1620	2026.99	2977
Iteration: 156	1480	1580	2031.14	2602
Iteration: 157	1480	1569	2035.48	2614
Iteration: 158	1480	1623	1986.25	2398
Iteration: 159	1480	1586	2051.99	2861
Iteration: 160	1480	1633	2052.16	2654
Iteration: 161	1480	1540	2055.33	2615
Iteration: 162	1480	1662	2040.31	2565
Iteration: 163	1480	1575	1990	2571
Iteration: 164	1480	1587	2022.28	2592
Iteration: 165	1480	1614	2015.5	2804
Iteration: 166	1480	1609	2048.47	2783
Iteration: 167	1480	1498	2026.06	2715
Iteration: 168	1480	1605	2036.96	2582
Iteration: 169	1480	1534	2020.51	2741
Iteration: 170	1480	1569	2027.58	2973
Iteration: 171	1480	1603	2022.4	2769
Iteration: 172	1480	1616	2024.68	2733
Iteration: 173	1480	1633	2007.23	2586
Iteration: 174	1480	1586	2034.11	2552
Iteration: 175	1480	1522	2019.04	2730
Iteration: 176	1480	1640	2038.93	2816
Iteration: 177	1480	1588	2019.76	2848
Iteration: 178	1480	1651	1980.57	2498
Iteration: 179	1480	1674	2013.5	2669
Iteration: 180	1480	1651	2040.33	2739
Iteration: 181	1480	1569	2005.72	2670
Iteration: 182	1480	1565	2046.04	2852
Iteration: 183	1480	1611	2024.86	2816
Iteration: 184	1480	1606	2054.92	3040
Iteration: 185	1480	1553	2015.95	2579
Iteration: 186	1480	1570	2064.37	2735
Iteration: 187	1480	1588	1983.76	2535
Iteration: 188	1480	1612	2032.91	2687
Iteration: 189	1480	1663	2034.06	2494
Iteration: 190	1480	1627	2040.16	2734
Iteration: 191	1480	1574	2059.13	2819
Iteration: 192	1480	1652	2027.89	2556
Iteration: 193	1480	1647	2025.1	2724
Iteration: 194	1480	1594	2045.06	2812
Iteration: 195	1480	1595	2027.8	2699
Iteration: 196	1480	1638	1966.86	2786
Iteration: 197	1480	1644	2009.13	3026
Iteration: 198	1480	1618	2048.29	2882
Iteration: 199	1480	1610	2017.91	2795
Iteration: 200	1480	1622	2039.94	2610
Iteration: 201	1480	1591	1997.14	2793
Iteration: 202	1480	1660	2055.52	2701
Iteration: 203	1480	1536	2030.74	2791
Iteration: 204	1480	1646	2040.89	2857
Iteration: 205	1480	1519	2039.12	2683
Iteration: 206	1480	1613	2058.1	2641
Iteration: 207	1480	1604	2031.51	2996
Iteration: 208	1480	1609	2037.2	2694
Iteration: 209	1480	1597	2023.68	3190
Iteration: 210	1480	1630	2028.89	2576
Iteration: 211	1480	1590	2069.75	2988
Iteration: 212	1480	1485	2020.55	2666
Iteration: 213	1480	1559	2057.93	2535
Iteration: 214	1480	1576	2012.13	2712
Iteration: 215	1480	1648	1994.4	2553
Iteration: 216	1480	1655	2015.83	2740
Iteration: 217	1480	1693	2024.88	2861
Iteration: 218	1480	1618	1997.37	2689
Iteration: 219	1480	1577	2024.41	2564
Iteration: 220	1480	1611	2041.94	2724
Iteration: 221	1480	1607	2013.85	2918
Iteration: 222	1480	1566	2010.74	2776
Iteration: 223	1480	1520	2044.63	2773
Iteration: 224	1480	1558	2024.46	2722
Iteration: 225	1480	1686	2020.97	2755
Iteration: 226	1480	1596	2085.23	3016
Iteration: 227	1480	1547	1956.82	2776
Iteration: 228	1480	1620	2018.69	2690
Iteration: 229	1480	1553	2028.9	2606
Iteration: 230	1480	1571	2034.76	2780
Iteration: 231	1480	1548	2004.77	2684
Iteration: 232	1480	1653	2042.89	2675
Iteration: 233	1480	1673	2059.61	2781
Iteration: 234	1480	1618	2016.05	2742
Iteration: 235	1480	1643	2022.98	2700
Iteration: 236	1480	1582	2014.87	2673
Iteration: 237	1480	1543	2025.09	2579
Iteration: 238	1480	1527	1992.07	2947
Iteration: 239	1480	1546	2015.1	2607
Iteration: 240	1480	1584	2056.77	2581
Iteration: 241	1480	1483	2007.15	2570
Iteration: 242	1480	1637	2024.36	2706
Iteration: 243	1480	1607	2047.79	2747
Iteration: 244	1480	1636	2013.13	2742
Iteration: 245	1480	1684	2040.86	2693
Iteration: 246	1480	1599	2029.79	2745
Iteration: 247	1480	1630	2057.86	2782
Iteration: 248	1480	1599	2046.98	2966
Iteration: 249	1480	1652	2080.58	2908
Iteration: 250	1480	1578	2020.9	2724
Iteration: 251	1480	1612	2059.56	3003
Iteration: 252	1480	1639	2054.79	2751
Iteration: 253	1480	1588	2029.1	2660
Iteration: 254	1480	1570	2041.56	2699
Iteration: 255	1480	1598	2007.54	2611
Iteration: 256	1480	1559	2035.58	2763
Iteration: 257	1480	1669	2073.64	2642
Iteration: 258	1480	1651	2037.56	2897
Iteration: 259	1480	1602	2018.06	2662
Iteration: 260	1480	1556	1998.96	2613
Iteration: 261	1480	1670	2060.32	2741
Iteration: 262	1480	1626	2037.62	2941
Iteration: 263	1480	1581	2036.2	3140
Iteration: 264	1480	1590	2019.76	2553
Iteration: 265	1480	1636	2073.67	2768
Iteration: 266	1480	1519	2021.64	2796
Iteration: 267	1480	1583	2037.34	2967
Iteration: 268	1480	1705	2028.67	2511
Iteration: 269	1480	1508	2022.26	2630
Iteration: 270	1480	1628	2019.27	2539
Iteration: 271	1480	1558	2036.07	2932
Iteration: 272	1480	1702	2030.24	2758
Iteration: 273	1480	1615	2019.51	2785
Iteration: 274	1480	1669	2024.03	2669
Iteration: 275	1480	1633	1985.55	2621
Iteration: 276	1480	1656	2023.99	2653
Iteration: 277	1480	1590	2037.97	2758
Iteration: 278	1480	1554	2008.83	2512
Iteration: 279	1480	1607	2063.5	2869
Iteration: 280	1480	1618	2029.07	2629
Iteration: 281	1480	1623	2026.06	2845
Iteration: 282	1480	1671	2026.65	2678
Iteration: 283	1480	1554	2019.61	2698
Iteration: 284	1480	1601	2027.38	2615
Iteration: 285	1480	1612	2019.53	2694
Iteration: 286	1480	1602	2048.99	2662
Iteration: 287	1480	1579	2072.59	2682
Iteration: 288	1480	1681	2045.67	2613
Iteration: 289	1480	1632	2019.79	2548
Iteration: 290	1480	1567	2029.12	2878
Iteration: 291	1480	1585	2022.79	2789
Iteration: 292	1480	1623	2045.24	2684
Iteration: 293	1480	1529	2001.2	2883
Iteration: 294	1480	1567	2029.31	2860
Iteration: 295	1480	1641	2036.11	2734
Iteration: 296	1480	1500	2067.1	2709
Iteration: 297	1480	1582	2026.31	2514
Iteration: 298	1480	1634	2044.36	2754
Iteration: 299	1480	1612	2027.26	2708
Iteration: 300	1480	1543	2030.15	2491
Iteration: 301	1480	1602	1977.73	2533
Iteration: 302	1480	1645	2011.93	2712
Iteration: 303	1480	1540	1970.78	2577
Iteration: 304	1480	1607	2074.79	2837
Iteration: 305	1480	1549	2047.13	2839
Iteration: 306	1480	1534	2066.12	2617
Iteration: 307	1480	1611	2041.86	2814
Iteration: 308	1480	1653	2039.28	2709
Iteration: 309	1480	1643	2024.34	2599
Iteration: 310	1480	1631	2003.11	2585
Iteration: 311	1480	1636	2056.16	3058
Iteration: 312	1480	1658	1995.07	2776
Iteration: 313	1480	1579	2025.25	2762
Iteration: 314	1480	1548	2006.53	2653
Iteration: 315	1480	1614	2043.92	2686
Iteration: 316	1480	1642	2018.58	2916
Iteration: 317	1480	1619	2043.99	2731
Iteration: 318	1480	1627	2008.56	2696
Iteration: 319	1480	1623	2076.14	2665
Iteration: 320	1480	1555	2013.58	2626
Iteration: 321	1480	1671	2038.11	2667
Iteration: 322	1480	1649	2051.67	2728
Iteration: 323	1480	1636	2013.47	2540
Iteration: 324	1480	1552	2073.25	2885
Iteration: 325	1480	1657	1996.47	2791
Iteration: 326	1480	1573	1989.87	2555
Iteration: 327	1480	1601	2028.26	2905
Iteration: 328	1480	1582	2039.83	2616
Iteration: 329	1480	1655	2017.51	2716
Iteration: 330	1480	1586	2024.42	2727
Iteration: 331	1480	1646	2055.77	2751
Iteration: 332	1480	1565	2030.37	2594
Iteration: 333	1480	1624	2064.99	2879
Iteration: 334	1480	1639	2038.99	2559
Iteration: 335	1480	1620	2035.31	2597
Iteration: 336	1480	1598	2000.14	2606
Iteration: 337	1480	1617	2051.28	2678
Iteration: 338	1480	1637	2045.34	2793
Iteration: 339	1480	1627	2020.46	2918
Iteration: 340	1480	1597	1998.78	2599
Iteration: 341	1480	1595	2014.89	2635
Iteration: 342	1480	1639	2006.31	2518
Iteration: 343	1480	1607	2006.99	2667
Iteration: 344	1480	1591	2015.81	2585
Iteration: 345	1480	1649	2055.14	2698
Iteration: 346	1480	1600	2038.85	2780
Iteration: 347	1480	1678	2046.5	2657
Iteration: 348	1480	1618	2051.24	2732
Iteration: 349	1480	1517	2010.27	2496
Iteration: 350	1480	1631	2043.44	2632
Iteration: 351	1480	1662	2011.06	2685
Iteration: 352	1480	1650	2039.94	2768
Iteration: 353	1480	1598	2039.21	2831
Iteration: 354	1480	1596	2023.98	2844
Iteration: 355	1480	1483	2033.91	2605
Iteration: 356	1480	1572	2023.22	2673
Iteration: 357	1480	1583	2007.25	2697
Iteration: 358	1480	1637	2024.22	2711
Iteration: 359	1480	1595	2022.59	2527
Iteration: 360	1480	1593	2032.28	3007
Iteration: 361	1480	1529	2062.01	2665
Iteration: 362	1480	1651	2080.09	2831
Iteration: 363	1480	1584	2020.07	2682
Iteration: 364	1480	1610	2022.65	2682
Iteration: 365	1480	1559	2010.37	2808
Iteration: 366	1480	1547	2034.41	2723
Iteration: 367	1480	1655	2069.48	2664
Iteration: 368	1480	1572	2048.76	2763
Iteration: 369	1480	1648	2068.33	2813
Iteration: 370	1480	1648	2049.04	2804
Iteration: 371	1480	1569	2019.17	2732
Iteration: 372	1480	1616	2053.95	2680
Iteration: 373	1480	1603	2035.11	3048
Iteration: 374	1480	1574	2040.59	2825
Iteration: 375	1480	1505	1999.01	2518
Iteration: 376	1480	1625	2057.81	2699
Iteration: 377	1480	1618	2044.22	2621
Iteration: 378	1480	1619	2018.17	2555
Iteration: 379	1480	1638	2024.21	2647
Iteration: 380	1480	1537	2027.82	2582
Iteration: 381	1480	1639	2020.1	2574
Iteration: 382	1480	1572	1982.51	2512
Iteration: 383	1480	1595	2056.88	2665
Iteration: 384	1480	1592	2001.78	2697
Iteration: 385	1480	1589	2053.89	2788
Iteration: 386	1480	1578	2048.23	2626
Iteration: 387	1480	1577	2035.45	3148
Iteration: 388	1480	1595	2017.59	3036
Iteration: 389	1480	1695	2020.22	2669
Iteration: 390	1480	1553	2044.36	2852
Iteration: 391	1480	1597	2000.35	2649
Iteration: 392	1480	1648	2068.49	2711
Iteration: 393	1480	1653	2014.41	2845
Iteration: 394	1480	1531	2039.06	2547
Iteration: 395	1480	1515	2003.29	2656
Iteration: 396	1480	1564	2051.71	3027
Iteration: 397	1480	1612	2002.92	2817
Iteration: 398	1480	1634	2061.83	2640
Iteration: 399	1480	1567	2044.35	2874
Iteration: 400	1480	1528	2035.37	2513
Iteration: 401	1480	1665	2021.52	2800
Iteration: 402	1480	1610	2048.88	2801
Iteration: 403	1480	1625	2046.58	2730
Iteration: 404	1480	1560	2017.16	2658
Iteration: 405	1480	1541	2002.66	2492
Iteration: 406	1480	1566	2023.06	2626
Iteration: 407	1480	1638	2063.83	2692
Iteration: 408	1480	1619	2053.11	2604
Iteration: 409	1480	1643	2041.44	2664
Iteration: 410	1480	1530	1968.18	2586
Iteration: 411	1480	1605	2034.79	2868
Iteration: 412	1480	1634	2025.41	2653
Iteration: 413	1480	1625	2031.36	2660
Iteration: 414	1480	1561	2016.49	2773
Iteration: 415	1480	1590	2043.67	2617
Iteration: 416	1480	1523	2009.26	2758
Iteration: 417	1480	1612	2025.53	2647
Iteration: 418	1480	1590	2001.17	2692
Iteration: 419	1480	1641	2018.97	2713
Iteration: 420	1480	1533	2036.88	2682
Iteration: 421	1480	1638	2019.02	2855
Iteration: 422	1480	1596	2056.11	2875
Iteration: 423	1480	1616	2036.7	2761
Iteration: 424	1480	1547	2047.21	2636
Iteration: 425	1480	1625	2031.35	2682
Iteration: 426	1480	1560	1996.09	2570
Iteration: 427	1480	1553	2007.02	2812
Iteration: 428	1480	1663	2035.42	2516
Iteration: 429	1480	1594	2016.17	2625
Iteration: 430	1480	1616	2008.68	2617
Iteration: 431	1480	1610	2028.09	2793
Iteration: 432	1480	1671	2035.31	2871
Iteration: 433	1480	1615	2036.43	2901
Iteration: 434	1480	1588	2059.34	2897
Iteration: 435	1480	1626	2049.73	2484
Iteration: 436	1480	1597	2034.37	2665
Iteration: 437	1480	1667	2020.47	2620
Iteration: 438	1480	1641	2048.64	3060
Iteration: 439	1480	1671	2035.94	2827
Iteration: 440	1480	1555	2014.69	2735
Iteration: 441	1480	1689	2058.63	2845
Iteration: 442	1480	1622	2002.85	2702
Iteration: 443	1480	1679	2058.75	2905
Iteration: 444	1480	1493	2033.87	2715
Iteration: 445	1480	1567	2045.54	2577
Iteration: 446	1480	1545	2004.21	2707
Iteration: 447	1480	1547	2042.13	2632
Iteration: 448	1480	1627	2030.11	2775
Iteration: 449	1480	1561	2056.97	2887
Iteration: 450	1480	1581	2039.32	2853
Iteration: 451	1480	1596	2010.07	2770
Iteration: 452	1480	1654	1980.82	2585
Iteration: 453	1480	1591	2057.18	2718
Iteration: 454	1480	1650	2040.45	2558
Iteration: 455	1480	1660	2055.13	2574
Iteration: 456	1480	1647	2038.45	2601
Iteration: 457	1480	1610	2011.48	2476
Iteration: 458	1480	1642	2047.71	2541
Iteration: 459	1480	1629	2027.4	2546
Iteration: 460	1480	1591	2025	2730
Iteration: 461	1480	1661	1989.29	2722
Iteration: 462	1480	1644	2023.81	2623
Iteration: 463	1480	1554	2027.81	2793
Iteration: 464	1480	1634	2001.19	2803
Iteration: 465	1480	1631	2026.51	2517
Iteration: 466	1480	1517	2026.26	2893
Iteration: 467	1480	1580	2065.67	2674
Iteration: 468	1480	1571	2068.1	2607
Iteration: 469	1480	1532	2057.82	2683
Iteration: 470	1480	1597	2029.58	2592
Iteration: 471	1480	1494	1995.97	2693
Iteration: 472	1480	1672	2012.84	2451
Iteration: 473	1480	1621	2016.68	2619
Iteration: 474	1480	1590	2063.79	2869
Iteration: 475	1480	1616	2023.88	2810
Iteration: 476	1480	1610	2043.35	2559
Iteration: 477	1480	1588	2007.74	2692
Iteration: 478	1480	1657	2032.57	2676
Iteration: 479	1480	1625	2025.08	2902
Iteration: 480	1480	1584	2016.29	2755
Iteration: 481	1480	1649	2005.32	2803
Iteration: 482	1480	1605	2017.51	2810
Iteration: 483	1480	1639	2045.97	2722
Iteration: 484	1480	1600	2005.48	2604
Iteration: 485	1480	1666	2020.42	2857
Iteration: 486	1480	1712	2074.23	2856
Iteration: 487	1480	1654	2022.75	2760
Iteration: 488	1480	1572	2042.4	2772
Iteration: 489	1480	1621	2046.59	2607
Iteration: 490	1480	1633	2012.16	2634
Iteration: 491	1480	1549	2072.04	2940
Iteration: 492	1480	1572	2045.76	2976
Iteration: 493	1480	1614	2023.59	2773
Iteration: 494	1480	1595	2060.51	2765
Iteration: 495	1480	1630	2014.23	2727
Iteration: 496	1480	1676	2036.91	2620
Iteration: 497	1480	1618	2031.7	2617
Iteration: 498	1480	1621	2062.19	3039
Iteration: 499	1480	1620	2004.23	2417
