Iteration: 0	1560	1560	1831.35	2322
Iteration: 1	1560	1577	1844.13	2320
Iteration: 2	1560	1625	1901.07	2328
Iteration: 3	1560	1679	2004.14	2629
Iteration: 4	1560	1710	2071.28	3138
Iteration: 5	1560	1617	2027.16	2620
Iteration: 6	1560	1650	2001.9	2523
Iteration: 7	1516	1516	1939.61	2448
Iteration: 8	1516	1563	1942.1	2420
Iteration: 9	1516	1527	1878.75	2542
Iteration: 10	1516	1573	1911.23	2502
Iteration: 11	1516	1555	1889.19	2555
Iteration: 12	1516	1551	1909.24	2431
Iteration: 13	1516	1593	1887.8	2733
Iteration: 14	1516	1547	1904.11	2482
Iteration: 15	1516	1522	1881.98	2328
Iteration: 16	1516	1531	1889.9	2600
Iteration: 17	1516	1536	1883.34	2646
Iteration: 18	1516	1545	1871.57	2534
Iteration: 19	1516	1589	1873.82	2368
Iteration: 20	1516	1566	1902.01	2498
Iteration: 21	1516	1531	1874.23	2612
Iteration: 22	1516	1557	1898.19	2432
Iteration: 23	1516	1551	1885.19	2670
Iteration: 24	1516	1555	1890.65	2409
Iteration: 25	1511	1511	1879.03	2679
Iteration: 26	1511	1560	1881.25	2388
Iteration: 27	1511	1569	1895.62	2551
Iteration: 28	1511	1522	1862.16	2505
Iteration: 29	1511	1560	1920.19	2699
Iteration: 30	1511	1516	1899.08	2528
Iteration: 31	1511	1563	1885.06	2605
Iteration: 32	1511	1544	1891.14	2669
Iteration: 33	1511	1525	1862.86	2481
Iteration: 34	1511	1526	1856.26	2648
Iteration: 35	1511	1548	1901.77	2577
Iteration: 36	1511	1529	1898.18	2524
Iteration: 37	1511	1583	1889.49	2553
Iteration: 38	1511	1585	1876.13	2611
Iteration: 39	1511	1605	1879.07	2356
Iteration: 40	1477	1477	1880.09	2707
Iteration: 41	1477	1531	1907.17	2927
Iteration: 42	1477	1483	1896.02	2635
Iteration: 43	1477	1524	1896.19	2356
Iteration: 44	1477	1553	1911.51	2632
Iteration: 45	1477	1549	1844.85	2359
Iteration: 46	1477	1556	1871.31	2296
Iteration: 47	1477	1593	1827.16	2309
Iteration: 48	1477	1498	1879.99	2464
Iteration: 49	1477	1578	1887.93	2632
Iteration: 50	1477	1595	1913.75	2801
Iteration: 51	1477	1504	1906.68	2572
Iteration: 52	1477	1519	1878.59	2572
Iteration: 53	1477	1537	1861.41	2489
Iteration: 54	1477	1515	1912.16	2541
Iteration: 55	1477	1568	1892.31	2494
Iteration: 56	1477	1570	1884.87	2720
Iteration: 57	1477	1586	1943.16	2504
Iteration: 58	1477	1592	1886.24	2563
Iteration: 59	1477	1568	1858.48	2365
Iteration: 60	1477	1486	1916.02	2611
Iteration: 61	1477	1579	1875.48	2416
Iteration: 62	1477	1588	1881.26	2516
Iteration: 63	1477	1528	1863.02	2588
Iteration: 64	1477	1531	1922.6	2716
Iteration: 65	1477	1601	1893.5	2497
Iteration: 66	1477	1523	1913.43	2674
Iteration: 67	1477	1493	1893.27	2785
Iteration: 68	1477	1597	1875.93	2371
Iteration: 69	1477	1544	1881.33	2637
Iteration: 70	1477	1585	1892.95	2514
Iteration: 71	1477	1543	1858.78	2250
Iteration: 72	1477	1528	1922.54	2496
Iteration: 73	1477	1573	1878.34	2488
Iteration: 74	1477	1537	1852.32	2743
Iteration: 75	1477	1607	1885.86	2293
Iteration: 76	1477	1573	1860.05	2632
Iteration: 77	1477	1533	1897.59	2367
Iteration: 78	1477	1587	1872.63	2468
Iteration: 79	1477	1504	1926.11	2397
Iteration: 80	1472	1472	1872.24	2460
Iteration: 81	1472	1512	1846.91	2381
Iteration: 82	1472	1560	1880.38	2377
Iteration: 83	1472	1490	1866.76	2333
Iteration: 84	1472	1550	1894.46	2447
Iteration: 85	1472	1554	1854.63	2382
Iteration: 86	1472	1507	1829.73	2603
Iteration: 87	1472	1526	1877.97	2398
Iteration: 88	1472	1567	1926.03	2911
Iteration: 89	1472	1542	1873.39	2447
Iteration: 90	1472	1558	1870.02	2515
Iteration: 91	1472	1531	1881.28	2794
Iteration: 92	1472	1554	1885.62	2491
Iteration: 93	1472	1605	1923.67	2719
Iteration: 94	1472	1527	1882.09	2353
Iteration: 95	1472	1556	1890.66	2405
Iteration: 96	1472	1546	1862.6	2295
Iteration: 97	1472	1566	1879.06	2330
Iteration: 98	1472	1567	1897.77	2637
Iteration: 99	1472	1505	1863.13	2315
Iteration: 100	1472	1551	1900.22	2492
Iteration: 101	1472	1552	1877.09	2659
Iteration: 102	1467	1467	1881.61	2512
Iteration: 103	1467	1469	1883.66	2347
Iteration: 104	1467	1552	1830.58	2405
Iteration: 105	1467	1533	1885.37	2765
Iteration: 106	1467	1582	1896.25	2531
Iteration: 107	1467	1603	1902.28	2393
Iteration: 108	1467	1541	1904.04	2591
Iteration: 109	1467	1572	1899.12	2479
Iteration: 110	1467	1608	1917.47	2668
Iteration: 111	1467	1632	1891.82	2638
Iteration: 112	1467	1533	1893.24	2440
Iteration: 113	1467	1527	1897.58	2661
Iteration: 114	1467	1530	1861.38	2357
Iteration: 115	1467	1530	1864.36	2684
Iteration: 116	1467	1501	1870.09	2679
Iteration: 117	1467	1599	1878.43	2324
Iteration: 118	1467	1554	1906.95	2463
Iteration: 119	1467	1492	1923.32	2659
Iteration: 120	1467	1525	1866.43	2662
Iteration: 121	1467	1597	1916.61	2765
Iteration: 122	1467	1579	1862.05	2450
Iteration: 123	1467	1580	1895.26	2760
Iteration: 124	1467	1520	1934.57	2643
Iteration: 125	1467	1556	1905.03	2528
Iteration: 126	1467	1567	1888.25	2466
Iteration: 127	1467	1515	1844.8	2365
Iteration: 128	1467	1553	1888.04	2379
Iteration: 129	1467	1554	1891.66	2695
Iteration: 130	1467	1547	1882.66	2406
Iteration: 131	1467	1572	1937.79	2424
Iteration: 132	1467	1545	1930.22	2448
Iteration: 133	1467	1639	1881.37	2454
Iteration: 134	1467	1557	1913.04	2431
Iteration: 135	1467	1506	1877.62	2427
Iteration: 136	1467	1505	1896	2881
Iteration: 137	1467	1517	1871.54	2295
Iteration: 138	1467	1585	1893.34	2587
Iteration: 139	1467	1586	1893.58	2402
Iteration: 140	1467	1544	1884.23	2528
Iteration: 141	1467	1526	1936	2494
Iteration: 142	1467	1558	1881.55	2521
Iteration: 143	1467	1544	1892.22	2497
Iteration: 144	1467	1560	1864.91	2238
Iteration: 145	1426	1426	1848.13	2414
Iteration: 146	1426	1524	1895.08	2435
Iteration: 147	1426	1564	1888.39	2683
Iteration: 148	1426	1555	1879.4	2593
Iteration: 149	1426	1582	1869.63	2517
Iteration: 150	1426	1512	1907.16	2407
Iteration: 151	1426	1510	1862.72	2537
Iteration: 152	1426	1529	1890.7	2350
Iteration: 153	1426	1579	1890.55	2519
Iteration: 154	1426	1540	1881.9	2351
Iteration: 155	1426	1547	1857.79	2526
Iteration: 156	1426	1537	1848.44	2356
Iteration: 157	1426	1535	1912.66	2550
Iteration: 158	1426	1557	1892.63	2559
Iteration: 159	1426	1443	1872.88	2416
Iteration: 160	1426	1544	1869.76	2502
Iteration: 161	1426	1626	1870.95	2256
Iteration: 162	1426	1548	1884.9	2488
Iteration: 163	1426	1503	1908.8	2537
Iteration: 164	1426	1550	1911.52	2525
Iteration: 165	1426	1491	1887.12	2441
Iteration: 166	1426	1555	1859.24	2517
Iteration: 167	1426	1511	1876.26	2461
Iteration: 168	1426	1519	1844.99	2350
Iteration: 169	1426	1534	1890.94	2522
Iteration: 170	1426	1572	1888.06	2793
Iteration: 171	1426	1566	1900.35	2638
Iteration: 172	1426	1556	1911.78	2991
Iteration: 173	1426	1578	1864.63	2433
Iteration: 174	1426	1590	1855.29	2345
Iteration: 175	1426	1516	1861.94	2387
Iteration: 176	1426	1575	1886.05	2673
Iteration: 177	1426	1533	1884.77	2486
Iteration: 178	1426	1616	1900.01	2359
Iteration: 179	1426	1543	1904.45	2515
Iteration: 180	1426	1529	1910.9	2616
Iteration: 181	1426	1597	1885.73	2569
Iteration: 182	1426	1589	1870.09	2540
Iteration: 183	1426	1566	1855.87	2416
Iteration: 184	1426	1512	1861.82	2864
Iteration: 185	1426	1595	1871.39	2579
Iteration: 186	1426	1476	1929.24	2524
Iteration: 187	1426	1546	1938.35	2647
Iteration: 188	1426	1523	1870.52	2597
Iteration: 189	1426	1453	1841.83	2469
Iteration: 190	1426	1575	1875.14	3022
Iteration: 191	1426	1547	1890.2	2474
Iteration: 192	1426	1541	1896.23	2405
Iteration: 193	1426	1567	1838.03	2230
Iteration: 194	1426	1520	1895.52	2506
Iteration: 195	1426	1513	1890.06	2624
Iteration: 196	1426	1510	1880.79	2561
Iteration: 197	1426	1602	1889.92	2465
Iteration: 198	1426	1541	1895.1	2403
Iteration: 199	1426	1547	1897.22	2418
Iteration: 200	1426	1525	1886.97	2882
Iteration: 201	1426	1528	1906.81	2494
Iteration: 202	1426	1564	1899.94	2407
Iteration: 203	1426	1492	1915.86	2378
Iteration: 204	1426	1583	1898.82	2731
Iteration: 205	1426	1566	1845.35	2424
Iteration: 206	1426	1576	1919.47	2632
Iteration: 207	1426	1549	1878.14	2362
Iteration: 208	1426	1590	1884.98	2391
Iteration: 209	1426	1525	1882.57	2652
Iteration: 210	1426	1593	1870.58	2369
Iteration: 211	1426	1551	1871.21	2277
Iteration: 212	1426	1521	1889.49	2363
Iteration: 213	1426	1553	1896.22	2579
Iteration: 214	1426	1501	1883.98	2614
Iteration: 215	1426	1514	1865.45	2564
Iteration: 216	1426	1533	1870.66	2899
Iteration: 217	1426	1508	1897.69	2630
Iteration: 218	1426	1547	1900.47	2543
Iteration: 219	1426	1552	1885.82	2580
Iteration: 220	1426	1575	1872.75	2577
Iteration: 221	1426	1614	1887.71	2490
Iteration: 222	1426	1557	1877.6	2489
Iteration: 223	1426	1588	1838.97	2481
Iteration: 224	1426	1569	1887.86	2789
Iteration: 225	1426	1574	1863.29	2527
Iteration: 226	1426	1584	1903.92	2745
Iteration: 227	1426	1536	1906.64	2487
Iteration: 228	1426	1512	1878.04	2492
Iteration: 229	1426	1550	1887.24	2484
Iteration: 230	1426	1511	1905.49	2409
Iteration: 231	1426	1587	1870.85	2488
Iteration: 232	1426	1572	1884.09	2665
Iteration: 233	1426	1556	1891.15	2576
Iteration: 234	1426	1629	1901.63	2873
Iteration: 235	1426	1639	1888.05	2507
Iteration: 236	1426	1553	1891.39	2690
Iteration: 237	1426	1551	1883.2	2502
Iteration: 238	1426	1585	1859.04	2424
Iteration: 239	1426	1520	1895.23	2602
Iteration: 240	1426	1517	1918.74	2618
Iteration: 241	1426	1509	1903.33	2726
Iteration: 242	1426	1559	1879.61	2321
Iteration: 243	1426	1472	1882.99	2914
Iteration: 244	1426	1506	1880	2409
Iteration: 245	1426	1558	1904.16	2425
Iteration: 246	1426	1455	1849.56	2317
Iteration: 247	1426	1578	1869.92	2605
Iteration: 248	1426	1516	1889.53	2639
Iteration: 249	1426	1547	1850.83	2426
Iteration: 250	1426	1512	1891.83	2645
Iteration: 251	1426	1512	1886.91	2519
Iteration: 252	1426	1585	1931.13	2663
Iteration: 253	1426	1564	1897.27	2527
Iteration: 254	1426	1589	1879.45	2474
Iteration: 255	1426	1540	1884.82	2644
Iteration: 256	1426	1585	1845.48	2460
Iteration: 257	1426	1551	1864.94	2385
Iteration: 258	1426	1560	1902.67	2568
Iteration: 259	1426	1513	1860.36	2585
Iteration: 260	1426	1457	1862.06	2396
Iteration: 261	1426	1610	1890.71	2602
Iteration: 262	1426	1538	1892.66	2666
Iteration: 263	1426	1532	1886.94	2598
Iteration: 264	1426	1578	1856.3	2368
Iteration: 265	1426	1500	1838.18	2383
Iteration: 266	1426	1563	1890.3	2366
Iteration: 267	1426	1574	1861.5	2331
Iteration: 268	1426	1554	1860.12	2450
Iteration: 269	1426	1544	1910.7	2603
Iteration: 270	1426	1468	1858.35	2643
Iteration: 271	1426	1616	1874.24	2818
Iteration: 272	1426	1529	1859.26	2418
Iteration: 273	1426	1535	1873.95	2379
Iteration: 274	1426	1577	1896.66	2780
Iteration: 275	1426	1493	1862.61	2411
Iteration: 276	1426	1549	1900.17	2678
Iteration: 277	1426	1589	1928.92	2663
Iteration: 278	1426	1560	1894.34	2483
Iteration: 279	1426	1539	1884.12	2704
Iteration: 280	1426	1556	1886.83	2499
Iteration: 281	1426	1570	1915.07	2556
Iteration: 282	1426	1531	1899.11	2657
Iteration: 283	1426	1572	1872.52	2435
Iteration: 284	1426	1561	1945.99	2506
Iteration: 285	1426	1537	1865.3	2382
Iteration: 286	1426	1575	1918.33	2309
Iteration: 287	1426	1537	1868.86	2504
Iteration: 288	1426	1622	1885.99	2649
Iteration: 289	1426	1517	1866.22	2632
Iteration: 290	1426	1519	1875.81	2398
Iteration: 291	1426	1545	1894.19	2444
Iteration: 292	1426	1602	1886.8	2507
Iteration: 293	1426	1570	1840.42	2348
Iteration: 294	1426	1551	1864.59	2652
Iteration: 295	1426	1481	1871.9	2498
Iteration: 296	1426	1570	1863.73	2439
Iteration: 297	1426	1565	1890.19	2629
Iteration: 298	1426	1522	1888.39	2384
Iteration: 299	1426	1604	1908.38	2494
Iteration: 300	1426	1475	1875.19	2345
Iteration: 301	1426	1578	1874.39	2422
Iteration: 302	1426	1588	1928.35	2689
Iteration: 303	1426	1571	1875.24	2417
Iteration: 304	1426	1531	1862.36	2331
Iteration: 305	1426	1519	1896.42	2442
Iteration: 306	1426	1532	1896.36	2503
Iteration: 307	1426	1512	1878.35	2441
Iteration: 308	1426	1543	1881.09	2587
Iteration: 309	1426	1517	1866.78	2359
Iteration: 310	1426	1559	1865.24	2790
Iteration: 311	1426	1478	1901.16	2409
Iteration: 312	1426	1572	1872.98	2574
Iteration: 313	1426	1545	1865.13	2330
Iteration: 314	1426	1559	1888.24	2475
Iteration: 315	1426	1515	1881.3	2682
Iteration: 316	1426	1478	1892.96	2473
Iteration: 317	1426	1545	1909.19	2403
Iteration: 318	1426	1480	1913.84	2533
Iteration: 319	1426	1583	1900.62	2631
Iteration: 320	1426	1520	1927.24	2881
Iteration: 321	1426	1558	1858.76	2478
Iteration: 322	1426	1564	1881.6	2425
Iteration: 323	1426	1579	1859.9	2294
Iteration: 324	1426	1592	1889.69	2481
Iteration: 325	1426	1549	1890.19	2505
Iteration: 326	1426	1553	1923.53	2623
Iteration: 327	1426	1544	1895.96	2556
Iteration: 328	1426	1536	1877.73	2478
Iteration: 329	1426	1575	1875.69	2695
Iteration: 330	1426	1464	1888.05	2486
Iteration: 331	1426	1519	1912.47	2567
Iteration: 332	1426	1520	1913.96	2485
Iteration: 333	1426	1559	1877.91	2383
Iteration: 334	1426	1552	1865.02	2394
Iteration: 335	1426	1473	1872.56	2618
Iteration: 336	1426	1460	1844.47	2290
Iteration: 337	1426	1540	1866.52	2455
Iteration: 338	1426	1521	1869.98	2675
Iteration: 339	1426	1559	1882.49	2739
Iteration: 340	1426	1455	1870.85	2685
Iteration: 341	1426	1603	1897.89	2522
Iteration: 342	1426	1539	1908.3	2407
Iteration: 343	1426	1560	1896.26	2574
Iteration: 344	1426	1464	1896.01	2416
Iteration: 345	1426	1535	1907.74	2759
Iteration: 346	1426	1551	1836.82	2253
Iteration: 347	1426	1495	1898.97	2526
Iteration: 348	1426	1556	1894.19	2495
Iteration: 349	1426	1522	1881.17	2541
Iteration: 350	1426	1591	1889.67	2513
Iteration: 351	1426	1517	1878.1	2441
Iteration: 352	1426	1579	1870.25	2677
Iteration: 353	1426	1549	1883.88	2549
Iteration: 354	1426	1549	1861.4	2485
Iteration: 355	1426	1550	1870.18	2423
Iteration: 356	1426	1556	1874.16	2594
Iteration: 357	1426	1529	1902.04	2474
Iteration: 358	1426	1551	1899.8	2471
Iteration: 359	1426	1557	1894.29	2764
Iteration: 360	1426	1516	1882.01	2477
Iteration: 361	1426	1518	1902.96	2576
Iteration: 362	1426	1523	1908.25	2470
Iteration: 363	1426	1548	1878.42	2435
Iteration: 364	1426	1492	1916.32	2759
Iteration: 365	1426	1578	1867.34	2704
Iteration: 366	1426	1504	1897.03	2643
Iteration: 367	1426	1576	1901.52	2465
Iteration: 368	1426	1530	1888.73	2882
Iteration: 369	1426	1592	1889.11	2649
Iteration: 370	1426	1632	1926.77	2434
Iteration: 371	1426	1498	1888.38	2439
Iteration: 372	1426	1541	1860.91	2538
Iteration: 373	1426	1466	1882.9	2593
Iteration: 374	1426	1468	1917.88	2761
Iteration: 375	1426	1502	1859.25	2580
Iteration: 376	1426	1478	1868.27	2372
Iteration: 377	1426	1543	1889.93	2461
Iteration: 378	1426	1583	1876.42	2445
Iteration: 379	1426	1578	1915.95	2598
Iteration: 380	1426	1532	1894.65	2960
Iteration: 381	1426	1532	1891.89	2510
Iteration: 382	1426	1538	1872.8	2541
Iteration: 383	1426	1578	1855.4	2195
Iteration: 384	1426	1557	1873.58	2353
Iteration: 385	1426	1520	1847.62	2658
Iteration: 386	1426	1505	1856.93	2211
Iteration: 387	1426	1588	1870.56	2492
Iteration: 388	1426	1520	1891.55	2397
Iteration: 389	1426	1525	1868.79	2476
Iteration: 390	1426	1554	1886.5	2532
Iteration: 391	1426	1534	1884.92	2411
Iteration: 392	1426	1511	1859.46	2362
Iteration: 393	1426	1511	1863.81	2269
Iteration: 394	1426	1494	1857.74	2432
Iteration: 395	1426	1502	1899.86	2619
Iteration: 396	1426	1540	1867.04	2402
Iteration: 397	1426	1512	1910.81	2378
Iteration: 398	1426	1535	1878.67	2474
Iteration: 399	1426	1569	1875.25	2413
Iteration: 400	1426	1553	1880.55	2469
Iteration: 401	1426	1526	1905.24	2589
Iteration: 402	1426	1586	1893.44	2856
Iteration: 403	1426	1579	1895.7	2394
Iteration: 404	1426	1586	1886.86	2646
Iteration: 405	1426	1518	1844.98	2262
Iteration: 406	1426	1529	1874.78	2379
Iteration: 407	1426	1556	1847.03	2450
Iteration: 408	1426	1585	1890.01	2607
Iteration: 409	1426	1568	1866.74	2832
Iteration: 410	1426	1606	1888.28	2471
Iteration: 411	1426	1578	1851.57	2733
Iteration: 412	1426	1586	1916.34	2897
Iteration: 413	1426	1475	1848.6	2622
Iteration: 414	1426	1579	1873.55	2690
Iteration: 415	1426	1541	1875.49	2551
Iteration: 416	1426	1582	1894.96	2861
Iteration: 417	1426	1519	1873.54	2463
Iteration: 418	1426	1574	1912.13	2470
Iteration: 419	1426	1577	1901.87	2646
Iteration: 420	1426	1515	1896.92	2718
Iteration: 421	1426	1534	1922.5	2550
Iteration: 422	1426	1571	1903.19	2740
Iteration: 423	1426	1500	1878.29	2510
Iteration: 424	1426	1491	1871.57	2830
Iteration: 425	1426	1508	1865.12	2652
Iteration: 426	1426	1540	1904.99	2643
Iteration: 427	1426	1551	1869.68	2528
Iteration: 428	1426	1571	1901.29	2635
Iteration: 429	1426	1583	1893.87	2562
Iteration: 430	1426	1544	1889.47	2687
Iteration: 431	1426	1570	1876.06	2476
Iteration: 432	1426	1563	1897.79	2614
Iteration: 433	1426	1562	1867.91	2466
Iteration: 434	1426	1527	1856.93	2419
Iteration: 435	1426	1539	1855.1	2430
Iteration: 436	1426	1536	1893.07	2498
Iteration: 437	1426	1560	1898.56	2708
Iteration: 438	1426	1523	1867.33	2529
Iteration: 439	1426	1553	1868.07	2628
Iteration: 440	1426	1546	1883.98	2508
Iteration: 441	1426	1434	1886.76	2357
Iteration: 442	1426	1487	1851.99	2367
Iteration: 443	1426	1512	1899.66	2487
Iteration: 444	1426	1523	1874.16	2302
Iteration: 445	1426	1604	1851.56	2449
Iteration: 446	1426	1551	1913.87	2611
Iteration: 447	1426	1563	1907.01	2726
Iteration: 448	1426	1569	1892.15	2841
Iteration: 449	1426	1563	1870.54	2377
Iteration: 450	1426	1571	1897.9	2925
Iteration: 451	1426	1517	1885.33	2553
Iteration: 452	1426	1522	1853.37	2565
Iteration: 453	1426	1516	1882.25	2499
Iteration: 454	1426	1592	1882.34	2475
Iteration: 455	1426	1599	1878.06	2403
Iteration: 456	1426	1488	1886.25	2449
Iteration: 457	1426	1561	1889.25	2290
Iteration: 458	1426	1579	1850.89	2254
Iteration: 459	1426	1575	1845.31	2558
Iteration: 460	1426	1540	1905.07	2593
Iteration: 461	1426	1557	1867.44	2525
Iteration: 462	1426	1553	1870.89	2526
Iteration: 463	1426	1581	1887.24	2448
Iteration: 464	1426	1599	1871.17	2394
Iteration: 465	1426	1505	1881.36	2881
Iteration: 466	1426	1589	1884.5	2387
Iteration: 467	1426	1569	1869.69	2280
Iteration: 468	1426	1575	1880.3	2613
Iteration: 469	1426	1565	1913.58	2613
Iteration: 470	1426	1554	1867.62	2303
Iteration: 471	1426	1566	1914.05	2862
Iteration: 472	1426	1475	1881.22	2528
Iteration: 473	1426	1476	1870.34	2596
Iteration: 474	1426	1569	1851.21	2404
Iteration: 475	1426	1570	1890.01	2455
Iteration: 476	1426	1534	1853.11	2357
Iteration: 477	1426	1554	1897.89	2511
Iteration: 478	1426	1585	1917.65	2583
Iteration: 479	1426	1514	1889.92	2497
Iteration: 480	1426	1590	1919.44	2493
Iteration: 481	1426	1545	1921.86	2461
Iteration: 482	1426	1516	1873.67	2486
Iteration: 483	1426	1527	1876.12	2515
Iteration: 484	1426	1542	1863.94	2518
Iteration: 485	1426	1544	1903.59	2625
Iteration: 486	1426	1526	1881.95	2400
Iteration: 487	1426	1538	1872.66	2475
Iteration: 488	1426	1586	1909.54	2315
Iteration: 489	1426	1643	1896.75	2384
Iteration: 490	1426	1530	1856.23	2553
Iteration: 491	1426	1517	1893.82	2406
Iteration: 492	1426	1557	1884.72	2587
Iteration: 493	1426	1525	1897.67	2407
Iteration: 494	1426	1539	1854.67	2386
Iteration: 495	1426	1506	1869.78	2589
Iteration: 496	1426	1514	1892.53	2701
Iteration: 497	1426	1572	1897.12	2532
Iteration: 498	1426	1511	1912.9	2615
Iteration: 499	1426	1564	1862.71	2433
