Iteration: 0	1531	1531	1787.13	2479
Iteration: 1	1517	1517	1785.25	2314
Iteration: 2	1517	1542	1857.65	2468
Iteration: 3	1498	1498	1901.36	2407
Iteration: 4	1498	1602	1934.32	2522
Iteration: 5	1498	1561	1949.58	2890
Iteration: 6	1498	1527	1879.31	2403
Iteration: 7	1498	1539	1877.25	2349
Iteration: 8	1489	1489	1809.34	2227
Iteration: 9	1489	1540	1820.79	2378
Iteration: 10	1489	1548	1812.13	2350
Iteration: 11	1489	1528	1836.8	2317
Iteration: 12	1489	1538	1823.13	2490
Iteration: 13	1489	1508	1834.48	2380
Iteration: 14	1478	1478	1801.19	2543
Iteration: 15	1478	1561	1834.19	2315
Iteration: 16	1464	1464	1833.61	2335
Iteration: 17	1464	1538	1838.07	2304
Iteration: 18	1464	1564	1798.66	2499
Iteration: 19	1464	1517	1812.09	2383
Iteration: 20	1464	1542	1801.14	2570
Iteration: 21	1464	1523	1824.58	2337
Iteration: 22	1464	1567	1790.2	2599
Iteration: 23	1464	1568	1848.26	2297
Iteration: 24	1464	1528	1827.23	2352
Iteration: 25	1464	1530	1807.76	2249
Iteration: 26	1464	1516	1802.4	2377
Iteration: 27	1464	1575	1822.96	2400
Iteration: 28	1464	1493	1816.34	2470
Iteration: 29	1464	1553	1877.67	3044
Iteration: 30	1464	1586	1815.72	2562
Iteration: 31	1464	1542	1817.93	2431
Iteration: 32	1464	1547	1819.6	2389
Iteration: 33	1464	1535	1816.87	2285
Iteration: 34	1464	1529	1798.09	2601
Iteration: 35	1464	1488	1829.82	2212
Iteration: 36	1464	1547	1828.09	2673
Iteration: 37	1464	1552	1840.87	2484
Iteration: 38	1464	1562	1832.39	2589
Iteration: 39	1464	1509	1803.84	2328
Iteration: 40	1464	1550	1797.81	2254
Iteration: 41	1464	1525	1808.26	2470
Iteration: 42	1464	1531	1810.08	2420
Iteration: 43	1464	1552	1834.27	2516
Iteration: 44	1464	1521	1795.18	2358
Iteration: 45	1464	1540	1825.28	2389
Iteration: 46	1464	1554	1865.58	2435
Iteration: 47	1464	1581	1815.7	2466
Iteration: 48	1464	1519	1844.18	2840
Iteration: 49	1464	1524	1842.33	2665
Iteration: 50	1464	1562	1795.09	2248
Iteration: 51	1464	1547	1801.69	2153
Iteration: 52	1464	1582	1831.89	2822
Iteration: 53	1464	1520	1849.24	2652
Iteration: 54	1464	1535	1811.78	2413
Iteration: 55	1464	1470	1812.98	2397
Iteration: 56	1464	1541	1834.19	2561
Iteration: 57	1464	1513	1818.52	2440
Iteration: 58	1464	1546	1833.65	2560
Iteration: 59	1464	1515	1809.07	2402
Iteration: 60	1464	1471	1806.26	2336
Iteration: 61	1464	1569	1831.74	2227
Iteration: 62	1437	1437	1810.23	2725
Iteration: 63	1437	1507	1800.85	2420
Iteration: 64	1437	1528	1833.91	2949
Iteration: 65	1437	1522	1799.71	2488
Iteration: 66	1437	1554	1804.91	2351
Iteration: 67	1437	1480	1828.38	2484
Iteration: 68	1437	1497	1779.51	2252
Iteration: 69	1437	1578	1853.81	2754
Iteration: 70	1437	1495	1799.58	2327
Iteration: 71	1437	1516	1805.04	2229
Iteration: 72	1437	1555	1810.43	2575
Iteration: 73	1437	1497	1832.24	2697
Iteration: 74	1437	1582	1829.05	2659
Iteration: 75	1437	1515	1823.31	2372
Iteration: 76	1437	1556	1828.52	2326
Iteration: 77	1437	1515	1851.95	2533
Iteration: 78	1437	1490	1793.11	2462
Iteration: 79	1437	1548	1798.35	2189
Iteration: 80	1437	1496	1831.55	2681
Iteration: 81	1437	1516	1803.56	2437
Iteration: 82	1437	1477	1809.44	2424
Iteration: 83	1437	1552	1835.37	2479
Iteration: 84	1437	1553	1849.68	2400
Iteration: 85	1437	1518	1819.29	2251
Iteration: 86	1437	1485	1820.72	2432
Iteration: 87	1437	1482	1846.24	2469
Iteration: 88	1423	1423	1851.62	2418
Iteration: 89	1423	1559	1834.43	2470
Iteration: 90	1423	1545	1822.95	2605
Iteration: 91	1423	1502	1827.03	2341
Iteration: 92	1423	1553	1801.39	2462
Iteration: 93	1423	1491	1852.24	2560
Iteration: 94	1423	1546	1842.08	2391
Iteration: 95	1423	1480	1823.95	2356
Iteration: 96	1423	1590	1798.82	2250
Iteration: 97	1423	1565	1792.21	2335
Iteration: 98	1423	1507	1844	2517
Iteration: 99	1423	1519	1823.67	2657
Iteration: 100	1423	1561	1811	2324
Iteration: 101	1423	1542	1842.18	2279
Iteration: 102	1423	1522	1817.38	2254
Iteration: 103	1423	1470	1825.54	2456
Iteration: 104	1423	1542	1809.67	2440
Iteration: 105	1423	1528	1834.99	2371
Iteration: 106	1423	1481	1808.25	2436
Iteration: 107	1423	1517	1829.52	2363
Iteration: 108	1423	1525	1819.92	2666
Iteration: 109	1423	1534	1787.01	2272
Iteration: 110	1423	1573	1837.29	2570
Iteration: 111	1423	1600	1836.31	2317
Iteration: 112	1423	1540	1840.46	2496
Iteration: 113	1423	1553	1838.8	2535
Iteration: 114	1423	1556	1816.1	2421
Iteration: 115	1423	1558	1794.13	2485
Iteration: 116	1423	1571	1829.66	2317
Iteration: 117	1423	1531	1801.46	2319
Iteration: 118	1423	1561	1799.13	2348
Iteration: 119	1423	1449	1789.57	2569
Iteration: 120	1423	1518	1794.44	2508
Iteration: 121	1423	1546	1850.66	2372
Iteration: 122	1423	1567	1842.18	2611
Iteration: 123	1423	1519	1839.21	2441
Iteration: 124	1423	1561	1827.78	2575
Iteration: 125	1423	1511	1823.82	2576
Iteration: 126	1423	1555	1828.96	2337
Iteration: 127	1423	1578	1834.2	2392
Iteration: 128	1423	1549	1788.58	2308
Iteration: 129	1423	1523	1822.3	2323
Iteration: 130	1423	1481	1806.28	2503
Iteration: 131	1423	1542	1815	2386
Iteration: 132	1423	1517	1786.1	2288
Iteration: 133	1423	1543	1818.65	2283
Iteration: 134	1423	1504	1825.83	2396
Iteration: 135	1423	1578	1822.85	2187
Iteration: 136	1423	1539	1827.2	2595
Iteration: 137	1423	1548	1821.07	2483
Iteration: 138	1423	1526	1825.25	2417
Iteration: 139	1423	1512	1811.33	2430
Iteration: 140	1423	1505	1798.48	2290
Iteration: 141	1423	1547	1813.01	2291
Iteration: 142	1423	1511	1851.08	2580
Iteration: 143	1423	1485	1821.57	2557
Iteration: 144	1423	1539	1815.75	2247
Iteration: 145	1423	1496	1820.97	2272
Iteration: 146	1423	1502	1823.35	2539
Iteration: 147	1423	1501	1812.58	2416
Iteration: 148	1423	1550	1813.23	2449
Iteration: 149	1423	1558	1800.13	2268
Iteration: 150	1423	1558	1822.61	2462
Iteration: 151	1423	1546	1816.62	2220
Iteration: 152	1423	1564	1830.54	2393
Iteration: 153	1423	1429	1858.11	2438
Iteration: 154	1423	1455	1804.51	2306
Iteration: 155	1423	1529	1799.93	2839
Iteration: 156	1423	1575	1807.42	2292
Iteration: 157	1423	1530	1813.22	2521
Iteration: 158	1423	1570	1834.22	2330
Iteration: 159	1423	1515	1831.84	2733
Iteration: 160	1423	1558	1805.6	2248
Iteration: 161	1423	1543	1837.66	2534
Iteration: 162	1423	1488	1804.23	2314
Iteration: 163	1423	1488	1820.12	2340
Iteration: 164	1423	1583	1842.83	2378
Iteration: 165	1423	1537	1798.11	2279
Iteration: 166	1423	1456	1837.3	2422
Iteration: 167	1423	1501	1825.41	2520
Iteration: 168	1423	1493	1821.25	2494
Iteration: 169	1423	1531	1815.64	2366
Iteration: 170	1423	1536	1809.5	2406
Iteration: 171	1423	1537	1802.92	2423
Iteration: 172	1423	1514	1811.53	2634
Iteration: 173	1423	1500	1840.78	2826
Iteration: 174	1423	1474	1822.48	2630
Iteration: 175	1423	1524	1795.88	2316
Iteration: 176	1423	1543	1806.74	2393
Iteration: 177	1423	1567	1828.07	2292
Iteration: 178	1423	1536	1806.82	2257
Iteration: 179	1423	1581	1828.31	2622
Iteration: 180	1423	1576	1802.92	2344
Iteration: 181	1423	1578	1787.62	2249
Iteration: 182	1423	1515	1828.98	2323
Iteration: 183	1423	1556	1850.52	2430
Iteration: 184	1423	1525	1807.34	2419
Iteration: 185	1423	1532	1825.46	2365
Iteration: 186	1423	1558	1845.22	2469
Iteration: 187	1423	1565	1804.06	2417
Iteration: 188	1423	1572	1798.96	2239
Iteration: 189	1423	1540	1805.96	2420
Iteration: 190	1423	1548	1821.44	2535
Iteration: 191	1423	1497	1798.07	2380
Iteration: 192	1423	1520	1835.62	2317
Iteration: 193	1423	1566	1828.49	2446
Iteration: 194	1423	1495	1841.73	2465
Iteration: 195	1423	1562	1804.42	2455
Iteration: 196	1423	1543	1808.1	2426
Iteration: 197	1423	1505	1821.28	2493
Iteration: 198	1423	1536	1838.48	2293
Iteration: 199	1423	1524	1823.72	2529
Iteration: 200	1423	1528	1834.51	2411
Iteration: 201	1423	1519	1802.1	2269
Iteration: 202	1423	1544	1796.82	2538
Iteration: 203	1423	1561	1812.67	2401
Iteration: 204	1423	1541	1827.58	2387
Iteration: 205	1423	1522	1821.42	2472
Iteration: 206	1423	1521	1795.36	2628
Iteration: 207	1423	1533	1825.2	2480
Iteration: 208	1423	1562	1795.35	2327
Iteration: 209	1423	1572	1835.31	2552
Iteration: 210	1423	1568	1838.32	2338
Iteration: 211	1423	1548	1799.81	2194
Iteration: 212	1423	1563	1844.46	2398
Iteration: 213	1423	1492	1827.7	2355
Iteration: 214	1423	1563	1808.45	2260
Iteration: 215	1423	1491	1797.67	2279
Iteration: 216	1423	1522	1836.82	2506
Iteration: 217	1423	1532	1848.29	2382
Iteration: 218	1423	1539	1817.48	2357
Iteration: 219	1423	1523	1812.06	2296
Iteration: 220	1423	1516	1843.5	2477
Iteration: 221	1423	1531	1809.24	2315
Iteration: 222	1423	1510	1803.91	2336
Iteration: 223	1423	1489	1794.08	2230
Iteration: 224	1423	1539	1798.52	2282
Iteration: 225	1423	1548	1838.82	2488
Iteration: 226	1423	1568	1824.46	2498
Iteration: 227	1423	1547	1803.74	2294
Iteration: 228	1423	1534	1807.29	2463
Iteration: 229	1423	1491	1821.79	2418
Iteration: 230	1423	1527	1841.24	2613
Iteration: 231	1423	1544	1814.59	2990
Iteration: 232	1423	1550	1808.18	2339
Iteration: 233	1423	1495	1800.86	2343
Iteration: 234	1423	1549	1824.5	2480
Iteration: 235	1423	1499	1784.9	2288
Iteration: 236	1423	1566	1826.07	2402
Iteration: 237	1423	1467	1785.28	2277
Iteration: 238	1423	1549	1833.55	2380
Iteration: 239	1423	1524	1803.58	2254
Iteration: 240	1423	1523	1810.17	2473
Iteration: 241	1423	1483	1832.08	2483
Iteration: 242	1423	1557	1819.52	2297
Iteration: 243	1423	1558	1816.91	2867
Iteration: 244	1423	1512	1830.26	2427
Iteration: 245	1423	1531	1814.39	2629
Iteration: 246	1423	1532	1814.95	2426
Iteration: 247	1423	1506	1784.44	2268
Iteration: 248	1423	1551	1848.6	2415
Iteration: 249	1423	1556	1814.44	2286
Iteration: 250	1423	1457	1800.95	2465
Iteration: 251	1423	1532	1801.6	2442
Iteration: 252	1423	1587	1835.36	2447
Iteration: 253	1423	1546	1818.84	2708
Iteration: 254	1423	1526	1833.85	2773
Iteration: 255	1423	1539	1817.59	2532
Iteration: 256	1423	1500	1807.85	2626
Iteration: 257	1423	1565	1821.64	2603
Iteration: 258	1423	1500	1800.97	2414
Iteration: 259	1423	1574	1836.38	2474
Iteration: 260	1423	1566	1844.27	2347
Iteration: 261	1423	1464	1821.68	2523
Iteration: 262	1423	1505	1816.39	2288
Iteration: 263	1423	1522	1788.38	2435
Iteration: 264	1423	1554	1825.37	2719
Iteration: 265	1423	1556	1821.25	2320
Iteration: 266	1423	1558	1798.35	2186
Iteration: 267	1423	1518	1817.79	2372
Iteration: 268	1423	1490	1798.98	2313
Iteration: 269	1423	1499	1828.51	2694
Iteration: 270	1423	1479	1814.28	2545
Iteration: 271	1423	1436	1787.37	2221
Iteration: 272	1423	1511	1834.01	2572
Iteration: 273	1423	1545	1816.85	2431
Iteration: 274	1423	1457	1834.24	2502
Iteration: 275	1423	1523	1793.42	2348
Iteration: 276	1423	1499	1817.54	2876
Iteration: 277	1423	1557	1814.16	2276
Iteration: 278	1423	1514	1827.09	2629
Iteration: 279	1423	1543	1821.5	2350
Iteration: 280	1423	1561	1820.08	2353
Iteration: 281	1423	1501	1826.06	2207
Iteration: 282	1423	1440	1819.25	2356
Iteration: 283	1423	1473	1813.65	2481
Iteration: 284	1423	1555	1827.79	2230
Iteration: 285	1423	1488	1846.68	2500
Iteration: 286	1423	1517	1836.63	2399
Iteration: 287	1423	1502	1828.79	2545
Iteration: 288	1423	1481	1828.03	2778
Iteration: 289	1423	1547	1813.41	2368
Iteration: 290	1423	1494	1788.96	2215
Iteration: 291	1423	1503	1827.24	2371
Iteration: 292	1423	1522	1819.25	2283
Iteration: 293	1423	1571	1825.29	2247
Iteration: 294	1423	1528	1810.47	2358
Iteration: 295	1423	1501	1821.61	2839
Iteration: 296	1423	1525	1808.84	2266
Iteration: 297	1423	1535	1799.65	2450
Iteration: 298	1423	1527	1807.73	2258
Iteration: 299	1423	1518	1790.9	2504
Iteration: 300	1423	1494	1812.89	2321
Iteration: 301	1423	1529	1812.94	2500
Iteration: 302	1423	1523	1828.25	2412
Iteration: 303	1423	1565	1854.82	2437
Iteration: 304	1423	1484	1818.22	2380
Iteration: 305	1423	1570	1822.73	2420
Iteration: 306	1423	1467	1816.82	2593
Iteration: 307	1423	1460	1821.28	2438
Iteration: 308	1423	1549	1798.53	2563
Iteration: 309	1423	1542	1835.78	2229
Iteration: 310	1423	1521	1797.11	2377
Iteration: 311	1423	1526	1811.08	2378
Iteration: 312	1423	1503	1827.78	2490
Iteration: 313	1423	1545	1834.76	2510
Iteration: 314	1423	1468	1830.94	2358
Iteration: 315	1423	1512	1818.43	2453
Iteration: 316	1423	1495	1818.96	2478
Iteration: 317	1423	1541	1845.69	2383
Iteration: 318	1423	1480	1817.41	2659
Iteration: 319	1423	1530	1813.16	2249
Iteration: 320	1423	1478	1824.61	2501
Iteration: 321	1423	1548	1815.98	2274
Iteration: 322	1423	1563	1817.17	2550
Iteration: 323	1423	1550	1839.81	2400
Iteration: 324	1423	1570	1806.62	2458
Iteration: 325	1423	1538	1808.24	2392
Iteration: 326	1423	1560	1811.56	2481
Iteration: 327	1423	1556	1831.8	2212
Iteration: 328	1423	1467	1791.11	2188
Iteration: 329	1423	1530	1846.99	2388
Iteration: 330	1423	1523	1791.76	2319
Iteration: 331	1423	1525	1794.97	2396
Iteration: 332	1423	1556	1829.43	2456
Iteration: 333	1423	1521	1825.47	2300
Iteration: 334	1423	1472	1844.25	2455
Iteration: 335	1423	1581	1827.22	2494
Iteration: 336	1423	1502	1846.1	2452
Iteration: 337	1423	1536	1802.15	2197
Iteration: 338	1423	1563	1840	2413
Iteration: 339	1423	1548	1827.7	2337
Iteration: 340	1423	1562	1812.68	2612
Iteration: 341	1423	1530	1806.7	2277
Iteration: 342	1423	1547	1830.5	2283
Iteration: 343	1423	1525	1845.24	2465
Iteration: 344	1423	1486	1809.58	2500
Iteration: 345	1423	1536	1804.83	2337
Iteration: 346	1423	1526	1830.24	2619
Iteration: 347	1423	1492	1831.13	2369
Iteration: 348	1423	1530	1816.59	2419
Iteration: 349	1423	1486	1824.68	2368
Iteration: 350	1423	1579	1841.58	2416
Iteration: 351	1423	1560	1832.65	2482
Iteration: 352	1423	1515	1822.9	2692
Iteration: 353	1423	1538	1828.68	2415
Iteration: 354	1423	1537	1801	2422
Iteration: 355	1423	1490	1819.86	2265
Iteration: 356	1423	1486	1798.34	2338
Iteration: 357	1423	1571	1829.47	2330
Iteration: 358	1423	1505	1796.52	2156
Iteration: 359	1423	1502	1784.12	2317
Iteration: 360	1423	1524	1839.22	2517
Iteration: 361	1423	1588	1847.62	2512
Iteration: 362	1423	1524	1815.57	2259
Iteration: 363	1423	1515	1820.14	2346
Iteration: 364	1423	1523	1791.9	2338
Iteration: 365	1423	1507	1843.03	2596
Iteration: 366	1423	1563	1795.99	2244
Iteration: 367	1423	1506	1813.14	2522
Iteration: 368	1423	1473	1826.78	2607
Iteration: 369	1423	1552	1824.32	2355
Iteration: 370	1423	1498	1842.3	2295
Iteration: 371	1423	1571	1793.35	2141
Iteration: 372	1423	1523	1802.18	2472
Iteration: 373	1423	1551	1832.52	2384
Iteration: 374	1423	1538	1810.15	2312
Iteration: 375	1423	1540	1815.86	2411
Iteration: 376	1423	1504	1800.57	2317
Iteration: 377	1422	1422	1822.66	2442
Iteration: 378	1422	1548	1817.14	2371
Iteration: 379	1422	1551	1781.63	2189
Iteration: 380	1422	1528	1834.94	2395
Iteration: 381	1422	1559	1807.1	2216
Iteration: 382	1422	1530	1848.07	2395
Iteration: 383	1422	1550	1839.13	2622
Iteration: 384	1422	1508	1819.19	2523
Iteration: 385	1422	1563	1816.56	2256
Iteration: 386	1422	1539	1842.71	2440
Iteration: 387	1422	1546	1858.33	2539
Iteration: 388	1422	1566	1834.96	2630
Iteration: 389	1422	1494	1803.4	2315
Iteration: 390	1422	1464	1805.58	2534
Iteration: 391	1422	1490	1839.68	2404
Iteration: 392	1422	1502	1812.48	2306
Iteration: 393	1422	1581	1821.43	2594
Iteration: 394	1422	1531	1825.45	2457
Iteration: 395	1422	1511	1810.73	2495
Iteration: 396	1422	1558	1843.82	2685
Iteration: 397	1422	1530	1803.67	2423
Iteration: 398	1422	1489	1802.01	2363
Iteration: 399	1422	1532	1852.72	2381
Iteration: 400	1422	1519	1813.18	2334
Iteration: 401	1422	1527	1819.76	2339
Iteration: 402	1422	1540	1808.94	2664
Iteration: 403	1422	1536	1823	2629
Iteration: 404	1422	1514	1836.69	2630
Iteration: 405	1422	1602	1834.35	2355
Iteration: 406	1422	1519	1827.2	2254
Iteration: 407	1422	1507	1819.04	2309
Iteration: 408	1422	1539	1814.93	2410
Iteration: 409	1422	1529	1803.01	2352
Iteration: 410	1422	1569	1826.16	2327
Iteration: 411	1422	1472	1816.51	2356
Iteration: 412	1422	1571	1822.92	2534
Iteration: 413	1422	1575	1828.32	2708
Iteration: 414	1422	1553	1793.27	2441
Iteration: 415	1422	1507	1806.01	2524
Iteration: 416	1422	1547	1824.51	2353
Iteration: 417	1422	1560	1837.75	2566
Iteration: 418	1422	1508	1821.38	2371
Iteration: 419	1422	1529	1785.91	2143
Iteration: 420	1422	1568	1846.26	2454
Iteration: 421	1422	1540	1812.13	2590
Iteration: 422	1422	1546	1801.65	2277
Iteration: 423	1422	1567	1809.11	2672
Iteration: 424	1422	1479	1808.85	2426
Iteration: 425	1422	1541	1824.73	2565
Iteration: 426	1422	1553	1834.84	2632
Iteration: 427	1422	1557	1805.7	2484
Iteration: 428	1422	1519	1815.04	2477
Iteration: 429	1422	1535	1808.71	2353
Iteration: 430	1422	1477	1819.96	2695
Iteration: 431	1422	1458	1840.24	2551
Iteration: 432	1422	1512	1817.41	2389
Iteration: 433	1422	1509	1809.19	2458
Iteration: 434	1422	1524	1805.09	2211
Iteration: 435	1422	1537	1799.88	2270
Iteration: 436	1422	1576	1837.71	2239
Iteration: 437	1422	1585	1820.71	2291
Iteration: 438	1422	1477	1805.85	2388
Iteration: 439	1422	1559	1834.13	2438
Iteration: 440	1422	1576	1825	2416
Iteration: 441	1422	1503	1803.32	2429
Iteration: 442	1422	1503	1845.46	2518
Iteration: 443	1422	1558	1826.76	2580
Iteration: 444	1422	1541	1824.38	2394
Iteration: 445	1422	1554	1822.19	2500
Iteration: 446	1422	1528	1829.59	2565
Iteration: 447	1422	1533	1798.59	2518
Iteration: 448	1422	1544	1807.55	2282
Iteration: 449	1422	1507	1812.41	2412
Iteration: 450	1422	1511	1811.54	2404
Iteration: 451	1422	1507	1820.06	2410
Iteration: 452	1422	1528	1812.53	2249
Iteration: 453	1422	1567	1847.89	2488
Iteration: 454	1422	1462	1821	2323
Iteration: 455	1422	1500	1822.18	2566
Iteration: 456	1422	1559	1812.38	2446
Iteration: 457	1422	1539	1820.82	2719
Iteration: 458	1422	1523	1800.37	2497
Iteration: 459	1422	1512	1837.82	2579
Iteration: 460	1422	1478	1813.11	2338
Iteration: 461	1422	1550	1843.44	2719
Iteration: 462	1422	1487	1790.32	2384
Iteration: 463	1422	1524	1846.63	2610
Iteration: 464	1422	1525	1808.58	2296
Iteration: 465	1422	1547	1806.5	2399
Iteration: 466	1422	1541	1814.04	2318
Iteration: 467	1422	1557	1811.23	2350
Iteration: 468	1422	1577	1825.92	2651
Iteration: 469	1422	1486	1814.63	2579
Iteration: 470	1422	1568	1829.45	3293
Iteration: 471	1422	1554	1801.25	2395
Iteration: 472	1422	1545	1798.03	2457
Iteration: 473	1422	1543	1811.2	2816
Iteration: 474	1422	1567	1853.75	2409
Iteration: 475	1422	1526	1800.41	2569
Iteration: 476	1422	1478	1824.98	2255
Iteration: 477	1422	1486	1794.25	2287
Iteration: 478	1422	1490	1814.17	2670
Iteration: 479	1422	1575	1820.02	2212
Iteration: 480	1422	1563	1796.95	2221
Iteration: 481	1422	1498	1820.32	2630
Iteration: 482	1422	1560	1832.5	2361
Iteration: 483	1422	1530	1819.87	2505
Iteration: 484	1422	1554	1827.71	2448
Iteration: 485	1422	1440	1823.6	2393
Iteration: 486	1422	1549	1828.1	2299
Iteration: 487	1422	1466	1824.61	2320
Iteration: 488	1422	1477	1804.26	2227
Iteration: 489	1422	1515	1816.47	2371
Iteration: 490	1422	1548	1832.5	2407
Iteration: 491	1422	1540	1813.1	2623
Iteration: 492	1422	1511	1823.45	2346
Iteration: 493	1422	1492	1827.41	2380
Iteration: 494	1422	1484	1828.68	2351
Iteration: 495	1422	1503	1853.73	2635
Iteration: 496	1422	1512	1819.35	2339
Iteration: 497	1422	1505	1845.06	3063
Iteration: 498	1422	1499	1788.03	2262
Iteration: 499	1422	1536	1811.58	2290
