Iteration: 0	1546	1546	1747.44	2092
Iteration: 1	1523	1523	1766.74	2255
Iteration: 2	1523	1567	1843.57	2364
Iteration: 3	1505	1505	1899.14	2710
Iteration: 4	1505	1566	1962.88	2696
Iteration: 5	1505	1584	1900.7	2377
Iteration: 6	1505	1608	1912.14	2412
Iteration: 7	1505	1550	1835.58	2181
Iteration: 8	1505	1588	1837.82	2509
Iteration: 9	1505	1518	1820.12	2309
Iteration: 10	1461	1461	1857.64	2310
Iteration: 11	1461	1496	1846.06	3002
Iteration: 12	1461	1549	1819.58	2577
Iteration: 13	1461	1504	1814.7	2366
Iteration: 14	1461	1565	1815.01	2372
Iteration: 15	1461	1555	1815.56	2376
Iteration: 16	1461	1581	1811.81	2205
Iteration: 17	1461	1577	1866.14	2486
Iteration: 18	1461	1506	1820.76	2612
Iteration: 19	1461	1487	1804.04	2430
Iteration: 20	1461	1531	1804.51	2824
Iteration: 21	1461	1582	1830.8	2398
Iteration: 22	1461	1466	1783.62	2237
Iteration: 23	1461	1505	1808.7	2279
Iteration: 24	1461	1528	1800.99	2457
Iteration: 25	1461	1535	1845.76	2244
Iteration: 26	1461	1535	1824.31	2399
Iteration: 27	1438	1438	1819.06	2416
Iteration: 28	1438	1572	1830.02	2376
Iteration: 29	1438	1533	1826.95	2788
Iteration: 30	1438	1508	1797.18	2389
Iteration: 31	1438	1545	1817.25	2380
Iteration: 32	1438	1531	1856.3	2748
Iteration: 33	1438	1522	1830.23	2589
Iteration: 34	1438	1454	1794.75	2179
Iteration: 35	1438	1546	1811.16	2388
Iteration: 36	1438	1462	1805.28	2371
Iteration: 37	1438	1568	1814.75	2505
Iteration: 38	1438	1561	1811.2	2232
Iteration: 39	1438	1523	1808.69	2164
Iteration: 40	1438	1482	1830.16	2462
Iteration: 41	1438	1548	1805.58	2393
Iteration: 42	1438	1536	1819.26	2375
Iteration: 43	1438	1529	1856.3	2724
Iteration: 44	1438	1549	1829.88	2483
Iteration: 45	1438	1502	1811.45	2313
Iteration: 46	1438	1567	1795.61	2611
Iteration: 47	1438	1534	1792.97	2264
Iteration: 48	1438	1587	1818.94	2506
Iteration: 49	1434	1434	1805.53	2346
Iteration: 50	1434	1532	1828.68	2382
Iteration: 51	1434	1547	1779.77	2463
Iteration: 52	1434	1576	1821.17	2487
Iteration: 53	1434	1532	1824.42	2432
Iteration: 54	1434	1461	1793.61	2448
Iteration: 55	1434	1507	1793.21	2260
Iteration: 56	1434	1544	1812.07	2255
Iteration: 57	1434	1547	1861.39	2514
Iteration: 58	1434	1568	1848.64	2476
Iteration: 59	1434	1603	1842.8	2290
Iteration: 60	1434	1507	1839.17	2823
Iteration: 61	1434	1525	1831.66	2438
Iteration: 62	1434	1566	1800.41	2297
Iteration: 63	1434	1537	1819.17	2480
Iteration: 64	1434	1489	1780.73	2244
Iteration: 65	1434	1528	1826.29	2727
Iteration: 66	1434	1478	1806.51	2383
Iteration: 67	1434	1532	1791.26	2435
Iteration: 68	1434	1463	1815.06	2506
Iteration: 69	1434	1527	1822.11	2324
Iteration: 70	1434	1557	1788.34	2325
Iteration: 71	1434	1477	1811.18	2388
Iteration: 72	1434	1511	1814.54	2287
Iteration: 73	1434	1550	1830.24	2523
Iteration: 74	1434	1545	1807.64	2254
Iteration: 75	1434	1538	1826.09	2334
Iteration: 76	1434	1571	1838.24	2590
Iteration: 77	1434	1549	1803.67	2417
Iteration: 78	1434	1537	1800.42	2611
Iteration: 79	1434	1462	1824.6	2291
Iteration: 80	1434	1535	1810.94	2460
Iteration: 81	1434	1483	1829.81	2339
Iteration: 82	1434	1554	1821.34	2434
Iteration: 83	1434	1553	1831.69	2484
Iteration: 84	1434	1477	1830.23	2306
Iteration: 85	1434	1467	1818.52	2260
Iteration: 86	1434	1514	1819.37	2387
Iteration: 87	1434	1501	1787	2161
Iteration: 88	1434	1528	1807.71	2530
Iteration: 89	1434	1509	1843.14	2516
Iteration: 90	1434	1555	1804.85	2650
Iteration: 91	1434	1538	1824.68	2416
Iteration: 92	1434	1516	1829.12	2537
Iteration: 93	1434	1512	1811.79	2276
Iteration: 94	1434	1590	1826.56	2400
Iteration: 95	1434	1536	1827.82	2561
Iteration: 96	1434	1545	1816.76	2318
Iteration: 97	1434	1567	1814.41	2481
Iteration: 98	1434	1509	1825.21	2346
Iteration: 99	1434	1489	1844.31	2486
Iteration: 100	1434	1567	1853.1	2414
Iteration: 101	1434	1475	1843.99	2640
Iteration: 102	1434	1530	1844.75	2307
Iteration: 103	1434	1530	1794.97	2310
Iteration: 104	1434	1542	1803.74	2228
Iteration: 105	1434	1541	1851.81	2697
Iteration: 106	1434	1520	1810.27	2335
Iteration: 107	1434	1560	1810.43	2397
Iteration: 108	1434	1572	1819.31	2589
Iteration: 109	1434	1514	1787.88	2173
Iteration: 110	1434	1560	1839.54	2645
Iteration: 111	1434	1511	1804.16	2297
Iteration: 112	1434	1508	1828.53	2471
Iteration: 113	1434	1476	1817.19	2453
Iteration: 114	1434	1443	1794.9	2249
Iteration: 115	1434	1542	1811.95	2264
Iteration: 116	1434	1516	1868.91	2485
Iteration: 117	1434	1541	1810.33	2276
Iteration: 118	1434	1526	1813.17	2396
Iteration: 119	1434	1505	1788.9	2355
Iteration: 120	1434	1482	1809.15	2403
Iteration: 121	1434	1480	1800.05	2339
Iteration: 122	1434	1565	1818.62	2372
Iteration: 123	1434	1513	1826.11	2475
Iteration: 124	1434	1532	1787.92	2307
Iteration: 125	1434	1465	1787.8	2230
Iteration: 126	1434	1534	1841.75	2320
Iteration: 127	1434	1567	1788.57	2211
Iteration: 128	1434	1554	1814.46	2138
Iteration: 129	1434	1569	1835.57	2973
Iteration: 130	1434	1488	1851.12	2368
Iteration: 131	1434	1526	1831.04	2491
Iteration: 132	1434	1489	1822.13	2444
Iteration: 133	1434	1569	1838.85	2497
Iteration: 134	1434	1562	1861.91	2604
Iteration: 135	1434	1503	1804.55	2271
Iteration: 136	1434	1549	1820.18	2197
Iteration: 137	1434	1521	1812.79	2438
Iteration: 138	1434	1498	1842.05	2662
Iteration: 139	1434	1569	1794.85	2430
Iteration: 140	1434	1516	1848.85	2435
Iteration: 141	1434	1531	1813.35	2401
Iteration: 142	1434	1571	1830.69	2305
Iteration: 143	1434	1533	1819.46	2254
Iteration: 144	1434	1480	1832.81	2957
Iteration: 145	1434	1515	1815.79	2473
Iteration: 146	1434	1528	1799.54	2425
Iteration: 147	1434	1562	1827.41	2263
Iteration: 148	1434	1534	1831.73	2342
Iteration: 149	1434	1533	1835.38	2720
Iteration: 150	1434	1552	1820.07	2315
Iteration: 151	1434	1523	1805.4	2643
Iteration: 152	1434	1518	1794.84	2218
Iteration: 153	1434	1552	1815.53	2250
Iteration: 154	1434	1512	1790.36	2219
Iteration: 155	1434	1545	1816.19	2237
Iteration: 156	1434	1572	1824.88	2448
Iteration: 157	1434	1504	1821.84	2492
Iteration: 158	1434	1557	1837.65	2440
Iteration: 159	1434	1481	1813.82	2539
Iteration: 160	1434	1520	1825.39	2515
Iteration: 161	1434	1552	1805.87	2313
Iteration: 162	1434	1472	1784.81	2244
Iteration: 163	1434	1560	1810.46	2371
Iteration: 164	1434	1533	1833.33	2539
Iteration: 165	1434	1558	1851.47	2366
Iteration: 166	1434	1526	1811.01	2605
Iteration: 167	1434	1492	1819.93	2280
Iteration: 168	1434	1520	1809.44	2643
Iteration: 169	1434	1516	1823.19	2453
Iteration: 170	1434	1557	1822.29	2375
Iteration: 171	1434	1566	1811.05	2419
Iteration: 172	1434	1517	1800.36	2548
Iteration: 173	1434	1512	1805.14	2322
Iteration: 174	1434	1500	1812.05	2396
Iteration: 175	1434	1535	1790.83	2608
Iteration: 176	1434	1548	1824.85	2461
Iteration: 177	1434	1476	1810.01	2279
Iteration: 178	1434	1516	1796.91	2222
Iteration: 179	1434	1523	1835.3	2252
Iteration: 180	1434	1562	1816.33	2591
Iteration: 181	1434	1457	1802.65	2140
Iteration: 182	1434	1490	1850.23	2478
Iteration: 183	1434	1559	1839.49	2833
Iteration: 184	1434	1593	1827.91	2442
Iteration: 185	1434	1542	1798.13	2314
Iteration: 186	1434	1521	1788.45	2461
Iteration: 187	1434	1563	1813.76	2648
Iteration: 188	1434	1557	1880.24	2596
Iteration: 189	1434	1561	1836.23	2377
Iteration: 190	1434	1473	1840.53	2534
Iteration: 191	1434	1560	1839.43	2352
Iteration: 192	1434	1553	1824.49	2268
Iteration: 193	1434	1447	1802.93	2435
Iteration: 194	1434	1526	1836.21	2340
Iteration: 195	1434	1533	1794.88	2302
Iteration: 196	1434	1507	1797.28	2440
Iteration: 197	1434	1508	1801.04	2378
Iteration: 198	1434	1516	1794.98	2240
Iteration: 199	1434	1520	1859.99	2475
Iteration: 200	1434	1556	1813.72	2447
Iteration: 201	1434	1534	1819.29	2233
Iteration: 202	1434	1537	1816.95	2240
Iteration: 203	1434	1520	1798.2	2447
Iteration: 204	1434	1588	1847.84	2307
Iteration: 205	1434	1506	1852.17	2419
Iteration: 206	1434	1480	1791.21	2168
Iteration: 207	1434	1517	1824.92	2475
Iteration: 208	1434	1510	1802.1	2376
Iteration: 209	1434	1564	1822.51	2312
Iteration: 210	1434	1544	1798.25	2431
Iteration: 211	1434	1522	1846.49	2663
Iteration: 212	1434	1506	1818.89	2532
Iteration: 213	1434	1551	1817.37	2376
Iteration: 214	1434	1543	1799.51	2381
Iteration: 215	1434	1584	1827.62	2690
Iteration: 216	1434	1544	1831.67	2370
Iteration: 217	1434	1490	1812.2	2375
Iteration: 218	1434	1496	1844.11	2532
Iteration: 219	1434	1579	1799.03	2333
Iteration: 220	1434	1550	1832	2446
Iteration: 221	1434	1527	1809.05	2453
Iteration: 222	1434	1547	1821.77	2359
Iteration: 223	1434	1552	1846.82	2310
Iteration: 224	1434	1483	1848.13	2358
Iteration: 225	1434	1566	1833.72	2248
Iteration: 226	1434	1587	1847.5	2462
Iteration: 227	1434	1524	1784.22	2460
Iteration: 228	1434	1507	1825.49	2407
Iteration: 229	1434	1562	1831.57	2394
Iteration: 230	1434	1562	1879.95	2604
Iteration: 231	1434	1563	1856.69	2595
Iteration: 232	1434	1500	1784.47	2478
Iteration: 233	1434	1552	1808.03	2322
Iteration: 234	1434	1526	1870.43	2477
Iteration: 235	1434	1546	1821.04	2215
Iteration: 236	1434	1509	1831.96	2436
Iteration: 237	1434	1552	1806.23	2354
Iteration: 238	1434	1529	1782.51	2365
Iteration: 239	1434	1525	1824.2	2494
Iteration: 240	1434	1543	1818.9	2318
Iteration: 241	1434	1590	1793.62	2216
Iteration: 242	1434	1494	1820.98	2211
Iteration: 243	1434	1561	1831.27	2725
Iteration: 244	1434	1561	1805.54	2353
Iteration: 245	1434	1539	1842.75	2356
Iteration: 246	1434	1572	1831.07	2242
Iteration: 247	1434	1540	1832.64	2403
Iteration: 248	1434	1549	1865.42	2340
Iteration: 249	1434	1519	1816.34	2349
Iteration: 250	1434	1497	1817.02	2319
Iteration: 251	1434	1484	1816.59	2567
Iteration: 252	1434	1503	1844.19	2531
Iteration: 253	1434	1557	1810.39	2269
Iteration: 254	1434	1506	1774.9	2124
Iteration: 255	1434	1553	1845.16	2429
Iteration: 256	1434	1566	1863.53	2448
Iteration: 257	1434	1502	1829.55	2640
Iteration: 258	1434	1555	1818.88	2739
Iteration: 259	1434	1542	1815.12	2650
Iteration: 260	1434	1505	1817.91	2629
Iteration: 261	1434	1566	1791.96	2389
Iteration: 262	1434	1554	1843.54	2620
Iteration: 263	1434	1509	1788.06	2528
Iteration: 264	1434	1577	1852.37	2464
Iteration: 265	1434	1550	1848.12	2391
Iteration: 266	1434	1557	1846.62	2284
Iteration: 267	1434	1523	1819.18	2495
Iteration: 268	1434	1547	1809.67	2702
Iteration: 269	1434	1446	1814.08	2315
Iteration: 270	1434	1494	1816.33	2476
Iteration: 271	1434	1490	1799.19	2264
Iteration: 272	1434	1543	1778.1	2207
Iteration: 273	1434	1523	1866.68	2531
Iteration: 274	1434	1571	1832.55	2361
Iteration: 275	1431	1431	1818.95	2194
Iteration: 276	1431	1492	1836.99	2402
Iteration: 277	1431	1455	1803.7	2726
Iteration: 278	1431	1537	1814.77	2238
Iteration: 279	1431	1522	1823.09	2275
Iteration: 280	1431	1519	1831.03	2463
Iteration: 281	1431	1567	1806.68	2424
Iteration: 282	1431	1573	1824.18	2342
Iteration: 283	1431	1557	1818.96	2598
Iteration: 284	1431	1575	1818.32	2224
Iteration: 285	1431	1582	1821.94	2455
Iteration: 286	1431	1500	1819.55	2367
Iteration: 287	1431	1559	1824.51	2500
Iteration: 288	1431	1500	1786.99	2380
Iteration: 289	1431	1523	1825.92	2397
Iteration: 290	1431	1566	1812.21	2430
Iteration: 291	1431	1551	1827.58	2284
Iteration: 292	1431	1551	1839.02	2510
Iteration: 293	1431	1532	1844.48	2582
Iteration: 294	1431	1465	1804.95	2423
Iteration: 295	1431	1561	1810.84	2470
Iteration: 296	1431	1540	1826.18	2205
Iteration: 297	1431	1514	1811.77	2449
Iteration: 298	1431	1557	1801.46	2261
Iteration: 299	1431	1543	1824.02	2367
Iteration: 300	1431	1540	1798.02	2401
Iteration: 301	1431	1539	1817.1	2282
Iteration: 302	1431	1576	1828.56	2412
Iteration: 303	1431	1524	1815.81	2528
Iteration: 304	1431	1530	1838.08	2529
Iteration: 305	1431	1532	1834.31	2313
Iteration: 306	1431	1513	1831.19	2245
Iteration: 307	1431	1520	1824.21	2367
Iteration: 308	1431	1491	1788.99	2499
Iteration: 309	1431	1547	1851.26	2495
Iteration: 310	1431	1453	1773.53	2407
Iteration: 311	1431	1540	1819.16	2175
Iteration: 312	1431	1559	1832.35	2285
Iteration: 313	1431	1565	1830.21	2397
Iteration: 314	1431	1495	1817.58	2372
Iteration: 315	1431	1554	1809.22	2378
Iteration: 316	1431	1539	1814.85	2592
Iteration: 317	1431	1508	1818.44	2438
Iteration: 318	1431	1514	1810.18	2720
Iteration: 319	1431	1521	1830.63	2534
Iteration: 320	1431	1560	1832.82	2412
Iteration: 321	1431	1516	1812.07	2471
Iteration: 322	1431	1516	1812.89	2404
Iteration: 323	1431	1541	1833.82	2364
Iteration: 324	1431	1473	1846.54	2366
Iteration: 325	1431	1549	1834.96	2519
Iteration: 326	1431	1461	1796.4	2498
Iteration: 327	1431	1539	1812.44	2518
Iteration: 328	1431	1477	1833.76	2299
Iteration: 329	1431	1515	1813.55	2310
Iteration: 330	1431	1547	1851.86	2488
Iteration: 331	1431	1544	1843.74	2519
Iteration: 332	1431	1562	1843.2	2487
Iteration: 333	1431	1463	1830.47	2359
Iteration: 334	1431	1531	1802.93	2252
Iteration: 335	1431	1529	1861.42	2680
Iteration: 336	1431	1514	1812.54	2216
Iteration: 337	1431	1498	1811.47	2484
Iteration: 338	1431	1526	1813.03	2243
Iteration: 339	1431	1483	1835.64	2317
Iteration: 340	1431	1565	1790.13	2246
Iteration: 341	1431	1536	1795.91	2346
Iteration: 342	1431	1518	1851.15	2351
Iteration: 343	1431	1527	1811.61	2295
Iteration: 344	1431	1567	1819.96	2237
Iteration: 345	1431	1551	1846.64	2473
Iteration: 346	1431	1519	1817.02	2573
Iteration: 347	1431	1520	1789.79	2409
Iteration: 348	1431	1573	1830.55	2248
Iteration: 349	1431	1545	1828.9	2633
Iteration: 350	1431	1525	1819.24	2524
Iteration: 351	1431	1539	1811.24	2489
Iteration: 352	1431	1479	1786.35	2321
Iteration: 353	1431	1563	1824.32	2555
Iteration: 354	1431	1524	1809.53	2359
Iteration: 355	1431	1524	1842.99	2560
Iteration: 356	1431	1513	1847.48	2314
Iteration: 357	1431	1492	1797.37	2280
Iteration: 358	1431	1519	1826.61	2277
Iteration: 359	1431	1547	1813.34	2481
Iteration: 360	1431	1500	1817.13	2302
Iteration: 361	1431	1524	1808.19	2231
Iteration: 362	1431	1556	1835.39	2439
Iteration: 363	1431	1481	1829.73	2349
Iteration: 364	1431	1481	1833.99	2502
Iteration: 365	1431	1549	1800.08	2312
Iteration: 366	1431	1535	1845.82	2604
Iteration: 367	1431	1511	1836.15	2418
Iteration: 368	1431	1568	1819.49	2357
Iteration: 369	1431	1528	1837.21	2542
Iteration: 370	1431	1506	1810.88	2563
Iteration: 371	1431	1489	1812.29	2292
Iteration: 372	1431	1580	1843.83	2365
Iteration: 373	1431	1485	1850.6	2825
Iteration: 374	1431	1522	1791.03	2343
Iteration: 375	1431	1567	1827.1	2402
Iteration: 376	1431	1520	1824.47	2410
Iteration: 377	1431	1531	1836.61	2574
Iteration: 378	1431	1555	1829.09	2401
Iteration: 379	1431	1573	1825.92	2395
Iteration: 380	1431	1547	1806.69	2566
Iteration: 381	1431	1589	1832.91	2326
Iteration: 382	1431	1509	1820.99	2591
Iteration: 383	1431	1541	1812.83	2224
Iteration: 384	1431	1520	1828.46	2426
Iteration: 385	1431	1503	1803.19	2406
Iteration: 386	1431	1483	1846.88	2544
Iteration: 387	1431	1531	1819.28	2314
Iteration: 388	1431	1543	1811.24	2276
Iteration: 389	1431	1489	1798.33	2347
Iteration: 390	1431	1487	1800.69	2361
Iteration: 391	1431	1522	1828.04	2431
Iteration: 392	1431	1542	1810	2330
Iteration: 393	1431	1472	1801.37	2399
Iteration: 394	1431	1558	1846.39	2523
Iteration: 395	1431	1471	1803.7	2419
Iteration: 396	1431	1527	1828.38	2464
Iteration: 397	1431	1522	1842.37	2419
Iteration: 398	1431	1508	1796.3	2280
Iteration: 399	1431	1560	1823.8	2366
Iteration: 400	1431	1509	1814.92	2422
Iteration: 401	1431	1580	1820.98	2380
Iteration: 402	1431	1501	1816.82	2376
Iteration: 403	1431	1542	1777.33	2519
Iteration: 404	1431	1469	1830.7	2302
Iteration: 405	1431	1532	1831.25	2427
Iteration: 406	1431	1545	1800.76	2194
Iteration: 407	1431	1507	1849.05	2736
Iteration: 408	1431	1550	1821.54	2506
Iteration: 409	1431	1570	1813.87	2374
Iteration: 410	1431	1568	1855.82	2725
Iteration: 411	1431	1557	1815.77	2307
Iteration: 412	1431	1527	1785.43	2183
Iteration: 413	1431	1506	1802.81	2730
Iteration: 414	1431	1516	1830.6	2287
Iteration: 415	1431	1526	1851.47	2339
Iteration: 416	1431	1502	1823.2	2523
Iteration: 417	1431	1459	1789.06	2312
Iteration: 418	1431	1569	1823	2144
Iteration: 419	1431	1573	1824.03	2547
Iteration: 420	1431	1577	1821.48	2429
Iteration: 421	1431	1538	1852.94	2408
Iteration: 422	1431	1551	1785.53	2330
Iteration: 423	1431	1538	1837.47	2366
Iteration: 424	1431	1529	1821.66	2459
Iteration: 425	1431	1561	1851.94	2542
Iteration: 426	1431	1518	1838.46	2502
Iteration: 427	1431	1580	1841.8	2505
Iteration: 428	1431	1573	1847.21	2393
Iteration: 429	1431	1505	1802.09	2443
Iteration: 430	1431	1523	1824.82	2523
Iteration: 431	1431	1547	1799.68	2242
Iteration: 432	1431	1553	1801.2	2513
Iteration: 433	1431	1561	1823.52	2579
Iteration: 434	1431	1495	1811.89	2365
Iteration: 435	1431	1548	1811.14	2629
Iteration: 436	1431	1531	1819.91	2558
Iteration: 437	1431	1534	1784.46	2186
Iteration: 438	1431	1488	1787.98	2598
Iteration: 439	1431	1537	1860.97	2571
Iteration: 440	1431	1531	1801.71	2362
Iteration: 441	1431	1506	1859.14	2564
Iteration: 442	1431	1469	1799.99	2331
Iteration: 443	1431	1520	1819.87	2399
Iteration: 444	1431	1572	1805.79	2306
Iteration: 445	1431	1565	1836.2	2452
Iteration: 446	1431	1473	1840.88	2559
Iteration: 447	1431	1545	1788.88	2407
Iteration: 448	1431	1555	1817.62	2258
Iteration: 449	1431	1539	1800.33	2428
Iteration: 450	1431	1519	1840.76	2473
Iteration: 451	1431	1494	1800.59	2438
Iteration: 452	1431	1573	1873.05	2644
Iteration: 453	1431	1587	1816.46	2271
Iteration: 454	1431	1566	1817.96	2599
Iteration: 455	1431	1549	1822.43	2494
Iteration: 456	1431	1518	1822.8	2490
Iteration: 457	1431	1521	1828.88	2441
Iteration: 458	1431	1622	1825.37	2487
Iteration: 459	1431	1535	1836.65	2529
Iteration: 460	1431	1483	1818.85	2634
Iteration: 461	1431	1555	1832.24	2430
Iteration: 462	1431	1561	1815.68	2281
Iteration: 463	1431	1520	1839.19	2787
Iteration: 464	1431	1493	1815.86	2214
Iteration: 465	1431	1563	1821.7	2491
Iteration: 466	1431	1481	1829.94	2333
Iteration: 467	1431	1514	1807.77	2322
Iteration: 468	1431	1522	1815.76	2600
Iteration: 469	1431	1515	1806.17	2446
Iteration: 470	1431	1511	1780.96	2277
Iteration: 471	1431	1510	1771.38	2265
Iteration: 472	1431	1521	1834.66	2413
Iteration: 473	1431	1561	1817.36	2310
Iteration: 474	1431	1480	1787.29	2524
Iteration: 475	1431	1567	1797.96	2207
Iteration: 476	1431	1550	1849.79	2467
Iteration: 477	1431	1527	1798.28	2136
Iteration: 478	1431	1535	1830.1	2533
Iteration: 479	1431	1511	1884.69	2551
Iteration: 480	1431	1547	1830.47	2360
Iteration: 481	1431	1504	1834	2418
Iteration: 482	1431	1500	1804.48	2591
Iteration: 483	1431	1572	1840.13	2363
Iteration: 484	1431	1530	1827.96	2385
Iteration: 485	1431	1521	1841.77	2492
Iteration: 486	1431	1516	1813.27	2387
Iteration: 487	1431	1550	1805.6	2333
Iteration: 488	1431	1548	1786.97	2243
Iteration: 489	1431	1472	1823.89	2494
Iteration: 490	1431	1502	1821.3	2248
Iteration: 491	1431	1513	1833.57	2784
Iteration: 492	1431	1561	1827.78	2355
Iteration: 493	1431	1532	1836.06	2607
Iteration: 494	1431	1553	1837.02	2279
Iteration: 495	1431	1509	1825.75	2585
Iteration: 496	1431	1526	1819.31	2763
Iteration: 497	1431	1526	1826.81	2527
Iteration: 498	1431	1542	1802.07	2108
Iteration: 499	1431	1488	1813.52	2394
