1695.050 ( 64.116 ) 1695.050 ( 64.116 ) 2156.142 ( 18.393 ) 2893.600 ( 125.901 )
1672.100 ( 46.115 ) 1701.650 ( 44.121 ) 2135.338 ( 20.805 ) 2776.150 ( 99.938 )
1670.900 ( 47.335 ) 1813.250 ( 73.947 ) 2270.709 ( 21.929 ) 2874.000 ( 152.075 )
1670.900 ( 47.335 ) 1980.350 ( 50.546 ) 2492.797 ( 41.706 ) 3189.400 ( 151.614 )
1670.900 ( 47.335 ) 1885.250 ( 64.565 ) 2455.333 ( 35.170 ) 3205.650 ( 132.351 )
1670.900 ( 47.335 ) 1858.100 ( 54.505 ) 2373.666 ( 27.232 ) 3073.300 ( 166.537 )
1670.900 ( 47.335 ) 1823.800 ( 62.451 ) 2348.742 ( 29.527 ) 3039.100 ( 144.633 )
1668.300 ( 45.635 ) 1804.700 ( 59.213 ) 2345.079 ( 24.826 ) 3114.900 ( 138.764 )
1662.950 ( 46.347 ) 1805.400 ( 58.378 ) 2338.089 ( 23.201 ) 3026.050 ( 166.016 )
1662.650 ( 46.540 ) 1793.350 ( 65.583 ) 2333.566 ( 20.418 ) 3043.550 ( 121.948 )
1659.250 ( 46.463 ) 1785.050 ( 66.786 ) 2321.930 ( 21.569 ) 3042.050 ( 136.073 )
1659.250 ( 46.463 ) 1813.750 ( 60.444 ) 2327.932 ( 28.012 ) 3007.000 ( 194.949 )
1655.400 ( 42.932 ) 1813.100 ( 63.567 ) 2330.700 ( 28.389 ) 3085.600 ( 203.323 )
1649.200 ( 43.624 ) 1766.200 ( 84.141 ) 2318.518 ( 23.731 ) 3035.850 ( 150.801 )
1648.950 ( 43.288 ) 1811.200 ( 64.531 ) 2331.758 ( 23.336 ) 3089.800 ( 154.088 )
1643.850 ( 42.740 ) 1777.000 ( 76.419 ) 2318.069 ( 22.266 ) 3078.250 ( 140.677 )
1642.950 ( 43.891 ) 1787.350 ( 72.140 ) 2332.746 ( 22.776 ) 3097.900 ( 128.452 )
1642.950 ( 43.891 ) 1776.550 ( 58.561 ) 2314.628 ( 18.563 ) 3052.900 ( 109.212 )
1642.950 ( 43.891 ) 1805.550 ( 73.893 ) 2315.891 ( 29.497 ) 3040.950 ( 140.632 )
1642.950 ( 43.891 ) 1782.500 ( 42.840 ) 2324.514 ( 14.608 ) 3012.450 ( 107.188 )
1641.600 ( 41.643 ) 1781.050 ( 59.105 ) 2321.297 ( 29.607 ) 3051.950 ( 130.912 )
1641.150 ( 41.054 ) 1791.000 ( 54.000 ) 2317.380 ( 25.681 ) 3036.900 ( 131.092 )
1641.150 ( 41.054 ) 1786.100 ( 61.736 ) 2322.759 ( 29.759 ) 3046.700 ( 152.631 )
1638.600 ( 37.092 ) 1755.050 ( 62.326 ) 2317.806 ( 20.244 ) 3065.600 ( 131.929 )
1635.550 ( 36.326 ) 1792.750 ( 72.964 ) 2325.588 ( 32.981 ) 3070.100 ( 145.772 )
1635.550 ( 36.326 ) 1801.000 ( 54.643 ) 2319.762 ( 33.671 ) 3069.550 ( 104.204 )
1635.450 ( 36.175 ) 1788.300 ( 62.360 ) 2319.863 ( 24.448 ) 3070.500 ( 140.391 )
1632.500 ( 36.377 ) 1780.950 ( 65.190 ) 2308.813 ( 16.348 ) 3046.250 ( 173.342 )
1632.500 ( 36.377 ) 1786.200 ( 60.023 ) 2326.306 ( 20.709 ) 3060.650 ( 128.605 )
1630.550 ( 34.845 ) 1786.400 ( 54.709 ) 2323.042 ( 26.850 ) 3108.650 ( 174.845 )
1630.550 ( 34.845 ) 1794.000 ( 62.611 ) 2321.395 ( 22.986 ) 3031.950 ( 131.731 )
1630.550 ( 34.845 ) 1791.600 ( 50.083 ) 2323.520 ( 21.438 ) 3022.050 ( 144.545 )
1630.550 ( 34.845 ) 1774.850 ( 62.819 ) 2318.305 ( 26.254 ) 3049.100 ( 156.600 )
1630.550 ( 34.845 ) 1814.850 ( 59.438 ) 2312.745 ( 21.090 ) 3026.000 ( 128.339 )
1630.550 ( 34.845 ) 1798.150 ( 62.241 ) 2317.273 ( 20.415 ) 3023.300 ( 176.662 )
1630.550 ( 34.845 ) 1791.350 ( 57.253 ) 2320.550 ( 22.553 ) 3049.550 ( 122.566 )
1630.550 ( 34.845 ) 1784.000 ( 74.363 ) 2316.831 ( 28.428 ) 3070.150 ( 188.211 )
1630.550 ( 34.845 ) 1796.250 ( 55.047 ) 2321.598 ( 31.189 ) 3083.300 ( 162.716 )
1627.750 ( 31.746 ) 1780.150 ( 62.397 ) 2309.815 ( 21.253 ) 3022.900 ( 119.233 )
1627.750 ( 31.746 ) 1786.300 ( 64.788 ) 2315.404 ( 23.221 ) 3040.800 ( 105.820 )
1627.750 ( 31.746 ) 1811.850 ( 65.599 ) 2320.436 ( 20.932 ) 3086.800 ( 164.752 )
1627.750 ( 31.746 ) 1789.250 ( 61.351 ) 2313.012 ( 34.660 ) 3036.250 ( 149.683 )
1627.750 ( 31.746 ) 1787.950 ( 75.520 ) 2316.026 ( 25.627 ) 3047.950 ( 123.856 )
1627.100 ( 30.914 ) 1768.300 ( 66.312 ) 2302.543 ( 32.540 ) 3037.450 ( 155.399 )
1627.100 ( 30.914 ) 1786.850 ( 61.236 ) 2318.054 ( 28.219 ) 3058.750 ( 147.071 )
1627.100 ( 30.914 ) 1778.850 ( 57.080 ) 2316.412 ( 23.984 ) 2975.050 ( 146.135 )
1627.100 ( 30.914 ) 1799.900 ( 52.621 ) 2319.599 ( 28.792 ) 3044.350 ( 107.992 )
1627.100 ( 30.914 ) 1774.400 ( 68.951 ) 2313.850 ( 24.531 ) 2999.900 ( 117.071 )
1627.100 ( 30.914 ) 1774.050 ( 59.823 ) 2311.434 ( 23.575 ) 3075.550 ( 145.503 )
1627.100 ( 30.914 ) 1781.600 ( 53.686 ) 2316.424 ( 28.413 ) 3050.400 ( 138.882 )
1627.100 ( 30.914 ) 1762.150 ( 62.066 ) 2313.977 ( 24.771 ) 2999.550 ( 103.907 )
1627.100 ( 30.914 ) 1784.000 ( 67.100 ) 2323.403 ( 21.622 ) 3037.500 ( 131.746 )
1627.100 ( 30.914 ) 1782.000 ( 56.790 ) 2304.865 ( 19.137 ) 3037.600 ( 104.081 )
1627.100 ( 30.914 ) 1808.500 ( 48.329 ) 2309.141 ( 22.989 ) 3004.700 ( 126.950 )
1627.050 ( 30.850 ) 1801.800 ( 59.895 ) 2318.178 ( 24.917 ) 3101.600 ( 139.172 )
1627.050 ( 30.850 ) 1798.300 ( 43.980 ) 2328.938 ( 20.738 ) 3006.700 ( 92.614 )
1626.800 ( 30.862 ) 1783.400 ( 71.173 ) 2313.395 ( 24.173 ) 3011.000 ( 104.406 )
1626.800 ( 30.862 ) 1811.450 ( 47.276 ) 2322.495 ( 27.543 ) 3004.900 ( 123.420 )
1626.800 ( 30.862 ) 1791.700 ( 55.640 ) 2322.347 ( 18.212 ) 3050.000 ( 142.340 )
1622.050 ( 36.551 ) 1772.350 ( 91.113 ) 2316.007 ( 30.251 ) 3116.900 ( 193.690 )
1619.650 ( 35.377 ) 1752.300 ( 72.825 ) 2324.151 ( 29.612 ) 3052.300 ( 115.608 )
1619.650 ( 35.377 ) 1782.700 ( 49.692 ) 2320.482 ( 27.196 ) 3041.650 ( 124.660 )
1619.650 ( 35.377 ) 1767.750 ( 59.688 ) 2312.229 ( 23.435 ) 3038.250 ( 174.353 )
1619.650 ( 35.377 ) 1775.650 ( 46.059 ) 2316.292 ( 33.431 ) 2998.350 ( 117.671 )
1619.650 ( 35.377 ) 1794.350 ( 64.757 ) 2317.595 ( 23.553 ) 2996.800 ( 112.673 )
1619.650 ( 35.377 ) 1785.350 ( 65.781 ) 2310.307 ( 25.290 ) 2994.750 ( 104.580 )
1619.650 ( 35.377 ) 1807.500 ( 83.869 ) 2306.997 ( 23.505 ) 3059.300 ( 183.886 )
1619.650 ( 35.377 ) 1773.950 ( 60.200 ) 2313.384 ( 20.523 ) 3055.050 ( 147.563 )
1619.650 ( 35.377 ) 1804.950 ( 66.496 ) 2309.269 ( 14.067 ) 3060.550 ( 132.001 )
1619.650 ( 35.377 ) 1769.150 ( 70.992 ) 2329.340 ( 22.926 ) 3084.400 ( 148.373 )
1619.650 ( 35.377 ) 1756.600 ( 66.000 ) 2311.711 ( 23.510 ) 3014.150 ( 131.146 )
1619.650 ( 35.377 ) 1764.950 ( 54.496 ) 2303.405 ( 20.157 ) 3069.700 ( 222.908 )
1615.950 ( 38.367 ) 1755.900 ( 63.352 ) 2324.204 ( 25.413 ) 3030.900 ( 134.825 )
1614.750 ( 36.912 ) 1800.100 ( 68.400 ) 2313.629 ( 23.144 ) 3018.750 ( 173.624 )
1614.750 ( 36.912 ) 1798.050 ( 51.648 ) 2314.543 ( 28.587 ) 3043.550 ( 124.078 )
1614.750 ( 36.912 ) 1792.200 ( 52.285 ) 2318.448 ( 25.803 ) 3003.900 ( 112.437 )
1613.250 ( 34.387 ) 1771.000 ( 64.068 ) 2318.552 ( 23.177 ) 3048.250 ( 129.650 )
1613.250 ( 34.387 ) 1800.200 ( 67.217 ) 2326.422 ( 26.055 ) 3012.050 ( 96.406 )
1613.250 ( 34.387 ) 1802.100 ( 53.287 ) 2318.394 ( 22.828 ) 3033.750 ( 94.791 )
1613.250 ( 34.387 ) 1819.600 ( 72.377 ) 2315.711 ( 25.244 ) 3049.400 ( 127.293 )
1613.250 ( 34.387 ) 1791.550 ( 59.225 ) 2329.323 ( 36.704 ) 3022.400 ( 125.130 )
1613.250 ( 34.387 ) 1791.400 ( 63.165 ) 2321.265 ( 22.015 ) 3008.950 ( 116.558 )
1613.250 ( 34.387 ) 1803.200 ( 62.818 ) 2315.350 ( 21.134 ) 3048.200 ( 151.518 )
1613.250 ( 34.387 ) 1760.400 ( 63.405 ) 2318.408 ( 28.531 ) 3040.400 ( 124.127 )
1612.200 ( 33.871 ) 1782.900 ( 63.359 ) 2309.979 ( 27.691 ) 3042.800 ( 173.133 )
1612.200 ( 33.871 ) 1799.350 ( 65.358 ) 2316.285 ( 25.192 ) 2996.750 ( 114.325 )
1612.200 ( 33.871 ) 1803.800 ( 48.761 ) 2318.403 ( 23.504 ) 3024.300 ( 172.727 )
1612.200 ( 33.871 ) 1801.750 ( 64.807 ) 2310.099 ( 24.285 ) 3049.200 ( 123.396 )
1612.200 ( 33.871 ) 1799.750 ( 67.440 ) 2309.064 ( 23.707 ) 3027.300 ( 145.202 )
1612.200 ( 33.871 ) 1788.900 ( 76.201 ) 2315.745 ( 23.032 ) 2978.200 ( 130.938 )
1611.700 ( 33.245 ) 1780.850 ( 65.466 ) 2311.659 ( 22.598 ) 3017.000 ( 145.704 )
1609.350 ( 34.290 ) 1789.950 ( 86.392 ) 2318.907 ( 27.381 ) 3095.600 ( 191.173 )
1609.350 ( 34.290 ) 1787.900 ( 61.533 ) 2310.512 ( 25.932 ) 3035.050 ( 132.806 )
1609.250 ( 34.204 ) 1813.650 ( 57.104 ) 2315.504 ( 20.829 ) 3030.700 ( 132.717 )
1609.250 ( 34.204 ) 1768.850 ( 53.600 ) 2327.346 ( 22.500 ) 3060.850 ( 160.900 )
1608.950 ( 34.037 ) 1736.100 ( 63.788 ) 2321.212 ( 22.809 ) 3060.400 ( 128.552 )
1608.950 ( 34.037 ) 1803.150 ( 44.070 ) 2314.039 ( 34.749 ) 3017.950 ( 166.757 )
1608.950 ( 34.037 ) 1791.000 ( 63.102 ) 2305.662 ( 18.280 ) 2973.450 ( 119.020 )
1608.950 ( 34.037 ) 1774.200 ( 50.492 ) 2308.096 ( 24.079 ) 3026.250 ( 149.028 )
1608.950 ( 34.037 ) 1783.650 ( 68.905 ) 2309.563 ( 23.168 ) 3084.850 ( 176.029 )
1608.950 ( 34.037 ) 1761.250 ( 77.237 ) 2307.193 ( 23.996 ) 3076.300 ( 181.863 )
1608.950 ( 34.037 ) 1771.500 ( 56.221 ) 2320.300 ( 27.664 ) 3024.950 ( 112.827 )
1608.950 ( 34.037 ) 1810.650 ( 68.170 ) 2329.325 ( 35.119 ) 3041.500 ( 101.245 )
1608.950 ( 34.037 ) 1773.550 ( 53.898 ) 2305.408 ( 29.296 ) 3033.950 ( 109.646 )
1608.250 ( 34.132 ) 1798.150 ( 75.776 ) 2315.598 ( 25.930 ) 3000.950 ( 117.795 )
1608.250 ( 34.132 ) 1781.850 ( 73.079 ) 2307.519 ( 28.995 ) 2987.650 ( 136.205 )
1608.250 ( 34.132 ) 1754.050 ( 74.579 ) 2311.115 ( 31.225 ) 2990.200 ( 98.191 )
1608.250 ( 34.132 ) 1790.750 ( 46.960 ) 2325.104 ( 20.269 ) 2999.000 ( 137.639 )
1608.250 ( 34.132 ) 1815.650 ( 64.222 ) 2318.022 ( 31.962 ) 3076.350 ( 145.414 )
1608.250 ( 34.132 ) 1777.450 ( 55.751 ) 2311.844 ( 26.738 ) 3054.000 ( 149.291 )
1605.450 ( 35.091 ) 1755.000 ( 68.612 ) 2310.640 ( 25.707 ) 3009.700 ( 138.808 )
1605.450 ( 35.091 ) 1783.850 ( 69.282 ) 2307.644 ( 32.330 ) 2984.650 ( 114.968 )
1602.550 ( 37.949 ) 1745.250 ( 71.897 ) 2308.385 ( 27.651 ) 3051.400 ( 108.763 )
1602.550 ( 37.949 ) 1793.600 ( 74.829 ) 2311.385 ( 22.437 ) 3060.350 ( 139.223 )
1602.550 ( 37.949 ) 1798.700 ( 61.590 ) 2308.823 ( 25.267 ) 3019.750 ( 126.709 )
1602.550 ( 37.949 ) 1777.950 ( 50.785 ) 2315.786 ( 23.928 ) 3040.550 ( 134.256 )
1602.550 ( 37.949 ) 1787.550 ( 67.832 ) 2315.165 ( 23.207 ) 3009.850 ( 118.480 )
1602.550 ( 37.949 ) 1791.000 ( 60.418 ) 2312.684 ( 20.955 ) 3019.700 ( 106.764 )
1602.000 ( 37.815 ) 1782.750 ( 62.290 ) 2306.208 ( 25.135 ) 3055.950 ( 156.477 )
1602.000 ( 37.815 ) 1768.700 ( 59.738 ) 2319.306 ( 28.221 ) 3088.250 ( 131.100 )
1602.000 ( 37.815 ) 1780.400 ( 55.307 ) 2312.294 ( 18.187 ) 2999.000 ( 111.473 )
1602.000 ( 37.815 ) 1793.200 ( 63.606 ) 2313.769 ( 24.283 ) 3042.800 ( 136.954 )
1602.000 ( 37.815 ) 1801.650 ( 73.575 ) 2318.470 ( 27.482 ) 3021.850 ( 155.127 )
1602.000 ( 37.815 ) 1767.950 ( 75.074 ) 2314.711 ( 24.201 ) 3024.000 ( 178.940 )
1602.000 ( 37.815 ) 1778.050 ( 68.415 ) 2309.664 ( 23.181 ) 2998.550 ( 146.792 )
1602.000 ( 37.815 ) 1796.050 ( 73.376 ) 2322.474 ( 29.618 ) 3080.600 ( 221.145 )
1600.450 ( 37.475 ) 1760.950 ( 79.797 ) 2316.771 ( 24.906 ) 2981.050 ( 103.923 )
1600.450 ( 37.475 ) 1791.600 ( 53.893 ) 2312.617 ( 28.867 ) 3047.850 ( 125.991 )
1600.450 ( 37.475 ) 1794.000 ( 56.880 ) 2314.651 ( 20.951 ) 3030.150 ( 113.019 )
1600.450 ( 37.475 ) 1786.300 ( 65.396 ) 2325.593 ( 26.206 ) 3019.200 ( 135.288 )
1600.450 ( 37.475 ) 1769.950 ( 54.524 ) 2316.364 ( 21.325 ) 3024.700 ( 154.809 )
1600.450 ( 37.475 ) 1798.200 ( 71.189 ) 2314.702 ( 27.288 ) 3022.050 ( 149.512 )
1600.450 ( 37.475 ) 1800.700 ( 64.702 ) 2316.914 ( 27.882 ) 3034.850 ( 170.985 )
1600.450 ( 37.475 ) 1786.000 ( 72.003 ) 2316.544 ( 17.584 ) 3023.100 ( 113.202 )
1600.450 ( 37.475 ) 1794.000 ( 62.417 ) 2314.991 ( 21.071 ) 3008.750 ( 187.594 )
1600.450 ( 37.475 ) 1798.300 ( 46.607 ) 2320.768 ( 33.327 ) 3116.450 ( 166.194 )
1600.450 ( 37.475 ) 1769.250 ( 55.450 ) 2315.943 ( 20.258 ) 3000.900 ( 131.272 )
1600.450 ( 37.475 ) 1780.400 ( 57.249 ) 2319.411 ( 16.859 ) 3066.900 ( 158.022 )
1600.450 ( 37.475 ) 1771.300 ( 64.991 ) 2321.526 ( 24.220 ) 3002.600 ( 112.057 )
1598.200 ( 37.870 ) 1753.700 ( 78.340 ) 2309.142 ( 25.140 ) 3009.450 ( 102.889 )
1598.200 ( 37.870 ) 1773.100 ( 53.415 ) 2308.065 ( 23.316 ) 3038.800 ( 168.852 )
1598.200 ( 37.870 ) 1788.350 ( 60.087 ) 2315.081 ( 20.446 ) 3022.050 ( 112.745 )
1597.550 ( 37.201 ) 1770.950 ( 63.974 ) 2319.889 ( 24.593 ) 3025.700 ( 131.080 )
1597.550 ( 37.201 ) 1793.750 ( 64.730 ) 2314.237 ( 29.239 ) 3025.700 ( 127.653 )
1595.850 ( 37.867 ) 1766.850 ( 70.392 ) 2318.133 ( 20.611 ) 3072.000 ( 183.952 )
1595.650 ( 37.697 ) 1790.450 ( 58.156 ) 2312.478 ( 26.369 ) 3023.650 ( 132.211 )
1595.650 ( 37.697 ) 1785.300 ( 65.985 ) 2314.528 ( 17.186 ) 3009.050 ( 109.499 )
1595.650 ( 37.697 ) 1778.650 ( 72.034 ) 2313.967 ( 20.478 ) 3043.700 ( 144.228 )
1595.650 ( 37.697 ) 1772.100 ( 66.629 ) 2309.783 ( 17.023 ) 3024.800 ( 145.863 )
1595.650 ( 37.697 ) 1777.800 ( 83.052 ) 2320.419 ( 35.526 ) 3030.400 ( 160.763 )
1595.650 ( 37.697 ) 1775.550 ( 64.320 ) 2321.031 ( 31.076 ) 3018.400 ( 126.948 )
1595.650 ( 37.697 ) 1810.300 ( 69.977 ) 2320.124 ( 26.601 ) 3057.650 ( 112.206 )
1595.650 ( 37.697 ) 1756.200 ( 56.685 ) 2309.903 ( 32.053 ) 2994.650 ( 116.825 )
1595.650 ( 37.697 ) 1789.950 ( 77.612 ) 2312.052 ( 28.381 ) 3035.650 ( 146.111 )
1595.650 ( 37.697 ) 1805.800 ( 57.015 ) 2322.479 ( 20.767 ) 3040.700 ( 100.608 )
1595.650 ( 37.697 ) 1799.000 ( 59.544 ) 2316.974 ( 32.540 ) 3069.350 ( 166.990 )
1595.650 ( 37.697 ) 1795.650 ( 54.441 ) 2320.981 ( 21.177 ) 3109.600 ( 170.988 )
1595.650 ( 37.697 ) 1787.750 ( 74.038 ) 2315.823 ( 17.210 ) 3046.400 ( 150.513 )
1595.650 ( 37.697 ) 1798.400 ( 72.066 ) 2316.294 ( 23.099 ) 3058.550 ( 112.481 )
1595.650 ( 37.697 ) 1807.600 ( 71.863 ) 2319.928 ( 15.956 ) 3000.650 ( 108.778 )
1595.300 ( 37.455 ) 1789.300 ( 67.262 ) 2316.847 ( 27.056 ) 3060.150 ( 146.643 )
1595.300 ( 37.455 ) 1790.500 ( 53.552 ) 2309.344 ( 19.836 ) 3025.300 ( 144.937 )
1595.300 ( 37.455 ) 1783.200 ( 57.842 ) 2312.745 ( 27.441 ) 3082.200 ( 167.305 )
1595.300 ( 37.455 ) 1759.100 ( 48.112 ) 2313.434 ( 19.412 ) 3045.800 ( 122.107 )
1595.300 ( 37.455 ) 1766.450 ( 60.742 ) 2310.167 ( 21.384 ) 3031.250 ( 128.514 )
1595.300 ( 37.455 ) 1794.800 ( 61.531 ) 2320.427 ( 21.977 ) 3068.650 ( 115.380 )
1595.300 ( 37.455 ) 1768.150 ( 48.713 ) 2310.563 ( 26.829 ) 3038.850 ( 161.801 )
1595.300 ( 37.455 ) 1806.650 ( 60.167 ) 2318.178 ( 26.597 ) 3006.950 ( 106.602 )
1595.300 ( 37.455 ) 1772.750 ( 74.185 ) 2314.083 ( 17.807 ) 3058.000 ( 155.473 )
1595.300 ( 37.455 ) 1789.250 ( 49.726 ) 2314.755 ( 22.568 ) 2977.100 ( 119.869 )
1595.300 ( 37.455 ) 1795.600 ( 40.385 ) 2316.114 ( 18.433 ) 3054.150 ( 123.990 )
1595.300 ( 37.455 ) 1767.450 ( 47.485 ) 2308.253 ( 18.530 ) 3012.650 ( 130.815 )
1593.350 ( 37.861 ) 1777.500 ( 80.148 ) 2321.673 ( 27.521 ) 3083.550 ( 130.775 )
1593.350 ( 37.861 ) 1810.850 ( 71.905 ) 2318.994 ( 28.109 ) 3053.500 ( 118.408 )
1593.350 ( 37.861 ) 1803.950 ( 55.665 ) 2310.313 ( 24.463 ) 3042.800 ( 158.639 )
1593.350 ( 37.861 ) 1779.000 ( 58.380 ) 2309.793 ( 17.930 ) 3050.600 ( 115.941 )
1593.350 ( 37.861 ) 1766.700 ( 66.651 ) 2319.074 ( 24.753 ) 3058.300 ( 124.639 )
1593.350 ( 37.861 ) 1772.200 ( 47.151 ) 2321.407 ( 25.318 ) 3073.550 ( 102.276 )
1593.350 ( 37.861 ) 1791.600 ( 46.021 ) 2317.044 ( 23.534 ) 3061.600 ( 156.790 )
1593.350 ( 37.861 ) 1789.200 ( 52.396 ) 2311.137 ( 26.215 ) 3022.300 ( 169.018 )
1593.350 ( 37.861 ) 1789.400 ( 56.535 ) 2316.487 ( 31.554 ) 2992.900 ( 123.375 )
1593.350 ( 37.861 ) 1788.550 ( 67.650 ) 2315.361 ( 26.489 ) 3066.650 ( 163.954 )
1593.350 ( 37.861 ) 1764.900 ( 45.873 ) 2298.250 ( 26.668 ) 3019.400 ( 125.192 )
1592.700 ( 37.124 ) 1765.250 ( 69.926 ) 2320.912 ( 22.392 ) 2991.300 ( 105.505 )
1592.700 ( 37.124 ) 1782.450 ( 55.438 ) 2317.616 ( 23.327 ) 2996.150 ( 151.527 )
1592.700 ( 37.124 ) 1799.700 ( 64.677 ) 2318.264 ( 21.599 ) 3006.550 ( 101.629 )
1591.400 ( 36.490 ) 1789.600 ( 77.383 ) 2322.276 ( 24.907 ) 3120.700 ( 145.241 )
1591.400 ( 36.490 ) 1784.150 ( 30.679 ) 2311.878 ( 29.515 ) 3020.750 ( 135.027 )
1591.400 ( 36.490 ) 1790.750 ( 56.024 ) 2312.560 ( 23.579 ) 3036.600 ( 104.850 )
1591.400 ( 36.490 ) 1788.800 ( 54.434 ) 2310.169 ( 19.627 ) 3074.450 ( 140.601 )
1591.400 ( 36.490 ) 1795.000 ( 68.131 ) 2314.556 ( 25.113 ) 2982.550 ( 151.617 )
1590.900 ( 36.355 ) 1780.450 ( 65.821 ) 2316.752 ( 24.056 ) 3049.350 ( 175.670 )
1590.900 ( 36.355 ) 1791.800 ( 50.781 ) 2306.699 ( 28.396 ) 3027.400 ( 108.330 )
1590.900 ( 36.355 ) 1782.150 ( 71.256 ) 2320.049 ( 26.412 ) 3058.850 ( 131.817 )
1590.900 ( 36.355 ) 1805.950 ( 60.015 ) 2320.775 ( 25.314 ) 3117.550 ( 170.444 )
1589.800 ( 37.380 ) 1766.650 ( 77.680 ) 2309.912 ( 32.572 ) 3017.550 ( 166.657 )
1589.800 ( 37.380 ) 1788.700 ( 70.160 ) 2311.654 ( 27.628 ) 3049.300 ( 128.315 )
1589.800 ( 37.380 ) 1795.150 ( 60.097 ) 2318.937 ( 21.552 ) 2999.550 ( 124.644 )
1589.800 ( 37.380 ) 1760.000 ( 73.131 ) 2317.864 ( 22.841 ) 3065.400 ( 114.328 )
1589.800 ( 37.380 ) 1750.700 ( 62.084 ) 2312.159 ( 21.414 ) 3044.550 ( 150.536 )
1589.800 ( 37.380 ) 1789.950 ( 47.240 ) 2312.208 ( 27.617 ) 3035.600 ( 149.379 )
1589.800 ( 37.380 ) 1772.300 ( 62.309 ) 2322.146 ( 16.035 ) 3019.400 ( 115.620 )
1589.800 ( 37.380 ) 1805.200 ( 56.450 ) 2316.033 ( 29.552 ) 3069.550 ( 158.915 )
1589.800 ( 37.380 ) 1791.400 ( 53.910 ) 2310.077 ( 24.234 ) 2994.950 ( 131.916 )
1589.800 ( 37.380 ) 1773.200 ( 76.116 ) 2322.091 ( 29.124 ) 3028.750 ( 141.635 )
1589.800 ( 37.380 ) 1794.700 ( 51.037 ) 2316.728 ( 26.724 ) 3006.450 ( 139.265 )
1589.800 ( 37.380 ) 1771.950 ( 43.205 ) 2318.474 ( 25.018 ) 3016.700 ( 136.958 )
1589.800 ( 37.380 ) 1781.000 ( 61.483 ) 2307.754 ( 27.651 ) 3030.800 ( 99.983 )
1586.850 ( 33.801 ) 1754.550 ( 70.538 ) 2312.570 ( 25.360 ) 2989.250 ( 95.013 )
1586.850 ( 33.801 ) 1763.400 ( 69.767 ) 2310.938 ( 26.460 ) 3046.400 ( 130.169 )
1586.850 ( 33.801 ) 1786.600 ( 68.598 ) 2312.905 ( 31.180 ) 3035.750 ( 110.243 )
1586.850 ( 33.801 ) 1778.300 ( 63.270 ) 2311.934 ( 19.237 ) 3063.650 ( 141.777 )
1583.400 ( 36.323 ) 1777.250 ( 98.425 ) 2319.573 ( 23.197 ) 3068.700 ( 125.032 )
1582.100 ( 34.890 ) 1737.650 ( 73.960 ) 2308.530 ( 16.880 ) 2975.050 ( 135.099 )
1582.100 ( 34.890 ) 1804.200 ( 66.822 ) 2310.106 ( 25.225 ) 3040.000 ( 129.560 )
1582.100 ( 34.890 ) 1795.900 ( 56.973 ) 2323.397 ( 16.747 ) 3021.100 ( 128.073 )
1580.500 ( 33.548 ) 1793.900 ( 69.397 ) 2308.668 ( 24.604 ) 3039.400 ( 138.481 )
1580.500 ( 33.548 ) 1803.250 ( 68.310 ) 2322.448 ( 30.097 ) 3031.300 ( 115.481 )
1580.500 ( 33.548 ) 1769.400 ( 38.086 ) 2310.517 ( 17.919 ) 3045.850 ( 187.603 )
1580.500 ( 33.548 ) 1762.950 ( 70.036 ) 2320.533 ( 30.480 ) 3046.650 ( 108.464 )
1580.500 ( 33.548 ) 1790.550 ( 73.165 ) 2312.851 ( 25.719 ) 3015.350 ( 121.138 )
1580.500 ( 33.548 ) 1773.500 ( 72.150 ) 2310.220 ( 31.881 ) 3033.000 ( 115.201 )
1580.500 ( 33.548 ) 1813.700 ( 61.954 ) 2321.132 ( 24.603 ) 3056.700 ( 125.899 )
1580.500 ( 33.548 ) 1795.850 ( 49.496 ) 2310.767 ( 24.186 ) 2990.550 ( 135.260 )
1580.500 ( 33.548 ) 1796.900 ( 56.848 ) 2309.266 ( 21.632 ) 3042.450 ( 158.523 )
1580.500 ( 33.548 ) 1764.450 ( 81.283 ) 2312.818 ( 22.920 ) 3029.250 ( 125.033 )
1580.500 ( 33.548 ) 1804.650 ( 51.846 ) 2314.548 ( 25.696 ) 2978.900 ( 121.583 )
1580.500 ( 33.548 ) 1776.200 ( 58.097 ) 2317.706 ( 21.097 ) 3040.750 ( 129.661 )
1580.500 ( 33.548 ) 1781.150 ( 54.389 ) 2313.316 ( 20.943 ) 3048.100 ( 139.260 )
1580.500 ( 33.548 ) 1796.800 ( 60.010 ) 2319.365 ( 19.484 ) 2982.800 ( 124.294 )
1580.500 ( 33.548 ) 1792.500 ( 59.686 ) 2314.509 ( 24.530 ) 3008.800 ( 158.633 )
1580.500 ( 33.548 ) 1785.750 ( 51.624 ) 2319.611 ( 25.008 ) 3038.600 ( 133.683 )
1580.500 ( 33.548 ) 1755.050 ( 75.936 ) 2315.415 ( 32.328 ) 3026.150 ( 143.041 )
1580.500 ( 33.548 ) 1778.150 ( 60.215 ) 2321.473 ( 22.735 ) 3061.000 ( 161.358 )
1580.500 ( 33.548 ) 1774.200 ( 64.934 ) 2319.036 ( 28.618 ) 3010.650 ( 140.551 )
1580.500 ( 33.548 ) 1773.800 ( 46.615 ) 2312.437 ( 23.945 ) 3025.950 ( 110.269 )
1580.500 ( 33.548 ) 1797.900 ( 71.962 ) 2318.555 ( 24.025 ) 3063.500 ( 153.299 )
1580.500 ( 33.548 ) 1768.850 ( 57.124 ) 2305.418 ( 23.399 ) 2967.700 ( 97.618 )
1580.500 ( 33.548 ) 1785.700 ( 47.777 ) 2310.264 ( 21.547 ) 3011.500 ( 135.424 )
1580.500 ( 33.548 ) 1765.500 ( 70.782 ) 2304.652 ( 22.267 ) 3014.200 ( 169.843 )
1580.500 ( 33.548 ) 1796.900 ( 65.060 ) 2313.005 ( 26.256 ) 3030.300 ( 111.188 )
1580.500 ( 33.548 ) 1800.600 ( 55.572 ) 2318.521 ( 28.313 ) 3025.650 ( 121.671 )
1580.500 ( 33.548 ) 1793.050 ( 48.477 ) 2315.126 ( 26.031 ) 3052.100 ( 105.680 )
1580.500 ( 33.548 ) 1777.600 ( 46.464 ) 2321.287 ( 22.956 ) 3071.450 ( 177.033 )
1580.500 ( 33.548 ) 1785.700 ( 89.645 ) 2316.891 ( 24.451 ) 3062.200 ( 136.362 )
1580.500 ( 33.548 ) 1774.650 ( 64.046 ) 2314.256 ( 23.042 ) 3101.800 ( 174.921 )
1580.500 ( 33.548 ) 1802.250 ( 54.464 ) 2308.646 ( 20.850 ) 2995.100 ( 151.186 )
1580.500 ( 33.548 ) 1773.000 ( 63.038 ) 2308.121 ( 24.281 ) 2973.900 ( 114.544 )
1580.500 ( 33.548 ) 1769.850 ( 67.067 ) 2324.508 ( 20.450 ) 3077.350 ( 211.352 )
1577.850 ( 28.848 ) 1780.450 ( 67.707 ) 2317.720 ( 22.816 ) 3030.000 ( 113.458 )
1577.850 ( 28.848 ) 1787.350 ( 47.525 ) 2308.737 ( 20.765 ) 3064.050 ( 147.107 )
1577.850 ( 28.848 ) 1770.650 ( 74.134 ) 2313.657 ( 23.058 ) 3037.000 ( 122.931 )
1577.850 ( 28.848 ) 1807.950 ( 71.255 ) 2324.470 ( 25.889 ) 3018.700 ( 126.648 )
1577.850 ( 28.848 ) 1781.900 ( 60.780 ) 2324.976 ( 16.958 ) 3082.000 ( 116.049 )
1577.850 ( 28.848 ) 1791.050 ( 53.007 ) 2315.749 ( 24.794 ) 3102.000 ( 186.260 )
1577.850 ( 28.848 ) 1793.150 ( 50.266 ) 2311.010 ( 20.993 ) 3115.500 ( 127.827 )
1577.850 ( 28.848 ) 1796.900 ( 54.295 ) 2306.651 ( 26.774 ) 3009.300 ( 155.095 )
1577.850 ( 28.848 ) 1779.800 ( 64.488 ) 2306.718 ( 23.107 ) 3064.650 ( 146.908 )
1577.300 ( 27.959 ) 1782.150 ( 75.850 ) 2311.475 ( 21.153 ) 2966.050 ( 146.946 )
1577.300 ( 27.959 ) 1776.550 ( 67.325 ) 2318.701 ( 25.537 ) 3043.100 ( 127.066 )
1577.300 ( 27.959 ) 1779.650 ( 56.038 ) 2321.430 ( 31.773 ) 3026.100 ( 157.568 )
1577.300 ( 27.959 ) 1797.100 ( 44.704 ) 2315.290 ( 25.874 ) 3026.950 ( 119.123 )
1577.300 ( 27.959 ) 1782.500 ( 73.700 ) 2322.007 ( 25.848 ) 3043.100 ( 63.883 )
1577.300 ( 27.959 ) 1797.650 ( 62.752 ) 2324.372 ( 25.076 ) 3033.800 ( 102.358 )
1577.300 ( 27.959 ) 1817.050 ( 52.440 ) 2314.531 ( 25.935 ) 3055.850 ( 149.864 )
1577.300 ( 27.959 ) 1794.350 ( 52.569 ) 2317.876 ( 23.467 ) 3050.250 ( 134.838 )
1577.300 ( 27.959 ) 1788.950 ( 60.881 ) 2321.540 ( 26.832 ) 3081.350 ( 133.450 )
1577.300 ( 27.959 ) 1793.900 ( 67.041 ) 2318.318 ( 24.031 ) 3056.250 ( 179.068 )
1577.300 ( 27.959 ) 1793.200 ( 70.565 ) 2320.042 ( 20.144 ) 3055.800 ( 133.219 )
1577.300 ( 27.959 ) 1773.200 ( 81.076 ) 2317.985 ( 19.046 ) 3048.650 ( 128.327 )
1577.300 ( 27.959 ) 1770.950 ( 67.438 ) 2317.411 ( 25.328 ) 3031.350 ( 135.785 )
1577.300 ( 27.959 ) 1766.000 ( 70.463 ) 2319.709 ( 27.752 ) 3016.700 ( 122.763 )
1577.300 ( 27.959 ) 1783.700 ( 68.694 ) 2318.120 ( 22.705 ) 3017.950 ( 104.058 )
1577.300 ( 27.959 ) 1771.350 ( 64.333 ) 2307.094 ( 24.535 ) 3032.800 ( 152.396 )
1574.550 ( 27.505 ) 1739.400 ( 84.418 ) 2313.005 ( 20.975 ) 3042.300 ( 141.707 )
1574.550 ( 27.505 ) 1800.850 ( 48.496 ) 2303.140 ( 24.161 ) 2963.100 ( 113.649 )
1574.550 ( 27.505 ) 1790.950 ( 54.658 ) 2311.637 ( 29.429 ) 3052.500 ( 121.223 )
1574.550 ( 27.505 ) 1824.300 ( 47.505 ) 2326.061 ( 25.036 ) 3051.650 ( 108.124 )
1574.550 ( 27.505 ) 1765.600 ( 57.914 ) 2304.184 ( 27.357 ) 3066.800 ( 150.145 )
1574.550 ( 27.505 ) 1765.950 ( 67.504 ) 2313.129 ( 25.474 ) 3081.050 ( 92.694 )
1574.550 ( 27.505 ) 1777.700 ( 57.853 ) 2321.551 ( 25.487 ) 3013.450 ( 113.944 )
1574.550 ( 27.505 ) 1780.300 ( 62.749 ) 2308.977 ( 24.740 ) 3014.450 ( 114.908 )
1574.550 ( 27.505 ) 1781.500 ( 68.813 ) 2314.288 ( 23.485 ) 3066.150 ( 102.042 )
1574.550 ( 27.505 ) 1785.900 ( 43.836 ) 2320.131 ( 26.281 ) 3029.350 ( 148.548 )
1574.550 ( 27.505 ) 1807.000 ( 53.127 ) 2315.610 ( 28.649 ) 3053.550 ( 146.030 )
1574.100 ( 27.024 ) 1784.800 ( 61.095 ) 2304.143 ( 22.774 ) 3067.300 ( 111.206 )
1574.100 ( 27.024 ) 1814.600 ( 64.022 ) 2317.455 ( 29.410 ) 3058.200 ( 109.637 )
1574.100 ( 27.024 ) 1772.450 ( 54.072 ) 2318.851 ( 27.120 ) 3035.050 ( 174.759 )
1574.100 ( 27.024 ) 1787.800 ( 65.527 ) 2309.253 ( 19.494 ) 3040.900 ( 143.987 )
1574.100 ( 27.024 ) 1801.150 ( 69.359 ) 2327.674 ( 22.735 ) 3080.100 ( 135.250 )
1574.100 ( 27.024 ) 1757.200 ( 69.898 ) 2299.312 ( 20.953 ) 3064.200 ( 148.387 )
1574.100 ( 27.024 ) 1764.250 ( 65.731 ) 2319.055 ( 21.603 ) 3133.200 ( 150.171 )
1574.100 ( 27.024 ) 1793.250 ( 70.759 ) 2323.345 ( 22.630 ) 3014.150 ( 129.268 )
1574.100 ( 27.024 ) 1805.900 ( 57.257 ) 2321.515 ( 20.594 ) 3029.150 ( 116.352 )
1574.100 ( 27.024 ) 1811.200 ( 69.808 ) 2326.090 ( 20.453 ) 3045.300 ( 161.252 )
1574.100 ( 27.024 ) 1790.700 ( 59.925 ) 2299.859 ( 27.787 ) 3072.050 ( 189.244 )
1574.100 ( 27.024 ) 1791.350 ( 79.415 ) 2321.235 ( 21.601 ) 3030.600 ( 173.146 )
1571.400 ( 26.083 ) 1786.400 ( 66.368 ) 2312.981 ( 24.691 ) 3028.250 ( 147.855 )
1571.400 ( 26.083 ) 1812.700 ( 60.481 ) 2319.250 ( 21.237 ) 3015.100 ( 157.115 )
1571.400 ( 26.083 ) 1820.550 ( 72.503 ) 2315.495 ( 30.786 ) 3032.900 ( 135.626 )
1571.400 ( 26.083 ) 1771.850 ( 63.758 ) 2311.171 ( 22.840 ) 3017.850 ( 113.093 )
1571.400 ( 26.083 ) 1774.400 ( 68.849 ) 2309.540 ( 20.823 ) 3017.600 ( 132.005 )
1571.400 ( 26.083 ) 1792.900 ( 61.280 ) 2322.316 ( 28.561 ) 3081.750 ( 156.267 )
1571.400 ( 26.083 ) 1792.100 ( 70.193 ) 2305.865 ( 25.528 ) 3022.950 ( 144.615 )
1571.400 ( 26.083 ) 1759.750 ( 70.658 ) 2313.468 ( 19.782 ) 3020.700 ( 139.475 )
1571.100 ( 25.797 ) 1788.950 ( 73.698 ) 2301.345 ( 22.639 ) 2979.350 ( 130.284 )
1571.100 ( 25.797 ) 1798.950 ( 71.324 ) 2315.706 ( 25.368 ) 3038.150 ( 154.327 )
1571.050 ( 25.738 ) 1762.650 ( 78.025 ) 2321.564 ( 17.714 ) 3051.850 ( 134.935 )
1571.050 ( 25.738 ) 1778.550 ( 70.266 ) 2305.544 ( 20.992 ) 2999.150 ( 118.255 )
1571.050 ( 25.738 ) 1758.100 ( 73.255 ) 2308.280 ( 21.544 ) 3007.850 ( 111.183 )
1571.050 ( 25.738 ) 1815.100 ( 53.542 ) 2326.562 ( 17.215 ) 3112.600 ( 114.488 )
1571.050 ( 25.738 ) 1795.500 ( 70.964 ) 2312.695 ( 20.903 ) 2996.800 ( 133.987 )
1570.150 ( 25.229 ) 1783.000 ( 75.809 ) 2326.275 ( 23.382 ) 3024.200 ( 136.348 )
1570.150 ( 25.229 ) 1787.250 ( 63.714 ) 2311.613 ( 27.877 ) 3022.950 ( 135.007 )
1570.150 ( 25.229 ) 1771.950 ( 43.424 ) 2313.052 ( 22.706 ) 3095.600 ( 167.704 )
1570.150 ( 25.229 ) 1831.600 ( 42.704 ) 2323.456 ( 23.415 ) 3022.750 ( 153.941 )
1570.150 ( 25.229 ) 1798.650 ( 61.751 ) 2316.684 ( 32.467 ) 3051.250 ( 125.600 )
1570.150 ( 25.229 ) 1773.500 ( 63.590 ) 2324.114 ( 18.657 ) 3016.100 ( 132.574 )
1570.150 ( 25.229 ) 1778.900 ( 71.784 ) 2314.991 ( 24.232 ) 3030.100 ( 149.092 )
1570.150 ( 25.229 ) 1804.800 ( 55.127 ) 2313.025 ( 29.866 ) 3021.300 ( 154.882 )
1570.150 ( 25.229 ) 1783.750 ( 74.488 ) 2307.347 ( 27.981 ) 3007.800 ( 128.816 )
1570.150 ( 25.229 ) 1772.900 ( 66.262 ) 2309.128 ( 22.825 ) 3076.400 ( 157.879 )
1567.800 ( 25.181 ) 1773.450 ( 88.787 ) 2315.934 ( 23.578 ) 3008.650 ( 123.362 )
1567.800 ( 25.181 ) 1772.700 ( 73.050 ) 2308.079 ( 26.484 ) 3054.350 ( 182.412 )
1567.800 ( 25.181 ) 1772.350 ( 57.572 ) 2310.915 ( 23.802 ) 3019.200 ( 119.745 )
1567.800 ( 25.181 ) 1783.950 ( 69.137 ) 2322.397 ( 33.745 ) 3089.850 ( 142.125 )
1567.800 ( 25.181 ) 1803.400 ( 67.683 ) 2303.352 ( 24.766 ) 2975.650 ( 116.427 )
1567.800 ( 25.181 ) 1776.500 ( 62.037 ) 2311.497 ( 22.972 ) 3015.550 ( 136.890 )
1567.800 ( 25.181 ) 1795.000 ( 71.097 ) 2319.481 ( 18.106 ) 3007.550 ( 134.114 )
1567.800 ( 25.181 ) 1789.800 ( 74.119 ) 2320.163 ( 24.015 ) 2986.250 ( 112.880 )
1567.800 ( 25.181 ) 1780.900 ( 53.884 ) 2301.675 ( 25.971 ) 3010.150 ( 121.231 )
1567.800 ( 25.181 ) 1784.400 ( 69.321 ) 2319.181 ( 25.698 ) 3084.850 ( 140.317 )
1567.800 ( 25.181 ) 1784.000 ( 63.036 ) 2322.340 ( 28.800 ) 2997.000 ( 111.849 )
1567.800 ( 25.181 ) 1794.950 ( 58.259 ) 2311.911 ( 31.576 ) 3031.600 ( 110.441 )
1567.450 ( 24.648 ) 1744.250 ( 73.062 ) 2311.242 ( 25.746 ) 3005.900 ( 114.353 )
1567.450 ( 24.648 ) 1798.650 ( 62.095 ) 2308.544 ( 20.655 ) 2968.150 ( 123.221 )
1567.450 ( 24.648 ) 1786.600 ( 62.811 ) 2310.175 ( 23.877 ) 3054.400 ( 171.234 )
1567.450 ( 24.648 ) 1795.750 ( 75.519 ) 2317.124 ( 27.669 ) 3038.200 ( 154.784 )
1567.450 ( 24.648 ) 1804.750 ( 60.399 ) 2312.762 ( 24.033 ) 3002.700 ( 157.688 )
1567.450 ( 24.648 ) 1801.050 ( 70.288 ) 2313.861 ( 31.943 ) 2990.900 ( 127.050 )
1567.450 ( 24.648 ) 1779.000 ( 58.010 ) 2321.925 ( 22.988 ) 3018.300 ( 175.449 )
1567.450 ( 24.648 ) 1756.250 ( 64.630 ) 2308.739 ( 26.782 ) 3034.400 ( 188.093 )
1567.450 ( 24.648 ) 1765.450 ( 66.796 ) 2312.554 ( 29.269 ) 3036.000 ( 127.083 )
1567.450 ( 24.648 ) 1805.750 ( 64.666 ) 2323.874 ( 25.005 ) 3103.100 ( 139.887 )
1567.450 ( 24.648 ) 1794.200 ( 75.538 ) 2324.477 ( 21.821 ) 3051.150 ( 133.937 )
1567.450 ( 24.648 ) 1790.000 ( 67.092 ) 2322.878 ( 22.737 ) 3012.800 ( 105.360 )
1567.450 ( 24.648 ) 1827.150 ( 52.212 ) 2313.727 ( 25.479 ) 3024.700 ( 166.723 )
1567.450 ( 24.648 ) 1793.800 ( 47.806 ) 2320.157 ( 26.208 ) 3093.800 ( 146.214 )
1567.450 ( 24.648 ) 1812.600 ( 66.268 ) 2320.857 ( 22.110 ) 3054.800 ( 160.924 )
1567.450 ( 24.648 ) 1805.700 ( 56.750 ) 2319.591 ( 23.322 ) 3041.850 ( 128.095 )
1567.450 ( 24.648 ) 1807.050 ( 61.824 ) 2307.236 ( 26.108 ) 3025.950 ( 134.741 )
1567.450 ( 24.648 ) 1781.250 ( 69.056 ) 2315.606 ( 17.310 ) 3077.450 ( 161.006 )
1567.450 ( 24.648 ) 1784.100 ( 80.979 ) 2317.032 ( 25.082 ) 3052.800 ( 176.842 )
1567.450 ( 24.648 ) 1791.000 ( 51.155 ) 2315.917 ( 20.422 ) 3054.350 ( 144.384 )
1567.450 ( 24.648 ) 1761.550 ( 77.504 ) 2319.520 ( 26.572 ) 3081.250 ( 185.204 )
1567.450 ( 24.648 ) 1778.850 ( 67.039 ) 2313.561 ( 32.044 ) 3063.050 ( 158.689 )
1567.450 ( 24.648 ) 1797.300 ( 55.481 ) 2313.741 ( 21.388 ) 3065.400 ( 195.603 )
1567.450 ( 24.648 ) 1791.750 ( 65.973 ) 2312.456 ( 22.614 ) 2979.750 ( 109.722 )
1567.150 ( 24.713 ) 1784.050 ( 70.366 ) 2319.572 ( 24.111 ) 2991.650 ( 149.486 )
1567.150 ( 24.713 ) 1806.300 ( 45.565 ) 2309.293 ( 28.808 ) 3015.150 ( 131.875 )
1567.150 ( 24.713 ) 1776.200 ( 63.274 ) 2319.172 ( 28.049 ) 3084.100 ( 141.179 )
1567.150 ( 24.713 ) 1782.050 ( 63.859 ) 2320.043 ( 18.760 ) 3039.250 ( 164.960 )
1567.150 ( 24.713 ) 1782.100 ( 69.689 ) 2309.188 ( 24.046 ) 3041.500 ( 122.378 )
1567.150 ( 24.713 ) 1789.450 ( 59.486 ) 2326.594 ( 21.856 ) 3004.450 ( 148.713 )
1567.150 ( 24.713 ) 1780.400 ( 59.872 ) 2315.918 ( 18.703 ) 3070.300 ( 134.893 )
1567.150 ( 24.713 ) 1786.900 ( 69.138 ) 2314.619 ( 23.100 ) 3062.850 ( 155.744 )
1567.150 ( 24.713 ) 1775.300 ( 64.704 ) 2313.034 ( 26.103 ) 3011.250 ( 87.633 )
1567.150 ( 24.713 ) 1806.800 ( 79.633 ) 2323.186 ( 30.918 ) 3041.400 ( 191.844 )
1567.150 ( 24.713 ) 1786.100 ( 64.910 ) 2319.176 ( 29.216 ) 3007.550 ( 164.604 )
1567.150 ( 24.713 ) 1793.200 ( 62.207 ) 2318.677 ( 30.825 ) 3066.250 ( 136.577 )
1567.150 ( 24.713 ) 1768.850 ( 83.213 ) 2325.990 ( 22.767 ) 3014.900 ( 163.233 )
1567.150 ( 24.713 ) 1774.700 ( 80.202 ) 2303.049 ( 26.570 ) 3033.950 ( 143.163 )
1567.150 ( 24.713 ) 1802.450 ( 73.269 ) 2320.432 ( 24.151 ) 3076.300 ( 123.626 )
1567.150 ( 24.713 ) 1776.200 ( 56.526 ) 2311.925 ( 20.645 ) 3030.250 ( 137.326 )
1567.150 ( 24.713 ) 1764.550 ( 71.612 ) 2314.980 ( 18.640 ) 3016.050 ( 129.813 )
1567.150 ( 24.713 ) 1762.850 ( 67.015 ) 2315.265 ( 28.472 ) 3002.400 ( 148.082 )
1567.150 ( 24.713 ) 1784.900 ( 64.612 ) 2333.448 ( 23.941 ) 3069.450 ( 144.627 )
1567.150 ( 24.713 ) 1783.150 ( 54.489 ) 2317.250 ( 28.676 ) 3043.000 ( 106.313 )
1567.150 ( 24.713 ) 1816.150 ( 68.919 ) 2316.837 ( 19.985 ) 3031.250 ( 132.086 )
1567.150 ( 24.713 ) 1774.950 ( 58.529 ) 2301.157 ( 20.745 ) 2994.600 ( 152.232 )
1567.150 ( 24.713 ) 1756.350 ( 65.763 ) 2317.660 ( 16.891 ) 3053.350 ( 163.382 )
1567.150 ( 24.713 ) 1799.000 ( 77.371 ) 2320.296 ( 20.643 ) 3046.250 ( 155.379 )
1567.150 ( 24.713 ) 1806.550 ( 41.008 ) 2318.237 ( 24.168 ) 3027.200 ( 132.132 )
1567.150 ( 24.713 ) 1810.200 ( 36.753 ) 2317.674 ( 23.888 ) 3049.600 ( 98.506 )
1567.150 ( 24.713 ) 1779.300 ( 69.753 ) 2319.565 ( 20.772 ) 3012.650 ( 134.846 )
1567.150 ( 24.713 ) 1777.200 ( 77.548 ) 2319.354 ( 30.920 ) 3041.950 ( 151.798 )
1567.150 ( 24.713 ) 1776.950 ( 68.127 ) 2320.751 ( 25.669 ) 3012.100 ( 150.329 )
1567.150 ( 24.713 ) 1791.950 ( 41.030 ) 2314.108 ( 24.713 ) 3044.150 ( 215.229 )
1567.150 ( 24.713 ) 1774.600 ( 78.799 ) 2309.908 ( 15.254 ) 3012.150 ( 99.926 )
1567.150 ( 24.713 ) 1771.300 ( 86.405 ) 2313.868 ( 32.981 ) 3001.150 ( 103.807 )
1567.150 ( 24.713 ) 1793.000 ( 79.984 ) 2317.630 ( 31.453 ) 3038.700 ( 182.016 )
1567.150 ( 24.713 ) 1780.350 ( 72.357 ) 2312.476 ( 30.425 ) 2980.650 ( 113.849 )
1567.150 ( 24.713 ) 1772.000 ( 73.270 ) 2309.774 ( 21.595 ) 3027.350 ( 124.574 )
1566.800 ( 24.349 ) 1808.150 ( 75.153 ) 2320.003 ( 19.466 ) 3017.850 ( 90.484 )
1566.800 ( 24.349 ) 1819.550 ( 80.237 ) 2314.781 ( 27.714 ) 3029.850 ( 133.699 )
1566.800 ( 24.349 ) 1768.950 ( 57.759 ) 2324.252 ( 26.719 ) 3057.100 ( 147.903 )
1566.800 ( 24.349 ) 1769.550 ( 56.450 ) 2304.077 ( 23.906 ) 3061.750 ( 141.545 )
1566.800 ( 24.349 ) 1791.050 ( 54.996 ) 2305.148 ( 22.204 ) 3056.300 ( 169.356 )
1566.800 ( 24.349 ) 1791.100 ( 64.094 ) 2307.685 ( 23.045 ) 3030.100 ( 151.734 )
1566.800 ( 24.349 ) 1790.750 ( 69.249 ) 2303.699 ( 24.120 ) 3042.450 ( 113.113 )
1566.800 ( 24.349 ) 1764.300 ( 62.866 ) 2312.495 ( 28.343 ) 3001.650 ( 124.985 )
1566.800 ( 24.349 ) 1793.450 ( 77.982 ) 2313.731 ( 26.872 ) 3045.700 ( 149.469 )
1566.800 ( 24.349 ) 1790.750 ( 68.905 ) 2316.005 ( 15.960 ) 3016.900 ( 136.263 )
1566.800 ( 24.349 ) 1803.750 ( 45.581 ) 2315.822 ( 26.805 ) 3030.550 ( 118.282 )
1566.800 ( 24.349 ) 1785.050 ( 71.939 ) 2309.074 ( 19.733 ) 3011.250 ( 108.956 )
1566.800 ( 24.349 ) 1772.250 ( 64.484 ) 2308.413 ( 29.118 ) 3034.750 ( 135.758 )
1566.800 ( 24.349 ) 1789.950 ( 48.846 ) 2310.450 ( 29.686 ) 3020.950 ( 96.268 )
1566.800 ( 24.349 ) 1759.700 ( 62.426 ) 2312.305 ( 26.237 ) 2994.300 ( 81.834 )
1566.800 ( 24.349 ) 1800.800 ( 51.959 ) 2314.320 ( 19.573 ) 3024.400 ( 116.808 )
1566.800 ( 24.349 ) 1819.250 ( 50.712 ) 2317.817 ( 21.297 ) 3016.400 ( 99.238 )
1566.800 ( 24.349 ) 1772.100 ( 72.774 ) 2313.757 ( 19.424 ) 3043.300 ( 122.252 )
1566.800 ( 24.349 ) 1780.600 ( 49.415 ) 2314.624 ( 30.387 ) 3052.450 ( 117.168 )
1566.800 ( 24.349 ) 1792.500 ( 62.908 ) 2306.084 ( 27.953 ) 3025.750 ( 125.271 )
1566.800 ( 24.349 ) 1793.250 ( 56.131 ) 2321.890 ( 25.453 ) 3154.950 ( 249.918 )
1566.800 ( 24.349 ) 1784.350 ( 42.470 ) 2308.348 ( 21.781 ) 3044.100 ( 80.678 )
1566.800 ( 24.349 ) 1804.400 ( 70.347 ) 2326.368 ( 21.835 ) 3032.950 ( 134.215 )
1566.800 ( 24.349 ) 1807.150 ( 60.876 ) 2313.312 ( 21.480 ) 2991.550 ( 77.788 )
1566.100 ( 24.761 ) 1772.000 ( 77.682 ) 2318.982 ( 21.349 ) 3015.250 ( 147.494 )
1566.100 ( 24.761 ) 1776.550 ( 56.045 ) 2313.050 ( 14.896 ) 2979.400 ( 118.930 )
1566.100 ( 24.761 ) 1781.200 ( 83.308 ) 2311.854 ( 23.494 ) 3036.700 ( 118.025 )
1566.100 ( 24.761 ) 1799.500 ( 74.536 ) 2328.166 ( 19.597 ) 3079.300 ( 124.354 )
1566.100 ( 24.761 ) 1798.150 ( 71.316 ) 2318.696 ( 26.399 ) 3068.300 ( 119.430 )
1566.100 ( 24.761 ) 1814.250 ( 59.107 ) 2320.679 ( 21.888 ) 3071.350 ( 164.507 )
1566.100 ( 24.761 ) 1789.000 ( 66.502 ) 2306.683 ( 21.390 ) 3035.150 ( 145.457 )
1566.100 ( 24.761 ) 1799.800 ( 66.858 ) 2314.731 ( 26.180 ) 3003.250 ( 148.000 )
1566.100 ( 24.761 ) 1793.400 ( 67.879 ) 2314.992 ( 23.042 ) 3056.350 ( 132.863 )
1566.100 ( 24.761 ) 1792.150 ( 62.170 ) 2322.827 ( 20.410 ) 3092.800 ( 160.995 )
1566.100 ( 24.761 ) 1788.900 ( 66.781 ) 2311.901 ( 22.878 ) 3074.300 ( 162.482 )
1566.100 ( 24.761 ) 1767.400 ( 70.854 ) 2320.165 ( 26.344 ) 3020.200 ( 133.310 )
1566.100 ( 24.761 ) 1773.800 ( 62.905 ) 2311.295 ( 21.132 ) 3049.050 ( 120.665 )
1566.100 ( 24.761 ) 1781.100 ( 73.738 ) 2316.777 ( 16.832 ) 3058.950 ( 152.210 )
1566.100 ( 24.761 ) 1779.300 ( 51.252 ) 2320.964 ( 22.683 ) 3018.750 ( 105.338 )
1566.100 ( 24.761 ) 1785.000 ( 78.166 ) 2309.432 ( 19.598 ) 3027.400 ( 121.817 )
1566.100 ( 24.761 ) 1790.550 ( 60.803 ) 2317.073 ( 15.426 ) 3034.650 ( 103.856 )
1566.100 ( 24.761 ) 1755.950 ( 56.882 ) 2310.200 ( 31.120 ) 3057.700 ( 132.069 )
1566.100 ( 24.761 ) 1766.550 ( 69.434 ) 2303.475 ( 24.226 ) 3009.750 ( 124.680 )
1566.100 ( 24.761 ) 1771.300 ( 60.017 ) 2309.380 ( 20.781 ) 3025.900 ( 149.262 )
1566.100 ( 24.761 ) 1789.350 ( 58.611 ) 2322.176 ( 24.591 ) 3070.950 ( 149.927 )
1566.100 ( 24.761 ) 1813.700 ( 58.557 ) 2320.098 ( 31.889 ) 3039.500 ( 131.731 )
1566.100 ( 24.761 ) 1804.000 ( 49.036 ) 2314.905 ( 23.426 ) 3035.450 ( 145.645 )
1566.100 ( 24.761 ) 1784.400 ( 73.058 ) 2317.669 ( 29.685 ) 3067.000 ( 114.841 )
1566.100 ( 24.761 ) 1794.150 ( 48.191 ) 2324.415 ( 29.360 ) 3130.500 ( 157.994 )
1566.100 ( 24.761 ) 1773.000 ( 75.371 ) 2323.669 ( 23.315 ) 3015.650 ( 117.122 )
1566.100 ( 24.761 ) 1786.300 ( 68.419 ) 2321.833 ( 22.572 ) 3021.500 ( 144.258 )
1566.100 ( 24.761 ) 1765.300 ( 68.786 ) 2309.053 ( 26.500 ) 3013.350 ( 113.010 )
1566.100 ( 24.761 ) 1805.200 ( 82.764 ) 2320.802 ( 22.153 ) 3028.500 ( 130.783 )
1566.100 ( 24.761 ) 1806.450 ( 49.215 ) 2319.761 ( 25.333 ) 3048.750 ( 165.345 )
1566.100 ( 24.761 ) 1776.900 ( 63.415 ) 2309.984 ( 22.211 ) 3017.850 ( 123.470 )
1566.100 ( 24.761 ) 1788.000 ( 59.616 ) 2316.135 ( 20.756 ) 3145.700 ( 155.618 )
1566.100 ( 24.761 ) 1815.600 ( 67.449 ) 2317.796 ( 28.489 ) 2994.950 ( 130.943 )
1566.100 ( 24.761 ) 1780.600 ( 80.440 ) 2307.541 ( 33.484 ) 2969.150 ( 151.718 )
1566.100 ( 24.761 ) 1767.750 ( 70.631 ) 2318.788 ( 27.414 ) 3095.350 ( 105.442 )
1565.150 ( 23.057 ) 1772.400 ( 80.612 ) 2311.700 ( 21.421 ) 2994.150 ( 101.898 )
1565.150 ( 23.057 ) 1797.450 ( 52.512 ) 2316.197 ( 29.023 ) 2976.800 ( 118.042 )
1565.150 ( 23.057 ) 1796.400 ( 54.277 ) 2316.153 ( 29.788 ) 3031.050 ( 144.033 )
1565.150 ( 23.057 ) 1774.050 ( 77.420 ) 2322.597 ( 27.558 ) 3026.900 ( 113.769 )
1565.150 ( 23.057 ) 1747.050 ( 54.000 ) 2306.550 ( 27.053 ) 3075.950 ( 176.195 )
1565.150 ( 23.057 ) 1788.200 ( 65.566 ) 2318.178 ( 21.685 ) 3020.850 ( 154.438 )
1565.150 ( 23.057 ) 1804.100 ( 58.327 ) 2322.186 ( 22.472 ) 3086.500 ( 177.994 )
1565.150 ( 23.057 ) 1793.450 ( 61.607 ) 2322.340 ( 25.315 ) 3095.750 ( 162.354 )
1565.150 ( 23.057 ) 1793.700 ( 52.168 ) 2323.868 ( 20.582 ) 3047.500 ( 148.284 )
1565.150 ( 23.057 ) 1771.300 ( 70.894 ) 2317.491 ( 27.212 ) 3035.300 ( 91.468 )
1565.150 ( 23.057 ) 1806.700 ( 70.916 ) 2317.559 ( 20.797 ) 3008.550 ( 101.509 )
1565.150 ( 23.057 ) 1793.250 ( 48.517 ) 2314.873 ( 24.888 ) 3028.300 ( 111.131 )
1565.150 ( 23.057 ) 1776.450 ( 60.873 ) 2310.075 ( 27.422 ) 3062.700 ( 157.390 )
1565.150 ( 23.057 ) 1791.650 ( 76.528 ) 2312.078 ( 20.507 ) 3039.850 ( 128.602 )
1565.150 ( 23.057 ) 1794.500 ( 65.261 ) 2309.569 ( 23.992 ) 3062.500 ( 129.923 )
1565.150 ( 23.057 ) 1788.200 ( 58.412 ) 2325.918 ( 18.806 ) 3098.850 ( 181.501 )
1565.150 ( 23.057 ) 1786.700 ( 69.382 ) 2315.373 ( 24.225 ) 3065.900 ( 152.824 )
1565.150 ( 23.057 ) 1776.050 ( 81.751 ) 2324.347 ( 27.714 ) 3029.000 ( 131.668 )
1565.150 ( 23.057 ) 1766.050 ( 68.916 ) 2303.140 ( 26.376 ) 3113.650 ( 191.611 )
1565.150 ( 23.057 ) 1815.050 ( 71.653 ) 2319.614 ( 26.987 ) 3060.100 ( 142.261 )
1565.150 ( 23.057 ) 1780.950 ( 67.031 ) 2308.755 ( 27.716 ) 3059.400 ( 106.250 )
1565.150 ( 23.057 ) 1793.850 ( 55.871 ) 2315.343 ( 26.439 ) 3050.200 ( 135.175 )
1565.150 ( 23.057 ) 1781.600 ( 76.963 ) 2313.446 ( 26.142 ) 3006.900 ( 157.648 )
1565.150 ( 23.057 ) 1797.000 ( 73.076 ) 2309.571 ( 23.436 ) 3042.200 ( 187.550 )
1565.150 ( 23.057 ) 1776.900 ( 80.518 ) 2309.224 ( 29.177 ) 3052.300 ( 159.018 )
1565.150 ( 23.057 ) 1797.050 ( 58.167 ) 2318.506 ( 20.294 ) 3054.500 ( 135.281 )
1562.300 ( 22.204 ) 1774.500 ( 82.244 ) 2315.142 ( 25.671 ) 3018.450 ( 127.565 )
1562.300 ( 22.204 ) 1796.500 ( 70.182 ) 2312.309 ( 21.781 ) 2971.200 ( 111.028 )
1562.300 ( 22.204 ) 1777.100 ( 83.358 ) 2308.246 ( 24.233 ) 3026.100 ( 151.840 )
1562.300 ( 22.204 ) 1782.300 ( 47.116 ) 2310.823 ( 21.034 ) 3039.200 ( 123.903 )
1562.300 ( 22.204 ) 1746.300 ( 80.479 ) 2297.528 ( 29.923 ) 3012.850 ( 155.880 )
1562.300 ( 22.204 ) 1772.150 ( 78.284 ) 2321.652 ( 30.070 ) 3085.100 ( 124.035 )
1562.300 ( 22.204 ) 1764.400 ( 57.573 ) 2318.666 ( 17.147 ) 3082.250 ( 134.034 )
1562.300 ( 22.204 ) 1761.850 ( 51.626 ) 2307.574 ( 27.020 ) 3012.750 ( 138.279 )
1562.300 ( 22.204 ) 1784.600 ( 68.239 ) 2321.878 ( 20.252 ) 2997.550 ( 105.261 )
1562.300 ( 22.204 ) 1802.400 ( 62.231 ) 2319.677 ( 21.197 ) 3030.250 ( 128.668 )
1562.300 ( 22.204 ) 1805.650 ( 57.757 ) 2320.216 ( 31.216 ) 3012.800 ( 109.011 )
1562.300 ( 22.204 ) 1774.800 ( 74.157 ) 2314.454 ( 27.771 ) 3003.600 ( 111.517 )
1562.300 ( 22.204 ) 1769.700 ( 86.101 ) 2321.709 ( 17.716 ) 3039.050 ( 134.700 )
1562.300 ( 22.204 ) 1784.200 ( 59.797 ) 2312.819 ( 19.296 ) 3081.700 ( 183.319 )
1562.300 ( 22.204 ) 1797.200 ( 53.895 ) 2302.408 ( 32.455 ) 2997.350 ( 152.451 )
1562.300 ( 22.204 ) 1780.650 ( 60.689 ) 2318.470 ( 21.997 ) 2994.150 ( 106.863 )
1562.300 ( 22.204 ) 1777.150 ( 43.080 ) 2312.335 ( 26.391 ) 3006.600 ( 148.292 )
1562.300 ( 22.204 ) 1771.500 ( 51.265 ) 2322.990 ( 28.840 ) 3093.750 ( 165.184 )
1562.300 ( 22.204 ) 1789.350 ( 63.971 ) 2315.487 ( 24.334 ) 3038.250 ( 123.230 )
1562.300 ( 22.204 ) 1823.950 ( 58.856 ) 2311.199 ( 16.265 ) 3066.100 ( 179.326 )
1562.300 ( 22.204 ) 1774.700 ( 63.443 ) 2311.076 ( 26.747 ) 3028.550 ( 104.243 )
1562.300 ( 22.204 ) 1785.300 ( 57.485 ) 2315.889 ( 18.225 ) 3028.200 ( 138.679 )
