1695.050 ( 64.116 ) 1695.050 ( 64.116 ) 2156.142 ( 18.393 ) 2893.600 ( 125.901 )
1662.750 ( 42.409 ) 1697.100 ( 45.579 ) 2112.128 ( 20.403 ) 2785.350 ( 126.686 )
1660.250 ( 42.142 ) 1753.350 ( 51.427 ) 2206.172 ( 24.674 ) 2909.450 ( 244.625 )
1660.250 ( 42.142 ) 1847.850 ( 61.924 ) 2352.799 ( 23.577 ) 3022.850 ( 113.883 )
1660.250 ( 42.142 ) 1858.550 ( 67.994 ) 2370.249 ( 23.271 ) 3073.150 ( 125.844 )
1660.250 ( 42.142 ) 1795.900 ( 67.996 ) 2320.582 ( 35.685 ) 2952.550 ( 81.389 )
1651.500 ( 40.510 ) 1749.600 ( 57.050 ) 2278.577 ( 27.777 ) 2998.650 ( 121.041 )
1644.700 ( 42.107 ) 1753.900 ( 67.850 ) 2270.124 ( 21.680 ) 2996.250 ( 159.268 )
1644.700 ( 42.107 ) 1756.400 ( 48.611 ) 2247.901 ( 35.497 ) 2994.800 ( 169.825 )
1641.400 ( 40.843 ) 1743.050 ( 70.763 ) 2246.025 ( 21.399 ) 2927.650 ( 109.170 )
1635.650 ( 40.543 ) 1736.000 ( 60.078 ) 2242.922 ( 23.758 ) 3015.950 ( 202.086 )
1632.600 ( 38.585 ) 1729.800 ( 44.391 ) 2235.649 ( 27.233 ) 2915.850 ( 120.891 )
1632.600 ( 38.585 ) 1729.250 ( 45.922 ) 2241.041 ( 27.188 ) 2930.950 ( 118.479 )
1632.600 ( 38.585 ) 1755.600 ( 37.632 ) 2235.702 ( 18.999 ) 2997.000 ( 203.755 )
1628.600 ( 36.735 ) 1731.450 ( 84.214 ) 2245.310 ( 31.527 ) 3007.950 ( 137.848 )
1626.850 ( 34.939 ) 1755.300 ( 44.118 ) 2235.403 ( 28.973 ) 2946.200 ( 135.199 )
1622.200 ( 36.930 ) 1710.050 ( 67.428 ) 2232.602 ( 28.009 ) 2980.400 ( 90.270 )
1621.000 ( 36.903 ) 1715.900 ( 66.205 ) 2225.894 ( 27.633 ) 2977.650 ( 161.198 )
1614.800 ( 36.829 ) 1709.400 ( 63.646 ) 2227.118 ( 17.946 ) 2939.950 ( 116.853 )
1614.200 ( 35.645 ) 1731.500 ( 51.077 ) 2229.035 ( 17.359 ) 2976.900 ( 186.393 )
1612.850 ( 35.709 ) 1741.500 ( 51.009 ) 2229.694 ( 27.361 ) 2884.800 ( 98.795 )
1612.400 ( 34.908 ) 1732.400 ( 35.558 ) 2235.120 ( 25.409 ) 2975.950 ( 157.229 )
1611.500 ( 33.912 ) 1737.650 ( 45.524 ) 2238.451 ( 18.056 ) 2956.350 ( 175.590 )
1611.500 ( 33.912 ) 1748.350 ( 45.961 ) 2233.882 ( 24.606 ) 2951.350 ( 130.940 )
1611.500 ( 33.912 ) 1741.950 ( 48.599 ) 2232.797 ( 24.046 ) 2941.150 ( 170.215 )
1611.500 ( 33.912 ) 1755.250 ( 56.981 ) 2239.974 ( 22.258 ) 2959.800 ( 146.061 )
1611.500 ( 33.912 ) 1717.600 ( 47.795 ) 2218.120 ( 23.828 ) 2858.250 ( 109.219 )
1611.500 ( 33.912 ) 1737.500 ( 56.999 ) 2252.373 ( 26.571 ) 3023.700 ( 175.531 )
1610.500 ( 33.347 ) 1764.700 ( 58.738 ) 2236.091 ( 23.337 ) 2948.050 ( 170.252 )
1607.200 ( 41.848 ) 1724.350 ( 76.319 ) 2224.414 ( 21.485 ) 2910.600 ( 107.651 )
1607.200 ( 41.848 ) 1736.650 ( 60.943 ) 2227.837 ( 22.273 ) 3004.250 ( 136.776 )
1601.650 ( 43.071 ) 1718.500 ( 70.137 ) 2227.066 ( 25.959 ) 2988.000 ( 197.122 )
1601.650 ( 43.071 ) 1731.800 ( 55.199 ) 2235.626 ( 24.551 ) 2983.400 ( 151.777 )
1599.400 ( 44.702 ) 1714.850 ( 68.526 ) 2223.242 ( 16.577 ) 2878.100 ( 129.667 )
1594.650 ( 42.766 ) 1709.800 ( 62.030 ) 2224.774 ( 20.515 ) 2959.250 ( 179.206 )
1594.550 ( 42.596 ) 1714.200 ( 47.935 ) 2219.506 ( 22.689 ) 2960.700 ( 170.404 )
1593.000 ( 43.005 ) 1748.950 ( 75.323 ) 2233.081 ( 17.310 ) 2905.550 ( 104.533 )
1592.900 ( 42.907 ) 1729.400 ( 52.273 ) 2222.828 ( 31.117 ) 2867.400 ( 107.344 )
1590.250 ( 41.467 ) 1742.500 ( 61.528 ) 2229.443 ( 22.414 ) 2983.400 ( 121.541 )
1587.800 ( 39.981 ) 1729.350 ( 71.123 ) 2216.176 ( 27.947 ) 2923.200 ( 121.291 )
1587.800 ( 39.981 ) 1721.400 ( 62.553 ) 2231.192 ( 29.830 ) 2902.300 ( 126.943 )
1587.800 ( 39.981 ) 1716.050 ( 54.652 ) 2226.703 ( 23.590 ) 2983.900 ( 161.658 )
1587.800 ( 39.981 ) 1752.800 ( 57.074 ) 2232.959 ( 22.061 ) 2954.850 ( 128.478 )
1587.800 ( 39.981 ) 1744.150 ( 62.483 ) 2231.349 ( 20.745 ) 2950.300 ( 116.586 )
1587.800 ( 39.981 ) 1758.850 ( 48.538 ) 2224.774 ( 25.480 ) 2915.150 ( 158.409 )
1587.800 ( 39.981 ) 1715.600 ( 65.116 ) 2225.479 ( 22.985 ) 2894.750 ( 107.645 )
1585.450 ( 38.184 ) 1734.550 ( 70.525 ) 2228.191 ( 30.221 ) 2940.000 ( 139.876 )
1579.200 ( 33.292 ) 1731.050 ( 80.326 ) 2235.894 ( 21.110 ) 2970.800 ( 157.413 )
1579.200 ( 33.292 ) 1727.150 ( 55.530 ) 2235.260 ( 22.218 ) 2984.500 ( 179.660 )
1579.200 ( 33.292 ) 1729.650 ( 58.654 ) 2228.241 ( 29.712 ) 2960.650 ( 142.931 )
1579.200 ( 33.292 ) 1734.450 ( 53.379 ) 2232.317 ( 24.030 ) 2950.000 ( 114.594 )
1579.200 ( 33.292 ) 1723.700 ( 58.249 ) 2226.318 ( 27.636 ) 2967.850 ( 144.227 )
1575.550 ( 33.497 ) 1728.000 ( 61.988 ) 2225.905 ( 24.737 ) 2924.000 ( 151.313 )
1572.650 ( 33.419 ) 1702.750 ( 71.674 ) 2221.632 ( 18.069 ) 2889.300 ( 172.274 )
1572.650 ( 33.419 ) 1717.600 ( 56.501 ) 2225.541 ( 19.395 ) 2938.450 ( 147.149 )
1572.650 ( 33.419 ) 1753.500 ( 36.214 ) 2220.672 ( 16.788 ) 2955.100 ( 150.742 )
1572.650 ( 33.419 ) 1715.500 ( 79.824 ) 2232.759 ( 27.038 ) 2942.350 ( 95.738 )
1572.650 ( 33.419 ) 1727.600 ( 47.644 ) 2221.903 ( 22.194 ) 2906.900 ( 158.617 )
1572.650 ( 33.419 ) 1727.700 ( 62.798 ) 2229.440 ( 23.698 ) 2958.250 ( 119.462 )
1572.650 ( 33.419 ) 1747.700 ( 43.308 ) 2234.992 ( 21.109 ) 2942.150 ( 128.851 )
1572.650 ( 33.419 ) 1724.100 ( 53.977 ) 2229.414 ( 21.053 ) 3043.800 ( 221.320 )
1572.650 ( 33.419 ) 1724.800 ( 48.422 ) 2225.910 ( 17.805 ) 2937.300 ( 141.369 )
1572.650 ( 33.419 ) 1733.500 ( 43.659 ) 2234.312 ( 24.446 ) 2904.050 ( 113.135 )
1572.100 ( 32.634 ) 1736.600 ( 58.483 ) 2225.982 ( 26.512 ) 2935.600 ( 186.282 )
1572.100 ( 32.634 ) 1730.250 ( 61.515 ) 2229.358 ( 27.245 ) 2951.900 ( 151.883 )
1572.100 ( 32.634 ) 1736.450 ( 59.821 ) 2236.414 ( 28.854 ) 3016.550 ( 145.360 )
1572.100 ( 32.634 ) 1727.450 ( 60.110 ) 2227.791 ( 19.848 ) 2931.750 ( 112.853 )
1572.100 ( 32.634 ) 1754.600 ( 50.114 ) 2235.619 ( 26.406 ) 2933.500 ( 130.315 )
1572.100 ( 32.634 ) 1720.000 ( 45.720 ) 2228.914 ( 32.201 ) 2958.900 ( 147.100 )
1570.550 ( 30.311 ) 1734.800 ( 63.395 ) 2233.805 ( 24.429 ) 2922.950 ( 119.029 )
1570.550 ( 30.311 ) 1710.850 ( 60.777 ) 2230.962 ( 23.924 ) 2960.100 ( 190.155 )
1570.550 ( 30.311 ) 1727.100 ( 54.243 ) 2221.259 ( 22.555 ) 2888.050 ( 115.419 )
1570.200 ( 29.973 ) 1708.450 ( 59.746 ) 2223.268 ( 25.757 ) 2950.950 ( 137.746 )
1570.200 ( 29.973 ) 1747.800 ( 50.951 ) 2224.818 ( 26.770 ) 2942.800 ( 182.777 )
1570.200 ( 29.973 ) 1745.050 ( 57.497 ) 2235.369 ( 18.952 ) 2926.400 ( 133.829 )
1570.200 ( 29.973 ) 1716.350 ( 54.979 ) 2230.372 ( 23.868 ) 2954.200 ( 139.514 )
1570.200 ( 29.973 ) 1736.750 ( 68.810 ) 2238.696 ( 20.592 ) 3000.700 ( 146.296 )
1570.200 ( 29.973 ) 1747.050 ( 56.192 ) 2229.345 ( 21.232 ) 2945.150 ( 114.884 )
1570.200 ( 29.973 ) 1738.750 ( 59.948 ) 2228.792 ( 25.693 ) 2952.850 ( 129.868 )
1570.200 ( 29.973 ) 1745.050 ( 43.146 ) 2220.206 ( 20.342 ) 2926.800 ( 116.210 )
1568.350 ( 30.143 ) 1719.750 ( 59.366 ) 2221.905 ( 24.491 ) 2937.300 ( 119.297 )
1568.150 ( 30.005 ) 1728.350 ( 55.912 ) 2222.912 ( 21.050 ) 2972.550 ( 165.182 )
1568.150 ( 30.005 ) 1707.600 ( 56.744 ) 2229.763 ( 26.884 ) 2900.450 ( 116.683 )
1566.600 ( 28.415 ) 1707.950 ( 70.885 ) 2226.474 ( 22.767 ) 2969.550 ( 140.079 )
1566.600 ( 28.415 ) 1725.650 ( 51.460 ) 2225.636 ( 24.352 ) 2983.650 ( 205.271 )
1565.550 ( 27.895 ) 1708.750 ( 78.807 ) 2223.032 ( 24.565 ) 2868.250 ( 132.731 )
1565.550 ( 27.895 ) 1737.700 ( 45.445 ) 2236.344 ( 25.573 ) 2954.750 ( 176.553 )
1565.550 ( 27.895 ) 1725.500 ( 57.922 ) 2221.283 ( 19.260 ) 2904.250 ( 123.043 )
1565.550 ( 27.895 ) 1721.400 ( 55.013 ) 2227.456 ( 30.553 ) 2979.300 ( 172.178 )
1565.550 ( 27.895 ) 1713.250 ( 39.877 ) 2230.291 ( 31.321 ) 2946.000 ( 146.127 )
1565.550 ( 27.895 ) 1726.450 ( 71.571 ) 2223.617 ( 26.838 ) 2985.850 ( 130.908 )
1565.550 ( 27.895 ) 1736.350 ( 52.462 ) 2236.153 ( 28.960 ) 2972.850 ( 142.381 )
1564.650 ( 27.476 ) 1714.300 ( 52.801 ) 2218.056 ( 23.458 ) 2904.100 ( 133.790 )
1564.650 ( 27.476 ) 1740.400 ( 50.553 ) 2240.612 ( 27.342 ) 2970.300 ( 125.730 )
1564.650 ( 27.476 ) 1732.050 ( 52.720 ) 2228.421 ( 20.724 ) 2974.800 ( 101.883 )
1564.650 ( 27.476 ) 1730.200 ( 47.652 ) 2232.580 ( 15.742 ) 2968.150 ( 114.956 )
1563.850 ( 27.483 ) 1729.850 ( 68.698 ) 2232.270 ( 28.996 ) 2926.350 ( 134.127 )
1563.850 ( 27.483 ) 1710.400 ( 48.396 ) 2224.190 ( 32.994 ) 2920.850 ( 99.341 )
1563.850 ( 27.483 ) 1729.800 ( 68.784 ) 2237.445 ( 23.090 ) 2962.400 ( 117.822 )
1562.350 ( 26.488 ) 1712.150 ( 62.242 ) 2226.650 ( 17.771 ) 2981.500 ( 173.154 )
1562.350 ( 26.488 ) 1734.650 ( 49.362 ) 2220.648 ( 20.865 ) 2980.050 ( 162.264 )
1562.350 ( 26.488 ) 1734.750 ( 53.491 ) 2229.114 ( 25.102 ) 2890.200 ( 115.955 )
1562.350 ( 26.488 ) 1725.950 ( 51.246 ) 2235.780 ( 27.909 ) 2924.400 ( 117.654 )
1562.350 ( 26.488 ) 1747.350 ( 71.323 ) 2222.899 ( 25.951 ) 2920.600 ( 77.653 )
1562.350 ( 26.488 ) 1734.650 ( 61.701 ) 2219.598 ( 21.032 ) 2966.700 ( 169.802 )
1561.900 ( 26.803 ) 1720.400 ( 59.053 ) 2222.102 ( 24.920 ) 2947.600 ( 151.705 )
1561.900 ( 26.803 ) 1731.900 ( 49.161 ) 2221.673 ( 22.657 ) 2981.100 ( 196.990 )
1561.900 ( 26.803 ) 1741.250 ( 49.828 ) 2227.355 ( 20.075 ) 2900.900 ( 91.921 )
1561.900 ( 26.803 ) 1727.400 ( 56.925 ) 2235.440 ( 19.052 ) 2972.050 ( 132.107 )
1561.900 ( 26.803 ) 1761.000 ( 64.060 ) 2229.963 ( 21.596 ) 2881.750 ( 133.192 )
1561.900 ( 26.803 ) 1719.400 ( 44.538 ) 2232.556 ( 24.511 ) 2965.750 ( 148.830 )
1561.900 ( 26.803 ) 1725.000 ( 41.680 ) 2226.245 ( 26.613 ) 2947.650 ( 130.356 )
1561.900 ( 26.803 ) 1739.650 ( 42.048 ) 2237.378 ( 22.481 ) 3005.600 ( 143.290 )
1561.900 ( 26.803 ) 1728.800 ( 71.990 ) 2229.648 ( 24.695 ) 2912.400 ( 146.053 )
1561.500 ( 26.423 ) 1728.050 ( 61.714 ) 2235.271 ( 21.801 ) 2960.250 ( 130.035 )
1561.500 ( 26.423 ) 1726.000 ( 50.493 ) 2228.225 ( 24.394 ) 2934.900 ( 89.180 )
1561.500 ( 26.423 ) 1725.150 ( 50.270 ) 2225.950 ( 21.806 ) 2928.100 ( 132.674 )
1561.500 ( 26.423 ) 1726.100 ( 52.818 ) 2226.154 ( 22.041 ) 2999.150 ( 180.462 )
1561.500 ( 26.423 ) 1732.750 ( 64.400 ) 2226.749 ( 18.292 ) 2957.800 ( 111.321 )
1560.600 ( 26.560 ) 1725.350 ( 65.906 ) 2230.146 ( 15.726 ) 2957.200 ( 189.541 )
1560.600 ( 26.560 ) 1718.600 ( 69.393 ) 2223.113 ( 21.921 ) 2943.900 ( 159.586 )
1560.600 ( 26.560 ) 1725.200 ( 48.510 ) 2229.080 ( 24.276 ) 2890.350 ( 83.918 )
1560.600 ( 26.560 ) 1713.150 ( 58.055 ) 2227.027 ( 29.659 ) 2951.100 ( 158.838 )
1560.600 ( 26.560 ) 1715.650 ( 60.270 ) 2226.535 ( 25.986 ) 2926.900 ( 148.914 )
1560.600 ( 26.560 ) 1753.450 ( 57.269 ) 2226.889 ( 30.396 ) 2903.200 ( 130.211 )
1560.600 ( 26.560 ) 1722.900 ( 40.947 ) 2219.861 ( 28.236 ) 2919.350 ( 134.298 )
1560.500 ( 26.472 ) 1715.550 ( 63.285 ) 2238.151 ( 26.695 ) 3011.600 ( 155.285 )
1560.500 ( 26.472 ) 1726.650 ( 48.129 ) 2233.202 ( 18.459 ) 2972.250 ( 130.550 )
1559.500 ( 26.585 ) 1724.100 ( 72.126 ) 2234.642 ( 27.834 ) 2906.500 ( 148.425 )
1559.500 ( 26.585 ) 1728.100 ( 62.153 ) 2232.601 ( 23.841 ) 2951.800 ( 159.635 )
1559.500 ( 26.585 ) 1731.450 ( 49.854 ) 2220.667 ( 27.452 ) 2991.600 ( 117.670 )
1559.500 ( 26.585 ) 1743.000 ( 69.658 ) 2239.932 ( 26.677 ) 2923.250 ( 147.955 )
1559.500 ( 26.585 ) 1740.500 ( 45.231 ) 2231.070 ( 22.357 ) 2858.600 ( 97.697 )
1559.500 ( 26.585 ) 1722.900 ( 65.134 ) 2219.969 ( 25.634 ) 2913.950 ( 114.712 )
1559.500 ( 26.585 ) 1721.750 ( 64.134 ) 2223.328 ( 26.725 ) 2944.750 ( 147.084 )
1559.500 ( 26.585 ) 1720.300 ( 48.546 ) 2226.558 ( 18.755 ) 2931.050 ( 140.079 )
1557.650 ( 27.881 ) 1728.400 ( 80.546 ) 2225.646 ( 18.584 ) 2935.450 ( 163.241 )
1557.650 ( 27.881 ) 1711.750 ( 53.200 ) 2232.343 ( 17.961 ) 2916.450 ( 134.703 )
1557.650 ( 27.881 ) 1706.200 ( 55.069 ) 2226.240 ( 20.366 ) 2949.400 ( 133.384 )
1557.650 ( 27.881 ) 1717.350 ( 59.658 ) 2218.027 ( 23.587 ) 2934.400 ( 143.193 )
1557.650 ( 27.881 ) 1709.850 ( 58.740 ) 2225.154 ( 21.847 ) 2961.900 ( 122.152 )
1557.650 ( 27.881 ) 1703.600 ( 60.149 ) 2225.770 ( 23.660 ) 2999.100 ( 210.971 )
1557.650 ( 27.881 ) 1712.800 ( 65.017 ) 2237.439 ( 17.597 ) 2973.750 ( 188.017 )
1557.650 ( 27.881 ) 1745.300 ( 50.070 ) 2223.296 ( 19.615 ) 2947.000 ( 114.425 )
1557.650 ( 27.881 ) 1711.650 ( 55.687 ) 2234.839 ( 28.025 ) 2960.250 ( 87.197 )
1557.650 ( 27.881 ) 1713.400 ( 62.629 ) 2222.298 ( 24.359 ) 2947.000 ( 174.001 )
1555.000 ( 29.165 ) 1715.000 ( 67.172 ) 2221.391 ( 19.245 ) 2894.950 ( 132.116 )
1555.000 ( 29.165 ) 1716.750 ( 67.372 ) 2232.387 ( 31.664 ) 2944.800 ( 100.234 )
1555.000 ( 29.165 ) 1684.200 ( 57.987 ) 2224.581 ( 22.396 ) 2944.650 ( 123.202 )
1555.000 ( 29.165 ) 1739.550 ( 53.226 ) 2227.283 ( 27.918 ) 2955.750 ( 154.439 )
1555.000 ( 29.165 ) 1712.050 ( 60.728 ) 2221.325 ( 26.844 ) 3010.550 ( 173.209 )
1555.000 ( 29.165 ) 1738.050 ( 63.969 ) 2224.285 ( 23.680 ) 2940.000 ( 114.796 )
1555.000 ( 29.165 ) 1720.350 ( 49.628 ) 2225.092 ( 23.558 ) 2950.600 ( 182.757 )
1555.000 ( 29.165 ) 1715.600 ( 55.537 ) 2224.682 ( 22.728 ) 2949.850 ( 152.264 )
1555.000 ( 29.165 ) 1710.700 ( 49.796 ) 2229.109 ( 23.884 ) 2971.500 ( 148.148 )
1555.000 ( 29.165 ) 1721.800 ( 45.469 ) 2219.907 ( 30.307 ) 2925.250 ( 108.052 )
1555.000 ( 29.165 ) 1738.500 ( 55.445 ) 2222.849 ( 26.189 ) 2925.550 ( 155.087 )
1555.000 ( 29.165 ) 1729.950 ( 59.859 ) 2234.130 ( 25.537 ) 2949.800 ( 114.092 )
1555.000 ( 29.165 ) 1717.100 ( 66.989 ) 2217.029 ( 23.224 ) 2917.150 ( 120.088 )
1555.000 ( 29.165 ) 1746.550 ( 54.565 ) 2234.005 ( 19.188 ) 2984.600 ( 147.488 )
1555.000 ( 29.165 ) 1735.700 ( 58.311 ) 2229.159 ( 18.067 ) 2869.050 ( 108.986 )
1555.000 ( 29.165 ) 1699.550 ( 64.742 ) 2227.875 ( 30.460 ) 3005.850 ( 150.773 )
1555.000 ( 29.165 ) 1741.250 ( 61.866 ) 2228.498 ( 19.861 ) 2937.500 ( 175.136 )
1554.250 ( 28.623 ) 1716.700 ( 69.875 ) 2231.236 ( 16.674 ) 2925.950 ( 116.035 )
1554.250 ( 28.623 ) 1717.950 ( 59.329 ) 2222.529 ( 23.690 ) 2932.700 ( 167.273 )
1554.250 ( 28.623 ) 1737.700 ( 53.764 ) 2237.670 ( 16.907 ) 2906.150 ( 143.506 )
1554.250 ( 28.623 ) 1744.600 ( 61.948 ) 2233.054 ( 23.815 ) 3040.250 ( 183.022 )
1554.250 ( 28.623 ) 1754.500 ( 67.294 ) 2223.866 ( 25.985 ) 2935.600 ( 112.814 )
1554.250 ( 28.623 ) 1748.150 ( 55.680 ) 2241.945 ( 26.757 ) 3006.450 ( 162.007 )
1554.250 ( 28.623 ) 1720.900 ( 56.935 ) 2227.653 ( 21.568 ) 2906.900 ( 128.605 )
1554.250 ( 28.623 ) 1721.700 ( 63.475 ) 2219.801 ( 30.702 ) 2951.850 ( 154.375 )
1554.250 ( 28.623 ) 1710.250 ( 40.876 ) 2221.057 ( 22.758 ) 2902.550 ( 106.796 )
1554.250 ( 28.623 ) 1717.400 ( 64.842 ) 2223.963 ( 24.181 ) 2910.750 ( 129.746 )
1554.250 ( 28.623 ) 1732.150 ( 68.374 ) 2237.533 ( 20.864 ) 2933.550 ( 99.373 )
1554.250 ( 28.623 ) 1730.900 ( 72.223 ) 2224.916 ( 21.608 ) 2922.050 ( 126.144 )
1554.250 ( 28.623 ) 1715.600 ( 52.897 ) 2229.797 ( 20.735 ) 2992.000 ( 111.275 )
1554.250 ( 28.623 ) 1722.000 ( 65.005 ) 2224.780 ( 26.426 ) 2930.200 ( 95.120 )
1554.250 ( 28.623 ) 1717.450 ( 67.576 ) 2220.513 ( 26.201 ) 2935.600 ( 98.609 )
1554.250 ( 28.623 ) 1760.600 ( 51.111 ) 2233.032 ( 25.060 ) 2938.500 ( 131.183 )
1554.250 ( 28.623 ) 1683.050 ( 67.786 ) 2231.359 ( 27.191 ) 2961.300 ( 192.813 )
1554.250 ( 28.623 ) 1717.850 ( 55.310 ) 2217.212 ( 22.265 ) 2930.400 ( 104.797 )
1554.250 ( 28.623 ) 1731.600 ( 50.952 ) 2242.366 ( 17.625 ) 2987.150 ( 167.985 )
1554.250 ( 28.623 ) 1744.300 ( 70.595 ) 2229.658 ( 27.296 ) 2879.050 ( 106.649 )
1554.250 ( 28.623 ) 1733.400 ( 67.958 ) 2234.315 ( 18.140 ) 2930.450 ( 162.659 )
1554.250 ( 28.623 ) 1725.800 ( 43.103 ) 2219.155 ( 20.673 ) 2918.250 ( 146.849 )
1554.250 ( 28.623 ) 1728.850 ( 69.789 ) 2247.411 ( 19.839 ) 2971.800 ( 138.429 )
1554.250 ( 28.623 ) 1714.250 ( 46.761 ) 2235.025 ( 23.199 ) 2955.450 ( 164.656 )
1554.250 ( 28.623 ) 1697.600 ( 47.367 ) 2223.185 ( 24.135 ) 2971.100 ( 170.685 )
1554.250 ( 28.623 ) 1706.450 ( 56.562 ) 2232.589 ( 27.837 ) 2984.000 ( 118.472 )
1554.250 ( 28.623 ) 1731.000 ( 28.950 ) 2223.077 ( 22.162 ) 2929.450 ( 149.373 )
1554.250 ( 28.623 ) 1733.600 ( 41.280 ) 2231.660 ( 25.586 ) 2952.400 ( 116.860 )
1554.250 ( 28.623 ) 1744.900 ( 50.403 ) 2219.970 ( 27.964 ) 2985.000 ( 151.471 )
1552.600 ( 27.321 ) 1723.200 ( 70.652 ) 2230.732 ( 27.479 ) 2941.650 ( 132.706 )
1552.600 ( 27.321 ) 1730.550 ( 72.492 ) 2228.873 ( 23.453 ) 2972.550 ( 122.160 )
1552.600 ( 27.321 ) 1720.450 ( 68.180 ) 2230.749 ( 18.968 ) 2959.400 ( 127.542 )
1552.450 ( 27.360 ) 1728.300 ( 65.714 ) 2227.779 ( 17.444 ) 2994.950 ( 117.286 )
1552.450 ( 27.360 ) 1706.950 ( 66.046 ) 2227.405 ( 18.072 ) 2951.600 ( 133.178 )
1552.450 ( 27.360 ) 1727.900 ( 54.421 ) 2223.857 ( 21.527 ) 3015.100 ( 207.269 )
1552.450 ( 27.360 ) 1732.700 ( 42.439 ) 2228.170 ( 23.674 ) 2945.650 ( 119.744 )
1552.050 ( 26.891 ) 1725.000 ( 67.044 ) 2226.515 ( 25.005 ) 2941.200 ( 145.551 )
1552.050 ( 26.891 ) 1721.700 ( 52.483 ) 2232.788 ( 29.081 ) 2955.000 ( 181.620 )
1552.050 ( 26.891 ) 1720.000 ( 50.149 ) 2232.021 ( 24.364 ) 2982.850 ( 135.172 )
1552.050 ( 26.891 ) 1728.600 ( 62.751 ) 2225.779 ( 19.426 ) 2935.200 ( 102.576 )
1550.900 ( 26.329 ) 1702.900 ( 65.345 ) 2221.940 ( 23.444 ) 2914.600 ( 90.459 )
1550.900 ( 26.329 ) 1735.450 ( 65.253 ) 2239.276 ( 21.823 ) 2980.550 ( 124.036 )
1550.900 ( 26.329 ) 1725.150 ( 51.813 ) 2229.523 ( 19.226 ) 2923.350 ( 115.230 )
1550.900 ( 26.329 ) 1726.900 ( 48.436 ) 2238.414 ( 24.162 ) 3001.400 ( 154.111 )
1550.900 ( 26.329 ) 1745.300 ( 41.480 ) 2228.107 ( 28.365 ) 2915.800 ( 104.637 )
1550.900 ( 26.329 ) 1725.750 ( 67.708 ) 2229.735 ( 29.434 ) 2946.900 ( 131.514 )
1550.900 ( 26.329 ) 1724.900 ( 63.325 ) 2225.069 ( 25.743 ) 2902.950 ( 148.162 )
1550.900 ( 26.329 ) 1727.550 ( 58.345 ) 2229.445 ( 20.778 ) 2924.900 ( 144.123 )
1550.900 ( 26.329 ) 1737.000 ( 43.350 ) 2221.570 ( 26.815 ) 2934.500 ( 111.718 )
1550.900 ( 26.329 ) 1712.250 ( 36.566 ) 2227.861 ( 23.372 ) 2896.950 ( 79.979 )
1550.900 ( 26.329 ) 1727.250 ( 69.280 ) 2222.906 ( 30.363 ) 2997.650 ( 169.622 )
1550.900 ( 26.329 ) 1726.300 ( 64.146 ) 2227.584 ( 27.077 ) 2904.650 ( 132.018 )
1550.050 ( 25.641 ) 1734.050 ( 55.055 ) 2225.356 ( 27.905 ) 2946.850 ( 215.616 )
1550.050 ( 25.641 ) 1723.650 ( 74.657 ) 2231.123 ( 25.698 ) 2886.950 ( 100.243 )
1550.050 ( 25.641 ) 1717.650 ( 57.946 ) 2222.227 ( 20.980 ) 2981.200 ( 167.746 )
1550.050 ( 25.641 ) 1736.300 ( 60.809 ) 2230.489 ( 20.826 ) 2988.350 ( 138.366 )
1550.050 ( 25.641 ) 1732.450 ( 61.691 ) 2239.017 ( 26.215 ) 2988.700 ( 138.239 )
1550.050 ( 25.641 ) 1711.600 ( 49.902 ) 2227.745 ( 25.283 ) 2934.750 ( 135.712 )
1548.700 ( 26.412 ) 1712.300 ( 58.842 ) 2233.095 ( 22.274 ) 2918.050 ( 145.073 )
1548.700 ( 26.412 ) 1750.850 ( 54.951 ) 2230.624 ( 27.905 ) 2924.050 ( 167.685 )
1545.450 ( 28.833 ) 1730.500 ( 72.718 ) 2240.201 ( 20.977 ) 2930.600 ( 156.682 )
1544.600 ( 27.951 ) 1731.750 ( 56.319 ) 2235.501 ( 26.583 ) 2988.550 ( 149.017 )
1544.600 ( 27.951 ) 1714.050 ( 58.927 ) 2226.132 ( 24.044 ) 2929.250 ( 132.929 )
1544.600 ( 27.951 ) 1722.750 ( 55.553 ) 2228.740 ( 27.358 ) 2951.950 ( 162.800 )
1544.600 ( 27.951 ) 1713.700 ( 52.704 ) 2222.416 ( 21.221 ) 2971.100 ( 118.965 )
1544.600 ( 27.951 ) 1722.650 ( 55.907 ) 2226.893 ( 32.367 ) 2972.550 ( 156.557 )
1544.600 ( 27.951 ) 1746.000 ( 61.355 ) 2229.609 ( 27.721 ) 2854.350 ( 128.394 )
1544.600 ( 27.951 ) 1731.250 ( 61.334 ) 2234.083 ( 26.119 ) 2955.350 ( 105.809 )
1544.600 ( 27.951 ) 1697.950 ( 62.943 ) 2226.037 ( 20.656 ) 2939.500 ( 133.963 )
1544.600 ( 27.951 ) 1725.850 ( 58.341 ) 2221.562 ( 30.368 ) 2920.550 ( 90.222 )
1544.600 ( 27.951 ) 1760.000 ( 45.416 ) 2221.990 ( 19.619 ) 2968.050 ( 174.221 )
1544.600 ( 27.951 ) 1709.850 ( 60.491 ) 2224.235 ( 28.214 ) 2966.900 ( 128.486 )
1544.600 ( 27.951 ) 1745.050 ( 61.130 ) 2228.153 ( 21.242 ) 2977.100 ( 213.934 )
1544.600 ( 27.951 ) 1720.950 ( 65.096 ) 2227.377 ( 33.279 ) 2918.350 ( 92.029 )
1544.600 ( 27.951 ) 1733.200 ( 57.187 ) 2232.976 ( 21.952 ) 2943.550 ( 114.170 )
1544.600 ( 27.951 ) 1728.750 ( 53.434 ) 2225.160 ( 19.802 ) 2986.600 ( 143.390 )
1544.600 ( 27.951 ) 1739.050 ( 59.288 ) 2231.844 ( 21.851 ) 2954.800 ( 133.973 )
1544.600 ( 27.951 ) 1719.750 ( 64.427 ) 2229.625 ( 23.614 ) 2931.300 ( 139.009 )
1544.600 ( 27.951 ) 1733.450 ( 70.086 ) 2236.166 ( 25.740 ) 2890.200 ( 103.054 )
1544.600 ( 27.951 ) 1730.650 ( 55.574 ) 2227.287 ( 25.675 ) 2937.150 ( 135.769 )
1544.600 ( 27.951 ) 1722.700 ( 72.032 ) 2235.704 ( 21.015 ) 2899.750 ( 122.621 )
1544.600 ( 27.951 ) 1717.300 ( 61.535 ) 2231.581 ( 17.539 ) 2990.850 ( 144.240 )
1544.600 ( 27.951 ) 1731.550 ( 58.561 ) 2228.135 ( 12.755 ) 2924.150 ( 121.825 )
1544.600 ( 27.951 ) 1699.650 ( 63.053 ) 2213.241 ( 23.529 ) 2871.800 ( 145.837 )
1544.600 ( 27.951 ) 1735.050 ( 35.410 ) 2223.213 ( 23.755 ) 2928.550 ( 133.727 )
1544.600 ( 27.951 ) 1724.950 ( 59.826 ) 2231.554 ( 23.753 ) 2934.550 ( 103.425 )
1544.600 ( 27.951 ) 1725.900 ( 57.164 ) 2221.247 ( 24.365 ) 2934.300 ( 117.490 )
1544.600 ( 27.951 ) 1723.500 ( 56.547 ) 2220.887 ( 20.690 ) 2981.550 ( 134.822 )
1544.600 ( 27.951 ) 1747.050 ( 60.459 ) 2236.126 ( 20.127 ) 2901.150 ( 106.820 )
1544.600 ( 27.951 ) 1743.600 ( 58.739 ) 2226.606 ( 30.763 ) 2979.800 ( 196.944 )
1544.600 ( 27.951 ) 1743.550 ( 43.213 ) 2224.530 ( 21.898 ) 2939.100 ( 151.904 )
1544.600 ( 27.951 ) 1717.450 ( 52.239 ) 2225.856 ( 18.449 ) 2947.550 ( 113.882 )
1544.600 ( 27.951 ) 1750.200 ( 52.409 ) 2219.144 ( 24.456 ) 2921.750 ( 102.028 )
1544.600 ( 27.951 ) 1734.850 ( 57.438 ) 2226.176 ( 26.532 ) 3002.200 ( 199.566 )
1544.600 ( 27.951 ) 1727.400 ( 52.298 ) 2224.273 ( 22.663 ) 2938.100 ( 119.959 )
1544.600 ( 27.951 ) 1722.650 ( 43.191 ) 2228.130 ( 19.276 ) 2936.500 ( 126.128 )
1544.600 ( 27.951 ) 1738.000 ( 49.593 ) 2226.385 ( 18.828 ) 2944.200 ( 175.841 )
1544.600 ( 27.951 ) 1736.000 ( 56.049 ) 2222.713 ( 27.811 ) 2897.650 ( 147.543 )
1544.600 ( 27.951 ) 1742.850 ( 52.331 ) 2228.553 ( 29.600 ) 2933.300 ( 163.473 )
1544.050 ( 27.591 ) 1739.700 ( 78.065 ) 2224.358 ( 21.752 ) 2975.000 ( 134.774 )
1542.550 ( 26.441 ) 1722.050 ( 67.586 ) 2215.819 ( 25.302 ) 2901.900 ( 108.651 )
1542.550 ( 26.441 ) 1724.450 ( 58.230 ) 2230.353 ( 20.880 ) 2949.250 ( 135.419 )
1542.550 ( 26.441 ) 1735.950 ( 50.232 ) 2230.950 ( 25.733 ) 2953.550 ( 133.900 )
1542.550 ( 26.441 ) 1711.300 ( 46.253 ) 2223.685 ( 22.560 ) 2980.400 ( 150.845 )
1542.550 ( 26.441 ) 1734.850 ( 47.509 ) 2227.134 ( 26.234 ) 2948.500 ( 161.521 )
1542.550 ( 26.441 ) 1734.200 ( 61.421 ) 2236.687 ( 24.319 ) 2941.600 ( 140.686 )
1542.550 ( 26.441 ) 1756.550 ( 46.810 ) 2237.175 ( 27.161 ) 2952.300 ( 122.284 )
1542.550 ( 26.441 ) 1709.100 ( 61.530 ) 2216.486 ( 22.836 ) 3006.350 ( 152.005 )
1542.550 ( 26.441 ) 1724.750 ( 50.970 ) 2226.726 ( 24.780 ) 2967.850 ( 150.246 )
1542.550 ( 26.441 ) 1724.900 ( 76.012 ) 2232.833 ( 26.009 ) 2902.950 ( 123.353 )
1542.550 ( 26.441 ) 1734.650 ( 60.028 ) 2228.374 ( 25.998 ) 2956.850 ( 122.062 )
1542.550 ( 26.441 ) 1751.400 ( 57.263 ) 2225.233 ( 27.804 ) 2914.300 ( 114.203 )
1542.550 ( 26.441 ) 1733.750 ( 62.893 ) 2234.421 ( 19.367 ) 2953.500 ( 117.676 )
1542.550 ( 26.441 ) 1713.450 ( 56.487 ) 2229.384 ( 22.375 ) 2943.100 ( 157.312 )
1542.550 ( 26.441 ) 1737.000 ( 64.458 ) 2226.227 ( 22.348 ) 2926.050 ( 140.920 )
1542.550 ( 26.441 ) 1723.450 ( 59.539 ) 2226.112 ( 19.625 ) 2899.200 ( 117.523 )
1542.550 ( 26.441 ) 1744.600 ( 59.202 ) 2229.231 ( 22.428 ) 2890.400 ( 131.737 )
1542.550 ( 26.441 ) 1723.700 ( 50.319 ) 2224.726 ( 18.500 ) 2958.650 ( 143.777 )
1542.550 ( 26.441 ) 1746.100 ( 42.244 ) 2225.828 ( 19.813 ) 2939.000 ( 133.129 )
1542.550 ( 26.441 ) 1730.800 ( 67.138 ) 2225.218 ( 29.777 ) 2954.550 ( 197.074 )
1542.550 ( 26.441 ) 1712.100 ( 74.380 ) 2225.835 ( 17.412 ) 2910.650 ( 137.943 )
1542.550 ( 26.441 ) 1718.650 ( 47.155 ) 2227.431 ( 20.337 ) 2938.600 ( 170.916 )
1539.150 ( 27.183 ) 1734.500 ( 70.768 ) 2225.376 ( 31.375 ) 3015.250 ( 207.894 )
1539.150 ( 27.183 ) 1728.250 ( 45.198 ) 2226.214 ( 20.922 ) 2962.400 ( 180.704 )
1537.200 ( 27.303 ) 1703.600 ( 82.440 ) 2228.145 ( 26.705 ) 2928.600 ( 147.057 )
1536.200 ( 26.699 ) 1712.050 ( 62.988 ) 2237.989 ( 20.043 ) 2944.900 ( 137.677 )
1536.200 ( 26.699 ) 1701.400 ( 60.593 ) 2229.127 ( 24.615 ) 2930.000 ( 150.881 )
1536.200 ( 26.699 ) 1731.250 ( 57.540 ) 2222.804 ( 31.340 ) 2921.400 ( 115.212 )
1536.200 ( 26.699 ) 1719.400 ( 77.638 ) 2233.253 ( 28.857 ) 3004.400 ( 163.193 )
1534.400 ( 27.187 ) 1706.750 ( 75.523 ) 2227.092 ( 23.422 ) 2905.700 ( 165.494 )
1534.350 ( 27.170 ) 1713.250 ( 61.103 ) 2219.754 ( 25.410 ) 2894.650 ( 106.293 )
1534.350 ( 27.170 ) 1725.550 ( 47.922 ) 2228.505 ( 21.493 ) 2914.650 ( 122.210 )
1534.350 ( 27.170 ) 1752.850 ( 51.631 ) 2228.506 ( 17.672 ) 2923.650 ( 127.565 )
1534.350 ( 27.170 ) 1739.200 ( 53.924 ) 2229.496 ( 22.657 ) 2911.700 ( 121.284 )
1534.350 ( 27.170 ) 1711.000 ( 47.486 ) 2243.981 ( 26.240 ) 2963.500 ( 131.471 )
1534.350 ( 27.170 ) 1743.350 ( 67.618 ) 2235.801 ( 25.765 ) 2934.500 ( 171.154 )
1534.350 ( 27.170 ) 1706.800 ( 63.057 ) 2224.887 ( 26.644 ) 2920.200 ( 120.407 )
1534.350 ( 27.170 ) 1742.950 ( 55.528 ) 2223.189 ( 23.461 ) 2944.200 ( 143.220 )
1534.100 ( 27.149 ) 1713.550 ( 74.525 ) 2226.282 ( 34.768 ) 2958.400 ( 148.330 )
1533.550 ( 25.870 ) 1727.400 ( 70.197 ) 2220.979 ( 21.359 ) 2972.200 ( 136.060 )
1533.550 ( 25.870 ) 1748.800 ( 55.275 ) 2230.536 ( 16.880 ) 2923.450 ( 122.449 )
1533.550 ( 25.870 ) 1727.400 ( 52.844 ) 2230.739 ( 17.948 ) 2889.400 ( 101.731 )
1533.550 ( 25.870 ) 1701.650 ( 55.872 ) 2225.030 ( 28.918 ) 2957.300 ( 136.884 )
1533.550 ( 25.870 ) 1727.100 ( 57.494 ) 2231.075 ( 17.821 ) 2986.050 ( 126.278 )
1533.550 ( 25.870 ) 1747.400 ( 47.809 ) 2236.046 ( 34.153 ) 2947.800 ( 146.301 )
1533.550 ( 25.870 ) 1710.350 ( 60.733 ) 2218.073 ( 23.351 ) 2955.600 ( 155.387 )
1533.550 ( 25.870 ) 1735.200 ( 47.350 ) 2215.752 ( 26.542 ) 2860.300 ( 92.268 )
1533.550 ( 25.870 ) 1741.450 ( 52.645 ) 2226.631 ( 19.221 ) 2973.250 ( 193.775 )
1533.550 ( 25.870 ) 1736.250 ( 57.379 ) 2222.062 ( 33.183 ) 2956.700 ( 158.511 )
1533.550 ( 25.870 ) 1715.200 ( 60.729 ) 2217.814 ( 17.547 ) 2888.500 ( 113.206 )
1533.550 ( 25.870 ) 1729.100 ( 66.390 ) 2234.167 ( 18.293 ) 2926.850 ( 117.516 )
1533.550 ( 25.870 ) 1726.700 ( 62.081 ) 2225.076 ( 29.195 ) 2955.450 ( 122.349 )
1533.250 ( 25.524 ) 1722.550 ( 57.662 ) 2223.698 ( 23.908 ) 2901.750 ( 151.548 )
1533.250 ( 25.524 ) 1723.150 ( 63.814 ) 2232.128 ( 24.753 ) 2903.550 ( 114.821 )
1533.250 ( 25.524 ) 1730.200 ( 57.559 ) 2223.705 ( 26.186 ) 2990.750 ( 120.951 )
1533.250 ( 25.524 ) 1718.850 ( 52.525 ) 2226.108 ( 26.836 ) 2950.550 ( 158.238 )
1533.250 ( 25.524 ) 1731.350 ( 59.063 ) 2227.136 ( 24.425 ) 2913.750 ( 113.544 )
1533.250 ( 25.524 ) 1716.350 ( 59.450 ) 2231.124 ( 23.536 ) 2930.750 ( 121.997 )
1533.250 ( 25.524 ) 1707.600 ( 58.382 ) 2230.523 ( 25.160 ) 2957.050 ( 158.896 )
1533.250 ( 25.524 ) 1720.400 ( 51.061 ) 2220.840 ( 20.539 ) 2960.550 ( 212.550 )
1533.250 ( 25.524 ) 1715.750 ( 70.331 ) 2235.450 ( 21.495 ) 2974.100 ( 103.202 )
1533.250 ( 25.524 ) 1733.950 ( 51.159 ) 2217.435 ( 23.008 ) 2944.600 ( 188.263 )
1533.250 ( 25.524 ) 1730.350 ( 62.506 ) 2225.718 ( 23.393 ) 2969.000 ( 141.604 )
1533.250 ( 25.524 ) 1740.900 ( 47.121 ) 2231.453 ( 22.256 ) 2941.600 ( 127.744 )
1533.250 ( 25.524 ) 1718.050 ( 48.011 ) 2229.033 ( 23.878 ) 2958.300 ( 102.674 )
1533.250 ( 25.524 ) 1701.650 ( 62.926 ) 2230.104 ( 25.762 ) 2978.200 ( 158.770 )
1533.250 ( 25.524 ) 1741.150 ( 57.594 ) 2235.335 ( 27.856 ) 2968.600 ( 173.414 )
1533.250 ( 25.524 ) 1694.450 ( 53.363 ) 2227.938 ( 27.849 ) 2973.650 ( 142.958 )
1533.250 ( 25.524 ) 1714.550 ( 46.052 ) 2224.099 ( 22.620 ) 2925.850 ( 102.495 )
1533.250 ( 25.524 ) 1750.250 ( 62.428 ) 2227.029 ( 20.859 ) 2925.650 ( 136.871 )
1533.250 ( 25.524 ) 1751.200 ( 40.860 ) 2231.016 ( 20.376 ) 2952.600 ( 116.272 )
1533.250 ( 25.524 ) 1714.600 ( 49.384 ) 2235.228 ( 26.570 ) 2966.950 ( 129.767 )
1533.250 ( 25.524 ) 1720.250 ( 58.212 ) 2229.689 ( 21.140 ) 2916.400 ( 107.825 )
1533.250 ( 25.524 ) 1740.300 ( 62.305 ) 2221.840 ( 23.949 ) 2943.550 ( 149.584 )
1533.250 ( 25.524 ) 1723.900 ( 57.570 ) 2230.486 ( 23.555 ) 3005.500 ( 151.375 )
1533.250 ( 25.524 ) 1724.550 ( 66.176 ) 2226.008 ( 29.347 ) 3009.750 ( 168.724 )
1533.250 ( 25.524 ) 1736.650 ( 63.444 ) 2229.485 ( 20.971 ) 2977.650 ( 194.004 )
1533.250 ( 25.524 ) 1750.950 ( 49.736 ) 2227.099 ( 28.629 ) 2953.150 ( 163.432 )
1533.250 ( 25.524 ) 1735.650 ( 58.635 ) 2223.383 ( 24.314 ) 2897.050 ( 117.597 )
1533.250 ( 25.524 ) 1722.200 ( 44.010 ) 2219.919 ( 21.996 ) 2966.800 ( 172.841 )
1533.250 ( 25.524 ) 1726.050 ( 71.409 ) 2228.719 ( 15.808 ) 2941.750 ( 124.976 )
1533.250 ( 25.524 ) 1726.500 ( 43.471 ) 2233.208 ( 35.792 ) 2930.800 ( 106.646 )
1533.250 ( 25.524 ) 1744.200 ( 32.931 ) 2232.763 ( 18.852 ) 2978.350 ( 152.954 )
1533.250 ( 25.524 ) 1750.000 ( 46.922 ) 2231.330 ( 30.582 ) 2972.900 ( 123.848 )
1533.250 ( 25.524 ) 1741.350 ( 53.196 ) 2226.319 ( 26.723 ) 2907.150 ( 104.096 )
1533.250 ( 25.524 ) 1715.800 ( 57.415 ) 2231.533 ( 24.229 ) 2961.850 ( 133.509 )
1533.250 ( 25.524 ) 1729.950 ( 46.061 ) 2224.921 ( 14.901 ) 2894.750 ( 106.388 )
1533.250 ( 25.524 ) 1716.800 ( 48.800 ) 2227.600 ( 22.257 ) 2962.700 ( 151.781 )
1533.250 ( 25.524 ) 1742.500 ( 52.366 ) 2225.249 ( 18.764 ) 2904.900 ( 100.639 )
1533.250 ( 25.524 ) 1723.400 ( 69.894 ) 2228.694 ( 19.456 ) 2997.250 ( 161.158 )
1533.250 ( 25.524 ) 1725.950 ( 45.945 ) 2227.166 ( 20.289 ) 2843.500 ( 87.882 )
1533.250 ( 25.524 ) 1733.900 ( 69.859 ) 2224.627 ( 27.418 ) 2959.900 ( 136.628 )
1533.250 ( 25.524 ) 1693.500 ( 61.992 ) 2222.722 ( 19.019 ) 2960.650 ( 149.807 )
1533.250 ( 25.524 ) 1736.500 ( 57.368 ) 2230.042 ( 25.756 ) 2949.600 ( 153.388 )
1533.250 ( 25.524 ) 1714.400 ( 51.480 ) 2230.726 ( 24.644 ) 2925.900 ( 114.883 )
1533.250 ( 25.524 ) 1747.550 ( 64.793 ) 2234.396 ( 19.391 ) 2968.850 ( 170.893 )
1533.250 ( 25.524 ) 1738.350 ( 54.787 ) 2230.198 ( 21.697 ) 2995.050 ( 189.695 )
1533.250 ( 25.524 ) 1719.000 ( 68.766 ) 2236.846 ( 30.637 ) 2950.150 ( 136.908 )
1533.250 ( 25.524 ) 1741.750 ( 71.185 ) 2239.182 ( 26.588 ) 2958.850 ( 130.211 )
1533.250 ( 25.524 ) 1738.200 ( 68.279 ) 2229.229 ( 23.483 ) 2935.750 ( 120.526 )
1533.250 ( 25.524 ) 1724.150 ( 78.529 ) 2232.953 ( 26.732 ) 3003.250 ( 151.417 )
1533.250 ( 25.524 ) 1740.200 ( 45.647 ) 2232.937 ( 20.426 ) 2906.000 ( 104.881 )
1530.250 ( 21.954 ) 1717.050 ( 85.049 ) 2226.265 ( 25.218 ) 3023.150 ( 164.806 )
1530.250 ( 21.954 ) 1730.950 ( 68.904 ) 2235.896 ( 20.345 ) 2952.250 ( 130.794 )
1530.250 ( 21.954 ) 1741.550 ( 41.144 ) 2235.588 ( 30.337 ) 2981.000 ( 149.618 )
1530.250 ( 21.954 ) 1707.350 ( 66.540 ) 2231.518 ( 26.233 ) 2976.250 ( 136.660 )
1530.250 ( 21.954 ) 1727.750 ( 58.242 ) 2234.409 ( 23.194 ) 2933.250 ( 93.996 )
1530.250 ( 21.954 ) 1727.550 ( 51.558 ) 2230.017 ( 22.668 ) 2945.850 ( 150.987 )
1530.250 ( 21.954 ) 1748.750 ( 55.704 ) 2220.933 ( 21.733 ) 2888.100 ( 137.744 )
1530.250 ( 21.954 ) 1729.000 ( 43.682 ) 2233.468 ( 23.776 ) 2975.400 ( 103.620 )
1530.250 ( 21.954 ) 1725.550 ( 63.150 ) 2230.594 ( 29.094 ) 2955.600 ( 145.762 )
1530.250 ( 21.954 ) 1743.100 ( 61.941 ) 2225.388 ( 25.463 ) 2923.000 ( 132.693 )
1530.250 ( 21.954 ) 1744.500 ( 58.556 ) 2230.463 ( 23.448 ) 2955.800 ( 128.596 )
1530.250 ( 21.954 ) 1737.000 ( 69.540 ) 2226.605 ( 20.812 ) 2974.650 ( 202.138 )
1530.150 ( 21.855 ) 1739.600 ( 69.506 ) 2227.347 ( 17.913 ) 2913.350 ( 118.422 )
1530.150 ( 21.855 ) 1714.550 ( 48.410 ) 2221.489 ( 24.901 ) 2891.350 ( 126.488 )
1530.150 ( 21.855 ) 1754.350 ( 52.026 ) 2233.291 ( 17.727 ) 2926.200 ( 124.020 )
1530.150 ( 21.855 ) 1735.300 ( 64.036 ) 2225.150 ( 29.723 ) 2929.100 ( 116.890 )
1530.150 ( 21.855 ) 1716.850 ( 55.199 ) 2218.769 ( 29.360 ) 2947.100 ( 135.655 )
1530.150 ( 21.855 ) 1712.150 ( 52.307 ) 2221.695 ( 25.470 ) 2933.100 ( 113.640 )
1530.150 ( 21.855 ) 1727.600 ( 62.750 ) 2219.494 ( 28.681 ) 2899.750 ( 119.895 )
1530.150 ( 21.855 ) 1750.850 ( 64.566 ) 2227.511 ( 27.968 ) 2944.200 ( 129.565 )
1530.150 ( 21.855 ) 1747.150 ( 59.418 ) 2233.349 ( 22.523 ) 2910.300 ( 123.080 )
1530.150 ( 21.855 ) 1705.600 ( 62.925 ) 2224.233 ( 21.563 ) 2960.500 ( 166.287 )
1530.150 ( 21.855 ) 1743.500 ( 57.386 ) 2225.320 ( 23.863 ) 2902.900 ( 90.343 )
1530.150 ( 21.855 ) 1750.000 ( 60.177 ) 2228.578 ( 19.541 ) 3001.600 ( 185.659 )
1530.150 ( 21.855 ) 1715.550 ( 62.386 ) 2238.143 ( 24.635 ) 3013.300 ( 163.012 )
1530.150 ( 21.855 ) 1732.050 ( 45.508 ) 2234.624 ( 22.443 ) 2956.300 ( 156.125 )
1530.150 ( 21.855 ) 1718.450 ( 76.728 ) 2219.249 ( 34.510 ) 2897.800 ( 115.841 )
1530.150 ( 21.855 ) 1720.750 ( 66.066 ) 2226.412 ( 18.146 ) 2901.550 ( 108.980 )
1530.150 ( 21.855 ) 1732.700 ( 46.960 ) 2239.193 ( 20.791 ) 2973.500 ( 132.477 )
1530.150 ( 21.855 ) 1731.450 ( 71.036 ) 2231.221 ( 22.981 ) 2900.500 ( 100.711 )
1530.150 ( 21.855 ) 1715.800 ( 57.709 ) 2222.247 ( 14.545 ) 2906.150 ( 106.563 )
1530.150 ( 21.855 ) 1741.950 ( 48.439 ) 2225.108 ( 20.259 ) 2949.000 ( 121.003 )
1530.150 ( 21.855 ) 1726.850 ( 64.920 ) 2229.036 ( 20.546 ) 2977.900 ( 132.319 )
1530.150 ( 21.855 ) 1700.050 ( 52.929 ) 2234.694 ( 30.076 ) 2985.250 ( 158.446 )
1530.150 ( 21.855 ) 1759.450 ( 67.204 ) 2232.927 ( 21.479 ) 2933.000 ( 94.184 )
1530.150 ( 21.855 ) 1717.550 ( 77.331 ) 2230.095 ( 21.711 ) 2929.450 ( 128.221 )
1530.150 ( 21.855 ) 1723.600 ( 57.382 ) 2228.248 ( 24.272 ) 2897.000 ( 131.890 )
1528.700 ( 21.380 ) 1718.750 ( 69.079 ) 2236.933 ( 27.060 ) 2971.400 ( 131.757 )
1528.700 ( 21.380 ) 1725.700 ( 48.945 ) 2223.790 ( 25.221 ) 2958.750 ( 130.580 )
1528.700 ( 21.380 ) 1725.000 ( 73.288 ) 2232.648 ( 23.394 ) 2884.250 ( 137.175 )
1528.700 ( 21.380 ) 1731.600 ( 52.730 ) 2232.281 ( 22.070 ) 2966.600 ( 191.127 )
1528.700 ( 21.380 ) 1737.400 ( 52.610 ) 2223.221 ( 19.946 ) 2986.750 ( 134.706 )
1528.700 ( 21.380 ) 1736.600 ( 48.510 ) 2229.772 ( 24.032 ) 2915.100 ( 131.146 )
1528.700 ( 21.380 ) 1727.150 ( 65.156 ) 2231.683 ( 19.023 ) 2939.600 ( 115.435 )
1528.700 ( 21.380 ) 1735.650 ( 73.095 ) 2226.285 ( 17.579 ) 2947.200 ( 158.835 )
1528.700 ( 21.380 ) 1736.350 ( 63.948 ) 2232.878 ( 28.487 ) 2947.000 ( 123.765 )
1528.700 ( 21.380 ) 1742.050 ( 52.950 ) 2224.752 ( 25.179 ) 2960.650 ( 139.351 )
1528.700 ( 21.380 ) 1738.600 ( 48.054 ) 2224.562 ( 27.038 ) 2961.100 ( 179.325 )
1528.700 ( 21.380 ) 1736.850 ( 53.807 ) 2233.916 ( 17.468 ) 2919.150 ( 90.061 )
1528.700 ( 21.380 ) 1723.000 ( 66.873 ) 2227.829 ( 23.655 ) 2935.000 ( 178.923 )
1528.700 ( 21.380 ) 1752.000 ( 58.689 ) 2233.901 ( 23.347 ) 2917.850 ( 152.729 )
1528.700 ( 21.380 ) 1737.900 ( 45.336 ) 2237.410 ( 20.882 ) 3031.300 ( 140.722 )
1528.700 ( 21.380 ) 1722.500 ( 55.284 ) 2231.166 ( 20.160 ) 3055.150 ( 230.006 )
1528.700 ( 21.380 ) 1716.200 ( 54.537 ) 2230.734 ( 26.020 ) 2958.750 ( 141.052 )
1528.700 ( 21.380 ) 1704.050 ( 56.852 ) 2228.677 ( 26.539 ) 2926.100 ( 125.849 )
1528.700 ( 21.380 ) 1701.200 ( 58.934 ) 2222.883 ( 23.282 ) 2937.700 ( 117.599 )
1528.700 ( 21.380 ) 1714.350 ( 78.811 ) 2225.431 ( 24.761 ) 2932.350 ( 90.105 )
1528.700 ( 21.380 ) 1711.650 ( 66.772 ) 2237.480 ( 24.880 ) 2955.650 ( 181.673 )
1528.700 ( 21.380 ) 1729.650 ( 68.796 ) 2229.248 ( 20.017 ) 2917.000 ( 116.348 )
1528.700 ( 21.380 ) 1687.600 ( 43.438 ) 2230.990 ( 21.745 ) 2903.900 ( 86.494 )
1528.700 ( 21.380 ) 1716.250 ( 56.692 ) 2224.743 ( 23.839 ) 2867.100 ( 138.151 )
1528.700 ( 21.380 ) 1734.800 ( 57.069 ) 2226.287 ( 27.489 ) 2912.150 ( 121.641 )
1528.700 ( 21.380 ) 1741.850 ( 60.025 ) 2223.462 ( 19.359 ) 2931.900 ( 157.155 )
1528.700 ( 21.380 ) 1733.900 ( 54.963 ) 2233.722 ( 25.720 ) 2920.400 ( 111.954 )
1528.700 ( 21.380 ) 1737.850 ( 68.354 ) 2233.785 ( 22.624 ) 2997.600 ( 218.695 )
1528.700 ( 21.380 ) 1744.650 ( 68.547 ) 2237.762 ( 21.300 ) 2982.850 ( 138.722 )
1528.700 ( 21.380 ) 1752.050 ( 43.606 ) 2232.934 ( 30.923 ) 2946.300 ( 159.689 )
1528.700 ( 21.380 ) 1728.650 ( 43.817 ) 2228.654 ( 25.286 ) 2969.850 ( 122.391 )
1528.700 ( 21.380 ) 1716.150 ( 57.517 ) 2238.521 ( 19.381 ) 3001.250 ( 173.431 )
1528.700 ( 21.380 ) 1743.000 ( 50.231 ) 2224.064 ( 36.257 ) 2943.200 ( 135.645 )
1528.700 ( 21.380 ) 1730.100 ( 55.258 ) 2225.010 ( 24.465 ) 2958.850 ( 213.578 )
1528.700 ( 21.380 ) 1722.550 ( 70.928 ) 2224.586 ( 20.121 ) 2916.050 ( 143.737 )
1528.700 ( 21.380 ) 1732.900 ( 56.769 ) 2227.527 ( 28.541 ) 2955.700 ( 137.638 )
1528.700 ( 21.380 ) 1717.200 ( 56.495 ) 2228.840 ( 28.331 ) 2945.050 ( 121.530 )
1528.700 ( 21.380 ) 1739.900 ( 50.771 ) 2226.711 ( 22.243 ) 2965.100 ( 122.946 )
1528.700 ( 21.380 ) 1717.100 ( 58.233 ) 2222.546 ( 22.427 ) 2916.200 ( 112.667 )
1528.700 ( 21.380 ) 1682.950 ( 59.483 ) 2223.980 ( 23.975 ) 2974.000 ( 159.102 )
1528.700 ( 21.380 ) 1708.200 ( 41.509 ) 2229.228 ( 25.268 ) 2965.250 ( 139.477 )
1528.700 ( 21.380 ) 1715.450 ( 52.133 ) 2223.271 ( 23.302 ) 2940.650 ( 118.823 )
1528.700 ( 21.380 ) 1727.350 ( 56.601 ) 2227.993 ( 31.596 ) 2919.950 ( 129.491 )
1528.700 ( 21.380 ) 1738.950 ( 39.919 ) 2227.839 ( 24.161 ) 2955.650 ( 157.824 )
1528.700 ( 21.380 ) 1736.700 ( 52.608 ) 2231.975 ( 29.152 ) 2913.100 ( 89.050 )
1528.700 ( 21.380 ) 1715.500 ( 47.394 ) 2227.988 ( 22.988 ) 2924.450 ( 114.639 )
1528.700 ( 21.380 ) 1728.000 ( 56.942 ) 2223.681 ( 27.669 ) 2910.100 ( 116.687 )
1528.700 ( 21.380 ) 1732.800 ( 51.616 ) 2233.916 ( 24.433 ) 2944.500 ( 126.227 )
1528.700 ( 21.380 ) 1740.350 ( 68.678 ) 2233.053 ( 28.892 ) 2932.600 ( 84.600 )
1528.700 ( 21.380 ) 1729.400 ( 48.439 ) 2225.797 ( 17.847 ) 2979.100 ( 153.442 )
1528.700 ( 21.380 ) 1736.100 ( 50.249 ) 2226.482 ( 31.278 ) 2892.250 ( 135.971 )
1528.700 ( 21.380 ) 1745.100 ( 55.394 ) 2235.821 ( 18.946 ) 2951.050 ( 134.284 )
1528.700 ( 21.380 ) 1718.950 ( 59.581 ) 2219.512 ( 24.750 ) 2918.700 ( 124.754 )
1528.700 ( 21.380 ) 1730.500 ( 38.601 ) 2233.126 ( 32.395 ) 2966.250 ( 138.868 )
1528.700 ( 21.380 ) 1751.350 ( 56.808 ) 2223.320 ( 27.350 ) 2938.050 ( 117.379 )
1528.700 ( 21.380 ) 1729.250 ( 60.336 ) 2220.497 ( 24.868 ) 2920.200 ( 96.986 )
1528.700 ( 21.380 ) 1752.000 ( 59.275 ) 2225.967 ( 25.466 ) 3000.100 ( 134.769 )
1528.600 ( 21.252 ) 1715.800 ( 58.922 ) 2226.513 ( 18.834 ) 2898.500 ( 119.894 )
1528.600 ( 21.252 ) 1747.100 ( 57.698 ) 2231.985 ( 31.540 ) 2993.700 ( 168.148 )
1528.600 ( 21.252 ) 1740.100 ( 55.305 ) 2226.171 ( 27.189 ) 2991.200 ( 136.059 )
1528.600 ( 21.252 ) 1721.950 ( 55.922 ) 2227.440 ( 21.005 ) 2931.850 ( 161.193 )
1528.600 ( 21.252 ) 1738.050 ( 46.767 ) 2234.835 ( 22.153 ) 2969.400 ( 173.185 )
1528.600 ( 21.252 ) 1727.600 ( 59.290 ) 2230.509 ( 28.054 ) 2919.600 ( 121.593 )
1528.600 ( 21.252 ) 1707.550 ( 47.780 ) 2224.480 ( 27.207 ) 2926.600 ( 133.224 )
1528.600 ( 21.252 ) 1727.000 ( 46.776 ) 2222.804 ( 30.262 ) 2934.500 ( 154.286 )
1528.600 ( 21.252 ) 1735.550 ( 60.534 ) 2232.104 ( 32.951 ) 2938.900 ( 160.181 )
1528.600 ( 21.252 ) 1710.850 ( 60.095 ) 2231.737 ( 22.431 ) 2926.900 ( 131.620 )
1528.600 ( 21.252 ) 1738.200 ( 63.303 ) 2236.284 ( 19.174 ) 2938.550 ( 160.117 )
1528.600 ( 21.252 ) 1728.050 ( 71.552 ) 2224.403 ( 18.824 ) 2937.450 ( 113.041 )
1528.600 ( 21.252 ) 1751.700 ( 48.417 ) 2231.500 ( 21.973 ) 2955.600 ( 104.924 )
1528.600 ( 21.252 ) 1739.850 ( 54.306 ) 2233.306 ( 21.334 ) 2949.600 ( 122.409 )
1528.600 ( 21.252 ) 1720.500 ( 80.492 ) 2231.628 ( 25.507 ) 2927.350 ( 113.119 )
1528.600 ( 21.252 ) 1725.750 ( 54.433 ) 2223.861 ( 22.883 ) 2945.650 ( 125.219 )
1528.600 ( 21.252 ) 1738.950 ( 61.124 ) 2225.426 ( 24.647 ) 2939.200 ( 121.572 )
1528.600 ( 21.252 ) 1717.500 ( 65.079 ) 2217.069 ( 25.525 ) 2885.300 ( 129.594 )
1528.600 ( 21.252 ) 1707.650 ( 51.642 ) 2230.359 ( 18.428 ) 2965.350 ( 147.396 )
1528.600 ( 21.252 ) 1723.950 ( 66.364 ) 2224.180 ( 21.406 ) 2934.600 ( 128.338 )
1528.600 ( 21.252 ) 1729.400 ( 61.182 ) 2238.336 ( 20.867 ) 2968.700 ( 78.527 )
1528.600 ( 21.252 ) 1733.600 ( 74.195 ) 2231.437 ( 24.016 ) 2937.200 ( 104.697 )
1528.600 ( 21.252 ) 1714.550 ( 55.367 ) 2225.720 ( 24.659 ) 2945.450 ( 132.813 )
1528.600 ( 21.252 ) 1733.100 ( 49.107 ) 2225.216 ( 26.979 ) 2919.050 ( 152.274 )
1528.600 ( 21.252 ) 1733.500 ( 57.314 ) 2237.108 ( 29.700 ) 2975.650 ( 122.454 )
1528.600 ( 21.252 ) 1751.650 ( 64.051 ) 2241.273 ( 29.506 ) 2958.000 ( 149.738 )
1528.600 ( 21.252 ) 1735.750 ( 47.606 ) 2228.163 ( 25.918 ) 2916.750 ( 144.141 )
1528.600 ( 21.252 ) 1719.150 ( 50.057 ) 2228.928 ( 26.733 ) 2966.650 ( 156.855 )
1527.900 ( 20.420 ) 1706.400 ( 70.327 ) 2231.080 ( 21.129 ) 2929.400 ( 107.183 )
1527.900 ( 20.420 ) 1730.250 ( 65.829 ) 2229.858 ( 22.672 ) 2927.500 ( 161.055 )
1527.900 ( 20.420 ) 1705.750 ( 59.891 ) 2226.497 ( 24.318 ) 2985.000 ( 168.068 )
1527.900 ( 20.420 ) 1711.250 ( 73.588 ) 2229.291 ( 21.964 ) 2940.300 ( 118.930 )
1527.900 ( 20.420 ) 1740.400 ( 52.359 ) 2234.430 ( 24.553 ) 2943.550 ( 104.283 )
1527.900 ( 20.420 ) 1691.400 ( 64.845 ) 2220.041 ( 18.869 ) 3015.800 ( 217.428 )
1527.900 ( 20.420 ) 1710.600 ( 65.440 ) 2230.250 ( 26.179 ) 2933.050 ( 122.247 )
1527.900 ( 20.420 ) 1723.700 ( 64.481 ) 2220.289 ( 24.009 ) 2905.600 ( 94.524 )
1527.900 ( 20.420 ) 1748.700 ( 46.856 ) 2231.453 ( 20.567 ) 2899.250 ( 106.048 )
1527.900 ( 20.420 ) 1716.250 ( 58.196 ) 2228.408 ( 25.594 ) 2936.550 ( 138.644 )
1527.900 ( 20.420 ) 1739.800 ( 54.588 ) 2229.509 ( 22.999 ) 2964.350 ( 168.705 )
1527.900 ( 20.420 ) 1726.050 ( 53.071 ) 2227.443 ( 26.694 ) 2947.550 ( 165.773 )
1527.900 ( 20.420 ) 1741.200 ( 47.698 ) 2233.189 ( 19.977 ) 2980.350 ( 132.503 )
