Iteration: 0	59	59	72.02	112
Iteration: 1	59	59	72.17	112
Iteration: 2	59	59	74.87	107
Iteration: 3	59	60	72.28	115
Iteration: 4	59	59	71.97	100
Iteration: 5	55	55	72.52	110
Iteration: 6	55	59	74.01	108
Iteration: 7	55	59	73.27	107
Iteration: 8	55	59	73.64	100
Iteration: 9	55	59	72.64	108
Iteration: 10	55	60	72.85	107
Iteration: 11	55	59	73.2	99
Iteration: 12	55	60	74.02	123
Iteration: 13	55	59	73.04	111
Iteration: 14	55	60	74.22	117
Iteration: 15	55	59	74.28	104
Iteration: 16	55	59	72.23	101
Iteration: 17	55	59	74.78	104
Iteration: 18	55	60	73.73	115
Iteration: 19	55	59	74.13	102
Iteration: 20	55	60	73.11	107
Iteration: 21	55	60	73.86	109
Iteration: 22	55	59	73.81	99
Iteration: 23	55	60	73.18	108
Iteration: 24	55	59	71.28	111
Iteration: 25	55	59	75.02	119
Iteration: 26	55	59	73.07	105
Iteration: 27	55	59	71.37	95
Iteration: 28	55	60	73.92	106
Iteration: 29	55	60	74.04	106
Iteration: 30	55	59	71.96	98
Iteration: 31	55	58	73.57	121
Iteration: 32	55	59	73.2	97
Iteration: 33	55	59	71.05	104
Iteration: 34	55	59	74.33	98
Iteration: 35	55	59	72.33	108
Iteration: 36	55	59	73.96	126
Iteration: 37	55	60	74.62	108
Iteration: 38	55	59	74.15	107
Iteration: 39	55	59	73.83	113
Iteration: 40	55	59	73.06	106
Iteration: 41	55	59	72.89	118
Iteration: 42	55	59	73.11	108
Iteration: 43	55	60	73.09	115
Iteration: 44	55	59	73.63	109
Iteration: 45	55	58	71.68	103
Iteration: 46	55	59	69.81	99
Iteration: 47	55	59	73.29	114
Iteration: 48	55	59	73.07	111
Iteration: 49	55	59	74.42	101
Iteration: 50	55	59	73.84	101
Iteration: 51	55	60	72.9	108
Iteration: 52	55	58	74.24	104
Iteration: 53	55	59	74.67	106
Iteration: 54	55	60	72.86	106
Iteration: 55	55	60	73.05	105
Iteration: 56	55	59	72.37	105
Iteration: 57	55	60	73.46	119
Iteration: 58	55	55	73.25	121
Iteration: 59	55	59	71	104
Iteration: 60	55	59	74.99	109
Iteration: 61	55	59	74.78	113
Iteration: 62	55	60	71.6	99
Iteration: 63	55	59	74.66	112
Iteration: 64	55	59	72.35	101
Iteration: 65	55	60	73.25	104
Iteration: 66	55	59	73.49	103
Iteration: 67	55	59	72.44	105
Iteration: 68	55	60	72.27	110
Iteration: 69	55	59	75.08	111
Iteration: 70	55	60	74.15	112
Iteration: 71	55	60	73.63	116
Iteration: 72	55	59	73.2	117
Iteration: 73	55	59	73.26	101
Iteration: 74	55	58	75.28	112
Iteration: 75	55	59	73.52	117
Iteration: 76	55	59	72.48	109
Iteration: 77	55	59	71.32	97
Iteration: 78	55	59	72.25	108
Iteration: 79	55	59	72.87	102
Iteration: 80	55	59	72.38	102
Iteration: 81	55	60	74.53	119
Iteration: 82	55	59	72.48	101
Iteration: 83	55	59	72.27	109
Iteration: 84	55	59	72.97	110
Iteration: 85	55	59	72.05	105
Iteration: 86	55	60	73.6	102
Iteration: 87	55	59	73.06	122
Iteration: 88	55	59	74.67	109
Iteration: 89	55	59	72.91	106
Iteration: 90	55	60	72.92	102
Iteration: 91	55	59	71.66	94
Iteration: 92	55	59	73.75	116
Iteration: 93	55	59	73.83	114
Iteration: 94	55	59	72.4	110
Iteration: 95	55	59	71.7	104
Iteration: 96	55	59	72.94	106
Iteration: 97	55	59	73.62	108
Iteration: 98	55	60	73.21	105
Iteration: 99	55	59	71.59	95
Iteration: 100	55	59	72.22	110
Iteration: 101	55	60	72.29	107
Iteration: 102	55	59	72.09	109
Iteration: 103	55	59	71.04	97
Iteration: 104	55	60	72.01	99
Iteration: 105	55	59	72.04	102
Iteration: 106	55	59	74.16	103
Iteration: 107	55	59	73.69	98
Iteration: 108	55	59	74.83	108
Iteration: 109	55	59	72.3	102
Iteration: 110	55	60	74.92	118
Iteration: 111	55	59	73.7	102
Iteration: 112	55	59	75.05	123
Iteration: 113	55	59	73.39	112
Iteration: 114	55	59	73.45	105
Iteration: 115	55	59	73.94	101
Iteration: 116	55	59	73.57	112
Iteration: 117	55	59	72.86	107
Iteration: 118	55	59	72.71	107
Iteration: 119	55	59	73.4	116
Iteration: 120	55	59	74.39	105
Iteration: 121	55	60	72.69	112
Iteration: 122	55	60	72.29	116
Iteration: 123	55	59	73.12	113
Iteration: 124	55	59	72.25	104
Iteration: 125	55	59	73.54	125
Iteration: 126	55	59	73.58	113
Iteration: 127	55	60	73.15	95
Iteration: 128	55	60	74.03	112
Iteration: 129	55	57	71.88	113
Iteration: 130	55	59	72.7	101
Iteration: 131	55	59	72.22	97
Iteration: 132	55	60	75.54	109
Iteration: 133	55	58	73.4	110
Iteration: 134	55	60	74.21	106
Iteration: 135	55	58	74.06	117
Iteration: 136	55	60	72.91	101
Iteration: 137	55	59	73.95	102
Iteration: 138	55	60	73.37	122
Iteration: 139	55	59	74.99	116
Iteration: 140	55	60	75.04	107
Iteration: 141	55	59	73.39	103
Iteration: 142	55	59	72.61	100
Iteration: 143	55	60	72.08	126
Iteration: 144	55	59	73.61	109
Iteration: 145	55	59	71.27	103
Iteration: 146	55	59	73.36	104
Iteration: 147	55	59	75.53	117
Iteration: 148	55	60	74.27	108
Iteration: 149	55	59	75.62	104
Iteration: 150	55	60	74.47	107
Iteration: 151	55	58	73.69	106
Iteration: 152	55	59	72.37	103
Iteration: 153	55	59	72.52	113
Iteration: 154	55	59	70.79	111
Iteration: 155	55	59	74.62	105
Iteration: 156	55	60	72.14	118
Iteration: 157	55	59	73.07	114
Iteration: 158	55	59	71.88	108
Iteration: 159	55	59	73.79	100
Iteration: 160	55	59	73.69	100
Iteration: 161	55	59	73.28	100
Iteration: 162	55	59	73.46	112
Iteration: 163	55	59	76.38	107
Iteration: 164	55	59	74.6	104
Iteration: 165	55	59	73.08	101
Iteration: 166	55	59	74.07	111
Iteration: 167	55	58	74.46	102
Iteration: 168	55	59	74.76	121
Iteration: 169	55	59	72.67	102
Iteration: 170	55	59	73	110
Iteration: 171	55	60	74.79	113
Iteration: 172	55	60	75.13	107
Iteration: 173	55	59	73.24	105
Iteration: 174	55	60	72.97	100
Iteration: 175	55	59	72.58	114
Iteration: 176	55	59	71.43	111
Iteration: 177	55	60	72.72	99
Iteration: 178	55	60	72.83	116
Iteration: 179	55	59	73.48	113
Iteration: 180	55	59	72.74	99
Iteration: 181	55	59	72.41	114
Iteration: 182	55	59	72.69	103
Iteration: 183	55	60	73.01	101
Iteration: 184	55	59	74.22	116
Iteration: 185	55	60	73.05	109
Iteration: 186	55	59	73.08	115
Iteration: 187	55	59	73.32	117
Iteration: 188	55	59	73.68	127
Iteration: 189	55	59	72.99	99
Iteration: 190	55	59	73.22	102
Iteration: 191	55	60	73.49	105
Iteration: 192	55	59	72.7	106
Iteration: 193	55	60	77.05	125
Iteration: 194	55	59	73.57	105
Iteration: 195	55	59	73.95	98
Iteration: 196	55	58	73.19	111
Iteration: 197	55	60	73.47	105
Iteration: 198	55	59	73.24	113
Iteration: 199	55	60	73.63	99
Iteration: 200	55	59	74.76	104
Iteration: 201	55	57	73.35	101
Iteration: 202	55	59	71.78	112
Iteration: 203	55	59	73.32	100
Iteration: 204	55	60	73.03	102
Iteration: 205	55	59	75.09	108
Iteration: 206	55	59	73.03	116
Iteration: 207	55	60	72.96	100
Iteration: 208	55	59	72.46	115
Iteration: 209	55	59	73.6	119
Iteration: 210	55	59	73.35	113
Iteration: 211	55	59	73.17	116
Iteration: 212	55	59	72.64	99
Iteration: 213	55	59	72.8	115
Iteration: 214	55	59	73.1	108
Iteration: 215	55	59	74.9	112
Iteration: 216	55	59	72.27	106
Iteration: 217	55	60	74.37	104
Iteration: 218	55	60	70.35	91
Iteration: 219	55	59	71.86	97
Iteration: 220	55	59	72.34	103
Iteration: 221	55	59	74.12	113
Iteration: 222	55	59	73.67	101
Iteration: 223	55	59	72.73	105
Iteration: 224	55	59	70.89	110
Iteration: 225	55	59	73.17	113
Iteration: 226	55	59	74.26	105
Iteration: 227	55	60	74.32	108
Iteration: 228	55	59	76.09	108
Iteration: 229	55	59	75.46	103
Iteration: 230	55	60	73.26	118
Iteration: 231	55	59	72.3	101
Iteration: 232	55	59	74.4	116
Iteration: 233	55	59	71.44	122
Iteration: 234	55	60	72.25	97
Iteration: 235	55	59	71.14	99
Iteration: 236	55	59	72.88	113
Iteration: 237	55	59	73.27	111
Iteration: 238	55	60	72.2	111
Iteration: 239	55	59	71.82	105
Iteration: 240	55	59	75.33	118
Iteration: 241	55	59	73.19	112
Iteration: 242	55	59	73.51	112
Iteration: 243	55	55	73.5	108
Iteration: 244	55	59	73.88	108
Iteration: 245	55	60	72.36	96
Iteration: 246	55	60	73.47	99
Iteration: 247	55	59	73.49	99
Iteration: 248	55	59	73.34	98
Iteration: 249	55	59	74.62	131
Iteration: 250	55	60	75.49	114
Iteration: 251	55	59	71.82	108
Iteration: 252	55	60	75.72	118
Iteration: 253	55	59	72.93	102
Iteration: 254	55	59	71.11	97
Iteration: 255	55	57	71.18	94
Iteration: 256	55	59	72.49	107
Iteration: 257	55	60	74.44	110
Iteration: 258	55	60	73.04	113
Iteration: 259	55	59	72.64	113
Iteration: 260	55	60	73.02	108
Iteration: 261	55	59	73.01	120
Iteration: 262	55	59	73.58	118
Iteration: 263	55	59	74.95	121
Iteration: 264	55	60	74.36	102
Iteration: 265	55	60	73.5	100
Iteration: 266	55	59	73.09	102
Iteration: 267	55	59	74.34	104
Iteration: 268	55	59	72.03	100
Iteration: 269	55	59	72.56	103
Iteration: 270	55	59	72.13	109
Iteration: 271	55	59	72.04	104
Iteration: 272	55	60	72.79	105
Iteration: 273	55	60	74.07	124
Iteration: 274	55	59	72.95	113
Iteration: 275	55	59	73.4	109
Iteration: 276	55	57	75.35	117
Iteration: 277	55	60	71.53	96
Iteration: 278	55	59	72.78	107
Iteration: 279	55	60	75.34	113
Iteration: 280	55	59	72.77	113
Iteration: 281	55	59	70.63	102
Iteration: 282	55	59	73.12	115
Iteration: 283	55	59	73.94	111
Iteration: 284	55	59	74.28	101
Iteration: 285	55	59	73.82	103
Iteration: 286	55	59	73.94	102
Iteration: 287	55	59	73.15	105
Iteration: 288	55	59	72.76	102
Iteration: 289	55	55	73.96	99
Iteration: 290	55	59	73.02	105
Iteration: 291	55	59	73.7	121
Iteration: 292	55	60	74.27	115
Iteration: 293	55	57	73.39	99
Iteration: 294	55	59	74.03	115
Iteration: 295	55	59	74.82	115
Iteration: 296	55	60	74.31	110
Iteration: 297	55	60	72.73	111
Iteration: 298	55	59	73.38	117
Iteration: 299	55	59	72.76	107
Iteration: 300	55	59	72.16	107
Iteration: 301	55	59	73.76	110
Iteration: 302	55	59	73.65	106
Iteration: 303	55	60	71.4	98
Iteration: 304	55	59	73.62	126
Iteration: 305	55	59	71.7	111
Iteration: 306	55	58	71.74	102
Iteration: 307	55	59	72.92	123
Iteration: 308	55	59	73.01	110
Iteration: 309	55	60	72.55	107
Iteration: 310	55	60	74.45	109
Iteration: 311	55	59	74.14	100
Iteration: 312	55	60	76.33	104
Iteration: 313	55	60	73.55	102
Iteration: 314	55	59	71.78	105
Iteration: 315	55	59	72.53	110
Iteration: 316	55	59	72.51	113
Iteration: 317	55	60	75.2	105
Iteration: 318	55	60	72.17	101
Iteration: 319	55	59	71.36	103
Iteration: 320	55	56	73.35	123
Iteration: 321	55	59	74.31	113
Iteration: 322	55	60	72.65	111
Iteration: 323	55	59	73.7	115
Iteration: 324	55	59	73.23	102
Iteration: 325	55	59	73.21	112
Iteration: 326	55	60	71.54	124
Iteration: 327	55	59	73.25	100
Iteration: 328	55	59	74.73	114
Iteration: 329	55	59	74.37	99
Iteration: 330	55	59	72.1	100
Iteration: 331	55	59	73.99	102
Iteration: 332	55	60	75.5	114
Iteration: 333	55	60	72.44	104
Iteration: 334	55	59	74.07	106
Iteration: 335	55	59	73.89	103
Iteration: 336	55	59	73.25	109
Iteration: 337	55	59	72.9	117
Iteration: 338	55	60	72.69	112
Iteration: 339	55	60	71.98	108
Iteration: 340	55	59	72.23	101
Iteration: 341	55	59	74.56	110
Iteration: 342	55	60	74.16	117
Iteration: 343	55	59	72.85	112
Iteration: 344	55	59	72.83	99
Iteration: 345	55	59	74.53	104
Iteration: 346	55	60	73.06	113
Iteration: 347	55	59	71.66	106
Iteration: 348	55	59	70.69	98
Iteration: 349	55	60	73.63	103
Iteration: 350	55	59	74.18	110
Iteration: 351	55	60	71.83	111
Iteration: 352	55	60	72.29	104
Iteration: 353	55	60	73.79	114
Iteration: 354	55	60	73.47	103
Iteration: 355	55	59	73.19	99
Iteration: 356	55	59	75.12	117
Iteration: 357	55	59	73.21	104
Iteration: 358	55	60	72.35	107
Iteration: 359	55	59	73.23	112
Iteration: 360	55	59	72.19	106
Iteration: 361	55	60	72.69	93
Iteration: 362	55	59	74.18	107
Iteration: 363	55	59	71.5	102
Iteration: 364	55	59	72.26	95
Iteration: 365	55	59	76.58	113
Iteration: 366	55	59	73.2	99
Iteration: 367	55	59	72.93	109
Iteration: 368	55	59	71.02	102
Iteration: 369	55	59	73.77	106
Iteration: 370	55	60	73.58	102
Iteration: 371	55	59	71.81	105
Iteration: 372	55	59	72.68	107
Iteration: 373	55	59	73.49	113
Iteration: 374	55	59	74.33	110
Iteration: 375	55	59	74.66	125
Iteration: 376	55	59	76.13	115
Iteration: 377	55	59	72.09	111
Iteration: 378	55	59	72.55	106
Iteration: 379	55	60	74.68	109
Iteration: 380	55	59	73.61	98
Iteration: 381	55	60	73.02	106
Iteration: 382	55	60	74.89	108
Iteration: 383	55	59	74.95	116
Iteration: 384	55	59	71.55	107
Iteration: 385	55	59	73.46	107
Iteration: 386	55	60	73.27	103
Iteration: 387	55	55	71.96	98
Iteration: 388	55	60	73.54	110
Iteration: 389	55	60	75.33	113
Iteration: 390	55	57	73.09	111
Iteration: 391	55	59	72.61	114
Iteration: 392	55	60	70.78	99
Iteration: 393	55	59	73.34	109
Iteration: 394	55	59	73.3	102
Iteration: 395	55	59	74.86	118
Iteration: 396	55	60	75.67	108
Iteration: 397	55	59	74.48	111
Iteration: 398	55	59	73.1	102
Iteration: 399	55	59	72.47	100
Iteration: 400	55	60	72.27	96
Iteration: 401	55	59	74.14	110
Iteration: 402	55	60	73.52	113
Iteration: 403	55	59	71.81	102
Iteration: 404	55	60	72.63	97
Iteration: 405	55	60	73.21	100
Iteration: 406	55	59	74.05	118
Iteration: 407	55	60	74.47	102
Iteration: 408	55	59	72.68	97
Iteration: 409	55	60	75.21	112
Iteration: 410	55	59	73.25	104
Iteration: 411	55	59	73.04	102
Iteration: 412	55	59	72.37	105
Iteration: 413	55	58	73.16	98
Iteration: 414	55	59	72.98	122
Iteration: 415	55	60	73.34	104
Iteration: 416	55	59	74.04	105
Iteration: 417	55	60	74.59	102
Iteration: 418	55	59	72.17	113
Iteration: 419	55	60	71.6	104
Iteration: 420	55	59	71.67	104
Iteration: 421	55	59	72.8	103
Iteration: 422	55	60	73.91	111
Iteration: 423	55	60	74.36	114
Iteration: 424	55	59	71.88	101
Iteration: 425	55	60	74.13	107
Iteration: 426	55	59	74.15	105
Iteration: 427	55	59	72.87	111
Iteration: 428	55	59	73.02	126
Iteration: 429	55	60	72.6	99
Iteration: 430	55	59	72.25	111
Iteration: 431	55	59	70.71	99
Iteration: 432	55	59	74.09	126
Iteration: 433	55	60	74.51	104
Iteration: 434	55	59	73.4	108
Iteration: 435	55	59	72.62	123
Iteration: 436	55	60	73.42	115
Iteration: 437	55	59	74.56	102
Iteration: 438	55	59	72.59	111
Iteration: 439	55	59	72.26	98
Iteration: 440	55	59	72.74	99
Iteration: 441	55	59	73.18	123
Iteration: 442	55	59	74.21	113
Iteration: 443	55	59	73.05	103
Iteration: 444	55	59	72.81	104
Iteration: 445	55	59	74.47	111
Iteration: 446	55	59	72.93	99
Iteration: 447	55	59	73.17	99
Iteration: 448	55	59	73.02	118
Iteration: 449	55	59	72.06	112
Iteration: 450	55	59	74.07	128
Iteration: 451	55	59	74.81	117
Iteration: 452	55	60	74.17	115
Iteration: 453	55	59	73.34	102
Iteration: 454	55	59	72.97	109
Iteration: 455	55	59	75.66	101
Iteration: 456	55	59	73.85	104
Iteration: 457	55	59	72.39	107
Iteration: 458	55	59	72.5	99
Iteration: 459	55	59	71.18	99
Iteration: 460	55	59	73.13	111
Iteration: 461	55	59	72.33	103
Iteration: 462	55	60	72.66	98
Iteration: 463	55	59	73.82	106
Iteration: 464	55	59	72.67	107
Iteration: 465	55	60	73.73	118
Iteration: 466	55	59	73.69	108
Iteration: 467	55	59	74.08	111
Iteration: 468	55	59	71.6	102
Iteration: 469	55	59	73.48	104
Iteration: 470	55	60	73.99	101
Iteration: 471	55	59	72.87	127
Iteration: 472	55	59	73.08	99
Iteration: 473	55	59	72.59	95
Iteration: 474	55	59	73.53	112
Iteration: 475	55	59	73.3	115
Iteration: 476	55	59	74.55	99
Iteration: 477	55	60	72.42	111
Iteration: 478	55	59	71.88	102
Iteration: 479	55	59	75.48	111
Iteration: 480	55	59	71.65	104
Iteration: 481	55	59	74.5	105
Iteration: 482	55	58	71.92	103
Iteration: 483	55	59	73.41	102
Iteration: 484	55	60	72.6	106
Iteration: 485	55	59	74.75	113
Iteration: 486	55	59	73.38	116
Iteration: 487	55	59	73.27	114
Iteration: 488	55	60	72.99	115
Iteration: 489	55	59	74.83	112
Iteration: 490	55	59	71.51	97
Iteration: 491	55	60	71.68	125
Iteration: 492	55	59	74.38	104
Iteration: 493	55	59	72.8	101
Iteration: 494	55	59	72.29	98
Iteration: 495	55	59	73.77	109
Iteration: 496	55	59	73.59	122
Iteration: 497	55	59	72.55	102
Iteration: 498	55	59	71.37	106
Iteration: 499	55	59	72.98	112
