Iteration: 0	60	60	72.05	103
Iteration: 1	59	59	70.6	103
Iteration: 2	59	59	73.29	111
Iteration: 3	59	59	75.32	108
Iteration: 4	59	59	71.31	102
Iteration: 5	59	60	72.44	106
Iteration: 6	59	60	74.3	120
Iteration: 7	59	59	72.93	105
Iteration: 8	59	59	71.3	104
Iteration: 9	59	59	73.12	105
Iteration: 10	59	59	73.46	110
Iteration: 11	59	59	70.64	96
Iteration: 12	59	59	72.99	124
Iteration: 13	59	59	74.07	100
Iteration: 14	59	60	74.62	116
Iteration: 15	59	59	72.08	107
Iteration: 16	59	59	72.91	111
Iteration: 17	59	59	74.5	109
Iteration: 18	59	59	73.34	104
Iteration: 19	59	59	73.99	107
Iteration: 20	59	60	73.58	104
Iteration: 21	59	60	73.14	113
Iteration: 22	59	59	73.05	97
Iteration: 23	59	60	72.35	110
Iteration: 24	59	59	74.11	107
Iteration: 25	56	56	73.7	100
Iteration: 26	56	59	73.77	114
Iteration: 27	56	59	71.59	102
Iteration: 28	56	59	73.34	119
Iteration: 29	56	59	73.75	99
Iteration: 30	56	59	71.92	101
Iteration: 31	56	59	72.07	103
Iteration: 32	56	56	73.32	108
Iteration: 33	56	59	73.58	108
Iteration: 34	56	59	73.8	109
Iteration: 35	56	60	74.66	107
Iteration: 36	56	60	75.4	99
Iteration: 37	56	60	73.46	96
Iteration: 38	56	60	73.26	102
Iteration: 39	56	59	70.98	99
Iteration: 40	56	59	72.93	100
Iteration: 41	56	60	74.25	104
Iteration: 42	56	59	71.56	95
Iteration: 43	56	60	74.3	105
Iteration: 44	56	60	74.63	117
Iteration: 45	56	60	71.65	94
Iteration: 46	56	60	75.02	107
Iteration: 47	56	60	73.81	112
Iteration: 48	56	60	73.15	104
Iteration: 49	56	60	72.15	107
Iteration: 50	56	59	72.1	106
Iteration: 51	56	60	74.82	104
Iteration: 52	56	59	74.76	108
Iteration: 53	56	60	73.86	112
Iteration: 54	56	60	73.01	100
Iteration: 55	56	59	72.1	102
Iteration: 56	56	59	71.29	109
Iteration: 57	56	59	72.84	108
Iteration: 58	56	60	74.55	112
Iteration: 59	56	59	72.99	106
Iteration: 60	56	60	72.45	100
Iteration: 61	56	59	72.69	112
Iteration: 62	56	59	73.25	109
Iteration: 63	56	59	72.87	103
Iteration: 64	56	59	71.6	103
Iteration: 65	56	59	73.7	110
Iteration: 66	56	59	73.32	98
Iteration: 67	56	58	73.76	107
Iteration: 68	56	59	73.07	108
Iteration: 69	56	59	72.74	110
Iteration: 70	56	60	74.22	102
Iteration: 71	56	59	72.19	102
Iteration: 72	56	60	73.91	107
Iteration: 73	56	60	75.04	102
Iteration: 74	56	59	71.88	113
Iteration: 75	56	59	73.26	97
Iteration: 76	56	60	73.98	102
Iteration: 77	56	60	73.93	116
Iteration: 78	56	59	73.08	113
Iteration: 79	56	60	71.86	99
Iteration: 80	56	60	74.87	110
Iteration: 81	56	59	74.36	104
Iteration: 82	56	59	72.99	111
Iteration: 83	56	59	74.25	111
Iteration: 84	56	59	72.8	125
Iteration: 85	56	60	73.17	115
Iteration: 86	56	59	72.94	106
Iteration: 87	56	57	70.07	95
Iteration: 88	56	60	73.5	113
Iteration: 89	56	59	72.49	101
Iteration: 90	56	59	74.99	101
Iteration: 91	56	59	72.32	102
Iteration: 92	56	59	72.96	99
Iteration: 93	56	60	71.84	113
Iteration: 94	56	60	73.47	108
Iteration: 95	56	59	72.14	101
Iteration: 96	56	60	75.74	122
Iteration: 97	56	59	73.32	104
Iteration: 98	56	60	72.31	99
Iteration: 99	56	59	73.61	115
Iteration: 100	56	59	74.06	99
Iteration: 101	56	59	73.48	118
Iteration: 102	56	59	72.84	125
Iteration: 103	56	60	72.55	113
Iteration: 104	56	59	71.67	102
Iteration: 105	56	59	74.21	102
Iteration: 106	56	59	73.53	101
Iteration: 107	56	60	76.05	115
Iteration: 108	56	59	75.83	126
Iteration: 109	56	59	74.23	111
Iteration: 110	56	59	72.56	108
Iteration: 111	56	60	73.08	118
Iteration: 112	56	59	72.97	107
Iteration: 113	56	58	74.36	106
Iteration: 114	56	60	74.02	120
Iteration: 115	56	60	75.35	117
Iteration: 116	56	59	71.69	102
Iteration: 117	56	60	76.04	107
Iteration: 118	56	60	72.85	119
Iteration: 119	56	59	71.45	109
Iteration: 120	56	59	71.51	127
Iteration: 121	56	59	74.2	104
Iteration: 122	56	59	73.22	114
Iteration: 123	56	59	74.48	120
Iteration: 124	56	59	72.89	113
Iteration: 125	56	59	72.72	122
Iteration: 126	56	59	73.88	101
Iteration: 127	56	60	72.91	115
Iteration: 128	56	59	70.14	96
Iteration: 129	56	59	72.24	102
Iteration: 130	56	59	71.47	104
Iteration: 131	56	59	73.31	106
Iteration: 132	56	60	73.99	106
Iteration: 133	56	59	73.44	102
Iteration: 134	56	59	73.58	114
Iteration: 135	56	59	73.5	108
Iteration: 136	56	57	73.55	107
Iteration: 137	56	60	74.87	119
Iteration: 138	56	58	72.93	112
Iteration: 139	56	59	71.51	102
Iteration: 140	56	60	72.95	110
Iteration: 141	56	59	74.48	111
Iteration: 142	56	59	73.79	105
Iteration: 143	56	60	72.43	108
Iteration: 144	56	59	73.66	101
Iteration: 145	56	59	71.46	119
Iteration: 146	56	60	73.07	109
Iteration: 147	56	60	72.86	102
Iteration: 148	56	59	71.92	99
Iteration: 149	56	59	71.75	99
Iteration: 150	56	60	73.54	110
Iteration: 151	56	59	74.41	113
Iteration: 152	56	60	73.63	105
Iteration: 153	56	59	71.61	110
Iteration: 154	56	60	73.37	107
Iteration: 155	56	59	73.86	128
Iteration: 156	56	59	74.61	116
Iteration: 157	56	59	75.7	108
Iteration: 158	56	60	71.85	102
Iteration: 159	56	59	74.52	117
Iteration: 160	56	59	74.23	116
Iteration: 161	56	59	75.71	119
Iteration: 162	56	59	73.86	112
Iteration: 163	56	59	71.05	100
Iteration: 164	56	59	74.46	114
Iteration: 165	56	60	73.29	122
Iteration: 166	56	59	72.67	99
Iteration: 167	56	59	71.27	93
Iteration: 168	56	59	74.15	106
Iteration: 169	56	59	71.96	107
Iteration: 170	56	59	73.52	106
Iteration: 171	56	60	72.74	101
Iteration: 172	56	59	73.93	102
Iteration: 173	56	59	73.18	109
Iteration: 174	56	59	72.88	101
Iteration: 175	56	60	74.1	107
Iteration: 176	56	60	73.21	107
Iteration: 177	56	59	74.76	123
Iteration: 178	56	60	76.82	106
Iteration: 179	56	59	72.36	117
Iteration: 180	56	59	73.97	121
Iteration: 181	56	59	71.52	112
Iteration: 182	56	59	72.57	100
Iteration: 183	56	60	73.27	108
Iteration: 184	56	59	72.22	124
Iteration: 185	56	59	73.6	108
Iteration: 186	56	60	72.2	108
Iteration: 187	56	59	75.95	102
Iteration: 188	56	59	72.61	109
Iteration: 189	56	60	72.99	118
Iteration: 190	56	59	71.74	112
Iteration: 191	56	60	74.44	118
Iteration: 192	56	60	74.59	106
Iteration: 193	56	59	73.24	102
Iteration: 194	56	59	71.9	101
Iteration: 195	56	59	72.29	107
Iteration: 196	56	59	70.97	107
Iteration: 197	56	59	73.37	102
Iteration: 198	56	60	71.18	108
Iteration: 199	56	59	73.37	113
Iteration: 200	56	59	72.43	107
Iteration: 201	56	59	72.67	111
Iteration: 202	56	59	73.89	101
Iteration: 203	56	59	73.05	118
Iteration: 204	56	59	73.69	110
Iteration: 205	56	60	74.32	121
Iteration: 206	56	59	72.65	111
Iteration: 207	56	60	72.62	101
Iteration: 208	56	60	72.16	108
Iteration: 209	56	59	73	117
Iteration: 210	56	59	73.65	107
Iteration: 211	56	59	73.1	114
Iteration: 212	56	59	72.87	124
Iteration: 213	56	59	73.77	115
Iteration: 214	56	60	73.87	107
Iteration: 215	56	59	70.82	109
Iteration: 216	56	60	74.22	123
Iteration: 217	56	59	70.86	106
Iteration: 218	56	60	72.89	96
Iteration: 219	56	60	73.67	98
Iteration: 220	56	60	74.62	117
Iteration: 221	56	59	72.7	104
Iteration: 222	56	60	73.96	101
Iteration: 223	56	60	73.9	108
Iteration: 224	56	60	74.18	105
Iteration: 225	56	59	73.67	113
Iteration: 226	56	59	74.12	112
Iteration: 227	56	59	73.28	103
Iteration: 228	56	60	73.13	118
Iteration: 229	56	60	72.22	96
Iteration: 230	56	59	73.98	108
Iteration: 231	56	59	72.92	100
Iteration: 232	56	60	75.55	110
Iteration: 233	56	59	74.51	109
Iteration: 234	56	57	75.59	126
Iteration: 235	56	59	73.36	106
Iteration: 236	56	60	72.59	100
Iteration: 237	56	59	73.66	96
Iteration: 238	56	59	71.55	98
Iteration: 239	56	59	71.5	109
Iteration: 240	56	59	70.91	102
Iteration: 241	56	59	74.23	114
Iteration: 242	56	59	75.24	114
Iteration: 243	56	59	73.29	110
Iteration: 244	56	59	74.31	105
Iteration: 245	56	60	74.31	96
Iteration: 246	56	60	72.17	117
Iteration: 247	56	59	72.61	110
Iteration: 248	56	59	74.05	103
Iteration: 249	56	59	73.37	104
Iteration: 250	56	59	74.15	120
Iteration: 251	56	59	71.17	95
Iteration: 252	56	59	76.15	117
Iteration: 253	56	59	72.57	115
Iteration: 254	56	60	71.66	101
Iteration: 255	56	59	71.95	95
Iteration: 256	56	59	72.22	103
Iteration: 257	56	59	74	108
Iteration: 258	56	59	72.13	104
Iteration: 259	56	58	72.9	105
Iteration: 260	56	60	74.45	127
Iteration: 261	56	59	73.72	100
Iteration: 262	56	59	72.28	99
Iteration: 263	56	59	74.26	119
Iteration: 264	56	59	73.75	107
Iteration: 265	56	59	73.16	106
Iteration: 266	56	59	72.04	101
Iteration: 267	56	59	73.12	100
Iteration: 268	56	59	72.83	99
Iteration: 269	56	60	73.88	104
Iteration: 270	56	60	73.78	106
Iteration: 271	56	59	74.99	117
Iteration: 272	56	60	73.4	117
Iteration: 273	56	59	72.75	107
Iteration: 274	56	59	73.75	105
Iteration: 275	56	60	72.11	105
Iteration: 276	56	60	72.79	101
Iteration: 277	56	60	71.65	109
Iteration: 278	56	59	72.87	110
Iteration: 279	56	59	74.01	118
Iteration: 280	56	59	73.31	103
Iteration: 281	56	60	70.09	96
Iteration: 282	56	59	73.14	108
Iteration: 283	56	60	73.57	117
Iteration: 284	56	59	74.53	104
Iteration: 285	56	60	73.42	105
Iteration: 286	56	57	72.93	106
Iteration: 287	56	59	72.56	117
Iteration: 288	56	59	73.19	99
Iteration: 289	56	59	73.04	105
Iteration: 290	55	55	73.23	105
Iteration: 291	55	60	75.68	115
Iteration: 292	55	59	72.83	125
Iteration: 293	55	59	72.3	103
Iteration: 294	55	59	74.52	106
Iteration: 295	55	59	72	107
Iteration: 296	55	60	73.2	109
Iteration: 297	55	60	71.32	102
Iteration: 298	55	59	71.13	99
Iteration: 299	55	60	74.88	108
Iteration: 300	55	59	74.3	112
Iteration: 301	55	59	75.38	109
Iteration: 302	55	59	72.42	98
Iteration: 303	55	59	73.38	112
Iteration: 304	55	59	72.35	106
Iteration: 305	55	59	73.78	126
Iteration: 306	55	59	72.74	113
Iteration: 307	55	59	72.98	102
Iteration: 308	55	60	74.98	103
Iteration: 309	55	59	70.6	96
Iteration: 310	55	59	76.52	114
Iteration: 311	55	59	72.88	98
Iteration: 312	55	59	72.24	106
Iteration: 313	55	59	72.41	97
Iteration: 314	55	60	71.89	110
Iteration: 315	55	59	72.67	108
Iteration: 316	55	59	73.76	119
Iteration: 317	55	60	73.27	95
Iteration: 318	55	59	72.25	105
Iteration: 319	55	60	72.64	111
Iteration: 320	55	60	73.81	119
Iteration: 321	55	60	73.02	117
Iteration: 322	55	60	74.42	106
Iteration: 323	55	59	72.97	109
Iteration: 324	55	58	75.33	114
Iteration: 325	55	60	74.26	105
Iteration: 326	55	59	72.34	95
Iteration: 327	55	59	71.82	116
Iteration: 328	55	59	72.65	114
Iteration: 329	55	59	74.55	103
Iteration: 330	55	59	72.95	95
Iteration: 331	55	59	76.53	108
Iteration: 332	55	59	75.23	120
Iteration: 333	55	59	73.09	103
Iteration: 334	55	59	72.08	103
Iteration: 335	55	60	76.09	112
Iteration: 336	55	58	72.18	97
Iteration: 337	55	60	72.96	106
Iteration: 338	55	60	74.75	125
Iteration: 339	55	59	73.95	115
Iteration: 340	55	60	72.74	109
Iteration: 341	55	57	72.18	119
Iteration: 342	55	60	74.73	103
Iteration: 343	55	59	74.19	103
Iteration: 344	55	60	76.18	112
Iteration: 345	55	60	75.36	127
Iteration: 346	55	60	72.54	114
Iteration: 347	55	60	74.67	105
Iteration: 348	55	60	74.15	103
Iteration: 349	55	59	73.67	99
Iteration: 350	55	59	72.63	111
Iteration: 351	55	60	74.64	123
Iteration: 352	55	59	73.44	102
Iteration: 353	55	59	75.53	114
Iteration: 354	55	60	72.75	113
Iteration: 355	55	59	72.36	110
Iteration: 356	55	59	73.26	113
Iteration: 357	55	59	73.54	105
Iteration: 358	55	59	72.12	108
Iteration: 359	55	59	74.38	110
Iteration: 360	55	60	74.77	104
Iteration: 361	55	59	71.61	101
Iteration: 362	55	58	73.13	109
Iteration: 363	55	59	72.78	104
Iteration: 364	55	59	73.7	107
Iteration: 365	55	60	73.59	112
Iteration: 366	55	60	75.41	108
Iteration: 367	55	60	71.64	117
Iteration: 368	55	60	72.55	103
Iteration: 369	55	59	72.72	108
Iteration: 370	55	59	73.01	104
Iteration: 371	55	59	73.4	104
Iteration: 372	55	59	71.15	98
Iteration: 373	55	59	74.31	106
Iteration: 374	55	59	72.94	103
Iteration: 375	55	59	74.16	106
Iteration: 376	55	60	73.85	110
Iteration: 377	55	59	73.3	107
Iteration: 378	55	59	73.36	113
Iteration: 379	55	59	73.56	113
Iteration: 380	55	59	70.87	105
Iteration: 381	55	60	73.89	105
Iteration: 382	55	60	75.22	107
Iteration: 383	55	60	73.99	102
Iteration: 384	55	59	72.51	100
Iteration: 385	55	59	75.47	121
Iteration: 386	55	59	73.07	101
Iteration: 387	55	60	73.49	98
Iteration: 388	55	59	74.47	112
Iteration: 389	55	59	73.85	106
Iteration: 390	55	59	73.47	99
Iteration: 391	55	59	71.63	99
Iteration: 392	55	59	75.23	97
Iteration: 393	55	59	73.16	104
Iteration: 394	55	59	75.97	113
Iteration: 395	55	59	72.76	111
Iteration: 396	55	59	73.73	110
Iteration: 397	55	59	73.01	100
Iteration: 398	55	59	72.03	102
Iteration: 399	55	59	73.22	104
Iteration: 400	55	59	72.8	102
Iteration: 401	55	59	73.49	101
Iteration: 402	55	59	72.43	102
Iteration: 403	55	60	72.77	95
Iteration: 404	55	59	72.25	106
Iteration: 405	55	59	73.35	117
Iteration: 406	55	60	73.85	108
Iteration: 407	55	59	72.28	104
Iteration: 408	55	59	74.08	112
Iteration: 409	55	59	71.16	99
Iteration: 410	55	59	72.47	99
Iteration: 411	55	60	72.62	108
Iteration: 412	55	60	74.62	117
Iteration: 413	55	59	72.39	105
Iteration: 414	55	59	73.76	100
Iteration: 415	55	59	74.62	113
Iteration: 416	55	59	73.92	102
Iteration: 417	55	60	74.28	103
Iteration: 418	55	60	71.96	104
Iteration: 419	55	55	73.66	115
Iteration: 420	55	59	73.04	101
Iteration: 421	55	59	72.93	109
Iteration: 422	55	59	73.19	102
Iteration: 423	55	59	72.39	99
Iteration: 424	55	59	73.67	119
Iteration: 425	55	58	72.78	98
Iteration: 426	55	59	73.88	103
Iteration: 427	55	59	72.68	125
Iteration: 428	55	59	71.95	102
Iteration: 429	55	59	73.76	95
Iteration: 430	55	60	75.2	126
Iteration: 431	55	59	73.72	105
Iteration: 432	55	59	75.38	109
Iteration: 433	55	60	72.33	99
Iteration: 434	55	59	74.1	104
Iteration: 435	55	59	72.61	101
Iteration: 436	55	60	72.67	109
Iteration: 437	55	60	74.1	104
Iteration: 438	55	59	72.81	106
Iteration: 439	55	60	73.76	111
Iteration: 440	55	59	73.63	115
Iteration: 441	55	59	73.67	122
Iteration: 442	55	59	73.64	109
Iteration: 443	55	59	74.13	112
Iteration: 444	55	60	74.62	123
Iteration: 445	55	59	72.22	115
Iteration: 446	55	59	73.95	120
Iteration: 447	55	59	73.25	102
Iteration: 448	55	60	72.33	106
Iteration: 449	55	58	74.4	113
Iteration: 450	55	59	71.03	99
Iteration: 451	55	59	73.76	108
Iteration: 452	55	59	70.85	101
Iteration: 453	55	60	73.13	99
Iteration: 454	55	59	73.78	109
Iteration: 455	55	59	75.93	104
Iteration: 456	55	60	73.81	126
Iteration: 457	55	59	72.47	106
Iteration: 458	55	60	73.11	113
Iteration: 459	55	60	71.53	101
Iteration: 460	55	60	74.41	98
Iteration: 461	55	59	73.51	105
Iteration: 462	55	59	75.1	111
Iteration: 463	55	59	72.89	112
Iteration: 464	55	59	74.43	118
Iteration: 465	55	59	72.87	118
Iteration: 466	55	59	72.29	96
Iteration: 467	55	59	72.54	102
Iteration: 468	55	59	71.35	103
Iteration: 469	55	60	74.62	116
Iteration: 470	55	60	74.16	110
Iteration: 471	55	60	72.35	114
Iteration: 472	55	60	72.5	112
Iteration: 473	55	60	74.06	126
Iteration: 474	55	59	73.08	108
Iteration: 475	55	59	71.54	109
Iteration: 476	55	59	74.61	118
Iteration: 477	55	59	74.86	104
Iteration: 478	55	59	73.53	118
Iteration: 479	55	59	74.17	116
Iteration: 480	55	59	71.78	108
Iteration: 481	55	59	74.91	108
Iteration: 482	55	60	73.68	110
Iteration: 483	55	60	71.93	119
Iteration: 484	55	59	73.08	117
Iteration: 485	55	59	74.07	119
Iteration: 486	55	60	74.17	107
Iteration: 487	55	59	72.52	100
Iteration: 488	55	59	74.15	109
Iteration: 489	55	60	72.21	103
Iteration: 490	55	59	74.14	107
Iteration: 491	55	59	74.19	105
Iteration: 492	55	59	72.77	111
Iteration: 493	55	59	72.91	121
Iteration: 494	55	60	72.51	99
Iteration: 495	55	59	73.24	111
Iteration: 496	55	59	73.52	108
Iteration: 497	55	60	72.02	116
Iteration: 498	55	59	71.5	101
Iteration: 499	55	59	74.42	104
