Iteration: 0	59	59	70.85	106
Iteration: 1	59	60	71.19	111
Iteration: 2	59	60	71.37	125
Iteration: 3	59	59	74.23	112
Iteration: 4	59	59	70.44	98
Iteration: 5	59	59	72.24	113
Iteration: 6	59	59	71.3	123
Iteration: 7	59	61	73.8	100
Iteration: 8	59	60	74.39	107
Iteration: 9	59	59	72.31	111
Iteration: 10	59	60	74.95	99
Iteration: 11	59	59	73.42	107
Iteration: 12	59	59	72.37	105
Iteration: 13	59	59	70.83	95
Iteration: 14	59	59	74.6	111
Iteration: 15	59	59	74.11	115
Iteration: 16	59	60	73.55	100
Iteration: 17	59	60	72.36	101
Iteration: 18	59	59	73.53	103
Iteration: 19	59	59	73.07	113
Iteration: 20	59	59	74.06	107
Iteration: 21	59	59	72.89	103
Iteration: 22	59	59	71.43	98
Iteration: 23	59	59	74.33	112
Iteration: 24	59	59	71.76	103
Iteration: 25	59	59	73.02	108
Iteration: 26	59	59	72.62	109
Iteration: 27	59	60	74.46	104
Iteration: 28	59	60	73.73	99
Iteration: 29	59	59	72.42	111
Iteration: 30	59	60	76.44	126
Iteration: 31	59	59	71.85	100
Iteration: 32	59	60	75.08	113
Iteration: 33	59	60	74.2	115
Iteration: 34	59	59	73.15	118
Iteration: 35	59	60	72.45	106
Iteration: 36	59	59	72.24	105
Iteration: 37	59	59	73.29	115
Iteration: 38	59	60	74.5	118
Iteration: 39	59	59	72.6	104
Iteration: 40	59	59	74.42	111
Iteration: 41	59	59	75.91	114
Iteration: 42	59	59	72.17	100
Iteration: 43	59	59	73.27	108
Iteration: 44	59	60	72.4	112
Iteration: 45	58	58	73.58	113
Iteration: 46	58	59	72.14	105
Iteration: 47	58	59	73.81	111
Iteration: 48	58	58	73.98	107
Iteration: 49	58	59	74.72	105
Iteration: 50	58	60	71.46	103
Iteration: 51	58	59	72.71	111
Iteration: 52	58	59	73.22	106
Iteration: 53	57	57	72.72	114
Iteration: 54	57	59	72.67	96
Iteration: 55	57	59	73.95	106
Iteration: 56	57	59	72.15	105
Iteration: 57	57	60	72.59	97
Iteration: 58	57	59	74.93	114
Iteration: 59	57	58	70.89	94
Iteration: 60	57	59	72.43	119
Iteration: 61	57	59	72.57	103
Iteration: 62	57	60	73.88	104
Iteration: 63	57	59	73.63	100
Iteration: 64	57	59	74.02	104
Iteration: 65	57	60	75.51	122
Iteration: 66	57	59	72.87	104
Iteration: 67	57	60	73.81	107
Iteration: 68	57	60	74.16	104
Iteration: 69	57	59	71.31	111
Iteration: 70	57	59	71.7	105
Iteration: 71	57	60	74.73	109
Iteration: 72	57	60	75.49	112
Iteration: 73	57	59	72.86	102
Iteration: 74	57	59	73.32	106
Iteration: 75	57	60	73.35	103
Iteration: 76	57	60	73.54	102
Iteration: 77	57	59	74.59	113
Iteration: 78	57	59	73.78	102
Iteration: 79	57	59	72.39	106
Iteration: 80	57	59	72.35	103
Iteration: 81	57	59	74.18	114
Iteration: 82	57	57	72.19	113
Iteration: 83	57	59	73.59	104
Iteration: 84	57	57	72.36	108
Iteration: 85	57	60	73.91	103
Iteration: 86	55	55	72.72	107
Iteration: 87	55	59	73.99	108
Iteration: 88	55	59	73.79	112
Iteration: 89	55	59	72.76	110
Iteration: 90	55	59	71.45	102
Iteration: 91	55	59	72.9	122
Iteration: 92	55	59	71.67	95
Iteration: 93	55	60	74.22	110
Iteration: 94	55	59	73.2	99
Iteration: 95	55	59	72.2	96
Iteration: 96	55	59	71.74	120
Iteration: 97	55	59	73.39	116
Iteration: 98	55	59	72.7	106
Iteration: 99	55	59	74	102
Iteration: 100	55	59	73.86	106
Iteration: 101	55	57	73.66	103
Iteration: 102	55	60	73.04	101
Iteration: 103	55	59	74.3	101
Iteration: 104	55	59	73.08	111
Iteration: 105	55	59	72.55	100
Iteration: 106	55	59	73.07	101
Iteration: 107	55	59	73.53	106
Iteration: 108	55	59	74.31	115
Iteration: 109	55	59	73.2	110
Iteration: 110	55	59	71.96	102
Iteration: 111	55	59	73.48	103
Iteration: 112	55	60	73.36	110
Iteration: 113	55	59	74.98	119
Iteration: 114	55	59	73.66	99
Iteration: 115	55	59	72.48	110
Iteration: 116	55	59	74.31	101
Iteration: 117	55	59	74.72	110
Iteration: 118	55	59	73.79	104
Iteration: 119	55	59	72.12	115
Iteration: 120	55	59	73.45	108
Iteration: 121	55	59	72.58	99
Iteration: 122	55	59	73.46	104
Iteration: 123	55	59	71.88	109
Iteration: 124	55	60	73.36	103
Iteration: 125	55	57	73.22	109
Iteration: 126	55	60	71.97	101
Iteration: 127	55	59	74.95	104
Iteration: 128	55	59	75.21	107
Iteration: 129	55	59	72.01	112
Iteration: 130	55	59	74.76	110
Iteration: 131	55	60	74.05	110
Iteration: 132	55	59	74.64	112
Iteration: 133	55	59	72.43	110
Iteration: 134	55	60	72.32	104
Iteration: 135	55	59	74.66	106
Iteration: 136	55	59	72.45	104
Iteration: 137	55	59	73.82	119
Iteration: 138	55	60	74.63	101
Iteration: 139	55	59	73.71	116
Iteration: 140	55	59	71.55	98
Iteration: 141	55	59	73.94	112
Iteration: 142	55	59	73.94	115
Iteration: 143	55	59	72.42	100
Iteration: 144	55	59	70.74	98
Iteration: 145	55	59	73.18	105
Iteration: 146	55	59	73.48	115
Iteration: 147	55	59	73.51	112
Iteration: 148	55	59	74.01	114
Iteration: 149	55	59	72.26	112
Iteration: 150	55	59	73.75	108
Iteration: 151	55	60	75.15	111
Iteration: 152	55	59	70.95	112
Iteration: 153	55	59	73.59	99
Iteration: 154	55	60	74.53	109
Iteration: 155	55	59	73.15	110
Iteration: 156	55	60	73.03	110
Iteration: 157	55	59	72.17	119
Iteration: 158	55	60	71.61	103
Iteration: 159	55	60	73.74	109
Iteration: 160	55	59	73.38	121
Iteration: 161	55	59	72.92	98
Iteration: 162	55	59	71.68	99
Iteration: 163	55	59	74.96	103
Iteration: 164	55	60	73.81	121
Iteration: 165	55	59	71.64	103
Iteration: 166	55	59	71.39	99
Iteration: 167	55	59	73.79	108
Iteration: 168	55	60	75.12	101
Iteration: 169	55	59	73.93	108
Iteration: 170	55	59	72.48	121
Iteration: 171	55	59	72.77	114
Iteration: 172	55	59	75.96	114
Iteration: 173	55	59	73.09	111
Iteration: 174	55	56	72.85	100
Iteration: 175	55	58	76.2	109
Iteration: 176	55	59	72.49	99
Iteration: 177	55	59	71.85	106
Iteration: 178	55	59	72	97
Iteration: 179	55	60	75.52	116
Iteration: 180	55	59	71.44	105
Iteration: 181	55	57	72.58	107
Iteration: 182	55	59	72.48	104
Iteration: 183	55	60	72.45	115
Iteration: 184	55	60	75.84	106
Iteration: 185	55	59	74.6	110
Iteration: 186	55	59	74.44	99
Iteration: 187	55	59	71.57	109
Iteration: 188	55	59	74.55	109
Iteration: 189	55	59	74.35	108
Iteration: 190	55	60	73.12	112
Iteration: 191	55	59	73.73	105
Iteration: 192	55	60	72.18	102
Iteration: 193	55	60	73.77	130
Iteration: 194	55	59	74.96	116
Iteration: 195	55	59	73.25	103
Iteration: 196	55	59	73.74	122
Iteration: 197	55	60	72.18	100
Iteration: 198	55	59	71.72	101
Iteration: 199	55	59	73.63	104
Iteration: 200	55	59	73.6	115
Iteration: 201	55	59	72.97	109
Iteration: 202	55	59	72.34	114
Iteration: 203	55	57	74.36	106
Iteration: 204	55	59	74.03	113
Iteration: 205	55	59	74.49	99
Iteration: 206	55	59	73.54	114
Iteration: 207	55	59	73.52	100
Iteration: 208	55	58	71.23	100
Iteration: 209	55	59	73.59	125
Iteration: 210	55	59	71.45	100
Iteration: 211	55	60	73.43	114
Iteration: 212	55	60	74.6	111
Iteration: 213	55	59	73.62	109
Iteration: 214	55	59	74	116
Iteration: 215	55	59	73.4	101
Iteration: 216	55	59	73.39	105
Iteration: 217	55	59	71.88	107
Iteration: 218	55	59	72.87	108
Iteration: 219	55	59	73.28	123
Iteration: 220	55	57	72.87	120
Iteration: 221	55	60	73.86	107
Iteration: 222	55	60	73.75	103
Iteration: 223	55	60	71.39	105
Iteration: 224	55	60	74.29	100
Iteration: 225	55	59	72.06	100
Iteration: 226	55	59	73.38	115
Iteration: 227	55	60	73.52	108
Iteration: 228	55	59	73.22	113
Iteration: 229	55	60	73.32	116
Iteration: 230	55	59	71.73	100
Iteration: 231	55	60	72.13	111
Iteration: 232	55	59	73.28	107
Iteration: 233	55	60	72.72	101
Iteration: 234	55	60	73.9	115
Iteration: 235	55	59	73.04	103
Iteration: 236	55	59	72.04	96
Iteration: 237	55	57	74.14	105
Iteration: 238	55	59	71.54	108
Iteration: 239	55	59	73.02	111
Iteration: 240	55	59	73.71	117
Iteration: 241	55	57	74.37	118
Iteration: 242	55	59	72.56	110
Iteration: 243	55	59	74.34	101
Iteration: 244	55	59	75.1	107
Iteration: 245	55	59	73.24	110
Iteration: 246	55	59	72.1	103
Iteration: 247	55	60	72.69	116
Iteration: 248	55	59	73.78	107
Iteration: 249	55	60	74.1	100
Iteration: 250	55	60	72.56	113
Iteration: 251	55	60	74.5	107
Iteration: 252	55	60	73.3	108
Iteration: 253	55	59	73.15	101
Iteration: 254	55	59	72.83	107
Iteration: 255	55	60	72.83	102
Iteration: 256	55	59	72.74	113
Iteration: 257	55	59	72.72	103
Iteration: 258	55	59	71.82	118
Iteration: 259	55	59	73.81	109
Iteration: 260	55	59	73.8	111
Iteration: 261	55	59	73.03	104
Iteration: 262	55	59	73.29	114
Iteration: 263	55	60	73.87	106
Iteration: 264	55	59	70.86	99
Iteration: 265	55	60	72.57	110
Iteration: 266	55	59	73.06	102
Iteration: 267	55	59	73.39	119
Iteration: 268	55	59	73.46	97
Iteration: 269	55	59	73.01	108
Iteration: 270	55	59	72.66	109
Iteration: 271	55	60	75.4	105
Iteration: 272	55	59	73.56	114
Iteration: 273	55	60	74.28	110
Iteration: 274	55	58	71.75	99
Iteration: 275	55	59	73.58	100
Iteration: 276	55	58	71.04	98
Iteration: 277	55	60	73.61	102
Iteration: 278	55	60	74.94	110
Iteration: 279	55	60	73.83	109
Iteration: 280	55	59	72.39	118
Iteration: 281	55	59	73.77	103
Iteration: 282	55	60	73.7	106
Iteration: 283	55	59	73.36	106
Iteration: 284	55	59	74.73	111
Iteration: 285	55	59	73.8	103
Iteration: 286	55	60	73.44	100
Iteration: 287	55	59	73.89	121
Iteration: 288	55	59	73.98	113
Iteration: 289	55	59	71.08	102
Iteration: 290	55	59	72.54	110
Iteration: 291	55	59	73.55	104
Iteration: 292	55	59	75.39	102
Iteration: 293	55	59	71.75	114
Iteration: 294	55	59	73.76	109
Iteration: 295	55	59	73.94	101
Iteration: 296	55	59	75.53	105
Iteration: 297	55	60	75.8	109
Iteration: 298	55	60	73.55	118
Iteration: 299	55	60	72.3	106
Iteration: 300	55	60	73.92	108
Iteration: 301	55	57	74.06	102
Iteration: 302	55	60	74.23	105
Iteration: 303	55	59	71.74	109
Iteration: 304	55	59	73.26	98
Iteration: 305	55	60	72.33	105
Iteration: 306	55	59	74.97	109
Iteration: 307	55	57	71.76	113
Iteration: 308	55	60	73.96	121
Iteration: 309	55	60	71.6	91
Iteration: 310	55	57	72.71	106
Iteration: 311	55	60	74.82	120
Iteration: 312	55	60	73.57	99
Iteration: 313	55	59	72.36	101
Iteration: 314	55	59	72.28	109
Iteration: 315	55	59	71.56	114
Iteration: 316	55	59	72.77	107
Iteration: 317	55	59	71.82	104
Iteration: 318	55	60	72.61	101
Iteration: 319	55	59	73.85	109
Iteration: 320	55	59	73.03	106
Iteration: 321	55	59	73.84	103
Iteration: 322	55	59	73.45	106
Iteration: 323	55	59	71.8	101
Iteration: 324	55	59	74.3	99
Iteration: 325	55	59	76.24	110
Iteration: 326	55	59	71.47	103
Iteration: 327	55	60	71	100
Iteration: 328	55	59	74.58	114
Iteration: 329	55	59	73.5	115
Iteration: 330	55	59	73.63	115
Iteration: 331	55	59	72.96	106
Iteration: 332	55	60	74.05	123
Iteration: 333	55	59	72.65	106
Iteration: 334	55	59	73.98	109
Iteration: 335	55	59	73.68	110
Iteration: 336	55	59	74.53	104
Iteration: 337	55	60	73.82	106
Iteration: 338	55	59	73.53	120
Iteration: 339	55	59	74.01	126
Iteration: 340	55	60	72.6	116
Iteration: 341	55	59	74.4	110
Iteration: 342	55	59	72.07	98
Iteration: 343	55	60	72.92	110
Iteration: 344	55	60	72.75	108
Iteration: 345	55	59	73.68	113
Iteration: 346	55	59	74.22	115
Iteration: 347	55	59	72.02	109
Iteration: 348	55	60	73.09	116
Iteration: 349	55	59	74.59	108
Iteration: 350	55	59	72	110
Iteration: 351	55	59	72.27	101
Iteration: 352	55	60	72.83	108
Iteration: 353	55	60	74.07	109
Iteration: 354	55	59	73.89	101
Iteration: 355	55	59	72.56	99
Iteration: 356	55	60	73.07	107
Iteration: 357	55	60	72.53	112
Iteration: 358	55	60	75.54	122
Iteration: 359	55	60	73.85	102
Iteration: 360	55	59	73.12	110
Iteration: 361	55	59	72.38	101
Iteration: 362	55	59	75.41	102
Iteration: 363	55	60	73.83	103
Iteration: 364	55	60	73.77	107
Iteration: 365	55	59	73.26	105
Iteration: 366	55	60	74.2	102
Iteration: 367	55	60	72.54	105
Iteration: 368	55	60	74.59	117
Iteration: 369	55	60	75.52	109
Iteration: 370	55	59	71.09	112
Iteration: 371	55	60	73.72	126
Iteration: 372	55	59	71.06	99
Iteration: 373	55	60	74.93	107
Iteration: 374	55	60	73.92	102
Iteration: 375	55	59	76.12	102
Iteration: 376	55	59	73.3	104
Iteration: 377	55	58	74.85	101
Iteration: 378	55	59	73.85	118
Iteration: 379	55	59	73.76	99
Iteration: 380	55	59	74.11	115
Iteration: 381	55	59	72.7	115
Iteration: 382	55	60	73.03	105
Iteration: 383	55	59	72.87	110
Iteration: 384	55	56	72.19	100
Iteration: 385	55	59	72.95	110
Iteration: 386	55	59	73.73	101
Iteration: 387	55	59	74.36	101
Iteration: 388	55	59	71.88	101
Iteration: 389	55	59	74.75	106
Iteration: 390	55	59	72.21	109
Iteration: 391	55	59	74.17	110
Iteration: 392	55	59	73.05	110
Iteration: 393	55	59	73.14	104
Iteration: 394	55	59	72.6	117
Iteration: 395	55	59	73.26	119
Iteration: 396	55	60	71.25	107
Iteration: 397	55	60	70.88	93
Iteration: 398	55	59	74.47	120
Iteration: 399	55	60	73.16	97
Iteration: 400	55	59	74.88	111
Iteration: 401	55	60	73.71	105
Iteration: 402	55	59	72.45	105
Iteration: 403	55	60	74.96	112
Iteration: 404	55	59	71.95	95
Iteration: 405	55	60	72.65	106
Iteration: 406	55	59	73.35	109
Iteration: 407	55	59	73.22	107
Iteration: 408	55	59	73.37	108
Iteration: 409	55	59	72.59	103
Iteration: 410	55	59	72.64	98
Iteration: 411	55	59	73.9	100
Iteration: 412	55	59	74.33	104
Iteration: 413	55	60	73.71	119
Iteration: 414	55	59	73.07	107
Iteration: 415	55	59	75.19	110
Iteration: 416	55	59	72.59	110
Iteration: 417	55	60	72.92	114
Iteration: 418	55	59	72.56	105
Iteration: 419	55	59	72.05	103
Iteration: 420	55	59	73.79	101
Iteration: 421	55	59	73.74	100
Iteration: 422	55	60	74.26	116
Iteration: 423	55	59	73.59	119
Iteration: 424	55	59	74.04	115
Iteration: 425	55	59	73.26	107
Iteration: 426	55	59	73.72	103
Iteration: 427	55	60	73.67	105
Iteration: 428	55	59	72.66	109
Iteration: 429	55	59	73.23	95
Iteration: 430	55	59	74.57	105
Iteration: 431	55	60	70.58	112
Iteration: 432	55	59	72.06	104
Iteration: 433	55	59	73.8	108
Iteration: 434	55	59	73.53	109
Iteration: 435	55	59	74.97	108
Iteration: 436	55	59	73.43	114
Iteration: 437	55	59	70.93	99
Iteration: 438	55	59	74.07	117
Iteration: 439	55	60	75.11	102
Iteration: 440	55	59	73.1	115
Iteration: 441	55	60	73.12	100
Iteration: 442	55	59	72.38	107
Iteration: 443	55	59	74.03	115
Iteration: 444	55	60	72.43	112
Iteration: 445	55	58	73.39	117
Iteration: 446	55	60	73.62	121
Iteration: 447	55	59	73.13	112
Iteration: 448	55	59	72.83	96
Iteration: 449	55	59	71.9	101
Iteration: 450	55	60	73.76	110
Iteration: 451	55	59	73.98	111
Iteration: 452	55	59	70.65	94
Iteration: 453	55	60	74.75	108
Iteration: 454	55	59	72.3	112
Iteration: 455	55	59	75.04	109
Iteration: 456	55	60	73.34	108
Iteration: 457	55	60	74.51	110
Iteration: 458	55	59	73.62	115
Iteration: 459	55	59	73.5	113
Iteration: 460	55	59	72.87	99
Iteration: 461	55	59	72.68	100
Iteration: 462	55	59	71.92	99
Iteration: 463	55	59	75.14	109
Iteration: 464	55	59	74.02	104
Iteration: 465	55	59	73.75	104
Iteration: 466	55	59	75.41	110
Iteration: 467	55	61	73.46	99
Iteration: 468	55	57	71.67	111
Iteration: 469	55	59	74.56	104
Iteration: 470	55	59	73.55	117
Iteration: 471	55	60	72.14	101
Iteration: 472	55	59	71.48	103
Iteration: 473	55	60	73.53	99
Iteration: 474	55	59	74.4	112
Iteration: 475	55	59	75.62	105
Iteration: 476	55	59	75.63	110
Iteration: 477	55	59	74.38	109
Iteration: 478	55	59	74.73	110
Iteration: 479	55	60	73.05	100
Iteration: 480	55	60	73.5	99
Iteration: 481	55	59	72.65	101
Iteration: 482	55	59	74.98	101
Iteration: 483	55	59	72.78	103
Iteration: 484	55	58	72.99	108
Iteration: 485	55	59	73.93	106
Iteration: 486	55	60	75.62	103
Iteration: 487	55	59	73.95	100
Iteration: 488	55	59	72.76	106
Iteration: 489	55	60	72.61	103
Iteration: 490	55	59	73.95	109
Iteration: 491	55	59	72.1	109
Iteration: 492	55	59	73.62	112
Iteration: 493	55	59	70.63	98
Iteration: 494	55	60	74.34	113
Iteration: 495	55	59	75.18	119
Iteration: 496	55	61	74.43	114
Iteration: 497	55	60	74.12	122
Iteration: 498	55	59	71.78	110
Iteration: 499	55	60	74.63	125
