Iteration: 0	718	718	844.04	1077
Iteration: 1	718	721	869.07	1111
Iteration: 2	718	730	861.14	1258
Iteration: 3	718	731	864.92	1163
Iteration: 4	680	680	849.34	1065
Iteration: 5	676	676	852.48	1140
Iteration: 6	676	766	865.61	1137
Iteration: 7	666	666	849.8	1064
Iteration: 8	666	666	861.96	1192
Iteration: 9	666	714	850.53	1087
Iteration: 10	666	678	853.98	1070
Iteration: 11	666	695	865.09	1161
Iteration: 12	666	666	851.75	969
Iteration: 13	666	703	838.24	991
Iteration: 14	666	666	852.52	1072
Iteration: 15	666	687	842.1	1049
Iteration: 16	666	676	838.26	1103
Iteration: 17	666	695	853.12	1135
Iteration: 18	666	687	862.94	1060
Iteration: 19	666	711	860.49	1117
Iteration: 20	666	675	848.17	1026
Iteration: 21	666	708	852.89	1041
Iteration: 22	666	687	858.6	1046
Iteration: 23	666	719	852.97	1056
Iteration: 24	666	666	854.76	1080
Iteration: 25	666	703	847.69	997
Iteration: 26	666	715	856.88	1048
Iteration: 27	666	731	854.68	1076
Iteration: 28	666	718	851.72	1221
Iteration: 29	666	704	849.94	1024
Iteration: 30	666	702	856.97	1080
Iteration: 31	666	698	837.01	973
Iteration: 32	666	681	853.84	1147
Iteration: 33	666	687	862.73	1093
Iteration: 34	666	727	849.53	1094
Iteration: 35	666	689	857.51	1013
Iteration: 36	666	666	830.51	1043
Iteration: 37	666	698	850.56	1224
Iteration: 38	666	678	856.62	1130
Iteration: 39	666	666	852.46	1037
Iteration: 40	666	678	838.75	972
Iteration: 41	666	732	854.42	1101
Iteration: 42	666	712	861.57	1065
Iteration: 43	666	678	839.1	1171
Iteration: 44	666	699	855.43	1087
Iteration: 45	666	710	860.29	1089
Iteration: 46	666	705	860.69	1163
Iteration: 47	666	741	850.44	1076
Iteration: 48	666	708	841.52	1054
Iteration: 49	666	727	853.28	1026
Iteration: 50	666	743	866.07	1036
Iteration: 51	666	703	863.11	1269
Iteration: 52	666	717	855.29	1035
Iteration: 53	666	675	851.42	1038
Iteration: 54	666	708	855.33	1030
Iteration: 55	666	696	842.33	1081
Iteration: 56	666	695	849.8	1103
Iteration: 57	666	713	853.92	1049
Iteration: 58	666	666	845.32	1130
Iteration: 59	666	701	855.34	1089
Iteration: 60	666	734	847.73	1042
Iteration: 61	666	666	851.43	1112
Iteration: 62	666	686	852.53	1052
Iteration: 63	666	703	861.9	1193
Iteration: 64	666	728	852.57	1054
Iteration: 65	666	687	844.19	1078
Iteration: 66	666	680	855.04	1189
Iteration: 67	666	733	856.53	1017
Iteration: 68	666	734	852.71	1037
Iteration: 69	666	731	840.33	1027
Iteration: 70	666	715	843.13	1029
Iteration: 71	666	678	862.38	1023
Iteration: 72	666	696	854.69	1027
Iteration: 73	666	713	866.55	1157
Iteration: 74	666	729	856.76	1106
Iteration: 75	666	718	856.45	1154
Iteration: 76	666	734	849.29	990
Iteration: 77	666	666	856.67	1116
Iteration: 78	666	666	853.16	1016
Iteration: 79	666	727	855.91	1147
Iteration: 80	666	699	849.73	1171
Iteration: 81	666	718	849.48	980
Iteration: 82	666	666	855.12	997
Iteration: 83	666	717	859.83	1083
Iteration: 84	666	742	858.19	1120
Iteration: 85	666	689	842.05	1011
Iteration: 86	666	703	847.95	1063
Iteration: 87	666	666	850.7	1064
Iteration: 88	666	666	848.59	1039
Iteration: 89	666	726	852.27	1084
Iteration: 90	666	702	859.07	1195
Iteration: 91	666	734	849.56	1108
Iteration: 92	666	697	847.58	1017
Iteration: 93	666	666	858.21	1089
Iteration: 94	666	737	874.71	1079
Iteration: 95	666	676	834.44	1014
Iteration: 96	666	718	853.83	1083
Iteration: 97	666	666	851.05	971
Iteration: 98	666	676	856.77	1149
Iteration: 99	666	727	845.49	1065
Iteration: 100	666	687	863.95	1075
Iteration: 101	666	666	849.66	1186
Iteration: 102	666	666	843.04	1097
Iteration: 103	666	685	843.82	1069
Iteration: 104	666	731	850.21	1150
Iteration: 105	666	713	864.26	1127
Iteration: 106	666	693	846.92	1241
Iteration: 107	666	735	863.06	1030
Iteration: 108	666	734	850.37	1063
Iteration: 109	666	732	851.31	1035
Iteration: 110	666	710	859.64	1133
Iteration: 111	666	666	835.54	1006
Iteration: 112	666	693	846.16	1006
Iteration: 113	666	691	845.58	1064
Iteration: 114	666	706	846.16	1095
Iteration: 115	666	731	856.62	1098
Iteration: 116	666	710	848.99	1012
Iteration: 117	666	711	851.41	1090
Iteration: 118	666	710	852.78	1093
Iteration: 119	666	696	860.69	1206
Iteration: 120	666	666	857.35	1058
Iteration: 121	666	676	841.96	1009
Iteration: 122	666	734	846.04	1001
Iteration: 123	666	705	851.51	1090
Iteration: 124	666	701	852.59	1064
Iteration: 125	666	695	848.81	1045
Iteration: 126	666	706	852.63	1172
Iteration: 127	666	727	844.94	1023
Iteration: 128	666	742	862.77	1090
Iteration: 129	666	734	853.77	999
Iteration: 130	666	703	850.3	1034
Iteration: 131	666	734	865.3	1077
Iteration: 132	666	678	843.23	1114
Iteration: 133	666	739	839.87	1006
Iteration: 134	666	687	854.28	1096
Iteration: 135	666	708	848.27	1010
Iteration: 136	666	666	843.45	1064
Iteration: 137	666	722	853.49	1049
Iteration: 138	666	678	840.25	1016
Iteration: 139	666	702	849.92	1123
Iteration: 140	666	699	853.81	1117
Iteration: 141	666	687	843.68	1038
Iteration: 142	666	678	857.35	1069
Iteration: 143	666	687	850.81	1158
Iteration: 144	666	678	854.13	1028
Iteration: 145	666	680	861.14	1232
Iteration: 146	666	689	857.11	1133
Iteration: 147	666	726	859.82	1001
Iteration: 148	666	675	842.39	1172
Iteration: 149	666	711	846.18	1035
Iteration: 150	666	713	853.07	1142
Iteration: 151	666	666	857.76	1134
Iteration: 152	666	680	858.76	1139
Iteration: 153	666	678	852.25	1222
Iteration: 154	666	687	855	1117
Iteration: 155	666	729	844.22	1049
Iteration: 156	666	716	852.17	1096
Iteration: 157	666	678	856.28	1175
Iteration: 158	666	680	839.77	1108
Iteration: 159	666	710	864.55	1148
Iteration: 160	666	752	854.77	1128
Iteration: 161	666	666	851.19	1048
Iteration: 162	666	718	846.65	1073
Iteration: 163	666	744	861.9	1016
Iteration: 164	666	718	852.64	1043
Iteration: 165	666	678	853.69	1062
Iteration: 166	666	667	854.11	1063
Iteration: 167	666	722	851.5	1001
Iteration: 168	666	738	863.53	1111
Iteration: 169	666	705	852.87	1027
Iteration: 170	666	689	858.84	1228
Iteration: 171	666	666	845.88	1003
Iteration: 172	666	730	858.05	1078
Iteration: 173	666	708	851.02	1080
Iteration: 174	666	666	866.63	1108
Iteration: 175	666	732	865.29	1161
Iteration: 176	666	696	857.55	1070
Iteration: 177	666	678	846.59	1090
Iteration: 178	666	681	854.89	1041
Iteration: 179	666	699	851.9	1044
Iteration: 180	666	687	840.45	1163
Iteration: 181	666	688	862.55	1124
Iteration: 182	666	673	846.09	1034
Iteration: 183	666	687	857.16	1078
Iteration: 184	666	703	858.54	1027
Iteration: 185	666	688	846.65	1080
Iteration: 186	666	761	869.11	1087
Iteration: 187	666	690	836.33	975
Iteration: 188	666	718	851.15	1072
Iteration: 189	666	708	846.25	981
Iteration: 190	666	691	846.44	1216
Iteration: 191	666	666	861.87	1172
Iteration: 192	666	712	867.87	1192
Iteration: 193	666	725	852.71	1004
Iteration: 194	666	723	854.55	1019
Iteration: 195	666	700	853.15	1105
Iteration: 196	666	675	852.06	999
Iteration: 197	666	700	846.65	1043
Iteration: 198	666	707	852.82	1067
Iteration: 199	666	691	855.29	1002
Iteration: 200	666	690	859.85	1098
Iteration: 201	666	676	865.07	1127
Iteration: 202	666	718	856.62	1085
Iteration: 203	666	734	853.14	1079
Iteration: 204	666	690	838.09	1117
Iteration: 205	666	666	842.03	1033
Iteration: 206	666	666	838.06	1021
Iteration: 207	666	666	852.1	1359
Iteration: 208	666	734	848.86	1013
Iteration: 209	666	727	858.53	1105
Iteration: 210	666	716	846.41	1041
Iteration: 211	666	676	859.08	1035
Iteration: 212	666	676	860.16	1101
Iteration: 213	666	721	861.37	1049
Iteration: 214	666	666	847.76	1154
Iteration: 215	666	666	850.64	1026
Iteration: 216	666	727	852.31	1051
Iteration: 217	666	735	858.25	1141
Iteration: 218	666	711	855.25	1015
Iteration: 219	666	698	843.22	1239
Iteration: 220	666	711	860.05	1132
Iteration: 221	666	687	851.7	1035
Iteration: 222	666	739	849.65	1050
Iteration: 223	666	678	849.88	1049
Iteration: 224	666	678	852.73	1065
Iteration: 225	666	737	864.49	1121
Iteration: 226	666	727	862.31	1195
Iteration: 227	666	666	852.63	1285
Iteration: 228	666	691	856.19	1057
Iteration: 229	666	705	855.22	1202
Iteration: 230	666	710	847.05	1032
Iteration: 231	666	697	856.26	1054
Iteration: 232	666	734	852.11	1075
Iteration: 233	666	687	859.11	1114
Iteration: 234	666	738	847.34	1154
Iteration: 235	666	670	845.07	1092
Iteration: 236	666	691	854.88	1191
Iteration: 237	666	675	851.8	1030
Iteration: 238	666	675	853.16	1106
Iteration: 239	666	680	848.07	1107
Iteration: 240	666	666	859.41	1088
Iteration: 241	666	696	859.92	1007
Iteration: 242	666	696	850.63	1149
Iteration: 243	666	687	851.41	1038
Iteration: 244	666	693	843.1	1043
Iteration: 245	666	708	862.64	1192
Iteration: 246	666	727	856.41	1193
Iteration: 247	666	676	855.22	1166
Iteration: 248	666	680	847.04	1130
Iteration: 249	666	718	849.72	1074
Iteration: 250	666	675	840.21	1040
Iteration: 251	666	718	850.01	1166
Iteration: 252	666	733	852.1	1064
Iteration: 253	666	708	847.52	1074
Iteration: 254	666	718	859.06	1124
Iteration: 255	666	734	852.45	1191
Iteration: 256	666	675	844.36	1001
Iteration: 257	666	681	856.57	1062
Iteration: 258	666	733	849.21	1019
Iteration: 259	666	718	856.79	1051
Iteration: 260	666	679	855.52	1189
Iteration: 261	666	712	849.06	1069
Iteration: 262	666	718	857.97	1233
Iteration: 263	666	676	852.14	1099
Iteration: 264	666	734	858.76	1144
Iteration: 265	666	703	850.39	1091
Iteration: 266	666	715	841.6	1041
Iteration: 267	666	712	850.72	1190
Iteration: 268	666	709	869.02	1132
Iteration: 269	666	666	853.39	1072
Iteration: 270	666	666	850.49	977
Iteration: 271	666	731	861.69	1189
Iteration: 272	666	729	855.02	1080
Iteration: 273	666	687	865.52	1102
Iteration: 274	666	666	859.13	1149
Iteration: 275	666	715	855.32	1062
Iteration: 276	666	721	849.83	1007
Iteration: 277	666	668	859.97	1036
Iteration: 278	666	712	852.29	1091
Iteration: 279	666	666	850.55	1104
Iteration: 280	666	666	853.97	1068
Iteration: 281	666	666	849.36	1055
Iteration: 282	666	745	858.4	1084
Iteration: 283	666	708	850.25	1039
Iteration: 284	666	697	849.08	1031
Iteration: 285	666	695	851.62	1017
Iteration: 286	666	666	852.97	1111
Iteration: 287	666	678	853.21	1087
Iteration: 288	666	703	854.33	1146
Iteration: 289	666	739	868.64	1078
Iteration: 290	666	729	849.92	998
Iteration: 291	666	718	850.81	1075
Iteration: 292	666	678	851.84	1038
Iteration: 293	666	666	850.06	1070
Iteration: 294	666	690	841.07	1008
Iteration: 295	666	676	864.27	1067
Iteration: 296	666	671	848.93	1005
Iteration: 297	666	687	857.76	1048
Iteration: 298	666	710	855.47	1108
Iteration: 299	666	667	852.96	1055
