Iteration: 0	718	718	852.74	1085
Iteration: 1	718	734	884.99	1306
Iteration: 2	675	675	860	1114
Iteration: 3	675	727	853.58	1070
Iteration: 4	675	716	850.79	1091
Iteration: 5	675	680	850.72	1004
Iteration: 6	675	734	859.66	1056
Iteration: 7	666	666	865.09	1089
Iteration: 8	666	670	859.72	1112
Iteration: 9	666	675	856.43	1052
Iteration: 10	666	707	856.1	1032
Iteration: 11	666	715	849.1	1052
Iteration: 12	666	675	847.47	1070
Iteration: 13	666	697	856.95	1049
Iteration: 14	666	716	859.73	1079
Iteration: 15	666	710	865.64	1194
Iteration: 16	666	719	851.59	1330
Iteration: 17	666	687	851.22	1025
Iteration: 18	666	722	859.03	1059
Iteration: 19	666	706	856.23	1090
Iteration: 20	666	666	852.62	1069
Iteration: 21	666	722	845.79	1067
Iteration: 22	666	714	869.76	1124
Iteration: 23	666	697	849.02	1020
Iteration: 24	666	713	843.85	1036
Iteration: 25	666	727	853.55	998
Iteration: 26	666	688	849.95	1012
Iteration: 27	666	734	864.21	1098
Iteration: 28	666	666	849.63	1142
Iteration: 29	666	680	855.64	1047
Iteration: 30	666	689	856.36	1079
Iteration: 31	666	680	848.32	1035
Iteration: 32	666	681	863.56	1077
Iteration: 33	666	678	847.21	1052
Iteration: 34	666	697	846.05	1040
Iteration: 35	666	687	847.72	1144
Iteration: 36	666	716	844.76	1060
Iteration: 37	666	675	852.2	1069
Iteration: 38	666	714	855.47	1063
Iteration: 39	666	690	850.25	1075
Iteration: 40	666	708	854.23	1046
Iteration: 41	666	698	859.74	1130
Iteration: 42	666	687	849.01	1049
Iteration: 43	666	714	846.09	1132
Iteration: 44	666	691	839.48	1000
Iteration: 45	666	666	857.35	1000
Iteration: 46	666	678	861.66	1255
Iteration: 47	666	731	862.13	1059
Iteration: 48	666	679	852.45	1059
Iteration: 49	666	715	843.7	1132
Iteration: 50	666	667	850.29	1074
Iteration: 51	666	702	856.6	1086
Iteration: 52	666	666	858.73	1046
Iteration: 53	666	705	860.09	1074
Iteration: 54	666	681	846.23	982
Iteration: 55	666	712	854.85	1089
Iteration: 56	666	691	850.93	1179
Iteration: 57	666	666	836.94	999
Iteration: 58	666	666	840.12	1001
Iteration: 59	666	678	845.54	1041
Iteration: 60	666	666	839.85	1007
Iteration: 61	666	699	849.14	1035
Iteration: 62	666	678	855.05	1063
Iteration: 63	666	720	855.92	1078
Iteration: 64	666	747	860.31	1046
Iteration: 65	666	678	865.39	1281
Iteration: 66	666	690	853.68	1029
Iteration: 67	666	734	864.6	1062
Iteration: 68	666	737	862.91	1107
Iteration: 69	666	678	854.47	1087
Iteration: 70	666	731	864.26	1219
Iteration: 71	666	681	855.22	1114
Iteration: 72	666	711	856.27	1067
Iteration: 73	666	731	866.95	1048
Iteration: 74	666	731	853.3	1157
Iteration: 75	666	707	849.43	1150
Iteration: 76	666	686	858.15	966
Iteration: 77	666	675	841.95	1015
Iteration: 78	666	699	854	1129
Iteration: 79	666	694	853.75	1026
Iteration: 80	666	706	854.6	1028
Iteration: 81	666	727	856.01	1134
Iteration: 82	666	731	856.38	1038
Iteration: 83	666	680	850.83	1044
Iteration: 84	666	683	848.16	1197
Iteration: 85	666	695	852.57	1017
Iteration: 86	666	676	850.87	1201
Iteration: 87	666	696	848.98	1091
Iteration: 88	666	698	856.5	1051
Iteration: 89	666	698	851.93	1052
Iteration: 90	666	718	850.87	1000
Iteration: 91	666	706	855.28	1079
Iteration: 92	666	690	851.59	1003
Iteration: 93	666	666	854.19	1126
Iteration: 94	666	698	843.22	1079
Iteration: 95	666	710	853.72	1101
Iteration: 96	666	675	839.05	992
Iteration: 97	666	718	847.14	1034
Iteration: 98	666	704	854.87	1058
Iteration: 99	666	720	861.25	971
Iteration: 100	666	666	846.22	1048
Iteration: 101	666	666	852.38	1027
Iteration: 102	666	671	853.84	1105
Iteration: 103	666	698	858.78	1106
Iteration: 104	666	734	847.69	1069
Iteration: 105	666	696	854.25	1062
Iteration: 106	666	710	851.87	1040
Iteration: 107	666	702	870.15	1101
Iteration: 108	666	702	853.47	1035
Iteration: 109	666	734	852.78	1110
Iteration: 110	666	724	869.65	1123
Iteration: 111	666	717	850.15	1040
Iteration: 112	666	696	849.67	1005
Iteration: 113	666	728	845.09	989
Iteration: 114	666	734	855.67	1269
Iteration: 115	666	704	851.13	1049
Iteration: 116	666	703	855.13	1158
Iteration: 117	666	696	849.8	1171
Iteration: 118	666	701	864.05	1036
Iteration: 119	666	711	856.28	1139
Iteration: 120	666	731	856.54	1070
Iteration: 121	666	692	843.81	1000
Iteration: 122	666	676	857.46	994
Iteration: 123	666	743	866.05	1229
Iteration: 124	666	708	841.1	966
Iteration: 125	666	666	862.19	1323
Iteration: 126	666	678	853.49	1137
Iteration: 127	666	666	851.56	1110
Iteration: 128	666	666	852.62	1089
Iteration: 129	666	666	844.94	1084
Iteration: 130	666	666	844.31	1020
Iteration: 131	666	692	855.99	1003
Iteration: 132	666	729	853.01	1129
Iteration: 133	666	730	839.5	1023
Iteration: 134	666	701	858.94	1140
Iteration: 135	666	666	849.79	1013
Iteration: 136	666	695	856.51	1132
Iteration: 137	666	666	844.36	980
Iteration: 138	666	692	853.4	1055
Iteration: 139	666	711	861.73	1095
Iteration: 140	666	684	863.62	1052
Iteration: 141	666	727	847.77	1118
Iteration: 142	666	703	842.16	971
Iteration: 143	666	712	853.14	1022
Iteration: 144	666	679	858.72	1200
Iteration: 145	666	678	853.81	1142
Iteration: 146	666	676	854.45	1064
Iteration: 147	666	718	849.59	1034
Iteration: 148	666	707	859.45	1058
Iteration: 149	666	709	861.95	1151
Iteration: 150	666	715	858.6	1094
Iteration: 151	666	708	861.75	1218
Iteration: 152	666	718	859.41	1020
Iteration: 153	666	722	853.89	1076
Iteration: 154	666	731	859.24	1169
Iteration: 155	666	674	852.67	1167
Iteration: 156	666	694	849.52	1083
Iteration: 157	666	683	847.92	1022
Iteration: 158	666	712	846.98	1149
Iteration: 159	666	709	857.36	1136
Iteration: 160	666	711	850.99	1064
Iteration: 161	666	731	850.95	1090
Iteration: 162	666	680	854.58	1031
Iteration: 163	666	714	862.31	1238
Iteration: 164	666	714	860.93	1169
Iteration: 165	666	666	866.57	1163
Iteration: 166	666	708	858.76	1086
Iteration: 167	666	731	848.54	1115
Iteration: 168	666	737	850.37	1036
Iteration: 169	666	681	847.41	1057
Iteration: 170	666	730	855.56	1082
Iteration: 171	666	689	854.76	1043
Iteration: 172	666	681	842.73	1073
Iteration: 173	666	692	857.62	1059
Iteration: 174	666	695	848.85	972
Iteration: 175	666	743	846.28	1055
Iteration: 176	666	734	866.6	1099
Iteration: 177	666	676	848.25	1090
Iteration: 178	666	734	848.24	1078
Iteration: 179	666	723	848.43	1049
Iteration: 180	666	666	851.53	1163
Iteration: 181	666	715	852.61	995
Iteration: 182	666	666	855.34	1022
Iteration: 183	666	701	856.09	1142
Iteration: 184	666	675	856.27	1158
Iteration: 185	666	678	845.34	1078
Iteration: 186	666	680	842.75	1112
Iteration: 187	666	755	863.21	1125
Iteration: 188	666	666	851.43	1062
Iteration: 189	666	666	857.11	1155
Iteration: 190	666	676	847.59	1064
Iteration: 191	666	718	836.09	1003
Iteration: 192	666	737	861.73	1176
Iteration: 193	666	666	854.74	1073
Iteration: 194	666	696	849.24	1050
Iteration: 195	666	666	851.65	1172
Iteration: 196	666	666	860.96	993
Iteration: 197	666	734	861.63	1044
Iteration: 198	666	718	848.22	1163
Iteration: 199	666	716	841.4	1078
Iteration: 200	666	718	868.11	1030
Iteration: 201	666	705	847.99	1052
Iteration: 202	666	721	843.33	1063
Iteration: 203	666	666	862.36	1029
Iteration: 204	666	704	841.46	971
Iteration: 205	666	719	852.59	1050
Iteration: 206	666	708	863.34	1144
Iteration: 207	666	693	854.4	1106
Iteration: 208	666	730	845.11	1110
Iteration: 209	666	698	856.09	1126
Iteration: 210	666	699	845.75	1017
Iteration: 211	666	718	861.85	1062
Iteration: 212	666	696	848.82	1075
Iteration: 213	666	683	853.76	1009
Iteration: 214	666	666	848.98	1033
Iteration: 215	666	718	844.77	1244
Iteration: 216	666	678	855.68	1023
Iteration: 217	666	676	850.45	1087
Iteration: 218	666	716	853.1	1130
Iteration: 219	666	696	856.85	1081
Iteration: 220	666	714	854.08	1161
Iteration: 221	666	705	847.96	1080
Iteration: 222	666	688	849.63	1105
Iteration: 223	666	734	850.63	1002
Iteration: 224	666	666	850.15	975
Iteration: 225	666	676	848.42	1067
Iteration: 226	666	727	871.97	1047
Iteration: 227	666	734	852.08	1027
Iteration: 228	666	700	846.55	1014
Iteration: 229	666	710	845.66	1002
Iteration: 230	666	703	846.57	1280
Iteration: 231	666	701	850.4	989
Iteration: 232	666	734	861.6	1008
Iteration: 233	666	675	849.22	1206
Iteration: 234	666	678	851.41	1254
Iteration: 235	666	734	853.67	1140
Iteration: 236	666	687	852.28	1075
Iteration: 237	666	710	862.42	1151
Iteration: 238	666	718	853.25	1008
Iteration: 239	666	724	854.31	1132
Iteration: 240	666	727	857.93	1279
Iteration: 241	666	705	852.01	1153
Iteration: 242	666	687	842.01	1109
Iteration: 243	666	680	864.68	1155
Iteration: 244	666	718	857.59	1045
Iteration: 245	666	678	840.29	1007
Iteration: 246	666	734	864.9	1082
Iteration: 247	666	687	859.27	1059
Iteration: 248	666	739	857.6	1092
Iteration: 249	666	729	847.25	1042
Iteration: 250	666	717	862.24	1080
Iteration: 251	666	680	845.63	1039
Iteration: 252	666	693	860.8	1091
Iteration: 253	666	695	852.38	1032
Iteration: 254	666	734	838.56	1074
Iteration: 255	666	666	854.16	1048
Iteration: 256	666	738	854.51	1105
Iteration: 257	666	666	848.56	1019
Iteration: 258	666	706	850.74	1038
Iteration: 259	666	714	856.23	1151
Iteration: 260	666	733	848.98	1139
Iteration: 261	666	696	867.65	1173
Iteration: 262	666	712	860.56	1322
Iteration: 263	666	714	850.83	1035
Iteration: 264	666	717	837.56	1125
Iteration: 265	666	704	840.68	994
Iteration: 266	666	728	865.83	1071
Iteration: 267	666	773	872.12	1089
Iteration: 268	666	666	858.11	1114
Iteration: 269	666	697	855.56	1087
Iteration: 270	666	688	850.82	1130
Iteration: 271	666	689	849.45	1016
Iteration: 272	666	695	843.39	1149
Iteration: 273	666	708	858.94	1252
Iteration: 274	666	687	848.67	1141
Iteration: 275	666	666	843.25	1015
Iteration: 276	666	689	857.51	1027
Iteration: 277	666	734	851.8	1013
Iteration: 278	666	690	860.37	1042
Iteration: 279	666	713	855.83	1043
Iteration: 280	666	731	851.77	1070
Iteration: 281	666	676	851.99	1109
Iteration: 282	666	719	854.57	1126
Iteration: 283	666	749	851.26	1089
Iteration: 284	666	666	861.69	1122
Iteration: 285	666	685	851.46	980
Iteration: 286	666	687	854.36	1089
Iteration: 287	666	719	850.96	1048
Iteration: 288	666	728	851.44	1055
Iteration: 289	666	739	850.43	1000
Iteration: 290	666	724	848.32	1013
Iteration: 291	666	666	862.84	1048
Iteration: 292	666	691	852.24	1161
Iteration: 293	666	677	860.98	1053
Iteration: 294	666	695	865.08	1231
Iteration: 295	666	706	847.27	1017
Iteration: 296	666	687	852.64	1062
Iteration: 297	666	727	878.37	1103
Iteration: 298	666	691	847.86	1028
Iteration: 299	666	726	856.58	1226
