Iteration: 0	708	708	840.38	1000
Iteration: 1	708	725	863.26	1032
Iteration: 2	666	666	864.92	1082
Iteration: 3	666	666	860.63	1091
Iteration: 4	666	701	847.46	1078
Iteration: 5	666	740	854.03	1223
Iteration: 6	666	692	846.77	1104
Iteration: 7	666	666	848.84	1074
Iteration: 8	666	731	865.77	1122
Iteration: 9	666	713	861.48	1094
Iteration: 10	666	731	854.11	1154
Iteration: 11	666	666	848.13	1033
Iteration: 12	666	666	848.38	1235
Iteration: 13	666	735	865.25	1085
Iteration: 14	666	718	860.77	1095
Iteration: 15	666	742	854.01	1064
Iteration: 16	666	666	838.47	1074
Iteration: 17	666	731	848.22	966
Iteration: 18	666	694	854.11	1116
Iteration: 19	666	717	861.02	1123
Iteration: 20	666	676	864.08	1112
Iteration: 21	666	737	853.75	1232
Iteration: 22	666	666	846.1	1036
Iteration: 23	666	731	860.73	1200
Iteration: 24	666	731	854.65	1083
Iteration: 25	666	704	858.01	1159
Iteration: 26	666	693	860.07	1138
Iteration: 27	666	713	858.36	1154
Iteration: 28	666	718	848.51	1103
Iteration: 29	666	666	856.27	1089
Iteration: 30	666	731	850.53	996
Iteration: 31	666	711	848.14	1098
Iteration: 32	666	714	858.13	1113
Iteration: 33	666	690	842.91	1123
Iteration: 34	666	683	857.17	1067
Iteration: 35	666	671	844.22	1057
Iteration: 36	666	684	850.36	1008
Iteration: 37	666	675	850.39	1071
Iteration: 38	666	715	851.49	1255
Iteration: 39	666	666	866.15	1318
Iteration: 40	666	718	870.08	1102
Iteration: 41	666	699	865.17	1114
Iteration: 42	666	700	855.71	1314
Iteration: 43	666	731	853.54	1100
Iteration: 44	666	666	853.33	985
Iteration: 45	666	708	841.54	1057
Iteration: 46	666	669	844.61	1036
Iteration: 47	666	697	865.11	1061
Iteration: 48	666	719	856.86	1148
Iteration: 49	666	713	850.15	1036
Iteration: 50	666	666	848.77	1250
Iteration: 51	666	670	841.34	1149
Iteration: 52	666	734	864.85	1020
Iteration: 53	666	708	854.33	1328
Iteration: 54	666	731	851.3	1093
Iteration: 55	666	714	848.91	1048
Iteration: 56	666	707	850.57	1052
Iteration: 57	666	667	854.42	1027
Iteration: 58	666	690	856.08	1002
Iteration: 59	666	718	848.19	1117
Iteration: 60	666	716	850.02	1149
Iteration: 61	666	709	861.29	1151
Iteration: 62	666	693	857.23	1054
Iteration: 63	666	719	856.35	1044
Iteration: 64	666	684	865.89	1181
Iteration: 65	666	668	849.64	1065
Iteration: 66	666	681	850.59	994
Iteration: 67	666	714	852.46	972
Iteration: 68	666	688	853.84	1226
Iteration: 69	666	742	858.15	1206
Iteration: 70	666	678	848.41	992
Iteration: 71	666	734	851.98	1109
Iteration: 72	666	727	861.11	1209
Iteration: 73	666	688	855.15	1091
Iteration: 74	666	666	856.29	1016
Iteration: 75	666	666	852.87	1244
Iteration: 76	666	714	859.19	991
Iteration: 77	666	695	851.71	1014
Iteration: 78	666	667	862.47	1063
Iteration: 79	666	682	855.37	1039
Iteration: 80	666	692	845.52	1082
Iteration: 81	666	707	859.68	1036
Iteration: 82	666	687	844.34	1187
Iteration: 83	666	689	860.86	1302
Iteration: 84	666	707	862.57	1077
Iteration: 85	666	688	849.73	1028
Iteration: 86	666	703	858.31	1070
Iteration: 87	666	746	853.73	1116
Iteration: 88	666	682	848.54	1108
Iteration: 89	666	689	847.98	1129
Iteration: 90	666	675	848.31	1201
Iteration: 91	666	710	864.94	1212
Iteration: 92	666	678	849.85	1022
Iteration: 93	666	729	857.74	1075
Iteration: 94	666	746	860.21	1062
Iteration: 95	666	729	858.82	1052
Iteration: 96	666	675	847.1	1014
Iteration: 97	666	725	859.68	1182
Iteration: 98	666	678	854.02	1091
Iteration: 99	666	675	850.65	1064
Iteration: 100	666	697	846.15	1053
Iteration: 101	666	678	846.4	1048
Iteration: 102	666	666	858.53	1032
Iteration: 103	666	734	851.32	1012
Iteration: 104	666	728	848.59	1120
Iteration: 105	666	727	853.35	1090
Iteration: 106	666	718	851.29	1017
Iteration: 107	666	731	850.21	1091
Iteration: 108	666	710	853.32	1074
Iteration: 109	666	727	848.74	1013
Iteration: 110	666	727	871.54	1125
Iteration: 111	666	679	849.02	1081
Iteration: 112	666	692	850.52	1085
Iteration: 113	666	726	863.74	1188
Iteration: 114	666	681	855.68	1122
Iteration: 115	666	727	842.98	1115
Iteration: 116	666	708	852.41	1110
Iteration: 117	666	678	858.5	1162
Iteration: 118	666	676	841.89	1120
Iteration: 119	666	734	864.71	1055
Iteration: 120	666	684	865.14	1164
Iteration: 121	666	666	848.41	1049
Iteration: 122	666	718	850.72	973
Iteration: 123	666	718	854.2	1028
Iteration: 124	666	727	854.97	985
Iteration: 125	666	675	848.47	1132
Iteration: 126	666	666	846.37	1028
Iteration: 127	666	695	858.46	1161
Iteration: 128	666	695	850.78	1051
Iteration: 129	666	728	847.44	1065
Iteration: 130	666	725	847.6	1021
Iteration: 131	666	693	849.02	1201
Iteration: 132	666	731	846.48	1007
Iteration: 133	666	707	860.91	1140
Iteration: 134	666	666	851.53	1157
Iteration: 135	666	720	865.19	1132
Iteration: 136	666	681	861.03	1288
Iteration: 137	666	714	849.28	1016
Iteration: 138	666	735	878.67	1131
Iteration: 139	666	675	846.8	1007
Iteration: 140	666	679	854.51	1158
Iteration: 141	666	715	858.44	1111
Iteration: 142	666	720	853.61	1001
Iteration: 143	666	666	849.2	1044
Iteration: 144	666	685	858.41	1314
Iteration: 145	666	680	849.33	1126
Iteration: 146	666	688	852.46	1035
Iteration: 147	666	681	852.62	1064
Iteration: 148	666	689	859.91	1142
Iteration: 149	666	689	841.6	1148
Iteration: 150	666	730	855.7	1096
Iteration: 151	666	695	857.44	1130
Iteration: 152	666	687	850.13	1073
Iteration: 153	666	666	847.8	1144
Iteration: 154	666	675	862.6	1098
Iteration: 155	666	666	859.39	1091
Iteration: 156	666	676	849.47	1099
Iteration: 157	666	703	862.76	1259
Iteration: 158	666	708	856.45	1100
Iteration: 159	666	706	838.18	1036
Iteration: 160	666	744	856.5	1062
Iteration: 161	666	731	854.7	1036
Iteration: 162	666	678	848.26	1099
Iteration: 163	666	718	846.85	1009
Iteration: 164	666	675	845.59	1078
Iteration: 165	666	699	853.43	1066
Iteration: 166	666	666	854.42	1091
Iteration: 167	666	694	855.65	1090
Iteration: 168	666	678	855.11	1053
Iteration: 169	666	678	857.14	1061
Iteration: 170	666	706	871.25	1165
Iteration: 171	666	714	846.38	1108
Iteration: 172	666	703	861.5	1114
Iteration: 173	666	729	860.45	1118
Iteration: 174	666	738	864	1109
Iteration: 175	666	666	853.97	1079
Iteration: 176	666	666	845.84	1106
Iteration: 177	666	675	850.84	1016
Iteration: 178	666	666	860.64	1096
Iteration: 179	666	727	853.99	1058
Iteration: 180	666	734	865.93	1023
Iteration: 181	666	692	856.8	1085
Iteration: 182	666	718	851.91	1111
Iteration: 183	666	708	851.74	1100
Iteration: 184	666	697	844.36	1004
Iteration: 185	666	667	849.38	1117
Iteration: 186	666	676	846.2	1057
Iteration: 187	666	688	852.06	1136
Iteration: 188	666	681	848.1	1062
Iteration: 189	666	716	864.65	1130
Iteration: 190	666	678	849.53	1024
Iteration: 191	666	727	857.59	1218
Iteration: 192	666	712	849.74	1069
Iteration: 193	666	678	853.53	1059
Iteration: 194	666	711	860.79	1098
Iteration: 195	666	676	851.25	1133
Iteration: 196	666	687	850.92	1026
Iteration: 197	666	743	853.66	1078
Iteration: 198	666	701	849.93	1007
Iteration: 199	666	695	853.87	1107
Iteration: 200	666	691	849.37	1064
Iteration: 201	666	678	859.86	1082
Iteration: 202	666	690	847.27	1039
Iteration: 203	666	724	857.96	1041
Iteration: 204	666	714	844.05	1102
Iteration: 205	666	703	864.63	1237
Iteration: 206	666	671	845.68	1022
Iteration: 207	666	747	847.17	1046
Iteration: 208	666	731	850.96	1091
Iteration: 209	666	742	852.42	1005
Iteration: 210	666	751	854.65	1164
Iteration: 211	666	743	851.74	1209
Iteration: 212	666	736	865.04	1123
Iteration: 213	666	721	844.55	1101
Iteration: 214	666	684	860.84	1157
Iteration: 215	666	726	850.73	1089
Iteration: 216	666	693	857.45	1007
Iteration: 217	666	666	860.69	1014
Iteration: 218	666	691	855.24	1058
Iteration: 219	666	678	852.42	1061
Iteration: 220	666	666	851.37	1006
Iteration: 221	666	678	855.04	1134
Iteration: 222	666	666	860.44	1044
Iteration: 223	666	719	854.33	1185
Iteration: 224	666	705	837.13	1106
Iteration: 225	666	680	857.53	1145
Iteration: 226	666	689	844.54	1036
Iteration: 227	666	666	850.92	1097
Iteration: 228	666	680	848.2	1077
Iteration: 229	666	720	852.82	1050
Iteration: 230	666	729	845.65	1017
Iteration: 231	666	709	859.44	1018
Iteration: 232	666	722	856.49	1110
Iteration: 233	666	696	860.48	1148
Iteration: 234	666	698	862.77	1212
Iteration: 235	666	680	858.45	1064
Iteration: 236	666	705	848.76	1099
Iteration: 237	666	666	857.49	1123
Iteration: 238	666	708	850.76	1230
Iteration: 239	666	681	848.17	1103
Iteration: 240	666	726	861.54	1314
Iteration: 241	666	736	862.09	1148
Iteration: 242	666	666	852.89	1047
Iteration: 243	666	687	851.48	996
Iteration: 244	666	714	860.82	1154
Iteration: 245	666	685	839.55	959
Iteration: 246	666	708	858.73	1056
Iteration: 247	666	687	844.99	1074
Iteration: 248	666	666	848.99	1117
Iteration: 249	666	718	852.78	1036
Iteration: 250	666	666	856.69	1105
Iteration: 251	666	678	861.6	1207
Iteration: 252	666	710	852.25	982
Iteration: 253	666	742	857.78	1105
Iteration: 254	666	681	853.21	1105
Iteration: 255	666	714	841.07	1017
Iteration: 256	666	723	857.05	1215
Iteration: 257	666	729	859.31	1019
Iteration: 258	666	703	853.55	1176
Iteration: 259	666	731	860.13	1083
Iteration: 260	666	666	848.86	1123
Iteration: 261	666	727	855.32	1064
Iteration: 262	666	732	849.64	1036
Iteration: 263	666	691	840.46	1089
Iteration: 264	666	718	856.22	1026
Iteration: 265	666	727	858.79	1114
Iteration: 266	666	718	856.68	1053
Iteration: 267	666	716	851.22	1061
Iteration: 268	666	680	857.48	1041
Iteration: 269	666	687	859.75	1112
Iteration: 270	666	666	863.47	1268
Iteration: 271	666	680	852.61	1123
Iteration: 272	666	678	854.69	1035
Iteration: 273	666	675	855.91	1058
Iteration: 274	666	734	859.72	1017
Iteration: 275	666	666	854.29	1087
Iteration: 276	666	681	837.13	1021
Iteration: 277	666	686	854.91	1048
Iteration: 278	666	687	849.54	978
Iteration: 279	666	726	846.01	1071
Iteration: 280	666	734	868.05	1072
Iteration: 281	666	719	864.31	1205
Iteration: 282	666	713	864.79	1194
Iteration: 283	666	678	849.24	1078
Iteration: 284	666	675	843.56	1043
Iteration: 285	666	666	842.78	1087
Iteration: 286	666	679	852.87	1240
Iteration: 287	666	678	840.58	1016
Iteration: 288	666	722	853.85	1101
Iteration: 289	666	667	853.49	1058
Iteration: 290	666	727	863.99	1048
Iteration: 291	666	734	849.3	1046
Iteration: 292	666	710	855.79	1095
Iteration: 293	666	691	855.27	1142
Iteration: 294	666	734	852.46	1072
Iteration: 295	666	689	852.03	1069
Iteration: 296	666	739	863.84	1082
Iteration: 297	666	666	857.24	1192
Iteration: 298	666	708	848.21	1135
Iteration: 299	666	727	862.94	1271
