Iteration: 0	666	666	842.52	1099
Iteration: 1	666	731	882.82	1068
Iteration: 2	666	697	858.97	1229
Iteration: 3	666	683	860.97	1177
Iteration: 4	666	689	860.44	1246
Iteration: 5	666	731	852.86	1042
Iteration: 6	666	714	854.42	997
Iteration: 7	666	710	857.59	1111
Iteration: 8	666	666	840.53	1040
Iteration: 9	666	731	854.14	1061
Iteration: 10	666	678	840.29	969
Iteration: 11	666	734	859.19	1042
Iteration: 12	666	709	857.8	1124
Iteration: 13	666	729	847.99	1000
Iteration: 14	666	687	850.61	1010
Iteration: 15	666	706	851.28	1053
Iteration: 16	666	718	856.84	1108
Iteration: 17	666	666	860.69	1047
Iteration: 18	666	666	852.62	1124
Iteration: 19	666	734	858.47	1111
Iteration: 20	666	726	847.97	1022
Iteration: 21	666	666	858.38	1133
Iteration: 22	666	691	846.87	1073
Iteration: 23	666	739	854.27	1052
Iteration: 24	666	703	853.88	1108
Iteration: 25	666	737	850.68	1050
Iteration: 26	666	704	850.31	1078
Iteration: 27	666	737	854.12	1105
Iteration: 28	666	727	851.36	1020
Iteration: 29	666	734	854.18	1170
Iteration: 30	666	691	854.68	1106
Iteration: 31	666	666	850.02	1033
Iteration: 32	666	694	861.25	1033
Iteration: 33	666	699	854.17	1152
Iteration: 34	666	741	858.59	1123
Iteration: 35	666	696	856.8	1092
Iteration: 36	666	695	854.87	1040
Iteration: 37	666	706	849.88	1132
Iteration: 38	666	690	856.08	1146
Iteration: 39	666	713	852.44	1016
Iteration: 40	666	666	850.31	1078
Iteration: 41	666	711	859.21	1054
Iteration: 42	666	720	852.23	1051
Iteration: 43	666	678	849.44	1055
Iteration: 44	666	680	852.84	1060
Iteration: 45	666	699	854.61	1062
Iteration: 46	666	678	845.88	988
Iteration: 47	666	713	861.72	1041
Iteration: 48	666	748	857.23	1003
Iteration: 49	666	680	851.99	1065
Iteration: 50	666	734	859.84	1352
Iteration: 51	666	752	862	1031
Iteration: 52	666	666	852.34	1129
Iteration: 53	666	675	857.78	1124
Iteration: 54	666	741	857.15	1160
Iteration: 55	666	717	856.27	1087
Iteration: 56	666	669	851.93	1096
Iteration: 57	666	723	846.75	966
Iteration: 58	666	734	855.54	1107
Iteration: 59	666	678	847.58	1020
Iteration: 60	666	670	850.36	960
Iteration: 61	666	727	856.1	1054
Iteration: 62	666	742	861.35	1043
Iteration: 63	666	734	859.54	1089
Iteration: 64	666	704	857.63	1034
Iteration: 65	666	729	855.44	1102
Iteration: 66	666	710	850.2	1115
Iteration: 67	666	718	852.27	1170
Iteration: 68	666	731	858.04	1112
Iteration: 69	666	719	857.63	1156
Iteration: 70	666	678	853.63	1078
Iteration: 71	666	696	860.41	1102
Iteration: 72	666	683	848.17	1121
Iteration: 73	666	666	848.51	1087
Iteration: 74	666	673	850.15	1098
Iteration: 75	666	666	862.91	1026
Iteration: 76	666	666	851.95	1042
Iteration: 77	666	667	870.88	1254
Iteration: 78	666	678	849.5	1153
Iteration: 79	666	698	854.82	1078
Iteration: 80	666	666	845.12	1023
Iteration: 81	666	708	860.78	1167
Iteration: 82	666	719	855.68	1114
Iteration: 83	666	707	852.55	1083
Iteration: 84	666	722	846.67	992
Iteration: 85	666	727	856.58	1175
Iteration: 86	666	714	856.5	1055
Iteration: 87	666	734	854.77	1092
Iteration: 88	666	676	850.3	1111
Iteration: 89	666	666	863.15	1228
Iteration: 90	666	705	856.73	1078
Iteration: 91	666	706	853.83	1096
Iteration: 92	666	685	842.34	1102
Iteration: 93	666	696	856.24	1056
Iteration: 94	666	722	851.67	1091
Iteration: 95	666	676	845.74	1082
Iteration: 96	666	703	844.33	1019
Iteration: 97	666	706	855.15	1080
Iteration: 98	666	703	844.59	1137
Iteration: 99	666	698	852.19	1035
Iteration: 100	666	666	848.59	1002
Iteration: 101	666	687	850.77	1132
Iteration: 102	666	698	841.25	1064
Iteration: 103	666	756	857.83	1010
Iteration: 104	666	666	849.34	1037
Iteration: 105	666	726	854.8	1065
Iteration: 106	666	703	853.78	1070
Iteration: 107	666	718	852.42	1106
Iteration: 108	666	681	851.83	1045
Iteration: 109	666	688	844.68	1049
Iteration: 110	666	676	852.28	1052
Iteration: 111	666	674	858.73	1071
Iteration: 112	666	710	843.88	1028
Iteration: 113	666	750	860.95	1005
Iteration: 114	666	711	846.18	1042
Iteration: 115	666	689	850.04	1093
Iteration: 116	666	666	846.36	1020
Iteration: 117	666	731	860.29	1080
Iteration: 118	666	695	856.69	1058
Iteration: 119	666	714	855.24	1055
Iteration: 120	666	680	856.19	1079
Iteration: 121	666	736	851.98	1256
Iteration: 122	666	714	863.99	1170
Iteration: 123	666	721	861.03	1071
Iteration: 124	666	731	865.73	1114
Iteration: 125	666	710	851.86	1081
Iteration: 126	666	690	842.41	1079
Iteration: 127	666	666	843.18	1005
Iteration: 128	666	739	865.15	1051
Iteration: 129	666	680	860.35	1045
Iteration: 130	666	703	856.23	1157
Iteration: 131	666	705	842.8	1051
Iteration: 132	666	720	855.47	1089
Iteration: 133	666	738	855.35	1073
Iteration: 134	666	735	865.83	1128
Iteration: 135	666	736	852.2	1129
Iteration: 136	666	666	846.8	1083
Iteration: 137	666	724	855.94	1166
Iteration: 138	666	734	849.73	1185
Iteration: 139	666	731	860.11	1072
Iteration: 140	666	666	860.83	1154
Iteration: 141	666	698	848.94	1103
Iteration: 142	666	740	856.21	1094
Iteration: 143	666	734	867.14	1106
Iteration: 144	666	753	865.04	1080
Iteration: 145	666	710	856.57	1083
Iteration: 146	666	704	851.5	1162
Iteration: 147	666	716	861.85	1084
Iteration: 148	666	707	855.68	1099
Iteration: 149	666	703	846.16	981
Iteration: 150	666	690	847.55	1036
Iteration: 151	666	689	855.32	1005
Iteration: 152	666	666	855.67	1080
Iteration: 153	666	718	851.2	1079
Iteration: 154	666	666	856.62	1152
Iteration: 155	666	716	864	1057
Iteration: 156	666	675	847.45	1048
Iteration: 157	666	705	847.61	1076
Iteration: 158	666	727	848.01	1065
Iteration: 159	666	729	856.33	1268
Iteration: 160	666	678	848.08	975
Iteration: 161	666	718	857.92	1109
Iteration: 162	666	742	864.4	1129
Iteration: 163	666	731	854.89	1252
Iteration: 164	666	666	848.79	1068
Iteration: 165	666	719	853.92	1036
Iteration: 166	666	716	853.78	1249
Iteration: 167	666	710	854.86	1188
Iteration: 168	666	667	855.19	1064
Iteration: 169	666	714	850.57	1038
Iteration: 170	666	732	861.91	1038
Iteration: 171	666	731	852.79	1188
Iteration: 172	666	718	861.57	1106
Iteration: 173	666	740	857.24	1162
Iteration: 174	666	697	848.29	1050
Iteration: 175	666	720	856.38	1120
Iteration: 176	666	696	849.44	1050
Iteration: 177	666	690	860.23	1079
Iteration: 178	666	706	851.16	1087
Iteration: 179	666	712	857.66	1130
Iteration: 180	666	712	844.56	1062
Iteration: 181	666	727	859.77	1098
Iteration: 182	666	690	846.41	1053
Iteration: 183	666	666	858.19	1073
Iteration: 184	666	704	867.39	1137
Iteration: 185	666	742	854.86	1094
Iteration: 186	666	666	843.76	991
Iteration: 187	666	731	856.62	1170
Iteration: 188	666	666	855.62	993
Iteration: 189	666	681	861.31	1126
Iteration: 190	666	719	849.92	1135
Iteration: 191	666	666	856.09	1086
Iteration: 192	666	722	852.96	1025
Iteration: 193	666	742	857.81	1135
Iteration: 194	666	666	860.07	1107
Iteration: 195	666	687	850.02	1038
Iteration: 196	666	708	843.5	1028
Iteration: 197	666	666	829.55	1067
Iteration: 198	666	710	844.12	1119
Iteration: 199	666	678	857.69	1162
Iteration: 200	666	666	845.93	994
Iteration: 201	666	697	859.82	1070
Iteration: 202	666	696	855.56	1062
Iteration: 203	666	678	850.71	1009
Iteration: 204	666	719	847.6	1071
Iteration: 205	666	734	840.16	980
Iteration: 206	666	738	854.89	1077
Iteration: 207	666	686	858.98	1066
Iteration: 208	666	687	851	1088
Iteration: 209	666	736	857.06	1155
Iteration: 210	666	711	857.75	1036
Iteration: 211	666	715	865.47	1178
Iteration: 212	666	692	847.88	1023
Iteration: 213	666	716	846.27	1025
Iteration: 214	666	701	840.18	1008
Iteration: 215	666	666	846.58	994
Iteration: 216	666	714	852.67	1071
Iteration: 217	666	675	862.4	1236
Iteration: 218	666	705	851.64	1185
Iteration: 219	666	675	851.95	1221
Iteration: 220	666	711	849.53	1041
Iteration: 221	666	666	855.69	1217
Iteration: 222	666	697	854.7	1097
Iteration: 223	666	685	871.32	1076
Iteration: 224	666	739	854.94	1121
Iteration: 225	666	734	846.24	1126
Iteration: 226	666	666	852.64	1080
Iteration: 227	666	721	861.01	1216
Iteration: 228	666	681	850.77	1074
Iteration: 229	666	729	849.4	1011
Iteration: 230	666	730	851.18	998
Iteration: 231	666	718	852.54	1080
Iteration: 232	666	707	850.05	1050
Iteration: 233	666	759	864.4	1145
Iteration: 234	666	703	854.36	1149
Iteration: 235	666	695	836.16	1033
Iteration: 236	666	731	866.96	1231
Iteration: 237	666	736	850.15	1118
Iteration: 238	666	666	834.39	1053
Iteration: 239	666	690	836.96	1073
Iteration: 240	666	719	865.36	1148
Iteration: 241	666	680	842.9	1093
Iteration: 242	666	727	858.83	1067
Iteration: 243	666	666	852.26	1039
Iteration: 244	666	694	855.21	1177
Iteration: 245	666	719	858.58	1056
Iteration: 246	666	717	857.08	1180
Iteration: 247	666	668	853.79	1005
Iteration: 248	666	666	851.49	1064
Iteration: 249	666	731	856.76	1079
Iteration: 250	666	666	862.01	1127
Iteration: 251	666	684	843.34	1023
Iteration: 252	666	666	853.55	1096
Iteration: 253	666	734	861.14	1098
Iteration: 254	666	762	860.29	1051
Iteration: 255	666	695	858.27	1080
Iteration: 256	666	692	850.05	1121
Iteration: 257	666	714	861.49	1046
Iteration: 258	666	696	860.5	1060
Iteration: 259	666	680	850.61	1107
Iteration: 260	666	719	848.64	1131
Iteration: 261	666	731	854.13	978
Iteration: 262	666	733	861.92	1169
Iteration: 263	666	677	839.97	1019
Iteration: 264	666	727	852.61	1101
Iteration: 265	666	666	851.74	1171
Iteration: 266	666	666	842.81	1046
Iteration: 267	666	666	849.42	1052
Iteration: 268	666	731	859.96	1129
Iteration: 269	666	678	853.39	1126
Iteration: 270	666	708	851.97	1024
Iteration: 271	666	696	846.56	1159
Iteration: 272	666	710	855.78	1011
Iteration: 273	666	717	856.9	1093
Iteration: 274	666	680	851.11	1055
Iteration: 275	666	736	861.78	1099
Iteration: 276	666	703	852.71	1059
Iteration: 277	666	666	851.92	1120
Iteration: 278	666	710	844.33	1065
Iteration: 279	666	714	847.72	1102
Iteration: 280	666	678	849.43	1056
Iteration: 281	666	726	853.09	1213
Iteration: 282	666	741	850	1075
Iteration: 283	666	693	851.46	1078
Iteration: 284	666	690	856.27	1057
Iteration: 285	666	666	855.23	1106
Iteration: 286	666	754	854.66	995
Iteration: 287	666	718	847.79	1150
Iteration: 288	666	685	851.67	1047
Iteration: 289	666	710	858	1118
Iteration: 290	666	696	845.82	1062
Iteration: 291	666	720	861.3	1167
Iteration: 292	666	715	850.4	1046
Iteration: 293	666	746	872.86	1180
Iteration: 294	666	666	858.94	1075
Iteration: 295	666	675	855.95	1114
Iteration: 296	666	726	867.32	1172
Iteration: 297	666	735	854.1	1054
Iteration: 298	666	719	858.45	1052
Iteration: 299	666	731	861.53	1025
