Iteration: 0	676	676	842.71	996
Iteration: 1	666	666	875.82	1064
Iteration: 2	666	688	859.45	1087
Iteration: 3	666	678	852.48	1082
Iteration: 4	666	734	854.94	1078
Iteration: 5	666	719	854.07	1097
Iteration: 6	666	666	850.55	1060
Iteration: 7	666	704	854.82	1144
Iteration: 8	666	688	862.36	1111
Iteration: 9	666	714	846.59	1117
Iteration: 10	666	695	843.99	996
Iteration: 11	666	666	853.77	1034
Iteration: 12	666	668	857.9	1059
Iteration: 13	666	666	854.11	1123
Iteration: 14	666	678	854.2	1236
Iteration: 15	666	713	864.95	1035
Iteration: 16	666	742	864.48	1235
Iteration: 17	666	680	859.08	1018
Iteration: 18	666	680	851.77	1084
Iteration: 19	666	678	855.4	1092
Iteration: 20	666	685	852.1	995
Iteration: 21	666	710	857.76	1038
Iteration: 22	666	718	851.06	1104
Iteration: 23	666	675	845.98	1028
Iteration: 24	666	718	864.01	1090
Iteration: 25	666	692	848.52	1087
Iteration: 26	666	696	864.81	1155
Iteration: 27	666	718	854.71	1087
Iteration: 28	666	693	838.44	994
Iteration: 29	666	711	844.74	1123
Iteration: 30	666	666	843.8	1029
Iteration: 31	666	666	861.87	1032
Iteration: 32	666	666	844.28	993
Iteration: 33	666	714	855.51	1171
Iteration: 34	666	747	848.97	1060
Iteration: 35	666	683	851.58	999
Iteration: 36	666	666	853.37	1004
Iteration: 37	666	666	853.63	1159
Iteration: 38	666	679	849.34	1060
Iteration: 39	666	666	849.31	1102
Iteration: 40	666	680	857.67	1016
Iteration: 41	666	716	852.84	1104
Iteration: 42	666	693	853.51	1169
Iteration: 43	666	725	856.84	1006
Iteration: 44	666	727	851.06	1112
Iteration: 45	666	714	858.46	1115
Iteration: 46	666	718	852.7	1065
Iteration: 47	666	727	849.87	1019
Iteration: 48	666	666	844.69	1181
Iteration: 49	666	666	847.74	1067
Iteration: 50	666	692	844.28	1101
Iteration: 51	666	666	844.25	1089
Iteration: 52	666	693	865.37	1153
Iteration: 53	666	680	861.9	1018
Iteration: 54	666	696	853.31	1075
Iteration: 55	666	666	856.16	1123
Iteration: 56	666	745	858.32	1028
Iteration: 57	666	714	856.24	989
Iteration: 58	666	680	847.92	1130
Iteration: 59	666	722	857.1	1149
Iteration: 60	666	685	838.93	1031
Iteration: 61	666	734	847.68	1038
Iteration: 62	666	680	851.37	1219
Iteration: 63	666	678	849.08	1080
Iteration: 64	666	703	852.39	1120
Iteration: 65	666	717	848.72	1063
Iteration: 66	666	688	845.96	1117
Iteration: 67	666	678	853.56	1083
Iteration: 68	666	687	831.83	1003
Iteration: 69	666	679	850.02	1280
Iteration: 70	666	666	853.97	1107
Iteration: 71	666	692	854.69	1144
Iteration: 72	666	666	845.11	1044
Iteration: 73	666	680	844.34	1065
Iteration: 74	666	731	862.4	1089
Iteration: 75	666	706	861.91	1137
Iteration: 76	666	666	845.3	1048
Iteration: 77	666	683	848.84	1016
Iteration: 78	666	676	855.34	1318
Iteration: 79	666	678	852.16	1092
Iteration: 80	666	680	858.26	1028
Iteration: 81	666	680	853.21	1128
Iteration: 82	666	743	857.8	1231
Iteration: 83	666	699	851.62	1165
Iteration: 84	666	666	841.18	1069
Iteration: 85	666	734	859.85	1031
Iteration: 86	666	734	857.71	1142
Iteration: 87	666	666	854.56	1125
Iteration: 88	666	716	851.09	1059
Iteration: 89	666	694	856.47	1145
Iteration: 90	666	731	857.85	1105
Iteration: 91	666	710	858.85	1007
Iteration: 92	666	731	858.45	1100
Iteration: 93	666	680	852.38	1265
Iteration: 94	666	680	853.83	1065
Iteration: 95	666	666	849.06	1037
Iteration: 96	666	726	856.7	979
Iteration: 97	666	666	848.41	984
Iteration: 98	666	692	856.34	994
Iteration: 99	666	698	858.28	1081
Iteration: 100	666	705	859.58	1064
Iteration: 101	666	666	853.77	1173
Iteration: 102	666	731	848.16	1138
Iteration: 103	666	700	859.26	1123
Iteration: 104	666	723	853.12	1090
Iteration: 105	666	690	858.32	1084
Iteration: 106	666	666	858.99	1105
Iteration: 107	666	688	841.12	1081
Iteration: 108	666	690	844.13	1149
Iteration: 109	666	742	858.66	1044
Iteration: 110	666	711	858.7	1132
Iteration: 111	666	744	861.12	1036
Iteration: 112	666	690	853.13	1058
Iteration: 113	666	676	852.43	1012
Iteration: 114	666	671	860.48	1061
Iteration: 115	666	705	859.04	1063
Iteration: 116	666	671	843.1	995
Iteration: 117	666	689	855.88	1097
Iteration: 118	666	718	848.57	1079
Iteration: 119	666	727	849.89	984
Iteration: 120	666	723	863.72	1275
Iteration: 121	666	718	851.54	990
Iteration: 122	666	705	855.51	1049
Iteration: 123	666	675	838.23	1060
Iteration: 124	666	696	856.9	1041
Iteration: 125	666	675	843.74	1149
Iteration: 126	666	680	852.38	1087
Iteration: 127	666	736	846.66	1043
Iteration: 128	666	676	849.32	1188
Iteration: 129	666	697	849.95	1000
Iteration: 130	666	714	852.82	1122
Iteration: 131	666	727	845.84	1029
Iteration: 132	666	736	855.27	1039
Iteration: 133	666	678	845.5	1240
Iteration: 134	666	681	846.47	1057
Iteration: 135	666	667	857	1141
Iteration: 136	666	734	852.77	1221
Iteration: 137	666	741	854.26	1096
Iteration: 138	666	675	853.62	1057
Iteration: 139	666	718	847.52	1159
Iteration: 140	666	693	846.05	1059
Iteration: 141	666	713	857.49	1067
Iteration: 142	666	727	847.85	1072
Iteration: 143	666	699	856.59	1056
Iteration: 144	666	725	856.64	1173
Iteration: 145	666	720	855.03	1081
Iteration: 146	666	666	847.78	1037
Iteration: 147	666	732	847.31	1034
Iteration: 148	666	726	858.67	1100
Iteration: 149	666	716	850.68	1055
Iteration: 150	666	727	850.76	1029
Iteration: 151	666	711	847.58	1219
Iteration: 152	666	729	855.76	1144
Iteration: 153	666	690	839.18	998
Iteration: 154	666	710	866.92	1086
Iteration: 155	666	697	849.03	1081
Iteration: 156	666	735	861.99	1071
Iteration: 157	666	689	843.99	1080
Iteration: 158	666	718	854.95	1114
Iteration: 159	666	705	847.11	1040
Iteration: 160	666	735	858.41	1219
Iteration: 161	666	715	849.74	1103
Iteration: 162	666	691	852.52	1110
Iteration: 163	666	729	860.71	1014
Iteration: 164	666	731	861.86	1205
Iteration: 165	666	694	851.35	1036
Iteration: 166	666	678	848.44	1027
Iteration: 167	666	705	864.04	1032
Iteration: 168	666	687	866.59	1148
Iteration: 169	666	696	848.75	1089
Iteration: 170	666	680	847.73	1247
Iteration: 171	666	712	858.01	1213
Iteration: 172	666	666	855.05	1065
Iteration: 173	666	727	852.33	1051
Iteration: 174	666	724	852.56	1034
Iteration: 175	666	722	856.55	1077
Iteration: 176	666	705	850.01	1198
Iteration: 177	666	731	849.37	1042
Iteration: 178	666	689	845.14	1022
Iteration: 179	666	687	843.4	979
Iteration: 180	666	677	856.88	1134
Iteration: 181	666	714	855.4	1078
Iteration: 182	666	695	842.22	1019
Iteration: 183	666	704	841.78	1173
Iteration: 184	666	678	859.79	1111
Iteration: 185	666	730	847.27	1160
Iteration: 186	666	726	853.78	1079
Iteration: 187	666	699	861.86	1241
Iteration: 188	666	666	855.76	1128
Iteration: 189	666	666	853.51	1045
Iteration: 190	666	668	852.63	1018
Iteration: 191	666	731	844.23	1100
Iteration: 192	666	716	845.04	1052
Iteration: 193	666	731	848.53	1107
Iteration: 194	666	718	856.63	1114
Iteration: 195	666	696	841.57	1038
Iteration: 196	666	706	846.3	1136
Iteration: 197	666	676	850.83	1010
Iteration: 198	666	719	847.92	1113
Iteration: 199	666	678	850.94	1040
Iteration: 200	666	692	848.7	1112
Iteration: 201	666	713	860.7	1102
Iteration: 202	666	676	856.6	1213
Iteration: 203	666	675	861.43	1102
Iteration: 204	666	718	862.67	1095
Iteration: 205	666	714	848.7	1036
Iteration: 206	666	713	847.91	1024
Iteration: 207	666	676	848.01	1060
Iteration: 208	666	707	856.91	1105
Iteration: 209	666	749	854.77	1062
Iteration: 210	666	666	855.98	1095
Iteration: 211	666	691	841.91	1052
Iteration: 212	666	666	841.18	1073
Iteration: 213	666	666	862.38	1067
Iteration: 214	666	696	859.44	1097
Iteration: 215	666	700	847.81	1093
Iteration: 216	666	727	858.66	1047
Iteration: 217	666	690	852.55	1176
Iteration: 218	666	709	855.09	1096
Iteration: 219	666	731	862.44	1231
Iteration: 220	666	718	862.4	1100
Iteration: 221	666	731	852.39	1174
Iteration: 222	666	718	851.94	1344
Iteration: 223	666	687	857.89	1267
Iteration: 224	666	666	864.39	1188
Iteration: 225	666	728	855.92	1080
Iteration: 226	666	710	847.07	1090
Iteration: 227	666	710	845.24	1062
Iteration: 228	666	678	844.83	1017
Iteration: 229	666	696	853.73	1229
Iteration: 230	666	666	860.21	1032
Iteration: 231	666	715	852.05	1202
Iteration: 232	666	720	856.37	1141
Iteration: 233	666	666	860.36	1082
Iteration: 234	666	671	842.74	1015
Iteration: 235	666	690	853.93	1068
Iteration: 236	666	734	872.06	1112
Iteration: 237	666	666	859.63	1078
Iteration: 238	666	696	847.16	1083
Iteration: 239	666	685	848.54	1036
Iteration: 240	666	718	850.87	1088
Iteration: 241	666	731	859.5	1057
Iteration: 242	666	718	856.1	1136
Iteration: 243	666	718	850.82	1096
Iteration: 244	666	727	861.35	1180
Iteration: 245	666	666	848.37	1128
Iteration: 246	666	698	859.22	1154
Iteration: 247	666	731	851.32	1126
Iteration: 248	666	666	846.49	1017
Iteration: 249	666	678	852.16	1049
Iteration: 250	666	727	843.93	1025
Iteration: 251	666	696	847.65	1161
Iteration: 252	666	730	851.29	1084
Iteration: 253	666	680	860.71	1014
Iteration: 254	666	728	855.78	1142
Iteration: 255	666	708	857.07	1041
Iteration: 256	666	666	858.07	1026
Iteration: 257	666	676	856.88	1067
Iteration: 258	666	686	855.94	1177
Iteration: 259	666	667	842.08	984
Iteration: 260	666	698	862.44	1107
Iteration: 261	666	683	856.35	1117
Iteration: 262	666	734	853.38	1029
Iteration: 263	666	675	861.58	1096
Iteration: 264	666	717	857.61	1010
Iteration: 265	666	675	852.53	1024
Iteration: 266	666	666	841.67	1052
Iteration: 267	666	721	837.9	1072
Iteration: 268	666	697	853.39	1040
Iteration: 269	666	746	854.35	1207
Iteration: 270	666	680	854.53	1146
Iteration: 271	666	708	853.79	1038
Iteration: 272	666	730	859.37	1051
Iteration: 273	666	668	855.04	1006
Iteration: 274	666	675	847.5	1105
Iteration: 275	666	666	840.28	1000
Iteration: 276	666	737	860.03	1211
Iteration: 277	666	713	855.1	1093
Iteration: 278	666	716	844.06	1085
Iteration: 279	666	692	861.38	1053
Iteration: 280	666	696	857.84	1185
Iteration: 281	666	705	860.28	1137
Iteration: 282	666	741	849.63	1097
Iteration: 283	666	714	843.03	1008
Iteration: 284	666	702	860.96	1083
Iteration: 285	666	696	844.47	979
Iteration: 286	666	679	853.52	1061
Iteration: 287	666	666	846.08	1027
Iteration: 288	666	729	860.78	1241
Iteration: 289	666	708	860.99	1248
Iteration: 290	666	690	856.17	1087
Iteration: 291	666	750	857.84	1025
Iteration: 292	666	687	853.69	1038
Iteration: 293	666	718	856.44	1148
Iteration: 294	666	676	859.39	1094
Iteration: 295	666	680	856.44	1076
Iteration: 296	666	678	850.83	1136
Iteration: 297	666	727	848.98	1078
Iteration: 298	666	698	843.73	1022
Iteration: 299	666	742	861.98	1185
