Iteration: 0	666	666	840.43	1052
Iteration: 1	666	734	876.4	1241
Iteration: 2	666	666	849.5	1127
Iteration: 3	666	692	853.11	1072
Iteration: 4	666	678	854.69	1051
Iteration: 5	666	727	852.41	1087
Iteration: 6	666	692	841.87	1035
Iteration: 7	666	706	860.45	1065
Iteration: 8	666	733	850.96	1158
Iteration: 9	666	727	846.57	1084
Iteration: 10	666	731	865.64	1066
Iteration: 11	666	675	853.34	982
Iteration: 12	666	720	851.98	1017
Iteration: 13	666	710	855.95	1227
Iteration: 14	666	718	847.51	1122
Iteration: 15	666	666	859.08	1106
Iteration: 16	666	700	848.96	1103
Iteration: 17	666	718	850.57	1164
Iteration: 18	666	742	859.56	1043
Iteration: 19	666	666	850.97	1284
Iteration: 20	666	707	837.95	987
Iteration: 21	666	693	849.35	981
Iteration: 22	666	719	842.78	1117
Iteration: 23	666	710	858.47	1071
Iteration: 24	666	693	853.13	1037
Iteration: 25	666	751	856.29	1065
Iteration: 26	666	690	857.29	1139
Iteration: 27	666	718	856.97	1130
Iteration: 28	666	681	847.59	1019
Iteration: 29	666	702	863.23	1170
Iteration: 30	666	675	855.46	1103
Iteration: 31	666	675	845.99	1028
Iteration: 32	666	718	859.48	1191
Iteration: 33	666	713	857.14	1042
Iteration: 34	666	666	853.27	1119
Iteration: 35	666	667	847.7	1044
Iteration: 36	666	735	855.42	1047
Iteration: 37	666	718	853.54	997
Iteration: 38	666	675	856.71	1150
Iteration: 39	666	666	853.71	1143
Iteration: 40	666	712	853.72	1063
Iteration: 41	666	698	849.96	995
Iteration: 42	666	696	845.39	995
Iteration: 43	666	703	853.4	1150
Iteration: 44	666	723	859.18	1028
Iteration: 45	666	675	856.7	1022
Iteration: 46	666	705	848.39	1047
Iteration: 47	666	704	868.37	1118
Iteration: 48	666	666	861.86	1201
Iteration: 49	666	678	852.6	1038
Iteration: 50	666	715	858.26	1197
Iteration: 51	666	720	857.29	1066
Iteration: 52	666	716	849.26	1019
Iteration: 53	666	714	858.15	1149
Iteration: 54	666	666	864.77	1217
Iteration: 55	666	687	856.94	1154
Iteration: 56	666	678	849.65	1024
Iteration: 57	666	697	859.52	1177
Iteration: 58	666	675	865.05	1034
Iteration: 59	666	705	855.22	1104
Iteration: 60	666	693	846.53	1087
Iteration: 61	666	682	868.68	1174
Iteration: 62	666	743	860.91	1118
Iteration: 63	666	709	847.3	1130
Iteration: 64	666	666	834.13	1030
Iteration: 65	666	689	845.67	1002
Iteration: 66	666	731	856.77	1158
Iteration: 67	666	721	850.72	1029
Iteration: 68	666	690	846.69	1078
Iteration: 69	666	693	854.37	1078
Iteration: 70	666	718	844.84	1057
Iteration: 71	666	755	861.12	1052
Iteration: 72	666	740	861.63	1232
Iteration: 73	666	698	852.28	1145
Iteration: 74	666	734	860.66	1129
Iteration: 75	666	723	852.68	1018
Iteration: 76	666	733	849.13	1138
Iteration: 77	666	676	842.46	1052
Iteration: 78	666	731	859.85	1123
Iteration: 79	666	724	857.38	1057
Iteration: 80	666	676	841.58	1007
Iteration: 81	666	714	852.48	1130
Iteration: 82	666	745	859.8	1107
Iteration: 83	666	734	843.2	1067
Iteration: 84	666	666	856.01	1025
Iteration: 85	666	693	840.62	964
Iteration: 86	666	697	853.53	1034
Iteration: 87	666	671	848.83	1034
Iteration: 88	666	697	858.41	1179
Iteration: 89	666	720	864.62	1152
Iteration: 90	666	727	842.46	1043
Iteration: 91	666	682	858.5	1028
Iteration: 92	666	667	850.63	1036
Iteration: 93	666	732	859.84	1109
Iteration: 94	666	689	856.29	1219
Iteration: 95	666	736	845.98	1053
Iteration: 96	666	706	853.31	1036
Iteration: 97	666	701	846.66	993
Iteration: 98	666	666	849.73	1070
Iteration: 99	666	678	864.92	1113
Iteration: 100	666	706	859.24	1074
Iteration: 101	666	706	848.32	1099
Iteration: 102	666	666	850.21	1215
Iteration: 103	666	743	867.07	1185
Iteration: 104	666	730	851.49	1114
Iteration: 105	666	693	855.18	1083
Iteration: 106	666	676	856.7	1026
Iteration: 107	666	688	861.68	1195
Iteration: 108	666	666	851.82	1142
Iteration: 109	666	695	859.75	1143
Iteration: 110	666	719	851.17	1065
Iteration: 111	666	678	858.66	1176
Iteration: 112	666	666	852.91	1104
Iteration: 113	666	678	846.98	1127
Iteration: 114	666	675	856.99	1015
Iteration: 115	666	727	847.47	1018
Iteration: 116	666	735	863.38	1181
Iteration: 117	666	678	848.34	1025
Iteration: 118	666	666	851.92	1034
Iteration: 119	666	703	850.68	1110
Iteration: 120	666	700	852.33	1158
Iteration: 121	666	692	847.74	1052
Iteration: 122	666	675	857.08	1146
Iteration: 123	666	699	860.29	1084
Iteration: 124	666	728	847.63	1130
Iteration: 125	666	666	854.57	1135
Iteration: 126	666	667	859.64	1161
Iteration: 127	666	681	836.16	1010
Iteration: 128	666	666	846.27	1099
Iteration: 129	666	727	843.55	1105
Iteration: 130	666	720	862.99	1139
Iteration: 131	666	698	855.87	1050
Iteration: 132	666	734	851.04	1115
Iteration: 133	666	737	860.54	1104
Iteration: 134	666	666	856.03	1101
Iteration: 135	666	721	853.07	1100
Iteration: 136	666	744	863.22	1158
Iteration: 137	666	666	845.07	1059
Iteration: 138	666	698	848.63	1064
Iteration: 139	666	718	848.23	1000
Iteration: 140	666	710	854.09	1099
Iteration: 141	666	724	856.07	1079
Iteration: 142	666	675	847	1064
Iteration: 143	666	705	857.27	1088
Iteration: 144	666	703	853.91	1070
Iteration: 145	666	731	852.23	1163
Iteration: 146	666	676	846.21	1029
Iteration: 147	666	734	862.2	1226
Iteration: 148	666	706	863.29	1090
Iteration: 149	666	667	860.41	1050
Iteration: 150	666	716	849.43	1078
Iteration: 151	666	734	857.07	1065
Iteration: 152	666	706	843.75	1079
Iteration: 153	666	666	856.05	1059
Iteration: 154	666	717	852.14	1062
Iteration: 155	666	706	849.47	994
Iteration: 156	666	718	854.45	1005
Iteration: 157	666	698	853.12	1119
Iteration: 158	666	699	857.22	1157
Iteration: 159	666	666	844.62	1090
Iteration: 160	666	678	852.4	1026
Iteration: 161	666	734	861.39	1136
Iteration: 162	666	716	856.12	1079
Iteration: 163	666	734	847.87	1006
Iteration: 164	666	736	847.99	972
Iteration: 165	666	696	854.55	1170
Iteration: 166	666	706	854.73	1236
Iteration: 167	666	690	837.42	1020
Iteration: 168	666	730	861.34	1212
Iteration: 169	666	675	861.23	1048
Iteration: 170	666	685	853.57	1119
Iteration: 171	666	730	849.62	1136
Iteration: 172	666	734	862.66	1130
Iteration: 173	666	755	877.7	1178
Iteration: 174	666	687	849.57	1084
Iteration: 175	666	734	846.85	1046
Iteration: 176	666	695	849.35	978
Iteration: 177	666	678	861.8	1097
Iteration: 178	666	695	848.12	1080
Iteration: 179	666	666	851.32	1078
Iteration: 180	666	732	861.87	1085
Iteration: 181	666	727	850.68	1029
Iteration: 182	666	724	856.94	1111
Iteration: 183	666	708	861.25	1245
Iteration: 184	666	678	852.66	1106
Iteration: 185	666	676	861.66	1135
Iteration: 186	666	710	861.71	1155
Iteration: 187	666	693	862.06	1307
Iteration: 188	666	733	862.58	1103
Iteration: 189	666	666	855.33	1114
Iteration: 190	666	666	863.72	1058
Iteration: 191	666	689	855.55	1068
Iteration: 192	666	708	849.01	1037
Iteration: 193	666	666	866.76	1056
Iteration: 194	666	691	842.03	1243
Iteration: 195	666	686	864.22	1077
Iteration: 196	666	727	868.48	1173
Iteration: 197	666	702	851.81	1052
Iteration: 198	666	689	842.47	1020
Iteration: 199	666	729	854.81	1259
Iteration: 200	666	694	860.35	1070
Iteration: 201	666	682	844.81	975
Iteration: 202	666	706	850.86	1040
Iteration: 203	666	680	864.41	1126
Iteration: 204	666	696	852.05	1253
Iteration: 205	666	666	841.83	1067
Iteration: 206	666	684	856.91	1101
Iteration: 207	666	666	846.97	1085
Iteration: 208	666	710	843.03	1028
Iteration: 209	666	703	863.14	1158
Iteration: 210	666	725	852.12	1314
Iteration: 211	666	666	846.2	1028
Iteration: 212	666	735	850.33	1089
Iteration: 213	666	668	840.49	1029
Iteration: 214	666	679	842.96	1017
Iteration: 215	666	718	842.5	1145
Iteration: 216	666	759	862.41	1127
Iteration: 217	666	667	857.67	1109
Iteration: 218	666	687	858.86	1071
Iteration: 219	666	710	863.05	1104
Iteration: 220	666	755	869.61	1096
Iteration: 221	666	732	851.59	1013
Iteration: 222	666	727	850.45	1108
Iteration: 223	666	687	839.18	1017
Iteration: 224	666	732	862.18	1179
Iteration: 225	666	726	852.73	1108
Iteration: 226	666	692	848.97	1036
Iteration: 227	666	682	848.1	1046
Iteration: 228	666	722	853.12	1073
Iteration: 229	666	675	853.38	1044
Iteration: 230	666	678	852.79	1092
Iteration: 231	666	682	845.73	1105
Iteration: 232	666	698	846.68	1058
Iteration: 233	666	714	854.15	1066
Iteration: 234	666	706	849.47	1130
Iteration: 235	666	717	859.5	1122
Iteration: 236	666	685	849.46	1016
Iteration: 237	666	708	852.4	967
Iteration: 238	666	734	864.34	1215
Iteration: 239	666	727	863.47	1154
Iteration: 240	666	666	854.13	1060
Iteration: 241	666	678	852.21	1118
Iteration: 242	666	675	845.66	1080
Iteration: 243	666	716	857.07	1046
Iteration: 244	666	688	859.4	1005
Iteration: 245	666	753	858.41	1129
Iteration: 246	666	687	845.45	1097
Iteration: 247	666	678	850.13	1242
Iteration: 248	666	676	852.11	1126
Iteration: 249	666	715	866.31	1123
Iteration: 250	666	696	850.21	1002
Iteration: 251	666	690	869.67	1167
Iteration: 252	666	680	853.15	1136
Iteration: 253	666	700	852.87	1027
Iteration: 254	666	666	863.66	1270
Iteration: 255	666	734	856.02	1096
Iteration: 256	666	698	860.02	1091
Iteration: 257	666	729	858.84	1176
Iteration: 258	666	687	857.67	1089
Iteration: 259	666	678	847.51	1160
Iteration: 260	666	746	849.54	1173
Iteration: 261	666	731	867.89	1065
Iteration: 262	666	696	848.17	992
Iteration: 263	666	714	864.3	1105
Iteration: 264	666	687	848.75	1048
Iteration: 265	666	727	845.73	1050
Iteration: 266	666	675	841.86	1018
Iteration: 267	666	727	854.15	1013
Iteration: 268	666	684	842.7	1144
Iteration: 269	666	682	850.15	1141
Iteration: 270	666	718	857.42	1094
Iteration: 271	666	666	856.83	1049
Iteration: 272	666	726	863.27	1046
Iteration: 273	666	675	843.8	1036
Iteration: 274	666	727	859.9	1104
Iteration: 275	666	717	853.36	1055
Iteration: 276	666	666	847.92	1052
Iteration: 277	666	715	855.4	1107
Iteration: 278	666	687	859.31	1108
Iteration: 279	666	699	855.96	1235
Iteration: 280	666	733	850.33	981
Iteration: 281	666	666	851.49	1101
Iteration: 282	666	711	848.03	1137
Iteration: 283	666	667	848.52	975
Iteration: 284	666	729	845.25	1027
Iteration: 285	666	694	854.4	1176
Iteration: 286	666	757	852.52	1198
Iteration: 287	666	678	850.38	1079
Iteration: 288	666	746	855.25	1025
Iteration: 289	666	727	856.87	1006
Iteration: 290	666	666	851.39	1007
Iteration: 291	666	696	855.13	1030
Iteration: 292	666	698	862.07	1154
Iteration: 293	666	718	865.03	1114
Iteration: 294	666	678	846.82	1081
Iteration: 295	666	699	854.16	1089
Iteration: 296	666	675	841.47	1012
Iteration: 297	666	714	857.22	1165
Iteration: 298	666	734	860.45	1091
Iteration: 299	666	690	855.67	1277
