Iteration: 0	1595	1595	1799.57	2285
Iteration: 1	1545	1545	1780.92	2284
Iteration: 2	1489	1489	1777.13	2328
Iteration: 3	1489	1592	1808.61	2140
Iteration: 4	1489	1524	1838.07	2403
Iteration: 5	1479	1479	1789.06	2339
Iteration: 6	1479	1509	1804.54	2340
Iteration: 7	1479	1535	1786.83	2290
Iteration: 8	1448	1448	1787.44	2372
Iteration: 9	1448	1585	1840.71	2475
Iteration: 10	1448	1503	1769.59	2075
Iteration: 11	1448	1520	1772.44	2150
Iteration: 12	1448	1513	1790.49	2324
Iteration: 13	1448	1515	1778	2248
Iteration: 14	1448	1520	1757.87	2270
Iteration: 15	1448	1507	1760.95	2228
Iteration: 16	1448	1516	1766.28	2160
Iteration: 17	1448	1514	1752.34	2204
Iteration: 18	1448	1549	1790.08	2257
Iteration: 19	1448	1532	1763.5	2276
Iteration: 20	1448	1560	1772.75	2120
Iteration: 21	1448	1495	1746.1	2308
Iteration: 22	1448	1531	1781.41	2344
Iteration: 23	1443	1443	1761.31	2513
Iteration: 24	1443	1514	1758.86	2272
Iteration: 25	1443	1488	1759.93	2249
Iteration: 26	1443	1492	1803.83	2263
Iteration: 27	1443	1541	1784.19	2107
Iteration: 28	1443	1587	1801.12	2115
Iteration: 29	1443	1501	1777.36	2183
Iteration: 30	1443	1490	1778.88	2494
Iteration: 31	1443	1513	1768.66	2122
Iteration: 32	1443	1566	1780.03	2375
Iteration: 33	1443	1482	1749.52	2323
Iteration: 34	1429	1429	1781.65	2178
Iteration: 35	1429	1457	1780.62	2198
Iteration: 36	1429	1540	1755.11	2353
Iteration: 37	1429	1504	1763.77	2188
Iteration: 38	1429	1544	1762.1	2229
Iteration: 39	1429	1562	1749.41	2258
Iteration: 40	1429	1480	1762.08	2140
Iteration: 41	1429	1525	1778.27	2170
Iteration: 42	1429	1555	1763.36	2175
Iteration: 43	1429	1567	1779.27	2348
Iteration: 44	1429	1497	1779.61	2309
Iteration: 45	1429	1535	1779.94	2305
Iteration: 46	1429	1505	1769.44	2428
Iteration: 47	1429	1506	1784.06	2320
Iteration: 48	1429	1510	1792.29	2237
Iteration: 49	1429	1539	1758.86	2148
Iteration: 50	1429	1469	1765.96	2139
Iteration: 51	1429	1494	1766.97	2414
Iteration: 52	1429	1467	1758.57	2144
Iteration: 53	1429	1497	1770.34	2178
Iteration: 54	1429	1495	1783.29	2313
Iteration: 55	1429	1488	1774.37	2275
Iteration: 56	1429	1534	1766.89	2218
Iteration: 57	1429	1527	1774.63	2254
Iteration: 58	1429	1497	1746.81	2278
Iteration: 59	1429	1594	1791.26	2346
Iteration: 60	1429	1457	1777.66	2312
Iteration: 61	1429	1514	1792.5	2178
Iteration: 62	1429	1482	1778.34	2264
Iteration: 63	1429	1476	1744.46	2046
Iteration: 64	1429	1533	1765.53	2229
Iteration: 65	1429	1546	1758.26	2252
Iteration: 66	1429	1544	1779.31	2133
Iteration: 67	1429	1550	1775.97	2165
Iteration: 68	1429	1527	1771.5	2195
Iteration: 69	1429	1511	1758.33	2202
Iteration: 70	1429	1493	1774.23	2304
Iteration: 71	1429	1547	1750.32	2357
Iteration: 72	1429	1528	1794.91	2438
Iteration: 73	1429	1517	1791.84	2244
Iteration: 74	1429	1503	1761.56	2281
Iteration: 75	1429	1502	1763.67	2181
Iteration: 76	1429	1481	1762.57	2180
Iteration: 77	1429	1544	1774.03	2310
Iteration: 78	1429	1523	1757.49	2171
Iteration: 79	1429	1474	1776.73	2221
Iteration: 80	1429	1501	1754.62	2259
Iteration: 81	1429	1473	1771.63	2132
Iteration: 82	1429	1516	1789.79	2522
Iteration: 83	1429	1545	1750.93	2239
Iteration: 84	1429	1498	1750.3	2067
Iteration: 85	1429	1536	1806.92	2346
Iteration: 86	1429	1476	1761.79	2287
Iteration: 87	1429	1528	1793.73	2568
Iteration: 88	1429	1536	1767.08	2290
Iteration: 89	1429	1540	1767.08	2227
Iteration: 90	1429	1486	1737.79	2095
Iteration: 91	1429	1453	1754.77	2279
Iteration: 92	1429	1537	1790.47	2366
Iteration: 93	1429	1566	1783.96	2183
Iteration: 94	1429	1542	1769.05	2325
Iteration: 95	1429	1523	1773.46	2225
Iteration: 96	1429	1539	1754.62	2193
Iteration: 97	1429	1522	1762.13	2487
Iteration: 98	1429	1538	1777.12	2218
Iteration: 99	1429	1485	1757.46	2195
Iteration: 100	1429	1525	1761	2154
Iteration: 101	1429	1530	1767.88	2364
Iteration: 102	1429	1525	1771.65	2267
Iteration: 103	1429	1563	1768.81	2203
Iteration: 104	1429	1538	1765.66	2293
Iteration: 105	1429	1475	1745.76	2188
Iteration: 106	1429	1549	1769.09	2377
Iteration: 107	1429	1487	1763.81	2285
Iteration: 108	1429	1499	1764.59	2138
Iteration: 109	1429	1506	1787.49	2428
Iteration: 110	1429	1483	1772.59	2230
Iteration: 111	1429	1471	1776.89	2289
Iteration: 112	1429	1473	1780.59	2424
Iteration: 113	1429	1472	1760.3	2165
Iteration: 114	1429	1497	1763.86	2230
Iteration: 115	1429	1554	1767.34	2309
Iteration: 116	1429	1451	1746.34	2260
Iteration: 117	1429	1529	1766.44	2281
Iteration: 118	1429	1581	1756.49	2038
Iteration: 119	1429	1475	1756.42	2238
Iteration: 120	1429	1456	1752.95	2083
Iteration: 121	1429	1528	1756.6	2097
Iteration: 122	1429	1535	1775.72	2305
Iteration: 123	1429	1510	1781.75	2370
Iteration: 124	1429	1481	1749.63	2091
Iteration: 125	1429	1504	1758.11	2247
Iteration: 126	1429	1513	1732.44	2187
Iteration: 127	1429	1566	1771.71	2175
Iteration: 128	1429	1554	1776.22	2168
Iteration: 129	1429	1571	1758.7	2171
Iteration: 130	1429	1494	1766.19	2296
Iteration: 131	1429	1558	1761.35	2216
Iteration: 132	1429	1511	1762.66	2383
Iteration: 133	1429	1496	1800.63	2277
Iteration: 134	1429	1530	1773.32	2183
Iteration: 135	1429	1525	1747.16	2142
Iteration: 136	1429	1517	1775.48	2242
Iteration: 137	1429	1494	1761.12	2158
Iteration: 138	1429	1515	1770.42	2280
Iteration: 139	1429	1495	1771.88	2260
Iteration: 140	1429	1528	1771.29	2136
Iteration: 141	1429	1504	1758.44	2067
Iteration: 142	1429	1521	1773.75	2274
Iteration: 143	1429	1502	1770.19	2314
Iteration: 144	1429	1508	1768.78	2353
Iteration: 145	1429	1502	1763.92	2233
Iteration: 146	1429	1530	1774.38	2175
Iteration: 147	1429	1467	1757.97	2254
Iteration: 148	1429	1505	1761.66	2204
Iteration: 149	1429	1472	1747.7	2072
Iteration: 150	1429	1551	1774.57	2417
Iteration: 151	1429	1526	1768.32	2177
Iteration: 152	1429	1489	1754.65	2207
Iteration: 153	1429	1522	1779.02	2200
Iteration: 154	1429	1506	1798.72	2371
Iteration: 155	1429	1458	1765.85	2314
Iteration: 156	1429	1522	1783.42	2469
Iteration: 157	1429	1511	1762.08	2361
Iteration: 158	1429	1538	1758.24	2250
Iteration: 159	1418	1418	1784.14	2415
Iteration: 160	1418	1550	1777.85	2173
Iteration: 161	1418	1484	1773.84	2229
Iteration: 162	1418	1553	1754.34	2122
Iteration: 163	1418	1470	1788.69	2184
Iteration: 164	1418	1570	1755.93	2358
Iteration: 165	1418	1577	1768.02	2163
Iteration: 166	1418	1543	1784.74	2335
Iteration: 167	1418	1498	1779.4	2239
Iteration: 168	1418	1514	1759.38	2461
Iteration: 169	1418	1551	1781.77	2373
Iteration: 170	1418	1526	1765.13	2159
Iteration: 171	1418	1545	1776.72	2127
Iteration: 172	1418	1524	1764.84	2263
Iteration: 173	1418	1471	1763.71	2174
Iteration: 174	1418	1518	1775.85	2186
Iteration: 175	1418	1553	1780	2133
Iteration: 176	1418	1459	1749.14	2276
Iteration: 177	1418	1514	1763.63	2356
Iteration: 178	1418	1454	1752.29	2144
Iteration: 179	1418	1483	1762.09	2127
Iteration: 180	1418	1541	1805.33	2536
Iteration: 181	1418	1474	1765.01	2313
Iteration: 182	1418	1538	1779.49	2330
Iteration: 183	1418	1538	1765.6	2209
Iteration: 184	1418	1562	1772.26	2136
Iteration: 185	1418	1526	1744.06	2141
Iteration: 186	1418	1545	1774.93	2307
Iteration: 187	1418	1530	1778.84	2452
Iteration: 188	1418	1547	1778.72	2205
Iteration: 189	1418	1481	1753.74	2169
Iteration: 190	1418	1493	1760.4	2079
Iteration: 191	1418	1515	1762.32	2130
Iteration: 192	1418	1511	1755.62	2103
Iteration: 193	1418	1486	1776.86	2274
Iteration: 194	1418	1529	1777.89	2819
Iteration: 195	1418	1554	1766.49	2285
Iteration: 196	1418	1519	1752.2	2296
Iteration: 197	1418	1521	1757.77	2146
Iteration: 198	1418	1559	1756.25	2174
Iteration: 199	1418	1511	1773.11	2320
Iteration: 200	1418	1507	1740.62	2050
Iteration: 201	1418	1495	1800.64	2265
Iteration: 202	1418	1532	1759.51	2687
Iteration: 203	1418	1508	1765.66	2393
Iteration: 204	1418	1503	1783.97	2294
Iteration: 205	1418	1586	1777.32	2231
Iteration: 206	1418	1462	1784.85	2313
Iteration: 207	1418	1485	1764.23	2232
Iteration: 208	1418	1545	1778.13	2200
Iteration: 209	1418	1537	1792.01	2393
Iteration: 210	1418	1542	1769.87	2144
Iteration: 211	1418	1532	1776.07	2177
Iteration: 212	1418	1609	1778.63	2356
Iteration: 213	1418	1463	1771.08	2209
Iteration: 214	1418	1472	1763.05	2109
Iteration: 215	1418	1559	1772.69	2229
Iteration: 216	1418	1527	1768.82	2210
Iteration: 217	1418	1467	1767.88	2276
Iteration: 218	1418	1558	1802.84	2289
Iteration: 219	1418	1461	1790.21	2293
Iteration: 220	1418	1516	1760.81	2182
Iteration: 221	1418	1514	1790.7	2245
Iteration: 222	1418	1555	1808.77	2311
Iteration: 223	1418	1532	1737.9	2152
Iteration: 224	1418	1466	1765.46	2483
Iteration: 225	1418	1543	1770.21	2161
Iteration: 226	1418	1480	1760.19	2198
Iteration: 227	1418	1520	1757.94	2287
Iteration: 228	1418	1487	1739.45	2094
Iteration: 229	1418	1521	1761.58	2211
Iteration: 230	1418	1551	1775.31	2327
Iteration: 231	1418	1506	1778.02	2221
Iteration: 232	1418	1519	1782.55	2295
Iteration: 233	1418	1547	1760.86	2264
Iteration: 234	1418	1531	1760.58	2127
Iteration: 235	1418	1555	1769.09	2377
Iteration: 236	1418	1487	1784.65	2226
Iteration: 237	1418	1533	1782.3	2362
Iteration: 238	1418	1538	1760.37	2248
Iteration: 239	1418	1478	1757.16	2208
Iteration: 240	1418	1557	1757.91	2242
Iteration: 241	1418	1532	1776.98	2079
Iteration: 242	1418	1515	1747.35	2347
Iteration: 243	1418	1517	1781.4	2092
Iteration: 244	1418	1547	1757.75	2383
Iteration: 245	1418	1504	1765.34	2152
Iteration: 246	1418	1563	1777.51	2262
Iteration: 247	1418	1531	1765.86	2291
Iteration: 248	1418	1564	1752.43	2186
Iteration: 249	1418	1548	1779.94	2241
Iteration: 250	1418	1519	1755.35	2250
Iteration: 251	1418	1453	1758.19	2372
Iteration: 252	1418	1529	1777.45	2281
Iteration: 253	1418	1545	1798.86	2343
Iteration: 254	1418	1537	1751.34	2258
Iteration: 255	1418	1558	1772.31	2232
Iteration: 256	1418	1530	1781.63	2143
Iteration: 257	1418	1533	1767.94	2227
Iteration: 258	1418	1502	1772.74	2299
Iteration: 259	1418	1560	1744.36	2167
Iteration: 260	1418	1537	1775.83	2256
Iteration: 261	1418	1504	1757.8	2510
Iteration: 262	1418	1492	1768.47	2528
Iteration: 263	1418	1523	1776.09	2306
Iteration: 264	1418	1505	1760.03	2268
Iteration: 265	1418	1469	1770.64	2197
Iteration: 266	1418	1547	1773.09	2255
Iteration: 267	1418	1511	1777.81	2236
Iteration: 268	1418	1475	1768.12	2381
Iteration: 269	1418	1535	1768.73	2180
Iteration: 270	1418	1546	1775.24	2120
Iteration: 271	1418	1509	1772.65	2222
Iteration: 272	1418	1482	1750.68	2516
Iteration: 273	1418	1560	1762.47	2212
Iteration: 274	1418	1565	1774.1	2197
Iteration: 275	1418	1505	1783.95	2296
Iteration: 276	1418	1518	1779.95	2381
Iteration: 277	1418	1543	1776.08	2489
Iteration: 278	1418	1518	1762.87	2216
Iteration: 279	1418	1486	1791.87	2428
Iteration: 280	1418	1498	1771.12	2212
Iteration: 281	1418	1524	1749.2	2084
Iteration: 282	1418	1565	1765.25	2157
Iteration: 283	1418	1579	1785.17	2246
Iteration: 284	1418	1557	1771.71	2138
Iteration: 285	1418	1513	1766.92	2313
Iteration: 286	1418	1569	1788.81	2254
Iteration: 287	1418	1570	1770.54	2239
Iteration: 288	1418	1542	1780.59	2369
Iteration: 289	1418	1469	1782	2515
Iteration: 290	1418	1476	1766.04	2116
Iteration: 291	1418	1537	1768.31	2283
Iteration: 292	1418	1564	1788.42	2179
Iteration: 293	1418	1490	1755.11	2221
Iteration: 294	1418	1557	1802.93	2441
Iteration: 295	1418	1516	1766.56	2315
Iteration: 296	1418	1554	1786.46	2184
Iteration: 297	1418	1527	1771.24	2400
Iteration: 298	1418	1508	1765.66	2454
Iteration: 299	1418	1536	1745.12	2211
Iteration: 300	1418	1492	1790	2279
Iteration: 301	1418	1527	1789.91	2340
Iteration: 302	1418	1506	1768.28	2268
Iteration: 303	1418	1454	1769.98	2290
Iteration: 304	1418	1484	1744.3	2124
Iteration: 305	1418	1553	1794.48	2269
Iteration: 306	1418	1534	1736.41	2162
Iteration: 307	1418	1459	1747.9	2122
Iteration: 308	1418	1482	1764.48	2428
Iteration: 309	1418	1496	1770.56	2336
Iteration: 310	1418	1460	1742.82	2157
Iteration: 311	1418	1520	1767.95	2269
Iteration: 312	1418	1508	1735.79	2051
Iteration: 313	1418	1501	1752.29	2328
Iteration: 314	1418	1491	1753.28	2331
Iteration: 315	1418	1499	1750.06	2188
Iteration: 316	1418	1577	1789.26	2359
Iteration: 317	1418	1492	1779.17	2555
Iteration: 318	1418	1553	1771.25	2164
Iteration: 319	1418	1490	1779.17	2268
Iteration: 320	1418	1569	1779.64	2138
Iteration: 321	1418	1512	1771.44	2294
Iteration: 322	1418	1532	1762.6	2228
Iteration: 323	1418	1527	1753.18	2167
Iteration: 324	1418	1486	1774.23	2308
Iteration: 325	1418	1507	1773.38	2392
Iteration: 326	1418	1469	1783.33	2377
Iteration: 327	1418	1488	1747.35	2242
Iteration: 328	1418	1523	1754.7	2105
Iteration: 329	1418	1503	1755.15	2343
Iteration: 330	1418	1466	1752.35	2220
Iteration: 331	1418	1520	1769.03	2236
Iteration: 332	1418	1513	1774.03	2467
Iteration: 333	1418	1522	1769.41	2180
Iteration: 334	1418	1479	1772.03	2076
Iteration: 335	1418	1527	1764.17	2200
Iteration: 336	1418	1510	1793.99	2211
Iteration: 337	1418	1480	1762.05	2148
Iteration: 338	1418	1502	1750.55	2269
Iteration: 339	1418	1526	1755.98	2369
Iteration: 340	1418	1527	1750.75	2105
Iteration: 341	1418	1505	1753.23	2274
Iteration: 342	1418	1507	1770.42	2273
Iteration: 343	1418	1536	1777.77	2404
Iteration: 344	1418	1523	1777.4	2165
Iteration: 345	1418	1558	1786.15	2300
Iteration: 346	1418	1519	1754.29	2145
Iteration: 347	1418	1538	1751.96	2351
Iteration: 348	1418	1496	1763.51	2263
Iteration: 349	1418	1515	1760.18	2156
Iteration: 350	1418	1477	1759.83	2377
Iteration: 351	1418	1569	1755.16	2261
Iteration: 352	1418	1549	1779.84	2363
Iteration: 353	1418	1509	1777.37	2237
Iteration: 354	1418	1537	1761.77	2565
Iteration: 355	1418	1529	1798.09	2147
Iteration: 356	1418	1522	1754.73	2305
Iteration: 357	1418	1539	1770.8	2341
Iteration: 358	1418	1474	1767.8	2205
Iteration: 359	1418	1558	1784	2224
Iteration: 360	1418	1550	1754.25	2131
Iteration: 361	1418	1544	1748.96	2036
Iteration: 362	1418	1555	1775.36	2148
Iteration: 363	1418	1510	1776.71	2256
Iteration: 364	1418	1507	1766.38	2229
Iteration: 365	1418	1554	1753.32	2290
Iteration: 366	1418	1537	1745.53	2087
Iteration: 367	1418	1466	1755.56	2142
Iteration: 368	1418	1510	1758.51	2111
Iteration: 369	1418	1524	1761.64	2157
Iteration: 370	1418	1458	1771.06	2262
Iteration: 371	1418	1459	1766.64	2158
Iteration: 372	1418	1543	1783.06	2250
Iteration: 373	1418	1523	1742.44	2170
Iteration: 374	1418	1505	1778.06	2245
Iteration: 375	1418	1525	1795.32	2147
Iteration: 376	1418	1524	1772.75	2120
Iteration: 377	1418	1579	1790.43	2230
Iteration: 378	1418	1503	1768.17	2386
Iteration: 379	1418	1538	1763.4	2182
Iteration: 380	1418	1465	1785.78	2132
Iteration: 381	1418	1507	1747.7	2218
Iteration: 382	1418	1518	1774	2338
Iteration: 383	1418	1539	1760.98	2209
Iteration: 384	1418	1491	1754.49	2099
Iteration: 385	1418	1469	1770.32	2353
Iteration: 386	1418	1534	1761.26	2203
Iteration: 387	1418	1506	1751.5	2420
Iteration: 388	1418	1543	1752.31	2180
Iteration: 389	1418	1542	1782.59	2442
Iteration: 390	1409	1409	1779	2270
Iteration: 391	1409	1524	1771.69	2432
Iteration: 392	1409	1523	1771.84	2213
Iteration: 393	1409	1531	1767.51	2478
Iteration: 394	1409	1498	1746.5	2456
Iteration: 395	1409	1463	1749.51	2168
Iteration: 396	1409	1529	1766.53	2248
Iteration: 397	1409	1508	1776.65	2188
Iteration: 398	1409	1526	1766.85	2417
Iteration: 399	1409	1525	1747.32	2292
Iteration: 400	1409	1525	1780.91	2265
Iteration: 401	1409	1544	1799.03	2448
Iteration: 402	1409	1496	1782.5	2409
Iteration: 403	1409	1459	1776.14	2158
Iteration: 404	1409	1498	1760.48	2161
Iteration: 405	1409	1566	1797.5	2227
Iteration: 406	1409	1527	1752.69	2278
Iteration: 407	1409	1497	1763.49	2199
Iteration: 408	1409	1500	1762.98	2236
Iteration: 409	1409	1465	1759.82	2243
Iteration: 410	1409	1536	1791.66	2199
Iteration: 411	1409	1458	1776.9	2150
Iteration: 412	1409	1527	1780.59	2283
Iteration: 413	1409	1535	1784.74	2589
Iteration: 414	1409	1477	1748.3	2222
Iteration: 415	1409	1542	1755.12	2164
Iteration: 416	1409	1537	1774.82	2187
Iteration: 417	1409	1553	1769.65	2136
Iteration: 418	1409	1516	1762.78	2142
Iteration: 419	1409	1536	1772.65	2229
Iteration: 420	1409	1512	1751.55	2211
Iteration: 421	1409	1518	1738.71	2241
Iteration: 422	1409	1535	1761.22	2272
Iteration: 423	1409	1555	1761.04	2054
Iteration: 424	1409	1538	1791.27	2482
Iteration: 425	1409	1520	1728.06	2060
Iteration: 426	1409	1498	1752.25	2090
Iteration: 427	1409	1479	1761.83	2172
Iteration: 428	1409	1555	1734.73	2068
Iteration: 429	1409	1423	1760.07	2514
Iteration: 430	1409	1468	1779.18	2215
Iteration: 431	1409	1555	1773.83	2271
Iteration: 432	1409	1550	1791.04	2327
Iteration: 433	1409	1552	1782.44	2216
Iteration: 434	1409	1516	1773.32	2560
Iteration: 435	1409	1500	1752.05	2211
Iteration: 436	1409	1534	1738.71	2301
Iteration: 437	1409	1560	1782.01	2261
Iteration: 438	1409	1521	1778.63	2254
Iteration: 439	1409	1532	1743.06	2058
Iteration: 440	1409	1503	1767.97	2137
Iteration: 441	1409	1513	1759.15	2213
Iteration: 442	1409	1535	1773.11	2218
Iteration: 443	1409	1505	1787.71	2274
Iteration: 444	1409	1531	1744.48	2181
Iteration: 445	1409	1551	1784.44	2285
Iteration: 446	1409	1524	1787.93	2279
Iteration: 447	1409	1536	1762.27	2281
Iteration: 448	1409	1531	1758.39	2206
Iteration: 449	1409	1496	1753.85	2176
Iteration: 450	1409	1515	1798.44	2188
Iteration: 451	1409	1529	1756.7	2140
Iteration: 452	1409	1519	1757.93	2110
Iteration: 453	1409	1484	1759.64	2214
Iteration: 454	1409	1538	1758.04	2277
Iteration: 455	1409	1464	1774.46	2380
Iteration: 456	1409	1452	1755.8	2340
Iteration: 457	1409	1536	1801.23	2325
Iteration: 458	1409	1502	1779.51	2337
Iteration: 459	1409	1530	1744.78	2064
Iteration: 460	1409	1509	1759.71	2077
Iteration: 461	1409	1556	1764.38	2210
Iteration: 462	1409	1565	1788.75	2253
Iteration: 463	1409	1529	1756.61	2205
Iteration: 464	1409	1467	1771.51	2327
Iteration: 465	1409	1522	1763.95	2279
Iteration: 466	1409	1488	1749.11	2033
Iteration: 467	1409	1513	1779.58	2394
Iteration: 468	1409	1557	1796.53	2351
Iteration: 469	1409	1577	1756.6	2133
Iteration: 470	1409	1503	1762.45	2240
Iteration: 471	1409	1508	1773.85	2346
Iteration: 472	1409	1502	1791.69	2321
Iteration: 473	1409	1538	1783.48	2270
Iteration: 474	1409	1525	1759.4	2073
Iteration: 475	1409	1578	1761.98	2292
Iteration: 476	1409	1503	1759.62	2285
Iteration: 477	1409	1532	1761.6	2224
Iteration: 478	1409	1542	1764.04	2260
Iteration: 479	1409	1504	1789.6	2389
Iteration: 480	1409	1518	1762.26	2171
Iteration: 481	1409	1512	1753.76	2292
Iteration: 482	1409	1535	1731.09	2207
Iteration: 483	1409	1545	1758.21	2258
Iteration: 484	1409	1522	1774.38	2346
Iteration: 485	1409	1539	1767.7	2219
Iteration: 486	1409	1471	1757.89	2146
Iteration: 487	1409	1546	1770.97	2200
Iteration: 488	1409	1481	1759	2330
Iteration: 489	1409	1510	1754.35	2314
Iteration: 490	1409	1530	1780.33	2406
Iteration: 491	1409	1511	1747.86	2209
Iteration: 492	1409	1537	1764.89	2336
Iteration: 493	1409	1547	1777.03	2150
Iteration: 494	1409	1488	1790.54	2298
Iteration: 495	1409	1542	1764.52	2298
Iteration: 496	1409	1520	1771.64	2245
Iteration: 497	1409	1496	1757.72	2230
Iteration: 498	1409	1461	1761.44	2268
Iteration: 499	1409	1513	1763.89	2154
