Iteration: 0	1560	1560	1751.82	2095
Iteration: 1	1486	1486	1735.22	2125
Iteration: 2	1486	1524	1762.29	2320
Iteration: 3	1486	1510	1778.35	2202
Iteration: 4	1486	1538	1774.28	2227
Iteration: 5	1486	1517	1780.22	2155
Iteration: 6	1485	1485	1796.98	2273
Iteration: 7	1485	1573	1805.84	2279
Iteration: 8	1485	1586	1787.54	2474
Iteration: 9	1485	1541	1804.2	2191
Iteration: 10	1485	1510	1790.98	2527
Iteration: 11	1485	1492	1772.79	2240
Iteration: 12	1485	1495	1775.2	2418
Iteration: 13	1485	1518	1775.78	2231
Iteration: 14	1485	1553	1779.46	2127
Iteration: 15	1485	1521	1770.37	2227
Iteration: 16	1485	1508	1789.63	2274
Iteration: 17	1485	1525	1765.58	2380
Iteration: 18	1485	1529	1776.19	2305
Iteration: 19	1456	1456	1774.9	2295
Iteration: 20	1456	1506	1775.94	2290
Iteration: 21	1456	1549	1770.46	2190
Iteration: 22	1456	1554	1758.46	2176
Iteration: 23	1456	1526	1799.6	2242
Iteration: 24	1456	1548	1756.04	2113
Iteration: 25	1456	1505	1754.83	2421
Iteration: 26	1456	1558	1785.1	2163
Iteration: 27	1456	1546	1751.25	2227
Iteration: 28	1456	1545	1797.29	2514
Iteration: 29	1456	1527	1795.45	2334
Iteration: 30	1456	1534	1777.39	2109
Iteration: 31	1456	1544	1811.94	2279
Iteration: 32	1456	1536	1760.59	2258
Iteration: 33	1456	1528	1762.76	2207
Iteration: 34	1456	1515	1765.17	2178
Iteration: 35	1456	1488	1743.04	2294
Iteration: 36	1456	1520	1765.47	2451
Iteration: 37	1456	1543	1750.27	2281
Iteration: 38	1456	1476	1752.54	2192
Iteration: 39	1456	1493	1779.75	2349
Iteration: 40	1456	1507	1751.4	2158
Iteration: 41	1456	1554	1772.18	2257
Iteration: 42	1456	1534	1749.59	2166
Iteration: 43	1456	1500	1752.93	2323
Iteration: 44	1456	1495	1770.94	2273
Iteration: 45	1456	1512	1774.2	2221
Iteration: 46	1456	1512	1763.09	2214
Iteration: 47	1456	1553	1781.66	2232
Iteration: 48	1456	1464	1751.55	2353
Iteration: 49	1456	1549	1786.07	2223
Iteration: 50	1456	1549	1783.26	2291
Iteration: 51	1456	1522	1783.84	2189
Iteration: 52	1456	1514	1772.07	2095
Iteration: 53	1456	1514	1769.48	2161
Iteration: 54	1456	1503	1768.7	2256
Iteration: 55	1456	1518	1777.97	2411
Iteration: 56	1456	1502	1760.74	2236
Iteration: 57	1456	1530	1744.45	2064
Iteration: 58	1456	1519	1780.8	2486
Iteration: 59	1456	1473	1755.09	2029
Iteration: 60	1456	1533	1766.11	2758
Iteration: 61	1454	1454	1763.19	2298
Iteration: 62	1454	1530	1757.51	2230
Iteration: 63	1454	1565	1792.05	2276
Iteration: 64	1454	1489	1792.2	2259
Iteration: 65	1454	1560	1756.07	2196
Iteration: 66	1454	1469	1764.65	2406
Iteration: 67	1454	1489	1765.24	2167
Iteration: 68	1454	1531	1779.38	2304
Iteration: 69	1454	1516	1769.36	2145
Iteration: 70	1454	1471	1751.79	2201
Iteration: 71	1454	1526	1768.05	2182
Iteration: 72	1454	1540	1762.05	2211
Iteration: 73	1454	1533	1766.96	2098
Iteration: 74	1454	1561	1782.32	2247
Iteration: 75	1454	1518	1769.46	2294
Iteration: 76	1454	1500	1760.18	2123
Iteration: 77	1454	1480	1766.33	2301
Iteration: 78	1454	1499	1765.75	2383
Iteration: 79	1454	1487	1763.57	2365
Iteration: 80	1454	1534	1773.56	2383
Iteration: 81	1454	1528	1772.8	2488
Iteration: 82	1454	1526	1770.69	2124
Iteration: 83	1454	1563	1746.25	2315
Iteration: 84	1434	1434	1782.71	2344
Iteration: 85	1434	1557	1771.82	2307
Iteration: 86	1434	1482	1766.36	2338
Iteration: 87	1434	1570	1780.48	2253
Iteration: 88	1434	1513	1769.63	2306
Iteration: 89	1434	1556	1780.31	2132
Iteration: 90	1434	1556	1786.64	2277
Iteration: 91	1434	1575	1782.45	2331
Iteration: 92	1434	1536	1750.63	2163
Iteration: 93	1434	1530	1757.14	2334
Iteration: 94	1434	1478	1774.15	2334
Iteration: 95	1434	1502	1764.27	2220
Iteration: 96	1434	1519	1770.18	2395
Iteration: 97	1434	1498	1788	2226
Iteration: 98	1424	1424	1758.34	2168
Iteration: 99	1424	1515	1767.14	2112
Iteration: 100	1424	1505	1789.64	2300
Iteration: 101	1424	1516	1773.47	2278
Iteration: 102	1424	1481	1756.14	2319
Iteration: 103	1424	1548	1774.69	2348
Iteration: 104	1424	1546	1781.88	2343
Iteration: 105	1424	1588	1786.85	2183
Iteration: 106	1424	1518	1749.46	2187
Iteration: 107	1424	1543	1756.52	2248
Iteration: 108	1424	1535	1791.36	2283
Iteration: 109	1424	1501	1784.14	2513
Iteration: 110	1424	1526	1764.35	2171
Iteration: 111	1424	1527	1743	2151
Iteration: 112	1424	1500	1744.86	2274
Iteration: 113	1424	1466	1779.65	2115
Iteration: 114	1424	1490	1760.22	2208
Iteration: 115	1424	1527	1787.15	2233
Iteration: 116	1424	1495	1786.84	2205
Iteration: 117	1424	1549	1745.16	2260
Iteration: 118	1424	1541	1759.07	2158
Iteration: 119	1424	1534	1769.02	2180
Iteration: 120	1424	1516	1773	2162
Iteration: 121	1424	1531	1792.38	2237
Iteration: 122	1424	1476	1759.53	2159
Iteration: 123	1424	1547	1762.32	2308
Iteration: 124	1424	1502	1756.85	2172
Iteration: 125	1424	1550	1729.53	2056
Iteration: 126	1424	1434	1777.85	2203
Iteration: 127	1424	1493	1779.89	2421
Iteration: 128	1424	1555	1758.01	2344
Iteration: 129	1424	1520	1746.3	2096
Iteration: 130	1424	1532	1774.26	2250
Iteration: 131	1424	1516	1802.19	2555
Iteration: 132	1424	1498	1781.27	2370
Iteration: 133	1424	1536	1760.77	2242
Iteration: 134	1424	1525	1742.98	2092
Iteration: 135	1424	1519	1777.16	2264
Iteration: 136	1424	1473	1785.06	2292
Iteration: 137	1424	1524	1746.5	2278
Iteration: 138	1424	1553	1762.14	2394
Iteration: 139	1424	1505	1775.74	2390
Iteration: 140	1424	1529	1759.85	2280
Iteration: 141	1424	1520	1783.77	2257
Iteration: 142	1424	1484	1785.62	2086
Iteration: 143	1424	1528	1784.83	2319
Iteration: 144	1424	1485	1749.57	2383
Iteration: 145	1424	1511	1775.67	2260
Iteration: 146	1424	1545	1772.38	2333
Iteration: 147	1424	1529	1776.29	2343
Iteration: 148	1424	1521	1762.1	2098
Iteration: 149	1424	1548	1778.79	2221
Iteration: 150	1424	1552	1779.04	2231
Iteration: 151	1424	1541	1752.89	2351
Iteration: 152	1424	1530	1748.49	2341
Iteration: 153	1424	1509	1795.37	2251
Iteration: 154	1424	1527	1773.46	2392
Iteration: 155	1424	1528	1767.65	2379
Iteration: 156	1424	1562	1763.55	2079
Iteration: 157	1424	1478	1779.37	2216
Iteration: 158	1424	1567	1767.96	2073
Iteration: 159	1424	1501	1779.85	2148
Iteration: 160	1424	1518	1742.25	2299
Iteration: 161	1424	1479	1768.82	2084
Iteration: 162	1424	1536	1757.02	2214
Iteration: 163	1424	1534	1757.64	2266
Iteration: 164	1424	1475	1753.15	2268
Iteration: 165	1424	1531	1761.46	2260
Iteration: 166	1424	1571	1762.89	2243
Iteration: 167	1424	1516	1764.04	2163
Iteration: 168	1424	1512	1762.5	2106
Iteration: 169	1424	1514	1775.52	2256
Iteration: 170	1424	1435	1770.26	2358
Iteration: 171	1424	1514	1770.14	2192
Iteration: 172	1424	1517	1776.31	2384
Iteration: 173	1424	1580	1762.38	2174
Iteration: 174	1424	1528	1772.09	2226
Iteration: 175	1424	1479	1781.71	2253
Iteration: 176	1424	1524	1766.54	2066
Iteration: 177	1424	1541	1785.2	2214
Iteration: 178	1424	1527	1762.04	2186
Iteration: 179	1424	1531	1767.09	2171
Iteration: 180	1424	1504	1766.45	2296
Iteration: 181	1424	1506	1744.07	2310
Iteration: 182	1424	1486	1760.64	2415
Iteration: 183	1424	1524	1783.08	2234
Iteration: 184	1424	1564	1769.95	2387
Iteration: 185	1424	1505	1788.33	2240
Iteration: 186	1424	1539	1775.08	2409
Iteration: 187	1424	1528	1780.21	2181
Iteration: 188	1424	1549	1765.26	2069
Iteration: 189	1424	1509	1777.65	2503
Iteration: 190	1424	1513	1768.26	2279
Iteration: 191	1424	1449	1739.19	2182
Iteration: 192	1424	1572	1772.34	2189
Iteration: 193	1424	1508	1779.52	2199
Iteration: 194	1424	1485	1793.6	2174
Iteration: 195	1424	1491	1776.08	2384
Iteration: 196	1424	1540	1773.25	2229
Iteration: 197	1424	1529	1787.5	2119
Iteration: 198	1424	1528	1769.67	2362
Iteration: 199	1424	1541	1786.55	2467
Iteration: 200	1424	1528	1758.81	2223
Iteration: 201	1424	1479	1771.61	2307
Iteration: 202	1424	1514	1769.22	2206
Iteration: 203	1424	1491	1746.03	2117
Iteration: 204	1424	1549	1768.41	2125
Iteration: 205	1424	1512	1748.82	2198
Iteration: 206	1424	1572	1793.92	2402
Iteration: 207	1424	1496	1806.87	2291
Iteration: 208	1424	1556	1771.3	2159
Iteration: 209	1424	1521	1744.12	2280
Iteration: 210	1424	1522	1766.82	2564
Iteration: 211	1424	1514	1763.65	2233
Iteration: 212	1424	1527	1764.81	2156
Iteration: 213	1424	1509	1761.7	2217
Iteration: 214	1424	1508	1775.07	2207
Iteration: 215	1424	1583	1781.65	2314
Iteration: 216	1424	1517	1744.48	2407
Iteration: 217	1424	1470	1781.66	2211
Iteration: 218	1424	1535	1760.6	2064
Iteration: 219	1424	1535	1773.87	2338
Iteration: 220	1424	1538	1778.63	2176
Iteration: 221	1424	1517	1758.99	2443
Iteration: 222	1424	1517	1781.79	2522
Iteration: 223	1424	1518	1791.37	2257
Iteration: 224	1424	1555	1764.35	2095
Iteration: 225	1424	1551	1770.36	2203
Iteration: 226	1424	1548	1759.51	2091
Iteration: 227	1424	1463	1768.91	2149
Iteration: 228	1424	1489	1755.26	2149
Iteration: 229	1424	1550	1791.87	2321
Iteration: 230	1424	1532	1770.16	2253
Iteration: 231	1424	1498	1755.9	2355
Iteration: 232	1424	1495	1772.85	2330
Iteration: 233	1424	1532	1764.68	2172
Iteration: 234	1424	1507	1770.73	2252
Iteration: 235	1424	1440	1795.82	2416
Iteration: 236	1424	1528	1766.23	2317
Iteration: 237	1424	1560	1765.25	2144
Iteration: 238	1424	1537	1765.71	2423
Iteration: 239	1424	1476	1745.26	2231
Iteration: 240	1424	1542	1785.95	2313
Iteration: 241	1424	1539	1758.18	2093
Iteration: 242	1424	1517	1769.52	2379
Iteration: 243	1424	1535	1778.64	2321
Iteration: 244	1424	1551	1775.23	2209
Iteration: 245	1424	1557	1777.68	2192
Iteration: 246	1424	1531	1798.22	2284
Iteration: 247	1424	1557	1780.45	2171
Iteration: 248	1424	1555	1754.05	2304
Iteration: 249	1424	1480	1754.73	2026
Iteration: 250	1424	1524	1781.44	2347
Iteration: 251	1424	1560	1770.63	2298
Iteration: 252	1424	1461	1771.12	2320
Iteration: 253	1424	1491	1775.78	2264
Iteration: 254	1424	1517	1775.41	2335
Iteration: 255	1424	1556	1761.77	2354
Iteration: 256	1424	1533	1731.82	2166
Iteration: 257	1424	1493	1746.98	2110
Iteration: 258	1424	1512	1797.37	2257
Iteration: 259	1424	1484	1770.37	2221
Iteration: 260	1424	1480	1757.81	2135
Iteration: 261	1424	1567	1765.12	2130
Iteration: 262	1424	1504	1782.19	2430
Iteration: 263	1424	1532	1757.81	2192
Iteration: 264	1424	1508	1752.85	2285
Iteration: 265	1424	1527	1754.13	2271
Iteration: 266	1424	1556	1769.64	2217
Iteration: 267	1424	1476	1770.38	2156
Iteration: 268	1424	1457	1770.4	2357
Iteration: 269	1424	1509	1771.47	2143
Iteration: 270	1424	1516	1755.46	2369
Iteration: 271	1424	1503	1733.72	2123
Iteration: 272	1424	1529	1776.35	2416
Iteration: 273	1424	1495	1768.84	2206
Iteration: 274	1424	1517	1782.76	2301
Iteration: 275	1424	1493	1763.64	2323
Iteration: 276	1424	1496	1755.93	2221
Iteration: 277	1424	1461	1763.41	2222
Iteration: 278	1424	1542	1776.49	2223
Iteration: 279	1424	1518	1761.31	2250
Iteration: 280	1424	1465	1757.23	2303
Iteration: 281	1424	1485	1746.73	2064
Iteration: 282	1424	1546	1766.08	2180
Iteration: 283	1424	1523	1764.46	2216
Iteration: 284	1424	1545	1763.06	2258
Iteration: 285	1424	1527	1746.52	2550
Iteration: 286	1424	1520	1760.76	2167
Iteration: 287	1424	1544	1767.58	2216
Iteration: 288	1424	1524	1778.96	2328
Iteration: 289	1424	1466	1736.51	2241
Iteration: 290	1424	1481	1751.88	2111
Iteration: 291	1424	1537	1757.27	2214
Iteration: 292	1424	1504	1753.81	2149
Iteration: 293	1424	1501	1728.15	2180
Iteration: 294	1424	1552	1800.65	2255
Iteration: 295	1424	1457	1775.06	2236
Iteration: 296	1424	1495	1762.23	2173
Iteration: 297	1424	1518	1738.44	2184
Iteration: 298	1424	1485	1770.47	2457
Iteration: 299	1424	1507	1771.51	2223
Iteration: 300	1424	1469	1784.29	2342
Iteration: 301	1424	1439	1766.53	2256
Iteration: 302	1424	1498	1754.04	2067
Iteration: 303	1424	1514	1783.36	2240
Iteration: 304	1424	1523	1782.52	2293
Iteration: 305	1424	1521	1773.6	2426
Iteration: 306	1424	1502	1741.13	2144
Iteration: 307	1424	1571	1772.71	2395
Iteration: 308	1424	1522	1766.46	2228
Iteration: 309	1424	1524	1780.74	2371
Iteration: 310	1424	1528	1733.59	2235
Iteration: 311	1424	1516	1795.75	2185
Iteration: 312	1424	1548	1758.68	2166
Iteration: 313	1424	1510	1761.28	2133
Iteration: 314	1424	1548	1777.28	2260
Iteration: 315	1424	1506	1739.07	2207
Iteration: 316	1424	1509	1757.91	2443
Iteration: 317	1424	1507	1761.25	2257
Iteration: 318	1424	1547	1770.28	2182
Iteration: 319	1424	1489	1747.86	2311
Iteration: 320	1424	1505	1764.73	2327
Iteration: 321	1424	1556	1771.35	2313
Iteration: 322	1424	1509	1760.49	2238
Iteration: 323	1424	1517	1779.44	2587
Iteration: 324	1424	1561	1769.37	2366
Iteration: 325	1424	1548	1780.8	2246
Iteration: 326	1424	1490	1776.18	2396
Iteration: 327	1424	1509	1748.75	2250
Iteration: 328	1424	1529	1785.68	2290
Iteration: 329	1424	1522	1760.58	2099
Iteration: 330	1424	1559	1752.78	2188
Iteration: 331	1424	1502	1762.46	2255
Iteration: 332	1424	1513	1762.82	2262
Iteration: 333	1424	1472	1791.3	2355
Iteration: 334	1424	1515	1778.03	2240
Iteration: 335	1424	1543	1746.02	2145
Iteration: 336	1424	1537	1752.91	2072
Iteration: 337	1424	1537	1773.91	2243
Iteration: 338	1424	1514	1773.5	2256
Iteration: 339	1424	1514	1744.76	2227
Iteration: 340	1424	1479	1763.47	2267
Iteration: 341	1424	1564	1766.58	2375
Iteration: 342	1424	1502	1744.89	2193
Iteration: 343	1424	1527	1768.01	2290
Iteration: 344	1424	1502	1758.14	2290
Iteration: 345	1412	1412	1769.23	2279
Iteration: 346	1412	1542	1757	2253
Iteration: 347	1412	1503	1765.48	2303
Iteration: 348	1412	1466	1760.59	2320
Iteration: 349	1412	1536	1760.41	2449
Iteration: 350	1412	1506	1763.41	2184
Iteration: 351	1412	1557	1763.13	2208
Iteration: 352	1412	1558	1771.78	2228
Iteration: 353	1412	1525	1766.28	2281
Iteration: 354	1412	1549	1771.92	2291
Iteration: 355	1412	1516	1797.29	2349
Iteration: 356	1412	1537	1763.17	2192
Iteration: 357	1412	1510	1759.83	2134
Iteration: 358	1412	1487	1758.27	2128
Iteration: 359	1412	1461	1745.86	2300
Iteration: 360	1412	1475	1748.82	2008
Iteration: 361	1412	1522	1772.11	2179
Iteration: 362	1412	1556	1794.49	2248
Iteration: 363	1412	1499	1755.3	2130
Iteration: 364	1412	1506	1789.31	2245
Iteration: 365	1412	1504	1754.17	2155
Iteration: 366	1412	1543	1762.98	2301
Iteration: 367	1412	1553	1754.61	2170
Iteration: 368	1412	1549	1792.96	2270
Iteration: 369	1412	1539	1766.33	2174
Iteration: 370	1412	1544	1765.96	2373
Iteration: 371	1412	1500	1772.88	2305
Iteration: 372	1412	1549	1786.3	2237
Iteration: 373	1412	1537	1793.75	2164
Iteration: 374	1412	1519	1746.81	2248
Iteration: 375	1412	1545	1773.9	2101
Iteration: 376	1412	1553	1768.38	2294
Iteration: 377	1412	1495	1777.78	2874
Iteration: 378	1412	1534	1767.83	2104
Iteration: 379	1412	1527	1759.95	2182
Iteration: 380	1412	1526	1767.82	2234
Iteration: 381	1412	1510	1765.82	2234
Iteration: 382	1412	1548	1762.61	2177
Iteration: 383	1412	1510	1745.25	2214
Iteration: 384	1412	1527	1764.48	2346
Iteration: 385	1412	1529	1771.99	2118
Iteration: 386	1412	1573	1787.14	2074
Iteration: 387	1412	1528	1781.01	2230
Iteration: 388	1412	1538	1774.31	2243
Iteration: 389	1412	1505	1786.39	2132
Iteration: 390	1412	1519	1794.77	2377
Iteration: 391	1412	1534	1789.73	2361
Iteration: 392	1412	1491	1775.99	2269
Iteration: 393	1412	1489	1757.04	2155
Iteration: 394	1412	1431	1787.79	2216
Iteration: 395	1412	1543	1771.38	2162
Iteration: 396	1412	1475	1742	2334
Iteration: 397	1412	1526	1772.56	2208
Iteration: 398	1412	1499	1776.67	2478
Iteration: 399	1412	1516	1768.16	2280
Iteration: 400	1412	1508	1757.79	2107
Iteration: 401	1412	1482	1750.54	2195
Iteration: 402	1412	1578	1776.88	2230
Iteration: 403	1412	1449	1751.85	2260
Iteration: 404	1412	1540	1770.61	2313
Iteration: 405	1412	1486	1764.12	2194
Iteration: 406	1412	1537	1760.35	2075
Iteration: 407	1412	1476	1766.57	2496
Iteration: 408	1412	1528	1782.49	2257
Iteration: 409	1412	1524	1786.38	2138
Iteration: 410	1412	1456	1755.05	2078
Iteration: 411	1412	1535	1747.6	2200
Iteration: 412	1412	1545	1766.26	2177
Iteration: 413	1412	1532	1763.94	2114
Iteration: 414	1412	1539	1792.02	2327
Iteration: 415	1412	1541	1777.79	2643
Iteration: 416	1412	1513	1750.03	2113
Iteration: 417	1412	1510	1794.23	2209
Iteration: 418	1412	1512	1788.07	2246
Iteration: 419	1412	1503	1782.82	2245
Iteration: 420	1412	1512	1767.03	2238
Iteration: 421	1412	1526	1770.91	2074
Iteration: 422	1412	1553	1805.27	2270
Iteration: 423	1412	1543	1796.68	2470
Iteration: 424	1412	1528	1765.71	2195
Iteration: 425	1412	1536	1749.56	2161
Iteration: 426	1412	1489	1765.95	2153
Iteration: 427	1412	1561	1771.9	2239
Iteration: 428	1412	1469	1771.2	2219
Iteration: 429	1412	1507	1770.55	2416
Iteration: 430	1412	1484	1785.93	2194
Iteration: 431	1412	1547	1775.91	2564
Iteration: 432	1412	1502	1749.83	2167
Iteration: 433	1412	1522	1758.84	2146
Iteration: 434	1412	1539	1765.29	2179
Iteration: 435	1412	1464	1741.65	2136
Iteration: 436	1412	1517	1779.86	2192
Iteration: 437	1412	1540	1758.49	2238
Iteration: 438	1412	1483	1753.74	2312
Iteration: 439	1412	1493	1757.14	2100
Iteration: 440	1412	1551	1770.24	2172
Iteration: 441	1412	1518	1776.43	2206
Iteration: 442	1412	1507	1753.04	2152
Iteration: 443	1412	1521	1745.98	2149
Iteration: 444	1412	1521	1746.65	2166
Iteration: 445	1412	1563	1777.93	2155
Iteration: 446	1412	1541	1779.57	2223
Iteration: 447	1412	1529	1767	2375
Iteration: 448	1412	1527	1748.72	2341
Iteration: 449	1412	1492	1749.72	2378
Iteration: 450	1412	1518	1778.21	2209
Iteration: 451	1412	1541	1757.31	2328
Iteration: 452	1412	1479	1753.34	2212
Iteration: 453	1412	1532	1739.69	2304
Iteration: 454	1412	1463	1777.31	2408
Iteration: 455	1412	1522	1777.11	2386
Iteration: 456	1412	1563	1744.86	2122
Iteration: 457	1412	1581	1777.29	2454
Iteration: 458	1412	1520	1758.65	2244
Iteration: 459	1412	1507	1774.73	2104
Iteration: 460	1412	1467	1755.56	2415
Iteration: 461	1412	1509	1761.63	2291
Iteration: 462	1412	1489	1769.42	2179
Iteration: 463	1412	1572	1768.58	2254
Iteration: 464	1412	1531	1783.24	2352
Iteration: 465	1412	1460	1779.95	2171
Iteration: 466	1412	1439	1743.1	2184
Iteration: 467	1412	1481	1767.98	2241
Iteration: 468	1412	1494	1777.03	2238
Iteration: 469	1412	1519	1742.22	2330
Iteration: 470	1412	1535	1768.39	2187
Iteration: 471	1412	1525	1785.61	2302
Iteration: 472	1412	1552	1742.84	2145
Iteration: 473	1412	1484	1745.46	2141
Iteration: 474	1412	1507	1765.63	2249
Iteration: 475	1412	1549	1777.26	2152
Iteration: 476	1412	1504	1795.63	2422
Iteration: 477	1412	1457	1760.39	2171
Iteration: 478	1412	1532	1767.86	2232
Iteration: 479	1412	1547	1769.08	2175
Iteration: 480	1412	1545	1794.21	2262
Iteration: 481	1412	1542	1760.32	2080
Iteration: 482	1412	1537	1799.44	2144
Iteration: 483	1412	1530	1771.73	2227
Iteration: 484	1412	1556	1788.19	2118
Iteration: 485	1412	1562	1783	2228
Iteration: 486	1412	1541	1766.93	2277
Iteration: 487	1412	1538	1782.86	2204
Iteration: 488	1412	1505	1776.04	2130
Iteration: 489	1412	1503	1777.34	2486
Iteration: 490	1412	1508	1766.67	2335
Iteration: 491	1412	1549	1791.6	2243
Iteration: 492	1412	1495	1764.73	2258
Iteration: 493	1412	1512	1766.82	2114
Iteration: 494	1412	1520	1764.62	2260
Iteration: 495	1412	1516	1796	2479
Iteration: 496	1412	1507	1766.33	2206
Iteration: 497	1412	1474	1759.4	2189
Iteration: 498	1412	1464	1775.43	2231
Iteration: 499	1412	1516	1783.37	2401
