Iteration: 0	1499	1499	1783.04	2176
Iteration: 1	1499	1530	1772.57	2196
Iteration: 2	1494	1494	1802.65	2513
Iteration: 3	1494	1544	1790.06	2336
Iteration: 4	1494	1559	1797.51	2237
Iteration: 5	1494	1526	1788.94	2259
Iteration: 6	1494	1572	1796.21	2185
Iteration: 7	1494	1497	1777.36	2180
Iteration: 8	1494	1570	1784.12	2252
Iteration: 9	1485	1485	1783.26	2229
Iteration: 10	1485	1553	1801.23	2111
Iteration: 11	1485	1573	1778.35	2117
Iteration: 12	1485	1506	1778.45	2133
Iteration: 13	1485	1530	1788.41	2145
Iteration: 14	1485	1531	1776.56	2348
Iteration: 15	1485	1527	1761.8	2072
Iteration: 16	1485	1534	1765.62	2162
Iteration: 17	1485	1511	1770.94	2269
Iteration: 18	1485	1528	1785.41	2308
Iteration: 19	1485	1518	1788.85	2225
Iteration: 20	1485	1522	1774.36	2233
Iteration: 21	1485	1512	1769.28	2198
Iteration: 22	1485	1516	1769.27	2175
Iteration: 23	1485	1519	1788.13	2258
Iteration: 24	1485	1555	1773.94	2261
Iteration: 25	1485	1522	1788.07	2229
Iteration: 26	1485	1528	1763.29	2183
Iteration: 27	1485	1506	1759.11	2391
Iteration: 28	1453	1453	1783.57	2302
Iteration: 29	1453	1510	1750.67	2211
Iteration: 30	1453	1506	1753.53	2174
Iteration: 31	1453	1526	1768.25	2305
Iteration: 32	1453	1518	1783.64	2411
Iteration: 33	1453	1496	1761.59	2243
Iteration: 34	1453	1530	1800.33	2295
Iteration: 35	1453	1476	1772.94	2530
Iteration: 36	1453	1527	1747.55	2126
Iteration: 37	1453	1494	1753.82	2172
Iteration: 38	1453	1496	1769.11	2132
Iteration: 39	1453	1535	1750.79	2211
Iteration: 40	1453	1574	1770.29	2358
Iteration: 41	1447	1447	1766.55	2270
Iteration: 42	1447	1506	1784.52	2307
Iteration: 43	1447	1543	1760.64	2394
Iteration: 44	1447	1517	1759.89	2142
Iteration: 45	1447	1529	1747	2208
Iteration: 46	1447	1523	1775.36	2345
Iteration: 47	1447	1552	1770.79	2159
Iteration: 48	1447	1523	1767.2	2237
Iteration: 49	1447	1515	1782.86	2467
Iteration: 50	1447	1485	1765.77	2341
Iteration: 51	1447	1510	1784.88	2374
Iteration: 52	1447	1525	1762.33	2516
Iteration: 53	1447	1524	1750.55	2134
Iteration: 54	1447	1534	1759.47	2159
Iteration: 55	1447	1514	1773.51	2101
Iteration: 56	1447	1517	1775.77	2162
Iteration: 57	1447	1494	1773.26	2200
Iteration: 58	1447	1530	1785.98	2350
Iteration: 59	1447	1512	1770.4	2342
Iteration: 60	1447	1495	1761.93	2428
Iteration: 61	1447	1544	1787.26	2368
Iteration: 62	1447	1495	1764.85	2146
Iteration: 63	1447	1562	1748.04	2253
Iteration: 64	1447	1551	1774.25	2263
Iteration: 65	1447	1473	1757.34	2162
Iteration: 66	1447	1468	1758.44	2301
Iteration: 67	1447	1537	1779.74	2867
Iteration: 68	1447	1452	1772.19	2197
Iteration: 69	1447	1473	1767.47	2222
Iteration: 70	1447	1545	1745.08	2191
Iteration: 71	1447	1528	1796.82	2209
Iteration: 72	1447	1533	1769.9	2254
Iteration: 73	1447	1488	1771.42	2187
Iteration: 74	1447	1533	1810.49	2370
Iteration: 75	1447	1578	1777.57	2321
Iteration: 76	1447	1538	1784.88	2349
Iteration: 77	1447	1553	1749.03	2175
Iteration: 78	1447	1544	1806.35	2343
Iteration: 79	1447	1492	1793.9	2274
Iteration: 80	1447	1534	1751.05	2370
Iteration: 81	1447	1541	1800.12	2386
Iteration: 82	1447	1541	1768.93	2097
Iteration: 83	1447	1537	1782.88	2208
Iteration: 84	1447	1507	1747.11	2257
Iteration: 85	1447	1560	1769.47	2144
Iteration: 86	1447	1497	1755.02	2203
Iteration: 87	1447	1548	1785.91	2275
Iteration: 88	1447	1516	1768.96	2302
Iteration: 89	1447	1492	1783.77	2412
Iteration: 90	1447	1506	1776.47	2137
Iteration: 91	1447	1583	1776.66	2213
Iteration: 92	1447	1522	1757.96	2222
Iteration: 93	1447	1503	1763.62	2128
Iteration: 94	1447	1533	1778.03	2160
Iteration: 95	1447	1569	1770.94	2069
Iteration: 96	1447	1540	1763.77	2260
Iteration: 97	1447	1578	1784.38	2276
Iteration: 98	1447	1537	1757.48	2228
Iteration: 99	1447	1495	1777.5	2324
Iteration: 100	1447	1541	1780.14	2294
Iteration: 101	1447	1533	1792.21	2296
Iteration: 102	1447	1512	1763.8	2275
Iteration: 103	1447	1508	1798.95	2365
Iteration: 104	1447	1554	1787.91	2166
Iteration: 105	1447	1459	1753.6	2354
Iteration: 106	1447	1562	1778.65	2068
Iteration: 107	1447	1546	1758.56	2268
Iteration: 108	1447	1513	1763.13	2154
Iteration: 109	1447	1533	1783.69	2242
Iteration: 110	1447	1533	1776.71	2320
Iteration: 111	1447	1511	1741.54	2051
Iteration: 112	1447	1518	1767.15	2188
Iteration: 113	1447	1500	1762.02	2508
Iteration: 114	1447	1540	1752.24	2205
Iteration: 115	1447	1530	1760.32	2280
Iteration: 116	1447	1527	1779.52	2272
Iteration: 117	1447	1529	1755.85	2088
Iteration: 118	1447	1545	1766.62	2175
Iteration: 119	1447	1549	1725.19	2271
Iteration: 120	1447	1504	1770.43	2207
Iteration: 121	1447	1505	1767.39	2223
Iteration: 122	1447	1519	1771.25	2360
Iteration: 123	1447	1528	1769.36	2242
Iteration: 124	1447	1516	1765.29	2211
Iteration: 125	1447	1531	1743.87	2158
Iteration: 126	1447	1490	1790.94	2331
Iteration: 127	1447	1517	1761.72	2217
Iteration: 128	1447	1482	1759.18	2201
Iteration: 129	1447	1534	1775.73	2043
Iteration: 130	1447	1531	1762.62	2168
Iteration: 131	1447	1495	1770.02	2441
Iteration: 132	1447	1475	1786.98	2271
Iteration: 133	1447	1540	1783.57	2127
Iteration: 134	1447	1556	1765.36	2279
Iteration: 135	1447	1546	1764.64	2118
Iteration: 136	1447	1524	1779.58	2469
Iteration: 137	1447	1485	1751.98	2180
Iteration: 138	1447	1530	1769.12	2136
Iteration: 139	1447	1552	1792.44	2297
Iteration: 140	1447	1532	1779.16	2228
Iteration: 141	1447	1499	1764.61	2205
Iteration: 142	1447	1567	1774.16	2233
Iteration: 143	1447	1545	1747.35	2232
Iteration: 144	1447	1555	1769.31	2176
Iteration: 145	1447	1465	1745.77	2383
Iteration: 146	1447	1533	1751.69	2086
Iteration: 147	1447	1550	1769.38	2256
Iteration: 148	1447	1561	1768.48	2287
Iteration: 149	1447	1567	1761.44	2089
Iteration: 150	1447	1535	1755.03	2294
Iteration: 151	1447	1475	1759.54	2160
Iteration: 152	1447	1450	1782.36	2196
Iteration: 153	1447	1545	1769.85	2089
Iteration: 154	1447	1587	1772.02	2245
Iteration: 155	1447	1552	1779.78	2289
Iteration: 156	1447	1474	1761	2226
Iteration: 157	1447	1512	1751.82	2310
Iteration: 158	1447	1478	1750.71	2222
Iteration: 159	1447	1534	1775.76	2259
Iteration: 160	1447	1539	1783.62	2259
Iteration: 161	1447	1538	1768.9	2226
Iteration: 162	1447	1470	1783.51	2499
Iteration: 163	1447	1540	1787.94	2319
Iteration: 164	1447	1507	1752.08	2204
Iteration: 165	1447	1533	1769.8	2251
Iteration: 166	1447	1561	1752.03	2293
Iteration: 167	1447	1518	1779.32	2344
Iteration: 168	1447	1494	1753.42	2220
Iteration: 169	1447	1478	1760.69	2215
Iteration: 170	1447	1500	1766.6	2169
Iteration: 171	1447	1508	1734.24	2055
Iteration: 172	1447	1500	1769.05	2232
Iteration: 173	1447	1549	1763.62	2138
Iteration: 174	1447	1565	1759.59	2112
Iteration: 175	1447	1448	1775.24	2487
Iteration: 176	1447	1500	1785.44	2320
Iteration: 177	1447	1535	1739.41	2183
Iteration: 178	1447	1521	1770.01	2365
Iteration: 179	1447	1450	1776.84	2273
Iteration: 180	1447	1467	1766.17	2251
Iteration: 181	1447	1520	1763.72	2280
Iteration: 182	1447	1473	1776.8	2387
Iteration: 183	1447	1509	1779.28	2122
Iteration: 184	1447	1565	1758.22	2300
Iteration: 185	1447	1526	1767.24	2235
Iteration: 186	1447	1545	1800.12	2298
Iteration: 187	1447	1531	1762.84	2125
Iteration: 188	1447	1530	1784.48	2203
Iteration: 189	1447	1541	1753.86	2325
Iteration: 190	1447	1523	1766.59	2292
Iteration: 191	1447	1505	1755.9	2187
Iteration: 192	1447	1490	1756.21	2348
Iteration: 193	1447	1546	1767.33	2345
Iteration: 194	1447	1515	1755.27	2197
Iteration: 195	1447	1533	1754.6	2245
Iteration: 196	1447	1545	1784.37	2430
Iteration: 197	1447	1543	1779.17	2147
Iteration: 198	1447	1536	1781.91	2154
Iteration: 199	1447	1593	1761.84	2134
Iteration: 200	1447	1515	1765.07	2246
Iteration: 201	1447	1525	1777.03	2175
Iteration: 202	1447	1526	1786.77	2225
Iteration: 203	1447	1543	1775.98	2241
Iteration: 204	1447	1492	1788.59	2119
Iteration: 205	1447	1547	1752.42	2175
Iteration: 206	1447	1503	1792.26	2173
Iteration: 207	1447	1529	1750.63	2176
Iteration: 208	1382	1382	1794.08	2328
Iteration: 209	1382	1494	1779.5	2219
Iteration: 210	1382	1453	1771.34	2354
Iteration: 211	1382	1535	1772.66	2116
Iteration: 212	1382	1554	1784.38	2297
Iteration: 213	1382	1474	1807.78	2341
Iteration: 214	1382	1476	1778.14	2101
Iteration: 215	1382	1566	1785.77	2216
Iteration: 216	1382	1585	1772.63	2302
Iteration: 217	1382	1451	1774.05	2137
Iteration: 218	1382	1518	1786.04	2197
Iteration: 219	1382	1538	1781.6	2202
Iteration: 220	1382	1529	1764.22	2338
Iteration: 221	1382	1580	1769.81	2229
Iteration: 222	1382	1493	1744.72	2198
Iteration: 223	1382	1543	1781.17	2232
Iteration: 224	1382	1548	1770.07	2204
Iteration: 225	1382	1535	1788.66	2156
Iteration: 226	1382	1505	1784.72	2308
Iteration: 227	1382	1471	1773.06	2209
Iteration: 228	1382	1502	1750.38	2212
Iteration: 229	1382	1476	1768.27	2167
Iteration: 230	1382	1496	1793.75	2334
Iteration: 231	1382	1479	1773.94	2383
Iteration: 232	1382	1539	1771.93	2444
Iteration: 233	1382	1491	1782.69	2323
Iteration: 234	1382	1510	1801.95	2339
Iteration: 235	1382	1536	1767.27	2235
Iteration: 236	1382	1521	1785.25	2254
Iteration: 237	1382	1504	1770.53	2436
Iteration: 238	1382	1523	1754.04	2256
Iteration: 239	1382	1547	1755.05	2166
Iteration: 240	1382	1531	1761.47	2157
Iteration: 241	1382	1547	1756.96	2319
Iteration: 242	1382	1549	1776.91	2270
Iteration: 243	1382	1534	1790.18	2146
Iteration: 244	1382	1512	1781.16	2172
Iteration: 245	1382	1560	1782.22	2343
Iteration: 246	1382	1608	1772.08	2485
Iteration: 247	1382	1548	1767.91	2165
Iteration: 248	1382	1489	1753.04	2314
Iteration: 249	1382	1551	1778.96	2197
Iteration: 250	1382	1553	1783.16	2142
Iteration: 251	1382	1502	1764.31	2351
Iteration: 252	1382	1529	1775.09	2201
Iteration: 253	1382	1563	1792.15	2240
Iteration: 254	1382	1479	1752.83	2196
Iteration: 255	1382	1516	1771	2284
Iteration: 256	1382	1504	1778.29	2177
Iteration: 257	1382	1564	1771.57	2181
Iteration: 258	1382	1512	1780.29	2241
Iteration: 259	1382	1462	1785.09	2264
Iteration: 260	1382	1520	1779.27	2344
Iteration: 261	1382	1500	1767.65	2196
Iteration: 262	1382	1523	1761.65	2208
Iteration: 263	1382	1547	1765.87	2233
Iteration: 264	1382	1527	1777.19	2243
Iteration: 265	1382	1527	1755.43	2073
Iteration: 266	1382	1524	1757.33	2256
Iteration: 267	1382	1532	1784.51	2258
Iteration: 268	1382	1437	1767.67	2309
Iteration: 269	1382	1496	1785.38	2098
Iteration: 270	1382	1525	1771.34	2447
Iteration: 271	1382	1471	1778.18	2381
Iteration: 272	1382	1533	1776.5	2580
Iteration: 273	1382	1549	1763.79	2160
Iteration: 274	1382	1523	1777.36	2340
Iteration: 275	1382	1458	1723.01	2275
Iteration: 276	1382	1549	1769.23	2105
Iteration: 277	1382	1491	1772.76	2393
Iteration: 278	1382	1554	1782.92	2295
Iteration: 279	1382	1526	1757.8	2212
Iteration: 280	1382	1521	1749.9	2211
Iteration: 281	1382	1535	1765.86	2342
Iteration: 282	1382	1506	1761.66	2250
Iteration: 283	1382	1465	1779.42	2410
Iteration: 284	1382	1514	1758.99	2236
Iteration: 285	1382	1534	1768.96	2287
Iteration: 286	1382	1528	1760.08	2110
Iteration: 287	1382	1516	1787.41	2305
Iteration: 288	1382	1527	1776.15	2128
Iteration: 289	1382	1476	1765.88	2246
Iteration: 290	1382	1525	1769.81	2168
Iteration: 291	1382	1514	1748.67	2247
Iteration: 292	1382	1531	1790.31	2403
Iteration: 293	1382	1518	1762.34	2220
Iteration: 294	1382	1530	1751.73	2348
Iteration: 295	1382	1470	1764.18	2318
Iteration: 296	1382	1518	1756.7	2180
Iteration: 297	1382	1580	1750.17	2130
Iteration: 298	1382	1506	1762.42	2392
Iteration: 299	1382	1548	1778.77	2211
Iteration: 300	1382	1520	1786.45	2494
Iteration: 301	1382	1506	1761.34	2211
Iteration: 302	1382	1526	1778.68	2133
Iteration: 303	1382	1567	1760.5	2538
Iteration: 304	1382	1476	1784.82	2248
Iteration: 305	1382	1567	1797.98	2368
Iteration: 306	1382	1548	1741.99	2120
Iteration: 307	1382	1534	1774.75	2300
Iteration: 308	1382	1480	1766.9	2267
Iteration: 309	1382	1513	1737.38	2084
Iteration: 310	1382	1531	1768.4	2460
Iteration: 311	1382	1546	1782.48	2487
Iteration: 312	1382	1532	1767.94	2216
Iteration: 313	1382	1501	1763.23	2198
Iteration: 314	1382	1536	1783.88	2371
Iteration: 315	1382	1515	1753.96	2174
Iteration: 316	1382	1529	1785.72	2119
Iteration: 317	1382	1565	1802.71	2107
Iteration: 318	1382	1537	1774.31	2313
Iteration: 319	1382	1539	1790.75	2210
Iteration: 320	1382	1531	1778.35	2175
Iteration: 321	1382	1526	1768.36	2160
Iteration: 322	1382	1509	1776.3	2371
Iteration: 323	1382	1528	1771.02	2446
Iteration: 324	1382	1520	1774.42	2189
Iteration: 325	1382	1488	1757.27	2142
Iteration: 326	1382	1502	1763.8	2287
Iteration: 327	1382	1478	1786.9	2408
Iteration: 328	1382	1524	1763.18	2347
Iteration: 329	1382	1552	1775.93	2379
Iteration: 330	1382	1548	1763.22	2189
Iteration: 331	1382	1553	1771.86	2342
Iteration: 332	1382	1537	1765.69	2285
Iteration: 333	1382	1490	1744.41	2216
Iteration: 334	1382	1515	1778.25	2252
Iteration: 335	1382	1573	1786.99	2368
Iteration: 336	1382	1518	1753.7	2078
Iteration: 337	1382	1560	1767.03	2417
Iteration: 338	1382	1463	1761.44	2099
Iteration: 339	1382	1525	1778.76	2352
Iteration: 340	1382	1486	1730.05	2095
Iteration: 341	1382	1558	1762.49	2351
Iteration: 342	1382	1467	1762.73	2187
Iteration: 343	1382	1523	1759.3	2167
Iteration: 344	1382	1527	1761.39	2207
Iteration: 345	1382	1501	1748.77	2603
Iteration: 346	1382	1510	1794.97	2393
Iteration: 347	1382	1571	1758.07	2152
Iteration: 348	1382	1539	1765.7	2230
Iteration: 349	1382	1529	1776.96	2397
Iteration: 350	1382	1553	1771.99	2252
Iteration: 351	1382	1543	1783.74	2123
Iteration: 352	1382	1486	1777.31	2335
Iteration: 353	1382	1546	1768.91	2343
Iteration: 354	1382	1524	1758.28	2459
Iteration: 355	1382	1518	1754.99	2155
Iteration: 356	1382	1504	1755.36	2115
Iteration: 357	1382	1537	1789.63	2272
Iteration: 358	1382	1524	1761.5	2130
Iteration: 359	1382	1551	1762.18	2177
Iteration: 360	1382	1566	1781.56	2286
Iteration: 361	1382	1472	1796.55	2166
Iteration: 362	1382	1532	1767.65	2224
Iteration: 363	1382	1494	1785.66	2398
Iteration: 364	1382	1529	1754.53	2221
Iteration: 365	1382	1522	1766.45	2186
Iteration: 366	1382	1536	1779.28	2285
Iteration: 367	1382	1517	1760.71	2184
Iteration: 368	1382	1524	1774.98	2334
Iteration: 369	1382	1522	1762.01	2132
Iteration: 370	1382	1529	1752.43	2303
Iteration: 371	1382	1512	1778.33	2307
Iteration: 372	1382	1440	1762.04	2201
Iteration: 373	1382	1533	1768.51	2150
Iteration: 374	1382	1513	1769.91	2269
Iteration: 375	1382	1506	1756.95	2228
Iteration: 376	1382	1516	1766.26	2119
Iteration: 377	1382	1527	1770.84	2463
Iteration: 378	1382	1556	1768.8	2199
Iteration: 379	1382	1470	1750.69	2214
Iteration: 380	1382	1485	1758.79	2360
Iteration: 381	1382	1545	1756.21	2050
Iteration: 382	1382	1567	1782.34	2213
Iteration: 383	1382	1541	1756.91	2177
Iteration: 384	1382	1518	1763.53	2169
Iteration: 385	1382	1561	1751.84	2246
Iteration: 386	1382	1477	1754.49	2186
Iteration: 387	1382	1528	1768.63	2211
Iteration: 388	1382	1525	1780.28	2174
Iteration: 389	1382	1506	1768.68	2263
Iteration: 390	1382	1532	1757.48	2546
Iteration: 391	1382	1519	1772.66	2594
Iteration: 392	1382	1519	1773.67	2265
Iteration: 393	1382	1523	1762.83	2358
Iteration: 394	1382	1530	1765.04	2244
Iteration: 395	1382	1485	1760.64	2237
Iteration: 396	1382	1547	1769.07	2369
Iteration: 397	1382	1522	1795.62	2367
Iteration: 398	1382	1486	1786.41	2354
Iteration: 399	1382	1554	1777.62	2262
Iteration: 400	1382	1531	1743.78	2157
Iteration: 401	1382	1525	1768.07	2148
Iteration: 402	1382	1524	1745.89	2318
Iteration: 403	1382	1519	1802.35	2268
Iteration: 404	1382	1525	1773.13	2230
Iteration: 405	1382	1516	1787.29	2475
Iteration: 406	1382	1540	1753.08	2184
Iteration: 407	1382	1503	1780.35	2166
Iteration: 408	1382	1528	1767.06	2093
Iteration: 409	1382	1440	1775.58	2234
Iteration: 410	1382	1533	1760.08	2296
Iteration: 411	1382	1465	1768.46	2138
Iteration: 412	1382	1502	1768.97	2305
Iteration: 413	1382	1521	1775.47	2263
Iteration: 414	1382	1539	1781.62	2471
Iteration: 415	1382	1499	1766.34	2130
Iteration: 416	1382	1541	1779.76	2227
Iteration: 417	1382	1492	1755.59	2366
Iteration: 418	1382	1566	1770.51	2210
Iteration: 419	1382	1472	1749.76	2235
Iteration: 420	1382	1515	1755.54	2324
Iteration: 421	1382	1546	1768.23	2182
Iteration: 422	1382	1451	1752.16	2122
Iteration: 423	1382	1551	1780.3	2208
Iteration: 424	1382	1548	1793.08	2165
Iteration: 425	1382	1516	1751.83	2187
Iteration: 426	1382	1523	1764.17	2182
Iteration: 427	1382	1495	1775.79	2574
Iteration: 428	1382	1515	1783.53	2413
Iteration: 429	1382	1506	1770.55	2235
Iteration: 430	1382	1535	1774.39	2247
Iteration: 431	1382	1538	1757.78	2412
Iteration: 432	1382	1478	1745.35	2244
Iteration: 433	1382	1512	1773.66	2306
Iteration: 434	1382	1557	1771.06	2166
Iteration: 435	1382	1539	1781.54	2362
Iteration: 436	1382	1513	1749.7	2180
Iteration: 437	1382	1545	1780.15	2182
Iteration: 438	1382	1512	1763.11	2261
Iteration: 439	1382	1512	1761.83	2189
Iteration: 440	1382	1492	1762.71	2096
Iteration: 441	1382	1460	1746.47	2357
Iteration: 442	1382	1544	1746.93	2117
Iteration: 443	1382	1493	1738.22	2168
Iteration: 444	1382	1487	1763.65	2258
Iteration: 445	1382	1522	1771.98	2255
Iteration: 446	1382	1562	1764.93	2468
Iteration: 447	1382	1582	1764.62	2060
Iteration: 448	1382	1539	1786.16	2181
Iteration: 449	1382	1539	1779.46	2250
Iteration: 450	1382	1486	1784.94	2363
Iteration: 451	1382	1520	1778.32	2456
Iteration: 452	1382	1574	1777.74	2259
Iteration: 453	1382	1515	1770.78	2213
Iteration: 454	1382	1451	1765.94	2280
Iteration: 455	1382	1549	1790.78	2489
Iteration: 456	1382	1536	1747.98	2185
Iteration: 457	1382	1497	1776.23	2195
Iteration: 458	1382	1526	1787.36	2372
Iteration: 459	1382	1507	1781.48	2349
Iteration: 460	1382	1563	1771.93	2220
Iteration: 461	1382	1503	1759.95	2271
Iteration: 462	1382	1460	1772.33	2203
Iteration: 463	1382	1470	1777.72	2290
Iteration: 464	1382	1538	1779.94	2342
Iteration: 465	1382	1476	1761.79	2226
Iteration: 466	1382	1525	1753.79	2210
Iteration: 467	1382	1504	1747.89	2236
Iteration: 468	1382	1461	1758.08	2293
Iteration: 469	1382	1518	1771.44	2277
Iteration: 470	1382	1561	1774.41	2101
Iteration: 471	1382	1479	1764.12	2239
Iteration: 472	1382	1524	1759.57	2193
Iteration: 473	1382	1522	1777.16	2294
Iteration: 474	1382	1469	1753.66	2181
Iteration: 475	1382	1548	1801	2186
Iteration: 476	1382	1556	1777.37	2113
Iteration: 477	1382	1471	1744.87	2383
Iteration: 478	1382	1493	1792.53	2267
Iteration: 479	1382	1503	1766.06	2379
Iteration: 480	1382	1544	1749.63	2123
Iteration: 481	1382	1544	1771.13	2384
Iteration: 482	1382	1562	1749.3	2295
Iteration: 483	1382	1456	1748.59	2128
Iteration: 484	1382	1521	1747.45	2143
Iteration: 485	1382	1523	1758.44	2157
Iteration: 486	1382	1479	1747.17	2494
Iteration: 487	1382	1482	1763.35	2214
Iteration: 488	1382	1544	1792.7	2299
Iteration: 489	1382	1567	1767.83	2219
Iteration: 490	1382	1544	1778.17	2182
Iteration: 491	1382	1542	1770.28	2257
Iteration: 492	1382	1537	1780.88	2328
Iteration: 493	1382	1533	1774.46	2386
Iteration: 494	1382	1552	1756.91	2067
Iteration: 495	1382	1509	1766.81	2258
Iteration: 496	1382	1537	1761.22	2117
Iteration: 497	1382	1503	1747.12	2152
Iteration: 498	1382	1548	1792.28	2202
Iteration: 499	1382	1554	1773.65	2257
