Iteration: 0	1546	1546	1747.44	2092
Iteration: 1	1470	1470	1775.95	2192
Iteration: 2	1470	1549	1780.13	2278
Iteration: 3	1470	1562	1797.37	2261
Iteration: 4	1470	1556	1784.31	2304
Iteration: 5	1470	1545	1814.94	2558
Iteration: 6	1470	1502	1775.41	2227
Iteration: 7	1470	1511	1792.28	2359
Iteration: 8	1470	1582	1800.78	2462
Iteration: 9	1470	1526	1770.52	2193
Iteration: 10	1470	1545	1776.33	2413
Iteration: 11	1470	1573	1774.52	2192
Iteration: 12	1470	1471	1789.21	2338
Iteration: 13	1470	1513	1782.18	2219
Iteration: 14	1470	1541	1784.02	2210
Iteration: 15	1470	1498	1762.22	2366
Iteration: 16	1460	1460	1748.04	2315
Iteration: 17	1460	1524	1773.07	2254
Iteration: 18	1460	1530	1777.24	2430
Iteration: 19	1460	1538	1771.35	2737
Iteration: 20	1460	1487	1774.45	2304
Iteration: 21	1460	1496	1796.03	2235
Iteration: 22	1460	1524	1752.18	2216
Iteration: 23	1460	1492	1799.58	2378
Iteration: 24	1460	1543	1767.89	2528
Iteration: 25	1460	1461	1749.06	2117
Iteration: 26	1460	1512	1773.44	2272
Iteration: 27	1460	1473	1771.92	2149
Iteration: 28	1460	1541	1775.77	2394
Iteration: 29	1460	1520	1785.39	2322
Iteration: 30	1460	1484	1810.36	2486
Iteration: 31	1460	1541	1778.8	2341
Iteration: 32	1460	1525	1766.15	2441
Iteration: 33	1460	1534	1762.18	2145
Iteration: 34	1460	1485	1777.85	2363
Iteration: 35	1460	1510	1797.62	2305
Iteration: 36	1460	1514	1778.01	2420
Iteration: 37	1460	1510	1767.49	2163
Iteration: 38	1460	1515	1774.96	2267
Iteration: 39	1460	1489	1760.4	2330
Iteration: 40	1460	1543	1737.68	2067
Iteration: 41	1460	1565	1766.27	2340
Iteration: 42	1460	1515	1795.42	2460
Iteration: 43	1460	1536	1765.85	2235
Iteration: 44	1460	1516	1764.9	2270
Iteration: 45	1433	1433	1743.63	2171
Iteration: 46	1433	1573	1759.1	2350
Iteration: 47	1433	1502	1767.69	2158
Iteration: 48	1433	1547	1757.78	2097
Iteration: 49	1433	1515	1771.04	2319
Iteration: 50	1433	1534	1754.45	2204
Iteration: 51	1433	1535	1763.53	2242
Iteration: 52	1433	1526	1783.28	2475
Iteration: 53	1433	1487	1752.13	2222
Iteration: 54	1433	1515	1784.68	2448
Iteration: 55	1433	1529	1773.78	2200
Iteration: 56	1433	1520	1784.88	2305
Iteration: 57	1433	1485	1760.35	2571
Iteration: 58	1433	1519	1765.51	2325
Iteration: 59	1433	1536	1780.65	2233
Iteration: 60	1433	1440	1782.71	2250
Iteration: 61	1433	1509	1792.71	2369
Iteration: 62	1433	1540	1786.12	2388
Iteration: 63	1433	1508	1771.9	2133
Iteration: 64	1433	1527	1765.23	2373
Iteration: 65	1433	1523	1762.55	2247
Iteration: 66	1433	1486	1775.98	2341
Iteration: 67	1433	1533	1783.65	2513
Iteration: 68	1433	1552	1797.8	2596
Iteration: 69	1433	1527	1756.28	2233
Iteration: 70	1433	1551	1777.18	2132
Iteration: 71	1433	1492	1759.46	2254
Iteration: 72	1433	1567	1778.89	2198
Iteration: 73	1433	1502	1760.7	2233
Iteration: 74	1433	1536	1791.56	2293
Iteration: 75	1433	1519	1750.77	2300
Iteration: 76	1433	1533	1760.42	2139
Iteration: 77	1433	1512	1748.95	2079
Iteration: 78	1433	1535	1778.72	2204
Iteration: 79	1433	1495	1767.24	2240
Iteration: 80	1433	1482	1787.18	2318
Iteration: 81	1433	1549	1757.75	2306
Iteration: 82	1433	1467	1776.5	2248
Iteration: 83	1433	1522	1776.28	2398
Iteration: 84	1433	1484	1751.64	2129
Iteration: 85	1433	1510	1751.75	2169
Iteration: 86	1433	1506	1772.05	2132
Iteration: 87	1433	1508	1769.04	2059
Iteration: 88	1433	1495	1772.03	2345
Iteration: 89	1433	1446	1774.24	2277
Iteration: 90	1433	1526	1768.1	2319
Iteration: 91	1433	1499	1776.22	2356
Iteration: 92	1433	1539	1778.92	2356
Iteration: 93	1433	1548	1777.71	2331
Iteration: 94	1433	1477	1757.3	2083
Iteration: 95	1433	1559	1783.06	2260
Iteration: 96	1433	1510	1768.66	2394
Iteration: 97	1433	1533	1777.42	2237
Iteration: 98	1433	1515	1754.12	2050
Iteration: 99	1433	1529	1759.51	2111
Iteration: 100	1433	1539	1776.22	2191
Iteration: 101	1433	1471	1760.26	2183
Iteration: 102	1433	1514	1769.27	2382
Iteration: 103	1433	1539	1766.54	2311
Iteration: 104	1433	1501	1766.93	2331
Iteration: 105	1433	1441	1750.31	1982
Iteration: 106	1433	1543	1744.19	2266
Iteration: 107	1433	1528	1771.47	2273
Iteration: 108	1433	1517	1761.68	2230
Iteration: 109	1433	1563	1768	2339
Iteration: 110	1433	1554	1764.07	2229
Iteration: 111	1433	1493	1782.62	2233
Iteration: 112	1433	1550	1757.46	2272
Iteration: 113	1433	1531	1783.45	2483
Iteration: 114	1433	1538	1770.89	2280
Iteration: 115	1433	1510	1775.84	2352
Iteration: 116	1433	1543	1769.25	2290
Iteration: 117	1433	1547	1749.46	2172
Iteration: 118	1433	1546	1764.71	2261
Iteration: 119	1433	1463	1785.79	2207
Iteration: 120	1433	1503	1766.87	2199
Iteration: 121	1433	1481	1742.35	2187
Iteration: 122	1433	1512	1782.05	2392
Iteration: 123	1433	1511	1753.64	2205
Iteration: 124	1433	1549	1766.3	2196
Iteration: 125	1433	1507	1795.85	2467
Iteration: 126	1433	1446	1740.58	2217
Iteration: 127	1433	1490	1779.21	2151
Iteration: 128	1433	1542	1778.25	2432
Iteration: 129	1433	1534	1791.61	2219
Iteration: 130	1433	1533	1747.6	2497
Iteration: 131	1433	1518	1755.35	2319
Iteration: 132	1433	1530	1776.95	2458
Iteration: 133	1433	1518	1760.53	2114
Iteration: 134	1433	1452	1754.23	2286
Iteration: 135	1433	1551	1765.14	2181
Iteration: 136	1433	1569	1755.53	2301
Iteration: 137	1433	1508	1767.66	2221
Iteration: 138	1433	1515	1750.5	2507
Iteration: 139	1433	1522	1756.09	2268
Iteration: 140	1433	1532	1780.32	2295
Iteration: 141	1433	1558	1793.94	2241
Iteration: 142	1433	1477	1798.63	2223
Iteration: 143	1433	1527	1778.12	2187
Iteration: 144	1433	1517	1770.46	2231
Iteration: 145	1433	1540	1744.82	2213
Iteration: 146	1433	1545	1760.18	2287
Iteration: 147	1433	1512	1772.9	2296
Iteration: 148	1433	1522	1775.13	2279
Iteration: 149	1433	1562	1797.13	2205
Iteration: 150	1433	1464	1767.72	2263
Iteration: 151	1433	1504	1758.82	2234
Iteration: 152	1433	1535	1770.69	2232
Iteration: 153	1433	1522	1786.66	2497
Iteration: 154	1433	1456	1789.94	2276
Iteration: 155	1433	1512	1765.57	2316
Iteration: 156	1433	1551	1748.34	2261
Iteration: 157	1433	1536	1756.17	2317
Iteration: 158	1433	1517	1763.38	2187
Iteration: 159	1433	1542	1787	2242
Iteration: 160	1433	1536	1773.7	2227
Iteration: 161	1433	1510	1742.02	2073
Iteration: 162	1433	1485	1746.21	1982
Iteration: 163	1433	1449	1753.02	2161
Iteration: 164	1433	1549	1783.74	2152
Iteration: 165	1433	1508	1787.57	2202
Iteration: 166	1433	1517	1778.29	2280
Iteration: 167	1433	1492	1775.38	2428
Iteration: 168	1433	1500	1762.99	2674
Iteration: 169	1433	1532	1768.45	2079
Iteration: 170	1433	1462	1772.24	2550
Iteration: 171	1433	1544	1780.71	2336
Iteration: 172	1433	1538	1768.18	2219
Iteration: 173	1433	1519	1764.57	2021
Iteration: 174	1433	1551	1746.85	2274
Iteration: 175	1433	1480	1750.45	2182
Iteration: 176	1433	1506	1756.98	2127
Iteration: 177	1433	1538	1779.94	2179
Iteration: 178	1433	1559	1761.64	2153
Iteration: 179	1433	1527	1754.51	2115
Iteration: 180	1433	1506	1766.57	2170
Iteration: 181	1433	1510	1770.36	2393
Iteration: 182	1433	1508	1761.06	2131
Iteration: 183	1433	1493	1786.07	2320
Iteration: 184	1433	1484	1754.78	2274
Iteration: 185	1433	1554	1765.89	2370
Iteration: 186	1433	1514	1767.46	2296
Iteration: 187	1433	1512	1774.75	2316
Iteration: 188	1433	1507	1775.1	2255
Iteration: 189	1433	1508	1760.03	2135
Iteration: 190	1433	1519	1767.1	1997
Iteration: 191	1433	1518	1782.44	2316
Iteration: 192	1433	1575	1745.81	2078
Iteration: 193	1433	1499	1790.54	2349
Iteration: 194	1433	1529	1766.41	2221
Iteration: 195	1433	1532	1764.09	2139
Iteration: 196	1433	1565	1798.31	2533
Iteration: 197	1433	1530	1754.63	2206
Iteration: 198	1433	1528	1776.71	2152
Iteration: 199	1433	1547	1769.05	2166
Iteration: 200	1433	1525	1781.14	2175
Iteration: 201	1433	1507	1767.38	2289
Iteration: 202	1433	1561	1786.85	2176
Iteration: 203	1433	1518	1762.65	2146
Iteration: 204	1433	1519	1758.42	2122
Iteration: 205	1433	1499	1788.26	2176
Iteration: 206	1433	1492	1779.84	2230
Iteration: 207	1433	1499	1772.09	2178
Iteration: 208	1433	1490	1763.8	2411
Iteration: 209	1433	1537	1762.56	2170
Iteration: 210	1433	1548	1776.62	2416
Iteration: 211	1433	1504	1766.9	2422
Iteration: 212	1433	1529	1761.06	2134
Iteration: 213	1433	1564	1757.14	2213
Iteration: 214	1433	1502	1760.4	2179
Iteration: 215	1433	1489	1762.45	2133
Iteration: 216	1433	1516	1791.64	2338
Iteration: 217	1433	1493	1749.24	2175
Iteration: 218	1433	1489	1749.42	2136
Iteration: 219	1433	1539	1767.62	2573
Iteration: 220	1433	1525	1780.63	2226
Iteration: 221	1433	1489	1756.8	2034
Iteration: 222	1433	1493	1768.27	2260
Iteration: 223	1433	1518	1763.19	2145
Iteration: 224	1433	1543	1758.94	2250
Iteration: 225	1433	1520	1754.29	2348
Iteration: 226	1433	1511	1760.18	2249
Iteration: 227	1433	1533	1756.1	2181
Iteration: 228	1433	1434	1753.49	2202
Iteration: 229	1433	1528	1765.49	2197
Iteration: 230	1433	1523	1791.37	2165
Iteration: 231	1433	1547	1775.54	2146
Iteration: 232	1433	1518	1765.36	2264
Iteration: 233	1433	1447	1747.81	2204
Iteration: 234	1433	1564	1784.6	2306
Iteration: 235	1433	1508	1770.82	2281
Iteration: 236	1433	1525	1765.81	2301
Iteration: 237	1433	1502	1766.53	2290
Iteration: 238	1433	1542	1791.63	2385
Iteration: 239	1433	1508	1774.49	2228
Iteration: 240	1433	1480	1766.93	2175
Iteration: 241	1433	1555	1754.76	2132
Iteration: 242	1433	1459	1765.79	2218
Iteration: 243	1433	1522	1766.37	2227
Iteration: 244	1433	1538	1782.6	2318
Iteration: 245	1433	1503	1749.66	2085
Iteration: 246	1433	1498	1746.36	2229
Iteration: 247	1433	1556	1770.03	2473
Iteration: 248	1433	1564	1793.82	2342
Iteration: 249	1433	1517	1773.48	2176
Iteration: 250	1433	1521	1796.1	2105
Iteration: 251	1433	1535	1782.2	2255
Iteration: 252	1433	1505	1766.61	2206
Iteration: 253	1433	1507	1763.51	2161
Iteration: 254	1433	1564	1761.91	2035
Iteration: 255	1433	1496	1773.2	2221
Iteration: 256	1433	1556	1764.34	2215
Iteration: 257	1433	1494	1738.65	2196
Iteration: 258	1433	1499	1749.29	2130
Iteration: 259	1433	1500	1723.53	2086
Iteration: 260	1433	1511	1764.22	2268
Iteration: 261	1433	1524	1755.71	2107
Iteration: 262	1433	1514	1771.27	2228
Iteration: 263	1433	1539	1759.94	2155
Iteration: 264	1433	1555	1765.6	2240
Iteration: 265	1433	1468	1788.01	2467
Iteration: 266	1433	1557	1772.01	2301
Iteration: 267	1433	1552	1780.25	2233
Iteration: 268	1433	1543	1771.46	2317
Iteration: 269	1433	1531	1794.79	2284
Iteration: 270	1394	1394	1760.03	2198
Iteration: 271	1394	1528	1775.83	2308
Iteration: 272	1394	1521	1768.52	2197
Iteration: 273	1394	1495	1757.92	2226
Iteration: 274	1394	1507	1791.66	2325
Iteration: 275	1394	1515	1783.3	2315
Iteration: 276	1394	1487	1752.58	2226
Iteration: 277	1394	1503	1780.19	2259
Iteration: 278	1394	1553	1766.42	2226
Iteration: 279	1394	1556	1775.7	2194
Iteration: 280	1394	1557	1783.5	2206
Iteration: 281	1394	1485	1762.29	2323
Iteration: 282	1394	1516	1762.31	2144
Iteration: 283	1394	1457	1779.79	2217
Iteration: 284	1394	1548	1777.66	2415
Iteration: 285	1394	1522	1775.5	2194
Iteration: 286	1394	1559	1780.04	2242
Iteration: 287	1394	1517	1791.19	2244
Iteration: 288	1394	1537	1753.8	2156
Iteration: 289	1394	1539	1785.08	2247
Iteration: 290	1394	1531	1774.74	2197
Iteration: 291	1394	1573	1772.34	2403
Iteration: 292	1394	1557	1803.74	2216
Iteration: 293	1394	1530	1766	2240
Iteration: 294	1394	1573	1770.72	2273
Iteration: 295	1394	1482	1775.35	2132
Iteration: 296	1394	1499	1765.5	2236
Iteration: 297	1394	1511	1792.48	2541
Iteration: 298	1394	1539	1791.34	2345
Iteration: 299	1394	1489	1797.37	2359
Iteration: 300	1394	1528	1773.35	2183
Iteration: 301	1394	1474	1773.44	2350
Iteration: 302	1394	1515	1778.84	2124
Iteration: 303	1394	1512	1762.72	2164
Iteration: 304	1394	1459	1787.29	2277
Iteration: 305	1394	1512	1773.59	2308
Iteration: 306	1394	1527	1799.19	2327
Iteration: 307	1394	1530	1771.38	2250
Iteration: 308	1394	1510	1767.12	2104
Iteration: 309	1394	1532	1780.48	2390
Iteration: 310	1394	1547	1777.21	2379
Iteration: 311	1394	1516	1771.81	2197
Iteration: 312	1394	1554	1776.28	2292
Iteration: 313	1394	1544	1782.09	2160
Iteration: 314	1394	1485	1781.71	2284
Iteration: 315	1394	1478	1767.33	2327
Iteration: 316	1394	1532	1771.48	2278
Iteration: 317	1394	1548	1766.82	2190
Iteration: 318	1394	1538	1759.5	2161
Iteration: 319	1394	1520	1771.33	2125
Iteration: 320	1394	1520	1768.14	2252
Iteration: 321	1394	1529	1756.27	2278
Iteration: 322	1394	1499	1759.48	2481
Iteration: 323	1394	1464	1759.06	2176
Iteration: 324	1394	1531	1749.68	2243
Iteration: 325	1394	1544	1773.86	2271
Iteration: 326	1394	1464	1752.04	2118
Iteration: 327	1394	1547	1750.46	2130
Iteration: 328	1394	1550	1756.42	2129
Iteration: 329	1394	1517	1746.97	2300
Iteration: 330	1394	1472	1779.35	2280
Iteration: 331	1394	1541	1787.34	2323
Iteration: 332	1394	1474	1793.16	2345
Iteration: 333	1394	1529	1757.73	2370
Iteration: 334	1394	1506	1756.09	2276
Iteration: 335	1394	1542	1769.26	2168
Iteration: 336	1394	1562	1746.62	2100
Iteration: 337	1394	1524	1764	2265
Iteration: 338	1394	1508	1777.17	2256
Iteration: 339	1394	1552	1769.78	2227
Iteration: 340	1394	1507	1786.98	2249
Iteration: 341	1394	1547	1787.71	2219
Iteration: 342	1394	1556	1777.41	2203
Iteration: 343	1394	1550	1769.18	2248
Iteration: 344	1394	1529	1752.01	2273
Iteration: 345	1394	1527	1751	2253
Iteration: 346	1394	1542	1768.01	2213
Iteration: 347	1394	1511	1744.67	2053
Iteration: 348	1394	1488	1774.97	2474
Iteration: 349	1394	1531	1786.14	2181
Iteration: 350	1394	1546	1796.49	2354
Iteration: 351	1394	1549	1760.36	2470
Iteration: 352	1394	1480	1780.32	2341
Iteration: 353	1394	1469	1761.78	2078
Iteration: 354	1394	1525	1761.35	2098
Iteration: 355	1394	1550	1762.72	2246
Iteration: 356	1394	1485	1755.71	2421
Iteration: 357	1394	1540	1758.48	2113
Iteration: 358	1394	1489	1744.24	2220
Iteration: 359	1394	1496	1772.73	2107
Iteration: 360	1394	1536	1750.74	2126
Iteration: 361	1394	1572	1772.37	2245
Iteration: 362	1394	1537	1757.12	2246
Iteration: 363	1394	1550	1760.46	2086
Iteration: 364	1394	1569	1795.44	2150
Iteration: 365	1394	1499	1774.08	2319
Iteration: 366	1394	1526	1752.8	2061
Iteration: 367	1394	1512	1772.88	2206
Iteration: 368	1394	1533	1760.69	2123
Iteration: 369	1394	1516	1754.93	2229
Iteration: 370	1394	1501	1755.94	2273
Iteration: 371	1394	1538	1781.81	2299
Iteration: 372	1394	1571	1766.71	2260
Iteration: 373	1394	1560	1765.05	2096
Iteration: 374	1394	1513	1784.45	2555
Iteration: 375	1394	1513	1774.06	2204
Iteration: 376	1394	1503	1752.75	2178
Iteration: 377	1394	1569	1794.77	2313
Iteration: 378	1394	1536	1757.78	2165
Iteration: 379	1394	1487	1761.64	2270
Iteration: 380	1394	1560	1774.44	2228
Iteration: 381	1394	1467	1761.44	2171
Iteration: 382	1394	1523	1756.85	2185
Iteration: 383	1394	1580	1763.79	2504
Iteration: 384	1394	1534	1794.48	2403
Iteration: 385	1394	1502	1777.96	2401
Iteration: 386	1394	1521	1769.03	2236
Iteration: 387	1394	1437	1756.61	2162
Iteration: 388	1394	1530	1788.43	2261
Iteration: 389	1394	1570	1764.78	2214
Iteration: 390	1394	1549	1757.23	2164
Iteration: 391	1394	1522	1774.23	2383
Iteration: 392	1394	1504	1742.83	2067
Iteration: 393	1394	1533	1773.08	2402
Iteration: 394	1394	1506	1758.43	2173
Iteration: 395	1394	1520	1784.01	2596
Iteration: 396	1394	1486	1796	2408
Iteration: 397	1394	1532	1765.2	2543
Iteration: 398	1394	1518	1758.13	2246
Iteration: 399	1394	1541	1784.21	2404
Iteration: 400	1394	1549	1794.84	2331
Iteration: 401	1394	1522	1754.4	2194
Iteration: 402	1394	1510	1767.89	2144
Iteration: 403	1394	1537	1770.4	2212
Iteration: 404	1394	1529	1798.22	2218
Iteration: 405	1394	1534	1748.35	2178
Iteration: 406	1394	1531	1788.58	2219
Iteration: 407	1394	1547	1786.62	2265
Iteration: 408	1394	1570	1765.45	2284
Iteration: 409	1394	1472	1796.82	2261
Iteration: 410	1394	1541	1771.35	2349
Iteration: 411	1394	1549	1763.8	2120
Iteration: 412	1394	1534	1748.73	2286
Iteration: 413	1394	1565	1779.08	2192
Iteration: 414	1394	1499	1774.83	2258
Iteration: 415	1394	1516	1774.43	2168
Iteration: 416	1394	1467	1743.53	2253
Iteration: 417	1394	1559	1760.38	2199
Iteration: 418	1394	1532	1739.43	2184
Iteration: 419	1394	1478	1787.15	2458
Iteration: 420	1394	1507	1776.19	2187
Iteration: 421	1394	1505	1747.26	2149
Iteration: 422	1394	1429	1735.47	2156
Iteration: 423	1394	1500	1770.9	2253
Iteration: 424	1394	1565	1744.57	1975
Iteration: 425	1394	1509	1785.04	2151
Iteration: 426	1394	1521	1753.77	2170
Iteration: 427	1394	1470	1768.63	2159
Iteration: 428	1394	1508	1741.21	2100
Iteration: 429	1394	1520	1763.14	2160
Iteration: 430	1394	1469	1800.23	2306
Iteration: 431	1394	1483	1749.31	2101
Iteration: 432	1394	1500	1761.89	2137
Iteration: 433	1394	1511	1748.81	2090
Iteration: 434	1394	1532	1783.05	2264
Iteration: 435	1394	1528	1761.32	2119
Iteration: 436	1394	1510	1765.5	2119
Iteration: 437	1394	1504	1763.44	2235
Iteration: 438	1394	1525	1762.35	2216
Iteration: 439	1394	1484	1747.34	2178
Iteration: 440	1394	1532	1787.87	2340
Iteration: 441	1394	1554	1769.08	2160
Iteration: 442	1394	1545	1748.67	2335
Iteration: 443	1394	1450	1769.11	2077
Iteration: 444	1394	1487	1746.42	2124
Iteration: 445	1394	1525	1768.94	2163
Iteration: 446	1394	1484	1763.25	2200
Iteration: 447	1394	1478	1784.64	2352
Iteration: 448	1394	1490	1770.39	2388
Iteration: 449	1394	1514	1786.94	2412
Iteration: 450	1394	1505	1774.6	2198
Iteration: 451	1394	1527	1771.35	2156
Iteration: 452	1394	1481	1767.58	2183
Iteration: 453	1394	1543	1756.71	2269
Iteration: 454	1394	1491	1752.63	2223
Iteration: 455	1394	1520	1756.18	2161
Iteration: 456	1394	1461	1776.13	2213
Iteration: 457	1394	1562	1799.01	2274
Iteration: 458	1394	1523	1774.29	2201
Iteration: 459	1394	1543	1790.18	2274
Iteration: 460	1394	1432	1767.43	2342
Iteration: 461	1394	1537	1761.51	2470
Iteration: 462	1394	1532	1759.2	2108
Iteration: 463	1394	1526	1765.06	2205
Iteration: 464	1394	1473	1754.72	2090
Iteration: 465	1394	1559	1757.2	2268
Iteration: 466	1394	1528	1772.13	2183
Iteration: 467	1394	1528	1790.01	2403
Iteration: 468	1394	1564	1775.28	2219
Iteration: 469	1394	1538	1751.51	2167
Iteration: 470	1394	1513	1754.6	2152
Iteration: 471	1394	1502	1775.8	2220
Iteration: 472	1394	1497	1770.28	2403
Iteration: 473	1394	1559	1771.39	2650
Iteration: 474	1394	1525	1761.95	2416
Iteration: 475	1394	1563	1761.79	2149
Iteration: 476	1394	1496	1747.93	2140
Iteration: 477	1394	1483	1770.22	2175
Iteration: 478	1394	1502	1775.95	2226
Iteration: 479	1394	1498	1766.23	2248
Iteration: 480	1394	1518	1752.27	2098
Iteration: 481	1394	1560	1779.35	2134
Iteration: 482	1394	1553	1785.08	2299
Iteration: 483	1394	1530	1790.47	2168
Iteration: 484	1394	1504	1778.52	2369
Iteration: 485	1394	1471	1742.66	2110
Iteration: 486	1394	1606	1773.92	2140
Iteration: 487	1394	1559	1774.09	2295
Iteration: 488	1394	1434	1787.31	2131
Iteration: 489	1394	1475	1753.9	2125
Iteration: 490	1394	1507	1753.98	2370
Iteration: 491	1394	1522	1755.75	2083
Iteration: 492	1394	1506	1785.78	2169
Iteration: 493	1394	1474	1775.43	2222
Iteration: 494	1394	1533	1773.32	2333
Iteration: 495	1394	1525	1797.9	2354
Iteration: 496	1394	1545	1751.47	2289
Iteration: 497	1394	1503	1779.75	2237
Iteration: 498	1394	1568	1782.24	2258
Iteration: 499	1394	1501	1765.25	2210
