Iteration: 0	1497	1497	1770.17	2335
Iteration: 1	1470	1470	1765.52	2088
Iteration: 2	1470	1568	1819.79	2279
Iteration: 3	1470	1572	1795.94	2365
Iteration: 4	1470	1539	1779.66	2148
Iteration: 5	1470	1574	1798.76	2477
Iteration: 6	1470	1501	1813.6	2365
Iteration: 7	1470	1540	1779.83	2184
Iteration: 8	1470	1531	1795.88	2239
Iteration: 9	1470	1487	1766.58	2339
Iteration: 10	1470	1523	1797.12	2355
Iteration: 11	1470	1577	1788.84	2317
Iteration: 12	1470	1535	1773.75	2330
Iteration: 13	1470	1532	1754.41	2153
Iteration: 14	1470	1567	1782.81	2218
Iteration: 15	1470	1499	1791.39	2191
Iteration: 16	1470	1542	1799.75	2370
Iteration: 17	1470	1520	1779.61	2194
Iteration: 18	1470	1529	1767.88	2202
Iteration: 19	1470	1528	1791.1	2221
Iteration: 20	1470	1553	1766.2	2337
Iteration: 21	1470	1523	1757.58	2091
Iteration: 22	1470	1521	1757.15	2209
Iteration: 23	1470	1526	1757.63	2213
Iteration: 24	1470	1484	1743.92	2057
Iteration: 25	1470	1564	1769.47	2308
Iteration: 26	1470	1540	1807.76	2171
Iteration: 27	1470	1551	1784.3	2284
Iteration: 28	1470	1532	1792.03	2167
Iteration: 29	1470	1563	1759.61	2135
Iteration: 30	1470	1558	1768.52	2372
Iteration: 31	1470	1509	1750.8	2103
Iteration: 32	1470	1529	1764.79	2153
Iteration: 33	1470	1513	1769.65	2357
Iteration: 34	1470	1574	1772.28	2118
Iteration: 35	1470	1478	1759.07	2230
Iteration: 36	1470	1535	1741.92	2227
Iteration: 37	1470	1502	1774.16	2312
Iteration: 38	1470	1498	1751.74	2256
Iteration: 39	1470	1486	1752.5	2232
Iteration: 40	1470	1505	1766.47	2165
Iteration: 41	1470	1520	1783.24	2207
Iteration: 42	1470	1524	1766.31	2112
Iteration: 43	1470	1495	1770.83	2391
Iteration: 44	1470	1519	1733.13	2012
Iteration: 45	1470	1521	1776.72	2406
Iteration: 46	1470	1520	1760.87	2158
Iteration: 47	1470	1525	1747.94	2063
Iteration: 48	1470	1516	1778.2	2319
Iteration: 49	1470	1529	1770.29	2194
Iteration: 50	1470	1531	1788.1	2403
Iteration: 51	1470	1534	1779.41	2370
Iteration: 52	1470	1527	1797.94	2291
Iteration: 53	1470	1483	1763.26	2168
Iteration: 54	1470	1476	1754.01	2096
Iteration: 55	1470	1490	1757.85	2139
Iteration: 56	1470	1530	1782.13	2392
Iteration: 57	1470	1488	1769.14	2309
Iteration: 58	1470	1532	1757.56	2196
Iteration: 59	1470	1486	1764.54	2143
Iteration: 60	1470	1546	1765.26	2207
Iteration: 61	1470	1524	1770.93	2305
Iteration: 62	1470	1528	1788.33	2301
Iteration: 63	1470	1536	1776.6	2302
Iteration: 64	1470	1486	1788.93	2234
Iteration: 65	1470	1516	1773.7	2149
Iteration: 66	1470	1521	1771.9	2292
Iteration: 67	1470	1507	1779.64	2303
Iteration: 68	1470	1528	1764.18	2165
Iteration: 69	1470	1504	1778.64	2711
Iteration: 70	1470	1519	1754.86	2169
Iteration: 71	1470	1576	1806.35	2370
Iteration: 72	1470	1508	1776.07	2145
Iteration: 73	1470	1537	1792.96	2181
Iteration: 74	1470	1571	1772.29	2182
Iteration: 75	1470	1505	1756.98	2239
Iteration: 76	1470	1517	1777.19	2280
Iteration: 77	1470	1510	1769.46	2194
Iteration: 78	1470	1512	1778.95	2427
Iteration: 79	1404	1404	1740.27	2228
Iteration: 80	1404	1516	1761.16	2160
Iteration: 81	1404	1527	1775.99	2314
Iteration: 82	1404	1559	1764.78	2412
Iteration: 83	1404	1529	1779.35	2434
Iteration: 84	1404	1538	1752.13	2299
Iteration: 85	1404	1516	1772.64	2340
Iteration: 86	1404	1539	1770.47	2301
Iteration: 87	1404	1547	1761.62	2202
Iteration: 88	1404	1516	1777.7	2489
Iteration: 89	1404	1445	1756.78	2245
Iteration: 90	1404	1511	1758.39	2183
Iteration: 91	1404	1524	1792.21	2226
Iteration: 92	1404	1530	1774.71	2164
Iteration: 93	1404	1502	1797.21	2270
Iteration: 94	1404	1466	1780.8	2128
Iteration: 95	1404	1524	1786.36	2488
Iteration: 96	1404	1553	1758.39	2134
Iteration: 97	1404	1444	1786.08	2333
Iteration: 98	1404	1527	1743.92	2230
Iteration: 99	1404	1545	1771.44	2333
Iteration: 100	1404	1499	1785.62	2138
Iteration: 101	1404	1561	1760.53	2138
Iteration: 102	1404	1566	1781.17	2312
Iteration: 103	1404	1533	1761.37	2140
Iteration: 104	1404	1497	1772.74	2392
Iteration: 105	1404	1502	1769.24	2312
Iteration: 106	1404	1450	1765.86	2168
Iteration: 107	1404	1497	1780.27	2181
Iteration: 108	1404	1527	1780.82	2609
Iteration: 109	1404	1532	1760.51	2045
Iteration: 110	1404	1461	1745.63	2119
Iteration: 111	1404	1522	1759.1	2275
Iteration: 112	1404	1521	1743.63	2210
Iteration: 113	1404	1537	1765.58	2140
Iteration: 114	1404	1523	1766.25	2071
Iteration: 115	1404	1511	1778.88	2236
Iteration: 116	1404	1523	1778.53	2344
Iteration: 117	1404	1475	1768.72	2240
Iteration: 118	1404	1534	1767.93	2180
Iteration: 119	1404	1557	1785.41	2234
Iteration: 120	1404	1478	1764.64	2248
Iteration: 121	1404	1523	1773.1	2570
Iteration: 122	1404	1557	1802.81	2307
Iteration: 123	1404	1549	1764.26	2110
Iteration: 124	1404	1536	1763.24	2277
Iteration: 125	1404	1482	1799.57	2364
Iteration: 126	1404	1499	1799.39	2371
Iteration: 127	1404	1490	1774.19	2530
Iteration: 128	1404	1532	1782.22	2234
Iteration: 129	1404	1512	1737.69	2053
Iteration: 130	1404	1548	1777.13	2207
Iteration: 131	1404	1513	1768.26	2134
Iteration: 132	1404	1461	1777.71	2534
Iteration: 133	1404	1550	1775.03	2344
Iteration: 134	1404	1461	1784.31	2355
Iteration: 135	1404	1506	1762.94	2190
Iteration: 136	1404	1551	1749.97	2148
Iteration: 137	1404	1532	1761.35	2305
Iteration: 138	1404	1538	1764.43	2285
Iteration: 139	1404	1560	1767.42	2176
Iteration: 140	1404	1549	1753.64	2617
Iteration: 141	1404	1481	1758.38	2328
Iteration: 142	1404	1531	1784.79	2154
Iteration: 143	1404	1490	1789.21	2261
Iteration: 144	1404	1539	1766.3	2440
Iteration: 145	1404	1530	1766.08	2161
Iteration: 146	1404	1546	1777.35	2248
Iteration: 147	1404	1530	1762.54	2226
Iteration: 148	1404	1538	1774.95	2290
Iteration: 149	1404	1486	1755.21	2235
Iteration: 150	1404	1500	1779.39	2269
Iteration: 151	1404	1552	1788.11	2360
Iteration: 152	1404	1533	1759.57	2323
Iteration: 153	1404	1452	1770.46	2530
Iteration: 154	1404	1481	1763.15	2256
Iteration: 155	1404	1511	1755.39	2276
Iteration: 156	1404	1501	1773.05	2306
Iteration: 157	1404	1505	1764.58	2220
Iteration: 158	1404	1572	1745.1	2291
Iteration: 159	1404	1523	1744.36	2282
Iteration: 160	1404	1573	1747.78	2218
Iteration: 161	1404	1529	1777.02	2356
Iteration: 162	1404	1487	1759.6	2457
Iteration: 163	1404	1487	1794.53	2428
Iteration: 164	1404	1548	1781.18	2418
Iteration: 165	1404	1506	1746.09	2289
Iteration: 166	1404	1525	1783.77	2350
Iteration: 167	1404	1555	1781.52	2252
Iteration: 168	1404	1510	1760.44	2370
Iteration: 169	1404	1518	1751.46	2261
Iteration: 170	1404	1493	1753	2470
Iteration: 171	1404	1510	1787.55	2200
Iteration: 172	1404	1553	1788.12	2263
Iteration: 173	1404	1520	1776.59	2313
Iteration: 174	1404	1473	1785.16	2209
Iteration: 175	1404	1492	1768.92	2305
Iteration: 176	1404	1503	1765.91	2343
Iteration: 177	1404	1495	1772.35	2295
Iteration: 178	1404	1541	1771.57	2172
Iteration: 179	1404	1479	1771.95	2368
Iteration: 180	1404	1452	1746.19	2065
Iteration: 181	1404	1509	1758.94	2132
Iteration: 182	1404	1495	1764.96	2375
Iteration: 183	1404	1522	1769.19	2435
Iteration: 184	1404	1517	1772.51	2382
Iteration: 185	1404	1543	1774.74	2163
Iteration: 186	1404	1469	1757.78	2208
Iteration: 187	1404	1502	1775.28	2328
Iteration: 188	1404	1501	1786.16	2126
Iteration: 189	1404	1499	1784.26	2375
Iteration: 190	1404	1505	1765.88	2386
Iteration: 191	1404	1509	1769.12	2180
Iteration: 192	1404	1476	1781.85	2382
Iteration: 193	1404	1506	1764.01	2251
Iteration: 194	1404	1537	1757.23	2127
Iteration: 195	1404	1515	1776.71	2295
Iteration: 196	1404	1545	1756.46	2241
Iteration: 197	1404	1525	1759.92	2274
Iteration: 198	1404	1501	1771.81	2154
Iteration: 199	1404	1519	1798.37	2566
Iteration: 200	1404	1541	1755.29	2220
Iteration: 201	1404	1462	1745.36	2139
Iteration: 202	1404	1507	1775.67	2270
Iteration: 203	1404	1479	1773.64	2463
Iteration: 204	1404	1448	1788.69	2476
Iteration: 205	1404	1507	1754.72	2323
Iteration: 206	1404	1495	1782.95	2433
Iteration: 207	1404	1547	1742.88	2229
Iteration: 208	1404	1560	1781.84	2365
Iteration: 209	1404	1477	1784.24	2280
Iteration: 210	1404	1546	1760.46	2204
Iteration: 211	1404	1531	1766.71	2216
Iteration: 212	1404	1492	1748.92	2108
Iteration: 213	1404	1574	1790.15	2584
Iteration: 214	1404	1497	1786.67	2253
Iteration: 215	1404	1512	1766.19	2171
Iteration: 216	1404	1499	1779.65	2356
Iteration: 217	1404	1497	1780.42	2299
Iteration: 218	1404	1527	1750.44	2228
Iteration: 219	1404	1524	1768.31	2256
Iteration: 220	1404	1467	1767.2	2268
Iteration: 221	1404	1543	1777.23	2257
Iteration: 222	1404	1556	1766.94	2146
Iteration: 223	1404	1568	1748.56	2203
Iteration: 224	1404	1574	1772.96	2276
Iteration: 225	1404	1549	1796.35	2639
Iteration: 226	1404	1520	1766.3	2260
Iteration: 227	1404	1520	1755.98	2019
Iteration: 228	1404	1468	1781.14	2188
Iteration: 229	1404	1485	1760.25	2442
Iteration: 230	1404	1500	1772.5	2176
Iteration: 231	1404	1490	1769.35	2137
Iteration: 232	1404	1520	1781.32	2251
Iteration: 233	1404	1538	1777.94	2150
Iteration: 234	1404	1487	1759.39	2458
Iteration: 235	1404	1491	1778.85	2154
Iteration: 236	1404	1545	1784.73	2171
Iteration: 237	1404	1545	1762.52	2182
Iteration: 238	1404	1562	1770.89	2198
Iteration: 239	1404	1460	1746.42	2268
Iteration: 240	1404	1496	1775.4	2220
Iteration: 241	1404	1565	1775.76	2226
Iteration: 242	1404	1532	1756.16	2296
Iteration: 243	1404	1518	1738.98	2197
Iteration: 244	1404	1474	1750.38	2104
Iteration: 245	1404	1536	1771.91	2276
Iteration: 246	1404	1519	1754.66	2139
Iteration: 247	1404	1518	1768.69	2165
Iteration: 248	1404	1498	1766.51	2288
Iteration: 249	1404	1526	1774.85	2133
Iteration: 250	1404	1477	1739.43	2230
Iteration: 251	1404	1519	1774	2181
Iteration: 252	1404	1520	1761.57	2201
Iteration: 253	1404	1524	1758.69	2103
Iteration: 254	1404	1487	1778.86	2351
Iteration: 255	1404	1559	1751.17	2233
Iteration: 256	1404	1547	1771.61	2347
Iteration: 257	1404	1533	1779.21	2186
Iteration: 258	1404	1498	1762.23	2238
Iteration: 259	1404	1521	1754.41	2044
Iteration: 260	1404	1535	1745.19	2113
Iteration: 261	1404	1516	1753.94	2204
Iteration: 262	1404	1484	1746.17	2217
Iteration: 263	1404	1507	1772.35	2182
Iteration: 264	1404	1571	1780.37	2166
Iteration: 265	1404	1507	1785.36	2230
Iteration: 266	1404	1502	1763.85	2355
Iteration: 267	1404	1511	1769.65	2457
Iteration: 268	1404	1456	1738.98	2248
Iteration: 269	1404	1517	1762.53	2475
Iteration: 270	1404	1546	1782.21	2364
Iteration: 271	1404	1552	1765.79	2207
Iteration: 272	1404	1539	1784.72	2259
Iteration: 273	1404	1524	1762.8	2214
Iteration: 274	1404	1534	1782.12	2159
Iteration: 275	1404	1520	1781.4	2218
Iteration: 276	1404	1501	1745.27	2044
Iteration: 277	1404	1536	1766.37	2155
Iteration: 278	1404	1526	1769.72	2246
Iteration: 279	1404	1542	1777.17	2149
Iteration: 280	1404	1515	1764.61	2227
Iteration: 281	1404	1536	1756.7	2175
Iteration: 282	1404	1547	1768.02	2305
Iteration: 283	1404	1526	1773.89	2174
Iteration: 284	1404	1516	1758.97	2090
Iteration: 285	1404	1570	1769.96	2389
Iteration: 286	1404	1517	1769.64	2204
Iteration: 287	1404	1478	1778.9	2063
Iteration: 288	1404	1508	1765.02	2195
Iteration: 289	1404	1527	1767.47	2124
Iteration: 290	1404	1424	1761.42	2132
Iteration: 291	1404	1524	1752.5	2121
Iteration: 292	1404	1480	1743.38	2111
Iteration: 293	1404	1567	1770.41	2130
Iteration: 294	1404	1549	1793	2335
Iteration: 295	1404	1498	1750.99	2170
Iteration: 296	1404	1519	1749.1	2132
Iteration: 297	1404	1539	1760.57	2552
Iteration: 298	1404	1549	1765.44	2196
Iteration: 299	1404	1542	1802.84	2234
Iteration: 300	1404	1505	1789.67	2336
Iteration: 301	1404	1543	1765.88	2268
Iteration: 302	1404	1509	1778.76	2365
Iteration: 303	1404	1497	1770.02	2430
Iteration: 304	1404	1484	1797.27	2408
Iteration: 305	1404	1487	1768.29	2190
Iteration: 306	1404	1555	1738.2	2272
Iteration: 307	1404	1518	1777.83	2335
Iteration: 308	1404	1553	1766.51	2218
Iteration: 309	1404	1541	1772.05	2192
Iteration: 310	1404	1537	1761.05	2455
Iteration: 311	1404	1530	1771.02	2274
Iteration: 312	1404	1514	1762.63	2132
Iteration: 313	1404	1498	1755.78	2073
Iteration: 314	1404	1541	1752.03	2177
Iteration: 315	1404	1485	1741.03	2183
Iteration: 316	1404	1517	1765.05	2214
Iteration: 317	1404	1497	1774.64	2169
Iteration: 318	1404	1506	1779.32	2528
Iteration: 319	1404	1496	1759.07	2130
Iteration: 320	1404	1510	1799.11	2384
Iteration: 321	1404	1422	1769.03	2182
Iteration: 322	1404	1513	1778.94	2347
Iteration: 323	1404	1429	1775.66	2165
Iteration: 324	1404	1450	1770.98	2296
Iteration: 325	1404	1516	1771.11	2158
Iteration: 326	1404	1495	1779.57	2177
Iteration: 327	1404	1524	1772.57	2175
Iteration: 328	1404	1571	1751.97	2183
Iteration: 329	1404	1537	1759.33	2238
Iteration: 330	1404	1587	1790.43	2443
Iteration: 331	1404	1530	1769.9	2439
Iteration: 332	1404	1529	1750.46	2294
Iteration: 333	1404	1555	1776.2	2289
Iteration: 334	1404	1492	1784.71	2474
Iteration: 335	1404	1516	1769.48	2144
Iteration: 336	1404	1488	1762.47	2118
Iteration: 337	1404	1471	1757.53	2249
Iteration: 338	1404	1525	1770.7	2142
Iteration: 339	1404	1511	1779.44	2217
Iteration: 340	1404	1506	1763	2395
Iteration: 341	1404	1508	1756.46	2155
Iteration: 342	1404	1431	1755.52	2175
Iteration: 343	1404	1538	1776.47	2317
Iteration: 344	1404	1502	1762.94	2298
Iteration: 345	1404	1507	1741.45	2146
Iteration: 346	1404	1534	1772.49	2346
Iteration: 347	1404	1480	1781.66	2224
Iteration: 348	1404	1611	1786.7	2125
Iteration: 349	1404	1521	1746.32	2159
Iteration: 350	1404	1521	1759.57	2071
Iteration: 351	1404	1541	1773.34	2080
Iteration: 352	1404	1483	1765.74	2362
Iteration: 353	1404	1564	1737.79	2178
Iteration: 354	1404	1539	1786.73	2500
Iteration: 355	1404	1469	1785.65	2237
Iteration: 356	1404	1488	1754.96	2326
Iteration: 357	1404	1531	1769.82	2166
Iteration: 358	1404	1511	1768.05	2265
Iteration: 359	1404	1523	1761.46	2298
Iteration: 360	1404	1562	1767.48	2272
Iteration: 361	1404	1551	1783.25	2221
Iteration: 362	1404	1545	1765.3	2354
Iteration: 363	1404	1549	1770.37	2138
Iteration: 364	1404	1544	1769.55	2372
Iteration: 365	1404	1514	1790.26	2507
Iteration: 366	1404	1539	1745.27	2119
Iteration: 367	1404	1554	1795.36	2199
Iteration: 368	1404	1506	1755.98	2089
Iteration: 369	1404	1527	1762.14	2239
Iteration: 370	1404	1532	1771.16	2248
Iteration: 371	1404	1569	1794.05	2503
Iteration: 372	1404	1504	1771.36	2283
Iteration: 373	1404	1468	1763.02	2069
Iteration: 374	1404	1566	1741.84	2185
Iteration: 375	1404	1513	1749.32	2326
Iteration: 376	1404	1557	1756.03	2171
Iteration: 377	1404	1533	1746.04	2298
Iteration: 378	1404	1517	1771.91	2308
Iteration: 379	1404	1516	1795.54	2250
Iteration: 380	1404	1476	1753.2	2131
Iteration: 381	1404	1468	1755.03	2132
Iteration: 382	1404	1536	1756.92	2105
Iteration: 383	1404	1511	1761.4	2271
Iteration: 384	1404	1542	1760.28	2389
Iteration: 385	1404	1527	1737.67	2414
Iteration: 386	1404	1551	1755.81	2220
Iteration: 387	1404	1536	1755.74	2228
Iteration: 388	1404	1530	1764.92	2197
Iteration: 389	1404	1550	1739.3	2317
Iteration: 390	1404	1554	1747.67	2139
Iteration: 391	1404	1502	1764.82	2241
Iteration: 392	1404	1582	1767.22	2048
Iteration: 393	1404	1542	1771.38	2220
Iteration: 394	1404	1526	1745.9	2214
Iteration: 395	1404	1528	1749.99	2076
Iteration: 396	1404	1520	1775.61	2069
Iteration: 397	1404	1495	1755.06	2158
Iteration: 398	1404	1519	1769.84	2213
Iteration: 399	1404	1559	1787.34	2476
Iteration: 400	1404	1526	1781.49	2146
Iteration: 401	1404	1547	1767.3	2471
Iteration: 402	1404	1514	1780.35	2354
Iteration: 403	1404	1515	1777.8	2369
Iteration: 404	1404	1557	1764.41	2365
Iteration: 405	1404	1524	1751.61	2078
Iteration: 406	1404	1519	1778.02	2249
Iteration: 407	1404	1502	1777.36	2282
Iteration: 408	1404	1477	1760.72	2170
Iteration: 409	1404	1468	1753.68	2197
Iteration: 410	1404	1507	1790.46	2570
Iteration: 411	1404	1479	1774	2293
Iteration: 412	1404	1538	1751.85	2142
Iteration: 413	1404	1470	1758.46	2315
Iteration: 414	1404	1484	1773.6	2212
Iteration: 415	1404	1502	1746.48	2235
Iteration: 416	1404	1499	1775.67	2352
Iteration: 417	1404	1512	1793.33	2515
Iteration: 418	1404	1536	1745	2206
Iteration: 419	1404	1527	1774.28	2185
Iteration: 420	1404	1473	1755.96	2325
Iteration: 421	1404	1479	1780.01	2376
Iteration: 422	1404	1469	1784.86	2396
Iteration: 423	1404	1522	1778.67	2166
Iteration: 424	1404	1580	1773.76	2208
Iteration: 425	1404	1523	1751.17	2196
Iteration: 426	1404	1562	1772.11	2135
Iteration: 427	1404	1509	1763.98	2147
Iteration: 428	1404	1558	1777.35	2293
Iteration: 429	1404	1502	1763.21	2042
Iteration: 430	1404	1540	1778.37	2157
Iteration: 431	1404	1549	1753.39	2220
Iteration: 432	1404	1495	1758.68	2287
Iteration: 433	1391	1391	1758.29	2172
Iteration: 434	1391	1511	1762.08	2202
Iteration: 435	1391	1475	1761.3	2021
Iteration: 436	1391	1506	1761.04	2209
Iteration: 437	1391	1480	1762.16	2271
Iteration: 438	1391	1543	1754.32	2115
Iteration: 439	1391	1496	1775.06	2278
Iteration: 440	1391	1469	1768.12	2137
Iteration: 441	1391	1487	1768.86	2281
Iteration: 442	1391	1437	1750.33	2117
Iteration: 443	1391	1530	1746.85	2051
Iteration: 444	1391	1517	1768.33	2193
Iteration: 445	1391	1556	1765.61	2161
Iteration: 446	1391	1480	1747.5	2180
Iteration: 447	1391	1540	1765.69	2106
Iteration: 448	1391	1518	1773.45	2428
Iteration: 449	1391	1519	1763.14	2363
Iteration: 450	1391	1522	1767.83	2281
Iteration: 451	1391	1531	1764.29	2113
Iteration: 452	1391	1566	1770.71	2120
Iteration: 453	1391	1536	1772.99	2112
Iteration: 454	1391	1511	1765.67	2254
Iteration: 455	1391	1528	1776.4	2169
Iteration: 456	1391	1558	1763.02	2151
Iteration: 457	1391	1527	1757.21	2095
Iteration: 458	1391	1538	1754.83	2192
Iteration: 459	1391	1521	1748.31	2163
Iteration: 460	1391	1514	1765.01	2165
Iteration: 461	1391	1466	1761.12	2205
Iteration: 462	1391	1490	1758.56	2307
Iteration: 463	1391	1554	1774.22	2278
Iteration: 464	1391	1538	1765.41	2268
Iteration: 465	1391	1523	1766.02	2239
Iteration: 466	1391	1543	1757.8	2099
Iteration: 467	1391	1527	1780.95	2350
Iteration: 468	1391	1499	1770.89	2137
Iteration: 469	1391	1448	1769.74	2257
Iteration: 470	1391	1538	1781.87	2263
Iteration: 471	1391	1533	1752.31	2081
Iteration: 472	1391	1453	1766.72	2064
Iteration: 473	1391	1490	1746.66	2108
Iteration: 474	1391	1528	1773.88	2183
Iteration: 475	1391	1526	1749.97	2195
Iteration: 476	1391	1535	1762.18	2192
Iteration: 477	1391	1528	1779.97	2296
Iteration: 478	1391	1547	1771.92	2347
Iteration: 479	1391	1538	1757.04	2157
Iteration: 480	1391	1513	1760.65	2217
Iteration: 481	1391	1531	1782.88	2274
Iteration: 482	1391	1541	1769.47	2352
Iteration: 483	1391	1537	1763.93	2320
Iteration: 484	1391	1540	1755.04	2098
Iteration: 485	1391	1504	1751.14	2062
Iteration: 486	1391	1489	1772.58	2196
Iteration: 487	1391	1577	1787.77	2141
Iteration: 488	1391	1543	1770.67	2296
Iteration: 489	1391	1569	1756.58	2109
Iteration: 490	1391	1561	1753.01	2188
Iteration: 491	1391	1506	1755.56	2565
Iteration: 492	1391	1478	1759.99	2364
Iteration: 493	1391	1547	1762.04	2436
Iteration: 494	1391	1522	1771.23	2353
Iteration: 495	1391	1553	1770.81	2122
Iteration: 496	1391	1557	1787.76	2157
Iteration: 497	1391	1548	1774.8	2189
Iteration: 498	1391	1526	1759.08	2229
Iteration: 499	1391	1495	1761.73	2215
