Iteration: 0	1516	1516	1774.08	2255
Iteration: 1	1516	1535	1788.38	2195
Iteration: 2	1516	1546	1758.54	2204
Iteration: 3	1516	1540	1788.02	2187
Iteration: 4	1513	1513	1771.73	2381
Iteration: 5	1495	1495	1809.39	2370
Iteration: 6	1495	1513	1801.89	2312
Iteration: 7	1446	1446	1759.64	2163
Iteration: 8	1446	1551	1800.55	2391
Iteration: 9	1446	1501	1787.68	2384
Iteration: 10	1446	1543	1802.99	2224
Iteration: 11	1446	1478	1755.24	2140
Iteration: 12	1446	1551	1775.9	2169
Iteration: 13	1446	1541	1765.67	2163
Iteration: 14	1446	1537	1780.7	2230
Iteration: 15	1446	1513	1785.36	2271
Iteration: 16	1446	1568	1798.35	2545
Iteration: 17	1446	1517	1779.11	2293
Iteration: 18	1446	1521	1790.16	2368
Iteration: 19	1446	1465	1768.02	2443
Iteration: 20	1444	1444	1777.85	2282
Iteration: 21	1444	1521	1795.09	2276
Iteration: 22	1444	1510	1756.64	2342
Iteration: 23	1444	1531	1775.96	2347
Iteration: 24	1444	1565	1782.86	2403
Iteration: 25	1444	1550	1785.44	2317
Iteration: 26	1444	1555	1776.31	2299
Iteration: 27	1444	1508	1773.55	2331
Iteration: 28	1444	1555	1765.93	2100
Iteration: 29	1444	1504	1785.17	2270
Iteration: 30	1444	1559	1761.39	2210
Iteration: 31	1444	1533	1799.86	2624
Iteration: 32	1444	1558	1781.1	2248
Iteration: 33	1444	1530	1776.05	2309
Iteration: 34	1444	1510	1773.15	2230
Iteration: 35	1444	1541	1819.49	2248
Iteration: 36	1444	1567	1804.36	2375
Iteration: 37	1444	1512	1768.03	2455
Iteration: 38	1444	1546	1799.7	2717
Iteration: 39	1444	1550	1792.9	2308
Iteration: 40	1444	1495	1755.4	2166
Iteration: 41	1444	1524	1780.5	2266
Iteration: 42	1444	1568	1783.47	2383
Iteration: 43	1444	1545	1769.33	2173
Iteration: 44	1444	1531	1745.22	2197
Iteration: 45	1444	1551	1757.04	2248
Iteration: 46	1444	1477	1773.92	2317
Iteration: 47	1444	1526	1759.89	2268
Iteration: 48	1444	1544	1781.58	2409
Iteration: 49	1444	1507	1761.61	2155
Iteration: 50	1444	1509	1776.34	2171
Iteration: 51	1444	1507	1757.96	2349
Iteration: 52	1444	1561	1764.63	2145
Iteration: 53	1444	1531	1779.2	2173
Iteration: 54	1444	1516	1783.47	2139
Iteration: 55	1444	1472	1757.47	2109
Iteration: 56	1444	1554	1780.26	2188
Iteration: 57	1444	1507	1776.19	2310
Iteration: 58	1444	1555	1770.73	2263
Iteration: 59	1444	1502	1738.62	2116
Iteration: 60	1444	1510	1777.87	2172
Iteration: 61	1444	1521	1767.09	2237
Iteration: 62	1444	1459	1760.82	2197
Iteration: 63	1444	1456	1767.87	2200
Iteration: 64	1444	1545	1773.31	2293
Iteration: 65	1444	1549	1777.55	2273
Iteration: 66	1444	1521	1763.47	2319
Iteration: 67	1444	1544	1773.47	2224
Iteration: 68	1444	1492	1765.74	2270
Iteration: 69	1444	1516	1796.62	2212
Iteration: 70	1444	1504	1762.38	2198
Iteration: 71	1444	1556	1793.19	2238
Iteration: 72	1444	1504	1773.69	2506
Iteration: 73	1444	1508	1770.2	2260
Iteration: 74	1444	1526	1769.11	2193
Iteration: 75	1444	1536	1784.44	2421
Iteration: 76	1444	1538	1772.56	2251
Iteration: 77	1444	1516	1759.29	2325
Iteration: 78	1444	1554	1771.67	2251
Iteration: 79	1444	1537	1775.52	2115
Iteration: 80	1444	1508	1767.64	2275
Iteration: 81	1444	1535	1793.73	2344
Iteration: 82	1444	1552	1774.04	2188
Iteration: 83	1444	1484	1767.94	2085
Iteration: 84	1444	1521	1765.59	2179
Iteration: 85	1444	1556	1786.45	2238
Iteration: 86	1444	1530	1754.61	2156
Iteration: 87	1444	1546	1774.3	2423
Iteration: 88	1444	1560	1765.07	2211
Iteration: 89	1444	1508	1758.41	2079
Iteration: 90	1444	1526	1778.34	2281
Iteration: 91	1444	1483	1747.61	2260
Iteration: 92	1444	1472	1755.5	2102
Iteration: 93	1444	1520	1780.72	2130
Iteration: 94	1444	1521	1742.36	2080
Iteration: 95	1444	1524	1758.6	2232
Iteration: 96	1444	1445	1764.6	2117
Iteration: 97	1444	1495	1788.75	2330
Iteration: 98	1444	1565	1760.72	2204
Iteration: 99	1444	1584	1766	2244
Iteration: 100	1444	1471	1750.16	2179
Iteration: 101	1444	1520	1765.76	2197
Iteration: 102	1444	1538	1740.54	2401
Iteration: 103	1444	1533	1754.74	2156
Iteration: 104	1444	1521	1774.64	2292
Iteration: 105	1444	1515	1762.5	2321
Iteration: 106	1444	1511	1750.6	2701
Iteration: 107	1444	1490	1764.76	2381
Iteration: 108	1444	1518	1771.16	2122
Iteration: 109	1444	1559	1761.1	2130
Iteration: 110	1444	1486	1766.06	2316
Iteration: 111	1444	1484	1750.98	2405
Iteration: 112	1444	1453	1770.32	2183
Iteration: 113	1444	1505	1765.11	2164
Iteration: 114	1444	1560	1770.48	2198
Iteration: 115	1444	1491	1774.15	2280
Iteration: 116	1444	1481	1746.28	2326
Iteration: 117	1444	1538	1781.64	2302
Iteration: 118	1444	1531	1767.98	2160
Iteration: 119	1444	1461	1790	2281
Iteration: 120	1444	1570	1770.55	2133
Iteration: 121	1444	1525	1753.29	2340
Iteration: 122	1444	1558	1761.13	2144
Iteration: 123	1444	1512	1765.32	2157
Iteration: 124	1444	1549	1770.59	2198
Iteration: 125	1444	1481	1771.25	2192
Iteration: 126	1444	1522	1750.85	2111
Iteration: 127	1444	1529	1774.49	2232
Iteration: 128	1444	1550	1780.45	2167
Iteration: 129	1444	1495	1767.04	2208
Iteration: 130	1444	1517	1772.18	2298
Iteration: 131	1444	1480	1760.01	2226
Iteration: 132	1444	1507	1737.82	2210
Iteration: 133	1444	1570	1758.41	2442
Iteration: 134	1444	1533	1785.26	2490
Iteration: 135	1444	1521	1760.85	2212
Iteration: 136	1444	1527	1766.63	2147
Iteration: 137	1444	1476	1759.92	2156
Iteration: 138	1444	1538	1758.41	2191
Iteration: 139	1444	1503	1771.03	2117
Iteration: 140	1444	1510	1738.24	2165
Iteration: 141	1444	1500	1747.34	2098
Iteration: 142	1444	1515	1768.18	2243
Iteration: 143	1444	1523	1774.24	2315
Iteration: 144	1444	1555	1768.71	2241
Iteration: 145	1444	1532	1764.46	2172
Iteration: 146	1444	1564	1750.97	2179
Iteration: 147	1444	1503	1771.4	2193
Iteration: 148	1444	1578	1797.78	2236
Iteration: 149	1444	1491	1764.98	2096
Iteration: 150	1444	1520	1749.48	2218
Iteration: 151	1444	1577	1773.95	2354
Iteration: 152	1444	1581	1782.94	2471
Iteration: 153	1444	1530	1754.96	2461
Iteration: 154	1444	1556	1757.02	2299
Iteration: 155	1444	1508	1760.03	2199
Iteration: 156	1444	1460	1768.5	2481
Iteration: 157	1444	1526	1784.4	2471
Iteration: 158	1444	1501	1772.59	2199
Iteration: 159	1444	1513	1755.71	2173
Iteration: 160	1444	1507	1767.99	2200
Iteration: 161	1444	1528	1767.3	2094
Iteration: 162	1444	1484	1737.86	2389
Iteration: 163	1444	1531	1749.07	2093
Iteration: 164	1444	1541	1776.33	2396
Iteration: 165	1444	1517	1772.95	2300
Iteration: 166	1444	1512	1777.31	2408
Iteration: 167	1444	1473	1761.12	2115
Iteration: 168	1444	1564	1783.84	2331
Iteration: 169	1444	1495	1765.38	2262
Iteration: 170	1444	1552	1760.41	2309
Iteration: 171	1444	1516	1783.06	2152
Iteration: 172	1444	1547	1782.89	2530
Iteration: 173	1444	1495	1741.69	2102
Iteration: 174	1444	1542	1759.79	2214
Iteration: 175	1444	1504	1778.41	2131
Iteration: 176	1444	1472	1743.6	2070
Iteration: 177	1444	1487	1771.61	2258
Iteration: 178	1444	1483	1755.75	2107
Iteration: 179	1444	1478	1760.63	2271
Iteration: 180	1444	1587	1766.07	2158
Iteration: 181	1444	1560	1758.68	2129
Iteration: 182	1444	1499	1783.87	2299
Iteration: 183	1444	1522	1774.45	2383
Iteration: 184	1444	1551	1792.5	2161
Iteration: 185	1444	1502	1769.6	2326
Iteration: 186	1444	1557	1777.49	2133
Iteration: 187	1444	1531	1754.13	2188
Iteration: 188	1444	1496	1771.99	2151
Iteration: 189	1444	1505	1782.08	2252
Iteration: 190	1444	1527	1754.77	2292
Iteration: 191	1444	1531	1752.54	2281
Iteration: 192	1444	1535	1764.25	2100
Iteration: 193	1444	1530	1752.17	2197
Iteration: 194	1444	1540	1776.79	2332
Iteration: 195	1444	1516	1787.11	2264
Iteration: 196	1444	1492	1781.86	2298
Iteration: 197	1444	1549	1752.04	2148
Iteration: 198	1444	1540	1768.71	2387
Iteration: 199	1444	1523	1766.94	2224
Iteration: 200	1444	1481	1743.89	2104
Iteration: 201	1444	1519	1778.53	2209
Iteration: 202	1444	1543	1790.24	2289
Iteration: 203	1444	1488	1757.95	2201
Iteration: 204	1444	1477	1765.81	2466
Iteration: 205	1444	1547	1759.64	2171
Iteration: 206	1444	1519	1789.86	2283
Iteration: 207	1444	1471	1748.39	2285
Iteration: 208	1444	1545	1794.42	2361
Iteration: 209	1444	1544	1757.69	2207
Iteration: 210	1444	1530	1772	2209
Iteration: 211	1444	1499	1755.27	2214
Iteration: 212	1444	1504	1780.83	2292
Iteration: 213	1444	1516	1770.01	2145
Iteration: 214	1444	1462	1770.92	2249
Iteration: 215	1444	1513	1788.98	2327
Iteration: 216	1444	1551	1783.93	2234
Iteration: 217	1444	1517	1779.99	2164
Iteration: 218	1444	1480	1775.84	2128
Iteration: 219	1444	1545	1766.1	2448
Iteration: 220	1444	1506	1759.98	2189
Iteration: 221	1444	1538	1800.72	2182
Iteration: 222	1444	1537	1761.62	2149
Iteration: 223	1444	1499	1773.36	2169
Iteration: 224	1444	1492	1746.59	2091
Iteration: 225	1444	1564	1754.55	2278
Iteration: 226	1444	1522	1766.27	2140
Iteration: 227	1444	1543	1755.29	2437
Iteration: 228	1444	1534	1782.03	2352
Iteration: 229	1444	1550	1761.03	2219
Iteration: 230	1416	1416	1781.19	2150
Iteration: 231	1416	1498	1757.37	2207
Iteration: 232	1416	1538	1763.33	2292
Iteration: 233	1416	1543	1789.1	2378
Iteration: 234	1416	1543	1785.95	2242
Iteration: 235	1416	1516	1771.75	2208
Iteration: 236	1416	1506	1755.82	2120
Iteration: 237	1416	1555	1784.96	2160
Iteration: 238	1416	1538	1806.31	2250
Iteration: 239	1416	1540	1766.8	2213
Iteration: 240	1416	1547	1760.8	2226
Iteration: 241	1416	1534	1763.1	2191
Iteration: 242	1416	1507	1766.87	2248
Iteration: 243	1416	1482	1755.86	2166
Iteration: 244	1416	1516	1747.77	2272
Iteration: 245	1416	1491	1761.38	2171
Iteration: 246	1416	1546	1765.18	2252
Iteration: 247	1416	1499	1767.6	2059
Iteration: 248	1416	1529	1783.98	2267
Iteration: 249	1416	1546	1760.42	2140
Iteration: 250	1416	1536	1762.06	2120
Iteration: 251	1416	1488	1762.54	2200
Iteration: 252	1416	1554	1774.15	2235
Iteration: 253	1416	1526	1754.14	2251
Iteration: 254	1416	1519	1754.75	2096
Iteration: 255	1416	1469	1770.64	2367
Iteration: 256	1416	1537	1781.98	2172
Iteration: 257	1416	1533	1776.51	2198
Iteration: 258	1416	1529	1749.48	2257
Iteration: 259	1416	1524	1766.4	2166
Iteration: 260	1416	1505	1777.74	2332
Iteration: 261	1416	1528	1749.4	2309
Iteration: 262	1416	1530	1769.95	2343
Iteration: 263	1416	1501	1794.39	2199
Iteration: 264	1416	1510	1735.52	2130
Iteration: 265	1416	1547	1762.01	2180
Iteration: 266	1416	1528	1765.41	2265
Iteration: 267	1416	1528	1772.46	2324
Iteration: 268	1416	1471	1779.54	2238
Iteration: 269	1416	1521	1780.32	2327
Iteration: 270	1416	1501	1767.3	2140
Iteration: 271	1416	1520	1767.02	2660
Iteration: 272	1416	1463	1748.56	2122
Iteration: 273	1416	1488	1762.8	2272
Iteration: 274	1416	1501	1742.62	2142
Iteration: 275	1416	1530	1764.89	2394
Iteration: 276	1416	1507	1756.96	2167
Iteration: 277	1416	1485	1776.44	2143
Iteration: 278	1416	1527	1752.9	2179
Iteration: 279	1416	1506	1755.5	2215
Iteration: 280	1416	1542	1758.03	2290
Iteration: 281	1416	1527	1795.55	2401
Iteration: 282	1416	1510	1767.58	2359
Iteration: 283	1416	1465	1774.92	2443
Iteration: 284	1416	1538	1785.94	2348
Iteration: 285	1416	1433	1766.03	2327
Iteration: 286	1416	1447	1776.61	2333
Iteration: 287	1416	1475	1787.43	2270
Iteration: 288	1416	1531	1766.17	2192
Iteration: 289	1416	1560	1778.32	2166
Iteration: 290	1416	1509	1758.41	2092
Iteration: 291	1416	1513	1761.97	2206
Iteration: 292	1416	1515	1756.46	2124
Iteration: 293	1416	1480	1780.38	2090
Iteration: 294	1416	1552	1754.92	2068
Iteration: 295	1416	1531	1759.9	2097
Iteration: 296	1416	1489	1794.11	2295
Iteration: 297	1416	1531	1783.69	2325
Iteration: 298	1416	1557	1774.82	2218
Iteration: 299	1416	1507	1747.3	2090
Iteration: 300	1416	1521	1752.79	2227
Iteration: 301	1416	1538	1759.02	2301
Iteration: 302	1416	1538	1759.37	2203
Iteration: 303	1416	1509	1761.13	2278
Iteration: 304	1416	1506	1757.18	2412
Iteration: 305	1416	1525	1770	2371
Iteration: 306	1416	1430	1768.21	2142
Iteration: 307	1416	1500	1763.86	2374
Iteration: 308	1416	1466	1735.64	2177
Iteration: 309	1416	1538	1758.88	2196
Iteration: 310	1416	1526	1762.68	2140
Iteration: 311	1416	1475	1754.91	2120
Iteration: 312	1416	1544	1758.04	2107
Iteration: 313	1416	1461	1758.76	2360
Iteration: 314	1416	1561	1760.51	2146
Iteration: 315	1416	1539	1788.66	2292
Iteration: 316	1416	1516	1774.62	2177
Iteration: 317	1416	1460	1772.12	2134
Iteration: 318	1416	1535	1753.73	2265
Iteration: 319	1416	1523	1753.14	2109
Iteration: 320	1416	1529	1770.34	2600
Iteration: 321	1416	1534	1782.39	2190
Iteration: 322	1416	1487	1763.9	2475
Iteration: 323	1416	1564	1745.78	2015
Iteration: 324	1416	1498	1737.16	2215
Iteration: 325	1416	1534	1763.04	2320
Iteration: 326	1416	1512	1754.46	2383
Iteration: 327	1416	1552	1752.91	2046
Iteration: 328	1416	1508	1769.38	2108
Iteration: 329	1416	1513	1755.36	2265
Iteration: 330	1416	1532	1758.7	2247
Iteration: 331	1416	1544	1769	2327
Iteration: 332	1416	1526	1788.61	2230
Iteration: 333	1416	1514	1748.31	2018
Iteration: 334	1416	1519	1759.41	2178
Iteration: 335	1416	1525	1760.59	2242
Iteration: 336	1416	1510	1769.08	2300
Iteration: 337	1416	1457	1771.67	2137
Iteration: 338	1416	1532	1775.82	2488
Iteration: 339	1416	1530	1754.16	2344
Iteration: 340	1416	1471	1782.12	2288
Iteration: 341	1416	1511	1752.96	2165
Iteration: 342	1416	1553	1783.08	2377
Iteration: 343	1416	1513	1764.59	2232
Iteration: 344	1416	1518	1788.08	2350
Iteration: 345	1416	1500	1755.2	2058
Iteration: 346	1416	1505	1754.31	2236
Iteration: 347	1416	1511	1810.16	2461
Iteration: 348	1416	1570	1784.95	2205
Iteration: 349	1416	1529	1759.03	2184
Iteration: 350	1416	1533	1800.17	2221
Iteration: 351	1416	1510	1747.01	2028
Iteration: 352	1416	1539	1773.8	2364
Iteration: 353	1416	1521	1756.61	2414
Iteration: 354	1416	1504	1770.28	2284
Iteration: 355	1416	1529	1775.81	2083
Iteration: 356	1416	1527	1768.89	2270
Iteration: 357	1416	1525	1760.68	2157
Iteration: 358	1416	1530	1769.65	2403
Iteration: 359	1416	1493	1784.3	2265
Iteration: 360	1416	1551	1756.96	2249
Iteration: 361	1416	1465	1771.3	2230
Iteration: 362	1416	1471	1719.38	2140
Iteration: 363	1416	1514	1744.6	2204
Iteration: 364	1416	1491	1777.97	2313
Iteration: 365	1416	1426	1741.03	2181
Iteration: 366	1416	1544	1756.11	2200
Iteration: 367	1416	1513	1774.54	2152
Iteration: 368	1416	1504	1741.23	2091
Iteration: 369	1416	1501	1780.9	2259
Iteration: 370	1416	1533	1763.6	2144
Iteration: 371	1416	1460	1755.14	2360
Iteration: 372	1416	1486	1757.09	2160
Iteration: 373	1416	1515	1758.97	2240
Iteration: 374	1416	1558	1766.9	2188
Iteration: 375	1416	1530	1802.18	2440
Iteration: 376	1416	1542	1785.49	2335
Iteration: 377	1416	1519	1750.99	2118
Iteration: 378	1416	1461	1758.77	2291
Iteration: 379	1416	1506	1720.66	2035
Iteration: 380	1416	1501	1759.19	2230
Iteration: 381	1416	1494	1756.57	2186
Iteration: 382	1416	1521	1752	2230
Iteration: 383	1416	1526	1769.71	2279
Iteration: 384	1416	1549	1793.43	2449
Iteration: 385	1416	1535	1767.9	2222
Iteration: 386	1416	1527	1773.34	2264
Iteration: 387	1416	1541	1756.76	2382
Iteration: 388	1416	1504	1791.19	2489
Iteration: 389	1416	1536	1776.41	2213
Iteration: 390	1416	1524	1748.55	2089
Iteration: 391	1416	1481	1745.29	2224
Iteration: 392	1416	1541	1772.87	2237
Iteration: 393	1416	1536	1751.02	2210
Iteration: 394	1416	1531	1774.21	2199
Iteration: 395	1416	1538	1761.1	2278
Iteration: 396	1416	1501	1779.53	2188
Iteration: 397	1416	1486	1783.64	2185
Iteration: 398	1416	1528	1755.66	2184
Iteration: 399	1416	1532	1758.44	2224
Iteration: 400	1416	1533	1761.85	2163
Iteration: 401	1416	1511	1785.35	2510
Iteration: 402	1416	1540	1743.08	2188
Iteration: 403	1416	1526	1750.8	2141
Iteration: 404	1416	1529	1761.88	2212
Iteration: 405	1416	1526	1771.95	2278
Iteration: 406	1416	1549	1766.56	2210
Iteration: 407	1416	1521	1775.73	2263
Iteration: 408	1416	1566	1766.61	2381
Iteration: 409	1416	1543	1759.72	2218
Iteration: 410	1416	1539	1742.42	2088
Iteration: 411	1416	1537	1784.63	2421
Iteration: 412	1416	1531	1766.54	2129
Iteration: 413	1416	1518	1765.34	2281
Iteration: 414	1416	1550	1802.58	2278
Iteration: 415	1416	1540	1761.32	2125
Iteration: 416	1416	1520	1763.77	2371
Iteration: 417	1416	1509	1760.46	2256
Iteration: 418	1416	1527	1749.63	2146
Iteration: 419	1416	1498	1754.76	2288
Iteration: 420	1416	1508	1783.38	2357
Iteration: 421	1416	1550	1761.3	2162
Iteration: 422	1416	1558	1774.12	2279
Iteration: 423	1416	1551	1792.8	2179
Iteration: 424	1416	1513	1756.79	2226
Iteration: 425	1416	1531	1769.14	2314
Iteration: 426	1416	1531	1805.88	2261
Iteration: 427	1416	1548	1749.13	2051
Iteration: 428	1416	1518	1756.98	2288
Iteration: 429	1416	1540	1771.94	2249
Iteration: 430	1416	1421	1752.28	2463
Iteration: 431	1416	1527	1761.06	2078
Iteration: 432	1416	1550	1753.71	2131
Iteration: 433	1416	1537	1764.13	2176
Iteration: 434	1416	1481	1754.99	2344
Iteration: 435	1416	1527	1767.78	2117
Iteration: 436	1416	1569	1776.03	2170
Iteration: 437	1416	1521	1784.26	2358
Iteration: 438	1416	1513	1769.71	2319
Iteration: 439	1416	1562	1769.87	2273
Iteration: 440	1416	1557	1760.32	2201
Iteration: 441	1416	1521	1783.91	2255
Iteration: 442	1416	1480	1738.17	2158
Iteration: 443	1416	1563	1754.58	2262
Iteration: 444	1416	1475	1760.23	2286
Iteration: 445	1416	1543	1756.63	2128
Iteration: 446	1416	1521	1779.77	2213
Iteration: 447	1416	1444	1741.2	2239
Iteration: 448	1416	1526	1779.93	2365
Iteration: 449	1416	1510	1765.97	2251
Iteration: 450	1416	1542	1770.97	2200
Iteration: 451	1416	1477	1772.24	2294
Iteration: 452	1416	1561	1753.56	2343
Iteration: 453	1416	1549	1750.4	2012
Iteration: 454	1416	1513	1770.43	2085
Iteration: 455	1416	1532	1776.94	2313
Iteration: 456	1416	1563	1788.8	2397
Iteration: 457	1416	1523	1750.88	2198
Iteration: 458	1416	1532	1777.02	2257
Iteration: 459	1416	1538	1794.46	2256
Iteration: 460	1416	1531	1785.5	2337
Iteration: 461	1416	1466	1763.29	2236
Iteration: 462	1416	1566	1779.64	2175
Iteration: 463	1416	1533	1782.7	2225
Iteration: 464	1416	1488	1780.4	2292
Iteration: 465	1416	1541	1779.94	2219
Iteration: 466	1416	1560	1755.67	2223
Iteration: 467	1416	1536	1749.36	2119
Iteration: 468	1416	1550	1768.85	2131
Iteration: 469	1416	1498	1774.02	2168
Iteration: 470	1416	1507	1751.18	2358
Iteration: 471	1416	1528	1778.9	2307
Iteration: 472	1416	1537	1765.08	2168
Iteration: 473	1416	1515	1769.37	2592
Iteration: 474	1416	1510	1762.62	2466
Iteration: 475	1416	1493	1755.44	2161
Iteration: 476	1416	1484	1763.23	2095
Iteration: 477	1416	1481	1797.79	2304
Iteration: 478	1416	1507	1759.05	2363
Iteration: 479	1416	1469	1770.31	2376
Iteration: 480	1416	1533	1763.5	2518
Iteration: 481	1416	1567	1775.23	2134
Iteration: 482	1416	1494	1767.11	2320
Iteration: 483	1416	1547	1788.61	2049
Iteration: 484	1416	1545	1781.49	2219
Iteration: 485	1416	1483	1763.7	2175
Iteration: 486	1416	1488	1753.71	2239
Iteration: 487	1416	1519	1771.36	2132
Iteration: 488	1416	1509	1767.93	2247
Iteration: 489	1416	1510	1783.1	2261
Iteration: 490	1416	1468	1772.57	2154
Iteration: 491	1416	1543	1762.73	2092
Iteration: 492	1416	1530	1791.91	2306
Iteration: 493	1416	1538	1784.32	2447
Iteration: 494	1416	1541	1776.09	2416
Iteration: 495	1416	1518	1762.43	2105
Iteration: 496	1416	1522	1764.76	2084
Iteration: 497	1416	1514	1776.11	2259
Iteration: 498	1416	1502	1761.94	2217
Iteration: 499	1416	1543	1789.93	2220
