Iteration: 0	1534	1534	1788.78	2242
Iteration: 1	1522	1522	1780.84	2347
Iteration: 2	1452	1452	1785.83	2300
Iteration: 3	1452	1509	1782.64	2348
Iteration: 4	1452	1503	1809.65	2272
Iteration: 5	1452	1467	1795.97	2225
Iteration: 6	1452	1531	1812.6	2361
Iteration: 7	1452	1542	1824.71	2327
Iteration: 8	1452	1546	1809.44	2302
Iteration: 9	1452	1555	1821.14	2310
Iteration: 10	1452	1562	1800.56	2247
Iteration: 11	1452	1475	1816.12	2264
Iteration: 12	1452	1527	1802.9	2620
Iteration: 13	1452	1509	1790.33	2423
Iteration: 14	1452	1518	1787.25	2223
Iteration: 15	1452	1506	1772.27	2343
Iteration: 16	1452	1464	1790.75	2289
Iteration: 17	1452	1549	1760.53	2294
Iteration: 18	1452	1547	1803.57	2321
Iteration: 19	1452	1573	1773.85	2213
Iteration: 20	1452	1536	1798.52	2250
Iteration: 21	1452	1527	1777.66	2585
Iteration: 22	1452	1529	1788.06	2351
Iteration: 23	1452	1520	1769.82	2227
Iteration: 24	1452	1481	1776.98	2218
Iteration: 25	1452	1536	1775.64	2290
Iteration: 26	1452	1499	1771.43	2179
Iteration: 27	1452	1495	1803.81	2191
Iteration: 28	1452	1498	1763.56	2232
Iteration: 29	1452	1520	1799.56	2217
Iteration: 30	1452	1549	1774.92	2267
Iteration: 31	1452	1514	1792.8	2126
Iteration: 32	1452	1523	1792.79	2218
Iteration: 33	1452	1534	1794.19	2343
Iteration: 34	1452	1549	1754.02	2201
Iteration: 35	1452	1547	1813.41	2597
Iteration: 36	1452	1499	1817.56	2407
Iteration: 37	1452	1533	1780.16	2410
Iteration: 38	1452	1560	1769.46	2057
Iteration: 39	1452	1494	1776.71	2321
Iteration: 40	1452	1553	1777.09	2308
Iteration: 41	1452	1553	1792.63	2247
Iteration: 42	1452	1505	1775.82	2235
Iteration: 43	1452	1456	1804.09	2325
Iteration: 44	1452	1479	1776.92	2246
Iteration: 45	1452	1555	1804.07	2335
Iteration: 46	1452	1550	1804.43	2390
Iteration: 47	1452	1508	1780.17	2251
Iteration: 48	1452	1520	1780.72	2346
Iteration: 49	1452	1530	1783.64	2413
Iteration: 50	1452	1537	1780.58	2211
Iteration: 51	1449	1449	1797.67	2680
Iteration: 52	1449	1560	1793.48	2330
Iteration: 53	1449	1550	1802.42	2325
Iteration: 54	1449	1535	1786.71	2371
Iteration: 55	1449	1573	1771.75	2107
Iteration: 56	1449	1466	1755.63	2269
Iteration: 57	1449	1500	1783.54	2293
Iteration: 58	1449	1513	1780.13	2214
Iteration: 59	1449	1530	1813.32	2374
Iteration: 60	1449	1452	1793.92	2223
Iteration: 61	1449	1532	1766.72	2225
Iteration: 62	1449	1458	1781.69	2262
Iteration: 63	1449	1523	1812.56	2354
Iteration: 64	1449	1498	1798.21	2339
Iteration: 65	1449	1496	1789.83	2292
Iteration: 66	1449	1531	1779.7	2594
Iteration: 67	1449	1558	1811.64	2288
Iteration: 68	1449	1513	1757.02	2051
Iteration: 69	1442	1442	1789.75	2182
Iteration: 70	1442	1540	1790.48	2214
Iteration: 71	1442	1566	1801.89	2468
Iteration: 72	1442	1494	1789.66	2372
Iteration: 73	1442	1518	1796.35	2332
Iteration: 74	1442	1445	1788.04	2342
Iteration: 75	1442	1490	1757.31	2324
Iteration: 76	1442	1514	1805.33	2794
Iteration: 77	1442	1536	1807.24	2414
Iteration: 78	1442	1502	1802.95	2451
Iteration: 79	1442	1525	1790.04	2263
Iteration: 80	1442	1539	1782.45	2287
Iteration: 81	1442	1514	1780.11	2189
Iteration: 82	1442	1522	1797.67	2267
Iteration: 83	1442	1544	1774.83	2285
Iteration: 84	1442	1460	1792.09	2379
Iteration: 85	1442	1543	1838.77	2678
Iteration: 86	1442	1529	1788.75	2267
Iteration: 87	1442	1544	1805.16	2514
Iteration: 88	1442	1546	1785.86	2228
Iteration: 89	1442	1524	1793.04	2437
Iteration: 90	1442	1469	1797.37	2331
Iteration: 91	1442	1547	1803.2	2561
Iteration: 92	1442	1496	1812.58	2241
Iteration: 93	1442	1526	1824.95	2626
Iteration: 94	1442	1597	1818.18	2278
Iteration: 95	1442	1542	1799.68	2193
Iteration: 96	1442	1509	1804.98	2511
Iteration: 97	1442	1457	1786.88	2508
Iteration: 98	1442	1527	1790.61	2232
Iteration: 99	1442	1551	1771.42	2217
Iteration: 100	1442	1513	1766.53	2253
Iteration: 101	1442	1514	1808.73	2629
Iteration: 102	1442	1535	1782.71	2366
Iteration: 103	1442	1559	1782	2254
Iteration: 104	1442	1528	1780.9	2367
Iteration: 105	1442	1543	1811.51	2472
Iteration: 106	1442	1512	1792.49	2236
Iteration: 107	1442	1516	1796.32	2224
Iteration: 108	1442	1524	1782.93	2449
Iteration: 109	1442	1568	1784.28	2375
Iteration: 110	1442	1462	1810.87	2206
Iteration: 111	1442	1518	1773.32	2535
Iteration: 112	1442	1554	1792.4	2311
Iteration: 113	1442	1503	1811.7	2375
Iteration: 114	1442	1486	1776.9	2235
Iteration: 115	1442	1526	1803.21	2377
Iteration: 116	1442	1517	1807.6	2390
Iteration: 117	1442	1512	1790.84	2279
Iteration: 118	1442	1543	1782.78	2145
Iteration: 119	1442	1533	1789.66	2265
Iteration: 120	1442	1533	1785.04	2198
Iteration: 121	1442	1467	1809.01	2359
Iteration: 122	1442	1510	1788.6	2531
Iteration: 123	1442	1506	1791.21	2531
Iteration: 124	1442	1480	1812.95	2458
Iteration: 125	1442	1532	1796.33	2394
Iteration: 126	1442	1605	1800.95	2313
Iteration: 127	1442	1543	1774.15	2183
Iteration: 128	1442	1507	1819.02	2468
Iteration: 129	1442	1535	1831.05	2890
Iteration: 130	1442	1497	1821.29	2253
Iteration: 131	1442	1507	1782.99	2449
Iteration: 132	1442	1513	1762.5	2159
Iteration: 133	1442	1512	1779.69	2177
Iteration: 134	1442	1538	1817.05	2455
Iteration: 135	1442	1461	1766.31	2249
Iteration: 136	1442	1577	1793.94	2501
Iteration: 137	1442	1518	1806.2	2385
Iteration: 138	1442	1532	1790.46	2718
Iteration: 139	1442	1552	1780.91	2331
Iteration: 140	1442	1523	1796.76	2336
Iteration: 141	1442	1478	1788.54	2300
Iteration: 142	1442	1543	1790.72	2236
Iteration: 143	1442	1525	1756.35	2414
Iteration: 144	1442	1542	1808.71	2704
Iteration: 145	1442	1520	1819.81	2528
Iteration: 146	1442	1465	1816.8	2347
Iteration: 147	1442	1570	1807.6	2293
Iteration: 148	1442	1515	1766.54	2316
Iteration: 149	1442	1527	1799.05	2626
Iteration: 150	1442	1482	1780.58	2273
Iteration: 151	1442	1567	1802.79	2354
Iteration: 152	1442	1521	1809.82	2456
Iteration: 153	1442	1558	1779.31	2178
Iteration: 154	1442	1521	1790.08	2435
Iteration: 155	1442	1524	1782.58	2092
Iteration: 156	1442	1546	1828.06	2365
Iteration: 157	1442	1537	1769.84	2206
Iteration: 158	1442	1502	1804.34	2407
Iteration: 159	1442	1509	1791.95	2169
Iteration: 160	1442	1530	1792.06	2218
Iteration: 161	1442	1554	1791.9	2242
Iteration: 162	1442	1518	1805.29	2358
Iteration: 163	1442	1469	1792.39	2307
Iteration: 164	1442	1517	1810.72	2369
Iteration: 165	1442	1534	1768.76	2217
Iteration: 166	1442	1494	1779.53	2297
Iteration: 167	1442	1528	1770.36	2145
Iteration: 168	1442	1521	1781.65	2249
Iteration: 169	1442	1524	1780.49	2225
Iteration: 170	1442	1498	1804.85	2599
Iteration: 171	1442	1577	1814.01	2457
Iteration: 172	1442	1496	1795.71	2524
Iteration: 173	1442	1547	1795.66	2211
Iteration: 174	1442	1537	1809.88	2633
Iteration: 175	1442	1528	1763.1	2418
Iteration: 176	1442	1523	1814.92	2220
Iteration: 177	1442	1552	1786.69	2221
Iteration: 178	1442	1534	1772.91	2196
Iteration: 179	1442	1470	1766.14	2587
Iteration: 180	1442	1473	1805.48	2535
Iteration: 181	1442	1563	1802.28	2450
Iteration: 182	1442	1522	1766.46	2292
Iteration: 183	1442	1553	1770.56	2385
Iteration: 184	1442	1555	1767.18	2490
Iteration: 185	1442	1562	1755.65	2196
Iteration: 186	1442	1540	1814.22	2204
Iteration: 187	1442	1566	1801.46	2173
Iteration: 188	1442	1468	1774.63	2373
Iteration: 189	1442	1552	1792.69	2454
Iteration: 190	1442	1500	1775.54	2159
Iteration: 191	1442	1551	1772.32	2100
Iteration: 192	1442	1504	1781.85	2228
Iteration: 193	1442	1512	1788.96	2416
Iteration: 194	1442	1518	1811.62	2605
Iteration: 195	1442	1499	1802.75	2599
Iteration: 196	1442	1495	1813.86	2448
Iteration: 197	1442	1525	1806.91	2772
Iteration: 198	1442	1532	1818.51	2293
Iteration: 199	1442	1556	1804.33	2335
Iteration: 200	1442	1500	1815.22	2610
Iteration: 201	1442	1571	1790.96	2515
Iteration: 202	1442	1561	1788.03	2413
Iteration: 203	1442	1535	1784.51	2528
Iteration: 204	1442	1535	1813.99	2525
Iteration: 205	1442	1533	1787.01	2255
Iteration: 206	1442	1489	1770.82	2249
Iteration: 207	1442	1536	1828.03	2404
Iteration: 208	1442	1544	1821.9	2274
Iteration: 209	1442	1552	1786.82	2321
Iteration: 210	1442	1513	1822.17	2429
Iteration: 211	1442	1486	1822.06	2540
Iteration: 212	1442	1532	1824.84	2402
Iteration: 213	1442	1540	1794.33	2292
Iteration: 214	1442	1544	1771.29	2574
Iteration: 215	1442	1509	1784.71	2220
Iteration: 216	1442	1517	1768.63	2224
Iteration: 217	1442	1476	1776.3	2372
Iteration: 218	1442	1517	1790.9	2264
Iteration: 219	1442	1494	1804.68	2525
Iteration: 220	1442	1566	1802.19	2294
Iteration: 221	1442	1525	1783.69	2079
Iteration: 222	1442	1512	1781.8	2270
Iteration: 223	1442	1528	1797.75	2224
Iteration: 224	1442	1459	1771.57	2175
Iteration: 225	1442	1509	1802.69	2270
Iteration: 226	1442	1516	1771.37	2360
Iteration: 227	1442	1544	1800.92	2769
Iteration: 228	1442	1526	1812.46	2416
Iteration: 229	1442	1523	1785.42	2134
Iteration: 230	1442	1522	1788.68	2175
Iteration: 231	1442	1552	1786.72	2205
Iteration: 232	1442	1547	1788.34	2185
Iteration: 233	1442	1530	1804.39	2567
Iteration: 234	1442	1451	1772.22	2422
Iteration: 235	1442	1458	1819.01	2359
Iteration: 236	1442	1525	1784.53	2290
Iteration: 237	1442	1571	1781.25	2289
Iteration: 238	1442	1491	1792.09	2570
Iteration: 239	1442	1471	1794.67	2462
Iteration: 240	1442	1555	1807.37	2574
Iteration: 241	1442	1495	1801.72	2502
Iteration: 242	1442	1525	1824.32	2464
Iteration: 243	1442	1573	1809.27	2792
Iteration: 244	1442	1449	1793.22	2480
Iteration: 245	1442	1530	1817.02	2542
Iteration: 246	1442	1534	1791.94	2407
Iteration: 247	1442	1519	1814.77	2272
Iteration: 248	1442	1530	1813.83	2297
Iteration: 249	1442	1539	1774.1	2142
Iteration: 250	1442	1539	1798.8	2241
Iteration: 251	1442	1513	1790.71	2160
Iteration: 252	1442	1585	1837.08	2426
Iteration: 253	1442	1572	1791.61	2196
Iteration: 254	1442	1547	1804.97	2244
Iteration: 255	1442	1529	1768.27	2306
Iteration: 256	1442	1542	1788.1	2292
Iteration: 257	1442	1548	1821.59	2451
Iteration: 258	1442	1497	1782	2248
Iteration: 259	1442	1446	1806.29	2299
Iteration: 260	1442	1551	1800.91	2327
Iteration: 261	1442	1564	1817.58	2698
Iteration: 262	1442	1516	1815.75	2340
Iteration: 263	1442	1553	1783.82	2261
Iteration: 264	1442	1574	1783.48	2367
Iteration: 265	1442	1583	1802.67	2455
Iteration: 266	1442	1469	1776.6	2504
Iteration: 267	1442	1516	1785.79	2217
Iteration: 268	1442	1506	1781.1	2136
Iteration: 269	1442	1516	1800.77	2637
Iteration: 270	1442	1514	1773.73	2288
Iteration: 271	1442	1565	1834.9	2958
Iteration: 272	1442	1565	1796.89	2414
Iteration: 273	1442	1513	1793.81	2238
Iteration: 274	1442	1525	1809.72	2596
Iteration: 275	1442	1548	1809.3	2385
Iteration: 276	1442	1530	1790.65	2198
Iteration: 277	1442	1547	1787.93	2266
Iteration: 278	1442	1555	1800.52	2358
Iteration: 279	1442	1555	1818.32	2547
Iteration: 280	1442	1497	1782.02	2319
Iteration: 281	1442	1538	1807.72	2186
Iteration: 282	1442	1572	1792.12	2199
Iteration: 283	1442	1538	1783.64	2395
Iteration: 284	1442	1536	1804.82	2764
Iteration: 285	1442	1516	1798.2	2446
Iteration: 286	1442	1579	1787.22	2277
Iteration: 287	1442	1543	1799.61	2489
Iteration: 288	1442	1515	1799.85	2395
Iteration: 289	1442	1547	1798.79	2299
Iteration: 290	1442	1495	1790.11	2218
Iteration: 291	1442	1518	1802.32	2246
Iteration: 292	1442	1530	1787.66	2309
Iteration: 293	1442	1495	1799.65	2293
Iteration: 294	1442	1553	1778.63	2244
Iteration: 295	1442	1545	1777.6	2274
Iteration: 296	1442	1470	1796.59	2324
Iteration: 297	1442	1568	1805.95	2243
Iteration: 298	1442	1475	1771.96	2476
Iteration: 299	1442	1533	1783.58	2287
Iteration: 300	1442	1510	1792.39	2225
Iteration: 301	1442	1539	1853.75	2435
Iteration: 302	1442	1487	1812.61	2183
Iteration: 303	1442	1563	1805.38	2501
Iteration: 304	1442	1524	1805.43	2313
Iteration: 305	1442	1536	1782.41	2310
Iteration: 306	1442	1505	1782.46	2256
Iteration: 307	1442	1510	1773.57	2126
Iteration: 308	1442	1520	1808.42	2543
Iteration: 309	1442	1553	1795.1	2443
Iteration: 310	1442	1530	1815.3	2381
Iteration: 311	1442	1559	1809.55	2389
Iteration: 312	1442	1526	1806.03	2380
Iteration: 313	1442	1502	1798.36	2414
Iteration: 314	1442	1519	1820.46	2427
Iteration: 315	1442	1518	1781.27	2358
Iteration: 316	1442	1492	1775.92	2123
Iteration: 317	1442	1573	1822.94	2471
Iteration: 318	1442	1483	1792.8	2270
Iteration: 319	1442	1572	1816.87	2474
Iteration: 320	1442	1510	1805.42	2302
Iteration: 321	1442	1515	1785.1	2247
Iteration: 322	1442	1487	1808.7	2206
Iteration: 323	1442	1502	1773.74	2179
Iteration: 324	1442	1488	1806.6	2342
Iteration: 325	1442	1523	1785.41	2436
Iteration: 326	1442	1502	1791.27	2375
Iteration: 327	1442	1512	1801.69	2583
Iteration: 328	1442	1517	1777.78	2219
Iteration: 329	1442	1538	1799.42	2339
Iteration: 330	1442	1531	1794.93	2289
Iteration: 331	1442	1559	1807.86	2424
Iteration: 332	1442	1515	1803.72	2612
Iteration: 333	1442	1532	1784.51	2204
Iteration: 334	1442	1551	1776.5	2431
Iteration: 335	1442	1545	1792	2229
Iteration: 336	1442	1572	1821.32	2429
Iteration: 337	1442	1491	1770.41	2254
Iteration: 338	1442	1508	1766.71	2474
Iteration: 339	1442	1535	1773.75	2489
Iteration: 340	1442	1538	1778.27	2369
Iteration: 341	1442	1506	1811.27	2345
Iteration: 342	1442	1516	1795.34	2341
Iteration: 343	1442	1530	1786.3	2447
Iteration: 344	1442	1554	1817.41	2331
Iteration: 345	1442	1523	1795.5	2452
Iteration: 346	1442	1530	1793.32	2123
Iteration: 347	1442	1492	1777.58	2286
Iteration: 348	1442	1519	1791.17	2435
Iteration: 349	1442	1513	1830.46	2368
Iteration: 350	1442	1526	1782.4	2193
Iteration: 351	1442	1550	1790.31	2160
Iteration: 352	1442	1471	1810.61	2381
Iteration: 353	1442	1480	1774.77	2504
Iteration: 354	1442	1597	1804.73	2287
Iteration: 355	1442	1557	1776.54	2158
Iteration: 356	1442	1481	1780.65	2239
Iteration: 357	1442	1559	1839.19	2683
Iteration: 358	1442	1497	1798.95	2316
Iteration: 359	1440	1440	1776.03	2363
Iteration: 360	1440	1500	1777.25	2323
Iteration: 361	1440	1483	1824.94	2501
Iteration: 362	1440	1525	1790.25	2264
Iteration: 363	1440	1484	1777.29	2223
Iteration: 364	1440	1534	1785.58	2256
Iteration: 365	1440	1532	1802.35	2294
Iteration: 366	1440	1510	1795.18	2682
Iteration: 367	1440	1527	1777.03	2312
Iteration: 368	1440	1547	1793.82	2173
Iteration: 369	1440	1579	1787.42	2261
Iteration: 370	1440	1443	1765.84	2115
Iteration: 371	1440	1490	1758.54	2274
Iteration: 372	1440	1566	1804	2327
Iteration: 373	1440	1552	1820.33	2353
Iteration: 374	1440	1549	1793.09	2282
Iteration: 375	1440	1555	1810.62	2427
Iteration: 376	1440	1542	1762.88	2180
Iteration: 377	1440	1561	1791.72	2317
Iteration: 378	1440	1575	1807.83	2454
Iteration: 379	1440	1535	1795.65	2366
Iteration: 380	1440	1547	1792.09	2455
Iteration: 381	1440	1495	1798	2412
Iteration: 382	1440	1552	1796.22	2343
Iteration: 383	1440	1546	1819.46	2574
Iteration: 384	1440	1566	1800.14	2211
Iteration: 385	1440	1530	1800.53	2308
Iteration: 386	1440	1477	1790.89	2327
Iteration: 387	1440	1506	1787.88	2203
Iteration: 388	1440	1552	1832.73	2592
Iteration: 389	1440	1560	1794.23	2339
Iteration: 390	1440	1502	1817.78	2356
Iteration: 391	1440	1540	1779.63	2347
Iteration: 392	1440	1473	1796.9	2208
Iteration: 393	1440	1564	1791.26	2484
Iteration: 394	1440	1551	1795.1	2253
Iteration: 395	1440	1487	1792.06	2570
Iteration: 396	1440	1497	1802.17	2475
Iteration: 397	1440	1573	1789.68	2385
Iteration: 398	1440	1500	1772.43	2236
Iteration: 399	1440	1534	1794.61	2472
Iteration: 400	1440	1501	1779.45	2448
Iteration: 401	1440	1543	1799.14	2375
Iteration: 402	1440	1528	1806.5	2565
Iteration: 403	1440	1519	1809.51	2228
Iteration: 404	1440	1506	1822.52	2208
Iteration: 405	1440	1542	1766.86	2183
Iteration: 406	1440	1480	1772.05	2343
Iteration: 407	1440	1492	1784.94	2285
Iteration: 408	1440	1516	1771.8	2180
Iteration: 409	1440	1537	1785.01	2459
Iteration: 410	1440	1561	1822.13	2286
Iteration: 411	1440	1521	1812.72	2319
Iteration: 412	1440	1559	1803.19	2579
Iteration: 413	1440	1497	1803.12	2394
Iteration: 414	1440	1500	1805.68	2396
Iteration: 415	1440	1558	1808.11	2438
Iteration: 416	1440	1468	1782.3	2320
Iteration: 417	1440	1552	1782.34	2250
Iteration: 418	1440	1518	1773.38	2274
Iteration: 419	1440	1567	1830.96	2534
Iteration: 420	1440	1529	1768.14	2285
Iteration: 421	1440	1497	1758.13	2261
Iteration: 422	1440	1543	1779.14	2202
Iteration: 423	1440	1462	1785	2226
Iteration: 424	1440	1546	1783.92	2568
Iteration: 425	1440	1488	1776.32	2337
Iteration: 426	1440	1561	1801.32	2516
Iteration: 427	1440	1515	1809.34	2314
Iteration: 428	1440	1496	1775.64	2220
Iteration: 429	1440	1550	1819.85	2688
Iteration: 430	1440	1518	1767.04	2105
Iteration: 431	1440	1483	1785.11	2423
Iteration: 432	1440	1482	1806.25	2478
Iteration: 433	1440	1509	1797.78	2320
Iteration: 434	1440	1556	1824.09	2250
Iteration: 435	1440	1511	1809.74	2587
Iteration: 436	1440	1542	1780.72	2195
Iteration: 437	1440	1525	1793.29	2137
Iteration: 438	1440	1530	1799.4	2287
Iteration: 439	1440	1577	1798.91	2292
Iteration: 440	1440	1550	1789	2196
Iteration: 441	1440	1493	1793.67	2342
Iteration: 442	1440	1523	1799.03	2537
Iteration: 443	1440	1525	1808.9	2482
Iteration: 444	1440	1523	1780.69	2176
Iteration: 445	1440	1517	1790.75	2366
Iteration: 446	1440	1523	1797.26	2196
Iteration: 447	1440	1544	1789.87	2364
Iteration: 448	1440	1571	1809.88	2201
Iteration: 449	1440	1495	1767.85	2465
Iteration: 450	1440	1550	1778.83	2444
Iteration: 451	1440	1562	1782.29	2252
Iteration: 452	1440	1508	1807.13	2320
Iteration: 453	1440	1547	1796.81	2266
Iteration: 454	1440	1559	1800.74	2249
Iteration: 455	1440	1532	1813.75	2297
Iteration: 456	1440	1583	1811.71	2377
Iteration: 457	1440	1569	1794.95	2184
Iteration: 458	1440	1556	1744.61	2027
Iteration: 459	1440	1506	1779.75	2205
Iteration: 460	1440	1511	1782.4	2349
Iteration: 461	1440	1517	1791.62	2466
Iteration: 462	1440	1503	1804.67	2365
Iteration: 463	1440	1558	1805.32	2350
Iteration: 464	1440	1487	1772.91	2072
Iteration: 465	1439	1439	1807.22	2655
Iteration: 466	1439	1492	1782.36	2265
Iteration: 467	1439	1542	1783.7	2221
Iteration: 468	1439	1508	1786.4	2318
Iteration: 469	1439	1502	1805.33	2517
Iteration: 470	1439	1546	1829.59	2311
Iteration: 471	1439	1525	1774.96	2261
Iteration: 472	1439	1517	1808.53	2381
Iteration: 473	1439	1521	1794.16	2139
Iteration: 474	1439	1532	1789.86	2275
Iteration: 475	1439	1587	1775.63	2179
Iteration: 476	1439	1517	1773.14	2510
Iteration: 477	1439	1522	1795.97	2317
Iteration: 478	1439	1532	1810.75	2275
Iteration: 479	1439	1532	1821.43	2290
Iteration: 480	1439	1531	1795.18	2265
Iteration: 481	1439	1546	1784.51	2356
Iteration: 482	1439	1531	1812.56	2341
Iteration: 483	1439	1494	1778.56	2365
Iteration: 484	1439	1543	1797.05	2472
Iteration: 485	1439	1529	1793.49	2346
Iteration: 486	1439	1554	1795.7	2245
Iteration: 487	1439	1458	1790.07	2172
Iteration: 488	1439	1526	1790.11	2414
Iteration: 489	1439	1558	1793.61	2534
Iteration: 490	1439	1547	1805.44	2437
Iteration: 491	1439	1557	1809.88	2401
Iteration: 492	1439	1532	1788.32	2404
Iteration: 493	1439	1532	1806.75	2318
Iteration: 494	1439	1478	1794.11	2241
Iteration: 495	1439	1558	1773.59	2218
Iteration: 496	1439	1518	1783.87	2291
Iteration: 497	1439	1543	1790.68	2414
Iteration: 498	1439	1495	1774.43	2387
Iteration: 499	1439	1468	1803.92	2488
