Iteration: 0	1539	1539	1782.97	2289
Iteration: 1	1467	1467	1752.64	2093
Iteration: 2	1467	1534	1766.33	2308
Iteration: 3	1467	1547	1791.3	2173
Iteration: 4	1467	1482	1810.75	2379
Iteration: 5	1467	1600	1795.39	2138
Iteration: 6	1467	1518	1803.61	2288
Iteration: 7	1467	1511	1802.47	2261
Iteration: 8	1467	1571	1793.91	2399
Iteration: 9	1467	1496	1817.81	2518
Iteration: 10	1467	1499	1789.26	2417
Iteration: 11	1467	1509	1792.25	2301
Iteration: 12	1397	1397	1799.57	2281
Iteration: 13	1397	1516	1821.74	2367
Iteration: 14	1397	1492	1815.1	2375
Iteration: 15	1397	1497	1804.44	2268
Iteration: 16	1397	1527	1778.98	2498
Iteration: 17	1397	1550	1778.32	2134
Iteration: 18	1397	1551	1823.69	2362
Iteration: 19	1397	1502	1796.98	2367
Iteration: 20	1397	1536	1783.34	2280
Iteration: 21	1397	1553	1786.94	2255
Iteration: 22	1397	1577	1780.99	2547
Iteration: 23	1397	1533	1786.85	2221
Iteration: 24	1397	1516	1787.35	2325
Iteration: 25	1397	1447	1790.2	2517
Iteration: 26	1397	1541	1801.82	2401
Iteration: 27	1397	1512	1778.76	2239
Iteration: 28	1397	1480	1774.33	2394
Iteration: 29	1397	1552	1798.95	2340
Iteration: 30	1397	1562	1755.54	2260
Iteration: 31	1397	1538	1765.33	2272
Iteration: 32	1397	1557	1772.61	2195
Iteration: 33	1397	1490	1794.8	2678
Iteration: 34	1397	1555	1787.44	2334
Iteration: 35	1397	1477	1789.97	2258
Iteration: 36	1397	1488	1787.44	2306
Iteration: 37	1397	1527	1781.5	2460
Iteration: 38	1397	1556	1789.06	2403
Iteration: 39	1397	1576	1791.32	2180
Iteration: 40	1397	1576	1786.15	2275
Iteration: 41	1397	1548	1797.96	2331
Iteration: 42	1397	1523	1766.41	2303
Iteration: 43	1397	1554	1802.36	2408
Iteration: 44	1397	1540	1797.74	2229
Iteration: 45	1397	1551	1757.99	2130
Iteration: 46	1397	1469	1779.89	2327
Iteration: 47	1397	1530	1808.85	2344
Iteration: 48	1397	1476	1795.1	2255
Iteration: 49	1397	1517	1816.74	2445
Iteration: 50	1397	1521	1809.67	2354
Iteration: 51	1397	1544	1780.78	2331
Iteration: 52	1397	1485	1782.49	2307
Iteration: 53	1397	1550	1782.71	2251
Iteration: 54	1397	1564	1783.88	2368
Iteration: 55	1397	1559	1791.08	2426
Iteration: 56	1397	1480	1794.07	2207
Iteration: 57	1397	1512	1805.68	2802
Iteration: 58	1397	1558	1807.92	2669
Iteration: 59	1397	1506	1793.46	2525
Iteration: 60	1397	1556	1815.71	2656
Iteration: 61	1397	1527	1784.66	2187
Iteration: 62	1397	1560	1789.6	2316
Iteration: 63	1397	1544	1795.16	2328
Iteration: 64	1397	1542	1784.47	2377
Iteration: 65	1397	1548	1795.75	2314
Iteration: 66	1397	1592	1814.02	2354
Iteration: 67	1397	1561	1796.73	2342
Iteration: 68	1397	1541	1785.28	2554
Iteration: 69	1397	1531	1798.58	2356
Iteration: 70	1397	1518	1785.89	2214
Iteration: 71	1397	1567	1803.32	2304
Iteration: 72	1397	1541	1774.1	2236
Iteration: 73	1397	1537	1788.94	2552
Iteration: 74	1397	1491	1778.58	2413
Iteration: 75	1397	1506	1812.77	2322
Iteration: 76	1397	1550	1805.88	2355
Iteration: 77	1397	1493	1781.12	2503
Iteration: 78	1397	1547	1794.91	2412
Iteration: 79	1397	1485	1792.7	2227
Iteration: 80	1397	1530	1772.36	2166
Iteration: 81	1397	1526	1836.55	2480
Iteration: 82	1397	1543	1770.56	2228
Iteration: 83	1397	1546	1817.73	2714
Iteration: 84	1397	1591	1818.6	2219
Iteration: 85	1397	1546	1787.82	2278
Iteration: 86	1397	1520	1817.16	2279
Iteration: 87	1397	1539	1794.48	2313
Iteration: 88	1397	1487	1786	2425
Iteration: 89	1397	1483	1778.01	2367
Iteration: 90	1397	1511	1797.74	2313
Iteration: 91	1397	1537	1809.28	2239
Iteration: 92	1397	1491	1784.68	2354
Iteration: 93	1397	1536	1785.64	2298
Iteration: 94	1397	1518	1783.48	2422
Iteration: 95	1397	1566	1783.33	2550
Iteration: 96	1397	1496	1790.42	2238
Iteration: 97	1397	1490	1793.12	2429
Iteration: 98	1397	1538	1802.92	2289
Iteration: 99	1397	1542	1806.12	2339
Iteration: 100	1397	1527	1811.8	2827
Iteration: 101	1397	1551	1800.6	2212
Iteration: 102	1397	1515	1773.46	2180
Iteration: 103	1397	1541	1792.25	2491
Iteration: 104	1397	1550	1778.08	2338
Iteration: 105	1397	1572	1811.45	2693
Iteration: 106	1397	1489	1770.73	2180
Iteration: 107	1397	1490	1774.9	2233
Iteration: 108	1397	1525	1777.39	2213
Iteration: 109	1397	1519	1823.06	2254
Iteration: 110	1397	1543	1807.98	2443
Iteration: 111	1397	1518	1808.48	2184
Iteration: 112	1397	1440	1794.18	2470
Iteration: 113	1397	1518	1771.05	2368
Iteration: 114	1397	1528	1769.93	2200
Iteration: 115	1397	1462	1790.56	2488
Iteration: 116	1397	1491	1811.79	2145
Iteration: 117	1397	1552	1832.82	2266
Iteration: 118	1397	1548	1767.68	2092
Iteration: 119	1397	1511	1765.16	2080
Iteration: 120	1397	1527	1760.81	2349
Iteration: 121	1397	1559	1824.17	2372
Iteration: 122	1397	1503	1797.08	2549
Iteration: 123	1397	1538	1772.36	2297
Iteration: 124	1397	1469	1789.02	2320
Iteration: 125	1397	1499	1786.45	2410
Iteration: 126	1397	1519	1791.49	2323
Iteration: 127	1397	1490	1827.59	2393
Iteration: 128	1397	1485	1788.53	2098
Iteration: 129	1397	1565	1790.79	2830
Iteration: 130	1397	1550	1780.69	2248
Iteration: 131	1397	1545	1803.84	2303
Iteration: 132	1397	1512	1795.9	3142
Iteration: 133	1397	1550	1793.93	2498
Iteration: 134	1397	1561	1802.33	2256
Iteration: 135	1397	1514	1802.63	2156
Iteration: 136	1397	1515	1797.96	2454
Iteration: 137	1397	1498	1818.25	2554
Iteration: 138	1397	1561	1792.29	2491
Iteration: 139	1397	1539	1782.04	2210
Iteration: 140	1397	1504	1794.85	2355
Iteration: 141	1397	1490	1806	2414
Iteration: 142	1397	1482	1778.84	2347
Iteration: 143	1397	1482	1779.45	2286
Iteration: 144	1397	1496	1813.02	2374
Iteration: 145	1397	1504	1787.05	2272
Iteration: 146	1397	1499	1814.4	2288
Iteration: 147	1397	1547	1808.11	2799
Iteration: 148	1397	1518	1778.29	2303
Iteration: 149	1397	1503	1790.71	2552
Iteration: 150	1397	1505	1798.76	2451
Iteration: 151	1397	1458	1782.42	2302
Iteration: 152	1397	1536	1767.57	2447
Iteration: 153	1397	1513	1807.2	2243
Iteration: 154	1397	1494	1815.95	2353
Iteration: 155	1397	1568	1802.81	2154
Iteration: 156	1397	1514	1764.6	2102
Iteration: 157	1397	1522	1779.64	2284
Iteration: 158	1397	1499	1781.57	2435
Iteration: 159	1397	1461	1798.9	2417
Iteration: 160	1397	1489	1806.11	2403
Iteration: 161	1397	1476	1791.62	2467
Iteration: 162	1397	1477	1787.89	2319
Iteration: 163	1397	1503	1818.01	2756
Iteration: 164	1397	1497	1788.88	2237
Iteration: 165	1397	1548	1799.37	2515
Iteration: 166	1397	1530	1815.37	2416
Iteration: 167	1397	1489	1832.24	2588
Iteration: 168	1397	1534	1835.63	2463
Iteration: 169	1397	1543	1797.37	2792
Iteration: 170	1397	1522	1790.5	2321
Iteration: 171	1397	1517	1787.6	2414
Iteration: 172	1397	1488	1793.07	2477
Iteration: 173	1397	1534	1795.84	2379
Iteration: 174	1397	1465	1801.43	2545
Iteration: 175	1397	1445	1790.19	2619
Iteration: 176	1397	1503	1775.96	2260
Iteration: 177	1397	1526	1801.45	2339
Iteration: 178	1397	1533	1805.55	2310
Iteration: 179	1397	1554	1797.55	2376
Iteration: 180	1397	1550	1813.41	2205
Iteration: 181	1397	1549	1804.06	2347
Iteration: 182	1397	1537	1777.25	2180
Iteration: 183	1397	1526	1788.46	2471
Iteration: 184	1397	1476	1805.01	2195
Iteration: 185	1397	1539	1794.69	2279
Iteration: 186	1397	1522	1794.72	2279
Iteration: 187	1397	1513	1790.26	2596
Iteration: 188	1397	1494	1818.75	2661
Iteration: 189	1397	1477	1801.1	2372
Iteration: 190	1397	1566	1833.51	2676
Iteration: 191	1397	1496	1787.66	2213
Iteration: 192	1397	1566	1775.62	2457
Iteration: 193	1397	1414	1787.41	2469
Iteration: 194	1397	1458	1779.6	2251
Iteration: 195	1397	1522	1803.55	2942
Iteration: 196	1397	1562	1800.85	2353
Iteration: 197	1397	1522	1799.95	2353
Iteration: 198	1397	1457	1786.27	2163
Iteration: 199	1397	1514	1781.54	2392
Iteration: 200	1397	1518	1826.94	2289
Iteration: 201	1397	1535	1785.14	2362
Iteration: 202	1397	1455	1774.3	2353
Iteration: 203	1397	1528	1790.31	2339
Iteration: 204	1397	1560	1774.14	2188
Iteration: 205	1397	1551	1805.99	2401
Iteration: 206	1397	1498	1809.92	2407
Iteration: 207	1397	1552	1792.78	2180
Iteration: 208	1397	1531	1807.22	2632
Iteration: 209	1397	1547	1807.44	2190
Iteration: 210	1397	1516	1821.06	2369
Iteration: 211	1397	1509	1799.04	2317
Iteration: 212	1397	1516	1785.95	2555
Iteration: 213	1397	1496	1807.46	2174
Iteration: 214	1397	1537	1798.59	2358
Iteration: 215	1397	1524	1824.08	2422
Iteration: 216	1397	1529	1783.45	2270
Iteration: 217	1397	1472	1814.04	2408
Iteration: 218	1397	1531	1770.93	2553
Iteration: 219	1397	1588	1813.16	2367
Iteration: 220	1397	1529	1805.61	2432
Iteration: 221	1397	1539	1810.25	2164
Iteration: 222	1397	1523	1794.08	2371
Iteration: 223	1397	1512	1779.21	2646
Iteration: 224	1397	1493	1773.92	2227
Iteration: 225	1397	1489	1799.66	2217
Iteration: 226	1397	1484	1809.89	2659
Iteration: 227	1397	1467	1821.96	2577
Iteration: 228	1397	1583	1819.53	2576
Iteration: 229	1397	1514	1787.08	2221
Iteration: 230	1397	1548	1806.49	2310
Iteration: 231	1397	1539	1813.25	2411
Iteration: 232	1397	1496	1795.7	2539
Iteration: 233	1397	1541	1819.44	2539
Iteration: 234	1397	1557	1817.12	2471
Iteration: 235	1397	1523	1793.12	2431
Iteration: 236	1397	1525	1808.44	2372
Iteration: 237	1397	1501	1772.22	2254
Iteration: 238	1397	1507	1774.1	2321
Iteration: 239	1397	1554	1799.79	2591
Iteration: 240	1397	1492	1790.36	2254
Iteration: 241	1397	1536	1742.7	2141
Iteration: 242	1397	1524	1811.83	2418
Iteration: 243	1397	1568	1774.16	2262
Iteration: 244	1397	1500	1795.95	2307
Iteration: 245	1397	1533	1786.07	2237
Iteration: 246	1397	1545	1823.77	2268
Iteration: 247	1397	1544	1778.65	2411
Iteration: 248	1397	1558	1791.77	2219
Iteration: 249	1397	1498	1772.92	2117
Iteration: 250	1397	1481	1795.52	2366
Iteration: 251	1397	1462	1783.42	2117
Iteration: 252	1397	1486	1809.85	2796
Iteration: 253	1397	1548	1817.31	2370
Iteration: 254	1397	1516	1812.14	2336
Iteration: 255	1397	1499	1779.11	2252
Iteration: 256	1397	1563	1830.02	2469
Iteration: 257	1397	1559	1803.64	2491
Iteration: 258	1397	1534	1811.16	2341
Iteration: 259	1397	1501	1774.03	2164
Iteration: 260	1397	1504	1818.56	2368
Iteration: 261	1397	1567	1814.89	2426
Iteration: 262	1397	1547	1834.96	2191
Iteration: 263	1397	1521	1804.25	2184
Iteration: 264	1397	1497	1811.92	2413
Iteration: 265	1397	1517	1811.38	2227
Iteration: 266	1397	1542	1780.81	2208
Iteration: 267	1397	1521	1787.35	2266
Iteration: 268	1397	1538	1807.4	2132
Iteration: 269	1397	1504	1753.35	2205
Iteration: 270	1397	1545	1796.5	2374
Iteration: 271	1397	1515	1796.07	2520
Iteration: 272	1397	1496	1786.92	2231
Iteration: 273	1397	1538	1807.78	2361
Iteration: 274	1397	1514	1795.44	2559
Iteration: 275	1397	1545	1797.34	2507
Iteration: 276	1397	1491	1799.57	2410
Iteration: 277	1397	1515	1776.82	2203
Iteration: 278	1397	1512	1766.63	2222
Iteration: 279	1397	1526	1806.39	2305
Iteration: 280	1397	1534	1791.28	2409
Iteration: 281	1397	1509	1811.55	2317
Iteration: 282	1397	1503	1793.41	2247
Iteration: 283	1397	1484	1822.51	2706
Iteration: 284	1397	1449	1802.09	2355
Iteration: 285	1397	1539	1823.22	2299
Iteration: 286	1397	1532	1779.11	2161
Iteration: 287	1397	1529	1797.6	2219
Iteration: 288	1397	1545	1810.11	2237
Iteration: 289	1397	1454	1811.54	2450
Iteration: 290	1397	1540	1807.14	2162
Iteration: 291	1397	1532	1786.39	2308
Iteration: 292	1397	1516	1805.26	2538
Iteration: 293	1397	1510	1792.16	2429
Iteration: 294	1397	1562	1802.4	2443
Iteration: 295	1397	1531	1790.39	2395
Iteration: 296	1397	1535	1790.64	2387
Iteration: 297	1397	1548	1808.35	2217
Iteration: 298	1397	1510	1806.12	2269
Iteration: 299	1397	1510	1800.53	2393
Iteration: 300	1397	1553	1759.55	2186
Iteration: 301	1397	1548	1799.96	2364
Iteration: 302	1397	1540	1779.87	2700
Iteration: 303	1397	1557	1800.97	2371
Iteration: 304	1397	1485	1800.66	2337
Iteration: 305	1397	1507	1759.21	2252
Iteration: 306	1397	1511	1823.39	2262
Iteration: 307	1397	1537	1811.06	2352
Iteration: 308	1397	1558	1798.93	2195
Iteration: 309	1397	1489	1780.84	2209
Iteration: 310	1397	1565	1811.25	2404
Iteration: 311	1397	1597	1822.75	2486
Iteration: 312	1397	1528	1834.22	2441
Iteration: 313	1397	1550	1803.81	2522
Iteration: 314	1397	1526	1767.59	2515
Iteration: 315	1397	1518	1796.61	2331
Iteration: 316	1397	1529	1817.6	2290
Iteration: 317	1397	1507	1769	2424
Iteration: 318	1397	1560	1798.6	2292
Iteration: 319	1397	1524	1829.75	2406
Iteration: 320	1397	1474	1789.77	2429
Iteration: 321	1397	1504	1795.15	2559
Iteration: 322	1397	1536	1781	2383
Iteration: 323	1397	1555	1779.92	2265
Iteration: 324	1397	1483	1783.39	2183
Iteration: 325	1397	1524	1773.18	2416
Iteration: 326	1397	1536	1794.7	2139
Iteration: 327	1397	1509	1763.22	2305
Iteration: 328	1397	1524	1823.98	2441
Iteration: 329	1397	1477	1785.55	2460
Iteration: 330	1397	1571	1809.88	2599
Iteration: 331	1397	1553	1806.55	2279
Iteration: 332	1397	1513	1827.71	2934
Iteration: 333	1397	1521	1817.41	2493
Iteration: 334	1397	1470	1794.45	2236
Iteration: 335	1397	1511	1773.44	2209
Iteration: 336	1397	1479	1793.74	2309
Iteration: 337	1397	1519	1811.42	2264
Iteration: 338	1397	1521	1786.61	2326
Iteration: 339	1397	1556	1785.94	2330
Iteration: 340	1397	1544	1796.23	2617
Iteration: 341	1397	1505	1756.06	2147
Iteration: 342	1397	1495	1771.42	2229
Iteration: 343	1397	1516	1779	2182
Iteration: 344	1397	1535	1787.86	2444
Iteration: 345	1397	1522	1808.8	2835
Iteration: 346	1397	1489	1804.56	2295
Iteration: 347	1397	1544	1807.96	2689
Iteration: 348	1397	1429	1810.71	2801
Iteration: 349	1397	1475	1776.88	2408
Iteration: 350	1397	1512	1805.75	2560
Iteration: 351	1397	1535	1791.49	2360
Iteration: 352	1397	1552	1789.8	2547
Iteration: 353	1397	1548	1802.61	2491
Iteration: 354	1397	1563	1806.16	2259
Iteration: 355	1397	1554	1795.92	2366
Iteration: 356	1397	1513	1788.88	2306
Iteration: 357	1397	1566	1793.45	2480
Iteration: 358	1397	1488	1800.24	2355
Iteration: 359	1397	1509	1790.5	2223
Iteration: 360	1397	1467	1796.5	2672
Iteration: 361	1397	1580	1790.5	2566
Iteration: 362	1397	1554	1794.19	2179
Iteration: 363	1397	1521	1780.16	2176
Iteration: 364	1397	1555	1789.96	2367
Iteration: 365	1397	1532	1822.65	2359
Iteration: 366	1397	1492	1800.56	2128
Iteration: 367	1397	1481	1777.46	2204
Iteration: 368	1397	1569	1783.06	2251
Iteration: 369	1397	1536	1793.38	2254
Iteration: 370	1397	1529	1778.81	2242
Iteration: 371	1397	1514	1787.98	2281
Iteration: 372	1397	1530	1804.59	2424
Iteration: 373	1397	1495	1790.38	2156
Iteration: 374	1397	1558	1811.22	2425
Iteration: 375	1397	1530	1800.95	2243
Iteration: 376	1397	1516	1793.76	2298
Iteration: 377	1397	1480	1792.04	2333
Iteration: 378	1397	1495	1792.37	2217
Iteration: 379	1397	1488	1792.18	2352
Iteration: 380	1397	1486	1828.15	2608
Iteration: 381	1397	1501	1786.24	2373
Iteration: 382	1397	1448	1806.56	2423
Iteration: 383	1397	1554	1830.51	2350
Iteration: 384	1397	1542	1809.93	2602
Iteration: 385	1397	1567	1784.95	2322
Iteration: 386	1397	1480	1784.07	2370
Iteration: 387	1397	1484	1771.62	2182
Iteration: 388	1397	1562	1769.69	2052
Iteration: 389	1397	1526	1800.86	2312
Iteration: 390	1397	1495	1792.11	2322
Iteration: 391	1397	1527	1786.51	2232
Iteration: 392	1397	1581	1813.38	2343
Iteration: 393	1397	1539	1828.92	2549
Iteration: 394	1397	1556	1784.7	2278
Iteration: 395	1397	1475	1779.44	2336
Iteration: 396	1397	1496	1815.12	2273
Iteration: 397	1397	1531	1790.33	2149
Iteration: 398	1397	1531	1779.68	2337
Iteration: 399	1397	1546	1801.38	2481
Iteration: 400	1397	1500	1790.82	2395
Iteration: 401	1397	1556	1810.73	2344
Iteration: 402	1397	1461	1803.55	2529
Iteration: 403	1397	1484	1813.98	2419
Iteration: 404	1397	1524	1800.89	2498
Iteration: 405	1397	1534	1781.73	2177
Iteration: 406	1397	1540	1784.37	2302
Iteration: 407	1397	1519	1796.23	2295
Iteration: 408	1397	1543	1793.04	2273
Iteration: 409	1397	1524	1811.49	2518
Iteration: 410	1397	1549	1830.26	2380
Iteration: 411	1397	1473	1803.04	2742
Iteration: 412	1397	1558	1793.49	2421
Iteration: 413	1397	1520	1814.94	2492
Iteration: 414	1397	1565	1831.26	2617
Iteration: 415	1397	1545	1802.57	2345
Iteration: 416	1397	1471	1796.37	2190
Iteration: 417	1397	1534	1769.11	2241
Iteration: 418	1397	1517	1789.98	2238
Iteration: 419	1397	1522	1814.88	2504
Iteration: 420	1397	1532	1765.56	2199
Iteration: 421	1397	1531	1791.68	2285
Iteration: 422	1397	1481	1790.59	2519
Iteration: 423	1397	1446	1782.64	2505
Iteration: 424	1397	1520	1792	2461
Iteration: 425	1397	1506	1806.68	2471
Iteration: 426	1397	1560	1806.2	2374
Iteration: 427	1397	1492	1799.06	2312
Iteration: 428	1397	1578	1803.18	2414
Iteration: 429	1397	1515	1789.68	2263
Iteration: 430	1397	1535	1780.8	2546
Iteration: 431	1397	1504	1797.48	2650
Iteration: 432	1397	1521	1815.17	2467
Iteration: 433	1397	1571	1825.03	2226
Iteration: 434	1397	1523	1809.17	2382
Iteration: 435	1397	1521	1778.88	2378
Iteration: 436	1397	1498	1798.59	2254
Iteration: 437	1397	1512	1805.37	2246
Iteration: 438	1397	1524	1809.44	2559
Iteration: 439	1397	1481	1790.13	2367
Iteration: 440	1397	1548	1782.54	2384
Iteration: 441	1397	1495	1793.26	2135
Iteration: 442	1397	1570	1800.8	2233
Iteration: 443	1397	1465	1786.09	2167
Iteration: 444	1397	1539	1783.4	2178
Iteration: 445	1397	1543	1808.14	2441
Iteration: 446	1397	1562	1789.73	2221
Iteration: 447	1397	1490	1800.27	2594
Iteration: 448	1397	1491	1784.17	2237
Iteration: 449	1397	1559	1805.77	2318
Iteration: 450	1397	1433	1806.5	2500
Iteration: 451	1397	1505	1769.47	2287
Iteration: 452	1397	1542	1811.96	2494
Iteration: 453	1397	1561	1799.1	2137
Iteration: 454	1397	1534	1794.27	2329
Iteration: 455	1397	1540	1750.85	2123
Iteration: 456	1397	1525	1766.13	2315
Iteration: 457	1397	1435	1789.92	2171
Iteration: 458	1397	1541	1792.21	2277
Iteration: 459	1397	1557	1795.18	2218
Iteration: 460	1397	1542	1793.12	2140
Iteration: 461	1397	1460	1793.89	2248
Iteration: 462	1397	1521	1811.69	2456
Iteration: 463	1397	1534	1831.37	2385
Iteration: 464	1397	1535	1766.17	2162
Iteration: 465	1397	1532	1770.39	2362
Iteration: 466	1397	1531	1813.32	2193
Iteration: 467	1397	1521	1788.67	2432
Iteration: 468	1397	1473	1794.97	2461
Iteration: 469	1397	1520	1810.67	2404
Iteration: 470	1397	1543	1816.41	2396
Iteration: 471	1397	1569	1807.94	2300
Iteration: 472	1397	1489	1761.55	2205
Iteration: 473	1397	1566	1810.26	2228
Iteration: 474	1397	1510	1809.2	2681
Iteration: 475	1397	1546	1783.03	2625
Iteration: 476	1397	1556	1788.3	2194
Iteration: 477	1397	1503	1774.44	2204
Iteration: 478	1397	1573	1802.28	2599
Iteration: 479	1397	1463	1804.36	2562
Iteration: 480	1397	1520	1790.98	2368
Iteration: 481	1397	1549	1764.71	2166
Iteration: 482	1397	1463	1827.84	2388
Iteration: 483	1397	1536	1813.23	2434
Iteration: 484	1397	1537	1815.19	2303
Iteration: 485	1397	1525	1818.26	2331
Iteration: 486	1397	1524	1812.25	2491
Iteration: 487	1397	1491	1795.28	2254
Iteration: 488	1397	1543	1813.74	2399
Iteration: 489	1397	1511	1784.72	2404
Iteration: 490	1397	1477	1769.62	2329
Iteration: 491	1397	1485	1796.16	2741
Iteration: 492	1397	1522	1801.59	2435
Iteration: 493	1397	1554	1776.59	2158
Iteration: 494	1397	1555	1809.35	2369
Iteration: 495	1397	1558	1804.06	2406
Iteration: 496	1397	1498	1790.5	2672
Iteration: 497	1397	1550	1795.71	2255
Iteration: 498	1397	1535	1772.68	2249
Iteration: 499	1397	1549	1781.8	2222
