Iteration: 0	1534	1534	1785.9	2233
Iteration: 1	1515	1515	1776.75	2351
Iteration: 2	1515	1526	1788.65	2336
Iteration: 3	1513	1513	1797.63	2250
Iteration: 4	1513	1574	1816.15	2144
Iteration: 5	1513	1581	1876.05	2273
Iteration: 6	1501	1501	1912.76	2546
Iteration: 7	1501	1561	1944.24	2480
Iteration: 8	1501	1560	1886.46	2497
Iteration: 9	1501	1553	1935.38	2634
Iteration: 10	1501	1571	1918.98	2475
Iteration: 11	1501	1583	1902.15	2704
Iteration: 12	1501	1547	1907.07	2507
Iteration: 13	1501	1537	1947.07	2748
Iteration: 14	1501	1573	1952.39	2969
Iteration: 15	1501	1580	1925.55	2691
Iteration: 16	1501	1504	1936.92	2542
Iteration: 17	1501	1521	1905.42	2501
Iteration: 18	1501	1576	1987.88	2672
Iteration: 19	1501	1606	1965.81	2578
Iteration: 20	1501	1526	1937.23	2389
Iteration: 21	1501	1614	1920.6	2495
Iteration: 22	1501	1566	1931.51	2620
Iteration: 23	1501	1610	1917.64	2602
Iteration: 24	1501	1561	1964.21	2608
Iteration: 25	1445	1445	1964.33	3054
Iteration: 26	1445	1634	2027.56	2882
Iteration: 27	1445	1559	2000.53	2683
Iteration: 28	1445	1581	1951.73	2640
Iteration: 29	1445	1579	1996.82	2697
Iteration: 30	1445	1614	1955.72	2589
Iteration: 31	1445	1611	2015.91	2882
Iteration: 32	1445	1559	1960.18	2662
Iteration: 33	1445	1564	1913.5	2534
Iteration: 34	1445	1543	1936.16	2610
Iteration: 35	1445	1536	1906.96	2627
Iteration: 36	1445	1581	1943.99	2587
Iteration: 37	1445	1502	1992.78	2537
Iteration: 38	1445	1625	1952.62	2567
Iteration: 39	1445	1599	1976.52	2868
Iteration: 40	1445	1579	1982.86	2736
Iteration: 41	1445	1542	1960.87	2838
Iteration: 42	1445	1603	1984.76	2673
Iteration: 43	1445	1488	1954.68	2550
Iteration: 44	1445	1551	1975.93	2590
Iteration: 45	1445	1575	1994.54	2710
Iteration: 46	1445	1602	1930.54	2550
Iteration: 47	1445	1541	1885.91	2677
Iteration: 48	1445	1619	1936.94	2620
Iteration: 49	1445	1610	1935.43	2832
Iteration: 50	1445	1510	1948.01	2722
Iteration: 51	1445	1558	1933.12	2744
Iteration: 52	1445	1536	1944.62	2559
Iteration: 53	1445	1572	1967.61	2727
Iteration: 54	1445	1581	1950.49	2810
Iteration: 55	1445	1513	1943.83	2772
Iteration: 56	1445	1589	1969.08	3195
Iteration: 57	1445	1542	1943.63	2471
Iteration: 58	1445	1604	1961.33	2692
Iteration: 59	1445	1559	1970.86	2683
Iteration: 60	1445	1552	1967.13	2799
Iteration: 61	1445	1556	1931.89	2618
Iteration: 62	1445	1541	1938.17	2449
Iteration: 63	1445	1578	1955.97	2523
Iteration: 64	1445	1613	1940.26	2448
Iteration: 65	1445	1528	1903.22	2613
Iteration: 66	1445	1550	1942.58	2786
Iteration: 67	1445	1588	1971.93	2639
Iteration: 68	1445	1565	1965.95	2748
Iteration: 69	1445	1555	1923.3	2645
Iteration: 70	1445	1541	1892.01	2715
Iteration: 71	1445	1589	1933.59	2404
Iteration: 72	1445	1630	1994.8	2694
Iteration: 73	1445	1545	1958.94	2790
Iteration: 74	1445	1551	1942.49	2575
Iteration: 75	1445	1524	1981.87	2605
Iteration: 76	1445	1610	1966.13	2709
Iteration: 77	1445	1582	1951.22	2499
Iteration: 78	1445	1586	1956.81	2628
Iteration: 79	1445	1553	1923.62	2622
Iteration: 80	1445	1599	1936.69	2526
Iteration: 81	1445	1571	1926.29	2544
Iteration: 82	1445	1565	2005.72	2829
Iteration: 83	1445	1629	1981.23	2682
Iteration: 84	1445	1543	1947.41	2559
Iteration: 85	1445	1582	1943.91	2782
Iteration: 86	1445	1571	1992.86	2487
Iteration: 87	1445	1591	1934	2609
Iteration: 88	1445	1606	2008.68	2709
Iteration: 89	1445	1593	1959.94	2835
Iteration: 90	1445	1590	1959.04	2683
Iteration: 91	1445	1613	1939.27	2918
Iteration: 92	1445	1576	1988.61	2666
Iteration: 93	1445	1571	1949.6	2743
Iteration: 94	1445	1538	1920.64	2529
Iteration: 95	1445	1544	1955.56	2977
Iteration: 96	1445	1560	1959.55	2859
Iteration: 97	1445	1561	1958.15	2965
Iteration: 98	1445	1577	1960.11	2640
Iteration: 99	1445	1566	1922.37	2633
Iteration: 100	1445	1649	1989.03	3034
Iteration: 101	1445	1589	1988.83	2656
Iteration: 102	1445	1652	1942.71	2656
Iteration: 103	1445	1538	1983.81	2636
Iteration: 104	1445	1587	1970.42	2602
Iteration: 105	1445	1576	1935.64	2457
Iteration: 106	1445	1625	2016.32	2643
Iteration: 107	1445	1578	1894.4	2351
Iteration: 108	1445	1584	1991.06	2667
Iteration: 109	1445	1554	1913.73	2633
Iteration: 110	1445	1557	2027.53	3011
Iteration: 111	1445	1600	1991.31	2731
Iteration: 112	1445	1522	1967.71	2726
Iteration: 113	1445	1613	1988.55	2814
Iteration: 114	1445	1499	1980.76	2537
Iteration: 115	1445	1563	1977.02	2551
Iteration: 116	1445	1539	1972.09	2639
Iteration: 117	1445	1563	1932	2652
Iteration: 118	1445	1595	1941.17	2664
Iteration: 119	1445	1521	1946.89	2685
Iteration: 120	1445	1626	1936.9	2493
Iteration: 121	1445	1554	1933.26	2487
Iteration: 122	1445	1531	1961.1	2627
Iteration: 123	1445	1594	1975.31	2701
Iteration: 124	1445	1608	1969.78	2853
Iteration: 125	1445	1596	1988.56	2757
Iteration: 126	1445	1609	1927.3	2426
Iteration: 127	1445	1564	1983.96	2706
Iteration: 128	1445	1624	1970.08	2767
Iteration: 129	1445	1632	1971	2495
Iteration: 130	1445	1615	1930.23	2508
Iteration: 131	1445	1589	1945	2551
Iteration: 132	1445	1529	1938.26	2808
Iteration: 133	1445	1541	1969.3	2498
Iteration: 134	1445	1595	1939.97	2603
Iteration: 135	1445	1618	1945.77	2531
Iteration: 136	1445	1632	1959.76	2531
Iteration: 137	1445	1592	1943.63	2476
Iteration: 138	1445	1570	1958.86	3213
Iteration: 139	1445	1486	1930.29	2548
Iteration: 140	1445	1556	1972.57	2805
Iteration: 141	1445	1620	2040.27	2789
Iteration: 142	1445	1464	1946.71	2570
Iteration: 143	1445	1578	1987.48	2715
Iteration: 144	1445	1489	1973.61	2614
Iteration: 145	1445	1605	1946.1	2474
Iteration: 146	1445	1563	1984.35	2550
Iteration: 147	1445	1572	1898.08	2447
Iteration: 148	1445	1589	1940.49	2651
Iteration: 149	1445	1576	1918.65	2500
Iteration: 150	1445	1543	1973.26	2670
Iteration: 151	1445	1550	1966.82	2577
Iteration: 152	1445	1628	1965.14	2589
Iteration: 153	1445	1499	1899.81	2464
Iteration: 154	1445	1554	1945.01	2618
Iteration: 155	1445	1577	1992.35	2697
Iteration: 156	1445	1583	1984.34	2714
Iteration: 157	1445	1504	1939.78	2360
Iteration: 158	1445	1578	1950.81	2725
Iteration: 159	1445	1556	1964.89	2706
Iteration: 160	1445	1498	1948.15	2736
Iteration: 161	1445	1554	1970.81	2797
Iteration: 162	1445	1557	1970.88	2584
Iteration: 163	1445	1492	1939.44	2597
Iteration: 164	1445	1596	1956.6	2843
Iteration: 165	1445	1579	1977.04	2728
Iteration: 166	1445	1526	1925.98	2429
Iteration: 167	1445	1493	1911.98	2699
Iteration: 168	1445	1572	1993.23	2710
Iteration: 169	1445	1520	1969.2	2682
Iteration: 170	1445	1578	1962.5	2502
Iteration: 171	1445	1547	1937.29	2606
Iteration: 172	1445	1641	1983.15	2813
Iteration: 173	1445	1590	1939.58	2844
Iteration: 174	1445	1515	1924.97	2583
Iteration: 175	1445	1598	1952.52	2815
Iteration: 176	1445	1514	1897.72	2665
Iteration: 177	1445	1599	1955.88	2871
Iteration: 178	1445	1564	1974.67	2566
Iteration: 179	1445	1575	1957.45	2751
Iteration: 180	1445	1594	1950.05	2564
Iteration: 181	1445	1566	1957.8	2715
Iteration: 182	1445	1643	2002.43	3012
Iteration: 183	1445	1571	1965.57	2673
Iteration: 184	1445	1611	1952.59	2738
Iteration: 185	1445	1554	1978.16	2679
Iteration: 186	1445	1560	1932.94	2691
Iteration: 187	1445	1581	1952.64	2675
Iteration: 188	1445	1554	1947.06	2504
Iteration: 189	1445	1576	2030.42	3083
Iteration: 190	1445	1605	1922.04	2651
Iteration: 191	1445	1574	1976.57	2840
Iteration: 192	1445	1592	1949.78	2779
Iteration: 193	1445	1561	1978.02	2726
Iteration: 194	1445	1533	1929.3	2545
Iteration: 195	1445	1605	1954.46	2630
Iteration: 196	1445	1543	1958.92	2573
Iteration: 197	1445	1588	1937.39	2926
Iteration: 198	1445	1568	1982.74	2953
Iteration: 199	1445	1586	1986.9	2582
Iteration: 200	1445	1593	1952.48	2697
Iteration: 201	1445	1538	1919.66	2507
Iteration: 202	1445	1519	1905.04	2455
Iteration: 203	1445	1593	1971.75	2822
Iteration: 204	1445	1641	1973.7	2716
Iteration: 205	1445	1526	1957.18	2647
Iteration: 206	1445	1568	1941.09	2478
Iteration: 207	1445	1507	1942.16	2680
Iteration: 208	1445	1578	1950.56	2699
Iteration: 209	1445	1589	1914.66	2760
Iteration: 210	1445	1454	1991.13	2753
Iteration: 211	1445	1597	1981.11	2557
Iteration: 212	1445	1575	1919.28	2612
Iteration: 213	1445	1563	1948.68	2594
Iteration: 214	1445	1598	1955.96	2641
Iteration: 215	1445	1627	1935.4	2540
Iteration: 216	1445	1666	1972.92	2560
Iteration: 217	1445	1642	2012.05	2796
Iteration: 218	1445	1582	1935.52	2529
Iteration: 219	1445	1505	1930.03	2697
Iteration: 220	1445	1609	1964.02	2891
Iteration: 221	1445	1614	1967.01	2932
Iteration: 222	1445	1612	1994.41	2921
Iteration: 223	1445	1558	1953.36	2940
Iteration: 224	1445	1509	1953.82	2739
Iteration: 225	1445	1516	1942.07	2649
Iteration: 226	1445	1581	1971.2	2630
Iteration: 227	1445	1612	1977.33	2814
Iteration: 228	1445	1531	1994.58	2805
Iteration: 229	1445	1563	1983.98	2857
Iteration: 230	1445	1567	1969.14	2781
Iteration: 231	1445	1600	1900.39	2550
Iteration: 232	1445	1525	1975.35	2807
Iteration: 233	1445	1508	1945.8	2505
Iteration: 234	1445	1587	1937.47	2582
Iteration: 235	1445	1631	2001.09	2658
Iteration: 236	1445	1521	1956.38	2506
Iteration: 237	1445	1573	1955.82	2620
Iteration: 238	1445	1544	1975.45	2683
Iteration: 239	1445	1525	1927.27	2649
Iteration: 240	1445	1594	1956.65	2495
Iteration: 241	1445	1591	1961.81	2903
Iteration: 242	1445	1557	1922.73	2809
Iteration: 243	1445	1584	1913.6	2669
Iteration: 244	1445	1531	1948.61	2883
Iteration: 245	1445	1577	1980.58	2605
Iteration: 246	1445	1466	1954.35	2624
Iteration: 247	1445	1528	2004.02	3092
Iteration: 248	1445	1518	1946.55	2637
Iteration: 249	1445	1587	1953.5	2599
Iteration: 250	1445	1611	1960.21	2543
Iteration: 251	1445	1586	1965.83	2655
Iteration: 252	1445	1594	1944.02	2703
Iteration: 253	1445	1515	1962.53	2786
Iteration: 254	1445	1544	1949.27	2818
Iteration: 255	1445	1598	1949.13	2694
Iteration: 256	1445	1576	1957.17	2501
Iteration: 257	1445	1565	1943.54	2645
Iteration: 258	1445	1673	1991.73	2704
Iteration: 259	1445	1488	1968.47	2478
Iteration: 260	1445	1577	1921.82	2594
Iteration: 261	1445	1574	1979.01	2715
Iteration: 262	1445	1610	1946.61	2596
Iteration: 263	1445	1609	2025.7	2932
Iteration: 264	1445	1615	1958.05	2811
Iteration: 265	1445	1637	1967.78	2582
Iteration: 266	1445	1463	1951.23	2715
Iteration: 267	1445	1566	1924.83	2748
Iteration: 268	1445	1552	1951.49	2577
Iteration: 269	1445	1584	1919.28	2470
Iteration: 270	1445	1529	1961.48	2706
Iteration: 271	1445	1546	1962.12	2924
Iteration: 272	1445	1621	1999.62	3064
Iteration: 273	1445	1577	1975.35	2686
Iteration: 274	1445	1528	1938.46	2487
Iteration: 275	1445	1531	1981.17	2619
Iteration: 276	1445	1587	1963.94	2671
Iteration: 277	1445	1605	1937	2473
Iteration: 278	1445	1624	1999.08	2874
Iteration: 279	1445	1517	1974.94	2674
Iteration: 280	1445	1568	1927.4	2815
Iteration: 281	1445	1552	1912.71	2449
Iteration: 282	1445	1555	1983.94	2815
Iteration: 283	1445	1599	1941.19	2781
Iteration: 284	1445	1605	1944.37	2687
Iteration: 285	1445	1581	1941.93	2976
Iteration: 286	1445	1567	1991.01	2637
Iteration: 287	1445	1601	1959.46	2527
Iteration: 288	1445	1561	1981.09	2727
Iteration: 289	1445	1543	1952.94	2688
Iteration: 290	1445	1603	1996.66	2764
Iteration: 291	1445	1567	1979.99	2672
Iteration: 292	1445	1565	1951	2700
Iteration: 293	1445	1601	1963.19	2955
Iteration: 294	1445	1539	1922.2	2689
Iteration: 295	1445	1568	1943.95	2710
Iteration: 296	1445	1601	1903.46	2591
Iteration: 297	1445	1573	1927.17	2537
Iteration: 298	1445	1565	1928.65	2674
Iteration: 299	1445	1531	1949.24	3117
Iteration: 300	1445	1586	1999.73	2731
Iteration: 301	1445	1564	1959.15	2544
Iteration: 302	1445	1602	1963.45	2647
Iteration: 303	1445	1558	1949.99	2714
Iteration: 304	1445	1565	1955.18	2769
Iteration: 305	1445	1549	2009.95	2666
Iteration: 306	1445	1572	1929.53	2531
Iteration: 307	1445	1557	1997.21	2707
Iteration: 308	1445	1504	1961.79	2587
Iteration: 309	1445	1599	1938.56	2649
Iteration: 310	1445	1587	1944.72	2533
Iteration: 311	1445	1573	1990.82	2918
Iteration: 312	1445	1586	1981.09	2428
Iteration: 313	1445	1598	1958.11	2551
Iteration: 314	1445	1596	1937.5	2611
Iteration: 315	1445	1513	1930.89	2771
Iteration: 316	1445	1578	1956.58	2823
Iteration: 317	1445	1593	1972.39	2943
Iteration: 318	1445	1562	1951.24	2674
Iteration: 319	1445	1604	1946.7	2739
Iteration: 320	1445	1561	1939.26	2659
Iteration: 321	1445	1564	1889.92	2494
Iteration: 322	1445	1562	1971.03	2451
Iteration: 323	1445	1579	2005.39	2603
Iteration: 324	1445	1570	1974.88	2871
Iteration: 325	1445	1583	1951.14	2513
Iteration: 326	1445	1626	1966.14	2847
Iteration: 327	1445	1614	1981.95	2551
Iteration: 328	1445	1518	1938.65	2779
Iteration: 329	1445	1616	1942.2	2756
Iteration: 330	1445	1539	1935.06	2513
Iteration: 331	1445	1585	1982.36	2566
Iteration: 332	1445	1558	1951.95	2635
Iteration: 333	1445	1549	1985.29	2876
Iteration: 334	1445	1514	1957.44	2761
Iteration: 335	1445	1563	1912.2	2379
Iteration: 336	1445	1550	1944.12	2721
Iteration: 337	1445	1616	1961.38	2546
Iteration: 338	1445	1555	1951.92	2812
Iteration: 339	1445	1554	1915.91	2638
Iteration: 340	1445	1562	1939.85	2635
Iteration: 341	1445	1567	1957.45	2788
Iteration: 342	1445	1600	1962.47	2739
Iteration: 343	1445	1537	2021.17	2652
Iteration: 344	1445	1568	1947.91	2681
Iteration: 345	1445	1579	1990.22	2964
Iteration: 346	1445	1617	1938.93	2520
Iteration: 347	1445	1565	1954.36	2918
Iteration: 348	1445	1533	1908.35	2678
Iteration: 349	1445	1541	1978.23	2587
Iteration: 350	1445	1524	1910.71	2524
Iteration: 351	1445	1540	1963.85	2716
Iteration: 352	1445	1608	1978.46	2865
Iteration: 353	1445	1526	1940.61	2546
Iteration: 354	1445	1546	1957.75	2563
Iteration: 355	1445	1513	1942.54	2790
Iteration: 356	1445	1542	1986.29	2698
Iteration: 357	1445	1566	1979.14	2638
Iteration: 358	1445	1583	1952.1	2587
Iteration: 359	1445	1565	1952.96	2709
Iteration: 360	1445	1590	1932.39	2689
Iteration: 361	1445	1622	1964.51	2613
Iteration: 362	1445	1566	1906.15	2444
Iteration: 363	1445	1557	1965.94	2751
Iteration: 364	1445	1595	1948.1	2552
Iteration: 365	1445	1570	1946.6	2622
Iteration: 366	1445	1572	1954.24	2567
Iteration: 367	1445	1610	1942.45	2474
Iteration: 368	1445	1528	1984.52	2805
Iteration: 369	1445	1527	1936.94	2689
Iteration: 370	1445	1526	1903.62	2666
Iteration: 371	1445	1573	1956.21	2667
Iteration: 372	1445	1637	1978.4	2607
Iteration: 373	1445	1593	1984.6	2678
Iteration: 374	1445	1497	1985.61	2593
Iteration: 375	1445	1592	1988.38	2693
Iteration: 376	1445	1535	1969.83	2718
Iteration: 377	1445	1586	1951.7	2575
Iteration: 378	1445	1603	1919.69	2657
Iteration: 379	1445	1455	1932.75	2744
Iteration: 380	1445	1540	2002.15	3008
Iteration: 381	1445	1539	1984.41	2575
Iteration: 382	1445	1543	1969	2533
Iteration: 383	1445	1558	1943.67	2441
Iteration: 384	1445	1574	1974.86	2675
Iteration: 385	1445	1575	1941.63	2511
Iteration: 386	1445	1596	1960.58	2962
Iteration: 387	1445	1586	1946.7	2543
Iteration: 388	1445	1553	1989.13	2599
Iteration: 389	1445	1501	1905.57	2864
Iteration: 390	1445	1584	1955.33	2540
Iteration: 391	1445	1619	1965.71	2593
Iteration: 392	1445	1613	1936.1	2791
Iteration: 393	1445	1605	1940.94	2880
Iteration: 394	1445	1571	1990.66	2802
Iteration: 395	1445	1514	1957.98	2609
Iteration: 396	1445	1540	1991.72	2674
Iteration: 397	1445	1595	1944.79	2569
Iteration: 398	1445	1593	1921.3	2661
Iteration: 399	1445	1500	1995.23	2645
Iteration: 400	1445	1541	1969.61	2818
Iteration: 401	1445	1574	1946.51	2730
Iteration: 402	1445	1551	1989.6	2531
Iteration: 403	1445	1546	1938.8	2550
Iteration: 404	1445	1604	1963.74	2746
Iteration: 405	1445	1562	1945.34	2643
Iteration: 406	1445	1552	1933.38	2569
Iteration: 407	1445	1453	1940.57	2482
Iteration: 408	1445	1572	1984.21	3050
Iteration: 409	1445	1576	1919.4	2498
Iteration: 410	1445	1542	1976.44	2582
Iteration: 411	1445	1567	1938.51	2596
Iteration: 412	1445	1577	1913.52	2286
Iteration: 413	1445	1518	1974.32	2734
Iteration: 414	1445	1615	1964.7	2927
Iteration: 415	1445	1546	1964.42	2861
Iteration: 416	1445	1564	1992.91	2623
Iteration: 417	1445	1579	1913.73	2622
Iteration: 418	1445	1547	1954.27	2474
Iteration: 419	1445	1587	1959.92	2463
Iteration: 420	1445	1482	1943.56	2683
Iteration: 421	1445	1576	1976.83	2814
Iteration: 422	1445	1536	1985.61	3087
Iteration: 423	1445	1555	1975.41	2508
Iteration: 424	1445	1577	1975.66	2593
Iteration: 425	1445	1521	1963.94	2536
Iteration: 426	1445	1634	1943.77	2684
Iteration: 427	1445	1511	1949.57	2651
Iteration: 428	1445	1550	1975.62	2588
Iteration: 429	1445	1561	1958.37	2590
Iteration: 430	1445	1599	1989.4	2933
Iteration: 431	1445	1501	1952.38	2524
Iteration: 432	1445	1592	1949.4	2737
Iteration: 433	1445	1610	1951.88	3134
Iteration: 434	1445	1530	1972.75	2733
Iteration: 435	1445	1577	1999.33	2863
Iteration: 436	1445	1631	2004.91	2999
Iteration: 437	1445	1534	1994.95	2616
Iteration: 438	1445	1472	1955.7	2904
Iteration: 439	1445	1493	1937.7	2585
Iteration: 440	1445	1607	1982.05	2567
Iteration: 441	1445	1530	1937.46	3000
Iteration: 442	1445	1594	1950.73	2816
Iteration: 443	1445	1516	1934.23	2443
Iteration: 444	1445	1562	1963.46	2718
Iteration: 445	1445	1521	1969.91	2600
Iteration: 446	1445	1514	1951.95	2781
Iteration: 447	1445	1496	1952.44	2649
Iteration: 448	1445	1553	1993.39	2871
Iteration: 449	1445	1553	1944.29	2668
Iteration: 450	1445	1558	1952.22	2814
Iteration: 451	1445	1541	1878.66	2469
Iteration: 452	1445	1569	1955.89	2515
Iteration: 453	1445	1559	1935.75	2618
Iteration: 454	1445	1465	1972.77	2515
Iteration: 455	1445	1617	1909.64	2596
Iteration: 456	1445	1621	1995.53	2575
Iteration: 457	1445	1551	1974.53	2568
Iteration: 458	1445	1615	1973.75	2608
Iteration: 459	1445	1571	1925.32	2698
Iteration: 460	1445	1595	1964.96	2516
Iteration: 461	1445	1560	1947.82	2684
Iteration: 462	1445	1584	1943.03	2511
Iteration: 463	1445	1514	1958.79	2641
Iteration: 464	1445	1602	1968.9	2611
Iteration: 465	1445	1491	1935.01	2653
Iteration: 466	1445	1551	1950.89	2561
Iteration: 467	1445	1586	1965.52	2600
Iteration: 468	1445	1569	1931.04	2439
Iteration: 469	1445	1567	1961.63	2516
Iteration: 470	1445	1570	1992.66	2735
Iteration: 471	1445	1615	1889.03	2492
Iteration: 472	1445	1537	1963.42	2701
Iteration: 473	1445	1610	1950.83	2604
Iteration: 474	1445	1592	1928.36	2719
Iteration: 475	1445	1606	1955.69	2620
Iteration: 476	1445	1548	1953.07	2667
Iteration: 477	1445	1549	1975.52	2823
Iteration: 478	1445	1511	1944.54	2636
Iteration: 479	1445	1609	1993.96	2533
Iteration: 480	1445	1463	1933.83	2740
Iteration: 481	1445	1490	1951.33	2681
Iteration: 482	1445	1561	1942.15	2623
Iteration: 483	1445	1612	1923.14	2639
Iteration: 484	1445	1547	1928.55	2661
Iteration: 485	1445	1581	1964.72	2671
Iteration: 486	1445	1557	1925.94	2559
Iteration: 487	1445	1614	1943.37	2435
Iteration: 488	1445	1585	1966.54	2501
Iteration: 489	1445	1537	1955.23	2782
Iteration: 490	1445	1551	1946.18	2642
Iteration: 491	1445	1572	1998.69	2770
Iteration: 492	1445	1565	1971.3	2849
Iteration: 493	1445	1610	1976.5	2671
Iteration: 494	1445	1526	1997.67	2845
Iteration: 495	1445	1487	1937.19	2728
Iteration: 496	1445	1566	1946.18	2718
Iteration: 497	1445	1533	1957	2488
Iteration: 498	1445	1592	1956.14	2534
Iteration: 499	1445	1606	1956.9	2582
