Iteration: 0	1556	1556	1745.46	2060
Iteration: 1	1509	1509	1779.21	2115
Iteration: 2	1476	1476	1804.94	2277
Iteration: 3	1476	1577	1845.22	2166
Iteration: 4	1476	1564	1883.47	2312
Iteration: 5	1476	1600	1945.34	2466
Iteration: 6	1476	1589	1972.71	2518
Iteration: 7	1476	1626	1993.58	2858
Iteration: 8	1476	1697	2026.2	2626
Iteration: 9	1476	1610	2075.96	2590
Iteration: 10	1476	1659	2060.49	2709
Iteration: 11	1476	1593	2091.24	2805
Iteration: 12	1476	1524	2044.9	2874
Iteration: 13	1476	1560	2058.56	2749
Iteration: 14	1456	1456	2107.62	2707
Iteration: 15	1456	1579	2045.75	2714
Iteration: 16	1456	1679	2085.94	2668
Iteration: 17	1456	1630	2071.57	2654
Iteration: 18	1456	1660	2147.76	3187
Iteration: 19	1456	1667	2145.39	2807
Iteration: 20	1456	1594	2077.77	2830
Iteration: 21	1456	1623	2054.43	2591
Iteration: 22	1456	1636	2085.78	2917
Iteration: 23	1456	1641	2071.78	3156
Iteration: 24	1456	1531	2066.57	2939
Iteration: 25	1456	1613	2070.67	2847
Iteration: 26	1456	1605	2055.99	2784
Iteration: 27	1456	1589	2039.24	2697
Iteration: 28	1456	1551	2074.59	2692
Iteration: 29	1456	1584	2133.88	2699
Iteration: 30	1456	1620	2059.43	2684
Iteration: 31	1456	1667	2045.16	2656
Iteration: 32	1456	1672	2134.92	2791
Iteration: 33	1456	1569	2057.32	2849
Iteration: 34	1456	1613	2048.21	2654
Iteration: 35	1456	1711	2094.17	2872
Iteration: 36	1456	1558	2038.28	2681
Iteration: 37	1456	1676	2058.47	2864
Iteration: 38	1456	1642	2085.32	2885
Iteration: 39	1456	1719	2061.68	2880
Iteration: 40	1456	1555	2013.92	2561
Iteration: 41	1456	1605	2018.66	2890
Iteration: 42	1456	1663	2105.24	2797
Iteration: 43	1456	1553	2071.06	2676
Iteration: 44	1456	1599	2087.83	2815
Iteration: 45	1456	1673	2080.95	2956
Iteration: 46	1456	1529	2081.57	2642
Iteration: 47	1456	1606	2150.87	3014
Iteration: 48	1456	1640	2095.36	2830
Iteration: 49	1456	1602	2104.66	2900
Iteration: 50	1456	1645	2043.71	2718
Iteration: 51	1456	1562	2051.11	3128
Iteration: 52	1456	1553	2088.45	2958
Iteration: 53	1456	1590	2075.2	2795
Iteration: 54	1456	1560	2040.75	2861
Iteration: 55	1456	1568	2064.34	2666
Iteration: 56	1456	1667	2041.61	2692
Iteration: 57	1456	1644	2107.96	2816
Iteration: 58	1456	1636	2044.57	2703
Iteration: 59	1456	1615	2059.46	2677
Iteration: 60	1456	1537	2119.42	2699
Iteration: 61	1456	1636	2067.12	2730
Iteration: 62	1456	1522	2087.14	2810
Iteration: 63	1456	1509	2145.47	3039
Iteration: 64	1456	1657	2017.06	2855
Iteration: 65	1456	1604	2061.78	2845
Iteration: 66	1456	1634	2089.89	3013
Iteration: 67	1456	1615	2117.76	2954
Iteration: 68	1456	1637	2095.98	2783
Iteration: 69	1456	1669	2092.33	2628
Iteration: 70	1456	1673	2053.05	2698
Iteration: 71	1456	1655	2060.05	2914
Iteration: 72	1456	1574	2078.75	2737
Iteration: 73	1456	1601	2005.11	2949
Iteration: 74	1456	1646	2022.65	2655
Iteration: 75	1456	1642	2122.96	2810
Iteration: 76	1456	1616	2036.88	2845
Iteration: 77	1456	1583	2059.25	2650
Iteration: 78	1456	1606	2068.22	2782
Iteration: 79	1456	1683	2093.34	2805
Iteration: 80	1456	1566	2010.33	2689
Iteration: 81	1456	1591	2105.47	2766
Iteration: 82	1456	1571	2092	2786
Iteration: 83	1456	1602	2057.05	2632
Iteration: 84	1456	1600	2100.93	2787
Iteration: 85	1456	1552	2031.81	2696
Iteration: 86	1456	1584	2109.37	2926
Iteration: 87	1456	1587	2124.23	2828
Iteration: 88	1456	1616	2079.1	2622
Iteration: 89	1456	1561	2125.03	2900
Iteration: 90	1456	1607	2072.65	3026
Iteration: 91	1456	1590	2105.71	2815
Iteration: 92	1456	1603	2066.87	2654
Iteration: 93	1456	1622	2056.32	2634
Iteration: 94	1456	1481	2117.11	2872
Iteration: 95	1456	1540	2131.78	2935
Iteration: 96	1456	1589	2090.66	2859
Iteration: 97	1456	1662	2082.11	2844
Iteration: 98	1456	1533	2100.11	2854
Iteration: 99	1456	1558	2068.47	2739
Iteration: 100	1456	1615	2071.24	2654
Iteration: 101	1456	1588	2107.84	3227
Iteration: 102	1456	1619	2048.21	2626
Iteration: 103	1456	1690	2072.81	3305
Iteration: 104	1456	1637	2090.1	3311
Iteration: 105	1456	1598	2045.9	2927
Iteration: 106	1456	1715	2098.96	2779
Iteration: 107	1456	1633	2066.45	2712
Iteration: 108	1456	1619	2067.2	2693
Iteration: 109	1456	1644	2143.73	2845
Iteration: 110	1456	1647	2077.3	2823
Iteration: 111	1456	1634	2062.41	2906
Iteration: 112	1456	1611	2073.58	2904
Iteration: 113	1456	1619	2048.74	2758
Iteration: 114	1456	1672	2099.23	2942
Iteration: 115	1456	1577	2053.34	2909
Iteration: 116	1456	1620	2069.94	2657
Iteration: 117	1456	1593	2033.91	2859
Iteration: 118	1456	1620	2128.38	2865
Iteration: 119	1456	1538	2061.83	2905
Iteration: 120	1456	1621	2112.07	2693
Iteration: 121	1456	1654	2082.12	2572
Iteration: 122	1456	1566	2081.35	2697
Iteration: 123	1456	1641	2062.08	2644
Iteration: 124	1456	1635	2102.02	3208
Iteration: 125	1456	1647	2108.81	2666
Iteration: 126	1456	1541	2051.19	3100
Iteration: 127	1456	1524	2102.32	2738
Iteration: 128	1456	1646	2113.01	2850
Iteration: 129	1456	1625	2088.06	3114
Iteration: 130	1456	1618	2108.43	2931
Iteration: 131	1456	1602	2023.3	2624
Iteration: 132	1456	1629	2038.31	2796
Iteration: 133	1456	1631	2070.95	2902
Iteration: 134	1456	1617	2015.49	2713
Iteration: 135	1456	1629	2146.58	2821
Iteration: 136	1456	1605	2086.23	2980
Iteration: 137	1456	1509	2072.09	2873
Iteration: 138	1456	1602	2118.92	3031
Iteration: 139	1456	1643	2099.4	2949
Iteration: 140	1456	1574	2118.15	2835
Iteration: 141	1456	1680	2054.75	2783
Iteration: 142	1456	1646	2104.97	2830
Iteration: 143	1456	1556	2073.98	2950
Iteration: 144	1456	1578	2026.92	2840
Iteration: 145	1456	1664	2082.73	3135
Iteration: 146	1456	1604	2134	2985
Iteration: 147	1456	1705	2105.36	2893
Iteration: 148	1456	1690	2064.19	2948
Iteration: 149	1456	1578	2065.73	2871
Iteration: 150	1456	1660	2093.53	2756
Iteration: 151	1456	1593	2054.13	2841
Iteration: 152	1456	1631	2068.44	2576
Iteration: 153	1456	1641	2065.78	2685
Iteration: 154	1456	1662	2062.65	2795
Iteration: 155	1456	1672	2098.55	2764
Iteration: 156	1456	1594	2092.97	3237
Iteration: 157	1456	1549	2050.19	2808
Iteration: 158	1456	1656	2077.77	2653
Iteration: 159	1456	1663	2056.57	2811
Iteration: 160	1456	1624	2145.25	2741
Iteration: 161	1456	1606	2053.59	2738
Iteration: 162	1456	1607	2061.11	2826
Iteration: 163	1456	1635	2102	3059
Iteration: 164	1456	1567	2052.3	2858
Iteration: 165	1456	1650	2034.43	2622
Iteration: 166	1456	1639	2054.53	2836
Iteration: 167	1456	1593	2078.66	2740
Iteration: 168	1456	1567	2068.9	3059
Iteration: 169	1456	1626	2130.82	2657
Iteration: 170	1456	1627	2106.15	2798
Iteration: 171	1456	1641	2058.42	2653
Iteration: 172	1456	1707	2098.07	2972
Iteration: 173	1456	1633	2128.07	3088
Iteration: 174	1456	1574	2094.63	2742
Iteration: 175	1456	1596	2050.23	2689
Iteration: 176	1456	1651	2037.72	2910
Iteration: 177	1456	1596	2005.78	2620
Iteration: 178	1456	1577	2045.38	2741
Iteration: 179	1456	1705	2123.52	3110
Iteration: 180	1456	1671	2089.55	3037
Iteration: 181	1456	1716	2107.75	2876
Iteration: 182	1456	1651	2124.73	2677
Iteration: 183	1456	1655	2062.03	2740
Iteration: 184	1456	1562	2123.63	2955
Iteration: 185	1456	1572	2101.85	2891
Iteration: 186	1456	1664	2066.17	3034
Iteration: 187	1456	1642	2040.9	2744
Iteration: 188	1456	1567	2082.35	2846
Iteration: 189	1456	1633	2047.6	2663
Iteration: 190	1456	1617	2143.36	2984
Iteration: 191	1456	1576	2088.07	2658
Iteration: 192	1456	1618	2018.28	2686
Iteration: 193	1456	1586	2046.68	2964
Iteration: 194	1456	1534	2122.34	2870
Iteration: 195	1456	1712	2127.65	2850
Iteration: 196	1456	1632	2116.68	2723
Iteration: 197	1456	1576	2027.39	2904
Iteration: 198	1456	1624	2045.52	2609
Iteration: 199	1456	1698	2155.07	3098
Iteration: 200	1456	1592	2054.23	2983
Iteration: 201	1456	1656	2064.89	2728
Iteration: 202	1456	1669	2082.41	2869
Iteration: 203	1456	1603	2055.01	2869
Iteration: 204	1456	1554	2029.14	2756
Iteration: 205	1456	1641	2118.6	2756
Iteration: 206	1456	1650	2082.26	2944
Iteration: 207	1456	1610	2098.49	2736
Iteration: 208	1456	1586	2094.99	2731
Iteration: 209	1456	1548	2118.11	2878
Iteration: 210	1456	1593	2064.8	2682
Iteration: 211	1456	1598	2026.72	2791
Iteration: 212	1456	1544	2049.28	2916
Iteration: 213	1456	1690	2046.69	2784
Iteration: 214	1456	1625	2043.99	2705
Iteration: 215	1456	1616	2102.01	2830
Iteration: 216	1456	1659	2151.24	2912
Iteration: 217	1456	1704	2157.31	2870
Iteration: 218	1456	1669	2088.1	2824
Iteration: 219	1456	1757	2118.39	2750
Iteration: 220	1456	1549	2082.18	2824
Iteration: 221	1456	1635	2040.25	2611
Iteration: 222	1456	1634	2036.43	2885
Iteration: 223	1456	1535	2021.92	2794
Iteration: 224	1456	1659	2046.34	2719
Iteration: 225	1456	1648	2061.66	2692
Iteration: 226	1456	1629	2132.52	2798
Iteration: 227	1456	1555	2115.3	2927
Iteration: 228	1456	1608	2115.46	2685
Iteration: 229	1456	1583	2087.31	2682
Iteration: 230	1456	1571	2076.69	2675
Iteration: 231	1456	1633	2048.88	2707
Iteration: 232	1456	1623	2084.59	2822
Iteration: 233	1456	1585	2014.9	3187
Iteration: 234	1456	1614	2050.15	2616
Iteration: 235	1456	1560	2021.88	2690
Iteration: 236	1456	1584	2039.04	2656
Iteration: 237	1456	1704	2066.44	2781
Iteration: 238	1456	1674	2109.03	2906
Iteration: 239	1456	1625	2127.91	2848
Iteration: 240	1456	1630	2131.5	3095
Iteration: 241	1456	1627	2065.03	2818
Iteration: 242	1456	1663	2021.93	2675
Iteration: 243	1456	1668	2097.83	2916
Iteration: 244	1456	1648	2061.8	2820
Iteration: 245	1456	1599	2068.69	2804
Iteration: 246	1456	1635	2124.37	2760
Iteration: 247	1456	1628	2073.02	3004
Iteration: 248	1456	1707	2068.84	2614
Iteration: 249	1456	1677	2058.39	2529
Iteration: 250	1456	1564	2118.06	2974
Iteration: 251	1456	1678	2094.14	2896
Iteration: 252	1456	1608	2028.65	2816
Iteration: 253	1456	1699	2086.85	2825
Iteration: 254	1456	1657	2051.58	2772
Iteration: 255	1456	1586	2114.16	2731
Iteration: 256	1456	1572	2122.63	2917
Iteration: 257	1456	1626	2054.89	2660
Iteration: 258	1456	1622	2053.44	2804
Iteration: 259	1456	1526	2070.5	3151
Iteration: 260	1456	1632	1985.34	3069
Iteration: 261	1456	1570	2035.77	2786
Iteration: 262	1456	1596	2024.01	2628
Iteration: 263	1456	1672	2163.02	2897
Iteration: 264	1456	1647	2077.63	3132
Iteration: 265	1456	1609	2081.41	3120
Iteration: 266	1456	1545	2090.42	2779
Iteration: 267	1456	1653	2056.8	2836
Iteration: 268	1456	1653	2093.9	3041
Iteration: 269	1456	1652	2159.16	2824
Iteration: 270	1456	1649	2077.79	2861
Iteration: 271	1456	1615	2066.83	3042
Iteration: 272	1456	1590	2053.23	2905
Iteration: 273	1456	1716	2077.34	2629
Iteration: 274	1456	1636	2099.85	3074
Iteration: 275	1456	1667	2088.52	3462
Iteration: 276	1456	1623	2049.93	2708
Iteration: 277	1456	1638	2078.69	2848
Iteration: 278	1456	1606	2051.72	3008
Iteration: 279	1456	1605	2073.32	2672
Iteration: 280	1456	1628	2117.2	3181
Iteration: 281	1456	1591	2099.24	2667
Iteration: 282	1456	1637	2074.91	2895
Iteration: 283	1456	1662	2087.64	2821
Iteration: 284	1456	1559	2048.3	2681
Iteration: 285	1456	1639	2112.52	3115
Iteration: 286	1456	1631	2042.35	2646
Iteration: 287	1456	1610	2064.57	2635
Iteration: 288	1456	1565	2117.6	3075
Iteration: 289	1456	1658	2035.21	2789
Iteration: 290	1456	1587	2102.95	2985
Iteration: 291	1456	1571	2078.22	3198
Iteration: 292	1456	1615	2089.56	3005
Iteration: 293	1456	1590	2016.95	2621
Iteration: 294	1456	1568	2098.87	2809
Iteration: 295	1456	1622	2058.84	3112
Iteration: 296	1456	1647	2066.36	2653
Iteration: 297	1456	1526	2082.14	2794
Iteration: 298	1456	1630	2059.08	2653
Iteration: 299	1456	1616	2072.65	2669
Iteration: 300	1456	1678	2087.93	2805
Iteration: 301	1456	1630	2090.2	2846
Iteration: 302	1456	1684	2111.66	2793
