Iteration: 0	60	60	79.53	116
Iteration: 1	60	61	79.57	120
Iteration: 2	59	59	76.91	109
Iteration: 3	58	58	79.53	129
Iteration: 4	58	60	78.35	114
Iteration: 5	58	60	79.39	116
Iteration: 6	58	59	78.49	123
Iteration: 7	58	58	78.13	116
Iteration: 8	58	60	78.63	127
Iteration: 9	58	59	78.38	122
Iteration: 10	58	60	75.88	108
Iteration: 11	58	60	78.89	112
Iteration: 12	58	60	78.73	120
Iteration: 13	58	60	78.52	110
Iteration: 14	58	59	78.09	118
Iteration: 15	58	60	79.61	117
Iteration: 16	58	60	76	118
Iteration: 17	58	59	76.3	111
Iteration: 18	58	60	77.3	111
Iteration: 19	58	59	77.4	128
Iteration: 20	58	59	77.97	122
Iteration: 21	58	60	75.24	110
Iteration: 22	58	60	78.15	108
Iteration: 23	58	59	79.94	117
Iteration: 24	58	59	79.94	114
Iteration: 25	58	59	80.17	138
Iteration: 26	58	60	78.51	118
Iteration: 27	58	60	78	109
Iteration: 28	58	59	79.01	122
Iteration: 29	58	59	78.26	114
Iteration: 30	58	60	79.66	134
Iteration: 31	58	59	79.93	115
Iteration: 32	58	59	77.64	110
Iteration: 33	58	59	75.8	119
Iteration: 34	58	60	78.45	124
Iteration: 35	58	59	79.22	123
Iteration: 36	58	59	78.61	115
Iteration: 37	58	60	79.64	115
Iteration: 38	58	59	78.43	118
Iteration: 39	58	59	76.55	115
Iteration: 40	58	60	78.17	108
Iteration: 41	58	60	78.68	116
Iteration: 42	58	59	76	111
Iteration: 43	58	59	78.65	110
Iteration: 44	58	59	76.47	112
Iteration: 45	58	59	78.11	125
Iteration: 46	58	59	77.64	114
Iteration: 47	58	60	79.61	127
Iteration: 48	58	59	78.08	111
Iteration: 49	58	60	77.79	110
Iteration: 50	58	60	78.37	114
Iteration: 51	58	60	77.91	113
Iteration: 52	58	60	76.71	107
Iteration: 53	58	60	79.77	116
Iteration: 54	58	60	79.31	125
Iteration: 55	58	59	79.29	118
Iteration: 56	58	60	78.68	120
Iteration: 57	58	59	76.01	118
Iteration: 58	58	60	80.01	114
Iteration: 59	58	60	76.2	107
Iteration: 60	58	59	78.09	121
Iteration: 61	58	59	77.61	125
Iteration: 62	58	60	79.31	125
Iteration: 63	58	59	78	115
Iteration: 64	58	59	78.73	116
Iteration: 65	58	59	80.06	127
Iteration: 66	58	60	78.41	124
Iteration: 67	58	60	80.14	120
Iteration: 68	58	59	78.75	115
Iteration: 69	58	59	77.86	123
Iteration: 70	58	59	76.82	106
Iteration: 71	58	60	80.11	115
Iteration: 72	58	59	77.56	115
Iteration: 73	58	59	78.28	116
Iteration: 74	58	59	76.03	113
Iteration: 75	58	60	76.78	111
Iteration: 76	58	60	79.24	115
Iteration: 77	58	59	78.19	114
Iteration: 78	58	59	76.09	111
Iteration: 79	58	60	77.43	119
Iteration: 80	58	59	79.65	120
Iteration: 81	58	59	78.83	114
Iteration: 82	58	59	77.14	112
Iteration: 83	58	60	79.09	117
Iteration: 84	58	60	78.5	117
Iteration: 85	56	56	78.85	120
Iteration: 86	56	59	77.88	119
Iteration: 87	56	60	77.97	118
Iteration: 88	56	60	79.24	117
Iteration: 89	56	60	79.44	115
Iteration: 90	56	60	76.14	108
Iteration: 91	56	59	77.77	112
Iteration: 92	56	59	78.09	125
Iteration: 93	56	59	78.45	110
Iteration: 94	56	60	80.64	120
Iteration: 95	56	60	77.69	123
Iteration: 96	56	60	77.75	117
Iteration: 97	56	60	78.05	109
Iteration: 98	56	60	78.3	121
Iteration: 99	56	60	78.4	130
Iteration: 100	56	60	76.66	114
Iteration: 101	56	56	79.86	120
Iteration: 102	56	59	78.7	114
Iteration: 103	56	59	78.78	116
Iteration: 104	56	59	78.42	131
Iteration: 105	56	60	78.78	129
Iteration: 106	56	59	78.38	102
Iteration: 107	56	59	79.54	123
Iteration: 108	56	59	80.21	113
Iteration: 109	56	60	78.72	122
Iteration: 110	56	60	79.24	124
Iteration: 111	56	59	79.37	109
Iteration: 112	56	59	76.5	114
Iteration: 113	56	59	81.58	122
Iteration: 114	56	59	78.05	111
Iteration: 115	56	59	79	110
Iteration: 116	56	60	76.07	112
Iteration: 117	56	60	80.74	119
Iteration: 118	56	59	80.42	115
Iteration: 119	56	59	78.48	119
Iteration: 120	56	60	79.18	117
Iteration: 121	56	59	78.28	109
Iteration: 122	56	60	79.44	127
Iteration: 123	56	59	79.67	123
Iteration: 124	56	60	78.32	107
Iteration: 125	56	59	78.21	118
Iteration: 126	56	59	77.99	121
Iteration: 127	56	59	77.6	112
Iteration: 128	56	60	77.83	119
Iteration: 129	56	60	76.59	113
Iteration: 130	56	60	78.61	117
Iteration: 131	56	59	76.97	128
Iteration: 132	56	59	78.87	117
Iteration: 133	56	59	81.28	130
Iteration: 134	56	60	79.02	112
Iteration: 135	56	60	77.49	121
Iteration: 136	56	59	77.85	119
Iteration: 137	56	59	78.01	117
Iteration: 138	56	60	80.64	116
Iteration: 139	56	59	79.47	124
Iteration: 140	56	59	77.91	112
Iteration: 141	56	59	78.37	111
Iteration: 142	56	60	78.26	109
Iteration: 143	56	59	78.66	125
Iteration: 144	56	57	77.28	112
Iteration: 145	56	60	78	127
Iteration: 146	56	59	79.26	115
Iteration: 147	56	60	77.68	125
Iteration: 148	56	60	78.55	118
Iteration: 149	56	59	75.16	109
Iteration: 150	56	60	79.33	113
Iteration: 151	56	60	78.86	112
Iteration: 152	56	60	78.87	120
Iteration: 153	56	60	77.61	118
Iteration: 154	56	60	78.12	127
Iteration: 155	56	60	77.88	128
Iteration: 156	56	60	77.34	123
Iteration: 157	56	59	78.14	113
Iteration: 158	56	60	77.33	112
Iteration: 159	56	59	76.01	118
Iteration: 160	56	60	77.74	133
Iteration: 161	56	60	76.82	116
Iteration: 162	56	60	79.12	122
Iteration: 163	56	60	75.89	112
Iteration: 164	56	59	76.4	108
Iteration: 165	56	59	77.69	115
Iteration: 166	56	60	81.35	121
Iteration: 167	56	59	79.17	117
Iteration: 168	56	59	77.08	115
Iteration: 169	56	58	78.4	118
Iteration: 170	56	59	77.38	118
Iteration: 171	56	59	76.65	118
Iteration: 172	56	59	78.66	117
Iteration: 173	56	60	76.5	130
Iteration: 174	56	59	77.48	111
Iteration: 175	56	59	78.95	117
Iteration: 176	56	60	78.53	111
Iteration: 177	56	57	78.23	119
Iteration: 178	56	59	79.92	120
Iteration: 179	56	60	79.57	113
Iteration: 180	56	60	76.61	106
Iteration: 181	56	59	79.66	111
Iteration: 182	56	60	77.55	117
Iteration: 183	56	59	76.54	110
Iteration: 184	56	59	78.63	120
Iteration: 185	56	59	77.88	108
Iteration: 186	56	60	78.33	111
Iteration: 187	56	59	79.98	118
Iteration: 188	56	60	77.63	116
Iteration: 189	56	61	76.72	116
Iteration: 190	56	60	78.35	120
Iteration: 191	56	59	77.68	112
Iteration: 192	56	59	77.86	108
Iteration: 193	56	58	78.24	109
Iteration: 194	56	59	79.86	115
Iteration: 195	56	60	78.14	119
Iteration: 196	56	59	78.24	142
Iteration: 197	56	59	77.43	118
Iteration: 198	56	56	80.59	118
Iteration: 199	56	59	77.02	118
Iteration: 200	56	59	76.18	110
Iteration: 201	56	60	78.87	118
Iteration: 202	56	60	77.73	114
Iteration: 203	56	60	80.23	128
Iteration: 204	56	60	78.73	115
Iteration: 205	56	56	77.52	112
Iteration: 206	56	60	79.41	125
Iteration: 207	56	59	80.5	122
Iteration: 208	56	59	75.9	106
Iteration: 209	56	59	79.61	120
Iteration: 210	56	60	80.77	120
Iteration: 211	56	60	76.46	114
Iteration: 212	56	60	78.6	110
Iteration: 213	56	59	77.05	110
Iteration: 214	56	59	77.22	111
Iteration: 215	56	57	79.9	119
Iteration: 216	56	60	77.55	112
Iteration: 217	56	59	79.58	126
Iteration: 218	56	60	79.88	119
Iteration: 219	56	59	77.68	110
Iteration: 220	56	60	78.77	117
Iteration: 221	56	59	79.85	109
Iteration: 222	56	60	76.1	102
Iteration: 223	56	58	75.28	113
Iteration: 224	56	60	77	117
Iteration: 225	56	60	77.72	108
Iteration: 226	56	59	79.48	113
Iteration: 227	56	56	77.16	115
Iteration: 228	56	59	77.29	121
Iteration: 229	56	59	79.03	127
Iteration: 230	56	59	79.42	124
Iteration: 231	56	59	78.54	123
Iteration: 232	56	59	77.72	119
Iteration: 233	56	59	78.75	119
Iteration: 234	56	60	75.75	122
Iteration: 235	56	59	78.03	118
Iteration: 236	56	60	78.9	129
Iteration: 237	56	59	79.59	122
Iteration: 238	56	59	79.13	120
Iteration: 239	56	60	78.5	117
Iteration: 240	56	60	79.28	126
Iteration: 241	56	59	77.31	118
Iteration: 242	56	60	79.83	109
Iteration: 243	56	59	79.53	128
Iteration: 244	56	60	77.43	122
Iteration: 245	56	60	78.52	132
Iteration: 246	56	59	78.07	126
Iteration: 247	55	55	77.41	117
Iteration: 248	55	60	78.51	118
Iteration: 249	55	59	77.59	117
Iteration: 250	55	58	76.67	129
Iteration: 251	55	59	75.75	110
Iteration: 252	55	60	77.08	118
Iteration: 253	55	60	76.59	108
Iteration: 254	55	60	78.46	114
Iteration: 255	55	60	78.73	112
Iteration: 256	55	59	79.29	114
Iteration: 257	55	60	78.65	120
Iteration: 258	55	59	79.1	117
Iteration: 259	55	59	79.65	113
Iteration: 260	55	59	79.45	109
Iteration: 261	55	59	80.11	131
Iteration: 262	55	59	77.27	117
Iteration: 263	55	58	78.22	110
Iteration: 264	55	59	78.47	108
Iteration: 265	55	60	76.21	121
Iteration: 266	55	59	78.89	112
Iteration: 267	55	60	78.55	134
Iteration: 268	55	60	77.43	111
Iteration: 269	55	60	80.6	117
Iteration: 270	55	60	75.72	114
Iteration: 271	55	60	79.91	111
Iteration: 272	55	60	76.05	105
Iteration: 273	55	60	76.83	119
Iteration: 274	55	60	80.83	122
Iteration: 275	55	56	77.23	121
Iteration: 276	55	60	79.78	122
Iteration: 277	55	59	77.68	127
Iteration: 278	55	59	79.32	111
Iteration: 279	55	60	77.41	114
Iteration: 280	55	59	76.61	116
Iteration: 281	55	59	79.17	125
Iteration: 282	55	59	78.31	112
Iteration: 283	55	60	75.81	120
Iteration: 284	55	60	78.55	114
Iteration: 285	55	60	81.44	112
Iteration: 286	55	60	77.26	112
Iteration: 287	55	60	76.67	106
Iteration: 288	55	60	78.97	109
Iteration: 289	55	59	80.11	121
Iteration: 290	55	59	79.54	124
Iteration: 291	55	60	78.6	114
Iteration: 292	55	60	77.13	109
Iteration: 293	55	59	78.83	113
Iteration: 294	55	60	78.45	109
Iteration: 295	55	60	79.93	123
Iteration: 296	55	59	81.08	127
Iteration: 297	55	60	76.63	115
Iteration: 298	55	59	78.78	115
Iteration: 299	55	59	78.53	125
Iteration: 300	55	59	79.01	113
Iteration: 301	55	60	79.93	117
Iteration: 302	55	60	79.5	132
Iteration: 303	55	60	78.22	128
Iteration: 304	55	59	78.9	106
Iteration: 305	55	59	79.92	114
Iteration: 306	55	61	75.42	118
Iteration: 307	55	60	82.15	130
Iteration: 308	55	60	78.12	122
Iteration: 309	55	57	77.78	122
Iteration: 310	55	55	78.38	115
Iteration: 311	55	60	82.53	109
Iteration: 312	55	60	77.4	114
Iteration: 313	55	60	78.34	124
Iteration: 314	55	60	79.04	115
Iteration: 315	55	60	79.2	127
Iteration: 316	55	58	78.77	114
Iteration: 317	55	60	79.21	116
Iteration: 318	55	59	77.05	118
Iteration: 319	55	59	77.56	106
Iteration: 320	55	59	78.49	115
Iteration: 321	55	60	78.32	128
Iteration: 322	55	60	76.57	119
Iteration: 323	55	59	78.54	131
Iteration: 324	55	60	77.4	107
Iteration: 325	55	60	77.24	104
Iteration: 326	55	60	79.47	119
Iteration: 327	55	59	77.59	116
Iteration: 328	55	60	77.55	111
Iteration: 329	55	59	78.21	118
Iteration: 330	55	60	77.97	114
Iteration: 331	55	59	77.4	119
Iteration: 332	55	59	76.87	127
Iteration: 333	55	59	77.89	122
Iteration: 334	55	60	77.65	113
Iteration: 335	55	59	78.7	116
Iteration: 336	55	60	79.18	111
Iteration: 337	55	60	79.85	110
Iteration: 338	55	60	80.05	120
Iteration: 339	55	59	78.87	118
Iteration: 340	55	59	78.49	118
Iteration: 341	55	59	78.95	125
Iteration: 342	55	59	79.65	119
Iteration: 343	55	59	80.65	123
Iteration: 344	55	59	77.47	110
Iteration: 345	55	60	78.38	129
Iteration: 346	55	60	77.54	110
Iteration: 347	55	59	76.76	104
Iteration: 348	55	60	78.07	116
Iteration: 349	55	60	80.71	129
Iteration: 350	55	60	78.29	116
Iteration: 351	55	60	78.01	126
Iteration: 352	55	60	77.45	108
Iteration: 353	55	58	77.59	117
Iteration: 354	55	60	77.14	118
Iteration: 355	55	59	78.36	120
Iteration: 356	55	59	76.12	109
Iteration: 357	55	59	77.86	121
Iteration: 358	55	59	79.8	121
Iteration: 359	55	60	81.29	119
Iteration: 360	55	60	79.16	123
Iteration: 361	55	58	78.29	122
Iteration: 362	55	59	78.66	121
Iteration: 363	55	59	77.57	119
Iteration: 364	55	60	80.07	121
Iteration: 365	55	60	79.2	108
Iteration: 366	55	59	77.13	115
Iteration: 367	55	59	75.45	114
Iteration: 368	55	59	79.76	118
Iteration: 369	55	59	77.6	132
Iteration: 370	55	60	77.76	113
Iteration: 371	55	59	78.24	116
Iteration: 372	55	59	77.78	112
Iteration: 373	55	60	77.89	105
Iteration: 374	55	59	78.08	109
Iteration: 375	55	60	77.03	119
Iteration: 376	55	60	81.57	133
Iteration: 377	55	59	79.25	118
Iteration: 378	55	59	78.11	109
Iteration: 379	55	60	78.37	119
Iteration: 380	55	59	78.9	118
Iteration: 381	55	60	79	119
Iteration: 382	55	59	79.58	117
Iteration: 383	55	60	77.58	111
Iteration: 384	55	59	79.58	126
Iteration: 385	55	60	75.25	117
Iteration: 386	55	60	79.26	113
Iteration: 387	55	60	76.77	113
Iteration: 388	55	60	78.26	115
Iteration: 389	55	59	77.9	113
Iteration: 390	55	59	78.75	121
Iteration: 391	55	59	79.97	118
Iteration: 392	55	60	80.13	113
Iteration: 393	55	60	79.34	116
Iteration: 394	55	59	79.12	117
Iteration: 395	55	60	76.98	139
Iteration: 396	55	60	76.46	117
Iteration: 397	55	60	76.24	110
Iteration: 398	55	56	77.81	111
Iteration: 399	55	59	77.89	119
Iteration: 400	55	59	76.46	116
Iteration: 401	55	59	77.88	107
Iteration: 402	55	59	77.61	106
Iteration: 403	55	60	79.61	115
Iteration: 404	55	60	78.39	122
Iteration: 405	55	59	79.45	123
Iteration: 406	55	60	79.33	118
Iteration: 407	55	59	79.96	121
Iteration: 408	55	59	77.23	120
Iteration: 409	55	59	79.33	109
Iteration: 410	55	59	77.95	114
Iteration: 411	55	60	76.69	120
Iteration: 412	55	59	77.16	120
Iteration: 413	55	59	78.21	114
Iteration: 414	55	59	78.75	114
Iteration: 415	55	60	78.53	113
Iteration: 416	55	60	77.07	126
Iteration: 417	55	59	75.69	108
Iteration: 418	55	59	78.89	122
Iteration: 419	55	59	78.28	115
Iteration: 420	55	59	80.3	113
Iteration: 421	55	60	78.7	124
Iteration: 422	55	59	75.86	119
Iteration: 423	55	59	78	119
Iteration: 424	55	59	78.5	115
Iteration: 425	55	60	78.6	117
Iteration: 426	55	59	78.33	123
Iteration: 427	55	60	75.95	105
Iteration: 428	55	60	76.79	103
Iteration: 429	55	56	78.41	109
Iteration: 430	55	59	78.99	115
Iteration: 431	55	60	76.75	115
Iteration: 432	55	60	77.09	116
Iteration: 433	55	60	78.69	116
Iteration: 434	55	57	79.57	118
Iteration: 435	55	59	75.81	112
Iteration: 436	55	59	77.23	115
Iteration: 437	55	57	77.37	112
Iteration: 438	55	59	79.49	112
Iteration: 439	55	59	77.98	109
Iteration: 440	55	61	78.7	114
Iteration: 441	55	59	77.62	108
Iteration: 442	55	60	77.48	113
Iteration: 443	55	56	76.79	117
Iteration: 444	55	60	77.94	118
Iteration: 445	55	59	77.11	117
Iteration: 446	55	60	79.84	121
Iteration: 447	55	59	78.14	118
Iteration: 448	55	60	79.11	117
Iteration: 449	55	60	79.32	124
Iteration: 450	55	59	79.34	106
Iteration: 451	55	59	78.62	125
Iteration: 452	55	59	78.9	120
Iteration: 453	55	59	76.91	109
Iteration: 454	55	58	78.45	122
Iteration: 455	55	60	77.7	119
Iteration: 456	55	59	77.06	124
Iteration: 457	55	59	80.16	119
Iteration: 458	55	60	79.7	122
Iteration: 459	55	60	78.2	123
Iteration: 460	55	60	76.4	110
Iteration: 461	55	59	77.41	119
Iteration: 462	55	59	78.19	114
Iteration: 463	55	59	79.15	116
Iteration: 464	55	60	79.77	109
Iteration: 465	55	59	77.44	120
Iteration: 466	55	60	77.78	118
Iteration: 467	55	59	79.56	121
Iteration: 468	55	60	75.68	110
Iteration: 469	55	59	80.03	117
Iteration: 470	55	58	77.62	112
Iteration: 471	55	59	78.22	122
Iteration: 472	55	60	77.01	112
Iteration: 473	55	60	80.59	122
Iteration: 474	55	60	77.24	128
Iteration: 475	55	59	79.87	114
Iteration: 476	55	60	78.32	112
Iteration: 477	55	59	79.69	125
Iteration: 478	55	59	78.98	111
Iteration: 479	55	60	77.87	118
Iteration: 480	55	59	81.4	122
Iteration: 481	55	59	77.71	110
Iteration: 482	55	60	78.71	125
Iteration: 483	55	60	81.03	119
Iteration: 484	55	59	79.1	117
Iteration: 485	55	60	78.04	124
Iteration: 486	55	60	80.18	129
Iteration: 487	55	58	77.55	111
Iteration: 488	55	59	79.16	116
Iteration: 489	55	59	78.93	124
Iteration: 490	55	60	79.1	117
Iteration: 491	55	60	77.58	129
Iteration: 492	55	60	76.46	118
Iteration: 493	55	60	78.66	131
Iteration: 494	55	61	77.4	116
Iteration: 495	55	60	79.1	128
Iteration: 496	55	60	80.05	136
Iteration: 497	55	60	78.88	110
Iteration: 498	55	59	75.98	109
Iteration: 499	55	60	76.24	109
