Iteration: 0	60	60	77.09	118
Iteration: 1	60	60	78.9	121
Iteration: 2	59	59	78.4	117
Iteration: 3	59	59	78.49	113
Iteration: 4	59	60	77.42	120
Iteration: 5	59	60	76.47	125
Iteration: 6	59	60	80.29	111
Iteration: 7	59	60	77.77	109
Iteration: 8	59	59	76.91	115
Iteration: 9	59	59	78.2	114
Iteration: 10	59	60	79.99	121
Iteration: 11	59	59	78.71	128
Iteration: 12	59	59	79.43	111
Iteration: 13	59	59	75.66	104
Iteration: 14	59	59	76.86	116
Iteration: 15	59	59	77.84	111
Iteration: 16	59	60	77.96	125
Iteration: 17	59	59	78.61	122
Iteration: 18	59	60	79.23	122
Iteration: 19	59	59	80.58	117
Iteration: 20	59	59	80.38	133
Iteration: 21	59	59	77.44	115
Iteration: 22	57	57	81.02	124
Iteration: 23	57	60	80.75	116
Iteration: 24	57	59	79.43	125
Iteration: 25	57	59	76.39	118
Iteration: 26	57	58	75.46	106
Iteration: 27	57	59	77.66	115
Iteration: 28	57	60	79	119
Iteration: 29	57	60	78.34	118
Iteration: 30	57	60	79.17	107
Iteration: 31	57	60	78.41	112
Iteration: 32	57	59	77.63	117
Iteration: 33	57	60	77.92	123
Iteration: 34	57	60	79.25	118
Iteration: 35	57	59	78.87	123
Iteration: 36	57	60	78.1	123
Iteration: 37	57	60	78.12	121
Iteration: 38	57	60	78.14	125
Iteration: 39	57	60	76.89	117
Iteration: 40	57	60	77.9	118
Iteration: 41	57	59	75.72	109
Iteration: 42	57	60	77.72	100
Iteration: 43	57	59	77.82	117
Iteration: 44	57	59	75.55	114
Iteration: 45	57	59	79.57	116
Iteration: 46	57	58	78.39	110
Iteration: 47	57	59	76.01	102
Iteration: 48	57	59	79.82	121
Iteration: 49	57	59	76.77	106
Iteration: 50	57	60	81.25	117
Iteration: 51	57	60	78.52	128
Iteration: 52	57	59	79.22	121
Iteration: 53	57	60	79.56	119
Iteration: 54	57	60	78.46	119
Iteration: 55	57	59	78.64	108
Iteration: 56	57	60	80.22	115
Iteration: 57	57	59	80.77	125
Iteration: 58	57	60	77.12	115
Iteration: 59	57	60	76.44	114
Iteration: 60	57	59	76	116
Iteration: 61	57	60	77.92	117
Iteration: 62	57	61	76.93	115
Iteration: 63	57	59	77.17	108
Iteration: 64	57	60	78.88	114
Iteration: 65	57	59	78.54	115
Iteration: 66	57	57	77.1	109
Iteration: 67	57	59	75.52	119
Iteration: 68	57	59	79.56	124
Iteration: 69	57	59	79.33	121
Iteration: 70	57	60	79.94	120
Iteration: 71	57	59	76.92	114
Iteration: 72	57	60	76.87	117
Iteration: 73	57	59	77.53	103
Iteration: 74	57	59	77.46	134
Iteration: 75	57	60	76.9	115
Iteration: 76	57	60	78.82	117
Iteration: 77	57	58	76.04	122
Iteration: 78	57	60	79.06	115
Iteration: 79	57	60	79.44	116
Iteration: 80	57	60	80.02	120
Iteration: 81	57	59	76.21	111
Iteration: 82	57	60	77.74	119
Iteration: 83	57	59	77.3	125
Iteration: 84	57	60	79.22	105
Iteration: 85	57	59	77.03	122
Iteration: 86	56	56	79.04	125
Iteration: 87	56	59	76.56	112
Iteration: 88	56	60	78.94	125
Iteration: 89	56	59	79.49	115
Iteration: 90	56	59	79.97	118
Iteration: 91	56	59	79.32	123
Iteration: 92	56	59	81.03	115
Iteration: 93	56	59	79.66	125
Iteration: 94	56	59	76.35	123
Iteration: 95	56	58	77.06	110
Iteration: 96	56	60	78.85	116
Iteration: 97	56	59	76.42	122
Iteration: 98	56	59	78.82	114
Iteration: 99	56	60	78.99	109
Iteration: 100	56	59	78.07	121
Iteration: 101	56	59	79.85	118
Iteration: 102	56	60	77.48	119
Iteration: 103	56	60	79.13	118
Iteration: 104	56	59	76.25	113
Iteration: 105	56	59	75.13	116
Iteration: 106	56	60	81.49	121
Iteration: 107	56	59	77.26	114
Iteration: 108	56	59	77.19	106
Iteration: 109	56	59	76.25	128
Iteration: 110	56	59	77.21	110
Iteration: 111	56	59	76.59	109
Iteration: 112	56	60	79.4	114
Iteration: 113	56	59	76.53	127
Iteration: 114	56	59	78.23	120
Iteration: 115	56	60	80	116
Iteration: 116	56	59	78.81	119
Iteration: 117	56	59	77.98	111
Iteration: 118	56	59	81.03	122
Iteration: 119	56	60	78.89	118
Iteration: 120	56	60	79.18	115
Iteration: 121	56	59	76.64	113
Iteration: 122	56	59	76.05	111
Iteration: 123	56	59	79.8	107
Iteration: 124	56	59	77.73	126
Iteration: 125	56	60	76.48	115
Iteration: 126	56	59	78.41	113
Iteration: 127	56	59	80.64	128
Iteration: 128	56	58	78.47	123
Iteration: 129	56	60	79.74	122
Iteration: 130	56	60	78.31	116
Iteration: 131	56	59	78.41	119
Iteration: 132	56	59	78.02	125
Iteration: 133	56	60	80.79	118
Iteration: 134	56	59	79.21	121
Iteration: 135	56	59	79.72	130
Iteration: 136	56	59	78.66	117
Iteration: 137	56	59	80.34	129
Iteration: 138	56	59	78.52	114
Iteration: 139	56	58	80.77	113
Iteration: 140	56	59	79.15	113
Iteration: 141	56	60	78.01	99
Iteration: 142	56	60	76.9	112
Iteration: 143	56	59	79.02	121
Iteration: 144	56	59	79.14	118
Iteration: 145	56	60	77.32	116
Iteration: 146	56	60	79.21	117
Iteration: 147	56	59	80.11	115
Iteration: 148	56	60	76.04	105
Iteration: 149	56	59	79.46	111
Iteration: 150	56	60	78.47	118
Iteration: 151	56	59	79.56	120
Iteration: 152	56	60	77.19	127
Iteration: 153	56	59	79.65	123
Iteration: 154	56	59	76.34	134
Iteration: 155	56	59	77.14	122
Iteration: 156	56	59	76.94	109
Iteration: 157	56	59	78.62	118
Iteration: 158	56	59	78.98	130
Iteration: 159	56	61	78.23	120
Iteration: 160	56	59	74.14	104
Iteration: 161	56	59	78.54	114
Iteration: 162	56	60	77.45	107
Iteration: 163	56	59	80.08	112
Iteration: 164	56	59	77.39	128
Iteration: 165	56	60	78.34	115
Iteration: 166	56	59	77.19	114
Iteration: 167	56	59	80.21	119
Iteration: 168	56	59	77.01	117
Iteration: 169	56	60	77.55	116
Iteration: 170	56	60	79.5	115
Iteration: 171	56	60	78.03	116
Iteration: 172	56	59	77.65	113
Iteration: 173	56	60	78.76	122
Iteration: 174	56	61	80.46	109
Iteration: 175	56	60	79.03	126
Iteration: 176	56	59	78.23	115
Iteration: 177	56	59	78.11	124
Iteration: 178	56	59	79.73	114
Iteration: 179	56	60	78.55	109
Iteration: 180	56	59	75.61	115
Iteration: 181	56	59	78.28	112
Iteration: 182	56	58	78.5	121
Iteration: 183	56	59	78.34	110
Iteration: 184	56	59	80.21	112
Iteration: 185	56	60	79.41	118
Iteration: 186	56	59	78.92	117
Iteration: 187	56	60	79.03	112
Iteration: 188	56	59	77.27	119
Iteration: 189	56	58	77.84	115
Iteration: 190	56	59	77.99	113
Iteration: 191	56	59	78.61	112
Iteration: 192	56	60	78.98	115
Iteration: 193	56	60	78.68	113
Iteration: 194	56	60	80.94	120
Iteration: 195	56	59	80.24	109
Iteration: 196	56	59	79.88	111
Iteration: 197	56	59	78.51	117
Iteration: 198	56	59	79.39	111
Iteration: 199	56	60	75.87	108
Iteration: 200	56	60	80.25	120
Iteration: 201	56	60	80.06	112
Iteration: 202	55	55	76.38	131
Iteration: 203	55	60	80.42	117
Iteration: 204	55	61	78.13	123
Iteration: 205	55	60	76.95	120
Iteration: 206	55	59	78.13	121
Iteration: 207	55	59	77.1	110
Iteration: 208	55	59	77.45	108
Iteration: 209	55	61	80.1	129
Iteration: 210	55	60	78.56	119
Iteration: 211	55	60	78.56	124
Iteration: 212	55	60	76.77	107
Iteration: 213	55	59	78.17	114
Iteration: 214	55	59	78.95	118
Iteration: 215	55	60	78.01	117
Iteration: 216	55	59	79.99	121
Iteration: 217	55	60	78.57	125
Iteration: 218	55	59	76.68	119
Iteration: 219	55	59	77.87	114
Iteration: 220	55	59	78.38	114
Iteration: 221	55	59	77.45	121
Iteration: 222	55	59	78.22	112
Iteration: 223	55	60	78.14	115
Iteration: 224	55	60	79.06	120
Iteration: 225	55	59	79.72	113
Iteration: 226	55	60	78.49	111
Iteration: 227	55	60	78.32	121
Iteration: 228	55	59	78.8	121
Iteration: 229	55	57	76.34	120
Iteration: 230	55	60	78.86	111
Iteration: 231	55	60	77.18	102
Iteration: 232	55	59	79	112
Iteration: 233	55	60	77.78	118
Iteration: 234	55	60	77.03	108
Iteration: 235	55	60	78.35	118
Iteration: 236	55	59	78.19	121
Iteration: 237	55	58	75.49	115
Iteration: 238	55	60	79.9	114
Iteration: 239	55	59	76.68	117
Iteration: 240	55	59	78.35	115
Iteration: 241	55	59	78.05	120
Iteration: 242	55	60	80.53	121
Iteration: 243	55	59	78.79	110
Iteration: 244	55	60	80.99	119
Iteration: 245	55	56	79.29	132
Iteration: 246	55	59	78.05	122
Iteration: 247	55	59	78.75	123
Iteration: 248	55	59	76.55	119
Iteration: 249	55	60	77.82	117
Iteration: 250	55	59	79.11	132
Iteration: 251	55	59	77.54	116
Iteration: 252	55	60	78.27	112
Iteration: 253	55	59	77.99	118
Iteration: 254	55	59	77.64	131
Iteration: 255	55	58	77.87	111
Iteration: 256	55	59	80.43	129
Iteration: 257	55	59	78.56	121
Iteration: 258	55	59	77.64	126
Iteration: 259	55	55	79.61	109
Iteration: 260	55	59	76.94	110
Iteration: 261	55	58	77.27	111
Iteration: 262	55	59	78.94	118
Iteration: 263	55	60	79.17	112
Iteration: 264	55	60	79.74	108
Iteration: 265	55	58	80.69	117
Iteration: 266	55	59	80.32	122
Iteration: 267	55	60	77.41	116
Iteration: 268	55	60	77.97	113
Iteration: 269	55	58	78.5	123
Iteration: 270	55	59	77.62	126
Iteration: 271	55	60	78.68	115
Iteration: 272	55	59	78.1	112
Iteration: 273	55	60	78.17	121
Iteration: 274	55	59	76.45	113
Iteration: 275	55	60	75.83	112
Iteration: 276	55	60	78.54	130
Iteration: 277	55	59	77.23	115
Iteration: 278	55	60	78.05	121
Iteration: 279	55	59	76.72	114
Iteration: 280	55	59	77.75	121
Iteration: 281	55	60	80.07	120
Iteration: 282	55	60	78.3	125
Iteration: 283	55	60	75.78	109
Iteration: 284	55	59	78.11	117
Iteration: 285	55	59	80.89	123
Iteration: 286	55	59	77.46	112
Iteration: 287	55	59	77.09	122
Iteration: 288	55	59	77.67	109
Iteration: 289	55	60	78.01	117
Iteration: 290	55	60	77.41	113
Iteration: 291	55	59	78.2	109
Iteration: 292	55	60	81.85	126
Iteration: 293	55	59	77.59	119
Iteration: 294	55	57	78.68	119
Iteration: 295	55	59	79.26	121
Iteration: 296	55	60	78.32	115
Iteration: 297	55	60	83.74	121
Iteration: 298	55	59	79.4	122
Iteration: 299	55	60	76.77	113
Iteration: 300	55	59	76.01	116
Iteration: 301	55	55	80.43	113
Iteration: 302	55	58	80.08	112
Iteration: 303	55	59	79.48	117
Iteration: 304	55	60	79.41	116
Iteration: 305	55	60	77.1	120
Iteration: 306	55	59	77.74	117
Iteration: 307	55	60	79.41	106
Iteration: 308	55	60	78.4	114
Iteration: 309	55	60	77.44	116
Iteration: 310	55	59	76.86	119
Iteration: 311	55	57	78.59	123
Iteration: 312	55	60	77.45	114
Iteration: 313	55	57	79.41	123
Iteration: 314	55	59	76.09	126
Iteration: 315	55	58	77.36	128
Iteration: 316	55	59	77.37	111
Iteration: 317	55	59	78.95	119
Iteration: 318	55	60	80.2	124
Iteration: 319	55	60	79.28	118
Iteration: 320	55	60	78.81	123
Iteration: 321	55	59	79.27	116
Iteration: 322	55	60	78.35	122
Iteration: 323	55	59	76.95	114
Iteration: 324	55	59	77.31	115
Iteration: 325	55	59	79.07	119
Iteration: 326	55	59	77.01	113
Iteration: 327	55	60	77.85	113
Iteration: 328	55	57	76.92	110
Iteration: 329	55	59	78.35	121
Iteration: 330	55	60	79.11	123
Iteration: 331	55	58	79.42	114
Iteration: 332	55	59	75.98	114
Iteration: 333	55	60	77.18	109
Iteration: 334	55	59	79.55	110
Iteration: 335	55	59	77.69	123
Iteration: 336	55	60	79.08	126
Iteration: 337	55	59	78.4	115
Iteration: 338	55	59	77.36	115
Iteration: 339	55	59	78.18	107
Iteration: 340	55	60	78.25	120
Iteration: 341	55	59	79.15	109
Iteration: 342	55	60	78.12	122
Iteration: 343	55	60	76.09	110
Iteration: 344	55	60	77.8	115
Iteration: 345	55	59	78.34	114
Iteration: 346	55	57	78.1	108
Iteration: 347	55	60	79.3	119
Iteration: 348	55	60	76.22	121
Iteration: 349	55	60	78.41	111
Iteration: 350	55	59	77.22	120
Iteration: 351	55	60	77.56	119
Iteration: 352	55	59	76.8	108
Iteration: 353	55	60	78.79	119
Iteration: 354	55	59	78.51	111
Iteration: 355	55	59	75.43	111
Iteration: 356	55	60	79.42	115
Iteration: 357	55	59	76.45	111
Iteration: 358	55	61	77.86	123
Iteration: 359	55	60	77.27	136
Iteration: 360	55	59	79.57	112
Iteration: 361	55	59	78.72	117
Iteration: 362	55	60	79.58	123
Iteration: 363	55	60	78.07	127
Iteration: 364	55	59	77.63	131
Iteration: 365	55	60	79.97	123
Iteration: 366	55	56	80.05	118
Iteration: 367	55	59	82.09	119
Iteration: 368	55	59	77.45	119
Iteration: 369	55	60	79.39	119
Iteration: 370	55	60	75.15	121
Iteration: 371	55	60	79.33	109
Iteration: 372	55	60	78.32	118
Iteration: 373	55	57	78.62	107
Iteration: 374	55	60	79.73	116
Iteration: 375	55	60	78.04	105
Iteration: 376	55	59	77.65	117
Iteration: 377	55	59	78.23	114
Iteration: 378	55	59	76.52	110
Iteration: 379	55	60	80.58	112
Iteration: 380	55	60	76.99	110
Iteration: 381	55	61	76.72	108
Iteration: 382	55	60	78.38	111
Iteration: 383	55	59	77.01	123
Iteration: 384	55	59	80.57	113
Iteration: 385	55	61	80.58	118
Iteration: 386	55	60	77.95	119
Iteration: 387	55	60	78.92	110
Iteration: 388	55	60	77.25	113
Iteration: 389	55	60	78.48	109
Iteration: 390	55	59	76.91	115
Iteration: 391	55	59	77.5	118
Iteration: 392	55	60	78.67	122
Iteration: 393	55	60	74.6	114
Iteration: 394	55	59	78.82	116
Iteration: 395	55	59	77.62	111
Iteration: 396	55	60	79.64	109
Iteration: 397	55	60	80.34	121
Iteration: 398	55	60	80.02	122
Iteration: 399	55	60	75.43	113
Iteration: 400	55	58	76.19	113
Iteration: 401	55	60	79.06	111
Iteration: 402	55	60	77.53	124
Iteration: 403	55	59	79.11	126
Iteration: 404	55	59	77.18	112
Iteration: 405	55	61	78.77	122
Iteration: 406	55	59	79.67	114
Iteration: 407	55	59	76.39	119
Iteration: 408	55	60	77.24	113
Iteration: 409	55	57	79.6	128
Iteration: 410	55	60	80.02	111
Iteration: 411	55	59	77.88	117
Iteration: 412	55	60	76.38	125
Iteration: 413	55	59	78.8	128
Iteration: 414	55	59	78.94	107
Iteration: 415	55	60	80.71	118
Iteration: 416	55	60	77.35	119
Iteration: 417	55	59	77.82	117
Iteration: 418	55	59	80.12	117
Iteration: 419	55	59	78.26	119
Iteration: 420	55	59	76.73	123
Iteration: 421	55	57	78.09	114
Iteration: 422	55	60	80.14	116
Iteration: 423	55	59	78.29	129
Iteration: 424	55	60	79.35	112
Iteration: 425	55	60	74.87	107
Iteration: 426	55	60	76.35	107
Iteration: 427	55	59	77.85	116
Iteration: 428	55	60	76.66	117
Iteration: 429	55	60	78.92	110
Iteration: 430	55	59	78.52	113
Iteration: 431	55	59	80.42	126
Iteration: 432	55	60	77.76	116
Iteration: 433	55	59	76.34	115
Iteration: 434	55	59	76.84	112
Iteration: 435	55	59	79.01	112
Iteration: 436	55	57	79.02	115
Iteration: 437	55	60	80.62	115
Iteration: 438	55	59	77.48	118
Iteration: 439	55	59	77.56	114
Iteration: 440	55	59	80.82	123
Iteration: 441	55	59	77.79	108
Iteration: 442	55	59	77.72	119
Iteration: 443	55	60	79.29	121
Iteration: 444	55	55	78.25	111
Iteration: 445	55	59	76.09	109
Iteration: 446	55	59	77.88	116
Iteration: 447	55	60	77.13	123
Iteration: 448	55	60	80.37	128
Iteration: 449	55	58	79.87	122
Iteration: 450	55	60	78.06	111
Iteration: 451	55	60	77.31	125
Iteration: 452	55	59	77.26	119
Iteration: 453	55	60	78.38	112
Iteration: 454	55	59	79.35	119
Iteration: 455	55	57	77.82	120
Iteration: 456	55	59	78.02	115
Iteration: 457	55	60	80.99	129
Iteration: 458	55	59	77.22	119
Iteration: 459	55	59	77.48	113
Iteration: 460	55	60	76.53	111
Iteration: 461	55	60	77.92	118
Iteration: 462	55	60	77.52	118
Iteration: 463	55	60	76.73	117
Iteration: 464	55	57	78	131
Iteration: 465	55	59	78.89	125
Iteration: 466	55	60	77.5	122
Iteration: 467	55	60	76.87	106
Iteration: 468	55	60	78.23	125
Iteration: 469	55	60	81.22	126
Iteration: 470	55	60	77.38	113
Iteration: 471	55	60	75.84	127
Iteration: 472	55	59	80.61	120
Iteration: 473	55	60	76.24	112
Iteration: 474	55	59	78.13	122
Iteration: 475	55	59	79.03	129
Iteration: 476	55	59	77.82	108
Iteration: 477	55	59	75.97	111
Iteration: 478	55	60	80.23	109
Iteration: 479	55	60	80.41	124
Iteration: 480	55	59	79.62	119
Iteration: 481	55	60	76.46	104
Iteration: 482	55	60	79.63	108
Iteration: 483	55	61	79.17	118
Iteration: 484	55	59	77.73	106
Iteration: 485	55	59	77.42	114
Iteration: 486	55	59	78.72	116
Iteration: 487	55	59	78.91	112
Iteration: 488	55	60	76.79	109
Iteration: 489	55	59	78.23	109
Iteration: 490	55	59	78.48	116
Iteration: 491	55	59	78.42	124
Iteration: 492	55	59	76.8	106
Iteration: 493	55	60	78.07	120
Iteration: 494	55	59	80.13	129
Iteration: 495	55	59	78.02	121
Iteration: 496	55	59	77.05	115
Iteration: 497	55	59	78.77	109
Iteration: 498	55	59	80.23	122
Iteration: 499	55	60	77.96	120
