Iteration: 0	59	59	78.23	118
Iteration: 1	59	60	78.17	111
Iteration: 2	59	59	79.77	122
Iteration: 3	59	59	78.78	118
Iteration: 4	59	59	78.38	127
Iteration: 5	59	59	81.39	123
Iteration: 6	59	60	81.06	118
Iteration: 7	59	60	75.87	114
Iteration: 8	59	60	79.85	122
Iteration: 9	59	60	77.86	115
Iteration: 10	59	59	75.13	126
Iteration: 11	59	59	77.46	104
Iteration: 12	59	59	80.05	114
Iteration: 13	59	60	76.86	104
Iteration: 14	59	59	78.56	106
Iteration: 15	59	59	79.9	107
Iteration: 16	59	59	77.58	120
Iteration: 17	59	59	76.06	120
Iteration: 18	59	59	77.47	122
Iteration: 19	59	59	77.95	113
Iteration: 20	57	57	79.6	115
Iteration: 21	57	59	78.06	109
Iteration: 22	57	60	77.62	116
Iteration: 23	57	59	78.73	113
Iteration: 24	57	60	79.24	119
Iteration: 25	57	60	78.41	112
Iteration: 26	57	59	80.79	123
Iteration: 27	57	60	78.23	120
Iteration: 28	57	59	76.58	121
Iteration: 29	57	59	77.72	118
Iteration: 30	57	60	79.1	117
Iteration: 31	57	60	78.83	120
Iteration: 32	57	60	78.67	123
Iteration: 33	57	59	77.19	118
Iteration: 34	57	59	78.14	106
Iteration: 35	57	60	78.59	104
Iteration: 36	57	59	79.64	117
Iteration: 37	55	55	77.32	109
Iteration: 38	55	59	77.15	109
Iteration: 39	55	59	77.38	122
Iteration: 40	55	60	79.2	125
Iteration: 41	55	58	77.61	107
Iteration: 42	55	60	77.92	119
Iteration: 43	55	59	79.64	127
Iteration: 44	55	60	77.97	112
Iteration: 45	55	60	78.83	119
Iteration: 46	55	60	80.38	116
Iteration: 47	55	60	79.16	108
Iteration: 48	55	60	79.98	120
Iteration: 49	55	59	79.3	123
Iteration: 50	55	59	77.95	108
Iteration: 51	55	59	78.94	109
Iteration: 52	55	61	77.18	106
Iteration: 53	55	59	79.06	108
Iteration: 54	55	60	77.65	107
Iteration: 55	55	59	79.55	107
Iteration: 56	55	60	77.48	125
Iteration: 57	55	60	78.73	112
Iteration: 58	55	60	77.18	113
Iteration: 59	55	60	79.22	114
Iteration: 60	55	60	78.68	110
Iteration: 61	55	60	77.35	121
Iteration: 62	55	59	80.03	114
Iteration: 63	55	60	79.34	133
Iteration: 64	55	59	77.24	118
Iteration: 65	55	59	77.23	122
Iteration: 66	55	59	77.31	107
Iteration: 67	55	60	78.44	123
Iteration: 68	55	56	77.32	113
Iteration: 69	55	60	78.92	115
Iteration: 70	55	60	79.59	114
Iteration: 71	55	58	76.58	122
Iteration: 72	55	60	79.64	132
Iteration: 73	55	60	76.89	114
Iteration: 74	55	57	77.74	108
Iteration: 75	55	56	80.1	118
Iteration: 76	55	60	76.3	114
Iteration: 77	55	60	77.52	124
Iteration: 78	55	58	77.14	129
Iteration: 79	55	60	77.66	118
Iteration: 80	55	60	78.28	119
Iteration: 81	55	60	78.92	108
Iteration: 82	55	60	80.22	118
Iteration: 83	55	59	78.84	117
Iteration: 84	55	60	78.61	121
Iteration: 85	55	60	75.91	114
Iteration: 86	55	58	75.97	109
Iteration: 87	55	57	77.02	119
Iteration: 88	55	59	78.1	113
Iteration: 89	55	59	80.3	118
Iteration: 90	55	59	76.97	113
Iteration: 91	55	60	79.45	118
Iteration: 92	55	58	80.98	117
Iteration: 93	55	59	79.98	117
Iteration: 94	55	60	79.34	123
Iteration: 95	55	60	78.39	112
Iteration: 96	55	59	78.2	114
Iteration: 97	55	59	76.27	122
Iteration: 98	55	59	78.39	133
Iteration: 99	55	59	80.05	119
Iteration: 100	55	59	77.63	123
Iteration: 101	55	60	81	117
Iteration: 102	55	59	78.21	118
Iteration: 103	55	60	79.39	126
Iteration: 104	55	59	74.88	109
Iteration: 105	55	58	79.46	129
Iteration: 106	55	59	77.95	115
Iteration: 107	55	60	79.47	109
Iteration: 108	55	60	79.06	109
Iteration: 109	55	59	78.37	124
Iteration: 110	55	60	79.94	119
Iteration: 111	55	60	77.4	116
Iteration: 112	55	61	81.19	125
Iteration: 113	55	59	79.59	123
Iteration: 114	55	59	78.08	111
Iteration: 115	55	58	78.58	115
Iteration: 116	55	61	77.46	119
Iteration: 117	55	59	80.06	109
Iteration: 118	55	59	76.89	116
Iteration: 119	55	57	79.78	120
Iteration: 120	55	58	78.94	106
Iteration: 121	55	60	80.06	119
Iteration: 122	55	59	78.92	135
Iteration: 123	55	59	77.43	122
Iteration: 124	55	58	77.38	115
Iteration: 125	55	60	79.27	114
Iteration: 126	55	60	78.42	113
Iteration: 127	55	56	80.07	117
Iteration: 128	55	59	80.35	115
Iteration: 129	55	60	80.59	125
Iteration: 130	55	60	77.38	134
Iteration: 131	55	60	78.98	113
Iteration: 132	55	59	78.78	120
Iteration: 133	55	60	80.77	116
Iteration: 134	55	59	78.22	122
Iteration: 135	55	59	76.9	111
Iteration: 136	55	59	79.11	122
Iteration: 137	55	59	77.01	110
Iteration: 138	55	59	80.07	119
Iteration: 139	55	59	77.75	120
Iteration: 140	55	59	77.31	119
Iteration: 141	55	58	78.15	111
Iteration: 142	55	60	76.69	108
Iteration: 143	55	61	78.89	111
Iteration: 144	55	60	79.51	109
Iteration: 145	55	60	78.48	128
Iteration: 146	55	59	78.84	119
Iteration: 147	55	56	76.33	120
Iteration: 148	55	59	77.85	121
Iteration: 149	55	59	79.41	124
Iteration: 150	55	58	81.22	125
Iteration: 151	55	60	77.56	114
Iteration: 152	55	59	79.05	127
Iteration: 153	55	59	78.41	113
Iteration: 154	55	59	76.35	108
Iteration: 155	55	60	78.22	107
Iteration: 156	55	60	78.89	129
Iteration: 157	55	59	80.44	123
Iteration: 158	55	60	76.45	106
Iteration: 159	55	60	81.5	124
Iteration: 160	55	59	78.23	117
Iteration: 161	55	58	77.35	109
Iteration: 162	55	60	77.75	113
Iteration: 163	55	58	79.55	123
Iteration: 164	55	59	77.54	110
Iteration: 165	55	59	77.72	112
Iteration: 166	55	58	78.31	113
Iteration: 167	55	59	78.57	110
Iteration: 168	55	59	80	110
Iteration: 169	55	60	80.17	114
Iteration: 170	55	60	79.21	121
Iteration: 171	55	59	76.38	105
Iteration: 172	55	59	78.2	115
Iteration: 173	55	60	80.61	128
Iteration: 174	55	60	76.86	112
Iteration: 175	55	60	77.73	114
Iteration: 176	55	60	78.6	113
Iteration: 177	55	60	78.73	116
Iteration: 178	55	59	77.37	116
Iteration: 179	55	60	76.99	116
Iteration: 180	55	59	79.45	111
Iteration: 181	55	59	77.56	110
Iteration: 182	55	60	77.65	112
Iteration: 183	55	58	78.28	140
Iteration: 184	55	59	77.61	122
Iteration: 185	55	59	78.83	114
Iteration: 186	55	59	78.37	111
Iteration: 187	55	59	79.03	113
Iteration: 188	55	60	79.5	118
Iteration: 189	55	59	79.79	131
Iteration: 190	55	60	78.26	120
Iteration: 191	55	59	77.48	126
Iteration: 192	55	60	79.97	113
Iteration: 193	55	59	78.37	115
Iteration: 194	55	60	79.51	116
Iteration: 195	55	59	78.35	115
Iteration: 196	55	60	78.62	114
Iteration: 197	55	59	78.62	115
Iteration: 198	55	60	78.07	122
Iteration: 199	55	60	79.27	117
Iteration: 200	55	60	80.2	121
Iteration: 201	55	61	77.69	120
Iteration: 202	55	60	80.72	114
Iteration: 203	55	59	76.46	105
Iteration: 204	55	60	79.47	120
Iteration: 205	55	57	78.19	128
Iteration: 206	55	59	79.56	113
Iteration: 207	55	58	76.42	116
Iteration: 208	55	60	79.13	123
Iteration: 209	55	59	78.24	119
Iteration: 210	55	59	79.09	104
Iteration: 211	55	59	77.83	110
Iteration: 212	55	59	79.68	126
Iteration: 213	55	56	76.89	112
Iteration: 214	55	60	79.2	109
Iteration: 215	55	60	81.59	119
Iteration: 216	55	60	79.06	122
Iteration: 217	55	59	77	127
Iteration: 218	55	60	78.38	116
Iteration: 219	55	59	79.52	116
Iteration: 220	55	59	77.34	128
Iteration: 221	55	58	78.32	118
Iteration: 222	55	59	77.74	119
Iteration: 223	55	59	77.39	117
Iteration: 224	55	59	77.78	115
Iteration: 225	55	59	78.06	123
Iteration: 226	55	60	79.37	120
Iteration: 227	55	60	76.96	119
Iteration: 228	55	60	77.43	122
Iteration: 229	55	60	79.94	115
Iteration: 230	55	61	80.8	112
Iteration: 231	55	60	76.4	112
Iteration: 232	55	60	78.3	118
Iteration: 233	55	60	76.51	106
Iteration: 234	55	61	77.96	109
Iteration: 235	55	59	79.06	111
Iteration: 236	55	60	76.97	101
Iteration: 237	55	60	77.06	108
Iteration: 238	55	59	77.61	110
Iteration: 239	55	59	78.46	113
Iteration: 240	55	59	78.18	112
Iteration: 241	55	60	77.13	118
Iteration: 242	55	59	80.51	120
Iteration: 243	55	60	77.99	115
Iteration: 244	55	60	79.54	117
Iteration: 245	55	60	80.69	118
Iteration: 246	55	59	76.87	111
Iteration: 247	55	59	78.4	116
Iteration: 248	55	59	78.51	111
Iteration: 249	55	59	78.73	121
Iteration: 250	55	60	78.91	122
Iteration: 251	55	59	77.01	102
Iteration: 252	55	58	76.03	103
Iteration: 253	55	57	78.68	121
Iteration: 254	55	60	82.19	116
Iteration: 255	55	60	77.01	113
Iteration: 256	55	60	74.79	102
Iteration: 257	55	59	76.64	110
Iteration: 258	55	58	78.75	112
Iteration: 259	55	59	77.55	117
Iteration: 260	55	59	78.9	118
Iteration: 261	55	60	77.27	115
Iteration: 262	55	59	78.02	110
Iteration: 263	55	60	76.64	108
Iteration: 264	55	59	78.75	118
Iteration: 265	55	60	75.78	119
Iteration: 266	55	60	76.65	108
Iteration: 267	55	59	77.5	110
Iteration: 268	55	60	79.04	114
Iteration: 269	55	61	78.98	130
Iteration: 270	55	58	80.67	118
Iteration: 271	55	60	77.58	118
Iteration: 272	55	60	78.44	115
Iteration: 273	55	59	78.36	126
Iteration: 274	55	60	78.15	124
Iteration: 275	55	59	79.91	115
Iteration: 276	55	59	79.04	114
Iteration: 277	55	59	79.25	118
Iteration: 278	55	59	76.51	116
Iteration: 279	55	60	79.79	123
Iteration: 280	55	60	77.89	117
Iteration: 281	55	60	81.01	112
Iteration: 282	55	59	77.97	125
Iteration: 283	55	59	78	123
Iteration: 284	55	60	77.68	108
Iteration: 285	55	60	79.68	118
Iteration: 286	55	60	77.78	116
Iteration: 287	55	59	78.55	106
Iteration: 288	55	57	77.49	114
Iteration: 289	55	61	77.22	113
Iteration: 290	55	60	78.7	112
Iteration: 291	55	60	78.37	118
Iteration: 292	55	57	78.25	125
Iteration: 293	55	59	77.82	110
Iteration: 294	55	60	78.74	111
Iteration: 295	55	60	77.98	114
Iteration: 296	55	60	78.64	112
Iteration: 297	55	60	78.6	119
Iteration: 298	55	60	78.22	112
Iteration: 299	55	59	77.88	117
Iteration: 300	55	59	78.59	117
Iteration: 301	55	59	78.88	118
Iteration: 302	55	59	78.3	123
Iteration: 303	55	59	78.69	121
Iteration: 304	55	59	78.18	112
Iteration: 305	55	60	78.31	114
Iteration: 306	55	59	78.3	117
Iteration: 307	55	60	80.36	122
Iteration: 308	55	58	77.54	115
Iteration: 309	55	59	77.64	114
Iteration: 310	55	60	76.92	113
Iteration: 311	55	59	76.54	118
Iteration: 312	55	59	78.56	115
Iteration: 313	55	58	78.13	148
Iteration: 314	55	59	78.81	118
Iteration: 315	55	59	78.42	120
Iteration: 316	55	59	79.99	119
Iteration: 317	55	59	80.3	124
Iteration: 318	55	60	79.44	110
Iteration: 319	55	59	77.15	115
Iteration: 320	55	59	79.71	114
Iteration: 321	55	60	78.07	124
Iteration: 322	55	60	79.53	110
Iteration: 323	55	58	77.33	113
Iteration: 324	55	60	77.76	124
Iteration: 325	55	60	79.48	122
Iteration: 326	55	59	78.87	118
Iteration: 327	55	60	78.9	114
Iteration: 328	55	60	79.15	117
Iteration: 329	55	60	81.92	122
Iteration: 330	55	61	81.34	130
Iteration: 331	55	59	76.74	106
Iteration: 332	55	60	79.18	117
Iteration: 333	55	59	78.61	128
Iteration: 334	55	59	78.35	111
Iteration: 335	55	60	76.62	112
Iteration: 336	55	59	77.55	114
Iteration: 337	55	59	79.21	125
Iteration: 338	55	60	77.88	119
Iteration: 339	55	60	80	119
Iteration: 340	55	59	74.5	111
Iteration: 341	55	60	78.57	109
Iteration: 342	55	58	76.58	115
Iteration: 343	55	59	76.66	116
Iteration: 344	55	59	79.51	112
Iteration: 345	55	60	81.39	119
Iteration: 346	55	60	78.68	112
Iteration: 347	55	59	79.13	117
Iteration: 348	55	59	78.94	124
Iteration: 349	55	59	78.72	121
Iteration: 350	55	57	79.88	122
Iteration: 351	55	59	77.5	108
Iteration: 352	55	60	78.26	129
Iteration: 353	55	60	78.98	110
Iteration: 354	55	60	77.72	109
Iteration: 355	55	59	76.79	103
Iteration: 356	55	59	79.87	117
Iteration: 357	55	60	77.83	112
Iteration: 358	55	59	78.68	117
Iteration: 359	55	59	75.11	113
Iteration: 360	55	59	76.51	105
Iteration: 361	55	59	78.44	112
Iteration: 362	55	60	77.97	133
Iteration: 363	55	60	79.81	120
Iteration: 364	55	60	78.8	116
Iteration: 365	55	57	78.89	116
Iteration: 366	55	59	78.67	124
Iteration: 367	55	60	77.96	124
Iteration: 368	55	60	78.34	117
Iteration: 369	55	59	79.48	129
Iteration: 370	55	60	78.82	115
Iteration: 371	55	60	77.96	117
Iteration: 372	55	60	77.06	108
Iteration: 373	55	60	77.21	114
Iteration: 374	55	60	79.36	124
Iteration: 375	55	60	78.2	117
Iteration: 376	55	59	75.45	103
Iteration: 377	55	60	80.81	116
Iteration: 378	55	59	79.9	123
Iteration: 379	55	59	79.71	114
Iteration: 380	55	59	76.25	121
Iteration: 381	55	61	77.25	108
Iteration: 382	55	59	80	126
Iteration: 383	55	60	77.08	120
Iteration: 384	55	56	78.32	109
Iteration: 385	55	60	79.36	104
Iteration: 386	55	59	76.95	111
Iteration: 387	55	60	77.31	111
Iteration: 388	55	60	78.15	129
Iteration: 389	55	59	79.77	106
Iteration: 390	55	59	75.99	108
Iteration: 391	55	60	79.6	106
Iteration: 392	55	58	79.57	112
Iteration: 393	55	60	77.76	114
Iteration: 394	55	59	77.65	113
Iteration: 395	55	59	76.8	130
Iteration: 396	55	59	76.93	122
Iteration: 397	55	60	79.34	120
Iteration: 398	55	59	78.12	107
Iteration: 399	55	59	81.49	125
Iteration: 400	55	60	78.38	123
Iteration: 401	55	60	78.84	126
Iteration: 402	55	58	79.2	122
Iteration: 403	55	58	76.69	112
Iteration: 404	55	59	79.94	120
Iteration: 405	55	60	77.02	109
Iteration: 406	55	59	79.57	116
Iteration: 407	55	60	78.15	116
Iteration: 408	55	60	80.52	123
Iteration: 409	55	60	79.64	118
Iteration: 410	55	60	78.63	112
Iteration: 411	55	59	76.7	128
Iteration: 412	55	59	76.59	120
Iteration: 413	55	60	78.87	119
Iteration: 414	55	59	78.41	108
Iteration: 415	55	58	77.57	122
Iteration: 416	55	59	76.57	112
Iteration: 417	55	59	75.97	120
Iteration: 418	55	60	75.6	114
Iteration: 419	55	60	79.12	113
Iteration: 420	55	59	80.47	118
Iteration: 421	55	59	77.4	112
Iteration: 422	55	58	78.92	107
Iteration: 423	55	60	76.61	108
Iteration: 424	55	59	76.77	108
Iteration: 425	55	60	76.48	122
Iteration: 426	55	60	76.74	125
Iteration: 427	55	60	78.73	117
Iteration: 428	55	59	75.53	112
Iteration: 429	55	60	78.89	112
Iteration: 430	55	59	78.25	121
Iteration: 431	55	59	79.09	128
Iteration: 432	55	60	78.87	119
Iteration: 433	55	60	77.75	115
Iteration: 434	55	59	77.16	110
Iteration: 435	55	59	77.81	125
Iteration: 436	55	60	79.01	105
Iteration: 437	55	60	77.27	110
Iteration: 438	55	59	75.84	120
Iteration: 439	55	59	79.44	121
Iteration: 440	55	60	76.53	121
Iteration: 441	55	59	79.25	114
Iteration: 442	55	59	73.97	106
Iteration: 443	55	60	80.04	116
Iteration: 444	55	59	76.67	111
Iteration: 445	55	59	74.56	102
Iteration: 446	55	59	78.09	109
Iteration: 447	55	60	78.67	122
Iteration: 448	55	59	78.11	132
Iteration: 449	55	60	79.6	121
Iteration: 450	55	60	78.56	116
Iteration: 451	55	59	79.2	118
Iteration: 452	55	59	78.03	111
Iteration: 453	55	58	79.29	128
Iteration: 454	55	60	79.38	109
Iteration: 455	55	59	77.43	108
Iteration: 456	55	59	78.05	116
Iteration: 457	55	60	78.39	117
Iteration: 458	55	59	78.59	110
Iteration: 459	55	60	79.16	108
Iteration: 460	55	60	79.01	124
Iteration: 461	55	60	76.49	121
Iteration: 462	55	60	80.06	129
Iteration: 463	55	59	79.35	115
Iteration: 464	55	60	79.7	117
Iteration: 465	55	60	77.8	120
Iteration: 466	55	59	79.03	120
Iteration: 467	55	59	76.43	119
Iteration: 468	55	60	79.54	128
Iteration: 469	55	60	78.1	110
Iteration: 470	55	60	80.39	117
Iteration: 471	55	59	77.92	121
Iteration: 472	55	58	76.85	122
Iteration: 473	55	59	76.76	103
Iteration: 474	55	61	80.85	119
Iteration: 475	55	59	77.2	110
Iteration: 476	55	59	75.74	128
Iteration: 477	55	61	79.15	125
Iteration: 478	55	60	79.08	118
Iteration: 479	55	59	79.95	131
Iteration: 480	55	59	78.09	113
Iteration: 481	55	60	78.65	127
Iteration: 482	55	59	77.32	113
Iteration: 483	55	60	77.7	110
Iteration: 484	55	60	81.45	119
Iteration: 485	55	60	76.61	118
Iteration: 486	55	60	77.88	115
Iteration: 487	55	61	80.06	108
Iteration: 488	55	60	76.74	109
Iteration: 489	55	60	79.16	124
Iteration: 490	55	57	75.28	111
Iteration: 491	55	59	79.04	119
Iteration: 492	55	59	78.04	115
Iteration: 493	55	60	76.99	119
Iteration: 494	55	59	77.4	110
Iteration: 495	55	59	78.73	114
Iteration: 496	55	59	80.06	116
Iteration: 497	55	60	78.95	121
Iteration: 498	55	59	79.09	107
Iteration: 499	55	60	80.5	125
