Iteration: 0	59	59	79.65	120
Iteration: 1	59	60	77.35	125
Iteration: 2	59	60	80.03	116
Iteration: 3	59	59	79.71	131
Iteration: 4	59	60	77.11	118
Iteration: 5	59	60	76.08	111
Iteration: 6	59	59	78.05	127
Iteration: 7	59	60	79.43	120
Iteration: 8	59	59	78.91	121
Iteration: 9	59	60	77.83	119
Iteration: 10	58	58	78.1	118
Iteration: 11	58	61	76.76	103
Iteration: 12	58	60	78.05	118
Iteration: 13	58	59	78.25	113
Iteration: 14	58	60	77.5	113
Iteration: 15	58	59	78.4	118
Iteration: 16	58	60	77.68	114
Iteration: 17	58	60	79.49	127
Iteration: 18	58	60	78	122
Iteration: 19	56	56	78.45	114
Iteration: 20	56	59	77.22	126
Iteration: 21	56	59	78.57	109
Iteration: 22	56	60	78.52	125
Iteration: 23	56	57	80.52	127
Iteration: 24	56	60	76.09	116
Iteration: 25	56	56	75.8	114
Iteration: 26	56	60	79.44	115
Iteration: 27	56	59	78	122
Iteration: 28	56	60	76.57	129
Iteration: 29	56	59	77.85	114
Iteration: 30	56	59	78.24	119
Iteration: 31	56	60	78.02	120
Iteration: 32	56	60	80.11	120
Iteration: 33	56	60	78.92	117
Iteration: 34	56	59	77.66	111
Iteration: 35	56	59	78.76	113
Iteration: 36	56	59	79.94	110
Iteration: 37	56	59	80.26	132
Iteration: 38	56	56	79.9	120
Iteration: 39	55	55	78.51	117
Iteration: 40	55	59	79.59	117
Iteration: 41	55	59	79.05	118
Iteration: 42	55	59	78.18	110
Iteration: 43	55	59	79.89	124
Iteration: 44	55	60	77.69	111
Iteration: 45	55	60	78.77	113
Iteration: 46	55	60	77.85	114
Iteration: 47	55	60	75.2	105
Iteration: 48	55	61	78.59	113
Iteration: 49	55	59	79.59	119
Iteration: 50	55	60	78.13	121
Iteration: 51	55	59	78.24	111
Iteration: 52	55	61	80.02	116
Iteration: 53	55	60	81.17	122
Iteration: 54	55	60	76.25	113
Iteration: 55	55	60	78.88	110
Iteration: 56	55	60	76.18	107
Iteration: 57	55	60	76.98	115
Iteration: 58	55	60	77.51	116
Iteration: 59	55	59	78.65	117
Iteration: 60	55	60	77.9	113
Iteration: 61	55	60	77.83	125
Iteration: 62	55	59	77.26	105
Iteration: 63	55	59	76.99	108
Iteration: 64	55	59	76.98	120
Iteration: 65	55	60	78.59	126
Iteration: 66	55	60	79.25	105
Iteration: 67	55	60	76.81	107
Iteration: 68	55	59	77.65	123
Iteration: 69	55	58	78.55	129
Iteration: 70	55	60	78.25	119
Iteration: 71	55	59	80.68	115
Iteration: 72	55	60	77.66	119
Iteration: 73	55	60	80.63	113
Iteration: 74	55	57	78.57	125
Iteration: 75	55	59	77.85	117
Iteration: 76	55	60	78.22	114
Iteration: 77	55	59	78.92	122
Iteration: 78	55	60	78.6	128
Iteration: 79	55	59	79.17	114
Iteration: 80	55	60	77.12	123
Iteration: 81	55	58	79.52	118
Iteration: 82	55	59	78.39	112
Iteration: 83	55	60	79.42	117
Iteration: 84	55	60	77.42	113
Iteration: 85	55	58	78.88	112
Iteration: 86	55	60	76.15	108
Iteration: 87	55	60	77.61	108
Iteration: 88	55	59	77.93	120
Iteration: 89	55	60	78.84	123
Iteration: 90	55	60	78.9	115
Iteration: 91	55	61	81.55	112
Iteration: 92	55	59	79.3	116
Iteration: 93	55	59	80.79	126
Iteration: 94	55	60	78.23	121
Iteration: 95	55	59	79.64	111
Iteration: 96	55	58	78.26	110
Iteration: 97	55	59	78.44	116
Iteration: 98	55	61	79.13	117
Iteration: 99	55	59	77.38	116
Iteration: 100	55	57	75.44	118
Iteration: 101	55	61	77.19	114
Iteration: 102	55	60	78.51	118
Iteration: 103	55	60	79.65	122
Iteration: 104	55	60	79.19	118
Iteration: 105	55	60	77.3	110
Iteration: 106	55	57	75.95	113
Iteration: 107	55	60	79.45	120
Iteration: 108	55	59	76.38	108
Iteration: 109	55	59	78.57	111
Iteration: 110	55	59	77.91	127
Iteration: 111	55	59	78.97	116
Iteration: 112	55	60	80.24	120
Iteration: 113	55	59	79.61	117
Iteration: 114	55	59	79.34	127
Iteration: 115	55	60	78.22	119
Iteration: 116	55	58	79.64	120
Iteration: 117	55	60	78.09	111
Iteration: 118	55	59	78.15	119
Iteration: 119	55	59	77.95	126
Iteration: 120	55	58	75.88	116
Iteration: 121	55	59	77.85	123
Iteration: 122	55	60	78.11	111
Iteration: 123	55	60	77.08	102
Iteration: 124	55	60	78.54	113
Iteration: 125	55	59	78.94	115
Iteration: 126	55	60	80.59	125
Iteration: 127	55	60	78.78	120
Iteration: 128	55	60	78.38	110
Iteration: 129	55	59	78.66	125
Iteration: 130	55	60	76.91	118
Iteration: 131	55	60	77.36	117
Iteration: 132	55	60	78.7	122
Iteration: 133	55	60	77.19	116
Iteration: 134	55	59	79.19	112
Iteration: 135	55	59	78.93	122
Iteration: 136	55	60	78.58	112
Iteration: 137	55	60	78.32	120
Iteration: 138	55	59	80.2	125
Iteration: 139	55	60	76.62	118
Iteration: 140	55	59	77.06	121
Iteration: 141	55	60	79.64	134
Iteration: 142	55	59	78.48	114
Iteration: 143	55	60	80.19	118
Iteration: 144	55	59	77.08	118
Iteration: 145	55	59	76.84	111
Iteration: 146	55	59	76.72	110
Iteration: 147	55	60	77.87	109
Iteration: 148	55	59	79.47	116
Iteration: 149	55	60	79.51	125
Iteration: 150	55	59	79.18	111
Iteration: 151	55	60	78.71	125
Iteration: 152	55	60	79.01	115
Iteration: 153	55	60	78.13	116
Iteration: 154	55	59	79.37	121
Iteration: 155	55	60	77.46	116
Iteration: 156	55	59	77.82	115
Iteration: 157	55	60	77.74	119
Iteration: 158	55	57	78.68	122
Iteration: 159	55	59	78.15	108
Iteration: 160	55	59	77.68	121
Iteration: 161	55	59	77.31	108
Iteration: 162	55	59	79.25	122
Iteration: 163	55	60	82.02	129
Iteration: 164	55	60	76.94	111
Iteration: 165	55	59	79.28	112
Iteration: 166	55	58	79.33	124
Iteration: 167	55	56	77.96	111
Iteration: 168	55	59	77.38	116
Iteration: 169	55	59	77.54	107
Iteration: 170	55	59	78.54	116
Iteration: 171	55	59	77.63	109
Iteration: 172	55	60	79	113
Iteration: 173	55	59	78.57	122
Iteration: 174	55	58	78.45	119
Iteration: 175	55	60	79.32	122
Iteration: 176	55	60	79.22	125
Iteration: 177	55	59	78.74	125
Iteration: 178	55	59	80.52	116
Iteration: 179	55	59	77.95	113
Iteration: 180	55	60	79.33	122
Iteration: 181	55	60	77.05	111
Iteration: 182	55	60	78.49	118
Iteration: 183	55	59	78.92	109
Iteration: 184	55	60	79.62	124
Iteration: 185	55	60	77.71	110
Iteration: 186	55	58	81.66	123
Iteration: 187	55	59	77.58	117
Iteration: 188	55	60	77.62	117
Iteration: 189	55	59	77.96	108
Iteration: 190	55	60	78.94	109
Iteration: 191	55	60	77.91	119
Iteration: 192	55	59	79.03	113
Iteration: 193	55	59	76.36	106
Iteration: 194	55	60	77.27	115
Iteration: 195	55	59	77.25	106
Iteration: 196	55	60	79.23	115
Iteration: 197	55	59	77.33	114
Iteration: 198	55	60	79.59	114
Iteration: 199	55	59	77.72	116
Iteration: 200	55	60	79.54	125
Iteration: 201	55	60	79.59	112
Iteration: 202	55	59	77.88	106
Iteration: 203	55	59	78.51	123
Iteration: 204	55	60	80.15	118
Iteration: 205	55	59	77.22	113
Iteration: 206	55	60	74.9	102
Iteration: 207	55	59	77.91	118
Iteration: 208	55	60	78.27	112
Iteration: 209	55	57	77.14	112
Iteration: 210	55	60	78.55	117
Iteration: 211	55	60	77.44	115
Iteration: 212	55	59	76.66	128
Iteration: 213	55	57	77.32	128
Iteration: 214	55	60	80.29	109
Iteration: 215	55	60	79.7	122
Iteration: 216	55	59	77.38	118
Iteration: 217	55	60	79.41	116
Iteration: 218	55	59	79.05	126
Iteration: 219	55	60	78.69	129
Iteration: 220	55	59	76.89	108
Iteration: 221	55	59	76.57	117
Iteration: 222	55	60	77.88	106
Iteration: 223	55	59	78.35	118
Iteration: 224	55	60	78.66	124
Iteration: 225	55	60	77.43	108
Iteration: 226	55	60	78.65	114
Iteration: 227	55	59	79.09	122
Iteration: 228	55	60	77.88	116
Iteration: 229	55	59	77.06	120
Iteration: 230	55	59	77.84	121
Iteration: 231	55	60	80.39	118
Iteration: 232	55	59	78.96	111
Iteration: 233	55	60	78.55	110
Iteration: 234	55	59	76.95	103
Iteration: 235	55	59	79.1	112
Iteration: 236	55	60	77.32	115
Iteration: 237	55	59	79.75	126
Iteration: 238	55	60	76.72	105
Iteration: 239	55	59	79.33	121
Iteration: 240	55	60	80.25	122
Iteration: 241	55	60	77.3	116
Iteration: 242	55	59	79.75	119
Iteration: 243	55	60	78.95	111
Iteration: 244	55	60	77.42	107
Iteration: 245	55	60	77.46	113
Iteration: 246	55	60	78.88	113
Iteration: 247	55	60	79.38	112
Iteration: 248	55	59	76.06	122
Iteration: 249	55	59	79.64	126
Iteration: 250	55	60	77.31	108
Iteration: 251	55	60	77.21	119
Iteration: 252	55	60	78.15	115
Iteration: 253	55	60	78.31	115
Iteration: 254	55	60	78.3	126
Iteration: 255	55	59	77.7	109
Iteration: 256	55	59	77.91	111
Iteration: 257	55	60	76.38	131
Iteration: 258	55	60	78.56	124
Iteration: 259	55	59	78.26	120
Iteration: 260	55	60	79.08	121
Iteration: 261	55	56	78.35	124
Iteration: 262	55	59	76.06	109
Iteration: 263	55	59	82.71	123
Iteration: 264	55	59	78.54	120
Iteration: 265	55	59	78.9	120
Iteration: 266	55	59	77.18	123
Iteration: 267	55	57	78.89	115
Iteration: 268	55	59	78.46	120
Iteration: 269	55	59	77.04	123
Iteration: 270	55	60	78.48	113
Iteration: 271	55	59	77.35	111
Iteration: 272	55	59	78.22	114
Iteration: 273	55	59	76.48	118
Iteration: 274	55	60	80.91	113
Iteration: 275	55	60	77.21	115
Iteration: 276	55	60	78.56	119
Iteration: 277	55	60	78.32	105
Iteration: 278	55	60	78.13	118
Iteration: 279	55	59	78.14	112
Iteration: 280	55	59	77.2	112
Iteration: 281	55	59	77.61	116
Iteration: 282	55	60	76.68	108
Iteration: 283	55	59	78.13	102
Iteration: 284	55	60	77.31	119
Iteration: 285	55	59	77.58	114
Iteration: 286	55	60	77.13	108
Iteration: 287	55	60	79.05	112
Iteration: 288	55	59	80.38	124
Iteration: 289	55	60	77.15	112
Iteration: 290	55	59	77.53	110
Iteration: 291	55	59	76.69	111
Iteration: 292	55	60	76.71	118
Iteration: 293	55	59	78.13	116
Iteration: 294	55	60	79.08	114
Iteration: 295	55	59	78.25	128
Iteration: 296	55	60	76.86	110
Iteration: 297	55	60	80.22	116
Iteration: 298	55	60	78.78	113
Iteration: 299	55	59	76.99	118
Iteration: 300	55	60	76.68	113
Iteration: 301	55	60	76.86	109
Iteration: 302	55	60	77.44	120
Iteration: 303	55	60	75.63	108
Iteration: 304	55	55	80.44	113
Iteration: 305	55	59	77.08	110
Iteration: 306	55	60	78.84	109
Iteration: 307	55	59	78.23	117
Iteration: 308	55	59	79.6	111
Iteration: 309	55	59	75.99	110
Iteration: 310	55	59	77.82	103
Iteration: 311	55	59	77.14	110
Iteration: 312	55	59	74.59	113
Iteration: 313	55	60	79.06	119
Iteration: 314	55	59	76.68	125
Iteration: 315	55	60	77.73	117
Iteration: 316	55	59	78.07	116
Iteration: 317	55	59	79.47	116
Iteration: 318	55	57	81.47	116
Iteration: 319	55	59	79.3	110
Iteration: 320	55	59	76.66	107
Iteration: 321	55	60	79.62	111
Iteration: 322	55	61	79.92	126
Iteration: 323	55	58	79.76	129
Iteration: 324	55	60	76.87	102
Iteration: 325	55	60	79.84	107
Iteration: 326	55	60	78.63	126
Iteration: 327	55	59	76.03	120
Iteration: 328	55	59	78.46	117
Iteration: 329	55	60	80.54	132
Iteration: 330	55	59	77.71	110
Iteration: 331	55	59	79.45	118
Iteration: 332	55	59	79.22	108
Iteration: 333	55	59	81.27	126
Iteration: 334	55	60	80.9	116
Iteration: 335	55	59	78.38	112
Iteration: 336	55	60	77.27	105
Iteration: 337	55	60	78.87	108
Iteration: 338	55	59	76.73	123
Iteration: 339	55	55	78.75	125
Iteration: 340	55	60	78.89	129
Iteration: 341	55	59	78.43	127
Iteration: 342	55	60	78.45	122
Iteration: 343	55	60	78.63	121
Iteration: 344	55	59	77.23	119
Iteration: 345	55	60	78.62	118
Iteration: 346	55	59	79.41	111
Iteration: 347	55	59	76.89	111
Iteration: 348	55	55	79.04	118
Iteration: 349	55	59	79.03	114
Iteration: 350	55	59	79.86	126
Iteration: 351	55	57	77.17	116
Iteration: 352	55	60	75.09	105
Iteration: 353	55	60	78.61	111
Iteration: 354	55	60	78.68	125
Iteration: 355	55	60	75.54	113
Iteration: 356	55	59	76.66	119
Iteration: 357	55	59	77.86	119
Iteration: 358	55	60	76.26	111
Iteration: 359	55	59	79	125
Iteration: 360	55	59	78.58	120
Iteration: 361	55	59	78.03	122
Iteration: 362	55	58	78.71	116
Iteration: 363	55	59	78.2	106
Iteration: 364	55	60	79.69	113
Iteration: 365	55	60	76.43	114
Iteration: 366	55	60	78.46	113
Iteration: 367	55	59	77.73	118
Iteration: 368	55	59	79.67	119
Iteration: 369	55	60	78.48	107
Iteration: 370	55	60	79.03	125
Iteration: 371	55	60	77.03	112
Iteration: 372	55	59	79.06	113
Iteration: 373	55	59	80.66	116
Iteration: 374	55	59	78.27	120
Iteration: 375	55	59	76.67	110
Iteration: 376	55	58	79	109
Iteration: 377	55	59	79.45	128
Iteration: 378	55	60	79.32	119
Iteration: 379	55	59	79.66	121
Iteration: 380	55	59	76.39	102
Iteration: 381	55	60	80.13	112
Iteration: 382	55	59	78.18	113
Iteration: 383	55	60	80.95	112
Iteration: 384	55	59	76.4	114
Iteration: 385	55	55	81.34	117
Iteration: 386	55	60	78.38	115
Iteration: 387	55	60	77.51	119
Iteration: 388	55	61	79.22	126
Iteration: 389	55	59	77.79	109
Iteration: 390	55	59	79.04	109
Iteration: 391	55	59	80.5	115
Iteration: 392	55	60	76.63	116
Iteration: 393	55	60	78.86	122
Iteration: 394	55	60	76.01	128
Iteration: 395	55	59	75.4	128
Iteration: 396	55	60	81.06	118
Iteration: 397	55	60	78.83	115
Iteration: 398	55	59	76.53	110
Iteration: 399	55	59	78.19	117
Iteration: 400	55	59	77.48	112
Iteration: 401	55	60	79.52	124
Iteration: 402	55	60	78.89	118
Iteration: 403	55	59	76.06	119
Iteration: 404	55	60	79.24	119
Iteration: 405	55	59	79.8	114
Iteration: 406	55	59	79	123
Iteration: 407	55	59	77.73	109
Iteration: 408	55	59	76.52	125
Iteration: 409	55	59	77.48	117
Iteration: 410	55	59	79.01	113
Iteration: 411	55	59	78.16	136
Iteration: 412	55	60	79.18	110
Iteration: 413	55	59	79.61	122
Iteration: 414	55	59	78.37	118
Iteration: 415	55	59	77.49	106
Iteration: 416	55	59	78.37	126
Iteration: 417	55	59	77.34	124
Iteration: 418	55	59	77.85	115
Iteration: 419	55	60	79.97	130
Iteration: 420	55	59	78.18	122
Iteration: 421	55	60	76.33	118
Iteration: 422	55	60	77.96	108
Iteration: 423	55	57	77.49	111
Iteration: 424	55	60	77.18	118
Iteration: 425	55	59	78.87	119
Iteration: 426	55	59	76.36	120
Iteration: 427	55	59	78.93	116
Iteration: 428	55	59	78.28	124
Iteration: 429	55	57	75.99	117
Iteration: 430	55	60	76.24	111
Iteration: 431	55	59	76.67	120
Iteration: 432	55	59	78.45	123
Iteration: 433	55	59	77.42	107
Iteration: 434	55	59	74.67	124
Iteration: 435	55	60	77.6	112
Iteration: 436	55	60	79.63	115
Iteration: 437	55	59	78.15	123
Iteration: 438	55	61	79.21	123
Iteration: 439	55	58	78.75	117
Iteration: 440	55	59	78.63	119
Iteration: 441	55	60	80.78	118
Iteration: 442	55	59	77.99	123
Iteration: 443	55	59	76.84	126
Iteration: 444	55	59	78.13	124
Iteration: 445	55	60	79.3	112
Iteration: 446	55	60	80.33	122
Iteration: 447	55	60	77.88	121
Iteration: 448	55	60	79.3	117
Iteration: 449	55	60	77.21	109
Iteration: 450	55	60	79.01	124
Iteration: 451	55	55	79	113
Iteration: 452	55	60	78.91	120
Iteration: 453	55	59	76.35	110
Iteration: 454	55	58	78.8	120
Iteration: 455	55	60	79.01	111
Iteration: 456	55	60	76.32	114
Iteration: 457	55	60	79.04	116
Iteration: 458	55	60	76.83	119
Iteration: 459	55	59	78.63	108
Iteration: 460	55	60	77.56	113
Iteration: 461	55	55	78.34	118
Iteration: 462	55	59	78.14	122
Iteration: 463	55	59	81.6	109
Iteration: 464	55	60	78.45	129
Iteration: 465	55	61	78.03	110
Iteration: 466	55	59	77.99	114
Iteration: 467	55	60	77.12	126
Iteration: 468	55	59	78.62	113
Iteration: 469	55	60	77.64	115
Iteration: 470	55	60	76.38	108
Iteration: 471	55	60	80.51	115
Iteration: 472	55	60	79.73	116
Iteration: 473	55	60	80.17	114
Iteration: 474	55	59	79.55	117
Iteration: 475	55	60	77.2	116
Iteration: 476	55	60	79.38	119
Iteration: 477	55	60	79.28	112
Iteration: 478	55	56	76.68	114
Iteration: 479	55	60	77.32	109
Iteration: 480	55	60	78.14	116
Iteration: 481	55	60	76.54	110
Iteration: 482	55	59	78.99	118
Iteration: 483	55	59	78.04	115
Iteration: 484	55	59	75.25	104
Iteration: 485	55	59	79.63	115
Iteration: 486	55	60	75.96	115
Iteration: 487	55	58	77.26	123
Iteration: 488	55	59	77.41	109
Iteration: 489	55	60	78.14	130
Iteration: 490	55	59	78.29	120
Iteration: 491	55	60	80.35	115
Iteration: 492	55	60	76.21	121
Iteration: 493	55	59	77.71	115
Iteration: 494	55	60	77.49	114
Iteration: 495	55	60	77.83	118
Iteration: 496	55	59	78.65	119
Iteration: 497	55	55	76.82	110
Iteration: 498	55	59	80.39	108
Iteration: 499	55	59	79.25	127
