Iteration: 0	59	59	78.4	124
Iteration: 1	59	59	77.58	127
Iteration: 2	59	59	77.65	115
Iteration: 3	59	59	77.27	114
Iteration: 4	59	59	76.75	111
Iteration: 5	59	59	77.56	106
Iteration: 6	59	60	77.19	111
Iteration: 7	58	58	77.02	110
Iteration: 8	58	59	78.63	127
Iteration: 9	58	59	80.95	118
Iteration: 10	58	59	76.9	117
Iteration: 11	58	59	78.83	124
Iteration: 12	58	60	76.49	119
Iteration: 13	58	59	79.83	116
Iteration: 14	58	60	76.31	113
Iteration: 15	58	59	78.92	129
Iteration: 16	58	59	76.54	119
Iteration: 17	58	58	78.76	122
Iteration: 18	58	59	76.79	117
Iteration: 19	58	60	80.73	121
Iteration: 20	58	59	80.51	121
Iteration: 21	58	60	78.47	125
Iteration: 22	58	60	79.56	110
Iteration: 23	58	60	78.12	106
Iteration: 24	58	59	77.89	116
Iteration: 25	58	60	77.9	113
Iteration: 26	58	58	76.07	116
Iteration: 27	58	59	80.04	129
Iteration: 28	58	58	78.7	114
Iteration: 29	58	60	80.12	119
Iteration: 30	58	59	74.94	112
Iteration: 31	58	59	79.02	111
Iteration: 32	58	59	76.07	111
Iteration: 33	58	60	79.87	110
Iteration: 34	58	60	77	111
Iteration: 35	58	61	80.18	117
Iteration: 36	58	59	77.55	113
Iteration: 37	58	60	79.67	114
Iteration: 38	58	60	78.22	129
Iteration: 39	58	60	77.54	110
Iteration: 40	58	59	80.46	117
Iteration: 41	58	59	76.77	121
Iteration: 42	57	57	80.57	116
Iteration: 43	57	60	75.73	110
Iteration: 44	57	60	79.63	112
Iteration: 45	57	60	76.78	105
Iteration: 46	57	59	76.94	122
Iteration: 47	57	60	80.17	140
Iteration: 48	57	59	76.58	118
Iteration: 49	57	58	75.73	107
Iteration: 50	57	60	78.15	116
Iteration: 51	57	60	77.72	122
Iteration: 52	57	59	77.17	128
Iteration: 53	57	60	77.6	106
Iteration: 54	57	59	78.45	117
Iteration: 55	57	59	77.79	116
Iteration: 56	57	59	77.09	113
Iteration: 57	57	60	78.3	107
Iteration: 58	57	59	76.93	119
Iteration: 59	57	60	77.24	109
Iteration: 60	57	60	78.21	125
Iteration: 61	57	59	80.97	117
Iteration: 62	57	59	83.05	126
Iteration: 63	57	60	76.75	115
Iteration: 64	57	60	78.04	114
Iteration: 65	57	59	78.02	116
Iteration: 66	57	62	79.38	117
Iteration: 67	57	60	78.65	119
Iteration: 68	57	59	79.43	115
Iteration: 69	57	59	77.92	115
Iteration: 70	57	60	80.91	114
Iteration: 71	57	61	81.94	111
Iteration: 72	57	59	79.32	117
Iteration: 73	57	59	77.56	126
Iteration: 74	57	58	78	114
Iteration: 75	57	59	77.92	125
Iteration: 76	57	60	80.85	111
Iteration: 77	57	59	76.77	105
Iteration: 78	57	60	78.14	126
Iteration: 79	57	60	77.58	110
Iteration: 80	57	60	77.14	125
Iteration: 81	57	60	77.94	110
Iteration: 82	57	59	79.17	119
Iteration: 83	57	60	77.7	115
Iteration: 84	57	59	78.04	112
Iteration: 85	57	59	77.88	120
Iteration: 86	57	57	81.07	113
Iteration: 87	57	60	78.67	108
Iteration: 88	57	59	80.81	124
Iteration: 89	57	60	77.1	102
Iteration: 90	57	60	77.14	108
Iteration: 91	57	60	76.37	113
Iteration: 92	57	59	78.07	118
Iteration: 93	57	60	78.32	122
Iteration: 94	57	60	79.18	125
Iteration: 95	57	60	79.18	124
Iteration: 96	57	59	76.86	118
Iteration: 97	57	59	78.68	111
Iteration: 98	57	60	78.32	118
Iteration: 99	57	59	76.89	108
Iteration: 100	57	57	78.09	109
Iteration: 101	57	59	79.49	117
Iteration: 102	57	59	77.65	114
Iteration: 103	57	59	77.72	114
Iteration: 104	57	59	78.2	116
Iteration: 105	57	60	81.12	122
Iteration: 106	57	58	80.23	128
Iteration: 107	57	59	76.68	120
Iteration: 108	57	60	78.28	111
Iteration: 109	57	60	78.27	120
Iteration: 110	57	60	78.63	129
Iteration: 111	57	59	78.72	120
Iteration: 112	57	60	79.08	118
Iteration: 113	57	60	78.32	116
Iteration: 114	57	59	75.71	120
Iteration: 115	57	59	77	110
Iteration: 116	57	60	78.36	120
Iteration: 117	57	59	79.24	119
Iteration: 118	57	60	76.47	113
Iteration: 119	57	59	79.71	131
Iteration: 120	57	59	80.59	125
Iteration: 121	57	59	77.51	110
Iteration: 122	57	60	79.6	131
Iteration: 123	57	59	76.4	109
Iteration: 124	57	59	78.29	126
Iteration: 125	57	62	78.82	115
Iteration: 126	57	60	78.08	112
Iteration: 127	57	60	78.7	116
Iteration: 128	57	60	79.45	117
Iteration: 129	57	60	81.62	131
Iteration: 130	57	60	77.87	110
Iteration: 131	57	59	79.16	118
Iteration: 132	57	57	79.37	116
Iteration: 133	57	60	77.51	115
Iteration: 134	57	60	78.73	131
Iteration: 135	57	59	78.39	112
Iteration: 136	57	60	75.83	103
Iteration: 137	57	60	78	126
Iteration: 138	57	59	77.11	113
Iteration: 139	57	59	75.67	119
Iteration: 140	57	59	78.96	114
Iteration: 141	57	59	79.05	113
Iteration: 142	57	59	76.74	121
Iteration: 143	57	60	78.92	134
Iteration: 144	57	59	80.57	128
Iteration: 145	57	59	77.74	120
Iteration: 146	57	60	77.27	128
Iteration: 147	57	59	76.85	112
Iteration: 148	57	59	79.16	118
Iteration: 149	57	60	78.54	113
Iteration: 150	57	60	78.07	119
Iteration: 151	57	60	76.16	119
Iteration: 152	57	59	78	114
Iteration: 153	57	60	76.72	110
Iteration: 154	57	59	76.98	122
Iteration: 155	57	60	79.88	117
Iteration: 156	57	60	77.76	126
Iteration: 157	57	59	78.81	123
Iteration: 158	57	59	77.24	113
Iteration: 159	57	59	78.4	119
Iteration: 160	57	59	77.63	118
Iteration: 161	57	60	77.24	107
Iteration: 162	57	58	77.53	105
Iteration: 163	57	60	77.99	128
Iteration: 164	57	60	77.84	120
Iteration: 165	57	60	75.75	107
Iteration: 166	57	59	76.47	116
Iteration: 167	57	59	75.88	112
Iteration: 168	57	58	77.71	114
Iteration: 169	57	60	79.38	127
Iteration: 170	57	60	79.1	121
Iteration: 171	57	59	77.11	105
Iteration: 172	57	59	79.42	119
Iteration: 173	57	59	78.93	116
Iteration: 174	57	60	79.5	116
Iteration: 175	57	59	77.45	110
Iteration: 176	57	60	77.96	122
Iteration: 177	57	60	79.13	112
Iteration: 178	57	59	77.93	116
Iteration: 179	57	59	77.74	135
Iteration: 180	57	59	78.37	112
Iteration: 181	57	59	78.57	113
Iteration: 182	57	59	77.99	119
Iteration: 183	57	58	76.72	120
Iteration: 184	57	59	78.76	115
Iteration: 185	57	59	76.88	111
Iteration: 186	57	60	78.28	122
Iteration: 187	57	60	78.48	120
Iteration: 188	57	59	78.31	117
Iteration: 189	57	58	78.09	117
Iteration: 190	57	60	77.88	123
Iteration: 191	57	59	77.98	124
Iteration: 192	57	60	79.42	123
Iteration: 193	57	59	79.52	120
Iteration: 194	57	59	79.7	128
Iteration: 195	57	59	78.61	141
Iteration: 196	57	59	78.9	125
Iteration: 197	57	60	78.66	137
Iteration: 198	57	59	79.23	115
Iteration: 199	57	60	78.58	121
Iteration: 200	57	59	80.04	118
Iteration: 201	57	60	75.96	110
Iteration: 202	57	60	77.76	129
Iteration: 203	57	59	76.79	120
Iteration: 204	57	59	78.65	130
Iteration: 205	57	59	77.14	109
Iteration: 206	57	59	77.93	113
Iteration: 207	57	60	78.79	117
Iteration: 208	57	59	76.67	124
Iteration: 209	57	59	77.66	108
Iteration: 210	57	60	79.55	118
Iteration: 211	57	59	77.16	119
Iteration: 212	57	59	78.23	134
Iteration: 213	57	61	78.52	125
Iteration: 214	57	59	77.17	120
Iteration: 215	57	60	77.37	112
Iteration: 216	57	60	78.43	118
Iteration: 217	57	59	78.74	119
Iteration: 218	57	60	80.46	112
Iteration: 219	57	59	79.01	115
Iteration: 220	57	59	76.66	118
Iteration: 221	57	60	78.5	124
Iteration: 222	57	60	78.35	115
Iteration: 223	57	60	79.1	118
Iteration: 224	57	57	76.7	123
Iteration: 225	57	60	77.3	107
Iteration: 226	57	60	78.25	117
Iteration: 227	57	59	77.95	124
Iteration: 228	57	60	79.53	118
Iteration: 229	57	59	78.67	126
Iteration: 230	57	59	78.53	120
Iteration: 231	57	59	78.88	113
Iteration: 232	57	60	76.88	122
Iteration: 233	57	59	77.11	118
Iteration: 234	57	59	78.43	119
Iteration: 235	57	60	78.68	122
Iteration: 236	57	60	77.94	107
Iteration: 237	57	60	78.4	105
Iteration: 238	57	59	77.69	116
Iteration: 239	57	59	78.41	114
Iteration: 240	57	60	81.03	116
Iteration: 241	57	59	77.74	121
Iteration: 242	57	60	80.39	122
Iteration: 243	57	60	78.51	131
Iteration: 244	57	60	79.66	114
Iteration: 245	57	59	77.39	115
Iteration: 246	57	57	77.54	119
Iteration: 247	57	59	77.49	111
Iteration: 248	57	59	78.32	120
Iteration: 249	57	59	79.23	114
Iteration: 250	57	59	77.5	119
Iteration: 251	57	59	78.06	118
Iteration: 252	57	60	80.96	111
Iteration: 253	57	59	80.03	120
Iteration: 254	57	59	79.37	118
Iteration: 255	57	59	77.47	114
Iteration: 256	57	58	79.82	117
Iteration: 257	57	59	78.41	114
Iteration: 258	57	60	80.03	128
Iteration: 259	57	60	79.28	125
Iteration: 260	57	59	78.92	132
Iteration: 261	57	60	79.04	121
Iteration: 262	57	60	79.58	122
Iteration: 263	57	60	77.91	121
Iteration: 264	57	59	79.27	113
Iteration: 265	57	59	78.83	116
Iteration: 266	57	60	76.56	121
Iteration: 267	57	60	79.2	114
Iteration: 268	57	60	76.25	127
Iteration: 269	57	60	79.15	121
Iteration: 270	57	59	79.4	121
Iteration: 271	57	59	75.82	109
Iteration: 272	57	59	76.87	109
Iteration: 273	57	60	76.56	111
Iteration: 274	57	60	79.21	113
Iteration: 275	57	60	76.87	100
Iteration: 276	57	60	79.85	122
Iteration: 277	57	60	77.62	114
Iteration: 278	57	59	79.57	109
Iteration: 279	57	60	79.42	126
Iteration: 280	57	59	79.35	115
Iteration: 281	57	59	78.97	124
Iteration: 282	56	56	78.78	114
Iteration: 283	56	59	78.45	115
Iteration: 284	56	60	77.26	128
Iteration: 285	56	59	79.36	118
Iteration: 286	56	61	78.37	110
Iteration: 287	56	59	78.29	108
Iteration: 288	56	60	79.17	131
Iteration: 289	56	59	79.84	123
Iteration: 290	56	60	76.67	115
Iteration: 291	56	60	79.04	111
Iteration: 292	56	59	76.83	119
Iteration: 293	56	60	78.94	110
Iteration: 294	56	59	78.63	123
Iteration: 295	56	60	79.98	118
Iteration: 296	56	59	79.09	112
Iteration: 297	56	59	77.33	120
Iteration: 298	56	60	79.47	116
Iteration: 299	56	59	79.4	118
Iteration: 300	56	59	77.21	118
Iteration: 301	56	60	79.41	103
Iteration: 302	56	59	79.62	116
Iteration: 303	56	60	78.73	119
Iteration: 304	56	59	80.96	112
Iteration: 305	56	59	79.61	118
Iteration: 306	56	61	78.75	128
Iteration: 307	56	60	80.03	122
Iteration: 308	56	59	79	131
Iteration: 309	56	59	79.83	121
Iteration: 310	56	56	76.37	102
Iteration: 311	56	59	79.81	117
Iteration: 312	56	59	78.52	124
Iteration: 313	56	60	76.94	120
Iteration: 314	56	59	75.91	123
Iteration: 315	56	59	76.25	108
Iteration: 316	56	60	80.65	118
Iteration: 317	56	60	78.77	117
Iteration: 318	56	59	78.23	105
Iteration: 319	56	60	77.84	111
Iteration: 320	56	59	80.72	126
Iteration: 321	56	59	78.2	114
Iteration: 322	56	60	77.62	117
Iteration: 323	56	60	78.28	109
Iteration: 324	56	60	79.57	128
Iteration: 325	56	59	76.31	104
Iteration: 326	56	59	78.92	110
Iteration: 327	56	59	76.64	102
Iteration: 328	56	58	78.44	116
Iteration: 329	56	60	78.74	117
Iteration: 330	56	61	80.52	122
Iteration: 331	56	59	78.59	114
Iteration: 332	56	57	77.24	102
Iteration: 333	56	59	76.68	121
Iteration: 334	56	60	75.75	114
Iteration: 335	56	59	78.79	113
Iteration: 336	56	60	80.02	123
Iteration: 337	56	59	79.83	125
Iteration: 338	56	60	76.87	114
Iteration: 339	56	59	77.96	108
Iteration: 340	56	60	78.67	106
Iteration: 341	56	59	80.03	115
Iteration: 342	56	60	77.81	113
Iteration: 343	56	60	77.53	109
Iteration: 344	56	59	76.49	116
Iteration: 345	56	59	76.55	113
Iteration: 346	56	60	77.07	119
Iteration: 347	56	57	78.86	123
Iteration: 348	56	60	80.39	114
Iteration: 349	56	59	77.16	128
Iteration: 350	56	59	76.94	128
Iteration: 351	56	59	77.34	112
Iteration: 352	56	59	79.7	114
Iteration: 353	56	60	77.57	112
Iteration: 354	56	60	80.23	121
Iteration: 355	56	59	78.9	123
Iteration: 356	56	59	78.49	123
Iteration: 357	56	59	75.9	111
Iteration: 358	56	59	78.64	116
Iteration: 359	56	59	79.36	126
Iteration: 360	56	61	78.38	116
Iteration: 361	56	60	78.28	111
Iteration: 362	56	60	80.37	114
Iteration: 363	56	59	79.38	115
Iteration: 364	56	60	78.15	109
Iteration: 365	56	59	77.44	116
Iteration: 366	56	58	77.49	129
Iteration: 367	56	58	78.39	128
Iteration: 368	56	59	75.95	108
Iteration: 369	56	60	78.39	112
Iteration: 370	56	60	76.96	111
Iteration: 371	56	60	77.52	112
Iteration: 372	56	60	78.62	116
Iteration: 373	56	61	77.75	122
Iteration: 374	56	60	77.98	126
Iteration: 375	56	59	77.2	123
Iteration: 376	56	60	78.7	116
Iteration: 377	56	59	76.48	119
Iteration: 378	56	59	79.25	116
Iteration: 379	56	59	75.48	118
Iteration: 380	56	58	77.37	114
Iteration: 381	56	60	76.17	110
Iteration: 382	56	61	79.83	121
Iteration: 383	56	60	80.07	128
Iteration: 384	56	60	79.3	121
Iteration: 385	56	59	79.7	120
Iteration: 386	56	60	77.94	125
Iteration: 387	56	60	78.5	116
Iteration: 388	56	60	77.33	112
Iteration: 389	56	59	77.57	118
Iteration: 390	56	60	78.68	112
Iteration: 391	56	60	78.06	113
Iteration: 392	56	59	78.67	127
Iteration: 393	56	59	80.9	110
Iteration: 394	56	60	80.29	134
Iteration: 395	56	60	81.01	122
Iteration: 396	56	60	79.25	112
Iteration: 397	56	60	77.54	109
Iteration: 398	56	59	78.58	115
Iteration: 399	56	60	78.5	117
Iteration: 400	56	59	78.13	113
Iteration: 401	56	60	77.79	121
Iteration: 402	56	60	77.89	105
Iteration: 403	56	60	78.52	112
Iteration: 404	56	59	75.46	114
Iteration: 405	56	59	76.98	120
Iteration: 406	56	59	77.05	112
Iteration: 407	56	59	78.32	113
Iteration: 408	56	60	78.8	125
Iteration: 409	56	59	79.73	109
Iteration: 410	56	59	79.29	131
Iteration: 411	56	59	78.11	113
Iteration: 412	56	59	79.12	107
Iteration: 413	56	60	78.62	122
Iteration: 414	56	59	77.97	123
Iteration: 415	56	60	79.14	122
Iteration: 416	56	59	75.22	104
Iteration: 417	56	59	76.52	112
Iteration: 418	56	60	78.37	107
Iteration: 419	56	59	76.84	121
Iteration: 420	56	59	76.21	119
Iteration: 421	56	58	80.05	118
Iteration: 422	56	59	80.22	121
Iteration: 423	56	61	80.91	115
Iteration: 424	56	59	78.21	122
Iteration: 425	56	60	78.89	135
Iteration: 426	55	55	78	115
Iteration: 427	55	58	79.2	108
Iteration: 428	55	59	75.63	126
Iteration: 429	55	59	77.2	118
Iteration: 430	55	60	79.65	119
Iteration: 431	55	59	77.29	110
Iteration: 432	55	59	77.19	124
Iteration: 433	55	59	76.38	114
Iteration: 434	55	59	77.26	124
Iteration: 435	55	57	76.57	104
Iteration: 436	55	59	79.12	118
Iteration: 437	55	60	78.34	123
Iteration: 438	55	60	79.44	122
Iteration: 439	55	58	77.36	108
Iteration: 440	55	60	77.45	127
Iteration: 441	55	56	80.58	114
Iteration: 442	55	59	82.59	123
Iteration: 443	55	59	77.68	115
Iteration: 444	55	58	76.54	127
Iteration: 445	55	59	76.46	127
Iteration: 446	55	59	77.59	111
Iteration: 447	55	60	78.5	120
Iteration: 448	55	60	76.56	128
Iteration: 449	55	60	78.18	120
Iteration: 450	55	59	79.59	128
Iteration: 451	55	59	77.94	113
Iteration: 452	55	58	79.09	131
Iteration: 453	55	59	77.19	113
Iteration: 454	55	58	77.82	118
Iteration: 455	55	60	78.45	107
Iteration: 456	55	59	77.26	117
Iteration: 457	55	59	79.92	118
Iteration: 458	55	60	80.7	116
Iteration: 459	55	59	77.45	108
Iteration: 460	55	60	77.9	112
Iteration: 461	55	59	79.39	112
Iteration: 462	55	58	76.57	112
Iteration: 463	55	60	79.01	115
Iteration: 464	55	57	76.57	107
Iteration: 465	55	59	76.41	129
Iteration: 466	55	59	78.13	115
Iteration: 467	55	60	81.32	117
Iteration: 468	55	60	78.51	118
Iteration: 469	55	60	76.37	125
Iteration: 470	55	59	77.7	117
Iteration: 471	55	59	76.88	118
Iteration: 472	55	56	77.7	107
Iteration: 473	55	59	79.3	123
Iteration: 474	55	60	80.84	120
Iteration: 475	55	60	76.73	111
Iteration: 476	55	59	79.24	118
Iteration: 477	55	59	77.5	117
Iteration: 478	55	60	77.25	115
Iteration: 479	55	59	77.43	112
Iteration: 480	55	59	80.46	121
Iteration: 481	55	60	78.71	111
Iteration: 482	55	59	78.27	115
Iteration: 483	55	59	79.14	124
Iteration: 484	55	60	78.73	111
Iteration: 485	55	59	77.99	123
Iteration: 486	55	60	79.28	111
Iteration: 487	55	58	78.52	123
Iteration: 488	55	59	77.94	108
Iteration: 489	55	58	78.04	112
Iteration: 490	55	59	76.23	113
Iteration: 491	55	60	79.82	129
Iteration: 492	55	60	78.35	114
Iteration: 493	55	59	78.31	125
Iteration: 494	55	59	77.45	111
Iteration: 495	55	60	77.13	124
Iteration: 496	55	58	79.88	118
Iteration: 497	55	60	77.06	114
Iteration: 498	55	59	77.68	110
Iteration: 499	55	57	78.5	117
