Iteration: 0	60	60	78.7	120
Iteration: 1	60	60	79.98	131
Iteration: 2	59	59	78.25	115
Iteration: 3	59	60	78.44	117
Iteration: 4	59	59	76.54	118
Iteration: 5	59	59	78.16	109
Iteration: 6	59	60	77.01	116
Iteration: 7	59	59	79.78	112
Iteration: 8	59	59	75.85	112
Iteration: 9	59	61	77.96	115
Iteration: 10	59	59	74.74	107
Iteration: 11	59	60	77.99	121
Iteration: 12	59	59	77.38	124
Iteration: 13	56	56	76.98	112
Iteration: 14	56	59	79.17	111
Iteration: 15	56	59	77.2	125
Iteration: 16	56	59	77.24	110
Iteration: 17	56	60	79.16	131
Iteration: 18	56	59	79.79	124
Iteration: 19	56	60	77.84	111
Iteration: 20	56	60	81.37	115
Iteration: 21	56	57	75.13	110
Iteration: 22	56	60	78.64	112
Iteration: 23	56	59	77.61	126
Iteration: 24	56	60	76.15	120
Iteration: 25	56	59	78.33	119
Iteration: 26	56	59	79.77	118
Iteration: 27	56	60	79.26	119
Iteration: 28	56	59	78.89	118
Iteration: 29	56	60	78.11	115
Iteration: 30	56	60	77.22	118
Iteration: 31	56	60	77.93	123
Iteration: 32	56	59	79.1	113
Iteration: 33	56	59	76.02	120
Iteration: 34	56	59	77.85	126
Iteration: 35	56	60	77.79	115
Iteration: 36	56	59	78.76	115
Iteration: 37	56	60	77.37	107
Iteration: 38	56	59	77.65	122
Iteration: 39	56	60	79.18	127
Iteration: 40	56	60	78.89	122
Iteration: 41	56	59	78.63	114
Iteration: 42	56	60	79.72	117
Iteration: 43	56	59	75.15	119
Iteration: 44	56	60	77.8	109
Iteration: 45	56	59	79.55	122
Iteration: 46	56	59	78.06	114
Iteration: 47	56	59	77.75	120
Iteration: 48	56	59	76.36	113
Iteration: 49	56	60	77.28	107
Iteration: 50	56	60	80.29	119
Iteration: 51	56	60	77.37	111
Iteration: 52	56	60	79.14	109
Iteration: 53	56	59	76.79	120
Iteration: 54	56	60	80.26	124
Iteration: 55	56	59	75.92	126
Iteration: 56	56	61	78.54	115
Iteration: 57	56	60	78.48	109
Iteration: 58	56	59	77.73	109
Iteration: 59	56	60	80.01	127
Iteration: 60	56	60	79.18	108
Iteration: 61	56	60	77.92	113
Iteration: 62	56	59	77.11	104
Iteration: 63	56	59	79.51	121
Iteration: 64	56	60	75.28	126
Iteration: 65	55	55	76.97	109
Iteration: 66	55	60	78.4	115
Iteration: 67	55	59	79.7	119
Iteration: 68	55	59	80.58	122
Iteration: 69	55	59	77.8	123
Iteration: 70	55	59	78.57	117
Iteration: 71	55	60	78.33	134
Iteration: 72	55	59	79.15	107
Iteration: 73	55	59	79.63	118
Iteration: 74	55	59	78.35	117
Iteration: 75	55	56	77.39	123
Iteration: 76	55	59	78.59	123
Iteration: 77	55	59	79.16	125
Iteration: 78	55	59	77.32	120
Iteration: 79	55	57	77.54	115
Iteration: 80	55	59	77.99	106
Iteration: 81	55	60	77.99	113
Iteration: 82	55	60	77.79	110
Iteration: 83	55	59	78.3	122
Iteration: 84	55	60	79.22	109
Iteration: 85	55	56	77.88	117
Iteration: 86	55	58	79.45	133
Iteration: 87	55	60	78.42	121
Iteration: 88	55	61	78.35	108
Iteration: 89	55	59	76.54	106
Iteration: 90	55	59	79.52	115
Iteration: 91	55	60	76.92	120
Iteration: 92	55	60	78.89	117
Iteration: 93	55	59	78.22	116
Iteration: 94	55	59	76.95	112
Iteration: 95	55	60	77.9	114
Iteration: 96	55	59	78.87	115
Iteration: 97	55	59	79.67	114
Iteration: 98	55	59	78.97	106
Iteration: 99	55	59	75.21	101
Iteration: 100	55	60	80.28	125
Iteration: 101	55	59	78.93	125
Iteration: 102	55	61	80.79	113
Iteration: 103	55	60	79.39	114
Iteration: 104	55	57	77.15	117
Iteration: 105	55	60	80.28	112
Iteration: 106	55	60	77.13	118
Iteration: 107	55	59	77.34	110
Iteration: 108	55	60	76.81	115
Iteration: 109	55	59	78.44	115
Iteration: 110	55	60	78.34	119
Iteration: 111	55	60	77.82	106
Iteration: 112	55	59	78.18	115
Iteration: 113	55	61	77.01	131
Iteration: 114	55	58	75.92	124
Iteration: 115	55	58	78.09	115
Iteration: 116	55	60	78.29	120
Iteration: 117	55	59	78.56	121
Iteration: 118	55	60	80.87	129
Iteration: 119	55	60	78.71	121
Iteration: 120	55	59	78.2	118
Iteration: 121	55	59	77.85	123
Iteration: 122	55	59	75.46	111
Iteration: 123	55	60	82.09	139
Iteration: 124	55	59	77.26	116
Iteration: 125	55	60	79.45	111
Iteration: 126	55	60	79.47	117
Iteration: 127	55	60	80.22	120
Iteration: 128	55	61	78.28	111
Iteration: 129	55	60	77.52	113
Iteration: 130	55	59	78.69	125
Iteration: 131	55	60	79	111
Iteration: 132	55	59	78.06	114
Iteration: 133	55	60	78.71	113
Iteration: 134	55	58	77.72	117
Iteration: 135	55	60	79.64	121
Iteration: 136	55	58	77.76	106
Iteration: 137	55	60	77.89	119
Iteration: 138	55	60	76.65	109
Iteration: 139	55	59	77.44	115
Iteration: 140	55	60	80.26	116
Iteration: 141	55	60	76.59	117
Iteration: 142	55	59	78.59	120
Iteration: 143	55	59	77.85	104
Iteration: 144	55	60	78.72	118
Iteration: 145	55	59	79.5	118
Iteration: 146	55	59	79.57	134
Iteration: 147	55	60	78.06	118
Iteration: 148	55	59	78.41	119
Iteration: 149	55	59	78.13	109
Iteration: 150	55	59	78.22	118
Iteration: 151	55	60	79.16	110
Iteration: 152	55	59	78.32	108
Iteration: 153	55	60	76.39	119
Iteration: 154	55	59	76.5	125
Iteration: 155	55	60	79.77	128
Iteration: 156	55	60	78.96	116
Iteration: 157	55	60	77.5	119
Iteration: 158	55	59	77.85	120
Iteration: 159	55	59	77.84	120
Iteration: 160	55	59	77.16	118
Iteration: 161	55	60	77.67	111
Iteration: 162	55	59	76.6	119
Iteration: 163	55	60	79.07	121
Iteration: 164	55	60	78.8	126
Iteration: 165	55	59	75.5	103
Iteration: 166	55	59	79.41	126
Iteration: 167	55	60	77.51	114
Iteration: 168	55	60	77.04	111
Iteration: 169	55	59	76.81	124
Iteration: 170	55	60	79.66	119
Iteration: 171	55	58	78.49	119
Iteration: 172	55	59	78.49	117
Iteration: 173	55	58	78.8	115
Iteration: 174	55	59	77.7	115
Iteration: 175	55	59	76.56	107
Iteration: 176	55	59	76.84	114
Iteration: 177	55	59	79.28	115
Iteration: 178	55	59	76.8	122
Iteration: 179	55	59	78.59	115
Iteration: 180	55	60	80.34	123
Iteration: 181	55	60	76.29	118
Iteration: 182	55	57	78.28	130
Iteration: 183	55	59	77.71	119
Iteration: 184	55	60	82.44	116
Iteration: 185	55	59	77.54	117
Iteration: 186	55	59	78.53	125
Iteration: 187	55	59	78.58	116
Iteration: 188	55	60	78.65	131
Iteration: 189	55	59	77.69	116
Iteration: 190	55	59	77.46	105
Iteration: 191	55	59	78.51	115
Iteration: 192	55	60	78.57	110
Iteration: 193	55	59	76.51	111
Iteration: 194	55	59	79.58	128
Iteration: 195	55	59	78.63	114
Iteration: 196	55	57	78.93	112
Iteration: 197	55	59	76.35	120
Iteration: 198	55	59	80.61	122
Iteration: 199	55	59	77.98	121
Iteration: 200	55	61	79.58	113
Iteration: 201	55	59	79.06	108
Iteration: 202	55	60	76.77	116
Iteration: 203	55	59	79.2	121
Iteration: 204	55	60	79.73	113
Iteration: 205	55	59	78.76	117
Iteration: 206	55	57	78.49	121
Iteration: 207	55	59	77.88	115
Iteration: 208	55	60	78.8	120
Iteration: 209	55	61	77.63	120
Iteration: 210	55	60	79.64	119
Iteration: 211	55	59	78.59	118
Iteration: 212	55	59	79.02	113
Iteration: 213	55	60	78.17	124
Iteration: 214	55	59	81.07	118
Iteration: 215	55	60	76.63	118
Iteration: 216	55	58	78.83	113
Iteration: 217	55	60	78.56	122
Iteration: 218	55	60	76.29	118
Iteration: 219	55	60	77.72	118
Iteration: 220	55	59	79.82	111
Iteration: 221	55	59	77.11	100
Iteration: 222	55	59	78	112
Iteration: 223	55	59	78.09	102
Iteration: 224	55	58	78.32	112
Iteration: 225	55	60	78.78	122
Iteration: 226	55	59	78.48	116
Iteration: 227	55	59	77.29	122
Iteration: 228	55	60	80.82	113
Iteration: 229	55	60	79.38	122
Iteration: 230	55	59	79.05	120
Iteration: 231	55	60	80.27	121
Iteration: 232	55	59	78.71	120
Iteration: 233	55	60	77.57	114
Iteration: 234	55	59	77.9	111
Iteration: 235	55	60	78.91	116
Iteration: 236	55	59	78.73	110
Iteration: 237	55	59	79.46	125
Iteration: 238	55	59	79.59	116
Iteration: 239	55	59	76.39	118
Iteration: 240	55	60	77.5	113
Iteration: 241	55	59	78.17	111
Iteration: 242	55	58	80.15	112
Iteration: 243	55	60	78.84	116
Iteration: 244	55	59	79.14	107
Iteration: 245	55	60	78.11	125
Iteration: 246	55	58	77.96	120
Iteration: 247	55	60	80.47	115
Iteration: 248	55	59	78.73	114
Iteration: 249	55	60	80.94	116
Iteration: 250	55	60	78.33	135
Iteration: 251	55	59	78.91	118
Iteration: 252	55	60	78.32	117
Iteration: 253	55	59	78.48	122
Iteration: 254	55	59	79.52	115
Iteration: 255	55	59	76.9	109
Iteration: 256	55	59	77.93	115
Iteration: 257	55	59	78.04	128
Iteration: 258	55	60	80.62	139
Iteration: 259	55	60	78.9	116
Iteration: 260	55	60	77.8	119
Iteration: 261	55	59	79.43	121
Iteration: 262	55	60	77.88	111
Iteration: 263	55	58	77.18	114
Iteration: 264	55	59	78.14	109
Iteration: 265	55	60	78.17	118
Iteration: 266	55	59	78.82	116
Iteration: 267	55	59	80.08	114
Iteration: 268	55	60	75.9	110
Iteration: 269	55	59	77.79	109
Iteration: 270	55	60	79.69	125
Iteration: 271	55	60	78.51	118
Iteration: 272	55	60	78.33	132
Iteration: 273	55	60	78.47	118
Iteration: 274	55	60	78.11	118
Iteration: 275	55	59	77.64	125
Iteration: 276	55	59	79.18	121
Iteration: 277	55	58	78.3	124
Iteration: 278	55	60	78	111
Iteration: 279	55	59	77.46	112
Iteration: 280	55	57	77.58	112
Iteration: 281	55	60	79.38	115
Iteration: 282	55	59	77.99	111
Iteration: 283	55	59	78.39	112
Iteration: 284	55	59	77.53	108
Iteration: 285	55	59	79.13	108
Iteration: 286	55	59	77.92	114
Iteration: 287	55	61	81.06	126
Iteration: 288	55	60	77.28	110
Iteration: 289	55	58	78.36	111
Iteration: 290	55	59	76.68	118
Iteration: 291	55	59	76.37	121
Iteration: 292	55	59	77.74	118
Iteration: 293	55	60	79.15	125
Iteration: 294	55	60	77.08	107
Iteration: 295	55	59	77.14	111
Iteration: 296	55	59	78.49	120
Iteration: 297	55	60	78.28	112
Iteration: 298	55	59	79.09	127
Iteration: 299	55	60	80.27	121
Iteration: 300	55	60	76.32	111
Iteration: 301	55	60	79.23	126
Iteration: 302	55	59	78.51	125
Iteration: 303	55	60	80.4	128
Iteration: 304	55	60	76.48	117
Iteration: 305	55	60	79.51	110
Iteration: 306	55	60	77.04	122
Iteration: 307	55	60	77.93	116
Iteration: 308	55	59	78.8	118
Iteration: 309	55	60	75.98	116
Iteration: 310	55	60	77.06	119
Iteration: 311	55	59	77.83	107
Iteration: 312	55	60	78.73	110
Iteration: 313	55	60	78.21	126
Iteration: 314	55	59	79.35	117
Iteration: 315	55	60	81.41	132
Iteration: 316	55	60	78.37	112
Iteration: 317	55	60	78.89	116
Iteration: 318	55	60	76.67	108
Iteration: 319	55	59	77.35	125
Iteration: 320	55	60	79.62	113
Iteration: 321	55	59	77.32	116
Iteration: 322	55	60	77.92	120
Iteration: 323	55	59	78.34	114
Iteration: 324	55	60	79.61	124
Iteration: 325	55	59	76.89	118
Iteration: 326	55	58	78.36	120
Iteration: 327	55	59	77.39	107
Iteration: 328	55	60	80.48	125
Iteration: 329	55	59	77.69	117
Iteration: 330	55	60	78.94	118
Iteration: 331	55	60	77.41	110
Iteration: 332	55	60	77.01	110
Iteration: 333	55	60	78.2	113
Iteration: 334	55	59	77.16	119
Iteration: 335	55	60	79.27	115
Iteration: 336	55	59	78.08	119
Iteration: 337	55	59	75.89	136
Iteration: 338	55	59	79.41	125
Iteration: 339	55	59	76.16	109
Iteration: 340	55	60	79.13	123
Iteration: 341	55	60	76.71	117
Iteration: 342	55	60	76.96	109
Iteration: 343	55	60	78.75	111
Iteration: 344	55	59	79.03	119
Iteration: 345	55	59	76.38	107
Iteration: 346	55	57	80.01	117
Iteration: 347	55	60	78.55	122
Iteration: 348	55	59	76.07	117
Iteration: 349	55	60	79.5	126
Iteration: 350	55	60	78.6	113
Iteration: 351	55	59	79.39	113
Iteration: 352	55	59	78.13	117
Iteration: 353	55	60	77.93	110
Iteration: 354	55	59	80.27	118
Iteration: 355	55	59	79.43	111
Iteration: 356	55	58	77.73	112
Iteration: 357	55	60	77.49	104
Iteration: 358	55	60	80.11	112
Iteration: 359	55	59	80.9	121
Iteration: 360	55	59	77.96	115
Iteration: 361	55	60	77.55	115
Iteration: 362	55	60	80.71	121
Iteration: 363	55	59	78.98	108
Iteration: 364	55	59	78.15	111
Iteration: 365	55	60	78.23	110
Iteration: 366	55	60	79.41	113
Iteration: 367	55	60	76.77	119
Iteration: 368	55	59	78.38	111
Iteration: 369	55	60	78.91	113
Iteration: 370	55	59	78.39	119
Iteration: 371	55	60	77.42	129
Iteration: 372	55	59	78.89	116
Iteration: 373	55	60	78.95	141
Iteration: 374	55	60	81.14	112
Iteration: 375	55	58	76.81	111
Iteration: 376	55	59	79.39	112
Iteration: 377	55	59	75.03	112
Iteration: 378	55	60	78.39	111
Iteration: 379	55	61	79.57	124
Iteration: 380	55	59	79.92	119
Iteration: 381	55	60	78.88	129
Iteration: 382	55	59	77.92	112
Iteration: 383	55	59	78.33	116
Iteration: 384	55	60	76.63	120
Iteration: 385	55	59	79.78	127
Iteration: 386	55	60	78.67	112
Iteration: 387	55	60	78.88	123
Iteration: 388	55	60	78.33	117
Iteration: 389	55	60	77.25	118
Iteration: 390	55	59	76.98	107
Iteration: 391	55	59	78.03	117
Iteration: 392	55	60	79.59	114
Iteration: 393	55	59	76.56	107
Iteration: 394	55	59	81.75	108
Iteration: 395	55	60	77.46	120
Iteration: 396	55	60	79.88	109
Iteration: 397	55	59	80.92	121
Iteration: 398	55	60	77.86	125
Iteration: 399	55	60	80.79	121
Iteration: 400	55	60	76.56	106
Iteration: 401	55	60	78.27	122
Iteration: 402	55	60	76.66	117
Iteration: 403	55	60	76.47	105
Iteration: 404	55	60	78.91	116
Iteration: 405	55	59	79.9	126
Iteration: 406	55	60	80.42	114
Iteration: 407	55	59	76.48	108
Iteration: 408	55	59	77.46	115
Iteration: 409	55	59	75.97	108
Iteration: 410	55	59	77.26	105
Iteration: 411	55	60	78.6	115
Iteration: 412	55	59	78.24	118
Iteration: 413	55	60	79.12	112
Iteration: 414	55	60	77.71	122
Iteration: 415	55	59	79.01	110
Iteration: 416	55	59	79.05	117
Iteration: 417	55	59	79.04	114
Iteration: 418	55	59	78.12	117
Iteration: 419	55	59	78.96	123
Iteration: 420	55	60	76.2	118
Iteration: 421	55	60	77.77	117
Iteration: 422	55	60	81.01	116
Iteration: 423	55	59	79.03	119
Iteration: 424	55	60	78.79	108
Iteration: 425	55	60	79.18	113
Iteration: 426	55	59	76.93	132
Iteration: 427	55	58	79.21	113
Iteration: 428	55	59	77.66	112
Iteration: 429	55	59	78.43	116
Iteration: 430	55	59	80.06	120
Iteration: 431	55	59	75.6	103
Iteration: 432	55	60	76.64	110
Iteration: 433	55	60	77.82	119
Iteration: 434	55	60	78.85	116
Iteration: 435	55	60	77.25	110
Iteration: 436	55	61	78.62	112
Iteration: 437	55	61	79.68	122
Iteration: 438	55	59	78.36	109
Iteration: 439	55	59	78.07	106
Iteration: 440	55	60	79.85	117
Iteration: 441	55	60	80.18	120
Iteration: 442	55	60	79.83	111
Iteration: 443	55	59	75.98	108
Iteration: 444	55	59	80	113
Iteration: 445	55	60	81.48	121
Iteration: 446	55	59	77.35	115
Iteration: 447	55	60	79.26	123
Iteration: 448	55	59	78.46	114
Iteration: 449	55	58	77.48	119
Iteration: 450	55	59	80.46	121
Iteration: 451	55	55	76.57	113
Iteration: 452	55	59	76.99	128
Iteration: 453	55	59	78.69	118
Iteration: 454	55	59	77.73	113
Iteration: 455	55	60	78.13	117
Iteration: 456	55	60	76.45	113
Iteration: 457	55	59	79.33	116
Iteration: 458	55	59	79	114
Iteration: 459	55	59	78.56	120
Iteration: 460	55	60	76.17	102
Iteration: 461	55	59	79.58	123
Iteration: 462	55	55	77.56	105
Iteration: 463	55	59	80.82	113
Iteration: 464	55	58	78.83	116
Iteration: 465	55	59	76.92	122
Iteration: 466	55	59	78.71	125
Iteration: 467	55	59	79.4	124
Iteration: 468	55	60	79.08	116
Iteration: 469	55	58	77.49	116
Iteration: 470	55	59	79.21	123
Iteration: 471	55	60	79.09	123
Iteration: 472	55	60	78.34	115
Iteration: 473	55	59	78.51	114
Iteration: 474	55	60	77.04	112
Iteration: 475	55	60	77.09	122
Iteration: 476	55	59	78.26	122
Iteration: 477	55	59	77.33	109
Iteration: 478	55	60	78.13	110
Iteration: 479	55	60	79.1	123
Iteration: 480	55	59	76.52	114
Iteration: 481	55	59	76.35	109
Iteration: 482	55	60	78.46	117
Iteration: 483	55	59	75.92	121
Iteration: 484	55	59	76.96	107
Iteration: 485	55	60	79.47	118
Iteration: 486	55	58	77.64	117
Iteration: 487	55	60	78.12	114
Iteration: 488	55	58	78.23	113
Iteration: 489	55	58	77.2	118
Iteration: 490	55	58	78.33	112
Iteration: 491	55	59	79.06	114
Iteration: 492	55	59	78.62	116
Iteration: 493	55	60	76.51	114
Iteration: 494	55	57	79.61	111
Iteration: 495	55	59	77.03	108
Iteration: 496	55	60	80.39	112
Iteration: 497	55	60	78.39	118
Iteration: 498	55	59	78.5	112
Iteration: 499	55	59	77.72	118
