Iteration: 0	57	57	78.755	121
Iteration: 1	57	60	79.73	121
Iteration: 2	57	58	78.375	116
Iteration: 3	57	60	77.965	120
Iteration: 4	57	60	75.96	126
Iteration: 5	57	60	77.25	125
Iteration: 6	57	59	78.2	117
Iteration: 7	57	60	79.275	125
Iteration: 8	57	58	78.105	126
Iteration: 9	57	59	78.29	136
Iteration: 10	57	60	78.38	129
Iteration: 11	57	60	79.24	126
Iteration: 12	57	58	77.69	114
Iteration: 13	57	59	78.76	123
Iteration: 14	57	59	78.79	118
Iteration: 15	57	59	76.64	113
Iteration: 16	57	59	77.595	119
Iteration: 17	57	59	78.815	117
Iteration: 18	57	59	78.33	118
Iteration: 19	57	59	79	127
Iteration: 20	57	59	77.12	112
Iteration: 21	57	59	78.905	115
Iteration: 22	57	59	79.125	114
Iteration: 23	57	59	79.855	112
Iteration: 24	57	59	80.1	114
Iteration: 25	57	59	79.065	113
Iteration: 26	57	58	76.715	114
Iteration: 27	57	59	77.1	122
Iteration: 28	57	57	78.835	131
Iteration: 29	57	59	78.745	118
Iteration: 30	56	56	78.06	137
Iteration: 31	56	59	79.66	121
Iteration: 32	56	60	78.26	122
Iteration: 33	56	58	76.075	123
Iteration: 34	56	58	77.46	121
Iteration: 35	56	60	78.93	123
Iteration: 36	56	59	77.77	118
Iteration: 37	56	59	78.05	120
Iteration: 38	56	59	77.59	125
Iteration: 39	56	59	79.43	120
Iteration: 40	56	59	77.2	126
Iteration: 41	56	58	77.655	120
Iteration: 42	56	59	77.06	113
Iteration: 43	56	57	77.455	124
Iteration: 44	56	60	78.17	124
Iteration: 45	56	59	77.7	118
Iteration: 46	56	60	78.87	121
Iteration: 47	56	59	77.795	120
Iteration: 48	56	59	78.44	120
Iteration: 49	56	59	78.675	125
Iteration: 50	56	59	77.4	115
Iteration: 51	56	59	76.615	114
Iteration: 52	56	59	78.445	116
Iteration: 53	56	60	78.315	117
Iteration: 54	56	60	77.86	128
Iteration: 55	56	59	76.365	109
Iteration: 56	56	59	78.485	128
Iteration: 57	56	57	78.49	132
Iteration: 58	56	59	76.805	114
Iteration: 59	56	59	77.645	122
Iteration: 60	56	59	78.665	123
Iteration: 61	56	59	78.32	141
Iteration: 62	56	57	78.495	126
Iteration: 63	56	59	78.2	128
Iteration: 64	56	60	77.685	118
Iteration: 65	56	60	79.5	120
Iteration: 66	56	59	79.03	121
Iteration: 67	56	59	78.755	120
Iteration: 68	56	59	77.815	126
Iteration: 69	56	59	78.87	126
Iteration: 70	56	59	78.755	117
Iteration: 71	56	59	77.565	118
Iteration: 72	56	59	77.51	123
Iteration: 73	56	59	78.615	110
Iteration: 74	56	59	76.155	114
Iteration: 75	56	59	78.405	119
Iteration: 76	56	59	77.805	116
Iteration: 77	56	59	79.12	123
Iteration: 78	56	60	77.235	115
Iteration: 79	56	58	77.535	121
Iteration: 80	56	59	78.505	115
Iteration: 81	56	60	78.88	111
Iteration: 82	56	57	78.615	123
Iteration: 83	56	57	77.86	118
Iteration: 84	56	59	78.82	119
Iteration: 85	56	57	77.775	118
Iteration: 86	56	56	78.225	115
Iteration: 87	56	59	80.16	132
Iteration: 88	56	59	78.175	121
Iteration: 89	56	59	79.145	119
Iteration: 90	56	58	76.095	110
Iteration: 91	56	60	79.045	121
Iteration: 92	56	59	78.235	121
Iteration: 93	56	59	80.035	121
Iteration: 94	56	59	79.265	125
Iteration: 95	56	59	79.35	117
Iteration: 96	56	59	77.58	122
Iteration: 97	56	59	79.24	115
Iteration: 98	56	59	77.32	109
Iteration: 99	56	60	77.39	116
Iteration: 100	56	59	76.85	115
Iteration: 101	56	59	78.235	120
Iteration: 102	55	55	79.66	126
Iteration: 103	55	60	78.065	109
Iteration: 104	55	59	78.69	121
Iteration: 105	55	59	77.6	128
Iteration: 106	55	58	79.54	115
Iteration: 107	55	58	78.28	118
Iteration: 108	55	59	79.675	120
Iteration: 109	55	58	78.05	122
Iteration: 110	55	59	79.105	116
Iteration: 111	55	59	78.635	119
Iteration: 112	55	60	78.68	123
Iteration: 113	55	60	75.69	118
Iteration: 114	55	59	79.66	135
Iteration: 115	55	60	80.13	120
Iteration: 116	55	59	78.775	127
Iteration: 117	55	59	77.855	118
Iteration: 118	55	59	78.985	120
Iteration: 119	55	59	76.95	121
Iteration: 120	55	59	78.795	118
Iteration: 121	55	59	78.27	116
Iteration: 122	55	59	79.56	139
Iteration: 123	55	60	79.625	131
Iteration: 124	55	59	76.34	121
Iteration: 125	55	59	77.31	119
Iteration: 126	55	59	78.32	118
Iteration: 127	55	59	78.425	121
Iteration: 128	55	59	78.34	125
Iteration: 129	55	58	77.42	116
Iteration: 130	55	59	77.705	123
Iteration: 131	55	59	78.35	133
Iteration: 132	55	59	77.905	114
Iteration: 133	55	58	76.59	126
Iteration: 134	55	57	77.61	115
Iteration: 135	55	58	79.52	121
Iteration: 136	55	59	77.535	115
Iteration: 137	55	58	77.945	125
Iteration: 138	55	59	78.195	126
Iteration: 139	55	59	79.54	116
Iteration: 140	55	58	77.175	124
Iteration: 141	55	60	79.61	121
Iteration: 142	55	60	77.08	119
Iteration: 143	55	59	77.71	125
Iteration: 144	55	59	77.91	113
Iteration: 145	55	59	78.555	119
Iteration: 146	55	59	78.945	136
Iteration: 147	55	59	76.5	117
Iteration: 148	55	60	78.08	128
Iteration: 149	55	59	79.365	126
Iteration: 150	55	59	79.76	117
Iteration: 151	55	59	80.405	123
Iteration: 152	55	59	78.92	133
Iteration: 153	55	60	78.38	122
Iteration: 154	55	60	78.625	127
Iteration: 155	55	59	78.97	125
Iteration: 156	55	59	78.16	124
Iteration: 157	55	59	77.81	121
Iteration: 158	55	58	78.21	118
Iteration: 159	55	59	78.405	117
Iteration: 160	55	59	78.035	117
Iteration: 161	55	59	76.755	126
Iteration: 162	55	59	79.475	122
Iteration: 163	55	59	81	121
Iteration: 164	55	60	78.375	132
Iteration: 165	55	59	77.17	129
Iteration: 166	55	59	76.89	113
Iteration: 167	55	60	78.37	123
Iteration: 168	55	59	80.545	121
Iteration: 169	55	59	80.41	125
Iteration: 170	55	59	78.3	117
Iteration: 171	55	58	78.25	119
Iteration: 172	55	59	77.645	118
Iteration: 173	55	59	77.84	126
Iteration: 174	55	58	79.225	117
Iteration: 175	55	60	79.565	115
Iteration: 176	55	58	77.95	113
Iteration: 177	55	59	78.41	110
Iteration: 178	55	59	78.52	113
Iteration: 179	55	59	77.85	125
Iteration: 180	55	59	78.41	123
Iteration: 181	55	59	77.5	121
Iteration: 182	55	59	77.78	111
Iteration: 183	55	59	77.805	118
Iteration: 184	55	60	77.445	122
Iteration: 185	55	60	77.025	126
Iteration: 186	55	59	78.535	123
Iteration: 187	55	60	79.05	118
Iteration: 188	55	59	78.485	123
Iteration: 189	55	57	78.135	127
Iteration: 190	55	59	76.37	123
Iteration: 191	55	58	78.13	118
Iteration: 192	55	58	78.395	118
Iteration: 193	55	59	78.69	118
Iteration: 194	55	59	78.64	113
Iteration: 195	55	56	79.39	126
Iteration: 196	55	59	78.585	122
Iteration: 197	55	60	78.275	118
Iteration: 198	55	59	77.915	118
Iteration: 199	55	59	78.77	129
Iteration: 200	55	57	77.27	122
Iteration: 201	55	56	76.81	120
Iteration: 202	55	57	78.275	113
Iteration: 203	55	60	79.35	118
Iteration: 204	55	59	79.025	121
Iteration: 205	55	59	78.84	131
Iteration: 206	55	59	79.61	119
Iteration: 207	55	56	77.4	119
Iteration: 208	55	59	78.105	131
Iteration: 209	55	59	79.195	126
Iteration: 210	55	59	77.845	123
Iteration: 211	55	59	78.33	123
Iteration: 212	55	60	78.02	110
Iteration: 213	55	59	77.225	111
Iteration: 214	55	59	78.315	122
Iteration: 215	55	59	76.325	110
Iteration: 216	55	58	78.425	115
Iteration: 217	55	58	78.59	120
Iteration: 218	55	59	78.725	122
Iteration: 219	55	59	80.175	129
Iteration: 220	55	60	79.185	127
Iteration: 221	55	59	80.685	122
Iteration: 222	55	59	77.545	116
Iteration: 223	55	60	78.72	118
Iteration: 224	55	57	77.54	120
Iteration: 225	55	58	77.835	123
Iteration: 226	55	59	77.5	115
Iteration: 227	55	59	77.995	110
Iteration: 228	55	59	78.265	129
Iteration: 229	55	58	79.11	119
Iteration: 230	55	59	78.375	127
Iteration: 231	55	60	79.18	123
Iteration: 232	55	59	78.12	131
Iteration: 233	55	59	78.45	118
Iteration: 234	55	59	77.31	116
Iteration: 235	55	59	77.125	109
Iteration: 236	55	59	77.7	134
Iteration: 237	55	57	78.86	126
Iteration: 238	55	59	78.215	125
Iteration: 239	55	60	78.24	122
Iteration: 240	55	59	77.685	123
Iteration: 241	55	59	80.69	127
Iteration: 242	55	59	77.04	119
Iteration: 243	55	59	80.25	120
Iteration: 244	55	59	77.23	116
Iteration: 245	55	59	77.275	117
Iteration: 246	55	59	78.445	115
Iteration: 247	55	59	77.01	127
Iteration: 248	55	59	78.39	120
Iteration: 249	55	59	78.38	122
Iteration: 250	55	60	79.375	131
Iteration: 251	55	56	79.74	119
Iteration: 252	55	58	80.255	115
Iteration: 253	55	59	75.97	115
Iteration: 254	55	59	80.71	129
Iteration: 255	55	57	77.64	123
Iteration: 256	55	59	77.525	122
Iteration: 257	55	60	78.6	116
Iteration: 258	55	59	78.34	110
Iteration: 259	55	58	77.38	134
Iteration: 260	55	59	78.635	113
Iteration: 261	55	60	78.42	131
Iteration: 262	55	59	77.825	106
Iteration: 263	55	59	78.7	121
Iteration: 264	55	59	78.8	122
Iteration: 265	55	59	79.795	123
Iteration: 266	55	59	78.01	116
Iteration: 267	55	59	78.54	115
Iteration: 268	55	58	78.87	117
Iteration: 269	55	60	76.715	118
Iteration: 270	55	59	79.45	117
Iteration: 271	55	60	78.415	108
Iteration: 272	55	59	78.79	131
Iteration: 273	55	60	77.755	119
Iteration: 274	55	59	77.19	120
Iteration: 275	55	59	77.845	115
Iteration: 276	55	60	78.33	116
Iteration: 277	55	59	79.43	121
Iteration: 278	55	60	78.74	126
Iteration: 279	55	60	77.45	121
Iteration: 280	55	59	76.835	124
Iteration: 281	55	59	78.365	121
Iteration: 282	55	57	78.765	127
Iteration: 283	55	59	77.74	126
Iteration: 284	55	59	79.2	120
Iteration: 285	55	60	77.865	123
Iteration: 286	55	60	77.65	123
Iteration: 287	55	59	77.105	114
Iteration: 288	55	60	77.48	116
Iteration: 289	55	59	78.2	126
Iteration: 290	55	59	78.605	125
Iteration: 291	55	59	77.755	122
Iteration: 292	55	57	78.78	122
Iteration: 293	55	59	78.745	123
Iteration: 294	55	59	76.965	107
Iteration: 295	55	59	78.335	132
Iteration: 296	55	59	80.305	124
Iteration: 297	55	59	79.82	131
Iteration: 298	55	59	77.88	118
Iteration: 299	55	60	77.255	116
Iteration: 300	55	59	79.395	117
Iteration: 301	55	59	78.685	123
Iteration: 302	55	56	79.93	119
Iteration: 303	55	60	78.395	125
Iteration: 304	55	59	77.745	126
Iteration: 305	55	60	79.33	133
Iteration: 306	55	59	78.755	122
Iteration: 307	55	57	78.28	123
Iteration: 308	55	60	78.59	130
Iteration: 309	55	59	78.17	114
Iteration: 310	55	59	79.91	132
Iteration: 311	55	59	79	114
Iteration: 312	55	59	76.865	129
Iteration: 313	55	59	77.825	114
Iteration: 314	55	59	77.855	111
Iteration: 315	55	59	79.37	123
Iteration: 316	55	59	79.34	117
Iteration: 317	55	59	79.14	121
Iteration: 318	55	59	78.42	118
Iteration: 319	55	59	77.795	123
Iteration: 320	55	60	76.215	110
Iteration: 321	55	59	79.09	122
Iteration: 322	55	59	80.035	128
Iteration: 323	55	59	77.335	120
Iteration: 324	55	59	78.37	117
Iteration: 325	55	55	78.335	118
Iteration: 326	55	59	78.21	118
Iteration: 327	55	59	79.08	128
Iteration: 328	55	59	76.62	131
Iteration: 329	55	59	78.98	129
Iteration: 330	55	59	77.44	119
Iteration: 331	55	58	78.045	122
Iteration: 332	55	59	77.19	114
Iteration: 333	55	56	78.105	122
Iteration: 334	55	59	76.205	134
Iteration: 335	55	60	79.39	117
Iteration: 336	55	59	78.035	114
Iteration: 337	55	59	79.075	121
Iteration: 338	55	60	78.155	122
Iteration: 339	55	60	77.81	122
Iteration: 340	55	59	77.565	128
Iteration: 341	55	59	77.665	116
Iteration: 342	55	59	78.225	123
Iteration: 343	55	59	77.87	119
Iteration: 344	55	60	79.08	125
Iteration: 345	55	58	78.775	128
Iteration: 346	55	60	78.98	117
Iteration: 347	55	60	76.91	123
Iteration: 348	55	59	78.06	117
Iteration: 349	55	58	79.05	120
Iteration: 350	55	60	78.265	123
Iteration: 351	55	59	78.795	109
Iteration: 352	55	59	77.965	117
Iteration: 353	55	59	79.57	118
Iteration: 354	55	59	78.755	121
Iteration: 355	55	60	78.35	116
Iteration: 356	55	56	78.625	124
Iteration: 357	55	58	79.145	119
Iteration: 358	55	60	79.235	116
Iteration: 359	55	59	77.825	128
Iteration: 360	55	59	77.33	119
Iteration: 361	55	60	79.12	121
Iteration: 362	55	59	78.7	125
Iteration: 363	55	59	79.34	115
Iteration: 364	55	59	78.485	122
Iteration: 365	55	59	78.775	112
Iteration: 366	55	60	79.495	115
Iteration: 367	55	59	78.97	118
Iteration: 368	55	59	77.265	130
Iteration: 369	55	60	79.445	128
Iteration: 370	55	59	77.075	115
Iteration: 371	55	60	79.115	127
Iteration: 372	55	59	78.365	113
Iteration: 373	55	59	76.185	118
Iteration: 374	55	58	78.765	113
Iteration: 375	55	60	78.145	125
Iteration: 376	55	60	78.14	119
Iteration: 377	55	59	78.035	125
Iteration: 378	55	59	78.74	123
Iteration: 379	55	58	78.725	120
Iteration: 380	55	59	77.91	123
Iteration: 381	55	59	77.895	124
Iteration: 382	55	59	78.96	116
Iteration: 383	55	60	79.05	124
Iteration: 384	55	59	79.29	128
Iteration: 385	55	60	77.99	113
Iteration: 386	55	59	78.77	115
Iteration: 387	55	59	78.7	116
Iteration: 388	55	59	77.97	124
Iteration: 389	55	59	77.325	114
Iteration: 390	55	58	78.545	120
Iteration: 391	55	60	78.845	122
Iteration: 392	55	59	78.485	129
Iteration: 393	55	59	78.055	130
Iteration: 394	55	59	78.79	121
Iteration: 395	55	59	78.205	125
Iteration: 396	55	59	77.75	123
Iteration: 397	55	59	79.475	129
Iteration: 398	55	55	77.775	119
Iteration: 399	55	60	79	126
Iteration: 400	55	59	77.795	118
Iteration: 401	55	59	78.89	113
Iteration: 402	55	60	80.055	124
Iteration: 403	55	60	78.34	131
Iteration: 404	55	59	76.76	115
Iteration: 405	55	59	78.405	111
Iteration: 406	55	59	76.65	123
Iteration: 407	55	59	77.5	128
Iteration: 408	55	59	79.73	121
Iteration: 409	55	58	79.31	125
Iteration: 410	55	60	79.44	128
Iteration: 411	55	60	79.105	114
Iteration: 412	55	59	79.035	119
Iteration: 413	55	59	79.085	122
Iteration: 414	55	60	78.6	119
Iteration: 415	55	59	78.61	121
Iteration: 416	55	59	78.275	123
Iteration: 417	55	59	78.49	114
Iteration: 418	55	59	77.585	113
Iteration: 419	55	59	77.46	116
Iteration: 420	55	59	78.24	123
Iteration: 421	55	59	79.82	113
Iteration: 422	55	59	77.405	124
Iteration: 423	55	60	78.325	112
Iteration: 424	55	59	78.74	108
Iteration: 425	55	58	77.26	112
Iteration: 426	55	59	77.835	120
Iteration: 427	55	59	77.25	118
Iteration: 428	55	60	77.845	124
Iteration: 429	55	59	78.855	122
Iteration: 430	55	59	79.245	120
Iteration: 431	55	55	77.49	118
Iteration: 432	55	57	79.3	131
Iteration: 433	55	59	79.14	123
Iteration: 434	55	59	79.955	121
Iteration: 435	55	58	77.52	129
Iteration: 436	55	59	77.77	114
Iteration: 437	55	58	79.865	125
Iteration: 438	55	59	77.815	116
Iteration: 439	55	59	77.32	115
Iteration: 440	55	59	78.805	127
Iteration: 441	55	59	77.935	121
Iteration: 442	55	59	78.025	115
Iteration: 443	55	59	78.74	123
Iteration: 444	55	55	78.41	123
Iteration: 445	55	58	79.36	128
Iteration: 446	55	59	78.24	125
Iteration: 447	55	60	79	115
Iteration: 448	55	60	76.655	116
Iteration: 449	55	59	78.775	126
Iteration: 450	55	59	78.12	126
Iteration: 451	55	59	78.175	125
Iteration: 452	55	60	79.945	123
Iteration: 453	55	57	80.105	115
Iteration: 454	55	57	79.155	124
Iteration: 455	55	60	77.7	122
Iteration: 456	55	59	78.7	125
Iteration: 457	55	59	76.815	122
Iteration: 458	55	59	77.695	118
Iteration: 459	55	60	77.29	131
Iteration: 460	55	59	78.005	124
Iteration: 461	55	59	78.56	128
Iteration: 462	55	60	79.06	121
Iteration: 463	55	59	78.315	114
Iteration: 464	55	59	77.505	118
Iteration: 465	55	59	79.22	131
Iteration: 466	55	59	76.865	114
Iteration: 467	55	59	79.695	125
Iteration: 468	55	59	76.785	109
Iteration: 469	55	59	78.755	123
Iteration: 470	55	59	77.21	126
Iteration: 471	55	59	77.79	121
Iteration: 472	55	59	78.12	116
Iteration: 473	55	59	77.535	138
Iteration: 474	55	60	79.055	120
Iteration: 475	55	59	77.05	121
Iteration: 476	55	59	78.86	126
Iteration: 477	55	59	77.825	125
Iteration: 478	55	56	77.635	114
Iteration: 479	55	60	77.455	113
Iteration: 480	55	59	79.745	125
Iteration: 481	55	59	77.535	118
Iteration: 482	55	59	76.38	120
Iteration: 483	55	59	77.96	121
Iteration: 484	55	59	77.615	119
Iteration: 485	55	59	78.49	116
Iteration: 486	55	59	78.955	115
Iteration: 487	55	59	77.345	115
Iteration: 488	55	59	78.325	119
Iteration: 489	55	59	77.52	119
Iteration: 490	55	58	77.78	112
Iteration: 491	55	60	78.305	115
Iteration: 492	55	57	79.435	121
Iteration: 493	55	60	77.295	118
Iteration: 494	55	60	78.965	119
Iteration: 495	55	59	78.445	122
Iteration: 496	55	59	80.79	123
Iteration: 497	55	58	79.205	118
Iteration: 498	55	60	78.14	117
Iteration: 499	55	56	77.77	115
