Iteration: 0	60	60	78.025	125
Iteration: 1	59	59	78.41	114
Iteration: 2	56	56	79.025	130
Iteration: 3	56	59	77.095	112
Iteration: 4	56	60	77.755	123
Iteration: 5	56	59	78.275	116
Iteration: 6	56	59	77.07	114
Iteration: 7	56	59	77.915	116
Iteration: 8	56	59	77.73	120
Iteration: 9	56	59	79.73	122
Iteration: 10	56	59	78.36	116
Iteration: 11	56	59	78.86	117
Iteration: 12	56	59	78.155	125
Iteration: 13	56	59	77.865	124
Iteration: 14	56	59	77.585	118
Iteration: 15	56	59	78.8	116
Iteration: 16	56	59	78.64	121
Iteration: 17	56	59	78.775	123
Iteration: 18	56	60	78.7	123
Iteration: 19	56	59	76.91	124
Iteration: 20	56	59	76.68	117
Iteration: 21	56	59	78.785	114
Iteration: 22	56	59	78.29	116
Iteration: 23	56	60	77.695	109
Iteration: 24	56	59	77.915	115
Iteration: 25	56	59	79.455	128
Iteration: 26	56	59	79.155	119
Iteration: 27	56	59	79.99	119
Iteration: 28	56	59	79.39	115
Iteration: 29	56	60	76.56	118
Iteration: 30	56	59	77.915	120
Iteration: 31	56	59	79.115	129
Iteration: 32	56	60	77.575	122
Iteration: 33	56	59	77.385	125
Iteration: 34	56	59	79.74	124
Iteration: 35	56	60	78.045	119
Iteration: 36	56	59	77.12	111
Iteration: 37	56	59	78.095	124
Iteration: 38	56	60	77.3	115
Iteration: 39	56	60	79.17	115
Iteration: 40	56	59	78.065	121
Iteration: 41	56	59	78.085	119
Iteration: 42	56	59	78.445	109
Iteration: 43	56	56	78.48	125
Iteration: 44	56	59	79.255	125
Iteration: 45	56	58	78.97	123
Iteration: 46	56	59	79.805	125
Iteration: 47	56	59	78.765	115
Iteration: 48	56	59	77.815	124
Iteration: 49	56	59	78.205	114
Iteration: 50	56	59	78.17	121
Iteration: 51	56	60	78.78	119
Iteration: 52	56	59	76.74	119
Iteration: 53	56	59	79.145	121
Iteration: 54	56	59	77.095	118
Iteration: 55	56	59	77.58	128
Iteration: 56	56	59	80.005	120
Iteration: 57	56	59	79.78	124
Iteration: 58	56	59	78.955	116
Iteration: 59	56	59	78.685	118
Iteration: 60	56	59	77.265	115
Iteration: 61	56	60	79.085	118
Iteration: 62	56	60	77.825	126
Iteration: 63	56	59	78.8	114
Iteration: 64	56	58	79.395	124
Iteration: 65	56	59	78.78	116
Iteration: 66	56	59	79.78	118
Iteration: 67	56	59	79.17	117
Iteration: 68	56	59	79.56	117
Iteration: 69	56	58	79.39	121
Iteration: 70	56	60	79.235	133
Iteration: 71	56	59	77.56	128
Iteration: 72	56	60	79.13	121
Iteration: 73	56	59	80.055	118
Iteration: 74	56	59	77.945	112
Iteration: 75	56	59	80.22	120
Iteration: 76	56	60	78.175	123
Iteration: 77	56	59	76.725	122
Iteration: 78	56	59	78	118
Iteration: 79	56	59	79.065	130
Iteration: 80	56	59	77.59	116
Iteration: 81	56	59	78.84	126
Iteration: 82	56	59	77.65	121
Iteration: 83	56	59	78.88	119
Iteration: 84	56	59	78.11	130
Iteration: 85	56	59	78.035	129
Iteration: 86	56	59	77.13	114
Iteration: 87	56	60	80.19	122
Iteration: 88	56	59	78.395	124
Iteration: 89	56	59	79.69	119
Iteration: 90	56	59	77.44	117
Iteration: 91	56	58	78.38	121
Iteration: 92	56	60	78.485	117
Iteration: 93	56	59	78.75	117
Iteration: 94	56	58	77.285	131
Iteration: 95	56	59	78.465	112
Iteration: 96	56	60	77.875	120
Iteration: 97	56	59	80.07	115
Iteration: 98	56	59	79.02	109
Iteration: 99	56	59	77.315	111
Iteration: 100	56	59	79.475	120
Iteration: 101	56	60	78.45	131
Iteration: 102	56	60	78.465	123
Iteration: 103	56	59	75.96	116
Iteration: 104	56	59	79.92	129
Iteration: 105	56	60	77.66	119
Iteration: 106	56	59	78.03	115
Iteration: 107	56	58	78.505	118
Iteration: 108	56	59	78.275	125
Iteration: 109	56	59	77.225	114
Iteration: 110	56	59	78.365	126
Iteration: 111	56	59	78.085	120
Iteration: 112	56	59	79.915	122
Iteration: 113	56	59	78.87	125
Iteration: 114	56	59	78.185	121
Iteration: 115	56	60	78.18	115
Iteration: 116	56	59	78.505	112
Iteration: 117	56	59	78.255	123
Iteration: 118	56	59	77.7	118
Iteration: 119	56	58	77.42	121
Iteration: 120	56	59	78.66	124
Iteration: 121	56	59	78.19	115
Iteration: 122	56	60	79.285	121
Iteration: 123	56	59	78.485	124
Iteration: 124	56	60	78.105	122
Iteration: 125	56	59	78.6	132
Iteration: 126	56	60	78.74	123
Iteration: 127	56	58	77.895	131
Iteration: 128	56	59	79.535	131
Iteration: 129	55	55	79.27	122
Iteration: 130	55	58	77.565	130
Iteration: 131	55	59	80.025	132
Iteration: 132	55	58	79.61	117
Iteration: 133	55	59	78.525	122
Iteration: 134	55	58	77.075	123
Iteration: 135	55	59	78.76	115
Iteration: 136	55	57	78.99	121
Iteration: 137	55	59	76.34	116
Iteration: 138	55	59	76.925	118
Iteration: 139	55	59	77.05	121
Iteration: 140	55	58	78.92	125
Iteration: 141	55	59	78.14	122
Iteration: 142	55	56	78.855	123
Iteration: 143	55	59	78.06	122
Iteration: 144	55	59	78.765	122
Iteration: 145	55	59	78.11	119
Iteration: 146	55	59	78.76	119
Iteration: 147	55	57	78.6	125
Iteration: 148	55	59	80.115	127
Iteration: 149	55	60	77.91	126
Iteration: 150	55	55	77.865	126
Iteration: 151	55	58	79.4	126
Iteration: 152	55	60	78.895	117
Iteration: 153	55	59	78.415	117
Iteration: 154	55	59	78.98	115
Iteration: 155	55	57	77.515	126
Iteration: 156	55	57	79.565	118
Iteration: 157	55	59	76.395	128
Iteration: 158	55	59	78.245	118
Iteration: 159	55	60	79.075	124
Iteration: 160	55	59	77.975	123
Iteration: 161	55	59	78.16	122
Iteration: 162	55	59	78.28	119
Iteration: 163	55	59	77.775	113
Iteration: 164	55	57	78.235	118
Iteration: 165	55	58	78.72	123
Iteration: 166	55	59	77.235	109
Iteration: 167	55	59	78.41	124
Iteration: 168	55	59	78.385	129
Iteration: 169	55	59	78.95	121
Iteration: 170	55	60	77.645	120
Iteration: 171	55	60	77.285	123
Iteration: 172	55	59	79.135	115
Iteration: 173	55	56	78.75	119
Iteration: 174	55	59	77.73	128
Iteration: 175	55	59	77.855	121
Iteration: 176	55	56	77.365	115
Iteration: 177	55	59	78.015	111
Iteration: 178	55	58	77.97	117
Iteration: 179	55	59	78.31	136
Iteration: 180	55	59	78.275	119
Iteration: 181	55	60	78.46	124
Iteration: 182	55	59	78.47	122
Iteration: 183	55	56	80.615	119
Iteration: 184	55	59	78.885	119
Iteration: 185	55	60	77.95	121
Iteration: 186	55	57	78.195	110
Iteration: 187	55	60	79.975	117
Iteration: 188	55	59	78	122
Iteration: 189	55	59	78.36	119
Iteration: 190	55	60	77.275	123
Iteration: 191	55	60	77.615	120
Iteration: 192	55	59	80.365	118
Iteration: 193	55	58	78.66	129
Iteration: 194	55	60	77.94	120
Iteration: 195	55	59	78.31	117
Iteration: 196	55	56	77.495	114
Iteration: 197	55	59	78.245	117
Iteration: 198	55	59	79.36	121
Iteration: 199	55	60	78.465	124
Iteration: 200	55	58	78.15	113
Iteration: 201	55	59	78.14	126
Iteration: 202	55	59	77.13	112
Iteration: 203	55	59	77.615	111
Iteration: 204	55	57	78.03	128
Iteration: 205	55	59	78.245	127
Iteration: 206	55	60	79.095	128
Iteration: 207	55	59	79.24	112
Iteration: 208	55	60	78.98	127
Iteration: 209	55	59	79.18	114
Iteration: 210	55	57	77.605	123
Iteration: 211	55	59	78.635	129
Iteration: 212	55	60	76.91	111
Iteration: 213	55	59	78.13	116
Iteration: 214	55	60	79.165	125
Iteration: 215	55	59	79.37	126
Iteration: 216	55	58	77.335	118
Iteration: 217	55	59	77.55	113
Iteration: 218	55	58	79.785	115
Iteration: 219	55	59	78.36	120
Iteration: 220	55	59	80.1	114
Iteration: 221	55	59	79.3	124
Iteration: 222	55	60	78.025	116
Iteration: 223	55	59	77.785	131
Iteration: 224	55	58	78.99	128
Iteration: 225	55	59	77.78	125
Iteration: 226	55	60	77.165	116
Iteration: 227	55	57	78.325	118
Iteration: 228	55	59	78.635	120
Iteration: 229	55	59	77.66	119
Iteration: 230	55	60	77.415	113
Iteration: 231	55	60	76.34	118
Iteration: 232	55	57	79.255	127
Iteration: 233	55	59	76.915	122
Iteration: 234	55	59	78.33	119
Iteration: 235	55	59	77.27	127
Iteration: 236	55	59	79.205	120
Iteration: 237	55	59	77.495	117
Iteration: 238	55	59	76.625	116
Iteration: 239	55	59	80.025	130
Iteration: 240	55	59	77.515	119
Iteration: 241	55	59	79.58	118
Iteration: 242	55	59	78.155	115
Iteration: 243	55	59	77.155	116
Iteration: 244	55	59	78.19	109
Iteration: 245	55	59	78.31	124
Iteration: 246	55	59	77.215	122
Iteration: 247	55	59	79.045	123
Iteration: 248	55	59	78.16	129
Iteration: 249	55	59	78.91	123
Iteration: 250	55	60	77.62	119
Iteration: 251	55	59	77.39	125
Iteration: 252	55	59	79.05	127
Iteration: 253	55	55	77.345	122
Iteration: 254	55	59	78.52	127
Iteration: 255	55	59	78.55	122
Iteration: 256	55	59	79.395	123
Iteration: 257	55	57	77.795	116
Iteration: 258	55	59	78.38	115
Iteration: 259	55	59	77.15	113
Iteration: 260	55	60	78.76	124
Iteration: 261	55	59	78.975	122
Iteration: 262	55	60	77.025	112
Iteration: 263	55	60	78.1	120
Iteration: 264	55	59	79.235	127
Iteration: 265	55	59	79.005	111
Iteration: 266	55	59	77.995	119
Iteration: 267	55	60	79.12	114
Iteration: 268	55	59	78.19	117
Iteration: 269	55	59	77.57	112
Iteration: 270	55	59	78.68	117
Iteration: 271	55	59	78.96	115
Iteration: 272	55	57	78.345	122
Iteration: 273	55	56	76.73	111
Iteration: 274	55	59	78	115
Iteration: 275	55	59	78.12	125
Iteration: 276	55	57	77.285	122
Iteration: 277	55	59	78.82	122
Iteration: 278	55	59	77.795	127
Iteration: 279	55	57	79.485	116
Iteration: 280	55	59	78.38	113
Iteration: 281	55	59	77.615	129
Iteration: 282	55	58	80.365	113
Iteration: 283	55	59	79.28	124
Iteration: 284	55	58	77.225	113
Iteration: 285	55	59	78.105	117
Iteration: 286	55	59	77.365	119
Iteration: 287	55	59	78.575	118
Iteration: 288	55	57	79.64	127
Iteration: 289	55	59	77.935	122
Iteration: 290	55	59	78.27	119
Iteration: 291	55	58	78.28	110
Iteration: 292	55	57	78.87	108
Iteration: 293	55	60	78.355	117
Iteration: 294	55	57	79.765	126
Iteration: 295	55	60	78.34	120
Iteration: 296	55	58	77.115	112
Iteration: 297	55	59	77.59	112
Iteration: 298	55	59	77.755	117
Iteration: 299	55	57	77.89	125
Iteration: 300	55	59	79.145	111
Iteration: 301	55	59	77.805	122
Iteration: 302	55	59	77.22	112
Iteration: 303	55	58	78.62	129
Iteration: 304	55	57	78.095	119
Iteration: 305	55	59	77.795	119
Iteration: 306	55	60	78.47	120
Iteration: 307	55	57	78.775	123
Iteration: 308	55	59	78.75	126
Iteration: 309	55	60	79.22	127
Iteration: 310	55	59	77.51	108
Iteration: 311	55	60	78.365	125
Iteration: 312	55	57	77.105	116
Iteration: 313	55	60	77.67	115
Iteration: 314	55	59	79.625	124
Iteration: 315	55	57	77.76	110
Iteration: 316	55	59	78.065	121
Iteration: 317	55	60	79.32	117
Iteration: 318	55	59	78.965	113
Iteration: 319	55	57	78.845	114
Iteration: 320	55	59	79.17	126
Iteration: 321	55	58	76.935	128
Iteration: 322	55	58	78.2	114
Iteration: 323	55	59	78.84	120
Iteration: 324	55	59	77.1	119
Iteration: 325	55	59	79.305	116
Iteration: 326	55	59	77.48	114
Iteration: 327	55	59	77.15	119
Iteration: 328	55	58	77.71	122
Iteration: 329	55	59	77.265	113
Iteration: 330	55	59	77.675	115
Iteration: 331	55	59	78.29	119
Iteration: 332	55	59	78.03	126
Iteration: 333	55	59	79.965	128
Iteration: 334	55	60	78.445	126
Iteration: 335	55	59	77.785	125
Iteration: 336	55	59	77.93	118
Iteration: 337	55	59	78.965	126
Iteration: 338	55	59	78.09	110
Iteration: 339	55	59	78.71	125
Iteration: 340	55	59	77.57	121
Iteration: 341	55	59	80.645	126
Iteration: 342	55	59	78.93	107
Iteration: 343	55	60	79.96	115
Iteration: 344	55	59	78.915	123
Iteration: 345	55	59	79.29	122
Iteration: 346	55	58	78.6	112
Iteration: 347	55	59	77.035	128
Iteration: 348	55	59	80.545	122
Iteration: 349	55	59	78.08	126
Iteration: 350	55	59	79.595	120
Iteration: 351	55	60	79.955	124
Iteration: 352	55	60	78.045	123
Iteration: 353	55	59	77.225	117
Iteration: 354	55	60	76.035	115
Iteration: 355	55	60	78.585	126
Iteration: 356	55	59	78.36	127
Iteration: 357	55	58	77.935	113
Iteration: 358	55	59	79.4	119
Iteration: 359	55	59	78.58	131
Iteration: 360	55	60	79.785	112
Iteration: 361	55	59	78.195	112
Iteration: 362	55	60	78.015	119
Iteration: 363	55	59	79.275	130
Iteration: 364	55	57	77.595	118
Iteration: 365	55	57	77.885	125
Iteration: 366	55	59	76.705	117
Iteration: 367	55	58	79.08	126
Iteration: 368	55	60	77.54	126
Iteration: 369	55	59	78.99	124
Iteration: 370	55	58	77.15	112
Iteration: 371	55	59	78.57	121
Iteration: 372	55	55	76.8	122
Iteration: 373	55	59	78.86	126
Iteration: 374	55	59	77.68	108
Iteration: 375	55	59	79.645	126
Iteration: 376	55	59	77.57	121
Iteration: 377	55	59	79.08	114
Iteration: 378	55	58	78.58	134
Iteration: 379	55	57	77.265	129
Iteration: 380	55	59	78.435	129
Iteration: 381	55	59	78.85	123
Iteration: 382	55	60	78.175	129
Iteration: 383	55	59	78.12	119
Iteration: 384	55	59	79.12	128
Iteration: 385	55	59	77.805	118
Iteration: 386	55	59	78.815	127
Iteration: 387	55	59	78.6	123
Iteration: 388	55	60	78.425	123
Iteration: 389	55	58	76.075	120
Iteration: 390	55	55	78.695	121
Iteration: 391	55	59	79.065	123
Iteration: 392	55	60	77.29	113
Iteration: 393	55	60	77.095	120
Iteration: 394	55	59	76.02	123
Iteration: 395	55	59	78.095	125
Iteration: 396	55	59	77.43	118
Iteration: 397	55	57	79.1	135
Iteration: 398	55	59	78.435	125
Iteration: 399	55	59	78.43	118
Iteration: 400	55	56	78.75	116
Iteration: 401	55	59	78.31	120
Iteration: 402	55	59	78.785	133
Iteration: 403	55	60	77.865	125
Iteration: 404	55	59	77.88	114
Iteration: 405	55	60	79.23	127
Iteration: 406	55	59	78.29	126
Iteration: 407	55	59	79.59	115
Iteration: 408	55	59	76.89	119
Iteration: 409	55	60	78.47	113
Iteration: 410	55	59	80.155	127
Iteration: 411	55	60	76.735	113
Iteration: 412	55	59	78.77	125
Iteration: 413	55	59	78.41	115
Iteration: 414	55	59	78.18	117
Iteration: 415	55	60	78.675	119
Iteration: 416	55	59	78.285	118
Iteration: 417	55	60	78.6	111
Iteration: 418	55	59	78.03	114
Iteration: 419	55	59	77.545	125
Iteration: 420	55	60	78.545	125
Iteration: 421	55	58	79.58	115
Iteration: 422	55	59	79.14	117
Iteration: 423	55	59	77.71	128
Iteration: 424	55	59	77.805	129
Iteration: 425	55	58	78.535	117
Iteration: 426	55	60	78.375	126
Iteration: 427	55	59	77.685	126
Iteration: 428	55	59	79.205	131
Iteration: 429	55	59	78.095	124
Iteration: 430	55	59	78.015	116
Iteration: 431	55	58	79.565	121
Iteration: 432	55	60	78.9	118
Iteration: 433	55	59	78.295	121
Iteration: 434	55	59	77.455	112
Iteration: 435	55	59	77.56	120
Iteration: 436	55	60	77.145	110
Iteration: 437	55	59	77.975	125
Iteration: 438	55	59	77.485	113
Iteration: 439	55	57	77.855	115
Iteration: 440	55	58	77.985	119
Iteration: 441	55	59	79.84	116
Iteration: 442	55	59	78.375	122
Iteration: 443	55	59	78.665	114
Iteration: 444	55	59	77.79	125
Iteration: 445	55	58	78.075	118
Iteration: 446	55	59	78.98	117
Iteration: 447	55	60	79.005	126
Iteration: 448	55	57	79.565	126
Iteration: 449	55	59	78.73	115
Iteration: 450	55	59	77.37	121
Iteration: 451	55	59	79.505	120
Iteration: 452	55	59	78.39	121
Iteration: 453	55	59	78.755	122
Iteration: 454	55	59	78.445	129
Iteration: 455	55	59	79.83	128
Iteration: 456	55	59	77.225	117
Iteration: 457	55	59	76.17	114
Iteration: 458	55	59	79.57	125
Iteration: 459	55	56	78.5	122
Iteration: 460	55	59	77.935	122
Iteration: 461	55	60	78.82	120
Iteration: 462	55	60	79.75	124
Iteration: 463	55	59	77.97	121
Iteration: 464	55	59	76.76	117
Iteration: 465	55	59	79.095	123
Iteration: 466	55	59	77.64	115
Iteration: 467	55	58	78.255	133
Iteration: 468	55	59	77.465	117
Iteration: 469	55	59	78.34	121
Iteration: 470	55	59	79.01	119
Iteration: 471	55	59	77.205	137
Iteration: 472	55	58	78.21	118
Iteration: 473	55	58	77.485	125
Iteration: 474	55	59	77.895	125
Iteration: 475	55	59	77.105	114
Iteration: 476	55	59	76.765	117
Iteration: 477	55	60	76.595	122
Iteration: 478	55	58	77.995	112
Iteration: 479	55	59	78.41	121
Iteration: 480	55	59	78.41	125
Iteration: 481	55	59	78.55	113
Iteration: 482	55	60	80.005	118
Iteration: 483	55	59	78.465	129
Iteration: 484	55	59	77.915	119
Iteration: 485	55	59	78.46	114
Iteration: 486	55	60	80.075	114
Iteration: 487	55	57	78.005	119
Iteration: 488	55	59	78.905	122
Iteration: 489	55	59	77.765	111
Iteration: 490	55	60	79.6	112
Iteration: 491	55	60	78.28	124
Iteration: 492	55	59	76.27	108
Iteration: 493	55	59	78.455	119
Iteration: 494	55	59	77.565	114
Iteration: 495	55	59	79.795	123
Iteration: 496	55	59	78.495	110
Iteration: 497	55	59	79.4	131
Iteration: 498	55	59	78.04	119
Iteration: 499	55	59	78.805	118
