Iteration: 0	60	60	80.52	113
Iteration: 1	60	60	75.92	113
Iteration: 2	59	59	79	99
Iteration: 3	59	62	77.12	94
Iteration: 4	59	62	76.4	117
Iteration: 5	59	61	81.64	130
Iteration: 6	59	60	80.92	113
Iteration: 7	59	62	77.92	102
Iteration: 8	59	62	75.84	106
Iteration: 9	59	61	75.28	96
Iteration: 10	59	60	73.12	103
Iteration: 11	59	61	78.52	120
Iteration: 12	59	60	77.12	106
Iteration: 13	59	62	81.84	115
Iteration: 14	59	63	79.08	110
Iteration: 15	59	60	77.6	94
Iteration: 16	57	57	78.16	100
Iteration: 17	57	60	77.76	120
Iteration: 18	57	62	80.68	107
Iteration: 19	57	59	76.28	105
Iteration: 20	57	60	76.52	111
Iteration: 21	57	62	82.4	101
Iteration: 22	57	59	84.56	105
Iteration: 23	57	60	81.84	106
Iteration: 24	57	61	78.6	106
Iteration: 25	57	60	77.6	111
Iteration: 26	57	60	78.8	119
Iteration: 27	57	60	76.4	106
Iteration: 28	57	60	78.56	111
Iteration: 29	57	61	80.04	113
Iteration: 30	57	60	78.04	104
Iteration: 31	57	59	79.6	108
Iteration: 32	57	60	77.4	122
Iteration: 33	57	60	77.16	120
Iteration: 34	57	61	76.2	87
Iteration: 35	57	59	79.64	118
Iteration: 36	57	60	76.36	95
Iteration: 37	57	61	80.12	106
Iteration: 38	57	62	78.6	98
Iteration: 39	57	60	82.4	110
Iteration: 40	57	57	80.72	117
Iteration: 41	57	61	79.28	110
Iteration: 42	57	59	73.2	94
Iteration: 43	57	60	79.6	110
Iteration: 44	57	65	82.12	112
Iteration: 45	57	60	75.04	111
Iteration: 46	57	61	77.12	98
Iteration: 47	57	61	85.12	114
Iteration: 48	57	60	77.68	105
Iteration: 49	57	60	81.16	106
Iteration: 50	57	63	80.16	104
Iteration: 51	57	59	79.96	123
Iteration: 52	57	60	76.24	123
Iteration: 53	57	64	78.04	105
Iteration: 54	57	59	81.16	121
Iteration: 55	57	62	78.8	105
Iteration: 56	57	60	75.52	110
Iteration: 57	57	60	78.4	102
Iteration: 58	57	63	75.76	99
Iteration: 59	57	60	75.48	104
Iteration: 60	57	62	79.76	100
Iteration: 61	57	62	76.84	106
Iteration: 62	57	62	82.6	122
Iteration: 63	57	60	76.6	97
Iteration: 64	57	61	76.24	112
Iteration: 65	57	58	79.92	116
Iteration: 66	57	60	73.28	101
Iteration: 67	57	61	81.84	109
Iteration: 68	57	60	77.64	100
Iteration: 69	57	60	76.88	111
Iteration: 70	57	60	80.76	129
Iteration: 71	57	62	78.28	121
Iteration: 72	57	61	81.84	117
Iteration: 73	57	64	80.68	105
Iteration: 74	57	60	79.44	113
Iteration: 75	57	61	80.84	104
Iteration: 76	57	59	74.96	91
Iteration: 77	57	59	81.12	112
Iteration: 78	57	63	75.72	91
Iteration: 79	57	59	77.92	95
Iteration: 80	57	59	80.84	115
Iteration: 81	57	60	77.68	113
Iteration: 82	57	61	81	101
Iteration: 83	57	60	81.04	110
Iteration: 84	57	61	74.68	113
Iteration: 85	57	60	79.28	100
Iteration: 86	57	63	78.64	102
Iteration: 87	57	61	76.44	97
Iteration: 88	57	60	76.16	95
Iteration: 89	57	59	76.8	101
Iteration: 90	57	59	76.4	97
Iteration: 91	57	63	83	108
Iteration: 92	57	60	76.56	99
Iteration: 93	57	60	78.48	111
Iteration: 94	57	62	81.8	122
Iteration: 95	57	59	76.84	124
Iteration: 96	57	63	76.72	118
Iteration: 97	57	60	78.92	104
Iteration: 98	57	63	81.24	115
Iteration: 99	57	60	81.16	105
Iteration: 100	57	60	74.12	101
Iteration: 101	57	64	79	111
Iteration: 102	57	59	75.84	101
Iteration: 103	57	60	78.24	103
Iteration: 104	57	61	75.08	96
Iteration: 105	57	61	79.92	118
Iteration: 106	57	59	75.84	111
Iteration: 107	57	60	82.56	117
Iteration: 108	57	60	78.56	101
Iteration: 109	57	59	76.4	94
Iteration: 110	57	61	81.32	102
Iteration: 111	57	62	80.76	124
Iteration: 112	57	60	75.08	110
Iteration: 113	57	60	76.56	103
Iteration: 114	57	60	78.68	103
Iteration: 115	57	60	75.76	102
Iteration: 116	57	60	80.16	119
Iteration: 117	57	60	78.2	107
Iteration: 118	57	60	78.48	99
Iteration: 119	57	59	74.64	99
Iteration: 120	57	60	78.44	95
Iteration: 121	57	60	81.36	110
Iteration: 122	57	63	80.44	110
Iteration: 123	57	60	76.64	99
Iteration: 124	57	61	77.68	108
Iteration: 125	57	63	83.28	112
Iteration: 126	57	60	82.4	124
Iteration: 127	57	62	85.28	115
Iteration: 128	57	60	78.56	102
Iteration: 129	57	60	82.08	107
Iteration: 130	57	61	76.24	103
Iteration: 131	57	62	82	114
Iteration: 132	57	59	78.24	110
Iteration: 133	57	60	78.64	112
Iteration: 134	57	61	78.4	113
Iteration: 135	57	60	75.4	111
Iteration: 136	57	61	77.8	106
Iteration: 137	57	60	82	118
Iteration: 138	57	59	79.72	114
Iteration: 139	57	60	84.84	119
Iteration: 140	57	57	74.12	99
Iteration: 141	57	60	78.04	121
Iteration: 142	57	61	76.8	100
Iteration: 143	57	60	79.08	103
Iteration: 144	57	61	78.88	106
Iteration: 145	57	59	80.28	109
Iteration: 146	57	60	80.96	100
Iteration: 147	57	59	80.04	103
Iteration: 148	57	61	79	124
Iteration: 149	57	61	77.04	98
Iteration: 150	57	60	78.68	109
Iteration: 151	57	63	78.4	95
Iteration: 152	57	59	76.64	94
Iteration: 153	57	59	77.64	116
Iteration: 154	57	61	80.04	123
Iteration: 155	57	60	76.88	100
Iteration: 156	57	60	74.8	96
Iteration: 157	57	60	82.24	113
Iteration: 158	57	60	76.48	101
Iteration: 159	57	61	77.28	99
Iteration: 160	57	61	77.28	106
Iteration: 161	57	60	78.84	111
Iteration: 162	57	60	80.24	120
Iteration: 163	57	59	81.04	106
Iteration: 164	57	60	76.64	102
Iteration: 165	57	60	77.24	104
Iteration: 166	57	60	79.32	118
Iteration: 167	57	60	77.6	103
Iteration: 168	57	61	76.28	107
Iteration: 169	57	60	83.56	123
Iteration: 170	57	59	74.48	105
Iteration: 171	57	60	80.64	117
Iteration: 172	57	60	78.96	109
Iteration: 173	57	60	78.56	105
Iteration: 174	57	61	76.28	100
Iteration: 175	57	63	78.36	104
Iteration: 176	57	61	74.8	99
Iteration: 177	57	60	79.32	124
Iteration: 178	57	61	80.88	108
Iteration: 179	57	60	73.32	98
Iteration: 180	57	62	79.96	114
Iteration: 181	57	59	77.76	109
Iteration: 182	57	60	75.08	108
Iteration: 183	57	64	81.4	111
Iteration: 184	57	63	80.56	113
Iteration: 185	57	59	82.96	112
Iteration: 186	57	59	81.36	122
Iteration: 187	57	59	82.2	114
Iteration: 188	57	60	74.44	108
Iteration: 189	57	59	76.08	109
Iteration: 190	57	61	76.68	96
Iteration: 191	57	63	80.08	104
Iteration: 192	57	60	79.04	116
Iteration: 193	57	60	77.92	108
Iteration: 194	57	63	81.76	111
Iteration: 195	57	59	78.12	120
Iteration: 196	57	59	74.8	94
Iteration: 197	57	61	81.24	105
Iteration: 198	57	59	80	122
Iteration: 199	57	62	83.16	123
Iteration: 200	57	60	78.12	108
Iteration: 201	57	60	75.4	95
Iteration: 202	57	60	85.44	124
Iteration: 203	57	60	83.12	117
Iteration: 204	57	59	83.8	132
Iteration: 205	57	60	76.16	103
Iteration: 206	57	65	84.4	105
Iteration: 207	57	59	76.84	104
Iteration: 208	57	60	76.64	104
Iteration: 209	57	61	80.68	118
Iteration: 210	57	60	80.04	115
Iteration: 211	57	61	77.16	107
Iteration: 212	57	60	78.28	123
Iteration: 213	57	60	75.16	100
Iteration: 214	57	59	82.24	115
Iteration: 215	57	59	75.24	107
Iteration: 216	57	60	78.96	117
Iteration: 217	57	60	80.48	117
Iteration: 218	57	63	78.44	104
Iteration: 219	57	61	75.6	93
Iteration: 220	57	60	80.64	112
Iteration: 221	57	60	75.28	118
Iteration: 222	57	61	80.76	105
Iteration: 223	57	62	77.48	104
Iteration: 224	57	63	85.96	115
Iteration: 225	57	60	77.96	125
Iteration: 226	57	67	80.68	117
Iteration: 227	57	60	78.16	105
Iteration: 228	57	61	78.8	114
Iteration: 229	57	59	77.8	114
Iteration: 230	57	63	79.96	123
Iteration: 231	57	58	74	92
Iteration: 232	57	60	79.92	109
Iteration: 233	57	60	76.28	106
Iteration: 234	57	62	81.24	104
Iteration: 235	57	58	80.16	108
Iteration: 236	57	63	79.88	110
Iteration: 237	57	60	75.76	101
Iteration: 238	57	62	78.08	99
Iteration: 239	57	61	79.84	106
Iteration: 240	57	61	82.88	104
Iteration: 241	57	57	73.12	97
Iteration: 242	57	66	84.72	111
Iteration: 243	57	60	80.28	117
Iteration: 244	57	59	77.32	109
Iteration: 245	57	60	76.4	108
Iteration: 246	57	61	84.32	120
Iteration: 247	57	60	79.56	113
Iteration: 248	57	61	78.76	98
Iteration: 249	57	60	76.32	103
Iteration: 250	57	59	82.96	111
Iteration: 251	57	61	82.28	116
Iteration: 252	57	62	79.36	112
Iteration: 253	57	60	76.88	112
Iteration: 254	57	59	76.2	94
Iteration: 255	57	60	76.4	105
Iteration: 256	57	60	77.4	117
Iteration: 257	57	60	76	124
Iteration: 258	57	60	79.68	107
Iteration: 259	57	63	75.56	94
Iteration: 260	57	59	76.96	104
Iteration: 261	57	60	77.56	125
Iteration: 262	57	62	80.48	109
Iteration: 263	57	61	80.76	101
Iteration: 264	57	60	76.44	106
Iteration: 265	57	60	81.56	122
Iteration: 266	57	60	81.16	110
Iteration: 267	57	60	79.56	105
Iteration: 268	57	62	79	108
Iteration: 269	57	62	80.4	103
Iteration: 270	57	63	81.44	106
Iteration: 271	57	62	81.16	100
Iteration: 272	57	61	72.44	92
Iteration: 273	57	60	80.48	115
Iteration: 274	57	61	80.04	106
Iteration: 275	57	63	79.6	105
Iteration: 276	57	60	79.16	99
Iteration: 277	57	63	84.36	114
Iteration: 278	57	66	82.28	116
Iteration: 279	57	59	75.08	98
Iteration: 280	57	61	78.8	109
Iteration: 281	57	61	77.92	99
Iteration: 282	57	60	74.76	101
Iteration: 283	57	59	82	115
Iteration: 284	57	60	77.52	96
Iteration: 285	57	60	77.8	107
Iteration: 286	57	60	75.16	103
Iteration: 287	57	61	82.24	114
Iteration: 288	57	61	77.92	106
Iteration: 289	57	61	79.56	125
Iteration: 290	57	60	76.36	108
Iteration: 291	57	60	72.44	113
Iteration: 292	57	60	72.68	104
Iteration: 293	57	61	78.44	114
Iteration: 294	57	59	78	114
Iteration: 295	57	63	75.16	106
Iteration: 296	57	61	77.08	99
Iteration: 297	57	60	82.28	126
Iteration: 298	57	59	76	108
Iteration: 299	57	62	80.48	104
Iteration: 300	57	63	78.32	108
Iteration: 301	57	60	81.44	101
Iteration: 302	57	60	76.04	107
Iteration: 303	57	60	76.56	104
Iteration: 304	57	61	78	96
Iteration: 305	57	59	75.04	109
Iteration: 306	57	60	79.48	111
Iteration: 307	57	63	84.12	113
Iteration: 308	57	60	80.2	97
Iteration: 309	57	60	80.16	122
Iteration: 310	57	59	77.4	110
Iteration: 311	57	62	78.04	103
Iteration: 312	57	60	79	97
Iteration: 313	57	60	80.88	104
Iteration: 314	57	59	79.8	119
Iteration: 315	57	59	79.24	102
Iteration: 316	57	59	78.24	108
Iteration: 317	57	60	76.32	101
Iteration: 318	57	60	79.76	110
Iteration: 319	57	60	82.28	104
Iteration: 320	57	63	82.04	104
Iteration: 321	57	57	76.48	124
Iteration: 322	57	60	81.32	115
Iteration: 323	57	59	74.68	101
Iteration: 324	57	61	77.92	104
Iteration: 325	57	62	77.12	98
Iteration: 326	57	60	79.52	113
Iteration: 327	57	60	78.12	107
Iteration: 328	57	61	80	104
Iteration: 329	57	60	74.76	97
Iteration: 330	57	60	75.44	97
Iteration: 331	57	60	79.68	110
Iteration: 332	57	63	80.2	100
Iteration: 333	57	64	78.76	107
Iteration: 334	57	61	77.32	109
Iteration: 335	57	60	79.48	111
Iteration: 336	57	63	80.08	111
Iteration: 337	57	58	75.8	94
Iteration: 338	57	63	76.52	97
Iteration: 339	57	61	81.08	111
Iteration: 340	57	67	80.24	109
Iteration: 341	57	60	75.4	107
Iteration: 342	57	61	84.2	115
Iteration: 343	57	59	73.16	102
Iteration: 344	57	62	79.88	107
Iteration: 345	57	60	76.04	118
Iteration: 346	57	60	76.8	99
Iteration: 347	57	60	77.64	104
Iteration: 348	57	61	79.88	106
Iteration: 349	57	61	79.44	122
Iteration: 350	57	62	79.16	111
Iteration: 351	57	61	77	101
Iteration: 352	57	60	76.52	99
Iteration: 353	57	60	82.08	118
Iteration: 354	57	59	74.52	100
Iteration: 355	57	63	83.88	110
Iteration: 356	57	63	75.28	95
Iteration: 357	57	63	78.72	117
Iteration: 358	57	60	76.88	108
Iteration: 359	57	60	73.6	95
Iteration: 360	57	61	75.24	107
Iteration: 361	57	61	80.2	116
Iteration: 362	57	59	77.72	94
Iteration: 363	57	62	79.6	106
Iteration: 364	57	60	78.36	120
Iteration: 365	57	59	79.12	106
Iteration: 366	57	60	73.56	98
Iteration: 367	57	63	82.2	109
Iteration: 368	57	60	75.4	94
Iteration: 369	57	60	78.52	103
Iteration: 370	57	61	78.16	116
Iteration: 371	57	60	77.52	105
Iteration: 372	57	60	80.8	107
Iteration: 373	57	60	73.32	99
Iteration: 374	57	60	75.68	101
Iteration: 375	57	60	73.8	112
Iteration: 376	57	61	73.92	95
Iteration: 377	57	60	79.4	122
Iteration: 378	57	62	77.12	118
Iteration: 379	57	61	78.08	104
Iteration: 380	57	60	74.68	98
Iteration: 381	57	65	83.24	116
Iteration: 382	57	60	76.52	107
Iteration: 383	57	60	78.28	105
Iteration: 384	57	65	78.68	110
Iteration: 385	57	63	80.72	101
Iteration: 386	57	60	76.6	104
Iteration: 387	57	60	78.6	113
Iteration: 388	57	59	75.88	107
Iteration: 389	57	61	78.36	116
Iteration: 390	57	63	81.6	103
Iteration: 391	57	61	78.64	113
Iteration: 392	57	60	82.84	119
Iteration: 393	57	61	79.72	129
Iteration: 394	57	60	72.8	101
Iteration: 395	57	61	76.04	98
Iteration: 396	57	60	80.6	111
Iteration: 397	57	59	78.36	106
Iteration: 398	57	60	80.36	128
Iteration: 399	57	62	79.8	111
Iteration: 400	57	63	78.4	117
Iteration: 401	57	60	75.72	105
Iteration: 402	57	60	77.88	107
Iteration: 403	57	61	80	112
Iteration: 404	57	62	80.2	102
Iteration: 405	57	61	78.24	105
Iteration: 406	57	60	80.84	103
Iteration: 407	57	61	82.2	112
Iteration: 408	57	60	81.12	98
Iteration: 409	57	60	79.88	110
Iteration: 410	57	60	79.68	126
Iteration: 411	57	61	79.36	113
Iteration: 412	57	60	75.64	114
Iteration: 413	57	61	77.16	95
Iteration: 414	57	63	78.6	110
Iteration: 415	57	61	77.28	114
Iteration: 416	57	60	78.16	108
Iteration: 417	57	59	77.8	112
Iteration: 418	57	63	79.12	103
Iteration: 419	57	60	77.12	99
Iteration: 420	57	62	81.72	111
Iteration: 421	57	60	75.68	96
Iteration: 422	57	60	75.72	103
Iteration: 423	57	57	77.64	118
Iteration: 424	57	59	72.68	94
Iteration: 425	57	63	77.72	110
Iteration: 426	57	61	73.76	93
Iteration: 427	57	60	74.24	106
Iteration: 428	57	61	83.64	120
Iteration: 429	57	63	79.64	101
Iteration: 430	57	60	77.32	110
Iteration: 431	57	59	80.64	115
Iteration: 432	57	61	80.72	107
Iteration: 433	57	59	83.76	112
Iteration: 434	57	59	75.92	108
Iteration: 435	57	62	79.04	110
Iteration: 436	57	60	81.2	106
Iteration: 437	57	63	79.2	114
Iteration: 438	57	64	84.2	111
Iteration: 439	57	62	79.72	118
Iteration: 440	57	60	77.52	108
Iteration: 441	57	60	75.08	109
Iteration: 442	57	62	80.76	108
Iteration: 443	57	63	78.4	103
Iteration: 444	57	59	78.2	100
Iteration: 445	57	61	76	95
Iteration: 446	57	60	75.64	93
Iteration: 447	57	60	79.92	121
Iteration: 448	57	60	78.92	107
Iteration: 449	57	60	77.68	108
Iteration: 450	57	61	81.12	126
Iteration: 451	57	60	84.88	122
Iteration: 452	57	60	74.96	98
Iteration: 453	57	60	76.44	100
Iteration: 454	57	60	76.56	103
Iteration: 455	57	70	83.84	118
Iteration: 456	57	60	82.72	111
Iteration: 457	57	62	80.6	123
Iteration: 458	57	60	75.28	106
Iteration: 459	57	61	83.16	127
Iteration: 460	57	62	78.36	100
Iteration: 461	57	62	75.76	99
Iteration: 462	57	60	73.28	99
Iteration: 463	57	60	79.16	108
Iteration: 464	57	62	77.68	109
Iteration: 465	57	60	77.36	98
Iteration: 466	57	60	75.52	97
Iteration: 467	57	61	75.48	105
Iteration: 468	57	60	78.48	102
Iteration: 469	57	61	76.64	108
Iteration: 470	57	59	75.6	113
Iteration: 471	57	60	73.48	101
Iteration: 472	57	60	78.84	106
Iteration: 473	57	61	78.92	97
Iteration: 474	57	59	84.04	124
Iteration: 475	57	59	81.72	118
Iteration: 476	55	55	78.52	104
Iteration: 477	55	60	78.88	108
Iteration: 478	55	59	76.88	108
Iteration: 479	55	61	79.08	107
Iteration: 480	55	59	76.64	111
Iteration: 481	55	60	79.12	110
Iteration: 482	55	60	77.04	111
Iteration: 483	55	61	80.32	103
Iteration: 484	55	60	78.04	117
Iteration: 485	55	61	75.96	95
Iteration: 486	55	60	78.44	96
Iteration: 487	55	61	77.36	115
Iteration: 488	55	60	79.44	116
Iteration: 489	55	59	79.08	100
Iteration: 490	55	59	69.84	114
Iteration: 491	55	60	79	106
Iteration: 492	55	62	80.6	117
Iteration: 493	55	60	80.52	103
Iteration: 494	55	64	78.16	107
Iteration: 495	55	63	77.48	100
Iteration: 496	55	59	74.64	115
Iteration: 497	55	59	77.04	110
Iteration: 498	55	59	76.48	112
Iteration: 499	55	58	76.12	114
