Iteration: 0	60	60	76.48	104
Iteration: 1	60	60	77.36	114
Iteration: 2	59	59	76.4	107
Iteration: 3	59	60	77.36	101
Iteration: 4	59	60	76.4	105
Iteration: 5	59	60	82.92	116
Iteration: 6	59	60	79.24	107
Iteration: 7	59	60	79.16	113
Iteration: 8	59	60	79.56	108
Iteration: 9	59	60	81.32	111
Iteration: 10	59	59	73.52	99
Iteration: 11	59	61	75.8	100
Iteration: 12	59	61	75.4	107
Iteration: 13	59	60	82.56	124
Iteration: 14	59	62	78.96	113
Iteration: 15	59	64	81.56	106
Iteration: 16	59	63	81.08	114
Iteration: 17	59	60	77.32	107
Iteration: 18	59	60	76.48	98
Iteration: 19	59	60	76.44	98
Iteration: 20	59	63	78.12	105
Iteration: 21	56	56	76.52	109
Iteration: 22	56	61	76.16	95
Iteration: 23	56	59	78.4	123
Iteration: 24	56	59	74.16	106
Iteration: 25	56	60	79.44	111
Iteration: 26	56	60	75.96	103
Iteration: 27	56	56	76.16	103
Iteration: 28	56	59	74.24	97
Iteration: 29	56	62	83.4	109
Iteration: 30	56	61	81.44	117
Iteration: 31	56	60	81.2	107
Iteration: 32	56	60	80.84	111
Iteration: 33	56	60	75.84	108
Iteration: 34	56	61	80.44	125
Iteration: 35	56	59	77	105
Iteration: 36	56	63	77.32	101
Iteration: 37	56	61	76.68	94
Iteration: 38	56	60	74.8	102
Iteration: 39	56	59	84.76	112
Iteration: 40	56	60	75.52	96
Iteration: 41	56	59	73.56	92
Iteration: 42	56	60	77.04	97
Iteration: 43	56	60	77.32	108
Iteration: 44	56	61	79.88	107
Iteration: 45	56	59	79.52	101
Iteration: 46	56	60	80.12	120
Iteration: 47	56	60	82.12	109
Iteration: 48	56	58	76.4	95
Iteration: 49	56	60	76.52	123
Iteration: 50	56	59	76.4	116
Iteration: 51	56	61	80.12	109
Iteration: 52	56	63	83.28	109
Iteration: 53	56	60	81.48	111
Iteration: 54	56	63	79.2	113
Iteration: 55	56	61	75.28	97
Iteration: 56	56	60	74.12	107
Iteration: 57	56	60	79.24	114
Iteration: 58	56	62	87.52	113
Iteration: 59	56	60	75.52	104
Iteration: 60	56	60	78.4	102
Iteration: 61	56	60	80.4	110
Iteration: 62	56	60	80.64	121
Iteration: 63	56	60	81.48	113
Iteration: 64	56	62	78.08	112
Iteration: 65	56	59	75.04	106
Iteration: 66	56	65	79.84	101
Iteration: 67	56	65	80.64	110
Iteration: 68	56	60	82.24	109
Iteration: 69	56	62	78.6	109
Iteration: 70	56	59	79.64	111
Iteration: 71	56	59	78.48	112
Iteration: 72	56	60	79.6	113
Iteration: 73	56	63	80.72	99
Iteration: 74	56	60	77.52	97
Iteration: 75	56	62	80.88	106
Iteration: 76	56	59	79.64	114
Iteration: 77	56	60	76.44	105
Iteration: 78	56	59	74.24	95
Iteration: 79	56	59	77.96	98
Iteration: 80	56	59	80.84	104
Iteration: 81	56	60	77.6	106
Iteration: 82	56	62	79.68	105
Iteration: 83	56	60	77.4	99
Iteration: 84	56	60	78.48	127
Iteration: 85	56	60	74.08	115
Iteration: 86	56	60	74.96	102
Iteration: 87	56	59	77	112
Iteration: 88	56	60	78.8	110
Iteration: 89	56	60	77.52	108
Iteration: 90	56	61	79.28	119
Iteration: 91	56	64	80.84	103
Iteration: 92	56	60	76.92	96
Iteration: 93	56	61	80.12	107
Iteration: 94	56	61	78.28	105
Iteration: 95	56	62	81.56	108
Iteration: 96	56	60	76.12	117
Iteration: 97	56	60	79.84	113
Iteration: 98	56	61	75.04	108
Iteration: 99	56	59	74.64	102
Iteration: 100	56	61	82.32	119
Iteration: 101	56	62	76.4	95
Iteration: 102	56	61	80.32	112
Iteration: 103	56	60	81.68	115
Iteration: 104	56	60	77.84	105
Iteration: 105	56	59	76.28	104
Iteration: 106	56	59	74.56	112
Iteration: 107	56	63	81.84	111
Iteration: 108	56	60	77.4	101
Iteration: 109	56	63	82.08	119
Iteration: 110	56	62	84.72	117
Iteration: 111	56	62	80.16	108
Iteration: 112	56	58	77.84	110
Iteration: 113	56	62	80.96	105
Iteration: 114	56	62	74.84	97
Iteration: 115	56	59	78.28	102
Iteration: 116	56	60	78.2	113
Iteration: 117	56	59	79.88	106
Iteration: 118	56	59	75.72	95
Iteration: 119	56	60	81.68	113
Iteration: 120	56	65	77.12	92
Iteration: 121	56	60	75.88	97
Iteration: 122	56	63	78.04	110
Iteration: 123	56	59	78.04	111
Iteration: 124	56	62	82.04	115
Iteration: 125	56	62	77.56	104
Iteration: 126	56	59	78.44	122
Iteration: 127	56	60	79.84	125
Iteration: 128	56	61	76.08	102
Iteration: 129	56	59	78	117
Iteration: 130	56	61	77.56	107
Iteration: 131	56	61	80.16	104
Iteration: 132	56	62	81.68	101
Iteration: 133	56	61	80.44	110
Iteration: 134	56	60	77.32	112
Iteration: 135	56	60	81.44	116
Iteration: 136	56	60	80.88	125
Iteration: 137	56	60	81.76	115
Iteration: 138	56	60	75.44	108
Iteration: 139	56	59	76.72	99
Iteration: 140	56	62	71.4	83
Iteration: 141	56	63	83.16	117
Iteration: 142	56	60	77.2	113
Iteration: 143	56	63	82	113
Iteration: 144	56	61	80.44	103
Iteration: 145	56	60	75.04	93
Iteration: 146	56	59	75.96	96
Iteration: 147	56	61	78.4	114
Iteration: 148	56	60	77.12	98
Iteration: 149	56	59	74.6	108
Iteration: 150	56	60	75.68	106
Iteration: 151	56	60	81.44	120
Iteration: 152	56	61	76.4	109
Iteration: 153	56	60	79.28	114
Iteration: 154	56	60	75.64	100
Iteration: 155	56	59	75.32	91
Iteration: 156	56	63	77	107
Iteration: 157	56	60	81.4	126
Iteration: 158	56	62	75.68	103
Iteration: 159	56	62	81.44	104
Iteration: 160	56	61	81.04	118
Iteration: 161	56	63	82.44	113
Iteration: 162	56	60	81.44	126
Iteration: 163	56	60	81.08	122
Iteration: 164	56	61	79.36	104
Iteration: 165	56	59	78.32	105
Iteration: 166	56	61	77.68	102
Iteration: 167	56	61	80.4	106
Iteration: 168	56	60	77.6	112
Iteration: 169	56	63	76.72	102
Iteration: 170	56	58	78.36	107
Iteration: 171	56	64	80.08	102
Iteration: 172	56	59	76.08	113
Iteration: 173	56	61	74.68	107
Iteration: 174	56	60	81.48	105
Iteration: 175	56	60	79.8	134
Iteration: 176	56	61	80.2	101
Iteration: 177	56	59	76.68	113
Iteration: 178	56	60	79.2	112
Iteration: 179	56	62	76.92	102
Iteration: 180	56	58	77.76	109
Iteration: 181	56	60	77.24	115
Iteration: 182	56	61	81.88	102
Iteration: 183	56	63	75.92	102
Iteration: 184	56	63	77.56	119
Iteration: 185	56	60	78.24	111
Iteration: 186	56	63	77.36	99
Iteration: 187	56	65	79.84	101
Iteration: 188	56	60	76.04	119
Iteration: 189	56	62	74.28	92
Iteration: 190	56	59	78.88	101
Iteration: 191	56	62	79.72	112
Iteration: 192	56	61	80.16	108
Iteration: 193	56	60	78.48	110
Iteration: 194	56	60	77.76	104
Iteration: 195	56	60	76.72	98
Iteration: 196	56	62	79	115
Iteration: 197	56	59	82.96	105
Iteration: 198	56	59	77.36	113
Iteration: 199	56	60	80.04	108
Iteration: 200	56	60	75.04	103
Iteration: 201	56	61	81.36	106
Iteration: 202	56	60	77.4	105
Iteration: 203	56	60	77.92	113
Iteration: 204	56	59	75.8	100
Iteration: 205	56	63	81.16	114
Iteration: 206	56	60	77.2	103
Iteration: 207	56	60	79.4	122
Iteration: 208	56	59	76.8	100
Iteration: 209	56	59	78	113
Iteration: 210	56	62	79.04	99
Iteration: 211	56	61	80.56	101
Iteration: 212	56	61	79.92	107
Iteration: 213	56	60	73.64	103
Iteration: 214	56	59	77.36	111
Iteration: 215	56	61	77.8	112
Iteration: 216	56	61	77.04	102
Iteration: 217	56	59	76.84	118
Iteration: 218	56	60	78.28	119
Iteration: 219	56	60	78.72	105
Iteration: 220	56	62	80.6	105
Iteration: 221	56	60	76.32	105
Iteration: 222	56	60	74.52	101
Iteration: 223	56	61	77.32	114
Iteration: 224	56	62	76.84	116
Iteration: 225	56	60	78.48	107
Iteration: 226	56	60	75.76	108
Iteration: 227	56	61	80.4	114
Iteration: 228	56	60	78.16	107
Iteration: 229	56	60	80.76	103
Iteration: 230	56	60	79.32	122
Iteration: 231	56	60	77.92	109
Iteration: 232	56	60	75.76	109
Iteration: 233	56	60	73.72	89
Iteration: 234	56	60	80.24	112
Iteration: 235	56	59	79.04	104
Iteration: 236	56	63	78.92	118
Iteration: 237	56	62	76.12	93
Iteration: 238	56	60	76.56	99
Iteration: 239	56	64	80.76	110
Iteration: 240	56	57	76	101
Iteration: 241	56	60	75.08	107
Iteration: 242	56	65	86.76	120
Iteration: 243	56	64	76.28	113
Iteration: 244	56	59	80.68	106
Iteration: 245	56	64	80.4	105
Iteration: 246	56	65	82.8	114
Iteration: 247	56	64	75.84	104
Iteration: 248	56	59	78.48	119
Iteration: 249	56	64	77.28	115
Iteration: 250	56	59	78.48	115
Iteration: 251	56	61	79.84	107
Iteration: 252	56	61	78.24	100
Iteration: 253	56	60	83.72	112
Iteration: 254	56	63	81.48	114
Iteration: 255	56	60	81.04	109
Iteration: 256	56	59	76.04	97
Iteration: 257	56	63	76.12	91
Iteration: 258	56	60	74.6	110
Iteration: 259	56	62	74.28	98
Iteration: 260	56	60	75.8	108
Iteration: 261	56	61	74.24	105
Iteration: 262	56	60	80	108
Iteration: 263	56	61	78.92	106
Iteration: 264	56	59	80.96	116
Iteration: 265	56	60	79.56	103
Iteration: 266	56	60	79.28	107
Iteration: 267	56	59	77.84	101
Iteration: 268	56	60	78.24	119
Iteration: 269	56	61	78.84	106
Iteration: 270	56	63	78.24	103
Iteration: 271	56	60	80.36	123
Iteration: 272	56	60	76.04	108
Iteration: 273	56	60	73.28	93
Iteration: 274	56	62	75.88	113
Iteration: 275	56	61	77.24	116
Iteration: 276	56	60	78.2	99
Iteration: 277	56	62	79.4	114
Iteration: 278	56	61	82.64	110
Iteration: 279	56	60	76.16	104
Iteration: 280	56	61	77.72	102
Iteration: 281	56	63	83.32	107
Iteration: 282	56	62	80.24	100
Iteration: 283	56	60	78.84	117
Iteration: 284	56	59	76.4	102
Iteration: 285	56	61	77.84	107
Iteration: 286	56	61	80.52	103
Iteration: 287	56	64	77.56	109
Iteration: 288	56	61	79.8	109
Iteration: 289	56	62	82.88	121
Iteration: 290	56	64	82.12	117
Iteration: 291	56	60	80.6	119
Iteration: 292	56	62	76.72	112
Iteration: 293	56	60	75	106
Iteration: 294	56	59	76.6	104
Iteration: 295	56	60	77.04	115
Iteration: 296	56	58	77.64	102
Iteration: 297	56	61	78.92	113
Iteration: 298	56	60	82.44	119
Iteration: 299	56	64	82.76	107
Iteration: 300	56	62	79.2	117
Iteration: 301	56	59	78.72	103
Iteration: 302	56	61	71.12	84
Iteration: 303	56	63	77.88	107
Iteration: 304	56	60	77.32	109
Iteration: 305	56	63	74.28	91
Iteration: 306	56	60	78.48	116
Iteration: 307	56	60	74.96	95
Iteration: 308	56	65	81.12	98
Iteration: 309	56	60	78.84	98
Iteration: 310	56	60	78.16	106
Iteration: 311	56	60	76.12	116
Iteration: 312	56	59	80.2	109
Iteration: 313	56	62	80.4	113
Iteration: 314	56	62	77.28	104
Iteration: 315	56	60	78.24	101
Iteration: 316	56	62	76.8	104
Iteration: 317	56	60	71.12	92
Iteration: 318	56	60	75.64	105
Iteration: 319	56	60	80.6	109
Iteration: 320	56	60	75.04	100
Iteration: 321	56	61	77.44	116
Iteration: 322	56	59	80	101
Iteration: 323	56	60	81.12	110
Iteration: 324	56	62	77.68	108
Iteration: 325	56	63	81.4	104
Iteration: 326	56	60	75.04	91
Iteration: 327	56	61	81.84	110
Iteration: 328	56	60	77.2	98
Iteration: 329	56	60	80.4	106
Iteration: 330	56	61	75.8	106
Iteration: 331	56	59	77.04	113
Iteration: 332	56	60	77.24	113
Iteration: 333	56	61	78.04	103
Iteration: 334	56	59	80.44	129
Iteration: 335	56	61	79.64	114
Iteration: 336	56	59	75.72	111
Iteration: 337	56	59	76.76	103
Iteration: 338	56	60	75.88	99
Iteration: 339	56	61	85.48	116
Iteration: 340	56	61	75.48	100
Iteration: 341	56	60	79.2	113
Iteration: 342	56	60	79.16	131
Iteration: 343	56	60	79.28	107
Iteration: 344	56	60	79.04	120
Iteration: 345	55	55	73.36	106
Iteration: 346	55	60	75.8	98
Iteration: 347	55	61	73.68	93
Iteration: 348	55	60	78.44	106
Iteration: 349	55	65	81.88	109
Iteration: 350	55	62	80.56	126
Iteration: 351	55	62	76.84	107
Iteration: 352	55	60	72.2	91
Iteration: 353	55	61	82.36	123
Iteration: 354	55	59	81.44	128
Iteration: 355	55	63	77.48	107
Iteration: 356	55	60	80.88	108
Iteration: 357	55	60	79.44	114
Iteration: 358	55	59	77.24	128
Iteration: 359	55	61	75.32	92
Iteration: 360	55	63	77.84	103
Iteration: 361	55	60	79	123
Iteration: 362	55	65	80.28	107
Iteration: 363	55	59	79.08	106
Iteration: 364	55	60	78.68	112
Iteration: 365	55	59	75.8	109
Iteration: 366	55	60	78.48	104
Iteration: 367	55	66	81.64	113
Iteration: 368	55	62	76.44	96
Iteration: 369	55	62	78.16	100
Iteration: 370	55	61	75.48	109
Iteration: 371	55	62	80.08	99
Iteration: 372	55	59	80	111
Iteration: 373	55	60	77.8	115
Iteration: 374	55	62	81.16	115
Iteration: 375	55	60	78.2	125
Iteration: 376	55	60	74.24	100
Iteration: 377	55	62	78.88	107
Iteration: 378	55	59	73.88	99
Iteration: 379	55	59	80.2	105
Iteration: 380	55	60	74.28	98
Iteration: 381	55	61	80.12	120
Iteration: 382	55	60	81.28	120
Iteration: 383	55	62	73.76	101
Iteration: 384	55	60	81.68	123
Iteration: 385	55	60	76.36	111
Iteration: 386	55	59	76.52	109
Iteration: 387	55	63	81.24	115
Iteration: 388	55	60	76.92	111
Iteration: 389	55	63	80	103
Iteration: 390	55	60	80.8	104
Iteration: 391	55	61	79.44	111
Iteration: 392	55	60	78.24	111
Iteration: 393	55	60	78.68	107
Iteration: 394	55	60	84.44	119
Iteration: 395	55	60	87.44	113
Iteration: 396	55	60	75.92	102
Iteration: 397	55	61	79.72	103
Iteration: 398	55	60	75.44	115
Iteration: 399	55	62	80.52	119
Iteration: 400	55	60	78.6	116
Iteration: 401	55	60	78.76	124
Iteration: 402	55	60	78.56	115
Iteration: 403	55	60	74.28	98
Iteration: 404	55	61	79.56	116
Iteration: 405	55	62	76.88	110
Iteration: 406	55	63	78.8	111
Iteration: 407	55	60	78.44	109
Iteration: 408	55	61	82.52	106
Iteration: 409	55	60	76.88	100
Iteration: 410	55	60	77.32	109
Iteration: 411	55	59	78.8	106
Iteration: 412	55	59	76.04	93
Iteration: 413	55	63	75.68	95
Iteration: 414	55	60	75.64	98
Iteration: 415	55	60	76.64	102
Iteration: 416	55	61	78.68	110
Iteration: 417	55	60	78	93
Iteration: 418	55	60	72.88	96
Iteration: 419	55	60	79.44	108
Iteration: 420	55	62	82.04	102
Iteration: 421	55	63	76.92	114
Iteration: 422	55	60	75.96	99
Iteration: 423	55	62	73.2	111
Iteration: 424	55	61	74.64	99
Iteration: 425	55	61	85.56	110
Iteration: 426	55	63	77.48	106
Iteration: 427	55	60	81.2	117
Iteration: 428	55	60	74.48	94
Iteration: 429	55	64	80.64	110
Iteration: 430	55	59	76.08	110
Iteration: 431	55	64	78.92	107
Iteration: 432	55	60	73.72	96
Iteration: 433	55	60	79.96	105
Iteration: 434	55	59	83.8	110
Iteration: 435	55	59	74.88	111
Iteration: 436	55	60	78.8	124
Iteration: 437	55	61	79.76	120
Iteration: 438	55	61	82.52	115
Iteration: 439	55	62	76.52	108
Iteration: 440	55	61	77.24	102
Iteration: 441	55	60	80.2	122
Iteration: 442	55	59	80.24	126
Iteration: 443	55	59	74.24	99
Iteration: 444	55	60	78.28	107
Iteration: 445	55	61	81	119
Iteration: 446	55	61	79.16	108
Iteration: 447	55	59	80	107
Iteration: 448	55	64	79.4	108
Iteration: 449	55	59	76.44	101
Iteration: 450	55	59	77.04	108
Iteration: 451	55	64	83.52	121
Iteration: 452	55	60	81.44	108
Iteration: 453	55	60	86.72	115
Iteration: 454	55	60	78.52	106
Iteration: 455	55	59	76.12	105
Iteration: 456	55	60	75.44	102
Iteration: 457	55	57	76.76	98
Iteration: 458	55	60	79.76	106
Iteration: 459	55	59	75.08	95
Iteration: 460	55	61	84.12	106
Iteration: 461	55	59	79.24	107
Iteration: 462	55	61	76.08	100
Iteration: 463	55	59	82.8	116
Iteration: 464	55	63	81.12	116
Iteration: 465	55	60	81.68	128
Iteration: 466	55	60	77.92	109
Iteration: 467	55	60	77.84	99
Iteration: 468	55	60	78.96	101
Iteration: 469	55	62	83.4	130
Iteration: 470	55	60	74.24	105
Iteration: 471	55	61	79.32	117
Iteration: 472	55	63	81.32	103
Iteration: 473	55	60	80.52	122
Iteration: 474	55	61	80.52	111
Iteration: 475	55	60	78.32	114
Iteration: 476	55	60	77.4	103
Iteration: 477	55	60	84.64	111
Iteration: 478	55	60	80.92	113
Iteration: 479	55	60	81.92	109
Iteration: 480	55	63	75.48	106
Iteration: 481	55	59	77.16	96
Iteration: 482	55	60	74	100
Iteration: 483	55	61	76.2	100
Iteration: 484	55	59	75.52	94
Iteration: 485	55	63	80.08	104
Iteration: 486	55	61	78	104
Iteration: 487	55	62	78.32	115
Iteration: 488	55	59	77.52	119
Iteration: 489	55	62	73.88	103
Iteration: 490	55	61	76.28	109
Iteration: 491	55	61	80.72	105
Iteration: 492	55	61	76.6	109
Iteration: 493	55	62	82.68	117
Iteration: 494	55	59	82.24	110
Iteration: 495	55	60	77.12	128
Iteration: 496	55	60	79.48	115
Iteration: 497	55	60	73.2	128
Iteration: 498	55	60	78.84	112
Iteration: 499	55	58	78.92	113
