Iteration: 0	63	63	80.84	112
Iteration: 1	59	59	78.56	111
Iteration: 2	59	61	76.92	100
Iteration: 3	59	62	75.92	98
Iteration: 4	59	61	78.96	105
Iteration: 5	59	61	85.64	121
Iteration: 6	59	60	73.92	91
Iteration: 7	59	63	81.64	103
Iteration: 8	59	64	82.6	115
Iteration: 9	59	60	72.76	98
Iteration: 10	59	60	79.8	109
Iteration: 11	59	62	78.6	104
Iteration: 12	59	61	83.36	119
Iteration: 13	59	60	80.6	114
Iteration: 14	59	64	81	104
Iteration: 15	59	68	83.32	106
Iteration: 16	59	59	77.48	115
Iteration: 17	59	60	75.28	104
Iteration: 18	59	60	78.36	114
Iteration: 19	59	60	76.68	108
Iteration: 20	59	60	76.32	99
Iteration: 21	59	60	74.96	92
Iteration: 22	59	61	78	94
Iteration: 23	59	62	79.2	103
Iteration: 24	59	61	81.36	105
Iteration: 25	59	59	77.32	99
Iteration: 26	59	60	78.24	100
Iteration: 27	59	60	77.84	105
Iteration: 28	59	60	75.96	100
Iteration: 29	59	63	79.8	103
Iteration: 30	59	60	80.24	105
Iteration: 31	59	60	73.8	95
Iteration: 32	59	62	73.4	99
Iteration: 33	59	61	73.64	96
Iteration: 34	59	59	85.24	129
Iteration: 35	59	61	78.56	105
Iteration: 36	59	59	82.04	122
Iteration: 37	59	62	81.16	119
Iteration: 38	59	60	75.96	106
Iteration: 39	59	61	78.2	105
Iteration: 40	59	59	78.2	111
Iteration: 41	59	61	80.84	108
Iteration: 42	59	60	77.12	101
Iteration: 43	59	60	83.68	109
Iteration: 44	59	61	78.96	113
Iteration: 45	59	62	80.96	110
Iteration: 46	59	59	74.36	100
Iteration: 47	59	60	74.68	96
Iteration: 48	59	61	74.8	101
Iteration: 49	59	59	79.72	119
Iteration: 50	59	59	80.68	125
Iteration: 51	59	60	79.2	107
Iteration: 52	59	60	75.24	92
Iteration: 53	59	60	77.56	107
Iteration: 54	59	60	76.16	106
Iteration: 55	59	60	80.56	110
Iteration: 56	59	59	80.2	133
Iteration: 57	59	60	76.52	112
Iteration: 58	58	58	75.76	104
Iteration: 59	58	60	79.88	107
Iteration: 60	58	60	78.12	124
Iteration: 61	58	60	78.68	109
Iteration: 62	58	62	80.92	108
Iteration: 63	58	60	78.96	125
Iteration: 64	58	60	77.36	107
Iteration: 65	58	60	82.48	110
Iteration: 66	57	57	77.2	112
Iteration: 67	57	62	81.8	117
Iteration: 68	57	60	76.48	103
Iteration: 69	57	61	74.44	98
Iteration: 70	57	61	80.64	110
Iteration: 71	57	60	78.6	124
Iteration: 72	57	61	81.28	111
Iteration: 73	57	60	77	114
Iteration: 74	57	60	73.28	92
Iteration: 75	57	60	76.44	111
Iteration: 76	57	60	79.28	112
Iteration: 77	57	60	74.4	104
Iteration: 78	57	60	76.2	113
Iteration: 79	57	63	77.52	94
Iteration: 80	57	61	76.72	105
Iteration: 81	57	60	79.52	111
Iteration: 82	57	61	79.68	112
Iteration: 83	57	63	77.56	98
Iteration: 84	57	62	76.96	101
Iteration: 85	57	63	82.6	108
Iteration: 86	57	60	78.44	106
Iteration: 87	57	60	73.44	96
Iteration: 88	57	59	81.12	106
Iteration: 89	57	60	76.96	102
Iteration: 90	57	62	77.64	102
Iteration: 91	57	60	78.2	112
Iteration: 92	57	59	80.04	115
Iteration: 93	57	63	80.32	112
Iteration: 94	57	62	78.12	103
Iteration: 95	57	63	75.24	98
Iteration: 96	57	62	78.44	99
Iteration: 97	57	61	81.92	114
Iteration: 98	57	61	80.32	111
Iteration: 99	57	60	75.04	102
Iteration: 100	57	62	77.4	99
Iteration: 101	57	61	80.08	104
Iteration: 102	57	60	79.44	113
Iteration: 103	57	60	77.12	107
Iteration: 104	57	59	79.16	126
Iteration: 105	57	62	82.24	116
Iteration: 106	57	60	82.2	123
Iteration: 107	57	60	73.72	93
Iteration: 108	57	60	79.36	120
Iteration: 109	57	61	77.84	124
Iteration: 110	57	59	79.72	111
Iteration: 111	57	63	79.32	124
Iteration: 112	57	59	78.6	111
Iteration: 113	57	59	88.88	126
Iteration: 114	57	61	79.56	111
Iteration: 115	57	60	80.24	110
Iteration: 116	57	61	79.8	111
Iteration: 117	57	60	74.72	104
Iteration: 118	57	61	77.88	100
Iteration: 119	57	60	74.92	99
Iteration: 120	57	60	84.92	111
Iteration: 121	57	62	77.12	116
Iteration: 122	57	60	80.76	131
Iteration: 123	57	60	77.56	113
Iteration: 124	57	60	78.88	110
Iteration: 125	57	60	80.76	103
Iteration: 126	57	62	78.68	120
Iteration: 127	57	62	76.84	103
Iteration: 128	57	62	80.24	105
Iteration: 129	57	61	80.28	111
Iteration: 130	57	60	77.84	112
Iteration: 131	57	62	80.64	105
Iteration: 132	57	61	80.8	106
Iteration: 133	57	64	77.56	97
Iteration: 134	57	61	79.56	108
Iteration: 135	57	60	76.84	102
Iteration: 136	57	59	79.88	110
Iteration: 137	57	60	85.72	127
Iteration: 138	57	62	79.12	98
Iteration: 139	57	61	79.88	122
Iteration: 140	57	60	80.72	119
Iteration: 141	57	60	77.88	116
Iteration: 142	57	60	76.08	109
Iteration: 143	57	59	79.04	108
Iteration: 144	57	62	81.84	125
Iteration: 145	57	60	75.76	96
Iteration: 146	57	60	75.84	101
Iteration: 147	57	61	81.24	124
Iteration: 148	57	60	78.68	119
Iteration: 149	57	59	77.48	101
Iteration: 150	57	63	80.32	115
Iteration: 151	57	61	76.68	95
Iteration: 152	57	59	82	110
Iteration: 153	57	61	81.16	111
Iteration: 154	57	62	76.2	96
Iteration: 155	57	60	76.92	101
Iteration: 156	57	60	81.76	113
Iteration: 157	57	59	77.4	111
Iteration: 158	57	61	78.32	103
Iteration: 159	57	61	74.92	106
Iteration: 160	57	60	76.84	96
Iteration: 161	57	63	78.36	97
Iteration: 162	57	60	76.56	100
Iteration: 163	57	60	75.28	115
Iteration: 164	57	60	81.8	115
Iteration: 165	57	59	81.32	128
Iteration: 166	57	59	75.96	113
Iteration: 167	57	64	80	104
Iteration: 168	57	60	79.28	109
Iteration: 169	57	59	81.44	107
Iteration: 170	57	60	75.8	107
Iteration: 171	57	59	76.64	97
Iteration: 172	57	60	77.44	111
Iteration: 173	57	60	78.32	106
Iteration: 174	57	60	74.2	105
Iteration: 175	57	61	80.68	108
Iteration: 176	57	65	80.6	111
Iteration: 177	57	59	82.36	101
Iteration: 178	57	60	83.68	113
Iteration: 179	57	60	78.8	117
Iteration: 180	57	61	77.12	104
Iteration: 181	57	60	77.12	112
Iteration: 182	57	61	83.68	119
Iteration: 183	57	60	82	126
Iteration: 184	57	62	82.64	112
Iteration: 185	57	59	81.88	105
Iteration: 186	57	60	79.44	111
Iteration: 187	57	60	75.44	99
Iteration: 188	57	59	79.96	107
Iteration: 189	57	57	79.2	119
Iteration: 190	57	60	76.6	103
Iteration: 191	57	60	77	108
Iteration: 192	57	59	79	101
Iteration: 193	57	60	78.4	97
Iteration: 194	57	60	79.96	105
Iteration: 195	57	62	78.8	116
Iteration: 196	57	62	78.12	96
Iteration: 197	57	60	79.32	106
Iteration: 198	57	61	76.76	114
Iteration: 199	57	61	75	95
Iteration: 200	57	60	76.24	98
Iteration: 201	57	64	81.72	104
Iteration: 202	57	61	74.44	91
Iteration: 203	57	60	74.24	101
Iteration: 204	57	62	80.16	126
Iteration: 205	57	60	81.12	124
Iteration: 206	57	60	83.6	114
Iteration: 207	57	63	75.92	116
Iteration: 208	57	61	79.52	111
Iteration: 209	57	59	78.2	117
Iteration: 210	57	59	77.96	103
Iteration: 211	57	69	83.92	106
Iteration: 212	57	62	79.48	113
Iteration: 213	57	63	81.16	98
Iteration: 214	57	61	79.16	103
Iteration: 215	57	60	80.76	110
Iteration: 216	57	59	77.24	107
Iteration: 217	57	60	78.44	105
Iteration: 218	57	61	76.84	105
Iteration: 219	57	60	76.24	119
Iteration: 220	57	60	74.24	108
Iteration: 221	57	61	77.56	123
Iteration: 222	57	62	78.72	122
Iteration: 223	57	60	78.64	104
Iteration: 224	57	61	76.48	100
Iteration: 225	57	60	74.08	96
Iteration: 226	57	60	80.4	109
Iteration: 227	57	61	77.12	111
Iteration: 228	57	59	76.92	109
Iteration: 229	57	59	74.56	108
Iteration: 230	57	63	81.88	110
Iteration: 231	57	60	75.12	105
Iteration: 232	57	59	76.68	119
Iteration: 233	57	59	80.16	104
Iteration: 234	57	63	80.4	107
Iteration: 235	57	62	83.4	121
Iteration: 236	57	60	79.04	105
Iteration: 237	57	60	72.68	101
Iteration: 238	57	60	79.08	118
Iteration: 239	57	60	83.12	110
Iteration: 240	57	62	76.52	105
Iteration: 241	57	60	77.16	102
Iteration: 242	57	60	78.88	116
Iteration: 243	57	61	77.04	122
Iteration: 244	57	60	78.6	118
Iteration: 245	57	61	76.6	94
Iteration: 246	57	63	78.52	102
Iteration: 247	57	61	76.08	112
Iteration: 248	57	61	76.12	103
Iteration: 249	57	60	76.36	104
Iteration: 250	57	61	78	94
Iteration: 251	57	63	80.88	109
Iteration: 252	57	63	85.96	136
Iteration: 253	57	58	81.8	108
Iteration: 254	57	60	77.64	114
Iteration: 255	57	61	78.6	103
Iteration: 256	57	60	76	98
Iteration: 257	57	61	76.28	98
Iteration: 258	57	62	77.6	109
Iteration: 259	57	59	76.68	95
Iteration: 260	57	60	78.92	99
Iteration: 261	57	60	78.72	105
Iteration: 262	57	61	80.72	103
Iteration: 263	57	61	82.24	107
Iteration: 264	57	59	77.16	107
Iteration: 265	57	61	75	93
Iteration: 266	57	59	77.32	112
Iteration: 267	57	60	78.52	117
Iteration: 268	57	60	74.6	97
Iteration: 269	57	60	79.6	115
Iteration: 270	57	62	81.2	113
Iteration: 271	57	63	78.12	118
Iteration: 272	57	65	81.56	103
Iteration: 273	57	61	76.4	94
Iteration: 274	57	60	76.6	110
Iteration: 275	57	59	77	102
Iteration: 276	57	64	79.84	118
Iteration: 277	57	60	74.76	105
Iteration: 278	57	60	72.64	95
Iteration: 279	57	59	79.04	102
Iteration: 280	57	60	78.84	107
Iteration: 281	57	59	78.4	110
Iteration: 282	57	59	79.68	104
Iteration: 283	57	60	80	110
Iteration: 284	57	59	77.12	109
Iteration: 285	57	68	82.68	104
Iteration: 286	57	59	79.4	109
Iteration: 287	57	64	80.84	106
Iteration: 288	57	65	78.08	102
Iteration: 289	57	61	81.2	104
Iteration: 290	57	60	79.48	106
Iteration: 291	57	60	80.4	111
Iteration: 292	57	61	79	103
Iteration: 293	57	63	77.96	122
Iteration: 294	57	59	78.08	106
Iteration: 295	57	60	74.12	100
Iteration: 296	57	60	75.96	107
Iteration: 297	57	59	82.88	111
Iteration: 298	57	62	77.24	107
Iteration: 299	57	61	82.28	129
Iteration: 300	57	60	79.64	122
Iteration: 301	57	60	73.52	92
Iteration: 302	57	60	79.32	112
Iteration: 303	57	60	76.04	116
Iteration: 304	57	61	82	108
Iteration: 305	57	60	76.4	109
Iteration: 306	57	63	80.16	113
Iteration: 307	57	60	76.76	115
Iteration: 308	57	60	76.16	102
Iteration: 309	57	59	74.44	106
Iteration: 310	57	60	80.88	110
Iteration: 311	57	60	79.32	110
Iteration: 312	57	60	78.44	108
Iteration: 313	57	60	77.84	107
Iteration: 314	57	62	77.44	121
Iteration: 315	57	63	76.6	108
Iteration: 316	57	62	76.84	98
Iteration: 317	57	60	75.2	99
Iteration: 318	57	62	78.56	102
Iteration: 319	57	60	77.44	103
Iteration: 320	57	60	80.12	102
Iteration: 321	57	60	79.56	110
Iteration: 322	57	61	80.48	102
Iteration: 323	57	60	78.88	123
Iteration: 324	57	65	79.44	104
Iteration: 325	57	60	78.12	109
Iteration: 326	57	61	77.72	104
Iteration: 327	57	63	81.08	99
Iteration: 328	57	60	83.12	111
Iteration: 329	57	60	74.6	113
Iteration: 330	57	62	75.56	107
Iteration: 331	57	62	77.08	115
Iteration: 332	57	61	81.16	112
Iteration: 333	57	61	78.32	107
Iteration: 334	57	60	80.6	117
Iteration: 335	57	59	77.16	112
Iteration: 336	57	60	77.04	107
Iteration: 337	57	61	77.28	111
Iteration: 338	57	59	81.4	115
Iteration: 339	57	60	80.44	112
Iteration: 340	57	60	77.68	116
Iteration: 341	57	60	76.8	100
Iteration: 342	57	61	79.96	118
Iteration: 343	57	60	75.64	108
Iteration: 344	57	60	77.92	110
Iteration: 345	57	62	80.48	114
Iteration: 346	57	60	75.52	103
Iteration: 347	57	59	72.72	93
Iteration: 348	57	63	76.8	118
Iteration: 349	57	61	77.52	104
Iteration: 350	57	60	77.08	121
Iteration: 351	57	62	81.8	132
Iteration: 352	57	59	75.68	90
Iteration: 353	57	60	76.6	100
Iteration: 354	57	60	78.4	98
Iteration: 355	57	60	77.72	99
Iteration: 356	57	60	77.04	97
Iteration: 357	57	61	80.16	111
Iteration: 358	57	62	76.48	93
Iteration: 359	57	62	80.44	109
Iteration: 360	57	65	77.92	101
Iteration: 361	57	63	78.8	114
Iteration: 362	57	60	78.84	114
Iteration: 363	57	61	82.6	104
Iteration: 364	57	60	74.64	111
Iteration: 365	57	60	74.88	106
Iteration: 366	57	60	80.12	122
Iteration: 367	57	60	80.16	109
Iteration: 368	57	61	80.16	116
Iteration: 369	57	60	77	117
Iteration: 370	57	60	83.2	128
Iteration: 371	57	62	79.72	129
Iteration: 372	57	60	82.12	114
Iteration: 373	57	62	82.24	131
Iteration: 374	57	61	78.2	97
Iteration: 375	57	60	77.8	124
Iteration: 376	56	56	75.76	109
Iteration: 377	56	59	75.2	96
Iteration: 378	56	61	76.72	124
Iteration: 379	56	60	74.4	96
Iteration: 380	56	59	78	99
Iteration: 381	56	60	74.56	107
Iteration: 382	56	60	74.52	100
Iteration: 383	56	60	78.6	108
Iteration: 384	56	60	78.52	104
Iteration: 385	56	66	84	123
Iteration: 386	56	60	76.96	92
Iteration: 387	56	62	78.8	121
Iteration: 388	56	63	82.44	112
Iteration: 389	56	66	81.08	105
Iteration: 390	56	61	80.72	113
Iteration: 391	56	60	77.32	115
Iteration: 392	56	60	77.52	103
Iteration: 393	56	60	76.08	97
Iteration: 394	56	60	78.76	114
Iteration: 395	56	60	75.28	98
Iteration: 396	56	60	75.24	107
Iteration: 397	56	60	78.64	129
Iteration: 398	56	60	76.6	101
Iteration: 399	56	60	78.16	110
Iteration: 400	56	60	79.52	103
Iteration: 401	56	60	83.36	127
Iteration: 402	56	60	77	110
Iteration: 403	56	60	81.04	117
Iteration: 404	56	57	77.12	110
Iteration: 405	56	59	77.36	125
Iteration: 406	56	62	80.92	112
Iteration: 407	56	61	80.68	103
Iteration: 408	56	62	77.68	104
Iteration: 409	56	60	78.48	101
Iteration: 410	56	62	80.04	109
Iteration: 411	56	60	76.28	109
Iteration: 412	56	61	79.16	98
Iteration: 413	56	59	73.64	92
Iteration: 414	56	60	79.64	108
Iteration: 415	56	60	77.72	103
Iteration: 416	56	60	78.32	112
Iteration: 417	56	63	80.2	103
Iteration: 418	56	63	79.44	116
Iteration: 419	56	60	85.48	125
Iteration: 420	56	61	76.16	94
Iteration: 421	56	61	79.64	109
Iteration: 422	56	59	73.68	100
Iteration: 423	56	63	74.92	99
Iteration: 424	56	60	79.56	128
Iteration: 425	56	60	81.88	121
Iteration: 426	56	60	74.16	115
Iteration: 427	56	60	75.16	98
Iteration: 428	56	60	76.32	107
Iteration: 429	56	63	83.76	119
Iteration: 430	56	59	77.68	108
Iteration: 431	56	61	72.68	96
Iteration: 432	56	60	76.16	100
Iteration: 433	56	60	78.12	109
Iteration: 434	56	62	82.76	104
Iteration: 435	56	61	78.12	100
Iteration: 436	56	59	73.92	102
Iteration: 437	56	59	77.4	117
Iteration: 438	56	61	78.08	103
Iteration: 439	56	60	77.64	115
Iteration: 440	56	60	76	98
Iteration: 441	56	60	74.4	102
Iteration: 442	56	61	79.84	102
Iteration: 443	56	61	75.08	97
Iteration: 444	56	60	73.44	96
Iteration: 445	56	59	72.12	100
Iteration: 446	56	60	75.72	101
Iteration: 447	56	60	79.6	112
Iteration: 448	56	60	77.88	122
Iteration: 449	56	59	76.2	96
Iteration: 450	56	60	75.48	119
Iteration: 451	56	60	74.6	97
Iteration: 452	56	60	75.04	95
Iteration: 453	56	60	80.08	110
Iteration: 454	56	59	79.16	115
Iteration: 455	56	61	78.24	108
Iteration: 456	56	60	80.6	115
Iteration: 457	56	60	77.12	102
Iteration: 458	56	60	81.12	109
Iteration: 459	56	61	79.64	102
Iteration: 460	56	61	76.8	116
Iteration: 461	56	61	78.72	107
Iteration: 462	56	60	78.96	98
Iteration: 463	56	60	80.76	113
Iteration: 464	56	60	78.04	108
Iteration: 465	56	60	76.4	105
Iteration: 466	56	61	75.48	114
Iteration: 467	56	61	77.84	98
Iteration: 468	56	61	78.76	119
Iteration: 469	56	59	83.68	112
Iteration: 470	56	60	79.72	112
Iteration: 471	56	60	78.64	109
Iteration: 472	56	61	81.76	109
Iteration: 473	56	67	83.68	120
Iteration: 474	56	64	79.04	109
Iteration: 475	56	63	78.76	104
Iteration: 476	56	59	79.24	101
Iteration: 477	56	60	76.72	109
Iteration: 478	56	60	80.28	120
Iteration: 479	56	66	79.28	107
Iteration: 480	56	62	78.68	122
Iteration: 481	56	59	82.28	107
Iteration: 482	56	62	74.76	102
Iteration: 483	56	60	75.12	96
Iteration: 484	56	61	76.48	112
Iteration: 485	56	59	78.36	102
Iteration: 486	56	60	76.96	108
Iteration: 487	56	62	79.16	111
Iteration: 488	56	62	80.36	102
Iteration: 489	56	60	72.72	119
Iteration: 490	56	59	78.08	103
Iteration: 491	56	61	80.76	118
Iteration: 492	56	60	78.12	104
Iteration: 493	56	62	83.24	119
Iteration: 494	56	62	76.88	106
Iteration: 495	56	61	77.92	118
Iteration: 496	56	63	74.96	89
Iteration: 497	56	62	76.28	95
Iteration: 498	56	61	81.96	98
Iteration: 499	56	60	83.72	116
