Iteration: 0	60	60	78.44	120
Iteration: 1	60	60	73.2	110
Iteration: 2	60	60	78.16	118
Iteration: 3	60	61	79.4	115
Iteration: 4	60	60	79.52	113
Iteration: 5	59	59	76.24	96
Iteration: 6	59	65	77.64	101
Iteration: 7	59	60	76.4	110
Iteration: 8	59	61	79.24	112
Iteration: 9	59	60	78.28	131
Iteration: 10	59	61	77.16	112
Iteration: 11	58	58	78.16	104
Iteration: 12	58	62	78.56	108
Iteration: 13	58	63	79.96	125
Iteration: 14	58	60	76.08	98
Iteration: 15	58	60	81.04	123
Iteration: 16	58	59	78.88	105
Iteration: 17	58	61	75.44	95
Iteration: 18	58	61	76.72	104
Iteration: 19	58	60	76.72	111
Iteration: 20	58	60	79.96	111
Iteration: 21	58	59	79.84	112
Iteration: 22	58	59	73.6	99
Iteration: 23	58	59	79.72	112
Iteration: 24	58	60	80.56	110
Iteration: 25	58	60	79.56	121
Iteration: 26	58	60	78.16	116
Iteration: 27	58	60	76.8	102
Iteration: 28	58	59	75.44	98
Iteration: 29	58	60	78.92	122
Iteration: 30	58	62	80.92	134
Iteration: 31	58	60	77.8	94
Iteration: 32	58	60	79.2	113
Iteration: 33	56	56	77.16	100
Iteration: 34	56	61	78.88	113
Iteration: 35	56	60	78.32	113
Iteration: 36	56	60	79.76	120
Iteration: 37	56	60	76.68	99
Iteration: 38	56	57	80.52	108
Iteration: 39	56	64	80.52	105
Iteration: 40	56	61	83.68	126
Iteration: 41	56	61	79.88	114
Iteration: 42	56	60	75.88	109
Iteration: 43	56	60	81	101
Iteration: 44	56	60	75.44	95
Iteration: 45	56	61	78.08	115
Iteration: 46	56	61	78.72	110
Iteration: 47	56	60	79.2	116
Iteration: 48	56	60	77.56	104
Iteration: 49	56	60	79.16	115
Iteration: 50	56	59	76.68	102
Iteration: 51	56	60	79.04	106
Iteration: 52	56	60	80.8	104
Iteration: 53	56	60	79.32	105
Iteration: 54	56	59	78.68	113
Iteration: 55	56	60	74.48	97
Iteration: 56	56	61	80.8	128
Iteration: 57	56	61	78.08	98
Iteration: 58	56	62	81.16	118
Iteration: 59	56	59	78	106
Iteration: 60	56	60	77.44	121
Iteration: 61	56	60	79.4	103
Iteration: 62	56	60	82.24	126
Iteration: 63	56	62	74.12	91
Iteration: 64	56	60	83.76	116
Iteration: 65	56	59	79.96	109
Iteration: 66	56	61	79.68	107
Iteration: 67	56	62	78.96	110
Iteration: 68	56	62	79.2	103
Iteration: 69	56	61	79.52	97
Iteration: 70	56	60	77.52	104
Iteration: 71	56	64	76.64	103
Iteration: 72	56	61	78.76	109
Iteration: 73	56	60	80.36	110
Iteration: 74	56	60	76.88	101
Iteration: 75	56	67	83.68	102
Iteration: 76	56	62	78.6	111
Iteration: 77	56	63	76.72	107
Iteration: 78	56	60	81.68	121
Iteration: 79	56	60	77.08	110
Iteration: 80	56	62	76.24	96
Iteration: 81	56	63	81.04	117
Iteration: 82	56	60	80.92	111
Iteration: 83	56	60	81.76	110
Iteration: 84	56	61	78.32	103
Iteration: 85	56	66	78.2	105
Iteration: 86	56	60	78.68	96
Iteration: 87	56	62	82.52	120
Iteration: 88	56	60	80.72	117
Iteration: 89	56	63	80.04	101
Iteration: 90	56	59	76.16	125
Iteration: 91	56	62	79.04	107
Iteration: 92	56	60	79.88	101
Iteration: 93	56	61	80.12	108
Iteration: 94	56	64	76.72	98
Iteration: 95	56	60	81.64	101
Iteration: 96	56	56	77.36	107
Iteration: 97	56	60	75.32	98
Iteration: 98	56	62	82.56	115
Iteration: 99	56	63	79.08	100
Iteration: 100	56	61	81.84	110
Iteration: 101	56	62	79.04	105
Iteration: 102	56	62	81	113
Iteration: 103	56	60	76.28	104
Iteration: 104	56	61	81.56	123
Iteration: 105	56	60	79.88	112
Iteration: 106	56	62	78.88	95
Iteration: 107	56	59	81.92	99
Iteration: 108	56	62	77.32	99
Iteration: 109	56	60	78.08	97
Iteration: 110	56	63	77.56	108
Iteration: 111	56	60	73.12	96
Iteration: 112	56	63	80.36	116
Iteration: 113	56	62	80.32	126
Iteration: 114	56	60	78.24	99
Iteration: 115	56	59	79.12	112
Iteration: 116	56	60	77.2	102
Iteration: 117	56	59	80.08	110
Iteration: 118	56	59	78.6	103
Iteration: 119	56	67	84.24	106
Iteration: 120	56	60	80.2	107
Iteration: 121	56	65	81.72	121
Iteration: 122	56	61	78.4	116
Iteration: 123	56	63	76.88	105
Iteration: 124	56	59	80.4	111
Iteration: 125	56	61	78.84	95
Iteration: 126	56	60	80.08	108
Iteration: 127	56	60	76.76	107
Iteration: 128	56	60	77.24	103
Iteration: 129	56	61	75.84	92
Iteration: 130	56	61	77.84	113
Iteration: 131	56	60	76.16	101
Iteration: 132	56	59	79.04	114
Iteration: 133	56	61	77.88	106
Iteration: 134	56	60	78.6	101
Iteration: 135	56	62	79.52	102
Iteration: 136	56	64	81.32	112
Iteration: 137	56	60	77.24	109
Iteration: 138	56	59	76.52	99
Iteration: 139	56	62	80.04	104
Iteration: 140	56	60	77.44	107
Iteration: 141	56	60	73.56	96
Iteration: 142	56	60	73.6	92
Iteration: 143	56	62	76.44	105
Iteration: 144	56	59	75.44	102
Iteration: 145	56	64	79.68	99
Iteration: 146	56	62	79.04	105
Iteration: 147	56	61	78.56	111
Iteration: 148	56	61	78.68	104
Iteration: 149	56	60	76.48	109
Iteration: 150	56	64	80.68	104
Iteration: 151	56	62	79.12	110
Iteration: 152	56	60	78	108
Iteration: 153	56	60	76.32	115
Iteration: 154	56	59	82.28	118
Iteration: 155	56	61	82.08	111
Iteration: 156	56	61	77.68	121
Iteration: 157	56	60	78.88	118
Iteration: 158	56	61	80.08	113
Iteration: 159	56	63	81.52	101
Iteration: 160	56	60	80.76	116
Iteration: 161	56	61	78.08	93
Iteration: 162	56	61	78.08	102
Iteration: 163	56	60	79.24	117
Iteration: 164	56	60	80.52	107
Iteration: 165	56	59	80.2	112
Iteration: 166	56	61	79.56	125
Iteration: 167	56	59	74.8	100
Iteration: 168	56	60	77.4	106
Iteration: 169	56	63	79.96	106
Iteration: 170	56	61	78.56	114
Iteration: 171	56	62	82	105
Iteration: 172	56	60	77.92	114
Iteration: 173	56	61	80.84	105
Iteration: 174	56	60	76.04	115
Iteration: 175	56	62	79.32	99
Iteration: 176	56	61	74.96	111
Iteration: 177	56	59	77.12	107
Iteration: 178	56	62	82.04	117
Iteration: 179	56	64	81.44	103
Iteration: 180	56	61	76.24	91
Iteration: 181	56	63	82.92	106
Iteration: 182	56	61	77.16	96
Iteration: 183	56	60	77.88	95
Iteration: 184	56	60	80.72	128
Iteration: 185	56	60	77.68	108
Iteration: 186	56	60	75.52	117
Iteration: 187	56	59	74.12	109
Iteration: 188	56	60	77.44	112
Iteration: 189	56	59	78.2	104
Iteration: 190	56	60	76.36	105
Iteration: 191	56	59	75.96	110
Iteration: 192	56	61	77.92	116
Iteration: 193	56	60	78.6	104
Iteration: 194	56	62	80.96	109
Iteration: 195	56	61	78.72	117
Iteration: 196	56	61	76.6	118
Iteration: 197	56	60	75.92	92
Iteration: 198	56	67	82.32	116
Iteration: 199	56	61	79.2	106
Iteration: 200	56	60	73.8	105
Iteration: 201	56	60	77.68	104
Iteration: 202	56	61	78.68	107
Iteration: 203	56	61	78.68	123
Iteration: 204	56	60	76.04	112
Iteration: 205	56	61	77	93
Iteration: 206	56	62	79.52	109
Iteration: 207	56	61	78.28	98
Iteration: 208	56	60	79.2	110
Iteration: 209	56	60	76.64	114
Iteration: 210	56	59	79.72	112
Iteration: 211	56	60	78.36	124
Iteration: 212	56	61	80.84	111
Iteration: 213	56	61	81.12	120
Iteration: 214	56	61	74.04	113
Iteration: 215	56	58	76.32	103
Iteration: 216	56	59	79.16	101
Iteration: 217	56	61	77.28	105
Iteration: 218	56	63	77.08	104
Iteration: 219	56	60	78.2	120
Iteration: 220	56	60	77.28	110
Iteration: 221	56	60	80.08	115
Iteration: 222	56	58	77.92	102
Iteration: 223	56	63	78.96	110
Iteration: 224	56	61	78.88	115
Iteration: 225	56	61	78.68	109
Iteration: 226	56	59	78.68	104
Iteration: 227	56	61	78.04	121
Iteration: 228	56	63	75.08	90
Iteration: 229	56	60	81.84	124
Iteration: 230	56	60	70.08	111
Iteration: 231	56	63	75.76	99
Iteration: 232	56	59	80.52	122
Iteration: 233	56	60	74	119
Iteration: 234	56	63	78.92	112
Iteration: 235	56	62	77.56	107
Iteration: 236	56	65	80.32	100
Iteration: 237	56	62	80.52	113
Iteration: 238	56	60	81.28	105
Iteration: 239	56	61	75.92	99
Iteration: 240	56	59	78.68	114
Iteration: 241	56	59	81.64	125
Iteration: 242	56	59	83	112
Iteration: 243	56	60	77.88	106
Iteration: 244	56	61	78.32	100
Iteration: 245	56	59	74.88	117
Iteration: 246	56	60	80.84	110
Iteration: 247	56	59	79.32	114
Iteration: 248	56	63	76.28	108
Iteration: 249	56	61	80.84	111
Iteration: 250	56	61	82.56	114
Iteration: 251	56	60	78.56	109
Iteration: 252	56	60	76.2	102
Iteration: 253	56	59	77.24	100
Iteration: 254	56	64	80.96	112
Iteration: 255	56	59	80.16	118
Iteration: 256	56	60	82.96	113
Iteration: 257	56	60	77.88	106
Iteration: 258	56	61	74.12	93
Iteration: 259	56	62	78.16	103
Iteration: 260	56	60	77.16	96
Iteration: 261	56	60	76.96	111
Iteration: 262	56	61	75.72	98
Iteration: 263	56	59	77	120
Iteration: 264	56	63	78.28	102
Iteration: 265	56	60	76.48	109
Iteration: 266	56	62	78.4	115
Iteration: 267	56	62	83.2	119
Iteration: 268	56	60	77.72	98
Iteration: 269	56	62	76.68	108
Iteration: 270	56	58	75.04	114
Iteration: 271	56	60	76.04	104
Iteration: 272	56	60	84.88	122
Iteration: 273	56	62	74.92	93
Iteration: 274	56	60	79.6	100
Iteration: 275	56	65	80.52	105
Iteration: 276	56	61	77.64	95
Iteration: 277	56	59	78.12	114
Iteration: 278	56	57	74.32	89
Iteration: 279	56	60	76.4	100
Iteration: 280	56	62	77.2	96
Iteration: 281	56	63	82.76	105
Iteration: 282	56	59	72.48	91
Iteration: 283	56	59	74.2	100
Iteration: 284	56	60	78.64	115
Iteration: 285	56	59	77.6	109
Iteration: 286	56	60	81.4	116
Iteration: 287	56	60	79.52	112
Iteration: 288	56	59	82.2	122
Iteration: 289	56	60	79.08	109
Iteration: 290	56	60	76.64	106
Iteration: 291	56	62	79.48	119
Iteration: 292	56	60	74.8	96
Iteration: 293	56	60	79.24	111
Iteration: 294	56	62	81.88	110
Iteration: 295	56	60	76.16	106
Iteration: 296	56	61	78.76	121
Iteration: 297	56	59	76.6	101
Iteration: 298	56	62	81.12	105
Iteration: 299	56	64	77.44	112
Iteration: 300	56	62	76.48	120
Iteration: 301	56	62	78.2	97
Iteration: 302	56	60	76.36	105
Iteration: 303	56	59	80.16	118
Iteration: 304	56	64	80.12	105
Iteration: 305	56	62	78.92	106
Iteration: 306	56	62	79.92	107
Iteration: 307	56	60	78.24	100
Iteration: 308	56	62	81.36	122
Iteration: 309	56	60	75.68	92
Iteration: 310	56	62	82.28	116
Iteration: 311	56	59	75.16	94
Iteration: 312	56	60	82.44	121
Iteration: 313	56	60	77.04	121
Iteration: 314	56	60	77.64	107
Iteration: 315	56	61	80.08	105
Iteration: 316	56	61	78.84	104
Iteration: 317	56	59	78.08	124
Iteration: 318	56	59	80.28	109
Iteration: 319	56	60	76.6	92
Iteration: 320	56	59	75.16	108
Iteration: 321	56	60	80.16	115
Iteration: 322	56	59	83.68	126
Iteration: 323	56	61	75.92	110
Iteration: 324	56	60	75.72	118
Iteration: 325	56	60	77.52	109
Iteration: 326	56	65	82.08	101
Iteration: 327	56	59	75.96	123
Iteration: 328	56	60	73.56	89
Iteration: 329	56	60	76.84	106
Iteration: 330	56	59	74.12	122
Iteration: 331	56	60	81.52	114
Iteration: 332	56	60	73.8	99
Iteration: 333	56	59	77.24	122
Iteration: 334	56	58	76.52	94
Iteration: 335	56	60	79.2	101
Iteration: 336	56	60	74.28	95
Iteration: 337	56	59	73.92	106
Iteration: 338	56	60	81.96	118
Iteration: 339	56	60	77.68	110
Iteration: 340	56	63	78.04	106
Iteration: 341	56	60	81.64	107
Iteration: 342	56	60	77.68	110
Iteration: 343	56	60	81.04	116
Iteration: 344	56	60	75.92	108
Iteration: 345	56	57	76.68	112
Iteration: 346	56	60	80.48	110
Iteration: 347	56	63	81.56	100
Iteration: 348	56	62	79.76	101
Iteration: 349	56	61	75.84	111
Iteration: 350	56	60	77.16	119
Iteration: 351	56	59	78.68	104
Iteration: 352	56	64	83.64	112
Iteration: 353	56	60	76.04	100
Iteration: 354	56	61	78.76	108
Iteration: 355	56	60	74.36	94
Iteration: 356	56	60	81.76	106
Iteration: 357	56	61	75.64	92
Iteration: 358	56	60	80.72	113
Iteration: 359	56	62	81.4	110
Iteration: 360	56	60	76.76	108
Iteration: 361	56	61	81	104
Iteration: 362	56	60	77.6	123
Iteration: 363	56	59	79.16	126
Iteration: 364	56	60	82.04	110
Iteration: 365	56	61	77.4	100
Iteration: 366	56	60	78.32	126
Iteration: 367	56	64	81.04	110
Iteration: 368	56	60	76.56	105
Iteration: 369	56	60	77.6	104
Iteration: 370	56	62	78.84	108
Iteration: 371	56	60	75.64	100
Iteration: 372	56	60	75.68	108
Iteration: 373	56	59	74.84	92
Iteration: 374	56	62	73.44	96
Iteration: 375	56	60	73.32	94
Iteration: 376	56	60	78.6	123
Iteration: 377	56	59	73.36	122
Iteration: 378	56	60	78.68	107
Iteration: 379	56	60	75.84	125
Iteration: 380	56	67	82	109
Iteration: 381	56	60	76.68	110
Iteration: 382	56	63	78.12	100
Iteration: 383	56	62	81.64	105
Iteration: 384	56	63	83.84	105
Iteration: 385	56	61	79.16	108
Iteration: 386	56	61	77.24	115
Iteration: 387	56	60	81.08	119
Iteration: 388	56	60	76.04	99
Iteration: 389	56	59	77.24	102
Iteration: 390	56	60	78.56	109
Iteration: 391	56	61	79.92	110
Iteration: 392	56	62	80.44	113
Iteration: 393	56	61	75.64	98
Iteration: 394	56	62	78.88	109
Iteration: 395	56	63	80.8	106
Iteration: 396	56	60	80.12	113
Iteration: 397	56	61	79.08	114
Iteration: 398	56	60	77	106
Iteration: 399	56	59	75.12	98
Iteration: 400	56	61	76.28	100
Iteration: 401	56	60	79.72	113
Iteration: 402	56	60	77.64	102
Iteration: 403	56	59	77.48	103
Iteration: 404	56	59	76.64	105
Iteration: 405	56	60	80.44	128
Iteration: 406	56	60	74.48	105
Iteration: 407	56	61	82.8	119
Iteration: 408	56	60	76.32	102
Iteration: 409	56	59	81.56	104
Iteration: 410	56	61	75.08	117
Iteration: 411	56	60	79	102
Iteration: 412	56	60	79.56	128
Iteration: 413	56	60	80.72	102
Iteration: 414	56	60	80.24	105
Iteration: 415	56	60	79.6	111
Iteration: 416	56	61	80.92	104
Iteration: 417	56	59	77.72	97
Iteration: 418	56	60	78	105
Iteration: 419	56	60	78.72	108
Iteration: 420	56	60	78.68	123
Iteration: 421	56	62	74.28	105
Iteration: 422	56	60	77.84	103
Iteration: 423	56	60	75.6	100
Iteration: 424	56	61	78.4	112
Iteration: 425	56	59	82.44	103
Iteration: 426	56	62	81.68	117
Iteration: 427	56	60	77.2	101
Iteration: 428	56	60	80.76	119
Iteration: 429	56	61	79.88	117
Iteration: 430	56	60	76.72	107
Iteration: 431	56	65	77.68	109
Iteration: 432	56	62	80.96	116
Iteration: 433	56	60	75.92	102
Iteration: 434	56	63	80.96	96
Iteration: 435	56	60	79.52	106
Iteration: 436	56	60	82.12	106
Iteration: 437	56	60	78.16	116
Iteration: 438	56	60	79.68	106
Iteration: 439	56	60	76.84	122
Iteration: 440	56	62	78.12	107
Iteration: 441	56	59	80.04	110
Iteration: 442	56	59	76.44	110
Iteration: 443	56	59	72.68	91
Iteration: 444	56	65	82.8	107
Iteration: 445	56	60	78.52	99
Iteration: 446	56	60	77.4	99
Iteration: 447	56	61	76.48	105
Iteration: 448	56	59	79.2	114
Iteration: 449	56	59	78.44	107
Iteration: 450	56	61	82.76	110
Iteration: 451	56	59	79.2	124
Iteration: 452	56	60	81.04	107
Iteration: 453	56	61	77.92	107
Iteration: 454	56	59	79.08	104
Iteration: 455	56	60	77.8	97
Iteration: 456	56	60	74.04	98
Iteration: 457	56	60	80.16	103
Iteration: 458	56	64	79	100
Iteration: 459	56	59	78.2	108
Iteration: 460	56	60	81.6	109
Iteration: 461	56	60	82.36	105
Iteration: 462	56	60	74.84	98
Iteration: 463	56	63	81.4	113
Iteration: 464	56	60	75.48	96
Iteration: 465	56	61	81.56	104
Iteration: 466	56	59	76.64	102
Iteration: 467	56	60	79.88	111
Iteration: 468	56	59	78.32	114
Iteration: 469	56	60	76.12	107
Iteration: 470	56	63	77.36	97
Iteration: 471	56	62	81	113
Iteration: 472	56	62	82.76	120
Iteration: 473	56	63	79	101
Iteration: 474	56	59	80.92	109
Iteration: 475	56	63	77.44	103
Iteration: 476	56	62	82.72	108
Iteration: 477	56	60	73.4	97
Iteration: 478	56	60	77.48	121
Iteration: 479	56	60	78.44	111
Iteration: 480	56	62	81.44	121
Iteration: 481	56	60	76.36	108
Iteration: 482	56	62	78.32	107
Iteration: 483	56	59	77.76	113
Iteration: 484	56	59	78.08	115
Iteration: 485	56	60	83.28	134
Iteration: 486	56	60	79.84	123
Iteration: 487	56	59	74.32	111
Iteration: 488	56	60	73.96	105
Iteration: 489	56	60	75.4	99
Iteration: 490	56	60	80.92	104
Iteration: 491	56	59	79	111
Iteration: 492	56	59	78.52	103
Iteration: 493	56	60	77.56	100
Iteration: 494	56	62	80.12	110
Iteration: 495	56	59	72.56	103
Iteration: 496	56	60	81.68	116
Iteration: 497	56	60	74.12	98
Iteration: 498	56	60	77.52	106
Iteration: 499	56	64	81.48	102
