Iteration: 0	61	61	79.12	118
Iteration: 1	61	61	80.68	130
Iteration: 2	60	60	76.84	109
Iteration: 3	60	62	82.92	112
Iteration: 4	59	59	78.04	113
Iteration: 5	59	59	76	112
Iteration: 6	59	60	78.52	113
Iteration: 7	59	60	79.12	104
Iteration: 8	59	66	79.12	108
Iteration: 9	59	61	77.64	114
Iteration: 10	57	57	75.08	106
Iteration: 11	57	62	80.76	107
Iteration: 12	57	59	76.68	112
Iteration: 13	57	63	77.36	119
Iteration: 14	57	59	78.12	112
Iteration: 15	57	60	81.12	120
Iteration: 16	57	62	77.24	121
Iteration: 17	57	62	76.04	102
Iteration: 18	57	60	76.64	100
Iteration: 19	57	60	76.8	103
Iteration: 20	55	55	78.24	106
Iteration: 21	55	60	78.72	111
Iteration: 22	55	59	71.8	97
Iteration: 23	55	59	76.76	112
Iteration: 24	55	61	78.6	111
Iteration: 25	55	59	79.28	113
Iteration: 26	55	60	75.32	95
Iteration: 27	55	65	83.16	117
Iteration: 28	55	63	82.88	113
Iteration: 29	55	59	78.36	103
Iteration: 30	55	60	75.52	96
Iteration: 31	55	60	84.56	115
Iteration: 32	55	60	76.08	111
Iteration: 33	55	59	78.8	113
Iteration: 34	55	63	82.04	108
Iteration: 35	55	60	79.84	123
Iteration: 36	55	60	73.8	106
Iteration: 37	55	60	80.24	125
Iteration: 38	55	60	77.28	120
Iteration: 39	55	62	73.2	90
Iteration: 40	55	60	81.2	118
Iteration: 41	55	60	75.76	94
Iteration: 42	55	63	74.88	115
Iteration: 43	55	63	82.16	120
Iteration: 44	55	60	77.88	108
Iteration: 45	55	60	79.04	100
Iteration: 46	55	62	76.08	104
Iteration: 47	55	61	77.52	115
Iteration: 48	55	60	78.52	106
Iteration: 49	55	61	79.76	112
Iteration: 50	55	60	82.68	119
Iteration: 51	55	63	82.52	105
Iteration: 52	55	60	77.92	108
Iteration: 53	55	60	77.56	103
Iteration: 54	55	57	78.68	117
Iteration: 55	55	61	77.44	101
Iteration: 56	55	60	78.48	107
Iteration: 57	55	60	77.68	105
Iteration: 58	55	60	79.52	113
Iteration: 59	55	62	76.48	106
Iteration: 60	55	66	81.6	122
Iteration: 61	55	60	78.36	107
Iteration: 62	55	61	78.48	98
Iteration: 63	55	61	77.12	100
Iteration: 64	55	59	79.48	114
Iteration: 65	55	61	79.52	111
Iteration: 66	55	61	75.2	90
Iteration: 67	55	60	79.2	107
Iteration: 68	55	63	76.68	111
Iteration: 69	55	60	80.08	118
Iteration: 70	55	60	79.68	108
Iteration: 71	55	60	77.2	95
Iteration: 72	55	63	79.84	119
Iteration: 73	55	61	78.72	96
Iteration: 74	55	60	78.84	125
Iteration: 75	55	61	77.48	104
Iteration: 76	55	65	79.28	110
Iteration: 77	55	61	79.36	106
Iteration: 78	55	59	77.56	105
Iteration: 79	55	59	77.4	98
Iteration: 80	55	60	78.12	108
Iteration: 81	55	61	80.48	105
Iteration: 82	55	63	76.2	123
Iteration: 83	55	61	77.88	102
Iteration: 84	55	63	82	109
Iteration: 85	55	60	75.92	99
Iteration: 86	55	60	79.04	117
Iteration: 87	55	60	81.24	109
Iteration: 88	55	60	79.4	111
Iteration: 89	55	60	80.68	116
Iteration: 90	55	60	80.2	119
Iteration: 91	55	62	78.96	113
Iteration: 92	55	60	77.24	96
Iteration: 93	55	60	83.96	124
Iteration: 94	55	59	82.52	122
Iteration: 95	55	62	81.12	126
Iteration: 96	55	59	80.6	111
Iteration: 97	55	60	78.6	126
Iteration: 98	55	60	76.96	103
Iteration: 99	55	60	76.52	109
Iteration: 100	55	62	80.76	102
Iteration: 101	55	60	77.24	101
Iteration: 102	55	61	73.76	95
Iteration: 103	55	59	80.64	119
Iteration: 104	55	60	76.36	102
Iteration: 105	55	61	81.04	110
Iteration: 106	55	60	74.16	99
Iteration: 107	55	59	74.12	100
Iteration: 108	55	62	77.44	108
Iteration: 109	55	60	77.72	98
Iteration: 110	55	62	82.52	110
Iteration: 111	55	60	75.32	113
Iteration: 112	55	60	79.32	98
Iteration: 113	55	60	77.6	102
Iteration: 114	55	59	76.52	111
Iteration: 115	55	60	81.96	108
Iteration: 116	55	60	77.36	109
Iteration: 117	55	58	77.92	115
Iteration: 118	55	61	82.68	128
Iteration: 119	55	60	81.8	120
Iteration: 120	55	60	81.96	115
Iteration: 121	55	62	84.2	120
Iteration: 122	55	62	77.44	109
Iteration: 123	55	61	81.36	126
Iteration: 124	55	60	80.44	102
Iteration: 125	55	60	82.16	103
Iteration: 126	55	60	80.2	103
Iteration: 127	55	60	76.56	102
Iteration: 128	55	62	78.92	103
Iteration: 129	55	63	82.28	113
Iteration: 130	55	59	73.76	102
Iteration: 131	55	60	78.52	111
Iteration: 132	55	59	75.52	103
Iteration: 133	55	60	77.4	104
Iteration: 134	55	60	78.72	107
Iteration: 135	55	62	80.96	113
Iteration: 136	55	60	78.92	110
Iteration: 137	55	61	81.64	113
Iteration: 138	55	61	80.76	106
Iteration: 139	55	64	79.4	107
Iteration: 140	55	61	77.24	109
Iteration: 141	55	59	73.56	108
Iteration: 142	55	59	79.24	112
Iteration: 143	55	60	77.4	106
Iteration: 144	55	59	77.84	104
Iteration: 145	55	60	76.6	109
Iteration: 146	55	60	79.92	102
Iteration: 147	55	62	76.28	103
Iteration: 148	55	60	78.72	119
Iteration: 149	55	62	78.48	104
Iteration: 150	55	60	79.08	110
Iteration: 151	55	60	78	103
Iteration: 152	55	60	78.28	108
Iteration: 153	55	61	75.36	115
Iteration: 154	55	59	80.04	110
Iteration: 155	55	59	77.68	115
Iteration: 156	55	59	77.6	101
Iteration: 157	55	59	79.84	110
Iteration: 158	55	64	83.12	114
Iteration: 159	55	59	75.04	100
Iteration: 160	55	60	79.8	103
Iteration: 161	55	60	75.8	96
Iteration: 162	55	62	78.76	103
Iteration: 163	55	60	79.56	128
Iteration: 164	55	61	75.12	92
Iteration: 165	55	60	77.8	105
Iteration: 166	55	61	82.08	112
Iteration: 167	55	60	78.52	102
Iteration: 168	55	61	80.64	126
Iteration: 169	55	64	78.92	98
Iteration: 170	55	59	83.52	112
Iteration: 171	55	62	77.88	100
Iteration: 172	55	60	81.48	132
Iteration: 173	55	62	80.08	116
Iteration: 174	55	60	74.36	106
Iteration: 175	55	60	83.8	111
Iteration: 176	55	60	78.76	113
Iteration: 177	55	62	76.24	97
Iteration: 178	55	60	77.52	102
Iteration: 179	55	59	83.6	110
Iteration: 180	55	64	78.36	98
Iteration: 181	55	59	80.8	107
Iteration: 182	55	60	79.28	104
Iteration: 183	55	63	80.64	114
Iteration: 184	55	60	81.48	128
Iteration: 185	55	61	79.72	104
Iteration: 186	55	61	77.88	108
Iteration: 187	55	61	79.16	106
Iteration: 188	55	62	76.68	99
Iteration: 189	55	60	80.08	115
Iteration: 190	55	61	77.96	110
Iteration: 191	55	62	79.76	105
Iteration: 192	55	60	77.72	111
Iteration: 193	55	61	78.64	128
Iteration: 194	55	61	77.6	102
Iteration: 195	55	64	77.92	118
Iteration: 196	55	60	78.56	109
Iteration: 197	55	60	79.04	106
Iteration: 198	55	62	79.32	120
Iteration: 199	55	60	75.84	101
Iteration: 200	55	62	77.68	103
Iteration: 201	55	60	76.92	104
Iteration: 202	55	59	80.92	101
Iteration: 203	55	59	73.64	96
Iteration: 204	55	60	76.12	107
Iteration: 205	55	61	76.32	102
Iteration: 206	55	60	75.76	101
Iteration: 207	55	63	83.28	118
Iteration: 208	55	60	76.36	98
Iteration: 209	55	59	76.12	98
Iteration: 210	55	61	75.88	121
Iteration: 211	55	59	78.56	115
Iteration: 212	55	60	78.36	118
Iteration: 213	55	61	78.36	125
Iteration: 214	55	59	78.96	103
Iteration: 215	55	60	78.56	116
Iteration: 216	55	61	81.32	103
Iteration: 217	55	63	80.48	99
Iteration: 218	55	61	76.68	102
Iteration: 219	55	59	76.68	104
Iteration: 220	55	60	79.2	120
Iteration: 221	55	59	79.04	119
Iteration: 222	55	63	81.52	102
Iteration: 223	55	61	75.48	105
Iteration: 224	55	60	79.32	108
Iteration: 225	55	60	78.64	108
Iteration: 226	55	63	80.88	102
Iteration: 227	55	61	80.72	111
Iteration: 228	55	62	77.24	108
Iteration: 229	55	60	76.6	101
Iteration: 230	55	61	77.36	111
Iteration: 231	55	59	75.72	103
Iteration: 232	55	60	74.92	106
Iteration: 233	55	62	78.8	104
Iteration: 234	55	60	77.12	117
Iteration: 235	55	60	81	117
Iteration: 236	55	59	76.08	104
Iteration: 237	55	60	77.72	103
Iteration: 238	55	61	78.28	107
Iteration: 239	55	59	79.56	106
Iteration: 240	55	60	82.6	103
Iteration: 241	55	59	77.4	107
Iteration: 242	55	60	81.04	115
Iteration: 243	55	60	78.64	111
Iteration: 244	55	60	81.64	118
Iteration: 245	55	64	81.72	109
Iteration: 246	55	60	80.2	109
Iteration: 247	55	63	81.16	122
Iteration: 248	55	59	76.84	98
Iteration: 249	55	60	79.16	110
Iteration: 250	55	65	83.6	120
Iteration: 251	55	60	83.48	110
Iteration: 252	55	60	74.4	110
Iteration: 253	55	61	78.88	94
Iteration: 254	55	60	75.96	104
Iteration: 255	55	59	78.44	118
Iteration: 256	55	60	77.64	101
Iteration: 257	55	60	76.92	118
Iteration: 258	55	60	77	106
Iteration: 259	55	61	78.8	105
Iteration: 260	55	60	77.72	98
Iteration: 261	55	60	76.52	106
Iteration: 262	55	61	80.08	102
Iteration: 263	55	60	78.4	107
Iteration: 264	55	62	84.8	127
Iteration: 265	55	59	75.36	105
Iteration: 266	55	62	81.96	117
Iteration: 267	55	60	76.56	101
Iteration: 268	55	59	79.36	115
Iteration: 269	55	60	75.32	113
Iteration: 270	55	60	78.56	107
Iteration: 271	55	60	79.44	120
Iteration: 272	55	61	78.28	103
Iteration: 273	55	66	82.24	106
Iteration: 274	55	65	83.36	106
Iteration: 275	55	60	80.56	107
Iteration: 276	55	60	81.4	109
Iteration: 277	55	60	76.12	107
Iteration: 278	55	60	74.4	101
Iteration: 279	55	59	82.8	113
Iteration: 280	55	60	82.12	117
Iteration: 281	55	55	79.96	107
Iteration: 282	55	60	83.4	124
Iteration: 283	55	60	81.4	107
Iteration: 284	55	60	74.64	100
Iteration: 285	55	67	79.96	101
Iteration: 286	55	60	80	105
Iteration: 287	55	60	79.32	111
Iteration: 288	55	60	75.6	119
Iteration: 289	55	60	76.24	109
Iteration: 290	55	61	79.96	113
Iteration: 291	55	60	78.24	110
Iteration: 292	55	63	81.28	110
Iteration: 293	55	60	78.24	123
Iteration: 294	55	59	76.68	99
Iteration: 295	55	60	76.12	96
Iteration: 296	55	61	81.32	102
Iteration: 297	55	61	81.28	114
Iteration: 298	55	63	80.16	118
Iteration: 299	55	62	79.12	102
Iteration: 300	55	60	78.72	111
Iteration: 301	55	59	78.12	98
Iteration: 302	55	57	77.52	108
Iteration: 303	55	59	73.72	92
Iteration: 304	55	60	80	108
Iteration: 305	55	61	81.56	131
Iteration: 306	55	60	81.76	107
Iteration: 307	55	61	79.28	109
Iteration: 308	55	61	80.36	102
Iteration: 309	55	61	75.68	104
Iteration: 310	55	60	78.12	109
Iteration: 311	55	60	74.24	112
Iteration: 312	55	63	77.88	107
Iteration: 313	55	63	82.16	126
Iteration: 314	55	59	77.72	98
Iteration: 315	55	60	80.76	106
Iteration: 316	55	63	79	102
Iteration: 317	55	59	83.56	114
Iteration: 318	55	60	76.2	108
Iteration: 319	55	64	82.64	126
Iteration: 320	55	60	79.6	111
Iteration: 321	55	60	81.44	113
Iteration: 322	55	63	80.36	110
Iteration: 323	55	60	80.84	113
Iteration: 324	55	60	76.96	108
Iteration: 325	55	61	78.32	121
Iteration: 326	55	60	77.84	94
Iteration: 327	55	60	75.76	92
Iteration: 328	55	60	80.84	112
Iteration: 329	55	62	78.56	105
Iteration: 330	55	59	78.6	105
Iteration: 331	55	60	74	108
Iteration: 332	55	60	80.24	108
Iteration: 333	55	61	80.92	112
Iteration: 334	55	60	74.6	96
Iteration: 335	55	60	74.28	101
Iteration: 336	55	59	79.12	123
Iteration: 337	55	60	82.56	121
Iteration: 338	55	58	74.6	105
Iteration: 339	55	62	78	98
Iteration: 340	55	62	73.96	98
Iteration: 341	55	60	81	125
Iteration: 342	55	60	79.44	110
Iteration: 343	55	64	82.2	112
Iteration: 344	55	60	79.08	116
Iteration: 345	55	59	78.12	99
Iteration: 346	55	60	75.8	99
Iteration: 347	55	60	77.6	104
Iteration: 348	55	63	79	105
Iteration: 349	55	61	81.4	116
Iteration: 350	55	61	79.52	125
Iteration: 351	55	61	79.88	110
Iteration: 352	55	60	75.28	132
Iteration: 353	55	60	81.72	120
Iteration: 354	55	60	76.68	92
Iteration: 355	55	59	78.16	118
Iteration: 356	55	59	74.24	106
Iteration: 357	55	60	85.84	118
Iteration: 358	55	61	75.08	101
Iteration: 359	55	59	79.76	100
Iteration: 360	55	65	78.68	106
Iteration: 361	55	59	74.4	117
Iteration: 362	55	60	77.72	109
Iteration: 363	55	60	77.88	102
Iteration: 364	55	60	81.52	120
Iteration: 365	55	60	77.84	105
Iteration: 366	55	61	79.32	108
Iteration: 367	55	60	80.48	116
Iteration: 368	55	60	75	99
Iteration: 369	55	61	81.4	105
Iteration: 370	55	60	78.04	102
Iteration: 371	55	60	82.56	123
Iteration: 372	55	61	78.28	110
Iteration: 373	55	60	74.2	102
Iteration: 374	55	63	83.48	117
Iteration: 375	55	59	73.2	107
Iteration: 376	55	56	77.08	107
Iteration: 377	55	59	79.32	116
Iteration: 378	55	61	79.8	110
Iteration: 379	55	59	80.2	111
Iteration: 380	55	62	84	112
Iteration: 381	55	63	84.16	111
Iteration: 382	55	62	76.28	107
Iteration: 383	55	61	78.04	102
Iteration: 384	55	60	76.92	112
Iteration: 385	55	63	79.12	108
Iteration: 386	55	60	82.2	110
Iteration: 387	55	60	76.28	99
Iteration: 388	55	60	75.24	110
Iteration: 389	55	63	79.16	104
Iteration: 390	55	63	81.48	101
Iteration: 391	55	60	76.2	98
Iteration: 392	55	61	77.96	100
Iteration: 393	55	65	81.08	106
Iteration: 394	55	60	76.84	105
Iteration: 395	55	61	76.2	100
Iteration: 396	55	60	79.48	99
Iteration: 397	55	64	81.4	109
Iteration: 398	55	59	78.88	113
Iteration: 399	55	64	82	108
Iteration: 400	55	62	76.16	92
Iteration: 401	55	60	78.96	108
Iteration: 402	55	60	81.48	124
Iteration: 403	55	60	75.56	114
Iteration: 404	55	62	86.12	124
Iteration: 405	55	61	83.28	124
Iteration: 406	55	61	80.76	105
Iteration: 407	55	61	81.4	119
Iteration: 408	55	60	80.04	108
Iteration: 409	55	59	77.4	95
Iteration: 410	55	60	81.2	121
Iteration: 411	55	59	78.2	110
Iteration: 412	55	59	79.72	105
Iteration: 413	55	61	81.84	107
Iteration: 414	55	59	76.56	107
Iteration: 415	55	60	80.24	122
Iteration: 416	55	60	75.64	97
Iteration: 417	55	60	78.12	105
Iteration: 418	55	60	74.48	103
Iteration: 419	55	59	80.12	105
Iteration: 420	55	61	75.8	108
Iteration: 421	55	62	82.44	109
Iteration: 422	55	64	82.8	104
Iteration: 423	55	62	79.76	101
Iteration: 424	55	62	79.64	104
Iteration: 425	55	59	80.92	118
Iteration: 426	55	62	79.96	124
Iteration: 427	55	60	74.88	106
Iteration: 428	55	63	77.16	115
Iteration: 429	55	60	81.24	126
Iteration: 430	55	60	83.08	120
Iteration: 431	55	61	83.8	118
Iteration: 432	55	59	81.08	122
Iteration: 433	55	59	77	98
Iteration: 434	55	60	75.36	107
Iteration: 435	55	60	80	106
Iteration: 436	55	62	80.92	111
Iteration: 437	55	59	78.92	115
Iteration: 438	55	61	82.04	107
Iteration: 439	55	64	78.88	108
Iteration: 440	55	60	76.92	108
Iteration: 441	55	60	81.24	107
Iteration: 442	55	61	72.04	84
Iteration: 443	55	61	78.48	104
Iteration: 444	55	61	79.64	114
Iteration: 445	55	61	77.68	122
Iteration: 446	55	61	76.8	97
Iteration: 447	55	65	82.32	117
Iteration: 448	55	62	77.8	109
Iteration: 449	55	61	78.6	110
Iteration: 450	55	60	72.64	93
Iteration: 451	55	60	81.56	110
Iteration: 452	55	62	81.36	112
Iteration: 453	55	62	78.92	108
Iteration: 454	55	60	79.16	104
Iteration: 455	55	60	74.88	96
Iteration: 456	55	60	80.6	111
Iteration: 457	55	62	79.2	119
Iteration: 458	55	63	77.92	103
Iteration: 459	55	61	74.96	106
Iteration: 460	55	60	78.52	119
Iteration: 461	55	61	81.96	109
Iteration: 462	55	61	80.44	108
Iteration: 463	55	60	76.28	95
Iteration: 464	55	64	81.72	110
Iteration: 465	55	60	75.8	97
Iteration: 466	55	60	80.96	125
Iteration: 467	55	60	76.92	102
Iteration: 468	55	60	74.36	108
Iteration: 469	55	60	78.64	112
Iteration: 470	55	60	79.08	113
Iteration: 471	55	59	77.48	105
Iteration: 472	55	59	81.16	113
Iteration: 473	55	61	75.92	111
Iteration: 474	55	60	80.72	116
Iteration: 475	55	60	80	107
Iteration: 476	55	60	77.4	97
Iteration: 477	55	63	78.72	102
Iteration: 478	55	60	82.76	110
Iteration: 479	55	60	76.04	107
Iteration: 480	55	61	79.24	108
Iteration: 481	55	59	79.56	103
Iteration: 482	55	59	77.48	105
Iteration: 483	55	59	79.36	100
Iteration: 484	55	60	76.96	110
Iteration: 485	55	60	79	123
Iteration: 486	55	61	78.16	100
Iteration: 487	55	59	81.08	105
Iteration: 488	55	64	78.92	118
Iteration: 489	55	63	80.4	108
Iteration: 490	55	61	79.76	107
Iteration: 491	55	59	79.72	115
Iteration: 492	55	61	80.2	121
Iteration: 493	55	61	81.64	101
Iteration: 494	55	60	72.84	97
Iteration: 495	55	60	79.52	113
Iteration: 496	55	59	77.64	119
Iteration: 497	55	60	80.56	122
Iteration: 498	55	60	77.52	113
Iteration: 499	55	61	79.84	103
