Iteration: 0	61	61	79.28	102
Iteration: 1	60	60	78.52	111
Iteration: 2	60	61	75.6	102
Iteration: 3	59	59	80.72	116
Iteration: 4	59	59	81.68	114
Iteration: 5	59	62	81.08	108
Iteration: 6	59	59	76.32	103
Iteration: 7	59	60	77.84	120
Iteration: 8	59	60	80.56	119
Iteration: 9	59	60	76.08	105
Iteration: 10	59	60	80.4	118
Iteration: 11	59	60	75.8	107
Iteration: 12	59	60	76.84	98
Iteration: 13	59	61	76.64	96
Iteration: 14	59	60	76.8	99
Iteration: 15	59	59	75.6	106
Iteration: 16	59	61	78.88	111
Iteration: 17	59	61	78.88	100
Iteration: 18	59	59	73.64	95
Iteration: 19	59	61	81.64	115
Iteration: 20	59	59	76.52	103
Iteration: 21	59	59	80.96	120
Iteration: 22	59	60	76.08	99
Iteration: 23	59	60	77.6	109
Iteration: 24	59	64	80.04	102
Iteration: 25	59	60	81.56	121
Iteration: 26	59	60	75.48	102
Iteration: 27	59	61	78.12	111
Iteration: 28	59	60	77.96	107
Iteration: 29	59	60	77.92	108
Iteration: 30	59	61	75.04	103
Iteration: 31	59	59	73.68	94
Iteration: 32	59	59	79.12	123
Iteration: 33	59	63	83.32	114
Iteration: 34	59	59	70.48	89
Iteration: 35	59	60	78.44	128
Iteration: 36	59	61	77.96	110
Iteration: 37	59	59	79.52	107
Iteration: 38	59	61	77.52	110
Iteration: 39	59	59	80.2	105
Iteration: 40	59	62	78.36	100
Iteration: 41	59	60	76	104
Iteration: 42	59	59	81.44	107
Iteration: 43	59	60	77.72	110
Iteration: 44	59	60	79.8	102
Iteration: 45	59	60	76.08	101
Iteration: 46	59	60	81.52	122
Iteration: 47	59	60	77.96	103
Iteration: 48	59	63	78.68	96
Iteration: 49	59	61	74.68	104
Iteration: 50	59	60	76.08	112
Iteration: 51	59	59	75.32	108
Iteration: 52	58	58	78.68	104
Iteration: 53	58	62	79.64	105
Iteration: 54	58	62	85.64	120
Iteration: 55	58	64	82.52	123
Iteration: 56	58	63	77.24	113
Iteration: 57	58	60	80.04	111
Iteration: 58	58	63	74.88	92
Iteration: 59	58	60	75.44	103
Iteration: 60	58	62	75.36	102
Iteration: 61	58	60	75.28	89
Iteration: 62	58	59	76.72	119
Iteration: 63	58	59	79.64	107
Iteration: 64	58	61	78.64	113
Iteration: 65	58	60	76.16	100
Iteration: 66	58	63	83.56	105
Iteration: 67	58	60	76.44	93
Iteration: 68	58	59	77	112
Iteration: 69	58	60	76.2	99
Iteration: 70	56	56	75.2	110
Iteration: 71	56	59	81.12	122
Iteration: 72	56	59	79.6	117
Iteration: 73	56	60	75.6	102
Iteration: 74	56	60	76.48	121
Iteration: 75	56	60	78.4	110
Iteration: 76	56	61	83.56	112
Iteration: 77	56	60	77.16	108
Iteration: 78	56	61	79.24	109
Iteration: 79	56	60	78.28	108
Iteration: 80	56	60	80.6	103
Iteration: 81	56	60	82.72	115
Iteration: 82	56	60	84.28	116
Iteration: 83	56	60	79.92	100
Iteration: 84	56	62	78.6	115
Iteration: 85	56	60	78.2	99
Iteration: 86	56	62	80.96	120
Iteration: 87	56	59	74.44	102
Iteration: 88	56	60	81.76	102
Iteration: 89	56	59	76.28	106
Iteration: 90	56	64	78	107
Iteration: 91	56	60	79.08	108
Iteration: 92	56	60	71.36	92
Iteration: 93	56	59	81.56	105
Iteration: 94	56	60	74.6	92
Iteration: 95	56	61	80.64	123
Iteration: 96	56	60	82	106
Iteration: 97	56	62	77.64	100
Iteration: 98	56	59	78.8	100
Iteration: 99	56	61	74.44	107
Iteration: 100	56	59	84.84	122
Iteration: 101	56	60	78.2	105
Iteration: 102	56	61	77.8	108
Iteration: 103	56	60	78.28	110
Iteration: 104	56	60	76.28	116
Iteration: 105	56	60	80.08	108
Iteration: 106	56	58	78.56	103
Iteration: 107	56	59	76.96	100
Iteration: 108	56	60	78.8	101
Iteration: 109	56	62	76.64	103
Iteration: 110	56	63	78.92	105
Iteration: 111	56	60	78.52	106
Iteration: 112	56	61	83.72	105
Iteration: 113	56	60	79.12	113
Iteration: 114	56	61	80.64	114
Iteration: 115	56	60	79.52	119
Iteration: 116	56	61	75.72	111
Iteration: 117	56	61	85.76	117
Iteration: 118	56	60	85.84	115
Iteration: 119	56	60	83.6	119
Iteration: 120	56	60	72.04	104
Iteration: 121	56	60	80.84	118
Iteration: 122	56	61	74.88	110
Iteration: 123	56	60	79.2	115
Iteration: 124	56	60	77.08	98
Iteration: 125	56	58	76.04	97
Iteration: 126	56	58	73.68	101
Iteration: 127	56	61	81.04	100
Iteration: 128	56	62	77.4	96
Iteration: 129	56	63	80.84	106
Iteration: 130	56	59	75.08	100
Iteration: 131	56	60	72.48	99
Iteration: 132	56	60	83.24	105
Iteration: 133	56	62	75.32	101
Iteration: 134	56	60	77.04	99
Iteration: 135	56	63	80	107
Iteration: 136	56	60	79.24	108
Iteration: 137	56	62	77.16	107
Iteration: 138	56	59	72.68	92
Iteration: 139	56	58	79.92	109
Iteration: 140	56	60	81.68	110
Iteration: 141	56	60	78.04	112
Iteration: 142	56	60	77.72	118
Iteration: 143	56	60	74.16	99
Iteration: 144	56	60	75.08	111
Iteration: 145	56	60	80.72	113
Iteration: 146	56	62	76.36	102
Iteration: 147	56	59	79.28	105
Iteration: 148	56	63	79.28	108
Iteration: 149	56	61	78.84	95
Iteration: 150	56	62	85.32	112
Iteration: 151	56	60	82.2	115
Iteration: 152	56	61	81.52	114
Iteration: 153	56	60	83.36	105
Iteration: 154	56	62	78.64	102
Iteration: 155	56	59	79.56	109
Iteration: 156	56	60	80.6	108
Iteration: 157	56	60	73.08	104
Iteration: 158	56	61	79.48	101
Iteration: 159	56	61	79.88	118
Iteration: 160	56	60	78.36	97
Iteration: 161	56	63	82.6	119
Iteration: 162	56	60	77.24	114
Iteration: 163	56	63	79.6	118
Iteration: 164	56	60	76.8	112
Iteration: 165	56	60	82.72	113
Iteration: 166	56	62	71.2	99
Iteration: 167	56	63	78.92	108
Iteration: 168	56	61	75.96	100
Iteration: 169	56	60	76.48	109
Iteration: 170	56	61	81.88	122
Iteration: 171	56	62	85.04	114
Iteration: 172	56	62	77.36	99
Iteration: 173	56	59	76.2	98
Iteration: 174	56	59	78.08	106
Iteration: 175	56	59	75.6	111
Iteration: 176	56	56	81.36	104
Iteration: 177	56	60	80.2	106
Iteration: 178	56	61	76.92	99
Iteration: 179	56	59	75.44	95
Iteration: 180	56	61	81.08	107
Iteration: 181	56	63	80.12	108
Iteration: 182	56	61	79.72	102
Iteration: 183	56	62	79.04	107
Iteration: 184	56	62	80.6	116
Iteration: 185	56	59	79.2	122
Iteration: 186	56	59	76.76	101
Iteration: 187	56	61	76.68	104
Iteration: 188	56	60	74.56	105
Iteration: 189	56	61	78.72	106
Iteration: 190	56	60	81.28	106
Iteration: 191	56	60	82.2	140
Iteration: 192	56	60	77.28	105
Iteration: 193	56	65	79.76	99
Iteration: 194	56	60	75.72	102
Iteration: 195	56	59	75.04	119
Iteration: 196	56	60	75.48	106
Iteration: 197	56	63	79.32	118
Iteration: 198	56	59	74.68	100
Iteration: 199	56	60	74.56	95
Iteration: 200	56	59	77.36	99
Iteration: 201	56	60	80.88	124
Iteration: 202	56	60	82.44	119
Iteration: 203	56	60	78.92	99
Iteration: 204	56	63	76.76	109
Iteration: 205	56	61	79.2	102
Iteration: 206	56	61	72.6	88
Iteration: 207	56	60	77.88	120
Iteration: 208	56	60	75.68	105
Iteration: 209	56	63	77.44	124
Iteration: 210	56	60	76.92	102
Iteration: 211	56	60	76.08	97
Iteration: 212	56	59	73.88	106
Iteration: 213	56	60	83	114
Iteration: 214	56	61	81.8	108
Iteration: 215	56	62	77	92
Iteration: 216	56	61	80.76	109
Iteration: 217	56	59	77.68	112
Iteration: 218	56	60	76.76	98
Iteration: 219	56	64	83.68	124
Iteration: 220	56	60	77.44	109
Iteration: 221	56	62	80.04	105
Iteration: 222	56	60	75.4	98
Iteration: 223	56	62	76.76	113
Iteration: 224	56	60	77.6	104
Iteration: 225	56	59	75.56	102
Iteration: 226	56	60	79.04	108
Iteration: 227	56	62	85.24	118
Iteration: 228	56	61	77.84	107
Iteration: 229	56	60	79.84	107
Iteration: 230	56	60	78.52	107
Iteration: 231	56	60	80.68	128
Iteration: 232	56	63	83.84	106
Iteration: 233	56	60	76.36	100
Iteration: 234	56	61	78.28	107
Iteration: 235	56	60	78.32	110
Iteration: 236	56	62	79.12	99
Iteration: 237	56	60	78.08	99
Iteration: 238	56	61	81.68	113
Iteration: 239	56	60	78.32	103
Iteration: 240	56	60	77	102
Iteration: 241	56	60	78.92	113
Iteration: 242	56	59	81.84	108
Iteration: 243	56	60	75.8	107
Iteration: 244	56	62	82.24	104
Iteration: 245	56	60	82.68	123
Iteration: 246	56	62	79.96	105
Iteration: 247	56	62	75.52	101
Iteration: 248	56	61	80.6	131
Iteration: 249	56	61	79.68	111
Iteration: 250	56	61	85.16	136
Iteration: 251	56	60	83.28	118
Iteration: 252	56	62	80.6	111
Iteration: 253	56	60	75.88	94
Iteration: 254	56	60	73.92	93
Iteration: 255	56	60	74.96	100
Iteration: 256	56	60	74.72	111
Iteration: 257	56	60	75.88	115
Iteration: 258	56	62	81.52	99
Iteration: 259	56	60	77.08	111
Iteration: 260	56	60	72.32	100
Iteration: 261	56	61	78	116
Iteration: 262	56	63	76.8	100
Iteration: 263	56	59	78.92	103
Iteration: 264	56	60	78.24	103
Iteration: 265	56	58	74.72	95
Iteration: 266	56	60	81.56	122
Iteration: 267	56	61	81.08	104
Iteration: 268	56	62	77.76	102
Iteration: 269	56	60	75.24	105
Iteration: 270	56	61	80.2	99
Iteration: 271	56	60	81.84	112
Iteration: 272	56	60	75.08	105
Iteration: 273	56	60	81.08	115
Iteration: 274	56	61	75.6	109
Iteration: 275	56	59	78.48	106
Iteration: 276	56	64	76	105
Iteration: 277	56	64	79	105
Iteration: 278	56	62	77.4	102
Iteration: 279	56	60	78.8	117
Iteration: 280	56	60	76.32	96
Iteration: 281	56	62	79.72	100
Iteration: 282	56	63	82.32	113
Iteration: 283	56	59	77	122
Iteration: 284	56	60	77.04	108
Iteration: 285	56	59	80.64	106
Iteration: 286	56	60	81.28	113
Iteration: 287	56	64	83.72	113
Iteration: 288	56	61	76.88	97
Iteration: 289	56	62	77.2	111
Iteration: 290	56	60	78.04	117
Iteration: 291	56	60	86.84	113
Iteration: 292	56	59	75.12	100
Iteration: 293	56	61	78.68	109
Iteration: 294	56	60	80.76	104
Iteration: 295	56	60	79.92	119
Iteration: 296	56	60	73.72	93
Iteration: 297	56	60	81.8	115
Iteration: 298	56	61	77.28	116
Iteration: 299	56	60	75.12	99
Iteration: 300	56	60	78.36	99
Iteration: 301	56	60	75	96
Iteration: 302	56	59	76.12	106
Iteration: 303	56	62	77.76	101
Iteration: 304	56	63	80.48	100
Iteration: 305	56	66	85.36	108
Iteration: 306	56	59	77.76	124
Iteration: 307	56	61	79.24	119
Iteration: 308	56	60	75.92	94
Iteration: 309	56	61	76.64	110
Iteration: 310	56	60	76.36	107
Iteration: 311	56	61	82.6	124
Iteration: 312	56	61	80.68	111
Iteration: 313	56	60	73.96	115
Iteration: 314	56	62	78.08	99
Iteration: 315	56	63	80.72	122
Iteration: 316	56	60	76.92	98
Iteration: 317	56	61	76.2	96
Iteration: 318	56	61	81.56	119
Iteration: 319	56	61	80.4	109
Iteration: 320	56	61	75.92	103
Iteration: 321	56	57	79	120
Iteration: 322	56	60	80.88	113
Iteration: 323	56	60	79.04	107
Iteration: 324	56	61	78.84	105
Iteration: 325	56	61	79	103
Iteration: 326	56	60	74.12	98
Iteration: 327	56	63	83.88	108
Iteration: 328	56	60	77.32	104
Iteration: 329	56	60	82.56	111
Iteration: 330	56	63	82.72	119
Iteration: 331	56	63	78.4	103
Iteration: 332	56	62	78.92	114
Iteration: 333	56	62	76.28	96
Iteration: 334	56	60	77.64	109
Iteration: 335	56	61	79.96	111
Iteration: 336	56	62	75.44	104
Iteration: 337	56	63	78.92	108
Iteration: 338	56	65	78.08	111
Iteration: 339	56	62	75.36	112
Iteration: 340	56	60	75.04	104
Iteration: 341	56	60	79.12	114
Iteration: 342	56	60	79.16	111
Iteration: 343	56	59	82.48	111
Iteration: 344	56	62	83.16	116
Iteration: 345	56	60	85.64	115
Iteration: 346	56	63	82.28	113
Iteration: 347	56	58	79.8	104
Iteration: 348	56	62	81.52	118
Iteration: 349	56	60	75.08	96
Iteration: 350	56	63	80.2	113
Iteration: 351	56	60	76.2	107
Iteration: 352	56	60	80.4	114
Iteration: 353	56	63	82.76	110
Iteration: 354	56	61	78.36	104
Iteration: 355	56	62	80.76	106
Iteration: 356	56	61	76.8	101
Iteration: 357	56	59	76.28	114
Iteration: 358	56	59	81.88	116
Iteration: 359	56	60	75.12	94
Iteration: 360	56	62	74.64	106
Iteration: 361	56	61	77.72	109
Iteration: 362	56	60	77.56	119
Iteration: 363	56	60	76.6	114
Iteration: 364	56	61	74.68	103
Iteration: 365	56	63	80.04	114
Iteration: 366	56	63	78.24	96
Iteration: 367	56	60	80.8	109
Iteration: 368	56	63	81.4	123
Iteration: 369	56	60	77.44	99
Iteration: 370	56	60	74.76	92
Iteration: 371	56	61	75.52	96
Iteration: 372	56	60	77.64	125
Iteration: 373	56	60	83.76	120
Iteration: 374	56	59	75.76	101
Iteration: 375	56	60	74.08	91
Iteration: 376	56	60	82.56	111
Iteration: 377	56	60	76.04	94
Iteration: 378	56	63	81.24	113
Iteration: 379	56	60	79	120
Iteration: 380	56	63	78.76	124
Iteration: 381	56	60	75.04	104
Iteration: 382	56	63	80.92	119
Iteration: 383	56	60	79.28	111
Iteration: 384	56	59	79.24	103
Iteration: 385	56	60	78.56	115
Iteration: 386	56	60	78.36	96
Iteration: 387	56	61	75.92	103
Iteration: 388	56	60	80.92	117
Iteration: 389	56	60	82.64	120
Iteration: 390	56	61	79.36	112
Iteration: 391	56	59	77.36	98
Iteration: 392	56	63	80.8	131
Iteration: 393	56	60	79.16	109
Iteration: 394	56	62	80.48	114
Iteration: 395	56	60	82.44	110
Iteration: 396	56	62	75.84	107
Iteration: 397	56	60	77.6	98
Iteration: 398	56	61	78.04	108
Iteration: 399	56	59	79	108
Iteration: 400	56	61	77.24	111
Iteration: 401	56	60	77.16	99
Iteration: 402	56	60	82.28	108
Iteration: 403	56	60	74.12	119
Iteration: 404	56	64	80.96	114
Iteration: 405	56	60	80.52	106
Iteration: 406	56	60	76.44	105
Iteration: 407	56	60	84.2	113
Iteration: 408	56	60	76.32	96
Iteration: 409	56	60	73.6	99
Iteration: 410	56	60	78.16	103
Iteration: 411	56	62	83.04	114
Iteration: 412	56	62	79.24	120
Iteration: 413	56	62	84.76	112
Iteration: 414	56	60	72.88	94
Iteration: 415	56	60	76.12	98
Iteration: 416	56	60	79.48	114
Iteration: 417	56	60	82.24	109
Iteration: 418	56	60	77.8	99
Iteration: 419	56	63	79.96	101
Iteration: 420	56	60	80.04	113
Iteration: 421	56	59	80.28	102
Iteration: 422	56	58	79.48	106
Iteration: 423	56	60	80	111
Iteration: 424	56	60	76.92	108
Iteration: 425	56	61	78.76	106
Iteration: 426	56	61	78.48	105
Iteration: 427	56	60	81.48	128
Iteration: 428	56	60	76.2	99
Iteration: 429	56	60	83.32	113
Iteration: 430	56	60	77.2	100
Iteration: 431	56	60	77.72	100
Iteration: 432	56	61	81.96	121
Iteration: 433	56	63	81.96	103
Iteration: 434	56	59	73.88	101
Iteration: 435	56	61	77.08	106
Iteration: 436	56	62	76.56	98
Iteration: 437	56	60	81.08	100
Iteration: 438	56	60	77.6	120
Iteration: 439	56	60	79.6	115
Iteration: 440	56	62	78.04	106
Iteration: 441	56	60	75.64	102
Iteration: 442	56	59	77.8	109
Iteration: 443	56	59	79.36	119
Iteration: 444	56	59	76.24	101
Iteration: 445	56	61	79	99
Iteration: 446	56	62	80.08	113
Iteration: 447	56	60	76.12	107
Iteration: 448	56	60	79.64	102
Iteration: 449	56	60	77.96	104
Iteration: 450	56	59	80.12	132
Iteration: 451	56	60	78.52	101
Iteration: 452	56	60	78.28	100
Iteration: 453	56	60	81.96	115
Iteration: 454	56	61	80.4	108
Iteration: 455	56	60	79.08	116
Iteration: 456	56	60	77.4	108
Iteration: 457	56	60	75.76	96
Iteration: 458	56	63	79.52	130
Iteration: 459	56	60	74.2	102
Iteration: 460	56	60	81.52	115
Iteration: 461	56	62	78	110
Iteration: 462	56	60	78.2	109
Iteration: 463	56	60	73.36	98
Iteration: 464	56	60	75.92	99
Iteration: 465	56	60	82.44	107
Iteration: 466	56	60	76.28	102
Iteration: 467	56	60	73.76	95
Iteration: 468	56	59	78.08	107
Iteration: 469	56	60	84.12	113
Iteration: 470	56	63	81.72	113
Iteration: 471	56	60	80	118
Iteration: 472	56	59	74.92	118
Iteration: 473	55	55	72.84	102
Iteration: 474	55	60	78.96	106
Iteration: 475	55	62	76.28	100
Iteration: 476	55	65	86.2	115
Iteration: 477	55	60	77.84	121
Iteration: 478	55	60	76.12	104
Iteration: 479	55	60	79.6	102
Iteration: 480	55	60	76.16	95
Iteration: 481	55	60	77.44	110
Iteration: 482	55	63	77	102
Iteration: 483	55	60	75.72	96
Iteration: 484	55	60	77.68	120
Iteration: 485	55	64	84.16	118
Iteration: 486	55	60	72.64	103
Iteration: 487	55	62	80.6	110
Iteration: 488	55	61	80.88	114
Iteration: 489	55	60	80.32	131
Iteration: 490	55	57	78.72	116
Iteration: 491	55	61	78.32	128
Iteration: 492	55	59	82.84	112
Iteration: 493	55	61	79.48	97
Iteration: 494	55	60	78.32	102
Iteration: 495	55	62	72.32	94
Iteration: 496	55	60	77.48	111
Iteration: 497	55	59	77.76	121
Iteration: 498	55	63	79.52	113
Iteration: 499	55	61	82.32	111
