Iteration: 0	61	61	78.12	109
Iteration: 1	60	60	77.44	103
Iteration: 2	60	61	75.12	111
Iteration: 3	60	60	74.84	101
Iteration: 4	60	62	79.36	112
Iteration: 5	59	59	76.2	101
Iteration: 6	59	60	80.28	114
Iteration: 7	59	59	72.24	97
Iteration: 8	59	62	81.84	112
Iteration: 9	59	61	74.64	94
Iteration: 10	59	60	77.44	109
Iteration: 11	59	60	78.76	117
Iteration: 12	59	60	73.72	102
Iteration: 13	59	59	81.6	120
Iteration: 14	59	60	81.24	112
Iteration: 15	59	61	77.68	102
Iteration: 16	59	60	79.24	101
Iteration: 17	59	59	77.12	105
Iteration: 18	59	60	78.88	107
Iteration: 19	59	59	78.72	106
Iteration: 20	59	60	82.08	126
Iteration: 21	59	60	76.76	111
Iteration: 22	59	60	76.16	98
Iteration: 23	59	60	75.24	116
Iteration: 24	59	60	74.76	95
Iteration: 25	59	60	81.52	108
Iteration: 26	59	61	77.56	104
Iteration: 27	59	61	77.88	119
Iteration: 28	59	60	81.44	109
Iteration: 29	59	62	82.12	106
Iteration: 30	59	59	80.4	112
Iteration: 31	59	60	75.84	114
Iteration: 32	59	61	78.12	104
Iteration: 33	59	60	75.6	102
Iteration: 34	59	62	78.56	93
Iteration: 35	59	60	79.4	116
Iteration: 36	59	60	79.2	99
Iteration: 37	59	60	78.24	126
Iteration: 38	59	62	80.24	103
Iteration: 39	59	60	80.44	113
Iteration: 40	59	61	80.72	115
Iteration: 41	59	59	76.52	107
Iteration: 42	59	63	81.04	106
Iteration: 43	59	59	77.2	109
Iteration: 44	59	60	77.16	103
Iteration: 45	59	61	78.08	113
Iteration: 46	59	60	77.84	109
Iteration: 47	59	60	75.24	103
Iteration: 48	59	62	76.36	107
Iteration: 49	59	60	80.2	116
Iteration: 50	59	59	78.36	108
Iteration: 51	58	58	79.88	115
Iteration: 52	58	62	77.48	112
Iteration: 53	58	61	75.28	105
Iteration: 54	58	61	75.56	95
Iteration: 55	58	60	78.16	112
Iteration: 56	58	61	76.08	113
Iteration: 57	58	59	79.04	126
Iteration: 58	58	60	79.16	110
Iteration: 59	58	61	74.8	95
Iteration: 60	58	61	77.72	108
Iteration: 61	58	60	86.6	114
Iteration: 62	58	59	75.04	101
Iteration: 63	58	60	77.92	108
Iteration: 64	58	64	81.08	99
Iteration: 65	58	61	83.6	123
Iteration: 66	58	61	78.92	109
Iteration: 67	58	59	79.08	121
Iteration: 68	58	61	75.64	97
Iteration: 69	58	61	79.12	113
Iteration: 70	58	60	76.76	102
Iteration: 71	58	62	80.56	103
Iteration: 72	58	60	77.52	111
Iteration: 73	57	57	77.24	122
Iteration: 74	57	59	80.72	137
Iteration: 75	57	60	78.92	102
Iteration: 76	57	60	87.48	117
Iteration: 77	57	64	81.36	122
Iteration: 78	57	61	77.92	120
Iteration: 79	57	61	79.84	115
Iteration: 80	57	59	81.72	101
Iteration: 81	57	60	75.72	105
Iteration: 82	57	60	81.48	117
Iteration: 83	57	62	74.24	98
Iteration: 84	57	60	75.28	94
Iteration: 85	57	60	75.64	115
Iteration: 86	57	59	75.24	121
Iteration: 87	57	59	79.96	102
Iteration: 88	57	62	77.44	112
Iteration: 89	57	59	76.2	114
Iteration: 90	57	60	82.44	112
Iteration: 91	57	57	73.56	94
Iteration: 92	57	58	80.32	99
Iteration: 93	57	60	79.72	117
Iteration: 94	57	59	72.56	93
Iteration: 95	57	60	74.64	109
Iteration: 96	57	60	79.2	108
Iteration: 97	57	60	81.16	121
Iteration: 98	57	63	75.72	105
Iteration: 99	57	61	81	118
Iteration: 100	57	62	79.36	116
Iteration: 101	57	60	78.8	103
Iteration: 102	57	60	80	101
Iteration: 103	57	60	76.28	104
Iteration: 104	57	62	78.04	102
Iteration: 105	57	60	76.8	121
Iteration: 106	57	60	79.24	98
Iteration: 107	57	60	78.28	102
Iteration: 108	57	63	81.24	101
Iteration: 109	57	60	81.92	121
Iteration: 110	57	60	76.6	112
Iteration: 111	57	60	74.72	112
Iteration: 112	57	62	79.12	108
Iteration: 113	57	60	79.84	121
Iteration: 114	57	60	77.52	97
Iteration: 115	57	60	80.48	105
Iteration: 116	57	60	78.76	117
Iteration: 117	57	60	75.84	104
Iteration: 118	57	59	79.92	111
Iteration: 119	57	60	77.8	106
Iteration: 120	57	60	76.8	106
Iteration: 121	57	64	75.84	103
Iteration: 122	57	60	78.72	101
Iteration: 123	57	60	78.92	101
Iteration: 124	57	60	76.52	111
Iteration: 125	57	60	77.6	113
Iteration: 126	57	60	77.64	105
Iteration: 127	57	60	81.8	117
Iteration: 128	57	61	78.12	106
Iteration: 129	57	60	79.28	122
Iteration: 130	57	60	76.24	118
Iteration: 131	57	60	76.64	95
Iteration: 132	57	60	75.12	112
Iteration: 133	57	60	79.56	114
Iteration: 134	57	60	73.84	104
Iteration: 135	57	60	77.36	111
Iteration: 136	57	61	79.44	106
Iteration: 137	57	64	83.08	107
Iteration: 138	57	62	81.24	117
Iteration: 139	57	61	79.24	96
Iteration: 140	57	62	76.64	91
Iteration: 141	57	62	82.92	113
Iteration: 142	57	59	77.2	105
Iteration: 143	57	59	77.4	102
Iteration: 144	57	61	82.84	115
Iteration: 145	57	62	78.4	105
Iteration: 146	57	60	77.84	100
Iteration: 147	57	60	79.4	110
Iteration: 148	57	66	79.6	104
Iteration: 149	57	58	79.88	118
Iteration: 150	57	59	76.76	102
Iteration: 151	57	60	79.68	115
Iteration: 152	57	60	75.6	99
Iteration: 153	57	60	80.44	124
Iteration: 154	57	60	77.28	107
Iteration: 155	57	61	77.6	102
Iteration: 156	57	62	81.52	117
Iteration: 157	57	60	76.92	94
Iteration: 158	57	60	76.28	109
Iteration: 159	57	57	78.24	105
Iteration: 160	57	60	75.12	95
Iteration: 161	57	59	78.16	104
Iteration: 162	57	59	77.48	108
Iteration: 163	57	60	82.44	111
Iteration: 164	57	61	78.16	101
Iteration: 165	57	60	75.68	96
Iteration: 166	57	67	85.4	118
Iteration: 167	57	60	82	110
Iteration: 168	57	61	85.64	112
Iteration: 169	57	62	77.96	109
Iteration: 170	57	62	77.16	105
Iteration: 171	57	59	79.6	104
Iteration: 172	57	62	78.24	113
Iteration: 173	57	62	76.6	98
Iteration: 174	57	58	74.88	105
Iteration: 175	57	59	74.28	96
Iteration: 176	57	61	80.44	121
Iteration: 177	57	59	78.88	108
Iteration: 178	57	62	78.2	124
Iteration: 179	57	61	79.44	107
Iteration: 180	57	63	81.92	107
Iteration: 181	57	61	83.08	105
Iteration: 182	57	60	77.68	120
Iteration: 183	57	63	81.88	123
Iteration: 184	57	59	78.72	108
Iteration: 185	57	57	75.2	103
Iteration: 186	57	60	75.92	96
Iteration: 187	57	60	72.68	95
Iteration: 188	57	60	78.68	103
Iteration: 189	57	61	79.8	104
Iteration: 190	57	61	78.76	98
Iteration: 191	57	60	78.8	113
Iteration: 192	57	60	79.96	114
Iteration: 193	57	60	81.92	106
Iteration: 194	57	60	77.72	102
Iteration: 195	57	60	76.76	117
Iteration: 196	57	60	82.48	117
Iteration: 197	57	60	76.84	109
Iteration: 198	57	62	80.8	110
Iteration: 199	57	60	76.88	107
Iteration: 200	57	60	78.16	100
Iteration: 201	57	59	78	98
Iteration: 202	57	60	76.28	115
Iteration: 203	57	61	79.16	105
Iteration: 204	57	60	81.24	112
Iteration: 205	57	60	75.28	102
Iteration: 206	57	61	78.52	114
Iteration: 207	57	60	76.6	97
Iteration: 208	57	61	82.68	113
Iteration: 209	57	61	82.36	112
Iteration: 210	57	60	74.44	95
Iteration: 211	57	59	78	110
Iteration: 212	57	62	75.08	117
Iteration: 213	57	61	78.56	113
Iteration: 214	57	60	77.52	104
Iteration: 215	57	61	77.08	123
Iteration: 216	57	61	75.96	103
Iteration: 217	57	61	75.24	106
Iteration: 218	57	60	77.48	105
Iteration: 219	57	61	74.44	105
Iteration: 220	57	63	80.76	111
Iteration: 221	57	60	76.28	109
Iteration: 222	57	62	77.96	103
Iteration: 223	57	61	76.96	103
Iteration: 224	57	66	80.44	118
Iteration: 225	57	60	76.32	114
Iteration: 226	57	60	80.36	129
Iteration: 227	57	60	76.56	94
Iteration: 228	57	62	82.96	114
Iteration: 229	57	61	76.92	123
Iteration: 230	57	60	75.52	102
Iteration: 231	57	59	76.68	107
Iteration: 232	57	60	72.36	95
Iteration: 233	57	60	76.96	101
Iteration: 234	57	60	77.48	108
Iteration: 235	57	60	78.8	101
Iteration: 236	57	61	78.52	130
Iteration: 237	57	60	77	99
Iteration: 238	57	61	76.72	96
Iteration: 239	57	63	81.24	117
Iteration: 240	57	60	74.8	89
Iteration: 241	57	61	78.52	113
Iteration: 242	57	60	76.96	113
Iteration: 243	57	60	79.32	102
Iteration: 244	57	60	75.36	101
Iteration: 245	57	61	75.92	97
Iteration: 246	57	59	79	104
Iteration: 247	57	61	80.52	114
Iteration: 248	57	60	75.28	98
Iteration: 249	57	61	79.12	101
Iteration: 250	57	62	79.96	115
Iteration: 251	57	59	80.16	100
Iteration: 252	57	59	79.24	112
Iteration: 253	57	59	78.16	97
Iteration: 254	57	59	77.88	118
Iteration: 255	57	60	85.8	126
Iteration: 256	57	60	78.96	113
Iteration: 257	57	60	79.2	110
Iteration: 258	57	61	83	128
Iteration: 259	57	61	76.52	100
Iteration: 260	57	64	81.84	110
Iteration: 261	57	60	76.6	112
Iteration: 262	57	62	79.24	111
Iteration: 263	57	63	79.72	101
Iteration: 264	57	60	75.52	104
Iteration: 265	57	61	79.2	107
Iteration: 266	57	59	80.96	105
Iteration: 267	57	60	83.68	117
Iteration: 268	57	60	75.08	102
Iteration: 269	57	60	82.4	103
Iteration: 270	57	61	78.72	105
Iteration: 271	57	60	77.16	100
Iteration: 272	57	67	81.12	114
Iteration: 273	57	60	78.32	104
Iteration: 274	57	59	75	105
Iteration: 275	57	60	77	98
Iteration: 276	57	60	76.04	109
Iteration: 277	57	60	79.8	111
Iteration: 278	57	61	77.92	102
Iteration: 279	57	60	77.84	103
Iteration: 280	57	58	75.4	102
Iteration: 281	57	61	82.92	124
Iteration: 282	57	60	79.04	106
Iteration: 283	57	60	81.68	106
Iteration: 284	57	60	72.64	100
Iteration: 285	57	61	78.84	102
Iteration: 286	57	62	79.76	113
Iteration: 287	57	60	78.88	115
Iteration: 288	57	61	76.32	100
Iteration: 289	57	60	77.84	105
Iteration: 290	57	59	76.88	99
Iteration: 291	57	60	77.16	105
Iteration: 292	57	62	77.92	98
Iteration: 293	57	61	76.92	100
Iteration: 294	57	60	81.4	116
Iteration: 295	57	60	75.96	103
Iteration: 296	57	61	76.48	106
Iteration: 297	57	60	79	114
Iteration: 298	57	60	77.6	95
Iteration: 299	57	60	79.36	115
Iteration: 300	57	60	78.52	105
Iteration: 301	57	60	77.44	106
Iteration: 302	57	60	77.52	118
Iteration: 303	57	60	77.68	106
Iteration: 304	57	60	81.48	108
Iteration: 305	57	62	82.16	110
Iteration: 306	57	59	81.52	121
Iteration: 307	57	65	80.84	115
Iteration: 308	57	60	79.16	109
Iteration: 309	57	62	75.56	101
Iteration: 310	57	62	79.8	113
Iteration: 311	57	61	79.88	111
Iteration: 312	57	62	81.16	115
Iteration: 313	57	59	80.84	114
Iteration: 314	57	63	75.64	112
Iteration: 315	57	60	75.96	101
Iteration: 316	57	61	78.88	108
Iteration: 317	57	60	76.4	102
Iteration: 318	57	59	78.8	110
Iteration: 319	57	60	78.48	103
Iteration: 320	57	60	76.68	97
Iteration: 321	57	60	81.52	116
Iteration: 322	57	61	80.8	113
Iteration: 323	57	59	74.32	106
Iteration: 324	57	62	76.92	106
Iteration: 325	57	61	76.48	97
Iteration: 326	57	64	79.12	105
Iteration: 327	57	59	74.64	96
Iteration: 328	57	60	77.48	103
Iteration: 329	57	61	78.8	101
Iteration: 330	57	61	77.44	111
Iteration: 331	57	60	78.28	105
Iteration: 332	57	59	77.88	119
Iteration: 333	57	63	83.6	110
Iteration: 334	57	61	76.36	101
Iteration: 335	57	61	80	123
Iteration: 336	57	60	81.16	114
Iteration: 337	57	63	80.64	118
Iteration: 338	57	62	82.36	116
Iteration: 339	57	60	74.56	99
Iteration: 340	57	61	75.2	92
Iteration: 341	57	61	79.76	116
Iteration: 342	57	60	71.64	107
Iteration: 343	57	59	77.76	95
Iteration: 344	57	61	77.36	113
Iteration: 345	57	60	79.64	110
Iteration: 346	57	61	76.96	117
Iteration: 347	57	60	75.12	104
Iteration: 348	57	62	80.8	108
Iteration: 349	57	60	77.24	107
Iteration: 350	57	60	83.56	117
Iteration: 351	57	60	78.52	128
Iteration: 352	57	64	78.4	101
Iteration: 353	57	61	77.32	108
Iteration: 354	57	59	80.68	107
Iteration: 355	57	60	77.68	105
Iteration: 356	57	60	78.92	103
Iteration: 357	57	60	77	112
Iteration: 358	57	61	78.88	107
Iteration: 359	57	61	76	102
Iteration: 360	57	61	78.84	108
Iteration: 361	57	59	74.08	111
Iteration: 362	57	60	79.2	113
Iteration: 363	57	60	78.04	121
Iteration: 364	57	59	75.92	107
Iteration: 365	57	60	81.4	100
Iteration: 366	57	59	77.64	103
Iteration: 367	57	63	79.52	113
Iteration: 368	57	63	81	128
Iteration: 369	57	63	81.08	116
Iteration: 370	57	62	77.48	102
Iteration: 371	57	60	75.6	117
Iteration: 372	57	61	80.4	100
Iteration: 373	57	62	80.32	106
Iteration: 374	57	62	81.68	110
Iteration: 375	57	60	81.8	109
Iteration: 376	57	62	74	105
Iteration: 377	57	61	78.72	123
Iteration: 378	57	61	78.12	103
Iteration: 379	57	61	76.84	105
Iteration: 380	57	60	79.4	102
Iteration: 381	57	62	80.24	113
Iteration: 382	57	59	77.64	100
Iteration: 383	56	56	81.8	120
Iteration: 384	56	61	77.32	114
Iteration: 385	56	63	77.44	110
Iteration: 386	56	63	82.36	117
Iteration: 387	56	59	82.92	121
Iteration: 388	56	60	76.32	98
Iteration: 389	56	64	82	102
Iteration: 390	56	61	76.88	97
Iteration: 391	56	63	79.64	111
Iteration: 392	56	59	74.68	102
Iteration: 393	56	59	83.28	111
Iteration: 394	56	61	80.92	112
Iteration: 395	56	59	76.52	98
Iteration: 396	56	61	79.04	124
Iteration: 397	56	60	81.12	126
Iteration: 398	56	61	78.8	95
Iteration: 399	56	61	80.92	112
Iteration: 400	56	61	79.32	121
Iteration: 401	56	59	77	118
Iteration: 402	56	60	82.8	125
Iteration: 403	56	60	77.4	103
Iteration: 404	56	61	81.4	122
Iteration: 405	56	60	72.56	92
Iteration: 406	56	61	77	103
Iteration: 407	56	60	79.6	113
Iteration: 408	56	60	76.88	104
Iteration: 409	56	60	70.4	87
Iteration: 410	56	60	80.36	123
Iteration: 411	56	59	76.68	103
Iteration: 412	56	60	75.64	104
Iteration: 413	56	60	75.68	97
Iteration: 414	56	59	79.28	113
Iteration: 415	56	59	82.16	123
Iteration: 416	56	60	76.52	111
Iteration: 417	56	60	79.24	115
Iteration: 418	56	62	84.6	116
Iteration: 419	56	61	73.64	104
Iteration: 420	56	62	77.52	113
Iteration: 421	56	60	73.96	99
Iteration: 422	56	61	80.8	114
Iteration: 423	56	61	78.76	115
Iteration: 424	56	59	76.48	123
Iteration: 425	56	61	78.24	94
Iteration: 426	56	59	78.8	112
Iteration: 427	56	61	79.32	115
Iteration: 428	56	59	78.44	115
Iteration: 429	56	61	76.04	106
Iteration: 430	56	61	80.08	109
Iteration: 431	56	60	77.56	105
Iteration: 432	56	59	81	109
Iteration: 433	56	60	80.16	103
Iteration: 434	56	60	76.92	118
Iteration: 435	56	60	75	111
Iteration: 436	56	60	74.44	113
Iteration: 437	56	60	76.76	105
Iteration: 438	56	64	81.64	107
Iteration: 439	56	59	75.16	117
Iteration: 440	56	60	80.44	124
Iteration: 441	56	60	79.4	110
Iteration: 442	56	62	80.2	101
Iteration: 443	56	60	78.2	102
Iteration: 444	56	59	82.24	111
Iteration: 445	56	61	82.64	111
Iteration: 446	56	60	76.52	109
Iteration: 447	56	59	77	105
Iteration: 448	56	61	77.36	100
Iteration: 449	56	60	78.2	108
Iteration: 450	56	60	74.28	99
Iteration: 451	56	60	80.32	114
Iteration: 452	56	60	77.96	103
Iteration: 453	56	61	77.56	113
Iteration: 454	56	60	82.64	122
Iteration: 455	56	60	77.04	96
Iteration: 456	56	60	74.24	100
Iteration: 457	56	60	77.88	96
Iteration: 458	56	60	82.36	110
Iteration: 459	56	60	74.6	101
Iteration: 460	56	62	82.04	107
Iteration: 461	56	59	74.92	112
Iteration: 462	56	60	77.24	102
Iteration: 463	56	61	75.04	121
Iteration: 464	56	60	77.52	129
Iteration: 465	56	59	75.52	114
Iteration: 466	56	61	78.16	120
Iteration: 467	56	60	79.64	121
Iteration: 468	56	59	77.52	107
Iteration: 469	56	60	81.16	111
Iteration: 470	56	60	79.2	112
Iteration: 471	56	61	80.4	125
Iteration: 472	56	65	79.92	108
Iteration: 473	56	60	78.44	109
Iteration: 474	56	60	73.92	104
Iteration: 475	56	60	76.76	118
Iteration: 476	56	59	81.4	107
Iteration: 477	56	60	80.2	112
Iteration: 478	56	59	73.24	104
Iteration: 479	56	59	81.12	112
Iteration: 480	56	60	81.2	122
Iteration: 481	56	60	76.4	100
Iteration: 482	56	61	78.16	106
Iteration: 483	56	59	78.16	116
Iteration: 484	56	62	80.04	118
Iteration: 485	56	66	82.32	117
Iteration: 486	56	62	76.84	103
Iteration: 487	56	60	72.88	92
Iteration: 488	56	60	80.68	116
Iteration: 489	56	60	77.96	124
Iteration: 490	56	61	79.68	126
Iteration: 491	56	61	78.48	109
Iteration: 492	56	60	79.48	100
Iteration: 493	56	61	82.32	149
Iteration: 494	56	59	77.72	115
Iteration: 495	56	59	79.16	113
Iteration: 496	56	63	76.6	94
Iteration: 497	56	60	82	115
Iteration: 498	56	60	73.8	101
Iteration: 499	56	60	80	100
