Iteration: 0	62	62	78.68	122
Iteration: 1	61	61	80.4	115
Iteration: 2	59	59	78.36	95
Iteration: 3	59	59	79.32	106
Iteration: 4	59	60	76.8	110
Iteration: 5	59	60	81.96	121
Iteration: 6	59	59	76.72	106
Iteration: 7	59	60	72.4	89
Iteration: 8	59	62	79.32	104
Iteration: 9	59	59	75.04	101
Iteration: 10	59	60	79.04	108
Iteration: 11	59	59	78.56	105
Iteration: 12	59	60	81.56	107
Iteration: 13	59	62	79.6	122
Iteration: 14	59	60	79.68	107
Iteration: 15	59	61	76.08	103
Iteration: 16	59	61	77.84	104
Iteration: 17	59	59	78.56	104
Iteration: 18	59	62	80.52	110
Iteration: 19	59	59	75.48	103
Iteration: 20	59	60	77.4	117
Iteration: 21	59	60	76.92	99
Iteration: 22	59	60	77.6	104
Iteration: 23	59	64	82	114
Iteration: 24	58	58	76.76	107
Iteration: 25	58	60	80.36	107
Iteration: 26	58	59	78.2	112
Iteration: 27	58	60	74.88	94
Iteration: 28	58	60	78.44	111
Iteration: 29	58	60	77.84	121
Iteration: 30	58	59	78.72	103
Iteration: 31	58	61	80.64	110
Iteration: 32	58	60	77.24	106
Iteration: 33	58	59	79.08	105
Iteration: 34	58	64	83.44	111
Iteration: 35	58	60	80.8	102
Iteration: 36	58	60	74.96	103
Iteration: 37	58	60	81.4	121
Iteration: 38	58	61	80.24	110
Iteration: 39	58	61	78.72	108
Iteration: 40	58	60	77.8	99
Iteration: 41	58	63	81.64	114
Iteration: 42	58	60	75.4	104
Iteration: 43	58	60	76.84	124
Iteration: 44	58	60	73.2	102
Iteration: 45	58	60	77.64	104
Iteration: 46	58	60	78.2	105
Iteration: 47	58	59	78.2	119
Iteration: 48	58	63	77.4	105
Iteration: 49	58	62	74.52	103
Iteration: 50	58	60	75.48	102
Iteration: 51	58	60	77.8	102
Iteration: 52	58	60	79.08	106
Iteration: 53	58	60	80.52	121
Iteration: 54	58	61	75.16	110
Iteration: 55	58	61	78.2	101
Iteration: 56	58	61	79.76	107
Iteration: 57	58	61	77.56	112
Iteration: 58	58	60	77.08	96
Iteration: 59	58	61	78.56	99
Iteration: 60	58	60	83.44	107
Iteration: 61	58	60	81.32	114
Iteration: 62	58	59	78.04	99
Iteration: 63	58	62	76.72	98
Iteration: 64	58	62	78.56	119
Iteration: 65	58	60	80	126
Iteration: 66	58	60	82.52	124
Iteration: 67	58	60	77.32	103
Iteration: 68	58	59	79.36	109
Iteration: 69	58	59	76.72	104
Iteration: 70	58	59	79.52	110
Iteration: 71	58	61	77.36	106
Iteration: 72	58	61	77.56	94
Iteration: 73	58	61	77.44	112
Iteration: 74	58	59	79.96	110
Iteration: 75	58	60	78.44	101
Iteration: 76	58	62	81.16	101
Iteration: 77	58	60	77.92	105
Iteration: 78	58	59	75.6	105
Iteration: 79	58	60	78.4	115
Iteration: 80	58	61	79.44	116
Iteration: 81	58	62	82.96	116
Iteration: 82	58	60	80.4	109
Iteration: 83	58	60	73.4	103
Iteration: 84	58	60	78.64	111
Iteration: 85	58	62	79.68	111
Iteration: 86	58	61	79.24	103
Iteration: 87	58	59	75.84	118
Iteration: 88	58	62	80.64	115
Iteration: 89	58	62	77.4	94
Iteration: 90	58	60	80.48	129
Iteration: 91	58	62	76.08	97
Iteration: 92	58	60	74.48	112
Iteration: 93	58	61	78.08	108
Iteration: 94	58	63	78.72	108
Iteration: 95	58	60	74.52	97
Iteration: 96	58	60	76.68	103
Iteration: 97	58	60	75.4	101
Iteration: 98	58	60	76.24	107
Iteration: 99	58	59	78.84	96
Iteration: 100	58	62	76.52	97
Iteration: 101	58	61	79.12	115
Iteration: 102	58	64	85.4	121
Iteration: 103	58	58	77.68	99
Iteration: 104	56	56	80	102
Iteration: 105	56	60	75.88	105
Iteration: 106	56	59	77.68	112
Iteration: 107	56	59	72.36	106
Iteration: 108	56	62	81.68	109
Iteration: 109	56	60	76.24	106
Iteration: 110	56	64	82.36	113
Iteration: 111	56	63	77.88	100
Iteration: 112	56	59	75.72	99
Iteration: 113	56	60	76.72	100
Iteration: 114	56	59	78.76	110
Iteration: 115	56	63	79.52	102
Iteration: 116	56	60	82.2	117
Iteration: 117	56	62	80.8	105
Iteration: 118	56	59	75.68	112
Iteration: 119	56	63	77.76	102
Iteration: 120	56	61	78.04	107
Iteration: 121	56	63	76.04	116
Iteration: 122	56	63	76.48	99
Iteration: 123	56	60	77.68	121
Iteration: 124	56	57	80.92	122
Iteration: 125	56	63	77.76	96
Iteration: 126	56	60	75.6	96
Iteration: 127	56	61	79.72	99
Iteration: 128	56	60	78.24	103
Iteration: 129	56	62	78.68	103
Iteration: 130	56	62	80.24	115
Iteration: 131	56	60	76.8	101
Iteration: 132	56	60	74.76	105
Iteration: 133	56	60	78.44	106
Iteration: 134	56	60	75.2	102
Iteration: 135	56	60	79.24	120
Iteration: 136	56	60	76.6	117
Iteration: 137	56	60	81.32	116
Iteration: 138	56	62	78.84	118
Iteration: 139	56	60	77.44	105
Iteration: 140	56	61	80.68	128
Iteration: 141	56	59	71.32	93
Iteration: 142	56	62	82.24	109
Iteration: 143	56	60	76.36	110
Iteration: 144	56	61	78.92	106
Iteration: 145	56	60	75.52	105
Iteration: 146	56	60	78.6	112
Iteration: 147	56	61	79.12	107
Iteration: 148	56	61	80.4	111
Iteration: 149	56	60	83.76	122
Iteration: 150	56	60	76.84	101
Iteration: 151	56	61	77.04	122
Iteration: 152	56	60	78.92	100
Iteration: 153	56	60	78.6	111
Iteration: 154	56	60	78.08	121
Iteration: 155	56	60	73.56	106
Iteration: 156	56	60	82.88	110
Iteration: 157	56	60	81.04	104
Iteration: 158	56	62	78.64	101
Iteration: 159	56	60	75.72	102
Iteration: 160	56	60	77.52	98
Iteration: 161	56	60	82.48	116
Iteration: 162	56	59	81.44	115
Iteration: 163	56	60	79.2	113
Iteration: 164	56	60	73.68	113
Iteration: 165	56	60	81.76	113
Iteration: 166	56	59	78.88	107
Iteration: 167	56	62	76.8	94
Iteration: 168	56	62	76.48	97
Iteration: 169	56	60	74.96	102
Iteration: 170	56	60	74.68	102
Iteration: 171	56	59	78.04	108
Iteration: 172	56	60	83.08	102
Iteration: 173	56	61	76.44	104
Iteration: 174	56	62	78.68	96
Iteration: 175	56	59	81.28	102
Iteration: 176	56	66	86.84	121
Iteration: 177	56	61	75.4	96
Iteration: 178	56	59	74.52	99
Iteration: 179	56	59	77.84	115
Iteration: 180	56	59	75.64	102
Iteration: 181	56	67	84.44	119
Iteration: 182	56	59	76.32	108
Iteration: 183	56	64	77.36	93
Iteration: 184	56	60	84.28	112
Iteration: 185	56	59	76.56	108
Iteration: 186	56	60	78.84	105
Iteration: 187	56	60	79.52	108
Iteration: 188	56	60	76.32	106
Iteration: 189	56	60	81.16	125
Iteration: 190	56	60	81.76	113
Iteration: 191	56	61	78.8	102
Iteration: 192	56	60	78.12	99
Iteration: 193	56	60	78.4	107
Iteration: 194	56	60	75.6	94
Iteration: 195	56	60	79.36	104
Iteration: 196	56	63	84.36	105
Iteration: 197	56	60	75.84	104
Iteration: 198	56	59	77.72	123
Iteration: 199	56	61	82.44	107
Iteration: 200	56	60	77.44	105
Iteration: 201	56	59	77.2	112
Iteration: 202	56	62	77.76	112
Iteration: 203	56	60	79.04	100
Iteration: 204	56	59	77.56	91
Iteration: 205	56	59	76.04	110
Iteration: 206	56	60	73.8	100
Iteration: 207	56	62	82.96	116
Iteration: 208	56	57	75.76	98
Iteration: 209	56	63	81.24	107
Iteration: 210	56	62	79.36	109
Iteration: 211	56	60	78.28	114
Iteration: 212	56	61	76.12	103
Iteration: 213	56	62	82.56	113
Iteration: 214	56	65	78.48	109
Iteration: 215	56	60	78.08	102
Iteration: 216	56	60	81.28	115
Iteration: 217	56	61	84.08	114
Iteration: 218	56	60	76.72	112
Iteration: 219	56	60	77.72	113
Iteration: 220	56	57	76.2	112
Iteration: 221	56	60	82.68	106
Iteration: 222	56	60	76.52	102
Iteration: 223	56	60	74.96	102
Iteration: 224	56	63	80.52	112
Iteration: 225	56	61	76.32	103
Iteration: 226	56	59	75.96	105
Iteration: 227	56	59	73.4	100
Iteration: 228	56	60	77.68	118
Iteration: 229	56	59	76.92	105
Iteration: 230	56	59	72.76	107
Iteration: 231	56	63	80	111
Iteration: 232	56	62	80.04	110
Iteration: 233	56	61	73.56	95
Iteration: 234	56	61	77.08	98
Iteration: 235	56	60	76.44	99
Iteration: 236	56	61	80.6	102
Iteration: 237	56	60	82.32	110
Iteration: 238	56	60	80	116
Iteration: 239	56	62	78.8	105
Iteration: 240	56	57	78.76	125
Iteration: 241	56	60	76.16	102
Iteration: 242	56	62	79.48	101
Iteration: 243	56	65	81.76	114
Iteration: 244	56	60	75.04	101
Iteration: 245	56	60	77.08	104
Iteration: 246	56	60	79.76	100
Iteration: 247	56	60	77.68	103
Iteration: 248	56	60	73.92	104
Iteration: 249	56	60	75.76	96
Iteration: 250	56	61	78.96	107
Iteration: 251	56	60	80.2	123
Iteration: 252	56	62	84.76	113
Iteration: 253	56	61	81.8	115
Iteration: 254	56	59	77.64	114
Iteration: 255	56	60	74.72	103
Iteration: 256	56	60	76.72	107
Iteration: 257	56	61	79.84	118
Iteration: 258	56	61	78.32	99
Iteration: 259	56	60	79.64	105
Iteration: 260	56	61	80.84	103
Iteration: 261	56	59	76.84	99
Iteration: 262	56	62	78.84	118
Iteration: 263	56	60	80.52	110
Iteration: 264	56	59	80.24	109
Iteration: 265	56	61	78.2	105
Iteration: 266	56	59	75.64	100
Iteration: 267	56	59	76.72	98
Iteration: 268	56	62	78.44	95
Iteration: 269	56	60	79.96	112
Iteration: 270	56	60	80.88	114
Iteration: 271	56	61	79.68	112
Iteration: 272	56	66	82.48	118
Iteration: 273	56	61	77.56	100
Iteration: 274	56	59	78.56	108
Iteration: 275	56	60	75.2	98
Iteration: 276	56	60	80.68	107
Iteration: 277	56	60	73.8	103
Iteration: 278	56	62	81.16	104
Iteration: 279	56	61	79.6	110
Iteration: 280	56	61	84.8	112
Iteration: 281	56	59	77.76	112
Iteration: 282	56	61	79.04	101
Iteration: 283	56	65	83.8	111
Iteration: 284	56	62	79.8	105
Iteration: 285	56	59	76.84	97
Iteration: 286	56	61	78.4	104
Iteration: 287	56	59	75	99
Iteration: 288	56	62	81.72	107
Iteration: 289	56	59	73.8	93
Iteration: 290	56	60	78.36	103
Iteration: 291	56	59	74.72	103
Iteration: 292	56	60	79.48	123
Iteration: 293	56	60	76.44	105
Iteration: 294	56	60	74.24	113
Iteration: 295	56	62	78.12	111
Iteration: 296	56	61	83.12	115
Iteration: 297	56	60	77.44	114
Iteration: 298	56	58	79	101
Iteration: 299	56	60	84.04	124
Iteration: 300	56	62	77.6	99
Iteration: 301	56	61	82.48	105
Iteration: 302	56	61	77.52	103
Iteration: 303	56	60	81.76	106
Iteration: 304	56	61	77.8	112
Iteration: 305	56	59	82.52	117
Iteration: 306	56	60	79.68	108
Iteration: 307	56	60	79.04	112
Iteration: 308	56	60	78.88	101
Iteration: 309	56	62	80.64	110
Iteration: 310	56	60	76.24	110
Iteration: 311	56	60	78.44	125
Iteration: 312	56	59	75.8	96
Iteration: 313	56	60	78.88	114
Iteration: 314	56	60	81.08	113
Iteration: 315	56	59	75.68	120
Iteration: 316	56	59	77.48	111
Iteration: 317	56	59	80.68	125
Iteration: 318	56	60	79.84	111
Iteration: 319	56	59	73.48	101
Iteration: 320	56	60	81.56	111
Iteration: 321	56	61	78.56	97
Iteration: 322	56	60	83.72	124
Iteration: 323	56	60	73.48	100
Iteration: 324	56	64	77.48	104
Iteration: 325	56	62	82.12	100
Iteration: 326	56	60	79.6	98
Iteration: 327	56	59	75.36	102
Iteration: 328	56	58	77.96	126
Iteration: 329	56	61	80.24	112
Iteration: 330	56	62	79.76	101
Iteration: 331	56	60	72.88	91
Iteration: 332	56	60	78.36	104
Iteration: 333	56	59	78.4	129
Iteration: 334	56	63	74.92	91
Iteration: 335	56	61	78.28	112
Iteration: 336	56	59	82.32	114
Iteration: 337	56	61	78.48	111
Iteration: 338	56	64	82.08	112
Iteration: 339	56	61	79.96	116
Iteration: 340	56	60	80.8	120
Iteration: 341	56	61	75.84	98
Iteration: 342	56	61	79.92	121
Iteration: 343	56	59	77.28	96
Iteration: 344	56	60	78.48	99
Iteration: 345	56	59	79.28	101
Iteration: 346	56	60	75.92	114
Iteration: 347	56	60	79.96	132
Iteration: 348	56	64	79.72	103
Iteration: 349	56	60	81	110
Iteration: 350	56	61	76.32	101
Iteration: 351	56	60	76.36	106
Iteration: 352	56	63	81.32	110
Iteration: 353	56	61	79.08	115
Iteration: 354	56	60	76.32	106
Iteration: 355	56	60	75.68	96
Iteration: 356	56	60	75.64	100
Iteration: 357	56	62	79.36	108
Iteration: 358	56	59	78.36	114
Iteration: 359	56	60	78.32	109
Iteration: 360	56	64	77.88	102
Iteration: 361	56	60	78.28	110
Iteration: 362	56	60	76.28	98
Iteration: 363	56	60	75.4	101
Iteration: 364	56	60	74.52	103
Iteration: 365	56	60	77.48	117
Iteration: 366	56	60	79.64	126
Iteration: 367	56	60	83.16	112
Iteration: 368	56	63	85	115
Iteration: 369	56	59	78.96	111
Iteration: 370	56	64	82.44	107
Iteration: 371	56	60	76.16	99
Iteration: 372	56	61	76.96	106
Iteration: 373	56	60	77.04	111
Iteration: 374	56	60	76.08	109
Iteration: 375	56	60	78.52	112
Iteration: 376	56	60	76.28	100
Iteration: 377	56	62	86.04	114
Iteration: 378	56	60	79.2	101
Iteration: 379	56	60	76.32	108
Iteration: 380	56	61	75.36	111
Iteration: 381	56	60	77.84	105
Iteration: 382	56	59	75.12	95
Iteration: 383	56	59	75.24	103
Iteration: 384	56	60	81.96	115
Iteration: 385	56	61	77	99
Iteration: 386	56	59	74.4	95
Iteration: 387	56	63	81.04	105
Iteration: 388	56	62	80.4	107
Iteration: 389	56	64	79.6	99
Iteration: 390	56	59	78.84	96
Iteration: 391	56	59	78.76	108
Iteration: 392	56	60	76.32	104
Iteration: 393	56	60	80.84	113
Iteration: 394	56	61	74.8	101
Iteration: 395	56	61	79.28	111
Iteration: 396	56	63	79.48	113
Iteration: 397	56	61	80.4	110
Iteration: 398	56	59	74.08	101
Iteration: 399	56	60	72.8	94
Iteration: 400	56	59	81.64	109
Iteration: 401	56	61	78.24	107
Iteration: 402	56	60	79.12	105
Iteration: 403	56	60	76.32	113
Iteration: 404	56	60	76.84	112
Iteration: 405	56	63	78.24	114
Iteration: 406	56	61	79.16	108
Iteration: 407	56	60	74.04	123
Iteration: 408	56	62	81.88	120
Iteration: 409	56	61	78.6	101
Iteration: 410	56	59	76.12	95
Iteration: 411	56	61	80.64	110
Iteration: 412	56	61	75.08	101
Iteration: 413	56	59	75.48	95
Iteration: 414	56	59	79.76	116
Iteration: 415	56	60	75.6	116
Iteration: 416	56	68	81.24	105
Iteration: 417	56	60	76.76	101
Iteration: 418	56	60	80.72	122
Iteration: 419	56	63	78.96	101
Iteration: 420	56	60	76.48	102
Iteration: 421	56	60	77.6	113
Iteration: 422	56	60	76.92	99
Iteration: 423	56	60	79.28	116
Iteration: 424	56	60	79.8	110
Iteration: 425	56	59	78.44	109
Iteration: 426	56	60	76.84	107
Iteration: 427	56	60	73.92	100
Iteration: 428	56	60	77.28	116
Iteration: 429	56	61	77.8	116
Iteration: 430	56	63	79.24	98
Iteration: 431	56	59	79.52	100
Iteration: 432	56	61	77.72	115
Iteration: 433	56	59	74.92	111
Iteration: 434	56	61	78.2	110
Iteration: 435	56	59	74.24	99
Iteration: 436	56	60	76.32	100
Iteration: 437	56	61	75.44	106
Iteration: 438	56	60	75.28	110
Iteration: 439	56	62	78.56	114
Iteration: 440	56	60	78.56	98
Iteration: 441	56	60	78.04	97
Iteration: 442	56	60	73	101
Iteration: 443	56	60	76.28	113
Iteration: 444	56	61	81.28	116
Iteration: 445	56	61	78.04	100
Iteration: 446	56	62	81.12	115
Iteration: 447	56	61	77.08	105
Iteration: 448	56	59	77.16	108
Iteration: 449	56	60	78.4	119
Iteration: 450	56	61	77.16	123
Iteration: 451	56	61	77.96	110
Iteration: 452	56	61	84.28	120
Iteration: 453	56	61	78.88	111
Iteration: 454	56	59	83.6	113
Iteration: 455	56	59	79.36	108
Iteration: 456	56	61	78.96	109
Iteration: 457	56	60	79.04	114
Iteration: 458	56	60	77.88	104
Iteration: 459	56	59	79.88	107
Iteration: 460	56	60	79.6	104
Iteration: 461	56	61	78.32	110
Iteration: 462	56	60	78.24	116
Iteration: 463	56	63	79.64	108
Iteration: 464	56	60	75.48	113
Iteration: 465	56	59	75.76	94
Iteration: 466	56	60	78.92	109
Iteration: 467	56	59	73.56	95
Iteration: 468	56	60	82.76	111
Iteration: 469	56	63	79.8	102
Iteration: 470	56	59	73.08	91
Iteration: 471	56	60	76.08	94
Iteration: 472	56	60	76.6	97
Iteration: 473	56	60	75.52	106
Iteration: 474	56	60	77.88	101
Iteration: 475	56	58	78.52	119
Iteration: 476	56	60	83.52	116
Iteration: 477	56	62	77.68	107
Iteration: 478	56	59	72.36	103
Iteration: 479	56	61	76.8	115
Iteration: 480	56	60	79.8	103
Iteration: 481	56	61	75.36	98
Iteration: 482	56	59	78.16	115
Iteration: 483	56	60	77.12	119
Iteration: 484	56	63	82.6	120
Iteration: 485	56	57	73.48	101
Iteration: 486	56	60	77.52	99
Iteration: 487	56	61	80.68	120
Iteration: 488	56	59	75.96	104
Iteration: 489	56	60	75.88	117
Iteration: 490	56	62	81.32	116
Iteration: 491	56	61	79	99
Iteration: 492	56	63	79.92	103
Iteration: 493	56	60	76.04	114
Iteration: 494	56	60	78.4	106
Iteration: 495	56	60	74.96	95
Iteration: 496	56	62	76.16	106
Iteration: 497	56	60	74.08	99
Iteration: 498	56	61	79.52	107
Iteration: 499	56	60	74.16	95
