Iteration: 0	60	60	76.8	100
Iteration: 1	60	60	77.44	108
Iteration: 2	60	60	76.4	110
Iteration: 3	60	61	77.58	123
Iteration: 4	59	59	78	108
Iteration: 5	59	60	79.8	119
Iteration: 6	59	59	81.3	108
Iteration: 7	59	61	78.22	107
Iteration: 8	59	59	77.54	113
Iteration: 9	59	60	78.94	123
Iteration: 10	59	60	77.16	108
Iteration: 11	59	60	79.48	116
Iteration: 12	59	60	82.18	131
Iteration: 13	59	59	74.22	100
Iteration: 14	59	60	77.16	116
Iteration: 15	59	61	81.12	115
Iteration: 16	59	59	74.44	99
Iteration: 17	58	58	75.04	110
Iteration: 18	58	60	75.14	107
Iteration: 19	58	60	77.1	106
Iteration: 20	58	59	77.44	102
Iteration: 21	58	60	76.54	102
Iteration: 22	58	59	76.96	104
Iteration: 23	58	61	78.58	120
Iteration: 24	58	62	76.62	117
Iteration: 25	58	60	77.24	109
Iteration: 26	57	57	79.44	116
Iteration: 27	57	59	75.82	103
Iteration: 28	57	59	76.1	123
Iteration: 29	57	60	76.86	103
Iteration: 30	57	61	81.16	119
Iteration: 31	57	59	77.5	125
Iteration: 32	57	58	76.06	103
Iteration: 33	57	59	77.32	102
Iteration: 34	57	59	81.26	125
Iteration: 35	57	61	78.94	125
Iteration: 36	57	59	76.42	105
Iteration: 37	57	60	77.72	115
Iteration: 38	57	60	83.36	136
Iteration: 39	57	60	77.22	123
Iteration: 40	57	60	76.94	126
Iteration: 41	57	60	82.3	115
Iteration: 42	57	60	79.06	104
Iteration: 43	57	60	79.46	116
Iteration: 44	57	60	76.88	108
Iteration: 45	57	59	77.5	109
Iteration: 46	57	60	79.34	118
Iteration: 47	57	61	78.32	119
Iteration: 48	57	58	77.92	112
Iteration: 49	57	60	79.12	115
Iteration: 50	57	60	75.62	100
Iteration: 51	57	60	78.08	104
Iteration: 52	57	60	76.42	105
Iteration: 53	57	60	82.28	121
Iteration: 54	57	59	79.08	109
Iteration: 55	57	60	78.22	116
Iteration: 56	57	60	77.7	115
Iteration: 57	57	59	77.46	126
Iteration: 58	57	62	79.96	112
Iteration: 59	57	61	82.78	118
Iteration: 60	57	59	75.58	115
Iteration: 61	57	61	76.62	109
Iteration: 62	57	59	77.62	108
Iteration: 63	57	59	76.3	107
Iteration: 64	57	60	77.6	103
Iteration: 65	57	60	75.22	97
Iteration: 66	57	60	77.54	110
Iteration: 67	57	60	75.76	108
Iteration: 68	57	59	76.68	106
Iteration: 69	57	59	78.9	117
Iteration: 70	57	60	81.86	123
Iteration: 71	57	60	76.28	113
Iteration: 72	57	59	78.96	113
Iteration: 73	57	59	80.96	110
Iteration: 74	57	59	77.86	112
Iteration: 75	57	60	78.9	105
Iteration: 76	57	60	80.02	111
Iteration: 77	57	60	78.6	110
Iteration: 78	57	59	77.9	102
Iteration: 79	57	59	79.28	125
Iteration: 80	57	60	77.9	110
Iteration: 81	57	59	77.56	123
Iteration: 82	57	61	77.12	114
Iteration: 83	57	61	76.1	99
Iteration: 84	57	62	80.22	118
Iteration: 85	57	61	79.38	110
Iteration: 86	57	59	78.68	110
Iteration: 87	57	60	80.3	111
Iteration: 88	57	60	81.54	114
Iteration: 89	57	59	78.42	105
Iteration: 90	57	60	80.78	121
Iteration: 91	57	59	78.72	114
Iteration: 92	57	60	78.24	112
Iteration: 93	57	60	78.74	110
Iteration: 94	57	60	80.68	110
Iteration: 95	57	60	77.88	108
Iteration: 96	57	60	79.68	113
Iteration: 97	57	60	79.34	105
Iteration: 98	57	60	79.18	125
Iteration: 99	57	61	79.7	109
Iteration: 100	57	62	77.32	118
Iteration: 101	57	60	79.16	119
Iteration: 102	57	60	79.6	111
Iteration: 103	57	59	78.14	130
Iteration: 104	57	60	78.14	103
Iteration: 105	57	59	76.44	117
Iteration: 106	57	59	76.88	129
Iteration: 107	57	57	77.3	107
Iteration: 108	57	60	78.02	108
Iteration: 109	57	59	77.5	110
Iteration: 110	57	59	78.58	113
Iteration: 111	57	59	75.8	110
Iteration: 112	57	60	79.24	109
Iteration: 113	57	59	77.3	131
Iteration: 114	57	60	77.9	110
Iteration: 115	57	59	77.64	120
Iteration: 116	55	55	77.66	108
Iteration: 117	55	60	78.38	112
Iteration: 118	55	59	80.24	112
Iteration: 119	55	60	78.28	104
Iteration: 120	55	60	79.76	115
Iteration: 121	55	56	76.92	105
Iteration: 122	55	59	78	120
Iteration: 123	55	63	80.46	109
Iteration: 124	55	60	80.96	115
Iteration: 125	55	60	78.68	103
Iteration: 126	55	60	77.2	107
Iteration: 127	55	60	79.76	109
Iteration: 128	55	60	79.58	103
Iteration: 129	55	62	78.06	122
Iteration: 130	55	60	78.5	113
Iteration: 131	55	59	77.6	101
Iteration: 132	55	60	74.3	99
Iteration: 133	55	60	78.88	110
Iteration: 134	55	58	74.36	106
Iteration: 135	55	60	80.58	122
Iteration: 136	55	60	80.3	129
Iteration: 137	55	58	77.62	109
Iteration: 138	55	59	75.66	105
Iteration: 139	55	59	75.4	121
Iteration: 140	55	59	80.06	134
Iteration: 141	55	60	76.76	112
Iteration: 142	55	63	79.3	123
Iteration: 143	55	60	77.32	104
Iteration: 144	55	60	78.06	104
Iteration: 145	55	60	81.62	120
Iteration: 146	55	61	78.6	120
Iteration: 147	55	59	78.34	112
Iteration: 148	55	60	78.66	124
Iteration: 149	55	59	77.14	105
Iteration: 150	55	60	77.98	110
Iteration: 151	55	60	78	109
Iteration: 152	55	61	79.9	120
Iteration: 153	55	60	76.2	109
Iteration: 154	55	60	78.7	119
Iteration: 155	55	60	80.3	129
Iteration: 156	55	60	82.26	120
Iteration: 157	55	60	76.6	105
Iteration: 158	55	60	79.7	116
Iteration: 159	55	61	75.68	106
Iteration: 160	55	60	77.02	100
Iteration: 161	55	60	78.46	118
Iteration: 162	55	59	74.9	110
Iteration: 163	55	62	75.98	104
Iteration: 164	55	62	78.34	118
Iteration: 165	55	60	76.4	111
Iteration: 166	55	59	76.28	112
Iteration: 167	55	62	79.24	110
Iteration: 168	55	60	80.26	125
Iteration: 169	55	59	77.84	112
Iteration: 170	55	59	75.2	112
Iteration: 171	55	61	78.58	130
Iteration: 172	55	61	76.36	103
Iteration: 173	55	59	79.56	116
Iteration: 174	55	61	76.64	111
Iteration: 175	55	61	79.48	110
Iteration: 176	55	59	81.68	128
Iteration: 177	55	60	79.72	106
Iteration: 178	55	60	77.36	113
Iteration: 179	55	60	76.48	116
Iteration: 180	55	59	76.56	114
Iteration: 181	55	59	79.14	108
Iteration: 182	55	59	74.18	112
Iteration: 183	55	61	77.64	107
Iteration: 184	55	59	79.24	108
Iteration: 185	55	59	78.82	115
Iteration: 186	55	59	79.4	110
Iteration: 187	55	60	80.14	115
Iteration: 188	55	60	79.48	120
Iteration: 189	55	61	77.66	110
Iteration: 190	55	59	76.02	133
Iteration: 191	55	60	82	111
Iteration: 192	55	60	80.76	120
Iteration: 193	55	59	80.14	113
Iteration: 194	55	59	80.94	112
Iteration: 195	55	60	74.96	106
Iteration: 196	55	59	78.84	113
Iteration: 197	55	59	79	114
Iteration: 198	55	60	81.1	125
Iteration: 199	55	60	80.94	110
Iteration: 200	55	59	75.04	113
Iteration: 201	55	61	77.64	110
Iteration: 202	55	61	78.42	120
Iteration: 203	55	60	74.62	123
Iteration: 204	55	60	77.52	114
Iteration: 205	55	60	75.54	106
Iteration: 206	55	57	78.44	126
Iteration: 207	55	60	75.34	103
Iteration: 208	55	61	79.04	114
Iteration: 209	55	58	75.58	124
Iteration: 210	55	60	81.38	116
Iteration: 211	55	59	79.16	107
Iteration: 212	55	60	77.94	117
Iteration: 213	55	56	77.78	121
Iteration: 214	55	59	78.4	100
Iteration: 215	55	59	83.6	114
Iteration: 216	55	60	80.88	112
Iteration: 217	55	60	77.6	109
Iteration: 218	55	60	79.84	128
Iteration: 219	55	59	77.64	109
Iteration: 220	55	60	78.4	109
Iteration: 221	55	60	81.14	109
Iteration: 222	55	60	78.2	109
Iteration: 223	55	60	79.34	124
Iteration: 224	55	60	77.6	111
Iteration: 225	55	59	77.8	120
Iteration: 226	55	62	81.36	128
Iteration: 227	55	59	75.26	102
Iteration: 228	55	60	77.88	105
Iteration: 229	55	60	77.76	119
Iteration: 230	55	59	79.04	104
Iteration: 231	55	61	78.28	119
Iteration: 232	55	60	81.22	122
Iteration: 233	55	60	77.5	114
Iteration: 234	55	60	78.96	107
Iteration: 235	55	59	77.44	122
Iteration: 236	55	61	81.26	127
Iteration: 237	55	61	79.34	112
Iteration: 238	55	59	79.78	113
Iteration: 239	55	59	76.84	103
Iteration: 240	55	61	77.68	123
Iteration: 241	55	61	78.84	121
Iteration: 242	55	60	82.02	113
Iteration: 243	55	60	78.44	123
Iteration: 244	55	60	79.24	128
Iteration: 245	55	60	78.3	127
Iteration: 246	55	59	78.22	110
Iteration: 247	55	60	78.18	114
Iteration: 248	55	60	76.06	103
Iteration: 249	55	59	79.24	108
Iteration: 250	55	60	76.02	115
Iteration: 251	55	60	79.98	118
Iteration: 252	55	59	78.72	109
Iteration: 253	55	60	77.96	116
Iteration: 254	55	60	77.84	126
Iteration: 255	55	60	78.44	115
Iteration: 256	55	60	79	113
Iteration: 257	55	60	79.06	110
Iteration: 258	55	60	76.54	114
Iteration: 259	55	60	78.02	109
Iteration: 260	55	61	81.62	109
Iteration: 261	55	60	79.18	106
Iteration: 262	55	60	80.16	125
Iteration: 263	55	59	78	108
Iteration: 264	55	61	78.62	129
Iteration: 265	55	59	77.14	116
Iteration: 266	55	60	76.62	113
Iteration: 267	55	59	79.06	121
Iteration: 268	55	60	77.34	122
Iteration: 269	55	60	81.1	115
Iteration: 270	55	60	79.12	117
Iteration: 271	55	59	78.66	101
Iteration: 272	55	60	79.68	111
Iteration: 273	55	59	78.58	113
Iteration: 274	55	61	77.76	134
Iteration: 275	55	59	79.46	112
Iteration: 276	55	63	81.94	119
Iteration: 277	55	61	79.56	112
Iteration: 278	55	57	77.68	117
Iteration: 279	55	61	80.46	119
Iteration: 280	55	62	81.5	116
Iteration: 281	55	59	79.58	117
Iteration: 282	55	60	79.46	104
Iteration: 283	55	60	80.24	106
Iteration: 284	55	59	77.3	106
Iteration: 285	55	59	79.18	110
Iteration: 286	55	60	75.36	118
Iteration: 287	55	60	75.76	112
Iteration: 288	55	60	79.1	113
Iteration: 289	55	60	81.74	131
Iteration: 290	55	59	80.24	117
Iteration: 291	55	59	73.76	99
Iteration: 292	55	61	79.96	114
Iteration: 293	55	61	76.94	98
Iteration: 294	55	59	82.72	114
Iteration: 295	55	59	80.08	108
Iteration: 296	55	60	76.4	120
Iteration: 297	55	60	75.88	100
Iteration: 298	55	60	76.8	122
Iteration: 299	55	60	77.54	106
Iteration: 300	55	59	74.46	117
Iteration: 301	55	60	80.04	117
Iteration: 302	55	59	79.06	118
Iteration: 303	55	63	79.22	140
Iteration: 304	55	61	77.76	107
Iteration: 305	55	60	76.6	122
Iteration: 306	55	61	76.84	106
Iteration: 307	55	59	75.9	111
Iteration: 308	55	60	77.62	114
Iteration: 309	55	60	81.5	113
Iteration: 310	55	60	76.84	111
Iteration: 311	55	60	76.78	110
Iteration: 312	55	61	75.32	112
Iteration: 313	55	59	75.58	97
Iteration: 314	55	60	79.94	115
Iteration: 315	55	60	75.38	104
Iteration: 316	55	59	77.3	97
Iteration: 317	55	60	81.42	112
Iteration: 318	55	60	79.54	108
Iteration: 319	55	59	78.46	112
Iteration: 320	55	60	77.64	118
Iteration: 321	55	60	81.22	113
Iteration: 322	55	60	77.34	125
Iteration: 323	55	61	78.88	107
Iteration: 324	55	60	76.56	106
Iteration: 325	55	60	77.14	98
Iteration: 326	55	60	79.56	105
Iteration: 327	55	61	78.26	112
Iteration: 328	55	60	77.94	123
Iteration: 329	55	60	77.88	110
Iteration: 330	55	60	80.26	119
Iteration: 331	55	60	77.28	113
Iteration: 332	55	59	79.26	114
Iteration: 333	55	61	75.48	99
Iteration: 334	55	59	77.64	111
Iteration: 335	55	57	77.56	118
Iteration: 336	55	62	79.66	106
Iteration: 337	55	60	81.84	126
Iteration: 338	55	57	75.46	118
Iteration: 339	55	60	79.44	109
Iteration: 340	55	59	77.04	102
Iteration: 341	55	59	78.76	106
Iteration: 342	55	60	78.86	112
Iteration: 343	55	60	79.66	117
Iteration: 344	55	59	78.44	112
Iteration: 345	55	60	76.38	102
Iteration: 346	55	60	79.74	119
Iteration: 347	55	59	78.04	103
Iteration: 348	55	60	79.88	118
Iteration: 349	55	59	78.32	114
Iteration: 350	55	59	80.46	112
Iteration: 351	55	59	80.86	113
Iteration: 352	55	60	77.2	114
Iteration: 353	55	59	76.28	107
Iteration: 354	55	60	77.94	125
Iteration: 355	55	59	78.62	111
Iteration: 356	55	60	78.36	115
Iteration: 357	55	60	76.88	107
Iteration: 358	55	58	78.72	124
Iteration: 359	55	59	81.46	118
Iteration: 360	55	59	75.7	107
Iteration: 361	55	60	77.96	120
Iteration: 362	55	60	75.9	103
Iteration: 363	55	61	78.96	110
Iteration: 364	55	60	76.8	116
Iteration: 365	55	59	79.12	115
Iteration: 366	55	60	79.84	104
Iteration: 367	55	60	75.78	120
Iteration: 368	55	59	78.16	118
Iteration: 369	55	60	78.12	113
Iteration: 370	55	60	77.12	108
Iteration: 371	55	60	78.88	113
Iteration: 372	55	61	78.9	106
Iteration: 373	55	60	83.74	121
Iteration: 374	55	59	77.56	120
Iteration: 375	55	60	79.1	125
Iteration: 376	55	60	78.98	108
Iteration: 377	55	60	76.62	119
Iteration: 378	55	59	77.66	101
Iteration: 379	55	60	81.78	111
Iteration: 380	55	59	80.46	112
Iteration: 381	55	60	80.22	113
Iteration: 382	55	60	78.44	120
Iteration: 383	55	60	76.72	116
Iteration: 384	55	60	77.48	108
Iteration: 385	55	59	81.26	106
Iteration: 386	55	59	78.52	122
Iteration: 387	55	60	77.88	104
Iteration: 388	55	60	78.42	115
Iteration: 389	55	60	78.04	125
Iteration: 390	55	59	78.68	107
Iteration: 391	55	60	77.26	109
Iteration: 392	55	59	75.12	106
Iteration: 393	55	60	81.02	123
Iteration: 394	55	59	78.76	112
Iteration: 395	55	60	77.62	113
Iteration: 396	55	61	79.64	116
Iteration: 397	55	60	77.22	112
Iteration: 398	55	60	81.18	120
Iteration: 399	55	60	77.42	116
Iteration: 400	55	59	77.02	118
Iteration: 401	55	60	77.82	113
Iteration: 402	55	60	76.18	102
Iteration: 403	55	60	78.64	107
Iteration: 404	55	59	76.88	108
Iteration: 405	55	59	79.14	108
Iteration: 406	55	61	81.1	115
Iteration: 407	55	59	80.38	120
Iteration: 408	55	60	75.28	104
Iteration: 409	55	60	80.16	109
Iteration: 410	55	55	78.36	116
Iteration: 411	55	60	82.38	120
Iteration: 412	55	59	77.5	108
Iteration: 413	55	60	78.08	120
Iteration: 414	55	60	80.32	131
Iteration: 415	55	60	75.88	110
Iteration: 416	55	60	79.9	111
Iteration: 417	55	61	79.72	118
Iteration: 418	55	59	76.62	97
Iteration: 419	55	62	76.82	108
Iteration: 420	55	56	78.64	117
Iteration: 421	55	60	74.96	94
Iteration: 422	55	61	81.8	117
Iteration: 423	55	59	78.28	109
Iteration: 424	55	60	78.82	112
Iteration: 425	55	62	78.72	117
Iteration: 426	55	58	76.26	115
Iteration: 427	55	61	79.6	114
Iteration: 428	55	59	77.12	117
Iteration: 429	55	60	80.12	109
Iteration: 430	55	62	79.08	126
Iteration: 431	55	59	78.16	104
Iteration: 432	55	59	77.6	117
Iteration: 433	55	59	80.32	120
Iteration: 434	55	60	82.16	124
Iteration: 435	55	61	78.08	108
Iteration: 436	55	60	79.48	113
Iteration: 437	55	60	80.36	114
Iteration: 438	55	62	77.04	114
Iteration: 439	55	60	79.82	122
Iteration: 440	55	60	76.74	111
Iteration: 441	55	60	82.28	108
Iteration: 442	55	60	79	111
Iteration: 443	55	59	78.3	120
Iteration: 444	55	60	78.3	111
Iteration: 445	55	60	79.32	109
Iteration: 446	55	61	78.24	103
Iteration: 447	55	59	76.92	123
Iteration: 448	55	59	73.94	106
Iteration: 449	55	60	79.66	111
Iteration: 450	55	59	80.92	120
Iteration: 451	55	61	78.72	123
Iteration: 452	55	60	78.38	102
Iteration: 453	55	60	76.54	113
Iteration: 454	55	60	76.14	113
Iteration: 455	55	61	78.32	108
Iteration: 456	55	59	78.62	104
Iteration: 457	55	59	77.2	109
Iteration: 458	55	59	79.26	116
Iteration: 459	55	59	80.16	113
Iteration: 460	55	60	79.66	109
Iteration: 461	55	60	78.08	122
Iteration: 462	55	61	82.42	110
Iteration: 463	55	59	76	120
Iteration: 464	55	60	80.68	126
Iteration: 465	55	59	82.2	113
Iteration: 466	55	60	78.72	126
Iteration: 467	55	60	75.96	113
Iteration: 468	55	60	78.8	103
Iteration: 469	55	59	76.98	123
Iteration: 470	55	61	76.08	110
Iteration: 471	55	61	80.42	124
Iteration: 472	55	60	78.14	109
Iteration: 473	55	60	77.3	114
Iteration: 474	55	61	78.88	115
Iteration: 475	55	59	77.6	120
Iteration: 476	55	59	76.06	114
Iteration: 477	55	59	78.22	106
Iteration: 478	55	60	77.5	105
Iteration: 479	55	60	78.2	107
Iteration: 480	55	60	79.24	112
Iteration: 481	55	60	80.28	106
Iteration: 482	55	61	79.64	118
Iteration: 483	55	60	78.58	115
Iteration: 484	55	60	77.84	108
Iteration: 485	55	60	77.28	114
Iteration: 486	55	60	81.1	117
Iteration: 487	55	61	77.4	111
Iteration: 488	55	60	80.06	118
Iteration: 489	55	60	79.88	123
Iteration: 490	55	60	79.52	111
Iteration: 491	55	59	78	115
Iteration: 492	55	60	76.4	117
Iteration: 493	55	61	82.5	124
Iteration: 494	55	60	79.3	116
Iteration: 495	55	60	81.28	112
Iteration: 496	55	60	76.12	107
Iteration: 497	55	57	76.98	122
Iteration: 498	55	60	79.34	121
Iteration: 499	55	60	76.56	110
