Iteration: 0	60	60	79.76	115
Iteration: 1	60	60	79.66	129
Iteration: 2	60	60	78.86	112
Iteration: 3	60	62	80.62	118
Iteration: 4	60	61	79.88	118
Iteration: 5	60	60	76.68	109
Iteration: 6	60	60	76.96	112
Iteration: 7	59	59	79.74	118
Iteration: 8	59	60	76.36	116
Iteration: 9	59	61	79.38	112
Iteration: 10	59	59	77.44	116
Iteration: 11	59	61	77.58	101
Iteration: 12	59	60	81.54	125
Iteration: 13	59	61	79.2	110
Iteration: 14	59	60	76.56	113
Iteration: 15	59	60	79.5	114
Iteration: 16	59	61	78.72	120
Iteration: 17	59	60	77.92	110
Iteration: 18	59	60	76.44	111
Iteration: 19	59	59	79.24	119
Iteration: 20	59	59	80.96	107
Iteration: 21	59	60	80.64	107
Iteration: 22	59	60	75.14	106
Iteration: 23	59	60	76.34	98
Iteration: 24	59	60	74.54	103
Iteration: 25	59	60	77.98	108
Iteration: 26	56	56	76.48	117
Iteration: 27	56	59	78.92	104
Iteration: 28	56	62	78.58	107
Iteration: 29	56	60	78.3	110
Iteration: 30	56	60	79.82	107
Iteration: 31	56	59	75.76	95
Iteration: 32	56	59	78.02	108
Iteration: 33	56	59	77.78	104
Iteration: 34	56	61	78.76	99
Iteration: 35	56	60	77.38	113
Iteration: 36	56	59	77.76	112
Iteration: 37	56	60	76.84	115
Iteration: 38	56	59	78.68	100
Iteration: 39	56	60	78.8	112
Iteration: 40	56	59	81.34	106
Iteration: 41	56	60	79.22	111
Iteration: 42	56	59	75.78	101
Iteration: 43	56	60	78.96	110
Iteration: 44	56	59	76.14	109
Iteration: 45	56	60	76.52	115
Iteration: 46	56	59	79.1	110
Iteration: 47	56	60	77.26	115
Iteration: 48	56	60	78.22	120
Iteration: 49	56	60	73.86	105
Iteration: 50	56	59	79.48	100
Iteration: 51	56	61	80.94	113
Iteration: 52	56	61	80.3	115
Iteration: 53	56	59	75.36	106
Iteration: 54	56	61	78.02	119
Iteration: 55	56	59	75.38	123
Iteration: 56	56	61	80.16	116
Iteration: 57	56	61	82.48	111
Iteration: 58	56	60	77.6	98
Iteration: 59	56	59	80.08	120
Iteration: 60	56	59	78.6	119
Iteration: 61	56	61	78.5	110
Iteration: 62	56	61	82.76	120
Iteration: 63	56	60	81.38	120
Iteration: 64	56	60	75.4	104
Iteration: 65	56	60	76.2	106
Iteration: 66	56	60	78.66	118
Iteration: 67	56	60	78.06	103
Iteration: 68	56	60	83	118
Iteration: 69	56	61	79.14	114
Iteration: 70	56	60	79.12	125
Iteration: 71	56	59	78.78	118
Iteration: 72	56	60	76.9	105
Iteration: 73	56	60	79.1	107
Iteration: 74	56	60	79.34	117
Iteration: 75	56	59	77.56	124
Iteration: 76	56	60	79.74	128
Iteration: 77	56	59	76.5	115
Iteration: 78	56	60	78.2	126
Iteration: 79	56	60	78.06	105
Iteration: 80	56	59	80	111
Iteration: 81	56	60	81.24	108
Iteration: 82	56	60	76.4	128
Iteration: 83	56	60	79.72	119
Iteration: 84	56	59	78.46	116
Iteration: 85	56	59	76.12	112
Iteration: 86	56	59	79.36	107
Iteration: 87	56	59	78.26	114
Iteration: 88	56	60	80.02	130
Iteration: 89	56	60	76.28	100
Iteration: 90	56	60	82.06	115
Iteration: 91	56	60	82.56	122
Iteration: 92	56	60	81	125
Iteration: 93	56	60	76.8	106
Iteration: 94	56	59	79.94	113
Iteration: 95	56	60	77.66	104
Iteration: 96	56	59	75.94	105
Iteration: 97	56	60	77.82	102
Iteration: 98	56	60	78.08	117
Iteration: 99	56	60	77.7	126
Iteration: 100	56	61	82.04	111
Iteration: 101	56	59	78.5	109
Iteration: 102	56	60	78.18	101
Iteration: 103	56	59	75.74	126
Iteration: 104	56	59	76.08	114
Iteration: 105	56	60	78.02	100
Iteration: 106	56	60	76	110
Iteration: 107	56	60	75.38	97
Iteration: 108	56	61	80.56	109
Iteration: 109	56	59	77.36	110
Iteration: 110	56	60	76.48	112
Iteration: 111	56	60	79.4	122
Iteration: 112	56	60	75.7	107
Iteration: 113	56	59	78.46	123
Iteration: 114	56	60	78.62	121
Iteration: 115	56	60	77.56	105
Iteration: 116	56	60	77.38	107
Iteration: 117	56	60	78.86	123
Iteration: 118	56	59	77.96	115
Iteration: 119	56	60	79.2	108
Iteration: 120	56	59	77.96	104
Iteration: 121	56	61	80.5	115
Iteration: 122	56	62	77.34	114
Iteration: 123	56	61	81.36	115
Iteration: 124	56	59	77.32	114
Iteration: 125	56	60	77.04	104
Iteration: 126	56	63	79.44	102
Iteration: 127	56	60	78.16	118
Iteration: 128	56	59	75.28	113
Iteration: 129	56	60	83.16	112
Iteration: 130	56	60	78.6	121
Iteration: 131	56	62	77.08	106
Iteration: 132	56	60	77.96	102
Iteration: 133	56	60	80.42	118
Iteration: 134	56	60	78.44	102
Iteration: 135	56	61	77.06	104
Iteration: 136	56	63	81.62	113
Iteration: 137	56	60	81.94	111
Iteration: 138	56	61	78.52	114
Iteration: 139	56	61	78.82	103
Iteration: 140	55	55	79.26	109
Iteration: 141	55	59	76.86	111
Iteration: 142	55	60	80.52	108
Iteration: 143	55	60	76.4	119
Iteration: 144	55	60	82.02	114
Iteration: 145	55	60	76.62	111
Iteration: 146	55	60	80.76	125
Iteration: 147	55	59	78.74	119
Iteration: 148	55	60	82.98	113
Iteration: 149	55	59	75.28	102
Iteration: 150	55	60	77.5	114
Iteration: 151	55	59	78.62	123
Iteration: 152	55	55	78.74	120
Iteration: 153	55	60	78.4	111
Iteration: 154	55	60	77.54	101
Iteration: 155	55	60	81.62	120
Iteration: 156	55	60	77.12	116
Iteration: 157	55	61	77.06	114
Iteration: 158	55	60	78.66	113
Iteration: 159	55	60	77.1	99
Iteration: 160	55	59	75.56	115
Iteration: 161	55	59	76.88	105
Iteration: 162	55	60	76.84	100
Iteration: 163	55	61	77.02	112
Iteration: 164	55	60	80.54	123
Iteration: 165	55	60	80.06	116
Iteration: 166	55	62	80.52	117
Iteration: 167	55	59	73.72	104
Iteration: 168	55	60	76.92	105
Iteration: 169	55	60	79.06	120
Iteration: 170	55	60	78.1	123
Iteration: 171	55	63	76.28	111
Iteration: 172	55	60	78.18	122
Iteration: 173	55	61	79.04	105
Iteration: 174	55	60	78.08	123
Iteration: 175	55	59	80.72	110
Iteration: 176	55	60	78.02	101
Iteration: 177	55	60	79	110
Iteration: 178	55	60	75.9	121
Iteration: 179	55	60	77.04	121
Iteration: 180	55	60	77.26	111
Iteration: 181	55	62	80.26	117
Iteration: 182	55	60	78.12	112
Iteration: 183	55	60	76.96	115
Iteration: 184	55	60	73.86	111
Iteration: 185	55	61	78.04	105
Iteration: 186	55	60	80.24	112
Iteration: 187	55	60	81.38	125
Iteration: 188	55	60	81.8	112
Iteration: 189	55	59	79.98	120
Iteration: 190	55	60	81.02	120
Iteration: 191	55	60	82.42	116
Iteration: 192	55	60	79.3	129
Iteration: 193	55	59	80.3	117
Iteration: 194	55	60	75.28	102
Iteration: 195	55	60	79.38	108
Iteration: 196	55	59	77.38	111
Iteration: 197	55	59	81.36	126
Iteration: 198	55	59	79.22	120
Iteration: 199	55	61	77.64	101
Iteration: 200	55	61	78.82	109
Iteration: 201	55	56	76.22	112
Iteration: 202	55	60	75.48	111
Iteration: 203	55	60	80.34	111
Iteration: 204	55	59	76.58	108
Iteration: 205	55	60	80.14	121
Iteration: 206	55	60	77.28	117
Iteration: 207	55	59	78.32	111
Iteration: 208	55	59	81.48	111
Iteration: 209	55	60	78.66	113
Iteration: 210	55	60	78.46	113
Iteration: 211	55	59	75.6	118
Iteration: 212	55	60	80.98	110
Iteration: 213	55	60	76.44	112
Iteration: 214	55	61	77.44	104
Iteration: 215	55	59	81.22	113
Iteration: 216	55	60	79.54	116
Iteration: 217	55	60	79.94	112
Iteration: 218	55	60	74.9	110
Iteration: 219	55	61	76.28	125
Iteration: 220	55	59	78.64	114
Iteration: 221	55	60	75.94	113
Iteration: 222	55	60	76.86	103
Iteration: 223	55	60	79.76	104
Iteration: 224	55	60	79.4	108
Iteration: 225	55	59	79.72	112
Iteration: 226	55	59	73.38	106
Iteration: 227	55	60	79.02	115
Iteration: 228	55	60	82.38	109
Iteration: 229	55	60	81.36	112
Iteration: 230	55	60	77.46	118
Iteration: 231	55	60	76.28	110
Iteration: 232	55	60	78.26	105
Iteration: 233	55	60	78.12	114
Iteration: 234	55	61	79.22	106
Iteration: 235	55	60	78.5	115
Iteration: 236	55	60	77.74	127
Iteration: 237	55	60	75.7	106
Iteration: 238	55	58	77.92	108
Iteration: 239	55	60	79.28	114
Iteration: 240	55	60	77.22	98
Iteration: 241	55	59	78.82	102
Iteration: 242	55	62	78.9	117
Iteration: 243	55	60	79.96	121
Iteration: 244	55	60	76.18	114
Iteration: 245	55	62	81.82	117
Iteration: 246	55	59	73.54	116
Iteration: 247	55	59	75.48	118
Iteration: 248	55	59	80.36	120
Iteration: 249	55	59	80.06	129
Iteration: 250	55	59	78.64	125
Iteration: 251	55	59	76.9	109
Iteration: 252	55	60	78.38	119
Iteration: 253	55	60	79.74	103
Iteration: 254	55	60	79.86	108
Iteration: 255	55	61	82.24	123
Iteration: 256	55	59	78.68	121
Iteration: 257	55	60	77.76	117
Iteration: 258	55	60	78.86	120
Iteration: 259	55	59	76.38	123
Iteration: 260	55	60	76.4	107
Iteration: 261	55	59	79	101
Iteration: 262	55	60	78.16	115
Iteration: 263	55	60	78.46	114
Iteration: 264	55	60	76.5	118
Iteration: 265	55	58	79.34	109
Iteration: 266	55	61	79.42	113
Iteration: 267	55	57	75.98	100
Iteration: 268	55	60	77.54	113
Iteration: 269	55	60	77.58	125
Iteration: 270	55	61	76.62	104
Iteration: 271	55	60	75.54	122
Iteration: 272	55	60	75.88	106
Iteration: 273	55	60	76.5	111
Iteration: 274	55	60	79.38	119
Iteration: 275	55	60	78.8	119
Iteration: 276	55	60	80.56	117
Iteration: 277	55	61	77.14	104
Iteration: 278	55	60	77.38	105
Iteration: 279	55	59	77.5	105
Iteration: 280	55	60	77.96	111
Iteration: 281	55	59	78.46	108
Iteration: 282	55	60	82.92	122
Iteration: 283	55	61	79.72	108
Iteration: 284	55	57	79.4	104
Iteration: 285	55	60	77.98	120
Iteration: 286	55	60	78.38	104
Iteration: 287	55	60	78.86	109
Iteration: 288	55	59	78.14	124
Iteration: 289	55	60	78.36	112
Iteration: 290	55	60	81.7	119
Iteration: 291	55	60	80.32	115
Iteration: 292	55	60	80.22	126
Iteration: 293	55	59	78.86	110
Iteration: 294	55	60	81.04	113
Iteration: 295	55	60	75.16	111
Iteration: 296	55	60	81.16	116
Iteration: 297	55	60	79.04	116
Iteration: 298	55	61	81.08	116
Iteration: 299	55	60	77.76	107
Iteration: 300	55	58	79.78	116
Iteration: 301	55	59	75.54	98
Iteration: 302	55	61	76.86	118
Iteration: 303	55	60	78.84	108
Iteration: 304	55	60	77.04	124
Iteration: 305	55	60	80.12	116
Iteration: 306	55	59	77.46	118
Iteration: 307	55	60	75.46	106
Iteration: 308	55	60	77.68	105
Iteration: 309	55	60	78.38	112
Iteration: 310	55	61	81.7	117
Iteration: 311	55	59	79.38	120
Iteration: 312	55	60	81.02	118
Iteration: 313	55	63	77.42	108
Iteration: 314	55	60	77.9	117
Iteration: 315	55	59	79.5	107
Iteration: 316	55	59	76.64	113
Iteration: 317	55	60	79.14	109
Iteration: 318	55	60	77.7	108
Iteration: 319	55	59	77.2	109
Iteration: 320	55	60	79.52	108
Iteration: 321	55	59	76.7	105
Iteration: 322	55	62	80.86	112
Iteration: 323	55	59	78.58	116
Iteration: 324	55	60	78.26	111
Iteration: 325	55	58	78.72	111
Iteration: 326	55	59	79.98	111
Iteration: 327	55	60	77.02	106
Iteration: 328	55	62	79.84	119
Iteration: 329	55	59	75.24	108
Iteration: 330	55	60	78.36	117
Iteration: 331	55	60	78.28	111
Iteration: 332	55	59	79.32	114
Iteration: 333	55	61	78.66	106
Iteration: 334	55	59	83.66	125
Iteration: 335	55	60	80.78	121
Iteration: 336	55	59	75.84	106
Iteration: 337	55	60	77.54	113
Iteration: 338	55	62	78.36	101
Iteration: 339	55	60	79.9	108
Iteration: 340	55	60	73.7	95
Iteration: 341	55	59	76.74	114
Iteration: 342	55	61	81.18	103
Iteration: 343	55	60	76.32	120
Iteration: 344	55	60	73.8	111
Iteration: 345	55	59	77.82	109
Iteration: 346	55	59	77.26	115
Iteration: 347	55	60	78.6	114
Iteration: 348	55	60	77.94	111
Iteration: 349	55	60	75.18	104
Iteration: 350	55	59	81.18	106
Iteration: 351	55	60	73.8	96
Iteration: 352	55	60	77.4	110
Iteration: 353	55	59	79.12	114
Iteration: 354	55	60	77.48	105
Iteration: 355	55	60	78.56	111
Iteration: 356	55	60	75.46	110
Iteration: 357	55	60	81.56	123
Iteration: 358	55	59	74.56	107
Iteration: 359	55	59	77.18	113
Iteration: 360	55	60	79.76	114
Iteration: 361	55	62	77.98	108
Iteration: 362	55	60	79.68	116
Iteration: 363	55	61	80.4	111
Iteration: 364	55	60	82.6	129
Iteration: 365	55	59	79.38	116
Iteration: 366	55	60	79.96	111
Iteration: 367	55	60	75.78	111
Iteration: 368	55	60	78.48	118
Iteration: 369	55	60	79	108
Iteration: 370	55	60	79.3	114
Iteration: 371	55	60	78.38	118
Iteration: 372	55	60	77.7	110
Iteration: 373	55	59	74.96	115
Iteration: 374	55	60	76.14	111
Iteration: 375	55	59	80.42	119
Iteration: 376	55	60	78.94	117
Iteration: 377	55	60	80.26	120
Iteration: 378	55	60	77.94	113
Iteration: 379	55	60	80.4	127
Iteration: 380	55	59	78.06	115
Iteration: 381	55	60	81.34	121
Iteration: 382	55	60	79.84	109
Iteration: 383	55	59	76.7	113
Iteration: 384	55	60	78.7	108
Iteration: 385	55	61	81	118
Iteration: 386	55	60	77.52	116
Iteration: 387	55	60	77.98	123
Iteration: 388	55	60	77.42	105
Iteration: 389	55	60	81.28	131
Iteration: 390	55	59	79.64	113
Iteration: 391	55	60	78.44	97
Iteration: 392	55	60	75.46	111
Iteration: 393	55	59	77.76	105
Iteration: 394	55	59	78.06	118
Iteration: 395	55	61	79.02	105
Iteration: 396	55	59	79.54	119
Iteration: 397	55	61	77.3	97
Iteration: 398	55	60	77.22	116
Iteration: 399	55	58	80.26	117
Iteration: 400	55	60	81.4	124
Iteration: 401	55	60	78.18	101
Iteration: 402	55	60	78.46	103
Iteration: 403	55	61	78.24	108
Iteration: 404	55	59	77.82	112
Iteration: 405	55	60	76.82	123
Iteration: 406	55	61	82.72	122
Iteration: 407	55	60	76.8	125
Iteration: 408	55	56	79.04	116
Iteration: 409	55	59	75.96	101
Iteration: 410	55	59	77.42	118
Iteration: 411	55	60	75.44	110
Iteration: 412	55	60	79.28	115
Iteration: 413	55	60	77.86	122
Iteration: 414	55	60	76.92	106
Iteration: 415	55	60	77.3	129
Iteration: 416	55	59	79.46	120
Iteration: 417	55	60	76.86	105
Iteration: 418	55	59	74.74	109
Iteration: 419	55	60	78.16	118
Iteration: 420	55	60	78.22	109
Iteration: 421	55	60	78.8	108
Iteration: 422	55	60	79.92	120
Iteration: 423	55	61	80.76	113
Iteration: 424	55	60	79.42	117
Iteration: 425	55	59	80.28	114
Iteration: 426	55	59	77.08	122
Iteration: 427	55	60	78.46	117
Iteration: 428	55	62	78.36	99
Iteration: 429	55	59	77.36	107
Iteration: 430	55	60	79.06	108
Iteration: 431	55	60	76.62	99
Iteration: 432	55	60	73.96	103
Iteration: 433	55	60	77.52	125
Iteration: 434	55	61	78.32	110
Iteration: 435	55	60	79.2	113
Iteration: 436	55	57	76.68	112
Iteration: 437	55	59	77.22	108
Iteration: 438	55	60	78.74	117
Iteration: 439	55	59	76.82	114
Iteration: 440	55	60	78.16	110
Iteration: 441	55	60	74.7	121
Iteration: 442	55	61	80.16	122
Iteration: 443	55	60	79.04	115
Iteration: 444	55	59	78.34	106
Iteration: 445	55	59	78.8	125
Iteration: 446	55	60	76.94	116
Iteration: 447	55	61	79.3	117
Iteration: 448	55	62	78.92	114
Iteration: 449	55	59	83.32	119
Iteration: 450	55	59	77.1	106
Iteration: 451	55	59	77.42	124
Iteration: 452	55	60	78.56	105
Iteration: 453	55	60	80.48	115
Iteration: 454	55	60	76.1	101
Iteration: 455	55	60	77.84	119
Iteration: 456	55	60	81.4	119
Iteration: 457	55	60	76.32	113
Iteration: 458	55	60	81.72	121
Iteration: 459	55	60	81.64	114
Iteration: 460	55	60	78.46	112
Iteration: 461	55	60	75.5	113
Iteration: 462	55	63	80.5	109
Iteration: 463	55	62	81.46	133
Iteration: 464	55	60	77.02	122
Iteration: 465	55	59	76.88	102
Iteration: 466	55	60	79.46	124
Iteration: 467	55	59	79.32	122
Iteration: 468	55	61	78.74	103
Iteration: 469	55	60	80.26	106
Iteration: 470	55	59	74.68	107
Iteration: 471	55	60	76.22	112
Iteration: 472	55	61	75.9	108
Iteration: 473	55	58	76.38	106
Iteration: 474	55	59	82.46	126
Iteration: 475	55	60	78.98	111
Iteration: 476	55	61	76.22	111
Iteration: 477	55	60	76.08	106
Iteration: 478	55	61	79.6	110
Iteration: 479	55	60	75	96
Iteration: 480	55	59	78.72	114
Iteration: 481	55	60	76.52	109
Iteration: 482	55	58	74.52	114
Iteration: 483	55	60	78.8	106
Iteration: 484	55	61	78.38	114
Iteration: 485	55	60	79.24	124
Iteration: 486	55	60	79.92	111
Iteration: 487	55	59	77.82	110
Iteration: 488	55	59	79.04	105
Iteration: 489	55	60	76.04	107
Iteration: 490	55	59	80.44	119
Iteration: 491	55	59	78.78	113
Iteration: 492	55	60	77.16	118
Iteration: 493	55	59	75.68	107
Iteration: 494	55	60	80.74	112
Iteration: 495	55	60	78.56	118
Iteration: 496	55	59	78.82	117
Iteration: 497	55	61	78.56	112
Iteration: 498	55	58	79.24	120
Iteration: 499	55	59	77.72	107
