Iteration: 0	59	59	77.74	122
Iteration: 1	59	59	77.54	112
Iteration: 2	59	60	75.92	104
Iteration: 3	59	60	76.84	117
Iteration: 4	59	60	77.1	104
Iteration: 5	59	59	78.98	115
Iteration: 6	59	60	80.5	122
Iteration: 7	59	60	78.98	112
Iteration: 8	59	59	78.6	131
Iteration: 9	59	59	75.96	115
Iteration: 10	59	59	80.48	110
Iteration: 11	59	60	78.88	106
Iteration: 12	58	58	78.54	120
Iteration: 13	58	60	76.38	112
Iteration: 14	58	60	77.86	106
Iteration: 15	58	60	78.56	106
Iteration: 16	58	60	77.88	116
Iteration: 17	58	60	79.46	113
Iteration: 18	58	59	74.28	109
Iteration: 19	58	59	76.5	109
Iteration: 20	58	59	78.64	103
Iteration: 21	58	59	76.82	107
Iteration: 22	58	60	76.66	113
Iteration: 23	58	59	78.58	120
Iteration: 24	58	62	78.48	104
Iteration: 25	58	60	78	102
Iteration: 26	58	58	76.8	106
Iteration: 27	58	61	78.84	114
Iteration: 28	58	59	79.42	117
Iteration: 29	58	60	77.7	104
Iteration: 30	58	60	81.8	112
Iteration: 31	58	59	77.24	118
Iteration: 32	58	60	79.28	119
Iteration: 33	58	60	78.48	101
Iteration: 34	58	59	76.52	108
Iteration: 35	58	58	76.06	105
Iteration: 36	58	60	79.06	112
Iteration: 37	58	59	79.86	111
Iteration: 38	58	60	75.48	119
Iteration: 39	58	59	78.58	119
Iteration: 40	58	59	82.16	125
Iteration: 41	58	60	77.52	109
Iteration: 42	58	59	78.18	112
Iteration: 43	58	59	78.24	115
Iteration: 44	58	59	76.28	117
Iteration: 45	58	60	80.02	107
Iteration: 46	58	59	81.14	119
Iteration: 47	58	60	75.28	96
Iteration: 48	58	59	78.62	107
Iteration: 49	58	59	78.32	103
Iteration: 50	58	59	76.7	110
Iteration: 51	58	60	83.44	113
Iteration: 52	56	56	73.98	107
Iteration: 53	56	61	78.9	130
Iteration: 54	56	60	79.1	121
Iteration: 55	56	60	81.02	113
Iteration: 56	56	59	77.12	115
Iteration: 57	56	59	78.72	112
Iteration: 58	56	60	81.28	113
Iteration: 59	56	60	78.9	112
Iteration: 60	56	60	78.52	116
Iteration: 61	56	60	76.26	106
Iteration: 62	56	60	80.12	113
Iteration: 63	56	60	78	110
Iteration: 64	56	61	77.92	108
Iteration: 65	56	59	75.26	108
Iteration: 66	56	59	77.14	108
Iteration: 67	56	59	78.96	112
Iteration: 68	56	58	79.5	115
Iteration: 69	56	59	79.92	110
Iteration: 70	56	59	73.56	93
Iteration: 71	56	60	80.62	115
Iteration: 72	56	60	77.84	117
Iteration: 73	56	60	77.34	112
Iteration: 74	56	60	76.48	126
Iteration: 75	56	60	77.36	108
Iteration: 76	56	60	80.78	121
Iteration: 77	56	59	79.34	121
Iteration: 78	56	60	77.8	105
Iteration: 79	56	60	75.84	111
Iteration: 80	56	60	76.86	106
Iteration: 81	56	60	78.62	118
Iteration: 82	56	59	80.44	108
Iteration: 83	56	59	77.38	102
Iteration: 84	56	62	78.8	106
Iteration: 85	56	63	76.6	102
Iteration: 86	56	59	79.02	106
Iteration: 87	56	60	78.64	117
Iteration: 88	56	60	79.7	106
Iteration: 89	56	59	78.36	121
Iteration: 90	56	59	80.92	119
Iteration: 91	56	61	78.98	104
Iteration: 92	56	59	77.58	103
Iteration: 93	56	61	79.5	112
Iteration: 94	56	61	79.06	111
Iteration: 95	56	60	78.02	104
Iteration: 96	56	60	78.04	101
Iteration: 97	56	60	77.9	111
Iteration: 98	56	60	78.66	107
Iteration: 99	56	60	80.16	107
Iteration: 100	56	59	78.86	122
Iteration: 101	56	60	76.56	110
Iteration: 102	56	59	78.76	110
Iteration: 103	56	60	76.42	111
Iteration: 104	56	60	81.68	124
Iteration: 105	56	60	77.36	122
Iteration: 106	56	61	76.82	113
Iteration: 107	56	61	76.18	102
Iteration: 108	56	59	80.46	115
Iteration: 109	56	60	78.62	123
Iteration: 110	56	60	78.34	120
Iteration: 111	56	61	76.66	111
Iteration: 112	56	61	80.22	115
Iteration: 113	56	61	80.28	113
Iteration: 114	56	60	77.64	122
Iteration: 115	56	59	73.78	111
Iteration: 116	56	60	76.98	110
Iteration: 117	56	60	77.66	105
Iteration: 118	56	61	78.94	113
Iteration: 119	56	60	80.12	116
Iteration: 120	56	58	78.52	126
Iteration: 121	56	62	82.18	125
Iteration: 122	56	61	74.48	103
Iteration: 123	56	61	77.44	100
Iteration: 124	56	59	78.1	131
Iteration: 125	56	61	78.9	109
Iteration: 126	56	60	78.18	113
Iteration: 127	56	59	74.74	114
Iteration: 128	56	60	78.04	125
Iteration: 129	56	60	78.74	106
Iteration: 130	56	59	80.28	102
Iteration: 131	56	60	78.44	103
Iteration: 132	56	61	80.54	115
Iteration: 133	56	61	77.08	117
Iteration: 134	56	60	77.96	120
Iteration: 135	56	60	78.76	108
Iteration: 136	56	62	79.72	121
Iteration: 137	56	61	73.48	106
Iteration: 138	56	60	78.48	125
Iteration: 139	56	60	79.36	110
Iteration: 140	56	59	78.9	110
Iteration: 141	56	60	81	113
Iteration: 142	56	61	80.24	129
Iteration: 143	56	60	78.8	110
Iteration: 144	56	61	78.72	103
Iteration: 145	56	58	77.5	109
Iteration: 146	56	60	81.08	116
Iteration: 147	56	60	75.34	113
Iteration: 148	56	60	78.94	118
Iteration: 149	56	60	78.34	113
Iteration: 150	56	60	81.28	118
Iteration: 151	56	59	75.42	103
Iteration: 152	56	59	83.68	117
Iteration: 153	56	60	78.18	108
Iteration: 154	56	60	77.78	109
Iteration: 155	56	60	80.32	127
Iteration: 156	56	58	76.8	131
Iteration: 157	56	59	77.04	120
Iteration: 158	56	60	76.72	101
Iteration: 159	56	59	77.22	122
Iteration: 160	56	60	77.78	111
Iteration: 161	56	60	78.58	110
Iteration: 162	56	60	78.76	115
Iteration: 163	56	60	75.86	101
Iteration: 164	56	60	80	126
Iteration: 165	56	62	77.92	121
Iteration: 166	56	60	78.36	126
Iteration: 167	56	61	77.18	115
Iteration: 168	56	60	80.88	114
Iteration: 169	56	61	83	107
Iteration: 170	56	60	77.76	107
Iteration: 171	56	59	79.4	113
Iteration: 172	56	59	79.72	114
Iteration: 173	56	60	79.94	114
Iteration: 174	56	61	81.06	110
Iteration: 175	56	60	77.2	104
Iteration: 176	56	59	76.66	117
Iteration: 177	56	60	77.64	106
Iteration: 178	56	61	76	104
Iteration: 179	56	59	79.14	116
Iteration: 180	56	61	78.94	115
Iteration: 181	56	59	77.22	108
Iteration: 182	56	60	75.56	105
Iteration: 183	56	59	78.22	108
Iteration: 184	56	60	82.8	127
Iteration: 185	56	59	77.72	108
Iteration: 186	56	59	79.04	124
Iteration: 187	56	60	78.16	109
Iteration: 188	56	59	76.2	98
Iteration: 189	56	60	78.5	101
Iteration: 190	56	60	80.7	111
Iteration: 191	56	59	77.36	107
Iteration: 192	56	61	79.2	110
Iteration: 193	56	59	79.5	118
Iteration: 194	56	59	78.4	115
Iteration: 195	56	59	76.56	108
Iteration: 196	56	60	81.12	113
Iteration: 197	56	60	77.7	111
Iteration: 198	56	60	81.06	117
Iteration: 199	56	60	76.08	116
Iteration: 200	56	60	80.6	109
Iteration: 201	56	60	77.78	121
Iteration: 202	56	60	77.72	114
Iteration: 203	56	60	78.04	123
Iteration: 204	56	59	76.4	107
Iteration: 205	56	60	78.28	113
Iteration: 206	56	59	77.6	116
Iteration: 207	56	60	78.52	114
Iteration: 208	56	60	77.66	111
Iteration: 209	56	59	78.1	113
Iteration: 210	56	60	78.02	113
Iteration: 211	56	61	80.12	116
Iteration: 212	56	59	79.3	110
Iteration: 213	56	59	74.58	117
Iteration: 214	56	60	78.88	120
Iteration: 215	56	59	77.64	107
Iteration: 216	56	59	79.42	116
Iteration: 217	56	60	75.58	103
Iteration: 218	56	59	77.02	106
Iteration: 219	56	61	77.28	110
Iteration: 220	56	60	79.9	118
Iteration: 221	56	60	76.72	120
Iteration: 222	56	59	78.1	116
Iteration: 223	56	60	78.06	98
Iteration: 224	56	60	76.78	108
Iteration: 225	56	60	79	110
Iteration: 226	56	60	80.2	112
Iteration: 227	56	59	77.9	105
Iteration: 228	56	60	79.66	114
Iteration: 229	56	59	78.98	128
Iteration: 230	56	60	78.02	106
Iteration: 231	56	60	78.74	116
Iteration: 232	56	59	76.48	113
Iteration: 233	56	59	77.84	122
Iteration: 234	56	59	79.52	125
Iteration: 235	56	60	73.9	108
Iteration: 236	56	59	75.08	106
Iteration: 237	56	60	78.9	106
Iteration: 238	56	60	80.36	118
Iteration: 239	56	61	75.28	126
Iteration: 240	56	59	76.18	103
Iteration: 241	56	59	79.44	119
Iteration: 242	56	57	77.1	104
Iteration: 243	56	60	78.1	110
Iteration: 244	56	59	79.2	121
Iteration: 245	56	60	79.66	128
Iteration: 246	56	60	77.88	121
Iteration: 247	56	60	76.88	112
Iteration: 248	56	59	77.66	106
Iteration: 249	56	60	78.66	110
Iteration: 250	56	61	79.32	116
Iteration: 251	56	60	79.2	106
Iteration: 252	56	59	75.18	108
Iteration: 253	56	60	78.36	104
Iteration: 254	56	60	78.26	105
Iteration: 255	56	59	76.16	104
Iteration: 256	56	60	77.66	104
Iteration: 257	56	60	78.54	112
Iteration: 258	56	59	75.52	115
Iteration: 259	56	60	76.46	110
Iteration: 260	56	60	80.02	117
Iteration: 261	56	61	77.88	116
Iteration: 262	56	60	76.94	108
Iteration: 263	56	59	76.98	107
Iteration: 264	56	59	77.48	104
Iteration: 265	56	60	79.88	111
Iteration: 266	56	62	79.24	109
Iteration: 267	56	61	79.4	108
Iteration: 268	56	59	76.52	108
Iteration: 269	56	60	78.1	111
Iteration: 270	56	61	79.02	109
Iteration: 271	56	60	80.46	111
Iteration: 272	56	61	79.4	107
Iteration: 273	56	60	76.8	115
Iteration: 274	56	60	81.02	111
Iteration: 275	56	58	80.8	115
Iteration: 276	56	60	77.28	116
Iteration: 277	56	60	80.04	127
Iteration: 278	56	59	78.6	132
Iteration: 279	56	60	76.58	95
Iteration: 280	56	59	75.82	113
Iteration: 281	56	57	78.3	121
Iteration: 282	56	60	79.46	116
Iteration: 283	56	60	75.64	108
Iteration: 284	56	60	78.12	122
Iteration: 285	56	62	77.56	103
Iteration: 286	56	59	77.62	110
Iteration: 287	56	60	79.78	124
Iteration: 288	56	59	78.56	112
Iteration: 289	56	60	80.82	119
Iteration: 290	56	60	77.98	114
Iteration: 291	56	61	77.46	108
Iteration: 292	56	60	79.8	103
Iteration: 293	56	60	82.14	119
Iteration: 294	56	60	81.02	124
Iteration: 295	56	62	79.82	111
Iteration: 296	56	59	75.92	119
Iteration: 297	56	60	75.74	112
Iteration: 298	56	60	72.52	98
Iteration: 299	56	59	79.6	117
Iteration: 300	56	60	78.4	119
Iteration: 301	56	61	78.44	124
Iteration: 302	56	60	80	118
Iteration: 303	56	59	75.7	110
Iteration: 304	56	61	79.04	116
Iteration: 305	56	61	78.44	112
Iteration: 306	56	60	76.06	105
Iteration: 307	56	62	80.62	116
Iteration: 308	56	60	77.92	104
Iteration: 309	56	60	81.46	109
Iteration: 310	56	61	81.64	106
Iteration: 311	56	60	78.74	118
Iteration: 312	56	60	79.98	111
Iteration: 313	56	60	79.9	112
Iteration: 314	56	60	74.88	102
Iteration: 315	56	59	78.94	118
Iteration: 316	56	60	74.5	106
Iteration: 317	56	63	77.54	103
Iteration: 318	56	59	76.84	100
Iteration: 319	56	60	80.16	105
Iteration: 320	56	59	76.3	115
Iteration: 321	56	61	79.4	121
Iteration: 322	56	60	75.94	110
Iteration: 323	56	59	80.84	121
Iteration: 324	56	61	80.76	112
Iteration: 325	56	60	81.1	124
Iteration: 326	56	61	78.14	105
Iteration: 327	56	60	80.68	110
Iteration: 328	56	60	77.68	103
Iteration: 329	56	59	79.28	105
Iteration: 330	56	60	77.38	114
Iteration: 331	56	59	77.02	115
Iteration: 332	56	60	77.08	112
Iteration: 333	56	60	78.14	115
Iteration: 334	56	60	80.04	118
Iteration: 335	56	59	77.36	104
Iteration: 336	56	60	78.5	117
Iteration: 337	56	59	80.06	129
Iteration: 338	56	60	77.76	113
Iteration: 339	56	60	75.08	105
Iteration: 340	56	60	80.2	118
Iteration: 341	56	59	82.12	120
Iteration: 342	56	58	78.08	118
Iteration: 343	56	61	80.26	118
Iteration: 344	56	60	78.74	110
Iteration: 345	56	60	81.14	119
Iteration: 346	56	59	77.82	121
Iteration: 347	56	61	76.16	115
Iteration: 348	56	59	79.18	129
Iteration: 349	56	60	77.9	109
Iteration: 350	56	59	79.7	114
Iteration: 351	56	60	78.4	115
Iteration: 352	56	59	79.48	115
Iteration: 353	56	60	80.54	112
Iteration: 354	56	59	78.64	111
Iteration: 355	56	60	77.22	104
Iteration: 356	56	60	79.56	112
Iteration: 357	56	59	77.62	104
Iteration: 358	56	59	76.04	101
Iteration: 359	56	60	78.44	106
Iteration: 360	56	61	77.64	110
Iteration: 361	56	60	78.58	122
Iteration: 362	56	59	77.84	116
Iteration: 363	56	57	78.94	127
Iteration: 364	56	60	82.66	117
Iteration: 365	56	60	79.1	109
Iteration: 366	56	60	78.06	102
Iteration: 367	56	61	78.6	102
Iteration: 368	56	59	78.52	106
Iteration: 369	56	58	77.54	121
Iteration: 370	56	60	74.62	95
Iteration: 371	56	67	81.86	114
Iteration: 372	56	61	78.24	106
Iteration: 373	56	60	80.04	113
Iteration: 374	56	59	80.02	112
Iteration: 375	56	61	79.96	110
Iteration: 376	56	59	78.74	117
Iteration: 377	56	60	79.26	117
Iteration: 378	56	60	77.1	113
Iteration: 379	56	60	77.94	115
Iteration: 380	56	62	81.68	111
Iteration: 381	56	59	77.54	112
Iteration: 382	56	59	83	129
Iteration: 383	56	60	72.92	95
Iteration: 384	56	60	78.34	110
Iteration: 385	56	58	76.48	108
Iteration: 386	56	60	78.88	122
Iteration: 387	56	60	80	103
Iteration: 388	56	60	79.98	105
Iteration: 389	56	60	77.64	117
Iteration: 390	56	60	80.98	113
Iteration: 391	56	60	77.94	102
Iteration: 392	56	60	78.9	114
Iteration: 393	56	59	79.8	124
Iteration: 394	56	61	81.26	113
Iteration: 395	56	62	80.06	114
Iteration: 396	56	60	79.64	114
Iteration: 397	56	60	78.14	112
Iteration: 398	56	59	75.68	95
Iteration: 399	56	59	77.74	105
Iteration: 400	56	61	79.36	115
Iteration: 401	56	63	80.34	108
Iteration: 402	56	60	77.26	110
Iteration: 403	56	63	78.58	110
Iteration: 404	56	59	75.96	124
Iteration: 405	56	59	77.74	102
Iteration: 406	56	59	78.68	103
Iteration: 407	56	59	75.88	119
Iteration: 408	56	60	76.82	118
Iteration: 409	56	60	77.38	105
Iteration: 410	56	60	76.9	112
Iteration: 411	56	60	80.34	121
Iteration: 412	56	60	78.8	115
Iteration: 413	56	60	76.98	108
Iteration: 414	56	60	78.42	114
Iteration: 415	56	60	79.28	112
Iteration: 416	56	60	81.16	115
Iteration: 417	56	60	77.1	109
Iteration: 418	56	60	77.12	111
Iteration: 419	56	58	76.34	112
Iteration: 420	56	59	81.62	115
Iteration: 421	56	60	75.86	109
Iteration: 422	56	60	75.6	102
Iteration: 423	56	60	77.92	102
Iteration: 424	56	60	75.16	98
Iteration: 425	56	59	77.96	107
Iteration: 426	56	59	76.62	106
Iteration: 427	56	60	79.28	118
Iteration: 428	56	60	81.1	117
Iteration: 429	55	55	79.08	121
Iteration: 430	55	60	79.26	117
Iteration: 431	55	59	76.5	105
Iteration: 432	55	63	78.2	112
Iteration: 433	55	59	77.32	107
Iteration: 434	55	60	79.28	108
Iteration: 435	55	60	77.36	103
Iteration: 436	55	60	78.3	107
Iteration: 437	55	61	81.38	119
Iteration: 438	55	61	79.2	115
Iteration: 439	55	60	79.3	104
Iteration: 440	55	60	75.62	112
Iteration: 441	55	60	76.32	114
Iteration: 442	55	60	75.4	112
Iteration: 443	55	60	80.4	119
Iteration: 444	55	60	77.86	112
Iteration: 445	55	58	80.54	103
Iteration: 446	55	60	78.5	112
Iteration: 447	55	60	80.86	119
Iteration: 448	55	59	78.2	122
Iteration: 449	55	59	76.2	107
Iteration: 450	55	60	80.08	109
Iteration: 451	55	60	78.84	113
Iteration: 452	55	61	76.96	108
Iteration: 453	55	59	78.02	107
Iteration: 454	55	60	80.82	118
Iteration: 455	55	60	77.96	107
Iteration: 456	55	60	79.14	116
Iteration: 457	55	60	76.76	104
Iteration: 458	55	60	80.12	118
Iteration: 459	55	56	75.86	104
Iteration: 460	55	59	78.92	116
Iteration: 461	55	59	79.28	125
Iteration: 462	55	60	79.8	113
Iteration: 463	55	59	79.8	115
Iteration: 464	55	60	77.94	112
Iteration: 465	55	60	73.88	102
Iteration: 466	55	59	79.44	112
Iteration: 467	55	60	79.22	112
Iteration: 468	55	60	77.84	111
Iteration: 469	55	60	78.2	101
Iteration: 470	55	61	79.46	119
Iteration: 471	55	60	78	100
Iteration: 472	55	60	79.12	131
Iteration: 473	55	59	76.88	107
Iteration: 474	55	63	79.32	107
Iteration: 475	55	59	76.52	125
Iteration: 476	55	60	78.8	112
Iteration: 477	55	59	77.28	109
Iteration: 478	55	60	78.4	114
Iteration: 479	55	59	78.78	116
Iteration: 480	55	61	78.72	123
Iteration: 481	55	60	77.94	116
Iteration: 482	55	60	81.26	119
Iteration: 483	55	61	74.96	103
Iteration: 484	55	59	79.64	111
Iteration: 485	55	60	80.24	111
Iteration: 486	55	59	74.98	102
Iteration: 487	55	60	78.16	116
Iteration: 488	55	59	78.08	112
Iteration: 489	55	59	79.28	110
Iteration: 490	55	61	79.52	109
Iteration: 491	55	60	77.14	108
Iteration: 492	55	60	78.44	112
Iteration: 493	55	59	77.66	116
Iteration: 494	55	60	80.38	113
Iteration: 495	55	60	79.68	109
Iteration: 496	55	60	75.08	107
Iteration: 497	55	59	78.58	107
Iteration: 498	55	60	76.18	101
Iteration: 499	55	59	79.12	116
