Iteration: 0	60	60	79.6133	116
Iteration: 1	58	58	80.4533	129
Iteration: 2	58	60	79.0933	112
Iteration: 3	58	59	77.8133	114
Iteration: 4	58	60	78.5467	108
Iteration: 5	58	59	80.2533	118
Iteration: 6	58	59	75.32	109
Iteration: 7	58	60	76.1867	113
Iteration: 8	58	60	80.4133	115
Iteration: 9	58	59	78.4	120
Iteration: 10	58	61	78.4933	110
Iteration: 11	58	60	78.44	114
Iteration: 12	58	61	78.4267	134
Iteration: 13	58	60	77.16	112
Iteration: 14	58	60	78.1467	116
Iteration: 15	58	60	80.8933	114
Iteration: 16	58	60	78.4533	123
Iteration: 17	58	60	77.12	109
Iteration: 18	58	60	80.52	117
Iteration: 19	58	60	76.8533	116
Iteration: 20	58	60	80.0267	119
Iteration: 21	58	59	76.92	115
Iteration: 22	58	59	76.92	118
Iteration: 23	58	60	78.1733	111
Iteration: 24	58	59	75.8267	106
Iteration: 25	58	60	77.28	120
Iteration: 26	58	59	78.6	117
Iteration: 27	58	59	78.96	131
Iteration: 28	58	60	77.28	113
Iteration: 29	58	60	75.4	104
Iteration: 30	58	59	77.9867	107
Iteration: 31	58	61	79.2533	111
Iteration: 32	58	59	79.28	114
Iteration: 33	58	60	81.2	138
Iteration: 34	58	60	78.6	121
Iteration: 35	58	60	77.3467	110
Iteration: 36	58	60	78.3333	113
Iteration: 37	58	59	78.64	114
Iteration: 38	58	60	76.7067	107
Iteration: 39	58	59	79.2267	114
Iteration: 40	58	59	78.4267	115
Iteration: 41	58	60	76.6267	103
Iteration: 42	58	59	78.7067	115
Iteration: 43	58	60	78.7867	119
Iteration: 44	58	59	79	117
Iteration: 45	58	60	76.08	124
Iteration: 46	58	60	77.0533	110
Iteration: 47	58	60	78.68	114
Iteration: 48	58	60	78.6533	111
Iteration: 49	58	60	79.7067	106
Iteration: 50	58	59	79.88	123
Iteration: 51	58	59	76.3867	118
Iteration: 52	58	59	74.7333	115
Iteration: 53	58	59	76.8267	118
Iteration: 54	58	60	76.8267	100
Iteration: 55	58	60	79.8933	118
Iteration: 56	58	59	78.44	115
Iteration: 57	58	59	77.0933	113
Iteration: 58	58	62	80.76	110
Iteration: 59	58	60	77.3867	114
Iteration: 60	58	60	76.8533	107
Iteration: 61	58	59	77.6133	115
Iteration: 62	58	59	76.8267	108
Iteration: 63	58	60	78.5333	119
Iteration: 64	58	59	78.5867	126
Iteration: 65	58	60	79.6667	118
Iteration: 66	58	60	78.8933	108
Iteration: 67	58	60	77.7067	110
Iteration: 68	58	60	78.5067	113
Iteration: 69	58	60	77	126
Iteration: 70	58	60	79.84	114
Iteration: 71	58	59	78.0133	110
Iteration: 72	58	59	78.92	120
Iteration: 73	58	60	78.2933	115
Iteration: 74	58	60	78.28	113
Iteration: 75	58	60	77.16	120
Iteration: 76	58	60	75.9333	116
Iteration: 77	58	60	80.44	107
Iteration: 78	58	60	79.24	114
Iteration: 79	55	55	78.0533	107
Iteration: 80	55	59	79.0133	113
Iteration: 81	55	60	74.6933	109
Iteration: 82	55	59	77.08	125
Iteration: 83	55	60	79.6	125
Iteration: 84	55	59	81.88	115
Iteration: 85	55	59	75.4	109
Iteration: 86	55	60	80.5333	127
Iteration: 87	55	59	77.5733	113
Iteration: 88	55	60	78.1333	124
Iteration: 89	55	60	78.5333	110
Iteration: 90	55	60	79.1067	117
Iteration: 91	55	60	78.0667	122
Iteration: 92	55	60	77.2533	113
Iteration: 93	55	59	77.76	114
Iteration: 94	55	59	78.2933	107
Iteration: 95	55	60	80.4667	115
Iteration: 96	55	56	79.48	114
Iteration: 97	55	60	75.9467	115
Iteration: 98	55	59	79.1333	116
Iteration: 99	55	59	74.6	110
Iteration: 100	55	60	78.5067	111
Iteration: 101	55	59	77.3067	112
Iteration: 102	55	60	79.3467	115
Iteration: 103	55	60	78.6267	110
Iteration: 104	55	59	77.6	115
Iteration: 105	55	60	77.6667	114
Iteration: 106	55	60	78.0533	104
Iteration: 107	55	59	81.0933	116
Iteration: 108	55	60	77.9733	108
Iteration: 109	55	60	79.0267	114
Iteration: 110	55	60	78.6533	129
Iteration: 111	55	60	78.5733	117
Iteration: 112	55	59	77.24	107
Iteration: 113	55	58	78.6	105
Iteration: 114	55	59	78.7867	113
Iteration: 115	55	59	78.9867	122
Iteration: 116	55	57	76.8933	112
Iteration: 117	55	60	79.5467	118
Iteration: 118	55	59	78.3067	113
Iteration: 119	55	60	82.44	128
Iteration: 120	55	60	75.48	110
Iteration: 121	55	60	77.7867	121
Iteration: 122	55	60	77.4667	105
Iteration: 123	55	60	77.8667	125
Iteration: 124	55	59	76.8533	118
Iteration: 125	55	60	82.4133	131
Iteration: 126	55	60	78.2533	109
Iteration: 127	55	59	77.8	118
Iteration: 128	55	60	77.5867	117
Iteration: 129	55	60	78.5733	115
Iteration: 130	55	60	78.3333	126
Iteration: 131	55	61	76.0933	108
Iteration: 132	55	60	75.4933	108
Iteration: 133	55	60	78.6133	126
Iteration: 134	55	61	78.6533	120
Iteration: 135	55	56	77.9067	108
Iteration: 136	55	60	79.2	105
Iteration: 137	55	60	78.7467	110
Iteration: 138	55	59	80.2133	131
Iteration: 139	55	59	76.9733	107
Iteration: 140	55	60	78.3333	129
Iteration: 141	55	60	77.9467	105
Iteration: 142	55	60	76.56	106
Iteration: 143	55	59	80.9733	123
Iteration: 144	55	61	80.2533	113
Iteration: 145	55	59	80.8	118
Iteration: 146	55	60	77.4667	103
Iteration: 147	55	60	81	124
Iteration: 148	55	59	80.5867	107
Iteration: 149	55	59	75.2267	121
Iteration: 150	55	60	77.7333	122
Iteration: 151	55	60	80.3467	112
Iteration: 152	55	59	76.6	109
Iteration: 153	55	60	79.1467	111
Iteration: 154	55	59	79.8933	111
Iteration: 155	55	60	76.68	104
Iteration: 156	55	60	78.6133	124
Iteration: 157	55	60	80.1867	124
Iteration: 158	55	60	81.3867	115
Iteration: 159	55	59	77.4133	119
Iteration: 160	55	59	79.2	117
Iteration: 161	55	59	76.8533	104
Iteration: 162	55	61	77.3867	107
Iteration: 163	55	60	80.5067	127
Iteration: 164	55	60	79.5067	123
Iteration: 165	55	59	76	123
Iteration: 166	55	59	79.92	116
Iteration: 167	55	59	76.9067	118
Iteration: 168	55	60	77.3733	119
Iteration: 169	55	59	75.5333	121
Iteration: 170	55	59	79.4933	113
Iteration: 171	55	59	76.64	119
Iteration: 172	55	60	77.8933	131
Iteration: 173	55	59	78.04	118
Iteration: 174	55	60	78.4933	107
Iteration: 175	55	60	77.6667	122
Iteration: 176	55	59	79.0133	110
Iteration: 177	55	58	81.0267	117
Iteration: 178	55	59	79.5867	117
Iteration: 179	55	60	80.4667	112
Iteration: 180	55	60	76.9067	104
Iteration: 181	55	60	81.32	119
Iteration: 182	55	60	78.3867	114
Iteration: 183	55	58	79.4	117
Iteration: 184	55	60	81.4133	118
Iteration: 185	55	60	78.8267	120
Iteration: 186	55	59	78.64	115
Iteration: 187	55	59	76.7333	104
Iteration: 188	55	59	78.76	126
Iteration: 189	55	61	79.9067	118
Iteration: 190	55	59	77.5067	128
Iteration: 191	55	60	78.76	125
Iteration: 192	55	59	77.68	103
Iteration: 193	55	60	78.0667	111
Iteration: 194	55	60	81.36	136
Iteration: 195	55	62	77.3067	115
Iteration: 196	55	60	78.7733	125
Iteration: 197	55	60	78.92	118
Iteration: 198	55	60	78.7867	119
Iteration: 199	55	59	76.4	109
Iteration: 200	55	60	79.5733	113
Iteration: 201	55	60	76.6133	108
Iteration: 202	55	61	80.5467	128
Iteration: 203	55	60	77.84	113
Iteration: 204	55	60	78.08	116
Iteration: 205	55	60	77.2933	118
Iteration: 206	55	59	82.1467	127
Iteration: 207	55	60	79.16	119
Iteration: 208	55	60	76.1733	123
Iteration: 209	55	59	78.76	114
Iteration: 210	55	59	77.2533	113
Iteration: 211	55	60	78.36	112
Iteration: 212	55	60	76.5733	118
Iteration: 213	55	59	76.3867	133
Iteration: 214	55	60	78.52	108
Iteration: 215	55	59	77.5467	116
Iteration: 216	55	60	78.0533	117
Iteration: 217	55	60	75.2133	103
Iteration: 218	55	60	76.6	109
Iteration: 219	55	61	76.4133	115
Iteration: 220	55	59	78.44	108
Iteration: 221	55	60	78.4267	121
Iteration: 222	55	60	79.72	111
Iteration: 223	55	60	79.8267	117
Iteration: 224	55	60	75.4267	103
Iteration: 225	55	59	80.3467	121
Iteration: 226	55	60	78.1333	118
Iteration: 227	55	59	77.3333	105
Iteration: 228	55	59	76.64	115
Iteration: 229	55	60	77.0933	111
Iteration: 230	55	60	79.2	117
Iteration: 231	55	60	77.3333	119
Iteration: 232	55	59	76.28	111
Iteration: 233	55	59	77.6933	123
Iteration: 234	55	60	79.8933	123
Iteration: 235	55	61	78.0533	117
Iteration: 236	55	57	77.5067	117
Iteration: 237	55	60	78.9067	116
Iteration: 238	55	59	80.0933	120
Iteration: 239	55	61	79.2533	129
Iteration: 240	55	61	75.4	101
Iteration: 241	55	61	78.1067	105
Iteration: 242	55	60	80.0933	114
Iteration: 243	55	60	76.5867	117
Iteration: 244	55	61	76.5467	107
Iteration: 245	55	59	81.2667	120
Iteration: 246	55	59	78.84	107
Iteration: 247	55	59	78.9867	106
Iteration: 248	55	60	78.1467	109
Iteration: 249	55	60	79.1333	123
Iteration: 250	55	59	77.96	125
Iteration: 251	55	59	77.8933	109
Iteration: 252	55	59	77.0933	129
Iteration: 253	55	60	79.1867	120
Iteration: 254	55	59	75.6133	111
Iteration: 255	55	59	77.4933	115
Iteration: 256	55	60	79.1067	107
Iteration: 257	55	59	76.64	114
Iteration: 258	55	60	79.76	111
Iteration: 259	55	60	79.6133	115
Iteration: 260	55	60	77.04	116
Iteration: 261	55	60	78.2267	104
Iteration: 262	55	59	77.0133	122
Iteration: 263	55	59	77.56	116
Iteration: 264	55	56	79.8667	118
Iteration: 265	55	59	78.3067	118
Iteration: 266	55	60	76.16	118
Iteration: 267	55	59	78.1867	119
Iteration: 268	55	60	79.3467	118
Iteration: 269	55	60	79.2267	126
Iteration: 270	55	60	78.6133	116
Iteration: 271	55	60	78.1067	128
Iteration: 272	55	60	81.08	125
Iteration: 273	55	60	76.76	111
Iteration: 274	55	56	77.2933	112
Iteration: 275	55	60	77.1067	116
Iteration: 276	55	59	78.0133	112
Iteration: 277	55	59	78.92	125
Iteration: 278	55	60	76.84	106
Iteration: 279	55	59	80.9867	114
Iteration: 280	55	60	78.8267	110
Iteration: 281	55	61	77.36	123
Iteration: 282	55	59	77.2533	119
Iteration: 283	55	60	77.0933	110
Iteration: 284	55	55	77.8	110
Iteration: 285	55	59	77.4	113
Iteration: 286	55	59	77.0667	111
Iteration: 287	55	57	79.9067	119
Iteration: 288	55	60	77.3733	113
Iteration: 289	55	60	80.7067	112
Iteration: 290	55	60	80.44	131
Iteration: 291	55	60	77.0133	114
Iteration: 292	55	59	78.6	110
Iteration: 293	55	60	77.7733	102
Iteration: 294	55	60	76.8267	109
Iteration: 295	55	60	79.6933	114
Iteration: 296	55	60	77.5867	112
Iteration: 297	55	58	75.5067	112
Iteration: 298	55	60	77.9467	120
Iteration: 299	55	60	76.2533	117
Iteration: 300	55	60	77.6	103
Iteration: 301	55	60	77.68	126
Iteration: 302	55	59	78.6933	119
Iteration: 303	55	59	78.88	112
Iteration: 304	55	59	75.7467	109
Iteration: 305	55	59	76.7733	127
Iteration: 306	55	60	78.24	124
Iteration: 307	55	58	78.6933	114
Iteration: 308	55	59	78.64	109
Iteration: 309	55	59	78.6667	112
Iteration: 310	55	59	77.7733	121
Iteration: 311	55	60	77.4933	113
Iteration: 312	55	60	77	114
Iteration: 313	55	59	77.1067	122
Iteration: 314	55	60	78.32	111
Iteration: 315	55	60	78.36	123
Iteration: 316	55	61	79.44	108
Iteration: 317	55	60	77.1733	110
Iteration: 318	55	60	76.4667	120
Iteration: 319	55	60	77.3067	117
Iteration: 320	55	60	79.9867	126
Iteration: 321	55	60	79.6	112
Iteration: 322	55	59	74.28	104
Iteration: 323	55	60	80.56	115
Iteration: 324	55	60	78.84	117
Iteration: 325	55	60	77.6667	117
Iteration: 326	55	60	80.1067	132
Iteration: 327	55	60	78.5067	117
Iteration: 328	55	60	76.5733	109
Iteration: 329	55	60	77.6533	110
Iteration: 330	55	59	79.1333	105
Iteration: 331	55	60	77.0933	109
Iteration: 332	55	59	76.4267	116
Iteration: 333	55	58	78.5733	115
Iteration: 334	55	60	79.76	131
Iteration: 335	55	59	79.7067	113
Iteration: 336	55	60	75.9733	110
Iteration: 337	55	60	77.3467	115
Iteration: 338	55	60	76.6667	114
Iteration: 339	55	59	79.7467	121
Iteration: 340	55	60	78.96	111
Iteration: 341	55	58	78.16	117
Iteration: 342	55	59	78.7867	120
Iteration: 343	55	60	79.36	127
Iteration: 344	55	59	78.4667	117
Iteration: 345	55	59	79.7067	121
Iteration: 346	55	60	76.8933	107
Iteration: 347	55	59	78.52	116
Iteration: 348	55	59	80.4	111
Iteration: 349	55	59	77.5067	114
Iteration: 350	55	60	79.4133	124
Iteration: 351	55	60	77.28	98
Iteration: 352	55	59	78.32	108
Iteration: 353	55	59	76.0933	112
Iteration: 354	55	60	78.9067	121
Iteration: 355	55	59	78.32	111
Iteration: 356	55	60	77.72	134
Iteration: 357	55	60	78.4	109
Iteration: 358	55	59	77.36	121
Iteration: 359	55	60	78.7467	113
Iteration: 360	55	60	76.4	114
Iteration: 361	55	60	78.6667	111
Iteration: 362	55	59	80.3867	112
Iteration: 363	55	59	75.9333	121
Iteration: 364	55	60	77.9467	127
Iteration: 365	55	60	78.4533	119
Iteration: 366	55	60	79.64	118
Iteration: 367	55	56	78.2667	121
Iteration: 368	55	60	78.6533	111
Iteration: 369	55	59	80.0533	127
Iteration: 370	55	59	79.0667	118
Iteration: 371	55	58	77.32	109
Iteration: 372	55	59	77.68	119
Iteration: 373	55	59	78.32	116
Iteration: 374	55	59	77.7067	108
Iteration: 375	55	59	78.48	125
Iteration: 376	55	60	80.1467	111
Iteration: 377	55	59	77.8533	110
Iteration: 378	55	60	77.52	118
Iteration: 379	55	60	79.76	125
Iteration: 380	55	61	82.1467	110
Iteration: 381	55	60	78.3067	112
Iteration: 382	55	60	77.3333	109
Iteration: 383	55	60	77.9867	123
Iteration: 384	55	60	77.1867	108
Iteration: 385	55	61	78.8133	106
Iteration: 386	55	59	78.1067	115
Iteration: 387	55	59	79.4267	124
Iteration: 388	55	60	79.2133	119
Iteration: 389	55	60	77.0533	102
Iteration: 390	55	59	78.8533	109
Iteration: 391	55	59	82.3067	120
Iteration: 392	55	60	79.92	134
Iteration: 393	55	57	77.6267	122
Iteration: 394	55	60	81.9733	119
Iteration: 395	55	59	79.0133	120
Iteration: 396	55	60	77.28	115
Iteration: 397	55	59	78.1467	114
Iteration: 398	55	59	77.56	110
Iteration: 399	55	59	79.44	125
Iteration: 400	55	59	79.16	106
Iteration: 401	55	59	76.16	103
Iteration: 402	55	60	79.5067	116
Iteration: 403	55	60	80.12	122
Iteration: 404	55	60	80.1867	120
Iteration: 405	55	59	78.6267	110
Iteration: 406	55	55	79.1067	125
Iteration: 407	55	59	77.44	111
Iteration: 408	55	60	75.4	121
Iteration: 409	55	60	78.6533	115
Iteration: 410	55	60	81.4267	130
Iteration: 411	55	60	79.48	122
Iteration: 412	55	60	76.4933	122
Iteration: 413	55	57	80.3333	122
Iteration: 414	55	59	77.52	109
Iteration: 415	55	60	81.08	107
Iteration: 416	55	60	77.1867	110
Iteration: 417	55	60	80.8933	125
Iteration: 418	55	60	78.08	111
Iteration: 419	55	59	78.32	115
Iteration: 420	55	60	78.3333	125
Iteration: 421	55	59	77.7733	105
Iteration: 422	55	60	80.8933	119
Iteration: 423	55	60	78.1067	112
Iteration: 424	55	60	77.5333	118
Iteration: 425	55	59	79.16	106
Iteration: 426	55	59	79.5467	117
Iteration: 427	55	60	77.88	113
Iteration: 428	55	60	80.5067	128
Iteration: 429	55	59	76.3467	124
Iteration: 430	55	61	80.8667	114
Iteration: 431	55	59	75.8533	109
Iteration: 432	55	61	77.1467	117
Iteration: 433	55	60	77.8133	111
Iteration: 434	55	58	79.0667	112
Iteration: 435	55	60	78.92	119
Iteration: 436	55	59	80.96	119
Iteration: 437	55	60	78.3067	119
Iteration: 438	55	60	76.0133	112
Iteration: 439	55	60	80.7067	113
Iteration: 440	55	59	78.2133	116
Iteration: 441	55	60	77.7867	122
Iteration: 442	55	60	76.4933	127
Iteration: 443	55	59	75.7867	107
Iteration: 444	55	60	77.6133	122
Iteration: 445	55	60	77.2533	113
Iteration: 446	55	60	77.4933	109
Iteration: 447	55	59	78.3333	121
Iteration: 448	55	60	79.84	112
Iteration: 449	55	60	80.6533	110
Iteration: 450	55	60	78.2667	117
Iteration: 451	55	62	81.0133	118
Iteration: 452	55	60	81.64	120
Iteration: 453	55	59	78.5467	115
Iteration: 454	55	60	77.64	112
Iteration: 455	55	59	77.36	109
Iteration: 456	55	60	79.3467	115
Iteration: 457	55	59	79.0933	112
Iteration: 458	55	60	78.0533	107
Iteration: 459	55	59	79.4267	113
Iteration: 460	55	60	78.9867	110
Iteration: 461	55	60	75.88	129
Iteration: 462	55	59	77.96	113
Iteration: 463	55	59	75.08	96
Iteration: 464	55	60	76.6	112
Iteration: 465	55	59	81.24	118
Iteration: 466	55	60	77.68	112
Iteration: 467	55	59	79.4133	113
Iteration: 468	55	59	77.32	126
Iteration: 469	55	60	77.3867	112
Iteration: 470	55	60	77.36	105
Iteration: 471	55	59	79.5067	114
Iteration: 472	55	59	76.4533	106
Iteration: 473	55	59	77.48	119
Iteration: 474	55	59	78.3067	113
Iteration: 475	55	60	77.16	107
Iteration: 476	55	59	78.36	116
Iteration: 477	55	59	78.4933	121
Iteration: 478	55	60	80.32	130
Iteration: 479	55	59	80.2	119
Iteration: 480	55	60	78.6	106
Iteration: 481	55	60	76.56	118
Iteration: 482	55	58	79.04	116
Iteration: 483	55	59	79.04	123
Iteration: 484	55	60	78.8533	110
Iteration: 485	55	60	78.7067	121
Iteration: 486	55	59	76.9067	110
Iteration: 487	55	60	78.3067	107
Iteration: 488	55	59	78.12	111
Iteration: 489	55	59	75.84	114
Iteration: 490	55	60	78.2533	111
Iteration: 491	55	59	78.1067	115
Iteration: 492	55	60	77.2533	132
Iteration: 493	55	60	81.6133	132
Iteration: 494	55	61	78.4267	115
Iteration: 495	55	60	78.8933	116
Iteration: 496	55	60	79.0667	112
Iteration: 497	55	59	76.1733	104
Iteration: 498	55	60	78.9733	109
Iteration: 499	55	59	77.7733	109
