Iteration: 0	59	59	78.44	112
Iteration: 1	59	59	79.1867	102
Iteration: 2	59	59	79.3333	114
Iteration: 3	59	60	77.72	116
Iteration: 4	59	60	80.04	117
Iteration: 5	59	59	79.4933	114
Iteration: 6	59	60	75.6933	106
Iteration: 7	59	60	79.1733	113
Iteration: 8	59	60	82.8933	113
Iteration: 9	59	60	76.48	126
Iteration: 10	59	59	77.0133	109
Iteration: 11	59	59	77.2933	125
Iteration: 12	59	59	79.2267	109
Iteration: 13	59	60	78.5333	116
Iteration: 14	59	59	79.24	122
Iteration: 15	59	60	74.4667	110
Iteration: 16	59	59	76.7067	120
Iteration: 17	59	60	77.7467	123
Iteration: 18	59	60	79.32	120
Iteration: 19	59	59	77.0667	104
Iteration: 20	59	60	79.5467	115
Iteration: 21	59	59	76.0133	112
Iteration: 22	59	60	78.3733	108
Iteration: 23	59	60	79.04	110
Iteration: 24	59	60	76.3733	121
Iteration: 25	59	60	76.04	109
Iteration: 26	59	60	78.5067	112
Iteration: 27	59	60	82.04	120
Iteration: 28	59	59	78.0933	111
Iteration: 29	59	60	77.1333	120
Iteration: 30	59	59	76.5867	113
Iteration: 31	59	59	78.5067	119
Iteration: 32	59	60	78.9067	119
Iteration: 33	59	60	77.9867	110
Iteration: 34	59	59	76.7067	113
Iteration: 35	59	59	79.3067	123
Iteration: 36	59	61	80.2267	117
Iteration: 37	59	59	78.3867	115
Iteration: 38	59	60	80.36	110
Iteration: 39	59	60	75.3067	115
Iteration: 40	59	59	79.7333	118
Iteration: 41	59	59	78.3467	112
Iteration: 42	59	59	79.1733	117
Iteration: 43	59	60	78.2933	119
Iteration: 44	59	60	79.6933	114
Iteration: 45	59	60	80.6267	127
Iteration: 46	59	60	79.9733	110
Iteration: 47	59	59	76.8933	119
Iteration: 48	59	60	76.5733	105
Iteration: 49	59	60	77.4	119
Iteration: 50	59	59	79.84	110
Iteration: 51	59	59	79.1067	120
Iteration: 52	59	60	80.3467	131
Iteration: 53	59	59	78.0933	108
Iteration: 54	55	55	78.76	118
Iteration: 55	55	59	77.36	113
Iteration: 56	55	59	78.9333	122
Iteration: 57	55	61	78.56	117
Iteration: 58	55	60	77.88	111
Iteration: 59	55	59	80.8667	128
Iteration: 60	55	59	81.0267	114
Iteration: 61	55	60	78.3733	105
Iteration: 62	55	59	76.8933	116
Iteration: 63	55	57	78.6	119
Iteration: 64	55	60	78.3467	100
Iteration: 65	55	60	77.6	117
Iteration: 66	55	60	75.7733	107
Iteration: 67	55	59	77.9867	109
Iteration: 68	55	59	79.2	105
Iteration: 69	55	60	75.3333	116
Iteration: 70	55	60	78.16	106
Iteration: 71	55	60	79.6133	115
Iteration: 72	55	60	78.28	123
Iteration: 73	55	59	78.9333	120
Iteration: 74	55	59	78.2133	111
Iteration: 75	55	60	77.1067	110
Iteration: 76	55	59	77.4267	115
Iteration: 77	55	59	77.9867	113
Iteration: 78	55	61	80.3733	110
Iteration: 79	55	59	77.1867	117
Iteration: 80	55	60	78.6267	114
Iteration: 81	55	60	75.7733	118
Iteration: 82	55	59	78.5333	104
Iteration: 83	55	60	76.7467	122
Iteration: 84	55	59	80.3733	115
Iteration: 85	55	59	78.8267	115
Iteration: 86	55	59	77.2267	109
Iteration: 87	55	60	79.12	116
Iteration: 88	55	59	77.9067	107
Iteration: 89	55	60	78.6667	115
Iteration: 90	55	60	79.2667	114
Iteration: 91	55	60	77.44	101
Iteration: 92	55	59	76.92	118
Iteration: 93	55	59	78.76	114
Iteration: 94	55	59	77.5333	112
Iteration: 95	55	59	80.1733	123
Iteration: 96	55	59	78.04	106
Iteration: 97	55	59	77.7733	111
Iteration: 98	55	59	79.5467	111
Iteration: 99	55	59	79.4933	129
Iteration: 100	55	60	80.6933	127
Iteration: 101	55	60	78.6667	115
Iteration: 102	55	59	77.2667	116
Iteration: 103	55	59	76.76	116
Iteration: 104	55	59	80.2267	121
Iteration: 105	55	59	74.8667	110
Iteration: 106	55	60	77.7733	118
Iteration: 107	55	60	80.28	123
Iteration: 108	55	58	78.2	119
Iteration: 109	55	60	77.0667	113
Iteration: 110	55	59	77.4133	118
Iteration: 111	55	60	81.8267	110
Iteration: 112	55	60	78.8267	108
Iteration: 113	55	60	78.4667	114
Iteration: 114	55	58	76.3467	123
Iteration: 115	55	59	73.7867	103
Iteration: 116	55	56	76.68	111
Iteration: 117	55	59	77.7067	112
Iteration: 118	55	60	78.3733	103
Iteration: 119	55	59	76.92	108
Iteration: 120	55	60	78.7733	114
Iteration: 121	55	60	78.7067	110
Iteration: 122	55	60	78.7333	109
Iteration: 123	55	59	78.2133	125
Iteration: 124	55	60	78.2933	112
Iteration: 125	55	60	77.8533	124
Iteration: 126	55	59	78.6	128
Iteration: 127	55	59	77.6533	120
Iteration: 128	55	58	76.2	105
Iteration: 129	55	59	80.8667	114
Iteration: 130	55	60	75.7733	115
Iteration: 131	55	60	78.1467	115
Iteration: 132	55	59	77.1467	108
Iteration: 133	55	61	81.4533	113
Iteration: 134	55	59	80.4667	123
Iteration: 135	55	59	77.9467	111
Iteration: 136	55	59	78.2267	107
Iteration: 137	55	60	75.04	107
Iteration: 138	55	59	77.2	114
Iteration: 139	55	59	77.16	122
Iteration: 140	55	59	78	116
Iteration: 141	55	59	77.7867	137
Iteration: 142	55	59	75.24	114
Iteration: 143	55	59	80.9333	119
Iteration: 144	55	60	80.5333	108
Iteration: 145	55	60	78.2667	111
Iteration: 146	55	61	78.4533	111
Iteration: 147	55	60	76.52	117
Iteration: 148	55	60	78.8	123
Iteration: 149	55	60	78.32	114
Iteration: 150	55	60	77.4667	115
Iteration: 151	55	60	79.4267	113
Iteration: 152	55	60	79.1467	110
Iteration: 153	55	60	78.8267	111
Iteration: 154	55	60	78.48	121
Iteration: 155	55	60	78.4	123
Iteration: 156	55	59	80.24	126
Iteration: 157	55	59	79.3733	112
Iteration: 158	55	59	76.4533	111
Iteration: 159	55	60	79.8533	111
Iteration: 160	55	59	76.1867	129
Iteration: 161	55	59	77.64	113
Iteration: 162	55	59	77.44	110
Iteration: 163	55	60	78.4133	121
Iteration: 164	55	59	78.56	115
Iteration: 165	55	61	76.64	108
Iteration: 166	55	60	80.2933	112
Iteration: 167	55	60	77.24	107
Iteration: 168	55	59	77.8133	118
Iteration: 169	55	60	78.4133	107
Iteration: 170	55	59	80.6933	117
Iteration: 171	55	59	79.3733	113
Iteration: 172	55	60	78.24	116
Iteration: 173	55	60	79.5733	113
Iteration: 174	55	61	80.7067	119
Iteration: 175	55	59	80.9467	117
Iteration: 176	55	60	77.3867	112
Iteration: 177	55	59	78.4667	118
Iteration: 178	55	60	75.04	104
Iteration: 179	55	59	79.08	131
Iteration: 180	55	59	77.5067	118
Iteration: 181	55	59	78.56	109
Iteration: 182	55	60	79.6933	113
Iteration: 183	55	59	80.7867	120
Iteration: 184	55	59	76.1067	121
Iteration: 185	55	61	80.88	110
Iteration: 186	55	59	78.88	117
Iteration: 187	55	60	79.6267	119
Iteration: 188	55	61	77.5867	116
Iteration: 189	55	60	77.12	104
Iteration: 190	55	59	79.6267	117
Iteration: 191	55	59	77.76	126
Iteration: 192	55	59	78.3467	110
Iteration: 193	55	59	76.76	104
Iteration: 194	55	60	77.8533	120
Iteration: 195	55	60	77.3867	110
Iteration: 196	55	61	78.1067	121
Iteration: 197	55	60	79.1467	113
Iteration: 198	55	60	80.7733	122
Iteration: 199	55	60	76.3333	105
Iteration: 200	55	60	77.72	101
Iteration: 201	55	60	77.52	119
Iteration: 202	55	59	79.1467	128
Iteration: 203	55	59	76.4667	104
Iteration: 204	55	59	76.8267	114
Iteration: 205	55	59	77.0133	119
Iteration: 206	55	59	79.4133	116
Iteration: 207	55	60	79.4667	108
Iteration: 208	55	59	77.12	120
Iteration: 209	55	59	78.7333	119
Iteration: 210	55	60	78.0133	114
Iteration: 211	55	61	80.96	119
Iteration: 212	55	60	78.08	110
Iteration: 213	55	60	78.72	109
Iteration: 214	55	56	79.6667	134
Iteration: 215	55	59	76.88	113
Iteration: 216	55	59	78.2267	110
Iteration: 217	55	61	80.8267	114
Iteration: 218	55	61	77.4133	111
Iteration: 219	55	60	79.0267	115
Iteration: 220	55	60	76.6	111
Iteration: 221	55	58	76.9067	125
Iteration: 222	55	60	77.88	121
Iteration: 223	55	59	77.1867	112
Iteration: 224	55	59	78.8533	124
Iteration: 225	55	60	79.3067	113
Iteration: 226	55	60	79.6267	118
Iteration: 227	55	55	76.7067	125
Iteration: 228	55	59	80.3067	120
Iteration: 229	55	59	78.9733	113
Iteration: 230	55	60	78.84	128
Iteration: 231	55	59	77.84	106
Iteration: 232	55	59	76.2933	105
Iteration: 233	55	59	78.64	128
Iteration: 234	55	59	77.7333	123
Iteration: 235	55	60	79.36	111
Iteration: 236	55	60	79.6133	116
Iteration: 237	55	59	79.8133	113
Iteration: 238	55	59	78.4133	117
Iteration: 239	55	59	80.3467	116
Iteration: 240	55	61	80.2133	106
Iteration: 241	55	59	79.8133	126
Iteration: 242	55	59	78.8667	111
Iteration: 243	55	59	76.9067	112
Iteration: 244	55	60	78.8133	121
Iteration: 245	55	60	77.68	110
Iteration: 246	55	59	74.4533	130
Iteration: 247	55	58	77.1733	110
Iteration: 248	55	59	76.7467	103
Iteration: 249	55	59	75.5733	122
Iteration: 250	55	60	77.8933	123
Iteration: 251	55	59	78.92	109
Iteration: 252	55	60	78.16	114
Iteration: 253	55	62	79.36	108
Iteration: 254	55	60	79.0533	121
Iteration: 255	55	60	76.1333	100
Iteration: 256	55	60	78.28	116
Iteration: 257	55	60	78.52	117
Iteration: 258	55	59	79.8	112
Iteration: 259	55	61	75.6133	102
Iteration: 260	55	60	77.5067	117
Iteration: 261	55	58	77.84	122
Iteration: 262	55	60	80.52	119
Iteration: 263	55	59	79.96	123
Iteration: 264	55	59	79.0667	127
Iteration: 265	55	60	75.32	107
Iteration: 266	55	60	77.68	107
Iteration: 267	55	59	79.9467	110
Iteration: 268	55	59	75.6533	118
Iteration: 269	55	57	77.6	114
Iteration: 270	55	59	78.9067	109
Iteration: 271	55	60	80.5867	118
Iteration: 272	55	59	77.5733	108
Iteration: 273	55	60	78.8	113
Iteration: 274	55	59	79.16	116
Iteration: 275	55	60	79.6533	118
Iteration: 276	55	60	77.2133	110
Iteration: 277	55	55	76.9733	122
Iteration: 278	55	59	78	122
Iteration: 279	55	60	78.16	122
Iteration: 280	55	60	76.6533	118
Iteration: 281	55	59	75.1867	102
Iteration: 282	55	60	80.36	121
Iteration: 283	55	59	79.3733	119
Iteration: 284	55	59	80.5733	124
Iteration: 285	55	60	79.8533	113
Iteration: 286	55	60	77.44	118
Iteration: 287	55	58	79.1867	112
Iteration: 288	55	59	77.1067	108
Iteration: 289	55	59	73.9067	109
Iteration: 290	55	60	78.7333	118
Iteration: 291	55	61	78.2933	120
Iteration: 292	55	60	75.8933	122
Iteration: 293	55	60	77.28	118
Iteration: 294	55	60	75.8667	106
Iteration: 295	55	60	76.9333	116
Iteration: 296	55	62	79.6533	108
Iteration: 297	55	60	79.0267	113
Iteration: 298	55	59	76.5333	120
Iteration: 299	55	59	78.2267	106
Iteration: 300	55	59	77.88	124
Iteration: 301	55	60	79.2	107
Iteration: 302	55	61	77.16	119
Iteration: 303	55	61	80.6	112
Iteration: 304	55	59	79.4533	118
Iteration: 305	55	60	78.8933	118
Iteration: 306	55	59	79.68	118
Iteration: 307	55	59	78.64	104
Iteration: 308	55	60	82.5867	124
Iteration: 309	55	60	78.3867	116
Iteration: 310	55	60	79.8	109
Iteration: 311	55	59	80.0267	114
Iteration: 312	55	60	77.4933	126
Iteration: 313	55	60	78.2267	122
Iteration: 314	55	59	76.6	109
Iteration: 315	55	59	77.72	131
Iteration: 316	55	60	78.5333	114
Iteration: 317	55	60	79.5067	126
Iteration: 318	55	60	78.6933	115
Iteration: 319	55	59	75.48	111
Iteration: 320	55	60	77.0667	114
Iteration: 321	55	59	76.08	117
Iteration: 322	55	60	80	113
Iteration: 323	55	59	77.92	118
Iteration: 324	55	59	78.0667	115
Iteration: 325	55	60	78.6933	106
Iteration: 326	55	60	78.8133	121
Iteration: 327	55	59	76.5733	120
Iteration: 328	55	59	79.16	121
Iteration: 329	55	59	79.0933	115
Iteration: 330	55	60	78.9067	113
Iteration: 331	55	59	81.28	120
Iteration: 332	55	60	80.0933	111
Iteration: 333	55	60	79.1467	115
Iteration: 334	55	59	77.8267	117
Iteration: 335	55	60	78.8133	120
Iteration: 336	55	61	79.28	109
Iteration: 337	55	59	76.3467	120
Iteration: 338	55	59	79.36	122
Iteration: 339	55	60	78.0933	117
Iteration: 340	55	60	76.1867	100
Iteration: 341	55	58	79.16	130
Iteration: 342	55	60	78.1333	115
Iteration: 343	55	60	76.7333	104
Iteration: 344	55	59	78.3067	118
Iteration: 345	55	60	78.96	110
Iteration: 346	55	61	79.96	115
Iteration: 347	55	60	77.0267	106
Iteration: 348	55	59	79.4	122
Iteration: 349	55	60	78.2667	119
Iteration: 350	55	60	74.4667	119
Iteration: 351	55	59	79.9733	130
Iteration: 352	55	59	76.8667	106
Iteration: 353	55	59	76.7467	111
Iteration: 354	55	60	77.1467	117
Iteration: 355	55	59	75.5733	109
Iteration: 356	55	60	78.3467	112
Iteration: 357	55	59	77.8533	106
Iteration: 358	55	60	78.68	109
Iteration: 359	55	60	80.7467	116
Iteration: 360	55	61	76.2	99
Iteration: 361	55	59	78.12	107
Iteration: 362	55	61	80.4133	119
Iteration: 363	55	60	79.0533	109
Iteration: 364	55	60	78.92	119
Iteration: 365	55	60	80.9467	119
Iteration: 366	55	59	80.0133	110
Iteration: 367	55	59	78.6133	125
Iteration: 368	55	60	77.1067	128
Iteration: 369	55	59	76.2133	113
Iteration: 370	55	59	74.68	111
Iteration: 371	55	60	78.6267	109
Iteration: 372	55	61	81.5867	128
Iteration: 373	55	60	78.9867	122
Iteration: 374	55	59	73.36	120
Iteration: 375	55	59	75.64	114
Iteration: 376	55	60	77.4533	113
Iteration: 377	55	56	80.1467	116
Iteration: 378	55	61	77.8267	106
Iteration: 379	55	59	79.3333	120
Iteration: 380	55	60	76.8533	128
Iteration: 381	55	59	78.6933	122
Iteration: 382	55	60	80	123
Iteration: 383	55	60	76.3333	117
Iteration: 384	55	60	79.52	115
Iteration: 385	55	59	79.4933	115
Iteration: 386	55	60	76.12	116
Iteration: 387	55	60	75.7067	105
Iteration: 388	55	59	78.8133	118
Iteration: 389	55	59	78.0667	119
Iteration: 390	55	60	78.9733	112
Iteration: 391	55	59	78.8133	115
Iteration: 392	55	59	75.8667	122
Iteration: 393	55	60	78.28	114
Iteration: 394	55	59	80.0133	115
Iteration: 395	55	59	78.9867	131
Iteration: 396	55	57	78.3733	119
Iteration: 397	55	59	75.5733	103
Iteration: 398	55	60	76.1067	119
Iteration: 399	55	60	78.8533	109
Iteration: 400	55	59	74.7867	121
Iteration: 401	55	59	79.92	132
Iteration: 402	55	59	80.1733	120
Iteration: 403	55	60	77.9333	111
Iteration: 404	55	59	78.32	113
Iteration: 405	55	59	77.8	113
Iteration: 406	55	59	78.1067	118
Iteration: 407	55	59	79.5333	116
Iteration: 408	55	59	79.2533	126
Iteration: 409	55	58	79.56	123
Iteration: 410	55	60	80.36	112
Iteration: 411	55	59	80.1733	128
Iteration: 412	55	60	76.76	114
Iteration: 413	55	60	76.0267	113
Iteration: 414	55	59	78.2267	120
Iteration: 415	55	61	78.5067	115
Iteration: 416	55	60	80.36	110
Iteration: 417	55	60	75.76	105
Iteration: 418	55	58	78.7333	111
Iteration: 419	55	59	76.6	118
Iteration: 420	55	60	80.1067	121
Iteration: 421	55	60	80.4	122
Iteration: 422	55	59	80.1733	120
Iteration: 423	55	60	75.3333	105
Iteration: 424	55	59	79.6667	116
Iteration: 425	55	59	76.2133	110
Iteration: 426	55	59	75.88	114
Iteration: 427	55	59	77.1867	122
Iteration: 428	55	60	79.8	123
Iteration: 429	55	59	79.7733	117
Iteration: 430	55	60	77.3867	112
Iteration: 431	55	60	76.8267	105
Iteration: 432	55	60	79.2133	113
Iteration: 433	55	59	79.8	121
Iteration: 434	55	59	76.5867	120
Iteration: 435	55	60	78.5067	111
Iteration: 436	55	59	79.32	112
Iteration: 437	55	60	78.88	112
Iteration: 438	55	60	79.2	117
Iteration: 439	55	60	79.9333	111
Iteration: 440	55	60	81.9067	112
Iteration: 441	55	59	77.2533	115
Iteration: 442	55	59	79.4133	107
Iteration: 443	55	59	79.4267	120
Iteration: 444	55	60	79.1333	119
Iteration: 445	55	59	78.3067	109
Iteration: 446	55	59	77.3733	111
Iteration: 447	55	60	76.1067	131
Iteration: 448	55	60	77.0267	106
Iteration: 449	55	60	78.8533	116
Iteration: 450	55	60	77.7467	101
Iteration: 451	55	60	78.1333	113
Iteration: 452	55	60	79.6	115
Iteration: 453	55	59	81.3467	120
Iteration: 454	55	60	79.2667	118
Iteration: 455	55	61	77.88	121
Iteration: 456	55	60	77.1333	112
Iteration: 457	55	60	78.1867	110
Iteration: 458	55	60	78.6133	114
Iteration: 459	55	59	81.0667	117
Iteration: 460	55	60	78.2933	112
Iteration: 461	55	60	79.08	113
Iteration: 462	55	58	77.4667	108
Iteration: 463	55	59	79.48	108
Iteration: 464	55	60	77.64	115
Iteration: 465	55	60	78.9867	115
Iteration: 466	55	59	78.6133	116
Iteration: 467	55	59	77.44	111
Iteration: 468	55	56	77.72	115
Iteration: 469	55	60	79.2533	115
Iteration: 470	55	60	77.8133	110
Iteration: 471	55	59	81.56	114
Iteration: 472	55	58	77.6	110
Iteration: 473	55	60	77.8533	115
Iteration: 474	55	59	78.8533	111
Iteration: 475	55	60	79.7867	127
Iteration: 476	55	59	77.5467	122
Iteration: 477	55	59	78.2133	121
Iteration: 478	55	60	77.8533	107
Iteration: 479	55	60	81.08	117
Iteration: 480	55	59	75.7867	121
Iteration: 481	55	60	80.96	119
Iteration: 482	55	56	77.3333	105
Iteration: 483	55	60	77.6933	112
Iteration: 484	55	60	80.3067	113
Iteration: 485	55	60	79.4133	113
Iteration: 486	55	59	75.7733	109
Iteration: 487	55	60	78.5067	108
Iteration: 488	55	59	78.0933	118
Iteration: 489	55	61	77.5733	127
Iteration: 490	55	60	79.84	111
Iteration: 491	55	60	77.84	101
Iteration: 492	55	60	76.28	113
Iteration: 493	55	60	77.6	125
Iteration: 494	55	59	80.6267	118
Iteration: 495	55	59	78.2533	113
Iteration: 496	55	60	76.84	111
Iteration: 497	55	59	78.7467	110
Iteration: 498	55	59	79.3733	113
Iteration: 499	55	59	74.6267	109
