Iteration: 0	59	59	77.9467	118
Iteration: 1	59	59	77.72	130
Iteration: 2	59	60	77.32	114
Iteration: 3	59	60	77.8	111
Iteration: 4	59	59	76.4267	115
Iteration: 5	59	61	78.24	116
Iteration: 6	59	59	77.4933	111
Iteration: 7	59	59	77.08	121
Iteration: 8	59	60	76.8533	99
Iteration: 9	59	59	78.4133	117
Iteration: 10	59	60	77.9333	114
Iteration: 11	59	59	77.2667	113
Iteration: 12	59	59	78.5733	115
Iteration: 13	59	59	77	123
Iteration: 14	58	58	76.9733	115
Iteration: 15	58	60	77.3867	115
Iteration: 16	58	60	77.7867	115
Iteration: 17	58	60	77.44	104
Iteration: 18	57	57	76.84	117
Iteration: 19	57	60	78.08	121
Iteration: 20	57	59	78.48	111
Iteration: 21	57	59	77.0667	111
Iteration: 22	57	60	80.0133	121
Iteration: 23	57	60	76.88	99
Iteration: 24	57	60	79.5067	123
Iteration: 25	57	61	78.2533	112
Iteration: 26	57	59	78.4267	114
Iteration: 27	57	57	76.16	102
Iteration: 28	57	60	81.0933	117
Iteration: 29	57	60	79.56	116
Iteration: 30	57	59	79.24	123
Iteration: 31	57	59	78.88	126
Iteration: 32	57	59	77.9333	114
Iteration: 33	57	60	76.96	110
Iteration: 34	57	60	78.2533	104
Iteration: 35	57	60	77.9067	103
Iteration: 36	57	59	78.2	108
Iteration: 37	57	60	76.28	113
Iteration: 38	57	59	78.2667	127
Iteration: 39	57	60	80.0267	129
Iteration: 40	57	60	79.9067	121
Iteration: 41	57	59	79.1067	110
Iteration: 42	57	60	78.32	113
Iteration: 43	57	59	80.0667	106
Iteration: 44	57	60	75.76	103
Iteration: 45	57	60	79.8	118
Iteration: 46	57	59	79.5467	120
Iteration: 47	57	60	76.4933	121
Iteration: 48	57	60	77.84	107
Iteration: 49	57	60	76.72	107
Iteration: 50	57	60	78.2667	112
Iteration: 51	57	60	76.5467	117
Iteration: 52	57	59	79.32	109
Iteration: 53	57	59	77.6533	130
Iteration: 54	57	60	76.8	111
Iteration: 55	57	60	80.5067	118
Iteration: 56	57	57	77.44	120
Iteration: 57	57	60	80.2667	116
Iteration: 58	57	60	75.5333	114
Iteration: 59	57	57	80.0533	108
Iteration: 60	57	60	81.0533	124
Iteration: 61	57	60	81.7733	118
Iteration: 62	57	60	77.5733	109
Iteration: 63	57	60	78.0133	115
Iteration: 64	57	60	75.3733	116
Iteration: 65	57	59	76.2933	131
Iteration: 66	57	60	78.8667	120
Iteration: 67	57	59	78.2133	111
Iteration: 68	57	60	77.6	107
Iteration: 69	57	59	77.12	112
Iteration: 70	57	59	78.2	115
Iteration: 71	57	59	77.84	110
Iteration: 72	57	58	78.7467	103
Iteration: 73	57	58	77.12	129
Iteration: 74	57	60	78.28	108
Iteration: 75	57	60	80.6667	117
Iteration: 76	57	59	75.6133	116
Iteration: 77	57	60	77.1467	110
Iteration: 78	57	60	79.8	117
Iteration: 79	57	59	77.4933	106
Iteration: 80	57	60	80.7467	112
Iteration: 81	57	59	78.5067	115
Iteration: 82	57	60	80.3067	122
Iteration: 83	57	60	78.3067	118
Iteration: 84	57	60	76.8133	103
Iteration: 85	57	60	81.3867	125
Iteration: 86	57	60	77.76	105
Iteration: 87	57	60	76.9733	106
Iteration: 88	57	59	80.6	113
Iteration: 89	57	59	76.8	127
Iteration: 90	57	59	79.1333	108
Iteration: 91	57	60	79.72	107
Iteration: 92	57	60	76.7067	107
Iteration: 93	55	55	79.8667	118
Iteration: 94	55	59	78.4533	124
Iteration: 95	55	60	78.9733	116
Iteration: 96	55	60	76.3333	120
Iteration: 97	55	60	78.2667	110
Iteration: 98	55	59	77.3067	107
Iteration: 99	55	61	79.7067	107
Iteration: 100	55	59	81.6133	120
Iteration: 101	55	60	78.2533	114
Iteration: 102	55	60	80.2	115
Iteration: 103	55	59	79.0667	111
Iteration: 104	55	60	77.0667	112
Iteration: 105	55	60	81.3467	108
Iteration: 106	55	60	78.3333	120
Iteration: 107	55	60	80.2133	117
Iteration: 108	55	60	82.1867	124
Iteration: 109	55	59	75.68	112
Iteration: 110	55	59	76.76	117
Iteration: 111	55	60	77.16	117
Iteration: 112	55	59	78.1333	121
Iteration: 113	55	59	78.1067	122
Iteration: 114	55	59	78.0533	115
Iteration: 115	55	60	76.1733	116
Iteration: 116	55	60	77.9467	125
Iteration: 117	55	61	79.6	111
Iteration: 118	55	60	78.28	118
Iteration: 119	55	59	77.4133	107
Iteration: 120	55	61	77.88	117
Iteration: 121	55	59	76.9867	113
Iteration: 122	55	60	77.48	126
Iteration: 123	55	60	79.2133	111
Iteration: 124	55	61	77.1067	120
Iteration: 125	55	56	76.9467	125
Iteration: 126	55	59	80.0933	117
Iteration: 127	55	61	78.7067	116
Iteration: 128	55	60	78.68	112
Iteration: 129	55	60	79.6133	115
Iteration: 130	55	60	77.9867	108
Iteration: 131	55	60	79.76	114
Iteration: 132	55	60	79.8	102
Iteration: 133	55	58	77.1067	126
Iteration: 134	55	60	82.12	124
Iteration: 135	55	61	80.1467	124
Iteration: 136	55	59	81.0933	110
Iteration: 137	55	59	80.3067	123
Iteration: 138	55	60	76.76	112
Iteration: 139	55	60	77.4533	114
Iteration: 140	55	60	79.4267	111
Iteration: 141	55	59	78.6667	109
Iteration: 142	55	60	77.2533	112
Iteration: 143	55	59	78.96	118
Iteration: 144	55	59	77.7733	126
Iteration: 145	55	59	78.8933	121
Iteration: 146	55	59	79.4267	129
Iteration: 147	55	60	78.16	107
Iteration: 148	55	61	79.9467	110
Iteration: 149	55	61	79.1467	111
Iteration: 150	55	60	75.6267	103
Iteration: 151	55	60	76.16	103
Iteration: 152	55	61	77.72	106
Iteration: 153	55	60	78.7333	108
Iteration: 154	55	60	78.1467	110
Iteration: 155	55	59	77.76	116
Iteration: 156	55	60	78.7733	106
Iteration: 157	55	59	75.96	106
Iteration: 158	55	59	79.5733	108
Iteration: 159	55	60	77.1733	102
Iteration: 160	55	60	78.3733	105
Iteration: 161	55	59	81.2267	125
Iteration: 162	55	61	81.48	125
Iteration: 163	55	59	79.3067	122
Iteration: 164	55	60	78.3067	107
Iteration: 165	55	59	78.0667	122
Iteration: 166	55	60	79.4267	117
Iteration: 167	55	59	77.3733	119
Iteration: 168	55	59	76.76	109
Iteration: 169	55	60	79.2267	118
Iteration: 170	55	59	74.6533	100
Iteration: 171	55	60	79.56	117
Iteration: 172	55	58	77.12	107
Iteration: 173	55	59	78.6533	116
Iteration: 174	55	58	79.5067	118
Iteration: 175	55	59	77.2	118
Iteration: 176	55	60	79.32	112
Iteration: 177	55	59	77.8	105
Iteration: 178	55	58	77.9467	114
Iteration: 179	55	60	77.92	106
Iteration: 180	55	59	80.3867	121
Iteration: 181	55	60	81.4267	116
Iteration: 182	55	62	77.9333	129
Iteration: 183	55	60	79.4267	115
Iteration: 184	55	60	78.6	114
Iteration: 185	55	59	77.8267	116
Iteration: 186	55	60	80.6533	124
Iteration: 187	55	60	76.56	110
Iteration: 188	55	60	75.84	112
Iteration: 189	55	60	77.4133	119
Iteration: 190	55	60	77.5467	110
Iteration: 191	55	61	77.0133	110
Iteration: 192	55	59	76.2	112
Iteration: 193	55	62	80.8667	125
Iteration: 194	55	60	78.4933	112
Iteration: 195	55	59	77.9333	129
Iteration: 196	55	60	76.9067	112
Iteration: 197	55	62	83.3067	117
Iteration: 198	55	55	78.3733	113
Iteration: 199	55	60	75.48	123
Iteration: 200	55	60	78.32	106
Iteration: 201	55	60	79.2	124
Iteration: 202	55	59	83.0933	113
Iteration: 203	55	59	79.2133	126
Iteration: 204	55	59	78.0933	122
Iteration: 205	55	57	74.7467	104
Iteration: 206	55	59	80	119
Iteration: 207	55	59	78.7333	109
Iteration: 208	55	59	79.8667	122
Iteration: 209	55	59	78.08	109
Iteration: 210	55	60	77.8533	110
Iteration: 211	55	60	78.88	113
Iteration: 212	55	60	80.1867	119
Iteration: 213	55	59	81	119
Iteration: 214	55	59	77.4	114
Iteration: 215	55	60	77.72	101
Iteration: 216	55	60	77.2267	117
Iteration: 217	55	59	78.6533	114
Iteration: 218	55	59	79.8133	138
Iteration: 219	55	59	78.8933	115
Iteration: 220	55	58	77.1067	111
Iteration: 221	55	59	76.0933	107
Iteration: 222	55	59	78.76	120
Iteration: 223	55	60	78.56	111
Iteration: 224	55	60	79.8133	116
Iteration: 225	55	60	79.24	121
Iteration: 226	55	59	78.5733	130
Iteration: 227	55	60	80.0533	115
Iteration: 228	55	59	80.4	113
Iteration: 229	55	59	77.0133	113
Iteration: 230	55	61	80.3467	127
Iteration: 231	55	59	81.1067	115
Iteration: 232	55	59	80.4	124
Iteration: 233	55	60	81.4267	121
Iteration: 234	55	59	77.4	115
Iteration: 235	55	59	77.24	124
Iteration: 236	55	58	77.0667	117
Iteration: 237	55	60	79.6533	117
Iteration: 238	55	59	79.36	130
Iteration: 239	55	59	76.8	103
Iteration: 240	55	60	81	115
Iteration: 241	55	59	77.8933	109
Iteration: 242	55	59	76.6533	118
Iteration: 243	55	60	81.1733	123
Iteration: 244	55	60	79	117
Iteration: 245	55	59	77.8533	121
Iteration: 246	55	60	79.92	123
Iteration: 247	55	58	78.68	114
Iteration: 248	55	58	79.7867	113
Iteration: 249	55	60	79.1867	114
Iteration: 250	55	60	77.1333	120
Iteration: 251	55	59	77.4933	104
Iteration: 252	55	59	77.2933	122
Iteration: 253	55	61	78.1733	114
Iteration: 254	55	60	80.0933	126
Iteration: 255	55	59	78.28	120
Iteration: 256	55	59	78.6267	104
Iteration: 257	55	59	78.6267	118
Iteration: 258	55	60	74.9333	101
Iteration: 259	55	60	77.8933	104
Iteration: 260	55	60	76.6133	119
Iteration: 261	55	61	79.6667	114
Iteration: 262	55	60	76.2133	116
Iteration: 263	55	59	78.5467	108
Iteration: 264	55	60	78.8267	114
Iteration: 265	55	60	80.12	125
Iteration: 266	55	60	78.52	122
Iteration: 267	55	60	79.7733	117
Iteration: 268	55	59	78.8667	113
Iteration: 269	55	58	74.7333	101
Iteration: 270	55	59	75.9067	110
Iteration: 271	55	57	74.2933	105
Iteration: 272	55	60	77.8	113
Iteration: 273	55	60	78.3333	114
Iteration: 274	55	60	81.6267	119
Iteration: 275	55	59	77.96	108
Iteration: 276	55	58	76.9867	110
Iteration: 277	55	60	77.2533	107
Iteration: 278	55	60	79.4267	110
Iteration: 279	55	59	78.7333	120
Iteration: 280	55	60	79.0933	109
Iteration: 281	55	60	79.0133	122
Iteration: 282	55	59	81.6267	124
Iteration: 283	55	60	77.0933	126
Iteration: 284	55	59	78.1067	113
Iteration: 285	55	59	79.96	114
Iteration: 286	55	59	78.5467	124
Iteration: 287	55	60	78.2133	115
Iteration: 288	55	58	79.0133	119
Iteration: 289	55	59	75.8533	118
Iteration: 290	55	60	76.12	115
Iteration: 291	55	60	80.5467	112
Iteration: 292	55	59	79.6933	128
Iteration: 293	55	59	76.8133	119
Iteration: 294	55	60	79.08	125
Iteration: 295	55	60	79.2133	112
Iteration: 296	55	58	79.9867	126
Iteration: 297	55	60	79.8267	109
Iteration: 298	55	59	76.3067	112
Iteration: 299	55	59	78.7867	118
Iteration: 300	55	60	80.2667	111
Iteration: 301	55	59	78.64	126
Iteration: 302	55	59	79.56	112
Iteration: 303	55	59	77.32	113
Iteration: 304	55	59	77.68	106
Iteration: 305	55	59	81.6267	124
Iteration: 306	55	60	76.7067	103
Iteration: 307	55	59	76.56	104
Iteration: 308	55	58	81.8	114
Iteration: 309	55	59	77.56	125
Iteration: 310	55	60	77.2533	117
Iteration: 311	55	61	77.9333	117
Iteration: 312	55	59	77.6933	122
Iteration: 313	55	59	78.72	115
Iteration: 314	55	61	80.5867	119
Iteration: 315	55	59	77.3467	122
Iteration: 316	55	59	79.7333	122
Iteration: 317	55	60	78.6667	127
Iteration: 318	55	59	76.48	101
Iteration: 319	55	60	79.16	114
Iteration: 320	55	61	79.76	106
Iteration: 321	55	60	78.6267	108
Iteration: 322	55	58	77.3467	106
Iteration: 323	55	60	79.92	113
Iteration: 324	55	59	76.92	107
Iteration: 325	55	60	80.9733	125
Iteration: 326	55	60	76.9067	126
Iteration: 327	55	60	79.8533	124
Iteration: 328	55	59	77.1333	110
Iteration: 329	55	60	78.4133	110
Iteration: 330	55	60	76.9067	111
Iteration: 331	55	60	77.5467	108
Iteration: 332	55	62	81.1333	116
Iteration: 333	55	60	77.16	118
Iteration: 334	55	60	79.04	118
Iteration: 335	55	60	77.84	133
Iteration: 336	55	59	76.9067	120
Iteration: 337	55	58	79.3467	110
Iteration: 338	55	59	81.64	124
Iteration: 339	55	58	77.36	115
Iteration: 340	55	61	78.0267	120
Iteration: 341	55	56	77.7067	117
Iteration: 342	55	60	77.3333	116
Iteration: 343	55	60	78.28	118
Iteration: 344	55	60	78.9467	108
Iteration: 345	55	61	76.88	110
Iteration: 346	55	59	76.44	104
Iteration: 347	55	59	80.2267	118
Iteration: 348	55	60	79.6	136
Iteration: 349	55	59	79.6	119
Iteration: 350	55	60	76	126
Iteration: 351	55	59	73.88	119
Iteration: 352	55	60	77.28	122
Iteration: 353	55	60	80.3733	116
Iteration: 354	55	59	77.6533	109
Iteration: 355	55	59	77.2933	116
Iteration: 356	55	59	80	109
Iteration: 357	55	59	78.84	118
Iteration: 358	55	59	78.96	122
Iteration: 359	55	59	77.3867	106
Iteration: 360	55	59	77.48	105
Iteration: 361	55	60	82.8133	113
Iteration: 362	55	59	79.7867	110
Iteration: 363	55	59	76.8667	108
Iteration: 364	55	60	77.32	115
Iteration: 365	55	60	77.84	124
Iteration: 366	55	60	78.3733	118
Iteration: 367	55	59	78.0667	112
Iteration: 368	55	59	78.2667	115
Iteration: 369	55	59	77.08	105
Iteration: 370	55	60	77.3733	113
Iteration: 371	55	59	78	113
Iteration: 372	55	60	79.5333	129
Iteration: 373	55	59	79.56	123
Iteration: 374	55	58	79.4933	113
Iteration: 375	55	59	77	113
Iteration: 376	55	60	77.4667	116
Iteration: 377	55	59	79.0667	119
Iteration: 378	55	59	78.5733	128
Iteration: 379	55	57	78.9467	118
Iteration: 380	55	59	78.6	123
Iteration: 381	55	59	79.0933	115
Iteration: 382	55	59	75.6667	122
Iteration: 383	55	60	75.8533	126
Iteration: 384	55	59	78.8133	113
Iteration: 385	55	60	77.9067	114
Iteration: 386	55	59	77.36	115
Iteration: 387	55	59	77.24	123
Iteration: 388	55	61	78.3467	117
Iteration: 389	55	60	77.76	105
Iteration: 390	55	59	75.6	108
Iteration: 391	55	59	79.8133	115
Iteration: 392	55	60	79.7067	126
Iteration: 393	55	60	80.68	109
Iteration: 394	55	59	78.8	109
Iteration: 395	55	61	82.9067	119
Iteration: 396	55	59	76.6933	114
Iteration: 397	55	60	80.6133	118
Iteration: 398	55	59	78.5333	118
Iteration: 399	55	61	80.1467	118
Iteration: 400	55	60	78.7733	119
Iteration: 401	55	60	79.1067	112
Iteration: 402	55	59	77.4533	122
Iteration: 403	55	58	79.52	109
Iteration: 404	55	59	80.1467	113
Iteration: 405	55	59	77.4533	105
Iteration: 406	55	58	78.7867	125
Iteration: 407	55	59	77.4533	126
Iteration: 408	55	60	78.3733	118
Iteration: 409	55	59	79.7867	126
Iteration: 410	55	59	75.3467	116
Iteration: 411	55	60	75.8667	104
Iteration: 412	55	60	79.24	115
Iteration: 413	55	60	75.8667	104
Iteration: 414	55	60	78.8533	116
Iteration: 415	55	60	79.92	124
Iteration: 416	55	59	79.1867	114
Iteration: 417	55	59	77.6	114
Iteration: 418	55	60	78.64	103
Iteration: 419	55	60	78.8267	106
Iteration: 420	55	60	77.28	126
Iteration: 421	55	60	79.12	116
Iteration: 422	55	60	80.1467	121
Iteration: 423	55	60	78.68	119
Iteration: 424	55	60	80.24	114
Iteration: 425	55	60	76.7867	119
Iteration: 426	55	60	78.5867	106
Iteration: 427	55	59	82.0267	112
Iteration: 428	55	59	78.9467	111
Iteration: 429	55	60	76.7867	109
Iteration: 430	55	60	80.48	118
Iteration: 431	55	60	77.2533	119
Iteration: 432	55	60	79.0133	118
Iteration: 433	55	59	76.1733	102
Iteration: 434	55	60	81.4	130
Iteration: 435	55	61	78.8933	120
Iteration: 436	55	60	80.68	126
Iteration: 437	55	60	77.84	116
Iteration: 438	55	60	80	122
Iteration: 439	55	59	77.48	103
Iteration: 440	55	60	80.04	117
Iteration: 441	55	59	77.3067	105
Iteration: 442	55	60	78.1067	113
Iteration: 443	55	61	79.5333	121
Iteration: 444	55	59	79.3467	117
Iteration: 445	55	60	77	114
Iteration: 446	55	60	78.4933	118
Iteration: 447	55	59	77.5467	113
Iteration: 448	55	60	74.28	110
Iteration: 449	55	58	80.8533	119
Iteration: 450	55	60	78.8933	119
Iteration: 451	55	60	79.0933	113
Iteration: 452	55	61	79.24	122
Iteration: 453	55	60	75.9467	119
Iteration: 454	55	60	78.7067	119
Iteration: 455	55	59	80.2267	107
Iteration: 456	55	60	79.96	123
Iteration: 457	55	59	75.68	110
Iteration: 458	55	60	79.24	112
Iteration: 459	55	59	78.0933	112
Iteration: 460	55	60	79.8667	119
Iteration: 461	55	59	79.3333	111
Iteration: 462	55	59	78.2133	113
Iteration: 463	55	60	77.9467	120
Iteration: 464	55	60	76.5733	115
Iteration: 465	55	60	77.5067	116
Iteration: 466	55	61	76.4	102
Iteration: 467	55	59	75.8933	108
Iteration: 468	55	60	77.3333	110
Iteration: 469	55	60	79.3733	124
Iteration: 470	55	60	77.7467	115
Iteration: 471	55	60	76.9467	110
Iteration: 472	55	59	80.2133	117
Iteration: 473	55	57	78.6667	114
Iteration: 474	55	60	75.6133	116
Iteration: 475	55	60	78.8267	105
Iteration: 476	55	59	80.4667	125
Iteration: 477	55	59	78.2667	133
Iteration: 478	55	59	78.3733	110
Iteration: 479	55	60	80.1467	118
Iteration: 480	55	61	79.8133	123
Iteration: 481	55	60	78.0933	115
Iteration: 482	55	59	78.9467	125
Iteration: 483	55	59	79.4533	119
Iteration: 484	55	60	77.5733	112
Iteration: 485	55	60	79.2267	126
Iteration: 486	55	60	79.2133	122
Iteration: 487	55	59	78.76	121
Iteration: 488	55	59	78.2	115
Iteration: 489	55	59	78.64	127
Iteration: 490	55	60	76.6533	106
Iteration: 491	55	59	80.9333	121
Iteration: 492	55	59	78.16	108
Iteration: 493	55	60	77.2533	105
Iteration: 494	55	59	78.9067	112
Iteration: 495	55	59	78.8667	113
Iteration: 496	55	63	81.9467	125
Iteration: 497	55	59	77.6533	109
Iteration: 498	55	59	75.1333	115
Iteration: 499	55	59	78.1733	108
