Iteration: 0	1679	1679	1979.04	2353
Iteration: 1	1669	1669	1974.13	2308
Iteration: 2	1669	1697	2039.07	2812
Iteration: 3	1669	1707	2020.82	2534
Iteration: 4	1634	1634	2070	2647
Iteration: 5	1634	1639	2032.15	2681
Iteration: 6	1634	1679	1997.84	2386
Iteration: 7	1634	1674	2009.21	2439
Iteration: 8	1634	1663	2039.41	2785
Iteration: 9	1608	1608	2007.42	2635
Iteration: 10	1608	1668	1970.97	2429
Iteration: 11	1608	1670	2026.12	2499
Iteration: 12	1608	1677	2012.77	2738
Iteration: 13	1608	1677	1985.51	2485
Iteration: 14	1608	1659	1991.7	2481
Iteration: 15	1608	1653	1974.92	2390
Iteration: 16	1606	1606	2042.28	2699
Iteration: 17	1606	1737	1998.17	2415
Iteration: 18	1606	1676	1977.69	2474
Iteration: 19	1606	1632	1973.85	2586
Iteration: 20	1606	1697	1999.89	2617
Iteration: 21	1606	1680	1997.05	2635
Iteration: 22	1606	1659	1988.58	2473
Iteration: 23	1606	1737	2006.08	2640
Iteration: 24	1606	1610	1987.01	2451
Iteration: 25	1606	1709	1991.33	2434
Iteration: 26	1606	1729	1980.54	2390
Iteration: 27	1606	1693	2011.87	2668
Iteration: 28	1606	1653	1996.23	2422
Iteration: 29	1606	1667	1981.04	2598
Iteration: 30	1606	1700	1988.85	2599
Iteration: 31	1606	1700	1986.28	2409
Iteration: 32	1606	1691	1972.23	2589
Iteration: 33	1606	1652	1983.15	2527
Iteration: 34	1606	1636	2017.92	2833
Iteration: 35	1606	1665	1989.86	2639
Iteration: 36	1606	1725	1978.16	2598
Iteration: 37	1606	1618	2006.59	2638
Iteration: 38	1606	1745	2004.46	2526
Iteration: 39	1606	1673	1985.51	2594
Iteration: 40	1597	1597	1973.48	2454
Iteration: 41	1597	1687	1998.57	2546
Iteration: 42	1597	1662	1994.36	2514
Iteration: 43	1597	1716	1998.1	2618
Iteration: 44	1597	1671	1990.24	2637
Iteration: 45	1597	1669	1996.82	2807
Iteration: 46	1597	1727	1971.28	2446
Iteration: 47	1597	1658	1983.06	2506
Iteration: 48	1538	1538	2002.35	2543
Iteration: 49	1538	1718	1992.68	2319
Iteration: 50	1538	1644	1985.97	2577
Iteration: 51	1538	1676	1981.51	2783
Iteration: 52	1538	1676	1969.87	2516
Iteration: 53	1538	1637	1979.57	2549
Iteration: 54	1538	1649	1994.67	2502
Iteration: 55	1538	1703	1983.62	2533
Iteration: 56	1538	1615	1964.72	2670
Iteration: 57	1538	1588	1968.99	2348
Iteration: 58	1538	1675	1968.26	2466
Iteration: 59	1538	1638	2017.86	2922
Iteration: 60	1538	1644	1968.94	2465
Iteration: 61	1538	1660	1963.72	2372
Iteration: 62	1538	1671	1983.22	2463
Iteration: 63	1538	1621	1959.34	2560
Iteration: 64	1538	1670	1992.62	2611
Iteration: 65	1538	1574	1980.67	2557
Iteration: 66	1538	1647	1995.04	2541
Iteration: 67	1538	1714	1988.43	2799
Iteration: 68	1538	1606	2006.42	2736
Iteration: 69	1538	1640	1983.75	2488
Iteration: 70	1538	1699	1980.87	2490
Iteration: 71	1538	1681	1964.04	2558
Iteration: 72	1538	1696	1993.16	2583
Iteration: 73	1538	1627	1955.14	2620
Iteration: 74	1538	1656	1966.88	2478
Iteration: 75	1538	1634	1972.73	2662
Iteration: 76	1538	1672	1969.92	2427
Iteration: 77	1538	1704	1966.47	2579
Iteration: 78	1538	1673	1960.38	2447
Iteration: 79	1538	1654	1993.2	2504
Iteration: 80	1538	1665	1965.51	2278
Iteration: 81	1538	1674	1979.55	2504
Iteration: 82	1538	1627	1968.68	2481
Iteration: 83	1538	1605	1980.18	2423
Iteration: 84	1538	1645	2012.13	2550
Iteration: 85	1538	1549	1978.61	2366
Iteration: 86	1538	1639	2003.59	2586
Iteration: 87	1538	1636	1979.79	2497
Iteration: 88	1538	1715	1991.9	2352
Iteration: 89	1538	1594	2014.3	2479
Iteration: 90	1538	1624	1971.06	2329
Iteration: 91	1538	1647	1965.77	2485
Iteration: 92	1538	1700	2015.86	2591
Iteration: 93	1538	1647	1957.67	2676
Iteration: 94	1538	1700	2016.38	2646
Iteration: 95	1538	1644	1976.2	2585
Iteration: 96	1538	1627	2010.99	2499
Iteration: 97	1538	1652	1970.12	2458
Iteration: 98	1538	1698	1979.05	2431
Iteration: 99	1538	1683	1998.23	2369
Iteration: 100	1538	1706	1981.07	2415
Iteration: 101	1538	1674	1990.26	2519
Iteration: 102	1538	1661	1970.48	2340
Iteration: 103	1538	1610	1975.12	2385
Iteration: 104	1538	1657	1998.37	2508
Iteration: 105	1538	1696	1973.34	2568
Iteration: 106	1538	1684	1992.63	2483
Iteration: 107	1538	1691	2008.86	2647
Iteration: 108	1538	1633	1965.9	2546
Iteration: 109	1538	1694	2019.5	2519
Iteration: 110	1538	1648	1974.44	2411
Iteration: 111	1538	1671	1973.39	2472
Iteration: 112	1538	1650	1969.49	2402
Iteration: 113	1538	1684	1954.42	2308
Iteration: 114	1538	1682	1970.64	2436
Iteration: 115	1538	1777	1999.58	2468
Iteration: 116	1538	1654	1967.77	2786
Iteration: 117	1538	1685	2002.3	2831
Iteration: 118	1538	1645	1983.49	2477
Iteration: 119	1538	1628	1943.54	2336
Iteration: 120	1538	1679	1991.03	2367
Iteration: 121	1538	1647	1975.23	2457
Iteration: 122	1538	1701	1954.84	2677
Iteration: 123	1538	1636	1972.81	2447
Iteration: 124	1538	1723	1994.9	2621
Iteration: 125	1538	1631	1996.76	2669
Iteration: 126	1538	1623	1999.03	2465
Iteration: 127	1538	1627	1994.99	2435
Iteration: 128	1538	1687	1976.98	2547
Iteration: 129	1538	1610	1968.16	2408
Iteration: 130	1538	1635	1977.93	2500
Iteration: 131	1538	1625	1984.34	2581
Iteration: 132	1538	1625	1992.15	2472
Iteration: 133	1538	1675	1991.29	2601
Iteration: 134	1538	1607	1984.54	2452
Iteration: 135	1538	1652	1971.24	2540
Iteration: 136	1538	1687	2011.28	2429
Iteration: 137	1538	1669	1998.04	2584
Iteration: 138	1538	1689	1958.86	2647
Iteration: 139	1538	1694	2013.15	2784
Iteration: 140	1538	1643	1960.12	2419
Iteration: 141	1538	1620	2003.96	2702
Iteration: 142	1538	1606	1957.41	2451
Iteration: 143	1538	1683	1963	2705
Iteration: 144	1538	1616	1969.39	2498
Iteration: 145	1538	1604	1997.93	2466
Iteration: 146	1538	1675	1976.36	2587
Iteration: 147	1538	1679	1988.95	2832
Iteration: 148	1538	1643	1984.87	2677
Iteration: 149	1538	1674	1958.7	2344
Iteration: 150	1538	1730	1973.6	2448
Iteration: 151	1538	1677	1986.91	2469
Iteration: 152	1538	1606	2024.28	2808
Iteration: 153	1538	1651	1966.83	2411
Iteration: 154	1538	1614	1993.91	2669
Iteration: 155	1538	1638	1966.28	2459
Iteration: 156	1538	1643	1975.37	2630
Iteration: 157	1538	1723	1984.96	2700
Iteration: 158	1538	1616	1969.12	2414
Iteration: 159	1538	1684	1972.41	2759
Iteration: 160	1538	1672	1966.4	2453
Iteration: 161	1538	1689	1997.85	2547
Iteration: 162	1538	1630	2003.84	2698
Iteration: 163	1538	1626	2000.3	2477
Iteration: 164	1538	1601	1984.64	2562
Iteration: 165	1538	1688	2022.32	2483
Iteration: 166	1538	1689	1953.1	2404
Iteration: 167	1538	1624	1986.73	2404
Iteration: 168	1538	1682	1994.3	2437
Iteration: 169	1538	1709	2003.91	2453
Iteration: 170	1538	1584	1972.44	2636
Iteration: 171	1538	1635	2003.19	2468
Iteration: 172	1538	1680	2014.21	2649
Iteration: 173	1538	1712	1974.24	2468
Iteration: 174	1538	1621	1980.95	2489
Iteration: 175	1538	1698	1959	2410
Iteration: 176	1538	1696	1998.74	2533
Iteration: 177	1538	1695	1973.37	2621
Iteration: 178	1538	1679	1969.25	2659
Iteration: 179	1538	1683	1986.15	2395
Iteration: 180	1538	1670	1946.46	2446
Iteration: 181	1538	1608	2003.88	2629
Iteration: 182	1538	1646	1994.94	2649
Iteration: 183	1538	1646	1944.94	2537
Iteration: 184	1538	1679	1957.87	2473
Iteration: 185	1538	1622	1993.31	2551
Iteration: 186	1538	1661	1984.36	2539
Iteration: 187	1538	1656	1976.6	2403
Iteration: 188	1538	1669	1962.65	2670
Iteration: 189	1538	1725	1961.26	2375
Iteration: 190	1538	1682	1998.66	2552
Iteration: 191	1538	1742	1987.6	2350
Iteration: 192	1538	1675	2000.63	2765
Iteration: 193	1538	1675	2000.53	2455
Iteration: 194	1538	1675	1987.04	2553
Iteration: 195	1538	1628	1986.06	2460
Iteration: 196	1538	1715	1968.18	2456
Iteration: 197	1538	1703	1984.47	2624
Iteration: 198	1538	1727	1993.12	2581
Iteration: 199	1538	1714	1980.34	2411
Iteration: 200	1538	1631	1975.36	2360
Iteration: 201	1538	1702	1990.43	2497
Iteration: 202	1538	1676	1980.68	2407
Iteration: 203	1538	1584	1982.64	2716
Iteration: 204	1538	1603	1960.41	2554
Iteration: 205	1538	1713	1978.16	2485
Iteration: 206	1538	1589	1968.59	2512
Iteration: 207	1538	1714	1988.98	2671
Iteration: 208	1538	1633	1998.31	2428
Iteration: 209	1538	1599	1956.13	2624
Iteration: 210	1538	1642	1972.22	2526
Iteration: 211	1538	1639	2005.04	2380
Iteration: 212	1538	1703	1979.58	2715
Iteration: 213	1538	1584	2004.31	2809
Iteration: 214	1538	1673	1982.98	2517
Iteration: 215	1538	1671	1993.54	2580
Iteration: 216	1538	1633	1973.35	2495
Iteration: 217	1538	1734	1996.72	2410
Iteration: 218	1538	1653	1991.72	2551
Iteration: 219	1538	1616	1986.29	2491
Iteration: 220	1538	1644	1969.29	2616
Iteration: 221	1538	1665	1970.09	2410
Iteration: 222	1538	1665	2000.27	2733
Iteration: 223	1538	1659	1974.79	2378
Iteration: 224	1538	1715	2002.48	2582
Iteration: 225	1538	1696	2008.01	2751
Iteration: 226	1538	1652	1983.56	2588
Iteration: 227	1538	1676	2005.92	2594
Iteration: 228	1538	1705	1986.07	2530
Iteration: 229	1538	1688	1982	2583
Iteration: 230	1538	1685	1972.95	2411
Iteration: 231	1538	1675	1992.05	2500
Iteration: 232	1538	1644	1996.61	2502
Iteration: 233	1538	1676	1946.82	2592
Iteration: 234	1538	1642	1980.07	2612
Iteration: 235	1538	1686	2008.41	2547
Iteration: 236	1538	1695	2016.02	2563
Iteration: 237	1538	1747	1961.75	2362
Iteration: 238	1538	1593	1974.31	2532
Iteration: 239	1538	1638	1985.02	2692
Iteration: 240	1538	1703	1989.14	2710
Iteration: 241	1538	1628	1974.32	2475
Iteration: 242	1538	1679	1973.41	2460
Iteration: 243	1538	1693	1993.52	2514
Iteration: 244	1538	1695	1985.28	2680
Iteration: 245	1538	1635	1969.92	2411
Iteration: 246	1538	1718	2006.21	2925
Iteration: 247	1538	1623	1958.68	2563
Iteration: 248	1538	1695	1999.46	2418
Iteration: 249	1538	1672	1987.98	2640
Iteration: 250	1538	1681	1993.83	2553
Iteration: 251	1538	1593	1962.3	2637
Iteration: 252	1538	1636	1976.66	2542
Iteration: 253	1538	1725	2026.17	2728
Iteration: 254	1538	1657	1947.65	2573
Iteration: 255	1538	1694	1980.18	2445
Iteration: 256	1538	1672	1988.02	2368
Iteration: 257	1538	1702	1987.59	2582
Iteration: 258	1538	1639	1995.07	2495
Iteration: 259	1538	1652	1986.67	2496
Iteration: 260	1538	1674	2002.18	2519
Iteration: 261	1538	1712	2013.12	2547
Iteration: 262	1538	1589	1933.55	2358
Iteration: 263	1538	1618	1997.3	2696
Iteration: 264	1538	1689	1977.9	2730
Iteration: 265	1538	1668	1997.47	2540
Iteration: 266	1538	1653	1957.8	2561
Iteration: 267	1538	1592	1984.79	2565
Iteration: 268	1538	1665	1992.69	2825
Iteration: 269	1538	1665	1999.87	2608
Iteration: 270	1538	1598	1993.32	2517
Iteration: 271	1538	1700	1994.79	2596
Iteration: 272	1538	1614	1980.28	2523
Iteration: 273	1538	1640	2002.13	2768
Iteration: 274	1538	1709	1984.64	2505
Iteration: 275	1538	1644	1993.39	2593
Iteration: 276	1538	1624	1973.15	2465
Iteration: 277	1538	1693	2013.56	2562
Iteration: 278	1538	1675	2007.81	2503
Iteration: 279	1538	1593	1985.14	2575
Iteration: 280	1538	1696	1999.87	2740
Iteration: 281	1538	1589	1990.84	2476
Iteration: 282	1538	1669	1999.51	2687
Iteration: 283	1538	1644	1981.55	2407
Iteration: 284	1538	1716	1960.36	2513
Iteration: 285	1538	1649	1973.06	2583
Iteration: 286	1538	1607	1991.88	2465
Iteration: 287	1538	1703	1959.04	2415
Iteration: 288	1538	1721	1993.62	2675
Iteration: 289	1538	1638	1990.15	2451
Iteration: 290	1538	1656	1951.67	2580
Iteration: 291	1538	1715	1987.52	2481
Iteration: 292	1538	1606	1955	2474
Iteration: 293	1538	1710	1987.68	2518
Iteration: 294	1538	1598	1984.72	2642
Iteration: 295	1538	1699	1997.65	2468
Iteration: 296	1538	1694	1976.85	2503
Iteration: 297	1538	1683	2013.17	2631
Iteration: 298	1538	1557	2019.24	2559
Iteration: 299	1538	1690	2001.09	2515
Iteration: 300	1538	1703	1985.9	2438
Iteration: 301	1538	1677	1970.63	2351
Iteration: 302	1538	1642	1988.21	2437
Iteration: 303	1538	1713	2000.78	2500
Iteration: 304	1538	1640	1985.24	2704
Iteration: 305	1538	1639	1997.35	2477
Iteration: 306	1538	1729	2010.6	2567
Iteration: 307	1538	1709	1975.61	2450
Iteration: 308	1538	1705	1961.83	2495
Iteration: 309	1538	1600	1999.28	2699
Iteration: 310	1538	1698	1989.06	2506
Iteration: 311	1538	1687	1983.03	2389
Iteration: 312	1538	1683	1985.76	2492
Iteration: 313	1538	1691	1987.41	2551
Iteration: 314	1538	1720	2019.39	2566
Iteration: 315	1538	1660	1983.25	2579
Iteration: 316	1538	1662	1975.29	2535
Iteration: 317	1538	1707	1991.73	2791
Iteration: 318	1538	1671	1958.82	2483
Iteration: 319	1538	1707	2012.55	2563
Iteration: 320	1538	1651	1980.31	2535
Iteration: 321	1538	1650	1993.83	2475
Iteration: 322	1538	1595	1954.97	2541
Iteration: 323	1538	1679	2012.73	2653
Iteration: 324	1538	1733	2033.56	2513
Iteration: 325	1538	1711	1993.47	2447
Iteration: 326	1538	1682	1972.22	2438
Iteration: 327	1538	1689	1968.92	2354
Iteration: 328	1538	1734	1979.3	2431
Iteration: 329	1538	1539	1973.05	2392
Iteration: 330	1538	1680	1983.09	2355
Iteration: 331	1538	1669	1974.58	2536
Iteration: 332	1538	1668	1961.27	2278
Iteration: 333	1538	1655	2007.56	2517
Iteration: 334	1538	1670	1976.36	2442
Iteration: 335	1538	1648	1971.03	2549
Iteration: 336	1538	1684	1975.21	2408
Iteration: 337	1538	1597	1988.84	2623
Iteration: 338	1538	1589	1971.27	2584
Iteration: 339	1538	1601	1991.81	2538
Iteration: 340	1538	1593	1987.73	2916
Iteration: 341	1538	1701	2025.47	2494
Iteration: 342	1538	1685	1990.23	2493
Iteration: 343	1538	1653	1983.77	2421
Iteration: 344	1538	1647	1986.36	2572
Iteration: 345	1538	1678	1977.23	2621
Iteration: 346	1538	1661	1995.3	2736
Iteration: 347	1538	1705	1966.63	2699
Iteration: 348	1538	1645	1973.27	2530
Iteration: 349	1538	1594	1978.7	2453
Iteration: 350	1538	1666	1992.41	2596
Iteration: 351	1538	1655	1982.46	2510
Iteration: 352	1538	1678	2018.52	2559
Iteration: 353	1538	1742	1988.44	2510
Iteration: 354	1538	1672	1993.61	2678
Iteration: 355	1538	1707	1969.67	2565
Iteration: 356	1538	1606	2002.94	2460
Iteration: 357	1538	1668	1993.15	2799
Iteration: 358	1538	1642	1992.58	2497
Iteration: 359	1538	1604	1967.59	2401
Iteration: 360	1538	1627	1981.49	2419
Iteration: 361	1538	1587	2025.73	2505
Iteration: 362	1538	1696	2000.86	2434
Iteration: 363	1538	1624	1971.5	2504
Iteration: 364	1538	1640	1999.24	2692
Iteration: 365	1538	1679	1974.41	2449
Iteration: 366	1538	1614	1984.25	2554
Iteration: 367	1538	1650	1984.83	2435
Iteration: 368	1538	1638	1980.03	2570
Iteration: 369	1538	1658	1977.39	2653
Iteration: 370	1538	1744	2007.51	2528
Iteration: 371	1538	1663	1987.02	2599
Iteration: 372	1538	1635	1993.16	2580
Iteration: 373	1538	1598	1986.07	2747
Iteration: 374	1538	1655	1996.41	2538
Iteration: 375	1538	1654	1994.47	2641
Iteration: 376	1538	1622	1950.2	2391
Iteration: 377	1538	1683	1991.69	2615
Iteration: 378	1538	1647	1989.41	2554
Iteration: 379	1538	1669	1989.32	2463
Iteration: 380	1538	1640	1987.61	2564
Iteration: 381	1538	1645	1989.91	2505
Iteration: 382	1538	1688	1996.9	2569
Iteration: 383	1538	1729	1999.23	2523
Iteration: 384	1538	1703	1972.69	2524
Iteration: 385	1538	1668	2001.71	3042
Iteration: 386	1538	1587	1980.39	2714
Iteration: 387	1538	1717	2018.07	2458
Iteration: 388	1538	1610	1934.27	2312
Iteration: 389	1538	1627	1977.55	2378
Iteration: 390	1538	1652	1954.55	2466
Iteration: 391	1538	1652	1974.81	2443
Iteration: 392	1538	1670	1987.34	2650
Iteration: 393	1538	1716	2015.07	2786
Iteration: 394	1538	1648	2032.7	2523
Iteration: 395	1538	1705	1975.92	2752
Iteration: 396	1538	1704	1970.9	2487
Iteration: 397	1538	1631	1962.39	2640
Iteration: 398	1538	1684	2013.25	2442
Iteration: 399	1538	1689	1985.91	2590
Iteration: 400	1538	1622	1984.32	2417
Iteration: 401	1538	1706	2003.63	2533
Iteration: 402	1532	1532	1964.57	2416
Iteration: 403	1532	1680	1970.65	2477
Iteration: 404	1532	1694	1996.43	2647
Iteration: 405	1532	1688	2014.32	2473
Iteration: 406	1532	1690	1987.58	2604
Iteration: 407	1532	1653	1989.06	2426
Iteration: 408	1532	1722	1986.86	2391
Iteration: 409	1532	1693	1969.91	2386
Iteration: 410	1532	1622	1964.96	2451
Iteration: 411	1532	1704	2016.73	2519
Iteration: 412	1532	1650	1992.77	2360
Iteration: 413	1532	1611	1994.51	2598
Iteration: 414	1532	1648	1985.02	2511
Iteration: 415	1532	1682	1982.51	2738
Iteration: 416	1532	1690	1981.48	2560
Iteration: 417	1532	1646	1980.44	2478
Iteration: 418	1512	1512	1981.36	2533
Iteration: 419	1512	1677	1991.49	2520
Iteration: 420	1512	1713	1976.66	2329
Iteration: 421	1512	1669	1990.69	2574
Iteration: 422	1512	1674	1991.65	2306
Iteration: 423	1512	1668	1973.54	2450
Iteration: 424	1512	1667	2000.19	2410
Iteration: 425	1512	1579	1965.36	2758
Iteration: 426	1512	1671	1999.93	2542
Iteration: 427	1512	1694	2001.83	2716
Iteration: 428	1512	1671	1963.27	2528
Iteration: 429	1512	1637	1979.59	2614
Iteration: 430	1512	1538	2011.53	2563
Iteration: 431	1512	1663	1996.14	2495
Iteration: 432	1512	1702	1984.51	2454
Iteration: 433	1512	1643	1970.01	2629
Iteration: 434	1512	1655	1984.53	2446
Iteration: 435	1512	1672	1997.46	2659
Iteration: 436	1512	1688	2005.3	2687
Iteration: 437	1512	1678	1996.61	2456
Iteration: 438	1512	1686	1954.13	2490
Iteration: 439	1512	1641	1976.67	2535
Iteration: 440	1512	1695	1991.63	2770
Iteration: 441	1512	1717	2007.91	2489
Iteration: 442	1512	1665	2001.77	2456
Iteration: 443	1512	1655	1970.96	2339
Iteration: 444	1512	1675	1953.26	2324
Iteration: 445	1512	1695	1974.47	2723
Iteration: 446	1512	1607	1972.73	2422
Iteration: 447	1512	1620	1973.82	2420
Iteration: 448	1512	1646	1997.84	2571
Iteration: 449	1512	1658	2006.87	2677
Iteration: 450	1512	1658	2002.84	2550
Iteration: 451	1512	1670	1985.14	2434
Iteration: 452	1512	1575	1969.19	2622
Iteration: 453	1512	1678	1982.7	2419
Iteration: 454	1512	1704	1974.99	2474
Iteration: 455	1512	1603	1995.11	2636
Iteration: 456	1512	1669	1965.08	2867
Iteration: 457	1512	1609	1986.77	2362
Iteration: 458	1512	1696	1994.03	2510
Iteration: 459	1512	1693	1966.12	2463
Iteration: 460	1512	1712	2000.04	2427
Iteration: 461	1512	1677	1946.91	2507
Iteration: 462	1512	1621	1998.68	2497
Iteration: 463	1512	1686	1996.81	2573
Iteration: 464	1512	1649	1978.39	2629
Iteration: 465	1512	1698	2020.01	2639
Iteration: 466	1512	1632	1989.22	2475
Iteration: 467	1512	1661	1971.35	2460
Iteration: 468	1512	1696	1980.91	2509
Iteration: 469	1512	1678	1984.18	2468
Iteration: 470	1512	1695	1969.24	2550
Iteration: 471	1512	1660	1968.89	2447
Iteration: 472	1512	1695	1987.15	2525
Iteration: 473	1512	1637	2019.27	2898
Iteration: 474	1512	1601	1990.72	2468
Iteration: 475	1512	1730	1990.53	2600
Iteration: 476	1512	1635	1988.34	2483
Iteration: 477	1512	1706	1981.48	2507
Iteration: 478	1512	1695	2005.21	2722
Iteration: 479	1512	1687	2000.27	2616
Iteration: 480	1512	1601	1992.7	2574
Iteration: 481	1512	1687	1959.4	2355
Iteration: 482	1512	1673	2000.64	3020
Iteration: 483	1512	1633	1995.7	2428
Iteration: 484	1512	1706	2013.27	2671
Iteration: 485	1512	1661	1982.26	2561
Iteration: 486	1512	1654	1967.73	2494
Iteration: 487	1512	1654	1997.42	2618
Iteration: 488	1512	1641	1989.42	2501
Iteration: 489	1512	1605	1980.54	2767
Iteration: 490	1512	1693	1994.15	2503
Iteration: 491	1512	1646	1973.35	2529
Iteration: 492	1512	1709	1974.96	2699
Iteration: 493	1512	1663	1960.11	2611
Iteration: 494	1512	1710	1972.32	2492
Iteration: 495	1512	1684	1978.27	2912
Iteration: 496	1512	1657	2015.59	2719
Iteration: 497	1512	1715	1989.9	2565
Iteration: 498	1512	1674	1972.52	2584
Iteration: 499	1512	1602	2030.21	2629
