Iteration: 0	1708	1708	2026.17	2519
Iteration: 1	1640	1640	1971.14	2437
Iteration: 2	1640	1666	2028.78	2587
Iteration: 3	1640	1706	2030.67	2409
Iteration: 4	1640	1720	2023.46	2616
Iteration: 5	1640	1757	2036.79	2589
Iteration: 6	1618	1618	1988.29	2518
Iteration: 7	1618	1710	2001.42	2480
Iteration: 8	1618	1667	2023.48	2626
Iteration: 9	1618	1697	1994.47	2544
Iteration: 10	1618	1679	2014.32	2597
Iteration: 11	1618	1759	1999.49	2473
Iteration: 12	1604	1604	1999.29	2614
Iteration: 13	1604	1736	2000.4	2599
Iteration: 14	1604	1716	2012.61	2769
Iteration: 15	1604	1669	2034.91	2524
Iteration: 16	1604	1643	2013.24	2697
Iteration: 17	1604	1687	1995.87	2579
Iteration: 18	1554	1554	1989.45	2472
Iteration: 19	1554	1666	1993.71	2712
Iteration: 20	1554	1685	1997.82	2582
Iteration: 21	1554	1659	1975.72	2633
Iteration: 22	1554	1664	1973.31	2389
Iteration: 23	1554	1681	1993.09	2619
Iteration: 24	1554	1732	2016.51	2561
Iteration: 25	1554	1599	1997.02	2405
Iteration: 26	1554	1635	1983.55	2814
Iteration: 27	1554	1696	2009.22	2797
Iteration: 28	1554	1670	1968.44	2384
Iteration: 29	1554	1668	1977.64	2429
Iteration: 30	1554	1644	1984.77	2681
Iteration: 31	1554	1704	1970.21	2585
Iteration: 32	1554	1618	1992.74	2676
Iteration: 33	1554	1702	1967.25	2696
Iteration: 34	1554	1679	2002.23	2567
Iteration: 35	1554	1683	1970.72	2531
Iteration: 36	1554	1701	2016.57	2607
Iteration: 37	1554	1699	2015.33	2767
Iteration: 38	1554	1689	1984.4	2454
Iteration: 39	1554	1594	1963.93	2458
Iteration: 40	1554	1708	2011.23	2874
Iteration: 41	1554	1660	1990.02	2503
Iteration: 42	1554	1632	1979.61	2509
Iteration: 43	1554	1694	1999.58	2487
Iteration: 44	1554	1700	1970.7	2414
Iteration: 45	1554	1652	1979.68	2402
Iteration: 46	1554	1648	1999.99	2557
Iteration: 47	1554	1729	2016.53	2732
Iteration: 48	1554	1662	1979.03	2350
Iteration: 49	1554	1713	1971.7	2472
Iteration: 50	1554	1690	1960.38	2391
Iteration: 51	1554	1666	2013.57	2704
Iteration: 52	1554	1594	1975.01	2456
Iteration: 53	1554	1685	2001.07	2474
Iteration: 54	1554	1618	1976.96	2528
Iteration: 55	1554	1710	1963.98	2499
Iteration: 56	1554	1638	1957.92	2443
Iteration: 57	1554	1671	1989.77	2547
Iteration: 58	1554	1585	1951.36	2434
Iteration: 59	1554	1629	1997.54	2555
Iteration: 60	1554	1656	1967.65	2471
Iteration: 61	1554	1701	1997.5	2641
Iteration: 62	1554	1706	1992.59	2553
Iteration: 63	1554	1627	1992.37	2691
Iteration: 64	1554	1618	1989.69	2370
Iteration: 65	1554	1654	1994.89	2422
Iteration: 66	1554	1626	1984.38	2523
Iteration: 67	1554	1705	1990.28	2634
Iteration: 68	1554	1692	1973.97	2574
Iteration: 69	1554	1656	1977.9	2491
Iteration: 70	1554	1669	1987.58	2538
Iteration: 71	1554	1653	1978.04	2534
Iteration: 72	1554	1601	1981.76	2537
Iteration: 73	1554	1616	1985.34	2510
Iteration: 74	1554	1675	1956.54	2354
Iteration: 75	1554	1645	1970.46	2551
Iteration: 76	1554	1737	2004.57	2747
Iteration: 77	1554	1689	1974.34	2465
Iteration: 78	1554	1665	2023.65	2589
Iteration: 79	1554	1657	1997.27	2402
Iteration: 80	1554	1696	2033.23	2502
Iteration: 81	1554	1586	1985.73	2574
Iteration: 82	1554	1667	1997.65	2583
Iteration: 83	1554	1631	1988.02	2500
Iteration: 84	1554	1674	1974.26	2591
Iteration: 85	1554	1703	1971.48	2595
Iteration: 86	1554	1724	1982.1	2413
Iteration: 87	1544	1544	1974.84	2443
Iteration: 88	1544	1690	1985.53	2507
Iteration: 89	1544	1690	1982.37	2503
Iteration: 90	1544	1682	1968.44	2624
Iteration: 91	1544	1706	1984.71	2429
Iteration: 92	1544	1644	1970.81	2478
Iteration: 93	1544	1636	1989.58	2627
Iteration: 94	1544	1656	1986.71	2563
Iteration: 95	1544	1688	2007.12	2599
Iteration: 96	1544	1687	1976.15	2565
Iteration: 97	1544	1664	1986.95	2417
Iteration: 98	1544	1714	1990.46	2709
Iteration: 99	1544	1664	1982.49	2726
Iteration: 100	1544	1756	1977.07	2458
Iteration: 101	1544	1695	1994.35	2512
Iteration: 102	1544	1658	1984.29	2463
Iteration: 103	1544	1647	2011.6	2831
Iteration: 104	1544	1629	1976.08	2901
Iteration: 105	1544	1707	1995.06	2527
Iteration: 106	1544	1639	2003.16	2530
Iteration: 107	1544	1653	1986.58	2426
Iteration: 108	1544	1719	1960.15	2437
Iteration: 109	1544	1632	1975.16	2621
Iteration: 110	1544	1657	1948.41	2492
Iteration: 111	1544	1711	1988.92	2676
Iteration: 112	1544	1688	2008.57	2635
Iteration: 113	1544	1685	1983.69	2638
Iteration: 114	1544	1670	1994.8	2640
Iteration: 115	1544	1630	1977.17	2713
Iteration: 116	1544	1701	1984.88	2733
Iteration: 117	1544	1662	1959.12	2475
Iteration: 118	1544	1688	2000.77	2583
Iteration: 119	1544	1572	1984.69	2667
Iteration: 120	1544	1622	1968.58	2406
Iteration: 121	1544	1659	1941.14	2579
Iteration: 122	1544	1594	1973.48	2409
Iteration: 123	1544	1740	1999.15	2457
Iteration: 124	1544	1613	1974.83	2568
Iteration: 125	1544	1778	2022.55	2911
Iteration: 126	1544	1661	2006.04	2616
Iteration: 127	1544	1674	1976.03	2551
Iteration: 128	1544	1645	2006.32	2626
Iteration: 129	1544	1668	1965.75	2368
Iteration: 130	1544	1599	1960.81	2397
Iteration: 131	1544	1647	1983.27	2502
Iteration: 132	1544	1702	1996.94	2597
Iteration: 133	1544	1703	1988.05	2291
Iteration: 134	1544	1677	1973.97	2604
Iteration: 135	1544	1665	1965.73	2565
Iteration: 136	1544	1659	1974.04	2652
Iteration: 137	1544	1698	1978.77	2625
Iteration: 138	1544	1755	1986.15	2651
Iteration: 139	1544	1730	2016.5	2552
Iteration: 140	1544	1649	1978.29	2510
Iteration: 141	1544	1702	1958.51	2362
Iteration: 142	1544	1588	1956.38	2512
Iteration: 143	1544	1715	2012.38	2535
Iteration: 144	1544	1620	1958.5	2280
Iteration: 145	1544	1685	2018.72	2517
Iteration: 146	1544	1585	1970.43	2524
Iteration: 147	1544	1644	1983.59	2643
Iteration: 148	1544	1704	1985.21	2420
Iteration: 149	1544	1682	2012.07	2644
Iteration: 150	1544	1654	1941.22	2375
Iteration: 151	1544	1639	1970.65	2393
Iteration: 152	1544	1648	1996.91	2333
Iteration: 153	1544	1712	1997.65	2584
Iteration: 154	1544	1696	1979.68	2403
Iteration: 155	1544	1606	2004.42	2455
Iteration: 156	1544	1647	1988.75	2637
Iteration: 157	1544	1689	2011.66	2438
Iteration: 158	1544	1628	1981.19	2367
Iteration: 159	1544	1597	1964.27	2322
Iteration: 160	1544	1642	1974.62	2448
Iteration: 161	1544	1659	1996.1	2740
Iteration: 162	1544	1564	2000.31	2627
Iteration: 163	1544	1677	1966.72	2472
Iteration: 164	1544	1683	1998.91	2536
Iteration: 165	1544	1651	1969.1	2395
Iteration: 166	1544	1714	1966.84	2311
Iteration: 167	1544	1613	1982.08	2400
Iteration: 168	1544	1621	1984.01	2723
Iteration: 169	1544	1652	1984.52	2497
Iteration: 170	1544	1608	2000.23	2582
Iteration: 171	1544	1640	1975.92	2570
Iteration: 172	1544	1703	2011.87	2516
Iteration: 173	1544	1623	1987.04	2629
Iteration: 174	1544	1638	1991.21	2527
Iteration: 175	1544	1668	1993.53	2560
Iteration: 176	1544	1605	1992.41	2650
Iteration: 177	1544	1670	1980.08	2516
Iteration: 178	1544	1686	1990.5	2371
Iteration: 179	1544	1689	1981.97	2547
Iteration: 180	1544	1715	2012.59	2596
Iteration: 181	1544	1669	1964.1	2379
Iteration: 182	1544	1653	1973.81	2455
Iteration: 183	1544	1692	2004.62	2519
Iteration: 184	1544	1647	1993.64	2637
Iteration: 185	1544	1606	1985.33	2590
Iteration: 186	1544	1592	1971.53	2532
Iteration: 187	1544	1707	1998.5	2430
Iteration: 188	1544	1614	1985.82	2669
Iteration: 189	1544	1574	1977.11	2438
Iteration: 190	1544	1718	1974.11	2519
Iteration: 191	1544	1639	1995.86	2689
Iteration: 192	1544	1642	1965.95	2475
Iteration: 193	1544	1668	1975.57	2615
Iteration: 194	1544	1693	1998.37	2411
Iteration: 195	1544	1677	2004.06	2463
Iteration: 196	1544	1714	2019.77	2923
Iteration: 197	1544	1678	1994.94	2468
Iteration: 198	1544	1724	1996.75	2449
Iteration: 199	1544	1684	1964.05	2655
Iteration: 200	1544	1728	1970.18	2491
Iteration: 201	1544	1700	1980.59	2672
Iteration: 202	1544	1655	1949.95	2467
Iteration: 203	1544	1671	2008.86	2736
Iteration: 204	1544	1680	1998.73	2383
Iteration: 205	1544	1626	1986.32	2521
Iteration: 206	1544	1724	2000.19	2465
Iteration: 207	1544	1605	1969.72	2397
Iteration: 208	1544	1635	1986.01	2343
Iteration: 209	1544	1660	1980.21	2473
Iteration: 210	1544	1690	1991.18	2493
Iteration: 211	1544	1688	1988.1	2428
Iteration: 212	1544	1730	1982.15	2631
Iteration: 213	1544	1647	2004.85	2583
Iteration: 214	1544	1677	2023.57	2601
Iteration: 215	1544	1669	1987.46	2459
Iteration: 216	1544	1682	1966.57	2469
Iteration: 217	1544	1644	1964.91	2497
Iteration: 218	1544	1739	1996.6	2545
Iteration: 219	1544	1666	1992.17	2612
Iteration: 220	1544	1705	1973.47	2647
Iteration: 221	1544	1677	1976.58	2579
Iteration: 222	1544	1596	1991.14	2566
Iteration: 223	1544	1683	2008.1	2624
Iteration: 224	1544	1667	1984.87	2715
Iteration: 225	1544	1666	1985.22	2572
Iteration: 226	1544	1701	1965.78	2649
Iteration: 227	1544	1659	1987.26	2484
Iteration: 228	1544	1692	2013.1	2720
Iteration: 229	1544	1715	1995.61	2540
Iteration: 230	1544	1689	1959.56	2383
Iteration: 231	1544	1674	1984.33	2616
Iteration: 232	1544	1683	2017.59	2469
Iteration: 233	1544	1633	1973.75	2516
Iteration: 234	1544	1667	1976.47	2434
Iteration: 235	1544	1656	2022.9	2652
Iteration: 236	1544	1705	1985.94	2687
Iteration: 237	1544	1701	1994.31	2580
Iteration: 238	1544	1674	1981.97	2541
Iteration: 239	1544	1678	1954.7	2411
Iteration: 240	1544	1700	1990.25	2550
Iteration: 241	1544	1649	1981.89	2742
Iteration: 242	1544	1684	2004.82	2499
Iteration: 243	1544	1598	1997.07	2541
Iteration: 244	1544	1669	1987.3	2455
Iteration: 245	1544	1673	1998.43	2353
Iteration: 246	1544	1670	1972.64	2490
Iteration: 247	1544	1662	1989.05	2533
Iteration: 248	1544	1672	1992.3	2600
Iteration: 249	1544	1635	2000.49	2467
Iteration: 250	1544	1678	2002.43	2375
Iteration: 251	1544	1666	1990.71	2471
Iteration: 252	1544	1672	1970.1	2454
Iteration: 253	1544	1738	1981.4	2380
Iteration: 254	1544	1588	1990.87	2906
Iteration: 255	1544	1725	1987.91	2498
Iteration: 256	1544	1665	1997.09	2547
Iteration: 257	1544	1661	1991.84	2412
Iteration: 258	1544	1691	1989.59	2547
Iteration: 259	1544	1628	1977.43	2549
Iteration: 260	1544	1686	1979.54	2433
Iteration: 261	1544	1660	1987.11	2455
Iteration: 262	1544	1601	1957.62	2427
Iteration: 263	1544	1698	1980.14	2419
Iteration: 264	1544	1694	1977.98	2616
Iteration: 265	1544	1722	2018.62	2519
Iteration: 266	1544	1636	1999.64	2766
Iteration: 267	1544	1694	1977.22	2540
Iteration: 268	1544	1707	1986.84	2512
Iteration: 269	1544	1696	1987.16	2505
Iteration: 270	1544	1674	1993.08	2571
Iteration: 271	1544	1609	1971.36	2356
Iteration: 272	1544	1733	1974.61	2417
Iteration: 273	1544	1610	1978.04	2559
Iteration: 274	1544	1644	1984.53	2478
Iteration: 275	1544	1701	1996.98	2678
Iteration: 276	1544	1698	1994.32	2595
Iteration: 277	1544	1672	1974.75	2613
Iteration: 278	1544	1747	2008.33	2467
Iteration: 279	1544	1611	1973.49	2492
Iteration: 280	1544	1683	1959.13	2420
Iteration: 281	1544	1683	2025.56	2579
Iteration: 282	1544	1647	1957.63	2394
Iteration: 283	1544	1686	1978.23	2444
Iteration: 284	1544	1665	1992.03	2622
Iteration: 285	1544	1681	1981.51	2538
Iteration: 286	1544	1642	1954.23	2422
Iteration: 287	1544	1630	1959.18	2705
Iteration: 288	1544	1686	1975.11	2419
Iteration: 289	1544	1641	2011.9	2543
Iteration: 290	1544	1679	1981.31	2380
Iteration: 291	1544	1692	2013.12	2541
Iteration: 292	1544	1662	1984.11	2488
Iteration: 293	1544	1674	1968.64	2559
Iteration: 294	1544	1728	2001.47	2477
Iteration: 295	1544	1604	1972.43	2411
Iteration: 296	1544	1614	1964.22	2477
Iteration: 297	1544	1703	2001.03	2639
Iteration: 298	1544	1655	1977.63	2361
Iteration: 299	1544	1640	1979.83	2616
Iteration: 300	1544	1696	1997.01	2944
Iteration: 301	1544	1613	1966.13	2483
Iteration: 302	1544	1647	1991.78	2576
Iteration: 303	1544	1686	1972.72	2502
Iteration: 304	1544	1625	1987.2	2515
Iteration: 305	1544	1696	1986.89	2373
Iteration: 306	1544	1596	1966.7	2520
Iteration: 307	1544	1632	1977.22	2502
Iteration: 308	1544	1607	1980.24	2397
Iteration: 309	1544	1661	1987.64	2557
Iteration: 310	1544	1662	1985	2460
Iteration: 311	1544	1669	2003.12	2670
Iteration: 312	1544	1650	1977.04	2468
Iteration: 313	1544	1672	1986.41	2438
Iteration: 314	1544	1647	1964.79	2419
Iteration: 315	1544	1642	1996.46	2791
Iteration: 316	1544	1722	1988.6	2476
Iteration: 317	1544	1680	1998.47	2519
Iteration: 318	1544	1725	1998.68	2501
Iteration: 319	1544	1627	1980.45	2360
Iteration: 320	1544	1699	1999.51	2500
Iteration: 321	1544	1696	1980.09	2500
Iteration: 322	1544	1659	1973.46	2573
Iteration: 323	1544	1682	2007.73	2665
Iteration: 324	1544	1658	1994.49	2996
Iteration: 325	1544	1633	1983.48	2466
Iteration: 326	1544	1658	1996.59	2546
Iteration: 327	1544	1700	2000.99	2640
Iteration: 328	1544	1709	1987.78	2411
Iteration: 329	1544	1710	1968.68	2382
Iteration: 330	1544	1651	2007.98	2845
Iteration: 331	1544	1642	1996.55	2755
Iteration: 332	1544	1607	1978.95	2475
Iteration: 333	1544	1679	1984.67	2419
Iteration: 334	1544	1660	1994.2	2579
Iteration: 335	1544	1611	1976.28	2527
Iteration: 336	1544	1598	1957.01	2260
Iteration: 337	1544	1682	1991.85	2534
Iteration: 338	1544	1678	1978.2	2593
Iteration: 339	1544	1696	1983.62	2312
Iteration: 340	1544	1626	1976.78	2508
Iteration: 341	1544	1707	2012.38	2624
Iteration: 342	1544	1663	1978.35	2415
Iteration: 343	1544	1727	1996.08	2561
Iteration: 344	1544	1560	1978.08	2602
Iteration: 345	1544	1675	1989.04	2498
Iteration: 346	1544	1662	1965.46	2620
Iteration: 347	1544	1622	1980.53	2370
Iteration: 348	1544	1633	2006.89	2432
Iteration: 349	1544	1658	2001.27	2449
Iteration: 350	1544	1701	1985.16	2642
Iteration: 351	1544	1673	1988.88	2372
Iteration: 352	1544	1686	2009.1	2418
Iteration: 353	1544	1667	1988.86	2553
Iteration: 354	1544	1620	1984.78	2499
Iteration: 355	1544	1706	2019.44	2514
Iteration: 356	1544	1673	2011.1	2448
Iteration: 357	1544	1647	1993.3	2640
Iteration: 358	1544	1587	1987.36	2513
Iteration: 359	1544	1601	1976.79	2546
Iteration: 360	1544	1712	1963.66	2382
Iteration: 361	1544	1671	2016.15	2484
Iteration: 362	1544	1579	1982.67	2516
Iteration: 363	1544	1644	2004.82	2680
Iteration: 364	1544	1565	1981.34	2450
Iteration: 365	1544	1568	1946.69	2449
Iteration: 366	1544	1696	1994.71	2442
Iteration: 367	1544	1678	1999.4	2447
Iteration: 368	1544	1762	2007.12	2700
Iteration: 369	1544	1668	1996.44	2714
Iteration: 370	1544	1661	1959.08	2392
Iteration: 371	1544	1663	1997.63	2617
Iteration: 372	1544	1709	2002.86	2609
Iteration: 373	1544	1680	1972.13	2483
Iteration: 374	1544	1655	1973.36	2596
Iteration: 375	1544	1667	1990.29	2488
Iteration: 376	1544	1714	1976.61	2403
Iteration: 377	1544	1667	1978.75	2601
Iteration: 378	1544	1622	1985.78	2525
Iteration: 379	1544	1623	2021.01	2662
Iteration: 380	1544	1719	2017.82	2565
Iteration: 381	1544	1681	1969.83	2892
Iteration: 382	1544	1670	1969.81	2454
Iteration: 383	1544	1678	1988.86	2557
Iteration: 384	1544	1585	1965.53	2420
Iteration: 385	1544	1705	1993.21	2532
Iteration: 386	1544	1688	1955.42	2600
Iteration: 387	1544	1664	1989.23	2431
Iteration: 388	1544	1592	1983.33	2530
Iteration: 389	1544	1662	1998.24	2478
Iteration: 390	1544	1684	1999.47	2558
Iteration: 391	1544	1596	1979.28	2406
Iteration: 392	1544	1697	1976.65	2587
Iteration: 393	1544	1634	1988.25	2630
Iteration: 394	1544	1665	1973.24	2416
Iteration: 395	1544	1679	2004.9	2493
Iteration: 396	1544	1705	1993.77	2527
Iteration: 397	1544	1645	1998.02	2616
Iteration: 398	1544	1701	1981.26	2709
Iteration: 399	1544	1700	1983.69	2411
Iteration: 400	1544	1634	1963.7	2451
Iteration: 401	1544	1656	1976.12	2378
Iteration: 402	1544	1668	1990.95	2592
Iteration: 403	1544	1709	2020.16	2806
Iteration: 404	1544	1667	1990.8	2713
Iteration: 405	1544	1678	1969.8	2440
Iteration: 406	1544	1684	1981.22	2420
Iteration: 407	1544	1659	1979.92	2586
Iteration: 408	1544	1581	1999.22	2499
Iteration: 409	1544	1689	1982.02	2510
Iteration: 410	1544	1664	1972.44	2729
Iteration: 411	1544	1676	2007.74	2811
Iteration: 412	1544	1632	1976.72	2576
Iteration: 413	1544	1671	1999.02	2709
Iteration: 414	1544	1671	1973.27	2473
Iteration: 415	1544	1717	1973.06	2426
Iteration: 416	1544	1692	2012.36	2697
Iteration: 417	1544	1655	1986.9	2573
Iteration: 418	1544	1633	1987.77	2750
Iteration: 419	1544	1657	1976.52	2723
Iteration: 420	1544	1724	2006.85	2511
Iteration: 421	1544	1651	1996.91	2625
Iteration: 422	1544	1622	1973.1	2597
Iteration: 423	1544	1723	1991.84	2527
Iteration: 424	1544	1711	1991.8	2483
Iteration: 425	1544	1647	1995.8	2445
Iteration: 426	1544	1669	1973.83	2565
Iteration: 427	1544	1636	1966.48	2360
Iteration: 428	1544	1710	1995.89	2662
Iteration: 429	1544	1625	2020.9	2517
Iteration: 430	1544	1660	1997.31	2802
Iteration: 431	1544	1718	1965.17	2320
Iteration: 432	1544	1659	1972.4	2367
Iteration: 433	1544	1652	1993.68	2679
Iteration: 434	1544	1638	1997.55	2496
Iteration: 435	1544	1653	2004.99	2659
Iteration: 436	1544	1630	1982.54	2504
Iteration: 437	1544	1726	1967.65	2463
Iteration: 438	1544	1714	1991.32	2429
Iteration: 439	1544	1692	1980	2510
Iteration: 440	1544	1641	1965.12	2396
Iteration: 441	1544	1585	2010.89	2613
Iteration: 442	1544	1676	1983.61	2433
Iteration: 443	1544	1700	1991.64	2632
Iteration: 444	1544	1713	2004.13	2701
Iteration: 445	1544	1655	1987.79	2511
Iteration: 446	1544	1544	1962.77	2617
Iteration: 447	1544	1658	1984.14	2489
Iteration: 448	1544	1682	1989.88	2497
Iteration: 449	1544	1703	1965.64	2459
Iteration: 450	1544	1670	1968.55	2524
Iteration: 451	1544	1559	1974.33	2319
Iteration: 452	1544	1679	1995.45	2626
Iteration: 453	1544	1713	1998.3	2357
Iteration: 454	1544	1672	1981.19	2531
Iteration: 455	1544	1654	2004.08	2629
Iteration: 456	1544	1706	1983.83	2644
Iteration: 457	1544	1588	1976.93	2500
Iteration: 458	1544	1702	2005.11	2999
Iteration: 459	1544	1667	1996.41	2430
Iteration: 460	1544	1638	1967.96	2498
Iteration: 461	1544	1617	1973.45	2670
Iteration: 462	1544	1694	1960.72	2489
Iteration: 463	1544	1663	1983.66	2501
Iteration: 464	1544	1624	2015.97	2490
Iteration: 465	1544	1676	2006.41	2518
Iteration: 466	1544	1688	2003.59	2947
Iteration: 467	1544	1654	1988.51	2535
Iteration: 468	1544	1637	2004.33	2460
Iteration: 469	1544	1593	1976.06	2346
Iteration: 470	1544	1664	1962.02	2613
Iteration: 471	1544	1698	1993.11	2641
Iteration: 472	1544	1715	2028.9	2618
Iteration: 473	1544	1584	1970.17	2498
Iteration: 474	1544	1675	1984.32	2575
Iteration: 475	1544	1637	1997.53	2717
Iteration: 476	1544	1680	1974.51	2481
Iteration: 477	1544	1623	1947.55	2406
Iteration: 478	1544	1684	1972.95	2467
Iteration: 479	1544	1614	1979.18	2731
Iteration: 480	1544	1612	1981.1	2527
Iteration: 481	1544	1676	1989.37	2376
Iteration: 482	1544	1581	1953.01	2332
Iteration: 483	1544	1658	1979.08	2595
Iteration: 484	1544	1645	1976.06	2535
Iteration: 485	1544	1704	2004.53	2664
Iteration: 486	1544	1712	2003.44	2562
Iteration: 487	1544	1634	1978.99	2641
Iteration: 488	1544	1698	1992.21	2542
Iteration: 489	1544	1620	1991.07	2625
Iteration: 490	1544	1660	2003.7	2782
Iteration: 491	1544	1625	1979.33	2666
Iteration: 492	1544	1736	1994.85	2498
Iteration: 493	1544	1615	1980.01	2382
Iteration: 494	1544	1582	1976.19	2708
Iteration: 495	1544	1642	1990.03	2496
Iteration: 496	1544	1630	1963.73	2413
Iteration: 497	1544	1610	1984.95	2519
Iteration: 498	1544	1624	1977.31	2512
Iteration: 499	1544	1593	2009.91	2588
