Iteration: 0	1687	1687	2013.9	2685
Iteration: 1	1687	1687	1972.56	2481
Iteration: 2	1656	1656	1999.18	2579
Iteration: 3	1638	1638	2049.01	2593
Iteration: 4	1638	1724	2046.22	2581
Iteration: 5	1638	1654	2010.86	2767
Iteration: 6	1618	1618	2021.4	2665
Iteration: 7	1618	1705	2000.05	2574
Iteration: 8	1618	1707	2058.59	2575
Iteration: 9	1618	1669	2004.13	2717
Iteration: 10	1618	1695	2039.89	2690
Iteration: 11	1618	1648	1983.04	2536
Iteration: 12	1618	1642	1975.54	2385
Iteration: 13	1604	1604	2037.48	2472
Iteration: 14	1604	1646	1992.41	2445
Iteration: 15	1604	1649	2027.06	2670
Iteration: 16	1604	1621	1991.27	2424
Iteration: 17	1604	1716	2056.71	2618
Iteration: 18	1604	1685	2008.71	2479
Iteration: 19	1604	1706	2006.46	2509
Iteration: 20	1604	1630	1966.55	2484
Iteration: 21	1604	1674	2024.33	2668
Iteration: 22	1604	1694	1991.2	2375
Iteration: 23	1604	1666	2020.15	2636
Iteration: 24	1604	1638	2042.64	2514
Iteration: 25	1604	1728	2039.84	2979
Iteration: 26	1604	1689	1984.55	2653
Iteration: 27	1593	1593	2012.65	2656
Iteration: 28	1593	1685	2017.78	2430
Iteration: 29	1593	1693	2030.22	2630
Iteration: 30	1593	1620	2004.97	2559
Iteration: 31	1593	1686	2008.96	2804
Iteration: 32	1593	1624	1988.76	2468
Iteration: 33	1593	1723	2012	2400
Iteration: 34	1593	1664	2014.35	2643
Iteration: 35	1590	1590	1995.63	2572
Iteration: 36	1590	1677	2014.71	2517
Iteration: 37	1590	1654	1979.28	2506
Iteration: 38	1590	1630	2003.3	2537
Iteration: 39	1590	1706	2009.14	2609
Iteration: 40	1590	1681	1987.25	2530
Iteration: 41	1590	1712	1992.5	2516
Iteration: 42	1590	1665	2011.39	2514
Iteration: 43	1590	1706	2017.96	2522
Iteration: 44	1590	1645	2017.25	2745
Iteration: 45	1590	1697	2041.54	2744
Iteration: 46	1590	1759	2019.95	2809
Iteration: 47	1590	1727	2032.41	2515
Iteration: 48	1590	1731	2033.43	2447
Iteration: 49	1590	1652	1993.03	2416
Iteration: 50	1590	1636	1980.29	2445
Iteration: 51	1590	1703	2044.61	2462
Iteration: 52	1590	1740	2045.83	2896
Iteration: 53	1590	1675	2017.16	2519
Iteration: 54	1590	1621	2003.09	2562
Iteration: 55	1590	1695	2012.21	2438
Iteration: 56	1590	1706	1986.41	2503
Iteration: 57	1590	1717	2022.35	2742
Iteration: 58	1590	1665	2011.43	2588
Iteration: 59	1590	1663	2020.8	2623
Iteration: 60	1590	1635	2003.98	2725
Iteration: 61	1590	1653	2015.66	2638
Iteration: 62	1590	1653	2020.97	2518
Iteration: 63	1590	1613	1971.98	2487
Iteration: 64	1590	1726	2005.98	2526
Iteration: 65	1590	1632	2000.18	2716
Iteration: 66	1590	1708	1991.78	2414
Iteration: 67	1590	1674	2016.6	2805
Iteration: 68	1590	1683	1992.55	2588
Iteration: 69	1590	1704	2021.46	2525
Iteration: 70	1590	1632	2017.45	2599
Iteration: 71	1590	1715	2016.17	2486
Iteration: 72	1590	1695	2019.85	2625
Iteration: 73	1590	1725	2033.41	2553
Iteration: 74	1590	1667	2030.44	2696
Iteration: 75	1590	1678	2024.64	2626
Iteration: 76	1590	1590	1992.3	2502
Iteration: 77	1590	1650	1996.91	2346
Iteration: 78	1590	1665	1988.82	2654
Iteration: 79	1590	1706	2052.56	2699
Iteration: 80	1590	1666	2006.09	2577
Iteration: 81	1590	1633	2017.23	2529
Iteration: 82	1590	1673	2026.01	2529
Iteration: 83	1590	1698	2013.58	2769
Iteration: 84	1590	1621	1989.07	2826
Iteration: 85	1590	1595	1990.2	2382
Iteration: 86	1590	1657	2001.38	2545
Iteration: 87	1590	1689	2020.78	2582
Iteration: 88	1590	1653	2006.82	2494
Iteration: 89	1590	1700	2026.56	2829
Iteration: 90	1590	1676	2012.4	2608
Iteration: 91	1590	1675	2041.93	2619
Iteration: 92	1590	1701	2016.82	2760
Iteration: 93	1590	1687	2025.4	2876
Iteration: 94	1590	1624	2011.5	2464
Iteration: 95	1590	1722	2019.97	2532
Iteration: 96	1590	1644	2019.51	2394
Iteration: 97	1590	1687	2005.95	2468
Iteration: 98	1590	1684	2032.3	2460
Iteration: 99	1590	1640	1966.73	2456
Iteration: 100	1580	1580	2016.74	2952
Iteration: 101	1580	1681	2045.22	2782
Iteration: 102	1580	1689	2036.21	2537
Iteration: 103	1580	1608	2032.68	2669
Iteration: 104	1580	1699	2016.24	2663
Iteration: 105	1580	1683	2008.73	2721
Iteration: 106	1580	1610	1997.48	2767
Iteration: 107	1580	1634	1985.95	2367
Iteration: 108	1580	1742	2010.58	2559
Iteration: 109	1580	1680	2005.5	2541
Iteration: 110	1580	1664	2037.48	2758
Iteration: 111	1580	1657	2031.61	2656
Iteration: 112	1580	1654	2015.24	2732
Iteration: 113	1580	1719	2052.02	2957
Iteration: 114	1580	1668	2024.63	2598
Iteration: 115	1580	1716	2023.82	2721
Iteration: 116	1573	1573	2000.7	2739
Iteration: 117	1573	1628	2041.66	3101
Iteration: 118	1573	1644	2024.69	2572
Iteration: 119	1573	1675	2014.04	2695
Iteration: 120	1573	1648	2013.18	2704
Iteration: 121	1573	1638	2017.42	2552
Iteration: 122	1573	1642	2029.22	2565
Iteration: 123	1573	1706	2027.58	2752
Iteration: 124	1573	1688	2000.5	2566
Iteration: 125	1558	1558	1997.79	2798
Iteration: 126	1558	1656	2026.21	3032
Iteration: 127	1558	1694	2010.36	2580
Iteration: 128	1558	1712	2006.95	2523
Iteration: 129	1558	1624	2013.98	3042
Iteration: 130	1558	1595	2015.8	2438
Iteration: 131	1558	1609	1979.08	2614
Iteration: 132	1558	1673	2024.87	2759
Iteration: 133	1558	1670	2007.71	2409
Iteration: 134	1558	1666	2034.98	2576
Iteration: 135	1558	1603	2004.39	2543
Iteration: 136	1558	1638	1987.96	2534
Iteration: 137	1558	1733	2026.39	2792
Iteration: 138	1558	1697	2032.57	2551
Iteration: 139	1558	1613	2004.58	2825
Iteration: 140	1558	1684	2011.93	2692
Iteration: 141	1558	1653	1993.04	2732
Iteration: 142	1558	1688	1998.5	2873
Iteration: 143	1558	1647	2011.75	2927
Iteration: 144	1558	1619	2031.44	2522
Iteration: 145	1558	1659	2023.13	2522
Iteration: 146	1558	1672	2006.25	2497
Iteration: 147	1558	1700	2000.81	2713
Iteration: 148	1558	1686	2017.61	2532
Iteration: 149	1558	1646	2041.43	2634
Iteration: 150	1558	1689	2025.32	2526
Iteration: 151	1558	1696	2020.52	2679
Iteration: 152	1558	1668	2010.91	2736
Iteration: 153	1558	1747	2025.9	2727
Iteration: 154	1558	1671	2041.24	2793
Iteration: 155	1558	1624	2025.15	2488
Iteration: 156	1558	1706	2003.86	2500
Iteration: 157	1558	1713	2002.47	2451
Iteration: 158	1558	1708	2027.09	2494
Iteration: 159	1558	1659	2029.79	2943
Iteration: 160	1558	1676	2016.31	2539
Iteration: 161	1558	1639	2047.12	3226
Iteration: 162	1558	1688	2040.92	2723
Iteration: 163	1558	1747	2037.98	2944
Iteration: 164	1558	1734	2005.6	2596
Iteration: 165	1558	1725	2011.9	2405
Iteration: 166	1558	1740	2021.54	2737
Iteration: 167	1558	1611	1997.29	2472
Iteration: 168	1558	1589	1966.71	2599
Iteration: 169	1558	1674	2005.02	2827
Iteration: 170	1558	1692	2027.55	2921
Iteration: 171	1558	1696	1994.54	2442
Iteration: 172	1558	1699	2022.51	2786
Iteration: 173	1558	1687	2003.7	2471
Iteration: 174	1558	1626	2013.97	2536
Iteration: 175	1558	1694	2015.45	2525
Iteration: 176	1558	1689	2026.08	2687
Iteration: 177	1558	1717	1998.5	2609
Iteration: 178	1558	1691	2016.02	2541
Iteration: 179	1558	1664	2005.73	2569
Iteration: 180	1558	1692	2029.08	2718
Iteration: 181	1558	1739	2048.36	2492
Iteration: 182	1558	1732	2021.77	2881
Iteration: 183	1558	1647	2005.92	2811
Iteration: 184	1558	1704	2024.39	2655
Iteration: 185	1558	1696	1976.04	2557
Iteration: 186	1558	1690	2055.82	2768
Iteration: 187	1558	1677	2018.08	2738
Iteration: 188	1558	1654	1993.13	2436
Iteration: 189	1558	1649	2013.65	2484
Iteration: 190	1558	1675	2021.5	2828
Iteration: 191	1558	1634	2042.42	2782
Iteration: 192	1558	1591	1991.48	2954
Iteration: 193	1558	1655	2009.32	2857
Iteration: 194	1558	1713	2009.13	3183
Iteration: 195	1558	1625	2007.7	2747
Iteration: 196	1558	1604	2029.53	2575
Iteration: 197	1558	1697	1982.21	2570
Iteration: 198	1558	1625	1994.13	2627
Iteration: 199	1558	1577	1997.99	2587
Iteration: 200	1558	1659	2024.88	2583
Iteration: 201	1558	1592	2063.12	3183
Iteration: 202	1558	1593	2025.1	2570
Iteration: 203	1558	1692	2012.53	2922
Iteration: 204	1558	1686	1996.76	3210
Iteration: 205	1558	1673	2021.98	2700
Iteration: 206	1558	1669	2049.19	2709
Iteration: 207	1558	1655	2002.71	2556
Iteration: 208	1558	1659	1999.56	2469
Iteration: 209	1558	1624	1992.66	2783
Iteration: 210	1558	1682	2022.3	3103
Iteration: 211	1558	1672	2050.86	2613
Iteration: 212	1558	1669	2021.63	2714
Iteration: 213	1558	1736	2019.11	3047
Iteration: 214	1558	1671	2020.11	2596
Iteration: 215	1558	1663	1997.76	2550
Iteration: 216	1558	1615	1994	2558
Iteration: 217	1558	1646	2002.04	2948
Iteration: 218	1558	1725	2020.34	2797
Iteration: 219	1546	1546	2028.4	2857
Iteration: 220	1546	1644	2051.35	2608
Iteration: 221	1546	1656	2027.37	2464
Iteration: 222	1546	1712	2018.2	2592
Iteration: 223	1546	1645	1989.72	2881
Iteration: 224	1546	1683	2005.17	2911
Iteration: 225	1546	1625	1982.31	2633
Iteration: 226	1546	1643	2015.07	2589
Iteration: 227	1546	1651	2015.38	2851
Iteration: 228	1546	1703	1982.23	2468
Iteration: 229	1546	1655	2025.25	2929
Iteration: 230	1546	1682	1988.19	2948
Iteration: 231	1546	1715	2048.2	2931
Iteration: 232	1546	1636	2004.59	2637
Iteration: 233	1546	1717	2026.19	2923
Iteration: 234	1546	1681	2022.47	2988
Iteration: 235	1546	1612	1997.65	2549
Iteration: 236	1546	1643	2004.63	2876
Iteration: 237	1546	1676	1987.12	2858
Iteration: 238	1546	1683	1991.16	2609
Iteration: 239	1546	1634	1976.34	2475
Iteration: 240	1546	1610	1984.53	2693
Iteration: 241	1546	1600	1996.06	2560
Iteration: 242	1546	1658	2016.03	2779
Iteration: 243	1546	1686	2012.26	2641
Iteration: 244	1546	1673	2021.41	2596
Iteration: 245	1546	1719	2002.8	2484
Iteration: 246	1546	1710	2022.98	2859
Iteration: 247	1546	1689	2009.65	2609
Iteration: 248	1546	1703	2005.53	2625
Iteration: 249	1546	1690	2001.67	2496
Iteration: 250	1546	1703	2001.89	2383
Iteration: 251	1546	1732	2040.39	2611
Iteration: 252	1546	1565	1986.7	2502
Iteration: 253	1546	1640	1992.25	2555
Iteration: 254	1546	1666	2022.36	2567
Iteration: 255	1546	1649	2043.52	2765
Iteration: 256	1546	1631	2024.28	2722
Iteration: 257	1546	1676	2049.99	2598
Iteration: 258	1546	1648	1983.06	2578
Iteration: 259	1546	1705	2036.27	2845
Iteration: 260	1546	1665	2034.7	2574
Iteration: 261	1546	1702	2007.39	2583
Iteration: 262	1546	1685	2014.24	2680
Iteration: 263	1546	1679	2001.5	3029
Iteration: 264	1546	1659	2006.58	2624
Iteration: 265	1546	1596	2020.71	3101
Iteration: 266	1546	1707	2006.53	2372
Iteration: 267	1546	1744	2027.52	2534
Iteration: 268	1546	1698	2020.53	2799
Iteration: 269	1546	1735	2006.44	2526
Iteration: 270	1546	1672	2033.84	2799
Iteration: 271	1546	1685	2006.02	3396
Iteration: 272	1546	1708	2009.42	2757
Iteration: 273	1546	1627	2029.08	2886
Iteration: 274	1546	1696	2028.48	2745
Iteration: 275	1546	1715	2040.67	2895
Iteration: 276	1546	1722	2020.12	2613
Iteration: 277	1546	1606	2001.68	2594
Iteration: 278	1546	1619	1989.49	2537
Iteration: 279	1546	1702	2020.79	2665
Iteration: 280	1546	1703	2022.82	2985
Iteration: 281	1546	1662	2040.02	2598
Iteration: 282	1546	1618	2034.14	2646
Iteration: 283	1546	1708	1991.25	2658
Iteration: 284	1546	1674	1989.56	2453
Iteration: 285	1546	1707	1992.6	2555
Iteration: 286	1546	1673	2022.49	2606
Iteration: 287	1546	1700	1987.82	2686
Iteration: 288	1546	1622	2009.2	2541
Iteration: 289	1546	1699	2016.65	2692
Iteration: 290	1546	1597	1984.5	2664
Iteration: 291	1546	1672	2044.13	3178
Iteration: 292	1546	1744	2019.08	2776
Iteration: 293	1546	1589	2014.55	2498
Iteration: 294	1546	1638	2003.1	2758
Iteration: 295	1546	1673	1995.28	2619
Iteration: 296	1546	1573	2026.86	2843
Iteration: 297	1546	1676	2016.2	2812
Iteration: 298	1546	1653	1973.57	2632
Iteration: 299	1546	1663	2011.68	2885
Iteration: 300	1546	1681	2017.43	2763
Iteration: 301	1546	1644	2035.14	2958
Iteration: 302	1546	1620	1990.75	2815
Iteration: 303	1546	1697	2000.62	2421
Iteration: 304	1546	1637	2022.51	2693
Iteration: 305	1546	1744	2027.51	2571
Iteration: 306	1546	1677	2016.51	2707
Iteration: 307	1546	1645	2004.21	2755
Iteration: 308	1546	1658	2000.39	2727
Iteration: 309	1546	1624	2007.89	2575
Iteration: 310	1546	1711	2040.12	2564
Iteration: 311	1546	1715	2026.89	2803
Iteration: 312	1546	1634	2012.37	2630
Iteration: 313	1546	1678	2028.83	2950
Iteration: 314	1546	1629	1976.63	2549
Iteration: 315	1546	1627	2026.33	3043
Iteration: 316	1546	1707	2014.74	2995
Iteration: 317	1546	1703	2015.37	2567
Iteration: 318	1546	1666	2015.8	2561
Iteration: 319	1546	1661	1991.56	2864
Iteration: 320	1546	1726	2045.73	2924
Iteration: 321	1546	1663	1993.84	2411
Iteration: 322	1546	1703	2024.55	2470
Iteration: 323	1546	1609	2002.15	2775
Iteration: 324	1546	1661	2052.19	2825
Iteration: 325	1546	1646	2016.09	2478
Iteration: 326	1546	1747	2008.18	2471
Iteration: 327	1546	1700	2000.17	2594
Iteration: 328	1546	1718	1981.64	2709
Iteration: 329	1546	1559	2009.15	3039
Iteration: 330	1546	1665	2003.31	2536
Iteration: 331	1546	1699	2012.51	2684
Iteration: 332	1546	1637	1999.24	2544
Iteration: 333	1546	1676	2007.3	2640
Iteration: 334	1546	1678	2012.49	2762
Iteration: 335	1546	1699	2045.76	2607
Iteration: 336	1546	1701	2056.28	2884
Iteration: 337	1546	1682	1981.59	2443
Iteration: 338	1546	1628	2005.49	2569
Iteration: 339	1546	1714	1993.08	2622
Iteration: 340	1546	1676	2045	2721
Iteration: 341	1546	1711	2031.8	2862
Iteration: 342	1546	1657	2036.49	2633
Iteration: 343	1546	1651	1994.41	2624
Iteration: 344	1546	1621	2020.93	2593
Iteration: 345	1546	1696	2045.19	2645
Iteration: 346	1546	1649	2045.14	3122
Iteration: 347	1546	1719	2021.16	2731
Iteration: 348	1546	1676	2007.03	2693
Iteration: 349	1546	1632	1997.37	2794
Iteration: 350	1546	1713	2029.79	2573
Iteration: 351	1546	1583	1990.92	2613
Iteration: 352	1546	1732	2014.02	2578
Iteration: 353	1546	1669	2014.4	2828
Iteration: 354	1546	1626	1999.84	2871
Iteration: 355	1546	1687	2025.66	2603
Iteration: 356	1546	1661	2005.69	2590
Iteration: 357	1546	1642	2027.78	2496
Iteration: 358	1546	1629	2000.99	2502
Iteration: 359	1546	1646	2009.16	2588
Iteration: 360	1546	1699	2031.88	2594
Iteration: 361	1546	1667	1999.26	2571
Iteration: 362	1546	1617	2010.22	2605
Iteration: 363	1546	1624	2030.48	2842
Iteration: 364	1546	1689	2013.69	2950
Iteration: 365	1546	1682	2032.48	2679
Iteration: 366	1546	1697	1986.62	2491
Iteration: 367	1546	1724	2004.27	2926
Iteration: 368	1546	1674	2014.76	3062
Iteration: 369	1546	1669	2039.9	2724
Iteration: 370	1546	1774	2047.99	2772
Iteration: 371	1546	1706	2010.68	2632
Iteration: 372	1546	1692	2018.47	2694
Iteration: 373	1546	1621	2033.36	2858
Iteration: 374	1546	1674	2027.32	2619
Iteration: 375	1546	1585	1990.72	2612
Iteration: 376	1546	1703	2016.92	3157
Iteration: 377	1546	1645	2029.04	2703
Iteration: 378	1546	1622	2024.8	2577
Iteration: 379	1546	1597	1975.86	2565
Iteration: 380	1546	1644	2040.08	2754
Iteration: 381	1546	1629	2010.87	2730
Iteration: 382	1546	1688	1979.34	2564
Iteration: 383	1546	1697	2024.05	2533
Iteration: 384	1546	1675	2003.93	2425
Iteration: 385	1546	1667	2066.08	3049
Iteration: 386	1546	1581	2027.16	2687
Iteration: 387	1546	1732	2035.43	2742
Iteration: 388	1546	1605	1993.87	2803
Iteration: 389	1546	1697	2062.02	2871
Iteration: 390	1546	1753	2043.85	2630
Iteration: 391	1546	1668	1994.7	2651
Iteration: 392	1546	1671	2039.72	2886
Iteration: 393	1546	1635	1990.33	2419
Iteration: 394	1546	1659	2021.63	2644
Iteration: 395	1546	1690	2019.46	2939
Iteration: 396	1546	1691	1982.36	2695
Iteration: 397	1546	1632	2022.18	2875
Iteration: 398	1546	1609	2033.06	2603
Iteration: 399	1546	1671	2012	2743
Iteration: 400	1546	1683	2019.16	2697
Iteration: 401	1546	1680	1986.09	2625
Iteration: 402	1546	1725	2002.5	2512
Iteration: 403	1546	1644	2008.22	2622
Iteration: 404	1546	1699	1986.51	2768
Iteration: 405	1546	1666	2027.22	2978
Iteration: 406	1546	1656	2031.45	2804
Iteration: 407	1546	1653	2026.96	2674
Iteration: 408	1546	1692	2031.52	2680
Iteration: 409	1546	1662	1990.41	2585
Iteration: 410	1546	1642	2012.92	2509
Iteration: 411	1546	1702	2007.66	2422
Iteration: 412	1546	1741	2039.36	2557
Iteration: 413	1546	1700	2006.97	2622
Iteration: 414	1546	1684	2058.8	2753
Iteration: 415	1546	1682	2006.31	2468
Iteration: 416	1546	1700	2022.91	2469
Iteration: 417	1546	1666	2045.28	2817
Iteration: 418	1546	1695	2016.08	2696
Iteration: 419	1546	1611	2022.15	2663
Iteration: 420	1546	1616	1970.24	2701
Iteration: 421	1546	1621	2031.2	2493
Iteration: 422	1546	1673	2034.2	2670
Iteration: 423	1546	1692	2040.7	2703
Iteration: 424	1546	1697	1985.04	2342
Iteration: 425	1546	1690	2015.08	2501
Iteration: 426	1546	1575	2020.7	2770
Iteration: 427	1546	1646	1988.74	2583
Iteration: 428	1546	1630	2007.04	2513
Iteration: 429	1546	1712	2036.06	3080
Iteration: 430	1546	1642	2007.28	2609
Iteration: 431	1546	1707	2028.69	2829
Iteration: 432	1546	1600	2011.53	2646
Iteration: 433	1546	1645	2020.98	2627
Iteration: 434	1546	1694	2046.71	2904
Iteration: 435	1546	1671	1976.8	2510
Iteration: 436	1546	1603	2037.31	2837
Iteration: 437	1546	1657	2005.42	2719
Iteration: 438	1546	1678	2000.97	2800
Iteration: 439	1546	1643	2020.05	2766
Iteration: 440	1546	1666	2022.3	2697
Iteration: 441	1546	1600	2004.26	2711
Iteration: 442	1546	1731	2010.72	2770
Iteration: 443	1546	1699	2005.75	2686
Iteration: 444	1546	1653	1994.49	2489
Iteration: 445	1546	1669	2045.13	2832
Iteration: 446	1546	1615	2039.9	2577
Iteration: 447	1546	1593	2005.98	2674
Iteration: 448	1546	1682	2044.52	3471
Iteration: 449	1546	1698	2038.1	2491
Iteration: 450	1546	1719	1997.59	2708
Iteration: 451	1546	1687	2030.8	2712
Iteration: 452	1546	1636	1988.74	2584
Iteration: 453	1546	1623	1963.8	2559
Iteration: 454	1546	1661	2014.16	3049
Iteration: 455	1546	1675	2013.17	2796
Iteration: 456	1546	1704	2010.71	2620
Iteration: 457	1546	1697	2039.05	2745
Iteration: 458	1546	1744	2007.67	2519
Iteration: 459	1546	1645	2002.62	2478
Iteration: 460	1546	1687	2003.84	2480
Iteration: 461	1546	1686	2007.05	2718
Iteration: 462	1546	1664	2036.35	2640
Iteration: 463	1546	1671	2039.3	2588
Iteration: 464	1546	1615	1976.28	2859
Iteration: 465	1546	1598	2008.19	2852
Iteration: 466	1546	1753	1980.78	2494
Iteration: 467	1546	1604	1987.71	2683
Iteration: 468	1546	1665	2030.82	2592
Iteration: 469	1546	1609	1996.32	2843
Iteration: 470	1546	1650	1969.23	2453
Iteration: 471	1546	1690	2022.06	2620
Iteration: 472	1546	1660	1969.03	2327
Iteration: 473	1546	1643	1983.49	2774
Iteration: 474	1546	1656	2005.3	2389
Iteration: 475	1546	1598	1981.15	2535
Iteration: 476	1546	1633	2014.55	2696
Iteration: 477	1546	1710	2037.09	2576
Iteration: 478	1546	1685	2010.57	2597
Iteration: 479	1546	1644	1983.86	2669
Iteration: 480	1546	1648	2035.47	2640
Iteration: 481	1546	1699	2004.81	2683
Iteration: 482	1546	1679	1974.75	2709
Iteration: 483	1546	1702	1994.56	2650
Iteration: 484	1546	1696	2023.14	2664
Iteration: 485	1546	1616	2022.45	2591
Iteration: 486	1546	1668	2038.69	2785
Iteration: 487	1546	1718	2020.47	2645
Iteration: 488	1546	1683	2034.4	2907
Iteration: 489	1546	1657	2007.09	2654
Iteration: 490	1546	1671	2019.5	2927
Iteration: 491	1546	1711	1996.02	2415
Iteration: 492	1546	1660	2008.91	2587
Iteration: 493	1546	1692	1987.16	2580
Iteration: 494	1546	1644	2026.17	2653
Iteration: 495	1546	1655	1989.31	2527
Iteration: 496	1546	1645	2001.05	2551
Iteration: 497	1546	1576	2014.57	2803
Iteration: 498	1546	1697	2024.93	2909
Iteration: 499	1546	1678	2024.6	3088
