Iteration: 0	1668	1668	1989.03	2590
Iteration: 1	1633	1633	1981.56	2360
Iteration: 2	1633	1715	2010.26	2457
Iteration: 3	1633	1749	2071.17	2546
Iteration: 4	1633	1654	2083.65	2813
Iteration: 5	1633	1689	2128.07	2712
Iteration: 6	1633	1724	2088.5	2897
Iteration: 7	1633	1695	2115.34	2755
Iteration: 8	1633	1726	2081.5	2525
Iteration: 9	1633	1716	2137.75	2733
Iteration: 10	1633	1764	2126.08	2616
Iteration: 11	1633	1737	2086.32	2658
Iteration: 12	1633	1686	2132.21	2722
Iteration: 13	1633	1671	2142.39	2886
Iteration: 14	1633	1754	2180.36	2917
Iteration: 15	1633	1807	2168.01	3071
Iteration: 16	1633	1737	2150.66	3003
Iteration: 17	1633	1752	2167.81	3041
Iteration: 18	1633	1772	2216.94	3252
Iteration: 19	1633	1688	2174.31	3150
Iteration: 20	1633	1660	2144.01	2983
Iteration: 21	1633	1718	2111.89	2696
Iteration: 22	1633	1708	2152.46	3023
Iteration: 23	1633	1783	2195.68	3138
Iteration: 24	1633	1772	2180.41	3041
Iteration: 25	1633	1809	2202.21	3228
Iteration: 26	1633	1775	2180.69	2869
Iteration: 27	1633	1733	2157.68	2944
Iteration: 28	1633	1761	2140.46	3082
Iteration: 29	1633	1693	2203.98	2879
Iteration: 30	1633	1762	2136.17	2780
Iteration: 31	1633	1754	2158.31	3540
Iteration: 32	1633	1668	2192.53	3226
Iteration: 33	1633	1751	2174.42	3071
Iteration: 34	1633	1741	2135.35	2818
Iteration: 35	1633	1748	2197.77	2729
Iteration: 36	1633	1752	2164.89	2821
Iteration: 37	1633	1755	2198.01	2864
Iteration: 38	1633	1650	2140.33	2666
Iteration: 39	1633	1643	2176.47	2982
Iteration: 40	1633	1723	2180.37	2914
Iteration: 41	1633	1724	2188.03	3013
Iteration: 42	1633	1755	2141.02	3329
Iteration: 43	1633	1729	2102.33	2753
Iteration: 44	1633	1667	2128.01	2958
Iteration: 45	1633	1772	2125.97	3183
Iteration: 46	1633	1708	2173.18	3056
Iteration: 47	1633	1745	2189.6	3413
Iteration: 48	1633	1731	2168.48	2773
Iteration: 49	1633	1774	2256.67	3136
Iteration: 50	1633	1685	2129.08	3150
Iteration: 51	1633	1705	2157.54	3259
Iteration: 52	1633	1682	2129.67	2859
Iteration: 53	1633	1718	2162.77	2979
Iteration: 54	1633	1730	2182.07	3061
Iteration: 55	1633	1744	2181.39	3022
Iteration: 56	1633	1750	2148.92	2778
Iteration: 57	1633	1684	2165.52	3081
Iteration: 58	1633	1735	2153.24	2911
Iteration: 59	1633	1691	2173.02	2918
Iteration: 60	1633	1728	2126.74	2763
Iteration: 61	1610	1610	2122.76	2939
Iteration: 62	1610	1751	2153.39	3159
Iteration: 63	1610	1639	2152.22	2989
Iteration: 64	1610	1744	2157.92	2956
Iteration: 65	1610	1678	2175.75	3098
Iteration: 66	1610	1788	2156.92	2750
Iteration: 67	1610	1646	2221.22	3506
Iteration: 68	1610	1624	2208.49	3016
Iteration: 69	1610	1661	2124.52	3212
Iteration: 70	1610	1666	2175.64	3151
Iteration: 71	1610	1719	2155.19	3141
Iteration: 72	1610	1706	2141.52	2713
Iteration: 73	1610	1778	2187.06	3036
Iteration: 74	1610	1683	2162.27	3020
Iteration: 75	1610	1703	2130.77	3264
Iteration: 76	1610	1718	2185.86	2955
Iteration: 77	1610	1701	2155.07	3241
Iteration: 78	1610	1738	2205.18	2834
Iteration: 79	1610	1665	2107.13	2939
Iteration: 80	1610	1741	2109.34	3071
Iteration: 81	1610	1743	2188.83	3052
Iteration: 82	1610	1743	2187.01	2797
Iteration: 83	1610	1765	2223.12	3123
Iteration: 84	1610	1753	2222.83	3231
Iteration: 85	1610	1770	2195.59	3114
Iteration: 86	1610	1684	2142.96	2898
Iteration: 87	1610	1727	2168.49	2835
Iteration: 88	1610	1731	2188.33	3326
Iteration: 89	1610	1791	2263.98	2812
Iteration: 90	1610	1730	2214.83	3178
Iteration: 91	1610	1625	2169.06	2728
Iteration: 92	1610	1703	2168.08	2905
Iteration: 93	1610	1773	2127.12	2842
Iteration: 94	1610	1738	2169.98	3005
Iteration: 95	1610	1661	2207.36	3103
Iteration: 96	1610	1720	2150.23	2754
Iteration: 97	1610	1620	2160.43	2983
Iteration: 98	1610	1716	2126.53	2958
Iteration: 99	1610	1690	2201.02	3025
Iteration: 100	1610	1693	2139.66	3008
Iteration: 101	1610	1730	2231.43	3161
Iteration: 102	1594	1594	2162.91	2929
Iteration: 103	1594	1679	2170.02	3191
Iteration: 104	1594	1686	2193.56	2885
Iteration: 105	1594	1657	2137.62	2906
Iteration: 106	1594	1820	2171.07	3227
Iteration: 107	1594	1737	2174.22	2848
Iteration: 108	1594	1665	2157.37	2874
Iteration: 109	1594	1719	2255.15	2891
Iteration: 110	1594	1703	2188.03	2923
Iteration: 111	1594	1721	2158.26	2937
Iteration: 112	1594	1647	2166.8	2967
Iteration: 113	1594	1622	2167.33	2896
Iteration: 114	1594	1676	2161.06	2933
Iteration: 115	1594	1663	2153.7	2909
Iteration: 116	1594	1620	2088.87	2754
Iteration: 117	1594	1735	2155.97	3315
Iteration: 118	1594	1776	2172.7	2955
Iteration: 119	1594	1752	2205.08	2995
Iteration: 120	1594	1699	2193.14	3087
Iteration: 121	1594	1760	2146.15	2804
Iteration: 122	1594	1772	2264.77	3283
Iteration: 123	1594	1670	2188.71	3271
Iteration: 124	1594	1698	2133.77	3055
Iteration: 125	1594	1668	2136.17	2921
Iteration: 126	1594	1683	2122.92	2869
Iteration: 127	1594	1693	2152.77	2990
Iteration: 128	1594	1720	2143.07	2984
Iteration: 129	1594	1753	2158.75	2910
Iteration: 130	1594	1712	2154.94	2891
Iteration: 131	1594	1748	2202.22	3365
Iteration: 132	1594	1675	2162.7	2723
Iteration: 133	1594	1714	2157.49	2977
Iteration: 134	1594	1766	2135.09	3221
Iteration: 135	1594	1639	2159.93	3145
Iteration: 136	1594	1744	2141.15	2757
Iteration: 137	1594	1751	2222.89	2942
Iteration: 138	1594	1788	2194.37	3266
Iteration: 139	1594	1719	2130.81	2815
Iteration: 140	1594	1682	2175.55	2955
Iteration: 141	1594	1608	2135.75	3346
Iteration: 142	1594	1707	2194.03	2879
Iteration: 143	1594	1708	2153.97	3218
Iteration: 144	1594	1742	2160.66	2866
Iteration: 145	1594	1757	2181.7	3226
Iteration: 146	1594	1776	2222.64	2987
Iteration: 147	1594	1678	2191.82	3493
Iteration: 148	1594	1656	2129.9	2822
Iteration: 149	1594	1695	2148.95	2823
Iteration: 150	1594	1651	2158.03	3036
Iteration: 151	1594	1715	2151.38	2816
Iteration: 152	1594	1754	2147.62	3021
Iteration: 153	1594	1689	2121.49	3156
Iteration: 154	1594	1614	2143.24	2867
Iteration: 155	1594	1761	2155.39	3021
Iteration: 156	1594	1711	2153.03	3034
Iteration: 157	1594	1767	2205.2	3096
Iteration: 158	1594	1762	2222.68	3163
Iteration: 159	1594	1685	2171.2	2829
Iteration: 160	1594	1763	2142.22	3004
Iteration: 161	1594	1699	2154.11	2761
Iteration: 162	1594	1635	2194.15	3000
Iteration: 163	1594	1693	2133.97	2880
Iteration: 164	1594	1627	2129.54	2869
Iteration: 165	1594	1692	2169.17	2720
Iteration: 166	1594	1761	2169.55	3170
Iteration: 167	1594	1725	2168.08	3076
Iteration: 168	1594	1755	2139.94	3005
Iteration: 169	1594	1742	2090.66	2810
Iteration: 170	1594	1708	2141.35	2829
Iteration: 171	1594	1668	2151.45	3065
Iteration: 172	1594	1797	2189.09	2810
Iteration: 173	1594	1764	2222.98	3123
Iteration: 174	1594	1753	2197.7	2976
Iteration: 175	1594	1601	2132.68	2966
Iteration: 176	1594	1673	2202.39	3014
Iteration: 177	1594	1681	2171.65	2929
Iteration: 178	1594	1732	2168.55	3165
Iteration: 179	1594	1689	2207.55	2934
Iteration: 180	1594	1677	2097.23	2710
Iteration: 181	1594	1716	2175.03	2960
Iteration: 182	1594	1654	2152.69	3020
Iteration: 183	1594	1768	2184.39	2767
Iteration: 184	1594	1684	2164.98	2873
Iteration: 185	1594	1706	2171.25	3090
Iteration: 186	1594	1711	2164.91	3410
Iteration: 187	1594	1647	2149.89	2720
Iteration: 188	1594	1743	2203.42	3486
Iteration: 189	1594	1714	2173.31	2863
Iteration: 190	1594	1764	2187.73	3402
Iteration: 191	1594	1722	2128.39	3049
Iteration: 192	1594	1712	2141.07	2980
Iteration: 193	1594	1654	2172.44	2937
Iteration: 194	1587	1587	2150.48	2937
Iteration: 195	1587	1733	2175.36	2915
Iteration: 196	1587	1671	2193.28	3266
Iteration: 197	1587	1698	2150.66	2975
Iteration: 198	1587	1679	2129.42	2767
Iteration: 199	1587	1745	2158.08	2845
Iteration: 200	1587	1685	2155.51	2811
Iteration: 201	1587	1706	2199.39	3212
Iteration: 202	1587	1720	2183.45	3143
Iteration: 203	1587	1701	2187.16	3062
Iteration: 204	1587	1661	2180.26	2910
Iteration: 205	1587	1772	2191.6	2942
Iteration: 206	1587	1700	2090.77	2682
Iteration: 207	1587	1759	2147.71	3022
Iteration: 208	1587	1743	2190.93	3368
Iteration: 209	1587	1720	2224.56	3101
Iteration: 210	1587	1801	2188.28	2819
Iteration: 211	1587	1738	2197.67	2906
Iteration: 212	1587	1726	2201.48	3030
Iteration: 213	1587	1740	2125.78	2707
Iteration: 214	1587	1660	2115.88	2991
Iteration: 215	1587	1743	2139.98	2697
Iteration: 216	1587	1802	2146.73	2760
Iteration: 217	1587	1698	2190.79	3004
Iteration: 218	1587	1706	2169.77	2782
Iteration: 219	1587	1745	2142.23	2945
Iteration: 220	1587	1739	2167.14	2687
Iteration: 221	1587	1780	2157.16	2857
Iteration: 222	1587	1708	2184.6	3477
Iteration: 223	1587	1714	2196.32	3136
Iteration: 224	1587	1777	2209.7	3084
Iteration: 225	1587	1696	2177.08	3504
Iteration: 226	1587	1654	2157.16	2769
Iteration: 227	1587	1696	2193.67	3370
Iteration: 228	1587	1795	2187.1	3016
Iteration: 229	1587	1718	2183.9	3105
Iteration: 230	1587	1734	2115.37	2753
Iteration: 231	1587	1688	2094.17	2893
Iteration: 232	1587	1611	2097.13	2868
Iteration: 233	1587	1768	2200.44	2958
Iteration: 234	1587	1743	2158.99	3015
Iteration: 235	1587	1794	2189.46	2941
Iteration: 236	1587	1733	2197.84	2989
Iteration: 237	1587	1682	2210.66	3221
Iteration: 238	1587	1798	2191.67	3118
Iteration: 239	1587	1782	2148.16	2826
Iteration: 240	1587	1689	2140.92	2705
Iteration: 241	1587	1727	2138.31	2837
Iteration: 242	1587	1706	2118.91	2809
Iteration: 243	1587	1725	2151.23	2803
Iteration: 244	1587	1775	2204.35	3012
Iteration: 245	1587	1782	2184.13	2979
Iteration: 246	1587	1792	2206.99	3184
Iteration: 247	1587	1685	2137.79	2710
Iteration: 248	1587	1753	2207.12	3064
Iteration: 249	1587	1691	2220.97	2927
Iteration: 250	1587	1770	2176.9	3240
Iteration: 251	1587	1644	2110.56	2675
Iteration: 252	1587	1724	2106.41	2688
Iteration: 253	1587	1742	2140.71	3558
Iteration: 254	1587	1664	2168.08	2999
Iteration: 255	1587	1664	2152.93	2841
Iteration: 256	1587	1659	2152.37	2851
Iteration: 257	1587	1687	2157.85	2825
Iteration: 258	1587	1773	2167.55	2800
Iteration: 259	1587	1669	2176.57	3106
Iteration: 260	1587	1671	2169.96	3153
Iteration: 261	1587	1726	2113.52	2851
Iteration: 262	1587	1743	2162.44	3179
Iteration: 263	1587	1715	2151.3	2939
Iteration: 264	1587	1756	2205.62	3164
Iteration: 265	1587	1775	2177.67	2880
Iteration: 266	1587	1680	2154.36	2877
Iteration: 267	1587	1766	2141.37	2715
Iteration: 268	1587	1717	2154	3193
Iteration: 269	1587	1785	2179.26	2942
Iteration: 270	1587	1723	2193.93	2918
Iteration: 271	1587	1738	2158.56	2638
Iteration: 272	1587	1670	2148.67	2747
Iteration: 273	1587	1740	2151.5	2748
Iteration: 274	1587	1647	2184.82	2974
Iteration: 275	1587	1679	2124.46	2959
Iteration: 276	1587	1719	2199.31	3090
Iteration: 277	1587	1761	2178.24	3044
Iteration: 278	1587	1677	2156.8	2905
Iteration: 279	1587	1704	2181.24	3219
Iteration: 280	1587	1798	2224.26	2909
Iteration: 281	1587	1703	2124.68	2954
Iteration: 282	1587	1756	2172.71	2953
Iteration: 283	1587	1734	2202.9	2977
Iteration: 284	1587	1756	2207.04	3064
Iteration: 285	1587	1628	2152.33	3165
Iteration: 286	1587	1807	2194.17	2645
Iteration: 287	1587	1721	2200.78	3193
Iteration: 288	1587	1798	2163.83	2762
Iteration: 289	1587	1635	2172.42	2905
Iteration: 290	1587	1667	2201.88	3059
Iteration: 291	1587	1706	2140.53	2938
Iteration: 292	1587	1676	2164.86	3089
Iteration: 293	1587	1764	2161.91	2775
Iteration: 294	1587	1671	2164.87	2722
Iteration: 295	1587	1759	2171.32	3031
Iteration: 296	1587	1587	2134.55	2896
Iteration: 297	1587	1748	2149.15	2780
Iteration: 298	1587	1803	2214.06	2870
Iteration: 299	1587	1680	2180.6	2814
Iteration: 300	1587	1677	2178.16	3366
Iteration: 301	1587	1748	2141.46	2814
Iteration: 302	1587	1788	2184.04	2962
Iteration: 303	1587	1698	2176.45	2970
Iteration: 304	1587	1670	2158.44	3306
Iteration: 305	1587	1735	2149.62	2853
Iteration: 306	1587	1695	2163.05	2808
Iteration: 307	1587	1706	2150.47	3017
Iteration: 308	1587	1678	2110.82	2961
Iteration: 309	1587	1726	2213.6	3280
Iteration: 310	1587	1745	2145.43	2862
Iteration: 311	1587	1640	2154.83	3096
Iteration: 312	1587	1739	2167.57	3185
Iteration: 313	1587	1726	2180.27	2775
Iteration: 314	1587	1748	2190.64	2839
Iteration: 315	1587	1650	2122.75	2669
Iteration: 316	1587	1810	2180.21	2727
Iteration: 317	1587	1728	2172.8	3116
Iteration: 318	1587	1666	2199.25	3302
Iteration: 319	1587	1718	2219.05	2959
Iteration: 320	1587	1662	2119.3	2960
Iteration: 321	1587	1807	2197.23	2859
Iteration: 322	1587	1728	2110.86	3128
Iteration: 323	1587	1760	2134.02	2905
Iteration: 324	1587	1748	2214.66	3526
Iteration: 325	1587	1719	2127.56	2851
Iteration: 326	1587	1662	2174.56	3050
Iteration: 327	1587	1726	2124.65	2748
Iteration: 328	1587	1707	2174.88	2799
Iteration: 329	1587	1674	2232.32	3241
Iteration: 330	1587	1733	2148.65	2932
Iteration: 331	1587	1798	2179.86	2992
Iteration: 332	1587	1692	2122.44	3384
Iteration: 333	1587	1705	2216.44	3200
Iteration: 334	1587	1762	2139.52	2753
Iteration: 335	1587	1682	2179.06	3082
Iteration: 336	1587	1690	2141.3	3004
Iteration: 337	1587	1628	2169.71	2941
Iteration: 338	1587	1607	2123.44	3105
Iteration: 339	1587	1730	2133.08	2990
Iteration: 340	1587	1657	2219.51	3209
Iteration: 341	1587	1640	2086.67	2650
Iteration: 342	1587	1804	2214.41	3103
Iteration: 343	1587	1748	2180.74	2901
Iteration: 344	1587	1729	2191.23	3014
Iteration: 345	1587	1746	2169.62	3125
Iteration: 346	1587	1611	2121.79	2781
Iteration: 347	1587	1703	2274.54	3043
Iteration: 348	1587	1692	2167.23	3059
Iteration: 349	1587	1733	2192.45	2863
Iteration: 350	1587	1730	2147.4	2964
Iteration: 351	1587	1788	2154.79	2974
Iteration: 352	1587	1740	2177.93	2928
Iteration: 353	1587	1784	2166.49	3120
Iteration: 354	1587	1761	2173.19	2931
Iteration: 355	1587	1627	2186.16	2967
Iteration: 356	1587	1709	2155.01	2883
Iteration: 357	1587	1704	2180.8	2981
Iteration: 358	1587	1725	2206.69	3256
Iteration: 359	1587	1686	2150.15	2958
Iteration: 360	1587	1701	2193.12	2887
Iteration: 361	1587	1693	2120.33	3106
Iteration: 362	1587	1702	2132.55	2868
Iteration: 363	1587	1741	2157.59	2838
Iteration: 364	1587	1811	2201.16	3046
Iteration: 365	1587	1654	2130.71	2927
Iteration: 366	1587	1692	2177.91	2940
Iteration: 367	1587	1746	2158.81	2939
Iteration: 368	1587	1746	2197.5	3043
Iteration: 369	1587	1711	2226.47	3370
Iteration: 370	1587	1755	2184.68	3180
Iteration: 371	1587	1706	2183.64	2773
Iteration: 372	1587	1732	2154.61	2952
Iteration: 373	1587	1749	2156.01	2826
Iteration: 374	1587	1639	2201.42	3039
Iteration: 375	1587	1708	2117.52	2568
Iteration: 376	1587	1672	2146.87	3265
Iteration: 377	1587	1713	2169.62	2951
Iteration: 378	1587	1759	2164	2910
Iteration: 379	1587	1703	2186.27	3021
Iteration: 380	1587	1730	2168.42	3061
Iteration: 381	1587	1646	2229.4	2950
Iteration: 382	1587	1729	2142.81	3043
Iteration: 383	1587	1674	2203.51	3309
Iteration: 384	1587	1797	2232.19	3143
Iteration: 385	1587	1721	2123.95	2924
Iteration: 386	1587	1757	2163.01	2866
Iteration: 387	1587	1682	2173.87	2790
Iteration: 388	1587	1738	2184.27	3143
Iteration: 389	1587	1784	2175.42	2709
Iteration: 390	1587	1746	2139.45	2856
Iteration: 391	1587	1736	2160.01	3124
Iteration: 392	1587	1732	2202.48	3066
Iteration: 393	1587	1705	2182.49	3487
Iteration: 394	1587	1713	2155.73	2868
Iteration: 395	1587	1641	2129.91	2851
Iteration: 396	1587	1748	2175.79	3008
Iteration: 397	1587	1687	2165.11	2975
Iteration: 398	1587	1684	2154.15	2707
Iteration: 399	1587	1711	2176.04	2844
Iteration: 400	1587	1726	2114.43	2922
Iteration: 401	1587	1662	2180.34	3226
Iteration: 402	1587	1729	2132.89	2850
Iteration: 403	1587	1674	2170.22	3170
Iteration: 404	1587	1744	2179.62	3301
Iteration: 405	1587	1732	2138.9	2981
Iteration: 406	1587	1692	2226.78	2891
Iteration: 407	1587	1725	2209.45	2834
Iteration: 408	1587	1786	2153.47	2908
Iteration: 409	1587	1645	2189.57	3011
Iteration: 410	1587	1712	2156.3	3076
Iteration: 411	1587	1619	2093.28	3085
Iteration: 412	1587	1703	2134.43	2885
Iteration: 413	1587	1710	2166.82	2876
Iteration: 414	1587	1778	2197.58	3115
Iteration: 415	1587	1733	2163.44	2856
Iteration: 416	1587	1651	2128.49	2994
Iteration: 417	1587	1747	2173.51	3498
Iteration: 418	1587	1713	2202.79	3297
Iteration: 419	1587	1783	2152.41	2919
Iteration: 420	1587	1639	2140.28	2820
Iteration: 421	1587	1650	2168.06	3376
Iteration: 422	1587	1617	2159.3	3110
Iteration: 423	1587	1814	2200.09	3379
Iteration: 424	1587	1689	2110.73	3079
Iteration: 425	1587	1696	2222.74	2920
Iteration: 426	1587	1774	2144.83	2926
Iteration: 427	1587	1756	2132.85	2988
Iteration: 428	1587	1686	2153.75	3042
Iteration: 429	1587	1633	2149.97	2681
Iteration: 430	1587	1799	2166.67	3252
Iteration: 431	1587	1782	2136.08	2757
Iteration: 432	1587	1703	2203.56	3197
Iteration: 433	1587	1615	2165.56	2866
Iteration: 434	1587	1764	2202.85	2933
Iteration: 435	1587	1758	2148.38	2866
Iteration: 436	1587	1688	2235.18	2914
Iteration: 437	1587	1706	2139.8	2860
Iteration: 438	1587	1690	2158.37	2833
Iteration: 439	1587	1722	2151.3	2858
Iteration: 440	1587	1752	2172.72	2863
Iteration: 441	1587	1717	2181.4	2980
Iteration: 442	1587	1720	2179.66	3201
Iteration: 443	1587	1707	2169.46	2916
Iteration: 444	1587	1752	2152.41	2766
Iteration: 445	1587	1745	2181.92	2917
Iteration: 446	1587	1793	2143.42	2809
Iteration: 447	1587	1715	2120.11	2662
Iteration: 448	1587	1683	2160.25	3174
Iteration: 449	1587	1694	2176.33	3168
Iteration: 450	1587	1644	2163.45	3123
Iteration: 451	1587	1707	2100.22	2583
Iteration: 452	1587	1757	2156.6	3086
Iteration: 453	1587	1695	2187.5	2925
Iteration: 454	1587	1716	2163.58	3331
Iteration: 455	1587	1703	2162.3	2946
Iteration: 456	1587	1768	2178.96	2977
Iteration: 457	1587	1739	2219.29	2959
Iteration: 458	1587	1698	2188.3	3138
Iteration: 459	1587	1751	2171.79	2962
Iteration: 460	1587	1800	2174.62	2937
Iteration: 461	1587	1726	2150.77	2871
Iteration: 462	1587	1733	2233.15	3231
Iteration: 463	1587	1701	2151.35	3396
Iteration: 464	1587	1649	2155.82	2656
Iteration: 465	1587	1763	2162.65	3023
Iteration: 466	1587	1691	2119.93	2778
Iteration: 467	1587	1760	2174.35	2808
Iteration: 468	1587	1713	2183.66	3034
Iteration: 469	1587	1681	2182.11	3143
Iteration: 470	1587	1715	2122.05	3074
Iteration: 471	1587	1763	2171.87	3254
Iteration: 472	1587	1734	2121.54	2651
Iteration: 473	1587	1744	2171.14	3578
Iteration: 474	1587	1712	2151.63	2998
Iteration: 475	1587	1610	2126.69	2913
Iteration: 476	1587	1676	2151.98	2677
Iteration: 477	1587	1644	2129.22	2983
Iteration: 478	1587	1724	2209.8	3427
Iteration: 479	1587	1705	2209.04	3264
Iteration: 480	1587	1712	2172.68	3017
Iteration: 481	1587	1713	2168.55	2790
Iteration: 482	1587	1716	2176.91	2976
Iteration: 483	1587	1611	2175.68	2847
Iteration: 484	1587	1758	2191.73	3165
Iteration: 485	1587	1627	2217.83	2934
Iteration: 486	1587	1745	2146.46	2891
Iteration: 487	1587	1776	2198.93	3160
Iteration: 488	1587	1700	2144.62	2951
Iteration: 489	1587	1735	2154.51	2882
Iteration: 490	1587	1722	2160.98	2831
Iteration: 491	1587	1774	2204.68	2859
Iteration: 492	1587	1637	2145.06	2755
Iteration: 493	1587	1708	2168.14	2694
Iteration: 494	1587	1722	2135.37	2657
Iteration: 495	1587	1689	2201	2936
Iteration: 496	1587	1750	2200.24	3073
Iteration: 497	1587	1665	2156.07	2964
Iteration: 498	1587	1778	2191.27	2929
Iteration: 499	1587	1661	2171.92	3153
