Iteration: 0	1687	1687	2013.9	2685
Iteration: 1	1687	1687	1972.56	2481
Iteration: 2	1687	1749	2026.74	2497
Iteration: 3	1687	1721	2052.46	2534
Iteration: 4	1687	1719	2090.04	2672
Iteration: 5	1658	1658	2131.37	2975
Iteration: 6	1611	1611	2087.87	2629
Iteration: 7	1611	1730	2126.61	2552
Iteration: 8	1611	1665	2093.08	2888
Iteration: 9	1611	1705	2157.56	2836
Iteration: 10	1611	1735	2094.91	2600
Iteration: 11	1611	1707	2119.15	2843
Iteration: 12	1611	1709	2105.47	2749
Iteration: 13	1611	1724	2152.86	3058
Iteration: 14	1611	1626	2128.26	2824
Iteration: 15	1611	1771	2125.44	3114
Iteration: 16	1611	1694	2166.59	2990
Iteration: 17	1611	1688	2175.22	2930
Iteration: 18	1611	1775	2159.01	2990
Iteration: 19	1596	1596	2204.99	2992
Iteration: 20	1596	1768	2186.35	3429
Iteration: 21	1596	1740	2117.95	2757
Iteration: 22	1596	1810	2165.29	2908
Iteration: 23	1596	1691	2103.01	2616
Iteration: 24	1596	1742	2145.97	2879
Iteration: 25	1596	1672	2157.82	2781
Iteration: 26	1596	1677	2239.14	3137
Iteration: 27	1596	1766	2162.03	3150
Iteration: 28	1596	1773	2144.68	2833
Iteration: 29	1596	1766	2128.86	2762
Iteration: 30	1596	1715	2170.18	2763
Iteration: 31	1596	1698	2138.23	2948
Iteration: 32	1596	1639	2139.06	2835
Iteration: 33	1596	1743	2111.11	2968
Iteration: 34	1596	1755	2151.4	2750
Iteration: 35	1596	1832	2240.18	3045
Iteration: 36	1596	1624	2138.92	3187
Iteration: 37	1596	1673	2143.57	2860
Iteration: 38	1596	1859	2166.24	3035
Iteration: 39	1596	1730	2127.12	2696
Iteration: 40	1596	1676	2205.88	3413
Iteration: 41	1596	1715	2148.83	2832
Iteration: 42	1596	1647	2151.04	2739
Iteration: 43	1596	1764	2180.24	3230
Iteration: 44	1596	1815	2178.43	3091
Iteration: 45	1596	1700	2155.86	2895
Iteration: 46	1596	1652	2210.48	3178
Iteration: 47	1596	1682	2131.17	2816
Iteration: 48	1596	1758	2122.95	2908
Iteration: 49	1596	1733	2153.55	3127
Iteration: 50	1596	1796	2193.91	3190
Iteration: 51	1596	1673	2174.88	3027
Iteration: 52	1596	1766	2149.88	2673
Iteration: 53	1596	1753	2177.33	2831
Iteration: 54	1596	1672	2146.93	2819
Iteration: 55	1596	1679	2197.69	2916
Iteration: 56	1596	1783	2171.04	3135
Iteration: 57	1596	1701	2164.91	2857
Iteration: 58	1596	1714	2185.19	2802
Iteration: 59	1596	1754	2182.01	3286
Iteration: 60	1596	1719	2226.53	3321
Iteration: 61	1596	1735	2166.67	2835
Iteration: 62	1596	1711	2164.84	2661
Iteration: 63	1596	1686	2152.58	2845
Iteration: 64	1596	1788	2221.64	2783
Iteration: 65	1596	1714	2186.71	2968
Iteration: 66	1596	1665	2155.03	2994
Iteration: 67	1596	1730	2201.12	3073
Iteration: 68	1596	1718	2206.84	3316
Iteration: 69	1596	1713	2160.58	2869
Iteration: 70	1596	1727	2102.57	2804
Iteration: 71	1596	1748	2144.22	2963
Iteration: 72	1596	1763	2208.35	3086
Iteration: 73	1596	1654	2117.55	2788
Iteration: 74	1596	1657	2141.89	3193
Iteration: 75	1596	1734	2231.87	3003
Iteration: 76	1596	1743	2140.6	3028
Iteration: 77	1596	1772	2148.05	2926
Iteration: 78	1596	1722	2193.57	2949
Iteration: 79	1596	1643	2131.58	2878
Iteration: 80	1596	1692	2192.86	3242
Iteration: 81	1596	1668	2121.39	2771
Iteration: 82	1596	1655	2218.29	3116
Iteration: 83	1596	1736	2184.45	3325
Iteration: 84	1596	1731	2240.78	2908
Iteration: 85	1596	1769	2158.79	2884
Iteration: 86	1596	1735	2187.82	3165
Iteration: 87	1596	1707	2132.58	2936
Iteration: 88	1596	1687	2148.73	3025
Iteration: 89	1596	1644	2174.58	3129
Iteration: 90	1596	1728	2170.4	2858
Iteration: 91	1596	1747	2147.62	2778
Iteration: 92	1596	1732	2158.84	2876
Iteration: 93	1596	1745	2213.11	2708
Iteration: 94	1596	1689	2171.5	2939
Iteration: 95	1596	1736	2150.72	2947
Iteration: 96	1596	1681	2201.85	2939
Iteration: 97	1596	1762	2215.08	3055
Iteration: 98	1596	1652	2133.99	2682
Iteration: 99	1596	1708	2099.11	2694
Iteration: 100	1596	1735	2185.85	3298
Iteration: 101	1596	1744	2150.59	2853
Iteration: 102	1596	1665	2224.54	2983
Iteration: 103	1596	1705	2202.27	3269
Iteration: 104	1596	1692	2148.55	2748
Iteration: 105	1596	1649	2152.07	3267
Iteration: 106	1596	1766	2162.28	2875
Iteration: 107	1596	1746	2151.45	3153
Iteration: 108	1596	1680	2125.35	2925
Iteration: 109	1596	1696	2164.19	2951
Iteration: 110	1596	1673	2141.93	2794
Iteration: 111	1596	1672	2124.07	2839
Iteration: 112	1596	1694	2192.53	2958
Iteration: 113	1569	1569	2153.15	2997
Iteration: 114	1569	1787	2170.06	2802
Iteration: 115	1569	1733	2196.76	2926
Iteration: 116	1569	1630	2143.86	3160
Iteration: 117	1569	1737	2183.43	2883
Iteration: 118	1569	1646	2149.7	3238
Iteration: 119	1569	1624	2187.13	3313
Iteration: 120	1569	1730	2142.36	2888
Iteration: 121	1569	1718	2174.52	2928
Iteration: 122	1569	1647	2154.64	2982
Iteration: 123	1569	1724	2133.84	2679
Iteration: 124	1569	1742	2108.75	2667
Iteration: 125	1569	1688	2228.02	3027
Iteration: 126	1569	1725	2190.66	3222
Iteration: 127	1569	1754	2197.27	2962
Iteration: 128	1569	1684	2164.4	3234
Iteration: 129	1569	1728	2145.89	2998
Iteration: 130	1569	1682	2209.99	2909
Iteration: 131	1569	1763	2102.46	2691
Iteration: 132	1569	1697	2216.38	3022
Iteration: 133	1569	1703	2119.47	3201
Iteration: 134	1569	1765	2160.72	2599
Iteration: 135	1569	1756	2205.94	2957
Iteration: 136	1569	1694	2094.65	2786
Iteration: 137	1569	1757	2178.16	3020
Iteration: 138	1569	1725	2159.89	2887
Iteration: 139	1569	1751	2213.98	3265
Iteration: 140	1569	1685	2140.88	2756
Iteration: 141	1569	1663	2186.54	2772
Iteration: 142	1569	1771	2195.55	3137
Iteration: 143	1569	1758	2155.98	2933
Iteration: 144	1569	1619	2164.96	3008
Iteration: 145	1569	1681	2187.79	3601
Iteration: 146	1569	1767	2170.13	2970
Iteration: 147	1569	1708	2135.01	2731
Iteration: 148	1569	1739	2161.47	3192
Iteration: 149	1569	1677	2115.28	3177
Iteration: 150	1569	1633	2188.03	2941
Iteration: 151	1561	1561	2147.71	3043
Iteration: 152	1561	1712	2189.38	2885
Iteration: 153	1561	1701	2152.75	2978
Iteration: 154	1561	1642	2160.87	3216
Iteration: 155	1561	1710	2221.96	3046
Iteration: 156	1561	1708	2178.73	3205
Iteration: 157	1561	1725	2204.29	3054
Iteration: 158	1561	1813	2249.09	3000
Iteration: 159	1561	1760	2126.33	2883
Iteration: 160	1561	1743	2157.46	3184
Iteration: 161	1561	1746	2153.46	3043
Iteration: 162	1561	1687	2113.52	3229
Iteration: 163	1561	1747	2152.76	3236
Iteration: 164	1561	1770	2171.14	2906
Iteration: 165	1561	1663	2148.34	3086
Iteration: 166	1561	1725	2152.94	2921
Iteration: 167	1561	1635	2179.27	2931
Iteration: 168	1561	1670	2242.24	3128
Iteration: 169	1561	1617	2171.05	3169
Iteration: 170	1561	1617	2177.09	3152
Iteration: 171	1561	1668	2103.13	3020
Iteration: 172	1561	1741	2159.08	2738
Iteration: 173	1561	1745	2154.04	2939
Iteration: 174	1561	1765	2181.56	2800
Iteration: 175	1551	1551	2223.74	3808
Iteration: 176	1551	1714	2171.39	3576
Iteration: 177	1551	1745	2170.32	3062
Iteration: 178	1551	1644	2097.84	2852
Iteration: 179	1551	1719	2215.47	3231
Iteration: 180	1551	1754	2179.38	2804
Iteration: 181	1551	1751	2107.97	2860
Iteration: 182	1551	1770	2134.38	2875
Iteration: 183	1551	1712	2147.34	2936
Iteration: 184	1551	1614	2147.15	3052
Iteration: 185	1551	1716	2180.55	2965
Iteration: 186	1551	1724	2149.58	2797
Iteration: 187	1551	1696	2171.75	2783
Iteration: 188	1551	1751	2182.48	2749
Iteration: 189	1551	1669	2182.57	2955
Iteration: 190	1551	1708	2154.29	2673
Iteration: 191	1551	1620	2185.82	3071
Iteration: 192	1551	1748	2165.3	3054
Iteration: 193	1551	1776	2162.35	2959
Iteration: 194	1551	1704	2168.22	2886
Iteration: 195	1551	1657	2211.69	2857
Iteration: 196	1551	1669	2128.67	3112
Iteration: 197	1551	1748	2128.15	2782
Iteration: 198	1551	1743	2204.69	3269
Iteration: 199	1551	1751	2137.96	2812
Iteration: 200	1551	1589	2151.03	3389
Iteration: 201	1551	1760	2164.26	2856
Iteration: 202	1551	1742	2158.56	3017
Iteration: 203	1551	1703	2185.31	3071
Iteration: 204	1551	1567	2207.85	2860
Iteration: 205	1551	1753	2231.78	3279
Iteration: 206	1551	1673	2144.53	3024
Iteration: 207	1551	1746	2172.31	2917
Iteration: 208	1551	1660	2206.15	3079
Iteration: 209	1551	1756	2160.5	2970
Iteration: 210	1551	1663	2148.81	2908
Iteration: 211	1551	1770	2221.96	3194
Iteration: 212	1551	1693	2159.55	3141
Iteration: 213	1551	1754	2156.84	2674
Iteration: 214	1551	1698	2146.44	3185
Iteration: 215	1551	1751	2149.35	3072
Iteration: 216	1551	1669	2160.23	3063
Iteration: 217	1551	1716	2182.48	3404
Iteration: 218	1551	1627	2112.33	2730
Iteration: 219	1551	1801	2216.17	2947
Iteration: 220	1551	1821	2190.41	3004
Iteration: 221	1551	1777	2153.39	3267
Iteration: 222	1551	1627	2142.55	2871
Iteration: 223	1551	1718	2164.66	2993
Iteration: 224	1551	1654	2171.13	3000
Iteration: 225	1551	1741	2182.77	3054
Iteration: 226	1551	1764	2194.73	2912
Iteration: 227	1551	1741	2208.76	3078
Iteration: 228	1551	1707	2164.79	3089
Iteration: 229	1551	1689	2099.22	2909
Iteration: 230	1551	1681	2171.75	3198
Iteration: 231	1551	1737	2165.6	3022
Iteration: 232	1551	1779	2161.9	3178
Iteration: 233	1551	1728	2200.91	3026
Iteration: 234	1551	1715	2279.14	2999
Iteration: 235	1551	1733	2119.23	2839
Iteration: 236	1551	1744	2160.7	2921
Iteration: 237	1551	1670	2136.68	2770
Iteration: 238	1551	1676	2139.78	3343
Iteration: 239	1551	1689	2204.67	2916
Iteration: 240	1551	1624	2204.01	3112
Iteration: 241	1551	1673	2134.98	2891
Iteration: 242	1551	1682	2204.55	3154
Iteration: 243	1551	1665	2132.45	2896
Iteration: 244	1551	1704	2165.98	2981
Iteration: 245	1551	1784	2162.87	2959
Iteration: 246	1551	1652	2130.3	3350
Iteration: 247	1551	1700	2168.99	2940
Iteration: 248	1551	1732	2160.32	3127
Iteration: 249	1551	1699	2208.86	3217
Iteration: 250	1551	1780	2143.46	2895
Iteration: 251	1551	1741	2131.5	2980
Iteration: 252	1551	1691	2148.23	3006
Iteration: 253	1551	1742	2187.48	2843
Iteration: 254	1551	1764	2164.4	3036
Iteration: 255	1551	1785	2124.03	2734
Iteration: 256	1551	1649	2185.02	3344
Iteration: 257	1551	1683	2155.45	2999
Iteration: 258	1551	1706	2216.7	2787
Iteration: 259	1551	1714	2138.82	2891
Iteration: 260	1551	1690	2156.46	3150
Iteration: 261	1551	1665	2161.27	2880
Iteration: 262	1551	1673	2168.65	3026
Iteration: 263	1551	1647	2233.03	3152
Iteration: 264	1551	1744	2181.29	3019
Iteration: 265	1551	1706	2152.67	3019
Iteration: 266	1551	1590	2112.21	2659
Iteration: 267	1551	1708	2209.51	2879
Iteration: 268	1551	1780	2174.3	2935
Iteration: 269	1551	1608	2105.38	3353
Iteration: 270	1551	1784	2174.85	2781
Iteration: 271	1551	1683	2143	2849
Iteration: 272	1551	1678	2236.28	3138
Iteration: 273	1551	1663	2164.68	3159
Iteration: 274	1551	1728	2189.04	3021
Iteration: 275	1551	1709	2172.21	2906
Iteration: 276	1551	1713	2147.77	2867
Iteration: 277	1551	1694	2150.59	2876
Iteration: 278	1551	1717	2131.44	2926
Iteration: 279	1551	1675	2197.46	3223
Iteration: 280	1551	1792	2222.52	3146
Iteration: 281	1551	1687	2123.79	3416
Iteration: 282	1551	1725	2109.23	2939
Iteration: 283	1551	1824	2210.57	2847
Iteration: 284	1551	1702	2144.14	2902
Iteration: 285	1551	1774	2183.04	3069
Iteration: 286	1551	1717	2159.69	2861
Iteration: 287	1551	1782	2198.72	2807
Iteration: 288	1551	1703	2147.57	3125
Iteration: 289	1551	1737	2158.06	3006
Iteration: 290	1551	1727	2185.98	3112
Iteration: 291	1551	1754	2204.22	2961
Iteration: 292	1551	1664	2117.78	2792
Iteration: 293	1551	1654	2146.11	2931
Iteration: 294	1551	1697	2179.98	3006
Iteration: 295	1551	1719	2177.65	2907
Iteration: 296	1551	1788	2220.95	3140
Iteration: 297	1551	1766	2165.48	2750
Iteration: 298	1551	1736	2159.03	2930
Iteration: 299	1551	1770	2149.11	2808
Iteration: 300	1551	1719	2210.25	3256
Iteration: 301	1551	1758	2191.07	3067
Iteration: 302	1551	1720	2138.37	2941
Iteration: 303	1551	1767	2198.74	2876
Iteration: 304	1551	1755	2219.67	3240
Iteration: 305	1551	1710	2147.93	3444
Iteration: 306	1551	1705	2152.83	2684
Iteration: 307	1551	1738	2162.18	2930
Iteration: 308	1551	1699	2116.49	2824
Iteration: 309	1551	1755	2239.5	3495
Iteration: 310	1551	1721	2173.55	3156
Iteration: 311	1551	1680	2156.6	2928
Iteration: 312	1551	1660	2179.84	2876
Iteration: 313	1551	1745	2135.27	2899
Iteration: 314	1551	1713	2193.47	2836
Iteration: 315	1551	1754	2178.78	3028
Iteration: 316	1551	1746	2199.73	3086
Iteration: 317	1551	1714	2134.1	2784
Iteration: 318	1551	1662	2154.46	2806
Iteration: 319	1551	1571	2176.16	3096
Iteration: 320	1551	1707	2204.32	2758
Iteration: 321	1551	1824	2190.22	2754
Iteration: 322	1551	1789	2166.08	2817
Iteration: 323	1551	1680	2169.05	2896
Iteration: 324	1551	1709	2152.15	3295
Iteration: 325	1551	1742	2202.94	3407
Iteration: 326	1551	1756	2168.87	3127
Iteration: 327	1551	1782	2136.79	2922
Iteration: 328	1551	1716	2243.77	3250
Iteration: 329	1551	1678	2142.35	2886
Iteration: 330	1551	1689	2149.59	2976
Iteration: 331	1551	1686	2130.18	3204
Iteration: 332	1551	1789	2168.56	2659
Iteration: 333	1551	1739	2148.03	2628
Iteration: 334	1551	1680	2170.76	2916
Iteration: 335	1551	1773	2202.77	2985
Iteration: 336	1551	1729	2145.78	2877
Iteration: 337	1551	1669	2169.48	3172
Iteration: 338	1551	1731	2184.88	3048
Iteration: 339	1551	1807	2159.14	2966
Iteration: 340	1551	1622	2199.12	3099
Iteration: 341	1551	1742	2148.89	2824
Iteration: 342	1551	1727	2196.97	3016
Iteration: 343	1551	1728	2140.88	2939
Iteration: 344	1551	1740	2179.77	3022
Iteration: 345	1551	1677	2150.03	2954
Iteration: 346	1551	1760	2191.32	2937
Iteration: 347	1551	1802	2184.67	3016
Iteration: 348	1551	1764	2157.86	2926
Iteration: 349	1551	1695	2191.84	3335
Iteration: 350	1551	1722	2151.7	3123
Iteration: 351	1551	1757	2181.48	2816
Iteration: 352	1551	1733	2163	3047
Iteration: 353	1551	1719	2180.69	2845
Iteration: 354	1551	1666	2157	2825
Iteration: 355	1551	1776	2179.88	3369
Iteration: 356	1551	1664	2172.71	3031
Iteration: 357	1551	1704	2166.57	2903
Iteration: 358	1551	1679	2174.98	3096
Iteration: 359	1551	1722	2130.16	2741
Iteration: 360	1551	1685	2161.43	2909
Iteration: 361	1551	1682	2125.16	3005
Iteration: 362	1551	1732	2210.48	2836
Iteration: 363	1551	1730	2174.68	3368
Iteration: 364	1551	1745	2168.21	3071
Iteration: 365	1551	1657	2160.18	3068
Iteration: 366	1551	1725	2153.46	2842
Iteration: 367	1551	1732	2191.65	2996
Iteration: 368	1551	1784	2127.92	2872
Iteration: 369	1551	1672	2199.79	3547
Iteration: 370	1551	1743	2203.39	3076
Iteration: 371	1551	1762	2156.73	3059
Iteration: 372	1551	1697	2145.42	3030
Iteration: 373	1551	1566	2186.9	2892
Iteration: 374	1551	1734	2199.43	2961
Iteration: 375	1551	1709	2148.31	2760
Iteration: 376	1551	1743	2161.93	2933
Iteration: 377	1551	1768	2158.22	3115
Iteration: 378	1551	1761	2197.06	3054
Iteration: 379	1551	1724	2194.47	2980
Iteration: 380	1551	1621	2224.88	3036
Iteration: 381	1551	1731	2091.82	2942
Iteration: 382	1551	1751	2169.46	2972
Iteration: 383	1551	1635	2164.05	3085
Iteration: 384	1551	1710	2129.82	2611
Iteration: 385	1551	1699	2098.46	2841
Iteration: 386	1551	1656	2183.38	2843
Iteration: 387	1551	1721	2178.52	2842
Iteration: 388	1551	1757	2153.29	3000
Iteration: 389	1551	1703	2166.93	3298
Iteration: 390	1551	1678	2183.44	3497
Iteration: 391	1551	1732	2185.89	2881
Iteration: 392	1551	1729	2111.71	2860
Iteration: 393	1551	1596	2201.5	2810
Iteration: 394	1551	1740	2133.28	2811
Iteration: 395	1551	1717	2141.03	2946
Iteration: 396	1551	1611	2117.91	2903
Iteration: 397	1551	1788	2166.14	3012
Iteration: 398	1551	1746	2146.92	2866
Iteration: 399	1551	1682	2210.98	2990
Iteration: 400	1551	1771	2200.92	3045
Iteration: 401	1551	1669	2225.4	2850
Iteration: 402	1551	1775	2171.8	2801
Iteration: 403	1551	1765	2140.08	2939
Iteration: 404	1551	1733	2158.85	3332
Iteration: 405	1551	1671	2169.51	2860
Iteration: 406	1551	1792	2171.97	3028
Iteration: 407	1551	1676	2201.84	3575
Iteration: 408	1551	1676	2187.45	3191
Iteration: 409	1551	1763	2204.49	2926
Iteration: 410	1551	1724	2116.19	2971
Iteration: 411	1551	1793	2124.49	2752
Iteration: 412	1551	1751	2175.65	2922
Iteration: 413	1551	1728	2167.77	2910
Iteration: 414	1551	1699	2108.99	2816
Iteration: 415	1551	1660	2102.31	2796
Iteration: 416	1551	1725	2146.17	3055
Iteration: 417	1551	1708	2150.16	2999
Iteration: 418	1551	1738	2215.53	3208
Iteration: 419	1551	1689	2200.24	2882
Iteration: 420	1551	1737	2215.66	3223
Iteration: 421	1551	1678	2161	3014
Iteration: 422	1551	1663	2127.95	3302
Iteration: 423	1551	1707	2112.65	2712
Iteration: 424	1551	1741	2181.14	2979
Iteration: 425	1551	1810	2137.77	3378
Iteration: 426	1551	1694	2179.39	2788
Iteration: 427	1551	1723	2171.47	3171
Iteration: 428	1551	1661	2176.45	3032
Iteration: 429	1551	1636	2180.87	2922
Iteration: 430	1551	1712	2118.56	2836
Iteration: 431	1551	1722	2165.71	2961
Iteration: 432	1551	1742	2193.78	2817
Iteration: 433	1551	1758	2156.19	2983
Iteration: 434	1551	1692	2214.56	3441
Iteration: 435	1551	1704	2205.57	2989
Iteration: 436	1551	1716	2166.13	2742
Iteration: 437	1551	1707	2161.6	3106
Iteration: 438	1551	1791	2189.12	3008
Iteration: 439	1551	1698	2132.49	2807
Iteration: 440	1551	1608	2179.74	3497
Iteration: 441	1551	1768	2242.52	2975
Iteration: 442	1551	1651	2115.97	3088
Iteration: 443	1551	1751	2141.79	2786
Iteration: 444	1551	1736	2145.78	2967
Iteration: 445	1551	1662	2148.62	2728
Iteration: 446	1551	1730	2214.37	3427
Iteration: 447	1551	1702	2156.8	2731
Iteration: 448	1551	1695	2185.59	3235
Iteration: 449	1551	1694	2231.5	3007
Iteration: 450	1551	1669	2142.09	2795
Iteration: 451	1551	1745	2173.52	2886
Iteration: 452	1551	1737	2196.03	2852
Iteration: 453	1551	1679	2112.55	3074
Iteration: 454	1551	1708	2158.31	2749
Iteration: 455	1551	1643	2156.47	2858
Iteration: 456	1551	1708	2162.92	3102
Iteration: 457	1551	1699	2211.96	3488
Iteration: 458	1551	1744	2198.96	2974
Iteration: 459	1551	1759	2176.09	2988
Iteration: 460	1551	1656	2159.36	3179
Iteration: 461	1551	1693	2106.81	2902
Iteration: 462	1551	1674	2127.11	2694
Iteration: 463	1551	1748	2129.09	2785
Iteration: 464	1551	1662	2154.77	3061
Iteration: 465	1551	1741	2166.53	2903
Iteration: 466	1551	1673	2209.31	3244
Iteration: 467	1551	1718	2186.79	2880
Iteration: 468	1551	1691	2201.81	2912
Iteration: 469	1551	1685	2121.51	2906
Iteration: 470	1551	1784	2115.78	2708
Iteration: 471	1551	1713	2179.73	2762
Iteration: 472	1551	1634	2139.32	2858
Iteration: 473	1551	1717	2136.88	2879
Iteration: 474	1551	1681	2161.84	3175
Iteration: 475	1551	1803	2163.75	2805
Iteration: 476	1551	1720	2157.15	3154
Iteration: 477	1551	1669	2159.92	3015
Iteration: 478	1551	1736	2255.01	3131
Iteration: 479	1551	1664	2147.49	2941
Iteration: 480	1551	1734	2142.56	2948
Iteration: 481	1551	1701	2180.61	2948
Iteration: 482	1551	1688	2155.61	2782
Iteration: 483	1551	1629	2137.18	3008
Iteration: 484	1551	1783	2186.19	3253
Iteration: 485	1551	1705	2190.45	3701
Iteration: 486	1551	1695	2147.37	2912
Iteration: 487	1551	1639	2157.93	2978
Iteration: 488	1551	1714	2221.18	3155
Iteration: 489	1551	1690	2162.72	2790
Iteration: 490	1551	1714	2180.76	2901
Iteration: 491	1551	1670	2147.2	2895
Iteration: 492	1551	1806	2163.44	2986
Iteration: 493	1551	1747	2200.31	2917
Iteration: 494	1551	1735	2194.04	3075
Iteration: 495	1551	1693	2164.23	2776
Iteration: 496	1551	1806	2176.57	2936
Iteration: 497	1551	1659	2210.01	2891
Iteration: 498	1551	1688	2104.75	2827
Iteration: 499	1551	1731	2166.1	2775
