Iteration: 0	1698	1698	2010.11	2569
Iteration: 1	1672	1672	1983.61	2623
Iteration: 2	1667	1667	2055.21	2693
Iteration: 3	1667	1718	2088.47	2632
Iteration: 4	1667	1795	2186.6	2791
Iteration: 5	1667	1753	2228.76	3031
Iteration: 6	1667	1675	2211.98	2906
Iteration: 7	1667	1888	2309.95	3398
Iteration: 8	1635	1635	2151.99	2831
Iteration: 9	1635	1882	2233.16	3119
Iteration: 10	1635	1881	2247.53	2938
Iteration: 11	1635	1797	2289.16	2965
Iteration: 12	1635	1661	2276.12	3098
Iteration: 13	1635	1712	2197.25	2939
Iteration: 14	1635	1813	2334.91	3125
Iteration: 15	1635	1811	2286.81	3220
Iteration: 16	1635	1727	2297.51	3338
Iteration: 17	1635	1690	2315.53	3102
Iteration: 18	1635	1827	2260.63	3112
Iteration: 19	1635	1788	2243.47	3083
Iteration: 20	1635	1820	2217.37	3135
Iteration: 21	1635	1684	2234.05	2932
Iteration: 22	1635	1748	2262.16	2986
Iteration: 23	1635	1789	2268.26	2844
Iteration: 24	1635	1789	2248.6	2939
Iteration: 25	1635	1768	2329.13	3129
Iteration: 26	1635	1840	2279.05	2915
Iteration: 27	1635	1723	2294.33	3366
Iteration: 28	1635	1773	2253.5	2971
Iteration: 29	1635	1848	2329.52	3388
Iteration: 30	1635	1753	2296.05	3691
Iteration: 31	1635	1817	2324.83	3181
Iteration: 32	1635	1850	2247.6	2893
Iteration: 33	1635	1702	2270.4	3110
Iteration: 34	1635	1774	2184.74	2761
Iteration: 35	1635	1811	2247.63	3532
Iteration: 36	1635	1840	2323.89	2951
Iteration: 37	1635	1820	2356.75	3266
Iteration: 38	1635	1739	2276.52	3255
Iteration: 39	1635	1761	2188.42	2852
Iteration: 40	1635	1872	2360.42	3200
Iteration: 41	1635	1684	2291.49	3009
Iteration: 42	1635	1791	2245.67	2851
Iteration: 43	1635	1823	2238.62	3075
Iteration: 44	1635	1808	2283.86	3392
Iteration: 45	1635	1818	2337.19	3225
Iteration: 46	1635	1805	2290.46	3155
Iteration: 47	1635	1831	2320.57	3172
Iteration: 48	1635	1773	2312.95	3260
Iteration: 49	1635	1795	2267.3	2990
Iteration: 50	1635	1764	2266.99	3069
Iteration: 51	1635	1786	2220.58	3056
Iteration: 52	1635	1740	2253.83	3050
Iteration: 53	1635	1717	2241.08	3174
Iteration: 54	1635	1807	2361.9	3320
Iteration: 55	1635	1774	2359.75	3382
Iteration: 56	1635	1777	2309.08	3020
Iteration: 57	1635	1759	2264.83	3106
Iteration: 58	1635	1757	2212.21	2847
Iteration: 59	1635	1728	2286.08	3171
Iteration: 60	1635	1724	2260.7	3086
Iteration: 61	1635	1702	2287.66	2946
Iteration: 62	1635	1769	2248.02	3048
Iteration: 63	1635	1834	2274.7	2960
Iteration: 64	1635	1798	2300.23	3120
Iteration: 65	1635	1786	2325.17	3445
Iteration: 66	1635	1785	2284.22	3121
Iteration: 67	1635	1810	2223.41	2959
Iteration: 68	1635	1790	2262.34	3076
Iteration: 69	1635	1742	2275.91	3225
Iteration: 70	1635	1874	2319.32	3037
Iteration: 71	1635	1735	2287.64	3158
Iteration: 72	1635	1738	2281.63	3220
Iteration: 73	1635	1834	2335.43	3218
Iteration: 74	1635	1783	2178.86	2890
Iteration: 75	1635	1848	2296.26	2980
Iteration: 76	1635	1707	2267.94	3065
Iteration: 77	1635	1818	2186.53	2737
Iteration: 78	1635	1867	2317.82	3060
Iteration: 79	1635	1717	2273	3198
Iteration: 80	1635	1666	2292.24	3064
Iteration: 81	1635	1781	2300.01	3061
Iteration: 82	1635	1658	2218.16	2907
Iteration: 83	1635	1831	2297.69	3310
Iteration: 84	1635	1762	2255.73	3088
Iteration: 85	1635	1755	2286.72	3495
Iteration: 86	1635	1729	2418.99	3375
Iteration: 87	1635	1727	2302.84	3172
Iteration: 88	1635	1827	2318.57	3532
Iteration: 89	1635	1723	2227.43	2830
Iteration: 90	1627	1627	2279.76	2869
Iteration: 91	1627	1758	2275.66	2980
Iteration: 92	1627	1845	2213.68	3191
Iteration: 93	1627	1779	2313.92	3200
Iteration: 94	1627	1689	2227.99	3238
Iteration: 95	1627	1826	2239.14	3072
Iteration: 96	1627	1754	2283.17	3035
Iteration: 97	1627	1711	2302.56	3050
Iteration: 98	1627	1719	2227.62	3072
Iteration: 99	1627	1745	2298.5	3150
Iteration: 100	1627	1805	2210.81	3046
Iteration: 101	1627	1778	2274.51	2999
Iteration: 102	1627	1704	2259.56	2814
Iteration: 103	1627	1697	2254.74	2888
Iteration: 104	1627	1649	2321.75	3008
Iteration: 105	1627	1639	2266.28	2982
Iteration: 106	1627	1816	2356.6	3194
Iteration: 107	1627	1896	2336.8	3257
Iteration: 108	1627	1765	2271.77	3097
Iteration: 109	1627	1671	2269.69	3170
Iteration: 110	1627	1685	2224.75	2970
Iteration: 111	1627	1717	2268.62	3461
Iteration: 112	1627	1681	2270.37	3105
Iteration: 113	1627	1750	2280.61	3188
Iteration: 114	1627	1850	2244.42	2880
Iteration: 115	1627	1740	2275.3	2832
Iteration: 116	1627	1811	2327.76	3095
Iteration: 117	1627	1747	2218.98	2675
Iteration: 118	1627	1739	2240.37	2981
Iteration: 119	1627	1826	2256.18	3012
Iteration: 120	1627	1763	2328.76	3237
Iteration: 121	1627	1877	2309.69	3346
Iteration: 122	1627	1769	2281.65	2907
Iteration: 123	1627	1719	2276.32	3258
Iteration: 124	1627	1830	2258.62	2846
Iteration: 125	1627	1781	2293.7	3130
Iteration: 126	1627	1734	2321.12	2806
Iteration: 127	1627	1830	2285.38	3118
Iteration: 128	1627	1699	2288.82	3347
Iteration: 129	1627	1836	2277.64	2947
Iteration: 130	1627	1874	2350.33	3315
Iteration: 131	1627	1740	2300.9	3034
Iteration: 132	1627	1720	2245.22	2860
Iteration: 133	1627	1822	2243.63	3012
Iteration: 134	1627	1630	2259.42	2908
Iteration: 135	1627	1817	2314.38	3198
Iteration: 136	1627	1748	2241.04	3048
Iteration: 137	1627	1743	2270.05	3159
Iteration: 138	1627	1763	2314.49	3134
Iteration: 139	1627	1787	2325.03	3083
Iteration: 140	1627	1834	2327.27	3122
Iteration: 141	1627	1774	2252.53	3152
Iteration: 142	1627	1762	2286.18	3039
Iteration: 143	1627	1773	2270.95	2927
Iteration: 144	1627	1686	2224.99	3231
Iteration: 145	1627	1777	2193.8	2936
Iteration: 146	1627	1751	2300.13	3158
Iteration: 147	1627	1681	2225.02	2957
Iteration: 148	1627	1835	2327.02	3251
Iteration: 149	1627	1719	2256.81	3392
Iteration: 150	1627	1779	2275.24	3437
Iteration: 151	1627	1783	2255.35	2928
Iteration: 152	1627	1735	2299.71	3280
Iteration: 153	1627	1687	2197.4	2855
Iteration: 154	1627	1671	2227.75	2921
Iteration: 155	1627	1845	2291.86	3097
Iteration: 156	1627	1698	2306.27	3208
Iteration: 157	1627	1809	2355.56	3057
Iteration: 158	1627	1764	2172.06	3028
Iteration: 159	1627	1837	2306.65	2977
Iteration: 160	1627	1754	2280.02	3082
Iteration: 161	1627	1824	2284.93	3016
Iteration: 162	1627	1696	2218.83	2932
Iteration: 163	1627	1703	2289.16	3162
Iteration: 164	1627	1759	2277.17	2869
Iteration: 165	1627	1790	2387.73	3476
Iteration: 166	1627	1810	2225.07	3123
Iteration: 167	1627	1740	2228.84	2908
Iteration: 168	1627	1833	2344.54	3147
Iteration: 169	1627	1697	2300.48	2988
Iteration: 170	1627	1736	2253.56	3242
Iteration: 171	1627	1790	2257.73	3197
Iteration: 172	1627	1794	2266.11	3241
Iteration: 173	1627	1787	2273.03	3128
Iteration: 174	1627	1721	2225.72	2742
Iteration: 175	1627	1840	2226.96	3076
Iteration: 176	1627	1759	2313.34	3117
Iteration: 177	1627	1758	2257.13	3001
Iteration: 178	1627	1730	2268.69	2872
Iteration: 179	1627	1667	2281.52	3574
Iteration: 180	1627	1734	2306.86	3026
Iteration: 181	1627	1738	2218.84	3031
Iteration: 182	1627	1703	2326.83	2989
Iteration: 183	1627	1829	2233.26	3246
Iteration: 184	1627	1821	2299.55	2950
Iteration: 185	1627	1696	2290.13	3147
Iteration: 186	1627	1721	2318.65	3014
Iteration: 187	1627	1770	2281.11	3412
Iteration: 188	1627	1820	2290.33	3045
Iteration: 189	1627	1717	2259.05	3124
Iteration: 190	1627	1735	2213.38	2921
Iteration: 191	1627	1709	2292.59	3112
Iteration: 192	1627	1790	2272.46	3105
Iteration: 193	1627	1787	2332.89	3202
Iteration: 194	1627	1775	2296.82	3291
Iteration: 195	1627	1836	2301.11	3146
Iteration: 196	1627	1819	2348.31	3125
Iteration: 197	1627	1752	2271.96	3200
Iteration: 198	1627	1768	2238.94	2912
Iteration: 199	1627	1757	2264.8	3116
Iteration: 200	1627	1870	2266.18	3087
Iteration: 201	1627	1698	2248.56	2809
Iteration: 202	1627	1761	2324.04	3432
Iteration: 203	1627	1850	2283.46	3122
Iteration: 204	1627	1773	2293.6	2998
Iteration: 205	1627	1858	2266.34	3171
Iteration: 206	1627	1806	2267.97	3104
Iteration: 207	1609	1609	2263.83	3145
Iteration: 208	1609	1811	2254.33	3028
Iteration: 209	1609	1710	2339.03	3370
Iteration: 210	1609	1805	2356.86	3215
Iteration: 211	1609	1738	2249.8	3059
Iteration: 212	1609	1841	2284.34	2926
Iteration: 213	1609	1787	2301.35	3109
Iteration: 214	1609	1850	2251.98	2852
Iteration: 215	1609	1686	2221.16	2982
Iteration: 216	1609	1802	2255.35	3155
Iteration: 217	1609	1776	2266.26	3173
Iteration: 218	1609	1821	2250.82	3101
Iteration: 219	1609	1832	2323.85	3204
Iteration: 220	1609	1768	2272.96	2949
Iteration: 221	1609	1755	2252.02	3331
Iteration: 222	1609	1656	2256.66	3119
Iteration: 223	1609	1803	2341.57	3265
Iteration: 224	1609	1672	2280.89	2921
Iteration: 225	1609	1735	2266.76	3338
Iteration: 226	1609	1721	2210.1	3129
Iteration: 227	1609	1818	2260.5	2903
Iteration: 228	1609	1762	2294.3	3211
Iteration: 229	1609	1821	2360.43	3060
Iteration: 230	1609	1789	2304.95	3387
Iteration: 231	1609	1751	2260.94	3035
Iteration: 232	1609	1718	2277.16	3109
Iteration: 233	1609	1743	2266.16	3192
Iteration: 234	1609	1816	2296.25	3139
Iteration: 235	1609	1776	2269.13	3148
Iteration: 236	1609	1782	2346.56	3564
Iteration: 237	1609	1735	2268.38	3015
Iteration: 238	1609	1779	2265.49	3619
Iteration: 239	1609	1840	2335.52	3039
Iteration: 240	1609	1792	2316.06	2993
Iteration: 241	1609	1703	2242.59	3087
Iteration: 242	1609	1824	2350.69	3372
Iteration: 243	1609	1692	2270.47	3182
Iteration: 244	1609	1749	2347.74	3223
Iteration: 245	1609	1831	2362.95	3092
Iteration: 246	1609	1757	2267.88	3289
Iteration: 247	1609	1703	2217.78	2896
Iteration: 248	1609	1692	2314.32	3341
Iteration: 249	1609	1827	2328.11	3190
Iteration: 250	1609	1861	2250.05	2969
Iteration: 251	1609	1784	2229.25	3110
Iteration: 252	1609	1740	2332.21	2984
Iteration: 253	1609	1828	2243.6	2933
Iteration: 254	1609	1790	2289.84	3214
Iteration: 255	1609	1750	2256.75	3233
Iteration: 256	1609	1827	2198.99	2848
Iteration: 257	1609	1704	2262.26	3120
Iteration: 258	1609	1784	2294.21	2961
Iteration: 259	1609	1718	2289.66	3397
Iteration: 260	1609	1817	2274.83	2874
Iteration: 261	1609	1836	2323.74	3584
Iteration: 262	1609	1802	2285.3	3219
Iteration: 263	1609	1791	2266.62	2966
Iteration: 264	1609	1844	2279.16	3057
Iteration: 265	1609	1663	2250.69	3005
Iteration: 266	1609	1665	2238.93	2872
Iteration: 267	1609	1793	2270.94	3181
Iteration: 268	1609	1702	2314.34	3468
Iteration: 269	1609	1735	2285.58	3227
Iteration: 270	1609	1880	2305.61	2923
Iteration: 271	1609	1778	2277.19	3339
Iteration: 272	1609	1811	2254.57	3287
Iteration: 273	1609	1756	2296.29	3191
Iteration: 274	1609	1750	2252.84	2990
Iteration: 275	1609	1644	2265.59	3225
Iteration: 276	1609	1720	2288.32	3104
Iteration: 277	1609	1768	2302.48	3097
Iteration: 278	1609	1804	2294.22	2961
Iteration: 279	1609	1802	2253.84	3249
Iteration: 280	1609	1820	2263.06	3627
Iteration: 281	1609	1713	2296.29	3156
Iteration: 282	1609	1811	2284.95	3097
Iteration: 283	1609	1700	2310.89	3070
Iteration: 284	1609	1762	2286.37	2999
Iteration: 285	1609	1752	2372.3	3339
Iteration: 286	1609	1779	2294.9	3502
Iteration: 287	1609	1763	2314.64	3316
Iteration: 288	1609	1854	2286.17	3142
Iteration: 289	1609	1879	2210.79	2899
Iteration: 290	1609	1625	2235.34	2901
Iteration: 291	1609	1706	2223.99	3301
Iteration: 292	1609	1807	2305.82	2977
Iteration: 293	1609	1754	2225.24	2968
Iteration: 294	1609	1858	2361.7	3313
Iteration: 295	1609	1897	2307.97	3629
Iteration: 296	1609	1767	2279.94	3098
Iteration: 297	1609	1662	2253.25	2938
Iteration: 298	1609	1715	2281.75	3084
Iteration: 299	1609	1758	2310.16	3473
Iteration: 300	1609	1798	2285.39	3103
Iteration: 301	1605	1605	2237.29	2805
