1684.750 ( 50.878 ) 1684.750 ( 50.878 ) 2000.555 ( 16.684 ) 2568.700 ( 148.314 )
1661.900 ( 39.910 ) 1679.300 ( 29.908 ) 1987.207 ( 11.474 ) 2455.950 ( 85.909 )
1655.850 ( 36.786 ) 1706.450 ( 32.592 ) 2033.105 ( 12.486 ) 2618.950 ( 123.634 )
1646.850 ( 34.760 ) 1704.250 ( 43.459 ) 2044.534 ( 18.504 ) 2596.900 ( 131.750 )
1643.400 ( 33.900 ) 1700.500 ( 39.789 ) 2034.277 ( 18.982 ) 2550.500 ( 85.867 )
1636.450 ( 30.813 ) 1689.650 ( 47.720 ) 2024.668 ( 14.884 ) 2561.000 ( 100.994 )
1622.300 ( 28.104 ) 1660.450 ( 45.624 ) 2017.626 ( 16.051 ) 2544.000 ( 80.132 )
1620.200 ( 26.626 ) 1665.300 ( 32.909 ) 2012.240 ( 19.067 ) 2600.150 ( 143.957 )
1619.400 ( 25.358 ) 1673.900 ( 29.551 ) 2007.278 ( 15.959 ) 2569.600 ( 133.169 )
1614.600 ( 23.075 ) 1664.350 ( 39.087 ) 2008.731 ( 21.259 ) 2565.300 ( 89.034 )
1606.250 ( 21.499 ) 1663.450 ( 48.338 ) 2005.255 ( 19.051 ) 2555.650 ( 86.590 )
1603.850 ( 20.210 ) 1668.300 ( 42.877 ) 2008.753 ( 13.112 ) 2542.550 ( 124.903 )
1603.150 ( 19.948 ) 1660.450 ( 30.294 ) 2002.054 ( 18.779 ) 2549.850 ( 128.162 )
1601.350 ( 18.570 ) 1668.900 ( 36.134 ) 1999.610 ( 14.780 ) 2529.250 ( 71.831 )
1600.750 ( 18.278 ) 1665.000 ( 38.726 ) 2000.263 ( 18.926 ) 2567.800 ( 109.417 )
1599.500 ( 16.993 ) 1665.800 ( 29.961 ) 1991.520 ( 21.908 ) 2536.500 ( 132.344 )
1594.200 ( 18.909 ) 1649.100 ( 50.432 ) 1992.155 ( 21.839 ) 2495.050 ( 112.701 )
1592.400 ( 21.768 ) 1654.700 ( 49.822 ) 2003.577 ( 15.372 ) 2588.850 ( 99.686 )
1586.350 ( 25.685 ) 1659.000 ( 46.136 ) 1991.883 ( 15.159 ) 2507.900 ( 113.531 )
1586.350 ( 25.685 ) 1651.100 ( 31.423 ) 1983.509 ( 13.169 ) 2557.100 ( 104.325 )
1583.350 ( 26.114 ) 1648.750 ( 41.596 ) 1986.289 ( 13.658 ) 2514.950 ( 115.788 )
1582.950 ( 25.668 ) 1679.850 ( 33.195 ) 1990.126 ( 15.978 ) 2541.950 ( 91.189 )
1582.950 ( 25.668 ) 1648.350 ( 38.493 ) 1983.172 ( 15.615 ) 2535.100 ( 132.081 )
1582.950 ( 25.668 ) 1668.650 ( 29.273 ) 1998.882 ( 15.773 ) 2545.100 ( 103.342 )
1581.450 ( 25.029 ) 1662.450 ( 38.593 ) 1993.570 ( 10.447 ) 2539.900 ( 119.630 )
1581.100 ( 25.096 ) 1649.700 ( 37.144 ) 1989.817 ( 12.251 ) 2497.750 ( 99.846 )
1581.100 ( 25.096 ) 1662.100 ( 36.076 ) 1995.402 ( 18.012 ) 2581.350 ( 150.315 )
1578.300 ( 24.838 ) 1661.000 ( 45.258 ) 1991.628 ( 16.859 ) 2498.300 ( 93.841 )
1577.600 ( 24.438 ) 1667.650 ( 49.777 ) 1991.358 ( 16.249 ) 2507.550 ( 116.277 )
1577.600 ( 24.438 ) 1675.450 ( 27.876 ) 1987.983 ( 15.439 ) 2558.300 ( 118.317 )
1575.400 ( 23.286 ) 1663.150 ( 33.437 ) 1987.858 ( 12.206 ) 2549.950 ( 98.551 )
1573.850 ( 21.722 ) 1666.500 ( 50.069 ) 1984.293 ( 15.186 ) 2508.750 ( 139.954 )
1573.850 ( 21.722 ) 1662.800 ( 36.381 ) 1991.616 ( 19.948 ) 2542.200 ( 113.542 )
1573.600 ( 21.493 ) 1665.350 ( 30.788 ) 1985.567 ( 15.149 ) 2571.100 ( 113.791 )
1573.600 ( 21.493 ) 1679.550 ( 34.142 ) 1988.660 ( 15.023 ) 2546.950 ( 115.112 )
1573.600 ( 21.493 ) 1684.250 ( 25.123 ) 1989.421 ( 15.021 ) 2562.200 ( 114.177 )
1573.600 ( 21.493 ) 1673.500 ( 38.854 ) 1992.458 ( 16.147 ) 2596.900 ( 213.436 )
1573.600 ( 21.493 ) 1667.200 ( 33.484 ) 1992.573 ( 13.357 ) 2545.050 ( 97.551 )
1571.900 ( 18.769 ) 1675.850 ( 41.058 ) 1994.040 ( 16.553 ) 2533.350 ( 108.133 )
1571.900 ( 18.769 ) 1653.700 ( 33.944 ) 1988.693 ( 18.471 ) 2522.950 ( 57.954 )
1571.450 ( 18.040 ) 1665.700 ( 44.861 ) 1993.580 ( 13.685 ) 2566.300 ( 121.086 )
1571.150 ( 17.811 ) 1655.250 ( 44.010 ) 1981.815 ( 17.798 ) 2539.150 ( 104.591 )
1571.150 ( 17.811 ) 1660.250 ( 32.243 ) 1988.162 ( 17.546 ) 2499.250 ( 96.360 )
1569.400 ( 17.113 ) 1658.750 ( 46.062 ) 1988.556 ( 15.370 ) 2548.650 ( 118.927 )
1569.400 ( 17.113 ) 1662.450 ( 41.085 ) 1984.851 ( 18.736 ) 2541.800 ( 141.181 )
1568.000 ( 17.251 ) 1659.850 ( 39.707 ) 1990.172 ( 18.119 ) 2583.100 ( 157.490 )
1568.000 ( 17.251 ) 1669.200 ( 41.966 ) 1984.874 ( 14.674 ) 2590.850 ( 132.280 )
1567.600 ( 17.107 ) 1662.750 ( 48.289 ) 1991.069 ( 12.877 ) 2538.850 ( 129.848 )
1564.650 ( 16.868 ) 1670.300 ( 49.537 ) 1993.439 ( 18.709 ) 2555.350 ( 127.454 )
1564.650 ( 16.868 ) 1662.200 ( 44.259 ) 1986.120 ( 16.017 ) 2533.750 ( 124.761 )
1564.650 ( 16.868 ) 1665.200 ( 29.264 ) 1980.606 ( 16.707 ) 2532.800 ( 110.496 )
1564.650 ( 16.868 ) 1666.750 ( 21.941 ) 1986.219 ( 18.485 ) 2577.950 ( 124.628 )
1564.650 ( 16.868 ) 1664.800 ( 29.892 ) 1988.494 ( 19.277 ) 2567.100 ( 133.252 )
1564.650 ( 16.868 ) 1667.600 ( 27.440 ) 1987.723 ( 18.459 ) 2484.550 ( 91.602 )
1564.650 ( 16.868 ) 1656.800 ( 33.803 ) 1986.605 ( 16.954 ) 2491.100 ( 80.837 )
1564.650 ( 16.868 ) 1673.650 ( 38.002 ) 1983.597 ( 17.763 ) 2480.800 ( 77.948 )
1564.650 ( 16.868 ) 1656.900 ( 37.801 ) 1982.013 ( 14.039 ) 2584.500 ( 119.464 )
1564.650 ( 16.868 ) 1659.500 ( 39.956 ) 1987.145 ( 18.575 ) 2525.800 ( 111.207 )
1564.650 ( 16.868 ) 1657.150 ( 32.899 ) 1985.120 ( 22.649 ) 2521.100 ( 103.171 )
1564.650 ( 16.868 ) 1667.650 ( 36.666 ) 1987.954 ( 14.620 ) 2558.150 ( 143.065 )
1564.650 ( 16.868 ) 1660.200 ( 31.676 ) 1978.471 ( 18.485 ) 2515.600 ( 122.260 )
1564.650 ( 16.868 ) 1664.700 ( 33.514 ) 1987.039 ( 17.042 ) 2515.050 ( 101.213 )
1563.700 ( 15.922 ) 1671.750 ( 48.317 ) 1994.035 ( 18.187 ) 2587.350 ( 146.966 )
1563.700 ( 15.922 ) 1667.550 ( 53.084 ) 1984.506 ( 15.036 ) 2535.050 ( 107.392 )
1563.700 ( 15.922 ) 1653.100 ( 31.986 ) 1996.824 ( 16.629 ) 2538.200 ( 134.845 )
1563.700 ( 15.922 ) 1664.850 ( 38.400 ) 1983.547 ( 10.169 ) 2470.300 ( 81.657 )
1563.700 ( 15.922 ) 1669.350 ( 39.613 ) 1986.206 ( 14.627 ) 2513.750 ( 93.316 )
1563.550 ( 15.961 ) 1675.150 ( 42.260 ) 1984.272 ( 13.745 ) 2516.650 ( 103.867 )
1563.550 ( 15.961 ) 1657.650 ( 29.105 ) 1985.959 ( 22.878 ) 2528.350 ( 159.674 )
1563.550 ( 15.961 ) 1667.250 ( 34.690 ) 1981.400 ( 15.090 ) 2527.150 ( 97.551 )
1563.550 ( 15.961 ) 1666.350 ( 34.846 ) 1986.773 ( 16.512 ) 2559.650 ( 137.271 )
1563.550 ( 15.961 ) 1666.700 ( 29.515 ) 1982.216 ( 18.313 ) 2522.600 ( 120.649 )
1563.550 ( 15.961 ) 1653.200 ( 38.870 ) 1986.390 ( 15.182 ) 2505.250 ( 109.053 )
1563.550 ( 15.961 ) 1670.550 ( 36.967 ) 1988.905 ( 16.785 ) 2575.300 ( 119.471 )
1563.550 ( 15.961 ) 1662.150 ( 31.168 ) 1981.772 ( 17.013 ) 2529.100 ( 99.930 )
1562.500 ( 15.995 ) 1638.950 ( 45.522 ) 1986.257 ( 12.387 ) 2517.600 ( 101.990 )
1562.500 ( 15.995 ) 1671.600 ( 35.016 ) 1985.355 ( 15.959 ) 2537.050 ( 122.332 )
1561.900 ( 16.263 ) 1652.900 ( 43.534 ) 1985.040 ( 15.157 ) 2573.000 ( 116.737 )
1561.900 ( 16.263 ) 1670.150 ( 23.635 ) 1982.900 ( 20.044 ) 2531.700 ( 139.461 )
1561.900 ( 16.263 ) 1654.750 ( 43.270 ) 1982.947 ( 20.981 ) 2533.900 ( 162.503 )
1560.900 ( 17.067 ) 1652.500 ( 45.052 ) 1988.315 ( 21.206 ) 2511.000 ( 118.033 )
1560.900 ( 17.067 ) 1645.200 ( 36.385 ) 1980.156 ( 15.543 ) 2533.450 ( 146.299 )
1560.900 ( 17.067 ) 1652.400 ( 39.808 ) 1988.576 ( 13.349 ) 2532.500 ( 109.561 )
1560.900 ( 17.067 ) 1662.950 ( 33.899 ) 1990.431 ( 17.314 ) 2539.600 ( 108.800 )
1560.900 ( 17.067 ) 1663.100 ( 36.897 ) 1985.294 ( 14.386 ) 2550.750 ( 106.430 )
1560.900 ( 17.067 ) 1664.250 ( 44.811 ) 1982.844 ( 14.602 ) 2496.400 ( 100.916 )
1560.900 ( 17.067 ) 1661.150 ( 43.816 ) 1986.991 ( 12.869 ) 2484.500 ( 107.766 )
1560.400 ( 17.405 ) 1666.650 ( 44.083 ) 1989.411 ( 13.670 ) 2519.300 ( 86.615 )
1560.400 ( 17.405 ) 1675.950 ( 31.957 ) 1988.660 ( 16.193 ) 2523.950 ( 108.397 )
1558.950 ( 15.942 ) 1654.350 ( 36.006 ) 1984.029 ( 18.693 ) 2496.200 ( 82.412 )
1558.950 ( 15.942 ) 1671.400 ( 39.260 ) 1982.653 ( 17.885 ) 2543.550 ( 108.576 )
1558.400 ( 16.017 ) 1655.400 ( 43.532 ) 1981.957 ( 14.102 ) 2525.950 ( 83.614 )
1558.400 ( 16.017 ) 1661.200 ( 43.355 ) 1992.033 ( 17.077 ) 2566.900 ( 124.446 )
1558.400 ( 16.017 ) 1672.250 ( 26.552 ) 1988.654 ( 13.541 ) 2655.450 ( 118.890 )
1558.400 ( 16.017 ) 1670.550 ( 32.896 ) 1991.283 ( 14.076 ) 2530.850 ( 104.623 )
1558.400 ( 16.017 ) 1668.800 ( 42.046 ) 1988.859 ( 12.890 ) 2540.800 ( 100.315 )
1558.400 ( 16.017 ) 1658.350 ( 30.246 ) 1989.405 ( 14.960 ) 2511.750 ( 73.608 )
1558.400 ( 16.017 ) 1660.450 ( 30.007 ) 1985.660 ( 12.989 ) 2514.700 ( 89.889 )
1557.000 ( 16.165 ) 1669.550 ( 46.632 ) 1980.125 ( 12.545 ) 2538.550 ( 122.811 )
1557.000 ( 16.165 ) 1659.500 ( 31.203 ) 1987.937 ( 15.149 ) 2522.750 ( 117.275 )
1554.400 ( 15.954 ) 1665.950 ( 46.530 ) 1980.867 ( 17.475 ) 2533.400 ( 80.974 )
1554.400 ( 15.954 ) 1660.800 ( 27.582 ) 1985.238 ( 16.416 ) 2576.800 ( 157.953 )
1554.200 ( 15.654 ) 1668.750 ( 43.153 ) 1990.407 ( 15.166 ) 2534.200 ( 94.880 )
1554.200 ( 15.654 ) 1663.350 ( 35.299 ) 1982.600 ( 16.108 ) 2536.050 ( 113.883 )
1554.200 ( 15.654 ) 1661.300 ( 38.169 ) 1990.861 ( 18.288 ) 2569.850 ( 161.545 )
1554.200 ( 15.654 ) 1660.400 ( 38.286 ) 1990.257 ( 16.368 ) 2564.150 ( 110.165 )
1554.200 ( 15.654 ) 1667.150 ( 45.304 ) 1984.737 ( 22.040 ) 2520.600 ( 105.161 )
1554.200 ( 15.654 ) 1665.000 ( 32.468 ) 1994.317 ( 10.665 ) 2563.150 ( 105.399 )
1554.200 ( 15.654 ) 1673.150 ( 41.467 ) 1985.491 ( 19.563 ) 2512.950 ( 95.257 )
1554.200 ( 15.654 ) 1663.500 ( 34.093 ) 1986.760 ( 19.513 ) 2540.700 ( 93.257 )
1554.200 ( 15.654 ) 1655.100 ( 37.093 ) 1982.578 ( 17.124 ) 2531.200 ( 149.330 )
1554.200 ( 15.654 ) 1679.200 ( 33.871 ) 1985.421 ( 15.515 ) 2504.050 ( 117.341 )
1553.200 ( 14.848 ) 1654.650 ( 46.576 ) 1977.988 ( 15.976 ) 2483.900 ( 102.756 )
1553.200 ( 14.848 ) 1666.000 ( 36.973 ) 1977.529 ( 14.170 ) 2516.750 ( 113.757 )
1553.200 ( 14.848 ) 1672.000 ( 32.715 ) 1986.562 ( 16.075 ) 2509.800 ( 111.046 )
1553.200 ( 14.848 ) 1667.400 ( 46.378 ) 1991.361 ( 19.356 ) 2588.600 ( 132.282 )
1553.200 ( 14.848 ) 1662.600 ( 32.526 ) 1980.405 ( 15.242 ) 2605.250 ( 130.115 )
1553.200 ( 14.848 ) 1663.800 ( 24.873 ) 1985.304 ( 15.664 ) 2551.550 ( 135.288 )
1552.700 ( 14.402 ) 1656.400 ( 39.657 ) 1982.829 ( 15.269 ) 2557.400 ( 108.195 )
1552.700 ( 14.402 ) 1652.100 ( 39.348 ) 1983.412 ( 20.086 ) 2555.000 ( 129.998 )
1552.700 ( 14.402 ) 1669.750 ( 33.615 ) 1986.537 ( 14.858 ) 2525.400 ( 118.331 )
1552.700 ( 14.402 ) 1675.050 ( 36.470 ) 1983.192 ( 21.171 ) 2501.950 ( 113.020 )
1552.700 ( 14.402 ) 1658.150 ( 39.994 ) 1983.927 ( 13.813 ) 2542.550 ( 94.089 )
1552.600 ( 14.204 ) 1669.350 ( 40.212 ) 1983.845 ( 16.945 ) 2496.450 ( 97.713 )
1552.600 ( 14.204 ) 1652.400 ( 38.093 ) 1985.971 ( 16.823 ) 2539.650 ( 132.867 )
1552.600 ( 14.204 ) 1673.350 ( 40.101 ) 1982.258 ( 24.012 ) 2544.150 ( 157.856 )
1552.600 ( 14.204 ) 1658.950 ( 40.307 ) 1987.871 ( 23.387 ) 2536.650 ( 129.461 )
1552.600 ( 14.204 ) 1673.700 ( 43.151 ) 1983.455 ( 12.250 ) 2513.250 ( 99.069 )
1552.600 ( 14.204 ) 1664.600 ( 29.578 ) 1982.276 ( 17.950 ) 2526.850 ( 95.938 )
1552.600 ( 14.204 ) 1673.000 ( 37.570 ) 1983.435 ( 14.354 ) 2497.050 ( 112.349 )
1551.850 ( 14.136 ) 1656.250 ( 47.440 ) 1986.394 ( 14.501 ) 2535.150 ( 136.259 )
1551.850 ( 14.136 ) 1677.300 ( 46.510 ) 1980.581 ( 13.069 ) 2489.600 ( 95.994 )
1551.850 ( 14.136 ) 1676.400 ( 40.731 ) 1989.156 ( 13.453 ) 2544.650 ( 85.433 )
1551.850 ( 14.136 ) 1666.700 ( 35.136 ) 1982.293 ( 17.207 ) 2511.150 ( 128.041 )
1551.850 ( 14.136 ) 1658.550 ( 51.013 ) 1985.564 ( 17.256 ) 2579.450 ( 96.312 )
1551.850 ( 14.136 ) 1662.850 ( 34.277 ) 1986.263 ( 12.388 ) 2514.750 ( 130.990 )
1551.850 ( 14.136 ) 1664.050 ( 32.820 ) 1985.670 ( 14.361 ) 2496.700 ( 92.419 )
1551.850 ( 14.136 ) 1669.500 ( 36.155 ) 1983.466 ( 16.379 ) 2561.050 ( 144.503 )
1551.850 ( 14.136 ) 1659.900 ( 56.837 ) 1983.487 ( 20.182 ) 2517.000 ( 145.413 )
1551.800 ( 14.084 ) 1670.550 ( 42.777 ) 1991.078 ( 19.217 ) 2526.800 ( 109.372 )
1551.800 ( 14.084 ) 1659.150 ( 22.330 ) 1979.533 ( 19.716 ) 2507.350 ( 110.510 )
1551.650 ( 13.796 ) 1652.750 ( 31.389 ) 1983.156 ( 18.672 ) 2524.200 ( 147.075 )
1551.650 ( 13.796 ) 1653.650 ( 45.824 ) 1983.421 ( 19.417 ) 2524.700 ( 83.632 )
1551.650 ( 13.796 ) 1665.500 ( 42.062 ) 1987.127 ( 14.608 ) 2531.500 ( 128.085 )
1549.200 ( 13.604 ) 1657.200 ( 45.315 ) 1983.258 ( 20.090 ) 2525.400 ( 127.293 )
1549.050 ( 13.698 ) 1665.500 ( 44.922 ) 1986.223 ( 16.943 ) 2547.400 ( 122.414 )
1549.050 ( 13.698 ) 1667.150 ( 43.404 ) 1986.479 ( 11.588 ) 2517.750 ( 96.463 )
1549.050 ( 13.698 ) 1664.800 ( 29.380 ) 1989.159 ( 14.901 ) 2569.350 ( 152.479 )
1549.050 ( 13.698 ) 1667.050 ( 31.560 ) 1981.912 ( 15.313 ) 2516.500 ( 117.742 )
1549.050 ( 13.698 ) 1662.900 ( 24.865 ) 1984.886 ( 18.117 ) 2518.550 ( 132.498 )
1549.050 ( 13.698 ) 1671.400 ( 38.561 ) 1982.676 ( 17.089 ) 2492.150 ( 96.748 )
1548.950 ( 13.684 ) 1655.850 ( 39.927 ) 1978.389 ( 19.401 ) 2461.100 ( 108.948 )
1548.950 ( 13.684 ) 1670.300 ( 33.798 ) 1982.567 ( 18.034 ) 2540.350 ( 121.406 )
1548.950 ( 13.684 ) 1656.300 ( 39.312 ) 1984.979 ( 14.683 ) 2562.950 ( 130.459 )
1547.750 ( 11.528 ) 1660.950 ( 32.984 ) 1989.158 ( 10.239 ) 2538.400 ( 121.828 )
1547.750 ( 11.528 ) 1666.500 ( 45.170 ) 1985.553 ( 17.752 ) 2514.350 ( 98.139 )
1547.750 ( 11.528 ) 1658.700 ( 39.132 ) 1979.888 ( 16.736 ) 2586.450 ( 116.871 )
1547.750 ( 11.528 ) 1661.900 ( 43.426 ) 1984.259 ( 17.792 ) 2515.750 ( 115.282 )
1547.750 ( 11.528 ) 1677.650 ( 29.104 ) 1987.912 ( 16.017 ) 2524.200 ( 136.787 )
1547.750 ( 11.528 ) 1671.350 ( 35.960 ) 1985.681 ( 15.512 ) 2522.150 ( 131.592 )
1547.750 ( 11.528 ) 1667.800 ( 40.804 ) 1989.203 ( 15.706 ) 2560.550 ( 134.312 )
1547.700 ( 11.520 ) 1666.600 ( 50.961 ) 1993.321 ( 12.348 ) 2604.700 ( 95.340 )
1547.700 ( 11.520 ) 1662.700 ( 44.443 ) 1987.774 ( 17.157 ) 2508.650 ( 138.113 )
1547.700 ( 11.520 ) 1660.250 ( 43.606 ) 1993.185 ( 16.545 ) 2544.000 ( 88.548 )
1547.700 ( 11.520 ) 1668.050 ( 42.773 ) 1985.878 ( 16.538 ) 2511.150 ( 92.879 )
1547.700 ( 11.520 ) 1665.750 ( 34.966 ) 1990.469 ( 23.036 ) 2550.600 ( 115.888 )
1547.700 ( 11.520 ) 1658.650 ( 39.396 ) 1981.554 ( 15.788 ) 2525.800 ( 105.391 )
1547.000 ( 12.861 ) 1647.450 ( 50.247 ) 1984.772 ( 16.739 ) 2536.400 ( 143.315 )
1546.950 ( 12.745 ) 1652.000 ( 34.243 ) 1989.036 ( 14.477 ) 2585.750 ( 107.302 )
1546.950 ( 12.745 ) 1673.200 ( 33.158 ) 1986.395 ( 15.824 ) 2473.500 ( 76.480 )
1543.700 ( 17.482 ) 1636.450 ( 56.137 ) 1987.760 ( 15.759 ) 2557.050 ( 109.022 )
1543.500 ( 17.247 ) 1663.300 ( 43.231 ) 1982.854 ( 19.021 ) 2514.000 ( 125.666 )
1543.500 ( 17.247 ) 1681.500 ( 22.355 ) 1983.406 ( 18.831 ) 2542.700 ( 85.141 )
1543.500 ( 17.247 ) 1662.200 ( 33.967 ) 1977.561 ( 15.207 ) 2531.550 ( 128.602 )
1543.500 ( 17.247 ) 1667.800 ( 36.514 ) 1983.928 ( 17.393 ) 2526.500 ( 125.822 )
1543.500 ( 17.247 ) 1646.500 ( 33.655 ) 1975.042 ( 22.588 ) 2461.050 ( 98.347 )
1543.500 ( 17.247 ) 1659.850 ( 37.091 ) 1985.665 ( 13.821 ) 2565.450 ( 143.253 )
1543.500 ( 17.247 ) 1675.800 ( 31.578 ) 1985.093 ( 18.835 ) 2548.550 ( 110.275 )
1543.500 ( 17.247 ) 1643.800 ( 44.560 ) 1984.909 ( 17.520 ) 2514.250 ( 125.401 )
1543.500 ( 17.247 ) 1678.500 ( 31.371 ) 1978.691 ( 11.412 ) 2498.200 ( 129.698 )
1543.500 ( 17.247 ) 1670.600 ( 32.077 ) 1981.799 ( 17.103 ) 2504.350 ( 114.308 )
1543.500 ( 17.247 ) 1657.600 ( 33.099 ) 1980.547 ( 18.535 ) 2528.300 ( 113.049 )
1543.500 ( 17.247 ) 1660.400 ( 31.770 ) 1986.226 ( 12.640 ) 2526.200 ( 105.748 )
1543.500 ( 17.247 ) 1662.450 ( 38.840 ) 1983.193 ( 16.285 ) 2556.500 ( 83.797 )
1543.500 ( 17.247 ) 1659.250 ( 30.702 ) 1985.094 ( 15.700 ) 2568.900 ( 115.078 )
1543.500 ( 17.247 ) 1684.350 ( 35.961 ) 1992.728 ( 15.973 ) 2519.400 ( 77.523 )
1543.500 ( 17.247 ) 1644.900 ( 33.417 ) 1985.732 ( 12.993 ) 2486.500 ( 61.789 )
1543.500 ( 17.247 ) 1655.400 ( 42.912 ) 1991.749 ( 16.746 ) 2502.500 ( 88.947 )
1543.500 ( 17.247 ) 1654.850 ( 39.719 ) 1986.224 ( 15.464 ) 2525.850 ( 107.908 )
1543.500 ( 17.247 ) 1664.550 ( 34.912 ) 1982.849 ( 19.477 ) 2474.100 ( 97.282 )
1543.500 ( 17.247 ) 1663.700 ( 37.209 ) 1988.971 ( 14.267 ) 2508.750 ( 103.324 )
1543.500 ( 17.247 ) 1665.850 ( 32.489 ) 1989.996 ( 11.007 ) 2568.900 ( 128.495 )
1542.750 ( 17.317 ) 1663.550 ( 53.645 ) 1982.697 ( 16.952 ) 2531.400 ( 124.081 )
1542.750 ( 17.317 ) 1668.750 ( 36.073 ) 1981.982 ( 15.725 ) 2561.150 ( 103.137 )
1542.750 ( 17.317 ) 1652.750 ( 38.852 ) 1982.086 ( 19.249 ) 2547.200 ( 126.833 )
1542.750 ( 17.317 ) 1657.350 ( 37.855 ) 1977.749 ( 16.170 ) 2486.550 ( 79.140 )
1542.750 ( 17.317 ) 1670.300 ( 31.011 ) 1991.446 ( 16.723 ) 2551.150 ( 118.335 )
1542.750 ( 17.317 ) 1662.900 ( 30.618 ) 1980.694 ( 16.587 ) 2540.650 ( 115.648 )
1542.050 ( 16.800 ) 1661.650 ( 45.787 ) 1988.957 ( 15.142 ) 2562.350 ( 132.253 )
1542.050 ( 16.800 ) 1679.350 ( 35.310 ) 1980.797 ( 11.710 ) 2538.350 ( 119.685 )
1542.050 ( 16.800 ) 1660.350 ( 41.182 ) 1982.607 ( 13.740 ) 2514.000 ( 123.846 )
1542.050 ( 16.800 ) 1680.400 ( 33.943 ) 1978.028 ( 18.318 ) 2514.700 ( 121.939 )
1542.050 ( 16.800 ) 1669.750 ( 27.786 ) 1988.732 ( 19.910 ) 2531.550 ( 120.750 )
1542.050 ( 16.800 ) 1665.150 ( 35.188 ) 1987.397 ( 13.901 ) 2549.850 ( 126.179 )
1542.050 ( 16.800 ) 1666.200 ( 42.073 ) 1984.784 ( 14.824 ) 2533.300 ( 123.558 )
1542.050 ( 16.800 ) 1676.450 ( 40.423 ) 1979.343 ( 11.626 ) 2485.450 ( 99.826 )
1542.050 ( 16.800 ) 1652.450 ( 43.551 ) 1985.998 ( 14.395 ) 2471.650 ( 104.762 )
1542.050 ( 16.800 ) 1656.600 ( 38.891 ) 1988.676 ( 19.201 ) 2521.450 ( 112.093 )
1542.050 ( 16.800 ) 1656.900 ( 25.552 ) 1987.746 ( 12.663 ) 2564.050 ( 98.931 )
1542.050 ( 16.800 ) 1673.450 ( 32.069 ) 1986.703 ( 16.644 ) 2556.150 ( 118.989 )
1542.050 ( 16.800 ) 1674.750 ( 22.354 ) 1983.067 ( 13.922 ) 2483.000 ( 82.929 )
1542.000 ( 16.700 ) 1665.250 ( 39.832 ) 1992.572 ( 14.867 ) 2538.050 ( 177.433 )
1542.000 ( 16.700 ) 1674.500 ( 40.123 ) 1988.805 ( 20.123 ) 2601.400 ( 137.110 )
1542.000 ( 16.700 ) 1665.000 ( 39.278 ) 1989.244 ( 16.699 ) 2524.150 ( 124.410 )
1542.000 ( 16.700 ) 1668.050 ( 36.105 ) 1989.805 ( 14.633 ) 2565.300 ( 113.499 )
1542.000 ( 16.700 ) 1653.250 ( 38.318 ) 1988.707 ( 14.910 ) 2522.200 ( 108.167 )
1542.000 ( 16.700 ) 1667.050 ( 21.848 ) 1985.066 ( 15.274 ) 2507.850 ( 145.015 )
1542.000 ( 16.700 ) 1674.600 ( 38.033 ) 1989.375 ( 17.532 ) 2521.950 ( 112.990 )
1542.000 ( 16.700 ) 1645.250 ( 43.000 ) 1987.239 ( 19.042 ) 2542.850 ( 155.213 )
1542.000 ( 16.700 ) 1655.400 ( 35.839 ) 1984.207 ( 11.863 ) 2528.900 ( 115.472 )
1542.000 ( 16.700 ) 1655.550 ( 38.040 ) 1987.781 ( 18.373 ) 2512.750 ( 131.609 )
1542.000 ( 16.700 ) 1667.100 ( 33.193 ) 1981.016 ( 21.295 ) 2515.150 ( 87.838 )
1542.000 ( 16.700 ) 1662.750 ( 40.955 ) 1997.873 ( 14.304 ) 2568.000 ( 171.014 )
1542.000 ( 16.700 ) 1657.300 ( 28.867 ) 1991.910 ( 14.428 ) 2601.000 ( 150.714 )
1542.000 ( 16.700 ) 1660.350 ( 44.902 ) 1990.832 ( 15.640 ) 2510.350 ( 83.387 )
1542.000 ( 16.700 ) 1681.350 ( 24.932 ) 1980.659 ( 16.761 ) 2523.200 ( 137.993 )
1542.000 ( 16.700 ) 1670.150 ( 35.217 ) 1983.885 ( 14.458 ) 2549.950 ( 104.757 )
1542.000 ( 16.700 ) 1665.100 ( 29.950 ) 1985.676 ( 18.369 ) 2515.550 ( 100.416 )
1542.000 ( 16.700 ) 1670.300 ( 35.255 ) 1984.306 ( 21.501 ) 2551.950 ( 117.517 )
1542.000 ( 16.700 ) 1675.950 ( 26.003 ) 1990.500 ( 12.446 ) 2522.900 ( 103.879 )
1542.000 ( 16.700 ) 1663.950 ( 36.182 ) 1979.935 ( 13.232 ) 2514.350 ( 131.519 )
1542.000 ( 16.700 ) 1679.450 ( 36.259 ) 1984.730 ( 11.421 ) 2536.550 ( 109.474 )
1542.000 ( 16.700 ) 1662.950 ( 37.455 ) 1991.193 ( 17.283 ) 2545.950 ( 106.817 )
1542.000 ( 16.700 ) 1665.400 ( 28.061 ) 1987.007 ( 18.734 ) 2573.700 ( 164.162 )
1542.000 ( 16.700 ) 1657.500 ( 30.849 ) 1987.620 ( 16.582 ) 2537.800 ( 148.563 )
1542.000 ( 16.700 ) 1659.850 ( 39.003 ) 1987.700 ( 19.454 ) 2521.300 ( 112.360 )
1542.000 ( 16.700 ) 1679.750 ( 38.841 ) 1991.951 ( 14.731 ) 2535.050 ( 90.763 )
1542.000 ( 16.700 ) 1666.700 ( 47.522 ) 1983.220 ( 16.578 ) 2521.800 ( 81.766 )
1542.000 ( 16.700 ) 1656.300 ( 39.589 ) 1979.591 ( 13.412 ) 2500.100 ( 107.282 )
1542.000 ( 16.700 ) 1678.700 ( 24.562 ) 1988.289 ( 21.205 ) 2539.900 ( 137.818 )
1542.000 ( 16.700 ) 1672.800 ( 30.018 ) 1986.518 ( 12.681 ) 2518.850 ( 108.714 )
1542.000 ( 16.700 ) 1652.550 ( 43.598 ) 1987.277 ( 16.139 ) 2582.450 ( 167.359 )
1541.650 ( 16.475 ) 1650.800 ( 47.277 ) 1981.896 ( 13.753 ) 2485.150 ( 82.148 )
1541.650 ( 16.475 ) 1676.350 ( 37.666 ) 1988.168 ( 14.356 ) 2538.000 ( 89.535 )
1541.650 ( 16.475 ) 1673.700 ( 29.789 ) 1982.322 ( 14.027 ) 2549.500 ( 113.260 )
1541.650 ( 16.475 ) 1659.150 ( 32.576 ) 1985.257 ( 21.476 ) 2498.500 ( 108.202 )
1541.650 ( 16.475 ) 1675.850 ( 32.443 ) 1981.099 ( 16.950 ) 2556.450 ( 157.204 )
1541.650 ( 16.475 ) 1672.250 ( 29.043 ) 1985.663 ( 14.105 ) 2507.050 ( 97.600 )
1541.100 ( 16.337 ) 1663.800 ( 48.316 ) 1990.362 ( 17.849 ) 2511.950 ( 112.978 )
1541.100 ( 16.337 ) 1650.650 ( 32.355 ) 1982.785 ( 12.787 ) 2543.400 ( 105.113 )
1541.100 ( 16.337 ) 1674.200 ( 36.970 ) 1987.751 ( 15.378 ) 2536.700 ( 84.525 )
1541.100 ( 16.337 ) 1657.200 ( 26.294 ) 1978.259 ( 17.043 ) 2486.250 ( 117.263 )
1541.100 ( 16.337 ) 1666.250 ( 33.741 ) 1984.161 ( 18.068 ) 2513.250 ( 76.381 )
1541.100 ( 16.337 ) 1672.800 ( 43.611 ) 1987.725 ( 16.947 ) 2516.700 ( 128.026 )
1541.100 ( 16.337 ) 1667.300 ( 39.845 ) 1980.037 ( 15.955 ) 2585.850 ( 138.219 )
1539.950 ( 16.518 ) 1649.950 ( 62.242 ) 1983.963 ( 13.947 ) 2552.300 ( 131.464 )
1539.950 ( 16.518 ) 1661.500 ( 40.353 ) 1984.509 ( 19.590 ) 2475.650 ( 105.999 )
1539.950 ( 16.518 ) 1662.750 ( 30.940 ) 1982.027 ( 16.217 ) 2518.400 ( 124.463 )
1539.950 ( 16.518 ) 1664.350 ( 23.154 ) 1989.763 ( 14.526 ) 2533.900 ( 91.597 )
1539.950 ( 16.518 ) 1675.600 ( 26.150 ) 1987.294 ( 13.931 ) 2560.050 ( 127.032 )
1539.950 ( 16.518 ) 1663.100 ( 35.766 ) 1983.921 ( 21.634 ) 2540.800 ( 133.079 )
1539.950 ( 16.518 ) 1661.700 ( 27.835 ) 1986.260 ( 13.362 ) 2549.000 ( 150.417 )
1539.950 ( 16.518 ) 1667.750 ( 48.260 ) 1983.853 ( 22.969 ) 2528.050 ( 124.096 )
1539.950 ( 16.518 ) 1669.950 ( 29.137 ) 1985.174 ( 13.509 ) 2550.850 ( 180.999 )
1539.950 ( 16.518 ) 1655.550 ( 28.984 ) 1977.302 ( 13.457 ) 2577.150 ( 110.423 )
1539.950 ( 16.518 ) 1660.800 ( 39.101 ) 1981.629 ( 18.702 ) 2529.150 ( 73.769 )
1537.850 ( 14.472 ) 1659.250 ( 38.832 ) 1987.421 ( 21.011 ) 2568.200 ( 103.122 )
1537.850 ( 14.472 ) 1653.700 ( 35.261 ) 1984.209 ( 13.057 ) 2565.150 ( 146.381 )
1537.850 ( 14.472 ) 1654.700 ( 42.102 ) 1987.281 ( 11.320 ) 2543.000 ( 140.980 )
1537.850 ( 14.472 ) 1653.700 ( 32.433 ) 1979.855 ( 18.039 ) 2532.800 ( 127.207 )
1537.850 ( 14.472 ) 1677.100 ( 33.192 ) 1990.998 ( 12.382 ) 2561.150 ( 109.559 )
1537.850 ( 14.472 ) 1672.250 ( 41.441 ) 1988.420 ( 15.828 ) 2543.500 ( 104.797 )
1537.850 ( 14.472 ) 1675.800 ( 39.097 ) 1980.465 ( 17.980 ) 2491.000 ( 111.176 )
1537.850 ( 14.472 ) 1665.550 ( 36.581 ) 1992.286 ( 17.276 ) 2509.650 ( 97.410 )
1537.850 ( 14.472 ) 1671.850 ( 28.971 ) 1981.551 ( 14.077 ) 2536.750 ( 118.918 )
1537.850 ( 14.472 ) 1666.100 ( 43.392 ) 1987.379 ( 12.603 ) 2521.200 ( 100.592 )
1537.850 ( 14.472 ) 1657.200 ( 43.648 ) 1988.349 ( 13.457 ) 2517.000 ( 82.104 )
1537.850 ( 14.472 ) 1672.250 ( 33.394 ) 1990.300 ( 15.219 ) 2542.850 ( 108.477 )
1537.850 ( 14.472 ) 1660.450 ( 57.417 ) 1984.310 ( 16.521 ) 2513.600 ( 106.030 )
1537.850 ( 14.472 ) 1644.650 ( 43.307 ) 1982.455 ( 14.030 ) 2536.550 ( 109.114 )
1537.850 ( 14.472 ) 1675.400 ( 29.966 ) 1983.250 ( 18.092 ) 2498.550 ( 128.774 )
1537.850 ( 14.472 ) 1652.300 ( 33.601 ) 1986.931 ( 18.641 ) 2609.800 ( 105.932 )
1537.850 ( 14.472 ) 1663.200 ( 37.285 ) 1979.577 ( 19.602 ) 2509.350 ( 113.335 )
1537.850 ( 14.472 ) 1657.650 ( 36.589 ) 1978.697 ( 12.928 ) 2521.500 ( 167.461 )
1537.850 ( 14.472 ) 1658.700 ( 37.888 ) 1986.511 ( 18.649 ) 2601.500 ( 133.723 )
1537.850 ( 14.472 ) 1667.050 ( 29.016 ) 1985.724 ( 11.686 ) 2487.600 ( 87.904 )
1537.850 ( 14.472 ) 1660.650 ( 39.408 ) 1982.792 ( 13.038 ) 2498.300 ( 79.078 )
1537.850 ( 14.472 ) 1668.050 ( 37.602 ) 1978.860 ( 17.417 ) 2541.750 ( 123.216 )
1537.850 ( 14.472 ) 1671.050 ( 36.282 ) 1981.823 ( 14.209 ) 2549.450 ( 129.240 )
1537.850 ( 14.472 ) 1656.450 ( 44.166 ) 1989.657 ( 21.462 ) 2516.550 ( 112.772 )
1537.850 ( 14.472 ) 1658.850 ( 39.766 ) 1984.754 ( 19.161 ) 2505.250 ( 85.252 )
1537.850 ( 14.472 ) 1671.400 ( 37.275 ) 1986.436 ( 18.426 ) 2564.300 ( 101.080 )
1537.850 ( 14.472 ) 1662.550 ( 34.365 ) 1982.402 ( 16.571 ) 2505.600 ( 111.615 )
1537.850 ( 14.472 ) 1674.550 ( 26.714 ) 1987.203 ( 9.554 ) 2518.750 ( 76.716 )
1537.850 ( 14.472 ) 1669.850 ( 36.203 ) 1984.351 ( 18.381 ) 2542.150 ( 154.722 )
1537.850 ( 14.472 ) 1658.900 ( 40.782 ) 1986.905 ( 17.849 ) 2519.600 ( 72.767 )
1537.850 ( 14.472 ) 1664.850 ( 26.815 ) 1981.146 ( 22.613 ) 2579.200 ( 150.880 )
1537.850 ( 14.472 ) 1673.700 ( 44.094 ) 1987.474 ( 16.528 ) 2534.200 ( 94.454 )
1537.850 ( 14.472 ) 1650.500 ( 46.669 ) 1987.353 ( 16.992 ) 2512.600 ( 111.054 )
1537.850 ( 14.472 ) 1666.300 ( 34.150 ) 1983.705 ( 19.401 ) 2500.300 ( 113.281 )
1537.850 ( 14.472 ) 1668.300 ( 37.108 ) 1979.697 ( 16.493 ) 2515.050 ( 123.322 )
1537.850 ( 14.472 ) 1648.250 ( 32.767 ) 1981.269 ( 13.720 ) 2520.650 ( 104.047 )
1537.850 ( 14.472 ) 1669.400 ( 38.582 ) 1988.596 ( 12.447 ) 2589.600 ( 131.944 )
1537.300 ( 14.812 ) 1668.900 ( 49.110 ) 1982.576 ( 14.864 ) 2534.050 ( 119.258 )
1537.300 ( 14.812 ) 1669.800 ( 32.566 ) 1980.406 ( 16.372 ) 2491.550 ( 111.134 )
1537.300 ( 14.812 ) 1673.050 ( 34.359 ) 1984.962 ( 18.272 ) 2536.250 ( 99.415 )
1537.300 ( 14.812 ) 1659.750 ( 41.505 ) 1986.792 ( 12.223 ) 2528.850 ( 132.228 )
1537.300 ( 14.812 ) 1649.400 ( 48.397 ) 1984.283 ( 17.480 ) 2548.950 ( 108.232 )
1536.250 ( 14.761 ) 1651.050 ( 41.169 ) 1979.471 ( 12.764 ) 2487.750 ( 104.995 )
1536.250 ( 14.761 ) 1649.200 ( 38.371 ) 1989.332 ( 16.291 ) 2573.800 ( 121.715 )
1536.250 ( 14.761 ) 1662.550 ( 28.454 ) 1985.098 ( 14.028 ) 2551.450 ( 117.931 )
1536.250 ( 14.761 ) 1665.850 ( 41.409 ) 1986.338 ( 13.607 ) 2547.900 ( 93.129 )
1536.250 ( 14.761 ) 1668.850 ( 34.453 ) 1981.639 ( 18.112 ) 2503.950 ( 107.387 )
1536.250 ( 14.761 ) 1666.850 ( 43.119 ) 1985.733 ( 17.615 ) 2524.450 ( 139.272 )
1536.250 ( 14.761 ) 1679.500 ( 31.424 ) 1987.026 ( 14.921 ) 2566.300 ( 122.283 )
1536.250 ( 14.761 ) 1665.350 ( 25.184 ) 1989.006 ( 19.175 ) 2582.950 ( 149.802 )
1536.250 ( 14.761 ) 1656.200 ( 32.954 ) 1978.736 ( 14.359 ) 2522.850 ( 128.789 )
1536.250 ( 14.761 ) 1670.550 ( 28.410 ) 1991.657 ( 16.794 ) 2569.250 ( 154.062 )
1536.250 ( 14.761 ) 1680.800 ( 38.722 ) 1980.976 ( 14.730 ) 2494.300 ( 145.805 )
1536.250 ( 14.761 ) 1666.450 ( 33.442 ) 1994.293 ( 19.752 ) 2541.550 ( 138.230 )
1536.250 ( 14.761 ) 1672.650 ( 31.350 ) 1987.382 ( 21.113 ) 2533.350 ( 102.197 )
1536.250 ( 14.761 ) 1656.800 ( 51.970 ) 1988.288 ( 14.209 ) 2531.100 ( 94.497 )
1536.250 ( 14.761 ) 1668.500 ( 40.345 ) 1983.261 ( 15.596 ) 2488.950 ( 87.941 )
1536.250 ( 14.761 ) 1676.850 ( 36.498 ) 1981.940 ( 15.632 ) 2552.500 ( 96.524 )
1536.250 ( 14.761 ) 1671.500 ( 35.206 ) 1992.135 ( 14.635 ) 2524.850 ( 143.376 )
1536.250 ( 14.761 ) 1669.450 ( 40.214 ) 1984.128 ( 14.883 ) 2512.950 ( 104.075 )
1534.600 ( 14.864 ) 1651.200 ( 42.777 ) 1981.219 ( 18.008 ) 2547.400 ( 110.594 )
1534.600 ( 14.864 ) 1679.650 ( 40.169 ) 1983.311 ( 15.329 ) 2522.750 ( 127.122 )
1534.600 ( 14.864 ) 1663.650 ( 39.445 ) 1987.880 ( 14.797 ) 2521.900 ( 124.970 )
1534.600 ( 14.864 ) 1662.400 ( 50.968 ) 1979.114 ( 12.786 ) 2481.350 ( 115.652 )
1534.600 ( 14.864 ) 1662.950 ( 25.970 ) 1988.032 ( 15.032 ) 2511.150 ( 149.951 )
1534.600 ( 14.864 ) 1662.350 ( 35.559 ) 1984.749 ( 18.192 ) 2548.950 ( 167.177 )
1534.600 ( 14.864 ) 1675.500 ( 31.147 ) 1986.299 ( 17.930 ) 2511.050 ( 147.735 )
1534.600 ( 14.864 ) 1654.550 ( 26.124 ) 1982.233 ( 14.068 ) 2495.450 ( 89.642 )
1534.600 ( 14.864 ) 1663.950 ( 28.500 ) 1987.135 ( 19.665 ) 2530.850 ( 118.782 )
1534.600 ( 14.864 ) 1656.350 ( 45.958 ) 1985.842 ( 16.995 ) 2525.050 ( 98.174 )
1534.600 ( 14.864 ) 1670.300 ( 49.779 ) 1984.353 ( 17.771 ) 2486.750 ( 130.968 )
1534.600 ( 14.864 ) 1663.400 ( 39.547 ) 1983.103 ( 15.051 ) 2605.600 ( 136.853 )
1534.600 ( 14.864 ) 1653.700 ( 41.658 ) 1977.766 ( 17.979 ) 2505.850 ( 105.864 )
1534.600 ( 14.864 ) 1651.950 ( 37.404 ) 1984.759 ( 9.582 ) 2509.900 ( 90.886 )
1534.300 ( 14.690 ) 1637.900 ( 42.519 ) 1982.557 ( 13.944 ) 2526.600 ( 125.399 )
1534.300 ( 14.690 ) 1660.750 ( 45.300 ) 1988.828 ( 19.801 ) 2532.150 ( 127.656 )
1534.300 ( 14.690 ) 1670.650 ( 29.610 ) 1988.621 ( 14.697 ) 2504.900 ( 104.612 )
1534.300 ( 14.690 ) 1655.450 ( 38.634 ) 1982.349 ( 15.206 ) 2540.550 ( 143.891 )
1534.300 ( 14.690 ) 1662.100 ( 50.481 ) 1987.212 ( 15.058 ) 2520.100 ( 113.054 )
1534.300 ( 14.690 ) 1676.850 ( 39.690 ) 1983.830 ( 14.977 ) 2567.750 ( 180.898 )
1534.300 ( 14.690 ) 1669.700 ( 27.545 ) 1977.030 ( 11.063 ) 2511.400 ( 114.925 )
1534.300 ( 14.690 ) 1665.600 ( 38.912 ) 1992.908 ( 16.809 ) 2535.400 ( 149.399 )
1534.300 ( 14.690 ) 1655.650 ( 55.956 ) 1994.388 ( 13.012 ) 2538.000 ( 98.866 )
1534.300 ( 14.690 ) 1671.850 ( 46.269 ) 1990.081 ( 13.462 ) 2506.300 ( 95.270 )
1534.300 ( 14.690 ) 1683.650 ( 25.056 ) 1986.601 ( 15.676 ) 2551.850 ( 142.041 )
1534.300 ( 14.690 ) 1656.950 ( 38.855 ) 1982.460 ( 15.293 ) 2486.450 ( 130.836 )
1534.300 ( 14.690 ) 1655.800 ( 29.710 ) 1991.713 ( 16.519 ) 2540.100 ( 108.105 )
1534.300 ( 14.690 ) 1659.050 ( 33.551 ) 1991.097 ( 16.093 ) 2530.050 ( 87.127 )
1534.300 ( 14.690 ) 1680.750 ( 36.392 ) 1988.347 ( 13.835 ) 2553.300 ( 126.997 )
1533.150 ( 16.054 ) 1659.250 ( 57.828 ) 1987.668 ( 18.191 ) 2541.700 ( 86.844 )
1533.150 ( 16.054 ) 1676.000 ( 28.496 ) 1990.155 ( 16.140 ) 2544.700 ( 123.806 )
1533.150 ( 16.054 ) 1670.400 ( 29.770 ) 1990.690 ( 16.759 ) 2563.800 ( 147.236 )
1533.150 ( 16.054 ) 1665.300 ( 33.303 ) 1982.067 ( 12.923 ) 2548.100 ( 97.582 )
1533.150 ( 16.054 ) 1659.300 ( 25.700 ) 1982.217 ( 16.107 ) 2563.950 ( 132.595 )
1533.150 ( 16.054 ) 1654.400 ( 34.731 ) 1989.238 ( 16.599 ) 2508.150 ( 105.125 )
1533.150 ( 16.054 ) 1659.300 ( 43.252 ) 1986.956 ( 16.242 ) 2503.950 ( 115.527 )
1533.150 ( 16.054 ) 1669.950 ( 44.576 ) 1988.289 ( 17.279 ) 2513.500 ( 90.023 )
1533.150 ( 16.054 ) 1670.700 ( 42.145 ) 1983.294 ( 14.944 ) 2567.700 ( 156.853 )
1533.150 ( 16.054 ) 1652.150 ( 36.797 ) 1984.004 ( 17.225 ) 2572.250 ( 126.735 )
1533.150 ( 16.054 ) 1669.100 ( 34.073 ) 1982.565 ( 19.454 ) 2513.350 ( 137.122 )
1533.150 ( 16.054 ) 1661.300 ( 33.767 ) 1986.922 ( 17.058 ) 2506.000 ( 110.280 )
1533.150 ( 16.054 ) 1668.000 ( 35.087 ) 1992.159 ( 16.704 ) 2544.650 ( 115.247 )
1533.150 ( 16.054 ) 1666.000 ( 45.632 ) 1979.852 ( 20.683 ) 2542.750 ( 118.864 )
1533.150 ( 16.054 ) 1672.750 ( 29.237 ) 1984.669 ( 16.131 ) 2557.850 ( 156.744 )
1531.900 ( 15.339 ) 1667.300 ( 45.742 ) 1981.666 ( 19.471 ) 2499.550 ( 133.085 )
1531.900 ( 15.339 ) 1670.400 ( 33.999 ) 1988.114 ( 13.162 ) 2566.000 ( 112.558 )
1531.900 ( 15.339 ) 1666.400 ( 32.890 ) 1992.980 ( 16.030 ) 2561.200 ( 104.688 )
1531.900 ( 15.339 ) 1660.050 ( 44.919 ) 1986.826 ( 18.827 ) 2566.750 ( 159.046 )
1531.900 ( 15.339 ) 1653.050 ( 32.116 ) 1979.686 ( 16.627 ) 2528.550 ( 128.997 )
1531.900 ( 15.339 ) 1663.150 ( 48.816 ) 1987.734 ( 19.591 ) 2568.050 ( 132.166 )
1531.900 ( 15.339 ) 1675.850 ( 36.520 ) 1986.196 ( 17.964 ) 2517.050 ( 127.634 )
1531.900 ( 15.339 ) 1664.800 ( 44.532 ) 1991.646 ( 11.217 ) 2556.000 ( 92.403 )
1531.900 ( 15.339 ) 1665.400 ( 41.917 ) 1987.319 ( 11.800 ) 2516.050 ( 94.148 )
1531.900 ( 15.339 ) 1663.550 ( 34.555 ) 1984.346 ( 23.260 ) 2518.600 ( 130.945 )
1531.050 ( 15.612 ) 1653.500 ( 48.231 ) 1992.056 ( 16.767 ) 2515.850 ( 98.041 )
1531.050 ( 15.612 ) 1682.300 ( 33.299 ) 1984.918 ( 15.646 ) 2549.900 ( 142.227 )
1531.050 ( 15.612 ) 1663.250 ( 24.894 ) 1984.411 ( 22.447 ) 2555.050 ( 115.594 )
1531.050 ( 15.612 ) 1687.150 ( 40.315 ) 1986.329 ( 12.082 ) 2556.250 ( 115.417 )
1531.050 ( 15.612 ) 1660.000 ( 47.814 ) 1979.347 ( 11.611 ) 2530.050 ( 100.925 )
1531.050 ( 15.612 ) 1661.600 ( 44.283 ) 1984.305 ( 13.862 ) 2523.250 ( 148.493 )
1531.050 ( 15.612 ) 1660.700 ( 37.719 ) 1987.309 ( 18.981 ) 2563.850 ( 87.264 )
1531.050 ( 15.612 ) 1655.400 ( 47.736 ) 1984.129 ( 15.857 ) 2565.000 ( 139.825 )
1531.050 ( 15.612 ) 1666.250 ( 34.495 ) 1987.688 ( 22.174 ) 2541.300 ( 146.686 )
1531.050 ( 15.612 ) 1663.650 ( 33.853 ) 1985.671 ( 18.213 ) 2540.550 ( 105.753 )
1531.050 ( 15.612 ) 1674.700 ( 35.104 ) 1987.266 ( 12.088 ) 2528.450 ( 98.151 )
1531.050 ( 15.612 ) 1644.050 ( 32.580 ) 1982.237 ( 13.369 ) 2521.600 ( 125.453 )
1531.050 ( 15.612 ) 1661.000 ( 40.912 ) 1984.422 ( 17.062 ) 2534.950 ( 81.048 )
1531.050 ( 15.612 ) 1665.500 ( 35.719 ) 1987.454 ( 13.634 ) 2548.950 ( 122.852 )
1531.050 ( 15.612 ) 1677.650 ( 28.952 ) 1987.779 ( 17.730 ) 2501.200 ( 126.319 )
1531.050 ( 15.612 ) 1670.300 ( 31.156 ) 1982.504 ( 14.938 ) 2535.000 ( 111.774 )
1531.050 ( 15.612 ) 1660.500 ( 41.113 ) 1982.552 ( 16.612 ) 2522.450 ( 80.692 )
1529.300 ( 16.128 ) 1656.250 ( 55.870 ) 1988.430 ( 18.706 ) 2524.250 ( 80.056 )
1529.300 ( 16.128 ) 1660.000 ( 44.397 ) 1988.332 ( 14.821 ) 2567.050 ( 108.763 )
1529.300 ( 16.128 ) 1674.150 ( 35.488 ) 1993.026 ( 19.971 ) 2564.800 ( 144.767 )
1529.300 ( 16.128 ) 1651.000 ( 31.755 ) 1988.075 ( 14.163 ) 2542.150 ( 84.087 )
1529.300 ( 16.128 ) 1660.950 ( 31.794 ) 1983.133 ( 18.016 ) 2499.150 ( 107.251 )
1529.000 ( 16.019 ) 1664.050 ( 50.460 ) 1979.581 ( 14.880 ) 2541.800 ( 110.872 )
1529.000 ( 16.019 ) 1681.200 ( 34.470 ) 1992.561 ( 18.165 ) 2554.600 ( 131.885 )
1529.000 ( 16.019 ) 1647.400 ( 47.250 ) 1982.582 ( 11.934 ) 2525.050 ( 106.166 )
1529.000 ( 16.019 ) 1670.100 ( 37.098 ) 1980.488 ( 16.491 ) 2515.900 ( 118.233 )
1529.000 ( 16.019 ) 1666.550 ( 37.095 ) 1990.340 ( 17.254 ) 2516.550 ( 78.317 )
1529.000 ( 16.019 ) 1647.350 ( 41.813 ) 1975.514 ( 17.564 ) 2524.100 ( 127.113 )
1529.000 ( 16.019 ) 1659.000 ( 44.371 ) 1988.600 ( 9.591 ) 2546.700 ( 120.089 )
1529.000 ( 16.019 ) 1679.800 ( 36.949 ) 1988.122 ( 15.249 ) 2539.650 ( 128.735 )
1529.000 ( 16.019 ) 1650.900 ( 42.017 ) 1978.764 ( 16.418 ) 2502.550 ( 175.788 )
1529.000 ( 16.019 ) 1657.900 ( 39.077 ) 1993.313 ( 16.062 ) 2563.800 ( 129.607 )
1529.000 ( 16.019 ) 1656.750 ( 31.167 ) 1987.197 ( 12.249 ) 2535.950 ( 96.293 )
1529.000 ( 16.019 ) 1670.800 ( 43.756 ) 1984.802 ( 10.382 ) 2545.550 ( 112.890 )
1529.000 ( 16.019 ) 1653.000 ( 40.645 ) 1984.968 ( 16.229 ) 2540.600 ( 145.391 )
1529.000 ( 16.019 ) 1673.550 ( 25.812 ) 1984.523 ( 19.898 ) 2575.450 ( 148.026 )
1529.000 ( 16.019 ) 1648.650 ( 36.735 ) 1988.171 ( 23.096 ) 2549.300 ( 100.507 )
1529.000 ( 16.019 ) 1651.200 ( 30.881 ) 1990.293 ( 15.751 ) 2523.400 ( 92.057 )
1528.000 ( 16.420 ) 1651.300 ( 51.313 ) 1987.510 ( 16.343 ) 2556.500 ( 118.515 )
1528.000 ( 16.420 ) 1665.550 ( 31.109 ) 1987.766 ( 16.144 ) 2610.950 ( 164.690 )
1528.000 ( 16.420 ) 1666.000 ( 40.279 ) 1983.346 ( 12.953 ) 2493.800 ( 100.687 )
1528.000 ( 16.420 ) 1654.800 ( 45.335 ) 1986.631 ( 21.195 ) 2563.200 ( 103.894 )
1527.900 ( 16.589 ) 1656.150 ( 48.000 ) 1977.422 ( 13.216 ) 2559.150 ( 131.266 )
1527.900 ( 16.589 ) 1665.550 ( 45.976 ) 1988.653 ( 15.924 ) 2525.900 ( 144.112 )
1527.900 ( 16.589 ) 1676.150 ( 24.111 ) 1987.294 ( 17.290 ) 2522.050 ( 84.582 )
1527.900 ( 16.589 ) 1654.000 ( 43.785 ) 1983.942 ( 16.789 ) 2540.150 ( 140.287 )
1527.900 ( 16.589 ) 1677.000 ( 32.303 ) 1990.126 ( 13.015 ) 2533.100 ( 127.475 )
1527.900 ( 16.589 ) 1662.950 ( 39.889 ) 1988.043 ( 15.645 ) 2530.500 ( 122.912 )
1527.900 ( 16.589 ) 1668.150 ( 30.608 ) 1992.102 ( 13.440 ) 2580.900 ( 102.466 )
1527.900 ( 16.589 ) 1666.250 ( 41.182 ) 1981.928 ( 17.537 ) 2515.350 ( 70.494 )
1527.900 ( 16.589 ) 1662.150 ( 57.035 ) 1990.071 ( 18.774 ) 2562.850 ( 135.144 )
1527.900 ( 16.589 ) 1666.200 ( 29.767 ) 1994.336 ( 19.494 ) 2520.800 ( 116.027 )
1527.900 ( 16.589 ) 1665.700 ( 31.670 ) 1990.112 ( 18.394 ) 2528.150 ( 168.860 )
1526.400 ( 15.577 ) 1656.650 ( 41.916 ) 1980.999 ( 15.684 ) 2607.750 ( 142.597 )
1526.400 ( 15.577 ) 1655.950 ( 37.591 ) 1984.360 ( 21.201 ) 2503.500 ( 104.683 )
1526.400 ( 15.577 ) 1663.400 ( 42.414 ) 1984.045 ( 14.992 ) 2545.050 ( 112.045 )
1526.400 ( 15.577 ) 1674.750 ( 33.162 ) 1979.755 ( 17.354 ) 2529.450 ( 114.451 )
1526.400 ( 15.577 ) 1672.950 ( 39.982 ) 1983.460 ( 10.787 ) 2507.650 ( 124.743 )
1526.400 ( 15.577 ) 1657.900 ( 53.871 ) 1983.319 ( 15.625 ) 2544.750 ( 112.983 )
1526.400 ( 15.577 ) 1644.500 ( 32.704 ) 1981.494 ( 14.192 ) 2486.250 ( 104.556 )
1526.400 ( 15.577 ) 1660.800 ( 31.627 ) 1983.968 ( 14.025 ) 2593.750 ( 157.546 )
1526.400 ( 15.577 ) 1660.450 ( 48.751 ) 1983.726 ( 20.091 ) 2564.850 ( 107.612 )
1526.400 ( 15.577 ) 1661.750 ( 33.804 ) 1985.571 ( 11.484 ) 2544.000 ( 127.544 )
1526.400 ( 15.577 ) 1661.600 ( 32.163 ) 1982.667 ( 11.051 ) 2583.000 ( 132.650 )
1526.400 ( 15.577 ) 1660.600 ( 33.156 ) 1982.376 ( 23.919 ) 2596.900 ( 141.279 )
1526.400 ( 15.577 ) 1680.250 ( 33.750 ) 1975.743 ( 11.209 ) 2541.700 ( 126.966 )
1526.400 ( 15.577 ) 1656.400 ( 40.457 ) 1982.177 ( 15.659 ) 2476.500 ( 85.640 )
1526.400 ( 15.577 ) 1675.850 ( 29.652 ) 1985.876 ( 15.919 ) 2512.750 ( 89.945 )
1526.400 ( 15.577 ) 1667.700 ( 27.096 ) 1984.796 ( 16.594 ) 2518.650 ( 99.334 )
1526.400 ( 15.577 ) 1672.000 ( 43.041 ) 1987.590 ( 19.856 ) 2532.400 ( 85.729 )
1526.400 ( 15.577 ) 1651.000 ( 42.207 ) 1982.081 ( 22.217 ) 2600.950 ( 132.894 )
1526.400 ( 15.577 ) 1666.700 ( 42.101 ) 1983.572 ( 13.757 ) 2523.800 ( 134.575 )
1526.400 ( 15.577 ) 1670.600 ( 34.826 ) 1983.977 ( 13.063 ) 2563.650 ( 153.092 )
1526.400 ( 15.577 ) 1654.700 ( 39.091 ) 1987.767 ( 13.031 ) 2511.050 ( 135.399 )
1526.400 ( 15.577 ) 1659.300 ( 33.952 ) 1985.474 ( 19.454 ) 2529.250 ( 117.984 )
1526.400 ( 15.577 ) 1662.600 ( 39.112 ) 1994.587 ( 13.459 ) 2518.800 ( 74.600 )
1526.400 ( 15.577 ) 1676.100 ( 31.174 ) 1983.112 ( 20.893 ) 2598.650 ( 181.227 )
1526.400 ( 15.577 ) 1665.950 ( 42.538 ) 1986.408 ( 14.449 ) 2498.650 ( 92.795 )
1525.100 ( 15.362 ) 1657.750 ( 55.693 ) 1989.034 ( 15.855 ) 2545.650 ( 127.509 )
1525.100 ( 15.362 ) 1672.400 ( 46.779 ) 1984.155 ( 16.767 ) 2516.650 ( 110.411 )
1525.100 ( 15.362 ) 1667.700 ( 44.738 ) 1988.388 ( 14.918 ) 2559.500 ( 125.821 )
1525.100 ( 15.362 ) 1645.400 ( 44.842 ) 1983.918 ( 16.856 ) 2572.850 ( 104.589 )
1525.100 ( 15.362 ) 1660.350 ( 45.226 ) 1987.744 ( 22.749 ) 2513.100 ( 89.262 )
1525.100 ( 15.362 ) 1673.100 ( 35.003 ) 1981.053 ( 23.103 ) 2546.650 ( 116.376 )
1525.100 ( 15.362 ) 1669.350 ( 25.503 ) 1993.322 ( 16.246 ) 2603.650 ( 126.040 )
1525.100 ( 15.362 ) 1670.900 ( 38.744 ) 1984.415 ( 15.717 ) 2490.550 ( 70.722 )
1525.100 ( 15.362 ) 1650.200 ( 45.454 ) 1987.884 ( 15.844 ) 2551.700 ( 160.568 )
1525.100 ( 15.362 ) 1658.050 ( 40.504 ) 1987.243 ( 17.726 ) 2547.750 ( 119.583 )
1525.100 ( 15.362 ) 1650.900 ( 52.649 ) 1987.572 ( 14.063 ) 2504.250 ( 103.893 )
1525.100 ( 15.362 ) 1646.550 ( 37.101 ) 1984.380 ( 14.183 ) 2535.800 ( 151.083 )
1525.100 ( 15.362 ) 1676.150 ( 31.734 ) 1982.078 ( 21.310 ) 2532.750 ( 113.334 )
1525.100 ( 15.362 ) 1673.500 ( 31.104 ) 1983.554 ( 16.072 ) 2535.700 ( 94.829 )
1525.100 ( 15.362 ) 1654.050 ( 30.324 ) 1983.125 ( 18.403 ) 2561.500 ( 122.587 )
1525.100 ( 15.362 ) 1650.750 ( 39.372 ) 1983.016 ( 18.409 ) 2536.100 ( 132.686 )
1525.100 ( 15.362 ) 1665.300 ( 39.060 ) 1977.428 ( 12.074 ) 2490.450 ( 98.206 )
1525.100 ( 15.362 ) 1662.850 ( 31.679 ) 1986.117 ( 12.939 ) 2547.050 ( 113.521 )
1525.100 ( 15.362 ) 1677.150 ( 33.698 ) 1984.689 ( 21.013 ) 2505.450 ( 132.871 )
1525.100 ( 15.362 ) 1663.100 ( 39.929 ) 1980.902 ( 17.513 ) 2506.100 ( 101.046 )
1525.100 ( 15.362 ) 1668.650 ( 38.420 ) 1991.727 ( 17.684 ) 2556.550 ( 120.612 )
1525.100 ( 15.362 ) 1666.250 ( 38.146 ) 1989.036 ( 15.771 ) 2601.500 ( 170.437 )
1525.100 ( 15.362 ) 1645.750 ( 33.578 ) 1979.692 ( 16.410 ) 2589.450 ( 145.274 )
1525.100 ( 15.362 ) 1669.550 ( 50.880 ) 1986.443 ( 21.633 ) 2491.150 ( 107.138 )
1525.100 ( 15.362 ) 1651.200 ( 50.274 ) 1983.425 ( 17.691 ) 2589.500 ( 150.214 )
1525.100 ( 15.362 ) 1648.350 ( 42.699 ) 1976.309 ( 17.038 ) 2480.150 ( 91.027 )
1525.100 ( 15.362 ) 1674.800 ( 23.625 ) 1990.573 ( 10.288 ) 2529.100 ( 134.628 )
1525.100 ( 15.362 ) 1652.950 ( 41.977 ) 1993.399 ( 19.545 ) 2596.850 ( 146.379 )
1525.100 ( 15.362 ) 1672.250 ( 36.624 ) 1980.403 ( 15.008 ) 2533.950 ( 109.935 )
1525.100 ( 15.362 ) 1648.550 ( 40.188 ) 1990.803 ( 12.112 ) 2559.750 ( 106.811 )
1525.100 ( 15.362 ) 1658.900 ( 32.210 ) 1985.466 ( 18.163 ) 2530.000 ( 111.789 )
1525.100 ( 15.362 ) 1671.250 ( 37.642 ) 1986.647 ( 15.003 ) 2562.550 ( 115.628 )
1525.100 ( 15.362 ) 1667.250 ( 29.764 ) 1991.670 ( 15.547 ) 2544.200 ( 131.184 )
1525.100 ( 15.362 ) 1657.450 ( 39.189 ) 1986.594 ( 16.672 ) 2605.500 ( 170.752 )
1525.100 ( 15.362 ) 1680.150 ( 39.233 ) 1987.955 ( 17.579 ) 2579.650 ( 116.153 )
1525.100 ( 15.362 ) 1658.650 ( 37.532 ) 1979.652 ( 18.611 ) 2506.300 ( 108.461 )
1525.100 ( 15.362 ) 1657.550 ( 40.993 ) 1983.668 ( 14.589 ) 2568.500 ( 132.048 )
1525.100 ( 15.362 ) 1657.550 ( 29.527 ) 1986.854 ( 14.640 ) 2586.650 ( 167.329 )
1525.100 ( 15.362 ) 1656.100 ( 36.744 ) 1987.732 ( 19.379 ) 2517.350 ( 88.733 )
1525.100 ( 15.362 ) 1650.550 ( 45.837 ) 1986.013 ( 19.836 ) 2544.650 ( 115.290 )
1525.100 ( 15.362 ) 1657.350 ( 33.237 ) 1986.124 ( 17.582 ) 2549.250 ( 122.428 )
1525.100 ( 15.362 ) 1650.500 ( 35.723 ) 1986.115 ( 19.838 ) 2592.200 ( 237.461 )
