Iteration: 0	1588	1588	1919.54	2555
Iteration: 1	1471	1471	1879.42	2416
Iteration: 2	1471	1589	1876.28	2468
Iteration: 3	1471	1559	1929.57	2623
Iteration: 4	1471	1558	1893.91	2477
Iteration: 5	1471	1556	1903.98	2447
Iteration: 6	1471	1605	1886.61	2519
Iteration: 7	1471	1588	1892.38	2432
Iteration: 8	1471	1605	1957.35	2561
Iteration: 9	1471	1504	1932.89	2567
Iteration: 10	1471	1567	1898.16	2474
Iteration: 11	1471	1495	1876.67	2483
Iteration: 12	1471	1546	1891.35	2336
Iteration: 13	1471	1543	1899.47	2613
Iteration: 14	1471	1580	1890.63	2436
Iteration: 15	1471	1579	1904.6	2492
Iteration: 16	1471	1571	1903.83	2469
Iteration: 17	1471	1548	1913.13	2658
Iteration: 18	1471	1588	1880.43	2354
Iteration: 19	1471	1509	1875.73	2402
Iteration: 20	1471	1543	1884.41	2299
Iteration: 21	1471	1629	1886.6	2403
Iteration: 22	1471	1541	1897.77	2436
Iteration: 23	1471	1605	1890.78	2358
Iteration: 24	1471	1617	1907.01	2376
Iteration: 25	1471	1582	1896.29	2503
Iteration: 26	1471	1598	1898.42	2565
Iteration: 27	1471	1570	1907.43	2364
Iteration: 28	1471	1550	1871.63	2427
Iteration: 29	1471	1538	1891.95	2443
Iteration: 30	1471	1620	1892.87	2450
Iteration: 31	1471	1608	1901.19	2603
Iteration: 32	1471	1574	1894.27	2402
Iteration: 33	1471	1547	1883.47	2286
Iteration: 34	1471	1582	1900.83	2395
Iteration: 35	1471	1633	1901.34	2364
Iteration: 36	1471	1530	1909.66	2610
Iteration: 37	1471	1585	1907.1	2550
Iteration: 38	1471	1562	1883.88	2461
Iteration: 39	1471	1531	1919.76	2523
Iteration: 40	1471	1535	1910.28	2461
Iteration: 41	1471	1522	1876.68	2429
Iteration: 42	1471	1588	1914.28	2538
Iteration: 43	1471	1572	1870.24	2632
Iteration: 44	1471	1487	1906.71	2655
Iteration: 45	1471	1545	1911.22	2516
Iteration: 46	1471	1567	1892.28	2558
Iteration: 47	1471	1635	1888.8	2696
Iteration: 48	1471	1489	1903.36	2347
Iteration: 49	1471	1561	1905.27	2608
