Iteration: 0	1576	1576	1937.09	2594
Iteration: 1	1576	1584	1924.11	2457
Iteration: 2	1471	1471	1871.16	2333
Iteration: 3	1471	1552	1913.51	2517
Iteration: 4	1471	1511	1861.33	2581
Iteration: 5	1471	1566	1884.82	2542
Iteration: 6	1471	1547	1893.68	2403
Iteration: 7	1471	1623	1882.72	2279
Iteration: 8	1471	1565	1908.95	2409
Iteration: 9	1471	1541	1888.61	2428
Iteration: 10	1471	1673	1931.93	2694
Iteration: 11	1471	1500	1901.19	2442
Iteration: 12	1471	1521	1881.12	2481
Iteration: 13	1471	1569	1877.5	2361
Iteration: 14	1471	1561	1900.85	2627
Iteration: 15	1439	1439	1875.05	2740
Iteration: 16	1439	1594	1902.57	2482
Iteration: 17	1439	1545	1902.19	2334
Iteration: 18	1439	1597	1923.64	2439
Iteration: 19	1439	1467	1922.5	2407
Iteration: 20	1439	1579	1917.51	2452
Iteration: 21	1439	1586	1917.5	2512
Iteration: 22	1439	1596	1902.38	2322
Iteration: 23	1439	1537	1888.48	2374
Iteration: 24	1439	1499	1874.85	2404
Iteration: 25	1439	1578	1884	2373
Iteration: 26	1439	1550	1919.02	2725
Iteration: 27	1439	1538	1911.28	2474
Iteration: 28	1439	1609	1933.86	2510
Iteration: 29	1439	1591	1870.07	2255
Iteration: 30	1439	1478	1857.42	2240
Iteration: 31	1439	1594	1915.38	2477
Iteration: 32	1392	1392	1873.16	2917
Iteration: 33	1392	1570	1870.91	2261
Iteration: 34	1392	1586	1890.91	2457
Iteration: 35	1392	1606	1877.35	2356
Iteration: 36	1392	1538	1899.99	2603
Iteration: 37	1392	1590	1911.6	2454
Iteration: 38	1392	1547	1901.01	2504
Iteration: 39	1392	1570	1879.81	2387
Iteration: 40	1392	1594	1857.7	2436
Iteration: 41	1392	1494	1892.56	2476
Iteration: 42	1392	1581	1882.77	2383
Iteration: 43	1392	1593	1892.52	2430
Iteration: 44	1392	1491	1897.14	2643
Iteration: 45	1392	1621	1942.32	2540
Iteration: 46	1392	1577	1870.43	2331
Iteration: 47	1392	1505	1909.8	2810
Iteration: 48	1392	1603	1899.82	2348
Iteration: 49	1392	1563	1889.15	2384
Iteration: 50	1392	1589	1884.33	2590
Iteration: 51	1392	1502	1889.28	2480
Iteration: 52	1392	1537	1903.89	2302
Iteration: 53	1392	1527	1888.94	2353
Iteration: 54	1392	1575	1909.62	2300
Iteration: 55	1392	1637	1875.15	2407
Iteration: 56	1392	1618	1921.59	2579
Iteration: 57	1392	1605	1851.83	2267
Iteration: 58	1392	1473	1891.61	2734
Iteration: 59	1392	1597	1910.74	2735
Iteration: 60	1392	1538	1860.64	2354
Iteration: 61	1392	1521	1888.8	2445
Iteration: 62	1392	1545	1877.49	2288
Iteration: 63	1392	1570	1857.96	2847
Iteration: 64	1392	1578	1890.67	2295
Iteration: 65	1392	1569	1898.74	2317
Iteration: 66	1392	1551	1896.37	2528
Iteration: 67	1392	1566	1898.18	2340
Iteration: 68	1392	1538	1917.29	2540
Iteration: 69	1392	1571	1881.86	2683
Iteration: 70	1392	1618	1891.61	2419
Iteration: 71	1392	1501	1881.84	2648
Iteration: 72	1392	1546	1881.44	2407
Iteration: 73	1392	1568	1878.47	2788
Iteration: 74	1392	1536	1903.49	2588
Iteration: 75	1392	1573	1891.72	2707
Iteration: 76	1392	1562	1901.56	2572
Iteration: 77	1392	1557	1904.88	2341
Iteration: 78	1392	1565	1880.13	2434
Iteration: 79	1392	1596	1909.11	2576
Iteration: 80	1392	1538	1914.15	2286
Iteration: 81	1392	1571	1874.59	2416
Iteration: 82	1392	1564	1872.71	2294
Iteration: 83	1392	1606	1915.4	2438
Iteration: 84	1392	1463	1895.04	2515
Iteration: 85	1392	1604	1913.19	2348
Iteration: 86	1392	1520	1877.66	2662
Iteration: 87	1392	1554	1911.85	2542
Iteration: 88	1392	1548	1878.94	2534
Iteration: 89	1392	1522	1872.8	2612
Iteration: 90	1392	1585	1899.73	2483
Iteration: 91	1392	1587	1872.45	2463
Iteration: 92	1392	1603	1898.32	2327
Iteration: 93	1392	1613	1883.11	2241
Iteration: 94	1392	1524	1914.87	2808
Iteration: 95	1392	1572	1908.76	2915
Iteration: 96	1392	1555	1899.73	2587
Iteration: 97	1392	1589	1903.97	2303
Iteration: 98	1392	1574	1930.88	2614
Iteration: 99	1392	1517	1874.21	2422
Iteration: 100	1392	1528	1885.51	2286
Iteration: 101	1392	1593	1873.51	2263
Iteration: 102	1392	1577	1902.43	2583
Iteration: 103	1392	1525	1909.74	2643
Iteration: 104	1392	1597	1887.65	2335
Iteration: 105	1392	1608	1891.53	2655
Iteration: 106	1392	1561	1893.18	2408
Iteration: 107	1392	1582	1874.48	2775
Iteration: 108	1392	1572	1887.04	2480
Iteration: 109	1392	1598	1885.23	2476
Iteration: 110	1392	1530	1882.08	2566
Iteration: 111	1392	1536	1904.05	2328
Iteration: 112	1392	1579	1886.65	2595
Iteration: 113	1392	1551	1920.03	2384
Iteration: 114	1392	1495	1889.35	2371
Iteration: 115	1392	1577	1923.63	2477
Iteration: 116	1392	1547	1901.24	2390
Iteration: 117	1392	1565	1885.01	2414
Iteration: 118	1392	1572	1892.77	2484
Iteration: 119	1392	1595	1925.12	2644
Iteration: 120	1392	1539	1879.54	2600
Iteration: 121	1392	1545	1881.96	2391
Iteration: 122	1392	1500	1878.19	2442
Iteration: 123	1392	1523	1890.79	2217
Iteration: 124	1392	1574	1905.83	2558
Iteration: 125	1392	1546	1888.11	2442
Iteration: 126	1392	1575	1874.35	2452
Iteration: 127	1392	1538	1905.53	2431
Iteration: 128	1392	1542	1910.15	2459
Iteration: 129	1392	1584	1928.17	2576
Iteration: 130	1392	1589	1909.4	2702
Iteration: 131	1392	1556	1895.34	2495
Iteration: 132	1392	1584	1923.3	2703
Iteration: 133	1392	1531	1880.77	2432
Iteration: 134	1392	1525	1874.09	2371
Iteration: 135	1392	1579	1914.49	2547
Iteration: 136	1392	1549	1906.04	2406
Iteration: 137	1392	1543	1839.73	2268
Iteration: 138	1392	1592	1859.12	2487
Iteration: 139	1392	1577	1910.51	2401
Iteration: 140	1392	1632	1919.01	2503
Iteration: 141	1392	1573	1905.9	2650
Iteration: 142	1392	1568	1888.44	2517
Iteration: 143	1392	1589	1885.61	2443
Iteration: 144	1392	1520	1893.92	2529
Iteration: 145	1392	1576	1935.09	2381
Iteration: 146	1392	1569	1872.38	2327
Iteration: 147	1392	1573	1902.76	2441
Iteration: 148	1392	1523	1902.45	2407
Iteration: 149	1392	1634	1893.03	2355
