Iteration: 0	1537	1537	1957.08	2699
Iteration: 1	1537	1614	1953.83	2489
Iteration: 2	1517	1517	1912.82	2535
Iteration: 3	1517	1524	1906.54	2556
Iteration: 4	1517	1521	1875.5	2480
Iteration: 5	1517	1570	1897.27	2856
Iteration: 6	1517	1541	1905.43	2448
Iteration: 7	1517	1579	1907.77	2348
Iteration: 8	1517	1601	1914.87	2451
Iteration: 9	1517	1585	1909.09	2497
Iteration: 10	1517	1570	1895.72	2412
Iteration: 11	1517	1527	1912.34	2523
Iteration: 12	1517	1557	1891.45	2324
Iteration: 13	1477	1477	1921.31	2369
Iteration: 14	1477	1548	1891.85	2399
Iteration: 15	1477	1557	1878.95	2453
Iteration: 16	1477	1595	1917.92	2442
Iteration: 17	1477	1606	1914.1	2325
Iteration: 18	1477	1587	1911.03	2392
Iteration: 19	1477	1542	1913.62	2396
Iteration: 20	1477	1586	1885.55	2404
Iteration: 21	1477	1520	1893.1	2461
Iteration: 22	1477	1609	1862.35	2318
Iteration: 23	1477	1602	1902.22	2544
Iteration: 24	1477	1543	1868.88	2458
Iteration: 25	1477	1573	1885.27	2433
Iteration: 26	1477	1548	1916.47	2560
Iteration: 27	1477	1520	1920.36	2908
Iteration: 28	1477	1586	1901.32	2478
Iteration: 29	1477	1567	1917.72	2558
Iteration: 30	1477	1568	1880.99	2529
Iteration: 31	1477	1610	1877.57	2364
Iteration: 32	1477	1617	1888.34	2396
Iteration: 33	1477	1568	1870.58	2462
Iteration: 34	1477	1574	1858.89	2286
Iteration: 35	1477	1606	1916.08	2438
Iteration: 36	1477	1597	1885.55	2369
Iteration: 37	1477	1601	1889.42	2395
Iteration: 38	1477	1586	1890.44	2429
Iteration: 39	1477	1563	1882.86	2417
Iteration: 40	1477	1553	1920.97	2596
Iteration: 41	1477	1477	1903.33	2409
Iteration: 42	1477	1560	1864.56	2617
Iteration: 43	1477	1606	1899.68	2456
Iteration: 44	1477	1519	1902.83	2580
Iteration: 45	1477	1573	1885.55	2342
Iteration: 46	1477	1577	1895.24	2632
Iteration: 47	1477	1585	1890.72	2462
Iteration: 48	1477	1479	1876.84	2286
Iteration: 49	1477	1594	1901.3	2501
Iteration: 50	1477	1579	1898.63	2624
Iteration: 51	1477	1571	1914.18	2535
Iteration: 52	1477	1608	1917.9	2478
Iteration: 53	1477	1560	1916.61	2377
Iteration: 54	1477	1618	1895.24	2431
Iteration: 55	1477	1582	1893.27	2590
Iteration: 56	1477	1546	1880.23	2356
Iteration: 57	1477	1516	1885.1	2312
Iteration: 58	1477	1552	1929.45	2608
Iteration: 59	1477	1554	1900.61	2818
Iteration: 60	1477	1570	1862.72	2371
Iteration: 61	1477	1524	1878.87	2346
Iteration: 62	1477	1557	1903.22	2364
Iteration: 63	1477	1548	1870.91	2350
Iteration: 64	1477	1550	1883.21	2585
Iteration: 65	1477	1593	1884.39	2587
Iteration: 66	1477	1547	1871.92	2526
Iteration: 67	1477	1497	1875.6	2513
Iteration: 68	1477	1573	1908.51	2426
Iteration: 69	1477	1536	1896.56	2567
Iteration: 70	1477	1565	1895.19	2613
Iteration: 71	1477	1507	1869.86	2344
Iteration: 72	1477	1544	1891.14	2322
Iteration: 73	1477	1506	1907.18	2360
Iteration: 74	1477	1530	1887.21	2618
Iteration: 75	1477	1592	1894.81	2293
Iteration: 76	1477	1586	1862.42	2359
Iteration: 77	1477	1594	1884.23	2430
Iteration: 78	1477	1619	1873.25	2482
Iteration: 79	1477	1606	1924.61	2663
Iteration: 80	1477	1597	1889.72	2281
Iteration: 81	1477	1507	1872.72	2326
Iteration: 82	1477	1580	1901.74	2391
Iteration: 83	1477	1532	1916.88	2373
Iteration: 84	1477	1612	1925.02	2422
Iteration: 85	1477	1523	1896.66	2588
Iteration: 86	1477	1515	1906.61	2534
Iteration: 87	1477	1541	1869.14	2384
Iteration: 88	1477	1595	1880.45	2328
Iteration: 89	1477	1566	1871.81	2370
Iteration: 90	1477	1505	1879.24	2557
Iteration: 91	1477	1552	1924.27	2498
Iteration: 92	1477	1552	1889.73	2343
Iteration: 93	1477	1583	1890.5	2441
Iteration: 94	1477	1559	1870.79	2556
Iteration: 95	1477	1580	1931.73	2469
Iteration: 96	1477	1533	1883.32	2509
Iteration: 97	1477	1605	1915.64	2457
Iteration: 98	1477	1553	1884.36	2317
Iteration: 99	1477	1579	1902.44	2730
Iteration: 100	1477	1607	1889.12	2352
Iteration: 101	1477	1551	1910.17	2354
Iteration: 102	1477	1570	1902.9	2392
Iteration: 103	1477	1580	1903.43	2447
Iteration: 104	1475	1475	1870.13	2330
Iteration: 105	1475	1550	1886.42	2413
Iteration: 106	1475	1569	1891.96	2385
Iteration: 107	1475	1536	1878.57	2405
Iteration: 108	1475	1554	1900.37	2501
Iteration: 109	1475	1579	1911.62	2383
Iteration: 110	1475	1566	1868.73	2243
Iteration: 111	1475	1586	1906.04	2418
Iteration: 112	1475	1579	1879.31	2312
Iteration: 113	1475	1551	1894.09	2442
Iteration: 114	1475	1600	1878.01	2436
Iteration: 115	1475	1619	1904.18	2458
Iteration: 116	1475	1576	1879.42	2364
Iteration: 117	1475	1565	1865.99	2421
Iteration: 118	1475	1539	1901.86	2435
Iteration: 119	1475	1551	1866.56	2390
Iteration: 120	1475	1524	1885.34	2553
Iteration: 121	1475	1525	1903.12	2449
Iteration: 122	1475	1563	1893.9	2486
Iteration: 123	1475	1565	1905.11	2521
Iteration: 124	1475	1482	1893.19	2513
Iteration: 125	1475	1576	1910.7	2482
Iteration: 126	1475	1510	1887.4	2529
Iteration: 127	1475	1506	1889.56	2568
Iteration: 128	1475	1531	1892.51	2382
Iteration: 129	1475	1596	1896.13	2399
Iteration: 130	1475	1641	1912.81	2486
Iteration: 131	1475	1603	1902.47	2379
Iteration: 132	1475	1553	1855.93	2369
Iteration: 133	1475	1521	1876.05	2414
Iteration: 134	1475	1587	1882.21	2459
Iteration: 135	1475	1512	1887.5	2529
Iteration: 136	1475	1567	1869.57	2383
Iteration: 137	1475	1552	1909.93	2743
Iteration: 138	1475	1602	1912.77	2595
Iteration: 139	1475	1509	1885.53	2529
Iteration: 140	1475	1586	1899.1	2483
Iteration: 141	1475	1599	1906.83	2370
Iteration: 142	1475	1559	1883.6	2300
Iteration: 143	1475	1596	1895.93	2382
Iteration: 144	1475	1484	1904.19	2299
Iteration: 145	1475	1551	1887.79	2473
Iteration: 146	1475	1572	1891.75	2523
Iteration: 147	1475	1491	1897.58	2494
Iteration: 148	1475	1576	1911.48	2467
Iteration: 149	1475	1528	1893.31	2458
Iteration: 150	1475	1591	1880.42	2378
Iteration: 151	1475	1529	1881.85	2349
Iteration: 152	1475	1554	1892.74	2427
Iteration: 153	1475	1608	1904.32	2412
Iteration: 154	1475	1548	1866.41	2477
Iteration: 155	1475	1574	1886.15	2490
Iteration: 156	1475	1574	1884.24	2526
Iteration: 157	1475	1587	1900.19	2562
Iteration: 158	1475	1612	1885.76	2453
Iteration: 159	1475	1548	1872.94	2404
Iteration: 160	1475	1565	1925.21	2491
Iteration: 161	1475	1592	1893.21	2551
Iteration: 162	1475	1577	1865.35	2206
Iteration: 163	1475	1576	1890.01	2398
Iteration: 164	1475	1613	1930.25	2479
Iteration: 165	1475	1586	1899.96	2416
Iteration: 166	1475	1608	1888.63	2508
Iteration: 167	1475	1565	1872.06	2419
Iteration: 168	1475	1551	1877.18	2346
Iteration: 169	1475	1586	1901.88	2287
Iteration: 170	1465	1465	1886.97	2457
Iteration: 171	1465	1572	1885.14	2344
Iteration: 172	1465	1610	1892.93	2464
Iteration: 173	1465	1576	1904.4	2375
Iteration: 174	1465	1502	1900.68	2633
Iteration: 175	1465	1630	1922.8	2414
Iteration: 176	1465	1640	1912.14	2748
Iteration: 177	1465	1615	1906.15	2542
Iteration: 178	1465	1635	1918.88	2458
Iteration: 179	1465	1534	1907.71	2568
Iteration: 180	1465	1556	1908.13	2633
Iteration: 181	1465	1524	1902.58	2565
Iteration: 182	1465	1616	1910.43	2424
Iteration: 183	1465	1557	1882.85	2415
Iteration: 184	1465	1578	1913.76	2603
Iteration: 185	1465	1583	1907.47	2419
Iteration: 186	1465	1594	1894.68	2344
Iteration: 187	1465	1624	1901.72	2260
Iteration: 188	1465	1522	1893.62	2560
Iteration: 189	1465	1568	1858.69	2285
Iteration: 190	1465	1575	1911.63	2427
Iteration: 191	1465	1579	1889.51	2550
Iteration: 192	1465	1587	1905.08	2604
Iteration: 193	1465	1549	1885.65	2386
Iteration: 194	1465	1531	1890.22	2573
Iteration: 195	1465	1622	1879.77	2288
Iteration: 196	1465	1628	1904.2	2505
Iteration: 197	1465	1622	1918.93	2856
Iteration: 198	1465	1588	1910.57	2551
Iteration: 199	1465	1518	1885.13	2400
Iteration: 200	1465	1547	1869.04	2330
Iteration: 201	1465	1554	1896.16	2652
Iteration: 202	1465	1564	1872.48	2505
Iteration: 203	1465	1563	1898.74	2349
Iteration: 204	1465	1570	1876.76	2441
Iteration: 205	1465	1542	1961.54	2560
Iteration: 206	1465	1608	1879.09	2453
Iteration: 207	1465	1590	1921.86	2502
Iteration: 208	1465	1630	1886.54	2311
Iteration: 209	1465	1554	1896.23	2636
Iteration: 210	1465	1499	1911.78	2391
Iteration: 211	1465	1575	1926.92	2581
Iteration: 212	1465	1582	1896.38	2558
Iteration: 213	1465	1574	1907.94	2405
Iteration: 214	1465	1555	1875.09	2435
Iteration: 215	1465	1566	1898.26	2479
Iteration: 216	1465	1589	1941.78	2570
Iteration: 217	1465	1542	1907.28	2440
Iteration: 218	1465	1584	1869.16	2511
Iteration: 219	1465	1584	1895.58	2608
Iteration: 220	1465	1605	1889.06	2485
Iteration: 221	1465	1570	1887.78	2542
Iteration: 222	1465	1609	1892.91	2424
Iteration: 223	1465	1546	1903.94	2614
Iteration: 224	1465	1576	1937.88	2450
Iteration: 225	1465	1606	1917.13	2793
Iteration: 226	1465	1610	1918.08	2597
Iteration: 227	1465	1600	1880.09	2458
Iteration: 228	1465	1566	1918.58	2503
Iteration: 229	1465	1555	1922.44	2491
Iteration: 230	1465	1590	1906.4	2471
Iteration: 231	1465	1580	1869.25	2362
Iteration: 232	1465	1558	1873.99	2486
Iteration: 233	1465	1579	1908.12	2440
Iteration: 234	1465	1505	1915.13	2664
Iteration: 235	1465	1506	1860.23	2345
Iteration: 236	1465	1606	1896.34	2474
Iteration: 237	1465	1525	1914.83	2387
Iteration: 238	1465	1570	1883.79	2467
Iteration: 239	1465	1526	1894.74	2449
Iteration: 240	1465	1582	1887.2	2314
Iteration: 241	1465	1616	1909.04	2451
Iteration: 242	1465	1573	1902.33	2593
Iteration: 243	1465	1558	1918.24	2507
Iteration: 244	1465	1551	1913.07	2506
Iteration: 245	1465	1569	1892.16	2449
Iteration: 246	1465	1553	1889.16	2360
Iteration: 247	1465	1544	1885.67	2436
Iteration: 248	1465	1554	1944.39	2765
Iteration: 249	1465	1592	1904.07	2557
Iteration: 250	1465	1557	1898.75	2751
Iteration: 251	1465	1574	1892.41	2361
Iteration: 252	1465	1546	1944.49	2838
Iteration: 253	1465	1581	1911.25	2475
Iteration: 254	1465	1523	1862.02	2466
Iteration: 255	1465	1559	1905.26	2432
Iteration: 256	1465	1627	1867.61	2444
Iteration: 257	1465	1556	1943.98	3221
Iteration: 258	1465	1545	1896.68	2373
Iteration: 259	1465	1576	1915.56	2447
Iteration: 260	1465	1583	1884.56	2617
Iteration: 261	1465	1511	1908.29	2662
Iteration: 262	1465	1570	1899.67	2378
Iteration: 263	1465	1617	1926.29	2737
Iteration: 264	1465	1530	1887.61	2353
Iteration: 265	1465	1622	1915.07	2685
Iteration: 266	1465	1597	1900.66	2508
Iteration: 267	1465	1564	1895.24	2403
Iteration: 268	1465	1604	1876.37	2393
Iteration: 269	1465	1551	1888.2	2493
Iteration: 270	1465	1570	1892.74	2396
Iteration: 271	1465	1533	1896.96	2463
Iteration: 272	1465	1587	1896.83	2403
Iteration: 273	1465	1555	1891.22	2394
Iteration: 274	1465	1578	1895.66	2355
Iteration: 275	1465	1573	1920.46	2630
Iteration: 276	1465	1635	1910.38	2457
Iteration: 277	1465	1580	1919.12	2424
Iteration: 278	1465	1508	1902.54	2446
Iteration: 279	1465	1582	1864.84	2223
Iteration: 280	1465	1581	1889.94	2463
Iteration: 281	1465	1564	1874.14	2296
Iteration: 282	1465	1524	1905.08	2463
Iteration: 283	1465	1542	1882.39	2360
Iteration: 284	1465	1594	1928.22	2737
Iteration: 285	1465	1615	1899.66	2613
Iteration: 286	1465	1507	1880.67	2440
Iteration: 287	1465	1558	1868.2	2465
Iteration: 288	1465	1472	1883.4	2425
Iteration: 289	1465	1601	1891	2361
Iteration: 290	1465	1534	1874.53	2225
Iteration: 291	1465	1616	1898.77	2401
Iteration: 292	1465	1576	1898.07	2350
Iteration: 293	1465	1579	1892.21	2465
Iteration: 294	1447	1447	1892.35	2347
Iteration: 295	1447	1620	1949.56	2633
Iteration: 296	1447	1540	1884.92	2512
Iteration: 297	1447	1588	1899.01	2335
Iteration: 298	1447	1561	1879.23	2407
Iteration: 299	1447	1523	1903.5	2526
Iteration: 300	1447	1589	1893.71	2313
Iteration: 301	1447	1566	1894.4	2284
Iteration: 302	1447	1572	1890.99	2702
Iteration: 303	1447	1539	1895.07	2429
Iteration: 304	1447	1575	1928.77	2398
Iteration: 305	1447	1550	1887.18	2282
Iteration: 306	1447	1587	1873.78	2429
Iteration: 307	1447	1539	1892.23	2376
Iteration: 308	1447	1543	1903.21	2409
Iteration: 309	1447	1552	1888.17	2430
Iteration: 310	1447	1582	1885.44	2540
Iteration: 311	1447	1577	1874.91	2475
Iteration: 312	1447	1576	1909.89	2425
Iteration: 313	1447	1604	1914.33	2636
Iteration: 314	1447	1588	1865.76	2436
Iteration: 315	1447	1603	1892.72	2384
Iteration: 316	1447	1534	1903.62	2644
Iteration: 317	1447	1613	1911.2	2674
Iteration: 318	1447	1595	1912.34	2421
Iteration: 319	1447	1606	1911.87	2466
Iteration: 320	1447	1573	1874.54	2611
Iteration: 321	1447	1586	1887.56	2285
Iteration: 322	1447	1601	1896.28	2804
Iteration: 323	1447	1455	1884.35	2481
Iteration: 324	1447	1567	1901.29	2370
Iteration: 325	1447	1523	1892.7	2468
Iteration: 326	1447	1575	1905.03	2542
Iteration: 327	1447	1567	1890.2	2425
Iteration: 328	1447	1580	1931.37	2455
Iteration: 329	1447	1538	1875.81	2508
Iteration: 330	1447	1648	1920.64	2477
Iteration: 331	1447	1589	1892.31	2593
Iteration: 332	1447	1610	1891.7	2372
Iteration: 333	1447	1560	1886.54	2656
Iteration: 334	1447	1535	1863.22	2439
Iteration: 335	1447	1578	1894.47	2318
Iteration: 336	1447	1608	1889.72	2398
Iteration: 337	1447	1582	1881.62	2680
Iteration: 338	1447	1600	1916.99	2548
Iteration: 339	1447	1586	1883.07	2406
Iteration: 340	1447	1579	1907.53	2457
Iteration: 341	1447	1594	1914.62	2551
Iteration: 342	1447	1535	1893.72	2479
Iteration: 343	1447	1544	1865.45	2267
Iteration: 344	1447	1580	1887.16	2627
Iteration: 345	1447	1571	1904.89	2356
Iteration: 346	1447	1583	1889.21	2525
Iteration: 347	1447	1639	1905.29	2401
Iteration: 348	1447	1545	1885.53	2467
Iteration: 349	1447	1560	1912.25	2454
Iteration: 350	1447	1475	1915.57	2874
Iteration: 351	1447	1607	1921.83	2433
Iteration: 352	1447	1525	1867.49	2462
Iteration: 353	1447	1582	1923.44	2745
Iteration: 354	1447	1522	1892.83	2403
Iteration: 355	1447	1578	1898.61	2301
Iteration: 356	1447	1579	1905.4	2394
Iteration: 357	1447	1617	1904.68	2635
Iteration: 358	1447	1560	1896.31	2502
Iteration: 359	1447	1551	1890.14	2360
Iteration: 360	1447	1569	1917.43	2540
Iteration: 361	1447	1636	1917.43	2406
Iteration: 362	1447	1594	1878.13	2309
Iteration: 363	1447	1500	1891.17	2331
Iteration: 364	1447	1568	1864.09	2588
Iteration: 365	1447	1563	1900.68	2401
Iteration: 366	1447	1610	1930.6	2755
Iteration: 367	1447	1594	1893.96	2500
Iteration: 368	1447	1576	1902.8	2332
Iteration: 369	1447	1592	1891.17	2317
Iteration: 370	1447	1548	1876.84	2512
Iteration: 371	1447	1562	1910.06	2452
Iteration: 372	1447	1580	1935.34	2670
Iteration: 373	1447	1529	1904.11	2274
Iteration: 374	1447	1597	1889.3	2509
Iteration: 375	1447	1595	1905.82	2387
Iteration: 376	1447	1553	1907.99	2562
Iteration: 377	1447	1503	1916.03	2469
Iteration: 378	1447	1609	1906.33	2619
Iteration: 379	1447	1541	1880.26	2543
Iteration: 380	1447	1617	1927.98	2733
Iteration: 381	1447	1550	1900.41	2761
Iteration: 382	1447	1590	1900.48	2442
Iteration: 383	1447	1589	1891.67	2695
Iteration: 384	1447	1510	1879.03	2585
Iteration: 385	1447	1535	1860.47	2668
Iteration: 386	1447	1566	1907.64	2440
Iteration: 387	1447	1571	1906.61	2493
Iteration: 388	1447	1627	1894.32	2347
Iteration: 389	1447	1538	1853.35	2693
Iteration: 390	1447	1607	1902.52	2597
Iteration: 391	1447	1553	1888.73	2384
Iteration: 392	1447	1534	1866.39	2528
Iteration: 393	1447	1582	1877	2265
Iteration: 394	1447	1544	1890.77	2396
Iteration: 395	1447	1516	1900.44	2633
Iteration: 396	1447	1595	1878.09	2357
Iteration: 397	1447	1542	1933.93	2494
Iteration: 398	1447	1608	1892.2	2672
Iteration: 399	1447	1573	1891.92	2464
Iteration: 400	1447	1624	1892.97	2526
Iteration: 401	1447	1557	1894.27	2672
Iteration: 402	1447	1625	1912.11	2626
Iteration: 403	1447	1597	1894.32	2414
Iteration: 404	1447	1579	1910.29	2368
Iteration: 405	1447	1627	1931.49	2524
Iteration: 406	1447	1619	1913.74	2514
Iteration: 407	1447	1494	1909.56	2538
Iteration: 408	1447	1519	1876.66	2263
Iteration: 409	1447	1587	1925.7	2467
Iteration: 410	1447	1513	1849.09	2484
Iteration: 411	1447	1617	1870.62	2593
Iteration: 412	1447	1504	1933.03	2758
Iteration: 413	1447	1524	1890.54	2557
Iteration: 414	1447	1520	1909.4	2513
Iteration: 415	1447	1535	1888.23	2673
Iteration: 416	1447	1604	1861.61	2455
Iteration: 417	1447	1546	1873.62	2451
Iteration: 418	1447	1582	1902.34	2576
Iteration: 419	1447	1542	1870.96	2427
Iteration: 420	1447	1522	1935.78	2468
Iteration: 421	1447	1601	1887.49	2388
Iteration: 422	1447	1573	1890.47	2474
Iteration: 423	1447	1535	1877.79	2345
Iteration: 424	1447	1560	1863.11	2267
Iteration: 425	1447	1498	1889.78	2548
Iteration: 426	1447	1574	1905.92	2333
Iteration: 427	1447	1562	1893	2490
Iteration: 428	1447	1541	1903.51	2546
Iteration: 429	1447	1607	1907.89	2556
Iteration: 430	1447	1504	1878.83	2528
Iteration: 431	1447	1544	1890.4	2364
Iteration: 432	1447	1558	1880.69	2466
Iteration: 433	1447	1581	1892.55	2543
Iteration: 434	1447	1549	1902.22	2679
Iteration: 435	1447	1569	1906.58	2393
Iteration: 436	1447	1507	1893.63	2517
Iteration: 437	1447	1537	1930.9	2677
Iteration: 438	1447	1508	1872.7	2373
Iteration: 439	1447	1541	1931.28	2536
Iteration: 440	1447	1544	1877.52	2513
Iteration: 441	1447	1559	1869.66	2503
Iteration: 442	1447	1584	1887.04	2403
Iteration: 443	1447	1594	1879.15	2392
Iteration: 444	1447	1539	1889.65	2575
Iteration: 445	1447	1539	1883.27	2439
Iteration: 446	1447	1567	1885.01	2412
Iteration: 447	1447	1570	1910.21	2564
Iteration: 448	1447	1513	1886.33	2547
Iteration: 449	1447	1458	1887.94	2375
Iteration: 450	1447	1526	1882.25	2586
Iteration: 451	1447	1577	1899.41	2939
Iteration: 452	1447	1612	1928.46	2460
Iteration: 453	1447	1550	1900.34	2398
Iteration: 454	1447	1588	1899.97	2565
Iteration: 455	1447	1548	1914.66	2542
Iteration: 456	1447	1549	1877.52	2308
Iteration: 457	1447	1634	1894.94	2472
Iteration: 458	1447	1527	1920.16	2753
Iteration: 459	1447	1597	1888.97	2401
Iteration: 460	1447	1577	1889.9	2522
Iteration: 461	1447	1562	1887.64	2463
Iteration: 462	1447	1532	1907.94	2435
Iteration: 463	1447	1474	1888.47	2553
Iteration: 464	1447	1579	1870.03	2360
Iteration: 465	1447	1550	1910.06	2402
Iteration: 466	1447	1600	1901.15	2668
Iteration: 467	1447	1555	1879.87	2548
Iteration: 468	1447	1518	1901.51	2500
Iteration: 469	1447	1571	1880.84	2361
Iteration: 470	1447	1550	1900.01	2471
Iteration: 471	1447	1573	1894.38	2415
Iteration: 472	1447	1568	1943.08	2439
Iteration: 473	1447	1561	1900.78	2540
Iteration: 474	1447	1476	1887	2381
Iteration: 475	1447	1589	1876.66	2180
Iteration: 476	1447	1554	1877.27	2361
Iteration: 477	1447	1542	1892.12	2332
Iteration: 478	1447	1552	1895.25	2394
Iteration: 479	1447	1548	1914.34	2742
Iteration: 480	1447	1559	1908.9	2448
Iteration: 481	1447	1503	1877	2294
Iteration: 482	1447	1509	1858.14	2682
Iteration: 483	1447	1555	1895.07	2621
Iteration: 484	1447	1573	1914.61	2483
Iteration: 485	1447	1509	1888.5	2669
Iteration: 486	1447	1568	1934.43	2871
Iteration: 487	1447	1539	1872.28	2472
Iteration: 488	1447	1575	1881.04	2381
Iteration: 489	1447	1570	1894.99	2404
Iteration: 490	1447	1611	1918.46	2528
Iteration: 491	1447	1566	1894.03	2795
Iteration: 492	1447	1535	1916.59	3096
Iteration: 493	1447	1591	1903.96	2460
Iteration: 494	1447	1556	1911.62	2398
Iteration: 495	1447	1565	1926.86	2573
Iteration: 496	1447	1488	1902.95	2456
Iteration: 497	1447	1593	1901.69	2471
Iteration: 498	1447	1585	1896.58	2501
Iteration: 499	1447	1495	1876.85	2220
Iteration: 500	1447	1517	1894.37	2535
Iteration: 501	1447	1528	1857.03	2420
Iteration: 502	1447	1569	1866.11	2299
Iteration: 503	1447	1559	1899.59	2604
Iteration: 504	1447	1537	1893.29	2513
Iteration: 505	1447	1567	1869.57	2455
Iteration: 506	1447	1623	1921.34	2411
Iteration: 507	1447	1495	1876.01	2543
Iteration: 508	1447	1595	1890.84	2493
Iteration: 509	1447	1576	1883.78	2473
Iteration: 510	1447	1553	1903.26	2636
Iteration: 511	1447	1537	1886.54	2372
Iteration: 512	1447	1580	1866.74	2574
Iteration: 513	1447	1575	1907.44	2465
Iteration: 514	1447	1606	1885.85	2570
Iteration: 515	1447	1584	1917.94	2379
Iteration: 516	1447	1582	1919.18	2903
Iteration: 517	1447	1552	1902.47	2534
Iteration: 518	1447	1566	1919.43	2688
Iteration: 519	1447	1525	1893.14	2297
Iteration: 520	1447	1603	1892.34	2462
Iteration: 521	1447	1570	1883.22	2241
Iteration: 522	1447	1558	1935.01	2442
Iteration: 523	1447	1518	1871.81	2565
Iteration: 524	1447	1556	1932.41	2652
Iteration: 525	1447	1609	1934.32	2728
Iteration: 526	1447	1539	1907.69	2472
Iteration: 527	1447	1567	1896.99	2360
Iteration: 528	1447	1494	1903.4	2778
Iteration: 529	1447	1603	1893.52	2529
Iteration: 530	1447	1608	1900.72	2548
Iteration: 531	1447	1485	1867.27	2506
Iteration: 532	1447	1542	1860.03	2306
Iteration: 533	1447	1550	1896.26	2417
Iteration: 534	1447	1587	1889.2	2482
Iteration: 535	1447	1581	1906.16	2402
Iteration: 536	1447	1543	1923.99	2517
Iteration: 537	1447	1609	1895.27	2429
Iteration: 538	1447	1597	1882.35	2593
Iteration: 539	1447	1625	1927.01	2561
Iteration: 540	1447	1579	1922.95	2485
Iteration: 541	1447	1508	1900.5	2363
Iteration: 542	1447	1597	1888.87	2408
Iteration: 543	1447	1578	1907.73	2412
Iteration: 544	1447	1484	1859.9	2410
Iteration: 545	1447	1525	1879.58	2399
Iteration: 546	1447	1516	1902.38	2373
Iteration: 547	1447	1658	1883.73	2509
Iteration: 548	1447	1519	1918.5	2416
Iteration: 549	1447	1575	1906.28	2330
Iteration: 550	1447	1529	1901.89	2492
Iteration: 551	1447	1567	1908.49	2419
Iteration: 552	1447	1567	1891.15	2378
Iteration: 553	1447	1555	1911.45	2558
Iteration: 554	1447	1528	1902.78	2460
Iteration: 555	1447	1581	1893.44	2307
Iteration: 556	1447	1531	1895.75	2523
Iteration: 557	1447	1534	1903.21	2366
Iteration: 558	1447	1559	1861.51	2301
Iteration: 559	1447	1564	1892.82	2402
Iteration: 560	1447	1588	1885.42	2637
Iteration: 561	1447	1601	1927.21	2582
Iteration: 562	1447	1540	1894.79	2516
Iteration: 563	1447	1559	1897.02	2346
Iteration: 564	1447	1549	1908.92	2701
Iteration: 565	1447	1540	1857.07	2447
Iteration: 566	1447	1515	1870.01	2275
Iteration: 567	1447	1586	1915.14	2466
Iteration: 568	1447	1614	1892.11	2366
Iteration: 569	1447	1524	1900.15	2658
Iteration: 570	1447	1502	1878.39	2509
Iteration: 571	1447	1584	1896.73	2591
Iteration: 572	1447	1594	1890.77	2410
Iteration: 573	1447	1508	1898.65	2535
Iteration: 574	1447	1571	1911.89	2526
Iteration: 575	1447	1593	1894.16	2453
Iteration: 576	1447	1586	1900.73	2685
Iteration: 577	1447	1613	1914.81	2485
Iteration: 578	1447	1484	1870.99	2597
Iteration: 579	1447	1534	1881.81	2367
Iteration: 580	1447	1573	1880.1	2387
Iteration: 581	1447	1603	1918.39	2497
Iteration: 582	1447	1580	1898.09	2461
Iteration: 583	1447	1585	1932.61	2531
Iteration: 584	1447	1579	1914.04	2419
Iteration: 585	1447	1587	1896.85	2512
Iteration: 586	1447	1578	1889.04	2568
Iteration: 587	1447	1537	1902.67	2454
Iteration: 588	1447	1496	1864.64	2248
Iteration: 589	1447	1617	1905.99	2755
Iteration: 590	1447	1578	1911.26	2316
Iteration: 591	1447	1555	1867.56	2515
Iteration: 592	1447	1623	1896.67	2345
Iteration: 593	1447	1586	1897.75	2400
Iteration: 594	1447	1582	1897.1	2379
Iteration: 595	1447	1534	1915.06	2495
Iteration: 596	1447	1569	1902.26	2467
Iteration: 597	1447	1528	1897.77	2437
Iteration: 598	1447	1523	1896.81	2551
Iteration: 599	1447	1538	1883.66	2656
Iteration: 600	1447	1534	1883.49	2567
Iteration: 601	1447	1538	1935.48	2512
Iteration: 602	1447	1603	1889.82	2460
Iteration: 603	1447	1588	1921.87	2318
Iteration: 604	1447	1567	1884.37	2340
Iteration: 605	1447	1499	1904.98	2647
Iteration: 606	1447	1531	1928.32	2542
Iteration: 607	1447	1559	1903.92	2489
Iteration: 608	1447	1586	1915.98	2461
Iteration: 609	1447	1558	1891.67	2421
Iteration: 610	1447	1622	1907.18	2660
Iteration: 611	1447	1608	1884.62	2318
Iteration: 612	1447	1535	1933.94	2651
Iteration: 613	1447	1530	1867.88	2434
Iteration: 614	1447	1517	1895.32	2478
Iteration: 615	1447	1553	1876.8	2335
Iteration: 616	1447	1614	1886.14	2462
Iteration: 617	1447	1562	1911.26	2526
Iteration: 618	1447	1586	1883.99	2260
Iteration: 619	1447	1492	1884	2452
Iteration: 620	1447	1579	1900.99	2533
Iteration: 621	1447	1582	1880.26	2536
Iteration: 622	1447	1526	1926.62	2791
Iteration: 623	1447	1561	1914.37	2451
Iteration: 624	1447	1546	1877.85	2399
Iteration: 625	1447	1528	1920.3	2970
Iteration: 626	1447	1561	1877.38	2570
Iteration: 627	1447	1487	1886.26	2421
Iteration: 628	1447	1544	1924.41	2369
Iteration: 629	1447	1553	1890.45	2383
Iteration: 630	1447	1581	1911	2587
Iteration: 631	1447	1574	1893.79	2330
Iteration: 632	1447	1560	1906.71	2466
Iteration: 633	1447	1595	1902.51	2352
Iteration: 634	1447	1519	1891.49	2331
Iteration: 635	1447	1524	1882.64	2601
Iteration: 636	1447	1538	1869.55	2431
Iteration: 637	1447	1589	1888.45	2645
Iteration: 638	1447	1617	1912.91	2406
Iteration: 639	1447	1534	1885.64	2651
Iteration: 640	1447	1550	1927.41	2578
Iteration: 641	1447	1619	1892.27	2380
Iteration: 642	1447	1555	1920.03	2358
Iteration: 643	1447	1579	1891.52	2436
Iteration: 644	1447	1507	1899.17	2537
Iteration: 645	1447	1587	1919.73	2429
Iteration: 646	1447	1586	1914.83	2615
Iteration: 647	1447	1591	1883.57	2563
Iteration: 648	1447	1633	1894.39	2627
Iteration: 649	1447	1559	1901.49	2543
Iteration: 650	1447	1585	1880.86	2435
Iteration: 651	1447	1595	1892.36	2359
Iteration: 652	1447	1508	1850.37	2391
Iteration: 653	1447	1569	1879.56	2583
Iteration: 654	1447	1550	1894.3	2459
Iteration: 655	1447	1542	1892.71	2588
Iteration: 656	1447	1481	1891.55	2431
Iteration: 657	1447	1559	1870.66	2386
Iteration: 658	1447	1552	1875.44	2555
Iteration: 659	1447	1564	1903.77	2849
Iteration: 660	1447	1581	1894.11	2465
Iteration: 661	1447	1526	1929.97	2543
Iteration: 662	1447	1566	1901.88	2444
Iteration: 663	1447	1558	1897.44	2558
Iteration: 664	1447	1580	1921.08	2423
Iteration: 665	1447	1582	1888	2361
Iteration: 666	1447	1537	1900.43	2375
Iteration: 667	1447	1568	1898.97	2396
Iteration: 668	1447	1615	1918.44	2575
Iteration: 669	1447	1525	1865.39	2523
Iteration: 670	1447	1508	1887.81	2509
Iteration: 671	1447	1518	1899.64	2404
Iteration: 672	1447	1552	1914.2	2559
Iteration: 673	1447	1542	1914.51	2526
Iteration: 674	1447	1463	1900.73	2654
Iteration: 675	1447	1632	1913.13	2883
Iteration: 676	1447	1611	1888.4	2362
Iteration: 677	1447	1580	1931.05	2466
Iteration: 678	1447	1570	1921.59	2506
Iteration: 679	1447	1594	1877.05	2382
Iteration: 680	1447	1628	1893.95	2677
Iteration: 681	1447	1520	1890.3	2329
Iteration: 682	1447	1528	1873.4	2365
Iteration: 683	1447	1578	1915.82	2628
Iteration: 684	1447	1509	1896.45	2704
Iteration: 685	1447	1559	1897.44	2301
Iteration: 686	1447	1622	1910.5	2490
Iteration: 687	1447	1619	1893.28	2417
Iteration: 688	1447	1506	1917.31	2337
Iteration: 689	1447	1558	1881.93	2372
Iteration: 690	1447	1524	1903.38	2539
Iteration: 691	1447	1626	1939.92	2666
Iteration: 692	1447	1479	1891.98	2430
Iteration: 693	1447	1565	1890.53	2494
Iteration: 694	1447	1567	1894.88	2486
Iteration: 695	1447	1598	1898.47	2589
Iteration: 696	1447	1605	1928.75	2445
Iteration: 697	1447	1658	1905.39	2454
Iteration: 698	1447	1643	1900.4	2740
Iteration: 699	1447	1557	1889.54	2357
Iteration: 700	1447	1588	1907.31	2697
Iteration: 701	1447	1603	1947.06	2377
Iteration: 702	1447	1569	1882.01	2638
Iteration: 703	1447	1492	1885.7	2366
Iteration: 704	1447	1570	1888.03	2557
Iteration: 705	1447	1493	1924.78	2431
Iteration: 706	1447	1550	1903.4	2503
Iteration: 707	1447	1553	1853.02	2270
Iteration: 708	1447	1603	1896.21	2441
Iteration: 709	1447	1526	1926.73	2605
Iteration: 710	1447	1574	1905.29	2682
Iteration: 711	1447	1572	1906.35	2660
Iteration: 712	1447	1537	1886.38	2618
Iteration: 713	1447	1467	1856.41	2593
Iteration: 714	1447	1525	1915.61	2531
Iteration: 715	1447	1481	1892.92	2380
Iteration: 716	1447	1578	1882.17	2338
Iteration: 717	1447	1545	1894.9	2471
Iteration: 718	1447	1560	1874.25	2464
Iteration: 719	1447	1591	1908.03	2573
Iteration: 720	1447	1535	1884.06	2503
Iteration: 721	1447	1610	1878.81	2351
Iteration: 722	1447	1577	1907.45	2548
Iteration: 723	1447	1581	1876.04	2685
Iteration: 724	1447	1589	1904.86	2482
Iteration: 725	1447	1565	1878.77	2388
Iteration: 726	1447	1597	1923.46	2494
Iteration: 727	1447	1574	1881.69	2357
Iteration: 728	1447	1584	1915.59	2520
Iteration: 729	1447	1533	1890.62	2395
Iteration: 730	1447	1523	1885.82	2435
Iteration: 731	1447	1529	1881.88	2304
Iteration: 732	1447	1599	1894.92	2306
Iteration: 733	1447	1577	1919.92	2770
Iteration: 734	1447	1526	1894.05	2374
Iteration: 735	1447	1554	1907.96	2717
Iteration: 736	1447	1576	1883.29	2413
Iteration: 737	1447	1586	1911.93	2570
Iteration: 738	1447	1560	1882.07	2365
Iteration: 739	1447	1570	1911.39	2581
Iteration: 740	1447	1510	1912.57	2446
Iteration: 741	1447	1583	1930.44	2649
Iteration: 742	1447	1497	1861.39	2342
Iteration: 743	1447	1642	1915.97	2541
Iteration: 744	1447	1594	1876.86	2465
Iteration: 745	1447	1573	1847	2224
Iteration: 746	1447	1510	1901.66	2554
Iteration: 747	1447	1611	1913.26	2672
Iteration: 748	1447	1533	1901.32	2464
Iteration: 749	1447	1573	1885.86	2372
Iteration: 750	1447	1597	1907.21	2833
Iteration: 751	1447	1551	1887.32	2486
Iteration: 752	1447	1562	1908.31	2288
Iteration: 753	1447	1566	1883.2	2422
Iteration: 754	1447	1627	1872.68	2319
Iteration: 755	1447	1569	1907.3	2450
Iteration: 756	1447	1588	1916.43	2481
Iteration: 757	1447	1582	1884.16	2221
Iteration: 758	1447	1571	1886.15	2359
Iteration: 759	1447	1528	1887.81	2618
Iteration: 760	1447	1547	1919.9	2811
Iteration: 761	1447	1531	1860.25	2365
Iteration: 762	1447	1537	1902.25	2395
Iteration: 763	1447	1603	1875.15	2595
Iteration: 764	1447	1565	1876.01	2637
Iteration: 765	1447	1625	1898.45	2465
Iteration: 766	1447	1501	1878.33	2403
Iteration: 767	1447	1564	1886.36	2334
Iteration: 768	1447	1610	1887.32	2241
Iteration: 769	1447	1533	1923.82	2515
Iteration: 770	1447	1537	1898.29	2359
Iteration: 771	1447	1557	1897.15	2347
Iteration: 772	1447	1509	1918.78	2431
Iteration: 773	1447	1601	1919.69	2366
Iteration: 774	1447	1605	1864.5	2416
Iteration: 775	1447	1532	1906.77	2683
Iteration: 776	1447	1571	1906.58	2910
Iteration: 777	1447	1504	1879.28	2592
Iteration: 778	1447	1568	1897.54	2293
Iteration: 779	1447	1588	1885.11	2416
Iteration: 780	1447	1538	1906.95	2307
Iteration: 781	1447	1580	1898.59	2671
Iteration: 782	1447	1568	1901.27	2467
Iteration: 783	1447	1548	1935.93	2673
Iteration: 784	1447	1562	1907.18	2552
Iteration: 785	1447	1581	1892.82	2461
Iteration: 786	1447	1568	1896.89	2542
Iteration: 787	1447	1600	1927.79	2491
Iteration: 788	1447	1569	1878.78	2675
Iteration: 789	1447	1634	1906.09	2677
Iteration: 790	1447	1591	1876.68	2322
Iteration: 791	1447	1545	1877.67	2659
Iteration: 792	1447	1553	1884.94	2493
Iteration: 793	1447	1490	1915.78	2437
Iteration: 794	1447	1592	1898.44	2592
Iteration: 795	1447	1616	1899.16	2374
Iteration: 796	1447	1584	1876.74	2525
Iteration: 797	1447	1537	1867.39	2435
Iteration: 798	1447	1611	1903.86	2249
Iteration: 799	1447	1614	1882.21	2531
Iteration: 800	1447	1619	1917.54	2435
Iteration: 801	1447	1564	1925.27	3104
Iteration: 802	1447	1515	1899.81	2495
Iteration: 803	1447	1578	1887.89	2658
Iteration: 804	1447	1568	1899.16	2866
Iteration: 805	1447	1537	1876.78	2441
Iteration: 806	1447	1539	1884.52	2461
Iteration: 807	1447	1456	1896.81	2524
Iteration: 808	1447	1596	1890.62	2410
Iteration: 809	1447	1570	1898.41	2506
Iteration: 810	1447	1563	1883.74	2292
Iteration: 811	1447	1591	1895.09	2562
Iteration: 812	1447	1504	1909.72	2524
Iteration: 813	1447	1477	1874.49	2659
Iteration: 814	1447	1591	1902.59	2454
Iteration: 815	1447	1501	1866.58	2395
Iteration: 816	1447	1491	1933.23	2476
Iteration: 817	1447	1565	1917.05	2372
Iteration: 818	1447	1625	1886.03	2335
Iteration: 819	1447	1602	1913.91	2811
Iteration: 820	1447	1525	1875.18	2438
Iteration: 821	1447	1616	1908.01	2347
Iteration: 822	1447	1540	1931.4	2575
Iteration: 823	1447	1583	1895.71	2312
Iteration: 824	1447	1500	1877.99	2562
Iteration: 825	1447	1597	1905.5	2499
Iteration: 826	1447	1623	1893	2438
Iteration: 827	1447	1565	1822.27	2288
Iteration: 828	1447	1556	1897.83	2355
Iteration: 829	1447	1575	1870.9	2200
Iteration: 830	1447	1552	1912.61	2474
Iteration: 831	1447	1542	1920.7	2530
Iteration: 832	1447	1609	1921.85	2382
Iteration: 833	1447	1610	1916.41	2527
Iteration: 834	1447	1573	1921.24	2714
Iteration: 835	1447	1558	1857.35	2314
Iteration: 836	1447	1546	1859.79	2554
Iteration: 837	1447	1575	1908.75	2477
Iteration: 838	1447	1501	1906.66	2577
Iteration: 839	1447	1599	1910.54	2856
Iteration: 840	1447	1517	1899.16	2577
Iteration: 841	1447	1544	1907.59	2264
Iteration: 842	1447	1516	1877.45	2470
Iteration: 843	1447	1517	1889.28	2817
Iteration: 844	1447	1518	1919.52	2446
Iteration: 845	1447	1597	1914.1	2388
Iteration: 846	1447	1535	1894.37	2454
Iteration: 847	1447	1591	1875.5	2267
Iteration: 848	1447	1591	1905.89	2532
Iteration: 849	1447	1571	1885.7	2594
Iteration: 850	1447	1551	1885.61	2849
Iteration: 851	1447	1569	1876.02	2508
Iteration: 852	1447	1531	1913.7	2733
Iteration: 853	1447	1618	1956.23	2540
Iteration: 854	1447	1582	1913.54	2411
Iteration: 855	1447	1595	1918.21	2430
Iteration: 856	1447	1598	1884.25	2382
Iteration: 857	1447	1663	1901.6	2482
Iteration: 858	1447	1539	1863.15	2417
Iteration: 859	1447	1581	1907.61	2476
Iteration: 860	1447	1521	1878.38	2461
Iteration: 861	1447	1518	1897.44	2417
Iteration: 862	1447	1535	1885.73	3021
Iteration: 863	1447	1553	1878.67	2399
Iteration: 864	1447	1515	1879.48	2405
Iteration: 865	1447	1571	1904.36	2806
Iteration: 866	1447	1571	1910.79	2391
Iteration: 867	1447	1638	1923.94	2627
Iteration: 868	1447	1549	1896.41	2557
Iteration: 869	1447	1607	1896.83	2332
Iteration: 870	1447	1555	1924.1	2704
Iteration: 871	1447	1523	1906.19	2500
Iteration: 872	1447	1555	1892.73	2479
Iteration: 873	1447	1589	1929.07	2519
Iteration: 874	1447	1599	1909.47	2431
Iteration: 875	1447	1491	1894.08	2550
Iteration: 876	1447	1582	1894.56	2397
Iteration: 877	1447	1607	1895.33	2451
Iteration: 878	1447	1614	1887.3	2458
Iteration: 879	1447	1591	1937.5	2993
Iteration: 880	1447	1550	1887.67	2674
Iteration: 881	1447	1588	1925.2	2613
Iteration: 882	1447	1569	1859.2	2515
Iteration: 883	1447	1558	1899.09	2829
Iteration: 884	1447	1630	1875.27	2374
Iteration: 885	1447	1590	1883.96	2643
Iteration: 886	1447	1582	1877.74	2514
Iteration: 887	1447	1532	1885.97	2346
Iteration: 888	1447	1573	1925.32	2574
Iteration: 889	1447	1561	1875.1	2499
Iteration: 890	1447	1544	1898.16	2438
Iteration: 891	1447	1545	1922.95	2555
Iteration: 892	1447	1612	1898.78	2637
Iteration: 893	1447	1600	1923.1	2958
Iteration: 894	1447	1594	1889.74	2470
Iteration: 895	1447	1605	1900.47	2366
Iteration: 896	1447	1530	1871.39	2407
Iteration: 897	1447	1479	1884.89	2309
Iteration: 898	1447	1559	1890.49	2432
Iteration: 899	1447	1605	1873.22	2471
Iteration: 900	1447	1560	1920.12	2375
Iteration: 901	1447	1588	1909.12	2574
Iteration: 902	1447	1594	1905.3	2613
Iteration: 903	1447	1590	1907.84	2332
Iteration: 904	1447	1544	1907.62	2485
Iteration: 905	1447	1562	1873.95	2394
Iteration: 906	1447	1574	1908.45	2549
Iteration: 907	1447	1545	1892.92	2441
Iteration: 908	1447	1561	1908.81	2521
Iteration: 909	1447	1534	1898.43	2736
Iteration: 910	1447	1593	1914.48	2565
Iteration: 911	1447	1561	1911.67	2470
Iteration: 912	1447	1645	1917.12	2562
Iteration: 913	1447	1580	1871.49	2344
Iteration: 914	1447	1627	1923.3	2798
Iteration: 915	1447	1536	1876.83	2418
Iteration: 916	1447	1621	1871.62	2406
Iteration: 917	1447	1510	1861.66	2413
Iteration: 918	1447	1609	1895.91	2467
Iteration: 919	1447	1612	1889.49	2382
Iteration: 920	1447	1521	1908.65	2398
Iteration: 921	1447	1527	1891.27	2689
Iteration: 922	1447	1568	1894.2	2307
Iteration: 923	1447	1570	1903.6	2315
Iteration: 924	1447	1533	1919.7	2790
Iteration: 925	1447	1523	1873.58	2483
Iteration: 926	1447	1596	1890.71	2456
Iteration: 927	1447	1581	1903.33	2359
Iteration: 928	1447	1553	1881.84	2359
Iteration: 929	1447	1550	1923.86	2609
Iteration: 930	1447	1575	1895.63	2699
Iteration: 931	1447	1569	1875.61	2449
Iteration: 932	1447	1526	1867.89	2364
Iteration: 933	1447	1556	1912.42	2482
Iteration: 934	1447	1589	1882.64	2705
Iteration: 935	1447	1571	1892.85	2379
Iteration: 936	1447	1573	1941.31	2540
Iteration: 937	1447	1537	1902.03	2412
Iteration: 938	1447	1559	1926	2524
Iteration: 939	1447	1537	1912.88	2589
Iteration: 940	1447	1602	1909.86	2434
Iteration: 941	1447	1576	1897.19	2490
Iteration: 942	1447	1521	1889.68	2430
Iteration: 943	1447	1559	1894.53	2478
Iteration: 944	1447	1608	1901.54	2317
Iteration: 945	1447	1574	1868.99	2460
Iteration: 946	1447	1541	1906.46	2440
Iteration: 947	1447	1547	1912.82	2562
Iteration: 948	1447	1610	1913.32	2585
Iteration: 949	1447	1541	1857.14	2320
Iteration: 950	1447	1617	1899.75	2538
Iteration: 951	1447	1594	1893.01	2300
Iteration: 952	1447	1562	1878.69	2462
Iteration: 953	1447	1583	1929.7	2348
Iteration: 954	1447	1641	1919.49	2312
Iteration: 955	1447	1527	1881.22	2553
Iteration: 956	1447	1540	1883.23	2454
Iteration: 957	1447	1507	1882.76	2469
Iteration: 958	1447	1577	1888.94	2571
Iteration: 959	1447	1579	1905.51	2335
Iteration: 960	1447	1573	1871.95	2705
Iteration: 961	1447	1633	1919.16	2534
Iteration: 962	1447	1524	1880.16	2551
Iteration: 963	1447	1589	1874.28	2314
Iteration: 964	1447	1553	1882.93	2567
Iteration: 965	1447	1562	1893.76	2526
Iteration: 966	1447	1570	1894.64	2386
Iteration: 967	1447	1556	1917.39	2677
Iteration: 968	1447	1605	1905.82	2466
Iteration: 969	1447	1579	1896.93	2769
Iteration: 970	1447	1449	1902.67	2753
Iteration: 971	1447	1534	1894.24	2389
Iteration: 972	1447	1512	1905.32	2394
Iteration: 973	1447	1576	1894.57	2248
Iteration: 974	1447	1565	1943.21	2655
Iteration: 975	1447	1553	1889.91	2373
Iteration: 976	1447	1651	1921.42	2468
Iteration: 977	1447	1575	1930.28	2586
Iteration: 978	1447	1605	1900.3	2341
Iteration: 979	1447	1549	1894.35	2444
Iteration: 980	1447	1565	1923.36	2887
Iteration: 981	1447	1498	1917.68	2483
Iteration: 982	1447	1581	1889.52	2431
Iteration: 983	1447	1594	1908.14	2461
Iteration: 984	1447	1576	1887.55	2625
Iteration: 985	1447	1583	1905.15	2583
Iteration: 986	1447	1554	1882	2336
Iteration: 987	1447	1614	1932.79	2655
Iteration: 988	1447	1579	1886.63	2570
Iteration: 989	1447	1578	1904.37	2424
Iteration: 990	1447	1538	1895.82	2444
Iteration: 991	1447	1543	1883.5	2283
Iteration: 992	1447	1618	1901.92	2554
Iteration: 993	1447	1565	1902.81	2393
Iteration: 994	1447	1576	1881.83	2551
Iteration: 995	1447	1547	1903.74	2409
Iteration: 996	1447	1581	1893.24	2649
Iteration: 997	1447	1570	1880.25	2613
Iteration: 998	1447	1599	1894.47	2439
Iteration: 999	1447	1576	1917.03	2721
