Iteration: 0	1528	1528	1944.28	2490
Iteration: 1	1528	1609	1914.46	2540
Iteration: 2	1528	1573	1883.88	2306
Iteration: 3	1488	1488	1908.24	2415
Iteration: 4	1488	1580	1895.77	2344
Iteration: 5	1488	1522	1878.78	2483
Iteration: 6	1488	1499	1888.69	2370
Iteration: 7	1488	1532	1883.1	2376
Iteration: 8	1475	1475	1889.87	2411
Iteration: 9	1475	1568	1901.12	2378
Iteration: 10	1475	1585	1923.22	2486
Iteration: 11	1475	1518	1890.61	2430
Iteration: 12	1475	1521	1894.54	2790
Iteration: 13	1475	1544	1901.18	2827
Iteration: 14	1475	1559	1893.6	2451
Iteration: 15	1475	1526	1863.23	2369
Iteration: 16	1475	1497	1877.24	2482
Iteration: 17	1475	1520	1876.86	2462
Iteration: 18	1475	1548	1898.95	3090
Iteration: 19	1475	1545	1891.72	2559
Iteration: 20	1475	1659	1920.87	2587
Iteration: 21	1475	1594	1885.42	2353
Iteration: 22	1475	1589	1904.6	2774
Iteration: 23	1466	1466	1916.82	2569
Iteration: 24	1466	1571	1883.94	2411
Iteration: 25	1466	1526	1923.32	2725
Iteration: 26	1466	1595	1918.35	2584
Iteration: 27	1466	1515	1899.31	3044
Iteration: 28	1466	1554	1892.96	2359
Iteration: 29	1466	1552	1899.76	2778
Iteration: 30	1466	1495	1913.62	2662
Iteration: 31	1466	1557	1896.36	2307
Iteration: 32	1466	1602	1887.96	2543
Iteration: 33	1466	1523	1875.66	2356
Iteration: 34	1466	1493	1898.92	2560
Iteration: 35	1466	1556	1908.54	2392
Iteration: 36	1466	1573	1878.11	2325
Iteration: 37	1466	1589	1879	2333
Iteration: 38	1466	1569	1888.29	2389
Iteration: 39	1466	1594	1918.48	2498
Iteration: 40	1466	1586	1884.44	2479
Iteration: 41	1466	1548	1879.03	2282
Iteration: 42	1466	1538	1897.69	2630
Iteration: 43	1466	1612	1919	2440
Iteration: 44	1466	1552	1886.09	2370
Iteration: 45	1466	1597	1885.18	2329
Iteration: 46	1466	1519	1895.94	2394
Iteration: 47	1466	1562	1870.12	2467
Iteration: 48	1466	1579	1907.77	2429
Iteration: 49	1466	1493	1886.38	2255
