Iteration: 0	1587	1587	1923.47	2814
Iteration: 1	1578	1578	1885.86	2486
Iteration: 2	1501	1501	1907.81	2411
Iteration: 3	1501	1590	1924.47	2399
Iteration: 4	1501	1552	1878.07	2469
Iteration: 5	1501	1600	1927.58	2473
Iteration: 6	1501	1564	1885.55	2269
Iteration: 7	1501	1601	1896.73	2353
Iteration: 8	1501	1596	1902.73	2536
Iteration: 9	1501	1588	1918.74	2691
Iteration: 10	1501	1560	1905.11	2404
Iteration: 11	1501	1570	1914.44	2419
Iteration: 12	1501	1595	1935.13	2553
Iteration: 13	1501	1619	1885.39	2364
Iteration: 14	1501	1562	1904.55	2463
Iteration: 15	1501	1533	1902.5	2470
Iteration: 16	1501	1507	1886.65	2629
Iteration: 17	1501	1545	1887.02	2445
Iteration: 18	1501	1595	1895.02	2431
Iteration: 19	1501	1613	1905.81	2375
Iteration: 20	1501	1584	1915.22	2401
Iteration: 21	1501	1560	1884.19	2389
Iteration: 22	1501	1556	1901.66	2505
Iteration: 23	1501	1579	1903.96	2435
Iteration: 24	1501	1588	1896.81	2636
Iteration: 25	1492	1492	1881.15	2460
Iteration: 26	1492	1627	1889.54	2206
Iteration: 27	1492	1583	1887.28	2454
Iteration: 28	1492	1525	1908.09	2637
Iteration: 29	1492	1496	1877.83	2550
Iteration: 30	1492	1584	1884.92	2473
Iteration: 31	1484	1484	1900.13	2552
Iteration: 32	1484	1570	1899.1	2579
Iteration: 33	1484	1576	1891.01	2518
Iteration: 34	1484	1523	1894.36	2358
Iteration: 35	1484	1568	1898.7	2575
Iteration: 36	1484	1580	1896.95	2318
Iteration: 37	1484	1506	1896.12	2386
Iteration: 38	1484	1585	1877.06	2514
Iteration: 39	1484	1540	1878.44	2413
Iteration: 40	1476	1476	1888.43	2388
Iteration: 41	1476	1504	1884.96	2829
Iteration: 42	1476	1524	1897.34	2458
Iteration: 43	1476	1548	1863.03	2539
Iteration: 44	1476	1562	1905.63	2294
Iteration: 45	1476	1570	1904.46	2654
Iteration: 46	1476	1609	1925.26	2498
Iteration: 47	1476	1580	1898.41	2489
Iteration: 48	1476	1555	1886.27	2350
Iteration: 49	1476	1553	1878.6	2442
Iteration: 50	1476	1506	1905.15	2527
Iteration: 51	1476	1570	1923.34	2641
Iteration: 52	1471	1471	1900.56	2379
Iteration: 53	1471	1615	1871.22	2304
Iteration: 54	1471	1516	1877.83	2365
Iteration: 55	1471	1604	1909.75	2486
Iteration: 56	1471	1592	1899.93	2744
Iteration: 57	1471	1538	1924.52	2478
Iteration: 58	1471	1612	1878.61	2374
Iteration: 59	1471	1549	1879.84	2383
Iteration: 60	1471	1595	1898.81	2430
Iteration: 61	1471	1543	1933.03	2489
Iteration: 62	1471	1512	1905.63	2290
Iteration: 63	1471	1595	1926.18	2534
Iteration: 64	1471	1507	1898.83	2433
Iteration: 65	1471	1588	1885.58	2423
Iteration: 66	1471	1588	1895.83	2341
Iteration: 67	1471	1601	1909.43	2436
Iteration: 68	1471	1601	1912.2	2610
Iteration: 69	1471	1599	1856.3	2571
Iteration: 70	1471	1510	1906.97	2436
Iteration: 71	1471	1519	1881.55	2409
Iteration: 72	1471	1628	1906.02	2405
Iteration: 73	1471	1580	1906.36	2485
Iteration: 74	1471	1550	1916.96	2442
Iteration: 75	1471	1571	1898.75	2554
Iteration: 76	1471	1618	1902.24	2538
Iteration: 77	1471	1639	1904.86	2586
Iteration: 78	1471	1523	1893.95	2745
Iteration: 79	1471	1569	1920.17	2600
Iteration: 80	1471	1547	1882.03	2465
Iteration: 81	1471	1570	1874.07	2269
Iteration: 82	1471	1619	1915.88	2573
Iteration: 83	1471	1597	1918.98	2540
Iteration: 84	1471	1562	1878.94	2428
Iteration: 85	1471	1558	1882.5	2473
Iteration: 86	1471	1535	1866.84	2514
Iteration: 87	1471	1605	1910.12	2503
Iteration: 88	1471	1574	1905.77	2532
Iteration: 89	1471	1605	1890.14	2511
Iteration: 90	1471	1591	1910.09	2922
Iteration: 91	1471	1488	1890.53	2405
Iteration: 92	1471	1554	1906.74	2365
Iteration: 93	1471	1613	1928.52	2764
Iteration: 94	1471	1590	1899.42	2444
Iteration: 95	1471	1564	1880.83	2369
Iteration: 96	1471	1581	1895.35	2543
Iteration: 97	1471	1558	1885.42	2679
Iteration: 98	1471	1597	1897.52	2327
Iteration: 99	1471	1538	1908.5	2514
Iteration: 100	1471	1564	1937.89	2553
Iteration: 101	1471	1523	1900.84	2297
Iteration: 102	1471	1576	1894.36	2325
Iteration: 103	1471	1560	1904.6	2696
Iteration: 104	1471	1517	1916.02	2612
Iteration: 105	1471	1597	1911.17	2533
Iteration: 106	1471	1570	1924.04	2599
Iteration: 107	1471	1541	1888.96	2504
Iteration: 108	1471	1528	1892.31	2339
Iteration: 109	1471	1561	1882.75	2462
Iteration: 110	1471	1573	1921.58	2427
Iteration: 111	1471	1509	1873.81	2471
Iteration: 112	1471	1565	1911.3	2573
Iteration: 113	1471	1582	1925.56	2559
Iteration: 114	1471	1558	1878.23	2399
Iteration: 115	1471	1600	1901.87	2335
Iteration: 116	1471	1564	1897.08	2524
Iteration: 117	1471	1555	1881.07	2300
Iteration: 118	1462	1462	1885.32	2511
Iteration: 119	1462	1566	1902.72	2306
Iteration: 120	1462	1582	1860.74	2504
Iteration: 121	1462	1584	1882.1	2555
Iteration: 122	1462	1583	1925.91	2686
Iteration: 123	1462	1552	1909.74	2515
Iteration: 124	1462	1630	1910.62	2535
Iteration: 125	1462	1543	1899.56	2440
Iteration: 126	1462	1611	1912.89	2449
Iteration: 127	1462	1615	1892.9	2593
Iteration: 128	1462	1554	1895.98	2410
Iteration: 129	1462	1559	1911.36	2387
Iteration: 130	1462	1482	1892.73	2372
Iteration: 131	1462	1607	1917.59	2505
Iteration: 132	1462	1576	1892.99	2546
Iteration: 133	1462	1619	1890.18	2402
Iteration: 134	1462	1528	1908.39	2378
Iteration: 135	1462	1556	1900.63	2398
Iteration: 136	1462	1534	1884.28	2464
Iteration: 137	1462	1522	1905.44	2311
Iteration: 138	1462	1484	1901.51	2790
Iteration: 139	1462	1568	1883.44	2455
Iteration: 140	1462	1565	1894.82	2428
Iteration: 141	1462	1614	1939.56	2423
Iteration: 142	1462	1521	1906.55	2554
Iteration: 143	1462	1538	1867.55	2557
Iteration: 144	1462	1493	1854.79	2288
Iteration: 145	1462	1524	1921.75	2478
Iteration: 146	1462	1603	1904.99	2333
Iteration: 147	1462	1526	1856.73	2405
Iteration: 148	1462	1514	1884.31	2769
Iteration: 149	1462	1533	1920.15	2520
