Iteration: 0	1623	1623	1910.68	2387
Iteration: 1	1591	1591	1899.58	2423
Iteration: 2	1591	1607	1898.82	2411
Iteration: 3	1589	1589	1905.31	2576
Iteration: 4	1507	1507	1918.51	2339
Iteration: 5	1507	1636	1891.78	2384
Iteration: 6	1478	1478	1895.07	2664
Iteration: 7	1478	1536	1892.05	2608
Iteration: 8	1478	1566	1915.29	2577
Iteration: 9	1478	1628	1903.08	2367
Iteration: 10	1459	1459	1889.47	2605
Iteration: 11	1459	1551	1886.89	2329
Iteration: 12	1459	1542	1880.01	2652
Iteration: 13	1459	1578	1887.12	2422
Iteration: 14	1459	1541	1894.39	2528
Iteration: 15	1459	1549	1858.67	2397
Iteration: 16	1459	1600	1915.77	2572
Iteration: 17	1459	1617	1912.64	2504
Iteration: 18	1459	1614	1945.43	2563
Iteration: 19	1459	1561	1882.57	2358
Iteration: 20	1459	1508	1895.25	2564
Iteration: 21	1459	1538	1918.92	2842
Iteration: 22	1459	1574	1896.27	2475
Iteration: 23	1459	1501	1875.05	2290
Iteration: 24	1459	1556	1929.53	2705
Iteration: 25	1459	1549	1915.96	2457
Iteration: 26	1459	1520	1878.2	2508
Iteration: 27	1459	1577	1881.68	2375
Iteration: 28	1459	1588	1899.36	2738
Iteration: 29	1459	1502	1880.91	2403
Iteration: 30	1459	1575	1905.41	2570
Iteration: 31	1459	1590	1881.98	2512
Iteration: 32	1459	1538	1889.99	2477
Iteration: 33	1459	1528	1888.32	2306
Iteration: 34	1459	1603	1905.77	2502
Iteration: 35	1459	1542	1895.31	2375
Iteration: 36	1459	1533	1858.45	2296
Iteration: 37	1459	1595	1913.97	2414
Iteration: 38	1459	1513	1929.27	2430
Iteration: 39	1459	1571	1914.56	2631
Iteration: 40	1459	1584	1924.11	2795
Iteration: 41	1459	1569	1888.71	2344
Iteration: 42	1459	1580	1924.15	2659
Iteration: 43	1459	1585	1898.66	2414
Iteration: 44	1459	1528	1918.31	2552
Iteration: 45	1459	1509	1877.31	2325
Iteration: 46	1459	1607	1903.35	2601
Iteration: 47	1459	1625	1874.43	2245
Iteration: 48	1459	1503	1875.77	2580
Iteration: 49	1459	1588	1884.28	2443
Iteration: 50	1459	1561	1905.6	2561
Iteration: 51	1459	1611	1909.82	2478
Iteration: 52	1459	1537	1910.39	2524
Iteration: 53	1459	1545	1885.27	2213
Iteration: 54	1459	1595	1893.27	2555
Iteration: 55	1459	1504	1878.47	2454
Iteration: 56	1459	1588	1917.42	2537
Iteration: 57	1459	1624	1865.18	2552
Iteration: 58	1459	1513	1868.46	2473
Iteration: 59	1459	1553	1889.12	2328
Iteration: 60	1459	1613	1861.84	2197
Iteration: 61	1459	1599	1901.28	2361
Iteration: 62	1459	1570	1912.01	2537
Iteration: 63	1459	1563	1907.09	2663
Iteration: 64	1459	1567	1941.67	2492
Iteration: 65	1459	1531	1875.23	2487
Iteration: 66	1459	1615	1899.49	2300
Iteration: 67	1459	1568	1916.03	2680
Iteration: 68	1459	1648	1920.99	2408
Iteration: 69	1459	1532	1891.42	2605
Iteration: 70	1459	1589	1876.18	2372
Iteration: 71	1459	1552	1885.07	2374
Iteration: 72	1459	1601	1885.92	2416
Iteration: 73	1459	1573	1931.78	2466
Iteration: 74	1459	1557	1888.83	2625
Iteration: 75	1459	1546	1885.58	2580
Iteration: 76	1459	1558	1907.95	2562
Iteration: 77	1459	1617	1897.64	2693
Iteration: 78	1459	1574	1879.31	2325
Iteration: 79	1459	1535	1916.34	2519
Iteration: 80	1459	1603	1909.18	2422
Iteration: 81	1459	1497	1899.89	2413
Iteration: 82	1459	1599	1890.68	2529
Iteration: 83	1459	1629	1916.4	2558
Iteration: 84	1459	1580	1891.57	2434
Iteration: 85	1459	1555	1925.37	2719
Iteration: 86	1459	1515	1897.89	2475
Iteration: 87	1459	1608	1884.82	2599
Iteration: 88	1459	1626	1890.57	2674
Iteration: 89	1459	1484	1913.51	2531
Iteration: 90	1459	1521	1922.5	3029
Iteration: 91	1459	1536	1882.85	2404
Iteration: 92	1459	1547	1886.45	2572
Iteration: 93	1459	1573	1887.14	2372
Iteration: 94	1459	1581	1891.1	2452
Iteration: 95	1459	1541	1877.45	2435
Iteration: 96	1459	1606	1887.47	2426
Iteration: 97	1459	1516	1895.51	2412
Iteration: 98	1459	1572	1902.16	2381
Iteration: 99	1459	1533	1888.7	2405
Iteration: 100	1459	1677	1926.23	2381
Iteration: 101	1459	1500	1863.14	2479
Iteration: 102	1459	1574	1904.19	2422
Iteration: 103	1459	1548	1875.5	2342
Iteration: 104	1459	1588	1875.03	2617
Iteration: 105	1459	1504	1895.31	2389
Iteration: 106	1459	1593	1866.52	2347
Iteration: 107	1459	1541	1918.62	2477
Iteration: 108	1459	1522	1888.99	2332
Iteration: 109	1459	1517	1919.58	2526
Iteration: 110	1459	1581	1909.51	2580
Iteration: 111	1459	1577	1915.15	2653
Iteration: 112	1459	1591	1881.9	2490
Iteration: 113	1459	1542	1880.1	2604
Iteration: 114	1459	1565	1866.7	2321
Iteration: 115	1459	1542	1908.6	2680
Iteration: 116	1459	1528	1922.3	2364
Iteration: 117	1459	1620	1892.65	2502
Iteration: 118	1459	1522	1887.1	2373
Iteration: 119	1459	1566	1885.78	2460
Iteration: 120	1459	1576	1904.96	2530
Iteration: 121	1459	1616	1925.41	2387
Iteration: 122	1459	1615	1885.28	2358
Iteration: 123	1459	1551	1875.68	2559
Iteration: 124	1459	1595	1901.39	2510
Iteration: 125	1459	1574	1886.37	2399
Iteration: 126	1459	1568	1892.8	2661
Iteration: 127	1459	1528	1916.97	2536
Iteration: 128	1459	1604	1904.06	2626
Iteration: 129	1459	1562	1884.03	2500
Iteration: 130	1459	1562	1890.31	2366
Iteration: 131	1459	1574	1904.69	2343
Iteration: 132	1459	1578	1894.4	2542
Iteration: 133	1459	1583	1895.71	2567
Iteration: 134	1459	1579	1907.79	2451
Iteration: 135	1459	1580	1885.26	2474
Iteration: 136	1459	1563	1884.15	2352
Iteration: 137	1459	1575	1889.52	2604
Iteration: 138	1459	1682	1917.72	2557
Iteration: 139	1459	1564	1873.82	2532
Iteration: 140	1459	1533	1887.98	2456
Iteration: 141	1459	1593	1908.73	2515
Iteration: 142	1459	1540	1880.42	2508
Iteration: 143	1459	1573	1906.54	2862
Iteration: 144	1459	1557	1905.77	2402
Iteration: 145	1459	1592	1917.39	2432
Iteration: 146	1459	1521	1880.53	2312
Iteration: 147	1459	1631	1903.07	2227
Iteration: 148	1459	1489	1886.62	2498
Iteration: 149	1459	1546	1901.22	2370
