Iteration: 0	1598	1598	1940.98	2673
Iteration: 1	1396	1396	1859.62	2275
Iteration: 2	1396	1558	1908.35	2602
Iteration: 3	1396	1546	1891.03	2468
Iteration: 4	1396	1611	1877.27	2351
Iteration: 5	1396	1559	1906.09	2526
Iteration: 6	1396	1569	1910.34	2393
Iteration: 7	1396	1550	1871.57	2323
Iteration: 8	1396	1586	1886.69	2520
Iteration: 9	1396	1617	1900.77	2564
Iteration: 10	1396	1591	1920.65	2501
Iteration: 11	1396	1440	1880.63	2383
Iteration: 12	1396	1541	1906.62	2427
Iteration: 13	1396	1606	1916.37	2442
Iteration: 14	1396	1565	1907.33	2452
Iteration: 15	1396	1622	1944.02	2470
Iteration: 16	1396	1600	1902.15	2766
Iteration: 17	1396	1558	1892.79	2443
Iteration: 18	1396	1595	1885.84	2651
Iteration: 19	1396	1618	1892.42	2275
Iteration: 20	1396	1577	1924.16	2617
Iteration: 21	1396	1548	1881.38	2433
Iteration: 22	1396	1608	1892.45	2414
Iteration: 23	1396	1570	1916.48	2366
Iteration: 24	1396	1543	1908.74	2687
Iteration: 25	1396	1540	1880.67	2482
Iteration: 26	1396	1504	1874.52	2455
Iteration: 27	1396	1596	1905.93	2355
Iteration: 28	1396	1525	1880.93	2346
Iteration: 29	1396	1573	1876.23	2832
Iteration: 30	1396	1559	1913.36	2338
Iteration: 31	1396	1581	1906.97	2547
Iteration: 32	1396	1516	1896.78	2631
Iteration: 33	1396	1531	1897.18	2372
Iteration: 34	1396	1582	1907.3	2409
Iteration: 35	1396	1574	1895.19	2445
Iteration: 36	1396	1620	1887.13	2387
Iteration: 37	1396	1573	1905.77	2475
Iteration: 38	1396	1627	1885.3	2364
Iteration: 39	1396	1573	1856.59	2431
Iteration: 40	1396	1535	1913.58	2508
Iteration: 41	1396	1544	1899.75	2392
Iteration: 42	1396	1584	1910.24	2702
Iteration: 43	1396	1504	1918.61	2393
Iteration: 44	1396	1495	1888.56	2451
Iteration: 45	1396	1558	1897.99	2479
Iteration: 46	1396	1551	1901.2	2552
Iteration: 47	1396	1493	1936.21	2573
Iteration: 48	1396	1563	1902.32	2746
Iteration: 49	1396	1520	1891.55	2577
Iteration: 50	1396	1596	1890.11	2406
Iteration: 51	1396	1519	1892.79	2443
Iteration: 52	1396	1565	1879.9	2478
Iteration: 53	1396	1592	1904.42	2329
Iteration: 54	1396	1640	1909.18	2596
Iteration: 55	1396	1542	1887.88	2461
Iteration: 56	1396	1514	1912.18	2457
Iteration: 57	1396	1591	1876.12	2265
Iteration: 58	1396	1525	1861.65	2534
Iteration: 59	1396	1619	1896.49	2322
Iteration: 60	1396	1603	1896.09	2567
Iteration: 61	1396	1544	1856.55	2337
Iteration: 62	1396	1617	1915.57	2591
Iteration: 63	1396	1546	1920.33	2397
Iteration: 64	1396	1587	1879.57	2484
Iteration: 65	1396	1573	1875.33	2409
Iteration: 66	1396	1550	1915.64	2703
Iteration: 67	1396	1568	1885.6	2448
Iteration: 68	1396	1534	1861.68	2495
Iteration: 69	1396	1599	1863.33	2503
Iteration: 70	1396	1588	1886.36	2357
Iteration: 71	1396	1590	1881.39	2349
Iteration: 72	1396	1559	1926.68	2461
Iteration: 73	1396	1554	1860.9	2340
Iteration: 74	1396	1598	1897.99	2356
Iteration: 75	1396	1563	1931.96	2613
Iteration: 76	1396	1619	1909.6	2612
Iteration: 77	1396	1618	1925.07	2429
Iteration: 78	1396	1552	1891.73	2465
Iteration: 79	1396	1543	1882.6	2462
Iteration: 80	1396	1533	1886.56	2261
Iteration: 81	1396	1546	1907.98	2435
Iteration: 82	1396	1601	1882.95	2312
Iteration: 83	1396	1545	1874.57	2388
Iteration: 84	1396	1517	1902.83	2399
Iteration: 85	1396	1621	1938.46	2479
Iteration: 86	1396	1553	1892.11	2561
Iteration: 87	1396	1583	1906.96	2431
Iteration: 88	1396	1505	1883.59	2498
Iteration: 89	1396	1529	1877.01	2677
Iteration: 90	1396	1525	1903	2594
Iteration: 91	1396	1617	1924.01	2772
Iteration: 92	1396	1599	1907.72	2309
Iteration: 93	1396	1556	1878.39	2268
Iteration: 94	1396	1559	1914.02	2491
Iteration: 95	1396	1571	1865.38	2404
Iteration: 96	1396	1585	1904.35	2594
Iteration: 97	1396	1600	1867.75	2573
Iteration: 98	1396	1623	1879.68	2512
Iteration: 99	1396	1547	1910.35	2643
Iteration: 100	1396	1548	1880.65	2339
Iteration: 101	1396	1513	1880.52	2511
Iteration: 102	1396	1541	1884.51	2384
Iteration: 103	1396	1570	1879.04	2507
Iteration: 104	1396	1563	1867.23	2362
Iteration: 105	1396	1608	1908.66	2700
Iteration: 106	1396	1617	1892.97	2716
Iteration: 107	1396	1594	1887.04	2362
Iteration: 108	1396	1578	1910.58	2385
Iteration: 109	1396	1542	1902.94	2712
Iteration: 110	1396	1569	1891.14	2275
Iteration: 111	1396	1503	1913.08	2867
Iteration: 112	1396	1596	1895.89	2351
Iteration: 113	1396	1554	1881.28	2807
Iteration: 114	1396	1507	1885.67	2870
Iteration: 115	1396	1550	1910.59	2462
Iteration: 116	1396	1553	1864.97	2450
Iteration: 117	1396	1500	1925.19	2420
Iteration: 118	1396	1522	1881.15	2546
Iteration: 119	1396	1598	1934.4	2706
Iteration: 120	1396	1584	1863.24	2417
Iteration: 121	1396	1545	1892.47	2485
Iteration: 122	1396	1589	1876.36	2383
Iteration: 123	1396	1572	1920.14	2571
Iteration: 124	1396	1575	1895.13	2406
Iteration: 125	1396	1571	1874.84	2517
Iteration: 126	1396	1567	1915.73	2528
Iteration: 127	1396	1607	1922.03	2623
Iteration: 128	1396	1541	1897.64	2398
Iteration: 129	1396	1604	1910.17	2407
Iteration: 130	1396	1578	1918.78	2581
Iteration: 131	1396	1516	1918.12	2483
Iteration: 132	1396	1548	1914.99	2489
Iteration: 133	1396	1578	1893.41	2384
Iteration: 134	1396	1597	1907.35	2365
Iteration: 135	1396	1589	1895.02	2337
Iteration: 136	1396	1583	1924.77	2566
Iteration: 137	1396	1550	1895.9	2245
Iteration: 138	1396	1540	1932.06	2530
Iteration: 139	1396	1565	1863.21	2339
Iteration: 140	1396	1603	1919.51	2519
Iteration: 141	1396	1555	1890.16	2484
Iteration: 142	1396	1585	1879.2	2394
Iteration: 143	1396	1564	1917.62	2585
Iteration: 144	1396	1512	1896.05	2415
Iteration: 145	1396	1574	1901.08	2536
Iteration: 146	1396	1548	1916.85	2862
Iteration: 147	1396	1570	1905.88	2444
Iteration: 148	1396	1524	1911.25	2635
Iteration: 149	1396	1593	1927.86	2559
Iteration: 150	1396	1523	1892.81	2434
Iteration: 151	1396	1517	1896.92	2549
Iteration: 152	1396	1504	1901.15	2818
Iteration: 153	1396	1595	1894.43	2740
Iteration: 154	1396	1586	1895.83	2645
Iteration: 155	1396	1567	1932.94	2912
Iteration: 156	1396	1596	1887.72	2368
Iteration: 157	1396	1555	1903.97	2503
Iteration: 158	1396	1492	1895.74	2497
Iteration: 159	1396	1534	1891.66	2533
Iteration: 160	1396	1495	1894.64	2337
Iteration: 161	1396	1587	1929.21	2565
Iteration: 162	1396	1454	1900.48	2612
Iteration: 163	1396	1556	1871.71	2632
Iteration: 164	1396	1538	1906.41	2482
Iteration: 165	1396	1571	1891.65	2422
Iteration: 166	1396	1576	1891.41	2640
Iteration: 167	1396	1502	1887.32	2487
Iteration: 168	1396	1567	1886.99	2426
Iteration: 169	1396	1583	1885.55	2536
Iteration: 170	1396	1590	1906.54	2653
Iteration: 171	1396	1584	1891.74	2300
Iteration: 172	1396	1548	1877.26	2466
Iteration: 173	1396	1557	1873.02	2459
Iteration: 174	1396	1525	1909.05	2536
Iteration: 175	1396	1575	1916.87	2356
Iteration: 176	1396	1509	1912.39	2549
Iteration: 177	1396	1561	1874.92	2357
Iteration: 178	1396	1508	1911.81	2489
Iteration: 179	1396	1538	1895.1	2470
Iteration: 180	1396	1574	1890.97	2324
Iteration: 181	1396	1614	1896.41	2458
Iteration: 182	1396	1610	1886.57	2505
Iteration: 183	1396	1585	1923.79	2792
Iteration: 184	1396	1548	1867.57	2382
Iteration: 185	1396	1542	1901.92	2543
Iteration: 186	1396	1651	1910.95	2609
Iteration: 187	1396	1550	1913.37	2353
Iteration: 188	1396	1552	1895.38	2423
Iteration: 189	1396	1581	1887.93	2244
Iteration: 190	1396	1659	1915.5	2717
Iteration: 191	1396	1559	1905.4	2331
Iteration: 192	1396	1576	1898.78	2413
Iteration: 193	1396	1607	1905.36	2557
Iteration: 194	1396	1565	1875.94	2355
Iteration: 195	1396	1514	1902.45	2611
Iteration: 196	1396	1573	1911.58	2593
Iteration: 197	1396	1571	1920.75	2455
Iteration: 198	1396	1562	1902	2533
Iteration: 199	1396	1567	1875.32	2336
Iteration: 200	1396	1534	1889.55	2415
Iteration: 201	1396	1601	1897.2	2680
Iteration: 202	1396	1617	1884.44	2435
Iteration: 203	1396	1516	1908.92	2354
Iteration: 204	1396	1591	1885.5	2396
Iteration: 205	1396	1509	1871.41	2334
Iteration: 206	1396	1461	1901.05	2464
Iteration: 207	1396	1596	1907.85	2316
Iteration: 208	1396	1554	1899.89	2403
Iteration: 209	1396	1558	1908.6	2322
Iteration: 210	1396	1555	1886.76	2475
Iteration: 211	1396	1599	1912.8	2661
Iteration: 212	1396	1526	1912.95	2733
Iteration: 213	1396	1577	1863.59	2333
Iteration: 214	1396	1539	1911.9	2652
Iteration: 215	1396	1588	1902.3	2447
Iteration: 216	1396	1571	1895.51	2282
Iteration: 217	1396	1533	1915.63	2365
Iteration: 218	1396	1530	1908.88	2489
Iteration: 219	1396	1599	1948.95	2671
Iteration: 220	1396	1568	1911.88	2365
Iteration: 221	1396	1572	1889.86	2270
Iteration: 222	1396	1536	1892.88	2446
Iteration: 223	1396	1517	1857.87	2413
Iteration: 224	1396	1500	1877.77	2364
Iteration: 225	1396	1575	1898.64	2337
Iteration: 226	1396	1534	1880.43	2322
Iteration: 227	1396	1592	1906.54	2353
Iteration: 228	1396	1594	1919.67	2427
Iteration: 229	1396	1584	1892.14	2487
Iteration: 230	1396	1548	1898.25	2550
Iteration: 231	1396	1570	1921.54	2380
Iteration: 232	1396	1582	1891.76	2512
Iteration: 233	1396	1601	1897.61	2393
Iteration: 234	1396	1549	1916.97	2488
Iteration: 235	1396	1522	1866.85	2413
Iteration: 236	1396	1543	1925.77	2550
Iteration: 237	1396	1588	1940.37	2500
Iteration: 238	1396	1505	1876.39	2306
Iteration: 239	1396	1556	1900.92	2382
Iteration: 240	1396	1544	1913.14	2590
Iteration: 241	1396	1566	1893.49	2289
Iteration: 242	1396	1587	1896.97	2454
Iteration: 243	1396	1512	1908.15	2426
Iteration: 244	1396	1521	1868.62	2366
Iteration: 245	1396	1577	1904.38	2623
Iteration: 246	1396	1581	1889.65	2436
Iteration: 247	1396	1504	1897.46	2537
Iteration: 248	1396	1535	1951.68	2985
Iteration: 249	1396	1527	1913	2401
Iteration: 250	1396	1555	1897.32	2459
Iteration: 251	1396	1556	1857.72	2327
Iteration: 252	1396	1562	1899.39	2468
Iteration: 253	1396	1539	1887.27	2739
Iteration: 254	1396	1598	1939.47	2442
Iteration: 255	1396	1555	1911.53	2572
Iteration: 256	1396	1550	1897.59	2418
Iteration: 257	1396	1542	1919.28	2620
Iteration: 258	1396	1563	1921.31	2712
Iteration: 259	1396	1510	1863.78	2596
Iteration: 260	1396	1570	1882.64	2665
Iteration: 261	1396	1618	1885.17	2500
Iteration: 262	1396	1539	1844.81	2359
Iteration: 263	1396	1547	1904.91	2376
Iteration: 264	1396	1590	1860.07	2577
Iteration: 265	1396	1547	1910.55	2598
Iteration: 266	1396	1626	1902.5	2297
Iteration: 267	1396	1600	1911.93	2512
Iteration: 268	1396	1600	1889.12	2492
Iteration: 269	1396	1566	1922.58	2481
Iteration: 270	1396	1440	1915.18	2552
Iteration: 271	1396	1558	1888.53	2374
Iteration: 272	1396	1489	1860.31	2247
Iteration: 273	1396	1567	1867.31	2513
Iteration: 274	1396	1579	1888.24	2261
Iteration: 275	1396	1558	1858.02	2191
Iteration: 276	1396	1560	1906.44	2562
Iteration: 277	1396	1562	1872.72	2431
Iteration: 278	1396	1548	1893.77	2512
Iteration: 279	1396	1519	1896.84	2443
Iteration: 280	1396	1624	1890	2635
Iteration: 281	1396	1609	1912.82	2693
Iteration: 282	1396	1603	1922.79	2790
Iteration: 283	1396	1606	1897.29	2411
Iteration: 284	1396	1611	1913.95	2373
Iteration: 285	1396	1614	1914.06	2371
Iteration: 286	1396	1538	1889.84	2615
Iteration: 287	1396	1530	1868.9	2404
Iteration: 288	1396	1582	1879.39	2438
Iteration: 289	1396	1567	1886.72	2401
Iteration: 290	1396	1516	1880.81	2461
Iteration: 291	1396	1623	1934.79	2660
Iteration: 292	1396	1637	1927.21	2689
Iteration: 293	1396	1565	1916.6	2452
Iteration: 294	1396	1589	1872.82	2471
Iteration: 295	1396	1522	1886.24	2388
Iteration: 296	1396	1532	1907.57	2706
Iteration: 297	1396	1519	1858.14	2341
Iteration: 298	1396	1556	1898.88	2429
Iteration: 299	1396	1619	1907.4	2503
