Iteration: 0	1623	1623	1910.68	2387
Iteration: 1	1591	1591	1899.58	2423
Iteration: 2	1591	1607	1898.82	2411
Iteration: 3	1589	1589	1905.31	2576
Iteration: 4	1507	1507	1918.51	2339
Iteration: 5	1507	1636	1891.78	2384
Iteration: 6	1478	1478	1895.07	2664
Iteration: 7	1478	1536	1892.05	2608
Iteration: 8	1478	1566	1915.29	2577
Iteration: 9	1478	1628	1903.08	2367
Iteration: 10	1459	1459	1889.47	2605
Iteration: 11	1459	1551	1886.89	2329
Iteration: 12	1459	1542	1880.01	2652
Iteration: 13	1459	1578	1887.12	2422
Iteration: 14	1459	1541	1894.39	2528
Iteration: 15	1459	1549	1858.67	2397
Iteration: 16	1459	1600	1915.77	2572
Iteration: 17	1459	1617	1912.64	2504
Iteration: 18	1459	1614	1945.43	2563
Iteration: 19	1459	1561	1882.57	2358
Iteration: 20	1459	1508	1895.25	2564
Iteration: 21	1459	1538	1918.92	2842
Iteration: 22	1459	1574	1896.27	2475
Iteration: 23	1459	1501	1875.05	2290
Iteration: 24	1459	1556	1929.53	2705
Iteration: 25	1459	1549	1915.96	2457
Iteration: 26	1459	1520	1878.2	2508
Iteration: 27	1459	1577	1881.68	2375
Iteration: 28	1459	1588	1899.36	2738
Iteration: 29	1459	1502	1880.91	2403
Iteration: 30	1459	1575	1905.41	2570
Iteration: 31	1459	1590	1881.98	2512
Iteration: 32	1459	1538	1889.99	2477
Iteration: 33	1459	1528	1888.32	2306
Iteration: 34	1459	1603	1905.77	2502
Iteration: 35	1459	1542	1895.31	2375
Iteration: 36	1459	1533	1858.45	2296
Iteration: 37	1459	1595	1913.97	2414
Iteration: 38	1459	1513	1929.27	2430
Iteration: 39	1459	1571	1914.56	2631
Iteration: 40	1459	1584	1924.11	2795
Iteration: 41	1459	1569	1888.71	2344
Iteration: 42	1459	1580	1924.15	2659
Iteration: 43	1459	1585	1898.66	2414
Iteration: 44	1459	1528	1918.31	2552
Iteration: 45	1459	1509	1877.31	2325
Iteration: 46	1459	1607	1903.35	2601
Iteration: 47	1459	1625	1874.43	2245
Iteration: 48	1459	1503	1875.77	2580
Iteration: 49	1459	1588	1884.28	2443
Iteration: 50	1459	1561	1905.6	2561
Iteration: 51	1459	1611	1909.82	2478
Iteration: 52	1459	1537	1910.39	2524
Iteration: 53	1459	1545	1885.27	2213
Iteration: 54	1459	1595	1893.27	2555
Iteration: 55	1459	1504	1878.47	2454
Iteration: 56	1459	1588	1917.42	2537
Iteration: 57	1459	1624	1865.18	2552
Iteration: 58	1459	1513	1868.46	2473
Iteration: 59	1459	1553	1889.12	2328
Iteration: 60	1459	1613	1861.84	2197
Iteration: 61	1459	1599	1901.28	2361
Iteration: 62	1459	1570	1912.01	2537
Iteration: 63	1459	1563	1907.09	2663
Iteration: 64	1459	1567	1941.67	2492
Iteration: 65	1459	1531	1875.23	2487
Iteration: 66	1459	1615	1899.49	2300
Iteration: 67	1459	1568	1916.03	2680
Iteration: 68	1459	1648	1920.99	2408
Iteration: 69	1459	1532	1891.42	2605
Iteration: 70	1459	1589	1876.18	2372
Iteration: 71	1459	1552	1885.07	2374
Iteration: 72	1459	1601	1885.92	2416
Iteration: 73	1459	1573	1931.78	2466
Iteration: 74	1459	1557	1888.83	2625
Iteration: 75	1459	1546	1885.58	2580
Iteration: 76	1459	1558	1907.95	2562
Iteration: 77	1459	1617	1897.64	2693
Iteration: 78	1459	1574	1879.31	2325
Iteration: 79	1459	1535	1916.34	2519
Iteration: 80	1459	1603	1909.18	2422
Iteration: 81	1459	1497	1899.89	2413
Iteration: 82	1459	1599	1890.68	2529
Iteration: 83	1459	1629	1916.4	2558
Iteration: 84	1459	1580	1891.57	2434
Iteration: 85	1459	1555	1925.37	2719
Iteration: 86	1459	1515	1897.89	2475
Iteration: 87	1459	1608	1884.82	2599
Iteration: 88	1459	1626	1890.57	2674
Iteration: 89	1459	1484	1913.51	2531
Iteration: 90	1459	1521	1922.5	3029
Iteration: 91	1459	1536	1882.85	2404
Iteration: 92	1459	1547	1886.45	2572
Iteration: 93	1459	1573	1887.14	2372
Iteration: 94	1459	1581	1891.1	2452
Iteration: 95	1459	1541	1877.45	2435
Iteration: 96	1459	1606	1887.47	2426
Iteration: 97	1459	1516	1895.51	2412
Iteration: 98	1459	1572	1902.16	2381
Iteration: 99	1459	1533	1888.7	2405
Iteration: 100	1459	1677	1926.23	2381
Iteration: 101	1459	1500	1863.14	2479
Iteration: 102	1459	1574	1904.19	2422
Iteration: 103	1459	1548	1875.5	2342
Iteration: 104	1459	1588	1875.03	2617
Iteration: 105	1459	1504	1895.31	2389
Iteration: 106	1459	1593	1866.52	2347
Iteration: 107	1459	1541	1918.62	2477
Iteration: 108	1459	1522	1888.99	2332
Iteration: 109	1459	1517	1919.58	2526
Iteration: 110	1459	1581	1909.51	2580
Iteration: 111	1459	1577	1915.15	2653
Iteration: 112	1459	1591	1881.9	2490
Iteration: 113	1459	1542	1880.1	2604
Iteration: 114	1459	1565	1866.7	2321
Iteration: 115	1459	1542	1908.6	2680
Iteration: 116	1459	1528	1922.3	2364
Iteration: 117	1459	1620	1892.65	2502
Iteration: 118	1459	1522	1887.1	2373
Iteration: 119	1459	1566	1885.78	2460
Iteration: 120	1459	1576	1904.96	2530
Iteration: 121	1459	1616	1925.41	2387
Iteration: 122	1459	1615	1885.28	2358
Iteration: 123	1459	1551	1875.68	2559
Iteration: 124	1459	1595	1901.39	2510
Iteration: 125	1459	1574	1886.37	2399
Iteration: 126	1459	1568	1892.8	2661
Iteration: 127	1459	1528	1916.97	2536
Iteration: 128	1459	1604	1904.06	2626
Iteration: 129	1459	1562	1884.03	2500
Iteration: 130	1459	1562	1890.31	2366
Iteration: 131	1459	1574	1904.69	2343
Iteration: 132	1459	1578	1894.4	2542
Iteration: 133	1459	1583	1895.71	2567
Iteration: 134	1459	1579	1907.79	2451
Iteration: 135	1459	1580	1885.26	2474
Iteration: 136	1459	1563	1884.15	2352
Iteration: 137	1459	1575	1889.52	2604
Iteration: 138	1459	1682	1917.72	2557
Iteration: 139	1459	1564	1873.82	2532
Iteration: 140	1459	1533	1887.98	2456
Iteration: 141	1459	1593	1908.73	2515
Iteration: 142	1459	1540	1880.42	2508
Iteration: 143	1459	1573	1906.54	2862
Iteration: 144	1459	1557	1905.77	2402
Iteration: 145	1459	1592	1917.39	2432
Iteration: 146	1459	1521	1880.53	2312
Iteration: 147	1459	1631	1903.07	2227
Iteration: 148	1459	1489	1886.62	2498
Iteration: 149	1459	1546	1901.22	2370
Iteration: 150	1459	1590	1897.91	2659
Iteration: 151	1459	1515	1915.87	2388
Iteration: 152	1459	1532	1898.59	2362
Iteration: 153	1459	1621	1907.87	2620
Iteration: 154	1459	1511	1897.68	2430
Iteration: 155	1459	1574	1914.26	2480
Iteration: 156	1459	1551	1894.06	2396
Iteration: 157	1459	1615	1916.7	2509
Iteration: 158	1459	1504	1886.54	2364
Iteration: 159	1459	1574	1887.19	2298
Iteration: 160	1459	1614	1928.69	2441
Iteration: 161	1459	1546	1909.3	2508
Iteration: 162	1459	1515	1890.99	2327
Iteration: 163	1459	1584	1885.51	2503
Iteration: 164	1459	1525	1880.07	2556
Iteration: 165	1459	1614	1894.7	2637
Iteration: 166	1459	1586	1880.09	2347
Iteration: 167	1459	1603	1897.35	2553
Iteration: 168	1459	1560	1883.87	2526
Iteration: 169	1459	1575	1904.12	2390
Iteration: 170	1459	1549	1928.31	2423
Iteration: 171	1459	1568	1892.39	2680
Iteration: 172	1459	1587	1899.22	2358
Iteration: 173	1459	1561	1916.54	2407
Iteration: 174	1459	1598	1924.06	2853
Iteration: 175	1459	1579	1880.57	2598
Iteration: 176	1459	1606	1919.92	2406
Iteration: 177	1459	1578	1872.83	2417
Iteration: 178	1459	1644	1942.21	2422
Iteration: 179	1459	1591	1909.63	2423
Iteration: 180	1459	1528	1867.04	2283
Iteration: 181	1459	1555	1895.74	2515
Iteration: 182	1459	1483	1885.56	2381
Iteration: 183	1459	1473	1874.38	2726
Iteration: 184	1459	1571	1919.6	2442
Iteration: 185	1459	1615	1929.76	2604
Iteration: 186	1459	1520	1892.35	2434
Iteration: 187	1459	1508	1895.59	2421
Iteration: 188	1459	1560	1891.74	2416
Iteration: 189	1459	1538	1925.36	2717
Iteration: 190	1459	1538	1895.54	2394
Iteration: 191	1459	1592	1908.98	2587
Iteration: 192	1459	1606	1899.42	2493
Iteration: 193	1459	1575	1904.27	2667
Iteration: 194	1459	1622	1896.45	2342
Iteration: 195	1459	1550	1859.43	2466
Iteration: 196	1459	1604	1916.84	2643
Iteration: 197	1459	1585	1901.14	2396
Iteration: 198	1459	1549	1905.96	2361
Iteration: 199	1459	1548	1898.46	2405
Iteration: 200	1459	1552	1886.21	2521
Iteration: 201	1459	1578	1895.58	2348
Iteration: 202	1459	1628	1907.75	2664
Iteration: 203	1459	1603	1898.33	2357
Iteration: 204	1459	1538	1913.31	2310
Iteration: 205	1459	1573	1884.13	2486
Iteration: 206	1459	1580	1875.25	2538
Iteration: 207	1459	1574	1894.55	2444
Iteration: 208	1459	1589	1902.57	2500
Iteration: 209	1459	1609	1946.15	2448
Iteration: 210	1459	1607	1912.66	2666
Iteration: 211	1459	1623	1924.23	2422
Iteration: 212	1459	1578	1896.15	2370
Iteration: 213	1459	1568	1894.56	2586
Iteration: 214	1459	1573	1891.97	2405
Iteration: 215	1459	1601	1901.45	2324
Iteration: 216	1459	1553	1896.39	2438
Iteration: 217	1459	1599	1935.8	2531
Iteration: 218	1459	1565	1922.25	2504
Iteration: 219	1459	1598	1925.13	2739
Iteration: 220	1459	1580	1882.86	2372
Iteration: 221	1459	1591	1900.04	2433
Iteration: 222	1459	1588	1927.38	2980
Iteration: 223	1459	1586	1896.08	2402
Iteration: 224	1459	1523	1884.19	2328
Iteration: 225	1459	1514	1903.95	2308
Iteration: 226	1459	1491	1913.67	2383
Iteration: 227	1459	1610	1890.13	2511
Iteration: 228	1459	1463	1862.53	2299
Iteration: 229	1459	1589	1881.9	2624
Iteration: 230	1459	1521	1885.93	2546
Iteration: 231	1459	1533	1921.94	2672
Iteration: 232	1459	1557	1911.54	2377
Iteration: 233	1459	1605	1888.31	2503
Iteration: 234	1459	1545	1905.2	2440
Iteration: 235	1459	1555	1920.01	2544
Iteration: 236	1459	1606	1907.15	2481
Iteration: 237	1459	1597	1916.84	2491
Iteration: 238	1459	1468	1891.15	2481
Iteration: 239	1459	1595	1901.91	2523
Iteration: 240	1459	1578	1876.98	2380
Iteration: 241	1459	1498	1861.51	2282
Iteration: 242	1459	1533	1907.22	2495
Iteration: 243	1459	1576	1894.94	2483
Iteration: 244	1459	1479	1909.55	2495
Iteration: 245	1459	1635	1919.16	2567
Iteration: 246	1459	1550	1917.94	2460
Iteration: 247	1459	1532	1880.32	2488
Iteration: 248	1459	1541	1911.87	2710
Iteration: 249	1459	1578	1899.37	2369
Iteration: 250	1459	1590	1930.63	2622
Iteration: 251	1459	1545	1903.48	2665
Iteration: 252	1459	1550	1896.63	2454
Iteration: 253	1459	1585	1915.4	2437
Iteration: 254	1459	1495	1901.74	2665
Iteration: 255	1459	1586	1937.73	2581
Iteration: 256	1459	1586	1878.79	2457
Iteration: 257	1459	1587	1910.27	2456
Iteration: 258	1459	1536	1878.5	2334
Iteration: 259	1459	1499	1896.72	2351
Iteration: 260	1459	1541	1874.04	2250
Iteration: 261	1459	1616	1898.57	2553
Iteration: 262	1459	1569	1905.76	2539
Iteration: 263	1459	1575	1874.09	2297
Iteration: 264	1459	1596	1886.12	2419
Iteration: 265	1459	1583	1911.47	2525
Iteration: 266	1459	1596	1889.29	2450
Iteration: 267	1459	1540	1891.66	2447
Iteration: 268	1459	1537	1891.61	2527
Iteration: 269	1459	1554	1886.76	2496
Iteration: 270	1459	1575	1901.97	2411
Iteration: 271	1459	1529	1881.16	2245
Iteration: 272	1459	1531	1898.59	2619
Iteration: 273	1459	1516	1922.94	2455
Iteration: 274	1459	1478	1900.07	2466
Iteration: 275	1459	1593	1897.55	2561
Iteration: 276	1459	1648	1904.76	2419
Iteration: 277	1459	1507	1911.6	2536
Iteration: 278	1459	1513	1905.38	2451
Iteration: 279	1459	1563	1909.35	2498
Iteration: 280	1459	1464	1851.55	2468
Iteration: 281	1459	1631	1898.11	2796
Iteration: 282	1459	1595	1912.09	2291
Iteration: 283	1459	1567	1892.02	2551
Iteration: 284	1459	1576	1935.44	2367
Iteration: 285	1459	1507	1912.5	2492
Iteration: 286	1459	1592	1908.37	2620
Iteration: 287	1459	1552	1888.44	2493
Iteration: 288	1459	1538	1912.27	2608
Iteration: 289	1459	1612	1921.58	2445
Iteration: 290	1459	1582	1886.49	2668
Iteration: 291	1459	1520	1863.71	2457
Iteration: 292	1459	1498	1862.36	2426
Iteration: 293	1459	1576	1898.06	2298
Iteration: 294	1459	1555	1881.03	2439
Iteration: 295	1459	1508	1888.75	2454
Iteration: 296	1459	1556	1940.31	2716
Iteration: 297	1459	1558	1917.83	2760
Iteration: 298	1459	1580	1911.16	2473
Iteration: 299	1459	1564	1901.86	2576
