Iteration: 0	1558	1558	1916.6	2352
Iteration: 1	1558	1671	1858.04	2120
Iteration: 2	1558	1664	1903.08	2190
Iteration: 3	1511	1511	1867.36	2190
Iteration: 4	1511	1655	1936.12	2282
Iteration: 5	1511	1666	1899.84	2157
Iteration: 6	1511	1620	1852.84	2419
Iteration: 7	1511	1571	1882.68	2296
Iteration: 8	1511	1603	1907.32	2280
Iteration: 9	1511	1666	1931.36	2608
Iteration: 10	1511	1578	1895.6	2448
Iteration: 11	1511	1658	1867.2	2327
Iteration: 12	1511	1641	1913.72	2555
Iteration: 13	1511	1632	1955.92	2327
Iteration: 14	1511	1629	1882.32	2377
Iteration: 15	1511	1649	1865.84	2223
Iteration: 16	1511	1599	1911.68	2304
Iteration: 17	1511	1603	1907.28	2154
Iteration: 18	1511	1632	1922	2438
Iteration: 19	1511	1708	1899.2	2370
Iteration: 20	1511	1632	1930.2	2495
Iteration: 21	1511	1603	1878	2298
Iteration: 22	1511	1629	1946.76	2513
Iteration: 23	1511	1620	1894.2	2224
Iteration: 24	1511	1615	1894.08	2444
Iteration: 25	1511	1701	1888.96	2238
Iteration: 26	1511	1696	1912.52	2425
Iteration: 27	1511	1581	1881.12	2310
Iteration: 28	1511	1576	1892.68	2228
Iteration: 29	1511	1638	1951.84	2268
Iteration: 30	1511	1576	1856.48	2115
Iteration: 31	1511	1662	1939.48	2521
Iteration: 32	1511	1612	1865.96	2246
Iteration: 33	1511	1608	1852.8	2075
Iteration: 34	1511	1573	1908.12	2449
Iteration: 35	1511	1645	1961.24	2363
Iteration: 36	1511	1642	1938.16	2692
Iteration: 37	1511	1638	1895.56	2451
Iteration: 38	1511	1533	1896.2	2454
Iteration: 39	1511	1667	1951.8	2226
Iteration: 40	1511	1625	1947	2409
Iteration: 41	1511	1617	1955.72	2654
Iteration: 42	1511	1540	1845.72	2205
Iteration: 43	1511	1629	1853.36	2219
Iteration: 44	1511	1657	1891.56	2222
Iteration: 45	1511	1582	1894.8	2234
Iteration: 46	1511	1613	1949.84	2417
Iteration: 47	1511	1629	1949.28	2409
Iteration: 48	1511	1603	1861.68	2195
Iteration: 49	1511	1560	1906.56	2232
Iteration: 50	1511	1590	1983.04	2391
Iteration: 51	1511	1566	1898.6	2393
Iteration: 52	1511	1546	1858.88	2244
Iteration: 53	1511	1644	1905.4	2448
Iteration: 54	1511	1696	1893.64	2271
Iteration: 55	1511	1650	1891.08	2118
Iteration: 56	1511	1654	1976.96	2377
Iteration: 57	1511	1618	1884.52	2162
Iteration: 58	1511	1589	1877.8	2075
Iteration: 59	1511	1607	1844.04	2150
Iteration: 60	1511	1661	1882.76	2399
Iteration: 61	1511	1661	2018.68	2749
Iteration: 62	1511	1650	1848.36	2290
Iteration: 63	1511	1564	1878.96	2329
Iteration: 64	1511	1570	1860	2367
Iteration: 65	1511	1599	1837.72	2063
Iteration: 66	1511	1673	1943.76	2305
Iteration: 67	1511	1634	1934.96	2414
Iteration: 68	1511	1629	1887.96	2273
Iteration: 69	1511	1615	1847.16	2346
Iteration: 70	1511	1666	1868.76	2183
Iteration: 71	1511	1632	2017.32	2364
Iteration: 72	1511	1569	1868.04	2202
Iteration: 73	1511	1680	1872.08	2233
Iteration: 74	1511	1604	1869.4	2184
Iteration: 75	1511	1632	1904.24	2557
Iteration: 76	1511	1576	1919.12	2334
Iteration: 77	1511	1677	1934.32	2411
Iteration: 78	1511	1709	1940.6	2280
Iteration: 79	1511	1647	1863.24	2198
Iteration: 80	1511	1626	1908.44	2248
Iteration: 81	1511	1689	1934.4	2337
Iteration: 82	1511	1646	1893.96	2242
Iteration: 83	1511	1664	1943.84	2238
Iteration: 84	1511	1584	1901.32	2253
Iteration: 85	1511	1694	2008.52	2486
Iteration: 86	1511	1612	1899.36	2338
Iteration: 87	1511	1616	1889.72	2182
Iteration: 88	1511	1632	1875.52	2262
Iteration: 89	1511	1645	1875.76	2414
Iteration: 90	1511	1613	1916.76	2254
Iteration: 91	1511	1539	1860.32	2344
Iteration: 92	1511	1666	1885.48	2488
Iteration: 93	1511	1607	1850.88	2107
Iteration: 94	1511	1554	1859.2	2296
Iteration: 95	1511	1622	1949.56	2367
Iteration: 96	1511	1656	1905.32	2374
Iteration: 97	1511	1656	1949.04	2460
Iteration: 98	1511	1631	1964.08	2772
Iteration: 99	1511	1669	1868.64	2337
Iteration: 100	1511	1600	1941.72	2658
Iteration: 101	1511	1563	1948.24	2359
Iteration: 102	1511	1673	2000.76	2379
Iteration: 103	1511	1618	1883.76	2340
Iteration: 104	1511	1610	1899.32	2233
Iteration: 105	1511	1610	1937.8	2333
Iteration: 106	1511	1668	1893.72	2427
Iteration: 107	1511	1622	1911.92	2583
Iteration: 108	1511	1645	1974.88	2652
Iteration: 109	1511	1678	1928.72	2345
Iteration: 110	1511	1553	1929.88	2407
Iteration: 111	1511	1604	1895.04	2464
Iteration: 112	1511	1641	1884.72	2330
Iteration: 113	1511	1645	1879.92	2565
Iteration: 114	1511	1553	1878.92	2341
Iteration: 115	1511	1663	1924.56	2771
Iteration: 116	1511	1597	1963.72	2413
Iteration: 117	1511	1704	1899.48	2310
Iteration: 118	1511	1585	1886.28	2572
Iteration: 119	1511	1670	1889.16	2296
Iteration: 120	1511	1637	1954.2	2489
Iteration: 121	1511	1616	1889.36	2275
Iteration: 122	1511	1661	1921.92	2144
Iteration: 123	1511	1663	1952.88	2301
Iteration: 124	1511	1677	1936.28	2299
Iteration: 125	1511	1614	1943.76	2420
Iteration: 126	1511	1600	1871.08	2256
Iteration: 127	1511	1589	1897.4	2383
Iteration: 128	1511	1590	1855.52	2343
Iteration: 129	1511	1666	1860.72	2185
Iteration: 130	1511	1705	1931.96	2432
Iteration: 131	1511	1701	1925.28	2283
Iteration: 132	1511	1597	1901.68	2232
Iteration: 133	1511	1578	1924.52	2552
Iteration: 134	1511	1595	1882.52	2124
Iteration: 135	1511	1639	1869.84	2302
Iteration: 136	1511	1723	1891.76	2220
Iteration: 137	1511	1579	1920.64	2548
Iteration: 138	1511	1623	1910.52	2314
Iteration: 139	1511	1744	1948.96	2419
Iteration: 140	1511	1567	1978.88	2643
Iteration: 141	1511	1674	1958	2653
Iteration: 142	1511	1648	1876.04	2153
Iteration: 143	1511	1753	1932.44	2107
Iteration: 144	1511	1587	1953.36	2982
Iteration: 145	1511	1585	1944.96	2351
Iteration: 146	1511	1660	1906.56	2371
Iteration: 147	1511	1607	1988.4	2839
Iteration: 148	1511	1692	1924.16	2450
Iteration: 149	1511	1542	1881.8	2590
Iteration: 150	1511	1559	1867.72	2196
Iteration: 151	1511	1672	1899.24	2464
Iteration: 152	1511	1681	1918.72	2519
Iteration: 153	1511	1540	1883.2	2341
Iteration: 154	1511	1653	1949.36	2434
Iteration: 155	1511	1644	1882.16	2434
Iteration: 156	1511	1610	1890.12	2582
Iteration: 157	1511	1633	1908.88	2488
Iteration: 158	1511	1683	1978.2	2394
Iteration: 159	1511	1623	1921.56	2369
Iteration: 160	1511	1706	1973.44	2530
Iteration: 161	1511	1639	1904.92	2367
Iteration: 162	1511	1646	1927.28	2342
Iteration: 163	1511	1621	1942.2	2606
Iteration: 164	1511	1613	1960.08	2324
Iteration: 165	1511	1662	1941.64	2296
Iteration: 166	1511	1652	1959.8	2426
Iteration: 167	1511	1719	1897.04	2551
Iteration: 168	1511	1627	1972.68	2672
Iteration: 169	1511	1636	1933	2331
Iteration: 170	1511	1585	1799.68	2025
Iteration: 171	1511	1669	1995.92	2420
Iteration: 172	1511	1676	1923.24	2238
Iteration: 173	1511	1661	1905.04	2279
Iteration: 174	1511	1545	1971.6	2610
Iteration: 175	1511	1638	1847.68	2272
Iteration: 176	1511	1512	1934.44	2371
Iteration: 177	1511	1637	1940.72	2368
Iteration: 178	1511	1596	1956.52	2283
Iteration: 179	1511	1616	1912.6	2270
Iteration: 180	1511	1630	1932.64	2362
Iteration: 181	1511	1691	1935.44	2287
Iteration: 182	1511	1564	1911.48	2505
Iteration: 183	1511	1676	1933.96	2323
Iteration: 184	1511	1681	1958.72	2380
Iteration: 185	1511	1630	1901	2389
Iteration: 186	1511	1608	1878.16	2451
Iteration: 187	1511	1563	1891.72	2499
Iteration: 188	1511	1672	1938.52	2270
Iteration: 189	1511	1684	1922.28	2507
Iteration: 190	1511	1518	1898.32	2209
Iteration: 191	1511	1539	1825	2039
Iteration: 192	1511	1560	1887.44	2490
Iteration: 193	1511	1555	1944.4	2283
Iteration: 194	1511	1579	1913.8	2271
Iteration: 195	1511	1715	1948.36	2279
Iteration: 196	1511	1633	1986.64	2367
Iteration: 197	1511	1651	1930.36	2356
Iteration: 198	1511	1637	1926.44	2238
Iteration: 199	1511	1653	1883.28	2422
Iteration: 200	1511	1552	1930.04	2583
Iteration: 201	1511	1662	1933.24	2236
Iteration: 202	1511	1615	1950.32	2540
Iteration: 203	1511	1651	1945.16	2331
Iteration: 204	1511	1644	1898.72	2387
Iteration: 205	1511	1574	1944.24	2347
Iteration: 206	1511	1643	1931.2	2402
Iteration: 207	1511	1604	1915.24	2327
Iteration: 208	1511	1601	1934.32	2468
Iteration: 209	1511	1590	1938.8	2341
Iteration: 210	1511	1598	1873.72	2160
Iteration: 211	1511	1627	1971.04	2357
Iteration: 212	1511	1670	1905.52	2212
Iteration: 213	1511	1644	1986.28	2507
Iteration: 214	1511	1654	1876.56	2288
Iteration: 215	1511	1663	1928.44	2591
Iteration: 216	1511	1596	1972.64	2442
Iteration: 217	1511	1686	1919.96	2217
Iteration: 218	1511	1635	1897.88	2273
Iteration: 219	1511	1636	1943.92	2555
Iteration: 220	1511	1658	1859.16	1986
Iteration: 221	1511	1571	1919.88	2385
Iteration: 222	1511	1515	1937.36	2456
Iteration: 223	1511	1547	1863.16	2247
Iteration: 224	1511	1629	1950.52	2550
Iteration: 225	1511	1608	1913.16	2298
Iteration: 226	1511	1641	1962.6	2633
Iteration: 227	1511	1635	1994.68	2437
Iteration: 228	1511	1648	1873.64	2277
Iteration: 229	1511	1676	1938.68	2343
Iteration: 230	1511	1672	1907.52	2149
Iteration: 231	1511	1635	2040.56	2766
Iteration: 232	1511	1653	1921.2	2809
Iteration: 233	1511	1629	1926.92	2595
Iteration: 234	1511	1655	1926.32	2627
Iteration: 235	1511	1700	1931.88	2391
Iteration: 236	1511	1660	1971.6	2616
Iteration: 237	1511	1669	1934.64	2246
Iteration: 238	1511	1516	1936.68	2300
Iteration: 239	1511	1672	1947.76	2605
Iteration: 240	1511	1631	1986.44	3048
Iteration: 241	1511	1706	1986.36	2415
Iteration: 242	1511	1663	1925.28	2363
Iteration: 243	1511	1616	1960.44	2324
Iteration: 244	1511	1625	1935.16	2536
Iteration: 245	1511	1632	1976.04	2352
Iteration: 246	1511	1574	1967.16	2481
Iteration: 247	1511	1628	1898.16	2087
Iteration: 248	1511	1613	1999.72	2411
Iteration: 249	1511	1611	1952.24	2353
Iteration: 250	1511	1645	1930.12	2230
Iteration: 251	1511	1585	1858.88	2308
Iteration: 252	1511	1525	1869.88	2188
Iteration: 253	1511	1621	1944.6	2376
Iteration: 254	1511	1600	1881.72	2292
Iteration: 255	1511	1563	1974.4	2441
Iteration: 256	1511	1654	1904.76	2426
Iteration: 257	1511	1589	1927.88	2411
Iteration: 258	1511	1635	1979.92	2489
Iteration: 259	1511	1618	1930.16	2283
Iteration: 260	1511	1629	2012.6	2399
Iteration: 261	1511	1557	1864.68	2261
Iteration: 262	1511	1632	1925.36	2482
Iteration: 263	1511	1700	1935.68	2551
Iteration: 264	1511	1641	1904.88	2471
Iteration: 265	1511	1610	1948.44	2526
Iteration: 266	1511	1662	1966.92	2634
Iteration: 267	1511	1739	1959.32	2488
Iteration: 268	1511	1658	1878.16	2247
Iteration: 269	1511	1637	1868.68	2162
Iteration: 270	1511	1667	1904.04	2176
Iteration: 271	1511	1612	1893.96	2399
Iteration: 272	1511	1723	1936.28	2430
Iteration: 273	1511	1606	1893.92	2231
Iteration: 274	1511	1678	1938.88	2250
Iteration: 275	1511	1609	1946.72	2445
Iteration: 276	1511	1610	2010.2	2547
Iteration: 277	1511	1604	1933.36	2236
Iteration: 278	1511	1557	1933.96	2824
Iteration: 279	1511	1675	1896.52	2334
Iteration: 280	1511	1610	1931.16	2295
Iteration: 281	1511	1642	1936.72	2511
Iteration: 282	1511	1635	1933.68	2460
Iteration: 283	1511	1591	1941.92	2619
Iteration: 284	1511	1662	1942.48	2518
Iteration: 285	1511	1536	1940.44	2483
Iteration: 286	1511	1572	1898.24	2618
Iteration: 287	1511	1537	1978.2	2413
Iteration: 288	1511	1645	1924.48	2261
Iteration: 289	1511	1630	1884.4	2336
Iteration: 290	1485	1485	1891.92	2220
Iteration: 291	1485	1602	1906.4	2373
Iteration: 292	1485	1565	1869.96	2294
Iteration: 293	1485	1629	1949.52	2598
Iteration: 294	1485	1538	1906.32	2554
Iteration: 295	1485	1579	1925.04	2256
Iteration: 296	1485	1650	1960.84	2459
Iteration: 297	1485	1609	2039.44	2540
Iteration: 298	1485	1709	2002.48	2449
Iteration: 299	1485	1579	1953.92	2407
Iteration: 300	1485	1676	1877.84	2407
Iteration: 301	1485	1595	1923.64	2151
Iteration: 302	1485	1625	1911.28	2680
Iteration: 303	1485	1531	1917.84	2375
Iteration: 304	1485	1635	1849.36	2201
Iteration: 305	1485	1593	1907.88	2399
Iteration: 306	1485	1687	1958.52	2397
Iteration: 307	1485	1542	1882.88	2265
Iteration: 308	1485	1593	1887.64	2296
Iteration: 309	1485	1615	1890.64	2630
Iteration: 310	1485	1647	1977.2	2478
Iteration: 311	1485	1536	1908.08	2362
Iteration: 312	1485	1621	1959.68	2389
Iteration: 313	1485	1611	1920.2	2290
Iteration: 314	1485	1584	1900.36	2246
Iteration: 315	1485	1663	1965.68	2645
Iteration: 316	1485	1682	1954.64	2531
Iteration: 317	1485	1705	1968.04	2312
Iteration: 318	1485	1594	1878.44	2452
Iteration: 319	1485	1655	1947	2568
Iteration: 320	1485	1645	1911.12	2447
Iteration: 321	1485	1665	1945.36	2246
Iteration: 322	1485	1666	1938.52	2502
Iteration: 323	1485	1597	1926.76	2349
Iteration: 324	1485	1669	1920.24	2325
Iteration: 325	1485	1639	1950.16	2434
Iteration: 326	1485	1630	1862.44	2280
Iteration: 327	1485	1513	1907.2	2332
Iteration: 328	1485	1646	1910	2329
Iteration: 329	1485	1607	1945.4	2374
Iteration: 330	1485	1639	1856.2	2126
Iteration: 331	1485	1631	1932.52	2357
Iteration: 332	1485	1638	1923.76	2356
Iteration: 333	1485	1609	1964.76	2315
Iteration: 334	1485	1656	1860.28	2295
Iteration: 335	1485	1635	1952.32	2592
Iteration: 336	1485	1546	1852.72	2356
Iteration: 337	1485	1658	1967.04	2224
Iteration: 338	1485	1588	1905.44	2311
Iteration: 339	1485	1622	1897.92	2283
Iteration: 340	1485	1554	1835.04	2172
Iteration: 341	1485	1639	1893.72	2808
Iteration: 342	1485	1544	1905.72	2439
Iteration: 343	1485	1551	1890.44	2691
Iteration: 344	1485	1599	2020.16	2648
Iteration: 345	1485	1675	1953.68	2314
Iteration: 346	1485	1678	1968.68	2531
Iteration: 347	1485	1577	1899.52	2629
Iteration: 348	1485	1631	1952.96	2394
Iteration: 349	1485	1672	1942.08	2288
Iteration: 350	1485	1554	1910.12	2230
Iteration: 351	1485	1601	1902.76	2566
Iteration: 352	1485	1676	1929.76	2349
Iteration: 353	1485	1674	1931.16	2298
Iteration: 354	1485	1688	1888.72	2235
Iteration: 355	1485	1650	1911.32	2585
Iteration: 356	1485	1627	1889.08	2272
Iteration: 357	1485	1632	1859.64	2472
Iteration: 358	1485	1521	1924.12	2479
Iteration: 359	1485	1623	1905.64	2525
Iteration: 360	1485	1569	1883.52	2193
Iteration: 361	1485	1584	1840.4	2328
Iteration: 362	1485	1509	1956.68	2487
Iteration: 363	1485	1666	1992.16	2496
Iteration: 364	1485	1606	1917.08	2319
Iteration: 365	1485	1671	1922.64	2186
Iteration: 366	1485	1585	1900.44	2371
Iteration: 367	1485	1680	1957.4	2257
Iteration: 368	1485	1667	1982.8	2407
Iteration: 369	1485	1557	1946.24	2524
Iteration: 370	1485	1738	1988	2434
Iteration: 371	1485	1693	1939.12	2383
Iteration: 372	1485	1613	1864	2193
Iteration: 373	1485	1663	1926.72	2819
Iteration: 374	1485	1655	1969.08	3061
Iteration: 375	1485	1698	1975.96	2506
Iteration: 376	1485	1620	1952.76	2658
Iteration: 377	1485	1609	2005.44	2672
Iteration: 378	1485	1747	1908.24	2259
Iteration: 379	1485	1683	1893.48	2127
Iteration: 380	1485	1519	1923.68	2573
Iteration: 381	1485	1717	1927.04	2307
Iteration: 382	1485	1643	1988.04	2549
Iteration: 383	1485	1563	1904.2	2278
Iteration: 384	1485	1586	1903.28	2192
Iteration: 385	1485	1647	1899.24	2334
Iteration: 386	1485	1598	1911.52	2419
Iteration: 387	1485	1592	1899.84	2226
Iteration: 388	1485	1788	2031.8	2487
Iteration: 389	1485	1672	1939.28	2710
Iteration: 390	1485	1726	1990.36	2655
Iteration: 391	1485	1559	1973.84	2458
Iteration: 392	1485	1636	1908.48	2351
Iteration: 393	1485	1566	1899.12	2413
Iteration: 394	1485	1672	1918.36	2504
Iteration: 395	1485	1661	1977.48	2535
Iteration: 396	1485	1613	1944.56	2318
Iteration: 397	1485	1573	1862.72	2357
Iteration: 398	1485	1597	1894.68	2375
Iteration: 399	1485	1621	1917.28	2440
Iteration: 400	1485	1641	1855.6	2166
Iteration: 401	1485	1583	1898.12	2381
Iteration: 402	1485	1548	1890.28	2253
Iteration: 403	1485	1694	1896.32	2280
Iteration: 404	1485	1588	1884.76	2547
Iteration: 405	1485	1614	1912.84	2387
Iteration: 406	1485	1577	1918	2338
Iteration: 407	1485	1569	1961.88	2355
Iteration: 408	1485	1716	1920.16	2338
Iteration: 409	1485	1692	1892.52	2193
Iteration: 410	1485	1707	1947.04	2312
Iteration: 411	1485	1542	1864.76	2551
Iteration: 412	1485	1670	1904	2483
Iteration: 413	1485	1640	1887.92	2287
Iteration: 414	1485	1597	1969.24	2472
Iteration: 415	1485	1595	1964	2361
Iteration: 416	1485	1648	1998.96	2557
Iteration: 417	1485	1624	1935.68	2396
Iteration: 418	1485	1581	1856.28	2250
Iteration: 419	1485	1695	1918.32	2208
Iteration: 420	1485	1575	1917.16	2324
Iteration: 421	1485	1616	1931.56	2318
Iteration: 422	1485	1661	1894.68	2202
Iteration: 423	1485	1671	1937.04	2444
Iteration: 424	1485	1665	1908.4	2242
Iteration: 425	1485	1584	1930.72	3019
Iteration: 426	1485	1630	1952.32	2383
Iteration: 427	1485	1623	1890.72	2458
Iteration: 428	1485	1643	1912.84	2170
Iteration: 429	1485	1633	1925.68	2340
Iteration: 430	1485	1551	1871.24	2166
Iteration: 431	1485	1604	1960.8	2526
Iteration: 432	1485	1634	1930.88	2672
Iteration: 433	1485	1620	1927.88	2411
Iteration: 434	1485	1563	1870.96	2519
Iteration: 435	1482	1482	1885.2	2348
Iteration: 436	1482	1673	1893.72	2273
Iteration: 437	1482	1649	1929.96	2337
Iteration: 438	1482	1642	1853.36	2133
Iteration: 439	1482	1578	1848.24	2297
Iteration: 440	1482	1609	1942.04	2449
Iteration: 441	1482	1588	1906.72	2374
Iteration: 442	1482	1632	1893.28	2768
Iteration: 443	1482	1577	1887.32	2218
Iteration: 444	1482	1687	1962.68	2521
Iteration: 445	1482	1721	1949.28	2220
Iteration: 446	1482	1624	1883.48	2443
Iteration: 447	1482	1658	1904.56	2194
Iteration: 448	1482	1632	1918.6	2337
Iteration: 449	1482	1593	1968.68	2448
Iteration: 450	1482	1679	1900.64	2666
Iteration: 451	1482	1624	1826.16	2149
Iteration: 452	1482	1611	1848.24	2196
Iteration: 453	1482	1635	1887.2	2492
Iteration: 454	1482	1663	1916.12	2238
Iteration: 455	1482	1562	1873.52	2283
Iteration: 456	1482	1555	1924.84	2331
Iteration: 457	1482	1651	1936.88	2326
Iteration: 458	1482	1668	1994.92	2690
Iteration: 459	1482	1608	1890.8	2237
Iteration: 460	1482	1568	1935.68	2562
Iteration: 461	1482	1625	1845.88	2193
Iteration: 462	1482	1620	1903.24	2384
Iteration: 463	1482	1638	1956.32	2214
Iteration: 464	1468	1468	1915.6	2174
Iteration: 465	1468	1663	1975.92	2249
Iteration: 466	1468	1604	1904.48	2245
Iteration: 467	1468	1712	1925.16	2346
Iteration: 468	1468	1624	1995.6	2316
Iteration: 469	1468	1579	1956.32	2458
Iteration: 470	1468	1632	1889.76	2338
Iteration: 471	1468	1654	1948.16	2277
Iteration: 472	1468	1538	1953.6	2403
Iteration: 473	1468	1648	1878.36	2244
Iteration: 474	1468	1533	1895.36	2298
Iteration: 475	1468	1642	1907.92	2526
Iteration: 476	1468	1639	1938	2465
Iteration: 477	1468	1558	1886.88	2387
Iteration: 478	1468	1584	1886.28	2331
Iteration: 479	1468	1609	1956.04	2600
Iteration: 480	1468	1615	1881	2157
Iteration: 481	1468	1654	1920.84	2455
Iteration: 482	1468	1572	1960.8	2301
Iteration: 483	1468	1653	1879.52	2305
Iteration: 484	1468	1575	1939	2744
Iteration: 485	1468	1619	1957.32	2356
Iteration: 486	1468	1632	1923.88	2380
Iteration: 487	1468	1642	1979.16	2423
Iteration: 488	1468	1650	1935.84	2374
Iteration: 489	1468	1626	1948.88	2538
Iteration: 490	1468	1618	1933.36	2358
Iteration: 491	1468	1627	1912.56	2491
Iteration: 492	1468	1546	1940.56	2351
Iteration: 493	1468	1635	1888.4	2305
Iteration: 494	1468	1508	1962.6	2478
Iteration: 495	1468	1587	1848.52	2218
Iteration: 496	1468	1565	1900.84	2377
Iteration: 497	1468	1674	1953.92	2421
Iteration: 498	1468	1575	1904.16	2280
Iteration: 499	1468	1651	1941.12	2302
Iteration: 500	1468	1664	1940.52	2553
Iteration: 501	1468	1591	1942.64	2721
Iteration: 502	1468	1646	1959.32	2316
Iteration: 503	1468	1551	1951.24	2661
Iteration: 504	1468	1683	1895.12	2374
Iteration: 505	1468	1630	1954.84	2359
Iteration: 506	1468	1675	1932.76	2210
Iteration: 507	1468	1665	2000.68	2277
Iteration: 508	1468	1725	1993.68	2396
Iteration: 509	1468	1560	1944.76	2364
Iteration: 510	1468	1599	1999.2	2445
Iteration: 511	1468	1510	1905.92	2268
Iteration: 512	1468	1714	1919.32	2561
Iteration: 513	1468	1613	1928.32	2362
Iteration: 514	1468	1660	1917.16	2380
Iteration: 515	1468	1704	1954.88	2364
Iteration: 516	1468	1519	1904.88	2334
Iteration: 517	1468	1554	1937.96	2387
Iteration: 518	1468	1671	2001.08	2380
Iteration: 519	1468	1604	1906.76	2368
Iteration: 520	1468	1698	1949.44	2726
Iteration: 521	1468	1561	1899.44	2528
Iteration: 522	1468	1648	1871.92	2064
Iteration: 523	1468	1556	1859.88	2184
Iteration: 524	1468	1672	1903	2244
Iteration: 525	1468	1598	1968.16	2309
Iteration: 526	1468	1623	1939.92	2375
Iteration: 527	1468	1681	1927.16	2405
Iteration: 528	1468	1568	1879.04	2163
Iteration: 529	1468	1540	1877.68	2300
Iteration: 530	1468	1509	1970.76	2292
Iteration: 531	1468	1617	1908.16	2237
Iteration: 532	1468	1598	1893.2	2316
Iteration: 533	1468	1774	1977.04	2561
Iteration: 534	1468	1666	1967.92	2574
Iteration: 535	1468	1536	1924.68	2381
Iteration: 536	1468	1614	1904.92	2344
Iteration: 537	1468	1651	1965.4	2496
Iteration: 538	1468	1548	1982.68	2695
Iteration: 539	1468	1641	2011.92	2500
Iteration: 540	1468	1636	1982	2277
Iteration: 541	1468	1472	1888.36	2484
Iteration: 542	1468	1661	1913.28	2309
Iteration: 543	1468	1599	1910.32	2311
Iteration: 544	1468	1690	1921.4	2346
Iteration: 545	1468	1644	1985.64	2487
Iteration: 546	1468	1682	1889.88	2204
Iteration: 547	1468	1604	1911.56	2390
Iteration: 548	1468	1687	1949.12	2381
Iteration: 549	1468	1617	1905.16	2254
Iteration: 550	1468	1633	1904.32	2365
Iteration: 551	1468	1641	1995.72	2516
Iteration: 552	1468	1537	1836	2256
Iteration: 553	1468	1542	1963.52	2437
Iteration: 554	1468	1545	1927.16	2423
Iteration: 555	1465	1465	1895.12	2309
Iteration: 556	1465	1707	1919.28	2536
Iteration: 557	1465	1606	1949	2260
Iteration: 558	1465	1528	1821.48	2161
Iteration: 559	1465	1540	1894.72	2676
Iteration: 560	1465	1640	1946	2495
Iteration: 561	1465	1578	1924.4	2732
Iteration: 562	1465	1523	1888.92	2208
Iteration: 563	1465	1660	1961.88	2686
Iteration: 564	1465	1613	1838.96	2147
Iteration: 565	1465	1577	1923.44	2484
Iteration: 566	1465	1597	1902.24	2294
Iteration: 567	1465	1595	1885.64	2423
Iteration: 568	1465	1634	1908.84	2582
Iteration: 569	1465	1550	1888.12	2422
Iteration: 570	1465	1638	1935.44	2271
Iteration: 571	1465	1653	1945.96	2494
Iteration: 572	1465	1704	1960	2689
Iteration: 573	1465	1674	1917.72	2495
Iteration: 574	1465	1680	1994.84	2646
Iteration: 575	1465	1570	1965.52	2335
Iteration: 576	1465	1660	1995.56	2559
Iteration: 577	1465	1696	1928.56	2513
Iteration: 578	1465	1666	1945.88	2623
Iteration: 579	1465	1595	1935.56	2333
Iteration: 580	1465	1586	1850.52	2146
Iteration: 581	1465	1647	1982.04	2476
Iteration: 582	1465	1632	1944.04	2815
Iteration: 583	1465	1640	1889.68	2313
Iteration: 584	1465	1638	1908.96	2475
Iteration: 585	1465	1511	1868.56	2395
Iteration: 586	1465	1618	1903.36	2287
Iteration: 587	1465	1589	1961.76	2393
Iteration: 588	1465	1665	1980.12	2472
Iteration: 589	1465	1731	1979.28	2294
Iteration: 590	1465	1573	1925.04	2293
Iteration: 591	1465	1588	1847.24	2142
Iteration: 592	1465	1725	1907.44	2117
Iteration: 593	1465	1662	1945.32	2346
Iteration: 594	1465	1685	1934	2218
Iteration: 595	1465	1608	1902.32	2226
Iteration: 596	1465	1682	2045.48	3021
Iteration: 597	1465	1617	1933.68	2534
Iteration: 598	1465	1617	1851.24	2256
Iteration: 599	1465	1660	1891.44	2273
Iteration: 600	1465	1627	1897.2	2255
Iteration: 601	1465	1616	1914.68	2421
Iteration: 602	1465	1575	1861.08	2145
Iteration: 603	1465	1685	1927.96	2399
Iteration: 604	1465	1640	1962.52	2312
Iteration: 605	1465	1599	1852.8	2371
Iteration: 606	1465	1634	1887.84	2306
Iteration: 607	1465	1541	1905.4	2347
Iteration: 608	1465	1602	1949.44	2459
Iteration: 609	1465	1557	1924.56	2388
Iteration: 610	1465	1716	1933.56	2343
Iteration: 611	1465	1596	1890.76	2307
Iteration: 612	1465	1642	1898.6	2566
Iteration: 613	1465	1711	1914	2418
Iteration: 614	1465	1579	2006.24	2643
Iteration: 615	1465	1523	1927.4	2409
Iteration: 616	1465	1597	1863.68	2307
Iteration: 617	1465	1637	1976.04	2331
Iteration: 618	1465	1604	1985.96	2295
Iteration: 619	1465	1636	2018.72	2678
Iteration: 620	1465	1635	1948.72	2462
Iteration: 621	1465	1628	1945.24	2375
Iteration: 622	1465	1644	1970.32	2953
Iteration: 623	1465	1534	1881.68	2192
Iteration: 624	1465	1656	1874.72	2270
Iteration: 625	1465	1593	2012.36	2387
Iteration: 626	1465	1615	1870.36	2235
Iteration: 627	1465	1657	1878.96	2269
Iteration: 628	1465	1742	1931.84	2420
Iteration: 629	1465	1581	1999.24	2452
Iteration: 630	1465	1613	1890.6	2275
Iteration: 631	1465	1686	1922.2	2372
Iteration: 632	1465	1634	1910.72	2278
Iteration: 633	1465	1537	1934.96	2270
Iteration: 634	1465	1676	1948.68	2362
Iteration: 635	1465	1640	1912.6	2250
Iteration: 636	1465	1585	1931.84	2617
Iteration: 637	1465	1640	1936.44	2480
Iteration: 638	1465	1606	1917.04	2294
Iteration: 639	1465	1530	1957.88	2391
Iteration: 640	1465	1680	1913.96	2361
Iteration: 641	1465	1552	1946.32	2641
Iteration: 642	1465	1624	1916.16	2419
Iteration: 643	1465	1702	1920.6	2356
Iteration: 644	1465	1700	1952.52	2256
Iteration: 645	1465	1682	1944.68	2385
Iteration: 646	1465	1715	1945.64	2229
Iteration: 647	1465	1637	1882.68	2477
Iteration: 648	1465	1650	1963.16	2605
Iteration: 649	1465	1522	1900.32	2402
Iteration: 650	1465	1600	1982.52	2519
Iteration: 651	1465	1663	1920.04	2507
Iteration: 652	1465	1674	1890.84	2108
Iteration: 653	1465	1582	1912.08	2224
Iteration: 654	1465	1641	1975	2559
Iteration: 655	1465	1634	1900.6	2277
Iteration: 656	1465	1585	1923.8	2218
Iteration: 657	1465	1679	1942	2418
Iteration: 658	1465	1684	1997.24	2874
Iteration: 659	1465	1688	1923.56	2341
Iteration: 660	1465	1618	1954.2	2448
Iteration: 661	1465	1632	1889.24	2294
Iteration: 662	1465	1698	1875.08	2168
Iteration: 663	1465	1574	1927.6	2292
Iteration: 664	1465	1539	1868.24	2279
Iteration: 665	1465	1629	1894.4	2334
Iteration: 666	1465	1634	1990.72	2553
Iteration: 667	1465	1652	1897.2	2235
Iteration: 668	1465	1511	1960.64	2519
Iteration: 669	1465	1694	1925.36	2487
Iteration: 670	1465	1686	1930.04	2258
Iteration: 671	1465	1504	1938.32	2531
Iteration: 672	1465	1628	1958.44	2296
Iteration: 673	1465	1644	1941.56	2389
Iteration: 674	1465	1596	1971.72	2722
Iteration: 675	1465	1568	1920.92	2435
Iteration: 676	1465	1604	1894.84	2310
Iteration: 677	1465	1580	1898	2462
Iteration: 678	1465	1672	1927.2	2167
Iteration: 679	1465	1589	1835.8	2083
Iteration: 680	1465	1670	1941	2347
Iteration: 681	1465	1637	1931.24	2358
Iteration: 682	1465	1602	1980.32	2570
Iteration: 683	1465	1595	1927.56	2281
Iteration: 684	1465	1584	1974.32	2747
Iteration: 685	1465	1589	1914.92	2331
Iteration: 686	1465	1583	1912.44	2344
Iteration: 687	1465	1600	1910.48	2266
Iteration: 688	1465	1697	1921.52	2173
Iteration: 689	1465	1705	1938.68	2148
Iteration: 690	1465	1707	1948.32	2622
Iteration: 691	1465	1599	1966.04	2343
Iteration: 692	1465	1726	1956.84	2242
Iteration: 693	1465	1493	1881.52	2279
Iteration: 694	1465	1673	1908.56	2275
Iteration: 695	1465	1656	1931.12	2257
Iteration: 696	1465	1491	1925.52	2300
Iteration: 697	1465	1623	1927.88	2620
Iteration: 698	1465	1629	1859.04	2158
Iteration: 699	1465	1604	1899.24	2353
Iteration: 700	1465	1679	1898.44	2345
Iteration: 701	1465	1660	1912.36	2208
Iteration: 702	1465	1520	1920.92	2395
Iteration: 703	1465	1727	1913.56	2318
Iteration: 704	1465	1582	1899.56	2326
Iteration: 705	1465	1608	1872.52	2243
Iteration: 706	1465	1618	1917.72	2505
Iteration: 707	1465	1643	1939.48	2193
Iteration: 708	1465	1574	1852.8	2106
Iteration: 709	1465	1604	1970.96	2523
Iteration: 710	1465	1544	1825.68	2406
Iteration: 711	1465	1530	1966.76	2506
Iteration: 712	1465	1573	1942.04	2304
Iteration: 713	1465	1627	1918.32	2390
Iteration: 714	1465	1629	1949.08	2644
Iteration: 715	1465	1617	1908.96	2277
Iteration: 716	1465	1558	1925.24	2285
Iteration: 717	1465	1601	1921.24	2331
Iteration: 718	1465	1669	1925.16	2364
Iteration: 719	1465	1648	1906.92	2497
Iteration: 720	1465	1629	1914.76	2325
Iteration: 721	1465	1609	1908.64	2387
Iteration: 722	1465	1680	1965.68	2356
Iteration: 723	1465	1688	1891.96	2376
Iteration: 724	1465	1599	1975.48	2716
Iteration: 725	1465	1601	1917.36	2288
Iteration: 726	1465	1637	2031.12	2519
Iteration: 727	1465	1629	1918.64	2449
Iteration: 728	1465	1624	1864.16	2478
Iteration: 729	1465	1687	1892.24	2221
Iteration: 730	1465	1570	1935.68	2362
Iteration: 731	1465	1584	1889.56	2446
Iteration: 732	1465	1558	1912.6	2108
Iteration: 733	1465	1619	1900.36	2352
Iteration: 734	1465	1583	1972.92	2660
Iteration: 735	1465	1676	1910.08	2425
Iteration: 736	1465	1697	1888	2244
Iteration: 737	1465	1527	1941.64	2400
Iteration: 738	1465	1689	1957.64	2303
Iteration: 739	1465	1624	1980.44	2671
Iteration: 740	1465	1645	1880.6	2356
Iteration: 741	1465	1660	1886.04	2206
Iteration: 742	1465	1705	1929.68	2353
Iteration: 743	1465	1570	1994.24	2731
Iteration: 744	1465	1660	1964.24	2257
Iteration: 745	1465	1627	1926.92	2313
Iteration: 746	1465	1597	1855.48	2314
Iteration: 747	1465	1645	1997.36	2476
Iteration: 748	1465	1633	1955.88	2467
Iteration: 749	1465	1539	1938.16	2493
Iteration: 750	1465	1596	1881.08	2281
Iteration: 751	1465	1732	1960.4	2321
Iteration: 752	1465	1662	1904.6	2360
Iteration: 753	1465	1666	1962.56	2544
Iteration: 754	1465	1537	1878.6	2252
Iteration: 755	1465	1620	1866.72	2163
Iteration: 756	1465	1557	1881.48	2215
Iteration: 757	1465	1673	1935.2	2342
Iteration: 758	1465	1670	1955.24	2279
Iteration: 759	1465	1703	1913.28	2333
Iteration: 760	1465	1559	1890.56	2344
Iteration: 761	1465	1692	1956.68	2324
Iteration: 762	1465	1667	1889.92	2417
Iteration: 763	1465	1606	1913.52	2494
Iteration: 764	1465	1622	1932.2	2523
Iteration: 765	1465	1538	1940.76	2391
Iteration: 766	1465	1537	1912.8	2461
Iteration: 767	1465	1698	1957.2	2347
Iteration: 768	1465	1567	1900.16	2581
Iteration: 769	1465	1723	1999.28	2457
Iteration: 770	1465	1532	1860.48	2251
Iteration: 771	1465	1613	1931.52	2269
Iteration: 772	1465	1642	1935.56	2755
Iteration: 773	1465	1644	1895.92	2425
Iteration: 774	1465	1632	1945.32	2323
Iteration: 775	1465	1624	1930.28	2337
Iteration: 776	1465	1656	1947.92	2331
Iteration: 777	1465	1591	1906	2276
Iteration: 778	1465	1618	1901.28	2294
Iteration: 779	1465	1670	1951	2594
Iteration: 780	1465	1607	1884.2	2341
Iteration: 781	1465	1555	1875	2557
Iteration: 782	1465	1594	2000.28	2570
Iteration: 783	1465	1582	1910.68	2198
Iteration: 784	1465	1581	1929.12	2250
Iteration: 785	1465	1653	1940.16	2463
Iteration: 786	1465	1591	1843.88	2371
Iteration: 787	1465	1601	1902.52	2635
Iteration: 788	1465	1638	1897.52	2253
Iteration: 789	1465	1608	1925.4	2357
Iteration: 790	1465	1618	1873.96	2340
Iteration: 791	1465	1624	1966.04	2327
Iteration: 792	1465	1696	1913.56	2212
Iteration: 793	1465	1646	1933.6	2542
Iteration: 794	1465	1731	1998.32	2332
Iteration: 795	1465	1613	1952.32	2486
Iteration: 796	1465	1609	1875.16	2227
Iteration: 797	1465	1645	1932.52	2343
Iteration: 798	1465	1648	1960.28	2366
Iteration: 799	1465	1591	1910	2410
Iteration: 800	1465	1591	1901.6	2500
Iteration: 801	1465	1644	1945.44	2568
Iteration: 802	1465	1670	1915.6	2605
Iteration: 803	1465	1526	1934.2	2441
Iteration: 804	1465	1694	1921.32	2165
Iteration: 805	1465	1566	1889.64	2218
Iteration: 806	1465	1555	1934.08	2340
Iteration: 807	1465	1677	1900.96	2352
Iteration: 808	1465	1539	1897.4	2430
Iteration: 809	1465	1545	1871.56	2235
Iteration: 810	1465	1629	1918.52	2309
Iteration: 811	1465	1620	1897.6	2401
Iteration: 812	1465	1618	1895.4	2212
Iteration: 813	1465	1526	1845.48	2163
Iteration: 814	1465	1675	1913.92	2191
Iteration: 815	1465	1628	1908.4	2290
Iteration: 816	1465	1668	1966	2371
Iteration: 817	1465	1546	1903.84	2242
Iteration: 818	1465	1653	1911.92	2388
Iteration: 819	1465	1658	1931.2	2451
Iteration: 820	1465	1609	2009.56	2579
Iteration: 821	1465	1628	1940.2	2533
Iteration: 822	1465	1585	1848.4	2248
Iteration: 823	1465	1552	1957.36	3066
Iteration: 824	1465	1554	1872.2	2324
Iteration: 825	1465	1561	1893.32	2334
Iteration: 826	1465	1621	1960.84	2328
Iteration: 827	1465	1755	1958.36	2302
Iteration: 828	1465	1669	1878.72	2072
Iteration: 829	1465	1551	1871.36	2265
Iteration: 830	1465	1530	1968.24	2449
Iteration: 831	1465	1540	1836.88	2423
Iteration: 832	1465	1644	1945.12	2285
Iteration: 833	1465	1602	1914.96	2358
Iteration: 834	1465	1571	1867.68	2193
Iteration: 835	1465	1627	1946.8	2401
Iteration: 836	1465	1616	1873.4	2404
Iteration: 837	1465	1574	1924.88	2338
Iteration: 838	1465	1604	1971.36	2385
Iteration: 839	1465	1613	1892.4	2484
Iteration: 840	1465	1628	1947.84	2267
Iteration: 841	1465	1761	1979.64	2439
Iteration: 842	1465	1582	1912.92	2552
Iteration: 843	1465	1583	1905.72	2471
Iteration: 844	1465	1622	1973.64	2420
Iteration: 845	1465	1612	1909.44	2456
Iteration: 846	1465	1658	1931.6	2516
Iteration: 847	1465	1652	1904.64	2658
Iteration: 848	1465	1580	1933.64	2472
Iteration: 849	1465	1558	1915.4	2369
Iteration: 850	1465	1563	1895.6	2257
Iteration: 851	1465	1625	1919.76	2444
Iteration: 852	1465	1719	1963.4	2352
Iteration: 853	1465	1605	1917.72	2311
Iteration: 854	1465	1606	1891.52	2239
Iteration: 855	1465	1612	1917.12	2432
Iteration: 856	1465	1602	1920.68	2272
Iteration: 857	1465	1592	1925.08	2469
Iteration: 858	1465	1664	1947.88	2632
Iteration: 859	1465	1583	1879.32	2327
Iteration: 860	1465	1638	1967.52	2605
Iteration: 861	1465	1589	1949.76	2440
Iteration: 862	1465	1601	1952.92	2350
Iteration: 863	1465	1542	1934.44	2388
Iteration: 864	1465	1706	1945.44	2260
Iteration: 865	1465	1619	1931.24	2343
Iteration: 866	1465	1642	1947.52	2292
Iteration: 867	1465	1575	1864.56	2219
Iteration: 868	1465	1511	1844.52	2242
Iteration: 869	1465	1608	1900.96	2400
Iteration: 870	1465	1664	1967.28	2937
Iteration: 871	1465	1676	1875	2119
Iteration: 872	1465	1654	1883.72	2184
Iteration: 873	1465	1593	1905.04	2730
Iteration: 874	1465	1615	1929.64	2473
Iteration: 875	1465	1621	1881.24	2211
Iteration: 876	1465	1556	1922.04	2351
Iteration: 877	1465	1661	1977.48	2556
Iteration: 878	1465	1641	1985.48	2312
Iteration: 879	1465	1588	1869	2202
Iteration: 880	1465	1683	1974.48	2397
Iteration: 881	1465	1592	1895.48	2109
Iteration: 882	1465	1681	1966.32	2312
Iteration: 883	1465	1652	1905	2244
Iteration: 884	1465	1632	1970.84	2460
Iteration: 885	1465	1695	1856.16	2226
Iteration: 886	1465	1626	1923.28	2338
Iteration: 887	1465	1705	1918.36	2390
Iteration: 888	1465	1623	1964.52	2747
Iteration: 889	1465	1616	1880.4	2276
Iteration: 890	1465	1675	1922.36	2133
Iteration: 891	1465	1625	1908.68	2461
Iteration: 892	1465	1659	1915.12	2424
Iteration: 893	1465	1550	1924.76	2604
Iteration: 894	1465	1658	1904.08	2358
Iteration: 895	1465	1684	1954.52	2590
Iteration: 896	1465	1644	1907.4	2245
Iteration: 897	1465	1534	1973.16	2430
Iteration: 898	1465	1596	1913.44	2231
Iteration: 899	1465	1654	1936.48	2770
Iteration: 900	1465	1689	2012.64	2818
Iteration: 901	1465	1616	1903.96	2456
Iteration: 902	1465	1563	1923.76	2450
Iteration: 903	1465	1616	1895.88	2339
Iteration: 904	1465	1570	1907.48	2368
Iteration: 905	1465	1633	1948.16	2438
Iteration: 906	1465	1704	1982.16	2500
Iteration: 907	1465	1555	1889.04	2504
Iteration: 908	1465	1651	1927.84	2466
Iteration: 909	1465	1608	1908.24	2284
Iteration: 910	1465	1651	1949.88	2390
Iteration: 911	1465	1675	1994.04	2362
Iteration: 912	1465	1680	1905.96	2204
Iteration: 913	1465	1633	1915.72	2408
Iteration: 914	1465	1640	1947.64	2368
Iteration: 915	1465	1645	1919.96	2419
Iteration: 916	1465	1604	1856.56	2229
Iteration: 917	1465	1549	1932.24	2316
Iteration: 918	1465	1666	1937.32	2539
Iteration: 919	1465	1662	1972.12	2318
Iteration: 920	1465	1708	1987.08	2326
Iteration: 921	1465	1673	1897.28	2250
Iteration: 922	1465	1620	1901.72	2166
Iteration: 923	1465	1634	1924.44	2357
Iteration: 924	1465	1651	1929.56	2634
Iteration: 925	1465	1593	1865.96	2180
Iteration: 926	1465	1650	1884.48	2137
Iteration: 927	1465	1611	1869.84	2345
Iteration: 928	1465	1700	1898	2129
Iteration: 929	1465	1629	1945.56	2204
Iteration: 930	1465	1724	1930.32	2220
Iteration: 931	1465	1619	1950	2459
Iteration: 932	1465	1647	1899	2217
Iteration: 933	1465	1642	1910.44	2163
Iteration: 934	1465	1631	1927.84	2418
Iteration: 935	1465	1611	1834.44	2370
Iteration: 936	1465	1651	1956.28	2213
Iteration: 937	1465	1531	1834.64	2501
Iteration: 938	1465	1662	1942.76	2596
Iteration: 939	1465	1543	1897.72	2465
Iteration: 940	1465	1641	1924.04	2625
Iteration: 941	1465	1590	1894.56	2344
Iteration: 942	1465	1737	1978.12	2587
Iteration: 943	1465	1691	1905.28	2313
Iteration: 944	1465	1641	1977.2	2786
Iteration: 945	1465	1606	1933.72	2560
Iteration: 946	1465	1693	1927.96	2381
Iteration: 947	1465	1602	1938.08	2367
Iteration: 948	1465	1522	1906.36	2353
Iteration: 949	1465	1630	1929.2	2296
Iteration: 950	1465	1530	1933.44	2352
Iteration: 951	1465	1631	1867.08	2240
Iteration: 952	1465	1739	2009.92	2559
Iteration: 953	1449	1449	1931.04	2541
Iteration: 954	1449	1588	1929.44	2447
Iteration: 955	1449	1586	1874.68	2489
Iteration: 956	1449	1611	1908.56	2157
Iteration: 957	1449	1640	1932.08	2386
Iteration: 958	1449	1616	1872.72	2514
Iteration: 959	1449	1628	1934.36	2521
Iteration: 960	1449	1595	1896.12	2280
Iteration: 961	1449	1587	1904.96	2359
Iteration: 962	1449	1643	1943.12	2612
Iteration: 963	1449	1627	1908.52	2582
Iteration: 964	1449	1592	1901.88	2515
Iteration: 965	1449	1593	1913.16	2338
Iteration: 966	1449	1698	1900.72	2823
Iteration: 967	1449	1590	1884.16	2375
Iteration: 968	1449	1667	1902.64	2649
Iteration: 969	1449	1680	1951.8	2253
Iteration: 970	1449	1663	1975.08	2370
Iteration: 971	1449	1643	1970.12	2404
Iteration: 972	1449	1679	1918.16	2498
Iteration: 973	1449	1643	1919.96	2405
Iteration: 974	1449	1651	1931	2439
Iteration: 975	1449	1711	1911.48	2357
Iteration: 976	1449	1581	1912.12	2475
Iteration: 977	1449	1634	1932.84	2270
Iteration: 978	1449	1622	1843.44	2052
Iteration: 979	1449	1631	1877	2422
Iteration: 980	1449	1582	1961.92	2470
Iteration: 981	1449	1638	1973.88	2796
Iteration: 982	1449	1658	2026.32	2569
Iteration: 983	1449	1631	1908.8	2298
Iteration: 984	1449	1639	1915	2464
Iteration: 985	1449	1668	1943.68	2348
Iteration: 986	1449	1597	1946.08	2539
Iteration: 987	1449	1521	1902.4	2472
Iteration: 988	1449	1588	1947.68	2278
Iteration: 989	1449	1626	1868	2288
Iteration: 990	1449	1590	1932.24	2360
Iteration: 991	1449	1564	1898.4	2150
Iteration: 992	1449	1634	1913.4	2342
Iteration: 993	1449	1640	1918.72	2358
Iteration: 994	1449	1611	1969.84	2546
Iteration: 995	1449	1611	1911.12	2353
Iteration: 996	1449	1678	1927.8	2247
Iteration: 997	1449	1645	1982.84	2399
Iteration: 998	1449	1671	1933.44	2393
Iteration: 999	1449	1616	1911.6	2326
