Iteration: 0	1655	1655	1901.48	2282
Iteration: 1	1607	1607	1920.6	2447
Iteration: 2	1578	1578	1928.2	2412
Iteration: 3	1578	1597	1936.8	2293
Iteration: 4	1578	1641	1901.6	2476
Iteration: 5	1578	1628	1883.84	2149
Iteration: 6	1578	1623	1841.12	2404
Iteration: 7	1578	1608	1921.08	2494
Iteration: 8	1578	1611	1855.4	2446
Iteration: 9	1522	1522	1884	2397
Iteration: 10	1522	1630	1914.8	2428
Iteration: 11	1522	1646	1866.48	2330
Iteration: 12	1522	1572	1916.84	2499
Iteration: 13	1522	1682	1814.44	2050
Iteration: 14	1522	1596	1923.64	2410
Iteration: 15	1522	1634	1890.4	2259
Iteration: 16	1522	1569	1923.4	2322
Iteration: 17	1522	1726	1928.2	2194
Iteration: 18	1522	1587	1938.44	2276
Iteration: 19	1522	1639	1874.84	2214
Iteration: 20	1522	1618	1870.72	2291
Iteration: 21	1522	1560	1876.8	2398
Iteration: 22	1522	1668	1865.52	2169
Iteration: 23	1522	1575	1893.92	2224
Iteration: 24	1522	1595	1973.88	2450
Iteration: 25	1522	1614	1896.64	2199
Iteration: 26	1522	1549	1935.8	2613
Iteration: 27	1522	1684	1936.96	2414
Iteration: 28	1522	1588	1922.12	2521
Iteration: 29	1522	1571	1868.96	2130
Iteration: 30	1522	1590	1871	2581
Iteration: 31	1522	1568	1881.92	2491
Iteration: 32	1522	1667	2021.04	2614
Iteration: 33	1522	1654	1893.56	2241
Iteration: 34	1522	1527	1866.72	2326
Iteration: 35	1522	1626	1928.6	2511
Iteration: 36	1522	1594	1923.52	2295
Iteration: 37	1522	1599	1920.04	2689
Iteration: 38	1522	1691	1941.24	2350
Iteration: 39	1522	1595	1839.8	2160
Iteration: 40	1522	1638	1870.56	2196
Iteration: 41	1514	1514	1878.36	2132
Iteration: 42	1514	1556	1964.08	2398
Iteration: 43	1514	1580	1876.16	2433
Iteration: 44	1514	1588	1945	2296
Iteration: 45	1514	1532	1864.2	2428
Iteration: 46	1514	1707	1966.2	2270
Iteration: 47	1514	1657	1898.52	2293
Iteration: 48	1514	1616	1872.84	2420
Iteration: 49	1514	1658	1917.88	2335
Iteration: 50	1514	1614	1963	2379
Iteration: 51	1514	1588	1930.48	2652
Iteration: 52	1514	1612	1912.92	2593
Iteration: 53	1514	1665	1899.28	2431
Iteration: 54	1514	1673	1900.2	2128
Iteration: 55	1514	1629	1903.96	2579
Iteration: 56	1514	1544	1890.72	2404
Iteration: 57	1514	1687	1916.28	2547
Iteration: 58	1514	1735	1948.6	2371
Iteration: 59	1514	1706	1947.8	2209
Iteration: 60	1514	1599	1907.92	2493
Iteration: 61	1514	1591	1917.16	2771
Iteration: 62	1514	1610	1875	2277
Iteration: 63	1514	1574	1855.92	2090
Iteration: 64	1514	1586	1878.6	2319
Iteration: 65	1514	1577	1896.4	2238
Iteration: 66	1514	1636	1903.28	2310
Iteration: 67	1514	1546	1863.68	2185
Iteration: 68	1514	1537	1933.08	2442
Iteration: 69	1514	1645	1914.48	2389
Iteration: 70	1514	1608	1956.88	2289
Iteration: 71	1514	1554	1958.96	2385
Iteration: 72	1514	1614	1963.32	2645
Iteration: 73	1514	1575	1871.48	2209
Iteration: 74	1514	1543	1964.64	2614
Iteration: 75	1514	1593	1890.04	2203
Iteration: 76	1514	1628	1888.2	2451
Iteration: 77	1514	1615	1873.44	2238
Iteration: 78	1514	1673	2013.08	2244
Iteration: 79	1514	1663	1955.4	2546
Iteration: 80	1514	1693	1956.6	2342
Iteration: 81	1514	1534	1872.24	2528
Iteration: 82	1514	1671	1910.04	2477
Iteration: 83	1514	1688	1943.84	2413
Iteration: 84	1509	1509	1932.04	2450
Iteration: 85	1509	1585	1889.24	2264
Iteration: 86	1509	1581	1941.52	2290
Iteration: 87	1509	1513	1923.76	2471
Iteration: 88	1509	1638	1929.16	2616
Iteration: 89	1509	1675	1954.04	2324
Iteration: 90	1509	1752	1940.2	2415
Iteration: 91	1509	1621	1933.2	2465
Iteration: 92	1509	1666	1898.84	2123
Iteration: 93	1494	1494	1898.44	2373
Iteration: 94	1494	1544	1987.92	2781
Iteration: 95	1494	1577	1952.96	2208
Iteration: 96	1494	1740	1976.08	2595
Iteration: 97	1494	1620	1954.28	2515
Iteration: 98	1494	1596	1929.96	2224
Iteration: 99	1494	1616	1923.44	2392
Iteration: 100	1494	1643	1928.68	2520
Iteration: 101	1494	1652	1937.04	2403
Iteration: 102	1494	1543	1929.6	2390
Iteration: 103	1494	1606	1948.8	2577
Iteration: 104	1494	1559	1920.64	2505
Iteration: 105	1494	1800	2027.72	2753
Iteration: 106	1494	1601	1902.92	2235
Iteration: 107	1494	1629	1898.92	2200
Iteration: 108	1494	1718	1893.16	2294
Iteration: 109	1494	1685	1914.36	2306
Iteration: 110	1494	1637	1885.92	2355
Iteration: 111	1494	1702	1962.16	2263
Iteration: 112	1494	1659	1911.16	2345
Iteration: 113	1494	1668	1932.88	2369
Iteration: 114	1494	1557	1920.72	2412
Iteration: 115	1494	1578	1941.64	2428
Iteration: 116	1494	1626	1919.8	2182
Iteration: 117	1494	1679	1970.12	2557
Iteration: 118	1494	1577	1928.28	2392
Iteration: 119	1494	1586	1951.52	2480
Iteration: 120	1494	1553	1944.56	2264
Iteration: 121	1494	1627	2032.88	2874
Iteration: 122	1494	1661	1935.16	2409
Iteration: 123	1494	1645	1898.4	2317
Iteration: 124	1494	1626	1867.52	2279
Iteration: 125	1494	1695	1970.76	2504
Iteration: 126	1494	1675	1977.08	2612
Iteration: 127	1494	1665	1909.96	2286
Iteration: 128	1494	1699	1842.68	2152
Iteration: 129	1494	1596	1862.36	2266
Iteration: 130	1494	1629	1979.2	2433
Iteration: 131	1494	1542	1890.68	2231
Iteration: 132	1494	1623	1888.68	2237
Iteration: 133	1494	1737	1987.44	2402
Iteration: 134	1494	1598	1873.64	2215
Iteration: 135	1494	1595	1839.08	2278
Iteration: 136	1494	1633	1902.84	2499
Iteration: 137	1494	1646	1838.84	2374
Iteration: 138	1494	1682	1949.08	2364
Iteration: 139	1494	1593	1857.72	2111
Iteration: 140	1494	1625	1906.48	2455
Iteration: 141	1494	1616	1908.16	2302
Iteration: 142	1494	1685	1916	2334
Iteration: 143	1494	1581	1907.32	2435
Iteration: 144	1494	1625	1921.64	2210
Iteration: 145	1494	1686	1924.76	2416
Iteration: 146	1494	1610	1903.44	2411
Iteration: 147	1494	1691	1917.28	2353
Iteration: 148	1494	1583	1921.64	2206
Iteration: 149	1494	1652	1972.56	2460
Iteration: 150	1494	1606	1965.28	2306
Iteration: 151	1494	1630	1881.8	2181
Iteration: 152	1494	1622	1945.4	2627
Iteration: 153	1494	1593	1902.84	2390
Iteration: 154	1494	1544	1928.96	2289
Iteration: 155	1494	1637	1927.44	2602
Iteration: 156	1494	1548	1890.6	2271
Iteration: 157	1494	1547	1883.28	2351
Iteration: 158	1494	1660	1922.44	2229
Iteration: 159	1494	1616	1923.52	2557
Iteration: 160	1494	1618	1862.52	2171
Iteration: 161	1494	1581	1883.44	2134
Iteration: 162	1494	1646	1937.68	2604
Iteration: 163	1494	1605	1886.84	2473
Iteration: 164	1494	1685	1957.04	2271
Iteration: 165	1494	1674	1916	2461
Iteration: 166	1494	1587	1908.56	2390
Iteration: 167	1494	1585	1947.72	2463
Iteration: 168	1494	1629	1907.96	2620
Iteration: 169	1494	1495	1974.32	2387
Iteration: 170	1494	1660	1906	2321
Iteration: 171	1494	1698	1929.96	2385
Iteration: 172	1494	1608	1886.44	2309
Iteration: 173	1494	1618	1942.04	2431
Iteration: 174	1494	1674	1888.64	2277
Iteration: 175	1494	1632	1893	2161
Iteration: 176	1494	1657	1895.16	2436
Iteration: 177	1494	1596	1976.04	2342
Iteration: 178	1494	1512	1957.68	2364
Iteration: 179	1494	1575	1888.52	2366
Iteration: 180	1494	1564	1861.44	2780
Iteration: 181	1494	1641	1953.32	2345
Iteration: 182	1494	1645	1975.6	2413
Iteration: 183	1494	1671	1969.36	2404
Iteration: 184	1494	1604	1894.08	2340
Iteration: 185	1494	1545	1907.56	2390
Iteration: 186	1494	1618	1863.96	2200
Iteration: 187	1494	1634	1903.28	2401
Iteration: 188	1494	1631	1961.36	2539
Iteration: 189	1494	1578	1936	2518
Iteration: 190	1494	1648	1879.12	2171
Iteration: 191	1494	1697	1887.88	2182
Iteration: 192	1494	1568	1900.64	2199
Iteration: 193	1494	1612	1875.96	2196
Iteration: 194	1494	1621	1893.2	2512
Iteration: 195	1494	1671	1865.2	2123
Iteration: 196	1494	1661	1914.48	2182
Iteration: 197	1494	1666	1938.56	2427
Iteration: 198	1494	1638	1936.28	2180
Iteration: 199	1494	1621	1929.04	2985
Iteration: 200	1494	1685	1936.68	2311
Iteration: 201	1494	1597	1924.64	2562
Iteration: 202	1494	1753	1955.2	2552
Iteration: 203	1494	1660	1980.16	2444
Iteration: 204	1494	1614	1865.4	2188
Iteration: 205	1494	1642	1985.96	2543
Iteration: 206	1494	1590	1926.04	2266
Iteration: 207	1494	1734	1975.6	2377
Iteration: 208	1494	1698	1935.72	2353
Iteration: 209	1494	1528	1915.12	2271
Iteration: 210	1494	1579	1968.68	2557
Iteration: 211	1494	1570	1902	2287
Iteration: 212	1494	1682	1960.08	2506
Iteration: 213	1494	1625	1893.08	2273
Iteration: 214	1494	1662	1945.36	2524
Iteration: 215	1494	1670	1938.8	2640
Iteration: 216	1494	1633	1883.72	2147
Iteration: 217	1494	1593	1942.44	2384
Iteration: 218	1494	1648	1972.88	2561
Iteration: 219	1494	1644	1897.8	2484
Iteration: 220	1494	1582	1840.4	2439
Iteration: 221	1494	1564	1964.96	2396
Iteration: 222	1494	1683	1864.32	2265
Iteration: 223	1494	1639	1847.8	2183
Iteration: 224	1494	1678	1923.36	2374
Iteration: 225	1494	1684	1897.44	2380
Iteration: 226	1494	1654	1933.28	2234
Iteration: 227	1494	1577	1971.84	2602
Iteration: 228	1494	1665	1959.08	2721
Iteration: 229	1494	1600	1940.36	2331
Iteration: 230	1494	1655	1980.04	2587
Iteration: 231	1494	1563	1937.64	2703
Iteration: 232	1494	1638	1917.6	2312
Iteration: 233	1494	1680	1934.64	2388
Iteration: 234	1494	1654	1924.88	2259
Iteration: 235	1494	1703	1954.64	2269
Iteration: 236	1494	1610	1899.64	2238
Iteration: 237	1494	1715	1934.92	2175
Iteration: 238	1494	1542	1920.92	2634
Iteration: 239	1494	1637	1937.64	2490
Iteration: 240	1494	1515	1944	2350
Iteration: 241	1494	1641	1865.72	2252
Iteration: 242	1481	1481	1923.08	2497
Iteration: 243	1481	1609	1867.28	2246
Iteration: 244	1481	1648	1961.72	2566
Iteration: 245	1481	1680	1945.92	2400
Iteration: 246	1481	1773	2005.76	2446
Iteration: 247	1481	1691	1917.12	2421
Iteration: 248	1481	1589	1969.6	2510
Iteration: 249	1481	1713	1905.36	2208
Iteration: 250	1481	1617	1909.36	2163
Iteration: 251	1481	1488	1874.68	2344
Iteration: 252	1481	1568	1987.6	2541
Iteration: 253	1481	1540	1929.4	2940
Iteration: 254	1481	1574	1886.16	2568
Iteration: 255	1481	1651	2019.4	2673
Iteration: 256	1481	1632	1932.96	2396
Iteration: 257	1481	1598	1840.84	2227
Iteration: 258	1481	1600	1879.44	2617
Iteration: 259	1481	1556	1863.36	2372
Iteration: 260	1481	1671	1934.16	2590
Iteration: 261	1481	1600	1959.52	2363
Iteration: 262	1481	1640	1933.08	2321
Iteration: 263	1481	1703	1943.76	2293
Iteration: 264	1481	1738	1991.04	2417
Iteration: 265	1481	1624	1985.76	2353
Iteration: 266	1481	1640	1930	2295
Iteration: 267	1481	1599	1907.16	2441
Iteration: 268	1481	1549	1953.92	2495
Iteration: 269	1481	1639	2029.16	3089
Iteration: 270	1481	1679	1958.84	2478
Iteration: 271	1481	1599	1948.6	2280
Iteration: 272	1481	1514	1907.4	2568
Iteration: 273	1481	1643	1982.44	2495
Iteration: 274	1481	1576	1970.48	2300
Iteration: 275	1481	1686	1906.76	2552
Iteration: 276	1481	1775	2034.8	2488
Iteration: 277	1481	1737	1997.36	2652
Iteration: 278	1481	1633	1944.16	2371
Iteration: 279	1481	1713	1946.4	2350
Iteration: 280	1481	1626	1905.72	2176
Iteration: 281	1481	1693	1936.6	2293
Iteration: 282	1481	1571	1921.44	2304
Iteration: 283	1481	1668	1969.08	2437
Iteration: 284	1481	1616	1986.8	2507
Iteration: 285	1481	1675	1929.72	2343
Iteration: 286	1481	1583	1972.08	2462
Iteration: 287	1481	1680	1954.72	2496
Iteration: 288	1481	1581	1822.56	2401
Iteration: 289	1481	1588	1920.96	2545
Iteration: 290	1481	1610	1857.84	2270
Iteration: 291	1481	1562	1907.16	2152
Iteration: 292	1481	1718	1930	2324
Iteration: 293	1481	1625	1928.88	2291
Iteration: 294	1481	1557	1881.44	2511
Iteration: 295	1481	1601	1937.76	2252
Iteration: 296	1481	1630	1871	2241
Iteration: 297	1481	1551	1964.72	2466
Iteration: 298	1481	1619	1937.76	2464
Iteration: 299	1481	1611	1854	2217
Iteration: 300	1481	1609	1875.72	2294
Iteration: 301	1481	1642	1953.68	2490
Iteration: 302	1481	1637	1921.2	2326
Iteration: 303	1481	1644	1943.56	2404
Iteration: 304	1481	1605	1945.04	2510
Iteration: 305	1481	1688	1875.84	2240
Iteration: 306	1481	1566	1921.56	2387
Iteration: 307	1481	1657	1942.04	2229
Iteration: 308	1481	1588	1957.84	2439
Iteration: 309	1481	1668	1889.52	2199
Iteration: 310	1481	1594	1937.8	2263
Iteration: 311	1481	1765	1942.4	2632
Iteration: 312	1481	1633	1904.28	2434
Iteration: 313	1481	1548	1918.2	2429
Iteration: 314	1470	1470	1877.36	2431
Iteration: 315	1470	1548	1908.6	2409
Iteration: 316	1470	1665	1956.76	2234
Iteration: 317	1470	1567	1960.16	2402
Iteration: 318	1470	1602	1942.48	2426
Iteration: 319	1470	1609	1894.4	2217
Iteration: 320	1470	1599	1930.56	2254
Iteration: 321	1470	1547	1892.32	2201
Iteration: 322	1470	1633	1876.44	2128
Iteration: 323	1470	1619	1884.84	2217
Iteration: 324	1470	1672	1975.04	2369
Iteration: 325	1470	1656	1921.24	2235
Iteration: 326	1470	1566	1932.56	2750
Iteration: 327	1470	1619	1957.24	2266
Iteration: 328	1470	1574	1908	2286
Iteration: 329	1470	1731	1929.52	2329
Iteration: 330	1470	1683	1975.32	2334
Iteration: 331	1470	1554	1824.96	2094
Iteration: 332	1470	1574	1960.52	2403
Iteration: 333	1470	1657	1888.84	2213
Iteration: 334	1470	1667	1973.6	2747
Iteration: 335	1470	1580	1954.08	2704
Iteration: 336	1470	1603	1893.68	2165
Iteration: 337	1470	1707	1976.16	2402
Iteration: 338	1470	1629	1935.6	2511
Iteration: 339	1470	1609	1940.28	2338
Iteration: 340	1470	1659	1975.08	2486
Iteration: 341	1470	1551	1910.84	2295
Iteration: 342	1470	1631	1973.88	2524
Iteration: 343	1470	1714	1964.92	2532
Iteration: 344	1470	1623	1924.4	2384
Iteration: 345	1470	1661	1917.64	2290
Iteration: 346	1470	1660	1933.84	2318
Iteration: 347	1470	1689	1948.72	2440
Iteration: 348	1470	1661	1940.68	2400
Iteration: 349	1470	1518	1863.12	2299
Iteration: 350	1470	1551	1884.4	2195
Iteration: 351	1470	1676	1945.08	2324
Iteration: 352	1470	1640	1936.96	2534
Iteration: 353	1470	1568	1935	2450
Iteration: 354	1470	1592	1965.04	2709
Iteration: 355	1470	1632	1907.92	2700
Iteration: 356	1470	1620	1967.04	2461
Iteration: 357	1470	1601	1977.12	2702
Iteration: 358	1470	1548	1912.6	2265
Iteration: 359	1470	1677	1916.32	2356
Iteration: 360	1470	1724	2021.4	2575
Iteration: 361	1470	1575	1916.72	3196
Iteration: 362	1470	1609	1876.52	2539
Iteration: 363	1470	1691	1956.68	2538
Iteration: 364	1470	1615	1857.84	2410
Iteration: 365	1470	1741	2000.56	2369
Iteration: 366	1470	1710	1925.64	2440
Iteration: 367	1470	1701	1957.2	2661
Iteration: 368	1470	1606	1929.8	2532
Iteration: 369	1470	1582	1932.56	2389
Iteration: 370	1470	1660	1944.28	2341
Iteration: 371	1470	1608	1919.88	2431
Iteration: 372	1470	1567	1977.2	2391
Iteration: 373	1470	1591	1880.56	2259
Iteration: 374	1470	1615	1858.84	2189
Iteration: 375	1470	1710	1939.12	2576
Iteration: 376	1470	1670	1985.2	2357
Iteration: 377	1470	1658	1967	2426
Iteration: 378	1470	1630	1891.36	2216
Iteration: 379	1470	1689	1947.08	2406
Iteration: 380	1470	1713	1928.88	2428
Iteration: 381	1470	1666	1930.12	2400
Iteration: 382	1470	1694	1922.16	2235
Iteration: 383	1470	1557	1909.6	2323
Iteration: 384	1470	1611	1857.64	2098
Iteration: 385	1470	1726	1978.12	2416
Iteration: 386	1470	1605	1944.96	2642
Iteration: 387	1470	1634	1838.44	2218
Iteration: 388	1470	1542	1871.08	2217
Iteration: 389	1470	1646	1955.8	2357
Iteration: 390	1463	1463	1921.8	2295
Iteration: 391	1463	1528	1905.84	2180
Iteration: 392	1463	1629	1912.16	2279
Iteration: 393	1463	1651	1948.52	2335
Iteration: 394	1463	1729	1925.52	2257
Iteration: 395	1463	1632	1944.2	2488
Iteration: 396	1463	1665	1917.8	2346
Iteration: 397	1463	1548	1915.44	2271
Iteration: 398	1463	1581	1924.52	2396
Iteration: 399	1463	1684	1876.28	2283
Iteration: 400	1463	1601	1898.76	2373
Iteration: 401	1463	1527	1900.36	2732
Iteration: 402	1463	1533	1923.2	2332
Iteration: 403	1463	1502	1864.64	2202
Iteration: 404	1463	1640	1979.56	2805
Iteration: 405	1463	1601	1865.84	2307
Iteration: 406	1463	1568	1890.36	2405
Iteration: 407	1463	1540	1930.24	2461
Iteration: 408	1425	1425	1948.2	2389
Iteration: 409	1425	1618	1946.2	2264
Iteration: 410	1425	1614	1982.12	2499
Iteration: 411	1425	1715	1965.76	2429
Iteration: 412	1425	1631	1918.2	2285
Iteration: 413	1425	1666	1899.92	2404
Iteration: 414	1425	1574	1918.44	2299
Iteration: 415	1425	1595	1854.88	2181
Iteration: 416	1425	1742	2038.28	2636
Iteration: 417	1425	1626	1940.6	2343
Iteration: 418	1425	1523	1857.08	2408
Iteration: 419	1425	1687	1928.2	2373
Iteration: 420	1425	1548	1868.96	2505
Iteration: 421	1425	1656	1941.56	2322
Iteration: 422	1425	1712	1948.96	2462
Iteration: 423	1425	1591	1887.64	2258
Iteration: 424	1425	1678	1915.72	2591
Iteration: 425	1425	1583	1846.88	2240
Iteration: 426	1425	1600	1992.04	2573
Iteration: 427	1425	1639	1923.56	2469
Iteration: 428	1425	1618	1926.24	2590
Iteration: 429	1425	1623	1881.76	2173
Iteration: 430	1425	1595	1869.96	2250
Iteration: 431	1425	1567	1917.52	2203
Iteration: 432	1425	1645	1880.6	2195
Iteration: 433	1425	1696	1971.96	2380
Iteration: 434	1425	1675	2014.28	2607
Iteration: 435	1425	1660	1965.16	2412
Iteration: 436	1425	1738	1947.28	2169
Iteration: 437	1425	1607	1907.44	2707
Iteration: 438	1425	1673	1966.16	2350
Iteration: 439	1425	1642	1953.6	2550
Iteration: 440	1425	1611	1820.16	2134
Iteration: 441	1425	1530	1899	2411
Iteration: 442	1425	1645	1910.44	2288
Iteration: 443	1425	1525	1919.36	2323
Iteration: 444	1425	1634	1937.08	2849
Iteration: 445	1425	1565	1967.36	2627
Iteration: 446	1425	1629	1903.6	2176
Iteration: 447	1425	1683	1925.96	2243
Iteration: 448	1425	1652	1947.12	2431
Iteration: 449	1425	1582	1921.48	2425
Iteration: 450	1425	1644	1890.32	2330
Iteration: 451	1425	1711	1955.96	2207
Iteration: 452	1425	1557	1837.52	2141
Iteration: 453	1425	1708	1979.88	2605
Iteration: 454	1425	1603	1920.24	2360
Iteration: 455	1425	1648	1886.8	2267
Iteration: 456	1425	1631	1913.32	2516
Iteration: 457	1425	1608	1897.68	2325
Iteration: 458	1425	1579	1959.76	2295
Iteration: 459	1425	1589	1855.36	2227
Iteration: 460	1425	1500	1940.12	2560
Iteration: 461	1425	1614	1873.92	2493
Iteration: 462	1425	1648	1925.96	2554
Iteration: 463	1425	1604	1924.28	2262
Iteration: 464	1425	1544	1915.32	2304
Iteration: 465	1425	1656	1878.08	2199
Iteration: 466	1425	1666	1926.64	2410
Iteration: 467	1425	1642	1883.52	2293
Iteration: 468	1425	1667	1918.04	2150
Iteration: 469	1425	1638	1938.24	2221
Iteration: 470	1425	1662	1937.2	2159
Iteration: 471	1425	1607	1959	2603
Iteration: 472	1425	1556	1906.8	2413
Iteration: 473	1425	1535	1933.64	2601
Iteration: 474	1425	1606	1948.96	2480
Iteration: 475	1425	1659	1926.88	2430
Iteration: 476	1425	1600	1999.16	2524
Iteration: 477	1425	1652	1936.28	2255
Iteration: 478	1425	1606	1929.72	2449
Iteration: 479	1425	1731	2044.16	2761
Iteration: 480	1425	1632	1922.92	2423
Iteration: 481	1425	1654	1960.52	2284
Iteration: 482	1425	1676	1992.16	2449
Iteration: 483	1425	1500	1917.12	2209
Iteration: 484	1425	1572	1980.96	2554
Iteration: 485	1425	1637	1924.36	2202
Iteration: 486	1425	1739	1950.56	2228
Iteration: 487	1425	1631	1898.64	2352
Iteration: 488	1425	1639	1934.88	2278
Iteration: 489	1425	1622	1959.2	2439
Iteration: 490	1425	1661	1960	2611
Iteration: 491	1425	1669	1950.68	2537
Iteration: 492	1425	1712	1930.24	2407
Iteration: 493	1425	1567	1907	2266
Iteration: 494	1425	1727	1930.92	2145
Iteration: 495	1425	1644	1964.4	2436
Iteration: 496	1425	1620	1933.76	2483
Iteration: 497	1425	1712	1971.76	2337
Iteration: 498	1425	1777	1968.52	2194
Iteration: 499	1425	1620	1933.48	2406
Iteration: 500	1425	1509	1916.92	2277
Iteration: 501	1425	1632	1905.64	2492
Iteration: 502	1425	1625	1865.2	2244
Iteration: 503	1425	1669	1911.28	2667
Iteration: 504	1425	1570	1925.76	2411
Iteration: 505	1425	1605	1909.76	2310
Iteration: 506	1425	1700	1943.28	2288
Iteration: 507	1425	1653	1830.64	2074
Iteration: 508	1425	1663	1888.84	2075
Iteration: 509	1425	1627	1938.28	2625
Iteration: 510	1425	1649	1966.92	2400
Iteration: 511	1425	1547	1902.8	2452
Iteration: 512	1425	1573	1884.92	2513
Iteration: 513	1425	1575	1956.08	2169
Iteration: 514	1425	1575	1925.08	2395
Iteration: 515	1425	1590	1926.24	2447
Iteration: 516	1425	1610	1963.64	2385
Iteration: 517	1425	1600	1955	2437
Iteration: 518	1425	1551	1913.88	2500
Iteration: 519	1425	1640	1953.92	2340
Iteration: 520	1425	1616	1836.4	2377
Iteration: 521	1425	1658	1932.6	2337
Iteration: 522	1425	1519	1927.8	2260
Iteration: 523	1425	1657	1896.32	2332
Iteration: 524	1425	1623	1944.68	2435
Iteration: 525	1425	1636	1921.52	2369
Iteration: 526	1425	1621	1909.8	2360
Iteration: 527	1425	1569	1940.32	2478
Iteration: 528	1425	1659	1818.24	2159
Iteration: 529	1425	1539	1925.2	2343
Iteration: 530	1425	1658	1922.56	2372
Iteration: 531	1425	1701	1926.92	2420
Iteration: 532	1425	1622	1916.88	2391
Iteration: 533	1425	1630	1927.04	2372
Iteration: 534	1425	1541	1941.4	2446
Iteration: 535	1425	1748	1925.72	2222
Iteration: 536	1425	1557	1849.6	2233
Iteration: 537	1425	1522	1929.36	2477
Iteration: 538	1425	1715	1966	2340
Iteration: 539	1425	1624	1978.12	2542
Iteration: 540	1425	1588	1914.84	2294
Iteration: 541	1425	1680	1912.96	2389
Iteration: 542	1425	1644	1969.48	2444
Iteration: 543	1425	1557	1897.88	2173
Iteration: 544	1425	1604	2005.36	2779
Iteration: 545	1425	1633	1889.48	2301
Iteration: 546	1425	1736	2004.96	2637
Iteration: 547	1425	1671	1926.2	2299
Iteration: 548	1425	1594	1913.92	2463
Iteration: 549	1425	1630	1911.4	2286
Iteration: 550	1425	1539	1888.04	2284
Iteration: 551	1425	1666	1968.08	2433
Iteration: 552	1425	1645	1979.76	2376
Iteration: 553	1425	1672	1951.8	2403
Iteration: 554	1425	1627	1952.16	2336
Iteration: 555	1425	1591	1926.32	2533
Iteration: 556	1425	1607	1945.32	2491
Iteration: 557	1425	1681	1898.6	2253
Iteration: 558	1425	1559	1903.24	2200
Iteration: 559	1425	1616	1997.64	2653
Iteration: 560	1425	1613	1879.32	2326
Iteration: 561	1425	1596	1940.24	2398
Iteration: 562	1425	1590	1873.08	2386
Iteration: 563	1425	1637	1964.6	2370
Iteration: 564	1425	1795	1999.08	2406
Iteration: 565	1425	1625	1967.28	2675
Iteration: 566	1425	1572	1980.72	2417
Iteration: 567	1425	1705	1957.84	2431
Iteration: 568	1425	1571	1864.4	2242
Iteration: 569	1425	1615	1938.28	2517
Iteration: 570	1425	1609	1857.4	2474
Iteration: 571	1425	1614	1929.48	2412
Iteration: 572	1425	1609	1971.88	2306
Iteration: 573	1425	1654	1946.56	2328
Iteration: 574	1425	1631	1901.76	2172
Iteration: 575	1425	1531	1888.04	2468
Iteration: 576	1425	1608	1923.12	2223
Iteration: 577	1425	1619	1884.48	2287
Iteration: 578	1425	1635	1900.92	2290
Iteration: 579	1425	1719	1941.04	2324
Iteration: 580	1425	1661	1992.48	2465
Iteration: 581	1425	1647	1879.52	2515
Iteration: 582	1425	1682	1937.68	2244
Iteration: 583	1425	1660	1861.64	2280
Iteration: 584	1425	1677	1928.08	2252
Iteration: 585	1425	1577	1942.32	2415
Iteration: 586	1425	1703	1930.2	2417
Iteration: 587	1425	1606	1861.84	2377
Iteration: 588	1425	1645	1987.28	2862
Iteration: 589	1425	1694	2005.12	2748
Iteration: 590	1425	1698	1959.96	2606
Iteration: 591	1425	1622	1871.64	2393
Iteration: 592	1425	1712	1938.76	2437
Iteration: 593	1425	1717	1945.36	2587
Iteration: 594	1425	1618	2032.68	2434
Iteration: 595	1425	1593	1866.84	2225
Iteration: 596	1425	1674	1897.32	2135
Iteration: 597	1425	1687	1920.6	2399
Iteration: 598	1425	1646	1888.28	2522
Iteration: 599	1425	1691	1905.04	2302
Iteration: 600	1425	1691	1991.68	2523
Iteration: 601	1425	1594	1921.08	2359
Iteration: 602	1425	1608	1940.88	2349
Iteration: 603	1425	1658	1951.8	2540
Iteration: 604	1425	1671	1936.92	2294
Iteration: 605	1425	1573	1979.28	2926
Iteration: 606	1425	1654	2000.28	2519
Iteration: 607	1425	1634	1905.76	2244
Iteration: 608	1425	1605	1913.72	2450
Iteration: 609	1425	1621	1925.56	2467
Iteration: 610	1425	1660	1990.2	2645
Iteration: 611	1425	1593	1929.12	2298
Iteration: 612	1425	1704	1989.96	2657
Iteration: 613	1425	1658	1910.44	2276
Iteration: 614	1425	1588	1924.68	2311
Iteration: 615	1425	1743	1970.24	2449
Iteration: 616	1425	1663	1896.16	2222
Iteration: 617	1425	1593	1897.08	2348
Iteration: 618	1425	1618	1962.64	2646
Iteration: 619	1425	1641	1909.16	2413
Iteration: 620	1425	1595	1932.96	2578
Iteration: 621	1425	1578	1966	2386
Iteration: 622	1425	1667	1905.28	2743
Iteration: 623	1425	1574	1904.04	2422
Iteration: 624	1425	1698	1901.4	2367
Iteration: 625	1425	1581	1958.88	2550
Iteration: 626	1425	1587	1872.76	2183
Iteration: 627	1425	1656	1934.88	2206
Iteration: 628	1425	1676	1925.52	2314
Iteration: 629	1425	1612	1862.12	2309
Iteration: 630	1425	1620	1855.76	2149
Iteration: 631	1425	1601	1951.48	2388
Iteration: 632	1425	1654	1870.84	2512
Iteration: 633	1425	1585	1887.24	2152
Iteration: 634	1425	1546	1837.6	2422
Iteration: 635	1425	1656	1978.36	2400
Iteration: 636	1425	1583	1923.48	2312
Iteration: 637	1425	1687	1945.04	2307
Iteration: 638	1425	1537	1942.84	2319
Iteration: 639	1425	1626	1856.64	2892
Iteration: 640	1425	1634	1974.84	2289
Iteration: 641	1425	1571	1920.6	2434
Iteration: 642	1425	1656	1922	2132
Iteration: 643	1425	1572	1845.92	2376
Iteration: 644	1425	1692	1922.12	2276
Iteration: 645	1425	1540	1943.56	2423
Iteration: 646	1425	1596	1879.52	2402
Iteration: 647	1425	1583	1979.16	2659
Iteration: 648	1425	1597	1897.08	2155
Iteration: 649	1425	1707	2022.6	2600
Iteration: 650	1425	1534	1901.76	2253
Iteration: 651	1425	1664	1915.84	2249
Iteration: 652	1425	1661	1934.48	2336
Iteration: 653	1425	1561	1877.6	2543
Iteration: 654	1425	1598	1945.12	2671
Iteration: 655	1425	1531	1930.12	2389
Iteration: 656	1425	1649	2072	2588
Iteration: 657	1425	1554	1885.52	2356
Iteration: 658	1425	1580	1942.24	2442
Iteration: 659	1425	1606	1899.92	2226
Iteration: 660	1425	1613	1901.4	2127
Iteration: 661	1425	1523	1844.8	2170
Iteration: 662	1425	1635	1920.88	2205
Iteration: 663	1425	1628	1971.56	2482
Iteration: 664	1425	1601	1928.32	2359
Iteration: 665	1425	1615	1918.76	2242
Iteration: 666	1425	1681	1949.8	2404
Iteration: 667	1425	1483	1919.76	2288
Iteration: 668	1425	1569	1889.72	2210
Iteration: 669	1425	1672	2017.16	2758
Iteration: 670	1425	1633	1932.28	2412
Iteration: 671	1425	1671	1932.04	2290
Iteration: 672	1425	1695	2063.64	2787
Iteration: 673	1425	1641	1973.24	2352
Iteration: 674	1425	1660	1981.88	2418
Iteration: 675	1425	1606	1883.24	2587
Iteration: 676	1425	1577	1973.24	2695
Iteration: 677	1425	1686	1946.76	2497
Iteration: 678	1425	1527	1929.32	2338
Iteration: 679	1425	1643	1891.84	2283
Iteration: 680	1425	1578	1932.04	2404
Iteration: 681	1425	1657	1935.88	2612
Iteration: 682	1425	1586	1928.76	2320
Iteration: 683	1425	1667	1926.6	2621
Iteration: 684	1425	1682	1927.56	2341
Iteration: 685	1425	1561	1837.04	2227
Iteration: 686	1425	1633	1916.12	2399
Iteration: 687	1425	1634	1901	2413
Iteration: 688	1425	1628	1930.12	2352
Iteration: 689	1425	1590	1867.64	2212
Iteration: 690	1425	1677	1892	2268
Iteration: 691	1425	1677	1931.88	2473
Iteration: 692	1425	1625	1944.04	2362
Iteration: 693	1425	1604	1904.56	2336
Iteration: 694	1425	1617	1929.64	2384
Iteration: 695	1425	1476	1950.96	2424
Iteration: 696	1425	1574	1956.84	2674
Iteration: 697	1425	1579	1944.48	2237
Iteration: 698	1425	1656	1954.2	2404
Iteration: 699	1425	1654	1939.12	2339
Iteration: 700	1425	1550	1884.12	2271
Iteration: 701	1425	1594	1928.96	2420
Iteration: 702	1425	1636	1878.32	2299
Iteration: 703	1425	1637	1905.48	2191
Iteration: 704	1425	1467	1973.68	2481
Iteration: 705	1425	1641	1902.8	2210
Iteration: 706	1425	1587	1864.12	2193
Iteration: 707	1425	1614	1986.68	2362
Iteration: 708	1425	1618	1947.44	2427
Iteration: 709	1425	1583	1932.4	2374
Iteration: 710	1425	1638	1900	2608
Iteration: 711	1425	1609	1932.48	2777
Iteration: 712	1425	1547	1891.52	2335
Iteration: 713	1425	1628	1934.48	2465
Iteration: 714	1425	1670	2021.32	2473
Iteration: 715	1425	1619	1960.08	2235
Iteration: 716	1425	1590	1963.64	2345
Iteration: 717	1425	1635	1916.24	2231
Iteration: 718	1425	1568	1819.32	2149
Iteration: 719	1425	1671	1955.2	2461
Iteration: 720	1425	1639	1895.24	2387
Iteration: 721	1425	1608	2029.2	2986
Iteration: 722	1425	1628	1920.08	2199
Iteration: 723	1425	1590	1922.88	2419
Iteration: 724	1425	1690	1914.52	2479
Iteration: 725	1425	1640	1949.32	2344
Iteration: 726	1425	1643	1892.24	2360
Iteration: 727	1425	1634	1898.4	2375
Iteration: 728	1425	1658	1908.28	2258
Iteration: 729	1425	1638	1901.16	2336
Iteration: 730	1425	1646	1999.04	2541
Iteration: 731	1425	1647	1844.36	2154
Iteration: 732	1425	1590	1907	2173
Iteration: 733	1425	1580	1896.12	2325
Iteration: 734	1425	1674	1929.44	2251
Iteration: 735	1425	1591	1867.36	2464
Iteration: 736	1425	1678	1964.36	2319
Iteration: 737	1425	1543	1923.6	2343
Iteration: 738	1425	1670	1987.32	2445
Iteration: 739	1425	1669	1896	2258
Iteration: 740	1425	1661	1929.52	2510
Iteration: 741	1425	1555	1961.92	2456
Iteration: 742	1425	1615	1896.16	2415
Iteration: 743	1425	1633	1929.32	2442
Iteration: 744	1425	1595	1958.24	2444
Iteration: 745	1425	1674	1901.96	2422
Iteration: 746	1425	1626	1854.96	2301
Iteration: 747	1425	1636	1956.52	2685
Iteration: 748	1425	1626	1944.64	2355
Iteration: 749	1425	1650	1944.04	2228
Iteration: 750	1425	1571	1940.52	2556
Iteration: 751	1425	1697	1905.08	2686
Iteration: 752	1425	1600	1873.2	2165
Iteration: 753	1425	1635	1957.88	2701
Iteration: 754	1425	1557	1911.92	2221
Iteration: 755	1425	1628	1901.92	2217
Iteration: 756	1425	1558	1900.12	2533
Iteration: 757	1425	1626	1948.64	2353
Iteration: 758	1425	1589	1909.88	2431
Iteration: 759	1425	1655	1979.8	2571
Iteration: 760	1425	1552	1909.96	2283
Iteration: 761	1425	1712	1931.52	2353
Iteration: 762	1425	1633	1948.72	2440
Iteration: 763	1425	1622	1881	2481
Iteration: 764	1425	1570	1859.12	2171
Iteration: 765	1425	1593	1901.2	2271
Iteration: 766	1425	1656	1963.64	2293
Iteration: 767	1425	1665	1951.8	2369
Iteration: 768	1425	1600	1888.96	2254
Iteration: 769	1425	1673	1930.96	2474
Iteration: 770	1425	1652	1984.2	2509
Iteration: 771	1425	1618	1896.16	2575
Iteration: 772	1425	1691	1933.8	2419
Iteration: 773	1425	1493	1872.68	2380
Iteration: 774	1425	1573	1907.04	2209
Iteration: 775	1425	1616	1915.72	2546
Iteration: 776	1425	1615	1960.52	2830
Iteration: 777	1425	1641	1914.96	2452
Iteration: 778	1425	1683	1942	2311
Iteration: 779	1425	1733	1916.08	2327
Iteration: 780	1425	1574	1927.24	2370
Iteration: 781	1425	1580	1904.6	2307
Iteration: 782	1425	1677	1881.12	2164
Iteration: 783	1425	1710	1956.52	2263
Iteration: 784	1425	1675	1909.88	2701
Iteration: 785	1425	1728	1999.36	2674
Iteration: 786	1425	1609	1897.88	2412
Iteration: 787	1425	1727	1891.12	2060
Iteration: 788	1425	1592	1863.84	2160
Iteration: 789	1425	1617	1929.72	2237
Iteration: 790	1425	1595	1938.36	2346
Iteration: 791	1425	1674	1997.32	2323
Iteration: 792	1425	1686	1934.96	2278
Iteration: 793	1425	1669	1975	2398
Iteration: 794	1425	1503	1883.44	2076
Iteration: 795	1425	1587	1926	2335
Iteration: 796	1425	1602	1921.24	2380
Iteration: 797	1425	1639	1893.52	2433
Iteration: 798	1425	1695	1948.6	2371
Iteration: 799	1425	1567	1923.04	2518
Iteration: 800	1425	1652	1940.44	2672
Iteration: 801	1425	1633	1900.72	2650
Iteration: 802	1425	1667	1926.4	2418
Iteration: 803	1425	1707	1961.56	2404
Iteration: 804	1425	1585	1878.8	2103
Iteration: 805	1425	1660	1945.24	2248
Iteration: 806	1425	1624	1930.12	2772
Iteration: 807	1425	1554	1922.68	2549
Iteration: 808	1425	1636	1966.32	2366
Iteration: 809	1425	1675	1929.12	2428
Iteration: 810	1425	1614	1890.4	2526
Iteration: 811	1425	1511	1930.04	2348
Iteration: 812	1425	1704	1919.88	2130
Iteration: 813	1425	1585	1884.76	2341
Iteration: 814	1425	1669	1944.76	2517
Iteration: 815	1425	1678	1950.84	2201
Iteration: 816	1425	1689	1917.44	2147
Iteration: 817	1425	1596	1932.04	2280
Iteration: 818	1425	1555	1923.12	2490
Iteration: 819	1425	1639	1894.96	2278
Iteration: 820	1425	1595	1914.4	2646
Iteration: 821	1425	1691	2029.68	2747
Iteration: 822	1425	1699	1998	2564
Iteration: 823	1425	1652	1932.36	2701
Iteration: 824	1425	1593	1905.16	2570
Iteration: 825	1425	1622	1907.08	2618
Iteration: 826	1425	1624	1907.28	2388
Iteration: 827	1425	1700	2032.16	2349
Iteration: 828	1425	1584	1902.32	2399
Iteration: 829	1425	1666	1938.84	2348
Iteration: 830	1425	1569	1901.72	2346
Iteration: 831	1425	1657	1921.44	2160
Iteration: 832	1425	1668	1933.4	2674
Iteration: 833	1425	1639	2035.36	2775
Iteration: 834	1425	1560	1929.8	2979
Iteration: 835	1425	1631	1914.28	2507
Iteration: 836	1425	1608	2023.76	2443
Iteration: 837	1425	1668	1883.64	2200
Iteration: 838	1425	1669	1947.16	2232
Iteration: 839	1425	1634	1908.4	2283
Iteration: 840	1425	1678	1925.68	2398
Iteration: 841	1425	1629	1926.2	2188
Iteration: 842	1425	1634	1860.96	2156
Iteration: 843	1425	1571	1988.96	2448
Iteration: 844	1425	1654	1966.36	2504
Iteration: 845	1425	1595	1975.96	2379
Iteration: 846	1425	1636	1914.08	2276
Iteration: 847	1425	1644	1942.44	2435
Iteration: 848	1425	1707	1969.8	2468
Iteration: 849	1425	1538	1946.88	2578
Iteration: 850	1425	1644	1897.2	2284
Iteration: 851	1425	1631	1971.76	2482
Iteration: 852	1425	1593	1913.96	2327
Iteration: 853	1425	1604	1892.2	2271
Iteration: 854	1425	1558	1907.48	2581
Iteration: 855	1425	1510	1873.68	2402
Iteration: 856	1425	1713	1949.12	2277
Iteration: 857	1425	1613	1925.72	2314
Iteration: 858	1425	1610	1844.12	2169
Iteration: 859	1425	1697	1931.12	2516
Iteration: 860	1425	1609	1847.8	2155
Iteration: 861	1425	1641	1925.68	2243
Iteration: 862	1425	1605	1941.96	2339
Iteration: 863	1425	1523	1878.84	2420
Iteration: 864	1425	1597	1902.52	2275
Iteration: 865	1425	1678	1902.28	2289
Iteration: 866	1425	1511	1887.84	3116
Iteration: 867	1425	1648	1953.96	2251
Iteration: 868	1425	1636	1934.92	2291
Iteration: 869	1425	1705	1936.2	2497
Iteration: 870	1425	1566	1953.72	2591
Iteration: 871	1425	1590	1877.84	2446
Iteration: 872	1425	1538	1895.16	2315
Iteration: 873	1425	1630	1955.2	2364
Iteration: 874	1425	1620	1862.6	2133
Iteration: 875	1425	1684	1960.48	2349
Iteration: 876	1425	1643	1911.6	2876
Iteration: 877	1425	1618	1862.76	2120
Iteration: 878	1425	1656	1914.24	2329
Iteration: 879	1425	1663	1917.72	2299
Iteration: 880	1425	1659	1921.88	2536
Iteration: 881	1425	1628	1878.6	2176
Iteration: 882	1425	1700	1977.24	2369
Iteration: 883	1425	1546	1869.28	2307
Iteration: 884	1425	1594	1881.72	2669
Iteration: 885	1425	1633	1923.44	2476
Iteration: 886	1425	1619	1895.92	2245
Iteration: 887	1425	1618	1909.08	2223
Iteration: 888	1425	1630	1924.12	2550
Iteration: 889	1425	1682	1948.72	2342
Iteration: 890	1425	1571	1913.76	2144
Iteration: 891	1425	1650	1931.72	2617
Iteration: 892	1425	1611	1967.56	2403
Iteration: 893	1425	1669	1897.56	2344
Iteration: 894	1425	1637	1918.4	2279
Iteration: 895	1425	1604	1951.2	2496
Iteration: 896	1425	1653	1892.24	2508
Iteration: 897	1425	1579	1852.88	2546
Iteration: 898	1425	1572	1869.88	2171
Iteration: 899	1425	1647	1968.12	2560
Iteration: 900	1425	1651	1980.68	2347
Iteration: 901	1425	1630	1915.04	2368
Iteration: 902	1425	1525	1897.12	2320
Iteration: 903	1425	1670	1939.52	2461
Iteration: 904	1425	1646	1927	2440
Iteration: 905	1425	1536	1934.48	2404
Iteration: 906	1425	1588	1855.84	2175
Iteration: 907	1425	1630	1850.8	2160
Iteration: 908	1425	1693	1944.88	2330
Iteration: 909	1425	1605	1925.36	2537
Iteration: 910	1425	1651	1968.8	2412
Iteration: 911	1425	1678	1904.72	2223
Iteration: 912	1425	1643	1916.8	2204
Iteration: 913	1425	1602	1913.8	2365
Iteration: 914	1425	1588	1989.68	2422
Iteration: 915	1425	1603	1900.56	2224
Iteration: 916	1425	1616	1901.44	2357
Iteration: 917	1425	1759	1978.24	2320
Iteration: 918	1425	1584	1911.64	2491
Iteration: 919	1425	1545	1884.04	2262
Iteration: 920	1425	1668	1896.84	2310
Iteration: 921	1425	1512	1928.64	2559
Iteration: 922	1425	1684	1980.68	2337
Iteration: 923	1425	1622	1935.04	2464
Iteration: 924	1425	1706	1903.6	2615
Iteration: 925	1425	1650	1897.36	2253
Iteration: 926	1425	1574	1846.32	2140
Iteration: 927	1425	1580	2015.92	2860
Iteration: 928	1425	1593	1850.96	2181
Iteration: 929	1425	1606	1887.36	2436
Iteration: 930	1425	1543	1986.6	2434
Iteration: 931	1425	1643	1913.12	2368
Iteration: 932	1425	1569	1919.88	2361
Iteration: 933	1425	1672	1878.88	2410
Iteration: 934	1425	1684	1969.56	2400
Iteration: 935	1425	1514	1916.76	2417
Iteration: 936	1425	1576	1931.88	2514
Iteration: 937	1425	1523	1961.4	2638
Iteration: 938	1425	1597	1874.84	2285
Iteration: 939	1425	1615	1960.76	2456
Iteration: 940	1425	1717	1990.16	2508
Iteration: 941	1425	1670	1972.48	2509
Iteration: 942	1425	1644	1907.6	2413
Iteration: 943	1425	1646	1956.64	2282
Iteration: 944	1425	1680	1915.56	2126
Iteration: 945	1425	1632	1897.76	2174
Iteration: 946	1425	1600	1940.16	2355
Iteration: 947	1425	1571	1917.24	2136
Iteration: 948	1425	1661	1897.84	2472
Iteration: 949	1425	1602	1889.28	2553
Iteration: 950	1425	1593	1948	2520
Iteration: 951	1425	1585	1914.6	2359
Iteration: 952	1425	1647	1944.84	2288
Iteration: 953	1425	1525	1841.4	2285
Iteration: 954	1425	1674	1996.52	2439
Iteration: 955	1425	1563	1924.36	2464
Iteration: 956	1425	1734	1968.72	2291
Iteration: 957	1425	1677	2011.08	2715
Iteration: 958	1425	1654	1951.8	2379
Iteration: 959	1425	1786	1980.76	2186
Iteration: 960	1425	1620	1886.72	2189
Iteration: 961	1425	1613	1876.68	2330
Iteration: 962	1425	1631	1922.56	2334
Iteration: 963	1425	1732	1940.68	2259
Iteration: 964	1425	1563	1955.48	2610
Iteration: 965	1425	1621	1847.8	2461
Iteration: 966	1425	1612	1878.8	2245
Iteration: 967	1425	1685	1963.6	2399
Iteration: 968	1425	1729	1987.36	2324
Iteration: 969	1425	1651	1980	2304
Iteration: 970	1425	1666	1954.92	2576
Iteration: 971	1425	1650	1929.04	2337
Iteration: 972	1425	1644	2002.96	2427
Iteration: 973	1425	1702	1909.64	2233
Iteration: 974	1425	1531	1859.32	2188
Iteration: 975	1425	1707	1911.8	2270
Iteration: 976	1425	1637	1969.08	2662
Iteration: 977	1425	1573	1918.28	2375
Iteration: 978	1425	1632	2037.12	2689
Iteration: 979	1425	1720	1933.04	2269
Iteration: 980	1425	1685	1937.16	2216
Iteration: 981	1425	1607	1973.84	2367
Iteration: 982	1425	1550	1940.8	2502
Iteration: 983	1425	1596	1937.4	2321
Iteration: 984	1425	1693	1970.68	2346
Iteration: 985	1425	1624	1921.4	2279
Iteration: 986	1425	1581	1959.32	2326
Iteration: 987	1425	1655	1914.88	2150
Iteration: 988	1425	1573	1983.84	2476
Iteration: 989	1425	1710	1950.28	2318
Iteration: 990	1425	1685	1974.32	2379
Iteration: 991	1425	1695	1944.8	2339
Iteration: 992	1425	1674	1887.04	2236
Iteration: 993	1425	1664	1867.16	2213
Iteration: 994	1425	1667	1936.96	2380
Iteration: 995	1425	1712	1937.72	2388
Iteration: 996	1425	1731	1945.64	2311
Iteration: 997	1425	1627	1853.44	2105
Iteration: 998	1425	1738	2036.52	2607
Iteration: 999	1425	1545	1985.88	2939
