Iteration: 0	1558	1558	1916.6	2352
Iteration: 1	1558	1671	1858.04	2120
Iteration: 2	1558	1664	1903.08	2190
Iteration: 3	1511	1511	1867.36	2190
Iteration: 4	1511	1655	1936.12	2282
Iteration: 5	1511	1666	1899.84	2157
Iteration: 6	1511	1620	1852.84	2419
Iteration: 7	1511	1571	1882.68	2296
Iteration: 8	1511	1603	1907.32	2280
Iteration: 9	1511	1666	1931.36	2608
Iteration: 10	1511	1578	1895.6	2448
Iteration: 11	1511	1658	1867.2	2327
Iteration: 12	1511	1641	1913.72	2555
Iteration: 13	1511	1632	1955.92	2327
Iteration: 14	1511	1629	1882.32	2377
Iteration: 15	1511	1649	1865.84	2223
Iteration: 16	1511	1599	1911.68	2304
Iteration: 17	1511	1603	1907.28	2154
Iteration: 18	1511	1632	1922	2438
Iteration: 19	1511	1708	1899.2	2370
Iteration: 20	1511	1632	1930.2	2495
Iteration: 21	1511	1603	1878	2298
Iteration: 22	1511	1629	1946.76	2513
Iteration: 23	1511	1620	1894.2	2224
Iteration: 24	1511	1615	1894.08	2444
Iteration: 25	1511	1701	1888.96	2238
Iteration: 26	1511	1696	1912.52	2425
Iteration: 27	1511	1581	1881.12	2310
Iteration: 28	1511	1576	1892.68	2228
Iteration: 29	1511	1638	1951.84	2268
Iteration: 30	1511	1576	1856.48	2115
Iteration: 31	1511	1662	1939.48	2521
Iteration: 32	1511	1612	1865.96	2246
Iteration: 33	1511	1608	1852.8	2075
Iteration: 34	1511	1573	1908.12	2449
Iteration: 35	1511	1645	1961.24	2363
Iteration: 36	1511	1642	1938.16	2692
Iteration: 37	1511	1638	1895.56	2451
Iteration: 38	1511	1533	1896.2	2454
Iteration: 39	1511	1667	1951.8	2226
Iteration: 40	1511	1625	1947	2409
Iteration: 41	1511	1617	1955.72	2654
Iteration: 42	1511	1540	1845.72	2205
Iteration: 43	1511	1629	1853.36	2219
Iteration: 44	1511	1657	1891.56	2222
Iteration: 45	1511	1582	1894.8	2234
Iteration: 46	1511	1613	1949.84	2417
Iteration: 47	1511	1629	1949.28	2409
Iteration: 48	1511	1603	1861.68	2195
Iteration: 49	1511	1560	1906.56	2232
Iteration: 50	1511	1590	1983.04	2391
Iteration: 51	1511	1566	1898.6	2393
Iteration: 52	1511	1546	1858.88	2244
Iteration: 53	1511	1644	1905.4	2448
Iteration: 54	1511	1696	1893.64	2271
Iteration: 55	1511	1650	1891.08	2118
Iteration: 56	1511	1654	1976.96	2377
Iteration: 57	1511	1618	1884.52	2162
Iteration: 58	1511	1589	1877.8	2075
Iteration: 59	1511	1607	1844.04	2150
Iteration: 60	1511	1661	1882.76	2399
Iteration: 61	1511	1661	2018.68	2749
Iteration: 62	1511	1650	1848.36	2290
Iteration: 63	1511	1564	1878.96	2329
Iteration: 64	1511	1570	1860	2367
Iteration: 65	1511	1599	1837.72	2063
Iteration: 66	1511	1673	1943.76	2305
Iteration: 67	1511	1634	1934.96	2414
Iteration: 68	1511	1629	1887.96	2273
Iteration: 69	1511	1615	1847.16	2346
Iteration: 70	1511	1666	1868.76	2183
Iteration: 71	1511	1632	2017.32	2364
Iteration: 72	1511	1569	1868.04	2202
Iteration: 73	1511	1680	1872.08	2233
Iteration: 74	1511	1604	1869.4	2184
Iteration: 75	1511	1632	1904.24	2557
Iteration: 76	1511	1576	1919.12	2334
Iteration: 77	1511	1677	1934.32	2411
Iteration: 78	1511	1709	1940.6	2280
Iteration: 79	1511	1647	1863.24	2198
Iteration: 80	1511	1626	1908.44	2248
Iteration: 81	1511	1689	1934.4	2337
Iteration: 82	1511	1646	1893.96	2242
Iteration: 83	1511	1664	1943.84	2238
Iteration: 84	1511	1584	1901.32	2253
Iteration: 85	1511	1694	2008.52	2486
Iteration: 86	1511	1612	1899.36	2338
Iteration: 87	1511	1616	1889.72	2182
Iteration: 88	1511	1632	1875.52	2262
Iteration: 89	1511	1645	1875.76	2414
Iteration: 90	1511	1613	1916.76	2254
Iteration: 91	1511	1539	1860.32	2344
Iteration: 92	1511	1666	1885.48	2488
Iteration: 93	1511	1607	1850.88	2107
Iteration: 94	1511	1554	1859.2	2296
Iteration: 95	1511	1622	1949.56	2367
Iteration: 96	1511	1656	1905.32	2374
Iteration: 97	1511	1656	1949.04	2460
Iteration: 98	1511	1631	1964.08	2772
Iteration: 99	1511	1669	1868.64	2337
Iteration: 100	1511	1600	1941.72	2658
Iteration: 101	1511	1563	1948.24	2359
Iteration: 102	1511	1673	2000.76	2379
Iteration: 103	1511	1618	1883.76	2340
Iteration: 104	1511	1610	1899.32	2233
Iteration: 105	1511	1610	1937.8	2333
Iteration: 106	1511	1668	1893.72	2427
Iteration: 107	1511	1622	1911.92	2583
Iteration: 108	1511	1645	1974.88	2652
Iteration: 109	1511	1678	1928.72	2345
Iteration: 110	1511	1553	1929.88	2407
Iteration: 111	1511	1604	1895.04	2464
Iteration: 112	1511	1641	1884.72	2330
Iteration: 113	1511	1645	1879.92	2565
Iteration: 114	1511	1553	1878.92	2341
Iteration: 115	1511	1663	1924.56	2771
Iteration: 116	1511	1597	1963.72	2413
Iteration: 117	1511	1704	1899.48	2310
Iteration: 118	1511	1585	1886.28	2572
Iteration: 119	1511	1670	1889.16	2296
Iteration: 120	1511	1637	1954.2	2489
Iteration: 121	1511	1616	1889.36	2275
Iteration: 122	1511	1661	1921.92	2144
Iteration: 123	1511	1663	1952.88	2301
Iteration: 124	1511	1677	1936.28	2299
Iteration: 125	1511	1614	1943.76	2420
Iteration: 126	1511	1600	1871.08	2256
Iteration: 127	1511	1589	1897.4	2383
Iteration: 128	1511	1590	1855.52	2343
Iteration: 129	1511	1666	1860.72	2185
Iteration: 130	1511	1705	1931.96	2432
Iteration: 131	1511	1701	1925.28	2283
Iteration: 132	1511	1597	1901.68	2232
Iteration: 133	1511	1578	1924.52	2552
Iteration: 134	1511	1595	1882.52	2124
Iteration: 135	1511	1639	1869.84	2302
Iteration: 136	1511	1723	1891.76	2220
Iteration: 137	1511	1579	1920.64	2548
Iteration: 138	1511	1623	1910.52	2314
Iteration: 139	1511	1744	1948.96	2419
Iteration: 140	1511	1567	1978.88	2643
Iteration: 141	1511	1674	1958	2653
Iteration: 142	1511	1648	1876.04	2153
Iteration: 143	1511	1753	1932.44	2107
Iteration: 144	1511	1587	1953.36	2982
Iteration: 145	1511	1585	1944.96	2351
Iteration: 146	1511	1660	1906.56	2371
Iteration: 147	1511	1607	1988.4	2839
Iteration: 148	1511	1692	1924.16	2450
Iteration: 149	1511	1542	1881.8	2590
