Iteration: 0	1641	1641	1918.96	2307
Iteration: 1	1636	1636	1890.68	2478
Iteration: 2	1549	1549	1909.44	2511
Iteration: 3	1549	1619	1898.16	2628
Iteration: 4	1549	1603	1900	2583
Iteration: 5	1549	1604	1912.04	2133
Iteration: 6	1549	1680	1929.76	2373
Iteration: 7	1549	1576	1882.52	2297
Iteration: 8	1549	1629	1843.04	2456
Iteration: 9	1549	1688	1892.76	2449
Iteration: 10	1549	1610	1864.92	2184
Iteration: 11	1549	1656	1923.04	2367
Iteration: 12	1503	1503	1846.52	2247
Iteration: 13	1503	1654	1823.56	2140
Iteration: 14	1503	1663	1932.28	2395
Iteration: 15	1503	1665	1901.8	2399
Iteration: 16	1503	1568	1896.04	2276
Iteration: 17	1503	1618	1930.92	2408
Iteration: 18	1503	1611	1866.04	2387
Iteration: 19	1503	1548	1913.56	2235
Iteration: 20	1503	1638	1929.8	2311
Iteration: 21	1503	1542	1935.68	2404
Iteration: 22	1503	1606	1909.64	2291
Iteration: 23	1503	1638	1897	2604
Iteration: 24	1503	1636	1912.16	2426
Iteration: 25	1503	1599	1936.48	2442
Iteration: 26	1503	1518	1829.28	2157
Iteration: 27	1503	1601	1876.04	2530
Iteration: 28	1503	1627	1862.2	2348
Iteration: 29	1503	1574	1904.96	2468
Iteration: 30	1503	1587	1900.36	2210
Iteration: 31	1503	1626	1910.96	2455
Iteration: 32	1503	1613	1889.32	2261
Iteration: 33	1503	1608	1900.96	2313
Iteration: 34	1503	1548	1905.6	2646
Iteration: 35	1503	1610	1912.32	2222
Iteration: 36	1503	1617	1878.96	2308
Iteration: 37	1503	1615	1890.64	2400
Iteration: 38	1503	1617	1901.68	2248
Iteration: 39	1503	1561	1901.32	2367
Iteration: 40	1503	1634	1924.52	2263
Iteration: 41	1503	1622	1886.36	2353
Iteration: 42	1503	1608	1907.08	2404
Iteration: 43	1503	1688	1928.48	2393
Iteration: 44	1503	1578	1877.4	2402
Iteration: 45	1503	1515	1922.28	2302
Iteration: 46	1503	1659	1972.8	2221
Iteration: 47	1503	1708	1974.84	2409
Iteration: 48	1503	1668	1875.6	2310
Iteration: 49	1503	1556	1960	2374
Iteration: 50	1503	1670	1928.84	2653
Iteration: 51	1503	1557	1846.96	2195
Iteration: 52	1503	1582	1868	2167
Iteration: 53	1503	1605	1911	2289
Iteration: 54	1503	1559	1880.32	2175
Iteration: 55	1503	1703	1910.6	2328
Iteration: 56	1503	1732	1931.08	2399
Iteration: 57	1503	1664	1967	2347
Iteration: 58	1503	1654	1889.6	2413
Iteration: 59	1503	1613	1900.72	2405
Iteration: 60	1503	1597	1878.52	3124
Iteration: 61	1503	1615	1901.16	2348
Iteration: 62	1503	1692	1901.48	2288
Iteration: 63	1503	1609	1927.56	2299
Iteration: 64	1503	1682	1886.92	2204
Iteration: 65	1503	1640	1910.88	2365
Iteration: 66	1503	1573	1868.72	2116
Iteration: 67	1503	1648	1925	2479
Iteration: 68	1503	1730	2014.2	2580
Iteration: 69	1503	1584	1887.72	2183
Iteration: 70	1503	1611	1894.08	2359
Iteration: 71	1503	1711	1953.48	2445
Iteration: 72	1503	1615	1897.28	2287
Iteration: 73	1503	1643	1954.32	2477
Iteration: 74	1503	1588	1882.6	2158
Iteration: 75	1503	1640	1871.2	2512
Iteration: 76	1503	1617	1917.52	2268
Iteration: 77	1503	1615	1957.32	2779
Iteration: 78	1503	1641	1943.52	2303
Iteration: 79	1493	1493	1898.4	2370
Iteration: 80	1493	1637	1858.04	2346
Iteration: 81	1493	1631	1904.28	2296
Iteration: 82	1493	1675	1891.2	2309
Iteration: 83	1493	1583	1847.36	2176
Iteration: 84	1493	1641	1887.8	2239
Iteration: 85	1493	1494	1980.84	2495
Iteration: 86	1493	1553	1990.48	2423
Iteration: 87	1493	1624	1952.64	2896
Iteration: 88	1493	1578	1945.44	2270
Iteration: 89	1493	1595	1941.68	2445
Iteration: 90	1493	1682	1866.52	2023
Iteration: 91	1493	1698	1963.6	2747
Iteration: 92	1493	1598	1904.6	2568
Iteration: 93	1493	1532	1862.68	2199
Iteration: 94	1493	1554	1891.32	2488
Iteration: 95	1493	1610	1913.04	2230
Iteration: 96	1493	1621	1924.88	2277
Iteration: 97	1493	1568	1910.52	2647
Iteration: 98	1493	1519	1863.28	2334
Iteration: 99	1493	1563	1896.08	2315
Iteration: 100	1493	1645	1899.76	2881
Iteration: 101	1493	1648	1908.04	2297
Iteration: 102	1493	1655	1905.6	2621
Iteration: 103	1493	1721	1930	2247
Iteration: 104	1493	1538	1894.8	2179
Iteration: 105	1493	1643	1902.72	2332
Iteration: 106	1493	1619	1908.52	2309
Iteration: 107	1493	1638	1925.88	2412
Iteration: 108	1493	1560	1889.16	2239
Iteration: 109	1493	1639	1881.92	2424
Iteration: 110	1493	1705	1924.12	2144
Iteration: 111	1493	1665	1957.92	2405
Iteration: 112	1493	1605	1894.36	2324
Iteration: 113	1493	1702	1940	2248
Iteration: 114	1493	1671	1964.16	2392
Iteration: 115	1493	1702	1853.56	2072
Iteration: 116	1493	1694	1927.92	2394
Iteration: 117	1493	1554	1925.48	2357
Iteration: 118	1493	1550	1902.04	2502
Iteration: 119	1493	1680	1940.52	2220
Iteration: 120	1493	1670	1952.64	2255
Iteration: 121	1493	1592	1860.6	2268
Iteration: 122	1493	1535	1863.24	2226
Iteration: 123	1493	1544	1928.6	2416
Iteration: 124	1493	1596	1860.72	2177
Iteration: 125	1493	1574	1877.76	2381
Iteration: 126	1493	1650	1942.72	2501
Iteration: 127	1493	1614	1985.16	2366
Iteration: 128	1493	1502	1885	2326
Iteration: 129	1493	1543	1910.36	2242
Iteration: 130	1493	1663	1924.04	2320
Iteration: 131	1493	1620	1911.16	2407
Iteration: 132	1493	1659	1875.68	2237
Iteration: 133	1493	1649	1917	2343
Iteration: 134	1493	1630	1960.48	2460
Iteration: 135	1493	1576	1966.24	2541
Iteration: 136	1493	1502	1976.16	2482
Iteration: 137	1493	1636	1932.32	2266
Iteration: 138	1493	1646	1898.04	2208
Iteration: 139	1493	1560	1898.28	2231
Iteration: 140	1493	1563	1994.72	2522
Iteration: 141	1493	1597	1860.24	2209
Iteration: 142	1493	1629	1952.12	2533
Iteration: 143	1493	1576	1949.72	2638
Iteration: 144	1493	1670	1936.16	2335
Iteration: 145	1493	1571	1885.96	2284
Iteration: 146	1493	1605	1876.24	2378
Iteration: 147	1493	1730	1923.84	2734
Iteration: 148	1493	1606	1936.2	2620
Iteration: 149	1493	1572	1931.12	2430
Iteration: 150	1493	1522	1886.8	2413
Iteration: 151	1493	1571	1907.96	2354
Iteration: 152	1493	1604	1980.2	2395
Iteration: 153	1493	1717	1904.28	2270
Iteration: 154	1493	1700	1940.12	2257
Iteration: 155	1493	1534	1938.32	2358
Iteration: 156	1493	1638	1882.36	2213
Iteration: 157	1493	1624	1890.28	2163
Iteration: 158	1493	1550	1879.96	2295
Iteration: 159	1493	1584	1958.56	2456
Iteration: 160	1493	1647	1987.04	2449
Iteration: 161	1493	1594	1886.08	2539
Iteration: 162	1493	1665	1942.04	2215
Iteration: 163	1493	1717	1942	2443
Iteration: 164	1493	1703	1882.68	2239
Iteration: 165	1493	1606	1915.12	2330
Iteration: 166	1493	1636	1927.4	2432
Iteration: 167	1493	1540	1868.68	2109
Iteration: 168	1493	1523	1842.04	2234
Iteration: 169	1493	1630	1884.16	2505
Iteration: 170	1493	1587	1884.84	2348
Iteration: 171	1493	1641	1923.2	2317
Iteration: 172	1493	1654	1836.6	2163
Iteration: 173	1493	1552	1918.12	2395
Iteration: 174	1493	1588	1840.64	2246
Iteration: 175	1493	1645	1901.28	2263
Iteration: 176	1493	1596	1957.64	2565
Iteration: 177	1493	1608	1924.36	2389
Iteration: 178	1493	1722	1952.16	2267
Iteration: 179	1493	1616	1904.08	2173
Iteration: 180	1493	1637	1875.76	2268
Iteration: 181	1493	1606	1906.6	2319
Iteration: 182	1493	1626	1986.16	2638
Iteration: 183	1493	1542	1848.88	2122
Iteration: 184	1493	1593	1948.72	2369
Iteration: 185	1493	1625	1883.12	2279
Iteration: 186	1493	1679	1977.12	2580
Iteration: 187	1493	1644	1897.12	2275
Iteration: 188	1493	1645	1930.08	2466
Iteration: 189	1493	1706	1917.48	2194
Iteration: 190	1493	1563	1894.72	2216
Iteration: 191	1493	1613	1912.8	2535
Iteration: 192	1493	1619	1972.96	2597
Iteration: 193	1493	1715	1914.36	2243
Iteration: 194	1493	1620	1959.28	2597
Iteration: 195	1493	1653	1936.76	2418
Iteration: 196	1493	1626	1954.44	2435
Iteration: 197	1493	1677	1961.28	2427
Iteration: 198	1493	1597	1930.48	2337
Iteration: 199	1493	1578	2019.64	2378
Iteration: 200	1493	1573	1802.72	2005
Iteration: 201	1493	1636	1896.92	2362
Iteration: 202	1493	1551	1948.64	2684
Iteration: 203	1493	1755	1956	2164
Iteration: 204	1493	1579	1907.2	2298
Iteration: 205	1493	1608	1916.28	2340
Iteration: 206	1493	1644	1961.08	2306
Iteration: 207	1493	1554	1889.08	2164
Iteration: 208	1493	1619	1946	2459
Iteration: 209	1493	1629	1898.64	2359
Iteration: 210	1493	1643	1963.16	2315
Iteration: 211	1493	1572	1962.16	2423
Iteration: 212	1493	1683	1848.8	2136
Iteration: 213	1493	1661	1965.36	2559
Iteration: 214	1493	1674	1961.52	2389
Iteration: 215	1493	1586	1903.4	2325
Iteration: 216	1493	1564	1923.56	2267
Iteration: 217	1493	1638	1965.12	2659
Iteration: 218	1493	1573	1931.24	2150
Iteration: 219	1493	1656	2000.8	2715
Iteration: 220	1493	1648	1922.12	2270
Iteration: 221	1493	1611	1907.04	2170
Iteration: 222	1493	1693	1910.64	2169
Iteration: 223	1493	1573	1950.48	2235
Iteration: 224	1493	1588	1920.52	2334
Iteration: 225	1493	1588	1984.16	2539
Iteration: 226	1493	1599	1967.84	2395
Iteration: 227	1493	1653	1908.96	2120
Iteration: 228	1493	1645	1888.28	2198
Iteration: 229	1493	1678	1905	2458
Iteration: 230	1493	1628	1904.64	2197
Iteration: 231	1493	1643	2003.12	2462
Iteration: 232	1493	1639	1967	2501
Iteration: 233	1493	1628	1884.76	2520
Iteration: 234	1493	1615	1960.44	2615
Iteration: 235	1493	1662	1949.36	2493
Iteration: 236	1493	1584	1842.2	2192
Iteration: 237	1493	1613	1920.08	2439
Iteration: 238	1493	1671	1911.64	2280
Iteration: 239	1493	1613	1883.96	2967
Iteration: 240	1493	1662	1950.92	2305
Iteration: 241	1493	1648	1962.44	2293
Iteration: 242	1493	1613	1925.44	2573
Iteration: 243	1493	1610	1904.52	2197
Iteration: 244	1493	1664	1927.56	2400
Iteration: 245	1493	1733	1920.48	2318
Iteration: 246	1493	1662	1942.8	2409
Iteration: 247	1493	1615	1911.04	2473
Iteration: 248	1493	1668	1915.88	2520
Iteration: 249	1493	1658	1976.4	2442
Iteration: 250	1493	1692	1914.6	2285
Iteration: 251	1493	1642	1906.08	2355
Iteration: 252	1493	1709	1923.04	2293
Iteration: 253	1493	1596	1900.2	2463
Iteration: 254	1493	1679	1910.2	2521
Iteration: 255	1493	1691	1934.8	2288
Iteration: 256	1493	1728	1975.28	2381
Iteration: 257	1493	1498	1968	2624
Iteration: 258	1493	1623	1893.6	2523
Iteration: 259	1493	1670	1925.08	2241
Iteration: 260	1493	1659	1992.4	2768
Iteration: 261	1493	1665	1949.12	2473
Iteration: 262	1493	1560	1921.2	2667
Iteration: 263	1493	1663	1907.28	2387
Iteration: 264	1493	1578	1980.6	2481
Iteration: 265	1493	1601	1871.08	2243
Iteration: 266	1493	1573	1889.24	2387
Iteration: 267	1493	1663	1934.08	2614
Iteration: 268	1493	1670	2000.32	2730
Iteration: 269	1493	1604	1997.88	2352
Iteration: 270	1493	1626	2000.28	2572
Iteration: 271	1493	1617	1855.96	2377
Iteration: 272	1493	1596	1955.92	2685
Iteration: 273	1493	1674	1954.36	2346
Iteration: 274	1493	1631	1880.72	2430
Iteration: 275	1493	1494	1863.6	2182
Iteration: 276	1493	1600	1893.04	2346
Iteration: 277	1493	1522	1957.76	2550
Iteration: 278	1493	1654	1984	2675
Iteration: 279	1493	1620	1899.48	2382
Iteration: 280	1493	1571	1847.48	2131
Iteration: 281	1493	1648	1940.2	2500
Iteration: 282	1493	1651	1913.88	2295
Iteration: 283	1493	1623	1926.16	2298
Iteration: 284	1493	1636	1908.68	2323
Iteration: 285	1493	1525	1963.72	2540
Iteration: 286	1493	1718	1923.04	2272
Iteration: 287	1493	1579	1904	2694
Iteration: 288	1493	1594	1893.8	2238
Iteration: 289	1493	1623	1910.44	2343
Iteration: 290	1493	1609	1873.28	2202
Iteration: 291	1493	1639	1873.92	2155
Iteration: 292	1493	1559	1894.92	2292
Iteration: 293	1493	1618	1899.16	2282
Iteration: 294	1493	1653	1901.08	2325
Iteration: 295	1493	1612	1882.12	2195
Iteration: 296	1493	1766	2031.04	2756
Iteration: 297	1493	1706	1948.52	2637
Iteration: 298	1493	1669	1882.72	2370
Iteration: 299	1493	1689	2037.04	2436
Iteration: 300	1493	1636	1871.48	2376
Iteration: 301	1493	1618	1898.12	2310
Iteration: 302	1493	1693	1899.04	2173
Iteration: 303	1493	1702	1946.28	2195
Iteration: 304	1493	1581	1965.8	2330
Iteration: 305	1493	1601	1914.64	2331
Iteration: 306	1493	1652	1960.24	2482
Iteration: 307	1493	1567	1922.72	2619
Iteration: 308	1493	1678	1992.44	2324
Iteration: 309	1493	1666	1908.64	2476
Iteration: 310	1493	1663	1953.2	2337
Iteration: 311	1493	1603	1937.56	2527
Iteration: 312	1493	1578	1868.32	2352
Iteration: 313	1493	1653	1897.12	2605
Iteration: 314	1493	1632	1937.2	2396
Iteration: 315	1493	1661	1947.24	2656
Iteration: 316	1493	1659	1911.48	2166
Iteration: 317	1493	1648	1950.68	2399
Iteration: 318	1493	1652	1992.28	2462
Iteration: 319	1493	1611	1866.64	2305
Iteration: 320	1493	1609	1875.36	2494
Iteration: 321	1493	1671	1961.04	2357
Iteration: 322	1493	1630	1949.12	2473
Iteration: 323	1493	1602	1858.4	2289
Iteration: 324	1493	1648	1969.2	2485
Iteration: 325	1493	1572	1941.84	2407
Iteration: 326	1493	1550	1816.84	2061
Iteration: 327	1493	1496	1897.96	2292
Iteration: 328	1493	1652	1920.8	2159
Iteration: 329	1493	1628	1905.24	2377
Iteration: 330	1493	1714	1931.28	2523
Iteration: 331	1493	1680	1981.24	2542
Iteration: 332	1493	1723	1938.12	2512
Iteration: 333	1493	1641	1900.84	2216
Iteration: 334	1493	1757	1991.48	2735
Iteration: 335	1493	1607	1911.84	2396
Iteration: 336	1493	1584	1902.16	2427
Iteration: 337	1493	1592	1900.96	2274
Iteration: 338	1493	1528	1887.12	2281
Iteration: 339	1493	1678	1924.04	2202
Iteration: 340	1493	1655	1896.28	2277
Iteration: 341	1493	1724	2020.56	2518
Iteration: 342	1493	1569	1901.4	2150
Iteration: 343	1493	1725	1994.76	2238
Iteration: 344	1493	1644	1904.04	2338
Iteration: 345	1493	1674	2014.84	3108
Iteration: 346	1493	1682	1926.44	2381
Iteration: 347	1493	1635	1904.36	2385
Iteration: 348	1493	1626	1880	2257
Iteration: 349	1493	1628	1956.6	2270
Iteration: 350	1493	1738	2004.04	2355
Iteration: 351	1493	1607	1891.84	2206
Iteration: 352	1493	1572	1953.36	2375
Iteration: 353	1493	1585	1915.72	2274
Iteration: 354	1493	1664	1978.64	2381
Iteration: 355	1493	1676	1914.68	2250
Iteration: 356	1493	1673	1902.04	2265
Iteration: 357	1493	1703	1952.36	2240
Iteration: 358	1493	1727	1989.64	2332
Iteration: 359	1493	1705	1957.28	2552
Iteration: 360	1493	1573	1960.12	2260
Iteration: 361	1493	1578	1985.36	2382
Iteration: 362	1493	1635	1923.08	2403
Iteration: 363	1493	1662	1899.76	2176
Iteration: 364	1493	1673	1911.88	2412
Iteration: 365	1493	1574	1879.76	2248
Iteration: 366	1493	1568	1896.8	2250
Iteration: 367	1493	1593	1878.84	2476
Iteration: 368	1493	1684	1926.28	2623
Iteration: 369	1493	1601	1940.96	2455
Iteration: 370	1493	1511	1882.96	2319
Iteration: 371	1493	1587	1902.44	2457
Iteration: 372	1493	1669	1929.68	2370
Iteration: 373	1493	1649	1898.36	2175
Iteration: 374	1493	1691	1954.8	2395
Iteration: 375	1493	1597	1949.52	2404
Iteration: 376	1493	1629	1854.2	2259
Iteration: 377	1493	1608	1922.96	2247
Iteration: 378	1493	1720	1926.56	2303
Iteration: 379	1493	1602	1900.16	2329
Iteration: 380	1493	1680	1970.64	2352
Iteration: 381	1493	1651	1936.84	2503
Iteration: 382	1493	1581	1989.56	2495
Iteration: 383	1493	1759	1946.96	2318
Iteration: 384	1493	1640	1901.56	2234
Iteration: 385	1493	1570	1840.12	2214
Iteration: 386	1493	1667	2014.68	2508
Iteration: 387	1493	1664	1949.44	2368
Iteration: 388	1493	1698	1969.6	2512
Iteration: 389	1493	1618	1924.36	2440
Iteration: 390	1493	1686	1929.64	2425
Iteration: 391	1493	1604	1963	2465
Iteration: 392	1493	1572	1880.96	2523
Iteration: 393	1493	1597	1927.04	2312
Iteration: 394	1493	1618	1933.92	2415
Iteration: 395	1493	1709	1997.36	2285
Iteration: 396	1493	1668	1952.12	2779
Iteration: 397	1493	1587	1957.92	2366
Iteration: 398	1493	1571	1921.72	2303
Iteration: 399	1493	1671	1964.36	2412
Iteration: 400	1493	1530	1916.6	2255
Iteration: 401	1493	1640	1940.36	2469
Iteration: 402	1493	1652	1947.04	2291
Iteration: 403	1493	1653	1938.72	2489
Iteration: 404	1493	1597	1924.72	2344
Iteration: 405	1493	1651	1909.04	2326
Iteration: 406	1493	1697	1946.52	2250
Iteration: 407	1493	1607	1935.12	2539
Iteration: 408	1493	1704	1979.52	2519
Iteration: 409	1493	1564	1947.12	2334
Iteration: 410	1493	1696	1938.76	2369
Iteration: 411	1493	1520	1954.36	2618
Iteration: 412	1493	1666	1987.84	2524
Iteration: 413	1493	1616	1877.68	2325
Iteration: 414	1493	1641	1927.6	2339
Iteration: 415	1493	1674	1976.88	2405
Iteration: 416	1493	1642	1921.64	2284
Iteration: 417	1493	1671	1854.2	2329
Iteration: 418	1493	1629	1883.32	2135
Iteration: 419	1493	1611	1902.72	2527
Iteration: 420	1493	1644	1952.6	2380
Iteration: 421	1493	1609	1999.36	2295
Iteration: 422	1493	1640	1911.68	2461
Iteration: 423	1493	1527	1845.8	2603
Iteration: 424	1493	1706	1912.08	2289
Iteration: 425	1493	1525	1902.2	2440
Iteration: 426	1493	1561	1893.24	2627
Iteration: 427	1493	1636	1891.12	2262
Iteration: 428	1493	1546	1955.64	2308
Iteration: 429	1493	1646	1931.96	2391
Iteration: 430	1493	1613	1907.2	2845
Iteration: 431	1493	1650	1972.2	2616
Iteration: 432	1493	1631	1988	2572
Iteration: 433	1493	1615	1860.52	2341
Iteration: 434	1493	1636	1923.52	2243
Iteration: 435	1493	1605	1936.84	2262
Iteration: 436	1493	1722	1983.8	2442
Iteration: 437	1493	1766	1992.44	2612
Iteration: 438	1493	1711	1949.08	2392
Iteration: 439	1493	1537	1890.72	2331
Iteration: 440	1493	1612	1854	2135
Iteration: 441	1493	1646	1901.68	2645
Iteration: 442	1493	1570	1929.16	2398
Iteration: 443	1493	1660	1935.16	2309
Iteration: 444	1489	1489	1916.48	2305
Iteration: 445	1489	1577	1906.16	2479
Iteration: 446	1489	1577	1875.36	2154
Iteration: 447	1489	1614	1910.32	2325
Iteration: 448	1489	1637	1903.04	2324
Iteration: 449	1489	1642	1870.56	2142
Iteration: 450	1489	1642	1931.84	2359
Iteration: 451	1489	1575	1874.84	2468
Iteration: 452	1489	1625	1919.6	2255
Iteration: 453	1489	1565	1897.4	2370
Iteration: 454	1489	1649	1906.2	2239
Iteration: 455	1489	1748	1939.72	2362
Iteration: 456	1489	1682	1890.44	2266
Iteration: 457	1489	1594	1928.84	2343
Iteration: 458	1489	1599	1980.36	2353
Iteration: 459	1489	1614	1984.56	2403
Iteration: 460	1489	1573	1940.52	2574
Iteration: 461	1489	1704	1922.8	2328
Iteration: 462	1489	1588	1895.84	2192
Iteration: 463	1489	1674	2013.64	2462
Iteration: 464	1489	1533	1894.08	2249
Iteration: 465	1489	1636	1936.44	2728
Iteration: 466	1489	1688	1879.88	2203
Iteration: 467	1489	1649	1927.24	2335
Iteration: 468	1489	1644	1904.48	2223
Iteration: 469	1489	1575	1880	2495
Iteration: 470	1489	1491	1929.4	2309
Iteration: 471	1489	1720	1964.04	2357
Iteration: 472	1489	1580	1951.8	2419
Iteration: 473	1489	1632	1902.36	2268
Iteration: 474	1489	1555	1903.88	2221
Iteration: 475	1489	1650	1859.2	2178
Iteration: 476	1489	1715	1927.4	2367
Iteration: 477	1489	1653	1978.6	2427
Iteration: 478	1489	1648	1942.08	2589
Iteration: 479	1489	1532	1862.6	2493
Iteration: 480	1489	1569	1870.72	2307
Iteration: 481	1489	1597	1940.24	2477
Iteration: 482	1489	1644	1941.72	2263
Iteration: 483	1489	1610	1924.8	2298
Iteration: 484	1489	1572	1943.2	2233
Iteration: 485	1489	1657	1943.44	2621
Iteration: 486	1489	1605	1931.04	2389
Iteration: 487	1489	1616	1966.36	2356
Iteration: 488	1489	1613	1851.04	2187
Iteration: 489	1489	1647	1953.04	2422
Iteration: 490	1489	1656	1935.2	2402
Iteration: 491	1489	1711	1935.4	2605
Iteration: 492	1489	1506	1883.68	2518
Iteration: 493	1489	1645	1881.08	2409
Iteration: 494	1489	1571	1910.52	2306
Iteration: 495	1489	1624	1942.12	2505
Iteration: 496	1489	1552	1866	2473
Iteration: 497	1489	1597	1939.88	2351
Iteration: 498	1489	1770	1983	2473
Iteration: 499	1489	1633	1879.2	2221
Iteration: 500	1489	1587	1903.8	2261
Iteration: 501	1489	1556	1875.6	2277
Iteration: 502	1489	1567	1915.48	2262
Iteration: 503	1489	1622	1932.92	2692
Iteration: 504	1489	1641	1934.64	2328
Iteration: 505	1489	1549	1856.2	2242
Iteration: 506	1489	1605	1923.04	2371
Iteration: 507	1489	1630	1903.16	2568
Iteration: 508	1489	1607	1948.76	2408
Iteration: 509	1489	1608	1947.84	2430
Iteration: 510	1489	1616	1970.8	2475
Iteration: 511	1489	1680	1879.72	2152
Iteration: 512	1489	1570	1917.72	2237
Iteration: 513	1489	1729	1955.44	2524
Iteration: 514	1489	1617	1855.48	2096
Iteration: 515	1489	1613	1897.52	2351
Iteration: 516	1489	1583	1960.44	2525
Iteration: 517	1489	1706	1954.48	2308
Iteration: 518	1489	1643	1922.04	2331
Iteration: 519	1489	1631	1910.28	2194
Iteration: 520	1489	1721	1920.16	2625
Iteration: 521	1489	1613	1940.56	2452
Iteration: 522	1489	1620	1931.52	2197
Iteration: 523	1489	1596	1846.8	2265
Iteration: 524	1489	1549	2012.76	2428
Iteration: 525	1489	1616	1908.16	2404
Iteration: 526	1489	1645	1999.8	2462
Iteration: 527	1475	1475	1941	2414
Iteration: 528	1475	1628	1971.2	2778
Iteration: 529	1475	1643	1894.88	2656
Iteration: 530	1475	1634	1898.48	2369
Iteration: 531	1475	1677	1912.28	2506
Iteration: 532	1475	1569	1828.6	2243
Iteration: 533	1475	1539	1987.32	2427
Iteration: 534	1475	1637	1908.8	2530
Iteration: 535	1475	1592	1923.12	2766
Iteration: 536	1475	1666	1968.48	2409
Iteration: 537	1475	1634	1956.6	2237
Iteration: 538	1475	1587	1849.88	2072
Iteration: 539	1475	1499	1900.12	2390
Iteration: 540	1475	1677	1919.32	2282
Iteration: 541	1475	1599	1898.48	2233
Iteration: 542	1475	1683	1928.36	2264
Iteration: 543	1475	1550	1855.2	2249
Iteration: 544	1475	1649	1926.6	2321
Iteration: 545	1475	1699	1959.12	2508
Iteration: 546	1475	1591	1895.8	2330
Iteration: 547	1475	1551	1904.76	2438
Iteration: 548	1475	1696	1929.8	2410
Iteration: 549	1475	1583	1927.12	2528
Iteration: 550	1475	1652	1993.04	2439
Iteration: 551	1475	1631	2019.36	2397
Iteration: 552	1475	1659	1963.48	2622
Iteration: 553	1475	1686	2001.8	2555
Iteration: 554	1475	1547	1881.92	2242
Iteration: 555	1475	1576	1921	2474
Iteration: 556	1475	1590	1944.2	2425
Iteration: 557	1475	1523	1869.84	2156
Iteration: 558	1475	1692	1923.08	2214
Iteration: 559	1475	1688	1993.16	2438
Iteration: 560	1475	1705	1989.68	2370
Iteration: 561	1475	1627	1865.44	2086
Iteration: 562	1475	1571	1963.84	2393
Iteration: 563	1475	1585	1915.68	2657
Iteration: 564	1475	1584	1938.16	2242
Iteration: 565	1475	1661	1882.88	2217
Iteration: 566	1475	1611	1928.32	2400
Iteration: 567	1463	1463	1944.64	2576
Iteration: 568	1463	1618	1925.64	2325
Iteration: 569	1463	1679	1968.56	2533
Iteration: 570	1463	1686	1861.88	2110
Iteration: 571	1463	1667	1891.76	2214
Iteration: 572	1463	1602	1965.2	2349
Iteration: 573	1463	1744	1945.44	2378
Iteration: 574	1463	1528	1932.52	2595
Iteration: 575	1463	1588	1891.64	2656
Iteration: 576	1463	1543	1962.6	2444
Iteration: 577	1463	1653	1952.32	2371
Iteration: 578	1463	1713	1914.64	2336
Iteration: 579	1463	1629	1903.92	2156
Iteration: 580	1463	1649	1944	2234
Iteration: 581	1463	1615	1943.56	2468
Iteration: 582	1463	1559	2045.76	2634
Iteration: 583	1463	1710	1978.88	2404
Iteration: 584	1463	1653	1943.8	2279
Iteration: 585	1463	1621	2030.88	2630
Iteration: 586	1463	1648	1870.64	2210
Iteration: 587	1463	1652	1865.08	2249
Iteration: 588	1463	1621	1856.64	2212
Iteration: 589	1463	1628	1916.88	2304
Iteration: 590	1463	1598	1929.08	2427
Iteration: 591	1463	1670	1980.72	2616
Iteration: 592	1463	1622	1918.16	2360
Iteration: 593	1463	1616	1941.32	2453
Iteration: 594	1463	1630	1891.52	2433
Iteration: 595	1463	1583	1945.44	2291
Iteration: 596	1463	1623	1895.92	2534
Iteration: 597	1463	1694	1945.4	2480
Iteration: 598	1463	1633	1967.28	2528
Iteration: 599	1463	1684	2038.12	2560
Iteration: 600	1463	1678	2000.72	2471
Iteration: 601	1463	1659	1937.6	2269
Iteration: 602	1463	1576	1856.28	2335
Iteration: 603	1463	1643	1957.08	2746
Iteration: 604	1463	1705	1949.36	2797
Iteration: 605	1463	1671	1928	2328
Iteration: 606	1463	1645	1951.6	2674
Iteration: 607	1463	1702	1989.76	2756
Iteration: 608	1463	1549	1961.12	2450
Iteration: 609	1463	1644	1931.6	2220
Iteration: 610	1463	1652	1829.48	2244
Iteration: 611	1463	1634	1929.48	2353
Iteration: 612	1463	1591	1859.8	2522
Iteration: 613	1463	1725	2014.48	2470
Iteration: 614	1463	1586	1933.4	2339
Iteration: 615	1463	1664	1904.8	2198
Iteration: 616	1463	1583	1919.72	2475
Iteration: 617	1463	1566	1856.76	2401
Iteration: 618	1463	1606	1886.12	2408
Iteration: 619	1463	1610	1942.16	2664
Iteration: 620	1463	1625	1928.8	2614
Iteration: 621	1463	1625	1898.12	2330
Iteration: 622	1463	1571	1890.6	2271
Iteration: 623	1463	1687	1917.24	2306
Iteration: 624	1463	1583	2026.4	2459
Iteration: 625	1463	1616	1871.36	2481
Iteration: 626	1463	1529	1896.4	2381
Iteration: 627	1463	1621	1983.8	2483
Iteration: 628	1463	1598	1904	2241
Iteration: 629	1463	1533	1883.24	2330
Iteration: 630	1463	1621	1874.28	2219
Iteration: 631	1463	1654	1940.08	2616
Iteration: 632	1463	1672	1948.12	2276
Iteration: 633	1463	1740	1950.52	2401
Iteration: 634	1463	1663	1949.8	2589
Iteration: 635	1463	1659	1939.44	2375
Iteration: 636	1463	1632	1884.48	2204
Iteration: 637	1463	1528	1867.2	2226
Iteration: 638	1463	1582	1948.48	2424
Iteration: 639	1463	1578	1944.12	2220
Iteration: 640	1463	1632	1945.2	2211
Iteration: 641	1463	1556	1913.88	2419
Iteration: 642	1463	1638	1934.76	2280
Iteration: 643	1463	1585	1865.84	2187
Iteration: 644	1463	1686	2007.32	2671
Iteration: 645	1463	1613	1962	2315
Iteration: 646	1463	1610	1910.12	2200
Iteration: 647	1463	1619	1925.12	2795
Iteration: 648	1463	1606	2002.76	2508
Iteration: 649	1463	1603	1901.56	2375
Iteration: 650	1463	1698	2003.04	2550
Iteration: 651	1463	1676	1958.6	2228
Iteration: 652	1463	1582	1901.24	2200
Iteration: 653	1463	1645	1995.4	2300
Iteration: 654	1463	1576	1894.96	2228
Iteration: 655	1463	1556	1943.16	2294
Iteration: 656	1463	1654	1918.12	2389
Iteration: 657	1463	1704	1893.2	2157
Iteration: 658	1463	1586	1909.04	2211
Iteration: 659	1430	1430	1886.24	2343
Iteration: 660	1430	1615	1942.48	2393
Iteration: 661	1430	1682	1936.48	2340
Iteration: 662	1430	1679	1941.2	2555
Iteration: 663	1430	1634	1899.04	2317
Iteration: 664	1430	1630	1923.72	2485
Iteration: 665	1430	1628	1907.4	2380
Iteration: 666	1430	1631	1862.84	2207
Iteration: 667	1430	1579	1912.36	2418
Iteration: 668	1430	1600	1937.04	2313
Iteration: 669	1430	1714	1968.84	2362
Iteration: 670	1430	1769	2004.88	2305
Iteration: 671	1430	1636	1875.76	2195
Iteration: 672	1430	1626	1937.28	2382
Iteration: 673	1430	1624	1948	2329
Iteration: 674	1430	1600	1910.92	2269
Iteration: 675	1430	1569	1966.96	2444
Iteration: 676	1430	1589	1932.28	2629
Iteration: 677	1430	1682	1907.48	2223
Iteration: 678	1430	1639	1863.44	2139
Iteration: 679	1430	1618	1977.08	2409
Iteration: 680	1430	1581	1925.08	2304
Iteration: 681	1430	1584	1897.16	2487
Iteration: 682	1430	1615	1835	2018
Iteration: 683	1430	1646	1895.92	2210
Iteration: 684	1430	1687	1915	2204
Iteration: 685	1430	1630	1892.28	2409
Iteration: 686	1430	1607	1922.96	2366
Iteration: 687	1430	1745	1946.12	2313
Iteration: 688	1430	1663	1919.44	2313
Iteration: 689	1430	1603	1940.12	2205
Iteration: 690	1430	1612	1847.28	2091
Iteration: 691	1430	1648	1919.6	2536
Iteration: 692	1430	1557	1895.76	2286
Iteration: 693	1430	1581	1892.4	2293
Iteration: 694	1430	1680	1889.68	2239
Iteration: 695	1430	1593	1882.28	2413
Iteration: 696	1430	1557	1862.8	2199
Iteration: 697	1430	1611	1928.96	2368
Iteration: 698	1430	1656	1895.76	2181
Iteration: 699	1430	1682	1881.76	2369
Iteration: 700	1430	1636	1914.68	2557
Iteration: 701	1430	1713	1957.64	2372
Iteration: 702	1430	1673	1919.92	2538
Iteration: 703	1430	1647	1956.4	2519
Iteration: 704	1430	1677	1908.6	2386
Iteration: 705	1430	1581	1870.28	2359
Iteration: 706	1430	1629	1939.2	2472
Iteration: 707	1430	1687	1961.52	2406
Iteration: 708	1430	1609	1904.24	2454
Iteration: 709	1430	1647	1941.16	2711
Iteration: 710	1430	1660	1919.76	2293
Iteration: 711	1430	1646	1966.32	2296
Iteration: 712	1430	1651	2009.16	2713
Iteration: 713	1430	1540	1903.84	2292
Iteration: 714	1430	1599	1959.32	2492
Iteration: 715	1430	1590	1885.24	2302
Iteration: 716	1430	1653	1921.28	2170
Iteration: 717	1430	1590	1949.24	2455
Iteration: 718	1430	1535	1907.84	2303
Iteration: 719	1430	1607	1938.44	2656
Iteration: 720	1430	1651	1903.92	2283
Iteration: 721	1430	1668	1911.88	2399
Iteration: 722	1430	1637	1879.72	2432
Iteration: 723	1430	1583	1913.88	2497
Iteration: 724	1430	1580	2020.16	2466
Iteration: 725	1430	1545	1959.36	2399
Iteration: 726	1430	1493	1834.4	2246
Iteration: 727	1430	1582	1937.44	2633
Iteration: 728	1430	1575	1904.96	2462
Iteration: 729	1430	1624	1913.2	2216
Iteration: 730	1430	1695	1986.16	2441
Iteration: 731	1430	1692	1897.2	2442
Iteration: 732	1430	1607	1895.12	2173
Iteration: 733	1430	1561	1879.96	2293
Iteration: 734	1430	1615	1857.2	2287
Iteration: 735	1430	1582	1956.76	2500
Iteration: 736	1430	1546	1902.64	2324
Iteration: 737	1430	1624	1917.6	2205
Iteration: 738	1430	1628	1963.72	2331
Iteration: 739	1430	1617	1849.08	2308
Iteration: 740	1430	1516	1843.08	2340
Iteration: 741	1430	1671	1949.32	2468
Iteration: 742	1430	1682	1912.08	2552
Iteration: 743	1430	1706	1959.96	2301
Iteration: 744	1430	1498	1939.28	2533
Iteration: 745	1430	1667	1903.56	2268
Iteration: 746	1430	1744	2000.72	2317
Iteration: 747	1430	1695	1907	2279
Iteration: 748	1430	1634	1942.08	2329
Iteration: 749	1430	1648	1971.04	2421
Iteration: 750	1430	1590	1989.52	2398
Iteration: 751	1430	1627	1907.24	2407
Iteration: 752	1430	1590	1946.12	2239
Iteration: 753	1430	1592	1897.24	2249
Iteration: 754	1430	1565	1953.36	2500
Iteration: 755	1430	1607	1854.84	2295
Iteration: 756	1430	1696	1916.08	2519
Iteration: 757	1430	1677	1956.8	2546
Iteration: 758	1430	1588	1916.24	2213
Iteration: 759	1430	1648	1916.92	2528
Iteration: 760	1430	1692	1910.28	2290
Iteration: 761	1430	1562	1881.04	2357
Iteration: 762	1430	1637	1932.92	2572
Iteration: 763	1430	1571	1923.04	2484
Iteration: 764	1430	1690	1949.2	2461
Iteration: 765	1430	1658	1886.32	2656
Iteration: 766	1430	1560	1883.56	2263
Iteration: 767	1430	1600	1920.16	2649
Iteration: 768	1430	1536	1913.52	2315
Iteration: 769	1430	1534	1899.12	2552
Iteration: 770	1430	1638	1943.48	2577
Iteration: 771	1430	1613	1914.6	2351
Iteration: 772	1430	1656	1959.2	2470
Iteration: 773	1430	1604	1905.04	2354
Iteration: 774	1430	1648	1902.2	2308
Iteration: 775	1430	1586	1899.92	2199
Iteration: 776	1430	1682	1933.28	2360
Iteration: 777	1430	1640	1972.6	2401
Iteration: 778	1430	1616	1913	2290
Iteration: 779	1430	1660	1905.4	2343
Iteration: 780	1430	1608	1948.4	2459
Iteration: 781	1430	1555	1889.6	2437
Iteration: 782	1430	1719	1958.08	2411
Iteration: 783	1430	1626	1935.72	2562
Iteration: 784	1430	1587	1906.6	2216
Iteration: 785	1430	1614	1953.04	2419
Iteration: 786	1430	1648	1900.48	2364
Iteration: 787	1430	1644	1899.6	2321
Iteration: 788	1430	1605	1904.12	2305
Iteration: 789	1430	1546	1942.2	2423
Iteration: 790	1430	1514	1868.64	2346
Iteration: 791	1430	1666	1979.92	2534
Iteration: 792	1430	1627	1969.6	2492
Iteration: 793	1430	1667	1954.76	2523
Iteration: 794	1430	1614	1962.4	2255
Iteration: 795	1430	1555	1901.12	2321
Iteration: 796	1430	1656	1892.36	2443
Iteration: 797	1430	1686	1979.16	2435
Iteration: 798	1430	1606	1902	2290
Iteration: 799	1430	1654	1944.92	2373
Iteration: 800	1430	1563	1874.08	2375
Iteration: 801	1430	1608	1908.04	2370
Iteration: 802	1430	1601	1908.36	2312
Iteration: 803	1430	1497	1925.56	2298
Iteration: 804	1430	1683	1908.16	2242
Iteration: 805	1430	1687	1939.96	2342
Iteration: 806	1430	1628	1875.48	2268
Iteration: 807	1430	1596	1903.04	2218
Iteration: 808	1430	1616	1900.08	2352
Iteration: 809	1430	1556	1869.48	2394
Iteration: 810	1430	1671	1911.16	2329
Iteration: 811	1430	1650	1863.76	2115
Iteration: 812	1430	1659	1879.04	2434
Iteration: 813	1430	1641	1899.96	2200
Iteration: 814	1430	1636	1932.6	2386
Iteration: 815	1430	1596	1941.48	2258
Iteration: 816	1430	1631	1904.76	2470
Iteration: 817	1430	1611	1971.56	2553
Iteration: 818	1430	1586	1913.2	2348
Iteration: 819	1430	1612	1905.24	2315
Iteration: 820	1430	1559	1847.88	2280
Iteration: 821	1430	1637	1896.8	2224
Iteration: 822	1430	1588	1906.68	2382
Iteration: 823	1430	1493	1907.64	2445
Iteration: 824	1430	1633	1911.68	2181
Iteration: 825	1430	1596	1912.24	2388
Iteration: 826	1430	1604	1914.32	2357
Iteration: 827	1430	1646	1915.6	2400
Iteration: 828	1430	1590	1938.56	2554
Iteration: 829	1430	1654	1926.12	2742
Iteration: 830	1430	1664	1975.84	2335
Iteration: 831	1430	1656	1972.12	2289
Iteration: 832	1430	1572	2005.84	2828
Iteration: 833	1430	1606	1887.4	2207
Iteration: 834	1430	1648	2037.12	2418
Iteration: 835	1430	1705	1914.48	2241
Iteration: 836	1430	1613	1941.68	2290
Iteration: 837	1430	1612	1880.24	2162
Iteration: 838	1430	1667	1935.08	2304
Iteration: 839	1430	1556	1867.92	2301
Iteration: 840	1430	1603	1841.36	2389
Iteration: 841	1430	1643	1917.84	2306
Iteration: 842	1430	1611	1862.96	2222
Iteration: 843	1430	1684	1948.96	2364
Iteration: 844	1430	1647	1920.8	2405
Iteration: 845	1430	1687	1978.52	2315
Iteration: 846	1430	1544	1889.36	2208
Iteration: 847	1430	1639	1870.12	2167
Iteration: 848	1430	1643	1920.36	2580
Iteration: 849	1430	1651	1931.8	2342
Iteration: 850	1430	1595	1909.16	2239
Iteration: 851	1430	1658	1884.12	2292
Iteration: 852	1430	1574	1911.84	2552
Iteration: 853	1430	1746	1942.96	2379
Iteration: 854	1430	1600	1948.8	2443
Iteration: 855	1430	1634	1919.2	2529
Iteration: 856	1430	1648	1928.12	2338
Iteration: 857	1430	1658	1942.36	2286
Iteration: 858	1430	1553	1890.88	2378
Iteration: 859	1430	1601	1875.2	2190
Iteration: 860	1430	1548	1875.76	2440
Iteration: 861	1430	1588	1901	2335
Iteration: 862	1430	1573	1918.32	2296
Iteration: 863	1430	1563	1913.24	2392
Iteration: 864	1430	1572	1874.6	2281
Iteration: 865	1430	1569	1856.52	2179
Iteration: 866	1430	1666	1966.6	2358
Iteration: 867	1430	1642	1932.12	2362
Iteration: 868	1430	1663	1922.12	2374
Iteration: 869	1430	1744	1946.84	2599
Iteration: 870	1430	1583	1956.2	2459
Iteration: 871	1430	1694	1972	2366
Iteration: 872	1430	1667	1873.28	2143
Iteration: 873	1430	1495	1912.28	2317
Iteration: 874	1430	1559	1879.28	2157
Iteration: 875	1430	1600	1995.48	2674
Iteration: 876	1430	1558	1953.32	2368
Iteration: 877	1430	1616	1948.6	2309
Iteration: 878	1430	1643	1946.6	2551
Iteration: 879	1430	1600	1939.88	2711
Iteration: 880	1430	1680	1960.28	2555
Iteration: 881	1430	1595	1939.96	2320
Iteration: 882	1430	1611	1974.04	2452
Iteration: 883	1430	1636	1908	2251
Iteration: 884	1430	1625	1918.48	2396
Iteration: 885	1430	1734	1949.72	2232
Iteration: 886	1430	1597	1901.04	2390
Iteration: 887	1430	1649	1895.48	2753
Iteration: 888	1430	1702	1911.76	2356
Iteration: 889	1430	1658	1917.72	2265
Iteration: 890	1430	1659	1923.72	2566
Iteration: 891	1430	1621	1930	2517
Iteration: 892	1430	1664	1988.2	2441
Iteration: 893	1430	1649	1932.16	2401
Iteration: 894	1430	1654	1962.48	2578
Iteration: 895	1430	1558	1856.4	2333
Iteration: 896	1430	1627	1862.12	2108
Iteration: 897	1430	1645	1907.96	2330
Iteration: 898	1430	1637	1930	2345
Iteration: 899	1430	1627	1939.6	2427
Iteration: 900	1430	1668	1954.96	2386
Iteration: 901	1430	1618	1924.88	2315
Iteration: 902	1430	1671	1913.04	2154
Iteration: 903	1430	1657	1931.28	2269
Iteration: 904	1430	1527	1882.64	2387
Iteration: 905	1430	1590	1914.2	2547
Iteration: 906	1430	1643	1902.96	2240
Iteration: 907	1430	1691	1976.2	2522
Iteration: 908	1430	1602	1894.16	2324
Iteration: 909	1430	1659	1947.92	2289
Iteration: 910	1430	1684	1924.52	2412
Iteration: 911	1430	1615	1951.48	2362
Iteration: 912	1430	1675	1918.72	2310
Iteration: 913	1430	1804	2002.2	2654
Iteration: 914	1430	1642	1855.04	2144
Iteration: 915	1430	1716	1970.04	2412
Iteration: 916	1430	1563	1904.36	2344
Iteration: 917	1430	1560	1900.52	2303
Iteration: 918	1430	1607	1923.52	2229
Iteration: 919	1430	1668	1898.04	2511
Iteration: 920	1430	1605	1877.28	2309
Iteration: 921	1430	1740	1979.96	2495
Iteration: 922	1430	1546	1871.48	2391
Iteration: 923	1430	1689	1987.52	2748
Iteration: 924	1430	1638	2005.88	2881
Iteration: 925	1430	1569	1889.52	2227
Iteration: 926	1430	1651	1902.2	2347
Iteration: 927	1430	1598	1950.36	2608
Iteration: 928	1430	1612	1929.52	2311
Iteration: 929	1430	1664	1928.36	2249
Iteration: 930	1430	1651	1946.12	2648
Iteration: 931	1430	1573	1907.76	2309
Iteration: 932	1430	1666	1895.28	2353
Iteration: 933	1430	1681	1917.04	2506
Iteration: 934	1430	1644	1941.6	2491
Iteration: 935	1430	1673	1980.24	2483
Iteration: 936	1430	1632	1857.96	2151
Iteration: 937	1430	1612	1913	2272
Iteration: 938	1430	1693	1941.4	2507
Iteration: 939	1430	1712	1898.44	2181
Iteration: 940	1430	1537	1849.08	2349
Iteration: 941	1430	1619	1972	2398
Iteration: 942	1430	1606	1907.8	2402
Iteration: 943	1430	1586	1873.88	2164
Iteration: 944	1430	1570	1856.96	2179
Iteration: 945	1430	1563	1943.52	2496
Iteration: 946	1430	1612	1906.92	2354
Iteration: 947	1430	1608	1996.36	2566
Iteration: 948	1430	1667	1952.44	2511
Iteration: 949	1430	1572	1873.36	2198
Iteration: 950	1430	1656	1921.64	2554
Iteration: 951	1430	1642	1919.76	2316
Iteration: 952	1430	1700	1923.48	2408
Iteration: 953	1430	1576	1882.6	2320
Iteration: 954	1430	1691	1975.36	2584
Iteration: 955	1430	1590	1886.8	2425
Iteration: 956	1430	1583	1873.04	2175
Iteration: 957	1430	1636	1926.56	2356
Iteration: 958	1430	1589	1898.64	2354
Iteration: 959	1430	1670	1910.44	2131
Iteration: 960	1430	1613	1903.76	2165
Iteration: 961	1430	1645	1951.4	2648
Iteration: 962	1430	1599	1940.76	2563
Iteration: 963	1430	1591	1884.24	2383
Iteration: 964	1430	1583	1950.36	2508
Iteration: 965	1430	1653	1896.08	2212
Iteration: 966	1430	1522	1921.96	2341
Iteration: 967	1430	1584	1944.88	2297
Iteration: 968	1430	1550	1880.96	2488
Iteration: 969	1430	1713	1992.32	2319
Iteration: 970	1430	1598	1872.72	2428
Iteration: 971	1430	1640	1949.76	2403
Iteration: 972	1430	1625	1927.52	2300
Iteration: 973	1430	1627	1871.04	2193
Iteration: 974	1430	1668	1942.24	2232
Iteration: 975	1430	1580	1842.88	2127
Iteration: 976	1430	1628	1855.76	2249
Iteration: 977	1430	1609	1948.96	2602
Iteration: 978	1430	1555	1938.48	2527
Iteration: 979	1430	1533	1906.64	2242
Iteration: 980	1430	1652	1915.48	2231
Iteration: 981	1430	1598	1945.92	2700
Iteration: 982	1430	1621	1875.4	2272
Iteration: 983	1430	1657	2010.44	2468
Iteration: 984	1430	1627	1941.24	2246
Iteration: 985	1430	1636	1996.16	2711
Iteration: 986	1430	1541	1881.96	2282
Iteration: 987	1430	1698	1933.16	2245
Iteration: 988	1430	1734	1981.56	2481
Iteration: 989	1430	1713	2010.16	2745
Iteration: 990	1430	1553	1878.4	2367
Iteration: 991	1430	1545	1907.92	2408
Iteration: 992	1430	1595	1940.32	2557
Iteration: 993	1430	1469	1908.24	2310
Iteration: 994	1430	1519	1916.2	2547
Iteration: 995	1430	1614	1948.68	2444
Iteration: 996	1430	1620	1944.44	2543
Iteration: 997	1430	1692	1941.12	2384
Iteration: 998	1430	1536	1895.48	2493
Iteration: 999	1430	1661	1892.88	2290
