Iteration: 0	1684	1684	1913.36	2555
Iteration: 1	1624	1624	1938.24	2210
Iteration: 2	1579	1579	1903.72	2635
Iteration: 3	1540	1540	1905.12	2346
Iteration: 4	1540	1622	1887.4	2318
Iteration: 5	1540	1655	1947.8	2546
Iteration: 6	1540	1610	1886.96	2248
Iteration: 7	1540	1618	1908.04	2197
Iteration: 8	1540	1728	1922.52	2110
Iteration: 9	1540	1632	1854.24	2286
Iteration: 10	1540	1602	1867.52	2470
Iteration: 11	1540	1678	1989.52	2398
Iteration: 12	1540	1680	1929.8	2243
Iteration: 13	1540	1602	1932.16	2492
Iteration: 14	1540	1642	1860.4	2332
Iteration: 15	1540	1579	1875.6	2482
Iteration: 16	1540	1634	1927.32	2412
Iteration: 17	1540	1621	1853.2	2227
Iteration: 18	1540	1638	1942.52	2386
Iteration: 19	1540	1577	1888.84	2474
Iteration: 20	1540	1560	1871	2347
Iteration: 21	1540	1715	1944.44	2271
Iteration: 22	1540	1564	1905.56	2223
Iteration: 23	1540	1590	1840.6	2036
Iteration: 24	1540	1584	1886.2	2334
Iteration: 25	1540	1724	1915.6	2352
Iteration: 26	1540	1664	1931.32	2412
Iteration: 27	1540	1602	1922.44	2183
Iteration: 28	1540	1648	1898.4	2287
Iteration: 29	1540	1598	1902.52	2255
Iteration: 30	1540	1627	1898.04	2404
Iteration: 31	1540	1627	1882.24	2099
Iteration: 32	1540	1722	1925.52	2398
Iteration: 33	1540	1636	1925.2	2274
Iteration: 34	1534	1534	1928	2252
Iteration: 35	1534	1585	1933.48	2750
Iteration: 36	1534	1604	1903.08	2438
Iteration: 37	1534	1613	1921.36	2576
Iteration: 38	1534	1674	1946.48	2393
Iteration: 39	1534	1567	1877.12	2204
Iteration: 40	1534	1659	1887.04	2439
Iteration: 41	1534	1665	1924.64	2377
Iteration: 42	1534	1576	1856.36	2278
Iteration: 43	1534	1643	1872.88	2343
Iteration: 44	1534	1554	1884.4	2111
Iteration: 45	1534	1579	1899.08	2133
Iteration: 46	1534	1721	1960	2635
Iteration: 47	1534	1591	1890.28	2221
Iteration: 48	1534	1604	1845.68	2367
Iteration: 49	1534	1635	1897.48	2432
Iteration: 50	1534	1616	1909.2	2341
Iteration: 51	1534	1614	1907.48	2342
Iteration: 52	1534	1609	1944.4	2595
Iteration: 53	1534	1613	2018.76	2654
Iteration: 54	1534	1552	1800.64	2353
Iteration: 55	1534	1645	1975.32	2490
Iteration: 56	1534	1567	1881.4	2232
Iteration: 57	1414	1414	1939.36	2351
Iteration: 58	1414	1604	1959.8	2400
Iteration: 59	1414	1619	1918.08	2412
Iteration: 60	1414	1692	1943.12	2785
Iteration: 61	1414	1597	1919.92	2479
Iteration: 62	1414	1610	1886.28	2304
Iteration: 63	1414	1615	1851.36	2468
Iteration: 64	1414	1565	1905.8	2369
Iteration: 65	1414	1580	1939	2281
Iteration: 66	1414	1602	1883.48	2230
Iteration: 67	1414	1698	2009.4	2542
Iteration: 68	1414	1662	1930.36	2353
Iteration: 69	1414	1597	1896.2	2125
Iteration: 70	1414	1603	1895.6	2234
Iteration: 71	1414	1573	1922.04	2470
Iteration: 72	1414	1657	1925.28	2280
Iteration: 73	1414	1575	1896.92	2255
Iteration: 74	1414	1693	1943.72	2212
Iteration: 75	1414	1550	1926.8	2454
Iteration: 76	1414	1535	1968.12	2347
Iteration: 77	1414	1482	1922.84	2526
Iteration: 78	1414	1515	1920.2	2406
Iteration: 79	1414	1670	1963.48	2844
Iteration: 80	1414	1589	1860.6	2217
Iteration: 81	1414	1675	1889.4	2160
Iteration: 82	1414	1597	1940.84	2609
Iteration: 83	1414	1658	1944.28	2389
Iteration: 84	1414	1537	1910.84	2391
Iteration: 85	1414	1648	1927.72	2365
Iteration: 86	1414	1655	1926.72	2382
Iteration: 87	1414	1685	1967.4	2493
Iteration: 88	1414	1629	1884.44	2264
Iteration: 89	1414	1657	1923.48	2218
Iteration: 90	1414	1599	1928.4	2518
Iteration: 91	1414	1667	1940.4	2196
Iteration: 92	1414	1637	1896.48	2452
Iteration: 93	1414	1613	1927.84	2370
Iteration: 94	1414	1600	1867.52	2391
Iteration: 95	1414	1733	1900.56	2296
Iteration: 96	1414	1632	1897.8	2205
Iteration: 97	1414	1622	1854.08	2169
Iteration: 98	1414	1537	1889.24	2639
Iteration: 99	1414	1589	1913.88	2280
Iteration: 100	1414	1631	1884.92	2172
Iteration: 101	1414	1651	1875.56	2274
Iteration: 102	1414	1655	1881.04	2157
Iteration: 103	1414	1443	1875.04	2789
Iteration: 104	1414	1636	1976.92	2729
Iteration: 105	1414	1654	1894.52	2188
Iteration: 106	1414	1559	1883.48	2360
Iteration: 107	1414	1533	1868.72	2313
Iteration: 108	1414	1663	1914.16	2367
Iteration: 109	1414	1707	1937.96	2320
Iteration: 110	1414	1686	1934.8	2464
Iteration: 111	1414	1566	1889.6	2339
Iteration: 112	1414	1590	1844.16	2118
Iteration: 113	1414	1685	1944.04	2358
Iteration: 114	1414	1622	1931.48	2295
Iteration: 115	1414	1724	1935.32	2304
Iteration: 116	1414	1595	1834.64	2321
Iteration: 117	1414	1523	1921.52	2246
Iteration: 118	1414	1641	1896.36	2254
Iteration: 119	1414	1660	1941.56	2252
Iteration: 120	1414	1569	1910.28	2385
Iteration: 121	1414	1590	1941.2	2511
Iteration: 122	1414	1728	1908.16	2365
Iteration: 123	1414	1710	1953.8	2484
Iteration: 124	1414	1607	1876.68	2226
Iteration: 125	1414	1457	1910.44	2708
Iteration: 126	1414	1653	1930.4	2399
Iteration: 127	1414	1634	1895	2264
Iteration: 128	1414	1590	1867.6	2219
Iteration: 129	1414	1689	1947.84	2329
Iteration: 130	1414	1560	1961.68	2430
Iteration: 131	1414	1630	1942.04	2427
Iteration: 132	1414	1681	1969.36	2637
Iteration: 133	1414	1641	1987.2	2323
Iteration: 134	1414	1632	1997.12	2430
Iteration: 135	1414	1684	1897.8	2241
Iteration: 136	1414	1606	1950.68	2440
Iteration: 137	1414	1645	1854.96	2213
Iteration: 138	1414	1587	1907.12	2831
Iteration: 139	1414	1559	1848.12	2375
Iteration: 140	1414	1623	1925	2480
Iteration: 141	1414	1619	1921.4	2513
Iteration: 142	1414	1592	1900.96	2448
Iteration: 143	1414	1672	1912.84	2258
Iteration: 144	1414	1598	1966.24	2597
Iteration: 145	1414	1598	1937.6	2246
Iteration: 146	1414	1580	1912.72	2293
Iteration: 147	1414	1626	1925.84	2292
Iteration: 148	1414	1645	1899.04	2338
Iteration: 149	1414	1573	1925.24	2462
Iteration: 150	1414	1699	1965.68	2404
Iteration: 151	1414	1615	1930.28	2251
Iteration: 152	1414	1701	1973.92	2640
Iteration: 153	1414	1545	1859.72	2397
Iteration: 154	1414	1611	1872.36	2528
Iteration: 155	1414	1630	1902.6	2238
Iteration: 156	1414	1564	1802.76	2546
Iteration: 157	1414	1608	1921.72	2364
Iteration: 158	1414	1580	1836.12	2296
Iteration: 159	1414	1683	1936.6	2253
Iteration: 160	1414	1691	1970.68	2663
Iteration: 161	1414	1599	1870.32	2176
Iteration: 162	1414	1630	1842.48	2123
Iteration: 163	1414	1713	1969.2	2541
Iteration: 164	1414	1638	1922.92	2345
Iteration: 165	1414	1598	1868.32	2163
Iteration: 166	1414	1560	1838.6	2716
Iteration: 167	1414	1659	1902.16	2246
Iteration: 168	1414	1665	1940.6	2272
Iteration: 169	1414	1664	1936.32	2450
Iteration: 170	1414	1588	1877.84	2459
Iteration: 171	1414	1530	1954.84	2465
Iteration: 172	1414	1689	1999.64	2479
Iteration: 173	1414	1695	1958.28	2333
Iteration: 174	1414	1613	1990.08	2521
Iteration: 175	1414	1565	1939.72	2522
Iteration: 176	1414	1700	1953.76	2361
Iteration: 177	1414	1579	1908.88	2284
Iteration: 178	1414	1596	1939.28	2317
Iteration: 179	1414	1668	1896.16	2182
Iteration: 180	1414	1500	1899.2	2386
Iteration: 181	1414	1597	1942.08	2662
Iteration: 182	1414	1637	1929.36	2392
Iteration: 183	1414	1634	1892.2	2275
Iteration: 184	1414	1566	1864.24	2214
Iteration: 185	1414	1617	1868.88	2151
Iteration: 186	1414	1590	1935.72	2389
Iteration: 187	1414	1660	1928.28	2453
Iteration: 188	1414	1659	1930.68	2514
Iteration: 189	1414	1612	1848.88	2181
Iteration: 190	1414	1676	1893.44	2473
Iteration: 191	1414	1658	1969.92	2404
Iteration: 192	1414	1672	1959.24	2384
Iteration: 193	1414	1669	1991.36	2560
Iteration: 194	1414	1595	1908.44	2264
Iteration: 195	1414	1588	1934.24	2462
Iteration: 196	1414	1628	1953.6	2247
Iteration: 197	1414	1657	1919.96	2283
Iteration: 198	1414	1637	1966.16	2535
Iteration: 199	1414	1620	1860.24	2401
Iteration: 200	1414	1684	1923.04	2283
Iteration: 201	1414	1616	1965.84	2355
Iteration: 202	1414	1422	1927.2	2230
Iteration: 203	1414	1676	1998.96	2440
Iteration: 204	1414	1625	1958.04	2628
Iteration: 205	1414	1728	1923.48	2348
Iteration: 206	1414	1664	1860.56	2183
Iteration: 207	1414	1566	1837.36	2152
Iteration: 208	1414	1707	1890.4	2243
Iteration: 209	1414	1695	1949.52	2269
Iteration: 210	1414	1639	1916.48	2488
Iteration: 211	1414	1655	1946.2	2773
Iteration: 212	1414	1665	1900.64	2322
Iteration: 213	1414	1581	1907.84	2640
Iteration: 214	1414	1710	1936.72	2382
Iteration: 215	1414	1598	1907.44	2319
Iteration: 216	1414	1602	1948.2	2276
Iteration: 217	1414	1613	1963	2406
Iteration: 218	1414	1634	1912.68	2319
Iteration: 219	1414	1587	1874.24	2178
Iteration: 220	1414	1660	1998.04	2648
Iteration: 221	1414	1699	1945	2314
Iteration: 222	1414	1697	1985.16	2529
Iteration: 223	1414	1574	1946.36	2411
Iteration: 224	1414	1673	1939.52	2267
Iteration: 225	1414	1557	1866.76	2241
Iteration: 226	1414	1548	1931.08	2400
Iteration: 227	1414	1607	1876.84	2387
Iteration: 228	1414	1628	1892.44	2321
Iteration: 229	1414	1629	1898.2	2564
Iteration: 230	1414	1717	1898.32	2380
Iteration: 231	1414	1640	1983.76	2445
Iteration: 232	1414	1565	1879.44	2182
Iteration: 233	1414	1626	1937.52	2342
Iteration: 234	1414	1573	1917.56	2237
Iteration: 235	1414	1573	1822.24	2100
Iteration: 236	1414	1598	1882.12	2232
Iteration: 237	1414	1624	1864.04	2392
Iteration: 238	1414	1686	1974.92	2718
Iteration: 239	1414	1635	1922.84	2474
Iteration: 240	1414	1624	1947.08	2390
Iteration: 241	1414	1521	1965.68	2485
Iteration: 242	1414	1490	1841.2	2203
Iteration: 243	1414	1622	1882.92	2484
Iteration: 244	1414	1576	1936.08	2372
Iteration: 245	1414	1638	1927.64	2340
Iteration: 246	1414	1510	1996.8	2376
Iteration: 247	1414	1728	1964.8	2367
Iteration: 248	1414	1450	1899.52	2181
Iteration: 249	1414	1599	1903.28	2220
Iteration: 250	1414	1643	2009.8	2416
Iteration: 251	1414	1608	1867.12	2272
Iteration: 252	1414	1551	1922.08	2207
Iteration: 253	1414	1703	1958.16	2362
Iteration: 254	1414	1688	1920.84	2264
Iteration: 255	1414	1620	1915.16	2315
Iteration: 256	1414	1709	1947.08	2462
Iteration: 257	1414	1678	1946.24	2621
Iteration: 258	1414	1624	1913.12	2372
Iteration: 259	1414	1561	1835.96	2211
Iteration: 260	1414	1552	1931.12	2657
Iteration: 261	1414	1549	1934.08	2595
Iteration: 262	1414	1691	1952.92	2696
Iteration: 263	1414	1753	1975.28	2380
Iteration: 264	1414	1639	1910.24	2416
Iteration: 265	1414	1641	1921.64	2612
Iteration: 266	1414	1664	1999.44	2554
Iteration: 267	1414	1639	1941.04	2733
Iteration: 268	1414	1619	1916.12	2470
Iteration: 269	1414	1683	1930.92	2282
Iteration: 270	1414	1654	1971.92	2452
Iteration: 271	1414	1590	1931.32	2236
Iteration: 272	1414	1654	1973.04	2372
Iteration: 273	1414	1712	1984.24	2533
Iteration: 274	1414	1636	1900.56	2312
Iteration: 275	1414	1636	1907.44	2543
Iteration: 276	1414	1572	1917.68	2793
Iteration: 277	1414	1589	1882.52	2236
Iteration: 278	1414	1606	1959.2	2347
Iteration: 279	1414	1665	1921.4	2284
Iteration: 280	1414	1542	1876.84	2136
Iteration: 281	1414	1617	1946.64	2467
Iteration: 282	1414	1608	1921.48	2530
Iteration: 283	1414	1584	1832.6	2187
Iteration: 284	1414	1710	1939.16	2535
Iteration: 285	1414	1586	1969.6	2650
Iteration: 286	1414	1588	1958.76	2398
Iteration: 287	1414	1567	1889.8	2185
Iteration: 288	1414	1709	1913.8	2445
Iteration: 289	1414	1720	1949.68	2424
Iteration: 290	1414	1620	1881.6	2174
Iteration: 291	1414	1575	1859.16	2178
Iteration: 292	1414	1516	1972.84	2547
Iteration: 293	1414	1650	1932.6	2308
Iteration: 294	1414	1592	1978.76	2624
Iteration: 295	1414	1615	1953.92	2301
Iteration: 296	1414	1571	1984.32	2685
Iteration: 297	1414	1561	1831.12	2292
Iteration: 298	1414	1595	1923.28	2267
Iteration: 299	1414	1670	1933.64	2370
