Iteration: 0	1599	1599	1884.36	2673
Iteration: 1	1599	1655	1885.16	2191
Iteration: 2	1565	1565	1808.44	2118
Iteration: 3	1565	1583	1887.04	2453
Iteration: 4	1565	1674	1948.24	2248
Iteration: 5	1565	1604	1888.2	2352
Iteration: 6	1565	1635	1868.48	2405
Iteration: 7	1565	1578	1921.6	2180
Iteration: 8	1565	1684	1905.36	2219
Iteration: 9	1565	1718	1953.12	2548
Iteration: 10	1565	1661	1881.6	2196
Iteration: 11	1565	1648	1962.96	2393
Iteration: 12	1565	1630	1888.2	2144
Iteration: 13	1565	1663	1882.56	2220
Iteration: 14	1565	1634	1905.32	2423
Iteration: 15	1565	1613	1884.12	2245
Iteration: 16	1565	1568	1977.84	2494
Iteration: 17	1565	1654	1857.04	2312
Iteration: 18	1565	1610	1830.48	2063
Iteration: 19	1565	1599	1899.2	2140
Iteration: 20	1565	1610	1877.32	2310
Iteration: 21	1565	1749	1979.84	2380
Iteration: 22	1565	1619	1955.52	2530
Iteration: 23	1565	1571	1863.72	2235
Iteration: 24	1565	1627	1908.8	2348
Iteration: 25	1565	1603	1867.6	2241
Iteration: 26	1550	1550	1837.04	2099
Iteration: 27	1550	1577	1868.52	2400
Iteration: 28	1550	1628	1945.08	2398
Iteration: 29	1550	1638	1945.84	2260
Iteration: 30	1550	1645	1917.88	2745
Iteration: 31	1550	1619	1900	2350
Iteration: 32	1550	1688	1894.12	2475
Iteration: 33	1550	1659	1884.44	2285
Iteration: 34	1550	1591	1890.04	2168
Iteration: 35	1550	1604	1870.12	2179
Iteration: 36	1550	1625	1908.68	2273
Iteration: 37	1550	1596	1927.8	2369
Iteration: 38	1550	1599	1905.76	2230
Iteration: 39	1550	1751	1972.92	2342
Iteration: 40	1550	1601	1964.72	2424
Iteration: 41	1550	1552	1905.8	2361
Iteration: 42	1550	1612	1898.64	2262
Iteration: 43	1550	1656	1919.84	2368
Iteration: 44	1550	1615	1958.4	2447
Iteration: 45	1550	1622	1891.72	2371
Iteration: 46	1550	1664	1894	2305
Iteration: 47	1533	1533	1887	2156
Iteration: 48	1533	1667	1904.72	2304
Iteration: 49	1527	1527	1928.24	2388
Iteration: 50	1527	1611	1940.6	2290
Iteration: 51	1527	1578	1947.96	2547
Iteration: 52	1527	1657	1890.2	2272
Iteration: 53	1527	1659	1852.16	2274
Iteration: 54	1527	1591	1869.68	2177
Iteration: 55	1527	1644	1941.36	2253
Iteration: 56	1527	1635	1896.72	2137
Iteration: 57	1485	1485	1852.68	2262
Iteration: 58	1485	1580	1950	2472
Iteration: 59	1485	1566	1964.24	2389
Iteration: 60	1485	1616	1935.64	2473
Iteration: 61	1485	1540	1912.44	2313
Iteration: 62	1485	1710	1988.24	2451
Iteration: 63	1485	1659	1967.28	2452
Iteration: 64	1485	1657	1934.68	2361
Iteration: 65	1485	1608	1903.8	2362
Iteration: 66	1485	1624	1879.88	2119
Iteration: 67	1485	1720	1958.44	2336
Iteration: 68	1485	1608	1892.36	2245
Iteration: 69	1485	1647	1941.88	2319
Iteration: 70	1485	1597	1935.04	2449
Iteration: 71	1485	1617	1845.2	2118
Iteration: 72	1485	1599	1840.96	2296
Iteration: 73	1485	1604	1948.68	2343
Iteration: 74	1485	1701	1958.6	2314
Iteration: 75	1485	1597	1879.04	2150
Iteration: 76	1485	1648	1908.44	2381
Iteration: 77	1485	1671	1874.32	2333
Iteration: 78	1485	1578	1973.2	2535
Iteration: 79	1485	1668	1951.52	2472
Iteration: 80	1485	1688	1945	2540
Iteration: 81	1485	1637	1878.4	2282
Iteration: 82	1485	1706	1903.84	2186
Iteration: 83	1485	1512	1898.12	2292
Iteration: 84	1485	1655	1898.44	2374
Iteration: 85	1485	1626	1920.44	2385
Iteration: 86	1485	1522	1904.6	2386
Iteration: 87	1485	1603	1883.04	2207
Iteration: 88	1485	1601	1885.52	2081
Iteration: 89	1485	1631	1912.84	2203
Iteration: 90	1485	1622	1965.92	2510
Iteration: 91	1485	1581	1900.92	2333
Iteration: 92	1485	1574	1899.28	2656
Iteration: 93	1485	1610	1890.44	2429
Iteration: 94	1485	1634	1894.88	2437
Iteration: 95	1485	1634	1893	2210
Iteration: 96	1485	1599	1967.76	2598
Iteration: 97	1485	1625	1938.56	2330
Iteration: 98	1485	1646	1912.88	2299
Iteration: 99	1485	1751	2026.44	2722
Iteration: 100	1485	1581	1803.88	2066
Iteration: 101	1485	1629	1966.24	2389
Iteration: 102	1485	1576	1886.72	2386
Iteration: 103	1485	1575	1911.72	2310
Iteration: 104	1485	1549	1909.2	2404
Iteration: 105	1485	1603	1996.12	2607
Iteration: 106	1485	1653	1912.16	2578
Iteration: 107	1485	1661	1911.64	2318
Iteration: 108	1485	1575	1940.36	2486
Iteration: 109	1485	1615	1947.84	2257
Iteration: 110	1485	1595	1988.08	2667
Iteration: 111	1485	1554	1879.2	2368
Iteration: 112	1485	1634	1968.96	2302
Iteration: 113	1485	1635	1894.8	2282
Iteration: 114	1485	1651	1956.92	2461
Iteration: 115	1485	1739	1979.96	2363
Iteration: 116	1485	1569	1871.8	2328
Iteration: 117	1485	1618	1939.92	2373
Iteration: 118	1485	1616	1917.12	2418
Iteration: 119	1485	1571	1932.96	2333
Iteration: 120	1485	1579	1893.24	2406
Iteration: 121	1485	1689	1979.6	2437
Iteration: 122	1485	1662	1861.28	2168
Iteration: 123	1485	1650	1942	2442
Iteration: 124	1485	1589	1934	2350
Iteration: 125	1485	1622	1938.56	2726
Iteration: 126	1485	1686	1949.08	2322
Iteration: 127	1485	1588	2000.44	2496
Iteration: 128	1485	1619	1934.16	2462
Iteration: 129	1485	1730	2009.08	2735
Iteration: 130	1485	1655	1896.88	2187
Iteration: 131	1485	1691	1990.6	2941
Iteration: 132	1485	1636	1960.16	2418
Iteration: 133	1485	1587	1909.68	2234
Iteration: 134	1485	1570	1880.68	2477
Iteration: 135	1485	1577	1869.92	2399
Iteration: 136	1485	1576	1912.84	2342
Iteration: 137	1485	1498	1880	2475
Iteration: 138	1485	1683	1909	2210
Iteration: 139	1485	1543	1870.84	2234
Iteration: 140	1485	1560	1833.56	2247
Iteration: 141	1485	1760	2007.56	2487
Iteration: 142	1485	1648	1952.48	2381
Iteration: 143	1485	1535	1906.6	2197
Iteration: 144	1485	1623	1900.28	2517
Iteration: 145	1485	1609	1923	2621
Iteration: 146	1485	1613	1873.4	2293
Iteration: 147	1485	1672	1918.96	2467
Iteration: 148	1485	1526	1865.04	2223
Iteration: 149	1485	1598	1926.96	2339
Iteration: 150	1485	1657	1968.92	2639
Iteration: 151	1485	1629	1843.76	2242
Iteration: 152	1485	1615	1884.92	2435
Iteration: 153	1485	1689	1907.96	2335
Iteration: 154	1485	1605	1901.48	2280
Iteration: 155	1485	1604	1945.32	2751
Iteration: 156	1485	1649	1920.56	2599
Iteration: 157	1485	1672	1929.4	2341
Iteration: 158	1485	1607	1957.44	2477
Iteration: 159	1485	1690	1966.36	2723
Iteration: 160	1485	1594	1942.08	2480
Iteration: 161	1485	1705	1902.48	2142
Iteration: 162	1485	1622	1949.08	2647
Iteration: 163	1485	1599	1876.12	2339
Iteration: 164	1485	1633	1965.96	2602
Iteration: 165	1485	1598	1903.6	2279
Iteration: 166	1485	1638	1875.16	2204
Iteration: 167	1485	1623	1890.92	2369
Iteration: 168	1485	1598	1893.96	2504
Iteration: 169	1472	1472	1952.44	2416
Iteration: 170	1472	1607	1951.4	2219
Iteration: 171	1472	1655	1941.8	2582
Iteration: 172	1472	1500	1871.76	2294
Iteration: 173	1472	1586	1956.56	2394
Iteration: 174	1441	1441	1869.88	2278
Iteration: 175	1441	1645	1971.92	2429
Iteration: 176	1441	1553	1893.72	2346
Iteration: 177	1441	1650	1933.04	2784
Iteration: 178	1441	1656	1917.64	2209
Iteration: 179	1441	1559	1934.52	2280
Iteration: 180	1441	1560	1832.4	2269
Iteration: 181	1441	1595	1964.44	2485
Iteration: 182	1441	1649	1915.68	2365
Iteration: 183	1441	1652	1905.8	2590
Iteration: 184	1441	1551	1825.48	2234
Iteration: 185	1441	1687	2019.88	2650
Iteration: 186	1441	1636	1904.08	2493
Iteration: 187	1441	1542	1942.64	2475
Iteration: 188	1441	1526	1844.92	2262
Iteration: 189	1441	1546	1910.24	2295
Iteration: 190	1441	1601	1908.32	2629
Iteration: 191	1441	1633	1860.56	2339
Iteration: 192	1441	1732	1963.28	2392
Iteration: 193	1441	1621	1947	2394
Iteration: 194	1441	1636	1970.56	2499
Iteration: 195	1441	1630	1957.76	2504
Iteration: 196	1441	1642	1933.08	2327
Iteration: 197	1441	1653	1901.52	2343
Iteration: 198	1441	1699	1885.72	2318
Iteration: 199	1441	1618	1915.08	2400
Iteration: 200	1441	1599	1925.56	2360
Iteration: 201	1441	1612	1953.92	2650
Iteration: 202	1441	1567	1850.76	2502
Iteration: 203	1441	1632	1924.12	2401
Iteration: 204	1441	1602	1909.16	2421
Iteration: 205	1441	1658	1931.12	2698
Iteration: 206	1441	1722	1962.36	2244
Iteration: 207	1441	1610	1951.12	2418
Iteration: 208	1441	1599	1838.88	2389
Iteration: 209	1441	1628	1963.8	2474
Iteration: 210	1441	1620	1845.32	2217
Iteration: 211	1441	1722	1949.96	2250
Iteration: 212	1441	1590	1874.4	2708
Iteration: 213	1441	1589	1898.92	2103
Iteration: 214	1441	1530	1913.88	2515
Iteration: 215	1441	1615	1919.12	2397
Iteration: 216	1441	1641	1898.84	2348
Iteration: 217	1441	1678	1944.76	2173
Iteration: 218	1441	1548	1963.16	2422
Iteration: 219	1441	1635	1899.08	2524
Iteration: 220	1441	1539	1950.52	2984
Iteration: 221	1441	1625	1907.6	2246
Iteration: 222	1441	1598	1840.8	2347
Iteration: 223	1441	1607	1910.64	2493
Iteration: 224	1441	1602	1881.6	2340
Iteration: 225	1441	1725	2007.28	2344
Iteration: 226	1441	1630	1922.64	2663
Iteration: 227	1441	1516	1866.92	2281
Iteration: 228	1441	1555	1935.72	2211
Iteration: 229	1441	1578	1915.64	2390
Iteration: 230	1441	1652	1936.96	2394
Iteration: 231	1441	1634	1922.68	2452
Iteration: 232	1441	1669	1951.92	2435
Iteration: 233	1441	1610	1903.12	2173
Iteration: 234	1441	1670	2005.08	2353
Iteration: 235	1441	1605	1934.6	2392
Iteration: 236	1441	1645	1875.56	2240
Iteration: 237	1441	1547	1920.6	2300
Iteration: 238	1441	1544	1863.08	2558
Iteration: 239	1441	1628	1872	2262
Iteration: 240	1441	1595	1911.6	2365
Iteration: 241	1441	1630	1925.68	2247
Iteration: 242	1441	1616	1928.2	2392
Iteration: 243	1441	1600	1966.32	2389
Iteration: 244	1441	1606	1914.56	2364
Iteration: 245	1441	1668	1969.72	2491
Iteration: 246	1441	1547	1947.24	2651
Iteration: 247	1441	1682	1904.44	2318
Iteration: 248	1441	1702	1938.32	2559
Iteration: 249	1441	1664	1960.76	2257
Iteration: 250	1441	1540	1967.72	2498
Iteration: 251	1441	1673	1947.68	2307
Iteration: 252	1441	1641	1881.92	2116
Iteration: 253	1441	1548	1869.6	2094
Iteration: 254	1441	1657	2010.8	2646
Iteration: 255	1441	1625	1951.24	2456
Iteration: 256	1441	1607	1892.04	2231
Iteration: 257	1441	1480	2000.56	2868
Iteration: 258	1441	1685	1953.68	2499
Iteration: 259	1441	1590	1868.84	2364
Iteration: 260	1441	1641	1900.88	2351
Iteration: 261	1441	1582	1890.52	2231
Iteration: 262	1441	1708	1951.28	2237
Iteration: 263	1441	1535	1970.76	2394
Iteration: 264	1441	1681	1885.64	2095
Iteration: 265	1441	1657	1923.84	2631
Iteration: 266	1441	1474	1916.76	2474
Iteration: 267	1441	1645	2048.28	2637
Iteration: 268	1441	1563	1978.68	2415
Iteration: 269	1441	1563	1932.64	2222
Iteration: 270	1441	1685	1913.2	2367
Iteration: 271	1441	1711	1918.56	2282
Iteration: 272	1441	1596	1945.4	2315
Iteration: 273	1441	1566	1891.96	2532
Iteration: 274	1441	1672	1955.88	2522
Iteration: 275	1441	1590	1842.84	2109
Iteration: 276	1441	1579	1940.08	2556
Iteration: 277	1441	1659	1927.04	2583
Iteration: 278	1441	1588	2015.48	2482
Iteration: 279	1441	1579	1895.64	2433
Iteration: 280	1441	1700	1979.96	2448
Iteration: 281	1441	1550	1940.16	2349
Iteration: 282	1441	1596	1938.48	2358
Iteration: 283	1441	1612	1888.08	2325
Iteration: 284	1441	1580	1971.8	2297
Iteration: 285	1441	1602	1935.68	2662
Iteration: 286	1441	1635	1870.84	2203
Iteration: 287	1441	1627	2009.6	2572
Iteration: 288	1441	1656	1897.48	2215
Iteration: 289	1441	1634	1896.68	2523
Iteration: 290	1441	1607	2031.08	2768
Iteration: 291	1441	1646	1965.12	2536
Iteration: 292	1441	1702	1907.44	2430
Iteration: 293	1441	1630	1929.16	2329
Iteration: 294	1441	1659	1897.16	2359
Iteration: 295	1441	1560	1948.68	2303
Iteration: 296	1441	1638	1946.48	2466
Iteration: 297	1441	1466	1935.96	2558
Iteration: 298	1441	1612	1951.72	2300
Iteration: 299	1441	1546	1932.12	2464
