Iteration: 0	1674	1674	1963.84	2635
Iteration: 1	1620	1620	1916.92	2395
Iteration: 2	1547	1547	1903.12	2509
Iteration: 3	1547	1582	1872.28	2193
Iteration: 4	1547	1650	1866.52	2181
Iteration: 5	1547	1559	1957.24	2380
Iteration: 6	1547	1687	1886.28	2411
Iteration: 7	1547	1637	1914	2310
Iteration: 8	1547	1626	1901.24	2388
Iteration: 9	1547	1594	1906.28	2234
Iteration: 10	1547	1607	1873.8	2206
Iteration: 11	1547	1674	1925.64	2249
Iteration: 12	1547	1567	1892.88	2489
Iteration: 13	1547	1681	1876.2	2220
Iteration: 14	1547	1686	1900.64	2147
Iteration: 15	1547	1771	1959.8	2464
Iteration: 16	1547	1587	1863.48	2118
Iteration: 17	1547	1714	1984.72	2508
Iteration: 18	1533	1533	1858.84	2196
Iteration: 19	1533	1540	1866.6	2268
Iteration: 20	1533	1639	1950.72	2397
Iteration: 21	1533	1604	2027.2	2721
Iteration: 22	1533	1680	1933.08	2213
Iteration: 23	1533	1695	1929.96	2316
Iteration: 24	1533	1659	1922.64	2114
Iteration: 25	1533	1595	1820.2	2097
Iteration: 26	1533	1627	1957.76	2509
Iteration: 27	1533	1610	1892.92	2228
Iteration: 28	1533	1567	1937.48	2310
Iteration: 29	1533	1628	1857.24	2175
Iteration: 30	1533	1672	1907.16	2593
Iteration: 31	1533	1534	1945.76	2347
Iteration: 32	1533	1710	1916.04	2269
Iteration: 33	1533	1594	1982.48	2689
Iteration: 34	1533	1564	1876.64	2199
Iteration: 35	1533	1704	1929.44	2292
Iteration: 36	1533	1663	1920.32	2495
Iteration: 37	1533	1553	1793	2230
Iteration: 38	1533	1617	1880.76	2429
Iteration: 39	1533	1639	1929.76	2325
Iteration: 40	1533	1593	1880.48	2222
Iteration: 41	1533	1640	1872.16	2310
Iteration: 42	1533	1605	1949.84	2345
Iteration: 43	1533	1636	1857.44	2253
Iteration: 44	1533	1670	1871.4	2333
Iteration: 45	1533	1577	1933.32	2257
Iteration: 46	1533	1630	1908.44	2315
Iteration: 47	1533	1586	1880	2291
Iteration: 48	1533	1645	2017.24	2626
Iteration: 49	1533	1650	1875.96	2379
Iteration: 50	1533	1730	2006.68	2646
Iteration: 51	1515	1515	1939.88	2311
Iteration: 52	1515	1610	1905.64	2307
Iteration: 53	1515	1610	1934.92	2237
Iteration: 54	1515	1703	1959.84	2518
Iteration: 55	1515	1586	1912.64	2416
Iteration: 56	1515	1687	1960.96	2561
Iteration: 57	1515	1538	1868.64	2217
Iteration: 58	1515	1616	1917.24	2326
Iteration: 59	1515	1586	1949.24	2285
Iteration: 60	1515	1701	1923.24	2246
Iteration: 61	1515	1539	1833.16	2155
Iteration: 62	1515	1556	1917.4	2320
Iteration: 63	1515	1682	1966.84	2671
Iteration: 64	1515	1743	1967.72	2426
Iteration: 65	1515	1535	1894.4	2661
Iteration: 66	1515	1660	1941.48	2284
Iteration: 67	1515	1618	1960.72	2473
Iteration: 68	1515	1610	1942.72	2527
Iteration: 69	1515	1590	1871.52	2590
Iteration: 70	1515	1716	1923.84	2303
Iteration: 71	1515	1587	1960.88	2264
Iteration: 72	1515	1662	1880.16	2373
Iteration: 73	1515	1667	1913.84	2228
Iteration: 74	1515	1613	1905.24	2351
Iteration: 75	1515	1693	1935.64	2270
Iteration: 76	1515	1602	1870.76	2337
Iteration: 77	1515	1655	1911.44	2321
Iteration: 78	1515	1627	1837.48	2177
Iteration: 79	1515	1721	1920.24	2240
Iteration: 80	1515	1710	1947.8	2488
Iteration: 81	1515	1631	1876.44	2376
Iteration: 82	1515	1665	1953.44	2624
Iteration: 83	1515	1583	1926.8	2290
Iteration: 84	1515	1638	1927.84	2356
Iteration: 85	1515	1592	1918.12	2485
Iteration: 86	1515	1630	1887.48	2130
Iteration: 87	1515	1596	1911.04	2367
Iteration: 88	1515	1619	1893.16	2524
Iteration: 89	1515	1744	1953.24	2358
Iteration: 90	1515	1592	1908.6	2249
Iteration: 91	1515	1593	1882.68	2299
Iteration: 92	1515	1722	1922.84	2230
Iteration: 93	1515	1642	1957.48	2306
Iteration: 94	1515	1604	1916.12	2442
Iteration: 95	1515	1675	1916.72	2312
Iteration: 96	1515	1616	1878	2183
Iteration: 97	1515	1716	1910.44	2259
Iteration: 98	1515	1531	1882.28	2157
Iteration: 99	1515	1611	1883.28	2276
Iteration: 100	1515	1527	1882.04	2184
Iteration: 101	1515	1599	1928.56	2170
Iteration: 102	1515	1624	1915.2	2527
Iteration: 103	1515	1577	1863.88	2154
Iteration: 104	1515	1533	1878.12	2330
Iteration: 105	1515	1604	1972.68	2419
Iteration: 106	1515	1536	1947.2	2519
Iteration: 107	1515	1626	1917.04	2192
Iteration: 108	1515	1617	1911.8	2410
Iteration: 109	1515	1634	1944.96	2392
Iteration: 110	1515	1589	1943.08	2328
Iteration: 111	1515	1640	1984.92	2488
Iteration: 112	1515	1568	1952.6	2290
Iteration: 113	1515	1550	1959.52	2352
Iteration: 114	1515	1603	1927.28	2336
Iteration: 115	1515	1575	1965.2	2632
Iteration: 116	1515	1617	1866.92	2194
Iteration: 117	1515	1569	1923.68	2595
Iteration: 118	1515	1642	1937.56	2450
Iteration: 119	1515	1639	1955.36	2791
Iteration: 120	1515	1644	1873.44	2335
Iteration: 121	1515	1641	1916.48	2414
Iteration: 122	1515	1637	1869.6	2367
Iteration: 123	1515	1673	1944.68	2352
Iteration: 124	1515	1649	1829.32	2109
Iteration: 125	1515	1619	1892.44	2274
Iteration: 126	1515	1662	1881.56	2360
Iteration: 127	1515	1711	2024.44	2528
Iteration: 128	1515	1629	1969.56	2913
Iteration: 129	1515	1627	1880.24	2321
Iteration: 130	1515	1734	1955.2	2228
Iteration: 131	1435	1435	1897.52	2493
Iteration: 132	1435	1617	1938.52	2457
Iteration: 133	1435	1563	1892.84	2247
Iteration: 134	1435	1643	1851.32	2081
Iteration: 135	1435	1603	1924.44	2554
Iteration: 136	1435	1692	1942.56	2614
Iteration: 137	1435	1663	1950.36	2807
Iteration: 138	1435	1706	1918.08	2180
Iteration: 139	1435	1540	1965.4	2843
Iteration: 140	1435	1583	1836.32	2441
Iteration: 141	1435	1603	1948.76	2218
Iteration: 142	1435	1627	1942.28	2282
Iteration: 143	1435	1524	1908.68	2488
Iteration: 144	1435	1606	1952.08	2357
Iteration: 145	1435	1676	1882.12	2151
Iteration: 146	1435	1586	1931.32	2216
Iteration: 147	1435	1555	1947	2467
Iteration: 148	1435	1591	1944.04	2326
Iteration: 149	1435	1667	1893.6	2245
Iteration: 150	1435	1706	2010.56	2590
Iteration: 151	1435	1646	1939.8	2473
Iteration: 152	1435	1679	1948.44	2452
Iteration: 153	1435	1565	1886.12	2253
Iteration: 154	1435	1581	1902.92	2385
Iteration: 155	1435	1594	1914.84	2193
Iteration: 156	1435	1690	1925.12	2264
Iteration: 157	1435	1611	1972.44	2458
Iteration: 158	1435	1603	1876.04	2213
Iteration: 159	1435	1688	1894.4	2312
Iteration: 160	1435	1540	1947.96	2288
Iteration: 161	1435	1614	1905.04	2367
Iteration: 162	1435	1547	1929.84	2325
Iteration: 163	1435	1621	1874.32	2183
Iteration: 164	1435	1653	1922.92	2426
Iteration: 165	1435	1652	1895	2605
Iteration: 166	1435	1641	1880.04	2484
Iteration: 167	1435	1593	1937	2321
Iteration: 168	1435	1660	1960.36	2683
Iteration: 169	1435	1686	2027.28	2573
Iteration: 170	1435	1648	1972.04	2413
Iteration: 171	1435	1695	1914.44	2255
Iteration: 172	1435	1655	1972.24	2439
Iteration: 173	1435	1617	1917.6	2441
Iteration: 174	1435	1711	1964.92	2339
Iteration: 175	1435	1700	1932.6	2253
Iteration: 176	1435	1628	1964.76	2510
Iteration: 177	1435	1670	1917.76	2349
Iteration: 178	1435	1629	1863.08	2165
Iteration: 179	1435	1661	1906.44	2619
Iteration: 180	1435	1628	1842	2258
Iteration: 181	1435	1583	1939.32	2475
Iteration: 182	1435	1708	2054.4	2503
Iteration: 183	1435	1590	1912.04	2346
Iteration: 184	1435	1595	1908.28	2248
Iteration: 185	1435	1613	1867.84	2229
Iteration: 186	1435	1591	1865.52	2220
Iteration: 187	1435	1588	1874.48	2681
Iteration: 188	1435	1587	1917.32	2346
Iteration: 189	1435	1623	1881.52	2179
Iteration: 190	1435	1550	1857.8	2249
Iteration: 191	1435	1607	1928.84	2155
Iteration: 192	1435	1598	1930.8	2435
Iteration: 193	1435	1644	1949.88	2318
Iteration: 194	1435	1627	1926.56	2404
Iteration: 195	1435	1641	1849.68	2238
Iteration: 196	1435	1585	1915.96	2258
Iteration: 197	1435	1681	1916.2	2418
Iteration: 198	1435	1701	1922.84	2367
Iteration: 199	1435	1599	1869.36	2249
Iteration: 200	1435	1640	1900.96	2465
Iteration: 201	1435	1663	1910.56	2427
Iteration: 202	1435	1632	1943.56	2575
Iteration: 203	1435	1595	1893.28	2311
Iteration: 204	1435	1571	1895.68	2419
Iteration: 205	1435	1671	1931.24	2204
Iteration: 206	1435	1606	1855.44	2289
Iteration: 207	1435	1476	1903.28	2345
Iteration: 208	1435	1525	1984.4	2687
Iteration: 209	1435	1566	1800.84	2243
Iteration: 210	1435	1626	1893.6	2215
Iteration: 211	1435	1575	1968.32	2385
Iteration: 212	1435	1659	1862	2240
Iteration: 213	1435	1629	1920.2	2376
Iteration: 214	1435	1628	1958.56	2375
Iteration: 215	1435	1721	1958.44	2282
Iteration: 216	1435	1756	1977.96	2598
Iteration: 217	1435	1731	1930.48	2346
Iteration: 218	1435	1609	1856.28	2209
Iteration: 219	1435	1738	1959.72	2430
Iteration: 220	1435	1695	1993.88	2464
Iteration: 221	1435	1666	1950.2	2621
Iteration: 222	1435	1633	1866.6	2319
Iteration: 223	1435	1629	1925.28	2356
Iteration: 224	1435	1653	2004.72	2529
Iteration: 225	1435	1620	1924.84	2504
Iteration: 226	1435	1590	1883.16	2355
Iteration: 227	1435	1666	1958.92	2498
Iteration: 228	1435	1539	1920.2	2362
Iteration: 229	1435	1695	1943.2	2530
Iteration: 230	1435	1635	1979.68	2499
Iteration: 231	1435	1578	1958.4	2401
Iteration: 232	1435	1697	1943.32	2575
Iteration: 233	1435	1604	1910.56	2285
Iteration: 234	1435	1628	1938.16	2287
Iteration: 235	1435	1602	1915.96	2337
Iteration: 236	1435	1690	1933.36	2238
Iteration: 237	1435	1579	1893.08	2357
Iteration: 238	1435	1624	1920.8	2312
Iteration: 239	1435	1626	1959.28	3115
Iteration: 240	1435	1585	1875.52	2168
Iteration: 241	1435	1547	1847.28	2179
Iteration: 242	1435	1680	1919.76	2307
Iteration: 243	1435	1572	1890.16	2478
Iteration: 244	1435	1604	1934.76	2267
Iteration: 245	1435	1632	1993.96	2492
Iteration: 246	1435	1635	1847.36	2273
Iteration: 247	1435	1639	1895.88	2352
Iteration: 248	1435	1634	1927.56	2316
Iteration: 249	1435	1593	1887.16	2370
Iteration: 250	1435	1662	1855.8	2143
Iteration: 251	1435	1608	1877.4	2164
Iteration: 252	1435	1644	1967.92	2618
Iteration: 253	1435	1530	1868.76	2186
Iteration: 254	1435	1571	1907.68	2297
Iteration: 255	1435	1652	1937.32	2332
Iteration: 256	1435	1734	2009.96	2384
Iteration: 257	1435	1608	1877.36	2194
Iteration: 258	1435	1554	1925.96	2365
Iteration: 259	1435	1574	1913.16	2672
Iteration: 260	1435	1671	1916.12	2554
Iteration: 261	1435	1613	1963.12	2484
Iteration: 262	1435	1629	2013.84	2314
Iteration: 263	1435	1476	1934	2343
Iteration: 264	1435	1695	1910.28	2387
Iteration: 265	1435	1646	1958.76	2332
Iteration: 266	1435	1600	1911.6	2368
Iteration: 267	1435	1635	1882.4	2240
Iteration: 268	1435	1657	1920.6	2255
Iteration: 269	1435	1575	1882.72	2212
Iteration: 270	1435	1675	1942.32	2357
Iteration: 271	1435	1670	1916.56	2271
Iteration: 272	1435	1621	1888.6	2293
Iteration: 273	1435	1444	1932	2500
Iteration: 274	1435	1694	1915.12	2268
Iteration: 275	1435	1545	1969.68	2489
Iteration: 276	1435	1558	1850.08	2327
Iteration: 277	1435	1655	1922.8	2258
Iteration: 278	1435	1685	1887.72	2103
Iteration: 279	1435	1683	1949.04	2553
Iteration: 280	1435	1613	1920.48	2394
Iteration: 281	1435	1635	1906.84	2293
Iteration: 282	1435	1658	1901.68	2430
Iteration: 283	1435	1631	1881.68	2300
Iteration: 284	1435	1646	1921.4	2341
Iteration: 285	1435	1649	1877.72	2370
Iteration: 286	1435	1661	1920.44	2220
Iteration: 287	1435	1643	1930.84	2597
Iteration: 288	1435	1603	1927.36	2447
Iteration: 289	1435	1584	1964.68	2377
Iteration: 290	1435	1659	2008.44	3194
Iteration: 291	1435	1556	1856.6	2378
Iteration: 292	1435	1618	1960.96	2861
Iteration: 293	1435	1570	1923	2221
Iteration: 294	1435	1640	1957	2366
Iteration: 295	1435	1634	1906.76	2557
Iteration: 296	1435	1664	1951.2	2284
Iteration: 297	1435	1703	1981.4	2384
Iteration: 298	1435	1621	1901.6	2356
Iteration: 299	1435	1582	1905.96	2615
