Iteration: 0	1602	1602	1916.52	2346
Iteration: 1	1602	1660	1966.92	2358
Iteration: 2	1596	1596	1864.48	2409
Iteration: 3	1573	1573	1942.52	2436
Iteration: 4	1573	1728	1942.48	2291
Iteration: 5	1573	1660	1873.72	2275
Iteration: 6	1573	1744	1952.64	2130
Iteration: 7	1539	1539	1892.68	2290
Iteration: 8	1480	1480	1902.2	2298
Iteration: 9	1480	1484	1881.04	2218
Iteration: 10	1480	1611	1897.08	2251
Iteration: 11	1480	1605	1874.96	2142
Iteration: 12	1480	1615	1866.6	2205
Iteration: 13	1480	1595	1905.12	2560
Iteration: 14	1480	1582	1867.6	2213
Iteration: 15	1480	1506	1835.8	2132
Iteration: 16	1480	1628	1971.68	2566
Iteration: 17	1480	1609	1881	2220
Iteration: 18	1480	1611	1870.2	2222
Iteration: 19	1480	1514	1913.6	2338
Iteration: 20	1480	1716	1936.24	2136
Iteration: 21	1480	1676	1927.72	2405
Iteration: 22	1480	1596	1912.48	2429
Iteration: 23	1480	1535	1939.36	2408
Iteration: 24	1480	1638	1886.96	2238
Iteration: 25	1480	1547	1874.24	2083
Iteration: 26	1480	1630	1898.48	2208
Iteration: 27	1480	1667	1910.88	2192
Iteration: 28	1480	1663	1891.24	2166
Iteration: 29	1480	1665	1912.72	2202
Iteration: 30	1480	1608	1937.08	2544
Iteration: 31	1480	1645	1880.32	2246
Iteration: 32	1480	1729	1935.6	2496
Iteration: 33	1480	1555	1947.24	2328
Iteration: 34	1480	1646	1905.56	2307
Iteration: 35	1480	1658	1891.48	2469
Iteration: 36	1480	1604	1861.04	2334
Iteration: 37	1480	1617	1889.32	2419
Iteration: 38	1480	1512	1908.48	2547
Iteration: 39	1480	1491	1879.28	2550
Iteration: 40	1480	1612	1948.92	2266
Iteration: 41	1480	1699	2000.64	2646
Iteration: 42	1480	1574	1876	2321
Iteration: 43	1480	1642	1882.48	2645
Iteration: 44	1480	1583	1884.96	2407
Iteration: 45	1480	1569	1876	2234
Iteration: 46	1480	1542	1916.48	2349
Iteration: 47	1480	1684	1926.36	2430
Iteration: 48	1480	1601	1905.16	2313
Iteration: 49	1480	1580	1911.64	2580
