Iteration: 0	1770	1770	1993.08	2323
Iteration: 1	1645	1645	1888.4	2370
Iteration: 2	1531	1531	1898.2	2750
Iteration: 3	1531	1628	1951.4	2486
Iteration: 4	1531	1613	1912.64	2178
Iteration: 5	1531	1547	1853.88	2496
Iteration: 6	1531	1612	1879.8	2352
Iteration: 7	1531	1618	1891.6	2248
Iteration: 8	1531	1668	1986.96	2319
Iteration: 9	1531	1598	1938.96	2456
Iteration: 10	1531	1587	1906.52	2164
Iteration: 11	1531	1678	1962.48	2734
Iteration: 12	1531	1584	1812.24	2223
Iteration: 13	1531	1594	1940.12	2302
Iteration: 14	1531	1627	1920.2	2301
Iteration: 15	1531	1582	1858.04	2243
Iteration: 16	1531	1660	1912.72	2153
Iteration: 17	1531	1575	1883.28	2153
Iteration: 18	1531	1663	1882.4	2202
Iteration: 19	1531	1623	1876.2	2334
Iteration: 20	1531	1543	1899.88	2419
Iteration: 21	1531	1614	1900	2345
Iteration: 22	1531	1595	1925.84	2289
Iteration: 23	1531	1625	1839.56	2074
Iteration: 24	1531	1661	1861.92	2128
Iteration: 25	1531	1644	1912.36	2308
Iteration: 26	1524	1524	1840.48	2197
Iteration: 27	1524	1638	1874.56	2183
Iteration: 28	1524	1620	1896.8	2288
Iteration: 29	1524	1651	1900.16	2329
Iteration: 30	1524	1676	1966.6	2568
Iteration: 31	1524	1593	1844.72	2230
Iteration: 32	1524	1675	1876.64	2179
Iteration: 33	1524	1600	1888.28	2342
Iteration: 34	1524	1551	1851.88	2238
Iteration: 35	1524	1599	1892.64	2212
Iteration: 36	1524	1590	1887.92	2318
Iteration: 37	1524	1613	1897.16	2220
Iteration: 38	1524	1585	1947	2302
Iteration: 39	1524	1573	1892	2524
Iteration: 40	1524	1570	1927.72	2369
Iteration: 41	1524	1640	1938.36	2218
Iteration: 42	1524	1668	1946.4	2528
Iteration: 43	1524	1659	1843.16	2136
Iteration: 44	1524	1576	1856.4	2201
Iteration: 45	1524	1626	1908.08	2359
Iteration: 46	1524	1611	1930.16	2615
Iteration: 47	1524	1614	1976.88	2498
Iteration: 48	1524	1572	1961.16	2434
Iteration: 49	1524	1663	1934.88	2205
Iteration: 50	1500	1500	1842.88	2196
Iteration: 51	1500	1583	1917.04	2223
Iteration: 52	1500	1523	1899.44	2412
Iteration: 53	1500	1634	1915	2327
Iteration: 54	1500	1638	1884.04	2347
Iteration: 55	1500	1615	1946.08	2363
Iteration: 56	1500	1628	1903.68	2270
Iteration: 57	1500	1634	1881.36	2516
Iteration: 58	1500	1604	1940.84	2378
Iteration: 59	1500	1688	1875.68	2229
Iteration: 60	1500	1716	1972.44	2363
Iteration: 61	1500	1594	1896.84	2480
Iteration: 62	1500	1672	1889.88	2181
Iteration: 63	1500	1704	1947.76	2538
Iteration: 64	1500	1620	1924.2	2498
Iteration: 65	1500	1616	1915.24	2276
Iteration: 66	1500	1589	1896.6	2317
Iteration: 67	1500	1642	1954.08	2489
Iteration: 68	1440	1440	1951	2551
Iteration: 69	1440	1680	1927.24	2608
Iteration: 70	1440	1619	1843.36	2298
Iteration: 71	1440	1611	1867.12	2501
Iteration: 72	1440	1656	1961.64	2612
Iteration: 73	1440	1538	1912.84	2419
Iteration: 74	1440	1632	1903.96	2565
Iteration: 75	1440	1655	1848.28	2320
Iteration: 76	1440	1663	1908.96	2561
Iteration: 77	1440	1564	2003.84	2675
Iteration: 78	1440	1611	1926.52	2469
Iteration: 79	1440	1675	1933.64	2395
Iteration: 80	1440	1631	1960.2	2580
Iteration: 81	1440	1616	1972	2385
Iteration: 82	1440	1658	1922.44	2544
Iteration: 83	1440	1552	1984.12	2463
Iteration: 84	1440	1610	1906.04	2623
Iteration: 85	1440	1590	1893.32	2219
Iteration: 86	1440	1669	1901.4	2276
Iteration: 87	1440	1513	1875.28	2575
Iteration: 88	1440	1608	1941.72	2176
Iteration: 89	1440	1579	1878.2	2344
Iteration: 90	1440	1638	1901.48	2232
Iteration: 91	1440	1652	1884.84	2287
Iteration: 92	1440	1570	1895.92	2303
Iteration: 93	1440	1643	1964.68	2490
Iteration: 94	1440	1544	1844.6	2296
Iteration: 95	1440	1528	1957.96	2459
Iteration: 96	1440	1513	1824	2071
Iteration: 97	1440	1621	1874.84	2477
Iteration: 98	1440	1640	1879.04	2392
Iteration: 99	1440	1682	1951.92	2390
Iteration: 100	1440	1647	1967.64	2642
Iteration: 101	1440	1669	1910.88	2337
Iteration: 102	1440	1588	1909.32	2523
Iteration: 103	1440	1636	1919.24	2363
Iteration: 104	1440	1687	1893.36	2177
Iteration: 105	1440	1664	1961.52	2298
Iteration: 106	1440	1721	1944.72	2663
Iteration: 107	1440	1537	1904.96	2820
Iteration: 108	1440	1713	1924.2	2582
Iteration: 109	1440	1620	1900.76	2188
Iteration: 110	1440	1571	1924.36	2271
Iteration: 111	1440	1644	1865.64	2501
Iteration: 112	1440	1683	1976	2572
Iteration: 113	1440	1567	1921.44	2324
Iteration: 114	1392	1392	1894.84	2241
Iteration: 115	1392	1658	1854.72	2143
Iteration: 116	1392	1550	1928.48	2314
Iteration: 117	1392	1573	1941.64	2235
Iteration: 118	1392	1561	1916.56	2314
Iteration: 119	1392	1701	1944.88	2462
Iteration: 120	1392	1602	1870.16	2195
Iteration: 121	1392	1655	1926.92	2680
Iteration: 122	1392	1634	1936.24	2284
Iteration: 123	1392	1538	1902.48	2260
Iteration: 124	1392	1765	1917.16	2320
Iteration: 125	1392	1629	1948.04	2645
Iteration: 126	1392	1565	1882.28	2204
Iteration: 127	1392	1623	1889.04	2323
Iteration: 128	1392	1657	1953.16	3068
Iteration: 129	1392	1684	1955.44	2431
Iteration: 130	1392	1602	1939	2380
Iteration: 131	1392	1613	1888.84	2165
Iteration: 132	1392	1721	1955.48	2256
Iteration: 133	1392	1648	1873.8	2514
Iteration: 134	1392	1578	1888.72	2441
Iteration: 135	1392	1627	1937.2	2310
Iteration: 136	1392	1690	1941.96	2399
Iteration: 137	1392	1611	1924.28	2383
Iteration: 138	1392	1502	1845.68	2327
Iteration: 139	1392	1574	1961.6	2569
Iteration: 140	1392	1654	1946.72	2616
Iteration: 141	1392	1637	1936.64	2466
Iteration: 142	1392	1638	1994.48	2322
Iteration: 143	1392	1530	1918.28	2311
Iteration: 144	1392	1564	1903.36	2338
Iteration: 145	1392	1606	1929	2348
Iteration: 146	1392	1550	1857.72	2377
Iteration: 147	1392	1693	2016.64	2776
Iteration: 148	1392	1682	1912.32	2132
Iteration: 149	1392	1540	1920.76	2313
Iteration: 150	1392	1658	1971.6	2323
Iteration: 151	1392	1591	1921.24	2523
Iteration: 152	1392	1644	1901.56	2557
Iteration: 153	1392	1601	1916.92	2478
Iteration: 154	1392	1635	1925.52	2424
Iteration: 155	1392	1617	1847.8	2218
Iteration: 156	1392	1601	1901.16	2350
Iteration: 157	1392	1649	1896.92	2529
Iteration: 158	1392	1583	1977	2493
Iteration: 159	1392	1608	1886.28	2294
Iteration: 160	1392	1624	1957.64	2480
Iteration: 161	1392	1624	1938.12	2361
Iteration: 162	1392	1631	1875.48	2253
Iteration: 163	1392	1548	1944.28	2303
Iteration: 164	1392	1632	1875.72	2330
Iteration: 165	1392	1578	1885.08	2496
Iteration: 166	1392	1691	1909.84	2293
Iteration: 167	1392	1614	1903.24	2408
Iteration: 168	1392	1536	1881.36	2642
Iteration: 169	1392	1605	1961.56	2346
Iteration: 170	1392	1610	1909.2	2161
Iteration: 171	1392	1681	1909.6	2419
Iteration: 172	1392	1567	1949.8	2694
Iteration: 173	1392	1693	1918.76	2486
Iteration: 174	1392	1656	1906.36	2321
Iteration: 175	1392	1689	1917.4	2293
Iteration: 176	1392	1581	1924.6	2374
Iteration: 177	1392	1693	1892.12	2172
Iteration: 178	1392	1662	1939.08	2328
Iteration: 179	1392	1627	1959.76	2659
Iteration: 180	1392	1546	1893.92	2236
Iteration: 181	1392	1733	1982.6	2276
Iteration: 182	1392	1624	1890.76	2198
Iteration: 183	1392	1536	1882.2	2590
Iteration: 184	1392	1524	1951.08	2314
Iteration: 185	1392	1681	1937.76	2444
Iteration: 186	1392	1614	1904.56	2185
Iteration: 187	1392	1612	1931.92	2429
Iteration: 188	1392	1591	1860.44	2154
Iteration: 189	1392	1664	1951.96	2719
Iteration: 190	1392	1621	1957.36	2320
Iteration: 191	1392	1578	1861.8	2393
Iteration: 192	1392	1492	1877.2	2272
Iteration: 193	1392	1521	1883.72	2368
Iteration: 194	1392	1596	1925.48	2590
Iteration: 195	1392	1599	1900.84	2243
Iteration: 196	1392	1582	1917.72	2476
Iteration: 197	1392	1583	1964.52	2310
Iteration: 198	1392	1707	1933.2	2272
Iteration: 199	1392	1610	1944.72	2807
Iteration: 200	1392	1653	1909.24	2429
Iteration: 201	1392	1599	1893.2	2244
Iteration: 202	1392	1557	1903.44	2221
Iteration: 203	1392	1648	1941.44	2410
Iteration: 204	1392	1593	1906.24	2171
Iteration: 205	1392	1597	1906.2	2263
Iteration: 206	1392	1625	1897.88	2298
Iteration: 207	1392	1585	1903	2341
Iteration: 208	1392	1629	1926.92	2549
Iteration: 209	1392	1674	1956.04	2424
Iteration: 210	1392	1748	1970.56	2528
Iteration: 211	1392	1616	1928.64	2805
Iteration: 212	1392	1649	1978.04	2336
Iteration: 213	1392	1693	1934.44	2536
Iteration: 214	1392	1699	1932.08	2358
Iteration: 215	1392	1594	1942.64	2599
Iteration: 216	1392	1661	1895.96	2117
Iteration: 217	1392	1608	1953.16	2543
Iteration: 218	1392	1546	1879.84	2518
Iteration: 219	1392	1726	1954.56	2616
Iteration: 220	1392	1630	1936.16	2333
Iteration: 221	1392	1649	1910.96	2506
Iteration: 222	1392	1602	1916.2	2453
Iteration: 223	1392	1597	1974	2814
Iteration: 224	1392	1691	1971.48	2316
Iteration: 225	1392	1570	1899.2	2403
Iteration: 226	1392	1674	1934.2	2439
Iteration: 227	1392	1613	1896.56	2349
Iteration: 228	1392	1649	1978.96	2892
Iteration: 229	1392	1617	1994.24	2565
Iteration: 230	1392	1595	1937.04	2388
Iteration: 231	1392	1618	1932.92	3219
Iteration: 232	1392	1594	1905.28	2402
Iteration: 233	1392	1655	1929.04	2245
Iteration: 234	1392	1619	1919.68	2287
Iteration: 235	1392	1754	1979.2	2573
Iteration: 236	1392	1603	1915.24	2587
Iteration: 237	1392	1549	1925.68	2248
Iteration: 238	1392	1665	1859.88	2260
Iteration: 239	1392	1600	1963.36	2327
Iteration: 240	1392	1638	1955.32	2356
Iteration: 241	1392	1626	1938.76	2436
Iteration: 242	1392	1684	1914.24	2435
Iteration: 243	1392	1629	1915.56	2212
Iteration: 244	1392	1724	1916.28	2191
Iteration: 245	1392	1623	1932.52	2356
Iteration: 246	1392	1642	2026.04	2811
Iteration: 247	1392	1567	1911.48	2546
Iteration: 248	1392	1653	1918.92	2307
Iteration: 249	1392	1589	1933.4	2743
Iteration: 250	1392	1716	1956.28	2517
Iteration: 251	1392	1492	1905.12	2356
Iteration: 252	1392	1560	1943.92	2766
Iteration: 253	1392	1629	1962.72	2654
Iteration: 254	1392	1651	1899.76	2209
Iteration: 255	1392	1632	1993.44	2623
Iteration: 256	1392	1618	1871.2	2344
Iteration: 257	1392	1578	1907.84	2451
Iteration: 258	1392	1624	1902.52	2155
Iteration: 259	1392	1707	1978.12	2681
Iteration: 260	1392	1596	1940.8	2429
Iteration: 261	1392	1486	1908.4	2293
Iteration: 262	1392	1628	2015.2	2422
Iteration: 263	1392	1639	1930.44	2493
Iteration: 264	1392	1635	1928.08	2860
Iteration: 265	1392	1646	1952.6	2451
Iteration: 266	1392	1669	1982.48	2483
Iteration: 267	1392	1556	1921.64	2412
Iteration: 268	1392	1638	1916.08	2339
Iteration: 269	1392	1554	1862.36	2409
Iteration: 270	1392	1627	1936.6	2796
Iteration: 271	1392	1582	1907.24	2273
Iteration: 272	1392	1641	1962.6	2374
Iteration: 273	1392	1576	1847.4	2206
Iteration: 274	1392	1624	1927.64	2354
Iteration: 275	1392	1550	1897.88	2310
Iteration: 276	1392	1632	1894.4	2440
Iteration: 277	1392	1678	1900.12	2219
Iteration: 278	1392	1684	1939.6	2448
Iteration: 279	1392	1606	1918.24	2210
Iteration: 280	1392	1608	1870.84	2254
Iteration: 281	1392	1650	1931.12	2473
Iteration: 282	1392	1712	1944.24	2288
Iteration: 283	1392	1653	1957.08	2278
Iteration: 284	1392	1578	1949.32	2406
Iteration: 285	1392	1647	1947.12	2295
Iteration: 286	1392	1624	1932.84	2303
Iteration: 287	1392	1611	1867.6	2220
Iteration: 288	1392	1637	1885	2247
Iteration: 289	1392	1592	1915.52	2343
Iteration: 290	1392	1606	1915.6	2331
Iteration: 291	1392	1656	1933.92	2335
Iteration: 292	1392	1657	1947.92	2622
Iteration: 293	1392	1633	1905.08	2459
Iteration: 294	1392	1541	1902.28	2256
Iteration: 295	1392	1594	1896.04	2195
Iteration: 296	1392	1676	1960.28	2459
Iteration: 297	1392	1658	1948.88	2545
Iteration: 298	1392	1702	1915.36	2224
Iteration: 299	1392	1627	1935.96	2307
Iteration: 300	1392	1675	1932.8	2220
Iteration: 301	1392	1651	1889.96	2309
Iteration: 302	1392	1628	1887.44	2629
Iteration: 303	1392	1609	1920.04	2365
Iteration: 304	1392	1550	1893.12	2458
Iteration: 305	1392	1582	1954.76	2392
Iteration: 306	1392	1605	1921	2396
Iteration: 307	1392	1621	1924	2310
Iteration: 308	1392	1581	1879.32	2248
Iteration: 309	1392	1608	1851.32	2389
Iteration: 310	1392	1581	1938.76	2423
Iteration: 311	1392	1591	1930.24	2544
Iteration: 312	1392	1637	1966	2482
Iteration: 313	1392	1693	1891.4	2342
Iteration: 314	1392	1664	1950.4	2566
Iteration: 315	1392	1617	1974.76	2461
Iteration: 316	1392	1598	1900.92	2675
Iteration: 317	1392	1624	1935.8	2587
Iteration: 318	1392	1756	1929.64	2270
Iteration: 319	1392	1593	1928.12	2251
Iteration: 320	1392	1544	1933.84	2449
Iteration: 321	1392	1509	1912.36	2396
Iteration: 322	1392	1670	1920.92	2414
Iteration: 323	1392	1657	1938.52	2326
Iteration: 324	1392	1544	1885.8	2312
Iteration: 325	1392	1603	1914.04	2250
Iteration: 326	1392	1662	1952.32	2518
Iteration: 327	1392	1584	1932.8	2387
Iteration: 328	1392	1624	1937.92	2379
Iteration: 329	1392	1517	1895.56	2358
Iteration: 330	1392	1670	1919.76	2287
Iteration: 331	1392	1565	1855.68	2260
Iteration: 332	1392	1625	1938.52	2346
Iteration: 333	1392	1616	1899.6	2189
Iteration: 334	1392	1613	1928.04	2620
Iteration: 335	1392	1582	1879.48	2253
Iteration: 336	1392	1640	1908.4	2447
Iteration: 337	1392	1577	1937.92	2338
Iteration: 338	1392	1670	1940.36	2345
Iteration: 339	1392	1631	1927.04	2158
Iteration: 340	1392	1666	1891.6	2219
Iteration: 341	1392	1679	1852.68	2193
Iteration: 342	1392	1615	1898.84	2273
Iteration: 343	1392	1597	1877.84	2207
Iteration: 344	1392	1615	1896.32	2549
Iteration: 345	1392	1580	1906.48	2334
Iteration: 346	1392	1435	1919.68	2374
Iteration: 347	1392	1608	1945.16	2498
Iteration: 348	1392	1689	2009.92	2479
Iteration: 349	1392	1680	1994.36	2668
Iteration: 350	1392	1645	1880.44	2117
Iteration: 351	1392	1659	1908.24	2185
Iteration: 352	1392	1700	1914	2238
Iteration: 353	1392	1633	1892.68	2342
Iteration: 354	1392	1635	1919.52	2430
Iteration: 355	1392	1675	1944.88	2449
Iteration: 356	1392	1620	1938	2581
Iteration: 357	1392	1655	1884.04	2261
Iteration: 358	1392	1690	1895.8	2200
Iteration: 359	1392	1566	1978.76	2281
Iteration: 360	1392	1606	1945.72	2435
Iteration: 361	1392	1625	1921	2348
Iteration: 362	1392	1685	1955.88	2263
Iteration: 363	1392	1621	1994.4	2291
Iteration: 364	1392	1534	1878.68	2143
Iteration: 365	1392	1646	1946.8	2275
Iteration: 366	1392	1659	1933.88	2623
Iteration: 367	1392	1628	1876.04	2387
Iteration: 368	1392	1588	1948.52	2306
Iteration: 369	1392	1684	1904.2	2370
Iteration: 370	1392	1550	1923.56	2350
Iteration: 371	1392	1541	1898.24	2234
Iteration: 372	1392	1664	1884.56	2317
Iteration: 373	1392	1702	1960.76	2370
Iteration: 374	1392	1574	1885.04	2197
Iteration: 375	1392	1616	1909.92	2278
Iteration: 376	1392	1642	1910.4	2141
Iteration: 377	1392	1600	1902.6	2295
Iteration: 378	1392	1714	1970.16	2279
Iteration: 379	1392	1624	1927.76	2180
Iteration: 380	1392	1671	1930.6	2260
Iteration: 381	1392	1704	1914.04	2280
Iteration: 382	1392	1595	1952.6	2419
Iteration: 383	1392	1631	1956.04	2389
Iteration: 384	1392	1608	1935.24	2552
Iteration: 385	1392	1698	1990.88	2388
Iteration: 386	1392	1608	1925.96	2786
Iteration: 387	1392	1609	1952.12	2423
Iteration: 388	1392	1689	1905	2142
Iteration: 389	1392	1712	1919.6	2712
Iteration: 390	1392	1745	2011.52	2418
Iteration: 391	1392	1545	1904.64	2329
Iteration: 392	1392	1626	1886.6	2308
Iteration: 393	1392	1661	1861	2269
Iteration: 394	1392	1615	1909.76	2501
Iteration: 395	1392	1676	1918.92	2213
Iteration: 396	1392	1662	1922.4	2264
Iteration: 397	1392	1596	1879.12	2264
Iteration: 398	1392	1619	1856.92	2313
Iteration: 399	1392	1585	1910.64	2310
Iteration: 400	1392	1644	1963.16	2424
Iteration: 401	1392	1724	1937.56	2293
Iteration: 402	1392	1654	1960.56	2310
Iteration: 403	1392	1603	1903.8	2379
Iteration: 404	1392	1602	1904.68	2441
Iteration: 405	1392	1624	1883.56	2406
Iteration: 406	1392	1582	1881.6	2238
Iteration: 407	1392	1584	1921.72	2672
Iteration: 408	1392	1608	2034.36	2511
Iteration: 409	1392	1638	1875.64	2197
Iteration: 410	1392	1623	1880.88	2158
Iteration: 411	1392	1617	1924.64	2303
Iteration: 412	1392	1581	1880.96	2277
Iteration: 413	1392	1680	1923.56	2171
Iteration: 414	1392	1619	1934.48	2529
Iteration: 415	1392	1628	1911.88	2207
Iteration: 416	1392	1466	1863.96	2581
Iteration: 417	1392	1619	1940.68	2364
Iteration: 418	1392	1639	1971.6	2400
Iteration: 419	1392	1588	1945.92	2695
Iteration: 420	1392	1607	1892	2533
Iteration: 421	1392	1527	1963.88	2336
Iteration: 422	1392	1544	1998.92	2636
Iteration: 423	1392	1694	1956.48	2220
Iteration: 424	1392	1687	1984.12	2493
Iteration: 425	1392	1590	1878.04	2399
Iteration: 426	1392	1540	1883.48	2297
Iteration: 427	1392	1700	1971.16	2409
Iteration: 428	1392	1641	1891.76	2182
Iteration: 429	1392	1642	1947.64	2417
Iteration: 430	1392	1536	1899.48	2468
Iteration: 431	1392	1604	1937.64	2653
Iteration: 432	1392	1600	1913.08	2679
Iteration: 433	1392	1593	1919.44	2326
Iteration: 434	1392	1667	1920.52	2407
Iteration: 435	1392	1687	1940.6	2246
Iteration: 436	1392	1652	1885.72	2376
Iteration: 437	1392	1684	2010.04	2449
Iteration: 438	1392	1582	1815.44	2054
Iteration: 439	1392	1667	1935.48	2422
Iteration: 440	1392	1604	1978.24	2348
Iteration: 441	1392	1575	1888.36	2216
Iteration: 442	1392	1627	1870.04	2184
Iteration: 443	1392	1640	1938.44	2319
Iteration: 444	1392	1532	1862.28	2423
Iteration: 445	1392	1589	1890	2344
Iteration: 446	1392	1590	1882	2772
Iteration: 447	1392	1720	1959.16	2450
Iteration: 448	1392	1624	1934.36	2508
Iteration: 449	1392	1571	1903.72	2314
Iteration: 450	1392	1687	1916.24	2203
Iteration: 451	1392	1686	2041.4	2737
Iteration: 452	1392	1598	1880.44	2227
Iteration: 453	1392	1567	1985.92	2919
Iteration: 454	1392	1702	1971.88	2608
Iteration: 455	1392	1687	1922.68	2360
Iteration: 456	1392	1520	1938.2	2512
Iteration: 457	1392	1645	1951.68	2528
Iteration: 458	1392	1580	1900.76	2597
Iteration: 459	1392	1653	1987.4	2653
Iteration: 460	1392	1641	1928.48	2601
Iteration: 461	1392	1653	1891.4	2416
Iteration: 462	1392	1639	1919	2352
Iteration: 463	1392	1677	1928.16	2368
Iteration: 464	1392	1524	1957	2643
Iteration: 465	1392	1651	1988.2	2542
Iteration: 466	1392	1691	1905.84	2281
Iteration: 467	1392	1630	1941.56	2244
Iteration: 468	1392	1668	1962.96	2388
Iteration: 469	1392	1580	1904.6	2289
Iteration: 470	1392	1580	1908.56	2232
Iteration: 471	1392	1660	1931.32	2634
Iteration: 472	1392	1640	1928.08	2460
Iteration: 473	1392	1580	1864	2200
Iteration: 474	1392	1598	1919	2283
Iteration: 475	1392	1651	2023.28	2663
Iteration: 476	1392	1572	1908	2624
Iteration: 477	1392	1679	1889.64	2244
Iteration: 478	1392	1662	1949.44	2642
Iteration: 479	1392	1670	2010.64	2507
Iteration: 480	1392	1579	1869.72	2172
Iteration: 481	1392	1716	2002.24	2384
Iteration: 482	1392	1678	2001.84	2452
Iteration: 483	1392	1673	1903	2350
Iteration: 484	1392	1672	1955.72	2488
Iteration: 485	1392	1553	1916.2	2529
Iteration: 486	1392	1617	1925.44	2421
Iteration: 487	1392	1675	1923.12	2282
Iteration: 488	1392	1580	1904.48	2335
Iteration: 489	1392	1627	1977.28	2514
Iteration: 490	1392	1587	1965.44	2452
Iteration: 491	1392	1647	1934	2547
Iteration: 492	1392	1528	1983.36	2610
Iteration: 493	1392	1591	1902.88	2464
Iteration: 494	1392	1666	1946.52	2466
Iteration: 495	1392	1581	1928.72	2581
Iteration: 496	1392	1696	1910.84	2304
Iteration: 497	1392	1550	1885.04	2185
Iteration: 498	1392	1737	1943.16	2352
Iteration: 499	1392	1666	1894.24	2411
