Iteration: 0	1618	1618	1938.8	2455
Iteration: 1	1618	1641	1892.76	2156
Iteration: 2	1618	1624	1881.32	2331
Iteration: 3	1618	1649	1923.48	2225
Iteration: 4	1618	1635	1914.64	2129
Iteration: 5	1557	1557	1863.48	2172
Iteration: 6	1557	1575	1898.44	2615
Iteration: 7	1557	1602	1883.2	2288
Iteration: 8	1557	1601	1821.12	2241
Iteration: 9	1557	1612	1896.52	2115
Iteration: 10	1557	1758	1989.68	2443
Iteration: 11	1557	1682	1903.08	2138
Iteration: 12	1557	1641	1865.76	2164
Iteration: 13	1557	1579	1889.72	2405
Iteration: 14	1557	1656	1933.8	2392
Iteration: 15	1557	1623	1914.44	2422
Iteration: 16	1557	1702	1899.52	2197
Iteration: 17	1557	1596	1916.2	2594
Iteration: 18	1557	1592	1901.4	2232
Iteration: 19	1557	1640	1908	2461
Iteration: 20	1557	1610	1877.64	2417
Iteration: 21	1500	1500	1822.76	2179
Iteration: 22	1500	1616	1905.32	2397
Iteration: 23	1500	1641	1940.84	2550
Iteration: 24	1500	1710	1921.48	2244
Iteration: 25	1500	1639	1891.84	2216
Iteration: 26	1500	1527	1898.28	2373
Iteration: 27	1500	1750	1938.68	2396
Iteration: 28	1500	1618	1953	2274
Iteration: 29	1500	1590	1874	2156
Iteration: 30	1500	1703	1939.32	2493
Iteration: 31	1500	1584	1846.36	2093
Iteration: 32	1500	1620	1876.84	2259
Iteration: 33	1500	1562	1930.72	2470
Iteration: 34	1500	1612	1941.76	2481
Iteration: 35	1500	1607	1886	2310
Iteration: 36	1500	1602	1914.76	2291
Iteration: 37	1500	1714	1946.84	2689
Iteration: 38	1500	1611	1838.32	2178
Iteration: 39	1500	1640	1929.64	2371
Iteration: 40	1500	1534	1883.96	2221
Iteration: 41	1500	1510	1895.2	2382
Iteration: 42	1500	1538	1947.32	2583
Iteration: 43	1500	1589	1907.28	2224
Iteration: 44	1500	1549	1938.68	2234
Iteration: 45	1500	1595	1873.32	2319
Iteration: 46	1500	1591	1860.6	2279
Iteration: 47	1500	1639	1882.24	2398
Iteration: 48	1500	1698	1887.6	2374
Iteration: 49	1500	1585	1887.32	2267
Iteration: 50	1500	1694	1896.12	2198
Iteration: 51	1500	1599	1955.44	2487
Iteration: 52	1500	1698	1988	2306
Iteration: 53	1500	1614	1847.08	2157
Iteration: 54	1500	1565	1863.48	2243
Iteration: 55	1464	1464	1906.52	2726
Iteration: 56	1464	1648	1992.12	2308
Iteration: 57	1464	1630	1948.36	2322
Iteration: 58	1464	1645	1871.44	2383
Iteration: 59	1464	1608	1888.76	2439
Iteration: 60	1464	1602	1934.12	2274
Iteration: 61	1464	1523	1905.32	2553
Iteration: 62	1464	1725	1983.84	2327
Iteration: 63	1464	1577	1966.56	2369
Iteration: 64	1464	1559	1924.32	2215
Iteration: 65	1464	1544	1901.8	2282
Iteration: 66	1464	1673	1899.4	2359
Iteration: 67	1464	1554	1893.16	2281
Iteration: 68	1464	1672	1920.44	2377
Iteration: 69	1464	1622	1996.88	2442
Iteration: 70	1464	1635	1855.44	2283
Iteration: 71	1464	1551	1934.64	2381
Iteration: 72	1464	1605	1834.32	2083
Iteration: 73	1464	1627	1897.56	2322
Iteration: 74	1464	1646	1897.88	2176
Iteration: 75	1464	1664	1966.16	2318
Iteration: 76	1464	1622	1915.2	2404
Iteration: 77	1464	1674	1893.36	2213
Iteration: 78	1464	1678	1955.44	2258
Iteration: 79	1464	1571	1873.04	2295
Iteration: 80	1464	1581	1927.2	2329
Iteration: 81	1464	1601	1930.36	2352
Iteration: 82	1464	1673	1962.92	2552
Iteration: 83	1464	1639	1840.28	2414
Iteration: 84	1464	1585	1928.16	2705
Iteration: 85	1464	1683	1932.52	2544
Iteration: 86	1464	1575	1906.32	2252
Iteration: 87	1464	1696	1907.44	2428
Iteration: 88	1464	1555	1923.72	2179
Iteration: 89	1464	1652	1974.32	2757
Iteration: 90	1464	1642	1857.48	2293
Iteration: 91	1464	1523	1844.92	2348
Iteration: 92	1464	1589	1877.52	2295
Iteration: 93	1464	1601	1857.28	2072
Iteration: 94	1464	1536	1964.64	2658
Iteration: 95	1464	1601	1905.64	2434
Iteration: 96	1464	1567	1848.12	2265
Iteration: 97	1464	1710	1946.36	2448
Iteration: 98	1464	1606	1879.88	2285
Iteration: 99	1464	1670	1903.6	2396
Iteration: 100	1464	1640	1864.4	2086
Iteration: 101	1464	1565	1882.64	2479
Iteration: 102	1464	1653	1956.96	2432
Iteration: 103	1464	1602	1977.92	2497
Iteration: 104	1464	1547	1918.2	2230
Iteration: 105	1464	1688	1927.6	2217
Iteration: 106	1464	1693	1897.32	2277
Iteration: 107	1464	1626	1980.88	2344
Iteration: 108	1464	1642	1927.56	2439
Iteration: 109	1464	1695	1932.76	2484
Iteration: 110	1464	1635	1917.76	2378
Iteration: 111	1464	1631	1945.76	2437
Iteration: 112	1464	1638	1946.24	2324
Iteration: 113	1464	1613	1883.52	2367
Iteration: 114	1464	1618	1980.08	2353
Iteration: 115	1464	1516	1916.8	2345
Iteration: 116	1464	1587	1843.24	2418
Iteration: 117	1464	1654	1981.68	2402
Iteration: 118	1464	1588	1915.16	2278
Iteration: 119	1464	1682	1941.4	2175
Iteration: 120	1464	1691	1919.12	2328
Iteration: 121	1464	1608	1937.16	2441
Iteration: 122	1464	1561	1902.8	2310
Iteration: 123	1464	1693	1919.4	2365
Iteration: 124	1464	1704	1926.08	2371
Iteration: 125	1464	1619	1923.84	2264
Iteration: 126	1464	1745	1926.6	2193
Iteration: 127	1464	1767	1912.6	2221
Iteration: 128	1464	1621	1919.88	2595
Iteration: 129	1464	1615	1921.84	2505
Iteration: 130	1464	1620	1972.72	2424
Iteration: 131	1464	1667	1936.8	2265
Iteration: 132	1464	1626	1951.32	2580
Iteration: 133	1464	1548	1848.4	2162
Iteration: 134	1464	1666	1912.16	2363
Iteration: 135	1464	1732	1927.6	2300
Iteration: 136	1464	1545	1858	2325
Iteration: 137	1464	1691	1936.2	2199
Iteration: 138	1464	1593	1949.08	2344
Iteration: 139	1464	1691	1897.4	2273
Iteration: 140	1464	1860	2047.52	2572
Iteration: 141	1464	1585	1978.88	2629
Iteration: 142	1464	1499	1924.24	2422
Iteration: 143	1464	1669	1992	2825
Iteration: 144	1464	1661	1972.64	2597
Iteration: 145	1464	1621	1903.24	2246
Iteration: 146	1464	1581	1842.4	2227
Iteration: 147	1464	1570	1853.28	2210
Iteration: 148	1464	1553	1858.44	2466
Iteration: 149	1464	1620	1905.72	2262
Iteration: 150	1464	1582	1897.24	2199
Iteration: 151	1464	1663	1948.24	2464
Iteration: 152	1464	1581	1933.36	2265
Iteration: 153	1464	1707	1989.64	2328
Iteration: 154	1464	1608	1880.44	2392
Iteration: 155	1464	1615	1975.04	2354
Iteration: 156	1464	1542	1937.72	2286
Iteration: 157	1464	1666	1891.04	2502
Iteration: 158	1464	1522	1932.16	2341
Iteration: 159	1464	1608	1907.68	2298
Iteration: 160	1464	1709	1897	2225
Iteration: 161	1464	1621	1860.08	2545
Iteration: 162	1464	1602	1881.84	2341
Iteration: 163	1464	1591	1915.36	2338
Iteration: 164	1464	1615	1869.52	2375
Iteration: 165	1464	1594	1906.68	2407
Iteration: 166	1464	1700	1968.16	2402
Iteration: 167	1464	1628	1899.2	2311
Iteration: 168	1464	1567	1903.88	2106
Iteration: 169	1464	1675	1887.36	2243
Iteration: 170	1464	1659	1952.32	2572
Iteration: 171	1464	1588	1896.4	2347
Iteration: 172	1464	1581	1947.68	2298
Iteration: 173	1464	1605	1920.64	2773
Iteration: 174	1464	1531	1902	2263
Iteration: 175	1464	1664	1961.88	2227
Iteration: 176	1464	1620	1877.44	2343
Iteration: 177	1464	1609	1876.68	2123
Iteration: 178	1464	1596	1877.24	2252
Iteration: 179	1464	1597	1893.56	2318
Iteration: 180	1464	1600	1892.12	2313
Iteration: 181	1464	1583	1897.32	2373
Iteration: 182	1464	1634	1948.32	2294
Iteration: 183	1464	1662	1917.24	2129
Iteration: 184	1464	1561	1942.96	2355
Iteration: 185	1464	1538	1882.76	2325
Iteration: 186	1464	1722	1927.8	2174
Iteration: 187	1464	1769	1999.88	2367
Iteration: 188	1464	1740	1925.72	2163
Iteration: 189	1464	1632	1892.36	2215
Iteration: 190	1464	1700	1894.64	2609
Iteration: 191	1464	1597	1940.24	2553
Iteration: 192	1464	1721	1958.12	2381
Iteration: 193	1464	1677	1961.28	2749
Iteration: 194	1464	1563	1898.28	2371
Iteration: 195	1464	1576	1965.6	2347
Iteration: 196	1464	1580	1901.8	2427
Iteration: 197	1464	1652	1914.44	2317
Iteration: 198	1464	1763	1946.6	2417
Iteration: 199	1464	1649	1877.04	2198
Iteration: 200	1464	1648	1874.92	2265
Iteration: 201	1464	1672	2009.08	2616
Iteration: 202	1464	1581	1873.52	2400
Iteration: 203	1464	1581	2024.32	2647
Iteration: 204	1464	1656	1933.32	2481
Iteration: 205	1464	1550	1922.88	2687
Iteration: 206	1464	1668	1924.36	2255
Iteration: 207	1464	1591	1934.32	2496
Iteration: 208	1464	1647	1973.24	2894
Iteration: 209	1464	1609	1974.36	2671
Iteration: 210	1464	1471	1874.84	2247
Iteration: 211	1464	1666	1935.84	2451
Iteration: 212	1464	1573	1926.56	2418
Iteration: 213	1464	1536	1882.52	2364
Iteration: 214	1464	1680	1960.4	2342
Iteration: 215	1464	1609	1915.84	2288
Iteration: 216	1464	1622	1892	2164
Iteration: 217	1464	1702	1919.32	2245
Iteration: 218	1464	1618	1874.2	2205
Iteration: 219	1464	1648	1967.84	2408
Iteration: 220	1464	1575	1907.36	2773
Iteration: 221	1464	1641	1916.92	2387
Iteration: 222	1464	1512	1917.92	2230
Iteration: 223	1464	1637	1886.52	2681
Iteration: 224	1464	1669	1909.72	2167
Iteration: 225	1464	1625	1940.28	2389
Iteration: 226	1464	1654	1913.28	2243
Iteration: 227	1464	1666	1928.92	2414
Iteration: 228	1464	1609	1876.72	2392
Iteration: 229	1464	1567	1869	2455
Iteration: 230	1464	1573	1907.52	2159
Iteration: 231	1464	1637	1946.76	2423
Iteration: 232	1464	1589	1885.32	2278
Iteration: 233	1464	1591	1968.6	2868
Iteration: 234	1464	1754	1968.24	2413
Iteration: 235	1464	1642	1928.24	2460
Iteration: 236	1464	1648	1899.08	2385
Iteration: 237	1464	1636	1875.84	2308
Iteration: 238	1464	1582	1949.08	2507
Iteration: 239	1464	1587	1946.96	2391
Iteration: 240	1464	1633	1859.84	2187
Iteration: 241	1449	1449	1919.44	2176
Iteration: 242	1449	1622	1884.04	2209
Iteration: 243	1449	1625	1955.2	2869
Iteration: 244	1449	1544	1910.52	2190
Iteration: 245	1449	1620	1905.24	2299
Iteration: 246	1449	1612	1881.36	2219
Iteration: 247	1449	1678	1959.6	2314
Iteration: 248	1449	1612	1979.28	2477
Iteration: 249	1449	1656	1907.68	2402
Iteration: 250	1449	1678	1961.92	2373
Iteration: 251	1449	1561	1913	2381
Iteration: 252	1449	1696	1951.8	2653
Iteration: 253	1449	1539	1870.84	2188
Iteration: 254	1449	1612	1904.76	2164
Iteration: 255	1449	1641	1926.24	2206
Iteration: 256	1449	1633	1878.68	2396
Iteration: 257	1449	1652	1973.88	2252
Iteration: 258	1449	1568	1922.88	2374
Iteration: 259	1449	1569	1971.4	2591
Iteration: 260	1449	1659	1923.32	2244
Iteration: 261	1449	1638	1950.88	2418
Iteration: 262	1449	1663	1973.12	2797
Iteration: 263	1449	1749	1962.32	2471
Iteration: 264	1449	1617	1951.52	2380
Iteration: 265	1449	1768	2015.56	2426
Iteration: 266	1449	1595	1953.24	2379
Iteration: 267	1449	1612	1844.64	2112
Iteration: 268	1449	1623	1868.96	2328
Iteration: 269	1449	1641	2001.28	2477
Iteration: 270	1449	1640	1921.36	2512
Iteration: 271	1449	1598	1906.16	2209
Iteration: 272	1449	1609	2008.64	2390
Iteration: 273	1449	1663	1920.8	2407
Iteration: 274	1449	1666	1963.16	2382
Iteration: 275	1449	1576	1870.4	2785
Iteration: 276	1449	1494	1940.88	2444
Iteration: 277	1449	1654	1947.72	2500
Iteration: 278	1449	1691	1865.56	2098
Iteration: 279	1449	1635	1955.04	2277
Iteration: 280	1449	1612	1918.64	2457
Iteration: 281	1449	1641	1962.24	2632
Iteration: 282	1449	1566	1839.52	2422
Iteration: 283	1449	1639	1903.2	2276
Iteration: 284	1449	1671	1927.4	2536
Iteration: 285	1449	1696	1957.96	2323
Iteration: 286	1449	1638	1955.28	2528
Iteration: 287	1449	1580	1878.2	2328
Iteration: 288	1449	1595	2015.56	2547
Iteration: 289	1449	1666	1884.16	2324
Iteration: 290	1449	1618	1881.8	2215
Iteration: 291	1449	1568	1911.24	2255
Iteration: 292	1449	1628	1951.04	2569
Iteration: 293	1449	1647	1895.08	2283
Iteration: 294	1449	1610	1919.92	2221
Iteration: 295	1449	1675	1905.04	2289
Iteration: 296	1449	1549	1900.8	2444
Iteration: 297	1449	1636	1895.24	2314
Iteration: 298	1449	1693	1929.92	2418
Iteration: 299	1449	1581	1888.84	2279
Iteration: 300	1449	1520	1901.88	2329
Iteration: 301	1449	1527	1969.32	2400
Iteration: 302	1449	1548	1842.32	2159
Iteration: 303	1449	1605	1964.96	2572
Iteration: 304	1449	1665	1957.68	2502
Iteration: 305	1449	1648	1939.04	2263
Iteration: 306	1449	1578	1933.44	2472
Iteration: 307	1449	1590	1959.12	2266
Iteration: 308	1449	1647	1911.92	2242
Iteration: 309	1449	1649	1897.36	2299
Iteration: 310	1449	1654	1905.4	2377
Iteration: 311	1449	1588	1939.52	2667
Iteration: 312	1449	1543	1909.8	2374
Iteration: 313	1449	1619	1917.48	2742
Iteration: 314	1449	1637	1903.68	2424
Iteration: 315	1449	1634	1936.52	2332
Iteration: 316	1449	1651	1976.92	2380
Iteration: 317	1449	1633	1889.76	2262
Iteration: 318	1449	1642	2005.36	2451
Iteration: 319	1449	1582	1887.92	2191
Iteration: 320	1449	1654	1948.48	2580
Iteration: 321	1449	1678	1925.8	2684
Iteration: 322	1449	1526	1869.96	2267
Iteration: 323	1449	1619	1932.64	2464
Iteration: 324	1449	1622	1891.84	2421
Iteration: 325	1449	1661	1925.12	2306
Iteration: 326	1449	1731	1965.08	2398
Iteration: 327	1449	1623	1846.12	2179
Iteration: 328	1449	1685	1973.32	2416
Iteration: 329	1449	1542	1839.16	2091
Iteration: 330	1449	1567	1878.12	2482
Iteration: 331	1449	1653	1945.32	2669
Iteration: 332	1449	1572	1931.44	2290
Iteration: 333	1449	1503	2002.52	2594
Iteration: 334	1449	1482	1840.8	2305
Iteration: 335	1449	1621	1916.56	2273
Iteration: 336	1449	1607	1948.12	2396
Iteration: 337	1449	1558	1886.08	2315
Iteration: 338	1449	1662	1941.72	2779
Iteration: 339	1449	1655	1899.6	2159
Iteration: 340	1449	1527	1880.4	2191
Iteration: 341	1449	1729	1963.92	2471
Iteration: 342	1449	1550	1847.44	2266
Iteration: 343	1449	1577	1861.48	2189
Iteration: 344	1449	1642	1896.4	2174
Iteration: 345	1449	1654	1892.2	2215
Iteration: 346	1449	1581	1894.2	2107
Iteration: 347	1449	1631	1954.92	2465
Iteration: 348	1449	1548	1943.56	2432
Iteration: 349	1449	1591	1842.64	2195
Iteration: 350	1449	1666	1947.16	2516
Iteration: 351	1449	1611	1894.8	2160
Iteration: 352	1449	1597	1894.16	2342
Iteration: 353	1449	1603	1922.56	2186
Iteration: 354	1449	1621	1951.92	2607
Iteration: 355	1449	1646	1933.44	2427
Iteration: 356	1449	1714	1953.6	2286
Iteration: 357	1449	1584	1942.92	2437
Iteration: 358	1449	1690	1916.6	2372
Iteration: 359	1449	1640	1889.92	2245
Iteration: 360	1449	1566	1914.68	2303
Iteration: 361	1449	1695	1966.36	2495
Iteration: 362	1449	1667	1888.08	2558
Iteration: 363	1449	1593	1916.48	2437
Iteration: 364	1449	1640	1970.84	2438
Iteration: 365	1449	1658	1832.24	2235
Iteration: 366	1449	1641	1886.76	2314
Iteration: 367	1449	1647	1986.96	2560
Iteration: 368	1449	1660	2011.4	2585
Iteration: 369	1449	1499	1897.88	2371
Iteration: 370	1449	1612	1904.8	2283
Iteration: 371	1449	1657	1932.64	2402
Iteration: 372	1449	1604	1895.64	2340
Iteration: 373	1449	1572	1914	2267
Iteration: 374	1449	1573	1887.92	2382
Iteration: 375	1449	1592	1869.96	2161
Iteration: 376	1449	1608	1934.08	2468
Iteration: 377	1449	1600	1857.52	2332
Iteration: 378	1449	1567	1987.84	2505
Iteration: 379	1449	1633	1868.16	2176
Iteration: 380	1449	1577	1997.12	2445
Iteration: 381	1449	1677	1953.36	2242
Iteration: 382	1449	1611	1874.64	2434
Iteration: 383	1449	1636	1887.08	2274
Iteration: 384	1449	1639	1935.12	2299
Iteration: 385	1449	1711	1949.16	2294
Iteration: 386	1449	1570	1879.24	2360
Iteration: 387	1449	1573	1949	2485
Iteration: 388	1449	1576	1920	2477
Iteration: 389	1449	1717	1900.96	2154
Iteration: 390	1449	1637	1904.32	2254
Iteration: 391	1449	1663	1923.76	2284
Iteration: 392	1449	1610	1932.68	2340
Iteration: 393	1449	1631	1882.64	2347
Iteration: 394	1449	1661	1987.2	2449
Iteration: 395	1449	1544	1884.08	2259
Iteration: 396	1449	1618	2022.32	2590
Iteration: 397	1449	1644	1918.2	2338
Iteration: 398	1449	1587	1909.12	2265
Iteration: 399	1449	1693	1941.2	2389
Iteration: 400	1449	1653	1910.52	2307
Iteration: 401	1449	1590	1932.16	2445
Iteration: 402	1449	1607	1887.96	2212
Iteration: 403	1449	1614	1925.16	2506
Iteration: 404	1449	1546	1914.2	2274
Iteration: 405	1449	1628	1861.72	2391
Iteration: 406	1449	1671	1931.8	2281
Iteration: 407	1449	1660	1967.8	2507
Iteration: 408	1449	1675	1959.96	2143
Iteration: 409	1449	1667	1912.36	2380
Iteration: 410	1449	1701	1945.84	2504
Iteration: 411	1449	1587	1825.88	2297
Iteration: 412	1449	1575	1923.32	2385
Iteration: 413	1449	1681	1878.56	2316
Iteration: 414	1449	1562	1960.32	2420
Iteration: 415	1449	1668	1918.12	2429
Iteration: 416	1449	1610	1858.32	2341
Iteration: 417	1449	1691	1970.84	2655
Iteration: 418	1449	1616	1903.64	2163
Iteration: 419	1449	1685	1892.04	2203
Iteration: 420	1449	1625	1884.28	2189
Iteration: 421	1449	1589	1932.8	2352
Iteration: 422	1449	1560	1911.44	2349
Iteration: 423	1449	1617	1906.56	2365
Iteration: 424	1449	1622	1943.84	2406
Iteration: 425	1449	1583	1929.08	2308
Iteration: 426	1449	1598	1921.52	2285
Iteration: 427	1449	1519	1928.6	2319
Iteration: 428	1449	1627	1920.8	2318
Iteration: 429	1449	1646	1907.4	2306
Iteration: 430	1449	1587	1883.76	2667
Iteration: 431	1449	1698	1852.4	2133
Iteration: 432	1449	1658	1885.56	2171
Iteration: 433	1449	1608	1893.32	2297
Iteration: 434	1449	1523	1949.32	2356
Iteration: 435	1449	1574	1933.2	2414
Iteration: 436	1449	1561	1883.16	2525
Iteration: 437	1449	1679	1927.8	2358
Iteration: 438	1449	1657	1954.4	2510
Iteration: 439	1449	1646	1940.44	2305
Iteration: 440	1449	1635	1960.56	2453
Iteration: 441	1449	1641	1931.28	2496
Iteration: 442	1449	1659	1891.92	2333
Iteration: 443	1449	1626	1986.32	2389
Iteration: 444	1449	1649	1948.88	2443
Iteration: 445	1449	1587	1883.32	2360
Iteration: 446	1449	1735	1978.52	2430
Iteration: 447	1449	1637	1892.28	2322
Iteration: 448	1449	1641	1876.16	2100
Iteration: 449	1449	1653	1900.68	2229
Iteration: 450	1449	1603	1862.56	2250
Iteration: 451	1449	1624	1921.04	2251
Iteration: 452	1449	1471	1929.64	2448
Iteration: 453	1449	1633	1890.56	2274
Iteration: 454	1449	1632	1884.96	2286
Iteration: 455	1449	1675	1853.96	2160
Iteration: 456	1449	1592	1846.48	2256
Iteration: 457	1449	1647	1965.28	2286
Iteration: 458	1449	1584	1941.28	2445
Iteration: 459	1449	1679	1955.36	2383
Iteration: 460	1449	1701	1972.12	2535
Iteration: 461	1449	1588	1996.12	2504
Iteration: 462	1449	1591	1954.76	2359
Iteration: 463	1449	1669	1907.64	2434
Iteration: 464	1449	1599	1871.84	2292
Iteration: 465	1449	1545	1920.92	2461
Iteration: 466	1449	1559	1892.16	2282
Iteration: 467	1449	1686	1981.6	2576
Iteration: 468	1449	1631	1932.48	2415
Iteration: 469	1449	1597	1867.56	2460
Iteration: 470	1449	1638	1927.44	2522
Iteration: 471	1449	1601	1964.28	2446
Iteration: 472	1449	1695	1940.92	2475
Iteration: 473	1449	1606	1965.08	2347
Iteration: 474	1449	1592	1877.92	2515
Iteration: 475	1449	1489	1970.04	2358
Iteration: 476	1449	1642	1915.84	2280
Iteration: 477	1449	1628	1914.4	2494
Iteration: 478	1449	1580	1902.36	2879
Iteration: 479	1449	1635	1936.28	2594
Iteration: 480	1449	1643	1912.36	2629
Iteration: 481	1449	1616	1984.44	2646
Iteration: 482	1449	1594	1979.44	2520
Iteration: 483	1449	1700	1904.36	2150
Iteration: 484	1449	1521	1858.12	2450
Iteration: 485	1449	1710	2032.52	2964
Iteration: 486	1449	1573	1924.84	2281
Iteration: 487	1449	1616	1946.6	2634
Iteration: 488	1449	1643	1934.92	2288
Iteration: 489	1449	1622	1878.16	2258
Iteration: 490	1449	1657	1918.32	2259
Iteration: 491	1449	1647	1894.48	2204
Iteration: 492	1449	1682	2015.72	2504
Iteration: 493	1449	1631	1887.28	2516
Iteration: 494	1449	1691	2006.56	2452
Iteration: 495	1449	1609	1939.04	2456
Iteration: 496	1449	1558	1871.68	2276
Iteration: 497	1449	1633	1948.12	2379
Iteration: 498	1449	1578	1853.8	2200
Iteration: 499	1449	1684	1928.84	2501
