Iteration: 0	1568	1568	1944.76	2416
Iteration: 1	1568	1633	1847.44	2070
Iteration: 2	1508	1508	1890.44	2168
Iteration: 3	1508	1551	1873.24	2336
Iteration: 4	1508	1628	1876.16	2185
Iteration: 5	1508	1574	1869.76	2524
Iteration: 6	1508	1644	1928.52	2339
Iteration: 7	1508	1627	1852.96	2352
Iteration: 8	1508	1665	1921.76	2367
Iteration: 9	1508	1588	1929.6	2404
Iteration: 10	1508	1560	1906.76	2424
Iteration: 11	1508	1665	1880.12	2310
Iteration: 12	1508	1562	1915.48	2324
Iteration: 13	1508	1674	1971.56	2240
Iteration: 14	1508	1648	1866.08	2137
Iteration: 15	1508	1580	1884.84	2458
Iteration: 16	1508	1612	1891.68	2273
Iteration: 17	1508	1617	1876.56	2274
Iteration: 18	1506	1506	1934.76	2623
Iteration: 19	1506	1699	1941.12	2325
Iteration: 20	1506	1652	1877.4	2259
Iteration: 21	1506	1537	1885.12	2276
Iteration: 22	1506	1564	1878.6	2206
Iteration: 23	1506	1674	1922.96	2414
Iteration: 24	1506	1650	1866.68	2374
Iteration: 25	1506	1657	1905.64	2326
Iteration: 26	1506	1615	1873.84	2235
Iteration: 27	1506	1697	1924.28	2253
Iteration: 28	1506	1705	1897.96	2259
Iteration: 29	1506	1677	1970.52	2389
Iteration: 30	1506	1629	1898.28	2382
Iteration: 31	1506	1656	1896.72	2184
Iteration: 32	1506	1698	1896.92	2301
Iteration: 33	1506	1677	1889.6	2137
Iteration: 34	1506	1651	1899.48	2401
Iteration: 35	1506	1708	1878.4	2338
Iteration: 36	1506	1633	1885.44	2387
Iteration: 37	1506	1581	1984.36	2613
Iteration: 38	1506	1651	1948.6	2739
Iteration: 39	1506	1514	1875.28	2564
Iteration: 40	1506	1637	1985.88	2330
Iteration: 41	1506	1643	1920.8	2265
Iteration: 42	1506	1602	1892.88	2213
Iteration: 43	1506	1634	1880.2	2225
Iteration: 44	1506	1706	1938.08	2295
Iteration: 45	1506	1707	1921.8	2230
Iteration: 46	1506	1600	1876.16	2465
Iteration: 47	1506	1548	1946.68	2319
Iteration: 48	1506	1656	1902.48	2303
Iteration: 49	1506	1582	1906.28	2491
Iteration: 50	1506	1621	1872.92	2504
Iteration: 51	1506	1688	1922.8	2420
Iteration: 52	1506	1519	1898.96	2421
Iteration: 53	1506	1564	1889.44	2324
Iteration: 54	1506	1552	1894.2	2566
Iteration: 55	1506	1531	1922.6	2834
Iteration: 56	1506	1627	1914.88	2145
Iteration: 57	1498	1498	1853.04	2258
Iteration: 58	1498	1620	1947.4	2401
Iteration: 59	1498	1532	1868.88	2256
Iteration: 60	1498	1708	1942.76	2451
Iteration: 61	1498	1588	1868.12	2517
Iteration: 62	1498	1666	1879.84	2128
Iteration: 63	1498	1519	1926.76	2218
Iteration: 64	1498	1644	1869.48	2267
Iteration: 65	1498	1614	1916.44	2476
Iteration: 66	1498	1605	1909.68	2434
Iteration: 67	1498	1655	1898.56	2333
Iteration: 68	1498	1606	1862.32	2343
Iteration: 69	1498	1566	1926.6	2883
Iteration: 70	1498	1685	1944.28	2465
Iteration: 71	1498	1634	1923.8	2320
Iteration: 72	1498	1561	1941.04	2342
Iteration: 73	1498	1594	1856.92	2342
Iteration: 74	1498	1669	1918.52	2340
Iteration: 75	1498	1649	1925.32	2515
Iteration: 76	1498	1649	1915.84	2271
Iteration: 77	1498	1576	1932.6	2414
Iteration: 78	1498	1677	1909.32	2289
Iteration: 79	1498	1543	1893.08	2388
Iteration: 80	1498	1666	1943.16	2401
Iteration: 81	1498	1505	1887.64	2252
Iteration: 82	1498	1684	1959.92	2437
Iteration: 83	1498	1550	1891	2647
Iteration: 84	1498	1611	1849.84	2122
Iteration: 85	1498	1685	1975.2	2484
Iteration: 86	1498	1620	1872.32	2365
Iteration: 87	1498	1600	1934.96	2657
Iteration: 88	1498	1555	1892.28	2341
Iteration: 89	1498	1648	1929.28	2342
Iteration: 90	1498	1519	1906.84	2366
Iteration: 91	1498	1574	1859.2	2398
Iteration: 92	1498	1643	1922.92	2355
Iteration: 93	1498	1634	1848.52	2169
Iteration: 94	1498	1668	1898.64	2420
Iteration: 95	1498	1570	1856.56	2249
Iteration: 96	1498	1606	1960.52	2521
Iteration: 97	1498	1619	2023.72	2428
Iteration: 98	1498	1570	1928.4	2820
Iteration: 99	1498	1557	1935.84	2397
Iteration: 100	1498	1681	1942.68	2381
Iteration: 101	1498	1666	1951.48	2521
Iteration: 102	1498	1700	2019.92	2368
Iteration: 103	1498	1673	1947.56	2308
Iteration: 104	1498	1690	1899	2336
Iteration: 105	1498	1501	1974	2383
Iteration: 106	1498	1589	1935.52	2372
Iteration: 107	1498	1679	1923.2	2423
Iteration: 108	1498	1747	2008.8	2416
Iteration: 109	1498	1676	1933.36	2320
Iteration: 110	1498	1689	2008.8	2880
Iteration: 111	1498	1679	1926.52	2227
Iteration: 112	1498	1652	1955.68	2394
Iteration: 113	1498	1646	1879.44	2580
Iteration: 114	1498	1591	1975.04	2584
Iteration: 115	1498	1565	1935.72	2442
Iteration: 116	1498	1531	1910.36	2522
Iteration: 117	1498	1671	1900.16	2404
Iteration: 118	1498	1547	1942.64	2342
Iteration: 119	1498	1595	1880.68	2508
Iteration: 120	1498	1542	1893.68	2354
Iteration: 121	1498	1680	1902.04	2307
Iteration: 122	1498	1598	1871.76	2473
Iteration: 123	1498	1609	1888.56	2420
Iteration: 124	1498	1613	1941.92	2380
Iteration: 125	1498	1656	1924	2313
Iteration: 126	1498	1574	1895.44	2251
Iteration: 127	1498	1553	1930.72	2302
Iteration: 128	1498	1624	1881.64	2377
Iteration: 129	1498	1671	1927.24	2430
Iteration: 130	1498	1587	1881.64	2233
Iteration: 131	1498	1614	1936.28	2437
Iteration: 132	1498	1502	1904.92	2363
Iteration: 133	1498	1675	1933.84	2226
Iteration: 134	1498	1660	1903.36	2288
Iteration: 135	1498	1700	1972.36	2416
Iteration: 136	1498	1596	1926.68	2236
Iteration: 137	1498	1504	1930.36	2307
Iteration: 138	1498	1608	1963.2	2339
Iteration: 139	1498	1642	1886.48	2158
Iteration: 140	1498	1624	1944.44	2373
Iteration: 141	1498	1626	1910.32	2327
Iteration: 142	1498	1602	1913.32	2433
Iteration: 143	1498	1594	1870.32	2463
Iteration: 144	1498	1674	1957.56	2341
Iteration: 145	1498	1603	1877.84	2199
Iteration: 146	1498	1631	1920.96	2608
Iteration: 147	1498	1613	1961.68	2320
Iteration: 148	1498	1710	1970.48	2424
Iteration: 149	1498	1671	1931.36	2402
Iteration: 150	1498	1680	1940.12	2228
Iteration: 151	1498	1625	1952.4	2550
Iteration: 152	1498	1643	1949.64	2541
Iteration: 153	1498	1573	1888.84	2703
Iteration: 154	1498	1625	1906.32	2422
Iteration: 155	1498	1731	2013.6	2416
Iteration: 156	1498	1675	1965.08	2267
Iteration: 157	1498	1655	1911.24	2171
Iteration: 158	1498	1639	1838.08	2187
Iteration: 159	1498	1667	1924.72	2369
Iteration: 160	1498	1623	1931.48	2499
Iteration: 161	1498	1541	1880.04	2214
Iteration: 162	1498	1553	1922.6	2331
Iteration: 163	1498	1667	1894.88	2197
Iteration: 164	1498	1605	1880.04	2304
Iteration: 165	1498	1677	1912.76	2346
Iteration: 166	1498	1649	1964.96	2606
Iteration: 167	1498	1649	1979.2	2416
Iteration: 168	1498	1688	1967.68	2307
Iteration: 169	1498	1579	1875.24	2385
Iteration: 170	1498	1727	1992.92	2422
Iteration: 171	1498	1695	1895.84	2191
Iteration: 172	1498	1521	1935.24	2323
Iteration: 173	1498	1715	1939.84	2299
Iteration: 174	1498	1690	1943.44	2357
Iteration: 175	1498	1570	1910.64	2350
Iteration: 176	1475	1475	1876.64	2239
Iteration: 177	1475	1587	1905.52	2229
Iteration: 178	1475	1640	1901.44	2380
Iteration: 179	1475	1644	1945.64	2477
Iteration: 180	1475	1630	1972.2	3059
Iteration: 181	1475	1629	1962.08	2564
Iteration: 182	1475	1610	1853.64	2143
Iteration: 183	1475	1637	1985.28	2462
Iteration: 184	1475	1654	1902.76	2166
Iteration: 185	1475	1643	1941.48	2511
Iteration: 186	1475	1582	1920.76	2629
Iteration: 187	1475	1651	1847.8	2425
Iteration: 188	1475	1514	1864.48	2368
Iteration: 189	1475	1563	1892.48	2267
Iteration: 190	1475	1633	1932.6	2439
Iteration: 191	1475	1659	1974.04	2574
Iteration: 192	1475	1685	1963.48	2749
Iteration: 193	1475	1601	1903.4	2500
Iteration: 194	1475	1590	1886.04	2311
Iteration: 195	1475	1612	1949.48	2479
Iteration: 196	1475	1567	1967.76	2905
Iteration: 197	1475	1645	1934.36	2440
Iteration: 198	1475	1668	1987.44	2482
Iteration: 199	1475	1483	1892.68	2398
Iteration: 200	1475	1732	1959.88	2295
Iteration: 201	1475	1721	1924.44	2418
Iteration: 202	1475	1694	1897.52	2276
Iteration: 203	1475	1574	1952.48	2709
Iteration: 204	1475	1603	1900.08	2456
Iteration: 205	1475	1569	1914.16	2624
Iteration: 206	1475	1610	1928.2	2233
Iteration: 207	1475	1599	1858.72	2389
Iteration: 208	1475	1754	1953	2214
Iteration: 209	1475	1611	1878	2502
Iteration: 210	1475	1757	2011.24	2477
Iteration: 211	1475	1686	1924.4	2315
Iteration: 212	1475	1683	2032.56	2580
Iteration: 213	1475	1633	1965.32	2342
Iteration: 214	1475	1652	1919.36	2208
Iteration: 215	1475	1647	1942.72	2685
Iteration: 216	1475	1615	1877.36	2049
Iteration: 217	1475	1530	1920	2277
Iteration: 218	1475	1607	1934.8	2432
Iteration: 219	1475	1620	1859.76	2141
Iteration: 220	1475	1677	1972.64	2618
Iteration: 221	1475	1540	1943	2361
Iteration: 222	1475	1728	1883.16	2404
Iteration: 223	1475	1548	1918.92	2447
Iteration: 224	1475	1623	1945.96	2312
Iteration: 225	1475	1628	1965	2450
Iteration: 226	1475	1644	1931.84	2366
Iteration: 227	1475	1629	1943.28	2517
Iteration: 228	1475	1664	1982.6	2603
Iteration: 229	1475	1662	1902.88	2293
Iteration: 230	1475	1600	1917.96	2425
Iteration: 231	1475	1632	1983.56	2286
Iteration: 232	1475	1648	1949.16	2422
Iteration: 233	1475	1627	1942.64	2521
Iteration: 234	1475	1628	1994.04	2355
Iteration: 235	1475	1638	1897.2	2311
Iteration: 236	1475	1647	1969.52	2415
Iteration: 237	1475	1581	1878.72	2213
Iteration: 238	1475	1531	1923.52	2352
Iteration: 239	1475	1624	1902.36	2170
Iteration: 240	1475	1537	1896.48	2294
Iteration: 241	1475	1637	1935.76	2513
Iteration: 242	1475	1632	1982.36	2500
Iteration: 243	1475	1681	1983.4	2620
Iteration: 244	1475	1536	1869.16	2210
Iteration: 245	1475	1696	1931.08	2459
Iteration: 246	1475	1528	1934.12	2490
Iteration: 247	1475	1583	1859.28	2149
Iteration: 248	1475	1543	1914.6	2380
Iteration: 249	1475	1584	1916.68	2413
Iteration: 250	1475	1680	1918.72	2238
Iteration: 251	1475	1558	1951.2	2300
Iteration: 252	1475	1535	1963.04	2388
Iteration: 253	1475	1605	1825.64	2032
Iteration: 254	1475	1609	1955.84	2297
Iteration: 255	1475	1612	1884.52	2306
Iteration: 256	1475	1640	1875.52	2277
Iteration: 257	1475	1559	1951.2	2458
Iteration: 258	1475	1606	1932.64	2365
Iteration: 259	1475	1608	1949.2	2482
Iteration: 260	1475	1668	1966.96	2574
Iteration: 261	1475	1659	1932.6	2344
Iteration: 262	1475	1687	1954.44	2621
Iteration: 263	1475	1670	1980.32	2339
Iteration: 264	1475	1672	2006.44	2534
Iteration: 265	1475	1662	1827.12	2172
Iteration: 266	1475	1659	1874.08	2166
Iteration: 267	1475	1682	1944.56	2911
Iteration: 268	1475	1650	1894.6	2253
Iteration: 269	1475	1662	1977.4	2470
Iteration: 270	1475	1646	1880.56	2407
Iteration: 271	1475	1591	1876.56	2173
Iteration: 272	1475	1640	1968.8	2443
Iteration: 273	1475	1639	1978.52	2548
Iteration: 274	1475	1614	1917.68	2372
Iteration: 275	1475	1621	1934.64	2284
Iteration: 276	1475	1649	1954.72	2389
Iteration: 277	1475	1569	1939.8	2626
Iteration: 278	1475	1582	1921.16	2543
Iteration: 279	1475	1612	1926.24	2199
Iteration: 280	1475	1652	1955.88	2504
Iteration: 281	1475	1605	1934.12	2530
Iteration: 282	1475	1494	1878.88	2580
Iteration: 283	1475	1634	1912.84	2749
Iteration: 284	1475	1668	1974.16	2377
Iteration: 285	1475	1626	1924.92	2354
Iteration: 286	1475	1651	1940.12	2318
Iteration: 287	1475	1572	1910.96	2302
Iteration: 288	1475	1555	1875.96	2309
Iteration: 289	1475	1725	2028.32	3115
Iteration: 290	1475	1633	1938.36	2441
Iteration: 291	1458	1458	1920.8	2329
Iteration: 292	1458	1700	1918.84	2359
Iteration: 293	1458	1647	1979.04	2476
Iteration: 294	1458	1661	1902	2350
Iteration: 295	1458	1651	1888.12	2288
Iteration: 296	1458	1637	1856.08	2149
Iteration: 297	1458	1733	1972.4	2213
Iteration: 298	1458	1561	1857.56	2302
Iteration: 299	1458	1636	1928.28	2449
Iteration: 300	1458	1532	1886.2	2453
Iteration: 301	1458	1528	1919.52	2522
Iteration: 302	1458	1645	1909	2261
Iteration: 303	1458	1604	1894.8	2429
Iteration: 304	1458	1661	1891.04	2447
Iteration: 305	1458	1524	1823.68	2259
Iteration: 306	1458	1659	1920.12	2268
Iteration: 307	1458	1597	1907.12	2393
Iteration: 308	1458	1534	1937.92	2420
Iteration: 309	1458	1608	1917.2	2287
Iteration: 310	1458	1703	1915.44	2275
Iteration: 311	1458	1623	1921.68	2396
Iteration: 312	1458	1657	1930.88	2319
Iteration: 313	1458	1584	1987.48	2636
Iteration: 314	1458	1652	1928.24	2602
Iteration: 315	1458	1606	1974.8	2708
Iteration: 316	1458	1594	1861.16	2187
Iteration: 317	1458	1548	1867.68	2272
Iteration: 318	1458	1667	1880.92	2315
Iteration: 319	1458	1613	1898	2242
Iteration: 320	1458	1614	1945.96	2362
Iteration: 321	1458	1680	1997.56	2408
Iteration: 322	1458	1628	1952.12	2347
Iteration: 323	1458	1645	1900.4	2610
Iteration: 324	1458	1629	1991.72	2593
Iteration: 325	1458	1650	1882.72	2302
Iteration: 326	1458	1604	1931.48	2540
Iteration: 327	1458	1701	1901.16	2187
Iteration: 328	1458	1622	1889.4	2332
Iteration: 329	1458	1608	1956.64	2618
Iteration: 330	1458	1693	1871.04	2217
Iteration: 331	1458	1676	1942.08	2390
Iteration: 332	1458	1645	1980.12	2397
Iteration: 333	1458	1569	1911.92	2533
Iteration: 334	1458	1531	1876.48	2080
Iteration: 335	1458	1647	1892.44	2176
Iteration: 336	1458	1595	1888.52	2277
Iteration: 337	1458	1670	1899.68	2243
Iteration: 338	1458	1609	1934.44	2328
Iteration: 339	1458	1668	1969.8	2423
Iteration: 340	1458	1692	1982.4	2272
Iteration: 341	1458	1647	1935.12	2545
Iteration: 342	1458	1666	1946	2482
Iteration: 343	1458	1562	1938.08	2407
Iteration: 344	1458	1686	1901.52	2129
Iteration: 345	1458	1610	1920.08	2215
Iteration: 346	1458	1653	1937.16	2462
Iteration: 347	1458	1702	1885	2365
Iteration: 348	1458	1642	1952.8	2918
Iteration: 349	1458	1634	1961.96	2269
Iteration: 350	1458	1639	1941.08	2498
Iteration: 351	1458	1630	1925.08	2332
Iteration: 352	1458	1717	1933	2266
Iteration: 353	1458	1560	1889.52	2340
Iteration: 354	1458	1685	1884.08	2256
Iteration: 355	1458	1625	1907.12	2290
Iteration: 356	1458	1607	1860.24	2246
Iteration: 357	1458	1594	1978.68	2566
Iteration: 358	1458	1574	1992.52	2451
Iteration: 359	1458	1627	1940.88	2377
Iteration: 360	1458	1595	1920.32	2298
Iteration: 361	1458	1603	1930.32	2465
Iteration: 362	1458	1570	1896.64	2356
Iteration: 363	1458	1618	1915.28	2358
Iteration: 364	1458	1578	1868.76	2172
Iteration: 365	1458	1591	1900.36	2526
Iteration: 366	1458	1588	1879.44	2759
Iteration: 367	1458	1684	1900.04	2164
Iteration: 368	1458	1568	1909.16	2355
Iteration: 369	1458	1552	1948.88	2403
Iteration: 370	1458	1628	1899.2	2279
Iteration: 371	1458	1690	1931.28	2268
Iteration: 372	1458	1622	1947.36	2459
Iteration: 373	1458	1687	1859.4	2040
Iteration: 374	1458	1664	1935.8	2235
Iteration: 375	1458	1714	1938.56	2346
Iteration: 376	1458	1577	1866.44	2277
Iteration: 377	1458	1606	1923.16	2456
Iteration: 378	1458	1657	2044.64	2431
Iteration: 379	1458	1647	1903	2278
Iteration: 380	1458	1683	1920	2315
Iteration: 381	1458	1616	1902.04	2486
Iteration: 382	1458	1599	1906.28	2607
Iteration: 383	1458	1577	1958.12	2585
Iteration: 384	1458	1662	1934.36	2272
Iteration: 385	1458	1704	1971.32	2644
Iteration: 386	1458	1702	1989.36	2617
Iteration: 387	1458	1553	1922.68	2398
Iteration: 388	1458	1562	1882.96	2339
Iteration: 389	1458	1584	1886.04	2321
Iteration: 390	1458	1640	1896.28	2443
Iteration: 391	1458	1692	1937.6	2369
Iteration: 392	1458	1737	1950.6	2759
Iteration: 393	1458	1623	1923.24	2310
Iteration: 394	1458	1678	1933.2	2292
Iteration: 395	1458	1628	1915.4	2301
Iteration: 396	1458	1561	1969.16	2535
Iteration: 397	1458	1652	1899.6	2117
Iteration: 398	1458	1579	1950.76	2392
Iteration: 399	1458	1662	2008	2328
Iteration: 400	1458	1718	1974.56	2466
Iteration: 401	1458	1610	2000.88	2562
Iteration: 402	1458	1621	1897.36	2424
Iteration: 403	1458	1673	1915.28	2251
Iteration: 404	1458	1592	1861.24	2270
Iteration: 405	1458	1697	1921.8	2205
Iteration: 406	1458	1475	1964.68	2416
Iteration: 407	1458	1654	1921.36	2239
Iteration: 408	1458	1718	1966.32	2699
Iteration: 409	1458	1692	1984	2507
Iteration: 410	1458	1584	1949.2	2601
Iteration: 411	1458	1626	1952.16	2332
Iteration: 412	1458	1631	1972.68	2254
Iteration: 413	1458	1678	1956.72	2574
Iteration: 414	1458	1666	1903.2	2305
Iteration: 415	1458	1588	1885.88	2334
Iteration: 416	1458	1512	1914.64	2497
Iteration: 417	1458	1589	1922.24	2259
Iteration: 418	1458	1637	1936.6	2399
Iteration: 419	1458	1683	1889.92	2271
Iteration: 420	1458	1692	1980.16	2353
Iteration: 421	1458	1526	1942.12	2425
Iteration: 422	1458	1722	1996	2392
Iteration: 423	1458	1590	1961.32	2359
Iteration: 424	1458	1648	1935.12	2375
Iteration: 425	1458	1594	1919.84	2516
Iteration: 426	1458	1668	1944.68	2555
Iteration: 427	1458	1637	1904.6	2388
Iteration: 428	1458	1546	1924.08	2337
Iteration: 429	1458	1583	1871.44	2199
Iteration: 430	1458	1683	1900.64	2337
Iteration: 431	1458	1629	1903	2551
Iteration: 432	1458	1528	1891.44	2409
Iteration: 433	1458	1635	1972.44	2487
Iteration: 434	1458	1594	1844.12	2247
Iteration: 435	1458	1628	1905.84	2371
Iteration: 436	1458	1608	1922.96	2778
Iteration: 437	1458	1648	1917.8	2305
Iteration: 438	1458	1756	1997.04	2372
Iteration: 439	1458	1601	1951.6	2387
Iteration: 440	1458	1633	1892.72	2308
Iteration: 441	1458	1713	1940.76	2261
Iteration: 442	1458	1615	1916.28	2370
Iteration: 443	1458	1614	1880.96	2267
Iteration: 444	1458	1715	1925.76	2273
Iteration: 445	1458	1598	1880.6	2208
Iteration: 446	1458	1565	1910.04	2362
Iteration: 447	1458	1624	1949.68	2490
Iteration: 448	1458	1631	1931.88	2336
Iteration: 449	1458	1626	1838.28	2376
Iteration: 450	1458	1591	1804.88	2126
Iteration: 451	1458	1628	1905.28	2303
Iteration: 452	1458	1643	1939.8	2361
Iteration: 453	1458	1589	1876.88	2410
Iteration: 454	1458	1513	1971.52	2503
Iteration: 455	1458	1633	1941.88	2357
Iteration: 456	1458	1591	1920.32	2326
Iteration: 457	1458	1564	1930.08	2277
Iteration: 458	1458	1671	1891.12	2185
Iteration: 459	1458	1566	1907.2	2221
Iteration: 460	1458	1628	1950.32	2607
Iteration: 461	1458	1609	1895.08	2482
Iteration: 462	1458	1631	1971.76	2421
Iteration: 463	1458	1671	1920.56	2483
Iteration: 464	1458	1668	1980.28	2526
Iteration: 465	1458	1551	1899.12	2231
Iteration: 466	1458	1652	1955.8	2386
Iteration: 467	1458	1566	1885	2350
Iteration: 468	1458	1665	1979.84	2705
Iteration: 469	1458	1609	1950.6	2326
Iteration: 470	1458	1566	1870.76	2254
Iteration: 471	1458	1590	1936.6	2677
Iteration: 472	1458	1600	1900.4	2295
Iteration: 473	1458	1577	1946.68	2508
Iteration: 474	1458	1649	1922.32	2186
Iteration: 475	1458	1674	1967.56	2609
Iteration: 476	1458	1591	1931.76	2423
Iteration: 477	1458	1640	1917.56	2383
Iteration: 478	1458	1673	1917.44	2326
Iteration: 479	1458	1727	2070.96	3121
Iteration: 480	1458	1558	1928.32	2421
Iteration: 481	1458	1641	1907.32	2585
Iteration: 482	1458	1614	1940.56	2541
Iteration: 483	1458	1650	1937.76	2446
Iteration: 484	1458	1628	1915.12	2305
Iteration: 485	1458	1643	1924.92	2470
Iteration: 486	1458	1609	1920.52	2349
Iteration: 487	1458	1634	1937.16	2537
Iteration: 488	1458	1525	1894.16	2327
Iteration: 489	1458	1610	1888.4	2402
Iteration: 490	1458	1533	1868.24	2253
Iteration: 491	1458	1684	1950.52	2342
Iteration: 492	1458	1468	1895.72	2604
Iteration: 493	1458	1655	1889.12	2365
Iteration: 494	1458	1574	1825.56	2144
Iteration: 495	1458	1592	1888.04	2147
Iteration: 496	1458	1730	1967.04	2434
Iteration: 497	1458	1525	1836.36	2201
Iteration: 498	1458	1497	1954.88	2295
Iteration: 499	1458	1601	1911.76	2462
