Iteration: 0	1640	1640	1912.96	2320
Iteration: 1	1603	1603	1919	2264
Iteration: 2	1564	1564	1921.52	2462
Iteration: 3	1564	1595	1896.56	2164
Iteration: 4	1564	1567	1899.88	2552
Iteration: 5	1564	1574	1925.76	2250
Iteration: 6	1513	1513	1837.92	2321
Iteration: 7	1513	1626	1865.28	2141
Iteration: 8	1513	1539	1963.16	2628
Iteration: 9	1513	1657	1927.96	2375
Iteration: 10	1513	1651	1957.64	2327
Iteration: 11	1513	1577	1851.68	2098
Iteration: 12	1513	1663	1899.76	2233
Iteration: 13	1513	1554	1891.48	2406
Iteration: 14	1513	1591	1929	2293
Iteration: 15	1513	1692	1898.88	2171
Iteration: 16	1513	1630	1897.84	2112
Iteration: 17	1513	1652	1931.4	2260
Iteration: 18	1513	1639	1992.04	2509
Iteration: 19	1513	1608	1932.64	2531
Iteration: 20	1513	1615	1869.32	2538
Iteration: 21	1513	1593	1901.36	2279
Iteration: 22	1513	1680	1940.84	2338
Iteration: 23	1513	1651	1940.64	2526
Iteration: 24	1513	1671	1911.96	2342
Iteration: 25	1513	1651	1919.08	2410
Iteration: 26	1513	1668	1916.52	2406
Iteration: 27	1513	1565	1907.92	2401
Iteration: 28	1513	1646	1926.04	2413
Iteration: 29	1513	1606	1867.24	2186
Iteration: 30	1513	1574	1914.36	2354
Iteration: 31	1513	1625	1927.04	2415
Iteration: 32	1513	1603	1933.16	2205
Iteration: 33	1513	1599	1882.68	2321
Iteration: 34	1513	1559	1867.2	2293
Iteration: 35	1513	1659	1860	2173
Iteration: 36	1513	1571	1918.16	2529
Iteration: 37	1513	1697	1919.84	2402
Iteration: 38	1513	1555	1907.56	2361
Iteration: 39	1513	1592	1893.72	2270
Iteration: 40	1513	1582	1936.6	2504
Iteration: 41	1513	1627	1908.24	2316
Iteration: 42	1513	1578	1858.08	2332
Iteration: 43	1513	1617	1865.08	2232
Iteration: 44	1513	1654	1899.8	2352
Iteration: 45	1513	1697	1935.72	2503
Iteration: 46	1513	1626	1909.96	2615
Iteration: 47	1513	1641	1870	2250
Iteration: 48	1513	1626	1921	2303
Iteration: 49	1513	1587	1867.2	2177
Iteration: 50	1513	1609	1918.36	2355
Iteration: 51	1513	1567	1916.6	2348
Iteration: 52	1513	1583	1938.4	2481
Iteration: 53	1513	1553	1886.52	2320
Iteration: 54	1513	1558	1885.32	2165
Iteration: 55	1513	1649	1937	2685
Iteration: 56	1513	1629	1900.08	2276
Iteration: 57	1513	1605	1908.92	2220
Iteration: 58	1513	1603	1933.6	2304
Iteration: 59	1513	1672	1939.92	2389
Iteration: 60	1513	1568	1892.68	2247
Iteration: 61	1513	1613	1868.84	2351
Iteration: 62	1513	1599	1933.72	2472
Iteration: 63	1513	1630	1943.24	2508
Iteration: 64	1513	1540	1888.88	2224
Iteration: 65	1513	1743	1944.24	2425
Iteration: 66	1513	1570	1823.4	2101
Iteration: 67	1513	1552	1880.92	2266
Iteration: 68	1513	1533	1860.8	2109
Iteration: 69	1513	1603	1854.56	2424
Iteration: 70	1513	1715	1999.72	2486
Iteration: 71	1513	1597	1918.12	2656
Iteration: 72	1513	1642	1926.76	2392
Iteration: 73	1513	1665	1929.84	2281
Iteration: 74	1513	1542	1854.6	2233
Iteration: 75	1513	1639	1974.28	2318
Iteration: 76	1513	1546	1865.52	2295
Iteration: 77	1513	1594	1861.48	2259
Iteration: 78	1513	1571	1876.6	2382
Iteration: 79	1513	1644	1878.64	2127
Iteration: 80	1513	1614	1891.72	2490
Iteration: 81	1513	1554	1924.24	2479
Iteration: 82	1513	1629	1894.52	2272
Iteration: 83	1513	1584	1872	2399
Iteration: 84	1513	1636	1905	2261
Iteration: 85	1513	1728	1983	2688
Iteration: 86	1513	1699	1942.72	2346
Iteration: 87	1513	1684	1954.64	2215
Iteration: 88	1513	1698	1942.44	2196
Iteration: 89	1513	1662	1919.16	2335
Iteration: 90	1513	1645	1899.48	2193
Iteration: 91	1513	1697	1952.92	2418
Iteration: 92	1513	1561	1854.12	2178
Iteration: 93	1513	1633	1915.44	2276
Iteration: 94	1513	1618	1911.2	2442
Iteration: 95	1513	1625	1866.4	2337
Iteration: 96	1513	1631	1894.24	2276
Iteration: 97	1513	1675	1953.92	2222
Iteration: 98	1513	1722	1941.76	2337
Iteration: 99	1513	1664	1887.92	2254
Iteration: 100	1513	1674	1925.6	2232
Iteration: 101	1513	1656	1969.56	2477
Iteration: 102	1513	1640	1884.04	2507
Iteration: 103	1513	1637	1921.8	2482
Iteration: 104	1513	1668	1945	2336
Iteration: 105	1513	1680	1922.2	2494
Iteration: 106	1513	1609	1912.36	2421
Iteration: 107	1513	1549	1853.56	2227
Iteration: 108	1513	1568	1897.72	2304
Iteration: 109	1513	1538	1882.72	2296
Iteration: 110	1513	1656	1902.8	2344
Iteration: 111	1513	1594	1923.92	2321
Iteration: 112	1513	1621	1965.08	2409
Iteration: 113	1513	1619	1948.88	2485
Iteration: 114	1513	1601	1949.76	2368
Iteration: 115	1513	1576	1873.88	2511
Iteration: 116	1513	1675	1885.2	2230
Iteration: 117	1513	1666	1943	2287
Iteration: 118	1513	1639	1970.2	2369
Iteration: 119	1513	1713	1937.64	2326
Iteration: 120	1513	1621	1954.4	2490
Iteration: 121	1513	1588	1949.64	2400
Iteration: 122	1513	1615	1941	2398
Iteration: 123	1513	1652	1878.68	2253
Iteration: 124	1513	1617	1858.36	2166
Iteration: 125	1513	1554	1857.64	2149
Iteration: 126	1513	1732	1874.72	2286
Iteration: 127	1513	1678	1974.84	2697
Iteration: 128	1513	1581	1874.88	2445
Iteration: 129	1513	1619	1907.12	2348
Iteration: 130	1513	1626	1898.64	2361
Iteration: 131	1513	1633	1990.12	2337
Iteration: 132	1513	1647	1948.56	2394
Iteration: 133	1513	1644	1844.76	2144
Iteration: 134	1513	1668	1929.96	2375
Iteration: 135	1513	1665	1940.76	2400
Iteration: 136	1513	1560	1919.2	2334
Iteration: 137	1513	1524	1912.64	2378
Iteration: 138	1500	1500	1923.96	2262
Iteration: 139	1500	1632	1911.44	2200
Iteration: 140	1500	1670	1956.24	2316
Iteration: 141	1500	1627	1928.44	2370
Iteration: 142	1500	1643	1937.04	2315
Iteration: 143	1500	1624	1929.36	2509
Iteration: 144	1500	1583	1906.84	2253
Iteration: 145	1500	1625	1932.28	2316
Iteration: 146	1500	1691	1914.84	2425
Iteration: 147	1500	1694	1983.84	2418
Iteration: 148	1500	1526	1925.52	2426
Iteration: 149	1500	1688	1937.52	2593
Iteration: 150	1500	1715	1914.48	2230
Iteration: 151	1500	1610	1964.28	2491
Iteration: 152	1500	1605	1918.48	2333
Iteration: 153	1500	1647	1863.24	2148
Iteration: 154	1500	1655	1908.12	2229
Iteration: 155	1500	1568	1907	2453
Iteration: 156	1500	1639	1931.76	2334
Iteration: 157	1500	1683	1913.68	2279
Iteration: 158	1500	1651	1986.52	2386
Iteration: 159	1500	1599	1822.72	2243
Iteration: 160	1500	1650	1920.24	2387
Iteration: 161	1500	1614	1949.08	2568
Iteration: 162	1500	1653	1910.08	2307
Iteration: 163	1500	1540	1939.16	2374
Iteration: 164	1500	1692	1928.76	2260
Iteration: 165	1500	1520	1888.16	2442
Iteration: 166	1500	1588	1874.92	2205
Iteration: 167	1500	1608	1909.8	2551
Iteration: 168	1500	1661	1873.72	2180
Iteration: 169	1500	1598	1939.36	2552
Iteration: 170	1500	1671	1931.28	2248
Iteration: 171	1500	1576	2019.44	2735
Iteration: 172	1500	1631	1867.16	2334
Iteration: 173	1500	1634	1921.76	2279
Iteration: 174	1500	1617	1919.84	2363
Iteration: 175	1500	1634	1939.08	2295
Iteration: 176	1500	1602	1909.32	2221
Iteration: 177	1500	1670	1928.96	2307
Iteration: 178	1500	1658	1925.2	2572
Iteration: 179	1500	1716	1909.24	2239
Iteration: 180	1500	1641	1922.8	2497
Iteration: 181	1500	1709	1930.92	2442
Iteration: 182	1500	1575	1897.24	2540
Iteration: 183	1500	1603	1893.36	2274
Iteration: 184	1500	1578	1933.32	2414
Iteration: 185	1500	1593	1962.96	2613
Iteration: 186	1500	1671	1895.2	2234
Iteration: 187	1500	1680	1916.2	2183
Iteration: 188	1500	1576	1937.28	2513
Iteration: 189	1500	1573	1890.92	2341
Iteration: 190	1500	1660	1954.24	2609
Iteration: 191	1500	1695	1969.12	2579
Iteration: 192	1500	1655	1935.64	2304
Iteration: 193	1500	1618	1920.84	2191
Iteration: 194	1500	1686	2000.6	2272
Iteration: 195	1500	1631	1926.12	2395
Iteration: 196	1500	1635	1946.52	2324
Iteration: 197	1500	1732	1974.12	2314
Iteration: 198	1500	1636	1873.44	2360
Iteration: 199	1500	1688	1859.44	2090
Iteration: 200	1500	1656	1909.16	2277
Iteration: 201	1500	1732	1953.84	2254
Iteration: 202	1500	1541	1909.04	2328
Iteration: 203	1500	1697	1943.72	2511
Iteration: 204	1500	1517	1842.6	2235
Iteration: 205	1500	1639	1924.4	2188
Iteration: 206	1500	1736	1958.72	2411
Iteration: 207	1500	1662	1975.44	2331
Iteration: 208	1500	1665	1926.72	2323
Iteration: 209	1500	1686	2012.6	2519
Iteration: 210	1500	1617	1972.12	2351
Iteration: 211	1500	1594	1938.96	2518
Iteration: 212	1500	1574	1962.04	2323
Iteration: 213	1500	1554	1953.84	2425
Iteration: 214	1500	1660	1906.08	2238
Iteration: 215	1500	1554	1880.24	2656
Iteration: 216	1500	1581	1949.8	2506
Iteration: 217	1500	1628	1894.48	2269
Iteration: 218	1500	1608	1950.56	2389
Iteration: 219	1500	1707	1947.08	2253
Iteration: 220	1500	1613	1868.56	2338
Iteration: 221	1500	1620	1959.88	2287
Iteration: 222	1500	1545	1845.64	2197
Iteration: 223	1500	1763	1991.76	2363
Iteration: 224	1500	1671	1973.68	2442
Iteration: 225	1500	1661	1943.76	2177
Iteration: 226	1500	1655	1973.32	2599
Iteration: 227	1500	1628	1997.6	2447
Iteration: 228	1500	1619	1900.36	2368
Iteration: 229	1500	1645	1925.92	2446
Iteration: 230	1500	1659	1900.28	2360
Iteration: 231	1500	1542	1858.92	2236
Iteration: 232	1500	1723	2028.56	2364
Iteration: 233	1500	1635	1882.4	2272
Iteration: 234	1500	1547	1951.64	2378
Iteration: 235	1500	1678	1989.44	2308
Iteration: 236	1500	1554	1888.64	2156
Iteration: 237	1500	1700	1877.28	2171
Iteration: 238	1500	1536	1949.12	2294
Iteration: 239	1500	1588	1880.68	2267
Iteration: 240	1500	1702	1977.68	2353
Iteration: 241	1500	1612	1874	2164
Iteration: 242	1500	1659	1928.92	2626
Iteration: 243	1500	1727	1960	2243
Iteration: 244	1500	1591	1907	2492
Iteration: 245	1500	1516	1900.56	2383
Iteration: 246	1500	1551	1861.92	2458
Iteration: 247	1500	1685	1975.4	2440
Iteration: 248	1500	1558	1909.52	2339
Iteration: 249	1500	1644	1951.68	2667
Iteration: 250	1500	1602	1829.36	2128
Iteration: 251	1500	1555	1970.28	2308
Iteration: 252	1500	1666	2004.64	2584
Iteration: 253	1500	1594	1934.72	2529
Iteration: 254	1500	1596	1925.72	2544
Iteration: 255	1500	1591	1911.68	2310
Iteration: 256	1500	1602	1879.36	2353
Iteration: 257	1500	1608	1892.6	2636
Iteration: 258	1500	1618	1876.08	2417
Iteration: 259	1500	1560	1923.72	2547
Iteration: 260	1500	1615	1952.4	2325
Iteration: 261	1500	1609	1901.2	2472
Iteration: 262	1500	1675	1883.08	2333
Iteration: 263	1500	1683	1976.96	2560
Iteration: 264	1500	1624	1988	2530
Iteration: 265	1500	1626	1894.6	2215
Iteration: 266	1500	1586	1850.8	2476
Iteration: 267	1500	1633	1852	2014
Iteration: 268	1500	1672	1943.08	2308
Iteration: 269	1500	1793	1999.68	2352
Iteration: 270	1500	1597	1881.32	2275
Iteration: 271	1500	1600	1946.08	2483
Iteration: 272	1500	1610	1889.44	2347
Iteration: 273	1500	1503	1941.12	2464
Iteration: 274	1500	1688	1976.72	2308
Iteration: 275	1500	1649	2017.48	2529
Iteration: 276	1500	1682	2015.92	2618
Iteration: 277	1500	1603	1954.52	2589
Iteration: 278	1500	1632	1965.4	2749
Iteration: 279	1500	1636	1889.64	2225
Iteration: 280	1500	1618	1878.44	2204
Iteration: 281	1500	1716	1914.84	2198
Iteration: 282	1500	1617	1925.12	2471
Iteration: 283	1500	1594	1894	2262
Iteration: 284	1500	1557	1870.52	2328
Iteration: 285	1500	1574	1945.16	2596
Iteration: 286	1500	1607	1867.44	2127
Iteration: 287	1500	1609	1901.08	2279
Iteration: 288	1500	1632	1959.08	2481
Iteration: 289	1500	1639	1919.32	2621
Iteration: 290	1500	1596	1955.96	2506
Iteration: 291	1500	1600	1951.32	2439
Iteration: 292	1500	1570	1967.92	2720
Iteration: 293	1500	1647	1879.68	2662
Iteration: 294	1500	1663	1934.16	2343
Iteration: 295	1500	1619	1952.24	2442
Iteration: 296	1500	1677	1877.88	2093
Iteration: 297	1500	1618	1907.84	2297
Iteration: 298	1500	1548	1930.2	2206
Iteration: 299	1500	1656	1887.04	2276
Iteration: 300	1500	1535	1914.24	2532
Iteration: 301	1500	1586	1929.68	2432
Iteration: 302	1500	1629	1919.88	2425
Iteration: 303	1500	1580	1909.44	2250
Iteration: 304	1500	1585	1848.56	2283
Iteration: 305	1500	1615	1937.08	2411
Iteration: 306	1500	1566	1934.84	2373
Iteration: 307	1500	1573	1904.16	2313
Iteration: 308	1500	1641	1946.28	2587
Iteration: 309	1500	1653	1954.52	2797
Iteration: 310	1500	1713	1894.96	2168
Iteration: 311	1500	1599	1953.56	2406
Iteration: 312	1500	1590	1924.72	2437
Iteration: 313	1500	1596	1978.8	2421
Iteration: 314	1500	1647	1874.96	2433
Iteration: 315	1500	1615	1923.64	2652
Iteration: 316	1500	1693	1933.8	2420
Iteration: 317	1500	1579	1879.24	2240
Iteration: 318	1500	1737	1918.24	2269
Iteration: 319	1500	1591	1906.4	2299
Iteration: 320	1500	1646	1913.52	2497
Iteration: 321	1500	1637	1877.28	2461
Iteration: 322	1500	1601	1868.72	2184
Iteration: 323	1500	1581	1911.2	2191
Iteration: 324	1500	1632	1866.12	2353
Iteration: 325	1500	1600	1915.64	2438
Iteration: 326	1500	1589	1947.48	2289
Iteration: 327	1500	1583	1940.96	2710
Iteration: 328	1500	1609	1935.72	3057
Iteration: 329	1500	1696	1966.08	2341
Iteration: 330	1500	1606	1938.36	2561
Iteration: 331	1500	1653	1957.52	2401
Iteration: 332	1500	1593	1888.12	2318
Iteration: 333	1500	1589	1881.44	2417
Iteration: 334	1500	1585	1962	2638
Iteration: 335	1500	1642	1943.12	2610
Iteration: 336	1500	1657	1928.04	2327
Iteration: 337	1500	1671	1914.76	2638
Iteration: 338	1500	1612	1901.88	2330
Iteration: 339	1500	1631	1950.08	2759
Iteration: 340	1500	1551	1831.28	2157
Iteration: 341	1500	1726	1967.32	2378
Iteration: 342	1500	1615	1899.12	2289
Iteration: 343	1500	1607	1950.2	2327
Iteration: 344	1500	1737	1901.72	2156
Iteration: 345	1500	1638	1932.88	2338
Iteration: 346	1500	1667	1952.96	2331
Iteration: 347	1500	1647	1937.76	2262
Iteration: 348	1500	1626	1939.8	2554
Iteration: 349	1500	1565	1924.8	2487
Iteration: 350	1500	1649	1921.36	2433
Iteration: 351	1500	1663	1927	2328
Iteration: 352	1500	1591	1997.04	2730
Iteration: 353	1500	1595	1879.8	2570
Iteration: 354	1500	1512	1973.12	2529
Iteration: 355	1500	1574	1928.12	2671
Iteration: 356	1500	1550	1862.8	2469
Iteration: 357	1500	1650	1895.24	2597
Iteration: 358	1500	1641	2002.92	2506
Iteration: 359	1500	1601	1928.52	2721
Iteration: 360	1500	1638	1933.44	2347
Iteration: 361	1500	1536	1906.92	2244
Iteration: 362	1500	1648	1907.72	2177
Iteration: 363	1500	1602	1977.64	2643
Iteration: 364	1500	1703	1945.04	2329
Iteration: 365	1500	1602	1926.68	2368
Iteration: 366	1500	1569	1970.04	2411
Iteration: 367	1500	1605	2020.56	2480
Iteration: 368	1500	1702	1924.56	2423
Iteration: 369	1500	1654	1896.56	2357
Iteration: 370	1500	1661	1912.2	2325
Iteration: 371	1500	1591	1954.24	2319
Iteration: 372	1500	1606	1897.88	2335
Iteration: 373	1500	1587	1898	2204
Iteration: 374	1500	1669	1963.2	2402
Iteration: 375	1500	1672	1928.56	2478
Iteration: 376	1500	1615	1942.16	2459
Iteration: 377	1500	1710	1964.76	2346
Iteration: 378	1500	1620	1936.16	2635
Iteration: 379	1500	1740	1995.28	2379
Iteration: 380	1500	1532	1894.84	2443
Iteration: 381	1500	1728	1986.56	2531
Iteration: 382	1500	1625	1942.24	2363
Iteration: 383	1500	1559	1863.16	2344
Iteration: 384	1500	1580	1869.44	2242
Iteration: 385	1500	1602	1895.84	2251
Iteration: 386	1500	1660	1933.76	2286
Iteration: 387	1500	1632	1987.48	2575
Iteration: 388	1500	1674	1944.36	2341
Iteration: 389	1500	1690	1909.96	2351
Iteration: 390	1500	1623	1889.72	3090
Iteration: 391	1500	1631	1866.48	2180
Iteration: 392	1500	1685	1934.56	2448
Iteration: 393	1500	1687	1928.32	2556
Iteration: 394	1500	1577	1856.88	2271
Iteration: 395	1500	1596	1915.84	2344
Iteration: 396	1500	1606	1913.16	2250
Iteration: 397	1500	1544	1857.56	2256
Iteration: 398	1500	1678	1920.72	2491
Iteration: 399	1500	1641	1942.6	2166
Iteration: 400	1500	1683	1903.56	2085
Iteration: 401	1500	1622	1952.96	2728
Iteration: 402	1500	1592	1986.88	2817
Iteration: 403	1500	1664	1888.2	2393
Iteration: 404	1500	1589	1919.68	2399
Iteration: 405	1500	1561	1968.76	2569
Iteration: 406	1500	1692	1937.8	2506
Iteration: 407	1500	1616	1951.88	2401
Iteration: 408	1500	1602	1928.6	2503
Iteration: 409	1500	1633	1926.72	2369
Iteration: 410	1500	1588	1951.04	2513
Iteration: 411	1500	1559	1890.8	2493
Iteration: 412	1500	1638	1917.44	2592
Iteration: 413	1500	1585	1916.16	2335
Iteration: 414	1500	1525	1897.68	2565
Iteration: 415	1500	1730	1935.52	2318
Iteration: 416	1500	1541	1884.6	2361
Iteration: 417	1500	1647	1947.36	2259
Iteration: 418	1500	1583	1955.56	2435
Iteration: 419	1500	1688	1911.16	2294
Iteration: 420	1500	1639	1878.96	2254
Iteration: 421	1500	1577	1889.72	2444
Iteration: 422	1500	1662	1954.08	2761
Iteration: 423	1500	1747	1958.48	2572
Iteration: 424	1500	1635	1927.76	2603
Iteration: 425	1500	1701	1885.04	2166
Iteration: 426	1500	1555	1895.84	2493
Iteration: 427	1500	1581	1881.68	2178
Iteration: 428	1500	1626	1911.64	2233
Iteration: 429	1500	1623	1880.52	2215
Iteration: 430	1500	1706	1959.68	2373
Iteration: 431	1500	1606	1908.52	2733
Iteration: 432	1500	1590	1898.6	2410
Iteration: 433	1500	1657	1963.04	2278
Iteration: 434	1500	1734	1959.12	2333
Iteration: 435	1500	1647	1921.4	2244
Iteration: 436	1500	1568	1946.92	2474
Iteration: 437	1500	1544	1973.2	2767
Iteration: 438	1500	1691	1964.44	2544
Iteration: 439	1500	1616	1881.64	2193
Iteration: 440	1500	1682	1917.48	2248
Iteration: 441	1500	1684	1959.44	2259
Iteration: 442	1500	1657	1908.68	2562
Iteration: 443	1500	1638	1980.84	2543
Iteration: 444	1500	1588	1927.92	2490
Iteration: 445	1500	1540	1996.08	2480
Iteration: 446	1500	1657	1926.36	2854
Iteration: 447	1500	1559	1924.64	2563
Iteration: 448	1500	1577	1907.96	2258
Iteration: 449	1500	1588	1884.24	2260
Iteration: 450	1500	1590	1906	2226
Iteration: 451	1500	1639	1886.16	2234
Iteration: 452	1500	1696	1953.96	2475
Iteration: 453	1500	1632	1955.92	2459
Iteration: 454	1500	1549	1879.76	2263
Iteration: 455	1500	1649	1953.32	2410
Iteration: 456	1431	1431	1917.04	2337
Iteration: 457	1431	1649	1961.4	2614
Iteration: 458	1431	1687	1981.52	2564
Iteration: 459	1431	1589	1892.88	2282
Iteration: 460	1431	1674	1969.52	3044
Iteration: 461	1431	1663	1930.08	2354
Iteration: 462	1431	1718	1933.28	2245
Iteration: 463	1431	1664	1884.72	2295
Iteration: 464	1431	1580	1923.44	2513
Iteration: 465	1431	1569	1871.8	2524
Iteration: 466	1431	1672	1999.2	2594
Iteration: 467	1431	1666	1970.48	2421
Iteration: 468	1431	1566	1815.52	2151
Iteration: 469	1431	1608	1977.16	2709
Iteration: 470	1431	1617	1899.72	2231
Iteration: 471	1431	1525	1857.04	2210
Iteration: 472	1431	1696	1954.36	2669
Iteration: 473	1431	1575	1928.44	2449
Iteration: 474	1431	1585	1936.48	2597
Iteration: 475	1431	1621	1916.24	2312
Iteration: 476	1431	1655	1933.76	2469
Iteration: 477	1431	1619	1892.36	2282
Iteration: 478	1431	1609	1925.96	2382
Iteration: 479	1431	1550	1912.32	2420
Iteration: 480	1431	1582	1862.56	2210
Iteration: 481	1431	1668	1953	2474
Iteration: 482	1431	1598	1981.28	2312
Iteration: 483	1431	1674	1914.8	2222
Iteration: 484	1431	1684	1924.16	2671
Iteration: 485	1431	1609	1924.56	2305
Iteration: 486	1431	1600	1966.48	2412
Iteration: 487	1431	1671	1871.48	2263
Iteration: 488	1431	1680	1956.28	2375
Iteration: 489	1431	1666	2020.76	2601
Iteration: 490	1431	1584	1918.24	2373
Iteration: 491	1431	1622	1911.52	2289
Iteration: 492	1431	1607	1922.76	2392
Iteration: 493	1431	1587	1870.48	2240
Iteration: 494	1431	1652	1863.04	2256
Iteration: 495	1431	1655	1980.6	2542
Iteration: 496	1431	1646	1900.04	2360
Iteration: 497	1431	1583	1999.88	2459
Iteration: 498	1431	1687	1894.64	2277
Iteration: 499	1431	1520	1934.36	2285
