Iteration: 0	1655	1655	1923.3	2329
Iteration: 1	1518	1518	1947.26	2376
Iteration: 2	1518	1541	1858.64	2302
Iteration: 3	1518	1546	1856.02	2396
Iteration: 4	1518	1613	1966.06	2397
Iteration: 5	1518	1600	1878.54	2388
Iteration: 6	1518	1560	1883	2318
Iteration: 7	1518	1576	1920.76	2412
Iteration: 8	1518	1681	1928.84	2753
Iteration: 9	1518	1649	1892.16	2376
Iteration: 10	1518	1538	1915.62	2446
Iteration: 11	1518	1631	1889.56	2418
Iteration: 12	1518	1529	1907.38	2345
Iteration: 13	1487	1487	1905.1	2343
Iteration: 14	1487	1629	1862.7	2214
Iteration: 15	1487	1592	1890.46	2337
Iteration: 16	1487	1596	1916.58	2465
Iteration: 17	1487	1615	1949.64	2591
Iteration: 18	1487	1576	1879.92	2343
Iteration: 19	1487	1526	1913.28	2304
Iteration: 20	1487	1566	1888.52	2507
Iteration: 21	1487	1503	1930.94	2420
Iteration: 22	1487	1585	1883.44	2469
Iteration: 23	1487	1624	1929.5	2490
Iteration: 24	1487	1514	1879.22	2248
Iteration: 25	1487	1556	1862.62	2280
Iteration: 26	1487	1559	1895.98	2744
Iteration: 27	1487	1531	1884.28	2330
Iteration: 28	1487	1605	1897.38	2397
Iteration: 29	1487	1541	1913.52	2507
Iteration: 30	1487	1540	1922.62	2678
Iteration: 31	1487	1565	1880.5	2442
Iteration: 32	1487	1572	1905.14	2661
Iteration: 33	1487	1532	1899.88	2396
Iteration: 34	1487	1509	1898.24	2583
Iteration: 35	1487	1654	1916.02	2317
Iteration: 36	1487	1639	1898.14	2287
Iteration: 37	1487	1599	1894.04	2246
Iteration: 38	1487	1584	1868.74	2244
Iteration: 39	1487	1590	1892.04	2463
Iteration: 40	1487	1618	1885.28	2337
Iteration: 41	1487	1544	1888.3	2569
Iteration: 42	1487	1643	1860.86	2383
Iteration: 43	1487	1560	1875.6	2408
Iteration: 44	1487	1624	1871.96	2251
Iteration: 45	1487	1643	1888.72	2374
Iteration: 46	1487	1601	1894.74	2385
Iteration: 47	1480	1480	1863.84	2434
Iteration: 48	1480	1685	1955.54	2811
Iteration: 49	1480	1618	1895.64	2500
Iteration: 50	1480	1552	1908.84	2335
Iteration: 51	1480	1582	1916.88	2604
Iteration: 52	1480	1643	1918.02	2614
Iteration: 53	1480	1647	1909.5	2247
Iteration: 54	1480	1520	1905.46	2368
Iteration: 55	1480	1527	1976.16	2563
Iteration: 56	1480	1546	1887.26	2612
Iteration: 57	1480	1520	1889.1	2492
Iteration: 58	1480	1518	1945	2891
Iteration: 59	1480	1591	1898.38	2510
Iteration: 60	1480	1595	1923.66	2479
Iteration: 61	1480	1571	1891.34	2464
Iteration: 62	1480	1582	1921.28	2439
Iteration: 63	1480	1618	1923.94	2536
Iteration: 64	1480	1645	1937.92	2379
Iteration: 65	1480	1592	1940.58	2439
Iteration: 66	1480	1590	1927.72	2318
Iteration: 67	1480	1590	1930.92	2775
Iteration: 68	1480	1599	1883.52	2454
Iteration: 69	1480	1688	1928.7	2325
Iteration: 70	1480	1613	1906.44	2402
Iteration: 71	1480	1543	1855.76	2318
Iteration: 72	1480	1544	1890.54	2398
Iteration: 73	1480	1570	1919.96	2306
Iteration: 74	1480	1547	1901.32	2356
Iteration: 75	1480	1631	1882.14	2244
Iteration: 76	1480	1599	1945.84	2418
Iteration: 77	1480	1625	1902.46	2323
Iteration: 78	1480	1552	1863.06	2248
Iteration: 79	1480	1484	1865.92	2286
Iteration: 80	1480	1613	1933	2613
Iteration: 81	1480	1509	1884.38	2409
Iteration: 82	1480	1579	1894.22	2374
Iteration: 83	1480	1694	1960.38	2491
Iteration: 84	1480	1558	1931.58	2416
Iteration: 85	1480	1611	1870.08	2398
Iteration: 86	1480	1596	1857.4	2195
Iteration: 87	1480	1553	1906.48	2519
Iteration: 88	1480	1638	1911.86	2457
Iteration: 89	1480	1604	1909.06	2636
Iteration: 90	1480	1622	1915.96	2389
Iteration: 91	1480	1633	1873.7	2312
Iteration: 92	1480	1627	1883.08	2390
Iteration: 93	1480	1601	1885.7	2245
Iteration: 94	1480	1583	1911.64	2383
Iteration: 95	1480	1510	1917.72	2455
Iteration: 96	1480	1582	1908.44	2606
Iteration: 97	1480	1499	1861.02	2478
Iteration: 98	1480	1661	1918.6	2287
Iteration: 99	1480	1571	1875.92	2203
Iteration: 100	1480	1622	1914.62	2531
Iteration: 101	1480	1660	1870.9	2488
Iteration: 102	1480	1597	1911.96	2409
Iteration: 103	1480	1598	1909.04	2296
Iteration: 104	1480	1554	1928.66	2434
Iteration: 105	1480	1585	1925.5	2442
Iteration: 106	1480	1603	1926.5	2575
Iteration: 107	1480	1674	1899.42	2197
Iteration: 108	1480	1615	1932.96	2405
Iteration: 109	1480	1611	1892.6	2215
Iteration: 110	1480	1653	1946.9	2564
Iteration: 111	1480	1510	1894.66	2513
Iteration: 112	1480	1576	1910.58	2414
Iteration: 113	1480	1655	1934.86	2533
Iteration: 114	1480	1668	1913	2434
Iteration: 115	1480	1640	1920	2510
Iteration: 116	1480	1595	1911.28	2319
Iteration: 117	1480	1622	1880.22	2186
Iteration: 118	1480	1560	1851.94	2370
Iteration: 119	1480	1580	1943.22	2263
Iteration: 120	1480	1558	1951.08	2488
Iteration: 121	1480	1524	1934.94	2478
Iteration: 122	1480	1517	1910.94	2726
Iteration: 123	1480	1558	1909.88	2520
Iteration: 124	1480	1618	1908.62	2405
Iteration: 125	1480	1526	1887	2618
Iteration: 126	1480	1591	1874.16	2375
Iteration: 127	1480	1609	1923.08	2341
Iteration: 128	1480	1587	1899.36	2436
Iteration: 129	1480	1634	1940.42	2509
Iteration: 130	1480	1657	1924	2563
Iteration: 131	1480	1615	1895.9	2342
Iteration: 132	1480	1610	1902.64	2498
Iteration: 133	1480	1547	1917.06	2296
Iteration: 134	1480	1621	1899.64	2648
Iteration: 135	1480	1586	1890.96	2341
Iteration: 136	1480	1556	1865.7	2409
Iteration: 137	1480	1590	1921.42	2592
Iteration: 138	1480	1492	1886.82	2484
Iteration: 139	1480	1600	1880.12	2211
Iteration: 140	1480	1592	1883.6	2579
Iteration: 141	1480	1601	1910.06	2383
Iteration: 142	1480	1554	1921.08	2380
Iteration: 143	1480	1558	1891.28	2272
Iteration: 144	1480	1544	1895.84	2329
Iteration: 145	1480	1592	1900.06	2572
Iteration: 146	1480	1584	1897.96	2268
Iteration: 147	1480	1631	1912.84	2353
Iteration: 148	1480	1544	1898.6	2474
Iteration: 149	1480	1495	1915.56	2475
Iteration: 150	1480	1540	1908.34	2409
Iteration: 151	1480	1556	1877.18	2245
Iteration: 152	1480	1580	1893.32	2407
Iteration: 153	1480	1643	1926.12	2810
Iteration: 154	1480	1591	1842.72	2191
Iteration: 155	1480	1648	1898.86	2523
Iteration: 156	1480	1635	1906.62	2442
Iteration: 157	1480	1575	1923.8	2366
Iteration: 158	1480	1638	1932.24	2258
Iteration: 159	1480	1638	1904.52	2839
Iteration: 160	1480	1588	1921.18	2333
Iteration: 161	1480	1564	1883.78	2385
Iteration: 162	1480	1636	1930.92	2329
Iteration: 163	1480	1598	1926.32	2420
Iteration: 164	1480	1581	1885.76	2364
Iteration: 165	1480	1569	1898.92	2436
Iteration: 166	1480	1569	1924.4	2823
Iteration: 167	1480	1629	1907.32	2609
Iteration: 168	1480	1561	1924.48	2439
Iteration: 169	1480	1608	1913.6	2466
Iteration: 170	1480	1603	1873.1	2291
Iteration: 171	1480	1541	1901.76	2910
Iteration: 172	1480	1678	1958.72	2412
Iteration: 173	1480	1587	1922.16	2592
Iteration: 174	1480	1659	1892.9	2389
Iteration: 175	1480	1652	1915.14	2460
Iteration: 176	1480	1545	1871.86	2358
Iteration: 177	1480	1634	1876.98	2350
Iteration: 178	1480	1613	1913.48	2412
Iteration: 179	1480	1615	1931.38	2310
Iteration: 180	1480	1603	1938.4	2384
Iteration: 181	1480	1574	1986.88	2537
Iteration: 182	1480	1482	1941.82	2737
Iteration: 183	1480	1585	1913.92	2565
Iteration: 184	1480	1586	1911.8	2295
Iteration: 185	1480	1648	1919.64	2527
Iteration: 186	1480	1592	1886.3	2403
Iteration: 187	1480	1585	1889.16	2309
Iteration: 188	1480	1577	1956.04	2413
Iteration: 189	1480	1622	1915.28	2544
Iteration: 190	1480	1482	1908.28	2490
Iteration: 191	1480	1637	1908.22	2456
Iteration: 192	1480	1647	1890.62	2383
Iteration: 193	1480	1626	1917.2	2293
Iteration: 194	1480	1568	1879.68	2318
Iteration: 195	1480	1625	1889.62	2475
Iteration: 196	1480	1587	1927.24	2565
Iteration: 197	1480	1614	1864.96	2268
Iteration: 198	1480	1611	1929.26	2345
Iteration: 199	1480	1589	1915.66	2470
Iteration: 200	1480	1514	1892.1	2624
Iteration: 201	1480	1614	1843.22	2135
Iteration: 202	1480	1652	1936.2	2560
Iteration: 203	1480	1547	1896.14	2402
Iteration: 204	1480	1579	1938.96	2582
Iteration: 205	1480	1518	1882.96	2276
Iteration: 206	1480	1618	1874.16	2698
Iteration: 207	1480	1597	1946.1	2543
Iteration: 208	1480	1556	1923.88	2471
Iteration: 209	1480	1590	1908.86	2438
Iteration: 210	1480	1602	1911.42	2288
Iteration: 211	1480	1592	1930.3	2495
Iteration: 212	1480	1653	1921.36	2382
Iteration: 213	1480	1535	1916.08	2708
Iteration: 214	1480	1551	1860.22	2217
Iteration: 215	1480	1633	1864.6	2405
Iteration: 216	1480	1601	1887.92	2307
Iteration: 217	1480	1635	1900.74	2473
Iteration: 218	1480	1597	1908.26	2505
Iteration: 219	1480	1511	1925.72	2582
Iteration: 220	1480	1600	1922.14	2360
Iteration: 221	1480	1558	1867.82	2349
Iteration: 222	1480	1499	1926.8	2440
Iteration: 223	1480	1608	1905.78	2441
Iteration: 224	1480	1558	1892.5	2414
Iteration: 225	1480	1563	1929	2352
Iteration: 226	1480	1520	1938.7	2555
Iteration: 227	1480	1556	1917.48	2615
Iteration: 228	1480	1513	1873.8	2429
Iteration: 229	1480	1593	1937.1	2786
Iteration: 230	1480	1563	1863.82	2409
Iteration: 231	1480	1547	1932.58	2443
Iteration: 232	1480	1541	1860.22	2312
Iteration: 233	1480	1610	1878.5	2388
Iteration: 234	1473	1473	1960.38	2421
Iteration: 235	1473	1552	1909.72	2531
Iteration: 236	1473	1575	1933.04	2398
Iteration: 237	1473	1528	1896.28	2237
Iteration: 238	1473	1555	1918.34	3008
Iteration: 239	1473	1548	1897.72	2382
Iteration: 240	1473	1579	1921.58	2680
Iteration: 241	1473	1556	1902.32	2754
Iteration: 242	1473	1567	1902.4	2562
Iteration: 243	1473	1571	1926.76	2348
Iteration: 244	1473	1601	1887.12	2349
Iteration: 245	1473	1562	1905.98	2654
Iteration: 246	1473	1647	1910.94	2392
Iteration: 247	1473	1584	1912.2	2456
Iteration: 248	1473	1634	1932.76	2886
Iteration: 249	1473	1537	1958.22	2600
Iteration: 250	1473	1642	1886.42	2396
Iteration: 251	1473	1564	1853.3	2344
Iteration: 252	1473	1580	1915.84	2754
Iteration: 253	1473	1673	2000.32	2702
Iteration: 254	1473	1685	1929.14	2361
Iteration: 255	1473	1592	1907.74	2430
Iteration: 256	1473	1639	1897.36	2361
Iteration: 257	1473	1564	1889.46	2562
Iteration: 258	1473	1552	1917.66	2367
Iteration: 259	1473	1590	1917.78	2287
Iteration: 260	1473	1614	1883.52	2509
Iteration: 261	1473	1630	1972.88	2645
Iteration: 262	1473	1651	1866.6	2194
Iteration: 263	1473	1586	1885.98	2380
Iteration: 264	1473	1569	1920.2	2310
Iteration: 265	1473	1544	1892.28	2557
Iteration: 266	1473	1549	1895.42	2627
Iteration: 267	1473	1574	1911.52	2335
Iteration: 268	1473	1625	1931.88	2454
Iteration: 269	1473	1573	1909.02	2282
Iteration: 270	1473	1557	1889.06	2268
Iteration: 271	1473	1554	1891.68	2541
Iteration: 272	1473	1551	1857.06	2159
Iteration: 273	1473	1618	1863.76	2315
Iteration: 274	1473	1623	1910.04	2292
Iteration: 275	1473	1693	1919.12	2316
Iteration: 276	1473	1540	1886.62	2324
Iteration: 277	1473	1593	1887.2	2264
Iteration: 278	1473	1568	1908.08	2361
Iteration: 279	1473	1644	1918.72	2480
Iteration: 280	1473	1622	1886.76	2507
Iteration: 281	1473	1567	1898.14	2200
Iteration: 282	1473	1630	1875.52	2378
Iteration: 283	1473	1566	1886.76	2515
Iteration: 284	1473	1494	1913.94	2308
Iteration: 285	1473	1643	1898.16	2454
Iteration: 286	1473	1659	1941.44	2689
Iteration: 287	1473	1549	1888.38	2278
Iteration: 288	1473	1588	1898.78	2321
Iteration: 289	1473	1593	1895.48	2346
Iteration: 290	1473	1663	1906.34	2516
Iteration: 291	1473	1580	1862.52	2283
Iteration: 292	1473	1591	1890.74	2550
Iteration: 293	1473	1577	1882.86	2376
Iteration: 294	1473	1563	1853.2	2326
Iteration: 295	1473	1590	1865.36	2290
Iteration: 296	1473	1631	1893.14	2293
Iteration: 297	1473	1616	1893.4	2634
Iteration: 298	1473	1614	1891.62	2295
Iteration: 299	1457	1457	1895.46	2458
Iteration: 300	1457	1587	1881.12	2200
Iteration: 301	1457	1641	1910.9	2421
Iteration: 302	1457	1590	1901	2404
Iteration: 303	1457	1601	1937.54	2433
Iteration: 304	1457	1528	1899.4	2427
Iteration: 305	1457	1559	1917.8	2344
Iteration: 306	1457	1623	1897.62	2519
Iteration: 307	1457	1616	1939.3	2475
Iteration: 308	1457	1588	1937.88	2506
Iteration: 309	1457	1601	1939.56	2400
Iteration: 310	1457	1625	1954.5	2558
Iteration: 311	1457	1646	1876.52	2160
Iteration: 312	1457	1606	1846.74	2499
Iteration: 313	1457	1524	1856.46	2396
Iteration: 314	1457	1605	1896.06	2624
Iteration: 315	1457	1571	1920.12	2318
Iteration: 316	1457	1594	1869	2507
Iteration: 317	1457	1524	1905.56	2425
Iteration: 318	1457	1611	1926.64	2631
Iteration: 319	1457	1572	1954.48	2581
Iteration: 320	1457	1611	1891.8	2487
Iteration: 321	1457	1563	1888.54	2262
Iteration: 322	1457	1517	1910.78	2695
Iteration: 323	1457	1540	1866.98	2290
Iteration: 324	1457	1629	1898.82	2445
Iteration: 325	1457	1603	1885.44	2250
Iteration: 326	1457	1645	1929.14	2325
Iteration: 327	1457	1545	1861.38	2470
Iteration: 328	1457	1558	1912.88	2404
Iteration: 329	1457	1598	1903.32	2443
Iteration: 330	1457	1553	1901.56	2557
Iteration: 331	1457	1534	1878.88	2564
Iteration: 332	1457	1597	1940.08	2465
Iteration: 333	1457	1607	1868.9	2290
Iteration: 334	1457	1622	1881.2	2452
Iteration: 335	1457	1524	1889.1	2549
Iteration: 336	1457	1510	1888.36	2271
Iteration: 337	1457	1565	1929.7	2678
Iteration: 338	1457	1567	1834.8	2313
Iteration: 339	1457	1609	1907.94	2550
Iteration: 340	1457	1507	1884.2	2282
Iteration: 341	1457	1592	1901.34	2309
Iteration: 342	1457	1593	1933.84	2411
Iteration: 343	1457	1498	1948.74	2415
Iteration: 344	1457	1516	1899.56	2383
Iteration: 345	1457	1594	1867.76	2244
Iteration: 346	1457	1634	1929.38	2516
Iteration: 347	1457	1573	1939.5	2564
Iteration: 348	1457	1622	1893.34	2406
Iteration: 349	1457	1614	1927.52	2518
Iteration: 350	1457	1534	1907.66	2293
Iteration: 351	1457	1655	1942.5	2349
Iteration: 352	1457	1620	1918.6	2440
Iteration: 353	1457	1606	1865.5	2231
Iteration: 354	1457	1565	1942.26	2410
Iteration: 355	1457	1537	1866.02	2251
Iteration: 356	1457	1606	1915.94	2435
Iteration: 357	1457	1611	1963.92	2728
Iteration: 358	1457	1617	1902.16	2530
Iteration: 359	1457	1579	1864.18	2165
Iteration: 360	1457	1635	1941.64	2679
Iteration: 361	1457	1656	1946.22	2579
Iteration: 362	1457	1605	1881.98	2420
Iteration: 363	1457	1585	1908.1	2257
Iteration: 364	1457	1631	1927.42	2624
Iteration: 365	1457	1556	1925.32	2527
Iteration: 366	1457	1521	1912.2	2385
Iteration: 367	1457	1575	1927.18	2437
Iteration: 368	1457	1542	1905.02	2315
Iteration: 369	1457	1560	1907.32	2369
Iteration: 370	1457	1609	1957.3	2408
Iteration: 371	1457	1615	1875.52	2336
Iteration: 372	1457	1471	1874.5	2346
Iteration: 373	1457	1635	1950.06	2593
Iteration: 374	1457	1624	1919.62	2352
Iteration: 375	1457	1569	1872.16	2298
Iteration: 376	1457	1610	1940.06	2439
Iteration: 377	1457	1585	1876.22	2325
Iteration: 378	1457	1636	1983.14	2757
Iteration: 379	1457	1655	1924.24	2373
Iteration: 380	1457	1622	1890.86	2636
Iteration: 381	1457	1603	1945.54	2514
Iteration: 382	1457	1683	1952.86	2425
Iteration: 383	1457	1643	1898.04	2558
Iteration: 384	1457	1549	1921.88	2471
Iteration: 385	1457	1498	1957.8	2645
Iteration: 386	1457	1557	1896	2276
Iteration: 387	1457	1624	1910.18	2205
Iteration: 388	1457	1599	1881.26	2523
Iteration: 389	1457	1624	1972.2	2606
Iteration: 390	1457	1566	1880.12	2351
Iteration: 391	1457	1608	1911.82	2445
Iteration: 392	1457	1544	1910.58	2341
Iteration: 393	1457	1500	1879.18	2309
Iteration: 394	1457	1592	1905.12	2294
Iteration: 395	1457	1487	1931.2	2713
Iteration: 396	1457	1631	1921.54	2303
Iteration: 397	1457	1552	1889.96	2311
Iteration: 398	1457	1551	1896.4	2384
Iteration: 399	1457	1596	1896.3	2335
Iteration: 400	1457	1606	1879.58	2476
Iteration: 401	1457	1581	1894.44	2277
Iteration: 402	1457	1666	1957.2	2407
Iteration: 403	1457	1608	1930.92	2774
Iteration: 404	1457	1571	1870.3	2556
Iteration: 405	1457	1611	1861.38	2270
Iteration: 406	1457	1627	1891.78	2390
Iteration: 407	1457	1545	1909.42	2444
Iteration: 408	1457	1672	1946.4	2502
Iteration: 409	1457	1586	1917.96	2625
Iteration: 410	1457	1676	1906.4	2419
Iteration: 411	1457	1538	1912.62	2474
Iteration: 412	1457	1546	1908.08	2556
Iteration: 413	1457	1528	1893.68	2474
Iteration: 414	1457	1588	1927.36	2426
Iteration: 415	1457	1535	1895.24	2434
Iteration: 416	1457	1575	1872.88	2528
Iteration: 417	1457	1557	1914.96	2392
Iteration: 418	1457	1609	1949.92	2478
Iteration: 419	1457	1572	1862.86	2285
Iteration: 420	1457	1582	1898.24	2498
Iteration: 421	1457	1654	1951.14	2361
Iteration: 422	1455	1455	1918.52	2534
Iteration: 423	1455	1572	1943.36	2411
Iteration: 424	1455	1624	1885.38	2285
Iteration: 425	1455	1546	1881.7	2335
Iteration: 426	1455	1612	1902.04	2610
Iteration: 427	1455	1647	1871.26	2247
Iteration: 428	1442	1442	1928.96	2514
Iteration: 429	1442	1603	1914.4	2556
Iteration: 430	1442	1593	1921.82	2610
Iteration: 431	1442	1597	1903.9	2348
Iteration: 432	1442	1644	1944.58	2541
Iteration: 433	1442	1610	1906.64	2589
Iteration: 434	1442	1634	1964.4	2409
Iteration: 435	1442	1551	1897.02	2706
Iteration: 436	1442	1570	1911.7	2421
Iteration: 437	1442	1560	1862.48	2258
Iteration: 438	1442	1648	1917.72	2500
Iteration: 439	1442	1635	1898.82	2271
Iteration: 440	1442	1502	1857.74	2108
Iteration: 441	1442	1552	1878.12	2362
Iteration: 442	1442	1603	1968.78	2504
Iteration: 443	1442	1609	1898.68	2534
Iteration: 444	1442	1596	1864.26	2175
Iteration: 445	1442	1598	1891.82	2427
Iteration: 446	1442	1585	1898.84	2456
Iteration: 447	1442	1621	1921.26	2525
Iteration: 448	1442	1550	1864.74	2387
Iteration: 449	1442	1555	1892.18	2262
Iteration: 450	1442	1596	1898.56	2318
Iteration: 451	1442	1703	1955.56	2483
Iteration: 452	1442	1571	1900.82	2451
Iteration: 453	1442	1530	1927.12	2454
Iteration: 454	1442	1574	1922.64	2435
Iteration: 455	1442	1569	1965.06	2742
Iteration: 456	1442	1656	1872.78	2202
Iteration: 457	1442	1567	1902.62	2385
Iteration: 458	1442	1608	1924.16	2465
Iteration: 459	1442	1474	1888.72	2508
Iteration: 460	1442	1573	1904.1	2415
Iteration: 461	1442	1628	1906.98	2465
Iteration: 462	1442	1600	1896.7	2454
Iteration: 463	1442	1585	1871.84	2379
Iteration: 464	1442	1561	1864.52	2336
Iteration: 465	1442	1562	1883.82	2383
Iteration: 466	1442	1607	1941.34	2374
Iteration: 467	1442	1612	1880.16	2488
Iteration: 468	1442	1561	1904.26	2411
Iteration: 469	1442	1595	1920.16	2624
Iteration: 470	1442	1527	1871.6	2564
Iteration: 471	1442	1593	1882.52	2269
Iteration: 472	1442	1652	1883.44	2416
Iteration: 473	1442	1607	1934.22	2565
Iteration: 474	1442	1637	1908.96	2479
Iteration: 475	1442	1611	1884.38	2435
Iteration: 476	1442	1493	1916.1	2235
Iteration: 477	1442	1612	1915.78	2348
Iteration: 478	1442	1553	1950.4	2362
Iteration: 479	1442	1598	1862.58	2353
Iteration: 480	1442	1607	1905.12	2593
Iteration: 481	1442	1596	1915.58	2434
Iteration: 482	1442	1507	1894.58	2600
Iteration: 483	1442	1591	1923.98	2434
Iteration: 484	1442	1617	1886.56	2396
Iteration: 485	1442	1566	1900.04	2260
Iteration: 486	1442	1611	1926.4	2506
Iteration: 487	1442	1588	1881.1	2510
Iteration: 488	1442	1585	1895.86	2293
Iteration: 489	1442	1546	1902.96	2435
Iteration: 490	1442	1550	1884.14	2633
Iteration: 491	1442	1612	1919.14	2544
Iteration: 492	1442	1566	1843.88	2322
Iteration: 493	1442	1543	1868.74	2340
Iteration: 494	1442	1593	1918.28	2511
Iteration: 495	1442	1559	1898.4	2357
Iteration: 496	1442	1655	1921.68	2498
Iteration: 497	1442	1567	1908.1	2367
Iteration: 498	1442	1521	1919.72	2412
Iteration: 499	1442	1606	1926.92	2465
Iteration: 500	1442	1627	1867.44	2314
Iteration: 501	1442	1561	1917.2	2585
Iteration: 502	1442	1645	1900.24	2603
Iteration: 503	1442	1676	1908.5	2533
Iteration: 504	1442	1650	1924.86	2446
Iteration: 505	1442	1593	1898.52	2413
Iteration: 506	1442	1574	1923.44	2513
Iteration: 507	1442	1599	1937.3	2336
Iteration: 508	1442	1574	1911.54	2498
Iteration: 509	1442	1585	1911.12	2600
Iteration: 510	1442	1601	1983.34	2772
Iteration: 511	1442	1622	1916.9	2327
Iteration: 512	1442	1554	1925.7	2652
Iteration: 513	1442	1546	1884.54	2271
Iteration: 514	1442	1568	1910.42	2494
Iteration: 515	1442	1598	1926.94	2442
Iteration: 516	1442	1658	1935.66	2448
Iteration: 517	1442	1581	1925.78	2538
Iteration: 518	1442	1568	1872.46	2323
Iteration: 519	1442	1584	1889.26	2296
Iteration: 520	1442	1597	1915.36	2388
Iteration: 521	1442	1559	1936.02	2529
Iteration: 522	1442	1592	1843.8	2153
Iteration: 523	1442	1555	1865.18	2473
Iteration: 524	1442	1661	1940.26	2456
Iteration: 525	1442	1630	1943.18	2492
Iteration: 526	1442	1628	1892.62	2360
Iteration: 527	1442	1534	1890.06	2453
Iteration: 528	1442	1563	1911.94	2307
Iteration: 529	1442	1640	1919.12	2610
Iteration: 530	1442	1565	1863.74	2428
Iteration: 531	1442	1621	1909.64	2532
Iteration: 532	1442	1566	1923.68	2400
Iteration: 533	1442	1553	1866.54	2565
Iteration: 534	1442	1530	1880.72	2467
Iteration: 535	1442	1637	1936.24	2598
Iteration: 536	1442	1597	1939.6	2416
Iteration: 537	1442	1562	1886.78	2415
Iteration: 538	1442	1599	1879.88	2373
Iteration: 539	1442	1570	1916.18	2407
Iteration: 540	1442	1649	1909.86	2624
Iteration: 541	1442	1550	1893.08	2715
Iteration: 542	1442	1631	1897.34	2343
Iteration: 543	1442	1625	1903.62	2554
Iteration: 544	1442	1604	1883.68	2359
Iteration: 545	1442	1573	1894.94	2346
Iteration: 546	1442	1588	1918.46	2583
Iteration: 547	1442	1598	1947.82	2415
Iteration: 548	1442	1625	1874.04	2527
Iteration: 549	1442	1567	1955.1	2765
Iteration: 550	1442	1614	1926.26	2503
Iteration: 551	1442	1647	1881	2307
Iteration: 552	1442	1542	1934.44	2436
Iteration: 553	1442	1608	1905.5	2250
Iteration: 554	1442	1669	1914.46	2459
Iteration: 555	1442	1606	1910.02	2383
Iteration: 556	1442	1545	1905.2	2609
Iteration: 557	1442	1498	1931.9	2572
Iteration: 558	1442	1623	1889.32	2455
Iteration: 559	1442	1599	1946.48	2458
Iteration: 560	1442	1552	1896.1	2428
Iteration: 561	1442	1559	1902.84	2224
Iteration: 562	1442	1688	1920.96	2367
Iteration: 563	1442	1553	1915.32	2685
Iteration: 564	1442	1611	1948.64	2383
Iteration: 565	1442	1563	1929.34	2462
Iteration: 566	1442	1632	1914.84	2406
Iteration: 567	1442	1677	1919.58	2364
Iteration: 568	1442	1592	1947.12	2424
Iteration: 569	1442	1619	1907.04	2380
Iteration: 570	1442	1588	1935.66	2464
Iteration: 571	1442	1484	1905.9	2538
Iteration: 572	1442	1649	1881.56	2343
Iteration: 573	1442	1590	1911.18	2335
Iteration: 574	1442	1628	1878.38	2235
Iteration: 575	1442	1651	1906.38	2341
Iteration: 576	1442	1523	1923.76	2295
Iteration: 577	1442	1510	1872.22	2315
Iteration: 578	1442	1599	1893.82	2393
Iteration: 579	1442	1633	1893.22	2518
Iteration: 580	1442	1628	1906.96	2310
Iteration: 581	1442	1596	1897.2	2338
Iteration: 582	1442	1636	1942.5	2485
Iteration: 583	1442	1669	1930.48	2540
Iteration: 584	1442	1667	1917.66	2411
Iteration: 585	1442	1667	1904.34	2402
Iteration: 586	1442	1553	1915.04	2495
Iteration: 587	1442	1513	1843.96	2384
Iteration: 588	1442	1502	1904.7	2399
Iteration: 589	1442	1644	1926.28	2371
Iteration: 590	1442	1553	1957.64	2383
Iteration: 591	1442	1516	1858	2458
Iteration: 592	1442	1597	1900.3	2559
Iteration: 593	1442	1591	1878.3	2336
Iteration: 594	1442	1583	1878.26	2368
Iteration: 595	1442	1580	1886	2432
Iteration: 596	1442	1611	1902.66	2664
Iteration: 597	1442	1493	1907.04	2329
Iteration: 598	1442	1560	1876.98	2418
Iteration: 599	1442	1601	1894.72	2298
Iteration: 600	1442	1557	1914.98	2399
Iteration: 601	1442	1550	1938.58	2613
Iteration: 602	1442	1615	1841.46	2091
Iteration: 603	1442	1677	1934.2	2692
Iteration: 604	1442	1565	1886.7	2559
Iteration: 605	1442	1589	1944.72	2517
Iteration: 606	1442	1546	1906.66	2738
Iteration: 607	1442	1612	1880.04	2217
Iteration: 608	1442	1596	1905.38	2220
Iteration: 609	1442	1607	1964.68	2515
Iteration: 610	1442	1585	1875.62	2289
Iteration: 611	1442	1596	1932.1	2466
Iteration: 612	1442	1579	1881.68	2557
Iteration: 613	1442	1499	1918.44	2705
Iteration: 614	1442	1534	1896.52	2289
Iteration: 615	1442	1574	1933.74	2378
Iteration: 616	1442	1555	1905.44	2271
Iteration: 617	1442	1591	1891.6	2371
Iteration: 618	1442	1635	1926.22	2463
Iteration: 619	1442	1640	1880.14	2402
Iteration: 620	1442	1548	1886.82	2350
Iteration: 621	1442	1559	1912.16	2647
Iteration: 622	1442	1640	1932.82	2641
Iteration: 623	1442	1605	1875.98	2298
Iteration: 624	1442	1676	1914.28	2943
Iteration: 625	1442	1563	1952.14	2364
Iteration: 626	1442	1580	1894.84	2595
Iteration: 627	1442	1629	1887.24	2681
Iteration: 628	1442	1598	1907.56	2260
Iteration: 629	1442	1598	1897.26	2467
Iteration: 630	1442	1594	1868.24	2405
Iteration: 631	1442	1579	1946.02	2395
Iteration: 632	1442	1491	1906.48	2444
Iteration: 633	1442	1564	1938.62	2384
Iteration: 634	1442	1620	1862.66	2436
Iteration: 635	1442	1529	1902.52	2541
Iteration: 636	1442	1555	1887.06	2426
Iteration: 637	1442	1593	1899.26	2290
Iteration: 638	1442	1661	1884.28	2316
Iteration: 639	1442	1609	1902.96	2533
Iteration: 640	1442	1605	1924.14	2405
Iteration: 641	1442	1632	1916.64	2399
Iteration: 642	1442	1607	1981.36	2595
Iteration: 643	1442	1613	1917.28	2236
Iteration: 644	1442	1614	1913.28	2332
Iteration: 645	1442	1570	1917.8	2379
Iteration: 646	1442	1605	1927.24	2782
Iteration: 647	1442	1606	1876	2431
Iteration: 648	1442	1524	1908.14	2597
Iteration: 649	1442	1569	1951.3	2385
Iteration: 650	1442	1610	1929.9	2468
Iteration: 651	1442	1596	1900.62	2365
Iteration: 652	1442	1494	1892.68	2297
Iteration: 653	1442	1636	1955.14	2809
Iteration: 654	1442	1542	1932.6	2433
Iteration: 655	1442	1561	1929	2361
Iteration: 656	1442	1650	1933.3	2330
Iteration: 657	1442	1593	1973.92	2341
Iteration: 658	1442	1547	1877.38	2264
Iteration: 659	1442	1608	1937.32	2446
Iteration: 660	1442	1705	1934.64	2698
Iteration: 661	1442	1538	1917.42	2379
Iteration: 662	1442	1584	1892.58	2312
Iteration: 663	1442	1494	1914.18	2779
Iteration: 664	1442	1528	1890.02	2316
Iteration: 665	1442	1574	1911.44	2368
Iteration: 666	1442	1596	1887.18	2479
Iteration: 667	1442	1647	1896.52	2376
Iteration: 668	1442	1553	1919.74	2499
Iteration: 669	1442	1597	1905.68	2903
Iteration: 670	1442	1642	1891.06	2346
Iteration: 671	1442	1632	1942.86	2579
Iteration: 672	1442	1639	1937.52	2407
Iteration: 673	1442	1587	1899.38	2468
Iteration: 674	1442	1536	1858.66	2265
Iteration: 675	1442	1585	1912.06	3179
Iteration: 676	1442	1611	1895	2550
Iteration: 677	1442	1578	1936.98	2361
Iteration: 678	1442	1548	1882.88	2536
Iteration: 679	1442	1536	1852.58	2274
Iteration: 680	1442	1624	1896.52	2509
Iteration: 681	1442	1581	1872.62	2367
Iteration: 682	1442	1526	1863.74	2290
Iteration: 683	1442	1603	1935.44	2348
Iteration: 684	1442	1573	1899.1	2368
Iteration: 685	1442	1628	1898.18	2487
Iteration: 686	1442	1555	1919.44	2604
Iteration: 687	1442	1594	1880.16	2640
Iteration: 688	1442	1592	1871.82	2251
Iteration: 689	1442	1589	1874.44	2322
Iteration: 690	1442	1634	1900.46	2507
Iteration: 691	1442	1586	1857.86	2464
Iteration: 692	1442	1573	1919.22	2486
Iteration: 693	1442	1593	1910.8	2462
Iteration: 694	1442	1641	1952.38	2439
Iteration: 695	1442	1618	1879.18	2386
Iteration: 696	1442	1538	1882.8	2278
Iteration: 697	1442	1642	1945.86	2513
Iteration: 698	1442	1536	1918.28	2386
Iteration: 699	1442	1583	1950.32	2447
Iteration: 700	1425	1425	1876.9	2416
Iteration: 701	1425	1550	1856.8	2426
Iteration: 702	1425	1566	1883.18	2267
Iteration: 703	1425	1599	1920.4	2452
Iteration: 704	1425	1586	1874.14	2201
Iteration: 705	1425	1622	1937.72	2493
Iteration: 706	1425	1584	1937.08	2820
Iteration: 707	1425	1562	1910.2	2442
Iteration: 708	1425	1653	1911.52	2233
Iteration: 709	1425	1526	1934.4	2561
Iteration: 710	1425	1534	1888.62	2501
Iteration: 711	1425	1637	1916.86	2319
Iteration: 712	1425	1568	1886.86	2273
Iteration: 713	1425	1628	1916.52	2465
Iteration: 714	1425	1488	1888.18	2379
Iteration: 715	1425	1633	1895.54	2305
Iteration: 716	1425	1566	1866.8	2414
Iteration: 717	1425	1605	1907	2403
Iteration: 718	1425	1525	1908.06	2485
Iteration: 719	1425	1522	1861.62	2276
Iteration: 720	1425	1637	1907.12	2386
Iteration: 721	1425	1547	1904.78	2683
Iteration: 722	1425	1560	1882.46	2413
Iteration: 723	1425	1669	1931.22	2510
Iteration: 724	1425	1531	1922	2429
Iteration: 725	1425	1612	1881.82	2382
Iteration: 726	1425	1588	1897.6	2389
Iteration: 727	1425	1551	1940.46	2500
Iteration: 728	1425	1629	1961.8	2687
Iteration: 729	1425	1614	1901.08	2294
Iteration: 730	1425	1496	1874.34	2310
Iteration: 731	1425	1617	1946.46	2312
Iteration: 732	1425	1504	1884.6	2624
Iteration: 733	1425	1639	1960.7	2355
Iteration: 734	1425	1621	1903.2	2287
Iteration: 735	1425	1594	1892.38	2364
Iteration: 736	1425	1598	1950.1	2466
Iteration: 737	1425	1517	1894.86	2872
Iteration: 738	1425	1564	1893.7	2327
Iteration: 739	1425	1588	1878.94	2324
Iteration: 740	1425	1582	1893.7	2347
Iteration: 741	1425	1544	1868.76	2222
Iteration: 742	1425	1541	1890.8	2202
Iteration: 743	1425	1522	1909.44	2634
Iteration: 744	1425	1631	1945.4	2570
Iteration: 745	1425	1495	1922.84	2296
Iteration: 746	1425	1575	1925.86	2441
Iteration: 747	1425	1580	1854.76	2211
Iteration: 748	1425	1603	1934.98	2366
Iteration: 749	1425	1625	1892.36	2384
Iteration: 750	1425	1560	1904.58	2388
Iteration: 751	1425	1565	1859.04	2248
Iteration: 752	1425	1571	1922.32	2333
Iteration: 753	1425	1525	1914.3	2460
Iteration: 754	1425	1616	1913.12	2490
Iteration: 755	1425	1586	1869.54	2275
Iteration: 756	1425	1609	1925.32	2560
Iteration: 757	1425	1570	1924.44	2478
Iteration: 758	1425	1617	1929.76	2476
Iteration: 759	1425	1575	1889.56	2403
Iteration: 760	1425	1650	1932.98	2459
Iteration: 761	1425	1605	1881.84	2246
Iteration: 762	1425	1595	1904.82	2472
Iteration: 763	1425	1578	1925.62	2538
Iteration: 764	1425	1573	1887.78	2374
Iteration: 765	1425	1536	1934.12	2644
Iteration: 766	1425	1564	1929.02	2398
Iteration: 767	1425	1622	1965.48	2511
Iteration: 768	1425	1684	1990.94	2468
Iteration: 769	1425	1614	1863.3	2222
Iteration: 770	1425	1590	1880.8	2302
Iteration: 771	1425	1587	1914.04	2247
Iteration: 772	1425	1578	1934.08	2479
Iteration: 773	1425	1560	1858.06	2231
Iteration: 774	1425	1531	1901.98	2395
Iteration: 775	1425	1534	1834.26	2193
Iteration: 776	1425	1608	1902.6	2502
Iteration: 777	1425	1599	1909.4	2318
Iteration: 778	1425	1598	1903.32	2410
Iteration: 779	1425	1619	1884.9	2391
Iteration: 780	1425	1644	1902.72	2334
Iteration: 781	1425	1593	1936.6	2618
Iteration: 782	1425	1518	1875.7	2436
Iteration: 783	1425	1629	1882.88	2273
Iteration: 784	1425	1586	1883.64	2191
Iteration: 785	1425	1548	1914.6	2416
Iteration: 786	1425	1536	1899.16	2316
Iteration: 787	1425	1542	1897.5	2344
Iteration: 788	1425	1566	1877.2	2291
Iteration: 789	1425	1515	1898.7	2569
Iteration: 790	1425	1570	1917.12	2357
Iteration: 791	1425	1561	1934.12	2470
Iteration: 792	1425	1583	1945.18	2425
Iteration: 793	1425	1631	1874.38	2347
Iteration: 794	1425	1590	1904.52	2625
Iteration: 795	1425	1601	1938.62	2393
Iteration: 796	1425	1530	1894.52	2406
Iteration: 797	1425	1628	1915.86	2396
Iteration: 798	1425	1520	1902.16	2535
Iteration: 799	1425	1559	1913.78	2326
Iteration: 800	1425	1629	1943.48	2338
Iteration: 801	1425	1621	1943.72	2499
Iteration: 802	1425	1654	1962.38	2452
Iteration: 803	1425	1568	1905.28	2353
Iteration: 804	1425	1537	1931.14	2462
Iteration: 805	1425	1607	1881.3	2263
Iteration: 806	1425	1573	1915.74	2294
Iteration: 807	1425	1592	1905.48	2249
Iteration: 808	1425	1710	1968.16	2732
Iteration: 809	1425	1604	1937.34	2441
Iteration: 810	1425	1641	1880.98	2562
Iteration: 811	1425	1617	1957.08	2386
Iteration: 812	1425	1574	1915.54	2827
Iteration: 813	1425	1591	1909.14	2246
Iteration: 814	1425	1585	1926.64	2368
Iteration: 815	1425	1562	1859.76	2557
Iteration: 816	1425	1587	1919.12	2446
Iteration: 817	1425	1652	1952.9	2833
Iteration: 818	1425	1644	1900.1	2484
Iteration: 819	1425	1588	1852.24	2430
Iteration: 820	1425	1638	1918.02	2451
Iteration: 821	1425	1676	1928.96	2281
Iteration: 822	1425	1546	1885.98	2650
Iteration: 823	1425	1589	1951.6	2693
Iteration: 824	1425	1576	1938.64	2402
Iteration: 825	1425	1542	1917.76	2505
Iteration: 826	1425	1609	1892.44	2369
Iteration: 827	1425	1634	1962.24	2383
Iteration: 828	1425	1675	1926.68	2455
Iteration: 829	1425	1645	1918.72	2366
Iteration: 830	1425	1573	1899.38	2446
Iteration: 831	1425	1644	1900.66	2523
Iteration: 832	1425	1584	1929.06	2503
Iteration: 833	1425	1637	1905.46	2367
Iteration: 834	1425	1623	1836.56	2162
Iteration: 835	1425	1606	1876.48	2442
Iteration: 836	1425	1579	1914.36	2426
Iteration: 837	1425	1606	1915.78	2781
Iteration: 838	1425	1505	1881.4	2504
Iteration: 839	1425	1570	1890.64	2483
Iteration: 840	1425	1616	1884.96	2353
Iteration: 841	1425	1571	1903.52	2147
Iteration: 842	1425	1555	1928.82	2301
Iteration: 843	1425	1590	1906.96	2395
Iteration: 844	1425	1529	1860	2312
Iteration: 845	1425	1656	1920.4	2776
Iteration: 846	1425	1582	1887.74	2783
Iteration: 847	1425	1613	1909.82	2632
Iteration: 848	1425	1595	1891.12	2205
Iteration: 849	1425	1682	1930.54	2473
Iteration: 850	1425	1651	1957.12	2583
Iteration: 851	1425	1604	1937	2543
Iteration: 852	1425	1570	1878.98	2464
Iteration: 853	1425	1666	1965.06	2513
Iteration: 854	1425	1569	1877.2	2239
Iteration: 855	1425	1547	1897.6	2674
Iteration: 856	1425	1522	1890.74	2423
Iteration: 857	1425	1567	1878.72	2327
Iteration: 858	1425	1549	1875.14	2550
Iteration: 859	1425	1584	1945.58	2553
Iteration: 860	1425	1534	1878.26	2296
Iteration: 861	1425	1539	1879.48	2236
Iteration: 862	1425	1612	1911.88	2284
Iteration: 863	1425	1606	1886.5	2352
Iteration: 864	1425	1541	1915.22	2330
Iteration: 865	1425	1555	1878.76	2299
Iteration: 866	1425	1597	1914.76	2423
Iteration: 867	1425	1593	1876.28	2279
Iteration: 868	1425	1586	1902.76	2440
Iteration: 869	1425	1549	1903.6	2377
Iteration: 870	1425	1595	1889.34	2464
Iteration: 871	1425	1506	1881.64	2358
Iteration: 872	1425	1566	1909.54	2358
Iteration: 873	1425	1570	1905.06	2506
Iteration: 874	1425	1602	1965.18	2476
Iteration: 875	1425	1589	1912.2	2492
Iteration: 876	1425	1592	1869.64	2457
Iteration: 877	1425	1610	1873.32	2516
Iteration: 878	1425	1621	1945.32	2550
Iteration: 879	1425	1598	1916.74	2338
Iteration: 880	1425	1588	1872.88	2331
Iteration: 881	1425	1632	1891.8	2173
Iteration: 882	1425	1515	1919.84	2391
Iteration: 883	1425	1602	1939.52	2366
Iteration: 884	1425	1606	1917.12	2499
Iteration: 885	1425	1550	1899.34	2269
Iteration: 886	1425	1645	1898.72	2672
Iteration: 887	1425	1643	1926.12	2360
Iteration: 888	1425	1468	1918.1	2376
Iteration: 889	1425	1556	1902.36	2337
Iteration: 890	1425	1605	1888.6	2647
Iteration: 891	1425	1595	1921	2336
Iteration: 892	1425	1609	1892.68	2423
Iteration: 893	1425	1656	1924.82	2338
Iteration: 894	1425	1487	1933.3	2433
Iteration: 895	1425	1604	1876.08	2647
Iteration: 896	1425	1581	1903.82	2439
Iteration: 897	1425	1658	1951.38	2544
Iteration: 898	1425	1620	1909.18	2389
Iteration: 899	1425	1593	1885.98	2427
Iteration: 900	1425	1589	1917.46	2360
Iteration: 901	1425	1536	1917.32	2280
Iteration: 902	1425	1583	1891.42	2588
Iteration: 903	1425	1564	1893.62	2409
Iteration: 904	1425	1563	1936.64	2275
Iteration: 905	1425	1599	1952.92	2410
Iteration: 906	1425	1571	1942.42	2415
Iteration: 907	1425	1631	1887.54	2345
Iteration: 908	1425	1671	1919.6	2366
Iteration: 909	1425	1619	1940.86	2350
Iteration: 910	1425	1616	1944.98	2536
Iteration: 911	1425	1656	1949.24	2530
Iteration: 912	1425	1589	1930.8	2382
Iteration: 913	1425	1558	1897.38	2439
Iteration: 914	1425	1526	1900.8	2306
Iteration: 915	1425	1649	1866.26	2291
Iteration: 916	1425	1604	1933.78	2514
Iteration: 917	1425	1566	1859.04	2514
Iteration: 918	1425	1539	1913.76	2512
Iteration: 919	1425	1613	1875.26	2283
Iteration: 920	1425	1611	1925.38	2542
Iteration: 921	1425	1683	1890.46	2399
Iteration: 922	1425	1665	1970.18	2368
Iteration: 923	1425	1656	1942.86	2383
Iteration: 924	1425	1576	1933.42	2428
Iteration: 925	1425	1591	1924.82	2304
Iteration: 926	1425	1600	1907.82	2482
Iteration: 927	1425	1627	1884.22	2433
Iteration: 928	1425	1598	1876.56	2300
Iteration: 929	1425	1538	1885.02	2430
Iteration: 930	1425	1607	1891.12	2519
Iteration: 931	1425	1570	1912.22	2507
Iteration: 932	1425	1577	1858.34	2672
Iteration: 933	1425	1560	1947.66	2583
Iteration: 934	1425	1596	1893.12	2357
Iteration: 935	1425	1598	1875.72	2438
Iteration: 936	1425	1657	1885.62	2386
Iteration: 937	1425	1601	1923.02	2328
Iteration: 938	1425	1619	1904.7	2454
Iteration: 939	1425	1580	1919.3	2664
Iteration: 940	1425	1569	1856.76	2376
Iteration: 941	1425	1462	1896.94	2458
Iteration: 942	1425	1605	1922.54	2413
Iteration: 943	1425	1561	1889.5	2476
Iteration: 944	1425	1595	1888.48	2301
Iteration: 945	1425	1579	1904.44	2300
Iteration: 946	1425	1624	1886.1	2329
Iteration: 947	1425	1593	1944.6	2543
Iteration: 948	1425	1602	1886.72	2385
Iteration: 949	1425	1522	1928.14	2480
Iteration: 950	1425	1553	1908.76	2658
Iteration: 951	1425	1603	1907.62	2456
Iteration: 952	1425	1542	1865.02	2484
Iteration: 953	1425	1580	1874.98	2241
Iteration: 954	1425	1659	1929.06	2540
Iteration: 955	1425	1611	1930.76	2443
Iteration: 956	1425	1677	1921	2546
Iteration: 957	1425	1658	1867.58	2220
Iteration: 958	1425	1596	1935.66	2413
Iteration: 959	1425	1513	1881.48	2380
Iteration: 960	1425	1634	1941.48	2698
Iteration: 961	1425	1551	1901.66	2581
Iteration: 962	1425	1616	1925.38	2428
Iteration: 963	1425	1602	1970.92	2575
Iteration: 964	1425	1638	1903.32	2422
Iteration: 965	1425	1487	1920.34	2581
Iteration: 966	1425	1658	1907.04	2243
Iteration: 967	1425	1600	1914.26	2395
Iteration: 968	1425	1651	1933.1	2378
Iteration: 969	1425	1650	1913.92	2421
Iteration: 970	1425	1604	1884.34	2459
Iteration: 971	1425	1547	1902.26	2287
Iteration: 972	1425	1589	1899.82	2651
Iteration: 973	1425	1607	1921.2	2363
Iteration: 974	1425	1598	1916.88	2655
Iteration: 975	1425	1561	1904.58	2338
Iteration: 976	1425	1505	1902.82	2278
Iteration: 977	1425	1610	1923.28	2253
Iteration: 978	1425	1546	1914.22	2461
Iteration: 979	1425	1583	1859.02	2371
Iteration: 980	1425	1600	1940.52	2345
Iteration: 981	1425	1641	1884.18	2536
Iteration: 982	1425	1582	1924.78	2508
Iteration: 983	1425	1540	1911.46	2324
Iteration: 984	1425	1521	1870.9	2381
Iteration: 985	1425	1542	1866.52	2301
Iteration: 986	1425	1665	1897.44	2372
Iteration: 987	1425	1676	1937.38	2600
Iteration: 988	1425	1633	1896.7	2365
Iteration: 989	1425	1573	1919.56	2431
Iteration: 990	1425	1616	1906.22	2445
Iteration: 991	1425	1614	1875.34	2473
Iteration: 992	1425	1576	1894.12	2432
Iteration: 993	1425	1662	1927.76	2522
Iteration: 994	1425	1535	1873.92	2479
Iteration: 995	1425	1562	1889.94	2875
Iteration: 996	1425	1462	1905.24	2472
Iteration: 997	1425	1576	1968.42	2474
Iteration: 998	1425	1553	1901.46	2867
Iteration: 999	1425	1546	1905.86	2436
