Iteration: 0	1537	1537	1980.18	2488
Iteration: 1	1537	1635	1889.4	2570
Iteration: 2	1537	1605	1876.64	2389
Iteration: 3	1537	1574	1886.3	2430
Iteration: 4	1537	1561	1856.3	2570
Iteration: 5	1537	1556	1883.54	2283
Iteration: 6	1537	1658	1872.68	2309
Iteration: 7	1498	1498	1902.44	2829
Iteration: 8	1498	1570	1892.26	2323
Iteration: 9	1498	1568	1936.76	2375
Iteration: 10	1498	1617	1884.54	2239
Iteration: 11	1498	1642	1914.06	2386
Iteration: 12	1498	1564	1879.18	2651
Iteration: 13	1498	1671	1897.86	2346
Iteration: 14	1498	1648	1882.4	2303
Iteration: 15	1498	1611	1863.14	2263
Iteration: 16	1498	1626	1868.74	2214
Iteration: 17	1498	1561	1909.64	2474
Iteration: 18	1498	1653	1918.2	2330
Iteration: 19	1498	1673	1951.4	2520
Iteration: 20	1498	1597	1856.62	2364
Iteration: 21	1498	1611	1858.54	2190
Iteration: 22	1498	1617	1904.32	2569
Iteration: 23	1498	1633	1879.68	2334
Iteration: 24	1498	1558	1862.92	2308
Iteration: 25	1498	1524	1900.7	2449
Iteration: 26	1498	1592	1929.26	2454
Iteration: 27	1498	1571	1890.2	2509
Iteration: 28	1498	1570	1856.26	2409
Iteration: 29	1498	1604	1853.66	2235
Iteration: 30	1498	1609	1938.44	2361
Iteration: 31	1498	1605	1885.74	2478
Iteration: 32	1498	1567	1889.72	2383
Iteration: 33	1498	1568	1879.34	2423
Iteration: 34	1498	1673	1951.46	2717
Iteration: 35	1498	1590	1935.38	2546
Iteration: 36	1498	1526	1887.62	2320
Iteration: 37	1498	1593	1903.6	2438
Iteration: 38	1498	1584	1932.98	2373
Iteration: 39	1498	1547	1907.86	2346
Iteration: 40	1498	1603	1917.48	2683
Iteration: 41	1498	1541	1893.02	2208
Iteration: 42	1498	1577	1913.02	2658
Iteration: 43	1498	1532	1860.72	2535
Iteration: 44	1498	1523	1912.3	2562
Iteration: 45	1498	1636	1920.6	2468
Iteration: 46	1498	1527	1898.64	2458
Iteration: 47	1498	1588	1915.58	2450
Iteration: 48	1498	1570	1871.88	2389
Iteration: 49	1498	1596	1931.52	2360
Iteration: 50	1498	1528	1917.74	2340
Iteration: 51	1498	1587	1915.46	2406
Iteration: 52	1498	1619	1888.3	2245
Iteration: 53	1498	1521	1877.26	2469
Iteration: 54	1498	1540	1946	2488
Iteration: 55	1498	1671	1945.86	2558
Iteration: 56	1498	1637	1911.1	2276
Iteration: 57	1498	1604	1853.56	2313
Iteration: 58	1498	1572	1883.82	2516
Iteration: 59	1498	1651	1923.54	2493
Iteration: 60	1498	1662	1918.38	2703
Iteration: 61	1498	1585	1860.58	2275
Iteration: 62	1498	1528	1922.32	2353
Iteration: 63	1498	1658	1962.16	2535
Iteration: 64	1498	1614	1924.84	2326
Iteration: 65	1498	1604	1884.32	2382
Iteration: 66	1498	1574	1849.54	2202
Iteration: 67	1498	1599	1903.74	2205
Iteration: 68	1498	1589	1874.86	2418
Iteration: 69	1498	1590	1910.44	2367
Iteration: 70	1498	1529	1924.34	2393
Iteration: 71	1498	1585	1906.86	2552
Iteration: 72	1498	1542	1855.86	2264
Iteration: 73	1457	1457	1902.02	2358
Iteration: 74	1457	1607	1909.48	2694
Iteration: 75	1457	1609	1888.7	2274
Iteration: 76	1457	1642	1892.5	2383
Iteration: 77	1457	1601	1911.94	2415
Iteration: 78	1457	1552	1923.94	2242
Iteration: 79	1457	1600	1916.74	2294
Iteration: 80	1457	1626	1909.9	2263
Iteration: 81	1457	1643	1904.66	2394
Iteration: 82	1457	1573	1887.92	2440
Iteration: 83	1457	1594	1903.14	2306
Iteration: 84	1457	1600	1887.1	2715
Iteration: 85	1457	1621	1921.26	2505
Iteration: 86	1457	1599	1926.9	2381
Iteration: 87	1457	1595	1890.14	2313
Iteration: 88	1457	1590	1890.92	2385
Iteration: 89	1457	1624	1910.86	2442
Iteration: 90	1457	1654	1925.18	2791
Iteration: 91	1457	1640	1895.62	2222
Iteration: 92	1457	1650	1923.48	2449
Iteration: 93	1457	1610	1886.76	2548
Iteration: 94	1457	1567	1891.36	2410
Iteration: 95	1457	1555	1892.06	2373
Iteration: 96	1457	1638	1905.2	2378
Iteration: 97	1457	1607	1909.74	2517
Iteration: 98	1457	1590	1932.24	2337
Iteration: 99	1457	1593	1924.18	2337
Iteration: 100	1457	1541	1896.26	2379
Iteration: 101	1457	1629	1946.28	2391
Iteration: 102	1457	1666	1924.4	2220
Iteration: 103	1457	1580	1879.16	2433
Iteration: 104	1457	1632	1927.5	2344
Iteration: 105	1457	1620	1906.42	2707
Iteration: 106	1457	1523	1894.36	2825
Iteration: 107	1457	1545	1898.38	2801
Iteration: 108	1457	1556	1871.5	2301
Iteration: 109	1457	1614	1921.58	2312
Iteration: 110	1457	1610	1862.18	2223
Iteration: 111	1457	1653	1939.62	2372
Iteration: 112	1457	1571	1916.26	2634
Iteration: 113	1457	1531	1891.82	2465
Iteration: 114	1457	1670	1877.04	2312
Iteration: 115	1457	1628	1881.74	2538
Iteration: 116	1457	1596	1918.9	2426
Iteration: 117	1457	1608	1890.18	2276
Iteration: 118	1457	1579	1904.92	2438
Iteration: 119	1457	1535	1891.58	2319
Iteration: 120	1457	1654	1919.38	2296
Iteration: 121	1457	1625	1965.54	2566
Iteration: 122	1457	1531	1879.84	2858
Iteration: 123	1457	1646	1926.7	2511
Iteration: 124	1457	1640	1946.84	2515
Iteration: 125	1457	1492	1905.7	2454
Iteration: 126	1457	1594	1860.98	2371
Iteration: 127	1457	1556	1908.44	2401
Iteration: 128	1457	1632	1873.38	2311
Iteration: 129	1457	1606	1946.22	2419
Iteration: 130	1457	1608	1931.72	2367
Iteration: 131	1457	1593	1902.92	2673
Iteration: 132	1457	1596	1893.62	2270
Iteration: 133	1457	1616	1924.4	2418
Iteration: 134	1457	1604	1933.32	2298
Iteration: 135	1457	1639	1937.5	2538
Iteration: 136	1457	1631	1867.92	2258
Iteration: 137	1457	1599	1943.04	2344
Iteration: 138	1457	1590	1880.62	2347
Iteration: 139	1457	1614	1909.72	2280
Iteration: 140	1457	1563	1900.72	2548
Iteration: 141	1457	1537	1935.34	2466
Iteration: 142	1457	1585	1910.14	2370
Iteration: 143	1457	1594	1912.04	2635
Iteration: 144	1457	1537	1876.52	2407
Iteration: 145	1457	1538	1909.28	2777
Iteration: 146	1457	1565	1860.82	2269
Iteration: 147	1457	1544	1879.76	2222
Iteration: 148	1457	1535	1909.66	2553
Iteration: 149	1457	1615	1895.48	2655
Iteration: 150	1457	1582	1863.86	2216
Iteration: 151	1457	1691	1984.96	2552
Iteration: 152	1457	1568	1889.62	2796
Iteration: 153	1457	1617	1919.84	2452
Iteration: 154	1457	1589	1915.76	2454
Iteration: 155	1457	1572	1939.48	2411
Iteration: 156	1457	1554	1869.78	2433
Iteration: 157	1457	1642	1920.72	2408
Iteration: 158	1457	1537	1947.72	2381
Iteration: 159	1457	1581	1908.06	2323
Iteration: 160	1457	1599	1892.36	2534
Iteration: 161	1457	1639	1927.5	2448
Iteration: 162	1457	1514	1888.44	2537
Iteration: 163	1457	1613	1881.78	2159
Iteration: 164	1457	1581	1892	2382
Iteration: 165	1457	1536	1907.18	2267
Iteration: 166	1457	1650	1926.58	2746
Iteration: 167	1457	1618	1912.84	2442
Iteration: 168	1457	1568	1844.64	2212
Iteration: 169	1457	1528	1914.32	2622
Iteration: 170	1457	1564	1886.38	2470
Iteration: 171	1457	1585	1862.98	2314
Iteration: 172	1457	1623	1917.98	2371
Iteration: 173	1457	1588	1946.76	2448
Iteration: 174	1457	1599	1901.06	2498
Iteration: 175	1457	1558	1954.24	2695
Iteration: 176	1457	1569	1869.88	2419
Iteration: 177	1457	1588	1909.1	2429
Iteration: 178	1457	1602	1879.06	2384
Iteration: 179	1457	1593	1895.04	2408
Iteration: 180	1457	1620	1915.54	2593
Iteration: 181	1457	1495	1927.74	2707
Iteration: 182	1457	1598	1936.66	2432
Iteration: 183	1457	1588	1928.46	2465
Iteration: 184	1457	1602	1907.1	2323
Iteration: 185	1457	1607	1916.56	2492
Iteration: 186	1457	1521	1874.68	2246
Iteration: 187	1457	1593	1945.56	2683
Iteration: 188	1457	1588	1884.88	2272
Iteration: 189	1457	1537	1903.72	2486
Iteration: 190	1457	1606	1908.88	2403
Iteration: 191	1457	1638	1976.04	2474
Iteration: 192	1457	1630	1892.16	2584
Iteration: 193	1457	1626	1912.82	2503
Iteration: 194	1457	1507	1883.74	2287
Iteration: 195	1457	1528	1922.36	2306
Iteration: 196	1457	1651	1895.58	2361
Iteration: 197	1457	1584	1936.14	2347
Iteration: 198	1457	1596	1932.94	2545
Iteration: 199	1457	1551	1929.06	2344
Iteration: 200	1457	1572	1951.4	2428
Iteration: 201	1457	1661	1908.74	2330
Iteration: 202	1457	1460	1901.36	2364
Iteration: 203	1457	1598	1912.04	2551
Iteration: 204	1457	1650	1892.66	2594
Iteration: 205	1457	1549	1903	2611
Iteration: 206	1457	1589	1910.3	2381
Iteration: 207	1457	1658	1923.3	2348
Iteration: 208	1457	1608	1879.02	2330
Iteration: 209	1457	1594	1926.42	2705
Iteration: 210	1457	1549	1900.74	2397
Iteration: 211	1457	1621	1926.48	2470
Iteration: 212	1457	1608	1927.12	2324
Iteration: 213	1457	1531	1851.72	2342
Iteration: 214	1457	1662	1897.46	2658
Iteration: 215	1457	1572	1914.48	2439
Iteration: 216	1457	1642	1938.9	2598
Iteration: 217	1457	1578	1931.62	2505
Iteration: 218	1457	1617	1887.68	2353
Iteration: 219	1457	1527	1881.32	2210
Iteration: 220	1457	1590	1931.74	2484
Iteration: 221	1457	1570	1866.34	2293
Iteration: 222	1457	1606	1932.86	2526
Iteration: 223	1457	1604	1906.9	2281
Iteration: 224	1457	1591	1865.28	2226
Iteration: 225	1457	1562	1934.24	2389
Iteration: 226	1457	1652	1935.62	2471
Iteration: 227	1457	1583	1913.98	2353
Iteration: 228	1457	1530	1899.84	2565
Iteration: 229	1457	1568	1895.04	2404
Iteration: 230	1457	1554	1865.02	2274
Iteration: 231	1457	1611	1941.7	2914
Iteration: 232	1457	1626	1933.92	2517
Iteration: 233	1457	1607	1923.84	2338
Iteration: 234	1457	1543	1900.74	2308
Iteration: 235	1457	1676	1914.34	2453
Iteration: 236	1457	1567	1904.32	2461
Iteration: 237	1457	1565	1909.4	2217
Iteration: 238	1457	1570	1864.78	2346
Iteration: 239	1457	1542	1867.22	2526
Iteration: 240	1457	1574	1946.92	2425
Iteration: 241	1457	1601	1930.48	2557
Iteration: 242	1457	1666	1890.42	2158
Iteration: 243	1457	1596	1881.82	2261
Iteration: 244	1457	1586	1905.3	2410
Iteration: 245	1457	1531	1904.62	2380
Iteration: 246	1457	1512	1884.1	2319
Iteration: 247	1457	1576	1891	2253
Iteration: 248	1457	1593	1983	2618
Iteration: 249	1457	1622	1873.7	2284
Iteration: 250	1457	1630	1936.68	2810
Iteration: 251	1457	1632	1901.8	2465
Iteration: 252	1457	1553	1875.16	2340
Iteration: 253	1457	1650	1894.72	2447
Iteration: 254	1457	1514	1869	2322
Iteration: 255	1457	1603	1893.14	2206
Iteration: 256	1457	1582	1910.18	2395
Iteration: 257	1457	1600	1925.52	2479
Iteration: 258	1457	1605	1873.38	2370
Iteration: 259	1457	1596	1907.82	2280
Iteration: 260	1457	1631	1861.44	2337
Iteration: 261	1457	1598	1904.52	2300
Iteration: 262	1457	1582	1937.12	2413
Iteration: 263	1457	1537	1933.46	2533
Iteration: 264	1457	1577	1889.1	2220
Iteration: 265	1457	1560	1875.64	2459
Iteration: 266	1457	1557	1898.08	2457
Iteration: 267	1457	1577	1901.54	2372
Iteration: 268	1457	1618	1946.68	2506
Iteration: 269	1457	1540	1915.44	2449
Iteration: 270	1457	1611	1940.92	2788
Iteration: 271	1457	1582	1901.26	2565
Iteration: 272	1457	1601	1888.04	2724
Iteration: 273	1457	1562	1910.7	2382
Iteration: 274	1457	1652	1902.42	2357
Iteration: 275	1457	1619	1911.52	2651
Iteration: 276	1457	1605	1925.18	2259
Iteration: 277	1457	1557	1871.66	2357
Iteration: 278	1457	1471	1882.72	2427
Iteration: 279	1457	1647	1872.62	2352
Iteration: 280	1457	1598	1907.86	2281
Iteration: 281	1457	1633	1921.62	2538
Iteration: 282	1457	1618	1960.02	2458
Iteration: 283	1457	1635	1964.9	2423
Iteration: 284	1457	1574	1893.3	2365
Iteration: 285	1457	1559	1919.72	2555
Iteration: 286	1457	1586	1893.56	2313
Iteration: 287	1457	1573	1890.3	2275
Iteration: 288	1457	1611	1891.04	2370
Iteration: 289	1457	1594	1885.02	2223
Iteration: 290	1457	1596	1909.44	2204
Iteration: 291	1457	1644	1925.26	2441
Iteration: 292	1457	1633	1892.72	2189
Iteration: 293	1457	1661	1943.48	2583
Iteration: 294	1457	1580	1860.74	2472
Iteration: 295	1457	1517	1875.54	2220
Iteration: 296	1457	1614	1919.3	2402
Iteration: 297	1457	1569	1895.8	2384
Iteration: 298	1457	1625	1929.3	2468
Iteration: 299	1457	1547	1894.74	2294
Iteration: 300	1457	1599	1893.9	2283
Iteration: 301	1457	1671	1909.3	2380
Iteration: 302	1457	1548	1867.54	2461
Iteration: 303	1457	1576	1882.84	2265
Iteration: 304	1450	1450	1900.3	2344
Iteration: 305	1450	1635	1937.7	2331
Iteration: 306	1450	1653	1911.92	2528
Iteration: 307	1450	1576	1908.2	2212
Iteration: 308	1450	1574	1873.98	2350
Iteration: 309	1450	1581	1916.26	2273
Iteration: 310	1450	1526	1888.56	2437
Iteration: 311	1450	1623	1947.78	2565
Iteration: 312	1450	1592	1941.34	2420
Iteration: 313	1450	1545	1894.7	2285
Iteration: 314	1450	1658	1956.94	2439
Iteration: 315	1450	1649	1867.62	2354
Iteration: 316	1450	1584	1902.78	2606
Iteration: 317	1450	1638	1951.64	2548
Iteration: 318	1450	1608	1896.84	2189
Iteration: 319	1450	1583	1882.28	2456
Iteration: 320	1450	1556	1913.82	2372
Iteration: 321	1450	1637	1940.86	2505
Iteration: 322	1450	1674	1931.12	2422
Iteration: 323	1450	1543	1933.02	2467
Iteration: 324	1450	1590	1889.82	2695
Iteration: 325	1450	1605	1926.2	2497
Iteration: 326	1450	1550	1931.56	2872
Iteration: 327	1450	1554	1850.72	2317
Iteration: 328	1450	1485	1869.8	2378
Iteration: 329	1450	1593	1894.46	2312
Iteration: 330	1450	1589	1903.22	2840
Iteration: 331	1450	1592	1875.18	2228
Iteration: 332	1450	1596	1857.26	2275
Iteration: 333	1450	1544	1874.5	2257
Iteration: 334	1450	1573	1886.98	2251
Iteration: 335	1450	1580	1890.66	2485
Iteration: 336	1450	1565	1885.66	2672
Iteration: 337	1450	1628	1902.64	2750
Iteration: 338	1450	1517	1861.5	2341
Iteration: 339	1450	1559	1908.58	2438
Iteration: 340	1450	1543	1925.36	2394
Iteration: 341	1450	1501	1898.76	2390
Iteration: 342	1450	1639	1893.78	2381
Iteration: 343	1450	1616	1881.72	2267
Iteration: 344	1450	1535	1909.28	2394
Iteration: 345	1450	1577	1922.16	2447
Iteration: 346	1450	1560	1915.12	2349
Iteration: 347	1450	1554	1911.32	2395
Iteration: 348	1450	1593	1911.32	2445
Iteration: 349	1450	1596	1925	2690
Iteration: 350	1450	1602	1924.68	2579
Iteration: 351	1450	1591	1901.18	2390
Iteration: 352	1450	1509	1879.84	2243
Iteration: 353	1450	1607	1910.48	2308
Iteration: 354	1450	1551	1960.34	2411
Iteration: 355	1450	1602	1923.16	2329
Iteration: 356	1450	1596	1919.72	2466
Iteration: 357	1450	1598	1906.74	2493
Iteration: 358	1450	1610	1877.14	2197
Iteration: 359	1450	1622	1954.76	2561
Iteration: 360	1450	1590	1973.16	2473
Iteration: 361	1450	1581	1920.84	2603
Iteration: 362	1450	1624	1895.84	2535
Iteration: 363	1450	1612	1854.96	2224
Iteration: 364	1450	1586	1910.66	2553
Iteration: 365	1450	1592	1923.38	2310
Iteration: 366	1450	1573	1885.66	2543
Iteration: 367	1450	1565	1918.04	2347
Iteration: 368	1450	1611	1898.2	2536
Iteration: 369	1450	1626	1927.42	2444
Iteration: 370	1450	1597	1957.86	2613
Iteration: 371	1450	1611	1913.76	2498
Iteration: 372	1450	1659	1964.02	2497
Iteration: 373	1450	1527	1937.06	2512
Iteration: 374	1450	1616	1913.4	2287
Iteration: 375	1450	1537	1864.44	2399
Iteration: 376	1450	1617	1895.74	2444
Iteration: 377	1450	1622	1881.58	2389
Iteration: 378	1450	1613	1928.4	2482
Iteration: 379	1450	1525	1912.98	2439
Iteration: 380	1450	1624	1878.16	2517
Iteration: 381	1450	1594	1883.26	2642
Iteration: 382	1450	1583	1921	2268
Iteration: 383	1450	1627	1917.64	2851
Iteration: 384	1450	1530	1883.28	2548
Iteration: 385	1450	1592	1914.62	2634
Iteration: 386	1450	1632	1891.16	2535
Iteration: 387	1450	1687	1878.5	2565
Iteration: 388	1450	1633	1899.58	2306
Iteration: 389	1450	1571	1837.52	2208
Iteration: 390	1450	1612	1863.04	2255
Iteration: 391	1450	1616	1879.16	2209
Iteration: 392	1450	1529	1893.52	2546
Iteration: 393	1450	1551	1919.76	2614
Iteration: 394	1450	1555	1993.58	2438
Iteration: 395	1450	1636	1897.12	2314
Iteration: 396	1450	1558	1922.68	2689
Iteration: 397	1450	1541	1873.4	2511
Iteration: 398	1450	1652	1913.5	2357
Iteration: 399	1450	1612	1866.16	2237
Iteration: 400	1450	1557	1924.86	2470
Iteration: 401	1450	1591	1913.7	2646
Iteration: 402	1450	1505	1926.8	2372
Iteration: 403	1450	1637	1890.88	2232
Iteration: 404	1450	1542	1937.78	2498
Iteration: 405	1450	1623	1860.76	2254
Iteration: 406	1450	1566	1938.94	2811
Iteration: 407	1450	1639	1924.06	2541
Iteration: 408	1450	1665	1915.66	2419
Iteration: 409	1450	1576	1916.46	2569
Iteration: 410	1450	1596	1928.8	2334
Iteration: 411	1450	1608	1898.58	2496
Iteration: 412	1450	1594	1913.44	2394
Iteration: 413	1450	1585	1891.52	2290
Iteration: 414	1450	1512	1880.88	2342
Iteration: 415	1450	1525	1873.08	2403
Iteration: 416	1450	1506	1890.98	2407
Iteration: 417	1450	1593	1919.48	2240
Iteration: 418	1450	1633	1875.04	2454
Iteration: 419	1450	1571	1911.34	2359
Iteration: 420	1450	1645	1878.92	2427
Iteration: 421	1450	1583	1905.74	2483
Iteration: 422	1450	1624	1913.08	2421
Iteration: 423	1450	1608	1910.1	2517
Iteration: 424	1450	1604	1887.06	2304
Iteration: 425	1450	1603	1887.54	2233
Iteration: 426	1450	1640	1897.54	2407
Iteration: 427	1450	1560	1873.66	2492
Iteration: 428	1450	1635	1905.36	2397
Iteration: 429	1450	1601	1893.04	2331
Iteration: 430	1450	1619	1904.14	2415
Iteration: 431	1450	1656	1940.48	2272
Iteration: 432	1450	1669	1947.1	2696
Iteration: 433	1450	1504	1876.84	2354
Iteration: 434	1450	1583	1901.7	2514
Iteration: 435	1450	1605	1887.22	2344
Iteration: 436	1450	1610	1901.7	2322
Iteration: 437	1450	1634	1954.6	2513
Iteration: 438	1450	1632	1932.8	2388
Iteration: 439	1450	1602	1892.2	2727
Iteration: 440	1450	1504	1896.42	2588
Iteration: 441	1450	1619	1890.18	2609
Iteration: 442	1450	1591	1894.4	2351
Iteration: 443	1450	1588	1901.6	2435
Iteration: 444	1450	1569	1895.08	2296
Iteration: 445	1450	1579	1927.34	2539
Iteration: 446	1450	1541	1864.56	2407
Iteration: 447	1450	1655	1934.98	2385
Iteration: 448	1450	1545	1886.88	2333
Iteration: 449	1450	1534	1874.78	2457
Iteration: 450	1450	1604	1913.68	2246
Iteration: 451	1450	1546	1924.5	2691
Iteration: 452	1450	1555	1898.8	2353
Iteration: 453	1450	1548	1889.6	2279
Iteration: 454	1450	1591	1935.98	2471
Iteration: 455	1450	1651	1900.36	2232
Iteration: 456	1450	1538	1889.02	2202
Iteration: 457	1450	1608	1911.88	2369
Iteration: 458	1450	1584	1927.68	2413
Iteration: 459	1450	1668	1935.18	2380
Iteration: 460	1450	1603	1935.48	2474
Iteration: 461	1450	1635	1929.36	2576
Iteration: 462	1450	1617	1900.98	2595
Iteration: 463	1450	1620	1925.94	2531
Iteration: 464	1450	1585	1883.04	2542
Iteration: 465	1450	1595	1952.44	2561
Iteration: 466	1450	1626	1983.68	2575
Iteration: 467	1450	1539	1948.34	2558
Iteration: 468	1450	1608	1923.02	2576
Iteration: 469	1450	1553	1868.78	2299
Iteration: 470	1450	1650	1920.54	2361
Iteration: 471	1450	1560	1915.08	2476
Iteration: 472	1450	1622	1922.48	2516
Iteration: 473	1450	1619	1928.08	2310
Iteration: 474	1450	1617	1915.86	2377
Iteration: 475	1450	1583	1890.8	2582
Iteration: 476	1450	1564	1908	2423
Iteration: 477	1450	1586	1888.84	2174
Iteration: 478	1450	1654	1958.56	2515
Iteration: 479	1450	1592	1925.92	2819
Iteration: 480	1450	1546	1932.48	2446
Iteration: 481	1450	1571	1880.96	2387
Iteration: 482	1450	1553	1923.3	2868
Iteration: 483	1450	1640	1928.2	2969
Iteration: 484	1450	1591	1885.92	2353
Iteration: 485	1450	1578	1893.2	2336
Iteration: 486	1450	1632	1916.9	2376
Iteration: 487	1450	1579	1904.44	2823
Iteration: 488	1450	1597	1959.4	2496
Iteration: 489	1450	1557	1888.78	2309
Iteration: 490	1450	1579	1854.08	2350
Iteration: 491	1450	1503	1943.7	2419
Iteration: 492	1450	1639	1927.6	2444
Iteration: 493	1450	1589	1875.02	2224
Iteration: 494	1450	1626	1910.22	2235
Iteration: 495	1450	1602	1883.38	2505
Iteration: 496	1450	1610	1887.58	2631
Iteration: 497	1450	1593	1879.92	2529
Iteration: 498	1450	1508	1886.18	2607
Iteration: 499	1450	1604	1935.9	2542
Iteration: 500	1450	1550	1921.8	2375
Iteration: 501	1450	1575	1838.66	2319
Iteration: 502	1450	1578	1906.12	2233
Iteration: 503	1450	1519	1932.6	2500
Iteration: 504	1450	1609	1947.56	2572
Iteration: 505	1450	1530	1915.54	2233
Iteration: 506	1450	1598	1904.2	2390
Iteration: 507	1450	1580	1935.02	2420
Iteration: 508	1450	1572	1862.8	2279
Iteration: 509	1450	1560	1918.28	2419
Iteration: 510	1450	1547	1911.7	2430
Iteration: 511	1450	1616	1915.4	2425
Iteration: 512	1450	1547	1913.36	2446
Iteration: 513	1450	1547	1905.08	2354
Iteration: 514	1450	1616	1932.34	2374
Iteration: 515	1450	1582	1925.74	2343
Iteration: 516	1450	1574	1910.06	2589
Iteration: 517	1450	1576	1923.46	2492
Iteration: 518	1450	1595	1926.24	2350
Iteration: 519	1450	1577	1875.88	2383
Iteration: 520	1450	1590	1896.7	2354
Iteration: 521	1450	1573	1917.88	2563
Iteration: 522	1450	1585	1896.32	2255
Iteration: 523	1450	1554	1908.04	2638
Iteration: 524	1450	1578	1969.74	2488
Iteration: 525	1450	1619	1934.68	2717
Iteration: 526	1450	1610	1889.6	2381
Iteration: 527	1450	1552	1913.06	2587
Iteration: 528	1450	1572	1875.28	2244
Iteration: 529	1450	1638	1913.28	2450
Iteration: 530	1450	1496	1931.14	2376
Iteration: 531	1450	1523	1929.12	2265
Iteration: 532	1450	1549	1865.56	2319
Iteration: 533	1450	1610	1918.84	2555
Iteration: 534	1450	1560	1906.6	2391
Iteration: 535	1450	1614	1917.42	2380
Iteration: 536	1450	1637	1930.12	2380
Iteration: 537	1450	1588	1938.94	2583
Iteration: 538	1450	1615	1890.24	2379
Iteration: 539	1450	1605	1907.44	2499
Iteration: 540	1450	1622	1897.68	2425
Iteration: 541	1450	1648	1946.48	2790
Iteration: 542	1450	1635	1893.68	2372
Iteration: 543	1450	1644	1924.34	2281
Iteration: 544	1450	1592	1946.44	2459
Iteration: 545	1450	1488	1877.5	2420
Iteration: 546	1450	1630	1940.38	2436
Iteration: 547	1450	1629	1924.54	2279
Iteration: 548	1450	1566	1907.3	2717
Iteration: 549	1450	1623	1946.16	2479
Iteration: 550	1450	1593	1911.36	2537
Iteration: 551	1450	1557	1922.16	2450
Iteration: 552	1450	1616	1956.54	2431
Iteration: 553	1450	1600	1946.58	2334
Iteration: 554	1450	1592	1900.24	2361
Iteration: 555	1450	1500	1844.98	2210
Iteration: 556	1450	1606	1890.96	2403
Iteration: 557	1450	1568	1943.18	2482
Iteration: 558	1450	1604	1900.18	2874
Iteration: 559	1450	1583	1934.98	2468
Iteration: 560	1450	1562	1890.76	2525
Iteration: 561	1450	1526	1928.96	2380
Iteration: 562	1450	1586	1876	2534
Iteration: 563	1450	1583	1901.18	2774
Iteration: 564	1450	1615	1882.14	2486
Iteration: 565	1450	1628	1915.52	2279
Iteration: 566	1450	1586	1896.84	2757
Iteration: 567	1450	1660	1909.46	2366
Iteration: 568	1450	1643	1940.72	2321
Iteration: 569	1450	1581	1906.3	2466
Iteration: 570	1450	1574	1929.8	2435
Iteration: 571	1450	1649	1893.24	2569
Iteration: 572	1450	1586	1968.44	2656
Iteration: 573	1450	1610	1936.94	2406
Iteration: 574	1450	1574	1905.36	2402
Iteration: 575	1450	1608	1886.24	2964
Iteration: 576	1450	1550	1921.04	2432
Iteration: 577	1450	1580	1875.94	2464
Iteration: 578	1450	1523	1863.6	2217
Iteration: 579	1450	1600	1901.98	2434
Iteration: 580	1450	1591	1882.5	2364
Iteration: 581	1450	1641	1934.78	2593
Iteration: 582	1450	1616	1893.24	2438
Iteration: 583	1450	1574	1880.8	2256
Iteration: 584	1450	1576	1901.64	2432
Iteration: 585	1450	1556	1924.12	2417
Iteration: 586	1450	1581	1901.04	2660
Iteration: 587	1450	1604	1897.08	2493
Iteration: 588	1450	1628	1971.96	2523
Iteration: 589	1450	1606	1937	2486
Iteration: 590	1450	1536	1883.74	2330
Iteration: 591	1450	1577	1891.76	2574
Iteration: 592	1450	1590	1933.42	2494
Iteration: 593	1450	1610	1907.72	2488
Iteration: 594	1450	1611	1943.58	2971
Iteration: 595	1450	1486	1938.14	2506
Iteration: 596	1450	1587	1900.78	2409
Iteration: 597	1450	1557	1855.36	2422
Iteration: 598	1450	1674	1918.66	2416
Iteration: 599	1450	1546	1907.8	2261
Iteration: 600	1450	1602	1887.3	2240
Iteration: 601	1450	1603	1887.26	2257
Iteration: 602	1450	1608	1906.22	2317
Iteration: 603	1450	1515	1825.24	2207
Iteration: 604	1450	1629	1873.72	2292
Iteration: 605	1450	1642	1944.8	2576
Iteration: 606	1442	1442	1879.94	2360
Iteration: 607	1442	1644	1944.78	2277
Iteration: 608	1442	1579	1939.56	2689
Iteration: 609	1442	1504	1878.36	2459
Iteration: 610	1442	1615	1897.46	2337
Iteration: 611	1442	1610	1941.66	2604
Iteration: 612	1442	1589	1921.74	2516
Iteration: 613	1442	1667	1920.56	2430
Iteration: 614	1442	1561	1879.9	2410
Iteration: 615	1442	1584	1899.98	2373
Iteration: 616	1442	1569	1890.12	2412
Iteration: 617	1442	1589	1899.14	2347
Iteration: 618	1442	1510	1926.8	2565
Iteration: 619	1442	1553	1913.14	2531
Iteration: 620	1442	1565	1914.64	2210
Iteration: 621	1442	1616	1877.72	2448
Iteration: 622	1442	1603	1867.36	2234
Iteration: 623	1442	1500	1884.92	2334
Iteration: 624	1442	1617	1905.48	2391
Iteration: 625	1442	1540	1916.6	2785
Iteration: 626	1442	1575	1864.02	2296
Iteration: 627	1442	1596	1860.7	2371
Iteration: 628	1442	1601	1884.6	2510
Iteration: 629	1442	1615	1910.9	2566
Iteration: 630	1442	1631	1919.42	2646
Iteration: 631	1442	1628	1925.68	2599
Iteration: 632	1442	1551	1830.84	2215
Iteration: 633	1442	1622	1919.68	2475
Iteration: 634	1442	1550	1902.76	2580
Iteration: 635	1442	1663	1921.1	2345
Iteration: 636	1442	1568	1938.86	2570
Iteration: 637	1442	1524	1890.72	2357
Iteration: 638	1442	1583	1885.6	2639
Iteration: 639	1442	1560	1895.94	2234
Iteration: 640	1442	1522	1914.98	2497
Iteration: 641	1442	1624	1969.54	2599
Iteration: 642	1442	1578	1899.64	2370
Iteration: 643	1442	1678	1916.02	2416
Iteration: 644	1442	1651	1913.1	2361
Iteration: 645	1442	1617	1896.54	2444
Iteration: 646	1442	1546	1926.4	2538
Iteration: 647	1442	1614	1895.82	2442
Iteration: 648	1442	1525	1906.84	2584
Iteration: 649	1442	1597	1882.5	2381
Iteration: 650	1442	1598	1913.24	2461
Iteration: 651	1442	1582	1969.94	2532
Iteration: 652	1442	1551	1859.1	2481
Iteration: 653	1442	1510	1894.66	2366
Iteration: 654	1442	1578	1918.44	2782
Iteration: 655	1442	1623	1899.86	2356
Iteration: 656	1442	1537	1895.72	2738
Iteration: 657	1442	1645	1967.3	2831
Iteration: 658	1442	1569	1908.14	2365
Iteration: 659	1442	1591	1925.14	2384
Iteration: 660	1442	1538	1861.56	2361
Iteration: 661	1442	1621	1905.12	2394
Iteration: 662	1442	1483	1897.58	2365
Iteration: 663	1442	1571	1881.8	2285
Iteration: 664	1442	1544	1893.18	2426
Iteration: 665	1442	1629	1924.32	2632
Iteration: 666	1442	1496	1912.38	2477
Iteration: 667	1442	1566	1916.48	2328
Iteration: 668	1442	1557	1895.18	2225
Iteration: 669	1442	1530	1882.92	2480
Iteration: 670	1442	1610	1925.34	2384
Iteration: 671	1442	1620	1920.02	2416
Iteration: 672	1442	1652	1920.9	2774
Iteration: 673	1442	1528	1914.48	2506
Iteration: 674	1442	1621	1896.34	2383
Iteration: 675	1442	1587	1908.4	2856
Iteration: 676	1442	1581	1910.9	2615
Iteration: 677	1442	1602	1881.3	2380
Iteration: 678	1442	1598	1896.9	2380
Iteration: 679	1442	1594	1915.66	2430
Iteration: 680	1442	1561	1929.36	2551
Iteration: 681	1442	1565	1908.6	2402
Iteration: 682	1442	1633	1920.82	2190
Iteration: 683	1442	1629	1912.76	2317
Iteration: 684	1442	1599	1910.1	2197
Iteration: 685	1442	1532	1913.76	2319
Iteration: 686	1442	1556	1890.14	2450
Iteration: 687	1442	1554	1894.84	2393
Iteration: 688	1442	1611	1936.08	2416
Iteration: 689	1442	1642	1921.06	2638
Iteration: 690	1442	1641	1937.04	2542
Iteration: 691	1442	1529	1892.1	2680
Iteration: 692	1442	1623	1942.82	2780
Iteration: 693	1442	1568	1832.46	2245
Iteration: 694	1442	1653	1942.14	2591
Iteration: 695	1442	1606	1901.74	2783
Iteration: 696	1442	1620	1888	2393
Iteration: 697	1442	1641	1932.7	2486
Iteration: 698	1442	1583	1901.64	2303
Iteration: 699	1442	1538	1911.78	2650
Iteration: 700	1442	1593	1883.28	2425
Iteration: 701	1442	1557	1901.28	2437
Iteration: 702	1442	1487	1865.26	2371
Iteration: 703	1442	1551	1862.02	2409
Iteration: 704	1442	1645	1920.76	2485
Iteration: 705	1442	1610	1884.14	2456
Iteration: 706	1442	1625	1895	2279
Iteration: 707	1442	1631	1937.66	2421
Iteration: 708	1442	1606	1879.52	2541
Iteration: 709	1442	1600	1902.62	2588
Iteration: 710	1442	1607	1911.2	2315
Iteration: 711	1442	1568	1885.44	2406
Iteration: 712	1442	1570	1874.58	2507
Iteration: 713	1442	1586	1915.92	2322
Iteration: 714	1442	1617	1918.1	2233
Iteration: 715	1442	1632	1916.78	2653
Iteration: 716	1442	1592	1907.96	2457
Iteration: 717	1442	1588	1905.48	2575
Iteration: 718	1442	1563	1962.56	2614
Iteration: 719	1442	1606	1918.2	2684
Iteration: 720	1442	1575	1918.04	2366
Iteration: 721	1442	1620	1928.62	2356
Iteration: 722	1442	1592	1896.28	2466
Iteration: 723	1442	1631	1906.76	2518
Iteration: 724	1442	1659	1917.16	2943
Iteration: 725	1442	1495	1900.96	2476
Iteration: 726	1442	1555	1888.38	2268
Iteration: 727	1442	1526	1878.5	2403
Iteration: 728	1442	1665	1923.08	2457
Iteration: 729	1442	1600	1926.3	2481
Iteration: 730	1442	1551	1937.46	2368
Iteration: 731	1442	1590	1911.02	2442
Iteration: 732	1442	1519	1903.04	2301
Iteration: 733	1442	1652	1919.64	2409
Iteration: 734	1442	1635	1879.44	2301
Iteration: 735	1442	1570	1900.38	2430
Iteration: 736	1442	1594	1898.32	2460
Iteration: 737	1442	1608	1972.4	2716
Iteration: 738	1442	1552	1902.6	2705
Iteration: 739	1442	1548	1897.5	2594
Iteration: 740	1442	1634	1908.76	2334
Iteration: 741	1442	1641	1906.26	2359
Iteration: 742	1442	1628	1931.56	2235
Iteration: 743	1442	1675	1935.14	2369
Iteration: 744	1442	1548	1905.06	2385
Iteration: 745	1442	1607	1930.72	2613
Iteration: 746	1442	1577	1946.88	2805
Iteration: 747	1442	1599	1892.32	2355
Iteration: 748	1442	1614	1892.76	2639
Iteration: 749	1442	1633	1911.66	2399
Iteration: 750	1442	1673	1898.42	2487
Iteration: 751	1442	1483	1893.8	2394
Iteration: 752	1442	1636	1905.68	2305
Iteration: 753	1442	1514	1904.84	2404
Iteration: 754	1442	1629	1920.84	2386
Iteration: 755	1442	1615	1914.32	2449
Iteration: 756	1442	1653	1920.28	2464
Iteration: 757	1442	1489	1877.9	2474
Iteration: 758	1442	1633	1899.58	2237
Iteration: 759	1442	1602	1882.06	2150
Iteration: 760	1442	1510	1907.6	2615
Iteration: 761	1442	1590	1888.14	2277
Iteration: 762	1442	1594	1897.72	2379
Iteration: 763	1442	1598	1907.66	2330
Iteration: 764	1442	1611	1928.94	2393
Iteration: 765	1442	1533	1920.02	2403
Iteration: 766	1442	1654	1893.06	2701
Iteration: 767	1442	1594	1871.06	2619
Iteration: 768	1442	1596	1922.84	2417
Iteration: 769	1442	1585	1877.88	2480
Iteration: 770	1442	1602	1887.84	2439
Iteration: 771	1442	1569	1889.16	2554
Iteration: 772	1442	1648	1887.9	2564
Iteration: 773	1442	1627	1870.94	2327
Iteration: 774	1442	1487	1927.58	2411
Iteration: 775	1438	1438	1919.7	2316
Iteration: 776	1438	1609	1943.18	2354
Iteration: 777	1438	1594	1854.06	2277
Iteration: 778	1438	1593	1917.72	2387
Iteration: 779	1438	1517	1936.76	2656
Iteration: 780	1438	1616	1950.2	2732
Iteration: 781	1438	1601	1927.14	2341
Iteration: 782	1438	1527	1966.72	2671
Iteration: 783	1438	1595	1876.54	2637
Iteration: 784	1438	1640	1906.32	2375
Iteration: 785	1438	1604	1961.74	2571
Iteration: 786	1438	1544	1872.62	2393
Iteration: 787	1438	1590	1943.3	2680
Iteration: 788	1438	1540	1941.58	2442
Iteration: 789	1438	1682	1898.5	2171
Iteration: 790	1438	1547	1875.3	2610
Iteration: 791	1438	1657	1948.6	2519
Iteration: 792	1438	1628	1882.88	2314
Iteration: 793	1438	1651	1921.4	2318
Iteration: 794	1438	1638	1935.88	2933
Iteration: 795	1438	1654	1938.7	2349
Iteration: 796	1438	1587	1927.66	2340
Iteration: 797	1438	1609	1932.64	2653
Iteration: 798	1438	1599	1884.28	2297
Iteration: 799	1438	1593	1873.72	2381
Iteration: 800	1438	1562	1912.28	2730
Iteration: 801	1438	1648	1893.48	2227
Iteration: 802	1438	1594	1882.3	2276
Iteration: 803	1438	1531	1913.94	2355
Iteration: 804	1438	1616	1875.04	2326
Iteration: 805	1438	1629	1909.72	2609
Iteration: 806	1438	1586	1854.34	2392
Iteration: 807	1438	1609	1917.72	2407
Iteration: 808	1438	1568	1933.52	2443
Iteration: 809	1438	1608	1871.5	2419
Iteration: 810	1438	1577	1903.76	2341
Iteration: 811	1438	1599	1880.6	2432
Iteration: 812	1438	1610	1909.66	2635
Iteration: 813	1438	1641	1937.04	2705
Iteration: 814	1438	1556	1926.58	2457
Iteration: 815	1438	1565	1941.52	2524
Iteration: 816	1438	1562	1899.48	2669
Iteration: 817	1438	1612	1902.86	2561
Iteration: 818	1438	1549	1964.96	2616
Iteration: 819	1438	1627	1919.82	2413
Iteration: 820	1438	1609	1913.08	2409
Iteration: 821	1438	1646	1903.38	2449
Iteration: 822	1438	1632	1885.98	2510
Iteration: 823	1438	1588	1875.16	2271
Iteration: 824	1438	1643	1883.48	2417
Iteration: 825	1438	1570	1932.44	2499
Iteration: 826	1438	1626	1910.36	2312
Iteration: 827	1438	1563	1952.04	2791
Iteration: 828	1438	1549	1865.48	2398
Iteration: 829	1438	1595	1898.76	2366
Iteration: 830	1438	1519	1886	2526
Iteration: 831	1438	1510	1861.58	2507
Iteration: 832	1438	1570	1940.14	2635
Iteration: 833	1438	1593	1917.36	2636
Iteration: 834	1438	1549	1901.62	2674
Iteration: 835	1438	1579	1961.02	2422
Iteration: 836	1438	1577	1967.7	2681
Iteration: 837	1438	1551	1899.96	2282
Iteration: 838	1438	1656	1923.6	2422
Iteration: 839	1438	1562	1902.32	2428
Iteration: 840	1438	1653	1929.28	2297
Iteration: 841	1438	1664	1930.94	2439
Iteration: 842	1438	1622	1918.8	2304
Iteration: 843	1438	1575	1878.92	2538
Iteration: 844	1438	1520	1931.08	2373
Iteration: 845	1438	1538	1908.16	2309
Iteration: 846	1438	1637	1936.56	2582
Iteration: 847	1438	1580	1916.62	2553
Iteration: 848	1438	1642	1931.18	2270
Iteration: 849	1438	1595	1914.88	2364
Iteration: 850	1438	1522	1938.36	2589
Iteration: 851	1438	1664	1916.98	2267
Iteration: 852	1438	1597	1883.72	2245
Iteration: 853	1438	1580	1931.22	2369
Iteration: 854	1438	1577	1898.04	2238
Iteration: 855	1438	1651	1968.76	2376
Iteration: 856	1438	1633	1912.78	2539
Iteration: 857	1438	1629	1910.42	2580
Iteration: 858	1438	1536	1897.72	2397
Iteration: 859	1438	1562	1859.46	2560
Iteration: 860	1438	1659	1884.44	2556
Iteration: 861	1438	1577	1897.62	2461
Iteration: 862	1438	1527	1906.66	2852
Iteration: 863	1438	1520	1864.94	2412
Iteration: 864	1438	1627	1916.04	2293
Iteration: 865	1438	1652	1919.74	2411
Iteration: 866	1438	1579	1858.32	2160
Iteration: 867	1438	1576	1896.18	2445
Iteration: 868	1438	1667	1926.02	2411
Iteration: 869	1438	1628	1893.12	2485
Iteration: 870	1438	1639	1892.02	2521
Iteration: 871	1438	1552	1880.26	2359
Iteration: 872	1438	1578	1934	2334
Iteration: 873	1438	1565	1903.36	2528
Iteration: 874	1438	1601	1904.1	2285
Iteration: 875	1438	1577	1916.54	2347
Iteration: 876	1438	1624	1925.76	2293
Iteration: 877	1438	1605	1918.72	2619
Iteration: 878	1438	1602	1889.86	2644
Iteration: 879	1438	1607	1880.9	2338
Iteration: 880	1438	1593	1867.42	2337
Iteration: 881	1438	1594	1944.66	2759
Iteration: 882	1438	1624	1939.8	2664
Iteration: 883	1438	1600	1877.26	2491
Iteration: 884	1438	1544	1889.54	2320
Iteration: 885	1438	1616	1937.86	2437
Iteration: 886	1438	1564	1868.12	2380
Iteration: 887	1438	1646	1930.88	2303
Iteration: 888	1438	1574	1923.32	2680
Iteration: 889	1438	1610	1910.24	2341
Iteration: 890	1438	1587	1888.32	2285
Iteration: 891	1438	1541	1888.7	2495
Iteration: 892	1438	1599	1944.3	2831
Iteration: 893	1438	1559	1891.6	2270
Iteration: 894	1438	1634	1947.34	2551
Iteration: 895	1438	1615	1907	2363
Iteration: 896	1438	1595	1892.2	2145
Iteration: 897	1438	1619	1900.62	2560
Iteration: 898	1438	1564	1875.24	2256
Iteration: 899	1438	1630	1863.04	2615
Iteration: 900	1438	1573	1914.44	2490
Iteration: 901	1438	1531	1900.3	2365
Iteration: 902	1438	1662	1928.86	2386
Iteration: 903	1438	1555	1906.22	2384
Iteration: 904	1438	1635	1951.12	2764
Iteration: 905	1438	1610	1869.48	2300
Iteration: 906	1438	1617	1895.58	2573
Iteration: 907	1438	1590	1879.16	2327
Iteration: 908	1438	1559	1874.56	2401
Iteration: 909	1438	1584	1912.48	2444
Iteration: 910	1438	1611	1908.7	2736
Iteration: 911	1438	1519	1869.9	2447
Iteration: 912	1438	1594	1946.82	2480
Iteration: 913	1438	1696	1918.16	2515
Iteration: 914	1438	1625	1883.3	2217
Iteration: 915	1438	1523	1870.28	2358
Iteration: 916	1438	1559	1903.54	2576
Iteration: 917	1438	1637	1870.44	2250
Iteration: 918	1438	1486	1902.04	2310
Iteration: 919	1438	1607	1907.1	2326
Iteration: 920	1438	1599	1918.72	2426
Iteration: 921	1438	1547	1916.52	2487
Iteration: 922	1438	1606	1899.4	2353
Iteration: 923	1438	1644	1893.32	2359
Iteration: 924	1438	1567	1877.46	2511
Iteration: 925	1438	1643	1922.72	2557
Iteration: 926	1438	1630	1867.42	2285
Iteration: 927	1438	1549	1944.02	2562
Iteration: 928	1438	1490	1895.56	2340
Iteration: 929	1438	1621	1936.4	2463
Iteration: 930	1438	1613	1918.78	2468
Iteration: 931	1438	1588	1900	2322
Iteration: 932	1438	1635	1923.06	2439
Iteration: 933	1438	1523	1897.94	2376
Iteration: 934	1438	1540	1942.84	2500
Iteration: 935	1438	1559	1892.62	2220
Iteration: 936	1438	1596	1897.5	2274
Iteration: 937	1438	1631	1931.22	2472
Iteration: 938	1438	1567	1896.54	2598
Iteration: 939	1438	1636	1951.6	2395
Iteration: 940	1438	1552	1938.6	2513
Iteration: 941	1438	1605	1900	2300
Iteration: 942	1438	1647	1879.26	2234
Iteration: 943	1438	1544	1955.06	2518
Iteration: 944	1438	1569	1892.1	2317
Iteration: 945	1438	1622	1969.56	2653
Iteration: 946	1438	1594	1914.38	2488
Iteration: 947	1438	1587	1909.12	2455
Iteration: 948	1438	1573	1907.08	2430
Iteration: 949	1438	1546	1868.34	2164
Iteration: 950	1438	1609	1922.46	2554
Iteration: 951	1438	1638	1909.46	2531
Iteration: 952	1438	1533	1940.94	2479
Iteration: 953	1438	1595	1888.84	2228
Iteration: 954	1438	1551	1879.6	2492
Iteration: 955	1438	1609	1932.5	2506
Iteration: 956	1438	1549	1886.1	2418
Iteration: 957	1438	1587	1917.12	2562
Iteration: 958	1438	1556	1905.66	2353
Iteration: 959	1438	1626	1890.46	2428
Iteration: 960	1438	1638	1892.94	2256
Iteration: 961	1438	1584	1920.66	2510
Iteration: 962	1438	1527	1907.56	2401
Iteration: 963	1438	1470	1930.24	2457
Iteration: 964	1438	1603	1922.08	2260
Iteration: 965	1438	1573	1899.18	2405
Iteration: 966	1438	1662	1945.84	2472
Iteration: 967	1438	1650	1922.34	2491
Iteration: 968	1438	1598	1909.1	2509
Iteration: 969	1438	1585	1909.08	2396
Iteration: 970	1438	1626	1878.66	2288
Iteration: 971	1438	1637	1902.02	2441
Iteration: 972	1438	1613	1910.22	2299
Iteration: 973	1438	1637	1910.46	2413
Iteration: 974	1438	1599	1896.22	2505
Iteration: 975	1438	1553	1862.64	2319
Iteration: 976	1438	1526	1878.94	2213
Iteration: 977	1438	1670	1956.66	2700
Iteration: 978	1438	1598	1895.64	2527
Iteration: 979	1438	1648	1902.82	2217
Iteration: 980	1438	1583	1935.32	2280
Iteration: 981	1438	1599	1922.86	2628
Iteration: 982	1438	1659	1912.64	2440
Iteration: 983	1438	1607	1918.1	2738
Iteration: 984	1438	1540	1913.06	2815
Iteration: 985	1438	1536	1917.66	2465
Iteration: 986	1438	1473	1922.72	2500
Iteration: 987	1438	1523	1861.2	2508
Iteration: 988	1438	1612	1881.68	2275
Iteration: 989	1438	1547	1971.6	2726
Iteration: 990	1438	1564	1918.12	2482
Iteration: 991	1438	1511	1897.36	2422
Iteration: 992	1438	1640	1897.66	2349
Iteration: 993	1438	1627	1919.9	2475
Iteration: 994	1438	1535	1896.96	2437
Iteration: 995	1438	1583	1908.52	2645
Iteration: 996	1438	1555	1896.04	2377
Iteration: 997	1438	1636	1927.24	2519
Iteration: 998	1438	1680	1940.8	2305
Iteration: 999	1438	1679	1910.14	2385
