Iteration: 0	1589	1589	1909.3	2374
Iteration: 1	1563	1563	1903.8	2370
Iteration: 2	1563	1600	1888.48	2423
Iteration: 3	1530	1530	1894.6	2442
Iteration: 4	1530	1576	1879.32	2293
Iteration: 5	1530	1597	1908.1	2911
Iteration: 6	1530	1590	1914.04	2388
Iteration: 7	1530	1567	1934.2	2559
Iteration: 8	1530	1624	1885.7	2309
Iteration: 9	1530	1614	1917.76	2567
Iteration: 10	1530	1601	1873.48	2418
Iteration: 11	1530	1568	1906.76	2570
Iteration: 12	1523	1523	1847.3	2373
Iteration: 13	1523	1545	1847.12	2242
Iteration: 14	1523	1546	1933.44	2385
Iteration: 15	1523	1649	1872.38	2409
Iteration: 16	1523	1621	1921.86	2525
Iteration: 17	1523	1643	1908.5	2681
Iteration: 18	1503	1503	1863.22	2335
Iteration: 19	1503	1529	1879.72	2359
Iteration: 20	1503	1641	1893.04	2289
Iteration: 21	1503	1538	1888.46	2246
Iteration: 22	1503	1642	1873.4	2183
Iteration: 23	1503	1597	1903.24	2386
Iteration: 24	1503	1633	1881.08	2321
Iteration: 25	1503	1514	1900.78	2246
Iteration: 26	1503	1601	1891.78	2326
Iteration: 27	1503	1632	1927.78	2288
Iteration: 28	1503	1629	1922.14	2464
Iteration: 29	1503	1611	1930.02	2960
Iteration: 30	1503	1587	1878.2	2383
Iteration: 31	1503	1653	1922.88	2322
Iteration: 32	1503	1586	1869.42	2253
Iteration: 33	1503	1656	1924.46	2434
Iteration: 34	1503	1632	1909.42	2418
Iteration: 35	1503	1579	1906.36	2321
Iteration: 36	1503	1635	1913.72	2543
Iteration: 37	1503	1641	1898.42	2406
Iteration: 38	1503	1587	1877.38	2461
Iteration: 39	1503	1548	1926.3	2338
Iteration: 40	1503	1667	1910.66	2303
Iteration: 41	1503	1561	1891.22	2359
Iteration: 42	1503	1659	1947.9	2397
Iteration: 43	1503	1579	1903.58	2287
Iteration: 44	1503	1558	1851.42	2146
Iteration: 45	1503	1554	1889.18	2529
Iteration: 46	1496	1496	1867.12	2464
Iteration: 47	1496	1551	1923.9	2340
Iteration: 48	1496	1615	1881.28	2406
Iteration: 49	1496	1631	1926.08	2522
Iteration: 50	1496	1678	1899.36	2307
Iteration: 51	1496	1603	1859.3	2301
Iteration: 52	1496	1633	1937.3	2920
Iteration: 53	1496	1565	1915.94	2676
Iteration: 54	1496	1640	1934.44	2573
Iteration: 55	1496	1613	1909.34	2431
Iteration: 56	1477	1477	1878.34	2242
Iteration: 57	1477	1538	1852.3	2276
Iteration: 58	1477	1521	1904.12	2375
Iteration: 59	1477	1637	1865.52	2565
Iteration: 60	1477	1591	1886.88	2418
Iteration: 61	1477	1591	1940.78	2326
Iteration: 62	1477	1625	1908.6	2565
Iteration: 63	1477	1634	1960.14	2636
Iteration: 64	1477	1600	1857.78	2428
Iteration: 65	1477	1544	1838.72	2153
Iteration: 66	1477	1566	1891.56	2284
Iteration: 67	1477	1551	1916.44	2449
Iteration: 68	1477	1635	1893.42	2281
Iteration: 69	1477	1581	1849.82	2249
Iteration: 70	1477	1540	1910.08	2554
Iteration: 71	1477	1614	1855.58	2308
Iteration: 72	1477	1615	1903.6	2350
Iteration: 73	1477	1484	1951.06	2359
Iteration: 74	1477	1587	1872.02	2515
Iteration: 75	1477	1627	1929	2358
Iteration: 76	1477	1663	1913.14	2482
Iteration: 77	1477	1573	1909.06	2581
Iteration: 78	1477	1500	1899.06	2272
Iteration: 79	1477	1591	1857.7	2184
Iteration: 80	1477	1519	1890.36	2461
Iteration: 81	1477	1560	1896.06	2526
Iteration: 82	1477	1613	1915.26	2369
Iteration: 83	1477	1564	1905.54	2382
Iteration: 84	1477	1607	1881.74	2238
Iteration: 85	1477	1634	1968.38	2399
Iteration: 86	1477	1552	1855.44	2336
Iteration: 87	1477	1570	1909	2576
Iteration: 88	1477	1562	1917.2	2760
Iteration: 89	1477	1518	1901.24	2393
Iteration: 90	1477	1605	1927.04	2599
Iteration: 91	1477	1659	1936.28	2460
Iteration: 92	1477	1554	1885.06	2320
Iteration: 93	1477	1487	1895.26	2301
Iteration: 94	1477	1579	1899.38	2211
Iteration: 95	1477	1578	1887.7	2573
Iteration: 96	1477	1599	1925.38	2269
Iteration: 97	1477	1668	1912.06	2642
Iteration: 98	1477	1556	1916	2553
Iteration: 99	1477	1669	1947.76	2492
Iteration: 100	1477	1598	1930.36	2406
Iteration: 101	1477	1553	1897.54	2354
Iteration: 102	1477	1622	1940.32	2346
Iteration: 103	1477	1614	1898.46	2517
Iteration: 104	1477	1589	1918.68	2383
Iteration: 105	1477	1583	1919.52	2309
Iteration: 106	1477	1639	1921.42	2486
Iteration: 107	1477	1532	1898.7	2675
Iteration: 108	1477	1676	1923.58	2822
Iteration: 109	1477	1578	1926	2581
Iteration: 110	1477	1633	1904.38	2521
Iteration: 111	1477	1595	1885.94	2293
Iteration: 112	1477	1526	1876.96	2329
Iteration: 113	1477	1650	1905.54	2177
Iteration: 114	1477	1566	1866.06	2489
Iteration: 115	1477	1590	1923.1	2615
Iteration: 116	1477	1591	1888.56	2191
Iteration: 117	1467	1467	1904.44	2252
Iteration: 118	1467	1510	1849.74	2370
Iteration: 119	1467	1631	1884.34	2274
Iteration: 120	1467	1570	1925.52	2378
Iteration: 121	1467	1612	1887.72	2591
Iteration: 122	1467	1595	1942.1	2507
Iteration: 123	1467	1577	1879.98	2268
Iteration: 124	1467	1664	1941.62	2376
Iteration: 125	1467	1581	1929.2	2462
Iteration: 126	1467	1603	1915.98	2606
Iteration: 127	1467	1599	1907.84	2300
Iteration: 128	1467	1618	1933.74	2401
Iteration: 129	1467	1574	1966.78	2611
Iteration: 130	1467	1512	1893.16	2390
Iteration: 131	1467	1507	1871.94	2466
Iteration: 132	1467	1677	1927.34	2354
Iteration: 133	1467	1520	1921.32	2537
Iteration: 134	1467	1629	1935.86	2317
Iteration: 135	1467	1637	1884.36	2347
Iteration: 136	1467	1542	1898.34	2518
Iteration: 137	1467	1604	1887.54	2342
Iteration: 138	1467	1559	1917.7	2779
Iteration: 139	1467	1612	1916.5	2569
Iteration: 140	1467	1561	1968.58	2667
Iteration: 141	1467	1641	1932.44	2479
Iteration: 142	1467	1672	1952.82	2448
Iteration: 143	1467	1513	1892.28	2359
Iteration: 144	1467	1577	1933.36	2615
Iteration: 145	1467	1604	1934.16	2494
Iteration: 146	1467	1520	1915.92	2537
Iteration: 147	1467	1533	1911.22	2723
Iteration: 148	1467	1594	1900.46	2387
Iteration: 149	1467	1599	1866.84	2294
Iteration: 150	1467	1578	1883.92	2734
Iteration: 151	1467	1535	1902.24	2356
Iteration: 152	1467	1602	1876.5	2243
Iteration: 153	1467	1638	1907.86	2427
Iteration: 154	1467	1574	1889.56	2368
Iteration: 155	1467	1487	1929	2963
Iteration: 156	1467	1567	1956.42	2437
Iteration: 157	1467	1579	1899.28	2498
Iteration: 158	1467	1642	1936.3	2369
Iteration: 159	1467	1547	1933	2594
Iteration: 160	1467	1625	1953.4	2417
Iteration: 161	1467	1602	1908.58	2286
Iteration: 162	1467	1598	1922.26	2556
Iteration: 163	1467	1625	1910.02	2507
Iteration: 164	1467	1581	1884.6	2314
Iteration: 165	1467	1622	1941.92	2752
Iteration: 166	1467	1598	1904	2486
Iteration: 167	1467	1611	1910.08	2544
Iteration: 168	1467	1538	1884.36	2343
Iteration: 169	1467	1669	1950.2	2492
Iteration: 170	1467	1547	1867.68	2436
Iteration: 171	1467	1609	1916.34	2479
Iteration: 172	1467	1646	1900.16	2439
Iteration: 173	1467	1608	1932.46	2614
Iteration: 174	1467	1550	1936.42	2717
Iteration: 175	1467	1560	1875.02	2375
Iteration: 176	1467	1558	1935.7	2345
Iteration: 177	1467	1583	1882.46	2427
Iteration: 178	1467	1601	1919.4	2360
Iteration: 179	1467	1591	1875.06	2324
Iteration: 180	1467	1504	1841.34	2267
Iteration: 181	1467	1520	1921.4	2493
Iteration: 182	1467	1587	1868.96	2341
Iteration: 183	1467	1600	1874.56	2372
Iteration: 184	1467	1562	1883.96	2269
Iteration: 185	1467	1574	1939.84	2245
Iteration: 186	1467	1548	1895.56	2548
Iteration: 187	1467	1577	1874.58	2455
Iteration: 188	1467	1551	1956.2	2639
Iteration: 189	1467	1645	1913.56	2423
Iteration: 190	1467	1671	1871.6	2525
Iteration: 191	1467	1533	1866.1	2604
Iteration: 192	1467	1549	1874.8	2398
Iteration: 193	1467	1638	1905.3	2322
Iteration: 194	1467	1594	1923.64	2535
Iteration: 195	1467	1639	1863.64	2414
Iteration: 196	1467	1548	1910.28	2569
Iteration: 197	1467	1570	1930.92	2464
Iteration: 198	1467	1562	1907.2	2428
Iteration: 199	1467	1632	1886.94	2508
Iteration: 200	1467	1574	1926.3	2698
Iteration: 201	1467	1618	1908.32	2566
Iteration: 202	1467	1513	1880.32	2561
Iteration: 203	1467	1580	1939.74	2436
Iteration: 204	1467	1569	1891.62	2417
Iteration: 205	1467	1651	1877.72	2268
Iteration: 206	1467	1570	1966.58	2585
Iteration: 207	1467	1575	1923.9	2473
Iteration: 208	1467	1639	1938.52	2455
Iteration: 209	1467	1552	1874.68	2548
Iteration: 210	1467	1581	1904.48	2325
Iteration: 211	1467	1594	1964.18	2325
Iteration: 212	1467	1624	1916.52	2310
Iteration: 213	1467	1605	1909.94	2207
Iteration: 214	1467	1616	1908.56	2557
Iteration: 215	1467	1542	1855.1	2258
Iteration: 216	1467	1548	1920.32	2282
Iteration: 217	1467	1666	1905	2554
Iteration: 218	1467	1608	1926.92	2357
Iteration: 219	1467	1572	1922.92	2750
Iteration: 220	1467	1620	1943.72	2629
Iteration: 221	1467	1529	1917.96	2321
Iteration: 222	1467	1584	1857.32	2164
Iteration: 223	1467	1596	1911.4	2286
Iteration: 224	1465	1465	1920.26	2422
Iteration: 225	1465	1596	1869.56	2200
Iteration: 226	1465	1584	1927.48	2518
Iteration: 227	1465	1627	1901.48	2256
Iteration: 228	1465	1652	1886.52	2288
Iteration: 229	1465	1583	1912	2750
Iteration: 230	1465	1656	1922.78	2579
Iteration: 231	1465	1649	1935.8	2294
Iteration: 232	1465	1491	1906.74	2446
Iteration: 233	1465	1629	1885.1	2304
Iteration: 234	1465	1526	1888.04	2394
Iteration: 235	1465	1588	1902.72	2359
Iteration: 236	1465	1651	1930.96	2465
Iteration: 237	1465	1544	1880.44	2422
Iteration: 238	1465	1553	1957.56	2719
Iteration: 239	1465	1568	1922.26	2535
Iteration: 240	1465	1487	1887.04	2295
Iteration: 241	1465	1636	1911.32	2228
Iteration: 242	1465	1530	1847.66	2178
Iteration: 243	1465	1532	1892.48	2490
Iteration: 244	1465	1663	1936.64	2653
Iteration: 245	1465	1580	1894.82	2434
Iteration: 246	1465	1582	1940.3	2371
Iteration: 247	1465	1551	1903.78	2436
Iteration: 248	1465	1547	1872	2671
Iteration: 249	1465	1606	1940.26	2508
Iteration: 250	1465	1638	1910.6	2526
Iteration: 251	1465	1686	1934.18	2445
Iteration: 252	1465	1596	1893.78	2361
Iteration: 253	1465	1597	1945.18	2367
Iteration: 254	1465	1619	1879.22	2390
Iteration: 255	1465	1684	1948	2636
Iteration: 256	1465	1558	1873.98	2277
Iteration: 257	1465	1588	1919.94	2734
Iteration: 258	1465	1587	1942.06	2340
Iteration: 259	1465	1660	1924.24	2418
Iteration: 260	1465	1541	1850.96	2251
Iteration: 261	1465	1685	1919	2330
Iteration: 262	1465	1616	1900.98	2356
Iteration: 263	1465	1624	1899.38	2258
Iteration: 264	1465	1573	1829.94	2376
Iteration: 265	1465	1636	1951.74	2444
Iteration: 266	1465	1561	1896.36	2599
Iteration: 267	1465	1560	1904.02	2510
Iteration: 268	1465	1542	1945.16	2548
Iteration: 269	1465	1581	1889.08	2375
Iteration: 270	1465	1621	1905.78	2563
Iteration: 271	1465	1514	1907.34	2424
Iteration: 272	1465	1565	1918.04	2265
Iteration: 273	1465	1588	1905.6	2385
Iteration: 274	1465	1552	1849.24	2337
Iteration: 275	1465	1618	1937.4	2452
Iteration: 276	1465	1610	1956.12	2708
Iteration: 277	1465	1581	1892.3	2493
Iteration: 278	1465	1564	1882.14	2194
Iteration: 279	1465	1564	1883.12	2570
Iteration: 280	1465	1632	1895.16	2394
Iteration: 281	1465	1604	1884.38	2813
Iteration: 282	1465	1609	1879.86	2527
Iteration: 283	1465	1602	1978.28	2693
Iteration: 284	1465	1568	1883.46	2397
Iteration: 285	1465	1645	1910.54	2390
Iteration: 286	1465	1605	1890.9	2510
Iteration: 287	1465	1538	1929.02	2696
Iteration: 288	1465	1542	1839.44	2231
Iteration: 289	1465	1498	1846.46	2295
Iteration: 290	1465	1614	1875.48	2478
Iteration: 291	1465	1625	1897.3	2452
Iteration: 292	1465	1596	1870.76	2185
Iteration: 293	1465	1568	1928.8	2658
Iteration: 294	1465	1638	1897.24	2589
Iteration: 295	1465	1585	1903.04	2456
Iteration: 296	1465	1577	1904.72	2317
Iteration: 297	1465	1547	1947.86	2508
Iteration: 298	1465	1541	1867.84	2280
Iteration: 299	1465	1539	1924.8	2436
