Iteration: 0	1657	1657	1921.46	2814
Iteration: 1	1657	1677	1990.14	2590
Iteration: 2	1657	1657	1882.34	2210
Iteration: 3	1627	1627	1849.42	2350
Iteration: 4	1575	1575	1866.16	2250
Iteration: 5	1575	1651	1918.66	2347
Iteration: 6	1575	1614	1928.4	2300
Iteration: 7	1575	1609	1833.18	2219
Iteration: 8	1562	1562	1874.2	2483
Iteration: 9	1562	1659	1901.18	2790
Iteration: 10	1562	1624	1935.36	2492
Iteration: 11	1562	1594	1870.04	2381
Iteration: 12	1562	1609	1918.96	2498
Iteration: 13	1562	1647	1966.58	2336
Iteration: 14	1540	1540	1885.92	2486
Iteration: 15	1540	1541	1859.54	2663
Iteration: 16	1540	1593	1888.42	2283
Iteration: 17	1515	1515	1879.38	2302
Iteration: 18	1515	1624	1902.3	2314
Iteration: 19	1515	1577	1885.56	2258
Iteration: 20	1515	1641	1943.06	2567
Iteration: 21	1515	1616	1875.52	2341
Iteration: 22	1515	1539	1914.1	2394
Iteration: 23	1515	1597	1873.72	2553
Iteration: 24	1515	1537	1915.24	2574
Iteration: 25	1515	1678	1925.8	2193
Iteration: 26	1515	1631	1924.98	2346
Iteration: 27	1515	1558	1933.94	2678
Iteration: 28	1515	1611	1918.88	2441
Iteration: 29	1515	1540	1848.92	2237
Iteration: 30	1515	1599	1904.64	2380
Iteration: 31	1515	1585	1906.18	2599
Iteration: 32	1515	1533	1917	2492
Iteration: 33	1515	1546	1844.32	2146
Iteration: 34	1515	1634	1919.98	2337
Iteration: 35	1515	1547	1907.24	2373
Iteration: 36	1515	1548	1931.08	2377
Iteration: 37	1515	1540	1916.48	2502
Iteration: 38	1515	1600	1915.18	2502
Iteration: 39	1515	1564	1945.96	2420
Iteration: 40	1515	1601	1916.98	2405
Iteration: 41	1515	1551	1904.28	2370
Iteration: 42	1515	1547	1890.48	2390
Iteration: 43	1515	1527	1864.9	2695
Iteration: 44	1515	1649	1936.62	2462
Iteration: 45	1515	1593	1887.04	2530
Iteration: 46	1515	1592	1839.9	2263
Iteration: 47	1515	1520	1862.02	2324
Iteration: 48	1515	1571	1925.02	2574
Iteration: 49	1515	1656	1940.24	2839
Iteration: 50	1515	1571	1895.1	2231
Iteration: 51	1515	1622	1851.52	2375
Iteration: 52	1515	1568	1881.54	2267
Iteration: 53	1515	1603	1891.52	2604
Iteration: 54	1515	1559	1908.88	2354
Iteration: 55	1515	1636	1869.4	2421
Iteration: 56	1515	1579	1896.14	2519
Iteration: 57	1515	1586	1870.02	2317
Iteration: 58	1515	1543	1904.24	2395
Iteration: 59	1515	1583	1919.9	2488
Iteration: 60	1515	1608	1930.74	2391
Iteration: 61	1515	1598	1886	2252
Iteration: 62	1515	1580	1902.48	2369
Iteration: 63	1515	1614	1932.5	2379
Iteration: 64	1515	1618	1909.32	2293
Iteration: 65	1515	1612	1870.52	2504
Iteration: 66	1515	1615	1945.86	2390
Iteration: 67	1515	1597	1880.42	2253
Iteration: 68	1515	1588	1922.66	2430
Iteration: 69	1515	1583	1962.6	2555
Iteration: 70	1515	1591	1899.74	2406
Iteration: 71	1515	1569	1856.9	2385
Iteration: 72	1515	1519	1876.96	2504
Iteration: 73	1515	1604	1853.28	2322
Iteration: 74	1515	1536	1913.54	2356
Iteration: 75	1515	1676	1879.42	2243
Iteration: 76	1515	1579	1897.7	2619
Iteration: 77	1515	1620	1903	2450
Iteration: 78	1515	1584	1874.44	2352
Iteration: 79	1515	1638	1892.38	2398
Iteration: 80	1515	1616	1882.16	2616
Iteration: 81	1515	1541	1934.46	2605
Iteration: 82	1515	1620	1912.8	2510
Iteration: 83	1515	1632	1892.68	2345
Iteration: 84	1515	1593	1935.04	2408
Iteration: 85	1515	1544	1912.34	2495
Iteration: 86	1515	1556	1911.54	2272
Iteration: 87	1515	1581	1910.82	2234
Iteration: 88	1515	1560	1896.62	2505
Iteration: 89	1515	1637	1948.2	2584
Iteration: 90	1515	1544	1899.36	2412
Iteration: 91	1515	1676	1926.68	2386
Iteration: 92	1515	1554	1926.68	2561
Iteration: 93	1515	1570	1812.18	2192
Iteration: 94	1515	1549	1901.94	2260
Iteration: 95	1515	1659	1924.54	2459
Iteration: 96	1515	1554	1926.82	2581
Iteration: 97	1515	1594	1838.58	2324
Iteration: 98	1515	1557	1873	2264
Iteration: 99	1515	1591	1917.82	2734
Iteration: 100	1515	1622	1896.7	2418
Iteration: 101	1515	1650	1955.3	2393
Iteration: 102	1494	1494	1884.24	2297
Iteration: 103	1494	1618	1936.66	2441
Iteration: 104	1494	1606	1906.68	2498
Iteration: 105	1494	1615	1941.6	2653
Iteration: 106	1494	1566	1865.14	2325
Iteration: 107	1494	1601	1903.68	2526
Iteration: 108	1494	1617	1892.22	2334
Iteration: 109	1494	1611	1914.46	2664
Iteration: 110	1494	1619	1896.64	2368
Iteration: 111	1494	1619	1898.88	2348
Iteration: 112	1494	1632	1934.54	2612
Iteration: 113	1494	1555	1906.2	2417
Iteration: 114	1494	1564	1888.66	2361
Iteration: 115	1494	1623	1936.68	2446
Iteration: 116	1494	1537	1876.78	2228
Iteration: 117	1494	1625	1861.26	2298
Iteration: 118	1494	1566	1888.48	2267
Iteration: 119	1494	1647	1931.36	2484
Iteration: 120	1494	1591	1939.8	2577
Iteration: 121	1494	1538	1910.62	2582
Iteration: 122	1494	1613	1916.9	2310
Iteration: 123	1494	1573	1900.02	2330
Iteration: 124	1494	1610	1940.6	2531
Iteration: 125	1494	1626	1859.56	2373
Iteration: 126	1494	1559	1910.66	2288
Iteration: 127	1494	1680	1909.22	2389
Iteration: 128	1494	1584	1880.28	2513
Iteration: 129	1494	1636	1910.26	2485
Iteration: 130	1494	1601	1914.96	2528
Iteration: 131	1494	1549	1881.42	2393
Iteration: 132	1494	1662	1959.5	2397
Iteration: 133	1494	1649	1871.84	2497
Iteration: 134	1494	1620	1871.12	2261
Iteration: 135	1494	1569	1895.92	2412
Iteration: 136	1494	1559	1904	2448
Iteration: 137	1494	1581	1929.88	2437
Iteration: 138	1494	1603	1908.9	2512
Iteration: 139	1494	1569	1912.3	2277
Iteration: 140	1494	1524	1911.66	2450
Iteration: 141	1494	1512	1946.4	2666
Iteration: 142	1494	1556	1903.34	2482
Iteration: 143	1494	1622	1926.38	2330
Iteration: 144	1494	1656	1924	2351
Iteration: 145	1494	1605	1895.14	2331
Iteration: 146	1494	1645	1944	2555
Iteration: 147	1494	1618	1898.26	2468
Iteration: 148	1494	1538	1870.38	2561
Iteration: 149	1494	1592	1899.58	2454
Iteration: 150	1494	1611	1867.24	2232
Iteration: 151	1494	1591	1875.6	2655
Iteration: 152	1494	1613	1881.24	2355
Iteration: 153	1494	1547	1934.74	2521
Iteration: 154	1494	1578	1894.82	2466
Iteration: 155	1494	1522	1909.18	2536
Iteration: 156	1494	1638	1898.94	2319
Iteration: 157	1494	1609	1889.98	2550
Iteration: 158	1494	1607	1913.6	2474
Iteration: 159	1494	1653	1895.46	2282
Iteration: 160	1494	1645	1899.22	2375
Iteration: 161	1494	1600	1912.94	2211
Iteration: 162	1494	1568	1936.6	2452
Iteration: 163	1494	1627	1896.52	2354
Iteration: 164	1494	1631	1892.84	2366
Iteration: 165	1494	1593	1880.5	2318
Iteration: 166	1494	1601	1948.66	2514
Iteration: 167	1494	1563	1909.82	2487
Iteration: 168	1494	1613	1889.6	2262
Iteration: 169	1494	1574	1907.88	2498
Iteration: 170	1447	1447	1869.74	2250
Iteration: 171	1447	1637	1946.88	2532
Iteration: 172	1447	1599	1957.92	2600
Iteration: 173	1447	1569	1898.78	2458
Iteration: 174	1447	1561	1891.24	2597
Iteration: 175	1447	1560	1897.96	2511
Iteration: 176	1447	1558	1924.88	2561
Iteration: 177	1447	1625	1884.3	2516
Iteration: 178	1447	1650	1882.72	2396
Iteration: 179	1447	1653	1884.64	2409
Iteration: 180	1447	1625	1901.34	2297
Iteration: 181	1447	1589	1877.78	2616
Iteration: 182	1447	1592	1915.08	2474
Iteration: 183	1447	1550	1951.82	2632
Iteration: 184	1447	1544	1930.26	2546
Iteration: 185	1447	1611	1881.34	2485
Iteration: 186	1447	1524	1929	2419
Iteration: 187	1447	1488	1858.92	2553
Iteration: 188	1447	1592	1876.74	2466
Iteration: 189	1447	1610	1940.2	2477
Iteration: 190	1447	1587	1908.82	2627
Iteration: 191	1447	1559	1886.44	2586
Iteration: 192	1447	1635	1973.6	2429
Iteration: 193	1447	1628	1902.08	2473
Iteration: 194	1447	1567	1889.7	2589
Iteration: 195	1447	1571	1889.68	2476
Iteration: 196	1447	1490	1953	2635
Iteration: 197	1447	1572	1897.6	2313
Iteration: 198	1447	1551	1902.28	2419
Iteration: 199	1447	1625	1928.56	2466
Iteration: 200	1447	1597	1929.24	3086
Iteration: 201	1447	1654	1897.94	2543
Iteration: 202	1447	1574	1947.78	2595
Iteration: 203	1447	1599	1946.1	2389
Iteration: 204	1447	1620	1925.34	2619
Iteration: 205	1447	1585	1892.22	2588
Iteration: 206	1447	1629	1895.66	2323
Iteration: 207	1447	1554	1895.64	2196
Iteration: 208	1447	1633	1939.9	2513
Iteration: 209	1447	1631	1888.92	2495
Iteration: 210	1447	1623	1943.88	2447
Iteration: 211	1447	1553	1899.08	2508
Iteration: 212	1447	1692	1901.3	2407
Iteration: 213	1447	1546	1873.94	2226
Iteration: 214	1447	1616	1910.1	2692
Iteration: 215	1447	1584	1917.7	2260
Iteration: 216	1447	1593	1933.24	2614
Iteration: 217	1447	1593	1910.66	2292
Iteration: 218	1447	1602	1875.62	2379
Iteration: 219	1447	1590	1888.62	2735
Iteration: 220	1447	1624	1908.14	2870
Iteration: 221	1447	1598	1903.1	2569
Iteration: 222	1447	1577	1874.26	2375
Iteration: 223	1447	1574	1880.68	2274
Iteration: 224	1447	1658	1938.98	2366
Iteration: 225	1447	1526	1933.12	2527
Iteration: 226	1447	1625	1901.64	2582
Iteration: 227	1447	1617	1929.68	2378
Iteration: 228	1447	1593	1899.16	2394
Iteration: 229	1447	1629	1895.18	2368
Iteration: 230	1447	1552	1952.32	2380
Iteration: 231	1447	1640	1937.74	2406
Iteration: 232	1447	1603	1893.26	2278
Iteration: 233	1447	1562	1879.94	2208
Iteration: 234	1447	1657	1923.28	2423
Iteration: 235	1447	1618	1902.5	2214
Iteration: 236	1447	1474	1893.6	2403
Iteration: 237	1447	1600	1966.9	2400
Iteration: 238	1447	1640	1889.76	2225
Iteration: 239	1447	1570	1924.94	2470
Iteration: 240	1447	1584	1915.26	2421
Iteration: 241	1447	1610	1902	2629
Iteration: 242	1447	1541	1882.46	2698
Iteration: 243	1447	1594	1883.1	2296
Iteration: 244	1447	1553	1895.2	2384
Iteration: 245	1447	1591	1911.18	2284
Iteration: 246	1447	1657	1919.7	2335
Iteration: 247	1447	1536	1909.14	2439
Iteration: 248	1447	1618	1885.08	2590
Iteration: 249	1447	1637	1902.18	2325
Iteration: 250	1447	1636	1901.32	2230
Iteration: 251	1447	1524	1871.4	2303
Iteration: 252	1447	1530	1897.64	2402
Iteration: 253	1447	1552	1910.48	2690
Iteration: 254	1447	1549	1878.12	2565
Iteration: 255	1447	1610	1917.92	2409
Iteration: 256	1447	1612	1861.66	2344
Iteration: 257	1447	1547	1887.9	2341
Iteration: 258	1447	1554	1863.9	2394
Iteration: 259	1447	1636	1916.46	2498
Iteration: 260	1447	1608	1892.52	2270
Iteration: 261	1447	1550	1869.76	2477
Iteration: 262	1447	1654	1914.22	2411
Iteration: 263	1447	1632	1903.16	2194
Iteration: 264	1447	1502	1900.22	2471
Iteration: 265	1447	1604	1921.86	2521
Iteration: 266	1447	1551	1908.06	2492
Iteration: 267	1447	1633	1946.18	2388
Iteration: 268	1447	1581	1880.56	2395
Iteration: 269	1447	1489	1867.2	2214
Iteration: 270	1447	1606	1898.16	2337
Iteration: 271	1447	1615	1918.38	2483
Iteration: 272	1447	1656	1914.9	2441
Iteration: 273	1447	1559	1932.46	2527
Iteration: 274	1447	1613	1888.84	2331
Iteration: 275	1447	1649	1900.34	2271
Iteration: 276	1447	1486	1912.22	2603
Iteration: 277	1447	1571	1934.82	2406
Iteration: 278	1447	1637	1904.68	2444
Iteration: 279	1447	1620	1960.3	2592
Iteration: 280	1447	1624	1867.32	2326
Iteration: 281	1447	1637	1914.68	2385
Iteration: 282	1447	1636	1933.6	2522
Iteration: 283	1447	1590	1931.4	2443
Iteration: 284	1447	1552	1867.66	2478
Iteration: 285	1447	1547	1914.92	2423
Iteration: 286	1447	1560	1931.22	2547
Iteration: 287	1447	1551	1894.42	2386
Iteration: 288	1447	1612	1903.68	2503
Iteration: 289	1447	1561	1904.76	2653
Iteration: 290	1447	1597	1924.04	2535
Iteration: 291	1447	1529	1928.74	2501
Iteration: 292	1447	1583	1887.04	2444
Iteration: 293	1447	1590	1895.78	2181
Iteration: 294	1447	1631	1890.42	2400
Iteration: 295	1447	1505	1897.5	2479
Iteration: 296	1447	1661	1936.72	2497
Iteration: 297	1447	1617	1901.28	2403
Iteration: 298	1447	1562	1904.46	2295
Iteration: 299	1447	1589	1856.6	2439
