Iteration: 0	1615	1615	1923.68	2555
Iteration: 1	1615	1641	1917.14	2447
Iteration: 2	1514	1514	1920.54	2619
Iteration: 3	1450	1450	1912.78	2426
Iteration: 4	1450	1531	1885.18	2387
Iteration: 5	1450	1596	1909.92	2337
Iteration: 6	1450	1557	1850.46	2361
Iteration: 7	1450	1546	1896.46	2275
Iteration: 8	1450	1520	1882.18	2351
Iteration: 9	1450	1628	1930.68	2595
Iteration: 10	1450	1571	1888.88	2347
Iteration: 11	1450	1594	1872.68	2718
Iteration: 12	1450	1647	1922.74	2398
Iteration: 13	1450	1588	1924.86	2756
Iteration: 14	1450	1520	1873.48	2245
Iteration: 15	1450	1614	1882.88	2354
Iteration: 16	1450	1557	1931.12	2570
Iteration: 17	1450	1574	1872.94	2238
Iteration: 18	1450	1557	1862.7	2157
Iteration: 19	1450	1544	1859.36	2157
Iteration: 20	1450	1611	1888.28	2573
Iteration: 21	1450	1560	1905.84	2718
Iteration: 22	1450	1625	1880.72	2666
Iteration: 23	1450	1543	1878.94	2560
Iteration: 24	1450	1604	1866.76	2185
Iteration: 25	1450	1582	1850.36	2228
Iteration: 26	1450	1580	1920.68	2340
Iteration: 27	1450	1611	1867.72	2536
Iteration: 28	1450	1631	1877.82	2243
Iteration: 29	1450	1612	1933.58	2746
Iteration: 30	1450	1625	1900.94	2338
Iteration: 31	1450	1621	1861.06	2241
Iteration: 32	1450	1629	1892	2263
Iteration: 33	1450	1643	1899.28	2286
Iteration: 34	1450	1632	1861.66	2463
Iteration: 35	1450	1572	1907.6	2412
Iteration: 36	1450	1691	1934.56	2275
Iteration: 37	1450	1576	1915.32	2435
Iteration: 38	1450	1582	1901.48	2409
Iteration: 39	1450	1613	1894.68	2546
Iteration: 40	1450	1618	1892.04	2306
Iteration: 41	1450	1547	1859.84	2288
Iteration: 42	1450	1561	1907.76	2472
Iteration: 43	1450	1646	1945.62	2607
Iteration: 44	1450	1588	1889.6	2374
Iteration: 45	1450	1555	1880.94	2260
Iteration: 46	1450	1578	1891.02	2465
Iteration: 47	1450	1656	1934.48	2630
Iteration: 48	1450	1554	1878.48	2291
Iteration: 49	1450	1563	1876.86	2342
Iteration: 50	1450	1636	1890.46	2369
Iteration: 51	1450	1614	1865.96	2310
Iteration: 52	1450	1581	1910.2	2380
Iteration: 53	1450	1590	1913.44	2436
Iteration: 54	1450	1565	1927.22	2467
Iteration: 55	1450	1579	1914.66	2260
Iteration: 56	1450	1601	1927.96	2624
Iteration: 57	1450	1602	1923.1	2379
Iteration: 58	1450	1593	1888.1	2423
Iteration: 59	1450	1550	1897.8	2388
Iteration: 60	1450	1514	1896.26	2514
Iteration: 61	1450	1568	1885.04	2371
Iteration: 62	1450	1546	1874.08	2178
Iteration: 63	1450	1462	1878.02	2540
Iteration: 64	1450	1571	1907.08	2448
Iteration: 65	1450	1636	1857.44	2192
Iteration: 66	1450	1662	1896.32	2242
Iteration: 67	1450	1546	1872.68	2395
Iteration: 68	1450	1599	1850.44	2442
Iteration: 69	1450	1626	1849.24	2390
Iteration: 70	1450	1567	1884.04	2306
Iteration: 71	1450	1627	1908.12	2293
Iteration: 72	1450	1598	1911.56	2416
Iteration: 73	1450	1587	1940.46	2738
Iteration: 74	1450	1620	1893.5	2310
Iteration: 75	1450	1574	1954.64	2542
Iteration: 76	1450	1594	1890.5	2499
Iteration: 77	1450	1553	1923.72	2247
Iteration: 78	1450	1601	1937.44	2311
Iteration: 79	1450	1573	1871.98	2362
Iteration: 80	1450	1613	1892.9	2778
Iteration: 81	1450	1640	1922.92	2784
Iteration: 82	1450	1537	1905.38	2313
Iteration: 83	1450	1646	1901.62	2280
Iteration: 84	1450	1586	1888.68	2311
Iteration: 85	1450	1565	1890.06	2343
Iteration: 86	1450	1568	1893.04	2348
Iteration: 87	1450	1623	1948.5	2444
Iteration: 88	1450	1643	1976.56	2604
Iteration: 89	1450	1657	1913.46	2444
Iteration: 90	1450	1611	1905.96	2330
Iteration: 91	1450	1664	1905.7	2219
Iteration: 92	1450	1524	1881.82	2217
Iteration: 93	1450	1472	1901.12	2462
Iteration: 94	1450	1600	1928.52	2498
Iteration: 95	1450	1600	1867.3	2557
Iteration: 96	1450	1614	1919.74	2538
Iteration: 97	1450	1545	1877.32	2308
Iteration: 98	1450	1564	1903.98	2585
Iteration: 99	1450	1568	1881.18	2105
Iteration: 100	1450	1629	1875.64	2369
Iteration: 101	1450	1554	1909.48	2447
Iteration: 102	1450	1603	1912.12	2375
Iteration: 103	1450	1665	1904.42	2812
Iteration: 104	1450	1605	1899.22	2607
Iteration: 105	1450	1628	1945.06	2707
Iteration: 106	1450	1583	1897.74	2380
Iteration: 107	1450	1601	1911.56	2331
Iteration: 108	1450	1670	1964.28	2503
Iteration: 109	1450	1620	1910.14	2420
Iteration: 110	1450	1596	1886.1	2405
Iteration: 111	1450	1633	1952.08	2641
Iteration: 112	1450	1623	1889.96	2504
Iteration: 113	1450	1563	1863.64	2509
Iteration: 114	1450	1574	1875.86	2359
Iteration: 115	1450	1641	1894.32	2293
Iteration: 116	1450	1652	1976.7	2515
Iteration: 117	1450	1602	1910.12	2330
Iteration: 118	1450	1597	1876.94	2314
Iteration: 119	1450	1617	1931.54	2414
Iteration: 120	1450	1608	1926.66	2486
Iteration: 121	1450	1594	1934.74	2303
Iteration: 122	1450	1580	1919.12	2486
Iteration: 123	1450	1578	1929.34	2395
Iteration: 124	1450	1578	1916.3	2690
Iteration: 125	1450	1530	1924.34	2376
Iteration: 126	1450	1603	1907.74	2341
Iteration: 127	1450	1613	1916.36	2381
Iteration: 128	1450	1605	1908.3	2415
Iteration: 129	1450	1628	1906.02	2599
Iteration: 130	1450	1636	1902.78	2371
Iteration: 131	1450	1601	1883.24	2361
Iteration: 132	1450	1582	1896.24	2462
Iteration: 133	1450	1521	1901.5	2474
Iteration: 134	1450	1575	1896.34	2216
Iteration: 135	1450	1626	1824.32	2249
Iteration: 136	1450	1651	1850.9	2200
Iteration: 137	1450	1596	1896.12	2507
Iteration: 138	1450	1571	1883.52	2179
Iteration: 139	1450	1556	1894.74	2334
Iteration: 140	1450	1541	1879.52	2252
Iteration: 141	1450	1531	1929.22	2306
Iteration: 142	1450	1575	1885.96	2216
Iteration: 143	1450	1650	1924.38	2532
Iteration: 144	1450	1642	1891.58	2351
Iteration: 145	1450	1590	1916.34	2654
Iteration: 146	1450	1556	1906.7	2483
Iteration: 147	1450	1614	1868.32	2167
Iteration: 148	1450	1540	1886.82	2327
Iteration: 149	1450	1597	1909.2	2339
Iteration: 150	1450	1591	1870.84	2388
Iteration: 151	1450	1667	1901.28	2478
Iteration: 152	1450	1644	1940.98	2659
Iteration: 153	1450	1613	1867.42	2159
Iteration: 154	1450	1554	1865.16	2407
Iteration: 155	1450	1595	1947.96	2273
Iteration: 156	1450	1595	1913.02	2342
Iteration: 157	1450	1553	1874.56	2409
Iteration: 158	1450	1637	1923.2	2789
Iteration: 159	1450	1590	1903.38	2355
Iteration: 160	1450	1645	1894.7	2369
Iteration: 161	1450	1625	1891.88	2282
Iteration: 162	1450	1549	1910.68	2377
Iteration: 163	1450	1580	1893.74	2515
Iteration: 164	1450	1500	1854.82	2387
Iteration: 165	1450	1619	1881.36	2236
Iteration: 166	1450	1631	1940.5	2526
Iteration: 167	1450	1595	1917.82	2469
Iteration: 168	1450	1623	1938.66	2422
Iteration: 169	1450	1518	1856.26	2241
Iteration: 170	1450	1509	1954.8	2866
Iteration: 171	1450	1543	1901.36	2452
Iteration: 172	1450	1521	1899.88	2332
Iteration: 173	1450	1502	1870.92	2465
Iteration: 174	1450	1660	1944.28	2318
Iteration: 175	1450	1604	1978.72	2530
Iteration: 176	1450	1646	1921.44	2433
Iteration: 177	1450	1622	1904.1	2394
Iteration: 178	1450	1613	1912.92	2539
Iteration: 179	1450	1618	1885.84	2472
Iteration: 180	1450	1570	1873.66	2444
Iteration: 181	1450	1608	1864.42	2438
Iteration: 182	1450	1654	1897.54	2423
Iteration: 183	1450	1479	1879.66	2404
Iteration: 184	1450	1574	1882.32	2362
Iteration: 185	1450	1626	1932.22	2603
Iteration: 186	1450	1625	1943.12	2495
Iteration: 187	1450	1553	1958.12	2688
Iteration: 188	1450	1634	1951.1	2420
Iteration: 189	1450	1673	1952.42	2514
Iteration: 190	1450	1499	1924.68	3049
Iteration: 191	1450	1559	1890.86	2313
Iteration: 192	1450	1649	1931.3	2445
Iteration: 193	1450	1586	1917.84	2532
Iteration: 194	1450	1534	1848.72	2252
Iteration: 195	1450	1582	1878.78	2367
Iteration: 196	1450	1558	1924.58	2441
Iteration: 197	1450	1554	1884.4	2396
Iteration: 198	1450	1611	1945.2	3097
Iteration: 199	1418	1418	1918.14	2581
Iteration: 200	1418	1567	1907.64	2375
Iteration: 201	1418	1557	1924.78	2367
Iteration: 202	1418	1561	1959.22	2496
Iteration: 203	1418	1629	1956.02	2401
Iteration: 204	1418	1645	1867.02	2349
Iteration: 205	1418	1497	1870.02	2215
Iteration: 206	1418	1586	1894.48	2475
Iteration: 207	1418	1567	1919.88	2488
Iteration: 208	1418	1574	1924.42	2379
Iteration: 209	1418	1572	1899.7	2381
Iteration: 210	1418	1635	1870.66	2473
Iteration: 211	1418	1632	1914.42	2328
Iteration: 212	1418	1575	1961.26	2691
Iteration: 213	1418	1658	1923.8	2420
Iteration: 214	1418	1507	1870.7	2315
Iteration: 215	1418	1658	1941.28	2625
Iteration: 216	1418	1685	1909.42	2358
Iteration: 217	1418	1624	1924.22	2224
Iteration: 218	1418	1579	1907.6	2363
Iteration: 219	1418	1684	1898.98	2563
Iteration: 220	1418	1580	1939.8	2490
Iteration: 221	1418	1596	1866	2297
Iteration: 222	1418	1574	1885.78	2369
Iteration: 223	1418	1652	1923.7	2363
Iteration: 224	1418	1631	1882.14	2489
Iteration: 225	1418	1521	1932.36	2823
Iteration: 226	1418	1556	1940.1	2599
Iteration: 227	1418	1591	1894.78	2311
Iteration: 228	1418	1673	1950.64	2394
Iteration: 229	1418	1615	1952.06	2599
Iteration: 230	1418	1633	1942.3	2424
Iteration: 231	1418	1426	1940.94	2739
Iteration: 232	1418	1609	1901.82	2324
Iteration: 233	1418	1621	1963.76	2693
Iteration: 234	1418	1625	1907.7	2305
Iteration: 235	1418	1591	1927.68	2351
Iteration: 236	1418	1659	1932.78	2627
Iteration: 237	1418	1591	1927.62	2329
Iteration: 238	1418	1597	1883.64	2375
Iteration: 239	1418	1584	1906.46	2354
Iteration: 240	1418	1659	1916.82	2263
Iteration: 241	1418	1563	1942.86	2526
Iteration: 242	1418	1572	1862.02	2226
Iteration: 243	1418	1579	1872.48	2233
Iteration: 244	1418	1613	1895.56	2951
Iteration: 245	1418	1561	1907.64	2289
Iteration: 246	1418	1602	1908.7	2630
Iteration: 247	1418	1624	1909.56	2271
Iteration: 248	1418	1647	1924.58	2380
Iteration: 249	1418	1610	1910.28	2447
Iteration: 250	1418	1581	1889.68	2172
Iteration: 251	1418	1524	1930.1	2494
Iteration: 252	1418	1610	1912.46	2546
Iteration: 253	1418	1559	1897.98	2367
Iteration: 254	1418	1528	1923.32	2626
Iteration: 255	1418	1634	1955.36	2347
Iteration: 256	1418	1560	1883.24	2496
Iteration: 257	1418	1601	1863.94	2243
Iteration: 258	1418	1642	1915.26	2384
Iteration: 259	1418	1566	1879.5	2255
Iteration: 260	1418	1547	1888.78	2445
Iteration: 261	1418	1525	1889.82	2315
Iteration: 262	1418	1651	1903.66	2313
Iteration: 263	1418	1598	1910.16	2441
Iteration: 264	1418	1584	1925.32	2872
Iteration: 265	1418	1622	1929.76	2311
Iteration: 266	1418	1509	1907.36	2379
Iteration: 267	1418	1572	1885.94	2493
Iteration: 268	1418	1625	1899.2	2370
Iteration: 269	1418	1586	1930.14	2501
Iteration: 270	1418	1582	1879.66	2365
Iteration: 271	1418	1592	1907.02	2352
Iteration: 272	1418	1500	1907.74	2614
Iteration: 273	1418	1591	1883.98	2367
Iteration: 274	1418	1591	1868.84	2201
Iteration: 275	1418	1559	1940.2	2473
Iteration: 276	1418	1587	1929.42	2450
Iteration: 277	1418	1622	1872.42	2324
Iteration: 278	1418	1583	1891.44	2311
Iteration: 279	1418	1597	1888.04	2609
Iteration: 280	1418	1555	1910.16	2439
Iteration: 281	1418	1587	1857.34	2444
Iteration: 282	1418	1612	1892.16	2246
Iteration: 283	1418	1564	1891.06	2381
Iteration: 284	1418	1510	1901.84	2377
Iteration: 285	1418	1579	1898.96	2501
Iteration: 286	1418	1628	1927.94	2415
Iteration: 287	1418	1664	1935.86	2641
Iteration: 288	1418	1615	1932.26	2387
Iteration: 289	1418	1571	1900.08	2501
Iteration: 290	1418	1580	1883.86	2351
Iteration: 291	1418	1634	1921.6	2482
Iteration: 292	1418	1636	1920.54	2340
Iteration: 293	1418	1593	1908.16	2622
Iteration: 294	1418	1554	1858.98	2379
Iteration: 295	1418	1643	1936.06	2485
Iteration: 296	1418	1625	1931.72	2583
Iteration: 297	1418	1561	1886.78	2362
Iteration: 298	1417	1417	1892.28	2732
Iteration: 299	1417	1576	1905.26	2775
