Iteration: 0	1627	1627	1937.56	2323
Iteration: 1	1627	1638	1908.62	2331
Iteration: 2	1627	1650	1901.6	2331
Iteration: 3	1554	1554	1843.64	2243
Iteration: 4	1514	1514	1819.16	2233
Iteration: 5	1514	1529	1894.3	2536
Iteration: 6	1514	1562	1929.86	2436
Iteration: 7	1514	1570	1914.4	2508
Iteration: 8	1514	1640	1867.1	2423
Iteration: 9	1514	1658	1902.52	2584
Iteration: 10	1504	1504	1879.28	2475
Iteration: 11	1504	1591	1927.46	2298
Iteration: 12	1504	1645	1932.88	2998
Iteration: 13	1504	1618	1881.24	2510
Iteration: 14	1504	1572	1874.04	2414
Iteration: 15	1504	1556	1880.72	2221
Iteration: 16	1504	1576	1912.7	2335
Iteration: 17	1501	1501	1886.3	2390
Iteration: 18	1501	1606	1889.46	2205
Iteration: 19	1501	1501	1819.62	2258
Iteration: 20	1501	1603	1907.24	2184
Iteration: 21	1501	1592	1908	2529
Iteration: 22	1501	1558	1891.14	2400
Iteration: 23	1501	1681	1949.72	2506
Iteration: 24	1501	1599	1890.92	2401
Iteration: 25	1501	1587	1896.18	2446
Iteration: 26	1501	1559	1861.26	2415
Iteration: 27	1501	1545	1885.9	2508
Iteration: 28	1501	1628	1939.2	2453
Iteration: 29	1501	1671	1941.12	2520
Iteration: 30	1501	1568	1887.26	2379
Iteration: 31	1501	1634	1942.6	2281
Iteration: 32	1501	1567	1909.98	2618
Iteration: 33	1501	1555	1865.2	2253
Iteration: 34	1501	1610	1917.24	2438
Iteration: 35	1501	1560	1869.14	2272
Iteration: 36	1501	1575	1894.68	2240
Iteration: 37	1501	1550	1898.94	2346
Iteration: 38	1501	1576	1873.26	2565
Iteration: 39	1501	1512	1846.78	2561
Iteration: 40	1501	1571	1868.78	2098
Iteration: 41	1501	1524	1872.88	2130
Iteration: 42	1501	1569	1913.2	2358
Iteration: 43	1501	1607	1882.46	2440
Iteration: 44	1501	1623	1908.2	2234
Iteration: 45	1493	1493	1900.28	2439
Iteration: 46	1493	1620	1893.38	2461
Iteration: 47	1493	1642	1886.86	2375
Iteration: 48	1493	1673	1924.72	2548
Iteration: 49	1493	1593	1906.9	2444
Iteration: 50	1493	1610	1868.48	2660
Iteration: 51	1493	1657	1891.42	2303
Iteration: 52	1493	1593	1898.48	2372
Iteration: 53	1493	1562	1870.4	2299
Iteration: 54	1493	1570	1867.16	2385
Iteration: 55	1469	1469	1880.6	2570
Iteration: 56	1469	1632	1893.6	2306
Iteration: 57	1469	1517	1895.5	2519
Iteration: 58	1469	1565	1916.62	2454
Iteration: 59	1469	1602	1872.12	2284
Iteration: 60	1469	1627	1900.98	2343
Iteration: 61	1469	1595	1916.24	2329
Iteration: 62	1469	1554	1896.24	2699
Iteration: 63	1469	1584	1898	2366
Iteration: 64	1469	1578	1931.1	2508
Iteration: 65	1469	1536	1892.02	2503
Iteration: 66	1469	1549	1937.2	2489
Iteration: 67	1469	1564	1921.42	2268
Iteration: 68	1469	1600	1917.4	2327
Iteration: 69	1469	1536	1901.28	2291
Iteration: 70	1469	1690	1922.16	2340
Iteration: 71	1469	1492	1890.4	2551
Iteration: 72	1469	1569	1878.06	2294
Iteration: 73	1469	1645	1940.8	2486
Iteration: 74	1469	1566	1896.58	2594
Iteration: 75	1469	1615	1894.24	2393
Iteration: 76	1469	1615	1920.52	2456
Iteration: 77	1469	1660	1886.86	2439
Iteration: 78	1469	1648	1891.58	2318
Iteration: 79	1469	1640	1897.58	2338
Iteration: 80	1469	1641	1892.08	2353
Iteration: 81	1469	1578	1862.16	2511
Iteration: 82	1469	1636	1917.92	2995
Iteration: 83	1469	1642	1951.34	2605
Iteration: 84	1469	1573	1905.24	2133
Iteration: 85	1469	1602	1905.12	2349
Iteration: 86	1469	1571	1912.92	2415
Iteration: 87	1469	1585	1936.16	2453
Iteration: 88	1469	1577	1912.54	2408
Iteration: 89	1469	1625	1870.56	2456
Iteration: 90	1469	1581	1978.36	2594
Iteration: 91	1469	1602	1923.82	2513
Iteration: 92	1469	1529	1879.58	2370
Iteration: 93	1469	1547	1904.86	2467
Iteration: 94	1469	1598	1852.66	2492
Iteration: 95	1469	1614	1909.54	2250
Iteration: 96	1469	1601	1926.48	2631
Iteration: 97	1469	1604	1913.34	2232
Iteration: 98	1469	1640	1866.32	2238
Iteration: 99	1469	1542	1870.2	2629
Iteration: 100	1469	1556	1884.62	2478
Iteration: 101	1469	1668	1973.04	2546
Iteration: 102	1469	1524	1898.26	2335
Iteration: 103	1469	1617	1900.04	2272
Iteration: 104	1469	1609	1916.54	2240
Iteration: 105	1469	1574	1932.82	2299
Iteration: 106	1469	1620	1905.54	2369
Iteration: 107	1469	1549	1921.76	2323
Iteration: 108	1469	1681	1974.3	2541
Iteration: 109	1469	1523	1968.64	2656
Iteration: 110	1469	1590	1867.56	2271
Iteration: 111	1469	1576	1905.96	2317
Iteration: 112	1469	1601	1904.72	2352
Iteration: 113	1469	1630	1910.14	2517
Iteration: 114	1469	1569	1881.72	2492
Iteration: 115	1469	1599	1893.22	2290
Iteration: 116	1469	1558	1887.74	2580
Iteration: 117	1469	1557	1941.88	2324
Iteration: 118	1469	1628	1901.54	2389
Iteration: 119	1469	1540	1898.52	2486
Iteration: 120	1469	1545	1893.52	2302
Iteration: 121	1469	1645	1914.4	2275
Iteration: 122	1469	1580	1898.74	2528
Iteration: 123	1469	1553	1868.6	2647
Iteration: 124	1469	1526	1908.6	2573
Iteration: 125	1469	1583	1894.74	2263
Iteration: 126	1469	1548	1884.12	2530
Iteration: 127	1469	1562	1916.68	2337
Iteration: 128	1469	1621	1896.56	2228
Iteration: 129	1469	1597	1918.88	2221
Iteration: 130	1469	1574	1897.6	2323
Iteration: 131	1469	1579	1921.5	2295
Iteration: 132	1469	1606	1904.56	2483
Iteration: 133	1469	1619	1921.42	2317
Iteration: 134	1469	1598	1941.78	2437
Iteration: 135	1469	1577	1866.28	2325
Iteration: 136	1469	1608	1865.62	2237
Iteration: 137	1469	1632	1893.16	2321
Iteration: 138	1469	1545	1910.68	2714
Iteration: 139	1469	1600	1938.56	2383
Iteration: 140	1469	1664	1882.42	2327
Iteration: 141	1469	1582	1914.36	2452
Iteration: 142	1469	1469	1921.18	2556
Iteration: 143	1469	1602	1888.26	2309
Iteration: 144	1469	1593	1891.7	2382
Iteration: 145	1469	1597	1889.88	2293
Iteration: 146	1469	1637	1887.7	2325
Iteration: 147	1469	1641	1908.04	2333
Iteration: 148	1469	1588	1864.64	2454
Iteration: 149	1469	1621	1895.82	2479
Iteration: 150	1469	1639	1906.38	2630
Iteration: 151	1469	1622	1881.54	2443
Iteration: 152	1469	1590	1926.8	2329
Iteration: 153	1469	1562	1909.3	2329
Iteration: 154	1469	1529	1909.9	2274
Iteration: 155	1469	1657	1939.8	2361
Iteration: 156	1469	1565	1937.2	2923
Iteration: 157	1469	1629	1932.62	2607
Iteration: 158	1469	1573	1874.4	2290
Iteration: 159	1469	1627	1926.94	2488
Iteration: 160	1469	1573	1908.3	2325
Iteration: 161	1469	1637	1913.88	2399
Iteration: 162	1469	1596	1966.68	2536
Iteration: 163	1469	1586	1897.06	2528
Iteration: 164	1469	1560	1927.98	2383
Iteration: 165	1469	1627	1939.8	2308
Iteration: 166	1469	1586	1934.94	2865
Iteration: 167	1469	1506	1886.34	2407
Iteration: 168	1469	1497	1875.14	2430
Iteration: 169	1469	1568	1932.08	2568
Iteration: 170	1469	1622	1900.32	2646
Iteration: 171	1469	1677	1905.9	2491
Iteration: 172	1469	1596	1893.08	2281
Iteration: 173	1469	1568	1885.8	2510
Iteration: 174	1469	1593	1872.84	2506
Iteration: 175	1469	1636	1911.86	2495
Iteration: 176	1469	1605	1916.38	2423
Iteration: 177	1469	1596	1927.12	2456
Iteration: 178	1469	1592	1899.3	2419
Iteration: 179	1469	1527	1912.3	2551
Iteration: 180	1469	1533	1903.68	2422
Iteration: 181	1469	1540	1907.86	2566
Iteration: 182	1469	1539	1862.68	2567
Iteration: 183	1469	1533	1888.14	2694
Iteration: 184	1469	1575	1897.42	2347
Iteration: 185	1469	1574	1844.82	2548
Iteration: 186	1469	1615	1928.2	2621
Iteration: 187	1469	1643	1920.36	2621
Iteration: 188	1469	1562	1925.06	2359
Iteration: 189	1469	1519	1914.52	2661
Iteration: 190	1469	1642	1903.38	2395
Iteration: 191	1469	1567	1889.18	2464
Iteration: 192	1469	1615	1875.72	2243
Iteration: 193	1469	1524	1881.24	2442
Iteration: 194	1469	1615	1883.04	2245
Iteration: 195	1469	1581	1864.4	2376
Iteration: 196	1469	1651	1949.92	2611
Iteration: 197	1469	1576	1901.56	2425
Iteration: 198	1469	1650	1897.58	2288
Iteration: 199	1469	1622	1929.04	2453
Iteration: 200	1469	1592	1895.08	2187
Iteration: 201	1469	1596	1939.42	2642
Iteration: 202	1469	1559	1900.9	2268
Iteration: 203	1469	1575	1896.02	2588
Iteration: 204	1469	1540	1871.16	2475
Iteration: 205	1469	1543	1908.06	2460
Iteration: 206	1469	1595	1928.92	2655
Iteration: 207	1469	1612	1900.52	2418
Iteration: 208	1469	1607	1907.06	2474
Iteration: 209	1469	1563	1901.1	2514
Iteration: 210	1469	1630	1891.72	2726
Iteration: 211	1469	1534	1885.2	2196
Iteration: 212	1469	1594	1897.38	2497
Iteration: 213	1469	1572	1924.28	2498
Iteration: 214	1469	1637	1918.24	2540
Iteration: 215	1469	1623	1947.74	2514
Iteration: 216	1469	1537	1917.98	2431
Iteration: 217	1469	1541	1878.5	2385
Iteration: 218	1469	1562	1882.42	2203
Iteration: 219	1469	1565	1903.8	2614
Iteration: 220	1469	1592	1917.68	2381
Iteration: 221	1469	1683	1917.2	2385
Iteration: 222	1469	1601	1922.36	2387
Iteration: 223	1469	1679	1923.26	2705
Iteration: 224	1469	1603	1887.88	2201
Iteration: 225	1469	1658	1903.76	2323
Iteration: 226	1469	1606	1906.36	2323
Iteration: 227	1469	1603	1866.74	2288
Iteration: 228	1469	1539	1912.28	2554
Iteration: 229	1469	1515	1926.8	2720
Iteration: 230	1469	1591	1885.18	2397
Iteration: 231	1469	1607	1932.96	2481
Iteration: 232	1469	1585	1912.72	2530
Iteration: 233	1469	1600	1901.82	2654
Iteration: 234	1469	1521	1871.9	2429
Iteration: 235	1469	1610	1961.9	2545
Iteration: 236	1469	1571	1925.48	2531
Iteration: 237	1469	1562	1861.38	2645
Iteration: 238	1469	1631	1903.3	2526
Iteration: 239	1469	1628	1869.66	2223
Iteration: 240	1469	1585	1901.14	2335
Iteration: 241	1469	1567	1906.74	2801
Iteration: 242	1469	1553	1925.92	2478
Iteration: 243	1469	1565	1922.2	2394
Iteration: 244	1469	1554	1915	2426
Iteration: 245	1469	1518	1919.14	2561
Iteration: 246	1469	1625	1891.96	2284
Iteration: 247	1469	1607	1898.96	2451
Iteration: 248	1469	1527	1876.82	2229
Iteration: 249	1469	1635	1970.1	2869
Iteration: 250	1469	1611	1856.74	2269
Iteration: 251	1469	1622	1942.2	2428
Iteration: 252	1469	1563	1915.2	2467
Iteration: 253	1469	1565	1906.4	2282
Iteration: 254	1469	1604	1884.26	2337
Iteration: 255	1469	1584	1964.64	2400
Iteration: 256	1469	1612	1923.88	2374
Iteration: 257	1469	1586	1896.36	2194
Iteration: 258	1469	1615	1870.38	2534
Iteration: 259	1469	1606	1943.76	2563
Iteration: 260	1469	1526	1889.1	2297
Iteration: 261	1469	1608	1912.82	2421
Iteration: 262	1436	1436	1857.78	2207
Iteration: 263	1436	1606	1936.9	2666
Iteration: 264	1436	1621	1938.78	2429
Iteration: 265	1436	1544	1897.4	2552
Iteration: 266	1436	1599	1896.7	2446
Iteration: 267	1436	1553	1893.22	2447
Iteration: 268	1436	1657	1942.96	2437
Iteration: 269	1436	1553	1898.02	2439
Iteration: 270	1436	1661	1940.14	2887
Iteration: 271	1436	1605	1923.42	2483
Iteration: 272	1436	1588	1853.68	2244
Iteration: 273	1436	1621	1918.3	2403
Iteration: 274	1436	1552	1925.06	2839
Iteration: 275	1436	1602	1913.56	2523
Iteration: 276	1436	1579	1892.82	2678
Iteration: 277	1436	1560	1848.98	2569
Iteration: 278	1436	1553	1905.48	2189
Iteration: 279	1436	1608	1951.86	2550
Iteration: 280	1436	1564	1879.36	2364
Iteration: 281	1436	1483	1911.88	2352
Iteration: 282	1436	1489	1870.26	2229
Iteration: 283	1436	1606	1907.34	2639
Iteration: 284	1436	1513	1884.24	2630
Iteration: 285	1436	1641	1907.46	2368
Iteration: 286	1436	1516	1887.52	2314
Iteration: 287	1436	1507	1855.6	2295
Iteration: 288	1436	1542	1888.18	2884
Iteration: 289	1436	1638	1891.22	2285
Iteration: 290	1436	1658	1940.4	2570
Iteration: 291	1436	1564	1907.3	2279
Iteration: 292	1436	1591	1891.9	2444
Iteration: 293	1436	1667	1947.52	2313
Iteration: 294	1436	1564	1912.34	2423
Iteration: 295	1436	1527	1914.04	2664
Iteration: 296	1436	1651	1903.66	2655
Iteration: 297	1436	1621	1943.22	2386
Iteration: 298	1436	1557	1933.44	2413
Iteration: 299	1436	1501	1926.4	2555
