Iteration: 0	1568	1568	1912.94	2416
Iteration: 1	1501	1501	1932.92	2432
Iteration: 2	1501	1571	1914.68	2335
Iteration: 3	1501	1602	1859.2	2172
Iteration: 4	1501	1555	1914.86	2343
Iteration: 5	1501	1633	1909.9	2397
Iteration: 6	1501	1603	1878.32	2193
Iteration: 7	1501	1561	1891.06	2232
Iteration: 8	1501	1612	1889	2745
Iteration: 9	1501	1642	1862.18	2302
Iteration: 10	1501	1606	1898.5	2541
Iteration: 11	1501	1568	1924.26	2321
Iteration: 12	1501	1632	1927.72	2319
Iteration: 13	1501	1633	1868.26	2269
Iteration: 14	1501	1537	1898.8	2586
Iteration: 15	1501	1556	1882.14	2302
Iteration: 16	1501	1601	1921.32	2281
Iteration: 17	1501	1569	1947.14	2770
Iteration: 18	1501	1504	1891.64	2449
Iteration: 19	1501	1513	1911.82	2623
Iteration: 20	1501	1636	1910.46	2482
Iteration: 21	1501	1587	1883.4	2393
Iteration: 22	1501	1590	1920.86	2518
Iteration: 23	1501	1554	1845.02	2475
Iteration: 24	1501	1511	1867.46	2410
Iteration: 25	1501	1648	1873.36	2309
Iteration: 26	1501	1606	1892.68	2402
Iteration: 27	1501	1612	1896.26	2351
Iteration: 28	1501	1580	1871.22	2666
Iteration: 29	1501	1626	1940.04	2483
Iteration: 30	1501	1542	1899.9	2934
Iteration: 31	1501	1650	1898.86	2353
Iteration: 32	1501	1606	1871.88	2288
Iteration: 33	1501	1605	1853	2212
Iteration: 34	1501	1530	1883.82	2450
Iteration: 35	1501	1630	1922.28	2292
Iteration: 36	1501	1656	1919.7	2487
Iteration: 37	1501	1546	1918.8	2379
Iteration: 38	1501	1657	1907.82	2524
Iteration: 39	1501	1624	1914.3	2472
Iteration: 40	1501	1607	1936.12	2504
Iteration: 41	1501	1566	1916.32	2654
Iteration: 42	1501	1628	1900.98	2347
Iteration: 43	1501	1561	1889.1	2197
Iteration: 44	1501	1519	1880.9	2296
Iteration: 45	1501	1599	1865.2	2232
Iteration: 46	1501	1606	1903.74	2284
Iteration: 47	1501	1590	1871.34	2296
Iteration: 48	1501	1582	1900.7	2554
Iteration: 49	1501	1591	1915.58	2383
