Iteration: 0	1537	1537	1980.18	2488
Iteration: 1	1537	1635	1889.4	2570
Iteration: 2	1537	1605	1876.64	2389
Iteration: 3	1537	1574	1886.3	2430
Iteration: 4	1537	1561	1856.3	2570
Iteration: 5	1537	1556	1883.54	2283
Iteration: 6	1537	1658	1872.68	2309
Iteration: 7	1498	1498	1902.44	2829
Iteration: 8	1498	1570	1892.26	2323
Iteration: 9	1498	1568	1936.76	2375
Iteration: 10	1498	1617	1884.54	2239
Iteration: 11	1498	1642	1914.06	2386
Iteration: 12	1498	1564	1879.18	2651
Iteration: 13	1498	1671	1897.86	2346
Iteration: 14	1498	1648	1882.4	2303
Iteration: 15	1498	1611	1863.14	2263
Iteration: 16	1498	1626	1868.74	2214
Iteration: 17	1498	1561	1909.64	2474
Iteration: 18	1498	1653	1918.2	2330
Iteration: 19	1498	1673	1951.4	2520
Iteration: 20	1498	1597	1856.62	2364
Iteration: 21	1498	1611	1858.54	2190
Iteration: 22	1498	1617	1904.32	2569
Iteration: 23	1498	1633	1879.68	2334
Iteration: 24	1498	1558	1862.92	2308
Iteration: 25	1498	1524	1900.7	2449
Iteration: 26	1498	1592	1929.26	2454
Iteration: 27	1498	1571	1890.2	2509
Iteration: 28	1498	1570	1856.26	2409
Iteration: 29	1498	1604	1853.66	2235
Iteration: 30	1498	1609	1938.44	2361
Iteration: 31	1498	1605	1885.74	2478
Iteration: 32	1498	1567	1889.72	2383
Iteration: 33	1498	1568	1879.34	2423
Iteration: 34	1498	1673	1951.46	2717
Iteration: 35	1498	1590	1935.38	2546
Iteration: 36	1498	1526	1887.62	2320
Iteration: 37	1498	1593	1903.6	2438
Iteration: 38	1498	1584	1932.98	2373
Iteration: 39	1498	1547	1907.86	2346
Iteration: 40	1498	1603	1917.48	2683
Iteration: 41	1498	1541	1893.02	2208
Iteration: 42	1498	1577	1913.02	2658
Iteration: 43	1498	1532	1860.72	2535
Iteration: 44	1498	1523	1912.3	2562
Iteration: 45	1498	1636	1920.6	2468
Iteration: 46	1498	1527	1898.64	2458
Iteration: 47	1498	1588	1915.58	2450
Iteration: 48	1498	1570	1871.88	2389
Iteration: 49	1498	1596	1931.52	2360
Iteration: 50	1498	1528	1917.74	2340
Iteration: 51	1498	1587	1915.46	2406
Iteration: 52	1498	1619	1888.3	2245
Iteration: 53	1498	1521	1877.26	2469
Iteration: 54	1498	1540	1946	2488
Iteration: 55	1498	1671	1945.86	2558
Iteration: 56	1498	1637	1911.1	2276
Iteration: 57	1498	1604	1853.56	2313
Iteration: 58	1498	1572	1883.82	2516
Iteration: 59	1498	1651	1923.54	2493
Iteration: 60	1498	1662	1918.38	2703
Iteration: 61	1498	1585	1860.58	2275
Iteration: 62	1498	1528	1922.32	2353
Iteration: 63	1498	1658	1962.16	2535
Iteration: 64	1498	1614	1924.84	2326
Iteration: 65	1498	1604	1884.32	2382
Iteration: 66	1498	1574	1849.54	2202
Iteration: 67	1498	1599	1903.74	2205
Iteration: 68	1498	1589	1874.86	2418
Iteration: 69	1498	1590	1910.44	2367
Iteration: 70	1498	1529	1924.34	2393
Iteration: 71	1498	1585	1906.86	2552
Iteration: 72	1498	1542	1855.86	2264
Iteration: 73	1457	1457	1902.02	2358
Iteration: 74	1457	1607	1909.48	2694
Iteration: 75	1457	1609	1888.7	2274
Iteration: 76	1457	1642	1892.5	2383
Iteration: 77	1457	1601	1911.94	2415
Iteration: 78	1457	1552	1923.94	2242
Iteration: 79	1457	1600	1916.74	2294
Iteration: 80	1457	1626	1909.9	2263
Iteration: 81	1457	1643	1904.66	2394
Iteration: 82	1457	1573	1887.92	2440
Iteration: 83	1457	1594	1903.14	2306
Iteration: 84	1457	1600	1887.1	2715
Iteration: 85	1457	1621	1921.26	2505
Iteration: 86	1457	1599	1926.9	2381
Iteration: 87	1457	1595	1890.14	2313
Iteration: 88	1457	1590	1890.92	2385
Iteration: 89	1457	1624	1910.86	2442
Iteration: 90	1457	1654	1925.18	2791
Iteration: 91	1457	1640	1895.62	2222
Iteration: 92	1457	1650	1923.48	2449
Iteration: 93	1457	1610	1886.76	2548
Iteration: 94	1457	1567	1891.36	2410
Iteration: 95	1457	1555	1892.06	2373
Iteration: 96	1457	1638	1905.2	2378
Iteration: 97	1457	1607	1909.74	2517
Iteration: 98	1457	1590	1932.24	2337
Iteration: 99	1457	1593	1924.18	2337
Iteration: 100	1457	1541	1896.26	2379
Iteration: 101	1457	1629	1946.28	2391
Iteration: 102	1457	1666	1924.4	2220
Iteration: 103	1457	1580	1879.16	2433
Iteration: 104	1457	1632	1927.5	2344
Iteration: 105	1457	1620	1906.42	2707
Iteration: 106	1457	1523	1894.36	2825
Iteration: 107	1457	1545	1898.38	2801
Iteration: 108	1457	1556	1871.5	2301
Iteration: 109	1457	1614	1921.58	2312
Iteration: 110	1457	1610	1862.18	2223
Iteration: 111	1457	1653	1939.62	2372
Iteration: 112	1457	1571	1916.26	2634
Iteration: 113	1457	1531	1891.82	2465
Iteration: 114	1457	1670	1877.04	2312
Iteration: 115	1457	1628	1881.74	2538
Iteration: 116	1457	1596	1918.9	2426
Iteration: 117	1457	1608	1890.18	2276
Iteration: 118	1457	1579	1904.92	2438
Iteration: 119	1457	1535	1891.58	2319
Iteration: 120	1457	1654	1919.38	2296
Iteration: 121	1457	1625	1965.54	2566
Iteration: 122	1457	1531	1879.84	2858
Iteration: 123	1457	1646	1926.7	2511
Iteration: 124	1457	1640	1946.84	2515
Iteration: 125	1457	1492	1905.7	2454
Iteration: 126	1457	1594	1860.98	2371
Iteration: 127	1457	1556	1908.44	2401
Iteration: 128	1457	1632	1873.38	2311
Iteration: 129	1457	1606	1946.22	2419
Iteration: 130	1457	1608	1931.72	2367
Iteration: 131	1457	1593	1902.92	2673
Iteration: 132	1457	1596	1893.62	2270
Iteration: 133	1457	1616	1924.4	2418
Iteration: 134	1457	1604	1933.32	2298
Iteration: 135	1457	1639	1937.5	2538
Iteration: 136	1457	1631	1867.92	2258
Iteration: 137	1457	1599	1943.04	2344
Iteration: 138	1457	1590	1880.62	2347
Iteration: 139	1457	1614	1909.72	2280
Iteration: 140	1457	1563	1900.72	2548
Iteration: 141	1457	1537	1935.34	2466
Iteration: 142	1457	1585	1910.14	2370
Iteration: 143	1457	1594	1912.04	2635
Iteration: 144	1457	1537	1876.52	2407
Iteration: 145	1457	1538	1909.28	2777
Iteration: 146	1457	1565	1860.82	2269
Iteration: 147	1457	1544	1879.76	2222
Iteration: 148	1457	1535	1909.66	2553
Iteration: 149	1457	1615	1895.48	2655
Iteration: 150	1457	1582	1863.86	2216
Iteration: 151	1457	1691	1984.96	2552
Iteration: 152	1457	1568	1889.62	2796
Iteration: 153	1457	1617	1919.84	2452
Iteration: 154	1457	1589	1915.76	2454
Iteration: 155	1457	1572	1939.48	2411
Iteration: 156	1457	1554	1869.78	2433
Iteration: 157	1457	1642	1920.72	2408
Iteration: 158	1457	1537	1947.72	2381
Iteration: 159	1457	1581	1908.06	2323
Iteration: 160	1457	1599	1892.36	2534
Iteration: 161	1457	1639	1927.5	2448
Iteration: 162	1457	1514	1888.44	2537
Iteration: 163	1457	1613	1881.78	2159
Iteration: 164	1457	1581	1892	2382
Iteration: 165	1457	1536	1907.18	2267
Iteration: 166	1457	1650	1926.58	2746
Iteration: 167	1457	1618	1912.84	2442
Iteration: 168	1457	1568	1844.64	2212
Iteration: 169	1457	1528	1914.32	2622
Iteration: 170	1457	1564	1886.38	2470
Iteration: 171	1457	1585	1862.98	2314
Iteration: 172	1457	1623	1917.98	2371
Iteration: 173	1457	1588	1946.76	2448
Iteration: 174	1457	1599	1901.06	2498
Iteration: 175	1457	1558	1954.24	2695
Iteration: 176	1457	1569	1869.88	2419
Iteration: 177	1457	1588	1909.1	2429
Iteration: 178	1457	1602	1879.06	2384
Iteration: 179	1457	1593	1895.04	2408
Iteration: 180	1457	1620	1915.54	2593
Iteration: 181	1457	1495	1927.74	2707
Iteration: 182	1457	1598	1936.66	2432
Iteration: 183	1457	1588	1928.46	2465
Iteration: 184	1457	1602	1907.1	2323
Iteration: 185	1457	1607	1916.56	2492
Iteration: 186	1457	1521	1874.68	2246
Iteration: 187	1457	1593	1945.56	2683
Iteration: 188	1457	1588	1884.88	2272
Iteration: 189	1457	1537	1903.72	2486
Iteration: 190	1457	1606	1908.88	2403
Iteration: 191	1457	1638	1976.04	2474
Iteration: 192	1457	1630	1892.16	2584
Iteration: 193	1457	1626	1912.82	2503
Iteration: 194	1457	1507	1883.74	2287
Iteration: 195	1457	1528	1922.36	2306
Iteration: 196	1457	1651	1895.58	2361
Iteration: 197	1457	1584	1936.14	2347
Iteration: 198	1457	1596	1932.94	2545
Iteration: 199	1457	1551	1929.06	2344
Iteration: 200	1457	1572	1951.4	2428
Iteration: 201	1457	1661	1908.74	2330
Iteration: 202	1457	1460	1901.36	2364
Iteration: 203	1457	1598	1912.04	2551
Iteration: 204	1457	1650	1892.66	2594
Iteration: 205	1457	1549	1903	2611
Iteration: 206	1457	1589	1910.3	2381
Iteration: 207	1457	1658	1923.3	2348
Iteration: 208	1457	1608	1879.02	2330
Iteration: 209	1457	1594	1926.42	2705
Iteration: 210	1457	1549	1900.74	2397
Iteration: 211	1457	1621	1926.48	2470
Iteration: 212	1457	1608	1927.12	2324
Iteration: 213	1457	1531	1851.72	2342
Iteration: 214	1457	1662	1897.46	2658
Iteration: 215	1457	1572	1914.48	2439
Iteration: 216	1457	1642	1938.9	2598
Iteration: 217	1457	1578	1931.62	2505
Iteration: 218	1457	1617	1887.68	2353
Iteration: 219	1457	1527	1881.32	2210
Iteration: 220	1457	1590	1931.74	2484
Iteration: 221	1457	1570	1866.34	2293
Iteration: 222	1457	1606	1932.86	2526
Iteration: 223	1457	1604	1906.9	2281
Iteration: 224	1457	1591	1865.28	2226
Iteration: 225	1457	1562	1934.24	2389
Iteration: 226	1457	1652	1935.62	2471
Iteration: 227	1457	1583	1913.98	2353
Iteration: 228	1457	1530	1899.84	2565
Iteration: 229	1457	1568	1895.04	2404
Iteration: 230	1457	1554	1865.02	2274
Iteration: 231	1457	1611	1941.7	2914
Iteration: 232	1457	1626	1933.92	2517
Iteration: 233	1457	1607	1923.84	2338
Iteration: 234	1457	1543	1900.74	2308
Iteration: 235	1457	1676	1914.34	2453
Iteration: 236	1457	1567	1904.32	2461
Iteration: 237	1457	1565	1909.4	2217
Iteration: 238	1457	1570	1864.78	2346
Iteration: 239	1457	1542	1867.22	2526
Iteration: 240	1457	1574	1946.92	2425
Iteration: 241	1457	1601	1930.48	2557
Iteration: 242	1457	1666	1890.42	2158
Iteration: 243	1457	1596	1881.82	2261
Iteration: 244	1457	1586	1905.3	2410
Iteration: 245	1457	1531	1904.62	2380
Iteration: 246	1457	1512	1884.1	2319
Iteration: 247	1457	1576	1891	2253
Iteration: 248	1457	1593	1983	2618
Iteration: 249	1457	1622	1873.7	2284
Iteration: 250	1457	1630	1936.68	2810
Iteration: 251	1457	1632	1901.8	2465
Iteration: 252	1457	1553	1875.16	2340
Iteration: 253	1457	1650	1894.72	2447
Iteration: 254	1457	1514	1869	2322
Iteration: 255	1457	1603	1893.14	2206
Iteration: 256	1457	1582	1910.18	2395
Iteration: 257	1457	1600	1925.52	2479
Iteration: 258	1457	1605	1873.38	2370
Iteration: 259	1457	1596	1907.82	2280
Iteration: 260	1457	1631	1861.44	2337
Iteration: 261	1457	1598	1904.52	2300
Iteration: 262	1457	1582	1937.12	2413
Iteration: 263	1457	1537	1933.46	2533
Iteration: 264	1457	1577	1889.1	2220
Iteration: 265	1457	1560	1875.64	2459
Iteration: 266	1457	1557	1898.08	2457
Iteration: 267	1457	1577	1901.54	2372
Iteration: 268	1457	1618	1946.68	2506
Iteration: 269	1457	1540	1915.44	2449
Iteration: 270	1457	1611	1940.92	2788
Iteration: 271	1457	1582	1901.26	2565
Iteration: 272	1457	1601	1888.04	2724
Iteration: 273	1457	1562	1910.7	2382
Iteration: 274	1457	1652	1902.42	2357
Iteration: 275	1457	1619	1911.52	2651
Iteration: 276	1457	1605	1925.18	2259
Iteration: 277	1457	1557	1871.66	2357
Iteration: 278	1457	1471	1882.72	2427
Iteration: 279	1457	1647	1872.62	2352
Iteration: 280	1457	1598	1907.86	2281
Iteration: 281	1457	1633	1921.62	2538
Iteration: 282	1457	1618	1960.02	2458
Iteration: 283	1457	1635	1964.9	2423
Iteration: 284	1457	1574	1893.3	2365
Iteration: 285	1457	1559	1919.72	2555
Iteration: 286	1457	1586	1893.56	2313
Iteration: 287	1457	1573	1890.3	2275
Iteration: 288	1457	1611	1891.04	2370
Iteration: 289	1457	1594	1885.02	2223
Iteration: 290	1457	1596	1909.44	2204
Iteration: 291	1457	1644	1925.26	2441
Iteration: 292	1457	1633	1892.72	2189
Iteration: 293	1457	1661	1943.48	2583
Iteration: 294	1457	1580	1860.74	2472
Iteration: 295	1457	1517	1875.54	2220
Iteration: 296	1457	1614	1919.3	2402
Iteration: 297	1457	1569	1895.8	2384
Iteration: 298	1457	1625	1929.3	2468
Iteration: 299	1457	1547	1894.74	2294
Iteration: 300	1457	1599	1893.9	2283
Iteration: 301	1457	1671	1909.3	2380
Iteration: 302	1457	1548	1867.54	2461
Iteration: 303	1457	1576	1882.84	2265
Iteration: 304	1450	1450	1900.3	2344
Iteration: 305	1450	1635	1937.7	2331
Iteration: 306	1450	1653	1911.92	2528
Iteration: 307	1450	1576	1908.2	2212
Iteration: 308	1450	1574	1873.98	2350
Iteration: 309	1450	1581	1916.26	2273
Iteration: 310	1450	1526	1888.56	2437
Iteration: 311	1450	1623	1947.78	2565
Iteration: 312	1450	1592	1941.34	2420
Iteration: 313	1450	1545	1894.7	2285
Iteration: 314	1450	1658	1956.94	2439
Iteration: 315	1450	1649	1867.62	2354
Iteration: 316	1450	1584	1902.78	2606
Iteration: 317	1450	1638	1951.64	2548
Iteration: 318	1450	1608	1896.84	2189
Iteration: 319	1450	1583	1882.28	2456
Iteration: 320	1450	1556	1913.82	2372
Iteration: 321	1450	1637	1940.86	2505
Iteration: 322	1450	1674	1931.12	2422
Iteration: 323	1450	1543	1933.02	2467
Iteration: 324	1450	1590	1889.82	2695
Iteration: 325	1450	1605	1926.2	2497
Iteration: 326	1450	1550	1931.56	2872
Iteration: 327	1450	1554	1850.72	2317
Iteration: 328	1450	1485	1869.8	2378
Iteration: 329	1450	1593	1894.46	2312
Iteration: 330	1450	1589	1903.22	2840
Iteration: 331	1450	1592	1875.18	2228
Iteration: 332	1450	1596	1857.26	2275
Iteration: 333	1450	1544	1874.5	2257
Iteration: 334	1450	1573	1886.98	2251
Iteration: 335	1450	1580	1890.66	2485
Iteration: 336	1450	1565	1885.66	2672
Iteration: 337	1450	1628	1902.64	2750
Iteration: 338	1450	1517	1861.5	2341
Iteration: 339	1450	1559	1908.58	2438
Iteration: 340	1450	1543	1925.36	2394
Iteration: 341	1450	1501	1898.76	2390
Iteration: 342	1450	1639	1893.78	2381
Iteration: 343	1450	1616	1881.72	2267
Iteration: 344	1450	1535	1909.28	2394
Iteration: 345	1450	1577	1922.16	2447
Iteration: 346	1450	1560	1915.12	2349
Iteration: 347	1450	1554	1911.32	2395
Iteration: 348	1450	1593	1911.32	2445
Iteration: 349	1450	1596	1925	2690
Iteration: 350	1450	1602	1924.68	2579
Iteration: 351	1450	1591	1901.18	2390
Iteration: 352	1450	1509	1879.84	2243
Iteration: 353	1450	1607	1910.48	2308
Iteration: 354	1450	1551	1960.34	2411
Iteration: 355	1450	1602	1923.16	2329
Iteration: 356	1450	1596	1919.72	2466
Iteration: 357	1450	1598	1906.74	2493
Iteration: 358	1450	1610	1877.14	2197
Iteration: 359	1450	1622	1954.76	2561
Iteration: 360	1450	1590	1973.16	2473
Iteration: 361	1450	1581	1920.84	2603
Iteration: 362	1450	1624	1895.84	2535
Iteration: 363	1450	1612	1854.96	2224
Iteration: 364	1450	1586	1910.66	2553
Iteration: 365	1450	1592	1923.38	2310
Iteration: 366	1450	1573	1885.66	2543
Iteration: 367	1450	1565	1918.04	2347
Iteration: 368	1450	1611	1898.2	2536
Iteration: 369	1450	1626	1927.42	2444
Iteration: 370	1450	1597	1957.86	2613
Iteration: 371	1450	1611	1913.76	2498
Iteration: 372	1450	1659	1964.02	2497
Iteration: 373	1450	1527	1937.06	2512
Iteration: 374	1450	1616	1913.4	2287
Iteration: 375	1450	1537	1864.44	2399
Iteration: 376	1450	1617	1895.74	2444
Iteration: 377	1450	1622	1881.58	2389
Iteration: 378	1450	1613	1928.4	2482
Iteration: 379	1450	1525	1912.98	2439
Iteration: 380	1450	1624	1878.16	2517
Iteration: 381	1450	1594	1883.26	2642
Iteration: 382	1450	1583	1921	2268
Iteration: 383	1450	1627	1917.64	2851
Iteration: 384	1450	1530	1883.28	2548
Iteration: 385	1450	1592	1914.62	2634
Iteration: 386	1450	1632	1891.16	2535
Iteration: 387	1450	1687	1878.5	2565
Iteration: 388	1450	1633	1899.58	2306
Iteration: 389	1450	1571	1837.52	2208
Iteration: 390	1450	1612	1863.04	2255
Iteration: 391	1450	1616	1879.16	2209
Iteration: 392	1450	1529	1893.52	2546
Iteration: 393	1450	1551	1919.76	2614
Iteration: 394	1450	1555	1993.58	2438
Iteration: 395	1450	1636	1897.12	2314
Iteration: 396	1450	1558	1922.68	2689
Iteration: 397	1450	1541	1873.4	2511
Iteration: 398	1450	1652	1913.5	2357
Iteration: 399	1450	1612	1866.16	2237
Iteration: 400	1450	1557	1924.86	2470
Iteration: 401	1450	1591	1913.7	2646
Iteration: 402	1450	1505	1926.8	2372
Iteration: 403	1450	1637	1890.88	2232
Iteration: 404	1450	1542	1937.78	2498
Iteration: 405	1450	1623	1860.76	2254
Iteration: 406	1450	1566	1938.94	2811
Iteration: 407	1450	1639	1924.06	2541
Iteration: 408	1450	1665	1915.66	2419
Iteration: 409	1450	1576	1916.46	2569
Iteration: 410	1450	1596	1928.8	2334
Iteration: 411	1450	1608	1898.58	2496
Iteration: 412	1450	1594	1913.44	2394
Iteration: 413	1450	1585	1891.52	2290
Iteration: 414	1450	1512	1880.88	2342
Iteration: 415	1450	1525	1873.08	2403
Iteration: 416	1450	1506	1890.98	2407
Iteration: 417	1450	1593	1919.48	2240
Iteration: 418	1450	1633	1875.04	2454
Iteration: 419	1450	1571	1911.34	2359
Iteration: 420	1450	1645	1878.92	2427
Iteration: 421	1450	1583	1905.74	2483
Iteration: 422	1450	1624	1913.08	2421
Iteration: 423	1450	1608	1910.1	2517
Iteration: 424	1450	1604	1887.06	2304
Iteration: 425	1450	1603	1887.54	2233
Iteration: 426	1450	1640	1897.54	2407
Iteration: 427	1450	1560	1873.66	2492
Iteration: 428	1450	1635	1905.36	2397
Iteration: 429	1450	1601	1893.04	2331
Iteration: 430	1450	1619	1904.14	2415
Iteration: 431	1450	1656	1940.48	2272
Iteration: 432	1450	1669	1947.1	2696
Iteration: 433	1450	1504	1876.84	2354
Iteration: 434	1450	1583	1901.7	2514
Iteration: 435	1450	1605	1887.22	2344
Iteration: 436	1450	1610	1901.7	2322
Iteration: 437	1450	1634	1954.6	2513
Iteration: 438	1450	1632	1932.8	2388
Iteration: 439	1450	1602	1892.2	2727
Iteration: 440	1450	1504	1896.42	2588
Iteration: 441	1450	1619	1890.18	2609
Iteration: 442	1450	1591	1894.4	2351
Iteration: 443	1450	1588	1901.6	2435
Iteration: 444	1450	1569	1895.08	2296
Iteration: 445	1450	1579	1927.34	2539
Iteration: 446	1450	1541	1864.56	2407
Iteration: 447	1450	1655	1934.98	2385
Iteration: 448	1450	1545	1886.88	2333
Iteration: 449	1450	1534	1874.78	2457
Iteration: 450	1450	1604	1913.68	2246
Iteration: 451	1450	1546	1924.5	2691
Iteration: 452	1450	1555	1898.8	2353
Iteration: 453	1450	1548	1889.6	2279
Iteration: 454	1450	1591	1935.98	2471
Iteration: 455	1450	1651	1900.36	2232
Iteration: 456	1450	1538	1889.02	2202
Iteration: 457	1450	1608	1911.88	2369
Iteration: 458	1450	1584	1927.68	2413
Iteration: 459	1450	1668	1935.18	2380
Iteration: 460	1450	1603	1935.48	2474
Iteration: 461	1450	1635	1929.36	2576
Iteration: 462	1450	1617	1900.98	2595
Iteration: 463	1450	1620	1925.94	2531
Iteration: 464	1450	1585	1883.04	2542
Iteration: 465	1450	1595	1952.44	2561
Iteration: 466	1450	1626	1983.68	2575
Iteration: 467	1450	1539	1948.34	2558
Iteration: 468	1450	1608	1923.02	2576
Iteration: 469	1450	1553	1868.78	2299
Iteration: 470	1450	1650	1920.54	2361
Iteration: 471	1450	1560	1915.08	2476
Iteration: 472	1450	1622	1922.48	2516
Iteration: 473	1450	1619	1928.08	2310
Iteration: 474	1450	1617	1915.86	2377
Iteration: 475	1450	1583	1890.8	2582
Iteration: 476	1450	1564	1908	2423
Iteration: 477	1450	1586	1888.84	2174
Iteration: 478	1450	1654	1958.56	2515
Iteration: 479	1450	1592	1925.92	2819
Iteration: 480	1450	1546	1932.48	2446
Iteration: 481	1450	1571	1880.96	2387
Iteration: 482	1450	1553	1923.3	2868
Iteration: 483	1450	1640	1928.2	2969
Iteration: 484	1450	1591	1885.92	2353
Iteration: 485	1450	1578	1893.2	2336
Iteration: 486	1450	1632	1916.9	2376
Iteration: 487	1450	1579	1904.44	2823
Iteration: 488	1450	1597	1959.4	2496
Iteration: 489	1450	1557	1888.78	2309
Iteration: 490	1450	1579	1854.08	2350
Iteration: 491	1450	1503	1943.7	2419
Iteration: 492	1450	1639	1927.6	2444
Iteration: 493	1450	1589	1875.02	2224
Iteration: 494	1450	1626	1910.22	2235
Iteration: 495	1450	1602	1883.38	2505
Iteration: 496	1450	1610	1887.58	2631
Iteration: 497	1450	1593	1879.92	2529
Iteration: 498	1450	1508	1886.18	2607
Iteration: 499	1450	1604	1935.9	2542
