Iteration: 0	1652	1652	1926.3	2486
Iteration: 1	1544	1544	1922.28	2717
Iteration: 2	1512	1512	1911.74	2255
Iteration: 3	1512	1599	1924.78	2644
Iteration: 4	1512	1540	1907.82	2464
Iteration: 5	1512	1576	1890.42	2218
Iteration: 6	1512	1558	1853.64	2269
Iteration: 7	1512	1611	1921.42	2247
Iteration: 8	1512	1674	1922.96	2457
Iteration: 9	1512	1629	1913.28	2406
Iteration: 10	1512	1613	1930.64	2370
Iteration: 11	1512	1581	1912.74	2317
Iteration: 12	1512	1661	1926.96	2387
Iteration: 13	1512	1599	1880.7	2259
Iteration: 14	1512	1579	1883.48	2471
Iteration: 15	1512	1554	1892.46	2241
Iteration: 16	1512	1685	1898.04	2353
Iteration: 17	1512	1624	1893.6	2263
Iteration: 18	1512	1522	1882.88	2242
Iteration: 19	1512	1575	1918.3	2399
Iteration: 20	1512	1593	1902.42	2395
Iteration: 21	1512	1552	1923.92	2311
Iteration: 22	1512	1576	1886.26	2272
Iteration: 23	1512	1554	1876.24	2563
Iteration: 24	1512	1532	1837.9	2307
Iteration: 25	1512	1639	1896.74	2358
Iteration: 26	1512	1628	1906.4	2581
Iteration: 27	1512	1645	1892.06	2352
Iteration: 28	1512	1612	1913.9	2279
Iteration: 29	1512	1549	1919.72	2579
Iteration: 30	1512	1637	1905.42	2282
Iteration: 31	1512	1631	1932.3	2450
Iteration: 32	1512	1548	1895.54	2267
Iteration: 33	1512	1640	1936.48	2401
Iteration: 34	1484	1484	1915.92	2242
Iteration: 35	1484	1613	1912.16	2346
Iteration: 36	1484	1587	1923.72	2241
Iteration: 37	1484	1543	1891.72	2222
Iteration: 38	1484	1631	1898.64	2268
Iteration: 39	1484	1593	1909.14	2466
Iteration: 40	1484	1528	1915.58	2556
Iteration: 41	1484	1537	1930.12	2491
Iteration: 42	1484	1540	1884.4	2462
Iteration: 43	1484	1614	1866.98	2336
Iteration: 44	1484	1530	1905.3	2544
Iteration: 45	1484	1610	1909.22	2321
Iteration: 46	1484	1498	1869.86	2374
Iteration: 47	1484	1559	1902.16	2292
Iteration: 48	1484	1608	1901.7	2225
Iteration: 49	1484	1546	1915.66	2552
Iteration: 50	1484	1600	1903.52	2247
Iteration: 51	1484	1632	1905.98	2301
Iteration: 52	1484	1572	1865.8	2182
Iteration: 53	1484	1577	1918.2	2292
Iteration: 54	1484	1546	1911.3	2635
Iteration: 55	1484	1705	1952.94	2370
Iteration: 56	1484	1588	1888.56	2552
Iteration: 57	1484	1652	1932.7	2687
Iteration: 58	1484	1576	1887.16	2316
Iteration: 59	1484	1612	1929.98	2427
Iteration: 60	1484	1543	1900.54	2500
Iteration: 61	1484	1590	1904.8	2603
Iteration: 62	1484	1582	1898.5	2354
Iteration: 63	1484	1631	1879.5	2236
Iteration: 64	1484	1603	1851.5	2190
Iteration: 65	1484	1526	1873.18	2300
Iteration: 66	1484	1589	1872.72	2279
Iteration: 67	1484	1587	1851.74	2157
Iteration: 68	1484	1596	1900.78	2240
Iteration: 69	1484	1588	1870.84	2250
Iteration: 70	1484	1611	1870.34	2434
Iteration: 71	1484	1578	1917.26	2455
Iteration: 72	1484	1537	1874.36	2247
Iteration: 73	1484	1625	1912.34	2224
Iteration: 74	1484	1619	1923.42	2358
Iteration: 75	1484	1577	1953.92	2398
Iteration: 76	1484	1593	1898.24	2422
Iteration: 77	1484	1547	1872.64	2320
Iteration: 78	1484	1631	1956.36	2447
Iteration: 79	1484	1615	1901.98	2457
Iteration: 80	1484	1631	1922.96	2416
Iteration: 81	1484	1550	1869.68	2513
Iteration: 82	1484	1518	1876.6	2392
Iteration: 83	1484	1569	1907.7	2412
Iteration: 84	1484	1619	1892.58	2384
Iteration: 85	1484	1676	1924.6	2474
Iteration: 86	1484	1647	1913.62	2335
Iteration: 87	1484	1549	1944.22	2436
Iteration: 88	1484	1638	1963.48	2412
Iteration: 89	1484	1617	1897.5	2328
Iteration: 90	1484	1602	1878.38	2460
Iteration: 91	1484	1599	1893.72	2416
Iteration: 92	1484	1587	1877	2261
Iteration: 93	1484	1500	1882.34	2231
Iteration: 94	1484	1689	1903.96	2304
Iteration: 95	1484	1685	1953.98	2351
Iteration: 96	1484	1654	1918.26	2651
Iteration: 97	1484	1604	1918.82	2586
Iteration: 98	1484	1542	1908.34	2543
Iteration: 99	1484	1624	1822.76	2182
Iteration: 100	1484	1588	1859.44	2361
Iteration: 101	1484	1654	1933.34	2553
Iteration: 102	1484	1596	1879.86	2381
Iteration: 103	1484	1642	1928.4	2435
Iteration: 104	1484	1566	1927.66	2564
Iteration: 105	1484	1597	1882.16	2276
Iteration: 106	1484	1579	1894.6	2388
Iteration: 107	1484	1643	1916.04	2494
Iteration: 108	1484	1559	1862.36	2516
Iteration: 109	1484	1629	1929.48	2543
Iteration: 110	1484	1533	1891.22	2341
Iteration: 111	1484	1582	1916.32	2340
Iteration: 112	1483	1483	1865.6	2348
Iteration: 113	1483	1635	1914.74	2681
Iteration: 114	1483	1558	1924.18	2381
Iteration: 115	1483	1631	1853.06	2237
Iteration: 116	1483	1589	1905.04	2463
Iteration: 117	1483	1573	1929.58	2708
Iteration: 118	1483	1600	1885.36	2309
Iteration: 119	1483	1635	1928.2	2433
Iteration: 120	1483	1607	1900.24	2555
Iteration: 121	1483	1634	1931.26	2338
Iteration: 122	1483	1637	1914.26	2354
Iteration: 123	1483	1593	1925.76	2675
Iteration: 124	1483	1588	1920.92	2348
Iteration: 125	1483	1507	1884.58	2294
Iteration: 126	1483	1559	1895.32	2618
Iteration: 127	1483	1583	1870.04	2279
Iteration: 128	1483	1618	1895.44	2343
Iteration: 129	1483	1612	1943.24	2321
Iteration: 130	1483	1593	1890.7	2451
Iteration: 131	1483	1526	1957.36	2595
Iteration: 132	1483	1599	1910.86	2467
Iteration: 133	1483	1650	1923.24	2353
Iteration: 134	1483	1606	1913.52	2493
Iteration: 135	1483	1599	1876.06	2214
Iteration: 136	1483	1597	1922.66	2357
Iteration: 137	1483	1689	1900.06	2409
Iteration: 138	1483	1592	1906.2	2466
Iteration: 139	1483	1571	1936.66	2427
Iteration: 140	1483	1598	1882.7	2374
Iteration: 141	1483	1608	1890.2	2567
Iteration: 142	1483	1554	1880.68	2229
Iteration: 143	1483	1610	1913.74	2370
Iteration: 144	1483	1585	1926.62	2607
Iteration: 145	1483	1571	1930.22	2432
Iteration: 146	1483	1541	1909.2	2449
Iteration: 147	1483	1593	1879.42	2241
Iteration: 148	1483	1534	1910.22	2329
Iteration: 149	1483	1585	1916.06	2452
Iteration: 150	1483	1520	1895.94	2412
Iteration: 151	1483	1590	1904.62	2652
Iteration: 152	1483	1594	1906.58	2318
Iteration: 153	1483	1610	1886.28	2612
Iteration: 154	1483	1529	1909.98	2578
Iteration: 155	1483	1635	1898.7	2434
Iteration: 156	1480	1480	1890.24	2485
Iteration: 157	1480	1642	1876.26	2510
Iteration: 158	1480	1667	1909.14	2627
Iteration: 159	1480	1576	1911.04	2396
Iteration: 160	1480	1601	1933.6	2756
Iteration: 161	1480	1597	1950.12	2446
Iteration: 162	1480	1623	1893.88	2303
Iteration: 163	1480	1684	1929.56	2563
Iteration: 164	1480	1526	1853.88	2414
Iteration: 165	1480	1626	1904.78	2773
Iteration: 166	1480	1611	1915.44	2310
Iteration: 167	1480	1616	1870.92	2432
Iteration: 168	1480	1625	1893.58	2503
Iteration: 169	1480	1668	1918.18	2254
Iteration: 170	1480	1548	1884.16	2135
Iteration: 171	1480	1572	1900.66	2560
Iteration: 172	1480	1619	1868.04	2263
Iteration: 173	1480	1552	1877.84	2218
Iteration: 174	1480	1591	1910.6	2397
Iteration: 175	1480	1602	1909.9	2473
Iteration: 176	1480	1570	1931.3	2578
Iteration: 177	1480	1569	1885.84	2455
Iteration: 178	1480	1662	1919.16	2488
Iteration: 179	1480	1561	1866.5	2210
Iteration: 180	1480	1561	1901.68	2350
Iteration: 181	1480	1663	1882.72	2397
Iteration: 182	1480	1586	1878.06	2383
Iteration: 183	1480	1635	1901.76	2495
Iteration: 184	1480	1598	1932.38	2487
Iteration: 185	1480	1574	1876.58	2299
Iteration: 186	1480	1633	1931.62	2353
Iteration: 187	1480	1637	1899.8	2365
Iteration: 188	1480	1640	1957.24	2484
Iteration: 189	1480	1575	1912.68	2490
Iteration: 190	1480	1652	1906.06	2463
Iteration: 191	1480	1567	1917.98	2549
Iteration: 192	1480	1647	1954.48	2416
Iteration: 193	1480	1562	1858.06	2408
Iteration: 194	1480	1574	1935.48	2383
Iteration: 195	1480	1614	1901.64	2242
Iteration: 196	1480	1501	1919.18	2447
Iteration: 197	1480	1615	1905.92	2517
Iteration: 198	1480	1551	1904.18	2431
Iteration: 199	1480	1604	1887.34	2359
Iteration: 200	1480	1652	1876.6	2381
Iteration: 201	1480	1618	1903.54	2245
Iteration: 202	1480	1570	1907.02	2401
Iteration: 203	1480	1571	1932.82	2477
Iteration: 204	1480	1560	1900.48	2503
Iteration: 205	1480	1527	1924.56	2542
Iteration: 206	1480	1673	1908.52	2490
Iteration: 207	1480	1636	1908.02	2364
Iteration: 208	1480	1584	1918.42	2368
Iteration: 209	1480	1640	1878.58	2541
Iteration: 210	1480	1602	1895.94	2706
Iteration: 211	1480	1615	1913.76	2315
Iteration: 212	1480	1583	1913.76	2242
Iteration: 213	1480	1569	1932.2	2715
Iteration: 214	1480	1614	1876.32	2167
Iteration: 215	1480	1613	1907.3	2544
Iteration: 216	1480	1573	1867.04	2166
Iteration: 217	1480	1629	1886.34	2371
Iteration: 218	1480	1555	1886.34	2257
Iteration: 219	1480	1615	1940.26	2505
Iteration: 220	1480	1587	1883.86	2443
Iteration: 221	1480	1554	1916.34	2478
Iteration: 222	1480	1620	1877.72	2399
Iteration: 223	1480	1621	1897.52	2397
Iteration: 224	1480	1635	1888.76	2315
Iteration: 225	1480	1590	1882.92	2115
Iteration: 226	1480	1623	1907.52	2658
Iteration: 227	1480	1584	1920.36	2507
Iteration: 228	1480	1545	1902.66	2448
Iteration: 229	1480	1570	1929.7	2688
Iteration: 230	1480	1506	1884.78	2399
Iteration: 231	1480	1586	1917.16	2398
Iteration: 232	1480	1539	1926.5	2737
Iteration: 233	1480	1513	1896.72	2457
Iteration: 234	1480	1665	1917.88	2306
Iteration: 235	1480	1650	1888.72	2261
Iteration: 236	1480	1539	1887.16	2287
Iteration: 237	1480	1634	1888.98	2641
Iteration: 238	1455	1455	1934.94	2620
Iteration: 239	1455	1594	1887.98	2548
Iteration: 240	1455	1499	1898.2	2494
Iteration: 241	1455	1538	1904.24	2368
Iteration: 242	1455	1553	1912.32	2519
Iteration: 243	1455	1567	1943.38	2354
Iteration: 244	1455	1594	1927.14	2315
Iteration: 245	1455	1544	1926.04	2397
Iteration: 246	1455	1607	1909.1	2449
Iteration: 247	1455	1593	1911.54	2629
Iteration: 248	1455	1593	1945.94	2597
Iteration: 249	1455	1590	1911.34	2380
Iteration: 250	1455	1620	1912.74	2497
Iteration: 251	1455	1570	1893.06	2275
Iteration: 252	1455	1619	1892.84	2214
Iteration: 253	1455	1522	1872.3	2229
Iteration: 254	1455	1603	1900.74	2521
Iteration: 255	1455	1584	1900.76	2673
Iteration: 256	1455	1614	1927.8	2394
Iteration: 257	1455	1570	1892	2364
Iteration: 258	1455	1481	1862.4	2367
Iteration: 259	1455	1547	1907.96	2651
Iteration: 260	1455	1602	1880.76	2358
Iteration: 261	1455	1569	1902.86	2480
Iteration: 262	1455	1632	1918	2520
Iteration: 263	1455	1622	1911.7	2341
Iteration: 264	1455	1576	1879.48	2346
Iteration: 265	1455	1577	1873.06	2461
Iteration: 266	1455	1631	1887.18	2513
Iteration: 267	1455	1609	1888.06	2292
Iteration: 268	1455	1592	1900	2310
Iteration: 269	1455	1567	1910.06	2563
Iteration: 270	1455	1585	1894.98	2392
Iteration: 271	1455	1557	1907.08	2329
Iteration: 272	1455	1635	1896.08	2288
Iteration: 273	1455	1554	1916.74	2672
Iteration: 274	1455	1616	1914.1	2384
Iteration: 275	1455	1576	1916.92	2369
Iteration: 276	1455	1583	1897.62	2424
Iteration: 277	1455	1614	1895.1	2407
Iteration: 278	1455	1556	1887.14	2419
Iteration: 279	1455	1632	1868.84	2299
Iteration: 280	1455	1533	1949.1	2669
Iteration: 281	1455	1599	1952.08	2397
Iteration: 282	1455	1570	1925.08	2598
Iteration: 283	1455	1630	1941.92	2733
Iteration: 284	1455	1533	1871.36	2613
Iteration: 285	1455	1607	1892.2	2474
Iteration: 286	1455	1558	1947.46	2592
Iteration: 287	1455	1572	1844.86	2348
Iteration: 288	1455	1623	1896.14	2445
Iteration: 289	1455	1553	1943	2406
Iteration: 290	1455	1550	1902.8	2558
Iteration: 291	1455	1531	1891.74	2311
Iteration: 292	1455	1562	1912.14	2410
Iteration: 293	1455	1601	1919.54	2510
Iteration: 294	1455	1654	1935.66	2544
Iteration: 295	1455	1559	1895.66	2374
Iteration: 296	1455	1561	1842.64	2274
Iteration: 297	1455	1601	1916.54	2308
Iteration: 298	1455	1547	1874.96	2273
Iteration: 299	1455	1591	1892.68	2410
Iteration: 300	1455	1580	1896.66	2399
Iteration: 301	1455	1546	1899.56	2394
Iteration: 302	1455	1639	1931.5	2397
Iteration: 303	1455	1590	1898.14	2648
Iteration: 304	1455	1576	1878.1	2137
Iteration: 305	1455	1564	1883.7	2316
Iteration: 306	1455	1662	1940.38	2798
Iteration: 307	1455	1614	1876.18	2387
Iteration: 308	1455	1544	1884.74	2283
Iteration: 309	1455	1554	1953.16	2613
Iteration: 310	1455	1558	1883.42	2386
Iteration: 311	1455	1611	1890.72	2417
Iteration: 312	1455	1525	1911.36	2395
Iteration: 313	1455	1585	1897.1	2285
Iteration: 314	1455	1623	1880.18	2309
Iteration: 315	1455	1588	1910.48	2914
Iteration: 316	1455	1626	1939.04	2354
Iteration: 317	1455	1629	1876.1	2289
Iteration: 318	1455	1613	1919.44	2353
Iteration: 319	1455	1544	1930.9	2629
Iteration: 320	1455	1561	1899.46	2313
Iteration: 321	1455	1707	1918.22	2494
Iteration: 322	1455	1497	1867.72	2404
Iteration: 323	1455	1523	1915.5	2525
Iteration: 324	1455	1615	1919.62	2484
Iteration: 325	1455	1607	1946.32	2482
Iteration: 326	1455	1597	1878.76	2304
Iteration: 327	1455	1544	1930.82	2312
Iteration: 328	1455	1550	1842.42	2394
Iteration: 329	1455	1594	1886.8	2398
Iteration: 330	1455	1569	1832.66	2221
Iteration: 331	1455	1603	1897.32	2203
Iteration: 332	1455	1650	1916.16	2348
Iteration: 333	1455	1587	1925.58	2405
Iteration: 334	1455	1602	1948.16	2655
Iteration: 335	1455	1640	1877.18	2254
Iteration: 336	1455	1638	1942.44	2441
Iteration: 337	1455	1630	1913	2313
Iteration: 338	1455	1638	1879.84	2446
Iteration: 339	1455	1603	1902.34	2319
Iteration: 340	1455	1583	1950.1	2942
Iteration: 341	1455	1609	1909.26	2403
Iteration: 342	1455	1549	1873.56	2214
Iteration: 343	1455	1566	1880.94	2229
Iteration: 344	1455	1591	1873.1	2520
Iteration: 345	1455	1567	1900.84	2297
Iteration: 346	1455	1590	1899.44	2352
Iteration: 347	1455	1580	1907.14	2430
Iteration: 348	1455	1726	1907.16	2335
Iteration: 349	1455	1589	1905.76	2430
Iteration: 350	1455	1662	1917	2517
Iteration: 351	1455	1568	1878.02	2404
Iteration: 352	1455	1576	1916.52	2324
Iteration: 353	1455	1617	1865.42	2271
Iteration: 354	1455	1619	1924.9	2476
Iteration: 355	1455	1599	1892.52	2528
Iteration: 356	1455	1528	1869.32	2293
Iteration: 357	1455	1675	1967.32	2574
Iteration: 358	1455	1591	1893.02	2754
Iteration: 359	1455	1604	1891.48	2454
Iteration: 360	1455	1565	1918.64	2702
Iteration: 361	1455	1521	1918.48	2419
Iteration: 362	1455	1560	1849.3	2466
Iteration: 363	1455	1544	1949.08	2485
Iteration: 364	1455	1552	1917.96	2438
Iteration: 365	1455	1568	1933.78	2674
Iteration: 366	1455	1684	1944.76	2359
Iteration: 367	1455	1471	1860.76	2241
Iteration: 368	1455	1611	1906.52	2357
Iteration: 369	1455	1538	1878.24	2227
Iteration: 370	1455	1651	1931.64	2638
Iteration: 371	1455	1581	1932.88	2520
Iteration: 372	1455	1623	1937.18	2529
Iteration: 373	1455	1663	1932.56	2416
Iteration: 374	1455	1582	1876.06	2643
Iteration: 375	1455	1572	1888.12	2582
Iteration: 376	1455	1641	1936.44	2484
Iteration: 377	1455	1625	1938.02	2297
Iteration: 378	1455	1600	1891.44	2341
Iteration: 379	1455	1626	1924.62	2924
Iteration: 380	1455	1653	1899.02	2477
Iteration: 381	1455	1552	1907.7	2709
Iteration: 382	1455	1609	1924.4	2410
Iteration: 383	1455	1580	1899.24	2510
Iteration: 384	1455	1618	1907.04	2400
Iteration: 385	1455	1551	1930.72	2559
Iteration: 386	1455	1462	1862.64	2255
Iteration: 387	1455	1584	1880.86	2312
Iteration: 388	1455	1602	1874.6	2264
Iteration: 389	1455	1575	1930.62	2399
Iteration: 390	1455	1632	1972.88	2534
Iteration: 391	1455	1567	1868.54	2264
Iteration: 392	1455	1658	1923.52	2450
Iteration: 393	1455	1541	1921.68	2269
Iteration: 394	1455	1608	1943.32	2589
Iteration: 395	1455	1661	1922.56	2401
Iteration: 396	1455	1560	1906.08	2498
Iteration: 397	1455	1609	1889.6	2290
Iteration: 398	1455	1581	1918.96	2446
Iteration: 399	1455	1625	1897.66	2391
Iteration: 400	1455	1595	1904.76	2596
Iteration: 401	1455	1640	1930.14	2670
Iteration: 402	1455	1591	1890.24	2492
Iteration: 403	1455	1569	1925.02	2306
Iteration: 404	1455	1555	1931.88	2359
Iteration: 405	1455	1660	1916.44	2403
Iteration: 406	1455	1543	1863.76	2281
Iteration: 407	1455	1560	1932.26	2546
Iteration: 408	1455	1587	1890.58	2436
Iteration: 409	1455	1633	1911.38	2340
Iteration: 410	1455	1592	1940.82	2372
Iteration: 411	1455	1593	1893.16	2379
Iteration: 412	1455	1540	1890.94	2427
Iteration: 413	1455	1524	1916.6	2438
Iteration: 414	1455	1582	1897.98	2318
Iteration: 415	1455	1608	1926.94	2340
Iteration: 416	1455	1573	1903.24	2802
Iteration: 417	1455	1566	1942.86	2373
Iteration: 418	1455	1576	1889.56	2289
Iteration: 419	1455	1541	1871.86	2289
Iteration: 420	1455	1572	1932.64	2620
Iteration: 421	1455	1553	1926.88	2438
Iteration: 422	1455	1546	1917.52	2622
Iteration: 423	1455	1580	1895.94	2510
Iteration: 424	1455	1589	1929.76	2593
Iteration: 425	1455	1618	1883.96	2379
Iteration: 426	1455	1538	1914.44	3298
Iteration: 427	1455	1611	1922.78	2389
Iteration: 428	1455	1603	1870.42	2201
Iteration: 429	1455	1517	1866.66	2214
Iteration: 430	1455	1560	1872.44	2634
Iteration: 431	1455	1581	1902.84	2513
Iteration: 432	1455	1607	1934.98	2577
Iteration: 433	1455	1583	1929.84	2677
Iteration: 434	1455	1628	1891.06	2175
Iteration: 435	1455	1598	1885.66	2328
Iteration: 436	1455	1584	1900.8	2432
Iteration: 437	1455	1568	1874.96	2699
Iteration: 438	1455	1656	1949.44	2445
Iteration: 439	1455	1630	1950.92	2738
Iteration: 440	1455	1594	1936.44	2515
Iteration: 441	1455	1585	1885.76	2368
Iteration: 442	1455	1548	1937.36	2777
Iteration: 443	1455	1584	1924.12	2430
Iteration: 444	1455	1556	1908.6	2242
Iteration: 445	1455	1528	1891.84	2326
Iteration: 446	1455	1630	1853.06	2149
Iteration: 447	1455	1636	1964.76	2507
Iteration: 448	1455	1562	1932.6	2633
Iteration: 449	1455	1598	1891.32	2460
Iteration: 450	1455	1627	1905.32	2400
Iteration: 451	1455	1645	1906.72	2547
Iteration: 452	1455	1601	1923.1	2390
Iteration: 453	1455	1650	1936.18	2543
Iteration: 454	1455	1569	1922.62	2553
Iteration: 455	1455	1507	1916.74	2448
Iteration: 456	1455	1540	1872.56	2477
Iteration: 457	1455	1593	1868.04	2379
Iteration: 458	1455	1559	1838.74	2287
Iteration: 459	1455	1505	1870.06	2159
Iteration: 460	1455	1654	1920.76	2333
Iteration: 461	1455	1556	1912	2336
Iteration: 462	1455	1487	1923.3	2724
Iteration: 463	1455	1623	1928.2	2391
Iteration: 464	1455	1656	1908.96	2282
Iteration: 465	1455	1528	1908.46	2321
Iteration: 466	1455	1625	1902.9	2289
Iteration: 467	1455	1613	1899.28	2598
Iteration: 468	1455	1637	1900.96	2367
Iteration: 469	1455	1569	1926.18	2467
Iteration: 470	1455	1586	1881.32	2379
Iteration: 471	1455	1538	1905.22	2546
Iteration: 472	1455	1582	1906.34	2481
Iteration: 473	1455	1627	1878.18	2779
Iteration: 474	1455	1582	1898.28	2496
Iteration: 475	1455	1660	1937.58	2454
Iteration: 476	1455	1580	1961.5	2471
Iteration: 477	1455	1620	1906.76	2272
Iteration: 478	1455	1589	1929.8	2663
Iteration: 479	1455	1538	1957.38	2493
Iteration: 480	1455	1627	1928.94	2568
Iteration: 481	1455	1647	1911.82	2541
Iteration: 482	1455	1611	1910.64	2589
Iteration: 483	1455	1586	1896.26	2601
Iteration: 484	1455	1585	1892.84	2329
Iteration: 485	1455	1599	1885.94	2374
Iteration: 486	1455	1617	1914.4	2458
Iteration: 487	1455	1563	1874.82	2505
Iteration: 488	1455	1514	1923.8	2416
Iteration: 489	1455	1574	1871.2	2187
Iteration: 490	1455	1572	1864.42	2237
Iteration: 491	1455	1524	1942.88	2566
Iteration: 492	1455	1588	1866.02	2331
Iteration: 493	1455	1583	1903.78	2299
Iteration: 494	1455	1502	1917.14	2383
Iteration: 495	1455	1586	1922.5	2358
Iteration: 496	1455	1620	1870.78	2286
Iteration: 497	1455	1528	1907.28	2321
Iteration: 498	1455	1611	1903.28	2412
Iteration: 499	1455	1644	1911.04	2262
