Iteration: 0	1537	1537	1964.8	2488
Iteration: 1	1537	1585	1893.09	2335
Iteration: 2	1537	1596	1874.35	2401
Iteration: 3	1537	1646	1930.08	2730
Iteration: 4	1537	1580	1923.96	2554
Iteration: 5	1537	1585	1883.83	2401
Iteration: 6	1537	1552	1965.81	2593
Iteration: 7	1530	1530	1921.71	2552
Iteration: 8	1530	1555	1887.8	2453
Iteration: 9	1530	1610	1888.55	2471
Iteration: 10	1530	1602	1912.77	2305
Iteration: 11	1530	1605	1894.51	2338
Iteration: 12	1530	1541	1873.89	2406
Iteration: 13	1530	1571	1875.48	2577
Iteration: 14	1530	1595	1891.77	2440
Iteration: 15	1530	1625	1910.29	2430
Iteration: 16	1530	1597	1922.59	2403
Iteration: 17	1528	1528	1882.21	2360
Iteration: 18	1528	1621	1928.05	2466
Iteration: 19	1528	1612	1929.65	2423
Iteration: 20	1528	1611	1875.35	2312
Iteration: 21	1528	1611	1892.87	2565
Iteration: 22	1528	1629	1913.44	2514
Iteration: 23	1528	1589	1926.23	2483
Iteration: 24	1528	1541	1893.81	2392
Iteration: 25	1528	1569	1888.41	2399
Iteration: 26	1528	1625	1920.07	2516
Iteration: 27	1528	1541	1900.09	2376
Iteration: 28	1528	1561	1877.52	2315
Iteration: 29	1510	1510	1889.48	2314
Iteration: 30	1510	1563	1893.09	2575
Iteration: 31	1510	1587	1905.96	2453
Iteration: 32	1510	1519	1937.8	2574
Iteration: 33	1510	1582	1870.25	2369
Iteration: 34	1510	1604	1914.2	2514
Iteration: 35	1510	1563	1931.4	2496
Iteration: 36	1510	1559	1871.07	2459
Iteration: 37	1510	1591	1856.03	2304
Iteration: 38	1510	1573	1904.63	2337
Iteration: 39	1510	1523	1903.84	2625
Iteration: 40	1510	1601	1900.49	2653
Iteration: 41	1494	1494	1892.88	2421
Iteration: 42	1494	1551	1895.89	2284
Iteration: 43	1494	1584	1904.91	2335
Iteration: 44	1487	1487	1850.79	2374
Iteration: 45	1487	1568	1888.25	2303
Iteration: 46	1487	1549	1873.72	2572
Iteration: 47	1487	1589	1902.24	2470
Iteration: 48	1487	1524	1895.96	2450
Iteration: 49	1487	1546	1919.39	2657
Iteration: 50	1487	1575	1879.55	2450
Iteration: 51	1487	1580	1895.28	2488
Iteration: 52	1487	1614	1885.09	2385
Iteration: 53	1487	1556	1904.41	2434
Iteration: 54	1487	1604	1863.17	2439
Iteration: 55	1487	1504	1903.21	2239
Iteration: 56	1487	1541	1884.41	2892
Iteration: 57	1487	1600	1891.93	2834
Iteration: 58	1487	1558	1904.03	2606
Iteration: 59	1487	1557	1884.01	2576
Iteration: 60	1487	1566	1910.99	2378
Iteration: 61	1487	1541	1874.71	2316
Iteration: 62	1487	1551	1906.4	2336
Iteration: 63	1487	1555	1918.63	2369
Iteration: 64	1487	1531	1911.45	2519
Iteration: 65	1487	1608	1921.59	2398
Iteration: 66	1487	1619	1925.95	2543
Iteration: 67	1454	1454	1829.73	2311
Iteration: 68	1454	1545	1897.72	2408
Iteration: 69	1454	1568	1859.56	2301
Iteration: 70	1454	1569	1891.64	2377
Iteration: 71	1454	1604	1921.29	2605
Iteration: 72	1454	1557	1878.85	2313
Iteration: 73	1454	1594	1878.84	2260
Iteration: 74	1454	1582	1913.55	2599
Iteration: 75	1454	1540	1886.49	2363
Iteration: 76	1454	1594	1851.52	2338
Iteration: 77	1454	1592	1919.12	2377
Iteration: 78	1454	1588	1875.53	2391
Iteration: 79	1454	1547	1893.24	2325
Iteration: 80	1454	1580	1862.21	2376
Iteration: 81	1454	1604	1905.05	2463
Iteration: 82	1454	1586	1902.79	2383
Iteration: 83	1454	1565	1869.57	2367
Iteration: 84	1454	1601	1915.35	2446
Iteration: 85	1454	1635	1924.51	2454
Iteration: 86	1454	1595	1903.41	2295
Iteration: 87	1454	1611	1910.8	2565
Iteration: 88	1454	1557	1906.89	2318
Iteration: 89	1454	1519	1894.57	2479
Iteration: 90	1454	1650	1901.97	2471
Iteration: 91	1454	1576	1922.65	2339
Iteration: 92	1454	1632	1868.4	2246
Iteration: 93	1454	1619	1885.35	2447
Iteration: 94	1454	1560	1909.85	2528
Iteration: 95	1454	1526	1909.85	2365
Iteration: 96	1454	1524	1909.56	2539
Iteration: 97	1454	1606	1899.28	2553
Iteration: 98	1454	1538	1844.28	2191
Iteration: 99	1454	1506	1919.49	2342
Iteration: 100	1454	1545	1877.23	2421
Iteration: 101	1454	1507	1915.48	2409
Iteration: 102	1454	1529	1888.23	2754
Iteration: 103	1454	1627	1916.15	2494
Iteration: 104	1454	1559	1927.13	2457
Iteration: 105	1454	1531	1886.32	2384
Iteration: 106	1454	1470	1879.33	2303
Iteration: 107	1454	1598	1906.03	2306
Iteration: 108	1454	1572	1895.24	2499
Iteration: 109	1454	1587	1894.8	2484
Iteration: 110	1454	1625	1907.84	2748
Iteration: 111	1454	1581	1923	2405
Iteration: 112	1454	1570	1904.24	2394
Iteration: 113	1454	1580	1872.31	2474
Iteration: 114	1454	1603	1906.91	2471
Iteration: 115	1454	1583	1890.44	2345
Iteration: 116	1454	1589	1883.59	2345
Iteration: 117	1454	1571	1850.71	2399
Iteration: 118	1454	1590	1898.75	2418
Iteration: 119	1454	1568	1880.53	2564
Iteration: 120	1454	1554	1880.4	2270
Iteration: 121	1454	1586	1916.79	2478
Iteration: 122	1454	1483	1901.36	2376
Iteration: 123	1454	1587	1897.15	2394
Iteration: 124	1454	1638	1888.05	2405
Iteration: 125	1454	1573	1912.25	2516
Iteration: 126	1454	1580	1912.57	2525
Iteration: 127	1454	1568	1887.41	2389
Iteration: 128	1454	1621	1895	2333
Iteration: 129	1454	1624	1929.53	2345
Iteration: 130	1454	1568	1885.45	2462
Iteration: 131	1454	1531	1903.41	2721
Iteration: 132	1454	1554	1922.44	2600
Iteration: 133	1454	1594	1941.85	3103
Iteration: 134	1454	1570	1884.92	2543
Iteration: 135	1454	1557	1923.89	2626
Iteration: 136	1454	1634	1951.11	2456
Iteration: 137	1454	1621	1922.55	2568
Iteration: 138	1454	1622	1909.92	2442
Iteration: 139	1454	1543	1904.24	2493
Iteration: 140	1454	1518	1856.85	2248
Iteration: 141	1447	1447	1888.56	2328
Iteration: 142	1447	1641	1886.75	2331
Iteration: 143	1447	1610	1887.07	2470
Iteration: 144	1447	1602	1920.59	2257
Iteration: 145	1447	1604	1915.08	2308
Iteration: 146	1447	1552	1903.73	2375
Iteration: 147	1447	1554	1864.61	2320
Iteration: 148	1447	1550	1865.01	2334
Iteration: 149	1447	1519	1893.15	2542
