Iteration: 0	1601	1601	1909.36	2365
Iteration: 1	1601	1648	1902.97	2285
Iteration: 2	1575	1575	1900.55	2432
Iteration: 3	1545	1545	1903.24	2401
Iteration: 4	1543	1543	1890.52	2234
Iteration: 5	1517	1517	1858.93	2229
Iteration: 6	1517	1570	1867.84	2326
Iteration: 7	1517	1526	1943.11	2770
Iteration: 8	1517	1585	1926.47	2338
Iteration: 9	1517	1541	1885.08	2382
Iteration: 10	1517	1567	1912.52	2302
Iteration: 11	1517	1617	1865.31	2363
Iteration: 12	1517	1537	1838.89	2260
Iteration: 13	1517	1517	1886.96	2623
Iteration: 14	1517	1587	1877.65	2246
Iteration: 15	1517	1623	1912.03	2316
Iteration: 16	1512	1512	1865	2679
Iteration: 17	1512	1529	1852.76	2310
Iteration: 18	1512	1607	1873.45	2290
Iteration: 19	1512	1593	1948.87	2659
Iteration: 20	1512	1614	1908.59	2311
Iteration: 21	1512	1519	1886.28	2397
Iteration: 22	1512	1642	1882.35	2392
Iteration: 23	1512	1567	1878.64	2604
Iteration: 24	1512	1555	1912.43	2330
Iteration: 25	1478	1478	1883.29	2394
Iteration: 26	1478	1574	1913.92	2460
Iteration: 27	1478	1578	1877.19	2343
Iteration: 28	1478	1598	1930.92	2490
Iteration: 29	1469	1469	1874.68	2596
Iteration: 30	1469	1502	1888.2	2553
Iteration: 31	1469	1588	1912.91	2782
Iteration: 32	1469	1551	1918.11	2481
Iteration: 33	1469	1588	1897.4	2518
Iteration: 34	1469	1570	1935.21	2700
Iteration: 35	1469	1521	1922.29	2284
Iteration: 36	1469	1597	1901.47	2450
Iteration: 37	1469	1579	1871.03	2258
Iteration: 38	1469	1601	1925.31	2660
Iteration: 39	1469	1577	1878.97	2313
Iteration: 40	1469	1615	1962.35	2824
Iteration: 41	1469	1569	1845.13	2253
Iteration: 42	1469	1557	1874.12	2456
Iteration: 43	1469	1548	1869.97	2613
Iteration: 44	1469	1515	1879.71	2317
Iteration: 45	1469	1600	1890.95	2297
Iteration: 46	1469	1506	1910.44	2638
Iteration: 47	1469	1568	1913.28	2325
Iteration: 48	1469	1633	1921.89	2340
Iteration: 49	1469	1569	1869.97	2308
Iteration: 50	1469	1553	1881.2	2257
Iteration: 51	1469	1571	1893.8	2346
Iteration: 52	1469	1560	1865.73	2258
Iteration: 53	1469	1567	1915.85	2453
Iteration: 54	1469	1601	1947.33	2858
Iteration: 55	1469	1498	1909.29	2325
Iteration: 56	1469	1535	1878.13	2280
Iteration: 57	1469	1591	1907.81	2468
Iteration: 58	1469	1623	1912.27	2505
Iteration: 59	1469	1606	1904.6	2438
Iteration: 60	1469	1599	1829.99	2199
Iteration: 61	1469	1595	1885.95	2745
Iteration: 62	1469	1548	1911.44	2372
Iteration: 63	1469	1535	1896.72	2377
Iteration: 64	1469	1539	1928.97	2504
Iteration: 65	1469	1631	1909.4	2375
Iteration: 66	1469	1580	1913.68	2620
Iteration: 67	1469	1597	1888.57	2307
Iteration: 68	1469	1539	1920.44	2364
Iteration: 69	1469	1536	1893.61	2452
Iteration: 70	1469	1581	1881.92	2458
Iteration: 71	1469	1562	1883.36	2322
Iteration: 72	1469	1544	1886.73	2527
Iteration: 73	1469	1601	1889.23	2449
Iteration: 74	1469	1563	1905.65	2466
Iteration: 75	1469	1481	1857.73	2337
Iteration: 76	1469	1637	1899.61	2473
Iteration: 77	1469	1556	1882.84	2300
Iteration: 78	1469	1518	1897.92	2407
Iteration: 79	1469	1602	1904.91	2401
Iteration: 80	1469	1531	1873.17	2538
Iteration: 81	1469	1628	1918.36	2647
Iteration: 82	1469	1494	1877.81	2203
Iteration: 83	1469	1527	1880.16	2505
Iteration: 84	1469	1575	1892.61	2293
Iteration: 85	1469	1599	1844.84	2375
Iteration: 86	1469	1610	1911.15	2475
Iteration: 87	1469	1569	1882.59	2392
Iteration: 88	1469	1477	1888.28	2283
Iteration: 89	1469	1576	1938.07	2325
Iteration: 90	1469	1584	1904.19	2419
Iteration: 91	1469	1639	1884.88	2528
Iteration: 92	1469	1595	1887.51	2442
Iteration: 93	1469	1618	1891.19	2342
Iteration: 94	1469	1498	1883.92	2429
Iteration: 95	1469	1580	1910.16	2253
Iteration: 96	1469	1598	1898.19	2486
Iteration: 97	1469	1554	1936.45	2639
Iteration: 98	1460	1460	1894.32	2314
Iteration: 99	1460	1556	1899.75	2670
Iteration: 100	1460	1538	1912.8	2472
Iteration: 101	1460	1565	1894	2527
Iteration: 102	1460	1525	1882.24	2347
Iteration: 103	1460	1596	1884.59	2284
Iteration: 104	1460	1625	1893.12	2339
Iteration: 105	1460	1551	1897.17	2483
Iteration: 106	1460	1523	1895.91	2505
Iteration: 107	1460	1603	1888.08	2331
Iteration: 108	1460	1561	1883.4	2328
Iteration: 109	1460	1496	1944.17	2642
Iteration: 110	1460	1572	1888.51	2578
Iteration: 111	1460	1625	1900.76	2425
Iteration: 112	1460	1516	1855.13	2273
Iteration: 113	1460	1583	1884.33	2421
Iteration: 114	1460	1601	1899.91	2340
Iteration: 115	1460	1541	1852.45	2267
Iteration: 116	1460	1517	1877.53	2320
Iteration: 117	1460	1561	1886.71	2470
Iteration: 118	1460	1544	1908.15	2572
Iteration: 119	1460	1565	1901.87	2361
Iteration: 120	1460	1497	1896.05	2442
Iteration: 121	1460	1518	1860.97	2447
Iteration: 122	1460	1562	1883.36	2340
Iteration: 123	1460	1617	1932.71	2438
Iteration: 124	1460	1589	1897.73	2512
Iteration: 125	1460	1613	1914.83	2541
Iteration: 126	1460	1610	1958.89	2675
Iteration: 127	1460	1548	1855.76	2321
Iteration: 128	1460	1495	1913.85	2485
Iteration: 129	1460	1519	1894.77	2503
Iteration: 130	1460	1578	1913.53	2387
Iteration: 131	1460	1581	1874.8	2299
Iteration: 132	1460	1531	1876.37	2302
Iteration: 133	1460	1569	1881.44	2444
Iteration: 134	1460	1574	1878.64	2260
Iteration: 135	1460	1558	1914.99	2368
Iteration: 136	1460	1577	1868.11	2340
Iteration: 137	1460	1566	1927.37	2518
Iteration: 138	1460	1589	1910.63	2539
Iteration: 139	1460	1496	1944.76	2568
Iteration: 140	1460	1561	1906.73	2429
Iteration: 141	1460	1564	1910.01	2330
Iteration: 142	1460	1575	1884.55	2365
Iteration: 143	1460	1574	1893.24	2367
Iteration: 144	1460	1594	1909.28	2624
Iteration: 145	1460	1555	1868.36	2370
Iteration: 146	1460	1574	1885	2487
Iteration: 147	1460	1548	1938.51	2436
Iteration: 148	1460	1563	1914.24	2574
Iteration: 149	1460	1621	1891.95	2369
