Iteration: 0	1550	1550	1916.19	2343
Iteration: 1	1550	1551	1906.4	2611
Iteration: 2	1550	1559	1877.93	2386
Iteration: 3	1515	1515	1915.53	2625
Iteration: 4	1515	1604	1921.36	2500
Iteration: 5	1515	1633	1900.4	2499
Iteration: 6	1515	1537	1882.23	2293
Iteration: 7	1515	1623	1905.27	2468
Iteration: 8	1515	1574	1894.23	2373
Iteration: 9	1515	1578	1896.48	2425
Iteration: 10	1515	1597	1866.97	2467
Iteration: 11	1515	1582	1923.41	2402
Iteration: 12	1515	1581	1906.83	2436
Iteration: 13	1515	1577	1914.92	2419
Iteration: 14	1511	1511	1868.31	2379
Iteration: 15	1511	1568	1902.03	2739
Iteration: 16	1511	1583	1891.4	2361
Iteration: 17	1511	1560	1884.73	2457
Iteration: 18	1511	1630	1890.04	2330
Iteration: 19	1511	1659	1914.27	2612
Iteration: 20	1511	1563	1926.45	2469
Iteration: 21	1511	1604	1913.56	2540
Iteration: 22	1511	1558	1914.52	2336
Iteration: 23	1511	1578	1894.31	2487
Iteration: 24	1511	1537	1896.56	2269
Iteration: 25	1511	1604	1912.49	2393
Iteration: 26	1511	1551	1902.17	2504
Iteration: 27	1471	1471	1849.48	2622
Iteration: 28	1471	1614	1895.72	2571
Iteration: 29	1471	1592	1916.36	2511
Iteration: 30	1471	1591	1921.53	2450
Iteration: 31	1471	1562	1881.17	2290
Iteration: 32	1471	1577	1904.47	2520
Iteration: 33	1471	1560	1905.13	2364
Iteration: 34	1471	1597	1898.97	2621
Iteration: 35	1471	1602	1927.79	2413
Iteration: 36	1471	1549	1912.72	2473
Iteration: 37	1471	1528	1888.53	2379
Iteration: 38	1471	1594	1929.8	2524
Iteration: 39	1471	1598	1898.08	2450
Iteration: 40	1471	1506	1889.77	2405
Iteration: 41	1471	1579	1894.97	2275
Iteration: 42	1471	1616	1882.43	2306
Iteration: 43	1471	1512	1879.32	2284
Iteration: 44	1471	1565	1899.24	2409
Iteration: 45	1471	1548	1881.6	2326
Iteration: 46	1471	1555	1910.55	2528
Iteration: 47	1471	1564	1927.83	2538
Iteration: 48	1471	1535	1884.59	2137
Iteration: 49	1471	1576	1909.45	2572
Iteration: 50	1471	1617	1922.13	2630
Iteration: 51	1471	1620	1890.97	2608
Iteration: 52	1471	1566	1875.49	2616
Iteration: 53	1471	1562	1890.04	2383
Iteration: 54	1471	1586	1922.03	2331
Iteration: 55	1471	1591	1914.72	2544
Iteration: 56	1471	1607	1854.69	2332
Iteration: 57	1471	1543	1913.41	2392
Iteration: 58	1471	1509	1900.28	2418
Iteration: 59	1471	1594	1929.39	2457
Iteration: 60	1471	1635	1936.08	2613
Iteration: 61	1471	1578	1890.49	2180
Iteration: 62	1471	1594	1920.08	2498
Iteration: 63	1471	1512	1896.96	2615
Iteration: 64	1471	1600	1899.41	2445
Iteration: 65	1471	1589	1892.11	2502
Iteration: 66	1471	1542	1899.03	2464
Iteration: 67	1471	1601	1910.07	2478
Iteration: 68	1471	1597	1899.79	2364
Iteration: 69	1471	1558	1895.4	2470
Iteration: 70	1471	1620	1893.75	2423
Iteration: 71	1471	1636	1913.87	2478
Iteration: 72	1471	1624	1877.91	2286
Iteration: 73	1471	1575	1940.72	2494
Iteration: 74	1471	1604	1898.96	2278
Iteration: 75	1471	1608	1901.04	2429
Iteration: 76	1471	1590	1889.75	2754
Iteration: 77	1471	1588	1877.11	2285
Iteration: 78	1471	1633	1878.44	2302
Iteration: 79	1471	1550	1904.71	2496
Iteration: 80	1471	1623	1919.59	2696
Iteration: 81	1471	1556	1927.36	2444
Iteration: 82	1471	1570	1912.89	2452
Iteration: 83	1471	1564	1884.49	2440
Iteration: 84	1471	1609	1878.83	2505
Iteration: 85	1471	1582	1893.89	2237
Iteration: 86	1448	1448	1886.96	2505
Iteration: 87	1448	1560	1927.25	2560
Iteration: 88	1448	1573	1880.75	2563
Iteration: 89	1448	1554	1888.99	2356
Iteration: 90	1448	1571	1904.53	2392
Iteration: 91	1448	1513	1856.4	2538
Iteration: 92	1448	1579	1917.35	2706
Iteration: 93	1448	1465	1875.09	2376
Iteration: 94	1448	1646	1940.2	2313
Iteration: 95	1448	1596	1925.29	2493
Iteration: 96	1448	1575	1906.67	2375
Iteration: 97	1448	1480	1949.05	2900
Iteration: 98	1448	1532	1911.31	2334
Iteration: 99	1448	1571	1887.61	2326
Iteration: 100	1448	1583	1903.17	2758
Iteration: 101	1448	1593	1874.96	2378
Iteration: 102	1448	1552	1894.47	2453
Iteration: 103	1448	1636	1907.16	2641
Iteration: 104	1448	1579	1904.99	2443
Iteration: 105	1448	1600	1896.29	2408
Iteration: 106	1448	1574	1892.85	2323
Iteration: 107	1448	1600	1892.84	2296
Iteration: 108	1448	1537	1902.08	2606
Iteration: 109	1448	1594	1871.16	2648
Iteration: 110	1448	1558	1891.63	3086
Iteration: 111	1448	1557	1884.28	2362
Iteration: 112	1448	1565	1869.36	2367
Iteration: 113	1448	1584	1889.2	2422
Iteration: 114	1448	1535	1872.35	2467
Iteration: 115	1448	1607	1872.69	2328
Iteration: 116	1448	1593	1895.25	2492
Iteration: 117	1448	1571	1922.01	2446
Iteration: 118	1448	1520	1919.21	2897
Iteration: 119	1448	1588	1947.03	2499
Iteration: 120	1448	1548	1879.39	2463
Iteration: 121	1448	1611	1881.88	2254
Iteration: 122	1448	1615	1912.89	2593
Iteration: 123	1448	1568	1894.95	2355
Iteration: 124	1448	1560	1913.39	2340
Iteration: 125	1448	1525	1888.95	2632
Iteration: 126	1448	1612	1874.01	2367
Iteration: 127	1448	1572	1854.33	2418
Iteration: 128	1448	1597	1905.48	2441
Iteration: 129	1448	1571	1917.31	2432
Iteration: 130	1448	1596	1911.89	2336
Iteration: 131	1448	1552	1868.35	2293
Iteration: 132	1448	1529	1927.71	2320
Iteration: 133	1448	1575	1885.37	2555
Iteration: 134	1448	1502	1909.49	2381
Iteration: 135	1448	1640	1932.64	2441
Iteration: 136	1448	1556	1901.11	2363
Iteration: 137	1448	1564	1911.23	2511
Iteration: 138	1448	1526	1925.75	2692
Iteration: 139	1448	1554	1925.44	2453
Iteration: 140	1448	1629	1878.4	2483
Iteration: 141	1448	1586	1903.05	2619
Iteration: 142	1448	1597	1926.2	2515
Iteration: 143	1448	1531	1877.33	2439
Iteration: 144	1448	1541	1896.07	2377
Iteration: 145	1448	1538	1892.84	2589
Iteration: 146	1448	1623	1913	2767
Iteration: 147	1448	1555	1905.45	2435
Iteration: 148	1448	1639	1891.07	2453
Iteration: 149	1448	1609	1900.31	2562
Iteration: 150	1448	1595	1915.47	2399
Iteration: 151	1448	1538	1901.91	2287
Iteration: 152	1448	1531	1894.12	2358
Iteration: 153	1448	1570	1914.05	2790
Iteration: 154	1448	1655	1907.52	2462
Iteration: 155	1448	1537	1885.51	2320
Iteration: 156	1448	1561	1876.97	2541
Iteration: 157	1448	1560	1895.92	2513
Iteration: 158	1448	1580	1917.32	2500
Iteration: 159	1448	1552	1872.08	2493
Iteration: 160	1448	1565	1911.21	2400
Iteration: 161	1448	1552	1880.63	2349
Iteration: 162	1448	1554	1869.69	2343
Iteration: 163	1448	1520	1882.92	2394
Iteration: 164	1448	1572	1918.17	2501
Iteration: 165	1448	1553	1915.33	2441
Iteration: 166	1448	1606	1915.04	2339
Iteration: 167	1448	1610	1907.39	2803
Iteration: 168	1448	1559	1906.95	2323
Iteration: 169	1448	1604	1904.75	2443
Iteration: 170	1448	1608	1912.16	2401
Iteration: 171	1448	1550	1913.59	2340
Iteration: 172	1448	1544	1899.75	2442
Iteration: 173	1448	1573	1921.28	2332
Iteration: 174	1448	1564	1904.67	2669
Iteration: 175	1448	1547	1905.45	2718
Iteration: 176	1448	1493	1900.97	2640
Iteration: 177	1448	1586	1896.4	2555
Iteration: 178	1448	1573	1867.28	2333
Iteration: 179	1448	1563	1875.59	2513
Iteration: 180	1448	1605	1890.79	2431
Iteration: 181	1448	1615	1940.81	2484
Iteration: 182	1448	1558	1883.87	2453
Iteration: 183	1448	1619	1917	2380
Iteration: 184	1448	1620	1910.44	2710
Iteration: 185	1448	1583	1911.6	2389
Iteration: 186	1448	1568	1904.97	2657
Iteration: 187	1448	1504	1874.37	2553
Iteration: 188	1448	1610	1897.09	2487
Iteration: 189	1448	1523	1910.47	2502
Iteration: 190	1448	1567	1920.93	2527
Iteration: 191	1448	1540	1924.99	2363
Iteration: 192	1448	1598	1909.35	2370
Iteration: 193	1448	1644	1916.47	2434
Iteration: 194	1448	1532	1927.64	2294
Iteration: 195	1448	1560	1898.28	2342
Iteration: 196	1448	1554	1888.88	2417
Iteration: 197	1448	1571	1899.2	2571
Iteration: 198	1448	1580	1907.88	2652
Iteration: 199	1448	1535	1915.92	2424
Iteration: 200	1448	1483	1892.04	2359
Iteration: 201	1448	1503	1912.44	2442
Iteration: 202	1448	1486	1862.23	2393
Iteration: 203	1448	1533	1920.49	2474
Iteration: 204	1448	1506	1860.52	2343
Iteration: 205	1448	1532	1865.61	2367
Iteration: 206	1448	1559	1891.93	2277
Iteration: 207	1448	1608	1900.23	2672
Iteration: 208	1448	1580	1853.68	2394
Iteration: 209	1448	1543	1860.89	2548
Iteration: 210	1448	1510	1901.6	2495
Iteration: 211	1448	1516	1901.88	2473
Iteration: 212	1448	1542	1922.36	2372
Iteration: 213	1448	1559	1897.71	2421
Iteration: 214	1448	1575	1881.15	2266
Iteration: 215	1448	1622	1886.65	2355
Iteration: 216	1448	1535	1903.83	2450
Iteration: 217	1448	1567	1892.61	2678
Iteration: 218	1448	1559	1893.68	2442
Iteration: 219	1448	1627	1947.36	2633
Iteration: 220	1448	1566	1920.21	2449
Iteration: 221	1448	1611	1905.44	2447
Iteration: 222	1448	1615	1960.79	2558
Iteration: 223	1448	1587	1898.56	2566
Iteration: 224	1448	1574	1909.05	2364
Iteration: 225	1448	1519	1882.33	2410
Iteration: 226	1448	1597	1904.79	2619
Iteration: 227	1448	1539	1879.49	2380
Iteration: 228	1448	1598	1897.27	2442
Iteration: 229	1448	1569	1900.16	2479
Iteration: 230	1448	1652	1942.69	2479
Iteration: 231	1448	1585	1875.41	2410
Iteration: 232	1448	1556	1883.64	2284
Iteration: 233	1448	1553	1884.72	2364
Iteration: 234	1448	1593	1919.97	2657
Iteration: 235	1448	1543	1877.63	2565
Iteration: 236	1448	1558	1868.92	2621
Iteration: 237	1448	1588	1926.4	2575
Iteration: 238	1448	1619	1914.45	2531
Iteration: 239	1448	1592	1891.67	2494
Iteration: 240	1448	1560	1909.69	2409
Iteration: 241	1448	1590	1899.87	2600
Iteration: 242	1448	1551	1858.47	2407
Iteration: 243	1448	1560	1883.41	2363
Iteration: 244	1448	1543	1883.44	2352
Iteration: 245	1448	1558	1932.65	2511
Iteration: 246	1448	1581	1911.65	2560
Iteration: 247	1448	1596	1872.05	2495
Iteration: 248	1448	1544	1895.93	2380
Iteration: 249	1448	1561	1916.12	2419
Iteration: 250	1448	1579	1924.24	2487
Iteration: 251	1448	1554	1892.77	2388
Iteration: 252	1448	1613	1903.88	2364
Iteration: 253	1448	1559	1867.05	2303
Iteration: 254	1448	1583	1886.77	2499
Iteration: 255	1448	1546	1933.87	2727
Iteration: 256	1448	1621	1902.27	2267
Iteration: 257	1448	1592	1921.16	2525
Iteration: 258	1448	1462	1898.4	2479
Iteration: 259	1448	1609	1930.51	2804
Iteration: 260	1448	1567	1894.87	2203
Iteration: 261	1448	1579	1888.16	2451
Iteration: 262	1448	1569	1890.39	2684
Iteration: 263	1448	1529	1902.16	2494
Iteration: 264	1448	1576	1918.87	2471
Iteration: 265	1448	1575	1860.91	2327
Iteration: 266	1448	1614	1892.44	2390
Iteration: 267	1448	1636	1931.35	2518
Iteration: 268	1448	1575	1886.63	2364
Iteration: 269	1448	1571	1895.03	2379
Iteration: 270	1448	1585	1883.76	2287
Iteration: 271	1448	1595	1915.55	2583
Iteration: 272	1448	1598	1908.04	2504
Iteration: 273	1448	1515	1911.25	2471
Iteration: 274	1448	1538	1932.8	2449
Iteration: 275	1448	1623	1873.31	2429
Iteration: 276	1448	1601	1924.55	2613
Iteration: 277	1448	1543	1916.23	2307
Iteration: 278	1448	1497	1888.41	2504
Iteration: 279	1448	1579	1946.97	2483
Iteration: 280	1448	1609	1900.88	2571
Iteration: 281	1448	1550	1875.35	2341
Iteration: 282	1448	1592	1906.51	2582
Iteration: 283	1448	1601	1889.65	2402
Iteration: 284	1448	1549	1912.57	2473
Iteration: 285	1448	1542	1916.72	2431
Iteration: 286	1448	1588	1921.92	2409
Iteration: 287	1448	1619	1924.17	2496
Iteration: 288	1448	1500	1896.33	2401
Iteration: 289	1448	1582	1886.16	2600
Iteration: 290	1448	1625	1918.03	2443
Iteration: 291	1448	1586	1861.29	2432
Iteration: 292	1448	1538	1896.36	2545
Iteration: 293	1448	1546	1923.03	2512
Iteration: 294	1448	1593	1869.48	2311
Iteration: 295	1448	1576	1928.71	2626
Iteration: 296	1448	1519	1912.71	2409
Iteration: 297	1448	1587	1907.96	2375
Iteration: 298	1448	1465	1872.8	2363
Iteration: 299	1448	1548	1881.85	2617
Iteration: 300	1448	1574	1904.87	2578
Iteration: 301	1448	1612	1848.41	2229
Iteration: 302	1448	1616	1923.69	2438
Iteration: 303	1448	1602	1929.81	2677
Iteration: 304	1448	1567	1904.48	2523
Iteration: 305	1448	1589	1895.79	2534
Iteration: 306	1448	1591	1882.84	2361
Iteration: 307	1448	1579	1894.99	2400
Iteration: 308	1448	1580	1933.75	2365
Iteration: 309	1448	1555	1877.49	2236
Iteration: 310	1448	1589	1924.8	2368
Iteration: 311	1448	1586	1849.29	2410
Iteration: 312	1448	1564	1886.29	2500
Iteration: 313	1448	1555	1871.45	2280
Iteration: 314	1448	1591	1958.84	2528
Iteration: 315	1448	1578	1882.92	2516
Iteration: 316	1448	1610	1908.92	2338
Iteration: 317	1448	1649	1936.32	2618
Iteration: 318	1448	1627	1912.85	2761
Iteration: 319	1448	1616	1907.47	2598
Iteration: 320	1448	1586	1878.71	2439
Iteration: 321	1448	1555	1888.15	2521
Iteration: 322	1448	1568	1942.07	2575
Iteration: 323	1448	1630	1929.45	2729
Iteration: 324	1448	1577	1877.05	2318
Iteration: 325	1448	1603	1947.76	2429
Iteration: 326	1448	1569	1894.84	2396
Iteration: 327	1448	1553	1896.29	2304
Iteration: 328	1448	1536	1872.27	2304
Iteration: 329	1448	1539	1922.67	2444
Iteration: 330	1448	1458	1921.49	2557
Iteration: 331	1448	1512	1895.61	2553
Iteration: 332	1448	1661	1927.56	2523
Iteration: 333	1448	1557	1920.76	2423
Iteration: 334	1448	1574	1900.77	2434
Iteration: 335	1448	1588	1957.44	2504
Iteration: 336	1448	1565	1897.85	2857
Iteration: 337	1448	1491	1881.11	2606
Iteration: 338	1448	1566	1873.55	2444
Iteration: 339	1448	1605	1910.83	2535
Iteration: 340	1448	1551	1861.77	2472
Iteration: 341	1448	1627	1890.44	2299
Iteration: 342	1448	1595	1881.13	2344
Iteration: 343	1448	1611	1924.15	2464
Iteration: 344	1448	1584	1938.67	2581
Iteration: 345	1448	1592	1882.37	2366
Iteration: 346	1448	1554	1921.75	2456
Iteration: 347	1448	1511	1879.6	2284
Iteration: 348	1448	1569	1889.79	2263
Iteration: 349	1448	1564	1926	2377
Iteration: 350	1448	1507	1869.81	2357
Iteration: 351	1448	1659	1902.65	2491
Iteration: 352	1448	1557	1892.36	2709
Iteration: 353	1448	1498	1887.6	2468
Iteration: 354	1448	1588	1933.16	2664
Iteration: 355	1448	1583	1902.49	2508
Iteration: 356	1448	1542	1902.17	2360
Iteration: 357	1448	1471	1916.72	2310
Iteration: 358	1448	1546	1882.96	2335
Iteration: 359	1448	1601	1955.75	2690
Iteration: 360	1448	1568	1865.99	2455
Iteration: 361	1448	1600	1926.95	2434
Iteration: 362	1448	1547	1866.55	2405
Iteration: 363	1448	1546	1885.61	2465
Iteration: 364	1448	1603	1868.37	2331
Iteration: 365	1448	1607	1937.45	2695
Iteration: 366	1448	1581	1894.76	2461
Iteration: 367	1448	1584	1859.68	2472
Iteration: 368	1448	1581	1845.24	2515
Iteration: 369	1448	1607	1905.28	2293
Iteration: 370	1448	1611	1873.17	2365
Iteration: 371	1448	1523	1908.39	2483
Iteration: 372	1448	1584	1907.56	2318
Iteration: 373	1448	1577	1892.75	2318
Iteration: 374	1448	1581	1909.01	2392
Iteration: 375	1448	1563	1911.39	2375
Iteration: 376	1448	1633	1864.73	2367
Iteration: 377	1448	1576	1876.11	2445
Iteration: 378	1448	1602	1912.36	2593
Iteration: 379	1448	1588	1920.28	2666
Iteration: 380	1448	1552	1888.11	2308
Iteration: 381	1448	1623	1904.68	2458
Iteration: 382	1448	1589	1929.57	2569
Iteration: 383	1448	1568	1913.83	2970
Iteration: 384	1448	1609	1908.17	2477
Iteration: 385	1448	1590	1949.05	2338
Iteration: 386	1448	1542	1880.19	2441
Iteration: 387	1448	1593	1934.09	2514
Iteration: 388	1448	1599	1872.95	2328
Iteration: 389	1448	1595	1887.61	2464
Iteration: 390	1448	1561	1914.16	2634
Iteration: 391	1448	1613	1918.61	2286
Iteration: 392	1448	1604	1873.31	2425
Iteration: 393	1448	1640	1888.73	2698
Iteration: 394	1448	1580	1890.56	2489
Iteration: 395	1448	1624	1877.99	2396
Iteration: 396	1448	1622	1906.35	2407
Iteration: 397	1448	1661	1917.91	2404
Iteration: 398	1448	1582	1890.71	2454
Iteration: 399	1448	1495	1919.91	2605
Iteration: 400	1448	1541	1880.16	2418
Iteration: 401	1448	1532	1892.19	2530
Iteration: 402	1448	1602	1915.85	2294
Iteration: 403	1448	1578	1910.95	2442
Iteration: 404	1448	1515	1905.24	2588
Iteration: 405	1448	1583	1899.55	2368
Iteration: 406	1448	1568	1924.31	2642
Iteration: 407	1448	1595	1924.04	2563
Iteration: 408	1448	1561	1886.08	2204
Iteration: 409	1448	1581	1898.96	2488
Iteration: 410	1448	1633	1925.19	2887
Iteration: 411	1448	1591	1919.05	2676
Iteration: 412	1448	1598	1897.37	2348
Iteration: 413	1448	1558	1901.15	2398
Iteration: 414	1448	1531	1903.87	2572
Iteration: 415	1448	1483	1926.77	2736
Iteration: 416	1448	1602	1902.59	2436
Iteration: 417	1448	1589	1915.35	2484
Iteration: 418	1448	1627	1915.49	2565
Iteration: 419	1448	1554	1912.36	2812
Iteration: 420	1448	1537	1918.83	2713
Iteration: 421	1448	1565	1919.15	2585
Iteration: 422	1448	1567	1898.65	2552
Iteration: 423	1426	1426	1899.67	2550
Iteration: 424	1426	1482	1906.67	2645
Iteration: 425	1426	1550	1919.48	2653
Iteration: 426	1426	1588	1907.29	2505
Iteration: 427	1426	1602	1924.19	2504
Iteration: 428	1426	1476	1885.63	2382
Iteration: 429	1426	1488	1910.85	2370
Iteration: 430	1426	1555	1902.27	2569
Iteration: 431	1426	1574	1949.69	2583
Iteration: 432	1426	1548	1885.12	2239
Iteration: 433	1426	1574	1912.23	2392
Iteration: 434	1426	1570	1930.76	2844
Iteration: 435	1426	1481	1879.39	2465
Iteration: 436	1426	1607	1907.11	2501
Iteration: 437	1426	1585	1899	2478
Iteration: 438	1426	1559	1850.68	2347
Iteration: 439	1426	1606	1906.41	2443
Iteration: 440	1426	1520	1917.49	2394
Iteration: 441	1426	1579	1885.87	2414
Iteration: 442	1426	1599	1898.75	2278
Iteration: 443	1426	1602	1879.83	2518
Iteration: 444	1426	1547	1909.11	2406
Iteration: 445	1426	1535	1897.92	2457
Iteration: 446	1426	1525	1947.47	2525
Iteration: 447	1426	1546	1872.35	2512
Iteration: 448	1426	1586	1907.85	2478
Iteration: 449	1426	1597	1923.31	2410
Iteration: 450	1426	1580	1909.27	2558
Iteration: 451	1426	1553	1895.65	2350
Iteration: 452	1426	1591	1912.92	2421
Iteration: 453	1426	1504	1885.57	2598
Iteration: 454	1426	1555	1933.28	2753
Iteration: 455	1426	1568	1888.85	2511
Iteration: 456	1426	1597	1920.85	2533
Iteration: 457	1426	1576	1903.55	2408
Iteration: 458	1426	1521	1863.75	2330
Iteration: 459	1426	1438	1916.77	2547
Iteration: 460	1426	1549	1868.61	2439
Iteration: 461	1426	1594	1910.27	2439
Iteration: 462	1426	1615	1919.15	2485
Iteration: 463	1426	1624	1886.57	2550
Iteration: 464	1426	1585	1937.28	2474
Iteration: 465	1426	1629	1893.15	2322
Iteration: 466	1426	1654	1900.97	2429
Iteration: 467	1426	1545	1889.12	2590
Iteration: 468	1426	1599	1898.2	2410
Iteration: 469	1426	1577	1895.35	2318
Iteration: 470	1426	1609	1922.24	2564
Iteration: 471	1426	1509	1923.55	2806
Iteration: 472	1426	1597	1897.63	2533
Iteration: 473	1426	1477	1898.16	2529
Iteration: 474	1426	1541	1912.05	2567
Iteration: 475	1426	1563	1902.28	2544
Iteration: 476	1426	1611	1896.05	2628
Iteration: 477	1426	1472	1894.56	2336
Iteration: 478	1426	1524	1901.92	2528
Iteration: 479	1426	1577	1895.76	2534
Iteration: 480	1426	1627	1923.08	2505
Iteration: 481	1426	1478	1881.92	2361
Iteration: 482	1426	1527	1886.37	2189
Iteration: 483	1426	1523	1888.92	2982
Iteration: 484	1426	1543	1891.95	2385
Iteration: 485	1426	1588	1907.47	2383
Iteration: 486	1426	1562	1922.24	2301
Iteration: 487	1426	1541	1869.95	2216
Iteration: 488	1426	1526	1872.24	2308
Iteration: 489	1426	1558	1893.77	2390
Iteration: 490	1426	1623	1871.39	2205
Iteration: 491	1426	1618	1893.04	2736
Iteration: 492	1426	1563	1886.51	2635
Iteration: 493	1426	1538	1882.19	2502
Iteration: 494	1426	1501	1894	2247
Iteration: 495	1426	1588	1916.93	2525
Iteration: 496	1426	1607	1913.29	2449
Iteration: 497	1426	1602	1948.79	2718
Iteration: 498	1426	1596	1894.04	2348
Iteration: 499	1426	1535	1928.33	2606
Iteration: 500	1426	1603	1878.08	2230
Iteration: 501	1426	1579	1927	2585
Iteration: 502	1426	1570	1873.17	2332
Iteration: 503	1426	1631	1918.8	2837
Iteration: 504	1426	1575	1887.68	2255
Iteration: 505	1426	1574	1892.65	2322
Iteration: 506	1426	1628	1920.93	2421
Iteration: 507	1426	1623	1920.12	2549
Iteration: 508	1426	1601	1888.31	2489
Iteration: 509	1426	1540	1865.67	2299
Iteration: 510	1426	1590	1898.87	2481
Iteration: 511	1426	1522	1859.07	2214
Iteration: 512	1426	1603	1875.09	2229
Iteration: 513	1426	1599	1915.16	2435
Iteration: 514	1426	1631	1889.17	2374
Iteration: 515	1426	1539	1920.95	2430
Iteration: 516	1426	1541	1871.89	2400
Iteration: 517	1426	1559	1913.95	2580
Iteration: 518	1426	1546	1928.33	2389
Iteration: 519	1426	1589	1879.23	2342
Iteration: 520	1426	1517	1900.65	2434
Iteration: 521	1426	1708	1936.07	2388
Iteration: 522	1426	1583	1923.88	2355
Iteration: 523	1426	1601	1915.93	2371
Iteration: 524	1426	1567	1887.57	2409
Iteration: 525	1426	1570	1940.72	2509
Iteration: 526	1426	1595	1904.75	2328
Iteration: 527	1426	1612	1915.8	2407
Iteration: 528	1426	1588	1879.77	2343
Iteration: 529	1426	1609	1954.81	2522
Iteration: 530	1426	1598	1906.8	2407
Iteration: 531	1426	1574	1915.28	2402
Iteration: 532	1426	1550	1911.63	2516
Iteration: 533	1426	1554	1887.72	2400
Iteration: 534	1426	1582	1882.27	2722
Iteration: 535	1426	1596	1953.89	2682
Iteration: 536	1426	1523	1888.8	2355
Iteration: 537	1426	1647	1915.95	2490
Iteration: 538	1426	1529	1878.84	2576
Iteration: 539	1426	1557	1873.61	2432
Iteration: 540	1426	1576	1901.47	2371
Iteration: 541	1426	1621	1884	2290
Iteration: 542	1426	1552	1860.11	2400
Iteration: 543	1426	1617	1875.76	2273
Iteration: 544	1426	1551	1907.09	2425
Iteration: 545	1426	1590	1902.56	2421
Iteration: 546	1426	1590	1884.4	2546
Iteration: 547	1426	1589	1878.03	2546
Iteration: 548	1426	1605	1883.12	2556
Iteration: 549	1426	1547	1863.6	2373
Iteration: 550	1426	1594	1916	2433
Iteration: 551	1426	1598	1851.28	2328
Iteration: 552	1426	1627	1884.39	2252
Iteration: 553	1426	1605	1877.19	2377
Iteration: 554	1426	1573	1916.13	2549
Iteration: 555	1426	1535	1927.96	2418
Iteration: 556	1426	1606	1924.53	2401
Iteration: 557	1426	1495	1902.36	2516
Iteration: 558	1426	1523	1868.09	2378
Iteration: 559	1426	1520	1914.12	2530
Iteration: 560	1426	1592	1909.91	2287
Iteration: 561	1426	1530	1895.21	2354
Iteration: 562	1426	1593	1893.69	2422
Iteration: 563	1426	1566	1906.15	2325
Iteration: 564	1426	1540	1905.52	2749
Iteration: 565	1426	1563	1888.05	2442
Iteration: 566	1426	1629	1915.53	2400
Iteration: 567	1426	1539	1895.97	2306
Iteration: 568	1426	1604	1903.75	2223
Iteration: 569	1426	1589	1913.97	2549
Iteration: 570	1426	1601	1918.83	2303
Iteration: 571	1426	1586	1869.79	2700
Iteration: 572	1426	1600	1929.01	2448
Iteration: 573	1426	1589	1879.13	2320
Iteration: 574	1426	1568	1890.04	2451
Iteration: 575	1426	1600	1925.29	2425
Iteration: 576	1426	1633	1889.03	2474
Iteration: 577	1426	1630	1926.48	2327
Iteration: 578	1426	1536	1878.71	2421
Iteration: 579	1426	1610	1885.95	2436
Iteration: 580	1426	1560	1898.11	2368
Iteration: 581	1426	1612	1902.64	2547
Iteration: 582	1426	1676	1922.92	2535
Iteration: 583	1426	1565	1907.41	2416
Iteration: 584	1426	1593	1918.88	2456
Iteration: 585	1426	1612	1903.92	2500
Iteration: 586	1426	1593	1874.83	2513
Iteration: 587	1426	1636	1908.31	2694
Iteration: 588	1426	1592	1899.08	2373
Iteration: 589	1426	1614	1887.81	2700
Iteration: 590	1426	1619	1867.13	2358
Iteration: 591	1426	1582	1912.15	2924
Iteration: 592	1426	1622	1952.95	2538
Iteration: 593	1426	1524	1877.71	2326
Iteration: 594	1426	1545	1883.57	2387
Iteration: 595	1426	1626	1877.37	2241
Iteration: 596	1426	1537	1895.72	2331
Iteration: 597	1426	1511	1922.43	2635
Iteration: 598	1426	1569	1914.43	2425
Iteration: 599	1426	1632	1910.31	2396
Iteration: 600	1426	1598	1926.88	2420
Iteration: 601	1426	1577	1896.21	2758
Iteration: 602	1426	1540	1885.31	2367
Iteration: 603	1426	1608	1895.53	2243
Iteration: 604	1426	1484	1915.77	2530
Iteration: 605	1426	1558	1898.75	2448
Iteration: 606	1426	1551	1919.49	2409
Iteration: 607	1426	1529	1900.79	2511
Iteration: 608	1426	1509	1884.15	2737
Iteration: 609	1426	1562	1873.8	2516
Iteration: 610	1426	1590	1899.43	2437
Iteration: 611	1426	1596	1936.49	2422
Iteration: 612	1426	1527	1903.85	2478
Iteration: 613	1426	1526	1909.73	2348
Iteration: 614	1426	1585	1887.71	2315
Iteration: 615	1426	1545	1898.41	2416
Iteration: 616	1426	1609	1933.51	2486
Iteration: 617	1426	1566	1922.83	2354
Iteration: 618	1426	1547	1888.45	2692
Iteration: 619	1426	1616	1926.47	2357
Iteration: 620	1426	1505	1890.01	2511
Iteration: 621	1426	1564	1878.75	2351
Iteration: 622	1426	1581	1908.97	2669
Iteration: 623	1426	1573	1896.72	2416
Iteration: 624	1426	1587	1918.6	2381
Iteration: 625	1426	1614	1915.41	2438
Iteration: 626	1426	1559	1884.21	2399
Iteration: 627	1426	1563	1929.8	2448
Iteration: 628	1426	1574	1910.69	2428
Iteration: 629	1426	1505	1858.64	2225
Iteration: 630	1426	1622	1902.87	2323
Iteration: 631	1426	1604	1895.77	2458
Iteration: 632	1426	1559	1882.91	2314
Iteration: 633	1426	1534	1894.45	2546
Iteration: 634	1426	1537	1852.28	2707
Iteration: 635	1426	1527	1891.75	2307
Iteration: 636	1426	1564	1869.51	2497
Iteration: 637	1426	1574	1926.69	2715
Iteration: 638	1426	1535	1885.09	2424
Iteration: 639	1426	1576	1917.55	2693
Iteration: 640	1426	1586	1902.13	2345
Iteration: 641	1426	1563	1905.51	2642
Iteration: 642	1426	1573	1908.43	2544
Iteration: 643	1426	1542	1903.36	2528
Iteration: 644	1426	1615	1874.63	2491
Iteration: 645	1426	1502	1895.71	2344
Iteration: 646	1426	1670	1940.29	2650
Iteration: 647	1426	1529	1917.01	2566
Iteration: 648	1426	1582	1905.76	2585
Iteration: 649	1426	1509	1899.59	2578
Iteration: 650	1426	1565	1888.16	2590
Iteration: 651	1426	1594	1922	2525
Iteration: 652	1426	1524	1911.76	2410
Iteration: 653	1426	1548	1923.19	2555
Iteration: 654	1426	1505	1884.44	2277
Iteration: 655	1426	1548	1904.65	2427
Iteration: 656	1426	1635	1930.32	2480
Iteration: 657	1426	1558	1896.71	2426
Iteration: 658	1426	1514	1890.52	2307
Iteration: 659	1426	1533	1899.51	2551
Iteration: 660	1426	1571	1920.52	2378
Iteration: 661	1426	1579	1888.35	2384
Iteration: 662	1426	1513	1871.56	2239
Iteration: 663	1426	1618	1911.92	2483
Iteration: 664	1426	1551	1890.55	2364
Iteration: 665	1426	1596	1898.33	2445
Iteration: 666	1426	1585	1924.59	2360
Iteration: 667	1426	1618	1932.73	2594
Iteration: 668	1426	1555	1921.91	2544
Iteration: 669	1426	1563	1874.15	2354
Iteration: 670	1426	1641	1899.96	2282
Iteration: 671	1426	1549	1911.88	2419
Iteration: 672	1426	1604	1911.71	2359
Iteration: 673	1426	1613	1924.53	2685
Iteration: 674	1426	1533	1879.17	2362
Iteration: 675	1426	1583	1890.32	2329
Iteration: 676	1426	1566	1904.56	2264
Iteration: 677	1426	1582	1879.53	2368
Iteration: 678	1426	1522	1870.11	2287
Iteration: 679	1426	1559	1915	2481
Iteration: 680	1426	1525	1901.21	2424
Iteration: 681	1426	1616	1903.72	2341
Iteration: 682	1426	1588	1927.72	2681
Iteration: 683	1426	1612	1911.49	2557
Iteration: 684	1426	1588	1885.91	2373
Iteration: 685	1426	1594	1897.24	2441
Iteration: 686	1426	1643	1930.29	2540
Iteration: 687	1426	1638	1929.25	2463
Iteration: 688	1426	1517	1891.63	2733
Iteration: 689	1426	1572	1901.45	2353
Iteration: 690	1426	1556	1933.12	2479
Iteration: 691	1426	1553	1916.32	2664
Iteration: 692	1426	1623	1911.56	2510
Iteration: 693	1426	1626	1897.29	2393
Iteration: 694	1426	1579	1879.73	2306
Iteration: 695	1426	1589	1879.75	2483
Iteration: 696	1426	1531	1914.01	2409
Iteration: 697	1426	1531	1890.99	2952
Iteration: 698	1426	1650	1886.01	2504
Iteration: 699	1426	1558	1862.99	2266
Iteration: 700	1426	1621	1929	2525
Iteration: 701	1426	1547	1883.64	2304
Iteration: 702	1426	1541	1901.41	2379
Iteration: 703	1426	1620	1894.85	2502
Iteration: 704	1426	1601	1868.08	2680
Iteration: 705	1426	1615	1883.93	2391
Iteration: 706	1426	1491	1870.75	2300
Iteration: 707	1426	1607	1899.35	2607
Iteration: 708	1426	1623	1894.16	2486
Iteration: 709	1426	1541	1896.23	2322
Iteration: 710	1426	1548	1905.29	2382
Iteration: 711	1426	1521	1920.09	2646
Iteration: 712	1426	1583	1924.4	2407
Iteration: 713	1426	1601	1907.17	2459
Iteration: 714	1426	1533	1895.08	2368
Iteration: 715	1426	1570	1886.05	2552
Iteration: 716	1426	1559	1885.21	2822
Iteration: 717	1426	1571	1885.19	2450
Iteration: 718	1426	1608	1900.47	2597
Iteration: 719	1426	1611	1907.31	2536
Iteration: 720	1426	1564	1919.81	2537
Iteration: 721	1426	1469	1875.45	2445
Iteration: 722	1426	1585	1884.44	2298
Iteration: 723	1426	1533	1896.48	2382
Iteration: 724	1426	1567	1928.52	2317
Iteration: 725	1426	1574	1894.17	2739
Iteration: 726	1426	1579	1915.21	2532
Iteration: 727	1426	1566	1900.07	2610
Iteration: 728	1426	1600	1875.28	2738
Iteration: 729	1426	1508	1891.44	2501
Iteration: 730	1426	1537	1901.2	2490
Iteration: 731	1426	1617	1920.93	2496
Iteration: 732	1426	1602	1925.63	2511
Iteration: 733	1426	1554	1911.24	2441
Iteration: 734	1426	1554	1892.17	2638
Iteration: 735	1426	1453	1880.16	2527
Iteration: 736	1426	1568	1901.03	2332
Iteration: 737	1426	1592	1902.71	2486
Iteration: 738	1426	1611	1893.36	2407
Iteration: 739	1426	1571	1883.08	2578
Iteration: 740	1426	1567	1921.01	2466
Iteration: 741	1426	1571	1916.45	2325
Iteration: 742	1426	1555	1905.53	2481
Iteration: 743	1426	1636	1928.44	2753
Iteration: 744	1426	1561	1901.12	2543
Iteration: 745	1426	1590	1876.41	2582
Iteration: 746	1426	1633	1919.99	2454
Iteration: 747	1426	1565	1921.15	2550
Iteration: 748	1426	1626	1854.67	2314
Iteration: 749	1426	1573	1876.36	2178
Iteration: 750	1426	1619	1889.65	2422
Iteration: 751	1426	1536	1929.33	2609
Iteration: 752	1426	1536	1873.55	2511
Iteration: 753	1426	1584	1888.41	2544
Iteration: 754	1426	1533	1891.09	2284
Iteration: 755	1426	1607	1897.76	2544
Iteration: 756	1426	1545	1912.83	2547
Iteration: 757	1426	1578	1907.92	2657
Iteration: 758	1426	1553	1941.91	2972
Iteration: 759	1426	1604	1926.71	2595
Iteration: 760	1426	1590	1870.64	2318
Iteration: 761	1426	1562	1906.45	2397
Iteration: 762	1426	1539	1900.08	2659
Iteration: 763	1426	1441	1868.23	2378
Iteration: 764	1426	1591	1890.76	2182
Iteration: 765	1426	1588	1883.16	2472
Iteration: 766	1426	1509	1890.16	2512
Iteration: 767	1426	1507	1901.89	2256
Iteration: 768	1426	1579	1911.25	2299
Iteration: 769	1426	1582	1909	2386
Iteration: 770	1426	1590	1913.31	2436
Iteration: 771	1426	1573	1880.39	2412
Iteration: 772	1426	1564	1928.25	2642
Iteration: 773	1426	1536	1888.52	2398
Iteration: 774	1426	1538	1886.11	2351
Iteration: 775	1426	1563	1900.93	2274
Iteration: 776	1426	1575	1925.01	2603
Iteration: 777	1426	1534	1855.53	2430
Iteration: 778	1426	1586	1893.37	2404
Iteration: 779	1426	1584	1881.68	2228
Iteration: 780	1426	1613	1921.07	2504
Iteration: 781	1426	1606	1908.23	2604
Iteration: 782	1426	1558	1925.77	2663
Iteration: 783	1426	1569	1913.77	2772
Iteration: 784	1426	1541	1907.75	2499
Iteration: 785	1426	1608	1901.67	2298
Iteration: 786	1426	1561	1883.68	2737
Iteration: 787	1426	1543	1884.05	2493
Iteration: 788	1426	1582	1915.03	2419
Iteration: 789	1426	1622	1899.61	2333
Iteration: 790	1426	1575	1862.88	2406
Iteration: 791	1426	1521	1912	2261
Iteration: 792	1426	1580	1883.69	2464
Iteration: 793	1426	1598	1899.47	2345
Iteration: 794	1426	1487	1866.85	2318
Iteration: 795	1426	1538	1912.65	2555
Iteration: 796	1426	1642	1915.81	2412
Iteration: 797	1426	1576	1906.27	2663
Iteration: 798	1426	1580	1899.47	2497
Iteration: 799	1426	1575	1867.31	2316
Iteration: 800	1426	1567	1869.52	2386
Iteration: 801	1426	1573	1917.65	2728
Iteration: 802	1426	1573	1877.05	2504
Iteration: 803	1426	1579	1914.6	2605
Iteration: 804	1426	1581	1929.09	2472
Iteration: 805	1426	1550	1922.72	2853
Iteration: 806	1426	1628	1924.8	2562
Iteration: 807	1426	1581	1897.23	2298
Iteration: 808	1426	1541	1870.31	2220
Iteration: 809	1426	1597	1852.79	2298
Iteration: 810	1426	1633	1922.37	2492
Iteration: 811	1426	1569	1942.48	2709
Iteration: 812	1426	1571	1927.15	2516
Iteration: 813	1426	1573	1912.52	2697
Iteration: 814	1426	1571	1911.99	2911
Iteration: 815	1426	1602	1908.45	2387
Iteration: 816	1426	1592	1888.21	2403
Iteration: 817	1426	1557	1900.89	2456
Iteration: 818	1426	1570	1887	2339
Iteration: 819	1426	1570	1914.08	2497
Iteration: 820	1426	1549	1894.71	2398
Iteration: 821	1426	1559	1910.88	2600
Iteration: 822	1426	1560	1911.11	2461
Iteration: 823	1426	1604	1914.33	2591
Iteration: 824	1426	1557	1891.64	2494
Iteration: 825	1426	1463	1878.2	2414
Iteration: 826	1426	1563	1901.21	2864
Iteration: 827	1426	1528	1910.55	2480
Iteration: 828	1426	1565	1894.41	2463
Iteration: 829	1426	1466	1900.96	2387
Iteration: 830	1426	1586	1880.15	2227
Iteration: 831	1426	1630	1880.12	2299
Iteration: 832	1426	1620	1871.72	2704
Iteration: 833	1426	1564	1909.25	2430
Iteration: 834	1426	1552	1909.83	2537
Iteration: 835	1426	1563	1885.67	2547
Iteration: 836	1426	1609	1882.28	2272
Iteration: 837	1426	1604	1899.89	2334
Iteration: 838	1426	1555	1899.91	2374
Iteration: 839	1426	1576	1932.25	2646
Iteration: 840	1426	1590	1941.45	2616
Iteration: 841	1426	1609	1917.39	2366
Iteration: 842	1426	1502	1890.16	2442
Iteration: 843	1426	1607	1908.84	2600
Iteration: 844	1426	1518	1886.88	2593
Iteration: 845	1426	1592	1875.17	2321
Iteration: 846	1426	1576	1889	2333
Iteration: 847	1426	1558	1911.39	2474
Iteration: 848	1426	1559	1911.96	2696
Iteration: 849	1426	1579	1942.36	2561
Iteration: 850	1426	1577	1904.97	2429
Iteration: 851	1426	1552	1903.44	2470
Iteration: 852	1426	1597	1897.79	2330
Iteration: 853	1426	1573	1924.51	2445
Iteration: 854	1426	1541	1876.84	2489
Iteration: 855	1426	1592	1881.57	2382
Iteration: 856	1426	1523	1881.91	2422
Iteration: 857	1426	1584	1906.15	2467
Iteration: 858	1426	1554	1886.21	2401
Iteration: 859	1426	1543	1886.64	2532
Iteration: 860	1426	1626	1888.56	2308
Iteration: 861	1426	1559	1886.39	2472
Iteration: 862	1426	1610	1936.44	2690
Iteration: 863	1426	1618	1902.56	2287
Iteration: 864	1426	1539	1948.23	2453
Iteration: 865	1426	1644	1894	2436
Iteration: 866	1426	1551	1912.65	2571
Iteration: 867	1426	1515	1885.35	2574
Iteration: 868	1426	1608	1906.25	2505
Iteration: 869	1426	1554	1915.45	2335
Iteration: 870	1426	1585	1879.76	2307
Iteration: 871	1426	1532	1889.45	2414
Iteration: 872	1426	1559	1927.64	2348
Iteration: 873	1426	1582	1915.32	2688
Iteration: 874	1426	1630	1909.24	2364
Iteration: 875	1426	1611	1892.28	2557
Iteration: 876	1426	1598	1900.87	2298
Iteration: 877	1426	1585	1874.56	2517
Iteration: 878	1426	1616	1884.27	2476
Iteration: 879	1426	1447	1918.32	2530
Iteration: 880	1426	1564	1886.56	2377
Iteration: 881	1426	1616	1907.24	2229
Iteration: 882	1426	1595	1902.76	2576
Iteration: 883	1426	1591	1938.09	2504
Iteration: 884	1426	1567	1890.25	2464
Iteration: 885	1426	1587	1913.41	2643
Iteration: 886	1426	1612	1893.68	2473
Iteration: 887	1426	1527	1901.92	2490
Iteration: 888	1426	1527	1872.25	2292
Iteration: 889	1426	1550	1879.15	2540
Iteration: 890	1426	1588	1886.11	2471
Iteration: 891	1426	1545	1927.6	2505
Iteration: 892	1426	1599	1887.24	2500
Iteration: 893	1426	1632	1900	2436
Iteration: 894	1426	1571	1879.97	2524
Iteration: 895	1426	1550	1897.73	2744
Iteration: 896	1426	1607	1934.88	2404
Iteration: 897	1426	1580	1901.36	2424
Iteration: 898	1426	1547	1907.15	2570
Iteration: 899	1426	1608	1890.8	2442
Iteration: 900	1426	1567	1905.52	2555
Iteration: 901	1426	1622	1910.53	2354
Iteration: 902	1426	1536	1902.87	2466
Iteration: 903	1426	1596	1918.15	2505
Iteration: 904	1426	1575	1878.11	2281
Iteration: 905	1426	1622	1863.2	2317
Iteration: 906	1426	1583	1925.96	2537
Iteration: 907	1426	1593	1906.17	2384
Iteration: 908	1426	1560	1889.33	2351
Iteration: 909	1426	1587	1930.16	2582
Iteration: 910	1426	1570	1922.43	2635
Iteration: 911	1426	1547	1893.75	2459
Iteration: 912	1426	1591	1904.75	2577
Iteration: 913	1426	1616	1905.81	2501
Iteration: 914	1426	1526	1910.45	2296
Iteration: 915	1426	1612	1921.24	2431
Iteration: 916	1426	1613	1903.76	2398
Iteration: 917	1426	1546	1869.47	2626
Iteration: 918	1426	1607	1911.43	2420
Iteration: 919	1426	1569	1921.25	2729
Iteration: 920	1426	1556	1912.05	2416
Iteration: 921	1426	1597	1881.97	2322
Iteration: 922	1426	1566	1902	2317
Iteration: 923	1426	1605	1890.03	2640
Iteration: 924	1426	1617	1919.93	2369
Iteration: 925	1426	1613	1910.44	2485
Iteration: 926	1426	1557	1895.07	2557
Iteration: 927	1426	1524	1883.27	2353
Iteration: 928	1426	1583	1932.24	2240
Iteration: 929	1426	1525	1907.23	2587
Iteration: 930	1426	1643	1898.64	2304
Iteration: 931	1426	1557	1911.93	2440
Iteration: 932	1426	1549	1886	2754
Iteration: 933	1426	1542	1933.32	2467
Iteration: 934	1426	1609	1879.12	2568
Iteration: 935	1426	1527	1897.79	2264
Iteration: 936	1426	1569	1885.04	2294
Iteration: 937	1426	1538	1908.69	2893
Iteration: 938	1426	1616	1910.88	2337
Iteration: 939	1426	1628	1914.44	2462
Iteration: 940	1426	1550	1893.71	2501
Iteration: 941	1426	1540	1909.04	2459
Iteration: 942	1426	1567	1896.45	2603
Iteration: 943	1426	1567	1870	2408
Iteration: 944	1426	1634	1894.4	2357
Iteration: 945	1426	1558	1883.33	2325
Iteration: 946	1426	1532	1863.52	2312
Iteration: 947	1426	1571	1884.75	2680
Iteration: 948	1426	1536	1936.25	2476
Iteration: 949	1426	1625	1918.6	2321
Iteration: 950	1426	1589	1921.79	2675
Iteration: 951	1426	1572	1925.21	2581
Iteration: 952	1426	1608	1910.31	2361
Iteration: 953	1426	1606	1897.8	2356
Iteration: 954	1426	1599	1918.45	2327
Iteration: 955	1426	1530	1906.89	2607
Iteration: 956	1426	1507	1898.85	2351
Iteration: 957	1426	1568	1914.61	2416
Iteration: 958	1426	1523	1908.85	2407
Iteration: 959	1426	1604	1901	2405
Iteration: 960	1426	1593	1912.59	2438
Iteration: 961	1426	1586	1894.73	2421
Iteration: 962	1426	1583	1944.71	2522
Iteration: 963	1426	1561	1911.33	2472
Iteration: 964	1426	1583	1870.04	2303
Iteration: 965	1426	1573	1881.44	2720
Iteration: 966	1426	1639	1906.81	2351
Iteration: 967	1426	1509	1928.23	2602
Iteration: 968	1426	1597	1893.24	2398
Iteration: 969	1426	1573	1875.99	2544
Iteration: 970	1426	1606	1881.69	2535
Iteration: 971	1426	1553	1888.97	2230
Iteration: 972	1426	1505	1897.52	2388
Iteration: 973	1426	1610	1946.64	2350
Iteration: 974	1426	1496	1855.36	2266
Iteration: 975	1426	1617	1921.09	2486
Iteration: 976	1426	1561	1854.53	2220
Iteration: 977	1426	1570	1889.17	2604
Iteration: 978	1426	1606	1881.21	2390
Iteration: 979	1426	1573	1935.05	2707
Iteration: 980	1426	1592	1894.31	2695
Iteration: 981	1426	1571	1893.17	2462
Iteration: 982	1426	1563	1915.79	2455
Iteration: 983	1426	1493	1887.87	2581
Iteration: 984	1426	1513	1892.41	2301
Iteration: 985	1426	1603	1920.77	2352
Iteration: 986	1426	1545	1915.51	2511
Iteration: 987	1426	1610	1876.85	2410
Iteration: 988	1426	1519	1918.44	2579
Iteration: 989	1426	1531	1875.33	2314
Iteration: 990	1426	1619	1885.76	2427
Iteration: 991	1426	1597	1915.84	2494
Iteration: 992	1426	1599	1946.57	2540
Iteration: 993	1426	1652	1879.96	2172
Iteration: 994	1426	1647	1897.37	2309
Iteration: 995	1426	1603	1918.59	2662
Iteration: 996	1426	1527	1937.97	2433
Iteration: 997	1426	1539	1892.13	2356
Iteration: 998	1426	1645	1943.39	2498
Iteration: 999	1426	1533	1885.04	2541
