Iteration: 0	1655	1655	1925.55	2387
Iteration: 1	1606	1606	1902.13	2366
Iteration: 2	1561	1561	1890.11	2530
Iteration: 3	1561	1597	1886.28	2325
Iteration: 4	1561	1611	1906.27	2620
Iteration: 5	1542	1542	1903.64	2334
Iteration: 6	1542	1546	1949.89	2336
Iteration: 7	1477	1477	1881.44	2581
Iteration: 8	1477	1620	1884.76	2339
Iteration: 9	1477	1570	1902.59	2824
Iteration: 10	1477	1587	1854.45	2189
Iteration: 11	1477	1539	1846.32	2486
Iteration: 12	1477	1589	1885.16	2427
Iteration: 13	1477	1573	1917.15	2492
Iteration: 14	1477	1566	1879.17	2723
Iteration: 15	1477	1634	1950.85	2295
Iteration: 16	1477	1566	1889.04	2294
Iteration: 17	1477	1601	1906.97	2463
Iteration: 18	1477	1533	1886.69	2538
Iteration: 19	1477	1588	1916.45	2729
Iteration: 20	1477	1679	1961.39	2551
Iteration: 21	1477	1539	1866.55	2326
Iteration: 22	1477	1513	1865.35	2434
Iteration: 23	1477	1615	1927.48	2553
Iteration: 24	1477	1552	1870.21	2215
Iteration: 25	1477	1550	1904.83	2509
Iteration: 26	1477	1646	1902.83	2387
Iteration: 27	1477	1575	1883.21	2268
Iteration: 28	1477	1563	1897.44	2427
Iteration: 29	1477	1625	1867.48	2374
Iteration: 30	1477	1566	1889.28	2346
Iteration: 31	1477	1569	1887.08	2505
Iteration: 32	1477	1579	1875.23	2356
Iteration: 33	1477	1599	1909.07	2361
Iteration: 34	1477	1499	1891.28	2453
Iteration: 35	1477	1554	1881.49	2735
Iteration: 36	1477	1605	1895.31	2627
Iteration: 37	1477	1647	1887.09	2469
Iteration: 38	1477	1571	1867.76	2503
Iteration: 39	1477	1535	1878.63	2339
Iteration: 40	1477	1568	1897.83	2463
Iteration: 41	1477	1562	1893.99	2332
Iteration: 42	1477	1587	1910.76	2396
Iteration: 43	1477	1644	1925.77	2346
Iteration: 44	1477	1546	1881.91	2400
Iteration: 45	1477	1558	1882.53	2630
Iteration: 46	1466	1466	1868.8	2313
Iteration: 47	1466	1522	1891.72	2587
Iteration: 48	1466	1646	1913.96	2367
Iteration: 49	1466	1569	1878.39	2690
Iteration: 50	1466	1507	1885.69	2275
Iteration: 51	1466	1571	1897.75	2568
Iteration: 52	1466	1528	1863.91	2378
Iteration: 53	1466	1470	1864.77	2381
Iteration: 54	1466	1528	1898.96	2527
Iteration: 55	1466	1570	1906.84	2265
Iteration: 56	1466	1536	1881.67	2241
Iteration: 57	1466	1626	1893.89	2481
Iteration: 58	1466	1613	1935.75	2743
Iteration: 59	1466	1557	1925.59	2292
Iteration: 60	1466	1548	1920.8	2480
Iteration: 61	1466	1504	1901.61	2329
Iteration: 62	1466	1575	1903.21	2531
Iteration: 63	1466	1579	1920.17	2539
Iteration: 64	1466	1552	1886.23	2790
Iteration: 65	1466	1591	1914.68	2503
Iteration: 66	1466	1595	1882.61	2377
Iteration: 67	1466	1590	1925.55	2736
Iteration: 68	1466	1610	1876.72	2507
Iteration: 69	1466	1610	1901.95	2546
Iteration: 70	1466	1620	1887.76	2504
Iteration: 71	1466	1601	1935.8	2568
Iteration: 72	1466	1576	1879.93	2430
Iteration: 73	1466	1509	1866.56	2329
Iteration: 74	1466	1566	1881.45	2375
Iteration: 75	1466	1566	1878.68	2455
Iteration: 76	1466	1594	1872.64	2304
Iteration: 77	1466	1556	1880.52	2475
Iteration: 78	1466	1597	1877.28	2775
Iteration: 79	1466	1545	1891.53	2451
Iteration: 80	1466	1577	1903.12	2866
Iteration: 81	1466	1585	1878.91	2288
Iteration: 82	1466	1618	1902.25	2419
Iteration: 83	1466	1535	1911.52	2394
Iteration: 84	1466	1613	1893.11	2500
Iteration: 85	1466	1508	1899.03	2368
Iteration: 86	1466	1602	1941.81	2492
Iteration: 87	1466	1507	1933.29	2463
Iteration: 88	1466	1555	1899.65	2616
Iteration: 89	1466	1565	1871.25	2469
Iteration: 90	1466	1604	1910.89	2565
Iteration: 91	1466	1551	1892.13	2314
Iteration: 92	1466	1535	1880.32	2282
Iteration: 93	1466	1607	1870.51	2383
Iteration: 94	1466	1524	1861.07	2525
Iteration: 95	1466	1582	1880.72	2308
Iteration: 96	1466	1531	1901.17	2354
Iteration: 97	1466	1527	1881.93	2292
Iteration: 98	1466	1529	1886.97	2322
Iteration: 99	1466	1507	1875.53	2581
Iteration: 100	1466	1614	1917.36	2547
Iteration: 101	1466	1592	1931.71	2761
Iteration: 102	1466	1611	1919.76	2417
Iteration: 103	1466	1598	1865.35	2199
Iteration: 104	1466	1550	1898.79	2308
Iteration: 105	1466	1578	1876.07	2351
Iteration: 106	1466	1560	1893.72	2487
Iteration: 107	1466	1498	1910.48	2316
Iteration: 108	1466	1589	1901.89	2287
Iteration: 109	1466	1555	1881.92	2469
Iteration: 110	1466	1570	1889.15	2340
Iteration: 111	1466	1625	1926.05	2499
Iteration: 112	1466	1574	1952.2	2586
Iteration: 113	1466	1593	1906.56	2563
Iteration: 114	1466	1522	1866.23	2472
Iteration: 115	1466	1580	1910.39	2313
Iteration: 116	1466	1646	1920.64	2540
Iteration: 117	1466	1587	1904.65	2340
Iteration: 118	1466	1582	1885.09	2461
Iteration: 119	1466	1596	1910.21	2507
Iteration: 120	1466	1597	1881.04	2530
Iteration: 121	1466	1528	1861.63	2424
Iteration: 122	1466	1570	1884.2	2512
Iteration: 123	1466	1601	1924.83	2519
Iteration: 124	1466	1551	1894.36	2389
Iteration: 125	1466	1560	1882.24	2555
Iteration: 126	1466	1554	1888.79	2450
Iteration: 127	1466	1591	1867.96	2350
Iteration: 128	1466	1514	1844.71	2354
Iteration: 129	1466	1605	1893.32	2418
Iteration: 130	1466	1503	1873.57	2431
Iteration: 131	1466	1563	1920.16	2709
Iteration: 132	1466	1581	1902.12	2344
Iteration: 133	1466	1547	1910.47	2743
Iteration: 134	1466	1549	1896.41	2468
Iteration: 135	1466	1554	1925.01	2875
Iteration: 136	1466	1589	1908.75	2380
Iteration: 137	1466	1547	1921.2	2298
Iteration: 138	1466	1518	1888	2433
Iteration: 139	1466	1576	1873.92	2468
Iteration: 140	1466	1589	1897.95	2517
Iteration: 141	1466	1585	1900.75	2371
Iteration: 142	1466	1568	1903.49	2509
Iteration: 143	1466	1596	1880.99	2436
Iteration: 144	1466	1579	1910.31	2345
Iteration: 145	1466	1560	1893.03	2570
Iteration: 146	1466	1587	1898.44	2306
Iteration: 147	1466	1514	1854.32	2453
Iteration: 148	1466	1595	1886.63	2275
Iteration: 149	1466	1589	1926.92	2365
Iteration: 150	1466	1535	1935.39	2407
Iteration: 151	1466	1565	1903.24	2415
Iteration: 152	1466	1558	1910.52	2506
Iteration: 153	1466	1561	1906.09	2407
Iteration: 154	1466	1532	1897.72	2252
Iteration: 155	1466	1531	1913.15	2599
Iteration: 156	1466	1565	1858.04	2749
Iteration: 157	1466	1565	1891.89	2353
Iteration: 158	1466	1559	1904.16	2417
Iteration: 159	1466	1529	1927.57	2604
Iteration: 160	1466	1659	1910.49	2505
Iteration: 161	1466	1601	1885.92	2351
Iteration: 162	1466	1506	1862.79	2316
Iteration: 163	1466	1649	1898.35	2722
Iteration: 164	1466	1613	1924.73	2688
Iteration: 165	1466	1557	1903.24	2433
Iteration: 166	1466	1528	1882.36	2382
Iteration: 167	1466	1590	1872.77	2328
Iteration: 168	1466	1593	1913.28	2388
Iteration: 169	1466	1632	1874.67	2300
Iteration: 170	1466	1567	1912.57	2399
Iteration: 171	1466	1623	1943.87	2523
Iteration: 172	1466	1554	1890.03	2439
Iteration: 173	1466	1638	1943.67	2545
Iteration: 174	1466	1584	1921.84	2587
Iteration: 175	1466	1546	1873.88	2396
Iteration: 176	1466	1642	1904.05	2390
Iteration: 177	1466	1479	1888.09	2362
Iteration: 178	1466	1585	1906.64	2590
Iteration: 179	1466	1551	1896.4	2508
Iteration: 180	1466	1523	1872.97	2385
Iteration: 181	1466	1619	1929.12	2376
Iteration: 182	1466	1540	1894.69	2454
Iteration: 183	1466	1575	1895.85	2678
Iteration: 184	1466	1588	1953.87	2460
Iteration: 185	1466	1543	1889.87	2291
Iteration: 186	1466	1584	1898.23	2339
Iteration: 187	1466	1578	1928.53	2501
Iteration: 188	1466	1542	1888.81	2501
Iteration: 189	1466	1563	1918.96	2479
Iteration: 190	1466	1571	1900.4	2345
Iteration: 191	1466	1566	1895.29	2363
Iteration: 192	1466	1534	1862.99	2323
Iteration: 193	1466	1597	1916.47	2462
Iteration: 194	1466	1622	1889.81	2533
Iteration: 195	1466	1580	1875.2	2372
Iteration: 196	1466	1553	1923.76	2544
Iteration: 197	1466	1535	1903.24	2185
Iteration: 198	1466	1576	1888.43	2325
Iteration: 199	1466	1551	1910.99	2523
Iteration: 200	1466	1569	1892.75	2575
Iteration: 201	1466	1591	1908.41	2693
Iteration: 202	1466	1577	1870.27	2699
Iteration: 203	1466	1542	1870.27	2328
Iteration: 204	1466	1578	1937.8	2788
Iteration: 205	1466	1604	1882.4	2597
Iteration: 206	1466	1540	1906.13	2347
Iteration: 207	1466	1583	1903.17	2479
Iteration: 208	1466	1546	1873	2482
Iteration: 209	1466	1591	1915.84	2544
Iteration: 210	1466	1607	1880.33	2633
Iteration: 211	1466	1470	1880.47	2320
Iteration: 212	1466	1582	1916.6	2459
Iteration: 213	1466	1525	1876.17	2458
Iteration: 214	1466	1582	1899.47	2601
Iteration: 215	1466	1493	1915.51	2541
Iteration: 216	1466	1569	1873.16	2290
Iteration: 217	1466	1629	1892.75	2386
Iteration: 218	1466	1520	1895.76	2344
Iteration: 219	1466	1621	1893.75	2713
Iteration: 220	1466	1523	1919.28	2696
Iteration: 221	1466	1575	1864.36	2385
Iteration: 222	1466	1619	1935.27	2496
Iteration: 223	1466	1557	1880.03	2383
Iteration: 224	1466	1560	1884.01	2349
Iteration: 225	1466	1584	1910.79	2379
Iteration: 226	1466	1603	1918.16	2543
Iteration: 227	1466	1606	1872.31	2727
Iteration: 228	1466	1566	1898.32	2603
Iteration: 229	1466	1595	1883.43	2681
Iteration: 230	1466	1607	1881	2555
Iteration: 231	1466	1574	1911.45	2447
Iteration: 232	1466	1579	1951.61	2419
Iteration: 233	1466	1639	1895.37	2326
Iteration: 234	1466	1584	1921.48	2599
Iteration: 235	1466	1578	1925.76	2418
Iteration: 236	1466	1534	1886.8	2414
Iteration: 237	1466	1538	1921.96	2384
Iteration: 238	1466	1508	1893.81	2578
Iteration: 239	1466	1608	1887.01	2584
Iteration: 240	1466	1629	1909.35	2390
Iteration: 241	1466	1565	1909.49	2510
Iteration: 242	1466	1617	1894.51	2444
Iteration: 243	1466	1595	1903	2316
Iteration: 244	1466	1548	1913.96	2436
Iteration: 245	1466	1533	1891.72	2430
Iteration: 246	1466	1599	1889.76	2235
Iteration: 247	1466	1603	1856.72	2251
Iteration: 248	1466	1570	1854.72	2410
Iteration: 249	1466	1522	1888.45	2388
Iteration: 250	1466	1558	1894.33	2462
Iteration: 251	1466	1544	1853.77	2396
Iteration: 252	1466	1640	1931.43	2648
Iteration: 253	1466	1548	1881.2	2485
Iteration: 254	1466	1604	1889.77	2470
Iteration: 255	1466	1526	1866.95	2399
Iteration: 256	1466	1581	1909.37	2583
Iteration: 257	1466	1497	1915.29	2344
Iteration: 258	1466	1590	1922.81	2504
Iteration: 259	1434	1434	1926.16	2327
Iteration: 260	1434	1577	1944.23	2559
Iteration: 261	1434	1650	1898.64	2505
Iteration: 262	1434	1518	1909	2460
Iteration: 263	1434	1597	1914.39	2806
Iteration: 264	1434	1500	1931.25	2735
Iteration: 265	1434	1590	1919.87	2401
Iteration: 266	1434	1610	1909.44	2221
Iteration: 267	1434	1607	1926.57	2741
Iteration: 268	1434	1607	1919.76	2418
Iteration: 269	1434	1499	1929.56	2603
Iteration: 270	1434	1515	1913.25	2452
Iteration: 271	1434	1610	1909.16	2407
Iteration: 272	1434	1546	1890.99	2248
Iteration: 273	1434	1560	1894.36	2459
Iteration: 274	1434	1436	1905.52	2525
Iteration: 275	1434	1621	1922.75	2697
Iteration: 276	1434	1600	1886.45	2484
Iteration: 277	1434	1589	1920.83	2368
Iteration: 278	1434	1523	1885.39	2510
Iteration: 279	1434	1562	1921.12	2448
Iteration: 280	1434	1593	1911.27	2769
Iteration: 281	1434	1572	1929.87	2455
Iteration: 282	1434	1580	1883.84	2405
Iteration: 283	1434	1539	1901.99	2364
Iteration: 284	1434	1574	1872.12	2372
Iteration: 285	1434	1579	1926.28	2642
Iteration: 286	1434	1576	1929.01	2443
Iteration: 287	1434	1545	1889.13	2397
Iteration: 288	1434	1541	1892.8	2321
Iteration: 289	1434	1594	1881.96	2244
Iteration: 290	1434	1604	1859.39	2300
Iteration: 291	1434	1459	1929.57	2745
Iteration: 292	1434	1577	1876.09	2301
Iteration: 293	1434	1612	1924.09	2448
Iteration: 294	1434	1591	1894.75	2443
Iteration: 295	1434	1550	1902.04	2522
Iteration: 296	1434	1618	1884.41	2445
Iteration: 297	1434	1500	1931.43	2487
Iteration: 298	1434	1588	1902.51	2348
Iteration: 299	1434	1604	1900.31	2431
Iteration: 300	1434	1622	1908.83	2473
Iteration: 301	1434	1548	1915.29	2353
Iteration: 302	1434	1595	1911.2	2403
Iteration: 303	1434	1524	1907.36	2352
Iteration: 304	1434	1579	1866.43	2305
Iteration: 305	1434	1570	1921.36	2893
Iteration: 306	1434	1541	1893.64	2332
Iteration: 307	1434	1612	1890.52	2352
Iteration: 308	1434	1541	1913.39	2365
Iteration: 309	1434	1611	1910.99	2588
Iteration: 310	1434	1559	1872.6	2283
Iteration: 311	1434	1585	1861.31	2766
Iteration: 312	1434	1581	1932.21	2329
Iteration: 313	1434	1510	1910.51	2303
Iteration: 314	1434	1590	1918.41	2512
Iteration: 315	1434	1572	1873.24	2545
Iteration: 316	1434	1584	1917.6	2649
Iteration: 317	1434	1581	1885.21	2548
Iteration: 318	1434	1632	1876.55	2224
Iteration: 319	1434	1628	1900.87	2473
Iteration: 320	1434	1551	1907.99	2594
Iteration: 321	1434	1533	1880.41	2248
Iteration: 322	1434	1434	1889.08	2416
Iteration: 323	1434	1548	1907.92	2250
Iteration: 324	1434	1627	1893.76	2229
Iteration: 325	1434	1546	1911.88	2683
Iteration: 326	1434	1613	1895.48	2401
Iteration: 327	1434	1553	1887.37	2410
Iteration: 328	1434	1593	1886.51	2350
Iteration: 329	1434	1462	1897.75	2450
Iteration: 330	1434	1612	1890.79	2468
Iteration: 331	1434	1611	1939.91	2566
Iteration: 332	1434	1540	1926.81	2525
Iteration: 333	1434	1634	1939.35	2362
Iteration: 334	1434	1567	1888.08	2466
Iteration: 335	1434	1598	1879.15	2406
Iteration: 336	1434	1577	1891	2644
Iteration: 337	1434	1470	1870.85	2519
Iteration: 338	1434	1577	1908.12	2392
Iteration: 339	1434	1630	1890.6	2396
Iteration: 340	1434	1548	1914.75	2453
Iteration: 341	1434	1619	1903.85	2393
Iteration: 342	1434	1572	1947.32	2554
Iteration: 343	1434	1563	1899.57	2446
Iteration: 344	1434	1531	1893.31	2487
Iteration: 345	1434	1605	1913.09	2762
Iteration: 346	1434	1536	1893.33	2593
Iteration: 347	1434	1624	1915.13	2481
Iteration: 348	1434	1551	1905.93	2773
Iteration: 349	1434	1632	1905.17	2360
Iteration: 350	1434	1591	1921.05	2622
Iteration: 351	1434	1560	1880.07	2233
Iteration: 352	1434	1582	1910.35	2700
Iteration: 353	1434	1524	1901.37	2297
Iteration: 354	1434	1556	1901.95	2709
Iteration: 355	1434	1613	1943.24	2517
Iteration: 356	1434	1573	1952.6	2531
Iteration: 357	1434	1599	1888.35	2331
Iteration: 358	1434	1604	1915.52	2718
Iteration: 359	1434	1590	1920.36	2460
Iteration: 360	1434	1616	1894.28	2261
Iteration: 361	1434	1606	1897.56	2589
Iteration: 362	1434	1589	1925.29	2440
Iteration: 363	1434	1538	1910.71	2494
Iteration: 364	1434	1524	1922.36	2559
Iteration: 365	1434	1543	1918.41	2558
Iteration: 366	1434	1570	1930.97	2946
Iteration: 367	1434	1577	1895.88	2234
Iteration: 368	1434	1597	1936.85	2630
Iteration: 369	1434	1581	1894.11	2350
Iteration: 370	1434	1608	1849.43	2396
Iteration: 371	1434	1622	1886.4	2359
Iteration: 372	1434	1595	1893.47	2262
Iteration: 373	1434	1566	1930.93	2401
Iteration: 374	1434	1587	1929.49	2301
Iteration: 375	1434	1601	1923.6	2729
Iteration: 376	1434	1575	1871.31	2534
Iteration: 377	1434	1562	1878.2	2414
Iteration: 378	1434	1578	1922.09	2566
Iteration: 379	1434	1590	1889.56	2312
Iteration: 380	1434	1555	1869.31	2398
Iteration: 381	1434	1579	1868.43	2468
Iteration: 382	1434	1569	1899.53	2794
Iteration: 383	1434	1662	1864.87	2386
Iteration: 384	1434	1586	1866.37	2469
Iteration: 385	1434	1601	1926.33	2499
Iteration: 386	1434	1619	1896.85	2343
Iteration: 387	1434	1596	1875.92	2349
Iteration: 388	1434	1515	1880.29	2320
Iteration: 389	1434	1546	1920.33	2498
Iteration: 390	1434	1571	1906.39	2517
Iteration: 391	1434	1650	1901.77	2393
Iteration: 392	1434	1533	1865.11	2200
Iteration: 393	1434	1571	1895	2481
Iteration: 394	1434	1564	1891.48	2488
Iteration: 395	1434	1578	1890.73	2318
Iteration: 396	1434	1568	1904.88	2519
Iteration: 397	1434	1578	1909.36	2326
Iteration: 398	1434	1601	1886.64	3075
Iteration: 399	1434	1594	1899.16	2500
Iteration: 400	1434	1590	1860.72	2249
Iteration: 401	1434	1573	1902.33	2518
Iteration: 402	1434	1566	1883.44	2553
Iteration: 403	1434	1554	1869.71	2478
Iteration: 404	1434	1599	1932.57	2738
Iteration: 405	1434	1585	1939.52	2789
Iteration: 406	1434	1611	1903.71	2472
Iteration: 407	1434	1572	1876.85	2330
Iteration: 408	1434	1553	1898.6	2314
Iteration: 409	1434	1626	1930.17	2489
Iteration: 410	1434	1596	1962.68	2507
Iteration: 411	1434	1542	1886.25	2327
Iteration: 412	1434	1598	1875.92	2232
Iteration: 413	1434	1549	1881.41	2345
Iteration: 414	1434	1551	1842.96	2485
Iteration: 415	1434	1597	1883.51	2511
Iteration: 416	1434	1509	1859.91	2342
Iteration: 417	1434	1536	1893.23	2498
Iteration: 418	1434	1612	1924.28	2331
Iteration: 419	1434	1530	1899.19	2650
Iteration: 420	1434	1559	1881.27	2448
Iteration: 421	1434	1664	1935.64	2384
Iteration: 422	1434	1626	1897	2463
Iteration: 423	1434	1600	1943.73	2719
Iteration: 424	1434	1612	1927.15	2601
Iteration: 425	1434	1576	1887.33	2391
Iteration: 426	1434	1606	1901.79	2523
Iteration: 427	1434	1464	1923.88	2616
Iteration: 428	1434	1515	1881.87	2295
Iteration: 429	1434	1626	1898.6	2316
Iteration: 430	1434	1633	1897	2330
Iteration: 431	1434	1537	1882.93	2441
Iteration: 432	1434	1631	1881.59	2412
Iteration: 433	1434	1537	1850.25	2547
Iteration: 434	1434	1537	1886.8	2452
Iteration: 435	1434	1597	1905.01	2317
Iteration: 436	1434	1587	1903.44	2360
Iteration: 437	1434	1602	1908.79	2499
Iteration: 438	1434	1624	1888.6	2407
Iteration: 439	1434	1538	1899.09	2492
Iteration: 440	1434	1565	1885.21	2419
Iteration: 441	1434	1517	1925.44	2619
Iteration: 442	1434	1512	1875.96	2494
Iteration: 443	1434	1576	1925.09	2459
Iteration: 444	1434	1620	1908	2489
Iteration: 445	1434	1595	1902.36	2623
Iteration: 446	1434	1584	1921.72	2481
Iteration: 447	1434	1581	1914.72	2623
Iteration: 448	1434	1571	1898.57	2426
Iteration: 449	1434	1610	1917.75	2624
Iteration: 450	1434	1564	1893.56	2406
Iteration: 451	1434	1591	1873.23	2369
Iteration: 452	1434	1526	1905.76	2440
Iteration: 453	1434	1587	1867.36	2575
Iteration: 454	1434	1615	1938.44	2741
Iteration: 455	1434	1532	1930.84	2384
Iteration: 456	1434	1640	1896.76	2360
Iteration: 457	1434	1505	1901.19	2472
Iteration: 458	1434	1572	1819.39	2192
Iteration: 459	1434	1662	1916.15	2418
Iteration: 460	1434	1569	1895.04	2383
Iteration: 461	1434	1582	1867.17	2429
Iteration: 462	1434	1532	1904.39	2629
Iteration: 463	1434	1592	1970.19	2613
Iteration: 464	1434	1596	1922.92	2446
Iteration: 465	1434	1569	1894.87	2317
Iteration: 466	1434	1659	1918.56	2306
Iteration: 467	1434	1639	1915.61	2630
Iteration: 468	1434	1615	1921.65	2369
Iteration: 469	1434	1628	1930.32	2539
Iteration: 470	1434	1529	1930.8	2437
Iteration: 471	1434	1633	1943.16	2724
Iteration: 472	1434	1494	1884.37	2234
Iteration: 473	1434	1571	1903.08	2482
Iteration: 474	1434	1559	1913.64	2398
Iteration: 475	1434	1625	1916.87	2337
Iteration: 476	1434	1627	1900.92	2480
Iteration: 477	1434	1511	1925.41	2624
Iteration: 478	1434	1620	1914.37	2469
Iteration: 479	1434	1565	1898.53	2350
Iteration: 480	1434	1513	1873.79	2381
Iteration: 481	1434	1488	1887.87	2564
Iteration: 482	1434	1607	1950.27	2639
Iteration: 483	1434	1587	1900.04	2310
Iteration: 484	1434	1574	1886.24	2424
Iteration: 485	1434	1641	1912.73	2562
Iteration: 486	1434	1575	1951.41	2600
Iteration: 487	1434	1541	1935.27	2459
Iteration: 488	1434	1549	1936.68	2498
Iteration: 489	1434	1569	1907.36	2389
Iteration: 490	1434	1536	1926.16	2596
Iteration: 491	1434	1631	1911.24	2256
Iteration: 492	1434	1544	1905.95	2451
Iteration: 493	1434	1546	1907.95	2556
Iteration: 494	1434	1583	1872.08	2431
Iteration: 495	1434	1616	1918.29	2799
Iteration: 496	1434	1602	1860.87	2338
Iteration: 497	1434	1645	1912.63	2346
Iteration: 498	1434	1465	1918.67	2424
Iteration: 499	1434	1602	1933.15	2488
Iteration: 500	1434	1531	1852.72	2494
Iteration: 501	1434	1596	1895.05	2418
Iteration: 502	1434	1488	1893.27	2640
Iteration: 503	1434	1618	1910.01	2936
Iteration: 504	1434	1495	1922.15	2460
Iteration: 505	1434	1575	1878.11	2224
Iteration: 506	1434	1610	1895.88	2351
Iteration: 507	1434	1537	1877.27	2409
Iteration: 508	1434	1570	1918.27	2464
Iteration: 509	1432	1432	1885.92	2473
Iteration: 510	1432	1556	1876.96	2252
Iteration: 511	1432	1575	1891.68	2530
Iteration: 512	1432	1490	1875.08	2397
Iteration: 513	1432	1569	1879.83	2399
Iteration: 514	1432	1629	1938.35	2483
Iteration: 515	1432	1517	1924.28	2742
Iteration: 516	1432	1587	1883.75	2429
Iteration: 517	1432	1596	1869.16	2313
Iteration: 518	1432	1526	1898.73	2518
Iteration: 519	1432	1630	1883	2402
Iteration: 520	1432	1624	1921.83	2311
Iteration: 521	1432	1557	1947.37	2390
Iteration: 522	1432	1634	1925.03	2828
Iteration: 523	1432	1503	1952.69	2418
Iteration: 524	1432	1564	1893.99	2422
Iteration: 525	1432	1555	1908.33	2829
Iteration: 526	1432	1549	1887.33	2480
Iteration: 527	1432	1627	1917.81	2558
Iteration: 528	1432	1637	1900.41	2571
Iteration: 529	1432	1562	1867.77	2510
Iteration: 530	1432	1616	1925.95	2552
Iteration: 531	1432	1574	1898.55	2423
Iteration: 532	1432	1646	1933.19	2317
Iteration: 533	1432	1629	1893.07	2401
Iteration: 534	1432	1523	1900.51	2684
Iteration: 535	1432	1594	1878.23	2311
Iteration: 536	1432	1609	1950.84	2450
Iteration: 537	1432	1565	1915.8	2364
Iteration: 538	1432	1548	1893.59	2536
Iteration: 539	1432	1525	1946.37	2712
Iteration: 540	1432	1538	1892.57	2506
Iteration: 541	1432	1551	1907.05	2491
Iteration: 542	1432	1677	1885.85	2340
Iteration: 543	1432	1544	1897.32	2550
Iteration: 544	1432	1575	1917.92	2607
Iteration: 545	1432	1619	1915.91	2377
Iteration: 546	1432	1556	1891.43	2483
Iteration: 547	1432	1544	1922.29	2546
Iteration: 548	1432	1602	1910.25	2622
Iteration: 549	1432	1545	1926.63	2522
Iteration: 550	1432	1619	1865.52	2346
Iteration: 551	1432	1592	1846.35	2450
Iteration: 552	1432	1554	1894.25	2609
Iteration: 553	1432	1565	1889.65	2424
Iteration: 554	1432	1514	1868.28	2245
Iteration: 555	1432	1559	1878.71	2549
Iteration: 556	1432	1623	1908.99	2386
Iteration: 557	1432	1600	1881.89	2511
Iteration: 558	1432	1602	1917.16	2578
Iteration: 559	1432	1606	1929.85	2805
Iteration: 560	1432	1588	1894.16	2407
Iteration: 561	1432	1554	1891.52	2212
Iteration: 562	1432	1554	1934.15	2715
Iteration: 563	1432	1609	1867.4	2298
Iteration: 564	1432	1578	1875.31	2558
Iteration: 565	1432	1547	1881.84	2380
Iteration: 566	1432	1517	1916.59	2454
Iteration: 567	1432	1612	1885.84	2314
Iteration: 568	1432	1610	1962.79	2555
Iteration: 569	1432	1574	1921.63	2853
Iteration: 570	1432	1589	1895.33	2261
Iteration: 571	1432	1621	1941.53	2397
Iteration: 572	1432	1621	1909.23	2497
Iteration: 573	1432	1619	1898.63	2304
Iteration: 574	1432	1622	1923.68	2606
Iteration: 575	1432	1558	1895.69	2394
Iteration: 576	1432	1624	1907.99	2371
Iteration: 577	1432	1600	1912.35	2404
Iteration: 578	1432	1618	1874.93	2261
Iteration: 579	1432	1480	1860.89	2475
Iteration: 580	1432	1636	1924.25	2474
Iteration: 581	1432	1534	1878.15	2416
Iteration: 582	1432	1603	1887.43	2273
Iteration: 583	1432	1583	1882.63	2288
Iteration: 584	1432	1555	1878.68	2267
Iteration: 585	1432	1589	1900.32	2278
Iteration: 586	1432	1530	1921.41	2346
Iteration: 587	1432	1587	1913.73	2451
Iteration: 588	1432	1664	1944.11	2602
Iteration: 589	1432	1544	1915.45	2475
Iteration: 590	1432	1621	1927.61	2443
Iteration: 591	1432	1531	1881.45	2364
Iteration: 592	1432	1542	1916.87	2452
Iteration: 593	1432	1642	1890.67	2561
Iteration: 594	1432	1554	1887.69	2397
Iteration: 595	1432	1525	1898.47	2402
Iteration: 596	1432	1474	1904.11	2479
Iteration: 597	1432	1583	1895.35	2482
Iteration: 598	1432	1587	1940.61	2604
Iteration: 599	1432	1558	1876.23	2423
Iteration: 600	1432	1609	1870.36	2354
Iteration: 601	1432	1556	1902	2456
Iteration: 602	1432	1580	1886.51	2288
Iteration: 603	1432	1545	1889.01	2379
Iteration: 604	1432	1621	1889.39	2353
Iteration: 605	1432	1574	1927.57	2533
Iteration: 606	1432	1535	1910.35	2512
Iteration: 607	1432	1572	1928.47	2752
Iteration: 608	1432	1569	1879.08	2700
Iteration: 609	1432	1524	1879.28	2749
Iteration: 610	1432	1500	1881.07	2789
Iteration: 611	1432	1583	1870.31	2261
Iteration: 612	1432	1479	1895.75	2452
Iteration: 613	1432	1581	1913.93	2513
Iteration: 614	1432	1630	1908.89	2486
Iteration: 615	1432	1556	1922.41	2645
Iteration: 616	1432	1609	1929.85	2573
Iteration: 617	1432	1646	1940.31	2529
Iteration: 618	1432	1603	1889.56	2334
Iteration: 619	1432	1610	1895.8	2599
Iteration: 620	1432	1527	1857.19	2278
Iteration: 621	1432	1533	1852.17	2334
Iteration: 622	1432	1566	1896.99	2358
Iteration: 623	1432	1547	1919.31	2350
Iteration: 624	1432	1588	1917.61	2571
Iteration: 625	1432	1606	1877.61	2597
Iteration: 626	1432	1521	1885.84	2497
Iteration: 627	1432	1593	1865.08	2304
Iteration: 628	1432	1525	1892.24	2367
Iteration: 629	1432	1512	1895.35	2427
Iteration: 630	1432	1585	1909.95	2389
Iteration: 631	1432	1582	1896.99	2616
Iteration: 632	1432	1590	1930.84	2677
Iteration: 633	1432	1497	1900.45	2508
Iteration: 634	1432	1550	1904.61	2472
Iteration: 635	1432	1510	1883.53	2446
Iteration: 636	1432	1588	1882.6	2339
Iteration: 637	1432	1568	1893.85	2370
Iteration: 638	1432	1614	1883.89	2460
Iteration: 639	1432	1627	1909.35	2634
Iteration: 640	1432	1531	1911.08	2360
Iteration: 641	1432	1583	1909.15	2327
Iteration: 642	1432	1588	1893.85	2638
Iteration: 643	1432	1577	1899.25	2374
Iteration: 644	1432	1552	1876.91	2331
Iteration: 645	1432	1570	1888.81	2761
Iteration: 646	1432	1622	1916.19	2319
Iteration: 647	1432	1597	1863.09	2448
Iteration: 648	1432	1586	1913.61	2482
Iteration: 649	1432	1585	1931.79	2562
Iteration: 650	1432	1542	1915.56	2445
Iteration: 651	1432	1605	1944.08	2795
Iteration: 652	1432	1634	1926.35	2442
Iteration: 653	1432	1612	1928.76	2539
Iteration: 654	1432	1564	1900.21	2394
Iteration: 655	1432	1565	1910.63	2451
Iteration: 656	1432	1604	1887.51	2411
Iteration: 657	1432	1588	1903.55	2524
Iteration: 658	1432	1594	1882.96	2523
Iteration: 659	1432	1539	1941.56	2495
Iteration: 660	1432	1575	1869.33	2437
Iteration: 661	1432	1639	1900.11	2463
Iteration: 662	1432	1576	1904.81	2484
Iteration: 663	1432	1575	1896.01	2265
Iteration: 664	1432	1558	1906.92	2595
Iteration: 665	1432	1579	1923.2	2597
Iteration: 666	1432	1502	1885.72	2514
Iteration: 667	1432	1586	1873.97	2457
Iteration: 668	1432	1545	1887.4	2424
Iteration: 669	1432	1643	1915.44	2661
Iteration: 670	1432	1628	1880.67	2389
Iteration: 671	1432	1628	1898.35	2409
Iteration: 672	1432	1602	1895.05	2322
Iteration: 673	1432	1541	1872.48	2266
Iteration: 674	1432	1613	1949.87	2736
Iteration: 675	1432	1564	1889.61	2664
Iteration: 676	1432	1559	1880.8	2487
Iteration: 677	1432	1579	1889.36	2725
Iteration: 678	1432	1536	1936.59	2504
Iteration: 679	1432	1602	1900.37	2526
Iteration: 680	1432	1566	1909.6	2279
Iteration: 681	1432	1597	1924.32	2492
Iteration: 682	1432	1587	1894.8	2466
Iteration: 683	1432	1552	1915.21	2361
Iteration: 684	1432	1519	1906.15	2585
Iteration: 685	1432	1581	1886.28	2388
Iteration: 686	1432	1565	1862.92	2265
Iteration: 687	1432	1562	1927.33	2759
Iteration: 688	1432	1541	1860.19	2267
Iteration: 689	1432	1549	1886.69	2401
Iteration: 690	1432	1590	1931.95	2454
Iteration: 691	1432	1566	1887.44	2364
Iteration: 692	1432	1610	1900.96	2397
Iteration: 693	1432	1567	1898.15	2519
Iteration: 694	1432	1504	1898.91	2613
Iteration: 695	1432	1589	1884.77	2655
Iteration: 696	1432	1587	1905.92	2318
Iteration: 697	1432	1602	1919.6	2330
Iteration: 698	1432	1561	1882.03	2560
Iteration: 699	1432	1527	1900.77	2483
Iteration: 700	1432	1579	1881.15	2696
Iteration: 701	1432	1599	1920.13	2459
Iteration: 702	1432	1520	1950.17	2826
Iteration: 703	1432	1548	1889.57	2335
Iteration: 704	1432	1606	1908.81	2422
Iteration: 705	1432	1609	1898.11	2296
Iteration: 706	1432	1607	1890.41	2247
Iteration: 707	1432	1593	1880.08	2347
Iteration: 708	1432	1592	1920.6	2398
Iteration: 709	1432	1523	1898.88	2435
Iteration: 710	1432	1561	1915.67	2391
Iteration: 711	1432	1567	1917.03	2526
Iteration: 712	1432	1515	1893.93	2551
Iteration: 713	1432	1539	1882.53	2304
Iteration: 714	1432	1617	1890.19	2694
Iteration: 715	1432	1647	1918.2	2507
Iteration: 716	1432	1592	1887.81	2366
Iteration: 717	1432	1624	1870.37	2370
Iteration: 718	1432	1644	1935.63	2512
Iteration: 719	1432	1588	1906.11	2300
Iteration: 720	1432	1598	1902.52	2601
Iteration: 721	1432	1539	1909.56	2497
Iteration: 722	1432	1572	1924.48	2371
Iteration: 723	1432	1618	1940.21	2464
Iteration: 724	1432	1481	1883.64	2435
Iteration: 725	1432	1560	1888.85	2575
Iteration: 726	1432	1593	1876.39	2464
Iteration: 727	1432	1599	1902.85	2533
Iteration: 728	1432	1624	1896.95	2373
Iteration: 729	1432	1601	1889.2	2386
Iteration: 730	1432	1533	1898.15	2356
Iteration: 731	1432	1596	1887.11	2807
Iteration: 732	1432	1612	1905.79	2474
Iteration: 733	1432	1566	1937.11	2721
Iteration: 734	1432	1563	1925.84	2541
Iteration: 735	1432	1612	1928.32	2435
Iteration: 736	1432	1615	1881.99	2567
Iteration: 737	1432	1544	1890.12	2402
Iteration: 738	1432	1592	1884.65	2186
Iteration: 739	1432	1584	1883.65	2407
Iteration: 740	1432	1502	1894.97	2442
Iteration: 741	1432	1514	1888.89	2358
Iteration: 742	1432	1591	1859.17	2358
Iteration: 743	1432	1563	1895.16	2486
Iteration: 744	1432	1572	1881.21	2339
Iteration: 745	1432	1568	1907.99	2442
Iteration: 746	1432	1490	1882.33	2403
Iteration: 747	1432	1587	1901.67	2416
Iteration: 748	1432	1538	1855.69	2427
Iteration: 749	1432	1571	1900.27	2253
Iteration: 750	1432	1528	1937.29	2447
Iteration: 751	1432	1605	1886.63	2573
Iteration: 752	1432	1511	1858.52	2480
Iteration: 753	1432	1469	1931.68	2405
Iteration: 754	1432	1616	1924.49	2581
Iteration: 755	1432	1575	1871.41	2470
Iteration: 756	1432	1573	1882.73	2607
Iteration: 757	1432	1595	1906.45	2464
Iteration: 758	1432	1577	1903.45	2708
Iteration: 759	1432	1602	1915.93	2396
Iteration: 760	1432	1559	1894.45	2511
Iteration: 761	1432	1557	1894.53	2463
Iteration: 762	1432	1623	1893.69	2861
Iteration: 763	1432	1560	1899.83	2730
Iteration: 764	1432	1510	1892.37	2345
Iteration: 765	1432	1577	1927.39	2604
Iteration: 766	1432	1555	1916.45	2498
Iteration: 767	1432	1555	1908.52	2392
Iteration: 768	1432	1595	1898.69	2344
Iteration: 769	1432	1622	1882.95	2464
Iteration: 770	1432	1494	1898.53	2377
Iteration: 771	1432	1577	1891.92	2470
Iteration: 772	1432	1594	1919.48	2484
Iteration: 773	1432	1624	1944.01	2845
Iteration: 774	1432	1590	1894.79	2351
Iteration: 775	1432	1496	1846.59	2427
Iteration: 776	1432	1589	1869.76	2493
Iteration: 777	1432	1516	1920.45	2563
Iteration: 778	1432	1607	1913.2	2802
Iteration: 779	1432	1575	1931.11	2510
Iteration: 780	1432	1583	1915.37	2402
Iteration: 781	1432	1651	1915.4	2464
Iteration: 782	1432	1508	1906.93	2602
Iteration: 783	1432	1520	1870.32	2390
Iteration: 784	1432	1588	1863.75	2211
Iteration: 785	1432	1593	1926.92	2467
Iteration: 786	1432	1534	1871.07	2375
Iteration: 787	1432	1546	1913.41	2393
Iteration: 788	1432	1522	1904.43	2371
Iteration: 789	1432	1591	1943.76	2484
Iteration: 790	1432	1583	1878	2188
Iteration: 791	1432	1574	1875.93	2423
Iteration: 792	1432	1640	1870.49	2474
Iteration: 793	1432	1572	1921.81	2530
Iteration: 794	1432	1556	1880.27	2439
Iteration: 795	1432	1575	1845.71	2483
Iteration: 796	1432	1574	1904.04	2397
Iteration: 797	1432	1556	1930.09	2591
Iteration: 798	1432	1634	1922.95	2245
Iteration: 799	1432	1563	1859.05	2435
Iteration: 800	1432	1596	1896.96	2300
Iteration: 801	1432	1518	1912.88	2637
Iteration: 802	1432	1586	1912.12	2416
Iteration: 803	1432	1527	1857.28	2385
Iteration: 804	1432	1563	1912.96	2580
Iteration: 805	1432	1500	1886.93	2551
Iteration: 806	1432	1613	1885.29	2362
Iteration: 807	1432	1458	1908.73	2540
Iteration: 808	1432	1608	1907.71	2669
Iteration: 809	1432	1566	1883.6	2323
Iteration: 810	1432	1589	1848.21	2211
Iteration: 811	1432	1553	1951.31	2449
Iteration: 812	1432	1521	1874.73	2454
Iteration: 813	1432	1516	1849.84	2256
Iteration: 814	1432	1570	1937.16	2525
Iteration: 815	1432	1498	1904.93	2415
Iteration: 816	1432	1537	1910.4	2533
Iteration: 817	1432	1545	1933.6	2453
Iteration: 818	1432	1637	1911.32	2419
Iteration: 819	1432	1498	1908.04	2635
Iteration: 820	1432	1529	1877.88	2319
Iteration: 821	1432	1555	1862.12	2288
Iteration: 822	1432	1620	1960.07	2417
Iteration: 823	1432	1553	1906.19	2582
Iteration: 824	1432	1583	1898.32	2275
Iteration: 825	1432	1596	1931.57	2495
Iteration: 826	1432	1514	1903.67	2872
Iteration: 827	1432	1612	1908.75	2318
Iteration: 828	1432	1543	1948.77	3065
Iteration: 829	1432	1568	1921.09	2321
Iteration: 830	1432	1622	1915.07	2424
Iteration: 831	1432	1582	1885.44	2352
Iteration: 832	1432	1499	1873.81	2676
Iteration: 833	1432	1520	1907.84	2494
Iteration: 834	1432	1554	1868.12	2386
Iteration: 835	1432	1590	1895.16	2628
Iteration: 836	1432	1573	1879.4	2384
Iteration: 837	1432	1622	1893.91	2642
Iteration: 838	1432	1613	1938.84	2592
Iteration: 839	1432	1613	1923.65	2640
Iteration: 840	1432	1591	1893.97	2471
Iteration: 841	1432	1567	1872.33	2478
Iteration: 842	1432	1594	1922.99	2565
Iteration: 843	1432	1588	1883.21	2470
Iteration: 844	1432	1621	1932.73	2418
Iteration: 845	1432	1508	1899.33	2641
Iteration: 846	1432	1498	1902.92	2695
Iteration: 847	1432	1587	1901.44	2782
Iteration: 848	1432	1573	1938.99	2715
Iteration: 849	1432	1576	1898.01	2406
Iteration: 850	1432	1592	1891.36	2326
Iteration: 851	1432	1564	1890.83	2685
Iteration: 852	1432	1551	1891.81	2442
Iteration: 853	1432	1595	1883.49	2464
Iteration: 854	1432	1608	1856.76	2218
Iteration: 855	1432	1513	1882.89	2672
Iteration: 856	1432	1594	1915.13	2988
Iteration: 857	1432	1594	1905.33	2560
Iteration: 858	1432	1561	1909.31	2397
Iteration: 859	1432	1581	1905.39	2430
Iteration: 860	1432	1606	1887.36	2421
Iteration: 861	1432	1524	1907.79	2333
Iteration: 862	1432	1479	1869.23	2226
Iteration: 863	1432	1578	1880.16	2412
Iteration: 864	1432	1639	1902.72	2450
Iteration: 865	1432	1595	1873.09	2532
Iteration: 866	1432	1617	1896.57	2664
Iteration: 867	1432	1575	1884.75	2367
Iteration: 868	1432	1583	1883.47	2606
Iteration: 869	1432	1592	1914.28	2470
Iteration: 870	1432	1557	1896.93	2639
Iteration: 871	1432	1574	1937.25	2492
Iteration: 872	1432	1587	1909.87	2607
Iteration: 873	1432	1542	1918.43	2759
Iteration: 874	1432	1512	1873.43	2555
Iteration: 875	1432	1555	1919.07	2559
Iteration: 876	1432	1656	1893.83	2572
Iteration: 877	1432	1569	1931.12	2551
Iteration: 878	1432	1592	1900.36	2563
Iteration: 879	1432	1566	1876.73	2454
Iteration: 880	1432	1560	1900.57	2402
Iteration: 881	1432	1569	1941.09	2480
Iteration: 882	1432	1544	1881.05	2360
Iteration: 883	1432	1589	1934.65	2375
Iteration: 884	1432	1466	1891.92	2436
Iteration: 885	1432	1562	1922.45	2493
Iteration: 886	1432	1475	1870.79	2846
Iteration: 887	1432	1591	1909.31	2620
Iteration: 888	1432	1539	1877.87	2360
Iteration: 889	1432	1525	1840.81	2445
Iteration: 890	1432	1629	1888.25	2520
Iteration: 891	1432	1519	1912.27	2434
Iteration: 892	1432	1539	1906.91	2312
Iteration: 893	1432	1484	1864.24	2233
Iteration: 894	1432	1566	1910.07	2519
Iteration: 895	1432	1508	1928.71	2573
Iteration: 896	1432	1580	1898.39	2574
Iteration: 897	1432	1649	1920.48	2869
Iteration: 898	1432	1494	1907.27	2454
Iteration: 899	1432	1600	1885.87	2805
Iteration: 900	1432	1628	1928.05	2530
Iteration: 901	1432	1573	1880.08	2831
Iteration: 902	1432	1622	1916.49	2707
Iteration: 903	1432	1556	1867.09	2444
Iteration: 904	1432	1561	1910.92	2687
Iteration: 905	1432	1558	1888.24	2395
Iteration: 906	1432	1606	1918.99	2618
Iteration: 907	1432	1597	1909.53	2355
Iteration: 908	1432	1607	1885.09	2323
Iteration: 909	1432	1574	1920.24	2607
Iteration: 910	1432	1604	1903.67	2409
Iteration: 911	1432	1518	1943.91	2725
Iteration: 912	1432	1547	1906.21	2399
Iteration: 913	1432	1538	1903.68	2337
Iteration: 914	1432	1572	1897.03	2828
Iteration: 915	1432	1527	1894.71	2402
Iteration: 916	1432	1589	1902.48	2260
Iteration: 917	1432	1496	1884.12	2281
Iteration: 918	1432	1593	1905.76	2356
Iteration: 919	1432	1579	1915.81	2634
Iteration: 920	1432	1559	1917.21	2621
Iteration: 921	1432	1526	1901.24	2353
Iteration: 922	1432	1554	1899.35	2626
Iteration: 923	1432	1624	1900.96	2503
Iteration: 924	1432	1632	1882.44	2390
Iteration: 925	1432	1573	1884.99	2356
Iteration: 926	1432	1582	1913.08	2600
Iteration: 927	1432	1534	1886.77	2394
Iteration: 928	1432	1540	1879.03	2334
Iteration: 929	1432	1579	1908.25	2401
Iteration: 930	1432	1626	1890.92	2848
Iteration: 931	1432	1610	1901.95	2547
Iteration: 932	1432	1596	1904.95	2577
Iteration: 933	1432	1555	1888.65	2239
Iteration: 934	1432	1464	1874.32	2328
Iteration: 935	1432	1586	1916.57	2357
Iteration: 936	1432	1605	1866.33	2537
Iteration: 937	1432	1597	1917.43	2671
Iteration: 938	1432	1564	1892.08	2410
Iteration: 939	1432	1569	1884.6	2435
Iteration: 940	1432	1528	1871.68	2457
Iteration: 941	1432	1551	1878.75	2336
Iteration: 942	1432	1502	1893.76	2620
Iteration: 943	1432	1586	1911.25	2402
Iteration: 944	1432	1528	1894.13	2617
Iteration: 945	1432	1595	1939.88	2374
Iteration: 946	1432	1554	1896.16	2278
Iteration: 947	1432	1636	1899.73	2732
Iteration: 948	1432	1556	1886.91	2390
Iteration: 949	1432	1530	1902.68	2455
Iteration: 950	1432	1619	1928.53	2554
Iteration: 951	1432	1616	1914.85	2451
Iteration: 952	1432	1593	1871.83	2389
Iteration: 953	1432	1536	1876.07	2215
Iteration: 954	1432	1611	1908.23	2643
Iteration: 955	1432	1559	1879.83	2440
Iteration: 956	1432	1571	1877.52	2309
Iteration: 957	1432	1621	1911.57	2602
Iteration: 958	1432	1599	1869.88	2395
Iteration: 959	1432	1571	1897	2391
Iteration: 960	1432	1594	1947.81	2643
Iteration: 961	1432	1557	1915.95	2505
Iteration: 962	1432	1597	1935.89	2471
Iteration: 963	1432	1586	1904.24	2413
Iteration: 964	1432	1570	1926.27	2612
Iteration: 965	1432	1634	1931.75	2398
Iteration: 966	1432	1551	1918.63	2660
Iteration: 967	1432	1569	1882.4	2407
Iteration: 968	1432	1549	1868.24	2369
Iteration: 969	1432	1558	1933.57	2571
Iteration: 970	1432	1580	1877.69	2333
Iteration: 971	1432	1627	1944.19	2487
Iteration: 972	1432	1576	1875.24	2645
Iteration: 973	1432	1564	1924.27	2439
Iteration: 974	1432	1535	1869.57	2585
Iteration: 975	1432	1582	1900.17	2492
Iteration: 976	1432	1570	1911.48	2613
Iteration: 977	1432	1516	1913.6	2640
Iteration: 978	1432	1519	1909.51	2364
Iteration: 979	1432	1548	1915.27	2508
Iteration: 980	1432	1560	1897.17	2385
Iteration: 981	1432	1573	1910.79	2434
Iteration: 982	1432	1494	1908.57	2557
Iteration: 983	1432	1573	1901.16	2442
Iteration: 984	1432	1623	1864.89	2352
Iteration: 985	1432	1574	1880.6	2361
Iteration: 986	1432	1586	1928.93	2797
Iteration: 987	1432	1605	1894.79	2441
Iteration: 988	1432	1540	1880.15	2273
Iteration: 989	1432	1570	1862.59	2243
Iteration: 990	1432	1621	1875.81	2250
Iteration: 991	1432	1634	1902.13	2352
Iteration: 992	1432	1641	1903.39	2299
Iteration: 993	1432	1583	1885.91	2491
Iteration: 994	1432	1615	1880.05	2316
Iteration: 995	1432	1599	1911.77	2497
Iteration: 996	1432	1556	1872.17	2466
Iteration: 997	1432	1631	1892.36	2418
Iteration: 998	1432	1540	1914.48	2370
Iteration: 999	1432	1537	1904.31	2385
