Iteration: 0	1576	1576	1936.89	2594
Iteration: 1	1563	1563	1891.09	2292
Iteration: 2	1563	1625	1917.21	2348
Iteration: 3	1550	1550	1856.04	2165
Iteration: 4	1550	1643	1938.77	2306
Iteration: 5	1489	1489	1901.11	2367
Iteration: 6	1489	1570	1903.15	2377
Iteration: 7	1489	1514	1895.79	2420
Iteration: 8	1489	1567	1888.91	2359
Iteration: 9	1489	1667	1883.65	2338
Iteration: 10	1489	1519	1921.45	2321
Iteration: 11	1489	1492	1855.85	2440
Iteration: 12	1489	1670	1905.45	2416
Iteration: 13	1489	1612	1920.47	2508
Iteration: 14	1489	1611	1898.55	2319
Iteration: 15	1489	1491	1864.73	2379
Iteration: 16	1489	1526	1895.49	2259
Iteration: 17	1489	1566	1872.56	2244
Iteration: 18	1489	1604	1913.57	2512
Iteration: 19	1489	1628	1885.17	2312
Iteration: 20	1489	1576	1877.15	2583
Iteration: 21	1489	1512	1865.99	2360
Iteration: 22	1489	1554	1911.28	2263
Iteration: 23	1489	1593	1872.32	2409
Iteration: 24	1489	1535	1883.63	2478
Iteration: 25	1489	1590	1873.93	2265
Iteration: 26	1489	1594	1879.72	2373
Iteration: 27	1489	1522	1891.87	2745
Iteration: 28	1477	1477	1882.21	2596
Iteration: 29	1477	1642	1910.28	2462
Iteration: 30	1477	1598	1895.11	2431
Iteration: 31	1477	1599	1875.33	2520
Iteration: 32	1477	1561	1873.68	2407
Iteration: 33	1477	1527	1883.52	2316
Iteration: 34	1477	1584	1880.28	2578
Iteration: 35	1477	1559	1929.67	2510
Iteration: 36	1477	1560	1906.21	2452
Iteration: 37	1477	1517	1886.67	2476
Iteration: 38	1477	1555	1890.93	2364
Iteration: 39	1477	1591	1931.8	2643
Iteration: 40	1477	1522	1863.99	2294
Iteration: 41	1477	1563	1875.99	2328
Iteration: 42	1477	1554	1893.15	2401
Iteration: 43	1477	1531	1877.19	2300
Iteration: 44	1477	1600	1916.16	2516
Iteration: 45	1477	1547	1877.71	2384
Iteration: 46	1477	1582	1884.28	2598
Iteration: 47	1477	1564	1912.83	2312
Iteration: 48	1477	1640	1932.95	2468
Iteration: 49	1477	1642	1876.37	2385
Iteration: 50	1477	1605	1872.57	2358
Iteration: 51	1477	1543	1918.11	2297
Iteration: 52	1477	1522	1914	2453
Iteration: 53	1477	1563	1897.93	2461
Iteration: 54	1477	1547	1867.79	2390
Iteration: 55	1477	1626	1897.8	2517
Iteration: 56	1477	1616	1917.81	2441
Iteration: 57	1477	1554	1888.27	2405
Iteration: 58	1477	1636	1887.93	2509
Iteration: 59	1477	1603	1891.65	2409
Iteration: 60	1477	1582	1884.13	2477
Iteration: 61	1477	1589	1912.11	2425
Iteration: 62	1477	1591	1909.71	2296
Iteration: 63	1477	1508	1885.24	2492
Iteration: 64	1477	1677	1942.04	2583
Iteration: 65	1477	1552	1881.49	2279
Iteration: 66	1477	1581	1900.12	2339
Iteration: 67	1477	1500	1914.8	2510
Iteration: 68	1477	1553	1907.28	2190
Iteration: 69	1477	1578	1895.19	2332
Iteration: 70	1477	1637	1907.93	2459
Iteration: 71	1477	1515	1897.2	2746
Iteration: 72	1477	1603	1893.6	2658
Iteration: 73	1477	1571	1905.4	2355
Iteration: 74	1477	1536	1898.11	2424
Iteration: 75	1477	1552	1888.37	2490
Iteration: 76	1477	1512	1901.11	2346
Iteration: 77	1477	1573	1910.17	2350
Iteration: 78	1477	1551	1930.07	2326
Iteration: 79	1477	1641	1922.79	2322
Iteration: 80	1477	1595	1879.04	2432
Iteration: 81	1477	1509	1893.15	2693
Iteration: 82	1477	1562	1896.51	2317
Iteration: 83	1477	1516	1895.43	2340
Iteration: 84	1477	1561	1937.21	2471
Iteration: 85	1477	1595	1914.07	2458
Iteration: 86	1477	1598	1897.15	2664
Iteration: 87	1477	1623	1907.28	2497
Iteration: 88	1477	1614	1881.05	2347
Iteration: 89	1477	1595	1916.92	2453
Iteration: 90	1477	1616	1880.41	2354
Iteration: 91	1477	1597	1893.56	2325
Iteration: 92	1477	1583	1846.56	2220
Iteration: 93	1477	1629	1935.68	2466
Iteration: 94	1477	1556	1868.37	2451
Iteration: 95	1477	1527	1908.17	2495
Iteration: 96	1477	1594	1940.24	2409
Iteration: 97	1477	1631	1949.91	2735
Iteration: 98	1477	1558	1909.73	2421
Iteration: 99	1468	1468	1875.69	2692
Iteration: 100	1468	1562	1916.52	2420
Iteration: 101	1468	1547	1882.93	2505
Iteration: 102	1468	1599	1912.4	2453
Iteration: 103	1468	1522	1912.32	2516
Iteration: 104	1468	1592	1900.88	2287
Iteration: 105	1468	1587	1911.61	2732
Iteration: 106	1468	1643	1920.95	2405
Iteration: 107	1468	1584	1905.92	2302
Iteration: 108	1468	1598	1870.97	2318
Iteration: 109	1468	1601	1891.52	2352
Iteration: 110	1468	1596	1895.85	2376
Iteration: 111	1468	1608	1906.63	2417
Iteration: 112	1468	1528	1901.36	2410
Iteration: 113	1468	1529	1908.67	2442
Iteration: 114	1468	1636	1920.15	2450
Iteration: 115	1468	1558	1890.15	2413
Iteration: 116	1468	1561	1873.95	2358
Iteration: 117	1468	1545	1907.77	2607
Iteration: 118	1468	1580	1893.84	2597
Iteration: 119	1468	1572	1936.49	2542
Iteration: 120	1468	1567	1883.01	2497
Iteration: 121	1468	1548	1881.59	2381
Iteration: 122	1468	1566	1887.55	2308
Iteration: 123	1468	1487	1902.77	2474
Iteration: 124	1468	1595	1954.65	2484
Iteration: 125	1468	1555	1875.6	2531
Iteration: 126	1468	1604	1899.25	2705
Iteration: 127	1468	1569	1901.28	2630
Iteration: 128	1468	1583	1873.41	2282
Iteration: 129	1468	1576	1874.57	2355
Iteration: 130	1468	1510	1923.17	2470
Iteration: 131	1468	1623	1888.41	2351
Iteration: 132	1468	1589	1903.37	2461
Iteration: 133	1468	1595	1902.36	2313
Iteration: 134	1468	1565	1912.16	2411
Iteration: 135	1468	1639	1930.44	2584
Iteration: 136	1468	1558	1909.49	2429
Iteration: 137	1468	1528	1918.76	2544
Iteration: 138	1468	1594	1884.93	2379
Iteration: 139	1468	1642	1936.09	2507
Iteration: 140	1468	1626	1901.97	2377
Iteration: 141	1468	1584	1929.65	2522
Iteration: 142	1468	1558	1869.17	2283
Iteration: 143	1468	1641	1950.68	2688
Iteration: 144	1468	1579	1888.71	2432
Iteration: 145	1468	1631	1893.16	2347
Iteration: 146	1468	1602	1885.16	2369
Iteration: 147	1468	1564	1898.68	2392
Iteration: 148	1468	1550	1898.72	2388
Iteration: 149	1468	1510	1897.49	2472
