Iteration: 0	1597	1597	1928.4	2635
Iteration: 1	1587	1587	1917.49	2422
Iteration: 2	1551	1551	1896.61	2732
Iteration: 3	1551	1577	1922.48	2429
Iteration: 4	1551	1596	1905.72	2229
Iteration: 5	1551	1592	1898.25	2427
Iteration: 6	1551	1562	1902.64	2486
Iteration: 7	1551	1595	1885.13	2310
Iteration: 8	1501	1501	1909.07	2531
Iteration: 9	1501	1590	1930.32	2291
Iteration: 10	1501	1585	1897.79	2309
Iteration: 11	1501	1614	1898.16	2281
Iteration: 12	1501	1554	1894.8	2486
Iteration: 13	1501	1585	1903.93	2399
Iteration: 14	1501	1602	1919.56	2539
Iteration: 15	1501	1538	1933.76	2529
Iteration: 16	1501	1621	1923.16	2363
Iteration: 17	1501	1600	1916.88	2547
Iteration: 18	1501	1573	1900.55	2543
Iteration: 19	1501	1550	1866.33	2435
Iteration: 20	1501	1596	1877.87	2433
Iteration: 21	1501	1600	1938.31	2533
Iteration: 22	1501	1541	1912.32	2474
Iteration: 23	1501	1581	1879.36	2376
Iteration: 24	1501	1665	1912.32	2490
Iteration: 25	1501	1510	1915.97	2349
Iteration: 26	1501	1567	1869.23	2362
Iteration: 27	1501	1546	1862.12	2247
Iteration: 28	1501	1576	1893.87	2302
Iteration: 29	1501	1600	1885.04	2640
Iteration: 30	1501	1605	1896.48	2370
Iteration: 31	1501	1544	1870.48	2776
Iteration: 32	1501	1556	1908.31	2415
Iteration: 33	1501	1647	1925.56	2480
Iteration: 34	1501	1546	1888.8	2358
Iteration: 35	1462	1462	1926.61	2674
Iteration: 36	1462	1588	1898.63	2438
Iteration: 37	1462	1489	1923.81	2509
Iteration: 38	1462	1586	1881.8	2511
Iteration: 39	1462	1580	1902.95	2429
Iteration: 40	1462	1638	1906.05	2411
Iteration: 41	1462	1465	1876.33	2299
Iteration: 42	1462	1539	1892.75	2444
Iteration: 43	1462	1489	1904.31	2382
Iteration: 44	1462	1562	1894.43	2503
Iteration: 45	1462	1585	1917.65	2511
Iteration: 46	1462	1604	1896.21	2425
Iteration: 47	1462	1553	1900.2	2431
Iteration: 48	1462	1553	1933.48	2542
Iteration: 49	1462	1613	1900.73	2475
Iteration: 50	1462	1554	1907.35	2520
Iteration: 51	1462	1520	1857.47	2476
Iteration: 52	1462	1575	1908.33	2393
Iteration: 53	1462	1543	1924.67	2490
Iteration: 54	1462	1579	1894.33	2611
Iteration: 55	1462	1571	1881.09	2491
Iteration: 56	1462	1592	1895.03	2333
Iteration: 57	1462	1581	1888.45	2234
Iteration: 58	1462	1559	1902.47	2481
Iteration: 59	1462	1557	1867.64	2463
Iteration: 60	1462	1565	1895.67	2317
Iteration: 61	1462	1524	1886.75	2501
Iteration: 62	1462	1568	1872.96	2368
Iteration: 63	1462	1568	1875.39	2255
Iteration: 64	1462	1616	1902.4	2394
Iteration: 65	1462	1653	1879.59	2501
Iteration: 66	1462	1619	1906.89	2552
Iteration: 67	1462	1571	1882.4	2408
Iteration: 68	1462	1612	1875.16	2336
Iteration: 69	1462	1579	1913.19	2854
Iteration: 70	1462	1633	1931.45	2419
Iteration: 71	1462	1563	1920.44	2559
Iteration: 72	1462	1604	1867.44	2307
Iteration: 73	1462	1600	1884.28	2372
Iteration: 74	1462	1583	1863.12	2489
Iteration: 75	1462	1525	1877.99	2554
Iteration: 76	1462	1591	1891.96	2385
Iteration: 77	1462	1572	1865.93	2308
Iteration: 78	1462	1547	1894.96	2673
Iteration: 79	1462	1645	1904.36	2443
Iteration: 80	1462	1613	1876.85	2520
Iteration: 81	1462	1563	1921.48	2325
Iteration: 82	1462	1571	1886.59	2272
Iteration: 83	1462	1588	1926.64	2502
Iteration: 84	1462	1489	1936.64	2440
Iteration: 85	1462	1615	1871.8	2365
Iteration: 86	1462	1609	1884.21	2271
Iteration: 87	1462	1529	1888.29	2578
Iteration: 88	1462	1602	1866.97	2429
Iteration: 89	1462	1559	1910.23	2615
Iteration: 90	1462	1549	1890.36	2528
Iteration: 91	1462	1584	1909.93	2460
Iteration: 92	1462	1525	1923.81	2393
Iteration: 93	1462	1637	1894.28	2501
Iteration: 94	1462	1478	1877.12	2811
Iteration: 95	1462	1626	1929.71	2629
Iteration: 96	1462	1573	1880.55	2395
Iteration: 97	1462	1489	1948.35	2667
Iteration: 98	1462	1596	1889.32	2332
Iteration: 99	1462	1601	1885.03	2305
Iteration: 100	1462	1546	1867.56	2252
Iteration: 101	1462	1584	1894.61	2455
Iteration: 102	1462	1622	1876.35	2462
Iteration: 103	1462	1587	1930.03	2543
Iteration: 104	1462	1570	1845.01	2271
Iteration: 105	1462	1624	1940.39	2576
Iteration: 106	1462	1620	1907.05	2322
Iteration: 107	1462	1562	1885.67	2635
Iteration: 108	1462	1595	1916.95	2329
Iteration: 109	1462	1489	1890.55	2489
Iteration: 110	1462	1617	1907.97	2271
Iteration: 111	1462	1515	1871.75	2299
Iteration: 112	1462	1525	1890.87	2397
Iteration: 113	1462	1564	1897.99	2470
Iteration: 114	1462	1551	1881.11	2481
Iteration: 115	1462	1591	1905.01	2686
Iteration: 116	1462	1625	1901.88	2527
Iteration: 117	1462	1548	1927.03	2306
Iteration: 118	1462	1543	1899.33	2522
Iteration: 119	1462	1503	1893.71	2467
Iteration: 120	1462	1553	1894.69	2481
Iteration: 121	1462	1636	1933.91	2904
Iteration: 122	1462	1607	1879.57	2350
Iteration: 123	1462	1630	1896.77	2276
Iteration: 124	1462	1579	1875.79	2398
Iteration: 125	1462	1592	1877.35	2483
Iteration: 126	1462	1605	1915.03	2497
Iteration: 127	1462	1544	1930.13	2485
Iteration: 128	1462	1594	1897.01	2570
Iteration: 129	1462	1528	1874.16	2556
Iteration: 130	1462	1567	1889.45	2574
Iteration: 131	1462	1551	1886.05	2358
Iteration: 132	1462	1549	1856.05	2304
Iteration: 133	1462	1580	1887.29	2247
Iteration: 134	1462	1578	1891.83	2299
Iteration: 135	1462	1514	1893.53	2521
Iteration: 136	1462	1603	1884.2	2658
Iteration: 137	1462	1560	1942.25	2513
Iteration: 138	1462	1602	1910.24	2959
Iteration: 139	1462	1614	1919.57	2380
Iteration: 140	1462	1602	1924.11	2481
Iteration: 141	1462	1584	1911.29	2516
Iteration: 142	1462	1611	1888.37	2341
Iteration: 143	1462	1525	1908.36	2575
Iteration: 144	1462	1540	1897.08	2315
Iteration: 145	1462	1542	1880.05	2388
Iteration: 146	1462	1542	1885.48	2415
Iteration: 147	1462	1602	1904.4	2388
Iteration: 148	1462	1597	1916.81	2331
Iteration: 149	1462	1493	1902.04	2481
Iteration: 150	1462	1618	1911.72	2317
Iteration: 151	1462	1635	1888.25	2410
Iteration: 152	1462	1595	1906.07	2611
Iteration: 153	1462	1637	1879.09	2282
Iteration: 154	1462	1534	1895.55	2449
Iteration: 155	1462	1635	1905.52	2384
Iteration: 156	1462	1493	1891.4	2431
Iteration: 157	1462	1576	1871.65	2285
Iteration: 158	1462	1579	1889.47	2270
Iteration: 159	1462	1517	1938.03	2616
Iteration: 160	1462	1560	1887.52	2349
Iteration: 161	1462	1608	1886.85	2504
Iteration: 162	1462	1592	1918.37	2525
Iteration: 163	1462	1613	1926.52	2469
Iteration: 164	1462	1552	1869.44	2362
Iteration: 165	1462	1636	1919.05	2565
Iteration: 166	1462	1642	1909.88	2378
Iteration: 167	1462	1582	1918.31	2432
Iteration: 168	1462	1605	1930.61	2551
Iteration: 169	1462	1620	1909.85	2519
Iteration: 170	1462	1593	1899.24	2481
Iteration: 171	1462	1515	1865.37	2314
Iteration: 172	1462	1578	1886.85	2665
Iteration: 173	1462	1527	1878.21	2544
Iteration: 174	1462	1596	1884.57	2326
Iteration: 175	1462	1647	1909.45	2394
Iteration: 176	1462	1578	1921.53	2413
Iteration: 177	1462	1525	1899.47	2498
Iteration: 178	1462	1601	1879.85	2365
Iteration: 179	1462	1632	1899.89	2447
Iteration: 180	1462	1566	1889.84	2414
Iteration: 181	1462	1591	1875.19	2503
Iteration: 182	1462	1590	1892.63	2351
Iteration: 183	1462	1605	1897.49	2372
Iteration: 184	1462	1519	1877.65	2386
Iteration: 185	1462	1577	1919.83	2523
Iteration: 186	1462	1544	1898.43	2396
Iteration: 187	1462	1550	1904.11	2440
Iteration: 188	1462	1524	1906.65	2513
Iteration: 189	1462	1495	1887.2	2539
Iteration: 190	1462	1522	1898.17	2613
Iteration: 191	1462	1581	1895.17	2605
Iteration: 192	1462	1557	1880.35	2375
Iteration: 193	1462	1617	1887.49	2287
Iteration: 194	1462	1577	1903.63	2375
Iteration: 195	1462	1597	1918.04	2289
Iteration: 196	1462	1531	1903.47	2371
Iteration: 197	1462	1607	1906.96	2360
Iteration: 198	1462	1563	1890.89	2403
Iteration: 199	1462	1625	1915.48	2696
Iteration: 200	1462	1615	1897.28	2523
Iteration: 201	1462	1572	1902.65	2433
Iteration: 202	1462	1541	1926.97	2491
Iteration: 203	1462	1595	1893.17	2296
Iteration: 204	1462	1609	1872.39	2406
Iteration: 205	1462	1511	1890.56	2606
Iteration: 206	1462	1543	1886.21	2612
Iteration: 207	1462	1592	1886.32	2490
Iteration: 208	1462	1607	1903.47	2459
Iteration: 209	1462	1590	1887.88	2492
Iteration: 210	1462	1526	1932.95	2581
Iteration: 211	1462	1516	1866.27	2287
Iteration: 212	1462	1600	1898.51	2422
Iteration: 213	1462	1619	1910.12	2568
Iteration: 214	1462	1496	1933.8	2423
Iteration: 215	1462	1555	1898.17	2467
Iteration: 216	1462	1552	1898.08	2359
Iteration: 217	1462	1515	1916.17	2580
Iteration: 218	1446	1446	1855.89	2272
Iteration: 219	1446	1625	1941.43	2957
Iteration: 220	1446	1541	1876.36	2523
Iteration: 221	1446	1520	1907.92	2646
Iteration: 222	1446	1560	1865.17	2524
Iteration: 223	1446	1628	1907.11	2543
Iteration: 224	1446	1541	1906.25	2593
Iteration: 225	1446	1530	1904.25	2455
Iteration: 226	1446	1548	1901.16	2411
Iteration: 227	1446	1550	1921.64	2719
Iteration: 228	1446	1617	1916.45	2458
Iteration: 229	1446	1540	1898.57	2312
Iteration: 230	1446	1624	1884.2	2608
Iteration: 231	1446	1619	1946.64	2593
Iteration: 232	1446	1534	1909.49	2702
Iteration: 233	1446	1643	1888.48	2785
Iteration: 234	1446	1543	1878.03	2359
Iteration: 235	1446	1571	1858.73	2302
Iteration: 236	1446	1654	1894.27	2637
Iteration: 237	1446	1588	1894.05	2656
Iteration: 238	1446	1580	1928.63	2542
Iteration: 239	1446	1617	1894.16	2288
Iteration: 240	1446	1564	1887.68	2375
Iteration: 241	1446	1572	1909.45	2514
Iteration: 242	1446	1573	1944.92	2619
Iteration: 243	1446	1561	1898.96	2379
Iteration: 244	1446	1564	1953.97	2538
Iteration: 245	1446	1586	1903.12	2435
Iteration: 246	1446	1575	1892.67	2431
Iteration: 247	1446	1647	1885.73	2464
Iteration: 248	1446	1572	1914.89	2519
Iteration: 249	1446	1617	1933.83	2456
Iteration: 250	1446	1594	1912.76	2269
Iteration: 251	1446	1612	1916.92	2439
Iteration: 252	1446	1601	1886.51	2518
Iteration: 253	1446	1526	1927.91	2327
Iteration: 254	1446	1505	1922.53	2739
Iteration: 255	1446	1595	1896.07	2291
Iteration: 256	1446	1541	1909.23	2519
Iteration: 257	1446	1617	1949.96	2535
Iteration: 258	1446	1593	1904.59	2353
Iteration: 259	1446	1596	1876.61	2438
Iteration: 260	1446	1610	1865.53	2219
Iteration: 261	1446	1543	1921.72	2496
Iteration: 262	1446	1601	1914.47	2566
Iteration: 263	1446	1598	1904.59	2527
Iteration: 264	1446	1623	1922.8	2680
Iteration: 265	1446	1628	1958.41	2825
Iteration: 266	1446	1590	1926.49	2642
Iteration: 267	1446	1556	1951.4	2591
Iteration: 268	1446	1506	1857.25	2446
Iteration: 269	1446	1608	1881.68	2361
Iteration: 270	1446	1554	1898.24	2364
Iteration: 271	1446	1606	1897.29	2352
Iteration: 272	1446	1553	1930.76	2349
Iteration: 273	1446	1610	1919.45	2383
Iteration: 274	1446	1601	1917.93	2618
Iteration: 275	1446	1584	1925	2851
Iteration: 276	1446	1581	1931.89	2631
Iteration: 277	1446	1602	1895.88	2317
Iteration: 278	1446	1544	1922.28	2505
Iteration: 279	1446	1586	1897.41	2489
Iteration: 280	1446	1539	1904.03	2229
Iteration: 281	1446	1572	1904.29	2605
Iteration: 282	1446	1600	1916.92	2347
Iteration: 283	1446	1613	1946.72	2496
Iteration: 284	1446	1540	1915.15	2537
Iteration: 285	1446	1566	1880.92	2328
Iteration: 286	1446	1569	1891.19	2406
Iteration: 287	1446	1576	1921.23	2393
Iteration: 288	1446	1557	1883.87	2471
Iteration: 289	1446	1524	1906.29	2693
Iteration: 290	1446	1628	1945.24	2364
Iteration: 291	1446	1550	1885.27	2384
Iteration: 292	1446	1594	1906.16	2688
Iteration: 293	1446	1639	1908.37	2404
Iteration: 294	1446	1582	1873.19	2350
Iteration: 295	1446	1563	1924.12	2493
Iteration: 296	1446	1586	1934.27	2736
Iteration: 297	1446	1627	1926.13	2537
Iteration: 298	1446	1532	1878.11	2517
Iteration: 299	1446	1594	1921.75	2501
