Iteration: 0	1576	1576	1936.89	2594
Iteration: 1	1563	1563	1891.09	2292
Iteration: 2	1563	1625	1917.21	2348
Iteration: 3	1550	1550	1856.04	2165
Iteration: 4	1550	1643	1938.77	2306
Iteration: 5	1489	1489	1901.11	2367
Iteration: 6	1489	1570	1903.15	2377
Iteration: 7	1489	1514	1895.79	2420
Iteration: 8	1489	1567	1888.91	2359
Iteration: 9	1489	1667	1883.65	2338
Iteration: 10	1489	1519	1921.45	2321
Iteration: 11	1489	1492	1855.85	2440
Iteration: 12	1489	1670	1905.45	2416
Iteration: 13	1489	1612	1920.47	2508
Iteration: 14	1489	1611	1898.55	2319
Iteration: 15	1489	1491	1864.73	2379
Iteration: 16	1489	1526	1895.49	2259
Iteration: 17	1489	1566	1872.56	2244
Iteration: 18	1489	1604	1913.57	2512
Iteration: 19	1489	1628	1885.17	2312
Iteration: 20	1489	1576	1877.15	2583
Iteration: 21	1489	1512	1865.99	2360
Iteration: 22	1489	1554	1911.28	2263
Iteration: 23	1489	1593	1872.32	2409
Iteration: 24	1489	1535	1883.63	2478
Iteration: 25	1489	1590	1873.93	2265
Iteration: 26	1489	1594	1879.72	2373
Iteration: 27	1489	1522	1891.87	2745
Iteration: 28	1477	1477	1882.21	2596
Iteration: 29	1477	1642	1910.28	2462
Iteration: 30	1477	1598	1895.11	2431
Iteration: 31	1477	1599	1875.33	2520
Iteration: 32	1477	1561	1873.68	2407
Iteration: 33	1477	1527	1883.52	2316
Iteration: 34	1477	1584	1880.28	2578
Iteration: 35	1477	1559	1929.67	2510
Iteration: 36	1477	1560	1906.21	2452
Iteration: 37	1477	1517	1886.67	2476
Iteration: 38	1477	1555	1890.93	2364
Iteration: 39	1477	1591	1931.8	2643
Iteration: 40	1477	1522	1863.99	2294
Iteration: 41	1477	1563	1875.99	2328
Iteration: 42	1477	1554	1893.15	2401
Iteration: 43	1477	1531	1877.19	2300
Iteration: 44	1477	1600	1916.16	2516
Iteration: 45	1477	1547	1877.71	2384
Iteration: 46	1477	1582	1884.28	2598
Iteration: 47	1477	1564	1912.83	2312
Iteration: 48	1477	1640	1932.95	2468
Iteration: 49	1477	1642	1876.37	2385
Iteration: 50	1477	1605	1872.57	2358
Iteration: 51	1477	1543	1918.11	2297
Iteration: 52	1477	1522	1914	2453
Iteration: 53	1477	1563	1897.93	2461
Iteration: 54	1477	1547	1867.79	2390
Iteration: 55	1477	1626	1897.8	2517
Iteration: 56	1477	1616	1917.81	2441
Iteration: 57	1477	1554	1888.27	2405
Iteration: 58	1477	1636	1887.93	2509
Iteration: 59	1477	1603	1891.65	2409
Iteration: 60	1477	1582	1884.13	2477
Iteration: 61	1477	1589	1912.11	2425
Iteration: 62	1477	1591	1909.71	2296
Iteration: 63	1477	1508	1885.24	2492
Iteration: 64	1477	1677	1942.04	2583
Iteration: 65	1477	1552	1881.49	2279
Iteration: 66	1477	1581	1900.12	2339
Iteration: 67	1477	1500	1914.8	2510
Iteration: 68	1477	1553	1907.28	2190
Iteration: 69	1477	1578	1895.19	2332
Iteration: 70	1477	1637	1907.93	2459
Iteration: 71	1477	1515	1897.2	2746
Iteration: 72	1477	1603	1893.6	2658
Iteration: 73	1477	1571	1905.4	2355
Iteration: 74	1477	1536	1898.11	2424
Iteration: 75	1477	1552	1888.37	2490
Iteration: 76	1477	1512	1901.11	2346
Iteration: 77	1477	1573	1910.17	2350
Iteration: 78	1477	1551	1930.07	2326
Iteration: 79	1477	1641	1922.79	2322
Iteration: 80	1477	1595	1879.04	2432
Iteration: 81	1477	1509	1893.15	2693
Iteration: 82	1477	1562	1896.51	2317
Iteration: 83	1477	1516	1895.43	2340
Iteration: 84	1477	1561	1937.21	2471
Iteration: 85	1477	1595	1914.07	2458
Iteration: 86	1477	1598	1897.15	2664
Iteration: 87	1477	1623	1907.28	2497
Iteration: 88	1477	1614	1881.05	2347
Iteration: 89	1477	1595	1916.92	2453
Iteration: 90	1477	1616	1880.41	2354
Iteration: 91	1477	1597	1893.56	2325
Iteration: 92	1477	1583	1846.56	2220
Iteration: 93	1477	1629	1935.68	2466
Iteration: 94	1477	1556	1868.37	2451
Iteration: 95	1477	1527	1908.17	2495
Iteration: 96	1477	1594	1940.24	2409
Iteration: 97	1477	1631	1949.91	2735
Iteration: 98	1477	1558	1909.73	2421
Iteration: 99	1468	1468	1875.69	2692
Iteration: 100	1468	1562	1916.52	2420
Iteration: 101	1468	1547	1882.93	2505
Iteration: 102	1468	1599	1912.4	2453
Iteration: 103	1468	1522	1912.32	2516
Iteration: 104	1468	1592	1900.88	2287
Iteration: 105	1468	1587	1911.61	2732
Iteration: 106	1468	1643	1920.95	2405
Iteration: 107	1468	1584	1905.92	2302
Iteration: 108	1468	1598	1870.97	2318
Iteration: 109	1468	1601	1891.52	2352
Iteration: 110	1468	1596	1895.85	2376
Iteration: 111	1468	1608	1906.63	2417
Iteration: 112	1468	1528	1901.36	2410
Iteration: 113	1468	1529	1908.67	2442
Iteration: 114	1468	1636	1920.15	2450
Iteration: 115	1468	1558	1890.15	2413
Iteration: 116	1468	1561	1873.95	2358
Iteration: 117	1468	1545	1907.77	2607
Iteration: 118	1468	1580	1893.84	2597
Iteration: 119	1468	1572	1936.49	2542
Iteration: 120	1468	1567	1883.01	2497
Iteration: 121	1468	1548	1881.59	2381
Iteration: 122	1468	1566	1887.55	2308
Iteration: 123	1468	1487	1902.77	2474
Iteration: 124	1468	1595	1954.65	2484
Iteration: 125	1468	1555	1875.6	2531
Iteration: 126	1468	1604	1899.25	2705
Iteration: 127	1468	1569	1901.28	2630
Iteration: 128	1468	1583	1873.41	2282
Iteration: 129	1468	1576	1874.57	2355
Iteration: 130	1468	1510	1923.17	2470
Iteration: 131	1468	1623	1888.41	2351
Iteration: 132	1468	1589	1903.37	2461
Iteration: 133	1468	1595	1902.36	2313
Iteration: 134	1468	1565	1912.16	2411
Iteration: 135	1468	1639	1930.44	2584
Iteration: 136	1468	1558	1909.49	2429
Iteration: 137	1468	1528	1918.76	2544
Iteration: 138	1468	1594	1884.93	2379
Iteration: 139	1468	1642	1936.09	2507
Iteration: 140	1468	1626	1901.97	2377
Iteration: 141	1468	1584	1929.65	2522
Iteration: 142	1468	1558	1869.17	2283
Iteration: 143	1468	1641	1950.68	2688
Iteration: 144	1468	1579	1888.71	2432
Iteration: 145	1468	1631	1893.16	2347
Iteration: 146	1468	1602	1885.16	2369
Iteration: 147	1468	1564	1898.68	2392
Iteration: 148	1468	1550	1898.72	2388
Iteration: 149	1468	1510	1897.49	2472
Iteration: 150	1468	1551	1886.55	2563
Iteration: 151	1468	1611	1925.25	2521
Iteration: 152	1468	1551	1888.8	2471
Iteration: 153	1468	1595	1879.44	2288
Iteration: 154	1468	1594	1855.03	2447
Iteration: 155	1468	1539	1906.64	2425
Iteration: 156	1468	1590	1941.29	2552
Iteration: 157	1468	1559	1869.68	2529
Iteration: 158	1468	1579	1912.49	2409
Iteration: 159	1468	1557	1893.01	2251
Iteration: 160	1468	1586	1930.59	2472
Iteration: 161	1468	1513	1849.61	2358
Iteration: 162	1468	1604	1867.65	2650
Iteration: 163	1468	1592	1857.55	2191
Iteration: 164	1468	1623	1923.45	2438
Iteration: 165	1468	1635	1887.63	2554
Iteration: 166	1468	1611	1924.69	2586
Iteration: 167	1468	1594	1870.93	2179
Iteration: 168	1468	1638	1914.45	2515
Iteration: 169	1468	1621	1892.09	2656
Iteration: 170	1468	1586	1900.81	2395
Iteration: 171	1468	1554	1904.63	2448
Iteration: 172	1468	1626	1909.01	2428
Iteration: 173	1468	1635	1947.76	2466
Iteration: 174	1468	1615	1906.8	2410
Iteration: 175	1468	1570	1881.13	2997
Iteration: 176	1468	1530	1908.23	2485
Iteration: 177	1468	1545	1905.71	2572
Iteration: 178	1468	1548	1871.15	2575
Iteration: 179	1468	1617	1882.17	2381
Iteration: 180	1468	1581	1892.36	2409
Iteration: 181	1468	1599	1923.07	2389
Iteration: 182	1468	1569	1945	2565
Iteration: 183	1468	1685	1940.19	2598
Iteration: 184	1468	1513	1886.47	2531
Iteration: 185	1468	1607	1911.83	2468
Iteration: 186	1468	1597	1916.24	2282
Iteration: 187	1468	1625	1908.76	2264
Iteration: 188	1468	1575	1865.04	2493
Iteration: 189	1468	1611	1900.71	2532
Iteration: 190	1468	1513	1913.09	2392
Iteration: 191	1468	1538	1893	2602
Iteration: 192	1468	1635	1887.55	2307
Iteration: 193	1468	1533	1935.73	2705
Iteration: 194	1468	1548	1884.89	2329
Iteration: 195	1468	1513	1941.73	2444
Iteration: 196	1450	1450	1852.27	2295
Iteration: 197	1450	1580	1877.61	2478
Iteration: 198	1450	1515	1894.27	2442
Iteration: 199	1450	1557	1933.12	2445
Iteration: 200	1450	1534	1924.35	2714
Iteration: 201	1450	1580	1878.95	2289
Iteration: 202	1450	1509	1889.68	2246
Iteration: 203	1450	1617	1918.27	2451
Iteration: 204	1450	1460	1893.85	2564
Iteration: 205	1450	1509	1885.84	2476
Iteration: 206	1450	1594	1915.81	2372
Iteration: 207	1450	1523	1926.77	2495
Iteration: 208	1450	1515	1882.73	2363
Iteration: 209	1450	1608	1956.52	2498
Iteration: 210	1450	1548	1884.05	2340
Iteration: 211	1450	1616	1921.03	2437
Iteration: 212	1450	1603	1963.73	2674
Iteration: 213	1450	1585	1890.71	2464
Iteration: 214	1450	1586	1879.96	2233
Iteration: 215	1450	1560	1908.69	2399
Iteration: 216	1450	1600	1924.57	2413
Iteration: 217	1450	1544	1885.92	2292
Iteration: 218	1450	1521	1892.93	2409
Iteration: 219	1450	1543	1857.57	2309
Iteration: 220	1450	1559	1898.25	2365
Iteration: 221	1450	1600	1936.31	2552
Iteration: 222	1450	1558	1873.23	2408
Iteration: 223	1450	1586	1922.33	2595
Iteration: 224	1450	1522	1894.57	2454
Iteration: 225	1450	1504	1907.01	2566
Iteration: 226	1450	1548	1877.65	2329
Iteration: 227	1450	1552	1905.76	2655
Iteration: 228	1450	1627	1902.81	2326
Iteration: 229	1450	1596	1914.76	2779
Iteration: 230	1450	1566	1917.39	2447
Iteration: 231	1450	1541	1876.71	2470
Iteration: 232	1450	1465	1905.87	2821
Iteration: 233	1450	1529	1877.41	2482
Iteration: 234	1450	1531	1916.39	2658
Iteration: 235	1450	1620	1917.73	2857
Iteration: 236	1450	1601	1914.71	2377
Iteration: 237	1450	1580	1875.84	2469
Iteration: 238	1450	1585	1938.07	2538
Iteration: 239	1450	1553	1901.97	2663
Iteration: 240	1450	1607	1901.41	2370
Iteration: 241	1450	1568	1901.56	2338
Iteration: 242	1450	1592	1917.33	2365
Iteration: 243	1450	1593	1884.69	2436
Iteration: 244	1450	1619	1884.36	2613
Iteration: 245	1450	1559	1899.51	2441
Iteration: 246	1450	1601	1901.23	2325
Iteration: 247	1450	1568	1904.05	2615
Iteration: 248	1450	1509	1906.73	3010
Iteration: 249	1450	1500	1902.43	2563
Iteration: 250	1450	1572	1910.24	2513
Iteration: 251	1450	1560	1879.71	2314
Iteration: 252	1450	1589	1909.17	2359
Iteration: 253	1450	1605	1900.21	2384
Iteration: 254	1450	1605	1895.92	2556
Iteration: 255	1450	1572	1883	2465
Iteration: 256	1450	1521	1895.73	2703
Iteration: 257	1438	1438	1859.88	2261
Iteration: 258	1438	1536	1911.25	2441
Iteration: 259	1438	1552	1911.88	2427
Iteration: 260	1438	1617	1885.23	2343
Iteration: 261	1438	1534	1885.93	2442
Iteration: 262	1438	1689	1908.15	2393
Iteration: 263	1438	1594	1884.21	2590
Iteration: 264	1438	1575	1923.75	2692
Iteration: 265	1438	1544	1910.59	2684
Iteration: 266	1438	1588	1901.85	2394
Iteration: 267	1438	1576	1935.87	2599
Iteration: 268	1438	1549	1944.48	2434
Iteration: 269	1438	1619	1900.11	2472
Iteration: 270	1438	1593	1889.84	2392
Iteration: 271	1438	1545	1900.04	2427
Iteration: 272	1438	1564	1901.48	2357
Iteration: 273	1438	1641	1910.4	2314
Iteration: 274	1438	1502	1920.95	2588
Iteration: 275	1438	1503	1877.27	2463
Iteration: 276	1438	1596	1926.17	2562
Iteration: 277	1438	1580	1938.79	2845
Iteration: 278	1438	1633	1876.8	2395
Iteration: 279	1438	1584	1872.2	2356
Iteration: 280	1438	1627	1895.39	2507
Iteration: 281	1438	1566	1904.97	2317
Iteration: 282	1438	1594	1877.43	2324
Iteration: 283	1438	1573	1901.97	2442
Iteration: 284	1438	1558	1916.52	2635
Iteration: 285	1438	1556	1910.45	2511
Iteration: 286	1438	1531	1899.51	2482
Iteration: 287	1438	1547	1872.15	2378
Iteration: 288	1438	1644	1887.71	2269
Iteration: 289	1438	1583	1904.35	2685
Iteration: 290	1438	1624	1912.96	2477
Iteration: 291	1438	1572	1886.32	2442
Iteration: 292	1438	1534	1887.99	2285
Iteration: 293	1438	1636	1900.83	2233
Iteration: 294	1438	1612	1931.77	2515
Iteration: 295	1438	1561	1856.01	2221
Iteration: 296	1438	1519	1913.12	2476
Iteration: 297	1438	1568	1901.21	2418
Iteration: 298	1438	1559	1889.72	2489
Iteration: 299	1438	1619	1927	2572
Iteration: 300	1438	1576	1892.4	2350
Iteration: 301	1438	1562	1923.33	2617
Iteration: 302	1438	1560	1881.63	2309
Iteration: 303	1438	1513	1898.85	2340
Iteration: 304	1438	1581	1922.6	2308
Iteration: 305	1438	1565	1922.45	2705
Iteration: 306	1438	1635	1939.32	2776
Iteration: 307	1438	1559	1892.13	2500
Iteration: 308	1438	1537	1900.92	2903
Iteration: 309	1438	1592	1899.71	2394
Iteration: 310	1438	1604	1910.55	2382
Iteration: 311	1438	1588	1880.69	2375
Iteration: 312	1438	1609	1910.21	2360
Iteration: 313	1438	1543	1874.88	2415
Iteration: 314	1438	1556	1878.81	2373
Iteration: 315	1438	1608	1938.59	2435
Iteration: 316	1438	1564	1919.44	2417
Iteration: 317	1438	1555	1884.69	2444
Iteration: 318	1438	1613	1925.71	2481
Iteration: 319	1438	1644	1879.8	2252
Iteration: 320	1438	1575	1901.99	2533
Iteration: 321	1438	1528	1890	2290
Iteration: 322	1438	1542	1886.17	2439
Iteration: 323	1438	1551	1928.01	2428
Iteration: 324	1438	1607	1905.15	2481
Iteration: 325	1438	1521	1884.83	2268
Iteration: 326	1438	1556	1884.55	2406
Iteration: 327	1438	1549	1906.24	2459
Iteration: 328	1438	1510	1884.17	2367
Iteration: 329	1438	1598	1874.17	2508
Iteration: 330	1438	1551	1886.08	2350
Iteration: 331	1438	1597	1891.35	2482
Iteration: 332	1438	1577	1935.91	2652
Iteration: 333	1438	1584	1890.99	2215
Iteration: 334	1438	1556	1906.95	2415
Iteration: 335	1438	1591	1892.2	2317
Iteration: 336	1438	1588	1894.77	2379
Iteration: 337	1438	1567	1899.76	2525
Iteration: 338	1438	1628	1886.69	2615
Iteration: 339	1438	1603	1879.13	2403
Iteration: 340	1438	1546	1920.52	2526
Iteration: 341	1438	1592	1903.51	2469
Iteration: 342	1438	1571	1903.51	2513
Iteration: 343	1438	1628	1916.61	2424
Iteration: 344	1438	1521	1906.76	2443
Iteration: 345	1438	1586	1871.99	2356
Iteration: 346	1438	1544	1904.56	2690
Iteration: 347	1438	1632	1901.81	2429
Iteration: 348	1438	1530	1909.31	2744
Iteration: 349	1438	1566	1884.45	2391
Iteration: 350	1438	1582	1878.63	2448
Iteration: 351	1438	1590	1846.83	2197
Iteration: 352	1438	1544	1894.25	2351
Iteration: 353	1438	1523	1918.49	2455
Iteration: 354	1438	1593	1872.19	2307
Iteration: 355	1438	1589	1914.6	2768
Iteration: 356	1438	1619	1932.27	2622
Iteration: 357	1438	1599	1875.07	2454
Iteration: 358	1438	1567	1894.45	2682
Iteration: 359	1438	1598	1933.16	2404
Iteration: 360	1438	1589	1929.92	2525
Iteration: 361	1438	1539	1887.07	2274
Iteration: 362	1438	1603	1888.69	2391
Iteration: 363	1438	1586	1910.05	2420
Iteration: 364	1438	1628	1912.76	2727
Iteration: 365	1438	1557	1896.03	2359
Iteration: 366	1438	1598	1907.11	2495
Iteration: 367	1438	1571	1891.92	2413
Iteration: 368	1438	1549	1895.88	2514
Iteration: 369	1438	1537	1885.79	2313
Iteration: 370	1438	1598	1868.21	2534
Iteration: 371	1438	1610	1866.57	2415
Iteration: 372	1438	1612	1901.11	2658
Iteration: 373	1438	1576	1869.64	2159
Iteration: 374	1438	1590	1889.08	2392
Iteration: 375	1438	1487	1922.89	2302
Iteration: 376	1438	1595	1893.72	2304
Iteration: 377	1438	1556	1892.96	2806
Iteration: 378	1438	1575	1881.97	2735
Iteration: 379	1438	1548	1884.51	2616
Iteration: 380	1438	1627	1911.6	2356
Iteration: 381	1438	1527	1867.51	2309
Iteration: 382	1438	1572	1881.96	2373
Iteration: 383	1438	1564	1893.6	2440
Iteration: 384	1438	1533	1868.05	2391
Iteration: 385	1438	1601	1916.68	2404
Iteration: 386	1438	1546	1893.85	2530
Iteration: 387	1438	1494	1915.96	2464
Iteration: 388	1438	1594	1922.11	2662
Iteration: 389	1438	1552	1898.53	2476
Iteration: 390	1438	1511	1900.53	2325
Iteration: 391	1438	1482	1892.31	2493
Iteration: 392	1438	1598	1879.27	2373
Iteration: 393	1438	1534	1888.17	2396
Iteration: 394	1438	1550	1865.44	2406
Iteration: 395	1438	1532	1897.13	2505
Iteration: 396	1438	1615	1922.24	2714
Iteration: 397	1438	1653	1927.28	2453
Iteration: 398	1438	1600	1905.25	2331
Iteration: 399	1438	1502	1906.49	2381
Iteration: 400	1438	1562	1881.92	2660
Iteration: 401	1438	1582	1900.09	2260
Iteration: 402	1438	1550	1866.51	2276
Iteration: 403	1438	1617	1886.83	2485
Iteration: 404	1438	1536	1925.52	2517
Iteration: 405	1438	1643	1879.56	2571
Iteration: 406	1438	1529	1902.31	2401
Iteration: 407	1438	1595	1888.4	2216
Iteration: 408	1438	1538	1890.95	2535
Iteration: 409	1438	1584	1900.59	2562
Iteration: 410	1438	1485	1922.85	2374
Iteration: 411	1438	1591	1887.91	2438
Iteration: 412	1438	1533	1874.61	2252
Iteration: 413	1438	1606	1875.53	2334
Iteration: 414	1438	1540	1883.99	2400
Iteration: 415	1438	1530	1924.33	2782
Iteration: 416	1438	1676	1882.75	2341
Iteration: 417	1438	1541	1896.29	2589
Iteration: 418	1438	1570	1920.28	2466
Iteration: 419	1438	1609	1910.52	2827
Iteration: 420	1438	1598	1936.04	2365
Iteration: 421	1438	1617	1944.73	2513
Iteration: 422	1438	1581	1925.71	2600
Iteration: 423	1438	1565	1901.48	2362
Iteration: 424	1438	1625	1916.8	2396
Iteration: 425	1438	1543	1887.47	2250
Iteration: 426	1438	1537	1886.84	2398
Iteration: 427	1438	1513	1875.04	2305
Iteration: 428	1438	1536	1897.23	2351
Iteration: 429	1438	1571	1946.87	2447
Iteration: 430	1438	1562	1911.93	2500
Iteration: 431	1438	1554	1884.25	2523
Iteration: 432	1438	1631	1919.97	2469
Iteration: 433	1438	1556	1912.35	2670
Iteration: 434	1438	1523	1897.27	2616
Iteration: 435	1438	1553	1903.28	2435
Iteration: 436	1438	1549	1912.08	2513
Iteration: 437	1438	1583	1870.67	2245
Iteration: 438	1438	1472	1894.56	2645
Iteration: 439	1438	1521	1912.77	2477
Iteration: 440	1438	1576	1887.96	2352
Iteration: 441	1438	1577	1920.69	2712
Iteration: 442	1438	1595	1850.2	2375
Iteration: 443	1438	1563	1915.16	2802
Iteration: 444	1438	1593	1892.08	2338
Iteration: 445	1438	1548	1939.32	2821
Iteration: 446	1438	1615	1897.72	2352
Iteration: 447	1438	1623	1933.13	2407
Iteration: 448	1438	1563	1876.73	2282
Iteration: 449	1438	1573	1922.77	2339
Iteration: 450	1438	1516	1896.51	2593
Iteration: 451	1438	1604	1917.61	2461
Iteration: 452	1438	1598	1894.39	2532
Iteration: 453	1438	1489	1923.16	2491
Iteration: 454	1438	1612	1884.07	2376
Iteration: 455	1438	1625	1877.07	2372
Iteration: 456	1438	1633	1904.99	2515
Iteration: 457	1438	1621	1919.05	2766
Iteration: 458	1438	1504	1863.97	2562
Iteration: 459	1438	1578	1863.77	2439
Iteration: 460	1438	1631	1948.13	2655
Iteration: 461	1438	1596	1952.51	2755
Iteration: 462	1438	1608	1881.19	2302
Iteration: 463	1438	1490	1899.64	2498
Iteration: 464	1438	1590	1892.2	2326
Iteration: 465	1438	1652	1914.81	2428
Iteration: 466	1438	1526	1881.03	2283
Iteration: 467	1438	1617	1871.56	2557
Iteration: 468	1438	1660	1935.04	2379
Iteration: 469	1438	1612	1908.13	2418
Iteration: 470	1438	1581	1891.85	2297
Iteration: 471	1438	1633	1911.4	2479
Iteration: 472	1438	1565	1904.73	2417
Iteration: 473	1438	1608	1905.84	2730
Iteration: 474	1438	1566	1899.37	2548
Iteration: 475	1438	1564	1879.44	2525
Iteration: 476	1438	1577	1910.56	2236
Iteration: 477	1438	1584	1915.92	2526
Iteration: 478	1438	1563	1907.59	2367
Iteration: 479	1438	1597	1852.81	2311
Iteration: 480	1438	1575	1923.55	2326
Iteration: 481	1438	1534	1910.56	2563
Iteration: 482	1438	1596	1910.41	2864
Iteration: 483	1438	1512	1924.53	2513
Iteration: 484	1438	1584	1937.17	2526
Iteration: 485	1438	1579	1892.48	2509
Iteration: 486	1438	1606	1914.03	2661
Iteration: 487	1438	1555	1883.15	2572
Iteration: 488	1438	1535	1906.37	2559
Iteration: 489	1438	1581	1914.51	2344
Iteration: 490	1438	1549	1907.17	2312
Iteration: 491	1438	1596	1911.57	2502
Iteration: 492	1438	1617	1884.96	2433
Iteration: 493	1438	1587	1922.32	2663
Iteration: 494	1438	1542	1880.4	2478
Iteration: 495	1438	1573	1864.36	2320
Iteration: 496	1438	1574	1894.53	2356
Iteration: 497	1438	1566	1878.45	2278
Iteration: 498	1438	1523	1904.93	2543
Iteration: 499	1438	1612	1868.96	2438
