Iteration: 0	1627	1627	1920.52	2323
Iteration: 1	1581	1581	1889.21	2311
Iteration: 2	1421	1421	1869.65	2283
Iteration: 3	1421	1561	1874.84	2427
Iteration: 4	1421	1558	1865.11	2471
Iteration: 5	1421	1533	1909.05	2481
Iteration: 6	1421	1568	1924.6	2378
Iteration: 7	1421	1539	1836.36	2292
Iteration: 8	1421	1608	1894.07	2286
Iteration: 9	1421	1535	1907.52	2363
Iteration: 10	1421	1541	1897.43	2570
Iteration: 11	1421	1566	1912.52	2626
Iteration: 12	1421	1585	1883.92	2537
Iteration: 13	1421	1551	1904.93	2401
Iteration: 14	1421	1649	1940.91	2420
Iteration: 15	1421	1539	1901.87	2611
Iteration: 16	1421	1569	1969.67	2637
Iteration: 17	1421	1656	1923.96	2490
Iteration: 18	1421	1527	1852.73	2285
Iteration: 19	1421	1675	1934.95	2434
Iteration: 20	1421	1581	1910.08	2756
Iteration: 21	1421	1535	1891.68	2328
Iteration: 22	1421	1564	1935.93	2835
Iteration: 23	1421	1592	1904.47	2350
Iteration: 24	1421	1526	1919.32	2532
Iteration: 25	1421	1549	1900.67	2344
Iteration: 26	1421	1588	1928.56	2546
Iteration: 27	1421	1662	1933.24	2339
Iteration: 28	1421	1530	1890.83	2545
Iteration: 29	1421	1532	1866.55	2596
Iteration: 30	1421	1492	1873.89	2264
Iteration: 31	1421	1570	1855.09	2390
Iteration: 32	1421	1575	1881.84	2365
Iteration: 33	1421	1588	1896.95	2728
Iteration: 34	1421	1549	1906.93	2463
Iteration: 35	1421	1624	1876.47	2394
Iteration: 36	1421	1547	1894.2	2495
Iteration: 37	1421	1520	1901	2863
Iteration: 38	1421	1635	1912.99	2599
Iteration: 39	1421	1512	1861.71	2465
Iteration: 40	1421	1603	1909.37	2525
Iteration: 41	1421	1555	1880.31	2236
Iteration: 42	1421	1594	1910.93	2539
Iteration: 43	1421	1558	1890.55	2405
Iteration: 44	1421	1553	1901.32	2441
Iteration: 45	1421	1635	1906.28	2459
Iteration: 46	1421	1589	1892.67	2654
Iteration: 47	1421	1584	1911.63	2214
Iteration: 48	1421	1622	1930.24	2396
Iteration: 49	1421	1638	1899.39	2395
