Iteration: 0	1558	1558	1943.31	2478
Iteration: 1	1534	1534	1878.37	2505
Iteration: 2	1534	1611	1880.67	2434
Iteration: 3	1534	1665	1907.53	2385
Iteration: 4	1534	1612	1920.07	2335
Iteration: 5	1534	1581	1884.76	2412
Iteration: 6	1534	1554	1899.12	2280
Iteration: 7	1534	1584	1896.31	2435
Iteration: 8	1534	1603	1886.96	2312
Iteration: 9	1534	1634	1904.67	2527
Iteration: 10	1534	1572	1850.27	2255
Iteration: 11	1534	1593	1904.6	2334
Iteration: 12	1534	1586	1920.04	2590
Iteration: 13	1534	1542	1894	2455
Iteration: 14	1534	1549	1926.28	2432
Iteration: 15	1534	1554	1904.07	2523
Iteration: 16	1534	1547	1876.11	2318
Iteration: 17	1534	1575	1862.67	2281
Iteration: 18	1534	1549	1911	2454
Iteration: 19	1534	1621	1893.71	2400
Iteration: 20	1534	1636	1890.41	2379
Iteration: 21	1526	1526	1921.19	2354
Iteration: 22	1526	1574	1877.24	2517
Iteration: 23	1526	1586	1898.47	2311
Iteration: 24	1526	1596	1858.69	2534
Iteration: 25	1516	1516	1921.63	2336
Iteration: 26	1516	1594	1907.51	2448
Iteration: 27	1516	1591	1884.13	2580
Iteration: 28	1516	1617	1896.13	2410
Iteration: 29	1515	1515	1878.48	2361
Iteration: 30	1515	1541	1877.77	2255
Iteration: 31	1515	1568	1891.95	2474
Iteration: 32	1515	1556	1901.64	2521
Iteration: 33	1515	1573	1890.93	2324
Iteration: 34	1515	1525	1896.03	2408
Iteration: 35	1515	1544	1945.21	2548
Iteration: 36	1515	1548	1879.84	2293
Iteration: 37	1515	1544	1902.53	2256
Iteration: 38	1515	1560	1935.4	2944
Iteration: 39	1515	1597	1913.21	2467
Iteration: 40	1515	1571	1918.45	2606
Iteration: 41	1515	1564	1903.33	2354
Iteration: 42	1515	1604	1899.39	2365
Iteration: 43	1515	1567	1887.89	2329
Iteration: 44	1515	1611	1907.73	2258
Iteration: 45	1515	1622	1909.2	2403
Iteration: 46	1515	1608	1884.97	2282
Iteration: 47	1515	1576	1876.96	2294
Iteration: 48	1515	1589	1914.27	2438
Iteration: 49	1515	1614	1913.51	2314
Iteration: 50	1484	1484	1903.28	2620
Iteration: 51	1484	1628	1880.36	2327
Iteration: 52	1484	1595	1894.64	2474
Iteration: 53	1484	1627	1906.52	2792
Iteration: 54	1484	1537	1897.77	2292
Iteration: 55	1484	1561	1891.53	2303
Iteration: 56	1484	1591	1905.12	2472
Iteration: 57	1484	1497	1902.08	2378
Iteration: 58	1484	1588	1930.76	2489
Iteration: 59	1484	1566	1919.95	2453
Iteration: 60	1484	1565	1884.15	2416
Iteration: 61	1484	1544	1885.07	2375
Iteration: 62	1484	1599	1920.75	2600
Iteration: 63	1484	1628	1925.19	2393
Iteration: 64	1484	1593	1897.07	2498
Iteration: 65	1484	1613	1888.45	2528
Iteration: 66	1484	1540	1886.69	2726
Iteration: 67	1484	1529	1903.53	2435
Iteration: 68	1484	1616	1901.28	2528
Iteration: 69	1484	1575	1877.59	2535
Iteration: 70	1484	1504	1881.63	2553
Iteration: 71	1484	1603	1898.79	2329
Iteration: 72	1484	1570	1928.89	2480
Iteration: 73	1484	1576	1918.27	2446
Iteration: 74	1484	1572	1909.23	2495
Iteration: 75	1484	1637	1914.13	2452
Iteration: 76	1484	1592	1895.03	2336
Iteration: 77	1484	1576	1885.59	2552
Iteration: 78	1484	1539	1873.76	2341
Iteration: 79	1484	1554	1920.61	2631
Iteration: 80	1484	1541	1866.77	2241
Iteration: 81	1484	1563	1865.4	2334
Iteration: 82	1484	1609	1908.24	2380
Iteration: 83	1484	1639	1879.6	2288
Iteration: 84	1484	1574	1875.51	2372
Iteration: 85	1484	1609	1886.99	2454
Iteration: 86	1484	1582	1909.04	2407
Iteration: 87	1484	1571	1917.65	2498
Iteration: 88	1484	1566	1885.92	2670
Iteration: 89	1484	1491	1906.35	2479
Iteration: 90	1484	1622	1911	2441
Iteration: 91	1484	1610	1935.97	2643
Iteration: 92	1484	1536	1865.43	2587
Iteration: 93	1484	1606	1894.65	2542
Iteration: 94	1484	1508	1889.95	2497
Iteration: 95	1484	1591	1885.76	2674
Iteration: 96	1484	1575	1906.63	2520
Iteration: 97	1484	1612	1883.91	2427
Iteration: 98	1484	1600	1921.87	2346
Iteration: 99	1484	1548	1886.39	2418
Iteration: 100	1484	1609	1902.03	2309
Iteration: 101	1484	1565	1912.95	2348
Iteration: 102	1484	1515	1887.93	2253
Iteration: 103	1484	1611	1894.19	2542
Iteration: 104	1484	1528	1908.56	2378
Iteration: 105	1484	1595	1868.65	2441
Iteration: 106	1484	1586	1887.21	2554
Iteration: 107	1484	1623	1913.45	2464
Iteration: 108	1484	1502	1900.79	2569
Iteration: 109	1476	1476	1900.96	2483
Iteration: 110	1476	1591	1894.76	2336
Iteration: 111	1476	1574	1888.67	2455
Iteration: 112	1476	1573	1887.36	2339
Iteration: 113	1441	1441	1894.19	2384
Iteration: 114	1441	1519	1896.85	2340
Iteration: 115	1441	1507	1880.23	2377
Iteration: 116	1441	1516	1868.01	2296
Iteration: 117	1441	1585	1886.77	2503
Iteration: 118	1441	1585	1888.03	2499
Iteration: 119	1441	1600	1891.65	2345
Iteration: 120	1441	1561	1898.75	2389
Iteration: 121	1441	1604	1909.17	2482
Iteration: 122	1441	1589	1871.76	2276
Iteration: 123	1441	1626	1923.84	2411
Iteration: 124	1441	1578	1925.13	2345
Iteration: 125	1441	1567	1912.11	2500
Iteration: 126	1441	1523	1865.2	2353
Iteration: 127	1441	1540	1891.43	2487
Iteration: 128	1441	1579	1878.31	2347
Iteration: 129	1441	1599	1870.65	2245
Iteration: 130	1441	1552	1890.32	2546
Iteration: 131	1441	1581	1870.31	2436
Iteration: 132	1441	1654	1923.36	2398
Iteration: 133	1441	1517	1915.37	2767
Iteration: 134	1441	1523	1947.11	2490
Iteration: 135	1441	1621	1897.76	2382
Iteration: 136	1441	1536	1893.93	2616
Iteration: 137	1441	1567	1870.2	2440
Iteration: 138	1441	1577	1876.36	2345
Iteration: 139	1441	1556	1901.71	2485
Iteration: 140	1441	1613	1887.08	2891
Iteration: 141	1441	1569	1860.29	2190
Iteration: 142	1441	1563	1897.71	2599
Iteration: 143	1441	1620	1909.71	2430
Iteration: 144	1441	1599	1885.61	2449
Iteration: 145	1441	1621	1916.65	2286
Iteration: 146	1441	1498	1889.52	2322
Iteration: 147	1441	1604	1912.65	2676
Iteration: 148	1441	1584	1928.52	2524
Iteration: 149	1441	1565	1875.84	2402
Iteration: 150	1441	1535	1872.05	2306
Iteration: 151	1441	1593	1935.15	2768
Iteration: 152	1441	1501	1874.89	2361
Iteration: 153	1441	1558	1876.91	2624
Iteration: 154	1441	1619	1903.39	2576
Iteration: 155	1441	1523	1903.07	2425
Iteration: 156	1441	1598	1849.56	2429
Iteration: 157	1441	1525	1907.8	2803
Iteration: 158	1441	1508	1902.53	2444
Iteration: 159	1441	1595	1869.09	2789
Iteration: 160	1441	1526	1920.68	2384
Iteration: 161	1441	1571	1906.73	2399
Iteration: 162	1441	1629	1936.65	2848
Iteration: 163	1441	1609	1969.47	2672
Iteration: 164	1441	1552	1858.24	2244
Iteration: 165	1441	1598	1904.55	2561
Iteration: 166	1441	1567	1923.72	2601
Iteration: 167	1441	1568	1890.17	2441
Iteration: 168	1441	1601	1899.71	2513
Iteration: 169	1441	1605	1897.23	2445
Iteration: 170	1441	1532	1915.52	2281
Iteration: 171	1441	1559	1905.29	2504
Iteration: 172	1441	1571	1939.43	2384
Iteration: 173	1441	1584	1884.57	2762
Iteration: 174	1441	1576	1872.2	2720
Iteration: 175	1441	1593	1907.09	2540
Iteration: 176	1441	1629	1901.72	2529
Iteration: 177	1441	1566	1904.16	2521
Iteration: 178	1441	1619	1884.37	2405
Iteration: 179	1441	1612	1914.32	2359
Iteration: 180	1441	1611	1865.43	2274
Iteration: 181	1441	1575	1923.88	2517
Iteration: 182	1441	1588	1875.97	2274
Iteration: 183	1441	1614	1919.56	2288
Iteration: 184	1441	1565	1903.69	2357
Iteration: 185	1441	1561	1912.52	2777
Iteration: 186	1441	1534	1896.53	2411
Iteration: 187	1441	1615	1871.77	2187
Iteration: 188	1441	1546	1885.88	2384
Iteration: 189	1441	1581	1876.88	2306
Iteration: 190	1441	1587	1912.6	2415
Iteration: 191	1441	1560	1891.03	2373
Iteration: 192	1441	1633	1924.64	2506
Iteration: 193	1441	1538	1940.99	2536
Iteration: 194	1441	1590	1880	2548
Iteration: 195	1441	1574	1856.57	2178
Iteration: 196	1441	1579	1903.52	2262
Iteration: 197	1441	1564	1882.72	2217
Iteration: 198	1441	1570	1909.67	2390
Iteration: 199	1441	1558	1891.24	2655
Iteration: 200	1441	1570	1909.71	2455
Iteration: 201	1441	1597	1916.09	2711
Iteration: 202	1441	1494	1901.51	2419
Iteration: 203	1441	1579	1877.75	3050
Iteration: 204	1441	1545	1896.05	2400
Iteration: 205	1441	1509	1929.31	2462
Iteration: 206	1441	1458	1917.69	2494
Iteration: 207	1441	1579	1900.84	2487
Iteration: 208	1441	1561	1911.4	2904
Iteration: 209	1441	1565	1910.87	2914
Iteration: 210	1441	1548	1912.77	2552
Iteration: 211	1441	1515	1913.05	2314
Iteration: 212	1441	1543	1885.63	2351
Iteration: 213	1441	1515	1901.93	2638
Iteration: 214	1441	1565	1926.44	2796
Iteration: 215	1441	1565	1894.77	2274
Iteration: 216	1441	1606	1942.99	2423
Iteration: 217	1441	1562	1861.85	2385
Iteration: 218	1441	1524	1923.47	2518
Iteration: 219	1441	1630	1903.53	2489
Iteration: 220	1441	1568	1911.51	2488
Iteration: 221	1441	1566	1901.36	2698
Iteration: 222	1441	1491	1900.84	2493
Iteration: 223	1441	1619	1913.51	2443
Iteration: 224	1441	1630	1927.52	2475
Iteration: 225	1441	1552	1866.67	2568
Iteration: 226	1441	1542	1916.76	2610
Iteration: 227	1441	1502	1882.08	2233
Iteration: 228	1441	1570	1899.07	2387
Iteration: 229	1441	1530	1902.32	2669
Iteration: 230	1441	1579	1908.63	2630
Iteration: 231	1441	1553	1870.45	2298
Iteration: 232	1441	1636	1893.2	2375
Iteration: 233	1441	1588	1895.48	2597
Iteration: 234	1441	1619	1917.43	2490
Iteration: 235	1441	1576	1876.96	2577
Iteration: 236	1441	1626	1909.08	2346
Iteration: 237	1441	1558	1891.92	2365
Iteration: 238	1441	1517	1877.27	2368
Iteration: 239	1441	1584	1924.87	2555
Iteration: 240	1441	1617	1956.56	2539
Iteration: 241	1441	1569	1912.95	2475
Iteration: 242	1441	1572	1918.15	2384
Iteration: 243	1441	1556	1850.77	2293
Iteration: 244	1441	1545	1897.8	2359
Iteration: 245	1441	1441	1868.15	2355
Iteration: 246	1441	1548	1912.36	2390
Iteration: 247	1441	1493	1866.24	2349
Iteration: 248	1441	1554	1950.88	2688
Iteration: 249	1441	1545	1893.72	2578
Iteration: 250	1441	1560	1881.69	2363
Iteration: 251	1441	1534	1889.48	2359
Iteration: 252	1441	1486	1898.4	2573
Iteration: 253	1441	1602	1902.08	2585
Iteration: 254	1441	1528	1897.76	2299
Iteration: 255	1441	1536	1901.51	2714
Iteration: 256	1441	1606	1865.67	2370
Iteration: 257	1441	1628	1923.81	2681
Iteration: 258	1441	1617	1895.63	2447
Iteration: 259	1441	1584	1911.08	2477
Iteration: 260	1441	1596	1902.25	3001
Iteration: 261	1441	1602	1888.65	2280
Iteration: 262	1441	1544	1914.23	2328
Iteration: 263	1441	1555	1904.65	2407
Iteration: 264	1441	1595	1900.43	2508
Iteration: 265	1441	1561	1864.39	2357
Iteration: 266	1441	1542	1911.61	2346
Iteration: 267	1441	1590	1885.45	2715
Iteration: 268	1441	1578	1889.85	2402
Iteration: 269	1441	1572	1937.83	2694
Iteration: 270	1441	1550	1893.08	2437
Iteration: 271	1441	1541	1894.89	2705
Iteration: 272	1441	1566	1881.07	2746
Iteration: 273	1441	1553	1896.68	2618
Iteration: 274	1441	1508	1892.05	2441
Iteration: 275	1441	1479	1881.71	2291
Iteration: 276	1441	1609	1890.37	2524
Iteration: 277	1441	1488	1910.44	2498
Iteration: 278	1441	1612	1855.01	2499
Iteration: 279	1441	1604	1877.97	2274
Iteration: 280	1441	1595	1918.79	2478
Iteration: 281	1441	1501	1898.97	2731
Iteration: 282	1441	1609	1888.23	2300
Iteration: 283	1441	1616	1881.53	2421
Iteration: 284	1441	1615	1920.6	2598
Iteration: 285	1441	1545	1899.45	2698
Iteration: 286	1441	1556	1888.81	2649
Iteration: 287	1441	1584	1873.91	2511
Iteration: 288	1441	1582	1893.45	2579
Iteration: 289	1441	1610	1925.43	2465
Iteration: 290	1441	1552	1919.17	2604
Iteration: 291	1441	1553	1897.37	2503
Iteration: 292	1441	1577	1916.52	2551
Iteration: 293	1441	1549	1894.83	2472
Iteration: 294	1441	1520	1931.67	2617
Iteration: 295	1441	1581	1870.31	2638
Iteration: 296	1441	1636	1921.08	2562
Iteration: 297	1441	1592	1909.95	2485
Iteration: 298	1441	1611	1920.93	2459
Iteration: 299	1441	1589	1894.05	2308
Iteration: 300	1441	1583	1890.93	2335
Iteration: 301	1441	1555	1874.32	2425
Iteration: 302	1441	1571	1897.31	2440
Iteration: 303	1441	1538	1874.83	2339
Iteration: 304	1441	1544	1858.19	2394
Iteration: 305	1441	1571	1870.55	2449
Iteration: 306	1441	1559	1876.93	2415
Iteration: 307	1441	1578	1892.48	2590
Iteration: 308	1441	1592	1885.16	2534
Iteration: 309	1441	1579	1878.08	2431
Iteration: 310	1441	1525	1910.35	2446
Iteration: 311	1441	1587	1892.65	2448
Iteration: 312	1441	1622	1926.6	2383
Iteration: 313	1441	1570	1880.16	2342
Iteration: 314	1441	1612	1879.91	2270
Iteration: 315	1441	1548	1876.92	2643
Iteration: 316	1441	1552	1929.91	2590
Iteration: 317	1441	1546	1881.51	2456
Iteration: 318	1441	1537	1902.59	2354
Iteration: 319	1441	1580	1909.45	2390
Iteration: 320	1441	1544	1900.39	2326
Iteration: 321	1441	1613	1877	2377
Iteration: 322	1441	1509	1873.53	2743
Iteration: 323	1441	1582	1871.64	2462
Iteration: 324	1441	1561	1907.65	2510
Iteration: 325	1441	1557	1875.65	2246
Iteration: 326	1441	1651	1951.65	2374
Iteration: 327	1441	1535	1867.99	2456
Iteration: 328	1441	1549	1898.19	2382
Iteration: 329	1441	1583	1899.36	2273
Iteration: 330	1441	1457	1877.25	2545
Iteration: 331	1441	1594	1948.32	2525
Iteration: 332	1441	1557	1910.36	2452
Iteration: 333	1441	1539	1910.84	2307
Iteration: 334	1441	1624	1905.39	2370
Iteration: 335	1441	1514	1881.85	2338
Iteration: 336	1441	1572	1901	2502
Iteration: 337	1441	1506	1886.85	2502
Iteration: 338	1441	1553	1917.24	2520
Iteration: 339	1441	1469	1870.04	2416
Iteration: 340	1441	1561	1901.13	2327
Iteration: 341	1441	1571	1915.4	2321
Iteration: 342	1441	1587	1911.08	2380
Iteration: 343	1441	1568	1950.23	2841
Iteration: 344	1441	1579	1908.28	2591
Iteration: 345	1441	1573	1904.77	2308
Iteration: 346	1441	1590	1892.09	2644
Iteration: 347	1441	1528	1927.59	2843
Iteration: 348	1441	1575	1923.21	2625
Iteration: 349	1441	1555	1905.12	2333
Iteration: 350	1441	1578	1895.13	2477
Iteration: 351	1441	1582	1895	2379
Iteration: 352	1441	1604	1926.33	2605
Iteration: 353	1441	1554	1903.16	2359
Iteration: 354	1441	1619	1931.75	2405
Iteration: 355	1441	1568	1906.23	2428
Iteration: 356	1441	1599	1894.05	2539
Iteration: 357	1441	1540	1867.08	2561
Iteration: 358	1441	1551	1921.39	2520
Iteration: 359	1441	1608	1904.55	2257
Iteration: 360	1441	1586	1943.85	2684
Iteration: 361	1441	1516	1918.33	2656
Iteration: 362	1441	1578	1899.59	2521
Iteration: 363	1441	1592	1908.72	2411
Iteration: 364	1441	1526	1905.4	2288
Iteration: 365	1441	1643	1926.01	2346
Iteration: 366	1441	1566	1881.09	2565
Iteration: 367	1441	1590	1903.83	2454
Iteration: 368	1441	1479	1883.56	2426
Iteration: 369	1441	1614	1935.97	2759
Iteration: 370	1441	1610	1873.64	2386
Iteration: 371	1441	1568	1908.67	2458
Iteration: 372	1441	1617	1881.75	2351
Iteration: 373	1441	1569	1913.68	2644
Iteration: 374	1441	1573	1927.56	2587
Iteration: 375	1441	1583	1895.87	2681
Iteration: 376	1441	1492	1937.79	2406
Iteration: 377	1441	1505	1914.59	2529
Iteration: 378	1441	1599	1891.99	2341
Iteration: 379	1441	1512	1865.36	2565
Iteration: 380	1441	1548	1901.88	2422
Iteration: 381	1441	1522	1927.48	2442
Iteration: 382	1441	1601	1925.05	2349
Iteration: 383	1441	1592	1912.44	2548
Iteration: 384	1441	1579	1890.2	3133
Iteration: 385	1441	1479	1877.63	2394
Iteration: 386	1441	1524	1872.64	2324
Iteration: 387	1441	1513	1957.91	2494
Iteration: 388	1441	1529	1941.39	2588
Iteration: 389	1441	1649	1927.8	2439
Iteration: 390	1441	1528	1888.51	2357
Iteration: 391	1441	1520	1893.99	2553
Iteration: 392	1441	1560	1889.44	2637
Iteration: 393	1441	1618	1918.29	2423
Iteration: 394	1441	1599	1897.59	2549
Iteration: 395	1441	1602	1921.69	2470
Iteration: 396	1441	1598	1906.72	2305
Iteration: 397	1441	1568	1929.87	2570
Iteration: 398	1441	1535	1898.87	2401
Iteration: 399	1441	1585	1912.08	2440
Iteration: 400	1441	1568	1859.41	2321
Iteration: 401	1441	1528	1899.99	2420
Iteration: 402	1441	1564	1894.13	2507
Iteration: 403	1441	1618	1919.57	2514
Iteration: 404	1441	1608	1927.17	2336
Iteration: 405	1441	1608	1913.07	2376
Iteration: 406	1441	1543	1897.41	2597
Iteration: 407	1441	1605	1912	2458
Iteration: 408	1441	1552	1937.36	2873
Iteration: 409	1441	1624	1915.21	2409
Iteration: 410	1441	1588	1887.07	2337
Iteration: 411	1441	1520	1872.21	2385
Iteration: 412	1441	1571	1890.75	2371
Iteration: 413	1441	1511	1880.16	2364
Iteration: 414	1441	1647	1906.52	2428
Iteration: 415	1441	1533	1879.88	2268
Iteration: 416	1441	1515	1866.27	2230
Iteration: 417	1441	1597	1916.87	2510
Iteration: 418	1441	1661	1906.44	2447
Iteration: 419	1441	1607	1935.24	2610
Iteration: 420	1441	1548	1925.47	2425
Iteration: 421	1441	1552	1922.19	2716
Iteration: 422	1441	1452	1875.03	2347
Iteration: 423	1441	1568	1888.41	2373
Iteration: 424	1441	1529	1872.03	2515
Iteration: 425	1441	1571	1882.23	2401
Iteration: 426	1441	1631	1882	2321
Iteration: 427	1441	1575	1871.8	2314
Iteration: 428	1441	1625	1903.17	2392
Iteration: 429	1441	1561	1909.52	2581
Iteration: 430	1441	1491	1828.47	2299
Iteration: 431	1441	1648	1867.76	2385
Iteration: 432	1441	1631	1918.4	2450
Iteration: 433	1441	1567	1911.25	2380
Iteration: 434	1441	1590	1931.32	2741
Iteration: 435	1441	1549	1885.63	2251
Iteration: 436	1441	1554	1852.83	2326
Iteration: 437	1441	1607	1936.11	2521
Iteration: 438	1441	1582	1898.08	2478
Iteration: 439	1441	1655	1895.83	2475
Iteration: 440	1441	1635	1900.31	2866
Iteration: 441	1441	1609	1907.51	2649
Iteration: 442	1441	1605	1888.12	2449
Iteration: 443	1421	1421	1910.16	2607
Iteration: 444	1421	1593	1903.05	2285
Iteration: 445	1421	1518	1900.17	2496
Iteration: 446	1421	1594	1903.56	2397
Iteration: 447	1421	1622	1981.47	2618
Iteration: 448	1421	1552	1886.37	2470
Iteration: 449	1421	1633	1876.69	2297
Iteration: 450	1421	1529	1897.91	2327
Iteration: 451	1421	1651	1922.41	2753
Iteration: 452	1421	1551	1902.48	2505
Iteration: 453	1421	1527	1921.41	2577
Iteration: 454	1421	1647	1924.44	2217
Iteration: 455	1421	1615	1921.07	2911
Iteration: 456	1421	1566	1920.36	2366
Iteration: 457	1421	1574	1890.64	2560
Iteration: 458	1421	1591	1918.43	2507
Iteration: 459	1421	1621	1897.92	2598
Iteration: 460	1421	1590	1918.92	2741
Iteration: 461	1421	1548	1903.39	2393
Iteration: 462	1421	1636	1891.91	2541
Iteration: 463	1421	1634	1955.88	2621
Iteration: 464	1421	1611	1909.92	2336
Iteration: 465	1421	1578	1903	2598
Iteration: 466	1421	1590	1873.45	2334
Iteration: 467	1421	1513	1889	2489
Iteration: 468	1421	1558	1915.35	2569
Iteration: 469	1421	1553	1921.96	2323
Iteration: 470	1421	1541	1879.17	2385
Iteration: 471	1421	1544	1899.41	2570
Iteration: 472	1421	1620	1904.37	2503
Iteration: 473	1421	1601	1926.93	2552
Iteration: 474	1421	1527	1896.68	2383
Iteration: 475	1421	1584	1913.08	2446
Iteration: 476	1421	1589	1852.84	2202
Iteration: 477	1421	1610	1917.2	2576
Iteration: 478	1421	1564	1900.12	2648
Iteration: 479	1421	1539	1894.01	2879
Iteration: 480	1421	1524	1925.73	2465
Iteration: 481	1421	1539	1889.6	2446
Iteration: 482	1421	1566	1890.25	2649
Iteration: 483	1421	1588	1905.8	2580
Iteration: 484	1421	1562	1864.87	2604
Iteration: 485	1421	1562	1910.36	2346
Iteration: 486	1421	1594	1895.19	2420
Iteration: 487	1421	1576	1889.25	2860
Iteration: 488	1421	1619	1896.33	2411
Iteration: 489	1421	1507	1907.16	2540
Iteration: 490	1421	1513	1881.91	2308
Iteration: 491	1421	1563	1913.47	2517
Iteration: 492	1421	1639	1901.16	2470
Iteration: 493	1421	1596	1899.32	2476
Iteration: 494	1421	1558	1889.28	2557
Iteration: 495	1421	1524	1874.92	2360
Iteration: 496	1421	1597	1901.53	2329
Iteration: 497	1421	1618	1922.08	2361
Iteration: 498	1421	1529	1883.73	2483
Iteration: 499	1421	1599	1912.19	2462
