Iteration: 0	1598	1598	1926.21	2673
Iteration: 1	1598	1599	1909.97	2775
Iteration: 2	1552	1552	1870.68	2448
Iteration: 3	1552	1605	1894.49	2669
Iteration: 4	1552	1614	1871.65	2383
Iteration: 5	1552	1560	1879.36	2320
Iteration: 6	1552	1580	1906.85	2341
Iteration: 7	1552	1628	1902.87	2303
Iteration: 8	1497	1497	1909.41	2390
Iteration: 9	1497	1635	1897.63	2574
Iteration: 10	1497	1578	1902.08	2424
Iteration: 11	1497	1503	1903.48	2253
Iteration: 12	1497	1572	1927.52	2440
Iteration: 13	1497	1625	1917.64	2385
Iteration: 14	1497	1604	1904.29	2400
Iteration: 15	1497	1555	1928.19	2510
Iteration: 16	1497	1600	1913.87	2489
Iteration: 17	1497	1550	1906.55	2308
Iteration: 18	1497	1627	1907.04	2588
Iteration: 19	1497	1595	1920.93	2475
Iteration: 20	1497	1592	1870.73	2529
Iteration: 21	1497	1551	1925.73	2282
Iteration: 22	1497	1560	1863.96	2286
Iteration: 23	1497	1560	1910.99	2505
Iteration: 24	1497	1563	1901.75	2410
Iteration: 25	1497	1595	1908	2226
Iteration: 26	1497	1588	1907.04	2270
Iteration: 27	1497	1565	1924.85	2571
Iteration: 28	1497	1621	1913.77	2581
Iteration: 29	1497	1584	1895.15	2267
Iteration: 30	1497	1566	1880.07	2415
Iteration: 31	1497	1510	1904.49	2223
Iteration: 32	1497	1523	1877.09	2303
Iteration: 33	1497	1514	1887.68	2387
Iteration: 34	1497	1589	1897.95	2377
Iteration: 35	1497	1606	1903	2569
Iteration: 36	1477	1477	1852.33	2339
Iteration: 37	1477	1543	1881.95	2441
Iteration: 38	1477	1558	1904.47	2597
Iteration: 39	1477	1559	1907.29	2551
Iteration: 40	1477	1570	1900.69	2422
Iteration: 41	1477	1612	1879.4	2396
Iteration: 42	1477	1612	1886.11	2350
Iteration: 43	1477	1566	1900.72	2565
Iteration: 44	1477	1520	1905.43	2592
Iteration: 45	1455	1455	1863.05	2254
Iteration: 46	1455	1543	1888.6	2373
Iteration: 47	1455	1494	1866.88	2371
Iteration: 48	1455	1547	1874.81	2424
Iteration: 49	1455	1538	1903.6	2503
