Iteration: 0	1589	1589	1916.76	2482
Iteration: 1	1511	1511	1885.6	2592
Iteration: 2	1511	1642	1891.04	2480
Iteration: 3	1511	1575	1916.53	2496
Iteration: 4	1511	1558	1917.53	2600
Iteration: 5	1511	1576	1867.69	2266
Iteration: 6	1511	1606	1906.96	2370
Iteration: 7	1511	1683	1931.59	2483
Iteration: 8	1511	1644	1892.49	2501
Iteration: 9	1511	1554	1916.64	2553
Iteration: 10	1511	1543	1865.36	2661
Iteration: 11	1511	1528	1869.51	2456
Iteration: 12	1511	1559	1924.91	2493
Iteration: 13	1511	1606	1898.92	2569
Iteration: 14	1511	1587	1899.11	2419
Iteration: 15	1511	1520	1886.43	2319
Iteration: 16	1481	1481	1932.75	2585
Iteration: 17	1481	1520	1887.79	2351
Iteration: 18	1481	1589	1937.6	2634
Iteration: 19	1481	1554	1911.95	2486
Iteration: 20	1481	1611	1868.87	2372
Iteration: 21	1481	1664	1902.03	2390
Iteration: 22	1481	1538	1936.45	2433
Iteration: 23	1481	1623	1873.15	2323
Iteration: 24	1481	1548	1930.19	2307
Iteration: 25	1481	1582	1887.39	2394
Iteration: 26	1481	1621	1872.25	2394
Iteration: 27	1481	1604	1888.65	2421
Iteration: 28	1481	1605	1893.15	2330
Iteration: 29	1481	1592	1885.52	2578
Iteration: 30	1481	1596	1903.81	2301
Iteration: 31	1481	1556	1921.24	2520
Iteration: 32	1481	1596	1881.07	2462
Iteration: 33	1481	1584	1898.28	2341
Iteration: 34	1481	1587	1884	2443
Iteration: 35	1481	1606	1905.15	2462
Iteration: 36	1481	1585	1899.8	2357
Iteration: 37	1481	1568	1876.56	2272
Iteration: 38	1481	1609	1891.71	2371
Iteration: 39	1481	1532	1867	2418
Iteration: 40	1481	1573	1869.07	2319
Iteration: 41	1481	1522	1924.01	2496
Iteration: 42	1481	1531	1923.92	2400
Iteration: 43	1481	1498	1854.72	2376
Iteration: 44	1481	1606	1940.8	2353
Iteration: 45	1481	1567	1901.23	2748
Iteration: 46	1481	1621	1927.93	2412
Iteration: 47	1481	1532	1907.65	2442
Iteration: 48	1481	1519	1896.21	2310
Iteration: 49	1474	1474	1898.71	2478
Iteration: 50	1474	1582	1923.13	2571
Iteration: 51	1474	1570	1893.64	2468
Iteration: 52	1474	1609	1924.76	2413
Iteration: 53	1474	1543	1882.33	2676
Iteration: 54	1474	1514	1915.84	2484
Iteration: 55	1474	1555	1850.92	2270
Iteration: 56	1474	1568	1879.36	2737
Iteration: 57	1432	1432	1894.36	2545
Iteration: 58	1432	1601	1883.47	2258
Iteration: 59	1432	1536	1907.69	2356
Iteration: 60	1432	1502	1867.68	2596
Iteration: 61	1432	1550	1917.81	2465
Iteration: 62	1432	1587	1901.07	2367
Iteration: 63	1432	1565	1917.76	2566
Iteration: 64	1432	1589	1876.04	2468
Iteration: 65	1432	1563	1938.4	2583
Iteration: 66	1432	1538	1862.96	2325
Iteration: 67	1432	1617	1901.77	2318
Iteration: 68	1432	1551	1900.25	2452
Iteration: 69	1432	1559	1921.55	2517
Iteration: 70	1432	1535	1894.11	2445
Iteration: 71	1432	1544	1882.37	2418
Iteration: 72	1432	1652	1891.95	2507
Iteration: 73	1432	1550	1942.81	2540
Iteration: 74	1432	1574	1902.4	2346
Iteration: 75	1432	1619	1912.31	2849
Iteration: 76	1432	1627	1897.03	2433
Iteration: 77	1432	1552	1901.27	2455
Iteration: 78	1432	1553	1859.65	2387
Iteration: 79	1432	1489	1904.27	2254
Iteration: 80	1432	1588	1892.23	2283
Iteration: 81	1432	1516	1871.88	2543
Iteration: 82	1432	1570	1870.61	2338
Iteration: 83	1432	1541	1857.11	2396
Iteration: 84	1432	1577	1896.11	2530
Iteration: 85	1432	1608	1900.12	2658
Iteration: 86	1432	1598	1881.23	2478
Iteration: 87	1432	1508	1893.83	2371
Iteration: 88	1432	1535	1859.37	2419
Iteration: 89	1432	1566	1922.68	2455
Iteration: 90	1432	1614	1880.93	2394
Iteration: 91	1432	1474	1859.01	2523
Iteration: 92	1432	1566	1896.52	2376
Iteration: 93	1432	1563	1912.73	2523
Iteration: 94	1432	1550	1904.29	2402
Iteration: 95	1432	1504	1912.19	2338
Iteration: 96	1432	1578	1913.89	2374
Iteration: 97	1432	1559	1919.2	2461
Iteration: 98	1432	1494	1877.03	2457
Iteration: 99	1432	1619	1901.17	2403
Iteration: 100	1432	1644	1921.48	2566
Iteration: 101	1432	1544	1848.53	2252
Iteration: 102	1432	1522	1913.73	2361
Iteration: 103	1432	1612	1896.13	2484
Iteration: 104	1432	1622	1904.39	2264
Iteration: 105	1432	1508	1923.48	2542
Iteration: 106	1432	1553	1893.29	2471
Iteration: 107	1432	1563	1861.79	2542
Iteration: 108	1432	1571	1862.37	2208
Iteration: 109	1432	1476	1899.87	2391
Iteration: 110	1432	1656	1930.99	2399
Iteration: 111	1432	1498	1903.04	2342
Iteration: 112	1432	1496	1892.99	2466
Iteration: 113	1432	1608	1902.08	2528
Iteration: 114	1432	1611	1893.07	2400
Iteration: 115	1432	1580	1868.12	2272
Iteration: 116	1432	1578	1907.64	2340
Iteration: 117	1432	1498	1881.2	2994
Iteration: 118	1432	1513	1907.81	2328
Iteration: 119	1432	1573	1885.08	2469
Iteration: 120	1432	1558	1850.35	2291
Iteration: 121	1432	1563	1858.49	2308
Iteration: 122	1432	1603	1895.36	2443
Iteration: 123	1432	1589	1896.77	2328
Iteration: 124	1432	1537	1907.45	2474
Iteration: 125	1432	1508	1902.24	2445
Iteration: 126	1432	1557	1952.11	2509
Iteration: 127	1432	1517	1876.69	2518
Iteration: 128	1432	1509	1840.84	2373
Iteration: 129	1432	1607	1911.15	2528
Iteration: 130	1432	1619	1916.01	2332
Iteration: 131	1432	1585	1909.15	2481
Iteration: 132	1432	1603	1899.48	2264
Iteration: 133	1432	1549	1893.25	2423
Iteration: 134	1432	1537	1878.29	2455
Iteration: 135	1432	1571	1908.61	2543
Iteration: 136	1432	1604	1891.21	2737
Iteration: 137	1432	1598	1862.31	2244
Iteration: 138	1432	1590	1877.71	2365
Iteration: 139	1432	1599	1916.56	2398
Iteration: 140	1432	1593	1851.95	2563
Iteration: 141	1432	1586	1899.44	2315
Iteration: 142	1432	1553	1884.71	2400
Iteration: 143	1432	1581	1876.51	2309
Iteration: 144	1432	1562	1939.68	2565
Iteration: 145	1432	1561	1910.21	2382
Iteration: 146	1432	1477	1952.07	2538
Iteration: 147	1432	1570	1894.65	2474
Iteration: 148	1432	1542	1903.89	2322
Iteration: 149	1432	1585	1874.07	2386
Iteration: 150	1432	1574	1874.48	2331
Iteration: 151	1432	1606	1931.65	2570
Iteration: 152	1432	1569	1931.23	2286
Iteration: 153	1432	1577	1857.36	2151
Iteration: 154	1432	1547	1903.23	3019
Iteration: 155	1432	1569	1909.68	2542
Iteration: 156	1432	1632	1874.2	2417
Iteration: 157	1432	1615	1889.79	2434
Iteration: 158	1432	1611	1938.21	2485
Iteration: 159	1432	1627	1898.45	2458
Iteration: 160	1432	1566	1893.84	2573
Iteration: 161	1432	1589	1881.51	2517
Iteration: 162	1432	1511	1924.52	2539
Iteration: 163	1432	1580	1917.4	2533
Iteration: 164	1432	1564	1909.92	2700
Iteration: 165	1432	1671	1934.11	2883
Iteration: 166	1432	1544	1936.63	2609
Iteration: 167	1432	1588	1884.63	2531
Iteration: 168	1432	1538	1870.81	2533
Iteration: 169	1432	1535	1888.13	2690
Iteration: 170	1432	1602	1894.41	2427
Iteration: 171	1432	1567	1955.12	2463
Iteration: 172	1432	1554	1863.47	2318
Iteration: 173	1432	1550	1941.89	2656
Iteration: 174	1432	1532	1886.23	2536
Iteration: 175	1432	1587	1918.76	2500
Iteration: 176	1432	1547	1882.85	2388
Iteration: 177	1432	1525	1919.68	2560
Iteration: 178	1432	1600	1880.96	2347
Iteration: 179	1432	1638	1875.12	2348
Iteration: 180	1432	1554	1918.28	2315
Iteration: 181	1432	1589	1899.41	2361
Iteration: 182	1432	1607	1871.65	2271
Iteration: 183	1432	1634	1873.28	2467
Iteration: 184	1432	1598	1862.33	2346
Iteration: 185	1432	1551	1879.53	2481
Iteration: 186	1432	1604	1878.75	2376
Iteration: 187	1432	1620	1913.85	2792
Iteration: 188	1432	1601	1916.89	2573
Iteration: 189	1432	1638	1910.17	2605
Iteration: 190	1432	1580	1884.07	2277
Iteration: 191	1432	1548	1904.83	2355
Iteration: 192	1432	1617	1902.67	2526
Iteration: 193	1432	1549	1926.41	2499
Iteration: 194	1432	1570	1898.19	2520
Iteration: 195	1432	1564	1901.17	2629
Iteration: 196	1432	1560	1855.8	2470
Iteration: 197	1432	1542	1920.23	2510
Iteration: 198	1432	1591	1913.59	2345
Iteration: 199	1432	1558	1896.27	2370
Iteration: 200	1432	1610	1920.15	2455
Iteration: 201	1432	1578	1919.32	2528
Iteration: 202	1432	1571	1906.77	2490
Iteration: 203	1432	1605	1912.19	2541
Iteration: 204	1432	1608	1933.48	2600
Iteration: 205	1432	1562	1937	2415
Iteration: 206	1432	1559	1878.11	2268
Iteration: 207	1432	1548	1868.55	2288
Iteration: 208	1432	1549	1870.61	2644
Iteration: 209	1432	1612	1908.64	2455
Iteration: 210	1432	1607	1922.77	2682
Iteration: 211	1432	1539	1902.11	2634
Iteration: 212	1432	1647	1884.13	2636
Iteration: 213	1432	1631	1939.32	2406
Iteration: 214	1432	1584	1873.53	2304
Iteration: 215	1432	1559	1877.95	2411
Iteration: 216	1432	1566	1884	2396
Iteration: 217	1432	1604	1939.69	2332
Iteration: 218	1432	1542	1906.61	2554
Iteration: 219	1432	1488	1884.53	2404
Iteration: 220	1432	1596	1912.04	2482
Iteration: 221	1432	1572	1932.49	2483
Iteration: 222	1432	1613	1903.84	2596
Iteration: 223	1432	1496	1906.25	2543
Iteration: 224	1432	1584	1884.17	2298
Iteration: 225	1432	1529	1904.69	2476
Iteration: 226	1432	1544	1893.41	2520
Iteration: 227	1432	1602	1914.09	2423
Iteration: 228	1432	1569	1922.69	2882
Iteration: 229	1432	1583	1897.45	2502
Iteration: 230	1432	1618	1943.75	2525
Iteration: 231	1432	1453	1877.91	2449
Iteration: 232	1432	1551	1891.45	2419
Iteration: 233	1432	1581	1914.03	2492
Iteration: 234	1432	1501	1871.36	2387
Iteration: 235	1432	1653	1913.6	2430
Iteration: 236	1432	1501	1879.73	2456
Iteration: 237	1432	1539	1909.51	2452
Iteration: 238	1432	1561	1878.33	2466
Iteration: 239	1432	1646	1904.28	2657
Iteration: 240	1432	1608	1909.17	2420
Iteration: 241	1432	1582	1897.12	2508
Iteration: 242	1432	1475	1887.23	2430
Iteration: 243	1432	1642	1920.63	2948
Iteration: 244	1432	1535	1883.09	2591
Iteration: 245	1432	1603	1865.04	2450
Iteration: 246	1432	1596	1900.37	2537
Iteration: 247	1432	1540	1890.81	2638
Iteration: 248	1432	1558	1883.99	2289
Iteration: 249	1432	1549	1887.79	2478
Iteration: 250	1432	1591	1932.35	2352
Iteration: 251	1432	1582	1878.45	2395
Iteration: 252	1432	1619	1859.27	2134
Iteration: 253	1432	1587	1880.72	2609
Iteration: 254	1432	1619	1911.93	2816
Iteration: 255	1432	1639	1866.55	2412
Iteration: 256	1432	1560	1914.91	2620
Iteration: 257	1432	1509	1907.56	2528
Iteration: 258	1432	1598	1912.41	2383
Iteration: 259	1432	1534	1906.41	2368
Iteration: 260	1432	1612	1920.23	2509
Iteration: 261	1432	1615	1878.87	2418
Iteration: 262	1432	1603	1896.89	2468
Iteration: 263	1432	1514	1896.81	2343
Iteration: 264	1432	1564	1894.45	2381
Iteration: 265	1432	1628	1898.67	2417
Iteration: 266	1432	1513	1894.61	2634
Iteration: 267	1432	1574	1912.11	2328
Iteration: 268	1432	1486	1891.21	2356
Iteration: 269	1432	1526	1929.73	2919
Iteration: 270	1432	1560	1914.57	2511
Iteration: 271	1432	1506	1909.39	2630
Iteration: 272	1432	1610	1940.96	2594
Iteration: 273	1432	1478	1884.69	2484
Iteration: 274	1432	1548	1872.83	2516
Iteration: 275	1432	1625	1916.55	2433
Iteration: 276	1432	1527	1893.55	2505
Iteration: 277	1432	1524	1916.76	2585
Iteration: 278	1432	1457	1896.25	2621
Iteration: 279	1432	1567	1914.21	2355
Iteration: 280	1432	1620	1903.48	2455
Iteration: 281	1432	1518	1901.64	2604
Iteration: 282	1432	1597	1887.91	2427
Iteration: 283	1432	1612	1918.68	2519
Iteration: 284	1432	1542	1919.65	2603
Iteration: 285	1432	1517	1888.12	2741
Iteration: 286	1432	1597	1918.16	2530
Iteration: 287	1432	1564	1932.88	2575
Iteration: 288	1432	1663	1952.73	2480
Iteration: 289	1432	1593	1900.52	2541
Iteration: 290	1432	1584	1893.57	2429
Iteration: 291	1432	1592	1895.27	2350
Iteration: 292	1432	1568	1911.76	2425
Iteration: 293	1432	1604	1905.96	2374
Iteration: 294	1432	1537	1917.96	2595
Iteration: 295	1432	1625	1926.55	2397
Iteration: 296	1432	1536	1916.23	2584
Iteration: 297	1432	1544	1911.12	2531
Iteration: 298	1432	1564	1863.59	2607
Iteration: 299	1432	1519	1889.97	2654
Iteration: 300	1432	1622	1888.09	2520
Iteration: 301	1432	1535	1892.77	2288
Iteration: 302	1432	1602	1897.25	2301
Iteration: 303	1432	1522	1887.91	2346
Iteration: 304	1432	1591	1920.24	2495
Iteration: 305	1432	1549	1909.83	2434
Iteration: 306	1432	1614	1957.67	2767
Iteration: 307	1432	1639	1930.51	2389
Iteration: 308	1432	1591	1897.47	3013
Iteration: 309	1432	1540	1909.79	2500
Iteration: 310	1432	1523	1894.93	2368
Iteration: 311	1432	1650	1889.89	2602
Iteration: 312	1432	1571	1890.39	2466
Iteration: 313	1432	1596	1920.2	2930
Iteration: 314	1432	1595	1892.92	2363
Iteration: 315	1432	1615	1893	2418
Iteration: 316	1432	1619	1929.64	2562
Iteration: 317	1432	1536	1894.51	2763
Iteration: 318	1432	1494	1901.17	2722
Iteration: 319	1432	1557	1902.45	2497
Iteration: 320	1432	1556	1880.09	2376
Iteration: 321	1432	1619	1919.39	2312
Iteration: 322	1432	1573	1911.55	2431
Iteration: 323	1432	1587	1902.35	2435
Iteration: 324	1432	1643	1935.17	2319
Iteration: 325	1432	1601	1894.32	2363
Iteration: 326	1432	1588	1855.27	2243
Iteration: 327	1432	1594	1882.12	2436
Iteration: 328	1432	1595	1875.47	2384
Iteration: 329	1432	1627	1903.79	2586
Iteration: 330	1432	1548	1927	2418
Iteration: 331	1432	1597	1941.07	2432
Iteration: 332	1432	1571	1911.28	2348
Iteration: 333	1432	1560	1873.79	2392
Iteration: 334	1432	1599	1895.37	2715
Iteration: 335	1432	1518	1884.68	2564
Iteration: 336	1432	1546	1907.64	2478
Iteration: 337	1432	1645	1907.49	2270
Iteration: 338	1432	1555	1885.2	2361
Iteration: 339	1432	1567	1929.11	2662
Iteration: 340	1432	1527	1893.67	2376
Iteration: 341	1432	1583	1878.63	2321
Iteration: 342	1432	1584	1901.97	2429
Iteration: 343	1432	1620	1903.07	2448
Iteration: 344	1432	1607	1910.56	2356
Iteration: 345	1432	1549	1922.93	2827
Iteration: 346	1432	1511	1913.08	2890
Iteration: 347	1432	1638	1919.32	2455
Iteration: 348	1432	1574	1905.72	2343
Iteration: 349	1432	1588	1896.35	2656
Iteration: 350	1432	1531	1885.93	2380
Iteration: 351	1432	1642	1922.23	2691
Iteration: 352	1432	1576	1921.72	2565
Iteration: 353	1432	1596	1892.75	2400
Iteration: 354	1432	1548	1873.88	2847
Iteration: 355	1432	1554	1894.99	2400
Iteration: 356	1432	1528	1904.81	2250
Iteration: 357	1432	1578	1904.28	2519
Iteration: 358	1432	1641	1883.27	2270
Iteration: 359	1432	1617	1925.75	2388
Iteration: 360	1432	1505	1881.67	2494
Iteration: 361	1432	1615	1904.27	2532
Iteration: 362	1432	1563	1897.19	2714
Iteration: 363	1432	1584	1869.05	2221
Iteration: 364	1432	1538	1941.85	2479
Iteration: 365	1432	1597	1915.99	2472
Iteration: 366	1432	1540	1853.33	2445
Iteration: 367	1432	1605	1907.32	2418
Iteration: 368	1432	1519	1905.76	2376
Iteration: 369	1432	1551	1879.6	2417
Iteration: 370	1432	1534	1906.59	2675
Iteration: 371	1432	1601	1902.56	2444
Iteration: 372	1432	1562	1886.4	2470
Iteration: 373	1432	1586	1931.08	2437
Iteration: 374	1432	1579	1910.8	2573
Iteration: 375	1432	1563	1905.87	2404
Iteration: 376	1432	1611	1925.25	2331
Iteration: 377	1432	1574	1944.51	2884
Iteration: 378	1432	1536	1894.56	2495
Iteration: 379	1432	1565	1893.19	2412
Iteration: 380	1432	1520	1865.77	2523
Iteration: 381	1432	1641	1917.87	2489
Iteration: 382	1432	1521	1885	2361
Iteration: 383	1432	1635	1912.73	2446
Iteration: 384	1432	1507	1861.56	2458
Iteration: 385	1432	1570	1902.68	2421
Iteration: 386	1432	1606	1873.57	2481
Iteration: 387	1432	1488	1916.2	2812
Iteration: 388	1432	1628	1937.13	2470
Iteration: 389	1432	1544	1856.57	2481
Iteration: 390	1432	1625	1891.6	2249
Iteration: 391	1432	1546	1893.17	2495
Iteration: 392	1432	1597	1923.27	2448
Iteration: 393	1432	1535	1862.47	2326
Iteration: 394	1432	1613	1920.28	2469
Iteration: 395	1432	1636	1895.84	2414
Iteration: 396	1432	1617	1952.93	2417
Iteration: 397	1432	1581	1855.88	2239
Iteration: 398	1432	1533	1910.6	2336
Iteration: 399	1432	1637	1881.64	2398
Iteration: 400	1432	1504	1913.44	2439
Iteration: 401	1432	1585	1969.75	2565
Iteration: 402	1432	1509	1890.57	2347
Iteration: 403	1432	1581	1915.09	2390
Iteration: 404	1432	1553	1904.4	2432
Iteration: 405	1432	1534	1897.28	2842
Iteration: 406	1432	1598	1893.6	2310
Iteration: 407	1432	1523	1920.52	2491
Iteration: 408	1432	1545	1886.23	2577
Iteration: 409	1432	1604	1934.04	2616
Iteration: 410	1432	1536	1934.44	2316
Iteration: 411	1432	1541	1897.89	2409
Iteration: 412	1432	1603	1892.49	2714
Iteration: 413	1432	1574	1911.09	2393
Iteration: 414	1432	1639	1929.6	2838
Iteration: 415	1432	1583	1921.59	2559
Iteration: 416	1432	1563	1927.36	2574
Iteration: 417	1432	1579	1890.75	2547
Iteration: 418	1432	1543	1916.88	2397
Iteration: 419	1432	1592	1872.11	2319
Iteration: 420	1432	1510	1897.2	3043
Iteration: 421	1432	1524	1880.79	2587
Iteration: 422	1432	1554	1881.24	2293
Iteration: 423	1432	1598	1913.96	2634
Iteration: 424	1432	1582	1946.24	2691
Iteration: 425	1432	1523	1900.61	2504
Iteration: 426	1432	1583	1895.31	2453
Iteration: 427	1432	1505	1895.09	2498
Iteration: 428	1432	1630	1890.51	2567
Iteration: 429	1432	1599	1852.71	2313
Iteration: 430	1432	1566	1910.29	2304
Iteration: 431	1432	1495	1890.87	2251
Iteration: 432	1432	1557	1924.71	2448
Iteration: 433	1432	1588	1907.28	2597
Iteration: 434	1432	1521	1897.19	2381
Iteration: 435	1432	1596	1885.49	2475
Iteration: 436	1432	1466	1893.12	2427
Iteration: 437	1432	1548	1931.88	2390
Iteration: 438	1432	1566	1891.21	2264
Iteration: 439	1432	1594	1883.24	2462
Iteration: 440	1432	1527	1867.19	2497
Iteration: 441	1432	1480	1932.76	2608
Iteration: 442	1432	1614	1882.53	2371
Iteration: 443	1432	1458	1938.29	2831
Iteration: 444	1432	1568	1931.96	2325
Iteration: 445	1432	1601	1937.97	2908
Iteration: 446	1432	1586	1894.41	2370
Iteration: 447	1432	1590	1873.35	2345
Iteration: 448	1432	1626	1882.75	2353
Iteration: 449	1432	1544	1847.36	2374
Iteration: 450	1432	1555	1934.83	2446
Iteration: 451	1432	1603	1892.71	2343
Iteration: 452	1432	1613	1923.28	2400
Iteration: 453	1432	1560	1888	2489
Iteration: 454	1432	1655	1904.99	2419
Iteration: 455	1432	1594	1887.25	2269
Iteration: 456	1432	1594	1907.36	2269
Iteration: 457	1432	1633	1923.93	2541
Iteration: 458	1432	1578	1898.29	2460
Iteration: 459	1432	1623	1897.41	2605
Iteration: 460	1432	1627	1875.88	2536
Iteration: 461	1432	1605	1904.27	2315
Iteration: 462	1432	1523	1904.45	2563
Iteration: 463	1432	1498	1882.61	2420
Iteration: 464	1432	1669	1942.89	2575
Iteration: 465	1432	1532	1888.57	2728
Iteration: 466	1432	1621	1923.09	2456
Iteration: 467	1432	1620	1898.59	2713
Iteration: 468	1432	1555	1909.53	2729
Iteration: 469	1432	1521	1886.01	2395
Iteration: 470	1432	1555	1903.55	2591
Iteration: 471	1432	1585	1920.68	2514
Iteration: 472	1432	1557	1886.24	2271
Iteration: 473	1432	1551	1921.76	2394
Iteration: 474	1432	1555	1931.03	2456
Iteration: 475	1432	1547	1909.2	2495
Iteration: 476	1432	1518	1904.37	2334
Iteration: 477	1432	1519	1913.48	2536
Iteration: 478	1432	1684	1930.63	2541
Iteration: 479	1432	1567	1902.59	2333
Iteration: 480	1432	1608	1922.47	2783
Iteration: 481	1432	1568	1894.05	2441
Iteration: 482	1432	1580	1858.55	2582
Iteration: 483	1432	1616	1936.03	2828
Iteration: 484	1432	1560	1870.4	2224
Iteration: 485	1432	1540	1886.69	2484
Iteration: 486	1432	1581	1916.31	3121
Iteration: 487	1432	1564	1925.16	2618
Iteration: 488	1432	1590	1873.01	2771
Iteration: 489	1432	1657	1941.87	2449
Iteration: 490	1432	1517	1898.75	2499
Iteration: 491	1432	1531	1857.72	2226
Iteration: 492	1432	1501	1852.48	2239
Iteration: 493	1432	1623	1882.57	2474
Iteration: 494	1432	1568	1892.64	2650
Iteration: 495	1432	1609	1904.95	2625
Iteration: 496	1432	1596	1911.71	2565
Iteration: 497	1432	1542	1890.56	2396
Iteration: 498	1432	1645	1883.13	2661
Iteration: 499	1432	1535	1888.09	2400
