Iteration: 0	1615	1615	1921.57	2555
Iteration: 1	1556	1556	1871.73	2276
Iteration: 2	1556	1569	1901.03	2441
Iteration: 3	1556	1576	1853.93	2317
Iteration: 4	1556	1557	1861.89	2454
Iteration: 5	1556	1571	1888.29	2491
Iteration: 6	1547	1547	1898.77	2477
Iteration: 7	1547	1605	1893.2	2432
Iteration: 8	1506	1506	1887.15	2557
Iteration: 9	1506	1514	1889.57	2494
Iteration: 10	1490	1490	1903.03	2374
Iteration: 11	1490	1588	1896.83	2391
Iteration: 12	1490	1600	1893.87	2285
Iteration: 13	1490	1581	1878.83	2565
Iteration: 14	1490	1549	1884.59	2354
Iteration: 15	1490	1586	1905.75	2546
Iteration: 16	1490	1593	1889.15	2649
Iteration: 17	1490	1532	1894.29	2459
Iteration: 18	1490	1628	1875.68	2255
Iteration: 19	1490	1618	1900.72	2390
Iteration: 20	1490	1499	1907.65	2576
Iteration: 21	1490	1589	1912.59	2373
Iteration: 22	1490	1620	1904.83	2435
Iteration: 23	1490	1630	1889.8	2689
Iteration: 24	1490	1602	1871.55	2321
Iteration: 25	1490	1568	1905.03	2454
Iteration: 26	1490	1599	1901.29	2394
Iteration: 27	1490	1609	1884.33	2682
Iteration: 28	1490	1516	1866.76	2305
Iteration: 29	1490	1597	1859.32	2355
Iteration: 30	1490	1641	1905.73	2360
Iteration: 31	1481	1481	1888.56	2519
Iteration: 32	1481	1639	1938.88	2399
Iteration: 33	1481	1497	1890.79	2437
Iteration: 34	1481	1554	1898.47	2380
Iteration: 35	1481	1582	1875.29	2325
Iteration: 36	1481	1531	1865.16	2356
Iteration: 37	1481	1562	1893.84	2213
Iteration: 38	1481	1599	1919.75	2392
Iteration: 39	1481	1605	1889.95	2505
Iteration: 40	1481	1591	1901.39	2449
Iteration: 41	1481	1621	1907.63	2389
Iteration: 42	1481	1554	1859.64	2587
Iteration: 43	1481	1531	1910.97	2711
Iteration: 44	1478	1478	1869.13	2236
Iteration: 45	1478	1530	1877.71	2516
Iteration: 46	1478	1559	1908.32	2373
Iteration: 47	1478	1551	1882.52	2421
Iteration: 48	1478	1626	1931.19	2548
Iteration: 49	1478	1545	1890.61	2528
