1639.400 ( 52.579 ) 1639.400 ( 52.579 ) 1935.158 ( 30.931 ) 2443.750 ( 144.963 )
1599.500 ( 34.519 ) 1627.600 ( 40.687 ) 1899.058 ( 27.585 ) 2290.500 ( 149.731 )
1565.650 ( 35.193 ) 1587.850 ( 51.950 ) 1894.632 ( 28.459 ) 2353.350 ( 159.667 )
1558.350 ( 33.693 ) 1606.150 ( 45.064 ) 1897.470 ( 35.440 ) 2316.700 ( 128.533 )
1553.300 ( 36.027 ) 1627.350 ( 47.329 ) 1902.476 ( 25.883 ) 2317.600 ( 146.647 )
1545.200 ( 29.349 ) 1605.050 ( 47.241 ) 1893.558 ( 30.201 ) 2320.950 ( 168.884 )
1542.450 ( 29.503 ) 1618.050 ( 48.791 ) 1881.496 ( 31.258 ) 2320.350 ( 128.953 )
1539.800 ( 27.400 ) 1602.700 ( 30.726 ) 1894.540 ( 26.481 ) 2274.400 ( 87.675 )
1536.850 ( 30.345 ) 1620.800 ( 52.672 ) 1901.806 ( 39.688 ) 2319.150 ( 140.046 )
1534.050 ( 28.971 ) 1623.950 ( 52.931 ) 1908.668 ( 30.342 ) 2328.150 ( 137.565 )
1530.700 ( 28.957 ) 1620.100 ( 50.226 ) 1899.176 ( 37.646 ) 2343.750 ( 135.037 )
1530.700 ( 28.957 ) 1639.200 ( 41.245 ) 1905.466 ( 39.806 ) 2320.350 ( 140.495 )
1528.400 ( 29.238 ) 1623.150 ( 47.318 ) 1905.074 ( 36.488 ) 2324.800 ( 113.626 )
1528.400 ( 29.238 ) 1638.950 ( 38.693 ) 1907.502 ( 44.270 ) 2309.450 ( 139.370 )
1528.400 ( 29.238 ) 1633.150 ( 34.309 ) 1903.554 ( 33.511 ) 2347.300 ( 144.986 )
1528.400 ( 29.238 ) 1624.650 ( 58.599 ) 1896.428 ( 40.623 ) 2342.650 ( 127.912 )
1528.400 ( 29.238 ) 1619.200 ( 46.590 ) 1918.208 ( 29.775 ) 2306.550 ( 120.292 )
1528.400 ( 29.238 ) 1634.950 ( 45.167 ) 1916.006 ( 33.974 ) 2330.800 ( 126.278 )
1526.200 ( 26.282 ) 1603.250 ( 40.618 ) 1894.220 ( 39.938 ) 2302.250 ( 144.995 )
1526.200 ( 26.282 ) 1623.350 ( 49.361 ) 1911.164 ( 28.250 ) 2355.850 ( 157.543 )
1524.600 ( 24.675 ) 1625.750 ( 54.022 ) 1902.708 ( 35.146 ) 2378.700 ( 148.330 )
1521.750 ( 24.052 ) 1605.150 ( 62.613 ) 1905.536 ( 46.750 ) 2342.900 ( 154.945 )
1521.750 ( 24.052 ) 1614.000 ( 44.876 ) 1903.894 ( 36.041 ) 2309.950 ( 126.092 )
1521.750 ( 24.052 ) 1630.750 ( 45.576 ) 1907.628 ( 40.296 ) 2299.050 ( 147.327 )
1521.750 ( 24.052 ) 1626.350 ( 40.381 ) 1905.226 ( 35.681 ) 2316.100 ( 108.509 )
1521.750 ( 24.052 ) 1638.900 ( 44.250 ) 1900.164 ( 38.123 ) 2261.650 ( 96.906 )
1520.650 ( 22.795 ) 1615.400 ( 58.631 ) 1905.816 ( 39.153 ) 2351.900 ( 140.463 )
1520.650 ( 22.795 ) 1618.150 ( 48.718 ) 1895.084 ( 30.302 ) 2305.850 ( 129.936 )
1520.300 ( 22.625 ) 1615.100 ( 42.124 ) 1907.052 ( 23.390 ) 2306.900 ( 93.146 )
1519.500 ( 22.622 ) 1617.050 ( 49.574 ) 1905.322 ( 31.819 ) 2281.600 ( 115.059 )
1518.450 ( 20.757 ) 1621.200 ( 42.481 ) 1910.026 ( 27.403 ) 2380.900 ( 188.533 )
1518.450 ( 20.757 ) 1615.700 ( 42.064 ) 1901.348 ( 33.725 ) 2316.900 ( 138.585 )
1517.500 ( 20.733 ) 1636.000 ( 59.949 ) 1900.188 ( 35.967 ) 2304.850 ( 117.557 )
1517.500 ( 20.733 ) 1622.400 ( 36.059 ) 1896.542 ( 40.326 ) 2270.100 ( 143.553 )
1517.200 ( 20.447 ) 1595.550 ( 45.033 ) 1903.370 ( 28.055 ) 2345.650 ( 136.331 )
1517.200 ( 20.447 ) 1622.650 ( 47.079 ) 1902.092 ( 30.708 ) 2350.900 ( 159.147 )
1517.200 ( 20.447 ) 1617.950 ( 31.963 ) 1908.340 ( 33.256 ) 2365.500 ( 130.495 )
1517.200 ( 20.447 ) 1638.550 ( 49.064 ) 1908.656 ( 45.371 ) 2394.800 ( 175.502 )
1517.200 ( 20.447 ) 1619.150 ( 50.222 ) 1906.080 ( 31.600 ) 2339.550 ( 132.989 )
1517.200 ( 20.447 ) 1617.650 ( 65.122 ) 1903.986 ( 35.370 ) 2360.400 ( 125.815 )
1517.200 ( 20.447 ) 1619.200 ( 48.654 ) 1923.254 ( 34.351 ) 2339.000 ( 86.682 )
1516.450 ( 20.617 ) 1615.150 ( 62.029 ) 1910.490 ( 41.223 ) 2373.400 ( 174.748 )
1516.450 ( 20.617 ) 1600.500 ( 40.470 ) 1902.960 ( 39.247 ) 2368.050 ( 118.291 )
1516.450 ( 20.617 ) 1621.950 ( 37.246 ) 1890.084 ( 29.794 ) 2311.550 ( 128.424 )
1515.250 ( 22.070 ) 1610.200 ( 56.701 ) 1909.956 ( 34.683 ) 2358.900 ( 123.259 )
1515.250 ( 22.070 ) 1612.700 ( 52.124 ) 1906.446 ( 23.653 ) 2342.650 ( 114.608 )
1511.050 ( 22.261 ) 1610.950 ( 61.420 ) 1918.846 ( 34.343 ) 2403.700 ( 126.355 )
1510.200 ( 21.049 ) 1617.150 ( 49.988 ) 1910.836 ( 40.315 ) 2329.200 ( 144.293 )
1510.200 ( 21.049 ) 1634.850 ( 39.909 ) 1920.240 ( 53.037 ) 2387.100 ( 156.031 )
1509.900 ( 20.763 ) 1604.000 ( 39.464 ) 1910.882 ( 23.584 ) 2359.200 ( 133.622 )
1508.700 ( 20.606 ) 1628.650 ( 53.870 ) 1927.182 ( 40.558 ) 2389.600 ( 173.439 )
1507.800 ( 19.906 ) 1603.950 ( 42.402 ) 1917.924 ( 38.836 ) 2365.850 ( 150.648 )
1507.800 ( 19.906 ) 1618.600 ( 57.279 ) 1905.096 ( 43.418 ) 2365.750 ( 190.009 )
1507.800 ( 19.906 ) 1636.800 ( 44.952 ) 1917.496 ( 45.897 ) 2370.250 ( 133.353 )
1507.800 ( 19.906 ) 1597.750 ( 50.090 ) 1895.960 ( 34.077 ) 2310.800 ( 124.679 )
1506.000 ( 22.043 ) 1606.650 ( 52.404 ) 1913.828 ( 41.659 ) 2414.050 ( 184.178 )
1505.650 ( 22.206 ) 1633.650 ( 58.332 ) 1919.224 ( 33.609 ) 2321.700 ( 117.647 )
1497.150 ( 28.322 ) 1595.650 ( 73.114 ) 1905.614 ( 38.194 ) 2349.900 ( 158.360 )
1497.150 ( 28.322 ) 1624.800 ( 42.437 ) 1924.960 ( 34.243 ) 2343.850 ( 169.496 )
1497.150 ( 28.322 ) 1625.200 ( 44.961 ) 1910.330 ( 33.236 ) 2370.500 ( 152.926 )
1497.150 ( 28.322 ) 1639.750 ( 54.263 ) 1913.656 ( 32.899 ) 2395.950 ( 224.358 )
1496.250 ( 26.574 ) 1599.500 ( 44.947 ) 1916.776 ( 39.600 ) 2443.400 ( 180.768 )
1496.250 ( 26.574 ) 1627.850 ( 49.716 ) 1902.516 ( 45.875 ) 2280.600 ( 91.551 )
1496.250 ( 26.574 ) 1623.400 ( 49.079 ) 1922.168 ( 44.034 ) 2386.850 ( 160.747 )
1496.250 ( 26.574 ) 1618.550 ( 60.242 ) 1907.316 ( 28.252 ) 2329.600 ( 109.147 )
1496.250 ( 26.574 ) 1615.800 ( 53.083 ) 1909.734 ( 29.163 ) 2354.350 ( 143.711 )
1496.250 ( 26.574 ) 1631.000 ( 49.811 ) 1904.200 ( 33.708 ) 2304.950 ( 149.466 )
1496.250 ( 26.574 ) 1632.250 ( 60.613 ) 1932.788 ( 40.448 ) 2390.300 ( 144.567 )
1493.250 ( 29.235 ) 1605.300 ( 62.800 ) 1918.282 ( 43.145 ) 2396.050 ( 147.743 )
1492.850 ( 28.808 ) 1617.500 ( 45.008 ) 1905.396 ( 35.520 ) 2420.200 ( 195.859 )
1492.850 ( 28.808 ) 1625.950 ( 44.736 ) 1908.102 ( 40.340 ) 2364.450 ( 145.526 )
1492.700 ( 28.564 ) 1607.000 ( 45.488 ) 1917.806 ( 38.461 ) 2399.600 ( 139.097 )
1492.700 ( 28.564 ) 1619.300 ( 34.195 ) 1909.568 ( 39.428 ) 2384.650 ( 149.551 )
1492.650 ( 28.486 ) 1609.700 ( 57.307 ) 1910.170 ( 32.042 ) 2372.900 ( 190.022 )
1492.650 ( 28.486 ) 1638.900 ( 45.731 ) 1906.750 ( 37.927 ) 2325.550 ( 128.560 )
1492.650 ( 28.486 ) 1628.400 ( 33.513 ) 1920.340 ( 32.925 ) 2400.000 ( 135.978 )
1490.800 ( 27.239 ) 1604.100 ( 47.448 ) 1916.392 ( 29.317 ) 2381.800 ( 115.316 )
1490.450 ( 27.176 ) 1609.500 ( 56.842 ) 1918.468 ( 38.912 ) 2391.500 ( 146.101 )
1489.900 ( 26.679 ) 1626.000 ( 54.396 ) 1927.370 ( 38.560 ) 2352.550 ( 150.016 )
1488.500 ( 26.724 ) 1618.800 ( 67.794 ) 1911.244 ( 38.112 ) 2363.400 ( 152.702 )
1488.500 ( 26.724 ) 1630.400 ( 47.328 ) 1908.138 ( 39.183 ) 2354.350 ( 118.638 )
1488.500 ( 26.724 ) 1598.650 ( 45.524 ) 1906.046 ( 34.031 ) 2363.550 ( 117.049 )
1488.500 ( 26.724 ) 1652.700 ( 43.293 ) 1911.232 ( 38.567 ) 2344.500 ( 157.098 )
1488.500 ( 26.724 ) 1619.550 ( 51.476 ) 1913.872 ( 39.185 ) 2393.550 ( 198.018 )
1488.050 ( 26.150 ) 1596.450 ( 53.176 ) 1900.492 ( 22.071 ) 2343.800 ( 133.966 )
1488.050 ( 26.150 ) 1620.700 ( 68.104 ) 1922.774 ( 40.700 ) 2378.400 ( 130.333 )
1488.050 ( 26.150 ) 1601.050 ( 46.926 ) 1919.268 ( 35.042 ) 2359.950 ( 132.010 )
1488.050 ( 26.150 ) 1616.350 ( 56.729 ) 1918.918 ( 37.084 ) 2410.850 ( 190.732 )
1488.050 ( 26.150 ) 1631.000 ( 51.543 ) 1910.272 ( 28.818 ) 2322.050 ( 178.934 )
1488.050 ( 26.150 ) 1633.050 ( 73.160 ) 1928.750 ( 36.007 ) 2356.450 ( 144.191 )
1488.050 ( 26.150 ) 1640.800 ( 58.157 ) 1920.508 ( 40.206 ) 2338.850 ( 163.402 )
1487.100 ( 26.334 ) 1607.700 ( 59.553 ) 1914.204 ( 39.603 ) 2384.700 ( 139.131 )
1487.100 ( 26.334 ) 1624.850 ( 52.534 ) 1903.346 ( 18.936 ) 2338.300 ( 145.173 )
1486.350 ( 25.910 ) 1616.100 ( 48.335 ) 1910.336 ( 42.111 ) 2320.600 ( 138.073 )
1486.350 ( 25.910 ) 1617.850 ( 53.202 ) 1915.116 ( 34.432 ) 2423.950 ( 128.710 )
1486.350 ( 25.910 ) 1622.300 ( 50.927 ) 1915.760 ( 38.011 ) 2350.200 ( 142.718 )
1486.350 ( 25.910 ) 1612.550 ( 45.105 ) 1908.512 ( 40.291 ) 2344.950 ( 151.164 )
1486.350 ( 25.910 ) 1644.800 ( 39.487 ) 1919.602 ( 47.285 ) 2369.500 ( 135.513 )
1485.750 ( 26.004 ) 1618.150 ( 63.569 ) 1919.380 ( 34.175 ) 2455.550 ( 199.346 )
1485.750 ( 26.004 ) 1626.900 ( 55.325 ) 1915.502 ( 38.845 ) 2327.200 ( 115.978 )
1485.750 ( 26.004 ) 1617.700 ( 48.381 ) 1911.430 ( 39.106 ) 2366.150 ( 199.235 )
1485.750 ( 26.004 ) 1624.950 ( 44.583 ) 1922.402 ( 37.743 ) 2383.150 ( 137.427 )
1485.750 ( 26.004 ) 1627.300 ( 54.091 ) 1918.902 ( 45.676 ) 2365.200 ( 131.938 )
1485.750 ( 26.004 ) 1627.400 ( 59.535 ) 1916.862 ( 35.895 ) 2345.350 ( 171.262 )
1485.750 ( 26.004 ) 1607.150 ( 54.743 ) 1913.246 ( 38.024 ) 2361.950 ( 162.571 )
1485.750 ( 26.004 ) 1624.850 ( 66.260 ) 1936.232 ( 45.370 ) 2413.800 ( 176.177 )
1485.750 ( 26.004 ) 1634.200 ( 47.305 ) 1920.242 ( 35.738 ) 2341.550 ( 147.448 )
1485.750 ( 26.004 ) 1636.400 ( 60.319 ) 1921.452 ( 33.015 ) 2404.300 ( 191.615 )
1485.750 ( 26.004 ) 1630.500 ( 69.055 ) 1929.278 ( 39.115 ) 2381.300 ( 133.131 )
1485.750 ( 26.004 ) 1621.400 ( 53.945 ) 1917.836 ( 37.026 ) 2358.000 ( 122.678 )
1485.750 ( 26.004 ) 1629.300 ( 50.177 ) 1926.884 ( 33.925 ) 2388.200 ( 178.410 )
1485.750 ( 26.004 ) 1640.800 ( 44.114 ) 1925.726 ( 35.672 ) 2417.800 ( 157.366 )
1484.800 ( 24.567 ) 1629.950 ( 44.749 ) 1917.838 ( 37.889 ) 2348.150 ( 104.470 )
1484.800 ( 24.567 ) 1645.000 ( 47.680 ) 1922.240 ( 27.293 ) 2366.800 ( 101.141 )
1482.400 ( 30.464 ) 1600.750 ( 57.951 ) 1925.458 ( 32.847 ) 2397.750 ( 155.713 )
1482.400 ( 30.464 ) 1611.950 ( 62.342 ) 1918.460 ( 38.492 ) 2426.700 ( 213.140 )
1482.400 ( 30.464 ) 1610.550 ( 49.960 ) 1903.626 ( 41.221 ) 2330.900 ( 113.005 )
1482.400 ( 30.464 ) 1619.500 ( 52.691 ) 1922.374 ( 30.869 ) 2350.050 ( 98.957 )
1482.400 ( 30.464 ) 1610.150 ( 42.282 ) 1923.474 ( 32.108 ) 2393.700 ( 130.182 )
1482.400 ( 30.464 ) 1644.200 ( 41.691 ) 1929.480 ( 28.375 ) 2414.850 ( 161.373 )
1482.400 ( 30.464 ) 1610.250 ( 47.661 ) 1916.440 ( 34.352 ) 2352.450 ( 133.705 )
1482.400 ( 30.464 ) 1640.800 ( 39.319 ) 1931.630 ( 42.611 ) 2428.750 ( 186.770 )
1482.400 ( 30.464 ) 1635.400 ( 42.961 ) 1909.686 ( 37.461 ) 2323.550 ( 118.975 )
1482.400 ( 30.464 ) 1622.100 ( 57.539 ) 1923.464 ( 36.180 ) 2328.750 ( 86.038 )
1482.400 ( 30.464 ) 1639.550 ( 53.624 ) 1904.066 ( 40.000 ) 2308.600 ( 125.603 )
1482.400 ( 30.464 ) 1607.950 ( 64.558 ) 1911.628 ( 31.414 ) 2409.450 ( 197.965 )
1482.400 ( 30.464 ) 1641.750 ( 48.326 ) 1919.844 ( 34.020 ) 2387.700 ( 163.639 )
1482.400 ( 30.464 ) 1627.800 ( 61.581 ) 1933.616 ( 46.929 ) 2390.050 ( 152.349 )
1482.400 ( 30.464 ) 1609.150 ( 50.454 ) 1908.938 ( 39.026 ) 2405.050 ( 225.292 )
1482.400 ( 30.464 ) 1624.850 ( 60.427 ) 1911.568 ( 49.396 ) 2362.450 ( 170.170 )
1482.400 ( 30.464 ) 1641.400 ( 46.326 ) 1930.174 ( 31.107 ) 2355.450 ( 90.714 )
1478.400 ( 31.165 ) 1614.650 ( 64.267 ) 1912.210 ( 40.353 ) 2345.700 ( 203.077 )
1478.400 ( 31.165 ) 1625.600 ( 53.656 ) 1927.796 ( 40.364 ) 2394.400 ( 159.141 )
1478.400 ( 31.165 ) 1624.400 ( 50.643 ) 1915.382 ( 40.959 ) 2336.150 ( 130.417 )
1478.400 ( 31.165 ) 1629.900 ( 54.603 ) 1918.776 ( 44.203 ) 2356.450 ( 150.208 )
1478.400 ( 31.165 ) 1628.900 ( 46.674 ) 1911.798 ( 36.787 ) 2357.450 ( 137.930 )
1478.400 ( 31.165 ) 1610.300 ( 56.178 ) 1916.260 ( 31.436 ) 2399.650 ( 119.993 )
1478.400 ( 31.165 ) 1608.500 ( 53.554 ) 1908.746 ( 30.652 ) 2381.400 ( 148.416 )
1477.750 ( 30.566 ) 1614.250 ( 59.027 ) 1922.178 ( 40.594 ) 2360.400 ( 169.917 )
1477.750 ( 30.566 ) 1607.400 ( 56.142 ) 1914.398 ( 36.473 ) 2384.300 ( 204.453 )
1477.750 ( 30.566 ) 1631.600 ( 63.660 ) 1931.264 ( 52.883 ) 2437.150 ( 164.775 )
1477.750 ( 30.566 ) 1616.500 ( 55.622 ) 1923.808 ( 42.135 ) 2373.650 ( 135.020 )
1477.750 ( 30.566 ) 1624.300 ( 47.867 ) 1927.060 ( 40.671 ) 2369.150 ( 131.980 )
1477.750 ( 30.566 ) 1610.150 ( 53.017 ) 1913.320 ( 32.397 ) 2365.450 ( 197.873 )
1477.750 ( 30.566 ) 1612.600 ( 43.426 ) 1927.444 ( 27.002 ) 2407.850 ( 175.508 )
1477.750 ( 30.566 ) 1623.150 ( 34.623 ) 1920.450 ( 29.035 ) 2317.900 ( 117.702 )
1477.750 ( 30.566 ) 1618.200 ( 37.265 ) 1904.130 ( 33.142 ) 2347.950 ( 131.941 )
1477.750 ( 30.566 ) 1641.950 ( 48.382 ) 1938.348 ( 42.552 ) 2422.350 ( 188.515 )
1477.750 ( 30.566 ) 1620.050 ( 61.945 ) 1925.234 ( 36.219 ) 2359.550 ( 112.238 )
1477.750 ( 30.566 ) 1604.400 ( 51.647 ) 1917.050 ( 30.674 ) 2362.850 ( 125.469 )
1477.750 ( 30.566 ) 1635.050 ( 56.288 ) 1933.160 ( 39.239 ) 2336.650 ( 134.411 )
1477.750 ( 30.566 ) 1638.600 ( 33.971 ) 1913.616 ( 27.574 ) 2378.500 ( 139.654 )
1477.750 ( 30.566 ) 1619.400 ( 51.248 ) 1926.370 ( 26.106 ) 2438.150 ( 126.766 )
1477.750 ( 30.566 ) 1622.650 ( 56.107 ) 1906.902 ( 33.833 ) 2361.050 ( 160.355 )
1477.750 ( 30.566 ) 1622.650 ( 45.539 ) 1909.776 ( 24.224 ) 2363.250 ( 88.092 )
1477.750 ( 30.566 ) 1640.650 ( 54.567 ) 1920.338 ( 36.024 ) 2433.100 ( 180.180 )
1477.750 ( 30.566 ) 1599.800 ( 48.304 ) 1900.962 ( 42.460 ) 2349.250 ( 138.539 )
1477.750 ( 30.566 ) 1629.500 ( 43.824 ) 1922.388 ( 41.313 ) 2391.300 ( 158.889 )
1477.750 ( 30.566 ) 1637.200 ( 49.967 ) 1920.664 ( 45.121 ) 2333.300 ( 130.195 )
1477.300 ( 30.166 ) 1620.150 ( 57.497 ) 1911.714 ( 42.640 ) 2401.700 ( 170.965 )
1477.300 ( 30.166 ) 1624.350 ( 47.897 ) 1930.036 ( 42.938 ) 2393.650 ( 149.499 )
1474.150 ( 29.318 ) 1598.400 ( 57.483 ) 1900.766 ( 24.994 ) 2353.650 ( 136.690 )
1474.150 ( 29.318 ) 1617.500 ( 37.096 ) 1910.250 ( 35.521 ) 2351.950 ( 158.325 )
1474.150 ( 29.318 ) 1637.700 ( 50.934 ) 1918.030 ( 28.997 ) 2347.600 ( 125.456 )
1474.150 ( 29.318 ) 1639.150 ( 46.300 ) 1910.722 ( 33.666 ) 2326.200 ( 109.291 )
1474.150 ( 29.318 ) 1613.250 ( 48.128 ) 1900.638 ( 22.799 ) 2356.200 ( 132.135 )
1474.150 ( 29.318 ) 1624.000 ( 50.343 ) 1923.652 ( 40.210 ) 2386.400 ( 146.912 )
1474.150 ( 29.318 ) 1612.950 ( 48.626 ) 1914.118 ( 25.195 ) 2385.900 ( 131.908 )
1474.150 ( 29.318 ) 1624.700 ( 49.584 ) 1911.330 ( 34.346 ) 2365.850 ( 192.754 )
1473.500 ( 29.214 ) 1608.850 ( 57.361 ) 1926.032 ( 45.504 ) 2417.550 ( 125.909 )
1473.500 ( 29.214 ) 1621.550 ( 39.781 ) 1915.828 ( 45.325 ) 2345.400 ( 177.366 )
1473.500 ( 29.214 ) 1632.550 ( 56.225 ) 1933.468 ( 40.000 ) 2367.200 ( 148.255 )
1473.500 ( 29.214 ) 1628.750 ( 55.819 ) 1930.466 ( 46.172 ) 2366.800 ( 118.206 )
1473.500 ( 29.214 ) 1633.650 ( 48.122 ) 1925.918 ( 30.405 ) 2390.000 ( 135.646 )
1471.550 ( 29.738 ) 1608.700 ( 67.452 ) 1923.024 ( 42.713 ) 2373.900 ( 154.431 )
1471.550 ( 29.738 ) 1640.000 ( 51.083 ) 1927.096 ( 31.052 ) 2325.500 ( 110.906 )
1470.400 ( 29.131 ) 1609.300 ( 55.557 ) 1912.040 ( 37.960 ) 2370.050 ( 128.885 )
1470.400 ( 29.131 ) 1624.250 ( 46.054 ) 1921.226 ( 24.963 ) 2359.000 ( 168.109 )
1470.400 ( 29.131 ) 1648.550 ( 55.707 ) 1925.524 ( 34.584 ) 2349.250 ( 156.169 )
1467.650 ( 29.555 ) 1618.500 ( 62.161 ) 1919.210 ( 24.893 ) 2363.650 ( 136.644 )
1467.650 ( 29.555 ) 1609.800 ( 56.741 ) 1910.702 ( 42.916 ) 2421.500 ( 204.160 )
1467.650 ( 29.555 ) 1625.850 ( 43.172 ) 1934.846 ( 26.813 ) 2368.850 ( 137.961 )
1467.650 ( 29.555 ) 1628.250 ( 36.058 ) 1928.208 ( 44.168 ) 2374.900 ( 125.762 )
1467.600 ( 29.546 ) 1612.500 ( 52.563 ) 1913.044 ( 38.879 ) 2356.850 ( 150.576 )
1467.600 ( 29.546 ) 1595.850 ( 50.118 ) 1923.226 ( 41.682 ) 2372.500 ( 168.825 )
1467.600 ( 29.546 ) 1618.050 ( 58.420 ) 1916.828 ( 42.839 ) 2386.500 ( 131.794 )
1467.600 ( 29.546 ) 1628.250 ( 50.733 ) 1914.598 ( 39.035 ) 2378.600 ( 146.924 )
1467.600 ( 29.546 ) 1631.750 ( 64.226 ) 1922.018 ( 39.385 ) 2416.700 ( 121.205 )
1467.600 ( 29.546 ) 1621.950 ( 69.933 ) 1917.318 ( 39.798 ) 2352.350 ( 131.117 )
1467.600 ( 29.546 ) 1612.800 ( 54.825 ) 1919.834 ( 27.572 ) 2380.100 ( 160.771 )
1467.600 ( 29.546 ) 1631.900 ( 56.395 ) 1921.524 ( 31.596 ) 2387.150 ( 150.546 )
1467.600 ( 29.546 ) 1640.950 ( 49.049 ) 1928.596 ( 42.832 ) 2410.450 ( 203.502 )
1467.600 ( 29.546 ) 1622.350 ( 62.197 ) 1925.900 ( 36.410 ) 2415.300 ( 192.636 )
1467.600 ( 29.546 ) 1632.000 ( 50.308 ) 1941.870 ( 33.158 ) 2421.200 ( 176.035 )
1467.600 ( 29.546 ) 1637.500 ( 48.444 ) 1942.064 ( 35.471 ) 2413.700 ( 121.208 )
1467.600 ( 29.546 ) 1638.550 ( 52.334 ) 1926.026 ( 36.293 ) 2350.400 ( 122.553 )
1467.600 ( 29.546 ) 1622.350 ( 43.785 ) 1948.808 ( 30.265 ) 2431.850 ( 164.099 )
1467.600 ( 29.546 ) 1636.900 ( 46.528 ) 1927.604 ( 27.474 ) 2370.000 ( 107.463 )
1467.600 ( 29.546 ) 1659.450 ( 52.713 ) 1921.020 ( 47.063 ) 2334.200 ( 124.739 )
1467.600 ( 29.546 ) 1622.350 ( 48.888 ) 1916.982 ( 48.797 ) 2425.500 ( 245.069 )
1467.600 ( 29.546 ) 1628.450 ( 49.857 ) 1913.582 ( 35.780 ) 2378.900 ( 159.574 )
1467.600 ( 29.546 ) 1620.600 ( 50.129 ) 1938.860 ( 32.628 ) 2420.850 ( 120.277 )
1467.600 ( 29.546 ) 1602.950 ( 68.864 ) 1917.074 ( 29.662 ) 2382.400 ( 124.742 )
1467.600 ( 29.546 ) 1622.300 ( 56.581 ) 1940.760 ( 41.773 ) 2433.350 ( 127.647 )
1467.600 ( 29.546 ) 1610.700 ( 49.314 ) 1908.688 ( 35.129 ) 2377.650 ( 135.241 )
1467.600 ( 29.546 ) 1616.050 ( 44.006 ) 1923.556 ( 27.752 ) 2381.450 ( 147.609 )
1467.600 ( 29.546 ) 1639.950 ( 43.347 ) 1925.664 ( 34.475 ) 2338.100 ( 121.734 )
1467.600 ( 29.546 ) 1606.850 ( 60.574 ) 1921.190 ( 44.059 ) 2374.100 ( 175.163 )
1467.600 ( 29.546 ) 1631.300 ( 49.483 ) 1923.152 ( 41.935 ) 2404.650 ( 198.192 )
1467.600 ( 29.546 ) 1611.150 ( 51.333 ) 1934.452 ( 46.249 ) 2417.950 ( 120.571 )
1467.600 ( 29.546 ) 1621.650 ( 64.728 ) 1917.194 ( 50.909 ) 2347.900 ( 153.007 )
1467.600 ( 29.546 ) 1623.800 ( 47.730 ) 1931.064 ( 29.082 ) 2393.700 ( 159.103 )
1467.600 ( 29.546 ) 1629.800 ( 45.675 ) 1932.888 ( 48.532 ) 2429.000 ( 175.242 )
1467.600 ( 29.546 ) 1611.800 ( 45.646 ) 1930.680 ( 36.787 ) 2408.600 ( 167.590 )
1467.600 ( 29.546 ) 1625.800 ( 59.041 ) 1928.724 ( 31.271 ) 2373.850 ( 92.469 )
1467.600 ( 29.546 ) 1625.750 ( 42.430 ) 1929.624 ( 28.983 ) 2478.500 ( 188.527 )
1467.600 ( 29.546 ) 1640.800 ( 50.573 ) 1920.422 ( 29.462 ) 2361.700 ( 183.225 )
1467.600 ( 29.546 ) 1622.950 ( 49.166 ) 1921.258 ( 28.340 ) 2316.100 ( 118.170 )
1467.600 ( 29.546 ) 1611.700 ( 50.640 ) 1925.108 ( 46.748 ) 2354.950 ( 136.707 )
1467.600 ( 29.546 ) 1648.600 ( 53.959 ) 1930.934 ( 38.266 ) 2436.750 ( 161.100 )
1465.750 ( 30.115 ) 1605.050 ( 66.566 ) 1912.280 ( 48.395 ) 2391.350 ( 226.684 )
1465.750 ( 30.115 ) 1616.350 ( 45.298 ) 1930.260 ( 26.315 ) 2412.800 ( 181.308 )
1465.750 ( 30.115 ) 1625.800 ( 61.201 ) 1911.178 ( 39.583 ) 2352.250 ( 149.860 )
1465.750 ( 30.115 ) 1622.500 ( 55.710 ) 1912.444 ( 44.719 ) 2403.200 ( 159.563 )
1465.750 ( 30.115 ) 1649.500 ( 38.273 ) 1935.870 ( 39.773 ) 2368.100 ( 140.867 )
1465.750 ( 30.115 ) 1635.050 ( 51.298 ) 1945.154 ( 38.760 ) 2382.850 ( 116.746 )
1465.750 ( 30.115 ) 1635.950 ( 39.879 ) 1938.036 ( 32.064 ) 2437.900 ( 161.271 )
1465.750 ( 30.115 ) 1616.200 ( 58.481 ) 1934.278 ( 38.465 ) 2412.000 ( 145.989 )
1465.750 ( 30.115 ) 1613.450 ( 36.349 ) 1927.924 ( 37.084 ) 2437.800 ( 179.813 )
1465.750 ( 30.115 ) 1622.600 ( 44.149 ) 1923.434 ( 36.302 ) 2405.350 ( 125.194 )
1465.200 ( 29.986 ) 1618.550 ( 57.149 ) 1922.640 ( 31.254 ) 2351.150 ( 119.696 )
1464.900 ( 29.766 ) 1597.650 ( 56.539 ) 1929.262 ( 47.195 ) 2473.950 ( 244.557 )
1464.900 ( 29.766 ) 1635.450 ( 42.181 ) 1943.716 ( 45.627 ) 2465.100 ( 182.438 )
1464.900 ( 29.766 ) 1627.150 ( 35.542 ) 1925.812 ( 38.638 ) 2406.700 ( 192.171 )
1464.900 ( 29.766 ) 1643.150 ( 54.797 ) 1933.644 ( 36.709 ) 2393.650 ( 136.554 )
1464.900 ( 29.766 ) 1638.750 ( 53.415 ) 1933.796 ( 54.957 ) 2411.000 ( 158.191 )
1464.900 ( 29.766 ) 1616.500 ( 43.120 ) 1915.066 ( 34.454 ) 2368.550 ( 143.438 )
1464.900 ( 29.766 ) 1638.200 ( 52.671 ) 1907.106 ( 31.403 ) 2321.950 ( 132.969 )
1464.900 ( 29.766 ) 1607.000 ( 60.546 ) 1925.714 ( 37.647 ) 2435.450 ( 154.733 )
1464.900 ( 29.766 ) 1627.000 ( 36.037 ) 1931.508 ( 40.259 ) 2458.100 ( 233.419 )
1464.900 ( 29.766 ) 1608.850 ( 58.003 ) 1917.764 ( 50.282 ) 2394.050 ( 189.630 )
1464.150 ( 29.967 ) 1613.650 ( 68.573 ) 1925.636 ( 45.456 ) 2321.000 ( 151.814 )
1463.500 ( 29.449 ) 1606.650 ( 62.167 ) 1915.364 ( 28.325 ) 2370.950 ( 141.894 )
1463.500 ( 29.449 ) 1628.600 ( 52.325 ) 1920.574 ( 36.113 ) 2402.800 ( 167.209 )
1463.500 ( 29.449 ) 1617.000 ( 46.678 ) 1912.884 ( 31.543 ) 2320.700 ( 126.244 )
1463.500 ( 29.449 ) 1630.350 ( 57.406 ) 1936.536 ( 33.335 ) 2418.900 ( 140.158 )
1463.500 ( 29.449 ) 1615.250 ( 61.342 ) 1933.980 ( 51.974 ) 2443.050 ( 169.039 )
1463.500 ( 29.449 ) 1635.500 ( 47.204 ) 1923.968 ( 36.166 ) 2354.200 ( 126.655 )
1463.500 ( 29.449 ) 1619.150 ( 65.650 ) 1933.226 ( 34.913 ) 2425.800 ( 185.496 )
1463.500 ( 29.449 ) 1611.350 ( 46.566 ) 1923.082 ( 32.534 ) 2388.850 ( 141.440 )
1463.500 ( 29.449 ) 1643.700 ( 48.154 ) 1934.986 ( 51.467 ) 2337.500 ( 136.666 )
1463.500 ( 29.449 ) 1602.300 ( 56.981 ) 1910.812 ( 34.249 ) 2328.400 ( 119.772 )
1463.500 ( 29.449 ) 1632.300 ( 60.293 ) 1929.286 ( 41.066 ) 2428.950 ( 200.136 )
1463.500 ( 29.449 ) 1616.100 ( 48.510 ) 1916.294 ( 42.347 ) 2390.600 ( 207.361 )
1463.500 ( 29.449 ) 1631.050 ( 51.766 ) 1915.790 ( 45.841 ) 2362.450 ( 156.882 )
1463.500 ( 29.449 ) 1631.500 ( 43.334 ) 1944.920 ( 46.667 ) 2406.700 ( 180.442 )
1463.500 ( 29.449 ) 1648.750 ( 44.025 ) 1930.820 ( 41.690 ) 2435.450 ( 130.112 )
1463.500 ( 29.449 ) 1598.300 ( 59.249 ) 1924.426 ( 46.081 ) 2433.000 ( 166.614 )
1463.500 ( 29.449 ) 1625.150 ( 37.974 ) 1920.416 ( 28.356 ) 2390.750 ( 121.987 )
1463.500 ( 29.449 ) 1605.150 ( 45.937 ) 1918.142 ( 39.149 ) 2414.700 ( 169.887 )
1463.500 ( 29.449 ) 1632.250 ( 40.465 ) 1934.728 ( 36.139 ) 2438.350 ( 182.069 )
1463.500 ( 29.449 ) 1632.750 ( 60.856 ) 1925.662 ( 32.753 ) 2379.400 ( 98.771 )
1463.500 ( 29.449 ) 1633.000 ( 40.700 ) 1946.148 ( 36.375 ) 2446.050 ( 168.079 )
1463.500 ( 29.449 ) 1638.600 ( 70.315 ) 1934.134 ( 34.722 ) 2381.650 ( 106.854 )
1463.500 ( 29.449 ) 1642.650 ( 44.172 ) 1937.696 ( 41.395 ) 2419.300 ( 157.290 )
1463.500 ( 29.449 ) 1643.750 ( 58.225 ) 1930.542 ( 48.346 ) 2431.450 ( 180.635 )
1463.500 ( 29.449 ) 1626.500 ( 55.909 ) 1936.754 ( 38.857 ) 2405.850 ( 115.608 )
1463.500 ( 29.449 ) 1637.900 ( 54.965 ) 1922.418 ( 46.492 ) 2414.300 ( 219.582 )
1463.500 ( 29.449 ) 1628.900 ( 47.063 ) 1946.648 ( 39.906 ) 2457.500 ( 188.512 )
1463.500 ( 29.449 ) 1636.450 ( 52.144 ) 1938.814 ( 43.134 ) 2417.150 ( 215.362 )
1463.500 ( 29.449 ) 1633.300 ( 35.495 ) 1927.386 ( 30.894 ) 2416.550 ( 146.405 )
1461.350 ( 29.224 ) 1604.000 ( 59.340 ) 1910.824 ( 36.020 ) 2306.900 ( 134.631 )
1461.350 ( 29.224 ) 1631.550 ( 55.668 ) 1939.466 ( 43.336 ) 2419.000 ( 157.527 )
1461.350 ( 29.224 ) 1618.300 ( 61.338 ) 1927.198 ( 45.650 ) 2377.550 ( 164.956 )
1461.350 ( 29.224 ) 1631.700 ( 49.024 ) 1936.152 ( 47.371 ) 2363.650 ( 101.166 )
1461.350 ( 29.224 ) 1606.500 ( 45.127 ) 1915.538 ( 50.084 ) 2405.100 ( 184.017 )
1461.350 ( 29.224 ) 1615.350 ( 57.298 ) 1933.964 ( 50.855 ) 2448.150 ( 167.095 )
1461.350 ( 29.224 ) 1642.300 ( 49.355 ) 1935.918 ( 38.562 ) 2471.700 ( 177.671 )
1461.350 ( 29.224 ) 1637.300 ( 38.628 ) 1933.170 ( 50.750 ) 2430.150 ( 216.760 )
1461.350 ( 29.224 ) 1636.500 ( 37.646 ) 1913.212 ( 25.022 ) 2317.500 ( 97.278 )
1461.350 ( 29.224 ) 1623.550 ( 42.854 ) 1920.120 ( 36.617 ) 2372.750 ( 189.975 )
1461.350 ( 29.224 ) 1617.750 ( 50.149 ) 1932.170 ( 23.335 ) 2430.950 ( 132.865 )
1461.350 ( 29.224 ) 1610.850 ( 53.652 ) 1919.700 ( 37.258 ) 2405.850 ( 137.418 )
1461.350 ( 29.224 ) 1626.150 ( 40.988 ) 1923.280 ( 37.204 ) 2380.450 ( 185.559 )
1461.350 ( 29.224 ) 1628.600 ( 52.221 ) 1925.524 ( 34.499 ) 2361.150 ( 102.359 )
1461.350 ( 29.224 ) 1627.500 ( 44.090 ) 1937.220 ( 28.169 ) 2408.550 ( 127.981 )
1461.350 ( 29.224 ) 1623.450 ( 42.440 ) 1929.542 ( 29.680 ) 2399.050 ( 143.725 )
1461.350 ( 29.224 ) 1619.450 ( 44.526 ) 1908.468 ( 40.110 ) 2344.050 ( 152.828 )
1461.350 ( 29.224 ) 1629.250 ( 43.490 ) 1926.640 ( 46.621 ) 2396.800 ( 141.015 )
1461.350 ( 29.224 ) 1623.300 ( 61.617 ) 1926.140 ( 33.055 ) 2435.950 ( 187.880 )
1460.050 ( 27.514 ) 1606.750 ( 55.254 ) 1918.736 ( 51.034 ) 2413.000 ( 235.691 )
1459.200 ( 27.301 ) 1597.100 ( 52.420 ) 1912.450 ( 37.701 ) 2331.500 ( 111.481 )
1459.200 ( 27.301 ) 1628.700 ( 55.402 ) 1923.888 ( 36.927 ) 2406.800 ( 181.805 )
1459.200 ( 27.301 ) 1619.700 ( 37.167 ) 1912.480 ( 27.655 ) 2358.450 ( 123.320 )
1459.200 ( 27.301 ) 1617.750 ( 51.931 ) 1932.252 ( 39.174 ) 2407.850 ( 128.950 )
1459.200 ( 27.301 ) 1621.650 ( 40.807 ) 1919.904 ( 27.704 ) 2334.650 ( 144.445 )
1459.200 ( 27.301 ) 1638.350 ( 49.683 ) 1933.080 ( 49.722 ) 2400.550 ( 167.987 )
1459.200 ( 27.301 ) 1609.100 ( 74.961 ) 1936.412 ( 44.370 ) 2395.150 ( 112.703 )
1459.200 ( 27.301 ) 1632.000 ( 55.192 ) 1933.944 ( 34.654 ) 2401.400 ( 121.457 )
1459.200 ( 27.301 ) 1627.400 ( 40.971 ) 1924.890 ( 50.610 ) 2375.750 ( 131.841 )
1459.200 ( 27.301 ) 1615.250 ( 59.541 ) 1921.686 ( 37.396 ) 2401.900 ( 135.646 )
1459.200 ( 27.301 ) 1611.800 ( 47.665 ) 1925.994 ( 28.809 ) 2380.000 ( 143.623 )
1459.200 ( 27.301 ) 1628.700 ( 38.937 ) 1914.322 ( 33.421 ) 2391.500 ( 163.138 )
1459.200 ( 27.301 ) 1628.900 ( 48.520 ) 1921.658 ( 23.205 ) 2408.200 ( 118.865 )
1459.200 ( 27.301 ) 1613.100 ( 43.866 ) 1901.992 ( 37.406 ) 2330.250 ( 133.827 )
1459.200 ( 27.301 ) 1612.800 ( 61.246 ) 1910.078 ( 38.514 ) 2351.900 ( 123.378 )
1459.200 ( 27.301 ) 1616.750 ( 47.461 ) 1926.148 ( 31.674 ) 2374.200 ( 134.302 )
1459.200 ( 27.301 ) 1619.300 ( 52.515 ) 1923.048 ( 25.339 ) 2399.550 ( 137.944 )
1459.200 ( 27.301 ) 1639.250 ( 49.434 ) 1936.452 ( 39.504 ) 2383.800 ( 134.784 )
1459.200 ( 27.301 ) 1628.850 ( 38.319 ) 1918.248 ( 34.409 ) 2405.600 ( 163.185 )
1459.200 ( 27.301 ) 1626.600 ( 63.563 ) 1930.312 ( 39.402 ) 2361.950 ( 115.372 )
1459.200 ( 27.301 ) 1631.250 ( 57.194 ) 1933.052 ( 40.009 ) 2447.150 ( 135.577 )
1459.200 ( 27.301 ) 1626.950 ( 49.635 ) 1913.646 ( 42.199 ) 2378.150 ( 115.996 )
1459.200 ( 27.301 ) 1621.300 ( 50.556 ) 1931.632 ( 41.842 ) 2442.050 ( 154.775 )
1458.650 ( 26.965 ) 1620.550 ( 50.042 ) 1906.604 ( 32.863 ) 2384.400 ( 112.667 )
1458.650 ( 26.965 ) 1615.450 ( 47.601 ) 1930.982 ( 37.402 ) 2419.500 ( 138.591 )
1458.650 ( 26.965 ) 1624.100 ( 42.265 ) 1937.736 ( 36.416 ) 2397.300 ( 130.648 )
1458.650 ( 26.965 ) 1641.200 ( 53.479 ) 1938.274 ( 46.859 ) 2389.850 ( 189.273 )
1458.650 ( 26.965 ) 1640.900 ( 48.823 ) 1923.796 ( 47.620 ) 2359.300 ( 89.241 )
1458.650 ( 26.965 ) 1625.600 ( 42.449 ) 1919.852 ( 39.464 ) 2380.150 ( 158.461 )
1458.650 ( 26.965 ) 1639.150 ( 45.131 ) 1921.874 ( 27.042 ) 2382.100 ( 112.638 )
1458.650 ( 26.965 ) 1628.800 ( 67.691 ) 1923.322 ( 51.023 ) 2345.450 ( 133.615 )
1458.650 ( 26.965 ) 1626.600 ( 62.366 ) 1919.944 ( 33.004 ) 2376.550 ( 121.923 )
1458.650 ( 26.965 ) 1610.850 ( 58.295 ) 1928.056 ( 34.175 ) 2381.800 ( 126.036 )
1458.650 ( 26.965 ) 1633.150 ( 40.440 ) 1927.254 ( 49.736 ) 2349.250 ( 126.359 )
1458.650 ( 26.965 ) 1601.500 ( 44.289 ) 1908.496 ( 34.969 ) 2319.200 ( 111.125 )
1458.650 ( 26.965 ) 1627.400 ( 71.466 ) 1920.698 ( 48.189 ) 2347.950 ( 154.540 )
1458.650 ( 26.965 ) 1612.500 ( 63.379 ) 1912.474 ( 32.775 ) 2356.400 ( 144.936 )
1458.650 ( 26.965 ) 1625.700 ( 35.192 ) 1925.478 ( 31.250 ) 2395.200 ( 213.305 )
1458.650 ( 26.965 ) 1621.150 ( 52.472 ) 1915.266 ( 43.067 ) 2339.700 ( 136.110 )
1458.650 ( 26.965 ) 1635.700 ( 57.535 ) 1923.600 ( 40.473 ) 2372.850 ( 138.359 )
1458.650 ( 26.965 ) 1625.100 ( 50.919 ) 1920.868 ( 37.170 ) 2370.950 ( 139.353 )
1458.650 ( 26.965 ) 1640.600 ( 45.969 ) 1927.982 ( 27.162 ) 2394.850 ( 148.255 )
1458.650 ( 26.965 ) 1621.700 ( 58.115 ) 1923.800 ( 29.950 ) 2339.800 ( 140.294 )
1458.650 ( 26.965 ) 1618.450 ( 61.290 ) 1923.752 ( 46.089 ) 2420.800 ( 197.013 )
1458.650 ( 26.965 ) 1625.400 ( 43.948 ) 1923.484 ( 33.356 ) 2381.300 ( 154.163 )
1458.650 ( 26.965 ) 1608.600 ( 51.663 ) 1913.476 ( 38.443 ) 2360.850 ( 99.010 )
1458.650 ( 26.965 ) 1612.100 ( 55.462 ) 1909.688 ( 35.346 ) 2339.700 ( 123.528 )
1458.650 ( 26.965 ) 1620.500 ( 53.975 ) 1907.522 ( 27.474 ) 2355.950 ( 152.007 )
1458.650 ( 26.965 ) 1635.100 ( 44.881 ) 1936.876 ( 40.688 ) 2393.650 ( 186.843 )
1458.650 ( 26.965 ) 1608.500 ( 58.036 ) 1917.960 ( 51.451 ) 2348.600 ( 168.755 )
1458.650 ( 26.965 ) 1640.700 ( 57.260 ) 1931.002 ( 48.760 ) 2419.550 ( 185.087 )
1458.650 ( 26.965 ) 1614.950 ( 46.328 ) 1929.656 ( 39.190 ) 2430.050 ( 196.348 )
1458.650 ( 26.965 ) 1638.800 ( 60.075 ) 1915.890 ( 38.961 ) 2334.150 ( 129.106 )
1458.650 ( 26.965 ) 1630.000 ( 57.422 ) 1929.644 ( 39.157 ) 2368.500 ( 163.375 )
1458.650 ( 26.965 ) 1643.950 ( 35.969 ) 1932.166 ( 43.630 ) 2375.250 ( 210.810 )
1458.650 ( 26.965 ) 1635.000 ( 63.407 ) 1929.076 ( 38.052 ) 2404.250 ( 163.362 )
1458.650 ( 26.965 ) 1637.500 ( 47.615 ) 1940.220 ( 36.005 ) 2438.450 ( 169.831 )
1458.650 ( 26.965 ) 1636.600 ( 45.410 ) 1929.988 ( 36.122 ) 2421.100 ( 183.296 )
1458.650 ( 26.965 ) 1618.600 ( 47.725 ) 1946.444 ( 44.419 ) 2458.850 ( 172.280 )
1458.650 ( 26.965 ) 1631.450 ( 53.428 ) 1923.178 ( 42.430 ) 2363.550 ( 143.949 )
1458.650 ( 26.965 ) 1629.950 ( 40.324 ) 1925.954 ( 30.353 ) 2393.150 ( 146.268 )
1458.650 ( 26.965 ) 1645.200 ( 49.039 ) 1926.452 ( 49.489 ) 2416.350 ( 166.451 )
1457.350 ( 26.232 ) 1608.550 ( 57.225 ) 1911.724 ( 39.430 ) 2361.750 ( 151.208 )
1457.350 ( 26.232 ) 1622.500 ( 48.462 ) 1929.806 ( 34.544 ) 2462.350 ( 204.700 )
1457.350 ( 26.232 ) 1649.050 ( 33.933 ) 1923.280 ( 30.434 ) 2446.500 ( 117.295 )
1457.350 ( 26.232 ) 1630.600 ( 48.368 ) 1918.884 ( 32.982 ) 2394.100 ( 205.625 )
1457.350 ( 26.232 ) 1623.800 ( 43.914 ) 1910.164 ( 36.094 ) 2383.900 ( 146.000 )
1457.350 ( 26.232 ) 1626.800 ( 58.500 ) 1936.238 ( 47.747 ) 2352.950 ( 119.347 )
1457.350 ( 26.232 ) 1644.500 ( 59.685 ) 1918.856 ( 33.542 ) 2371.650 ( 163.457 )
1457.350 ( 26.232 ) 1605.400 ( 47.336 ) 1929.532 ( 40.310 ) 2396.000 ( 139.155 )
1457.350 ( 26.232 ) 1602.750 ( 48.317 ) 1918.546 ( 32.633 ) 2453.850 ( 234.317 )
1457.350 ( 26.232 ) 1635.400 ( 56.717 ) 1926.300 ( 38.557 ) 2404.000 ( 141.021 )
1457.350 ( 26.232 ) 1633.650 ( 53.685 ) 1941.026 ( 38.431 ) 2422.500 ( 122.164 )
1457.350 ( 26.232 ) 1628.250 ( 51.205 ) 1912.552 ( 38.062 ) 2348.700 ( 135.272 )
1457.350 ( 26.232 ) 1627.850 ( 49.989 ) 1917.120 ( 43.211 ) 2353.950 ( 151.061 )
1457.350 ( 26.232 ) 1626.650 ( 36.442 ) 1917.274 ( 28.881 ) 2414.900 ( 163.406 )
1457.350 ( 26.232 ) 1623.900 ( 52.630 ) 1930.552 ( 43.227 ) 2408.850 ( 223.144 )
1457.350 ( 26.232 ) 1628.300 ( 48.941 ) 1931.302 ( 41.268 ) 2408.350 ( 107.865 )
1457.350 ( 26.232 ) 1615.400 ( 56.053 ) 1919.862 ( 34.822 ) 2416.350 ( 131.971 )
1457.350 ( 26.232 ) 1611.550 ( 58.768 ) 1919.570 ( 43.218 ) 2329.950 ( 130.865 )
1457.350 ( 26.232 ) 1615.300 ( 48.846 ) 1916.832 ( 25.758 ) 2338.750 ( 112.807 )
1457.350 ( 26.232 ) 1633.850 ( 45.539 ) 1921.160 ( 48.807 ) 2379.800 ( 179.025 )
1457.350 ( 26.232 ) 1621.150 ( 40.344 ) 1911.246 ( 34.316 ) 2341.600 ( 158.772 )
1457.350 ( 26.232 ) 1636.400 ( 46.918 ) 1914.530 ( 39.075 ) 2346.350 ( 225.169 )
1457.350 ( 26.232 ) 1633.000 ( 49.232 ) 1934.716 ( 30.850 ) 2438.350 ( 183.173 )
1457.350 ( 26.232 ) 1620.000 ( 31.664 ) 1929.806 ( 40.261 ) 2410.300 ( 165.712 )
1457.350 ( 26.232 ) 1624.400 ( 36.593 ) 1922.830 ( 39.500 ) 2392.050 ( 129.498 )
1457.350 ( 26.232 ) 1620.550 ( 57.720 ) 1927.672 ( 41.047 ) 2430.200 ( 189.413 )
1457.350 ( 26.232 ) 1618.250 ( 60.049 ) 1912.510 ( 38.170 ) 2307.650 ( 167.870 )
1457.350 ( 26.232 ) 1623.450 ( 55.810 ) 1916.166 ( 37.667 ) 2361.700 ( 146.212 )
1457.350 ( 26.232 ) 1645.850 ( 45.233 ) 1924.924 ( 32.858 ) 2362.200 ( 145.668 )
1457.350 ( 26.232 ) 1636.750 ( 35.610 ) 1916.178 ( 32.916 ) 2348.150 ( 130.298 )
1457.350 ( 26.232 ) 1632.750 ( 55.251 ) 1926.546 ( 32.772 ) 2418.500 ( 121.142 )
1457.350 ( 26.232 ) 1610.200 ( 42.552 ) 1903.884 ( 24.553 ) 2311.000 ( 118.346 )
1457.350 ( 26.232 ) 1643.150 ( 62.690 ) 1932.120 ( 40.637 ) 2387.850 ( 123.618 )
1457.350 ( 26.232 ) 1648.050 ( 40.663 ) 1931.580 ( 35.897 ) 2418.700 ( 165.829 )
1457.350 ( 26.232 ) 1624.300 ( 45.953 ) 1921.526 ( 38.643 ) 2378.600 ( 111.017 )
1457.350 ( 26.232 ) 1621.500 ( 66.456 ) 1929.816 ( 39.727 ) 2397.300 ( 160.788 )
1457.250 ( 26.176 ) 1630.800 ( 66.598 ) 1918.392 ( 24.070 ) 2457.250 ( 198.515 )
1456.900 ( 26.050 ) 1634.600 ( 63.125 ) 1930.632 ( 45.709 ) 2433.500 ( 193.135 )
1456.900 ( 26.050 ) 1613.350 ( 52.280 ) 1915.660 ( 37.477 ) 2345.550 ( 163.601 )
1456.900 ( 26.050 ) 1623.850 ( 46.202 ) 1927.020 ( 37.573 ) 2404.000 ( 132.269 )
1456.900 ( 26.050 ) 1622.500 ( 40.533 ) 1909.870 ( 34.264 ) 2324.000 ( 86.027 )
1456.900 ( 26.050 ) 1636.350 ( 49.326 ) 1922.232 ( 30.589 ) 2372.550 ( 145.348 )
1456.900 ( 26.050 ) 1611.700 ( 51.177 ) 1931.486 ( 33.505 ) 2387.700 ( 147.806 )
1456.900 ( 26.050 ) 1642.200 ( 46.798 ) 1943.164 ( 37.650 ) 2450.150 ( 208.868 )
1456.900 ( 26.050 ) 1602.750 ( 52.108 ) 1912.822 ( 30.903 ) 2340.400 ( 158.251 )
1456.900 ( 26.050 ) 1622.850 ( 46.044 ) 1923.660 ( 34.825 ) 2329.400 ( 88.169 )
1456.900 ( 26.050 ) 1646.200 ( 40.824 ) 1934.978 ( 38.431 ) 2390.400 ( 196.694 )
1456.900 ( 26.050 ) 1632.950 ( 51.136 ) 1910.008 ( 38.905 ) 2352.850 ( 140.732 )
1456.900 ( 26.050 ) 1603.650 ( 44.441 ) 1916.088 ( 40.537 ) 2417.600 ( 171.545 )
1456.900 ( 26.050 ) 1621.250 ( 40.249 ) 1921.138 ( 42.448 ) 2395.500 ( 142.544 )
1456.900 ( 26.050 ) 1603.150 ( 53.316 ) 1902.284 ( 30.916 ) 2336.000 ( 102.424 )
1456.900 ( 26.050 ) 1616.450 ( 43.109 ) 1914.988 ( 44.809 ) 2413.550 ( 212.288 )
1456.900 ( 26.050 ) 1624.250 ( 37.431 ) 1922.090 ( 36.314 ) 2372.850 ( 131.139 )
1456.900 ( 26.050 ) 1632.300 ( 60.225 ) 1930.546 ( 34.979 ) 2346.250 ( 155.011 )
1456.900 ( 26.050 ) 1605.050 ( 48.663 ) 1931.402 ( 32.234 ) 2424.300 ( 126.829 )
1455.000 ( 26.907 ) 1634.300 ( 68.203 ) 1943.236 ( 39.658 ) 2392.550 ( 161.860 )
1455.000 ( 26.907 ) 1648.300 ( 41.066 ) 1923.628 ( 45.338 ) 2333.700 ( 109.881 )
1455.000 ( 26.907 ) 1631.150 ( 47.406 ) 1920.190 ( 44.203 ) 2399.400 ( 141.013 )
1455.000 ( 26.907 ) 1612.750 ( 51.829 ) 1916.302 ( 40.731 ) 2399.800 ( 147.761 )
1455.000 ( 26.907 ) 1615.700 ( 50.005 ) 1917.304 ( 45.869 ) 2392.200 ( 133.117 )
1455.000 ( 26.907 ) 1629.200 ( 53.508 ) 1923.340 ( 35.707 ) 2390.450 ( 200.803 )
1455.000 ( 26.907 ) 1628.750 ( 75.049 ) 1946.888 ( 31.899 ) 2499.500 ( 184.261 )
1455.000 ( 26.907 ) 1618.550 ( 54.641 ) 1929.754 ( 45.667 ) 2381.800 ( 107.834 )
1455.000 ( 26.907 ) 1605.550 ( 70.840 ) 1917.028 ( 52.831 ) 2444.400 ( 167.477 )
1455.000 ( 26.907 ) 1616.800 ( 47.166 ) 1921.770 ( 36.801 ) 2392.800 ( 155.759 )
1455.000 ( 26.907 ) 1619.100 ( 49.944 ) 1928.174 ( 45.199 ) 2354.000 ( 132.042 )
1455.000 ( 26.907 ) 1631.100 ( 60.585 ) 1906.864 ( 26.007 ) 2336.650 ( 147.395 )
1455.000 ( 26.907 ) 1604.550 ( 55.109 ) 1924.486 ( 46.373 ) 2422.400 ( 140.211 )
1455.000 ( 26.907 ) 1595.450 ( 52.919 ) 1936.864 ( 39.124 ) 2414.950 ( 218.183 )
1455.000 ( 26.907 ) 1631.600 ( 47.995 ) 1933.344 ( 34.901 ) 2475.850 ( 175.570 )
1455.000 ( 26.907 ) 1626.800 ( 60.569 ) 1928.868 ( 40.869 ) 2418.000 ( 145.543 )
1455.000 ( 26.907 ) 1619.950 ( 55.489 ) 1921.166 ( 22.034 ) 2354.800 ( 121.306 )
1455.000 ( 26.907 ) 1616.300 ( 55.381 ) 1929.530 ( 35.462 ) 2415.400 ( 182.729 )
1455.000 ( 26.907 ) 1596.050 ( 43.692 ) 1913.478 ( 35.576 ) 2370.400 ( 157.503 )
1455.000 ( 26.907 ) 1631.500 ( 51.131 ) 1914.070 ( 32.055 ) 2392.850 ( 173.666 )
1455.000 ( 26.907 ) 1612.950 ( 43.937 ) 1926.352 ( 31.127 ) 2341.350 ( 122.602 )
1455.000 ( 26.907 ) 1627.350 ( 48.592 ) 1923.722 ( 46.740 ) 2374.800 ( 114.397 )
1455.000 ( 26.907 ) 1619.500 ( 58.444 ) 1920.310 ( 32.834 ) 2377.800 ( 179.913 )
1455.000 ( 26.907 ) 1632.550 ( 36.030 ) 1918.624 ( 40.467 ) 2412.400 ( 203.614 )
1455.000 ( 26.907 ) 1613.050 ( 43.387 ) 1914.146 ( 35.834 ) 2389.350 ( 141.459 )
1455.000 ( 26.907 ) 1637.250 ( 59.333 ) 1937.216 ( 39.034 ) 2394.000 ( 150.199 )
1455.000 ( 26.907 ) 1633.150 ( 58.368 ) 1937.906 ( 40.982 ) 2376.350 ( 99.259 )
1454.850 ( 26.747 ) 1609.200 ( 47.880 ) 1916.540 ( 31.137 ) 2384.650 ( 194.366 )
1454.850 ( 26.747 ) 1622.000 ( 58.969 ) 1925.966 ( 35.831 ) 2425.950 ( 184.311 )
1454.850 ( 26.747 ) 1619.200 ( 56.142 ) 1934.970 ( 33.155 ) 2437.950 ( 158.952 )
1454.850 ( 26.747 ) 1645.950 ( 65.290 ) 1933.458 ( 49.563 ) 2398.700 ( 152.818 )
1454.850 ( 26.747 ) 1632.400 ( 64.322 ) 1926.358 ( 44.618 ) 2371.900 ( 127.659 )
1454.850 ( 26.747 ) 1641.900 ( 53.006 ) 1926.008 ( 41.822 ) 2368.000 ( 152.458 )
1454.850 ( 26.747 ) 1621.150 ( 48.563 ) 1918.918 ( 32.155 ) 2356.300 ( 126.138 )
1454.850 ( 26.747 ) 1636.700 ( 43.088 ) 1931.360 ( 41.807 ) 2448.550 ( 213.642 )
1454.550 ( 26.575 ) 1597.650 ( 49.848 ) 1920.888 ( 35.021 ) 2384.750 ( 149.670 )
1454.350 ( 26.299 ) 1626.950 ( 65.830 ) 1934.610 ( 37.789 ) 2414.650 ( 167.690 )
1454.350 ( 26.299 ) 1610.600 ( 55.127 ) 1925.852 ( 50.019 ) 2363.550 ( 131.294 )
1454.350 ( 26.299 ) 1603.550 ( 55.981 ) 1913.490 ( 39.746 ) 2408.950 ( 231.965 )
1454.350 ( 26.299 ) 1652.750 ( 52.590 ) 1933.142 ( 37.954 ) 2379.000 ( 150.561 )
1454.350 ( 26.299 ) 1624.950 ( 48.370 ) 1922.038 ( 35.000 ) 2355.450 ( 151.000 )
1454.350 ( 26.299 ) 1604.300 ( 36.880 ) 1902.446 ( 29.727 ) 2340.500 ( 99.938 )
1454.350 ( 26.299 ) 1618.000 ( 54.131 ) 1905.106 ( 40.737 ) 2374.850 ( 142.810 )
1454.350 ( 26.299 ) 1632.450 ( 38.129 ) 1924.908 ( 45.461 ) 2394.950 ( 164.879 )
1454.350 ( 26.299 ) 1613.700 ( 52.051 ) 1917.558 ( 44.415 ) 2353.450 ( 123.250 )
1454.350 ( 26.299 ) 1632.050 ( 54.593 ) 1931.932 ( 46.820 ) 2432.350 ( 165.930 )
1454.350 ( 26.299 ) 1619.250 ( 52.777 ) 1918.546 ( 33.518 ) 2346.100 ( 125.286 )
1454.350 ( 26.299 ) 1634.150 ( 56.970 ) 1906.184 ( 47.247 ) 2337.300 ( 115.222 )
1450.900 ( 24.552 ) 1599.200 ( 58.534 ) 1918.680 ( 30.986 ) 2471.650 ( 178.052 )
1450.900 ( 24.552 ) 1619.450 ( 34.064 ) 1928.984 ( 31.077 ) 2386.350 ( 124.768 )
1450.900 ( 24.552 ) 1621.150 ( 47.778 ) 1941.794 ( 35.396 ) 2418.150 ( 187.063 )
1450.900 ( 24.552 ) 1616.600 ( 47.771 ) 1928.216 ( 42.119 ) 2364.900 ( 123.910 )
1450.900 ( 24.552 ) 1616.350 ( 48.033 ) 1931.420 ( 34.988 ) 2479.050 ( 195.686 )
1450.900 ( 24.552 ) 1622.650 ( 70.630 ) 1916.116 ( 43.119 ) 2380.350 ( 143.761 )
1450.900 ( 24.552 ) 1641.500 ( 46.654 ) 1924.108 ( 22.977 ) 2385.100 ( 97.347 )
1450.900 ( 24.552 ) 1641.050 ( 45.258 ) 1937.568 ( 36.795 ) 2439.100 ( 182.478 )
1450.200 ( 23.844 ) 1595.200 ( 70.835 ) 1924.480 ( 30.929 ) 2395.400 ( 155.533 )
1450.200 ( 23.844 ) 1626.500 ( 56.525 ) 1917.186 ( 41.021 ) 2381.100 ( 159.712 )
1450.200 ( 23.844 ) 1636.600 ( 45.063 ) 1908.268 ( 37.080 ) 2346.950 ( 117.556 )
1450.200 ( 23.844 ) 1627.550 ( 44.493 ) 1930.590 ( 41.154 ) 2415.800 ( 185.418 )
1450.200 ( 23.844 ) 1630.300 ( 38.204 ) 1935.872 ( 45.607 ) 2429.800 ( 194.558 )
1450.200 ( 23.844 ) 1616.800 ( 56.230 ) 1926.564 ( 35.850 ) 2391.800 ( 122.938 )
1450.200 ( 23.844 ) 1617.150 ( 48.904 ) 1910.322 ( 42.663 ) 2303.600 ( 116.927 )
1450.200 ( 23.844 ) 1628.250 ( 49.584 ) 1933.364 ( 34.493 ) 2386.650 ( 134.109 )
1450.200 ( 23.844 ) 1629.550 ( 49.693 ) 1940.308 ( 44.143 ) 2413.450 ( 141.535 )
1450.200 ( 23.844 ) 1631.400 ( 45.839 ) 1921.144 ( 33.140 ) 2429.100 ( 189.995 )
1450.200 ( 23.844 ) 1624.300 ( 56.616 ) 1925.532 ( 36.432 ) 2440.050 ( 165.397 )
1450.200 ( 23.844 ) 1621.900 ( 54.275 ) 1928.706 ( 45.750 ) 2423.750 ( 188.412 )
1450.200 ( 23.844 ) 1610.150 ( 49.460 ) 1920.142 ( 35.527 ) 2353.000 ( 112.604 )
1450.200 ( 23.844 ) 1618.950 ( 36.948 ) 1918.742 ( 26.752 ) 2360.900 ( 110.608 )
1450.200 ( 23.844 ) 1611.550 ( 42.877 ) 1921.604 ( 31.605 ) 2410.500 ( 192.141 )
1450.200 ( 23.844 ) 1625.200 ( 55.976 ) 1936.310 ( 53.088 ) 2509.500 ( 224.624 )
1450.200 ( 23.844 ) 1614.850 ( 36.896 ) 1916.554 ( 34.442 ) 2380.400 ( 180.664 )
1450.100 ( 23.761 ) 1633.650 ( 61.392 ) 1948.618 ( 34.509 ) 2406.500 ( 106.243 )
1450.100 ( 23.761 ) 1613.100 ( 40.346 ) 1946.658 ( 36.394 ) 2423.200 ( 169.991 )
1450.100 ( 23.761 ) 1639.650 ( 54.243 ) 1921.506 ( 36.499 ) 2349.900 ( 124.265 )
1450.100 ( 23.761 ) 1624.900 ( 60.329 ) 1924.258 ( 30.900 ) 2380.400 ( 179.148 )
1450.100 ( 23.761 ) 1612.650 ( 44.941 ) 1927.226 ( 45.387 ) 2406.800 ( 171.590 )
1450.100 ( 23.761 ) 1616.350 ( 42.085 ) 1936.420 ( 22.751 ) 2363.200 ( 137.169 )
1450.100 ( 23.761 ) 1617.100 ( 68.326 ) 1926.410 ( 42.536 ) 2364.400 ( 144.164 )
1450.100 ( 23.761 ) 1622.350 ( 47.283 ) 1935.496 ( 32.638 ) 2370.300 ( 133.435 )
1450.100 ( 23.761 ) 1607.400 ( 46.236 ) 1933.988 ( 39.050 ) 2423.050 ( 156.402 )
1450.100 ( 23.761 ) 1607.550 ( 46.759 ) 1928.716 ( 38.884 ) 2417.850 ( 152.508 )
1449.650 ( 24.051 ) 1634.900 ( 67.637 ) 1926.166 ( 37.361 ) 2374.250 ( 124.620 )
1449.650 ( 24.051 ) 1589.900 ( 62.182 ) 1935.586 ( 44.244 ) 2434.550 ( 101.189 )
1449.650 ( 24.051 ) 1623.550 ( 57.024 ) 1915.288 ( 37.110 ) 2399.800 ( 134.014 )
1449.650 ( 24.051 ) 1599.300 ( 74.208 ) 1919.154 ( 47.215 ) 2382.600 ( 172.184 )
1449.650 ( 24.051 ) 1628.500 ( 46.135 ) 1937.494 ( 44.072 ) 2424.150 ( 161.895 )
1449.650 ( 24.051 ) 1636.350 ( 53.619 ) 1926.134 ( 40.624 ) 2413.050 ( 162.826 )
1449.650 ( 24.051 ) 1615.750 ( 50.519 ) 1928.442 ( 41.544 ) 2362.550 ( 139.713 )
1449.650 ( 24.051 ) 1629.500 ( 75.821 ) 1927.274 ( 41.006 ) 2397.350 ( 187.553 )
1449.650 ( 24.051 ) 1635.050 ( 57.153 ) 1917.374 ( 37.203 ) 2355.150 ( 122.663 )
1449.650 ( 24.051 ) 1609.250 ( 61.126 ) 1922.326 ( 34.790 ) 2431.400 ( 178.085 )
1449.650 ( 24.051 ) 1615.800 ( 54.992 ) 1908.110 ( 41.221 ) 2364.550 ( 172.052 )
1449.550 ( 24.090 ) 1618.000 ( 60.134 ) 1917.522 ( 33.839 ) 2392.800 ( 100.899 )
1449.550 ( 24.090 ) 1616.050 ( 44.470 ) 1929.546 ( 22.226 ) 2467.600 ( 188.639 )
1449.550 ( 24.090 ) 1631.100 ( 56.844 ) 1919.768 ( 28.877 ) 2408.250 ( 222.032 )
1449.550 ( 24.090 ) 1610.700 ( 46.363 ) 1919.442 ( 35.774 ) 2365.850 ( 149.829 )
1449.550 ( 24.090 ) 1622.700 ( 44.370 ) 1930.072 ( 42.683 ) 2402.700 ( 187.611 )
1449.550 ( 24.090 ) 1632.100 ( 32.260 ) 1910.624 ( 41.687 ) 2411.250 ( 178.356 )
1449.550 ( 24.090 ) 1621.700 ( 59.140 ) 1924.926 ( 49.334 ) 2393.600 ( 159.091 )
1449.550 ( 24.090 ) 1612.150 ( 54.684 ) 1931.870 ( 27.264 ) 2395.600 ( 149.875 )
1449.550 ( 24.090 ) 1625.600 ( 41.970 ) 1947.318 ( 38.533 ) 2452.850 ( 134.847 )
1449.550 ( 24.090 ) 1608.050 ( 47.040 ) 1929.234 ( 43.715 ) 2436.300 ( 169.803 )
1449.550 ( 24.090 ) 1618.450 ( 45.151 ) 1926.838 ( 33.219 ) 2376.050 ( 141.273 )
1449.550 ( 24.090 ) 1637.950 ( 47.996 ) 1926.194 ( 32.882 ) 2356.300 ( 157.716 )
1449.550 ( 24.090 ) 1612.450 ( 67.832 ) 1919.552 ( 28.049 ) 2337.000 ( 90.629 )
1449.550 ( 24.090 ) 1626.100 ( 42.606 ) 1927.032 ( 33.405 ) 2373.350 ( 149.554 )
1449.550 ( 24.090 ) 1640.900 ( 52.186 ) 1922.666 ( 44.460 ) 2407.900 ( 152.232 )
1449.550 ( 24.090 ) 1621.950 ( 43.303 ) 1916.452 ( 37.423 ) 2381.750 ( 151.159 )
1449.550 ( 24.090 ) 1609.250 ( 46.929 ) 1918.940 ( 45.696 ) 2447.600 ( 172.302 )
1449.550 ( 24.090 ) 1634.050 ( 53.760 ) 1923.222 ( 23.037 ) 2396.650 ( 148.356 )
1449.550 ( 24.090 ) 1627.300 ( 54.362 ) 1927.956 ( 42.263 ) 2439.650 ( 221.908 )
1449.550 ( 24.090 ) 1593.300 ( 50.894 ) 1925.894 ( 31.707 ) 2424.900 ( 141.664 )
1449.550 ( 24.090 ) 1614.600 ( 48.553 ) 1913.772 ( 30.923 ) 2289.500 ( 116.385 )
1449.550 ( 24.090 ) 1620.350 ( 42.550 ) 1912.686 ( 37.566 ) 2349.000 ( 112.452 )
1449.550 ( 24.090 ) 1628.550 ( 58.007 ) 1939.370 ( 45.417 ) 2427.350 ( 154.824 )
1449.550 ( 24.090 ) 1619.650 ( 45.752 ) 1946.522 ( 44.105 ) 2439.500 ( 153.138 )
1449.550 ( 24.090 ) 1620.800 ( 52.378 ) 1931.900 ( 35.575 ) 2379.200 ( 123.351 )
1448.850 ( 23.118 ) 1624.150 ( 56.591 ) 1927.006 ( 34.839 ) 2430.300 ( 175.981 )
1448.850 ( 23.118 ) 1623.700 ( 59.384 ) 1916.042 ( 48.755 ) 2405.000 ( 145.069 )
1448.850 ( 23.118 ) 1623.900 ( 51.565 ) 1917.708 ( 41.577 ) 2404.250 ( 166.673 )
1448.850 ( 23.118 ) 1626.000 ( 41.958 ) 1925.442 ( 30.809 ) 2352.550 ( 103.204 )
1448.850 ( 23.118 ) 1641.750 ( 45.652 ) 1919.722 ( 30.580 ) 2400.750 ( 161.852 )
1448.850 ( 23.118 ) 1636.500 ( 45.357 ) 1915.290 ( 39.187 ) 2323.350 ( 99.904 )
1448.850 ( 23.118 ) 1648.900 ( 66.232 ) 1946.378 ( 49.839 ) 2393.550 ( 157.872 )
1448.850 ( 23.118 ) 1628.300 ( 53.265 ) 1928.572 ( 31.464 ) 2457.600 ( 157.076 )
1448.850 ( 23.118 ) 1618.800 ( 56.597 ) 1921.436 ( 39.395 ) 2361.700 ( 164.898 )
1448.850 ( 23.118 ) 1619.350 ( 60.779 ) 1936.226 ( 39.550 ) 2437.900 ( 184.082 )
1448.850 ( 23.118 ) 1618.350 ( 62.731 ) 1925.406 ( 30.663 ) 2380.800 ( 126.953 )
1448.850 ( 23.118 ) 1643.150 ( 48.379 ) 1932.830 ( 32.028 ) 2413.150 ( 139.606 )
1448.850 ( 23.118 ) 1629.300 ( 58.428 ) 1935.290 ( 37.409 ) 2442.450 ( 166.210 )
1448.850 ( 23.118 ) 1587.800 ( 56.090 ) 1922.480 ( 37.851 ) 2377.200 ( 181.811 )
1448.850 ( 23.118 ) 1633.350 ( 63.456 ) 1931.418 ( 36.518 ) 2450.700 ( 178.234 )
1448.850 ( 23.118 ) 1619.850 ( 49.053 ) 1914.138 ( 32.547 ) 2348.850 ( 100.764 )
1448.850 ( 23.118 ) 1618.350 ( 43.232 ) 1924.158 ( 34.643 ) 2382.650 ( 171.667 )
1448.850 ( 23.118 ) 1636.900 ( 58.096 ) 1931.196 ( 35.314 ) 2400.100 ( 173.072 )
1448.850 ( 23.118 ) 1641.400 ( 48.101 ) 1941.346 ( 38.871 ) 2427.100 ( 141.256 )
1448.850 ( 23.118 ) 1634.150 ( 62.488 ) 1926.350 ( 39.915 ) 2357.400 ( 142.844 )
1448.850 ( 23.118 ) 1617.650 ( 56.991 ) 1915.336 ( 35.921 ) 2360.450 ( 171.931 )
1448.850 ( 23.118 ) 1639.150 ( 54.162 ) 1933.546 ( 51.927 ) 2448.700 ( 280.274 )
1448.850 ( 23.118 ) 1627.050 ( 36.243 ) 1934.060 ( 45.412 ) 2369.150 ( 137.634 )
1448.850 ( 23.118 ) 1625.050 ( 48.755 ) 1928.262 ( 35.723 ) 2403.050 ( 145.721 )
1448.850 ( 23.118 ) 1622.050 ( 51.688 ) 1947.270 ( 38.742 ) 2394.950 ( 97.452 )
1448.850 ( 23.118 ) 1612.550 ( 42.029 ) 1920.390 ( 41.102 ) 2391.800 ( 105.391 )
1448.850 ( 23.118 ) 1625.500 ( 42.502 ) 1934.306 ( 44.612 ) 2388.000 ( 146.132 )
1448.850 ( 23.118 ) 1607.200 ( 52.827 ) 1922.532 ( 45.721 ) 2360.300 ( 122.383 )
1448.700 ( 23.002 ) 1608.500 ( 64.818 ) 1918.744 ( 41.320 ) 2349.750 ( 128.978 )
1448.550 ( 23.237 ) 1608.650 ( 65.861 ) 1923.242 ( 40.835 ) 2408.250 ( 177.690 )
1448.550 ( 23.237 ) 1608.450 ( 54.139 ) 1916.422 ( 44.654 ) 2372.800 ( 140.083 )
1448.550 ( 23.237 ) 1602.450 ( 62.410 ) 1908.332 ( 41.138 ) 2406.350 ( 197.374 )
1448.550 ( 23.237 ) 1618.900 ( 49.725 ) 1925.740 ( 39.806 ) 2378.400 ( 142.966 )
1448.550 ( 23.237 ) 1633.900 ( 50.199 ) 1933.094 ( 59.653 ) 2389.250 ( 194.259 )
1448.550 ( 23.237 ) 1618.150 ( 52.427 ) 1919.164 ( 42.807 ) 2361.350 ( 163.671 )
1448.550 ( 23.237 ) 1614.500 ( 46.032 ) 1937.880 ( 45.897 ) 2367.950 ( 130.084 )
1448.550 ( 23.237 ) 1632.350 ( 48.628 ) 1940.810 ( 46.027 ) 2423.050 ( 162.363 )
1448.550 ( 23.237 ) 1628.750 ( 51.672 ) 1913.528 ( 41.149 ) 2333.050 ( 108.749 )
1448.550 ( 23.237 ) 1628.600 ( 43.654 ) 1923.444 ( 37.114 ) 2370.600 ( 156.481 )
1448.550 ( 23.237 ) 1638.950 ( 34.754 ) 1932.794 ( 29.506 ) 2349.300 ( 91.835 )
1447.950 ( 22.695 ) 1627.250 ( 60.022 ) 1926.290 ( 36.675 ) 2460.450 ( 212.712 )
1447.950 ( 22.695 ) 1631.350 ( 47.763 ) 1922.080 ( 39.669 ) 2386.700 ( 140.940 )
1447.950 ( 22.695 ) 1612.400 ( 44.826 ) 1921.208 ( 30.752 ) 2412.950 ( 171.027 )
1447.950 ( 22.695 ) 1620.750 ( 47.877 ) 1907.432 ( 30.653 ) 2353.800 ( 113.011 )
1447.950 ( 22.695 ) 1619.500 ( 57.291 ) 1932.468 ( 27.809 ) 2391.650 ( 134.730 )
1447.950 ( 22.695 ) 1637.100 ( 36.973 ) 1931.156 ( 40.813 ) 2413.650 ( 157.911 )
1447.950 ( 22.695 ) 1618.550 ( 59.064 ) 1910.890 ( 37.332 ) 2412.300 ( 204.077 )
1447.950 ( 22.695 ) 1644.750 ( 52.839 ) 1937.788 ( 31.459 ) 2388.100 ( 142.380 )
1447.950 ( 22.695 ) 1623.000 ( 56.613 ) 1920.022 ( 47.797 ) 2363.900 ( 113.540 )
1447.950 ( 22.695 ) 1633.550 ( 36.791 ) 1934.976 ( 44.625 ) 2346.250 ( 183.677 )
1447.950 ( 22.695 ) 1630.600 ( 61.794 ) 1926.436 ( 30.222 ) 2383.450 ( 143.818 )
1447.950 ( 22.695 ) 1634.750 ( 48.835 ) 1927.932 ( 43.022 ) 2371.750 ( 128.553 )
1447.950 ( 22.695 ) 1636.950 ( 42.864 ) 1923.638 ( 43.003 ) 2375.100 ( 174.036 )
1447.950 ( 22.695 ) 1618.350 ( 48.357 ) 1925.258 ( 35.970 ) 2391.950 ( 177.347 )
1447.950 ( 22.695 ) 1629.600 ( 54.131 ) 1915.588 ( 37.763 ) 2348.750 ( 103.056 )
1447.950 ( 22.695 ) 1617.800 ( 54.833 ) 1935.568 ( 43.810 ) 2458.100 ( 186.833 )
1447.950 ( 22.695 ) 1637.050 ( 42.389 ) 1911.792 ( 28.181 ) 2369.450 ( 117.203 )
1447.950 ( 22.695 ) 1615.900 ( 50.570 ) 1924.998 ( 43.545 ) 2362.800 ( 140.904 )
1447.950 ( 22.695 ) 1610.400 ( 59.893 ) 1931.952 ( 42.961 ) 2391.050 ( 128.860 )
1447.950 ( 22.695 ) 1617.700 ( 51.511 ) 1913.974 ( 40.044 ) 2333.250 ( 139.989 )
1447.950 ( 22.695 ) 1621.800 ( 58.997 ) 1937.172 ( 34.624 ) 2388.950 ( 107.974 )
1447.950 ( 22.695 ) 1601.800 ( 40.789 ) 1922.792 ( 34.036 ) 2442.400 ( 173.776 )
1447.950 ( 22.695 ) 1638.300 ( 51.099 ) 1933.332 ( 41.698 ) 2425.850 ( 190.900 )
1447.950 ( 22.695 ) 1608.750 ( 38.704 ) 1918.008 ( 31.017 ) 2357.300 ( 133.246 )
1447.950 ( 22.695 ) 1632.200 ( 44.553 ) 1935.662 ( 44.472 ) 2374.650 ( 158.080 )
1447.950 ( 22.695 ) 1633.300 ( 50.931 ) 1913.140 ( 32.083 ) 2339.050 ( 107.430 )
1447.950 ( 22.695 ) 1628.400 ( 71.053 ) 1926.638 ( 40.022 ) 2344.500 ( 119.191 )
1447.950 ( 22.695 ) 1621.000 ( 52.213 ) 1919.376 ( 35.966 ) 2320.650 ( 119.166 )
1447.950 ( 22.695 ) 1616.000 ( 45.530 ) 1924.770 ( 33.408 ) 2392.000 ( 160.833 )
1447.950 ( 22.695 ) 1635.250 ( 46.462 ) 1927.000 ( 45.004 ) 2448.300 ( 186.311 )
1447.950 ( 22.695 ) 1626.050 ( 55.974 ) 1944.510 ( 32.528 ) 2463.500 ( 136.949 )
1447.950 ( 22.695 ) 1625.100 ( 53.913 ) 1919.968 ( 40.259 ) 2353.850 ( 151.896 )
1447.950 ( 22.695 ) 1623.950 ( 51.870 ) 1914.574 ( 52.405 ) 2382.200 ( 153.899 )
1447.950 ( 22.695 ) 1623.350 ( 52.945 ) 1933.498 ( 49.580 ) 2410.800 ( 187.333 )
1447.950 ( 22.695 ) 1626.000 ( 39.091 ) 1916.292 ( 39.985 ) 2343.050 ( 177.597 )
1447.950 ( 22.695 ) 1637.700 ( 55.939 ) 1915.556 ( 45.256 ) 2390.350 ( 160.260 )
1447.950 ( 22.695 ) 1629.850 ( 42.251 ) 1925.276 ( 34.883 ) 2426.100 ( 132.915 )
1447.950 ( 22.695 ) 1642.850 ( 45.832 ) 1931.636 ( 31.647 ) 2409.400 ( 131.063 )
1447.950 ( 22.695 ) 1624.100 ( 51.445 ) 1916.036 ( 56.477 ) 2382.600 ( 223.555 )
1447.950 ( 22.695 ) 1612.400 ( 53.321 ) 1927.820 ( 32.646 ) 2476.300 ( 143.616 )
1447.950 ( 22.695 ) 1633.000 ( 62.780 ) 1931.222 ( 33.388 ) 2366.900 ( 126.364 )
1447.950 ( 22.695 ) 1622.200 ( 54.733 ) 1929.424 ( 44.636 ) 2359.800 ( 196.129 )
1447.950 ( 22.695 ) 1633.200 ( 50.485 ) 1929.432 ( 39.858 ) 2397.550 ( 167.232 )
1447.950 ( 22.695 ) 1622.450 ( 57.227 ) 1925.670 ( 43.518 ) 2437.700 ( 157.422 )
1447.950 ( 22.695 ) 1616.500 ( 58.351 ) 1929.650 ( 35.499 ) 2385.250 ( 140.577 )
1447.950 ( 22.695 ) 1650.400 ( 45.907 ) 1929.038 ( 41.427 ) 2404.700 ( 183.199 )
1447.950 ( 22.695 ) 1647.250 ( 48.702 ) 1922.944 ( 35.064 ) 2322.750 ( 106.831 )
1447.950 ( 22.695 ) 1608.150 ( 46.172 ) 1926.872 ( 45.879 ) 2382.500 ( 139.056 )
1447.950 ( 22.695 ) 1625.950 ( 56.632 ) 1934.472 ( 42.347 ) 2410.750 ( 167.770 )
1447.950 ( 22.695 ) 1633.500 ( 60.584 ) 1919.612 ( 41.416 ) 2363.800 ( 117.896 )
1447.950 ( 22.695 ) 1619.650 ( 59.160 ) 1912.706 ( 41.028 ) 2380.900 ( 145.745 )
1447.950 ( 22.695 ) 1635.900 ( 39.115 ) 1938.440 ( 34.871 ) 2438.600 ( 172.603 )
1447.950 ( 22.695 ) 1627.300 ( 39.441 ) 1949.880 ( 38.163 ) 2460.400 ( 167.648 )
1447.950 ( 22.695 ) 1615.100 ( 40.840 ) 1907.442 ( 38.088 ) 2330.350 ( 127.982 )
1447.950 ( 22.695 ) 1635.900 ( 47.357 ) 1921.252 ( 41.613 ) 2337.050 ( 142.893 )
1447.950 ( 22.695 ) 1617.850 ( 36.526 ) 1910.306 ( 34.032 ) 2417.750 ( 213.970 )
1447.950 ( 22.695 ) 1600.550 ( 47.870 ) 1907.522 ( 28.699 ) 2333.000 ( 155.944 )
1447.950 ( 22.695 ) 1644.600 ( 48.045 ) 1936.950 ( 42.196 ) 2441.500 ( 125.619 )
1447.950 ( 22.695 ) 1613.600 ( 55.835 ) 1912.086 ( 43.561 ) 2352.900 ( 134.717 )
1447.950 ( 22.695 ) 1631.250 ( 49.993 ) 1925.974 ( 36.635 ) 2404.750 ( 133.455 )
1447.950 ( 22.695 ) 1626.900 ( 44.190 ) 1923.580 ( 38.702 ) 2367.700 ( 131.655 )
1447.950 ( 22.695 ) 1630.050 ( 50.986 ) 1929.302 ( 38.346 ) 2383.200 ( 129.774 )
1447.950 ( 22.695 ) 1612.850 ( 47.829 ) 1927.250 ( 34.036 ) 2371.250 ( 104.059 )
1447.950 ( 22.695 ) 1617.750 ( 38.965 ) 1918.070 ( 40.870 ) 2371.900 ( 163.325 )
1447.950 ( 22.695 ) 1627.100 ( 46.319 ) 1944.210 ( 35.112 ) 2447.050 ( 145.792 )
1447.950 ( 22.695 ) 1638.100 ( 41.055 ) 1916.314 ( 32.744 ) 2368.850 ( 202.649 )
1447.950 ( 22.695 ) 1646.100 ( 60.371 ) 1928.674 ( 25.924 ) 2393.550 ( 97.472 )
1447.350 ( 22.285 ) 1624.900 ( 58.576 ) 1915.082 ( 37.076 ) 2419.500 ( 186.373 )
1447.350 ( 22.285 ) 1634.900 ( 44.963 ) 1932.358 ( 41.218 ) 2386.750 ( 134.863 )
1447.350 ( 22.285 ) 1623.600 ( 42.842 ) 1913.746 ( 37.652 ) 2395.500 ( 163.204 )
1447.350 ( 22.285 ) 1632.050 ( 44.020 ) 1916.350 ( 46.213 ) 2398.700 ( 147.421 )
1447.350 ( 22.285 ) 1632.100 ( 47.026 ) 1919.834 ( 32.744 ) 2385.750 ( 135.132 )
1447.350 ( 22.285 ) 1615.850 ( 59.077 ) 1924.370 ( 43.335 ) 2400.900 ( 166.011 )
1447.350 ( 22.285 ) 1624.750 ( 58.622 ) 1925.728 ( 39.876 ) 2350.050 ( 124.701 )
1447.350 ( 22.285 ) 1618.900 ( 50.890 ) 1927.796 ( 25.965 ) 2393.750 ( 126.706 )
1447.350 ( 22.285 ) 1624.950 ( 46.746 ) 1928.172 ( 34.359 ) 2388.950 ( 158.502 )
1447.350 ( 22.285 ) 1635.550 ( 47.243 ) 1919.970 ( 42.050 ) 2385.650 ( 132.185 )
1447.350 ( 22.285 ) 1640.400 ( 57.004 ) 1922.730 ( 40.108 ) 2308.700 ( 132.623 )
1447.350 ( 22.285 ) 1609.800 ( 52.091 ) 1930.976 ( 32.786 ) 2436.550 ( 126.769 )
1447.350 ( 22.285 ) 1639.400 ( 38.683 ) 1928.020 ( 39.723 ) 2395.750 ( 137.490 )
1447.350 ( 22.285 ) 1623.550 ( 44.934 ) 1917.868 ( 39.212 ) 2388.500 ( 200.921 )
1447.350 ( 22.285 ) 1626.000 ( 57.753 ) 1942.242 ( 38.851 ) 2419.300 ( 189.842 )
1447.350 ( 22.285 ) 1634.300 ( 67.203 ) 1933.384 ( 42.115 ) 2425.800 ( 166.594 )
1447.350 ( 22.285 ) 1628.200 ( 63.993 ) 1947.786 ( 43.412 ) 2405.850 ( 139.086 )
1447.350 ( 22.285 ) 1616.900 ( 55.542 ) 1924.524 ( 34.128 ) 2374.350 ( 122.721 )
1447.350 ( 22.285 ) 1616.100 ( 45.461 ) 1919.474 ( 32.521 ) 2349.450 ( 133.131 )
1447.350 ( 22.285 ) 1620.600 ( 54.471 ) 1935.332 ( 34.868 ) 2367.750 ( 130.325 )
1447.350 ( 22.285 ) 1623.450 ( 44.090 ) 1927.802 ( 38.589 ) 2378.450 ( 143.684 )
1447.350 ( 22.285 ) 1605.050 ( 63.051 ) 1921.110 ( 45.437 ) 2367.600 ( 194.470 )
1447.350 ( 22.285 ) 1623.650 ( 47.928 ) 1928.930 ( 40.805 ) 2369.800 ( 143.323 )
1447.350 ( 22.285 ) 1621.700 ( 49.323 ) 1915.016 ( 45.872 ) 2313.150 ( 141.077 )
1447.350 ( 22.285 ) 1639.750 ( 32.305 ) 1946.480 ( 39.087 ) 2411.250 ( 195.484 )
1445.700 ( 22.287 ) 1618.400 ( 63.583 ) 1926.030 ( 38.399 ) 2380.950 ( 156.216 )
1445.700 ( 22.287 ) 1607.800 ( 49.359 ) 1929.014 ( 40.703 ) 2366.700 ( 130.894 )
1445.700 ( 22.287 ) 1629.500 ( 50.130 ) 1899.782 ( 41.158 ) 2302.900 ( 115.732 )
1445.700 ( 22.287 ) 1623.100 ( 57.299 ) 1931.746 ( 26.150 ) 2440.550 ( 168.917 )
1445.700 ( 22.287 ) 1624.550 ( 52.393 ) 1925.884 ( 36.610 ) 2343.200 ( 122.205 )
1445.700 ( 22.287 ) 1629.550 ( 51.988 ) 1938.352 ( 34.355 ) 2391.800 ( 116.648 )
1445.700 ( 22.287 ) 1618.400 ( 43.243 ) 1915.332 ( 44.850 ) 2359.500 ( 169.152 )
1445.700 ( 22.287 ) 1618.050 ( 57.530 ) 1919.354 ( 38.501 ) 2404.750 ( 138.987 )
1445.700 ( 22.287 ) 1624.950 ( 52.766 ) 1912.040 ( 38.442 ) 2304.500 ( 113.173 )
1445.700 ( 22.287 ) 1637.050 ( 53.309 ) 1939.284 ( 34.496 ) 2410.600 ( 157.994 )
1445.700 ( 22.287 ) 1647.150 ( 42.116 ) 1935.388 ( 34.047 ) 2433.600 ( 216.758 )
1443.750 ( 20.861 ) 1627.750 ( 74.061 ) 1931.392 ( 37.997 ) 2389.250 ( 168.102 )
1443.750 ( 20.861 ) 1635.450 ( 53.294 ) 1932.428 ( 34.702 ) 2413.750 ( 152.514 )
1443.750 ( 20.861 ) 1623.450 ( 45.719 ) 1928.562 ( 47.280 ) 2411.400 ( 161.110 )
1443.750 ( 20.861 ) 1610.050 ( 49.661 ) 1926.780 ( 35.570 ) 2380.300 ( 114.242 )
1443.750 ( 20.861 ) 1634.750 ( 51.667 ) 1934.658 ( 41.923 ) 2418.800 ( 169.533 )
1443.750 ( 20.861 ) 1620.400 ( 52.908 ) 1944.304 ( 46.325 ) 2482.800 ( 196.558 )
1443.750 ( 20.861 ) 1620.400 ( 43.133 ) 1921.570 ( 32.217 ) 2435.700 ( 145.313 )
1443.750 ( 20.861 ) 1636.950 ( 61.089 ) 1923.226 ( 38.524 ) 2381.200 ( 126.332 )
1443.750 ( 20.861 ) 1622.300 ( 50.433 ) 1922.306 ( 37.372 ) 2424.400 ( 218.424 )
1443.750 ( 20.861 ) 1627.500 ( 43.229 ) 1906.484 ( 43.044 ) 2318.650 ( 146.452 )
1443.750 ( 20.861 ) 1618.700 ( 48.913 ) 1912.898 ( 49.239 ) 2370.800 ( 124.341 )
1443.750 ( 20.861 ) 1627.700 ( 38.616 ) 1934.198 ( 36.148 ) 2446.750 ( 108.704 )
1443.750 ( 20.861 ) 1613.400 ( 34.352 ) 1932.282 ( 43.519 ) 2446.800 ( 219.790 )
1443.750 ( 20.861 ) 1598.000 ( 56.349 ) 1930.226 ( 30.876 ) 2383.250 ( 137.735 )
1443.750 ( 20.861 ) 1614.200 ( 47.771 ) 1911.538 ( 34.898 ) 2357.250 ( 143.437 )
1443.750 ( 20.861 ) 1621.000 ( 37.842 ) 1914.192 ( 41.003 ) 2377.000 ( 127.175 )
1443.750 ( 20.861 ) 1632.900 ( 53.326 ) 1930.962 ( 40.133 ) 2328.700 ( 122.554 )
1443.750 ( 20.861 ) 1620.200 ( 47.532 ) 1917.022 ( 49.872 ) 2351.000 ( 146.988 )
1443.750 ( 20.861 ) 1635.150 ( 48.763 ) 1926.516 ( 34.715 ) 2384.800 ( 164.364 )
1443.750 ( 20.861 ) 1617.850 ( 47.697 ) 1925.560 ( 42.819 ) 2360.950 ( 194.409 )
1443.750 ( 20.861 ) 1630.850 ( 60.063 ) 1933.962 ( 42.481 ) 2398.550 ( 142.906 )
1440.450 ( 22.105 ) 1610.500 ( 57.616 ) 1933.886 ( 31.433 ) 2375.350 ( 118.896 )
1440.450 ( 22.105 ) 1619.650 ( 46.969 ) 1948.590 ( 38.305 ) 2464.250 ( 169.861 )
1440.450 ( 22.105 ) 1622.100 ( 52.935 ) 1938.280 ( 34.464 ) 2363.550 ( 94.041 )
1440.450 ( 22.105 ) 1623.150 ( 46.494 ) 1921.820 ( 32.013 ) 2391.500 ( 112.804 )
1440.450 ( 22.105 ) 1594.600 ( 53.360 ) 1913.532 ( 44.687 ) 2402.550 ( 141.076 )
1440.450 ( 22.105 ) 1625.100 ( 58.193 ) 1926.652 ( 36.292 ) 2404.100 ( 201.167 )
1440.450 ( 22.105 ) 1628.650 ( 29.515 ) 1914.270 ( 25.454 ) 2365.500 ( 128.434 )
1440.450 ( 22.105 ) 1622.200 ( 30.528 ) 1923.772 ( 34.008 ) 2339.400 ( 137.405 )
1440.450 ( 22.105 ) 1614.500 ( 42.479 ) 1916.624 ( 44.757 ) 2406.750 ( 173.482 )
1440.450 ( 22.105 ) 1633.050 ( 45.555 ) 1921.918 ( 31.694 ) 2345.100 ( 143.778 )
1440.450 ( 22.105 ) 1625.150 ( 53.397 ) 1914.712 ( 47.606 ) 2398.800 ( 147.802 )
1440.450 ( 22.105 ) 1622.950 ( 54.834 ) 1927.482 ( 40.402 ) 2443.750 ( 156.742 )
1440.450 ( 22.105 ) 1646.050 ( 35.560 ) 1925.904 ( 22.259 ) 2366.350 ( 101.353 )
1440.450 ( 22.105 ) 1601.000 ( 52.961 ) 1928.108 ( 45.186 ) 2360.700 ( 138.921 )
1440.450 ( 22.105 ) 1627.500 ( 40.833 ) 1917.164 ( 35.591 ) 2327.050 ( 117.622 )
1440.450 ( 22.105 ) 1616.400 ( 51.339 ) 1933.048 ( 47.790 ) 2465.450 ( 230.064 )
1440.450 ( 22.105 ) 1620.050 ( 52.308 ) 1921.394 ( 32.462 ) 2334.200 ( 123.220 )
1440.450 ( 22.105 ) 1612.950 ( 48.593 ) 1915.552 ( 43.936 ) 2371.350 ( 190.993 )
1440.450 ( 22.105 ) 1603.850 ( 54.580 ) 1916.282 ( 37.496 ) 2355.500 ( 126.549 )
1440.450 ( 22.105 ) 1612.600 ( 62.255 ) 1935.078 ( 38.775 ) 2442.350 ( 148.071 )
1440.450 ( 22.105 ) 1620.150 ( 55.593 ) 1934.638 ( 35.860 ) 2371.750 ( 156.364 )
1440.450 ( 22.105 ) 1631.200 ( 45.867 ) 1928.492 ( 34.296 ) 2424.150 ( 156.457 )
1440.450 ( 22.105 ) 1624.500 ( 43.482 ) 1938.334 ( 46.761 ) 2449.100 ( 238.400 )
1440.450 ( 22.105 ) 1627.700 ( 43.424 ) 1935.720 ( 38.763 ) 2416.650 ( 120.764 )
1440.450 ( 22.105 ) 1605.150 ( 47.712 ) 1927.660 ( 50.967 ) 2386.350 ( 184.856 )
1440.450 ( 22.105 ) 1625.900 ( 49.075 ) 1930.614 ( 32.111 ) 2371.050 ( 167.294 )
1440.450 ( 22.105 ) 1611.000 ( 58.948 ) 1914.584 ( 42.266 ) 2388.550 ( 192.822 )
1440.450 ( 22.105 ) 1625.950 ( 52.406 ) 1908.944 ( 41.584 ) 2325.450 ( 97.529 )
1440.450 ( 22.105 ) 1624.350 ( 45.650 ) 1934.504 ( 40.928 ) 2468.150 ( 160.823 )
1440.450 ( 22.105 ) 1612.450 ( 55.588 ) 1907.682 ( 33.822 ) 2349.050 ( 148.470 )
1440.450 ( 22.105 ) 1630.400 ( 43.687 ) 1955.298 ( 41.341 ) 2513.000 ( 208.337 )
1440.450 ( 22.105 ) 1633.200 ( 35.785 ) 1921.968 ( 30.433 ) 2353.650 ( 158.667 )
1440.450 ( 22.105 ) 1623.400 ( 58.200 ) 1914.356 ( 35.839 ) 2358.000 ( 143.227 )
1440.450 ( 22.105 ) 1630.200 ( 50.272 ) 1933.398 ( 41.705 ) 2367.650 ( 157.452 )
1440.450 ( 22.105 ) 1611.950 ( 49.133 ) 1927.238 ( 38.200 ) 2455.550 ( 173.202 )
1440.450 ( 22.105 ) 1621.150 ( 66.822 ) 1920.772 ( 48.140 ) 2344.400 ( 128.451 )
1440.450 ( 22.105 ) 1628.900 ( 49.713 ) 1918.408 ( 33.567 ) 2334.450 ( 132.375 )
1440.450 ( 22.105 ) 1630.500 ( 39.235 ) 1917.888 ( 36.077 ) 2369.250 ( 148.476 )
1440.450 ( 22.105 ) 1636.600 ( 47.377 ) 1919.400 ( 31.966 ) 2364.450 ( 136.105 )
1440.450 ( 22.105 ) 1623.500 ( 42.136 ) 1924.014 ( 54.642 ) 2386.300 ( 161.055 )
1440.450 ( 22.105 ) 1626.900 ( 57.978 ) 1935.510 ( 43.288 ) 2440.050 ( 149.491 )
1440.450 ( 22.105 ) 1615.950 ( 40.434 ) 1914.792 ( 28.847 ) 2326.900 ( 146.176 )
1440.450 ( 22.105 ) 1607.900 ( 54.582 ) 1928.314 ( 35.942 ) 2396.750 ( 146.733 )
1440.450 ( 22.105 ) 1622.000 ( 30.653 ) 1923.548 ( 42.431 ) 2434.250 ( 189.346 )
1440.450 ( 22.105 ) 1614.150 ( 45.243 ) 1929.336 ( 42.918 ) 2415.450 ( 152.338 )
1440.450 ( 22.105 ) 1621.400 ( 46.337 ) 1928.752 ( 38.670 ) 2370.100 ( 122.257 )
1440.450 ( 22.105 ) 1612.100 ( 48.486 ) 1906.514 ( 44.304 ) 2336.700 ( 171.149 )
1440.450 ( 22.105 ) 1628.150 ( 42.716 ) 1928.158 ( 36.711 ) 2385.850 ( 162.115 )
1440.450 ( 22.105 ) 1633.950 ( 48.403 ) 1924.774 ( 41.258 ) 2400.050 ( 139.259 )
1440.450 ( 22.105 ) 1623.400 ( 51.300 ) 1908.534 ( 39.327 ) 2360.700 ( 167.533 )
1440.450 ( 22.105 ) 1625.250 ( 58.422 ) 1932.406 ( 41.410 ) 2387.350 ( 164.948 )
1440.450 ( 22.105 ) 1627.950 ( 58.757 ) 1920.234 ( 44.766 ) 2370.200 ( 145.631 )
1440.450 ( 22.105 ) 1628.000 ( 40.069 ) 1936.706 ( 42.272 ) 2405.550 ( 149.933 )
1440.450 ( 22.105 ) 1623.750 ( 57.290 ) 1929.030 ( 28.761 ) 2353.350 ( 103.134 )
1440.450 ( 22.105 ) 1623.800 ( 41.566 ) 1929.586 ( 29.316 ) 2427.900 ( 156.512 )
1440.450 ( 22.105 ) 1628.450 ( 55.964 ) 1918.918 ( 41.916 ) 2339.800 ( 157.243 )
1440.450 ( 22.105 ) 1626.950 ( 46.818 ) 1931.252 ( 35.782 ) 2437.450 ( 149.008 )
1440.450 ( 22.105 ) 1629.750 ( 40.084 ) 1941.234 ( 38.649 ) 2434.150 ( 135.499 )
1440.450 ( 22.105 ) 1617.050 ( 48.082 ) 1926.536 ( 32.675 ) 2407.750 ( 134.424 )
1440.450 ( 22.105 ) 1614.100 ( 54.202 ) 1925.474 ( 26.920 ) 2321.900 ( 107.200 )
1440.450 ( 22.105 ) 1651.850 ( 45.088 ) 1932.880 ( 27.134 ) 2401.200 ( 138.854 )
1440.450 ( 22.105 ) 1627.300 ( 57.618 ) 1921.932 ( 39.318 ) 2392.500 ( 190.354 )
1440.450 ( 22.105 ) 1623.400 ( 57.317 ) 1914.550 ( 34.977 ) 2375.800 ( 162.948 )
1440.450 ( 22.105 ) 1616.150 ( 44.817 ) 1917.086 ( 32.781 ) 2367.000 ( 167.163 )
1440.450 ( 22.105 ) 1612.700 ( 43.040 ) 1909.038 ( 40.140 ) 2350.650 ( 141.792 )
1440.450 ( 22.105 ) 1626.150 ( 49.472 ) 1921.784 ( 43.351 ) 2460.300 ( 233.880 )
1440.450 ( 22.105 ) 1632.550 ( 46.986 ) 1931.824 ( 24.814 ) 2370.450 ( 127.187 )
1440.450 ( 22.105 ) 1633.600 ( 38.297 ) 1921.222 ( 27.494 ) 2357.500 ( 128.233 )
1440.450 ( 22.105 ) 1620.500 ( 57.587 ) 1916.006 ( 37.595 ) 2402.500 ( 197.201 )
1440.450 ( 22.105 ) 1632.100 ( 51.562 ) 1926.470 ( 32.807 ) 2368.050 ( 132.798 )
1440.450 ( 22.105 ) 1621.850 ( 63.708 ) 1927.702 ( 41.869 ) 2390.950 ( 144.014 )
1440.450 ( 22.105 ) 1639.650 ( 33.507 ) 1924.460 ( 25.304 ) 2344.400 ( 120.142 )
1440.450 ( 22.105 ) 1643.350 ( 45.623 ) 1927.382 ( 37.231 ) 2430.000 ( 140.195 )
1440.450 ( 22.105 ) 1634.950 ( 44.734 ) 1931.980 ( 38.228 ) 2425.550 ( 203.560 )
1440.450 ( 22.105 ) 1611.850 ( 64.423 ) 1934.614 ( 42.934 ) 2422.400 ( 147.296 )
1440.450 ( 22.105 ) 1616.050 ( 58.253 ) 1944.834 ( 40.944 ) 2465.600 ( 180.965 )
1440.450 ( 22.105 ) 1661.050 ( 48.897 ) 1944.418 ( 35.367 ) 2399.850 ( 161.050 )
1440.450 ( 22.105 ) 1623.750 ( 47.205 ) 1921.750 ( 36.730 ) 2415.550 ( 156.037 )
1440.450 ( 22.105 ) 1636.200 ( 51.493 ) 1924.930 ( 29.485 ) 2401.300 ( 133.161 )
1440.450 ( 22.105 ) 1606.300 ( 47.625 ) 1924.828 ( 46.188 ) 2367.750 ( 168.520 )
1440.450 ( 22.105 ) 1623.350 ( 35.042 ) 1907.490 ( 38.043 ) 2346.050 ( 151.552 )
1440.200 ( 21.635 ) 1624.350 ( 54.907 ) 1934.900 ( 29.221 ) 2398.600 ( 143.779 )
1440.200 ( 21.635 ) 1626.650 ( 60.232 ) 1931.220 ( 40.467 ) 2473.750 ( 213.906 )
1440.200 ( 21.635 ) 1639.300 ( 40.728 ) 1925.702 ( 35.023 ) 2359.350 ( 153.567 )
1440.200 ( 21.635 ) 1594.300 ( 35.208 ) 1927.718 ( 24.529 ) 2491.550 ( 202.551 )
1440.200 ( 21.635 ) 1629.350 ( 51.078 ) 1946.410 ( 39.807 ) 2384.100 ( 193.033 )
1440.200 ( 21.635 ) 1636.600 ( 38.752 ) 1924.700 ( 40.515 ) 2430.600 ( 148.538 )
1440.200 ( 21.635 ) 1630.650 ( 53.454 ) 1938.928 ( 45.912 ) 2416.650 ( 177.589 )
1440.200 ( 21.635 ) 1620.350 ( 67.778 ) 1935.978 ( 38.629 ) 2397.500 ( 151.705 )
1440.200 ( 21.635 ) 1616.400 ( 50.311 ) 1930.078 ( 33.364 ) 2390.850 ( 126.574 )
1440.200 ( 21.635 ) 1633.950 ( 49.919 ) 1917.266 ( 38.721 ) 2349.300 ( 135.365 )
1440.200 ( 21.635 ) 1634.500 ( 61.480 ) 1943.970 ( 44.974 ) 2379.350 ( 167.932 )
1440.200 ( 21.635 ) 1626.300 ( 51.166 ) 1928.870 ( 30.231 ) 2357.200 ( 131.341 )
1440.200 ( 21.635 ) 1638.150 ( 52.154 ) 1929.666 ( 39.584 ) 2418.350 ( 203.962 )
1440.200 ( 21.635 ) 1633.200 ( 49.485 ) 1924.188 ( 43.275 ) 2406.900 ( 193.129 )
1440.200 ( 21.635 ) 1627.550 ( 53.026 ) 1924.592 ( 41.250 ) 2431.550 ( 135.810 )
1440.200 ( 21.635 ) 1634.350 ( 55.739 ) 1915.058 ( 34.881 ) 2366.500 ( 134.770 )
1440.200 ( 21.635 ) 1611.900 ( 41.469 ) 1926.908 ( 44.450 ) 2434.750 ( 168.451 )
1440.200 ( 21.635 ) 1623.500 ( 56.095 ) 1928.306 ( 45.422 ) 2378.650 ( 148.499 )
1440.200 ( 21.635 ) 1614.500 ( 47.652 ) 1922.332 ( 34.651 ) 2417.000 ( 110.565 )
1440.200 ( 21.635 ) 1641.000 ( 42.471 ) 1937.538 ( 42.184 ) 2380.750 ( 160.589 )
1440.200 ( 21.635 ) 1628.050 ( 48.712 ) 1918.744 ( 34.686 ) 2353.900 ( 124.369 )
1440.200 ( 21.635 ) 1648.250 ( 41.747 ) 1924.182 ( 43.410 ) 2424.650 ( 201.802 )
1440.200 ( 21.635 ) 1616.700 ( 66.732 ) 1927.176 ( 37.001 ) 2381.700 ( 162.747 )
1440.200 ( 21.635 ) 1614.150 ( 51.343 ) 1920.432 ( 32.024 ) 2389.300 ( 120.198 )
1440.200 ( 21.635 ) 1616.250 ( 46.825 ) 1911.532 ( 36.653 ) 2333.850 ( 142.673 )
1440.200 ( 21.635 ) 1621.150 ( 40.778 ) 1928.360 ( 38.345 ) 2369.400 ( 116.208 )
1440.200 ( 21.635 ) 1615.450 ( 52.201 ) 1928.896 ( 36.075 ) 2355.850 ( 136.927 )
1440.200 ( 21.635 ) 1619.700 ( 65.458 ) 1924.396 ( 39.037 ) 2394.100 ( 184.067 )
1440.150 ( 21.643 ) 1614.350 ( 58.525 ) 1903.066 ( 29.030 ) 2404.400 ( 155.746 )
1440.150 ( 21.643 ) 1616.150 ( 46.227 ) 1927.342 ( 43.234 ) 2406.950 ( 179.895 )
1440.150 ( 21.643 ) 1636.250 ( 48.149 ) 1937.568 ( 36.628 ) 2434.200 ( 165.761 )
1440.150 ( 21.643 ) 1633.500 ( 55.933 ) 1944.682 ( 32.375 ) 2389.650 ( 111.603 )
1440.150 ( 21.643 ) 1621.650 ( 60.423 ) 1908.892 ( 27.756 ) 2329.750 ( 186.389 )
1440.150 ( 21.643 ) 1623.200 ( 50.360 ) 1923.568 ( 27.109 ) 2394.400 ( 123.937 )
1440.150 ( 21.643 ) 1619.800 ( 52.137 ) 1928.234 ( 32.321 ) 2380.100 ( 134.631 )
1440.150 ( 21.643 ) 1616.800 ( 47.500 ) 1919.294 ( 27.754 ) 2386.650 ( 144.069 )
1440.150 ( 21.643 ) 1633.250 ( 46.260 ) 1924.690 ( 48.505 ) 2364.000 ( 124.914 )
1440.150 ( 21.643 ) 1611.300 ( 50.885 ) 1903.982 ( 39.114 ) 2381.650 ( 152.260 )
1440.150 ( 21.643 ) 1598.750 ( 64.300 ) 1929.772 ( 36.715 ) 2421.650 ( 149.556 )
1440.150 ( 21.643 ) 1604.850 ( 43.260 ) 1917.028 ( 49.117 ) 2396.750 ( 171.339 )
1440.150 ( 21.643 ) 1627.100 ( 59.190 ) 1920.918 ( 48.984 ) 2311.150 ( 159.632 )
1440.150 ( 21.643 ) 1614.350 ( 61.535 ) 1899.124 ( 40.194 ) 2364.950 ( 165.522 )
1440.150 ( 21.643 ) 1632.100 ( 43.861 ) 1925.430 ( 40.037 ) 2350.250 ( 159.705 )
1440.150 ( 21.643 ) 1625.400 ( 45.636 ) 1919.548 ( 35.031 ) 2387.300 ( 142.299 )
1440.150 ( 21.643 ) 1628.800 ( 61.280 ) 1930.646 ( 32.741 ) 2412.250 ( 188.203 )
1440.150 ( 21.643 ) 1612.950 ( 66.016 ) 1927.074 ( 44.347 ) 2400.700 ( 186.869 )
1440.150 ( 21.643 ) 1629.400 ( 53.412 ) 1911.762 ( 30.248 ) 2350.500 ( 130.015 )
1440.150 ( 21.643 ) 1646.100 ( 42.468 ) 1923.160 ( 37.483 ) 2382.800 ( 139.212 )
1440.150 ( 21.643 ) 1624.600 ( 55.205 ) 1916.826 ( 45.364 ) 2381.250 ( 152.281 )
1440.150 ( 21.643 ) 1628.400 ( 32.572 ) 1934.740 ( 42.968 ) 2386.200 ( 176.599 )
1440.150 ( 21.643 ) 1617.650 ( 47.503 ) 1921.936 ( 39.560 ) 2423.050 ( 113.275 )
1440.150 ( 21.643 ) 1632.500 ( 64.893 ) 1930.338 ( 42.245 ) 2441.600 ( 216.941 )
1440.150 ( 21.643 ) 1607.800 ( 47.262 ) 1922.940 ( 30.671 ) 2408.400 ( 143.709 )
1440.150 ( 21.643 ) 1625.800 ( 41.783 ) 1918.262 ( 28.020 ) 2396.750 ( 94.543 )
1440.150 ( 21.643 ) 1631.450 ( 43.281 ) 1947.440 ( 44.695 ) 2412.150 ( 137.104 )
1440.150 ( 21.643 ) 1638.400 ( 52.532 ) 1928.042 ( 51.380 ) 2418.000 ( 204.219 )
1440.150 ( 21.643 ) 1616.650 ( 48.855 ) 1918.634 ( 38.089 ) 2419.000 ( 213.217 )
1440.150 ( 21.643 ) 1630.000 ( 53.894 ) 1918.710 ( 26.056 ) 2348.800 ( 163.764 )
1440.150 ( 21.643 ) 1613.750 ( 57.563 ) 1928.672 ( 36.882 ) 2372.250 ( 131.848 )
1440.150 ( 21.643 ) 1628.750 ( 44.893 ) 1925.878 ( 45.506 ) 2335.800 ( 163.058 )
1440.150 ( 21.643 ) 1617.950 ( 42.882 ) 1933.406 ( 47.924 ) 2407.550 ( 197.713 )
1440.150 ( 21.643 ) 1623.850 ( 46.174 ) 1924.722 ( 44.311 ) 2392.600 ( 193.561 )
1440.150 ( 21.643 ) 1609.200 ( 46.468 ) 1924.596 ( 36.776 ) 2409.650 ( 200.445 )
1440.150 ( 21.643 ) 1616.950 ( 47.938 ) 1924.964 ( 31.430 ) 2347.150 ( 140.928 )
1440.150 ( 21.643 ) 1629.800 ( 40.626 ) 1936.748 ( 41.538 ) 2345.950 ( 125.996 )
1440.150 ( 21.643 ) 1632.900 ( 48.565 ) 1918.846 ( 35.467 ) 2347.750 ( 127.135 )
1440.150 ( 21.643 ) 1632.350 ( 44.013 ) 1928.746 ( 28.694 ) 2372.800 ( 110.381 )
1440.150 ( 21.643 ) 1622.400 ( 44.594 ) 1911.560 ( 38.094 ) 2422.550 ( 169.762 )
1440.150 ( 21.643 ) 1620.350 ( 56.460 ) 1920.880 ( 33.154 ) 2350.950 ( 166.069 )
1440.150 ( 21.643 ) 1640.950 ( 54.702 ) 1922.384 ( 33.445 ) 2390.750 ( 109.083 )
1440.150 ( 21.643 ) 1626.600 ( 28.168 ) 1914.588 ( 35.748 ) 2345.300 ( 151.814 )
1440.150 ( 21.643 ) 1612.450 ( 49.633 ) 1924.446 ( 40.841 ) 2379.900 ( 94.777 )
1440.150 ( 21.643 ) 1616.050 ( 58.650 ) 1933.272 ( 35.190 ) 2382.450 ( 125.490 )
1440.150 ( 21.643 ) 1637.100 ( 40.276 ) 1925.400 ( 32.020 ) 2386.350 ( 105.193 )
1439.700 ( 21.169 ) 1628.750 ( 62.192 ) 1912.120 ( 40.143 ) 2356.300 ( 174.965 )
1439.700 ( 21.169 ) 1612.150 ( 46.337 ) 1925.340 ( 46.784 ) 2414.250 ( 166.043 )
1439.700 ( 21.169 ) 1622.350 ( 43.087 ) 1923.488 ( 29.004 ) 2417.600 ( 181.329 )
1439.700 ( 21.169 ) 1625.950 ( 43.069 ) 1932.790 ( 36.305 ) 2489.300 ( 171.111 )
1439.700 ( 21.169 ) 1623.950 ( 45.075 ) 1921.916 ( 44.048 ) 2366.050 ( 142.924 )
1439.700 ( 21.169 ) 1635.700 ( 46.035 ) 1922.488 ( 35.542 ) 2364.350 ( 124.479 )
1439.700 ( 21.169 ) 1626.000 ( 46.746 ) 1928.504 ( 35.077 ) 2374.200 ( 139.603 )
1439.700 ( 21.169 ) 1634.600 ( 50.324 ) 1923.126 ( 35.565 ) 2385.000 ( 133.394 )
1439.700 ( 21.169 ) 1621.100 ( 45.707 ) 1930.766 ( 46.502 ) 2360.300 ( 164.118 )
1439.700 ( 21.169 ) 1632.400 ( 49.734 ) 1917.650 ( 34.454 ) 2391.800 ( 127.910 )
1439.700 ( 21.169 ) 1634.700 ( 48.312 ) 1932.956 ( 34.435 ) 2457.800 ( 176.998 )
1439.700 ( 21.169 ) 1625.100 ( 42.998 ) 1925.864 ( 45.731 ) 2359.950 ( 185.008 )
1439.700 ( 21.169 ) 1620.300 ( 47.870 ) 1916.990 ( 39.021 ) 2427.400 ( 188.004 )
1439.700 ( 21.169 ) 1616.100 ( 46.807 ) 1929.272 ( 32.719 ) 2431.450 ( 186.735 )
1439.700 ( 21.169 ) 1638.300 ( 42.999 ) 1916.164 ( 43.296 ) 2389.850 ( 152.004 )
1439.700 ( 21.169 ) 1603.400 ( 36.117 ) 1915.808 ( 36.116 ) 2392.250 ( 165.014 )
1439.700 ( 21.169 ) 1631.700 ( 54.893 ) 1929.912 ( 43.793 ) 2391.150 ( 174.693 )
1439.700 ( 21.169 ) 1581.800 ( 56.870 ) 1916.528 ( 26.442 ) 2396.400 ( 117.543 )
1439.700 ( 21.169 ) 1626.250 ( 50.043 ) 1934.256 ( 36.428 ) 2408.500 ( 147.520 )
1439.700 ( 21.169 ) 1641.500 ( 53.088 ) 1917.528 ( 44.184 ) 2355.200 ( 146.731 )
1439.700 ( 21.169 ) 1605.800 ( 55.673 ) 1925.116 ( 33.534 ) 2412.650 ( 216.031 )
1439.700 ( 21.169 ) 1615.850 ( 37.098 ) 1919.330 ( 34.423 ) 2390.450 ( 158.415 )
1439.700 ( 21.169 ) 1595.050 ( 50.160 ) 1926.712 ( 42.713 ) 2415.600 ( 139.250 )
1439.700 ( 21.169 ) 1625.500 ( 52.886 ) 1934.788 ( 42.371 ) 2410.700 ( 132.371 )
1439.700 ( 21.169 ) 1601.300 ( 55.810 ) 1921.966 ( 36.286 ) 2434.400 ( 226.363 )
1439.700 ( 21.169 ) 1626.850 ( 42.907 ) 1936.702 ( 33.854 ) 2392.900 ( 127.420 )
1439.700 ( 21.169 ) 1613.600 ( 40.322 ) 1919.124 ( 39.921 ) 2337.600 ( 106.279 )
1439.700 ( 21.169 ) 1603.150 ( 53.336 ) 1925.238 ( 30.910 ) 2392.650 ( 133.456 )
1439.700 ( 21.169 ) 1613.850 ( 46.947 ) 1921.234 ( 38.016 ) 2330.200 ( 140.525 )
1439.700 ( 21.169 ) 1599.450 ( 61.014 ) 1926.102 ( 39.738 ) 2365.800 ( 143.044 )
1439.700 ( 21.169 ) 1623.250 ( 39.083 ) 1927.280 ( 34.289 ) 2471.950 ( 166.571 )
1439.700 ( 21.169 ) 1640.650 ( 37.058 ) 1926.840 ( 31.284 ) 2332.850 ( 140.310 )
1439.700 ( 21.169 ) 1639.700 ( 44.909 ) 1936.210 ( 46.633 ) 2334.950 ( 129.495 )
1439.700 ( 21.169 ) 1630.650 ( 41.595 ) 1935.840 ( 39.379 ) 2388.500 ( 165.723 )
1439.700 ( 21.169 ) 1621.300 ( 59.876 ) 1916.614 ( 38.278 ) 2378.200 ( 208.320 )
1439.700 ( 21.169 ) 1622.300 ( 38.544 ) 1914.198 ( 44.016 ) 2332.500 ( 167.803 )
1439.700 ( 21.169 ) 1616.600 ( 66.035 ) 1924.204 ( 46.776 ) 2368.100 ( 142.156 )
1439.700 ( 21.169 ) 1632.100 ( 56.215 ) 1921.354 ( 37.621 ) 2345.850 ( 122.783 )
1439.700 ( 21.169 ) 1596.950 ( 47.351 ) 1921.038 ( 38.473 ) 2391.450 ( 129.334 )
1439.700 ( 21.169 ) 1638.900 ( 67.503 ) 1929.426 ( 41.720 ) 2402.350 ( 169.809 )
1439.700 ( 21.169 ) 1614.350 ( 30.878 ) 1921.974 ( 36.369 ) 2402.000 ( 158.692 )
1439.700 ( 21.169 ) 1621.550 ( 64.942 ) 1918.360 ( 37.997 ) 2407.600 ( 168.898 )
1439.700 ( 21.169 ) 1609.700 ( 50.653 ) 1933.634 ( 38.507 ) 2426.500 ( 146.443 )
1439.700 ( 21.169 ) 1628.300 ( 48.031 ) 1919.396 ( 39.830 ) 2376.100 ( 156.489 )
1439.700 ( 21.169 ) 1613.950 ( 72.131 ) 1919.038 ( 31.625 ) 2348.350 ( 155.525 )
1439.700 ( 21.169 ) 1618.050 ( 42.549 ) 1922.432 ( 31.304 ) 2443.150 ( 108.418 )
1439.700 ( 21.169 ) 1628.200 ( 54.674 ) 1929.306 ( 37.273 ) 2457.450 ( 139.309 )
1439.700 ( 21.169 ) 1636.900 ( 53.932 ) 1918.944 ( 50.532 ) 2352.850 ( 218.447 )
1439.700 ( 21.169 ) 1622.600 ( 42.343 ) 1922.680 ( 27.668 ) 2428.350 ( 160.007 )
1439.700 ( 21.169 ) 1629.900 ( 40.829 ) 1915.240 ( 34.143 ) 2375.350 ( 148.503 )
1439.700 ( 21.169 ) 1626.050 ( 41.287 ) 1921.372 ( 30.335 ) 2408.550 ( 171.088 )
1439.700 ( 21.169 ) 1601.450 ( 58.483 ) 1923.614 ( 32.334 ) 2412.350 ( 121.808 )
1439.700 ( 21.169 ) 1613.300 ( 44.395 ) 1922.254 ( 36.266 ) 2372.950 ( 130.800 )
1439.700 ( 21.169 ) 1622.900 ( 42.449 ) 1934.314 ( 34.591 ) 2416.400 ( 129.097 )
1439.700 ( 21.169 ) 1640.500 ( 37.941 ) 1939.690 ( 33.032 ) 2401.500 ( 184.389 )
1439.700 ( 21.169 ) 1640.200 ( 50.713 ) 1920.984 ( 25.501 ) 2387.750 ( 109.432 )
1439.700 ( 21.169 ) 1626.900 ( 45.495 ) 1918.152 ( 48.219 ) 2374.500 ( 190.832 )
1439.700 ( 21.169 ) 1638.150 ( 55.537 ) 1935.096 ( 35.554 ) 2361.950 ( 150.072 )
1439.700 ( 21.169 ) 1607.000 ( 44.909 ) 1911.958 ( 36.085 ) 2372.800 ( 119.077 )
1439.700 ( 21.169 ) 1620.600 ( 61.783 ) 1904.578 ( 30.018 ) 2327.900 ( 120.661 )
1439.700 ( 21.169 ) 1615.050 ( 47.988 ) 1924.328 ( 38.048 ) 2345.750 ( 121.132 )
1439.700 ( 21.169 ) 1616.000 ( 51.495 ) 1925.246 ( 47.175 ) 2393.950 ( 163.158 )
1439.700 ( 21.169 ) 1630.550 ( 28.227 ) 1927.222 ( 37.884 ) 2437.200 ( 153.042 )
1439.700 ( 21.169 ) 1634.800 ( 47.527 ) 1927.410 ( 42.950 ) 2365.350 ( 133.607 )
1439.700 ( 21.169 ) 1627.900 ( 70.577 ) 1928.348 ( 44.760 ) 2400.050 ( 156.131 )
1439.700 ( 21.169 ) 1606.650 ( 44.508 ) 1906.978 ( 52.859 ) 2290.700 ( 114.791 )
1439.700 ( 21.169 ) 1633.550 ( 46.069 ) 1926.900 ( 26.103 ) 2372.200 ( 152.051 )
1439.700 ( 21.169 ) 1638.350 ( 53.519 ) 1940.038 ( 32.447 ) 2482.400 ( 180.768 )
1439.700 ( 21.169 ) 1627.850 ( 48.841 ) 1920.810 ( 45.217 ) 2338.700 ( 123.954 )
1439.700 ( 21.169 ) 1632.750 ( 48.383 ) 1919.536 ( 36.031 ) 2397.100 ( 127.258 )
1439.700 ( 21.169 ) 1610.850 ( 44.385 ) 1921.342 ( 35.273 ) 2347.600 ( 106.171 )
1439.700 ( 21.169 ) 1611.650 ( 62.962 ) 1910.792 ( 31.470 ) 2378.500 ( 132.745 )
1439.700 ( 21.169 ) 1613.650 ( 28.421 ) 1920.634 ( 36.944 ) 2495.050 ( 164.543 )
1439.700 ( 21.169 ) 1608.600 ( 56.258 ) 1920.606 ( 42.203 ) 2370.950 ( 130.778 )
1437.550 ( 19.156 ) 1610.950 ( 61.582 ) 1922.598 ( 39.911 ) 2390.000 ( 115.798 )
1437.550 ( 19.156 ) 1637.100 ( 59.700 ) 1929.436 ( 33.691 ) 2389.550 ( 124.651 )
1437.550 ( 19.156 ) 1627.600 ( 48.230 ) 1923.414 ( 43.498 ) 2388.900 ( 171.480 )
1437.550 ( 19.156 ) 1619.200 ( 39.791 ) 1929.154 ( 37.992 ) 2395.500 ( 142.320 )
1437.550 ( 19.156 ) 1623.600 ( 57.382 ) 1932.284 ( 42.598 ) 2487.800 ( 154.769 )
1437.550 ( 19.156 ) 1633.400 ( 44.613 ) 1920.378 ( 42.202 ) 2386.900 ( 156.432 )
1437.550 ( 19.156 ) 1634.700 ( 49.441 ) 1918.160 ( 38.896 ) 2365.450 ( 173.878 )
1437.550 ( 19.156 ) 1615.050 ( 40.237 ) 1928.544 ( 42.396 ) 2466.250 ( 190.217 )
1437.550 ( 19.156 ) 1617.300 ( 43.189 ) 1920.582 ( 36.471 ) 2359.150 ( 154.910 )
1437.550 ( 19.156 ) 1634.300 ( 40.996 ) 1923.572 ( 43.205 ) 2383.800 ( 164.566 )
1437.550 ( 19.156 ) 1643.750 ( 50.496 ) 1934.352 ( 48.716 ) 2361.850 ( 141.939 )
1437.550 ( 19.156 ) 1631.900 ( 43.474 ) 1926.482 ( 43.443 ) 2351.700 ( 160.654 )
1437.550 ( 19.156 ) 1632.750 ( 46.692 ) 1929.118 ( 48.181 ) 2363.300 ( 181.877 )
1437.550 ( 19.156 ) 1640.850 ( 49.924 ) 1935.288 ( 35.779 ) 2403.850 ( 175.700 )
1437.550 ( 19.156 ) 1622.550 ( 41.918 ) 1927.672 ( 38.436 ) 2380.950 ( 157.338 )
1437.550 ( 19.156 ) 1613.900 ( 45.051 ) 1924.868 ( 48.160 ) 2390.250 ( 158.016 )
1437.550 ( 19.156 ) 1621.450 ( 42.696 ) 1918.618 ( 48.050 ) 2403.400 ( 193.403 )
1437.550 ( 19.156 ) 1608.250 ( 37.693 ) 1912.334 ( 46.725 ) 2422.700 ( 137.144 )
1437.550 ( 19.156 ) 1630.050 ( 58.961 ) 1919.286 ( 37.376 ) 2384.200 ( 195.569 )
1437.550 ( 19.156 ) 1632.250 ( 47.497 ) 1913.260 ( 39.167 ) 2324.650 ( 126.825 )
1437.550 ( 19.156 ) 1632.350 ( 56.374 ) 1924.034 ( 41.983 ) 2395.100 ( 169.203 )
1437.550 ( 19.156 ) 1612.350 ( 55.176 ) 1935.720 ( 32.421 ) 2355.350 ( 92.196 )
1437.550 ( 19.156 ) 1631.850 ( 47.450 ) 1923.020 ( 40.958 ) 2437.850 ( 160.290 )
1437.550 ( 19.156 ) 1621.300 ( 51.317 ) 1918.546 ( 37.413 ) 2426.450 ( 182.895 )
1437.550 ( 19.156 ) 1613.500 ( 35.552 ) 1912.474 ( 34.231 ) 2380.800 ( 161.155 )
1437.550 ( 19.156 ) 1628.900 ( 44.327 ) 1935.152 ( 41.404 ) 2447.350 ( 175.431 )
1437.550 ( 19.156 ) 1644.800 ( 37.690 ) 1928.268 ( 42.508 ) 2398.400 ( 148.373 )
1437.550 ( 19.156 ) 1617.500 ( 61.705 ) 1941.064 ( 45.037 ) 2390.400 ( 175.310 )
1437.550 ( 19.156 ) 1608.950 ( 48.209 ) 1912.584 ( 36.646 ) 2421.600 ( 148.966 )
1437.550 ( 19.156 ) 1632.300 ( 46.588 ) 1923.794 ( 49.530 ) 2389.800 ( 181.886 )
1437.550 ( 19.156 ) 1619.000 ( 54.728 ) 1920.890 ( 34.593 ) 2354.850 ( 149.003 )
1437.550 ( 19.156 ) 1635.050 ( 45.154 ) 1926.702 ( 39.689 ) 2342.750 ( 127.384 )
1437.550 ( 19.156 ) 1630.300 ( 61.143 ) 1950.314 ( 41.457 ) 2434.050 ( 130.378 )
1436.750 ( 18.308 ) 1632.950 ( 82.106 ) 1926.902 ( 48.828 ) 2403.650 ( 151.161 )
1436.750 ( 18.308 ) 1633.400 ( 59.588 ) 1937.956 ( 45.562 ) 2390.850 ( 155.008 )
1436.750 ( 18.308 ) 1628.400 ( 43.537 ) 1931.536 ( 35.355 ) 2438.200 ( 135.418 )
1436.750 ( 18.308 ) 1630.250 ( 59.628 ) 1929.460 ( 35.213 ) 2411.750 ( 177.928 )
1436.750 ( 18.308 ) 1618.000 ( 33.148 ) 1926.070 ( 37.854 ) 2412.000 ( 174.338 )
1436.750 ( 18.308 ) 1614.750 ( 57.019 ) 1927.934 ( 30.332 ) 2449.900 ( 124.767 )
1436.750 ( 18.308 ) 1648.450 ( 62.314 ) 1923.046 ( 41.200 ) 2366.350 ( 146.787 )
1436.750 ( 18.308 ) 1620.750 ( 55.565 ) 1915.380 ( 31.842 ) 2375.150 ( 139.243 )
1436.750 ( 18.308 ) 1620.050 ( 42.707 ) 1919.288 ( 35.565 ) 2412.700 ( 132.345 )
1436.750 ( 18.308 ) 1635.500 ( 52.011 ) 1926.148 ( 42.182 ) 2422.200 ( 164.563 )
1436.750 ( 18.308 ) 1618.500 ( 61.265 ) 1921.012 ( 28.953 ) 2433.350 ( 155.327 )
1436.750 ( 18.308 ) 1622.650 ( 47.188 ) 1937.904 ( 29.103 ) 2414.800 ( 187.613 )
1436.750 ( 18.308 ) 1625.550 ( 47.582 ) 1923.236 ( 46.407 ) 2388.450 ( 147.919 )
1436.750 ( 18.308 ) 1627.200 ( 52.263 ) 1927.516 ( 38.885 ) 2438.950 ( 150.313 )
1436.750 ( 18.308 ) 1622.100 ( 57.042 ) 1937.776 ( 32.370 ) 2364.400 ( 126.153 )
1436.750 ( 18.308 ) 1626.200 ( 51.906 ) 1928.054 ( 47.396 ) 2426.050 ( 162.174 )
1436.750 ( 18.308 ) 1630.100 ( 48.484 ) 1927.444 ( 43.323 ) 2333.900 ( 103.440 )
1436.750 ( 18.308 ) 1633.950 ( 61.642 ) 1927.562 ( 37.609 ) 2469.050 ( 188.264 )
1436.750 ( 18.308 ) 1620.050 ( 49.774 ) 1930.640 ( 23.932 ) 2384.700 ( 108.057 )
1436.750 ( 18.308 ) 1614.500 ( 59.081 ) 1922.664 ( 45.109 ) 2372.400 ( 174.286 )
1436.750 ( 18.308 ) 1632.400 ( 46.388 ) 1923.026 ( 32.988 ) 2422.550 ( 207.483 )
1436.750 ( 18.308 ) 1631.200 ( 46.957 ) 1927.640 ( 36.594 ) 2382.950 ( 118.597 )
1436.750 ( 18.308 ) 1625.750 ( 55.358 ) 1924.562 ( 40.852 ) 2393.900 ( 140.298 )
1436.750 ( 18.308 ) 1639.200 ( 58.657 ) 1922.618 ( 39.675 ) 2388.400 ( 183.170 )
1436.750 ( 18.308 ) 1619.000 ( 66.395 ) 1925.206 ( 29.039 ) 2357.450 ( 127.185 )
1436.750 ( 18.308 ) 1627.800 ( 36.926 ) 1926.810 ( 42.340 ) 2421.250 ( 166.558 )
1436.750 ( 18.308 ) 1627.000 ( 59.636 ) 1928.112 ( 36.260 ) 2407.450 ( 175.863 )
1436.750 ( 18.308 ) 1627.400 ( 35.015 ) 1926.826 ( 36.519 ) 2377.700 ( 137.678 )
1436.750 ( 18.308 ) 1592.300 ( 42.740 ) 1917.376 ( 38.052 ) 2363.900 ( 165.990 )
1436.750 ( 18.308 ) 1622.500 ( 41.160 ) 1951.364 ( 49.077 ) 2421.650 ( 123.982 )
1436.750 ( 18.308 ) 1630.350 ( 37.537 ) 1926.644 ( 40.275 ) 2382.000 ( 166.794 )
1436.750 ( 18.308 ) 1627.250 ( 56.351 ) 1943.114 ( 35.813 ) 2452.350 ( 228.185 )
1436.750 ( 18.308 ) 1626.600 ( 57.092 ) 1930.690 ( 39.006 ) 2331.150 ( 141.397 )
1436.750 ( 18.308 ) 1609.200 ( 44.881 ) 1921.972 ( 35.170 ) 2325.950 ( 153.675 )
1436.750 ( 18.308 ) 1630.650 ( 59.126 ) 1931.380 ( 30.578 ) 2366.650 ( 99.945 )
1436.750 ( 18.308 ) 1618.500 ( 60.081 ) 1938.742 ( 39.180 ) 2381.950 ( 141.795 )
1436.750 ( 18.308 ) 1650.450 ( 44.416 ) 1929.938 ( 36.276 ) 2395.850 ( 140.435 )
1436.750 ( 18.308 ) 1623.500 ( 47.218 ) 1925.640 ( 38.338 ) 2389.600 ( 131.710 )
1436.750 ( 18.308 ) 1623.400 ( 52.246 ) 1914.276 ( 27.650 ) 2342.850 ( 100.896 )
1436.750 ( 18.308 ) 1621.950 ( 43.400 ) 1925.864 ( 35.830 ) 2403.200 ( 172.072 )
1436.750 ( 18.308 ) 1617.850 ( 56.828 ) 1912.160 ( 41.847 ) 2356.150 ( 160.370 )
1436.750 ( 18.308 ) 1610.450 ( 40.087 ) 1920.686 ( 36.682 ) 2454.750 ( 194.714 )
1436.750 ( 18.308 ) 1631.650 ( 50.342 ) 1914.762 ( 42.453 ) 2338.650 ( 88.530 )
1436.750 ( 18.308 ) 1644.100 ( 55.689 ) 1935.482 ( 32.441 ) 2404.650 ( 163.956 )
1436.750 ( 18.308 ) 1619.200 ( 53.636 ) 1936.122 ( 40.323 ) 2406.000 ( 145.747 )
1436.750 ( 18.308 ) 1620.150 ( 60.206 ) 1924.996 ( 46.194 ) 2433.200 ( 155.260 )
1436.750 ( 18.308 ) 1613.300 ( 59.321 ) 1921.512 ( 37.623 ) 2405.550 ( 214.951 )
